
HM software: Encoder Version [15.0][Linux][GCC 4.8.5][64 bit] 

Input          File          : ../../HEVC_test_sequence/ClassC/BasketballDrill_832x480_50.yuv
Bitstream      File          : BasketballDrill.bin
Reconstruction File          : BasketballDrill.yuv
Real     Format              : 832x480 50Hz
Internal Format              : 832x480 50Hz
Frame/Field                  : Frame based coding
Frame index                  : 0 - 499 (500 frames)
CU size / depth              : 32 / 3
RQT trans. size (min / max)  : 4 / 32
Max RQT depth inter          : 3
Max RQT depth intra          : 1
Min PCM size                 : 8
Motion search range          : 64
Intra period                 : 1
Decoding refresh type        : 0
QP                           : 26.00
Max dQP signaling depth      : 0
Cb QP Offset                 : 0
Cr QP Offset                 : 0
QP adaptation                : 0 (range=0)
GOP size                     : 1
Internal bit depth           : (Y:8, C:8)
PCM sample bit depth         : (Y:8, C:8)
RateControl                  : 0
Max Num Merge Candidates     : 5

TOOL CFG: IBD:0 HAD:0 RDQ:0 RDQTS:0 RDpenalty:0 SQP:0 ASR:0 FEN:0 ECU:0 FDM:0 CFM:0 ESD:0 RQT:1 TransformSkip:0 TransformSkipFast:0 Slice: M=0 SliceSegment: M=0 CIP:0 SAO:0 PCM:0 TransQuantBypassEnabled: =1 WPP:0 WPB:0 PME:2  WaveFrontSynchro:0 WaveFrontSubstreams:1 ScalingList:0 TMVPMode:1  SignBitHidingFlag:1 RecalQP:0

***    VPS numBytesInNALunit: 24
***    SPS numBytesInNALunit: 30
***    PPS numBytesInNALunit: 7
*** IDR_W_RADL numBytesInNALunit: 269426
POC    0 TId: 0 ( I-SLICE, QP 26 )    2155896 bits [Y 99.9900 dB    U 99.9900 dB    V 99.9900 dB] [ET  5.44 ] [L0 ] [L1 ]
*** TRAIL_R numBytesInNALunit: 269427
POC    1 TId: 0 ( I-SLICE, QP 26 )    2155416 bits [Y 99.9900 dB    U 99.9900 dB    V 99.9900 dB] [ET  5.33 ] [L0 ] [L1 ]
*** TRAIL_R numBytesInNALunit: 269823
POC    2 TId: 0 ( I-SLICE, QP 26 )    2158584 bits [Y 99.9900 dB    U 99.9900 dB    V 99.9900 dB] [ET  5.42 ] [L0 ] [L1 ]
*** TRAIL_R numBytesInNALunit: 269292
POC    3 TId: 0 ( I-SLICE, QP 26 )    2154336 bits [Y 99.9900 dB    U 99.9900 dB    V 99.9900 dB] [ET  5.45 ] [L0 ] [L1 ]
*** TRAIL_R numBytesInNALunit: 269053
POC    4 TId: 0 ( I-SLICE, QP 26 )    2152424 bits [Y 99.9900 dB    U 99.9900 dB    V 99.9900 dB] [ET  5.58 ] [L0 ] [L1 ]
*** TRAIL_R numBytesInNALunit: 268985
POC    5 TId: 0 ( I-SLICE, QP 26 )    2151880 bits [Y 99.9900 dB    U 99.9900 dB    V 99.9900 dB] [ET  5.55 ] [L0 ] [L1 ]
*** TRAIL_R numBytesInNALunit: 268626
POC    6 TId: 0 ( I-SLICE, QP 26 )    2149008 bits [Y 99.9900 dB    U 99.9900 dB    V 99.9900 dB] [ET  5.47 ] [L0 ] [L1 ]
*** TRAIL_R numBytesInNALunit: 268775
POC    7 TId: 0 ( I-SLICE, QP 26 )    2150200 bits [Y 99.9900 dB    U 99.9900 dB    V 99.9900 dB] [ET  5.52 ] [L0 ] [L1 ]
*** TRAIL_R numBytesInNALunit: 268694
POC    8 TId: 0 ( I-SLICE, QP 26 )    2149552 bits [Y 99.9900 dB    U 99.9900 dB    V 99.9900 dB] [ET  5.36 ] [L0 ] [L1 ]
*** TRAIL_R numBytesInNALunit: 267571
POC    9 TId: 0 ( I-SLICE, QP 26 )    2140568 bits [Y 99.9900 dB    U 99.9900 dB    V 99.9900 dB] [ET  5.33 ] [L0 ] [L1 ]
*** TRAIL_R numBytesInNALunit: 269752
POC   10 TId: 0 ( I-SLICE, QP 26 )    2158016 bits [Y 99.9900 dB    U 99.9900 dB    V 99.9900 dB] [ET  5.38 ] [L0 ] [L1 ]
*** TRAIL_R numBytesInNALunit: 269505
POC   11 TId: 0 ( I-SLICE, QP 26 )    2156040 bits [Y 99.9900 dB    U 99.9900 dB    V 99.9900 dB] [ET  5.38 ] [L0 ] [L1 ]
*** TRAIL_R numBytesInNALunit: 271094
POC   12 TId: 0 ( I-SLICE, QP 26 )    2168752 bits [Y 99.9900 dB    U 99.9900 dB    V 99.9900 dB] [ET  5.55 ] [L0 ] [L1 ]
*** TRAIL_R numBytesInNALunit: 271059
POC   13 TId: 0 ( I-SLICE, QP 26 )    2168472 bits [Y 99.9900 dB    U 99.9900 dB    V 99.9900 dB] [ET  5.36 ] [L0 ] [L1 ]
*** TRAIL_R numBytesInNALunit: 272108
POC   14 TId: 0 ( I-SLICE, QP 26 )    2176864 bits [Y 99.9900 dB    U 99.9900 dB    V 99.9900 dB] [ET  5.23 ] [L0 ] [L1 ]
*** TRAIL_R numBytesInNALunit: 272595
POC   15 TId: 0 ( I-SLICE, QP 26 )    2180760 bits [Y 99.9900 dB    U 99.9900 dB    V 99.9900 dB] [ET  5.58 ] [L0 ] [L1 ]
*** TRAIL_R numBytesInNALunit: 272585
POC   16 TId: 0 ( I-SLICE, QP 26 )    2180680 bits [Y 99.9900 dB    U 99.9900 dB    V 99.9900 dB] [ET  5.58 ] [L0 ] [L1 ]
*** TRAIL_R numBytesInNALunit: 273538
POC   17 TId: 0 ( I-SLICE, QP 26 )    2188304 bits [Y 99.9900 dB    U 99.9900 dB    V 99.9900 dB] [ET  5.52 ] [L0 ] [L1 ]
*** TRAIL_R numBytesInNALunit: 273203
POC   18 TId: 0 ( I-SLICE, QP 26 )    2185624 bits [Y 99.9900 dB    U 99.9900 dB    V 99.9900 dB] [ET  5.50 ] [L0 ] [L1 ]
*** TRAIL_R numBytesInNALunit: 273820
POC   19 TId: 0 ( I-SLICE, QP 26 )    2190560 bits [Y 99.9900 dB    U 99.9900 dB    V 99.9900 dB] [ET  5.25 ] [L0 ] [L1 ]
*** TRAIL_R numBytesInNALunit: 274305
POC   20 TId: 0 ( I-SLICE, QP 26 )    2194440 bits [Y 99.9900 dB    U 99.9900 dB    V 99.9900 dB] [ET  5.33 ] [L0 ] [L1 ]
*** TRAIL_R numBytesInNALunit: 274409
POC   21 TId: 0 ( I-SLICE, QP 26 )    2195272 bits [Y 99.9900 dB    U 99.9900 dB    V 99.9900 dB] [ET  5.41 ] [L0 ] [L1 ]
*** TRAIL_R numBytesInNALunit: 274653
POC   22 TId: 0 ( I-SLICE, QP 26 )    2197224 bits [Y 99.9900 dB    U 99.9900 dB    V 99.9900 dB] [ET  5.47 ] [L0 ] [L1 ]
*** TRAIL_R numBytesInNALunit: 274419
POC   23 TId: 0 ( I-SLICE, QP 26 )    2195352 bits [Y 99.9900 dB    U 99.9900 dB    V 99.9900 dB] [ET  5.34 ] [L0 ] [L1 ]
*** TRAIL_R numBytesInNALunit: 274226
POC   24 TId: 0 ( I-SLICE, QP 26 )    2193808 bits [Y 99.9900 dB    U 99.9900 dB    V 99.9900 dB] [ET  5.44 ] [L0 ] [L1 ]
*** TRAIL_R numBytesInNALunit: 274395
POC   25 TId: 0 ( I-SLICE, QP 26 )    2195160 bits [Y 99.9900 dB    U 99.9900 dB    V 99.9900 dB] [ET  5.39 ] [L0 ] [L1 ]
*** TRAIL_R numBytesInNALunit: 274657
POC   26 TId: 0 ( I-SLICE, QP 26 )    2197256 bits [Y 99.9900 dB    U 99.9900 dB    V 99.9900 dB] [ET  5.30 ] [L0 ] [L1 ]
*** TRAIL_R numBytesInNALunit: 274141
POC   27 TId: 0 ( I-SLICE, QP 26 )    2193128 bits [Y 99.9900 dB    U 99.9900 dB    V 99.9900 dB] [ET  5.19 ] [L0 ] [L1 ]
*** TRAIL_R numBytesInNALunit: 274043
POC   28 TId: 0 ( I-SLICE, QP 26 )    2192344 bits [Y 99.9900 dB    U 99.9900 dB    V 99.9900 dB] [ET  5.23 ] [L0 ] [L1 ]
*** TRAIL_R numBytesInNALunit: 273010
POC   29 TId: 0 ( I-SLICE, QP 26 )    2184080 bits [Y 99.9900 dB    U 99.9900 dB    V 99.9900 dB] [ET  5.33 ] [L0 ] [L1 ]
*** TRAIL_R numBytesInNALunit: 272643
POC   30 TId: 0 ( I-SLICE, QP 26 )    2181144 bits [Y 99.9900 dB    U 99.9900 dB    V 99.9900 dB] [ET  5.30 ] [L0 ] [L1 ]
*** TRAIL_R numBytesInNALunit: 271969
POC   31 TId: 0 ( I-SLICE, QP 26 )    2175752 bits [Y 99.9900 dB    U 99.9900 dB    V 99.9900 dB] [ET  5.27 ] [L0 ] [L1 ]
*** TRAIL_R numBytesInNALunit: 272596
POC   32 TId: 0 ( I-SLICE, QP 26 )    2180768 bits [Y 99.9900 dB    U 99.9900 dB    V 99.9900 dB] [ET  5.47 ] [L0 ] [L1 ]
*** TRAIL_R numBytesInNALunit: 273082
POC   33 TId: 0 ( I-SLICE, QP 26 )    2184656 bits [Y 99.9900 dB    U 99.9900 dB    V 99.9900 dB] [ET  5.36 ] [L0 ] [L1 ]
*** TRAIL_R numBytesInNALunit: 271839
POC   34 TId: 0 ( I-SLICE, QP 26 )    2174712 bits [Y 99.9900 dB    U 99.9900 dB    V 99.9900 dB] [ET  5.16 ] [L0 ] [L1 ]
*** TRAIL_R numBytesInNALunit: 270498
POC   35 TId: 0 ( I-SLICE, QP 26 )    2163984 bits [Y 99.9900 dB    U 99.9900 dB    V 99.9900 dB] [ET  5.34 ] [L0 ] [L1 ]
*** TRAIL_R numBytesInNALunit: 268900
POC   36 TId: 0 ( I-SLICE, QP 26 )    2151200 bits [Y 99.9900 dB    U 99.9900 dB    V 99.9900 dB] [ET  5.45 ] [L0 ] [L1 ]
*** TRAIL_R numBytesInNALunit: 267664
POC   37 TId: 0 ( I-SLICE, QP 26 )    2141312 bits [Y 99.9900 dB    U 99.9900 dB    V 99.9900 dB] [ET  5.39 ] [L0 ] [L1 ]
*** TRAIL_R numBytesInNALunit: 267381
POC   38 TId: 0 ( I-SLICE, QP 26 )    2139048 bits [Y 99.9900 dB    U 99.9900 dB    V 99.9900 dB] [ET  5.39 ] [L0 ] [L1 ]
*** TRAIL_R numBytesInNALunit: 268077
POC   39 TId: 0 ( I-SLICE, QP 26 )    2144616 bits [Y 99.9900 dB    U 99.9900 dB    V 99.9900 dB] [ET  5.42 ] [L0 ] [L1 ]
*** TRAIL_R numBytesInNALunit: 268744
POC   40 TId: 0 ( I-SLICE, QP 26 )    2149952 bits [Y 99.9900 dB    U 99.9900 dB    V 99.9900 dB] [ET  5.62 ] [L0 ] [L1 ]
*** TRAIL_R numBytesInNALunit: 269435
POC   41 TId: 0 ( I-SLICE, QP 26 )    2155480 bits [Y 99.9900 dB    U 99.9900 dB    V 99.9900 dB] [ET  5.80 ] [L0 ] [L1 ]
*** TRAIL_R numBytesInNALunit: 270044
POC   42 TId: 0 ( I-SLICE, QP 26 )    2160352 bits [Y 99.9900 dB    U 99.9900 dB    V 99.9900 dB] [ET  6.05 ] [L0 ] [L1 ]
*** TRAIL_R numBytesInNALunit: 270669
POC   43 TId: 0 ( I-SLICE, QP 26 )    2165352 bits [Y 99.9900 dB    U 99.9900 dB    V 99.9900 dB] [ET  5.88 ] [L0 ] [L1 ]
*** TRAIL_R numBytesInNALunit: 270789
POC   44 TId: 0 ( I-SLICE, QP 26 )    2166312 bits [Y 99.9900 dB    U 99.9900 dB    V 99.9900 dB] [ET  5.98 ] [L0 ] [L1 ]
*** TRAIL_R numBytesInNALunit: 271075
POC   45 TId: 0 ( I-SLICE, QP 26 )    2168600 bits [Y 99.9900 dB    U 99.9900 dB    V 99.9900 dB] [ET  5.84 ] [L0 ] [L1 ]
*** TRAIL_R numBytesInNALunit: 271065
POC   46 TId: 0 ( I-SLICE, QP 26 )    2168520 bits [Y 99.9900 dB    U 99.9900 dB    V 99.9900 dB] [ET  5.97 ] [L0 ] [L1 ]
*** TRAIL_R numBytesInNALunit: 271270
POC   47 TId: 0 ( I-SLICE, QP 26 )    2170160 bits [Y 99.9900 dB    U 99.9900 dB    V 99.9900 dB] [ET  5.98 ] [L0 ] [L1 ]
*** TRAIL_R numBytesInNALunit: 271733
POC   48 TId: 0 ( I-SLICE, QP 26 )    2173864 bits [Y 99.9900 dB    U 99.9900 dB    V 99.9900 dB] [ET  5.83 ] [L0 ] [L1 ]
*** TRAIL_R numBytesInNALunit: 271158
POC   49 TId: 0 ( I-SLICE, QP 26 )    2169264 bits [Y 99.9900 dB    U 99.9900 dB    V 99.9900 dB] [ET  5.98 ] [L0 ] [L1 ]
*** TRAIL_R numBytesInNALunit: 272198
POC   50 TId: 0 ( I-SLICE, QP 26 )    2177584 bits [Y 99.9900 dB    U 99.9900 dB    V 99.9900 dB] [ET  5.73 ] [L0 ] [L1 ]
*** TRAIL_R numBytesInNALunit: 272224
POC   51 TId: 0 ( I-SLICE, QP 26 )    2177792 bits [Y 99.9900 dB    U 99.9900 dB    V 99.9900 dB] [ET  5.73 ] [L0 ] [L1 ]
*** TRAIL_R numBytesInNALunit: 272245
POC   52 TId: 0 ( I-SLICE, QP 26 )    2177960 bits [Y 99.9900 dB    U 99.9900 dB    V 99.9900 dB] [ET  5.73 ] [L0 ] [L1 ]
*** TRAIL_R numBytesInNALunit: 274256
POC   53 TId: 0 ( I-SLICE, QP 26 )    2194048 bits [Y 99.9900 dB    U 99.9900 dB    V 99.9900 dB] [ET  5.78 ] [L0 ] [L1 ]
*** TRAIL_R numBytesInNALunit: 273755
POC   54 TId: 0 ( I-SLICE, QP 26 )    2190040 bits [Y 99.9900 dB    U 99.9900 dB    V 99.9900 dB] [ET  5.92 ] [L0 ] [L1 ]
*** TRAIL_R numBytesInNALunit: 274519
POC   55 TId: 0 ( I-SLICE, QP 26 )    2196152 bits [Y 99.9900 dB    U 99.9900 dB    V 99.9900 dB] [ET  5.52 ] [L0 ] [L1 ]
*** TRAIL_R numBytesInNALunit: 274761
POC   56 TId: 0 ( I-SLICE, QP 26 )    2198088 bits [Y 99.9900 dB    U 99.9900 dB    V 99.9900 dB] [ET  5.66 ] [L0 ] [L1 ]
*** TRAIL_R numBytesInNALunit: 273681
POC   57 TId: 0 ( I-SLICE, QP 26 )    2189448 bits [Y 99.9900 dB    U 99.9900 dB    V 99.9900 dB] [ET  5.72 ] [L0 ] [L1 ]
*** TRAIL_R numBytesInNALunit: 273812
POC   58 TId: 0 ( I-SLICE, QP 26 )    2190496 bits [Y 99.9900 dB    U 99.9900 dB    V 99.9900 dB] [ET  5.83 ] [L0 ] [L1 ]
*** TRAIL_R numBytesInNALunit: 273264
POC   59 TId: 0 ( I-SLICE, QP 26 )    2186112 bits [Y 99.9900 dB    U 99.9900 dB    V 99.9900 dB] [ET  5.53 ] [L0 ] [L1 ]
*** TRAIL_R numBytesInNALunit: 273307
POC   60 TId: 0 ( I-SLICE, QP 26 )    2186456 bits [Y 99.9900 dB    U 99.9900 dB    V 99.9900 dB] [ET  5.64 ] [L0 ] [L1 ]
*** TRAIL_R numBytesInNALunit: 273072
POC   61 TId: 0 ( I-SLICE, QP 26 )    2184576 bits [Y 99.9900 dB    U 99.9900 dB    V 99.9900 dB] [ET  5.61 ] [L0 ] [L1 ]
*** TRAIL_R numBytesInNALunit: 273310
POC   62 TId: 0 ( I-SLICE, QP 26 )    2186480 bits [Y 99.9900 dB    U 99.9900 dB    V 99.9900 dB] [ET  5.78 ] [L0 ] [L1 ]
*** TRAIL_R numBytesInNALunit: 273263
POC   63 TId: 0 ( I-SLICE, QP 26 )    2186104 bits [Y 99.9900 dB    U 99.9900 dB    V 99.9900 dB] [ET  5.67 ] [L0 ] [L1 ]
*** TRAIL_R numBytesInNALunit: 272291
POC   64 TId: 0 ( I-SLICE, QP 26 )    2178328 bits [Y 99.9900 dB    U 99.9900 dB    V 99.9900 dB] [ET  5.59 ] [L0 ] [L1 ]
*** TRAIL_R numBytesInNALunit: 272277
POC   65 TId: 0 ( I-SLICE, QP 26 )    2178216 bits [Y 99.9900 dB    U 99.9900 dB    V 99.9900 dB] [ET  5.59 ] [L0 ] [L1 ]
*** TRAIL_R numBytesInNALunit: 271817
POC   66 TId: 0 ( I-SLICE, QP 26 )    2174536 bits [Y 99.9900 dB    U 99.9900 dB    V 99.9900 dB] [ET  5.80 ] [L0 ] [L1 ]
*** TRAIL_R numBytesInNALunit: 271294
POC   67 TId: 0 ( I-SLICE, QP 26 )    2170352 bits [Y 99.9900 dB    U 99.9900 dB    V 99.9900 dB] [ET  5.84 ] [L0 ] [L1 ]
*** TRAIL_R numBytesInNALunit: 270010
POC   68 TId: 0 ( I-SLICE, QP 26 )    2160080 bits [Y 99.9900 dB    U 99.9900 dB    V 99.9900 dB] [ET  5.67 ] [L0 ] [L1 ]
*** TRAIL_R numBytesInNALunit: 270063
POC   69 TId: 0 ( I-SLICE, QP 26 )    2160504 bits [Y 99.9900 dB    U 99.9900 dB    V 99.9900 dB] [ET  5.80 ] [L0 ] [L1 ]
*** TRAIL_R numBytesInNALunit: 269684
POC   70 TId: 0 ( I-SLICE, QP 26 )    2157472 bits [Y 99.9900 dB    U 99.9900 dB    V 99.9900 dB] [ET  5.78 ] [L0 ] [L1 ]
*** TRAIL_R numBytesInNALunit: 269745
POC   71 TId: 0 ( I-SLICE, QP 26 )    2157960 bits [Y 99.9900 dB    U 99.9900 dB    V 99.9900 dB] [ET  5.69 ] [L0 ] [L1 ]
*** TRAIL_R numBytesInNALunit: 270226
POC   72 TId: 0 ( I-SLICE, QP 26 )    2161808 bits [Y 99.9900 dB    U 99.9900 dB    V 99.9900 dB] [ET  5.61 ] [L0 ] [L1 ]
*** TRAIL_R numBytesInNALunit: 269269
POC   73 TId: 0 ( I-SLICE, QP 26 )    2154152 bits [Y 99.9900 dB    U 99.9900 dB    V 99.9900 dB] [ET  5.84 ] [L0 ] [L1 ]
*** TRAIL_R numBytesInNALunit: 269408
POC   74 TId: 0 ( I-SLICE, QP 26 )    2155264 bits [Y 99.9900 dB    U 99.9900 dB    V 99.9900 dB] [ET  5.72 ] [L0 ] [L1 ]
*** TRAIL_R numBytesInNALunit: 268544
POC   75 TId: 0 ( I-SLICE, QP 26 )    2148352 bits [Y 99.9900 dB    U 99.9900 dB    V 99.9900 dB] [ET  5.64 ] [L0 ] [L1 ]
*** TRAIL_R numBytesInNALunit: 268664
POC   76 TId: 0 ( I-SLICE, QP 26 )    2149312 bits [Y 99.9900 dB    U 99.9900 dB    V 99.9900 dB] [ET  5.70 ] [L0 ] [L1 ]
*** TRAIL_R numBytesInNALunit: 267688
POC   77 TId: 0 ( I-SLICE, QP 26 )    2141504 bits [Y 99.9900 dB    U 99.9900 dB    V 99.9900 dB] [ET  5.66 ] [L0 ] [L1 ]
*** TRAIL_R numBytesInNALunit: 267045
POC   78 TId: 0 ( I-SLICE, QP 26 )    2136360 bits [Y 99.9900 dB    U 99.9900 dB    V 99.9900 dB] [ET  5.70 ] [L0 ] [L1 ]
*** TRAIL_R numBytesInNALunit: 267524
POC   79 TId: 0 ( I-SLICE, QP 26 )    2140192 bits [Y 99.9900 dB    U 99.9900 dB    V 99.9900 dB] [ET  5.67 ] [L0 ] [L1 ]
*** TRAIL_R numBytesInNALunit: 267195
POC   80 TId: 0 ( I-SLICE, QP 26 )    2137560 bits [Y 99.9900 dB    U 99.9900 dB    V 99.9900 dB] [ET  5.83 ] [L0 ] [L1 ]
*** TRAIL_R numBytesInNALunit: 267584
POC   81 TId: 0 ( I-SLICE, QP 26 )    2140672 bits [Y 99.9900 dB    U 99.9900 dB    V 99.9900 dB] [ET  5.83 ] [L0 ] [L1 ]
*** TRAIL_R numBytesInNALunit: 268488
POC   82 TId: 0 ( I-SLICE, QP 26 )    2147904 bits [Y 99.9900 dB    U 99.9900 dB    V 99.9900 dB] [ET  5.73 ] [L0 ] [L1 ]
*** TRAIL_R numBytesInNALunit: 267726
POC   83 TId: 0 ( I-SLICE, QP 26 )    2141808 bits [Y 99.9900 dB    U 99.9900 dB    V 99.9900 dB] [ET  5.84 ] [L0 ] [L1 ]
*** TRAIL_R numBytesInNALunit: 268895
POC   84 TId: 0 ( I-SLICE, QP 26 )    2151160 bits [Y 99.9900 dB    U 99.9900 dB    V 99.9900 dB] [ET  5.64 ] [L0 ] [L1 ]
*** TRAIL_R numBytesInNALunit: 268464
POC   85 TId: 0 ( I-SLICE, QP 26 )    2147712 bits [Y 99.9900 dB    U 99.9900 dB    V 99.9900 dB] [ET  5.77 ] [L0 ] [L1 ]
*** TRAIL_R numBytesInNALunit: 268506
POC   86 TId: 0 ( I-SLICE, QP 26 )    2148048 bits [Y 99.9900 dB    U 99.9900 dB    V 99.9900 dB] [ET  5.72 ] [L0 ] [L1 ]
*** TRAIL_R numBytesInNALunit: 269053
POC   87 TId: 0 ( I-SLICE, QP 26 )    2152424 bits [Y 99.9900 dB    U 99.9900 dB    V 99.9900 dB] [ET  5.69 ] [L0 ] [L1 ]
*** TRAIL_R numBytesInNALunit: 268822
POC   88 TId: 0 ( I-SLICE, QP 26 )    2150576 bits [Y 99.9900 dB    U 99.9900 dB    V 99.9900 dB] [ET  5.72 ] [L0 ] [L1 ]
*** TRAIL_R numBytesInNALunit: 269696
POC   89 TId: 0 ( I-SLICE, QP 26 )    2157568 bits [Y 99.9900 dB    U 99.9900 dB    V 99.9900 dB] [ET  5.55 ] [L0 ] [L1 ]
*** TRAIL_R numBytesInNALunit: 270236
POC   90 TId: 0 ( I-SLICE, QP 26 )    2161888 bits [Y 99.9900 dB    U 99.9900 dB    V 99.9900 dB] [ET  5.62 ] [L0 ] [L1 ]
*** TRAIL_R numBytesInNALunit: 270168
POC   91 TId: 0 ( I-SLICE, QP 26 )    2161344 bits [Y 99.9900 dB    U 99.9900 dB    V 99.9900 dB] [ET  5.61 ] [L0 ] [L1 ]
*** TRAIL_R numBytesInNALunit: 270807
POC   92 TId: 0 ( I-SLICE, QP 26 )    2166456 bits [Y 99.9900 dB    U 99.9900 dB    V 99.9900 dB] [ET  5.72 ] [L0 ] [L1 ]
*** TRAIL_R numBytesInNALunit: 270447
POC   93 TId: 0 ( I-SLICE, QP 26 )    2163576 bits [Y 99.9900 dB    U 99.9900 dB    V 99.9900 dB] [ET  5.75 ] [L0 ] [L1 ]
*** TRAIL_R numBytesInNALunit: 271135
POC   94 TId: 0 ( I-SLICE, QP 26 )    2169080 bits [Y 99.9900 dB    U 99.9900 dB    V 99.9900 dB] [ET  5.64 ] [L0 ] [L1 ]
*** TRAIL_R numBytesInNALunit: 272103
POC   95 TId: 0 ( I-SLICE, QP 26 )    2176824 bits [Y 99.9900 dB    U 99.9900 dB    V 99.9900 dB] [ET  5.78 ] [L0 ] [L1 ]
*** TRAIL_R numBytesInNALunit: 272287
POC   96 TId: 0 ( I-SLICE, QP 26 )    2178296 bits [Y 99.9900 dB    U 99.9900 dB    V 99.9900 dB] [ET  5.91 ] [L0 ] [L1 ]
*** TRAIL_R numBytesInNALunit: 272651
POC   97 TId: 0 ( I-SLICE, QP 26 )    2181208 bits [Y 99.9900 dB    U 99.9900 dB    V 99.9900 dB] [ET  5.56 ] [L0 ] [L1 ]
*** TRAIL_R numBytesInNALunit: 273498
POC   98 TId: 0 ( I-SLICE, QP 26 )    2187984 bits [Y 99.9900 dB    U 99.9900 dB    V 99.9900 dB] [ET  5.64 ] [L0 ] [L1 ]
*** TRAIL_R numBytesInNALunit: 273622
POC   99 TId: 0 ( I-SLICE, QP 26 )    2188976 bits [Y 99.9900 dB    U 99.9900 dB    V 99.9900 dB] [ET  5.69 ] [L0 ] [L1 ]
*** TRAIL_R numBytesInNALunit: 274434
POC  100 TId: 0 ( I-SLICE, QP 26 )    2195472 bits [Y 99.9900 dB    U 99.9900 dB    V 99.9900 dB] [ET  5.58 ] [L0 ] [L1 ]
*** TRAIL_R numBytesInNALunit: 274742
POC  101 TId: 0 ( I-SLICE, QP 26 )    2197936 bits [Y 99.9900 dB    U 99.9900 dB    V 99.9900 dB] [ET  5.78 ] [L0 ] [L1 ]
*** TRAIL_R numBytesInNALunit: 274926
POC  102 TId: 0 ( I-SLICE, QP 26 )    2199408 bits [Y 99.9900 dB    U 99.9900 dB    V 99.9900 dB] [ET  5.64 ] [L0 ] [L1 ]
*** TRAIL_R numBytesInNALunit: 274127
POC  103 TId: 0 ( I-SLICE, QP 26 )    2193016 bits [Y 99.9900 dB    U 99.9900 dB    V 99.9900 dB] [ET  5.41 ] [L0 ] [L1 ]
*** TRAIL_R numBytesInNALunit: 273807
POC  104 TId: 0 ( I-SLICE, QP 26 )    2190456 bits [Y 99.9900 dB    U 99.9900 dB    V 99.9900 dB] [ET  5.86 ] [L0 ] [L1 ]
*** TRAIL_R numBytesInNALunit: 273412
POC  105 TId: 0 ( I-SLICE, QP 26 )    2187296 bits [Y 99.9900 dB    U 99.9900 dB    V 99.9900 dB] [ET  5.61 ] [L0 ] [L1 ]
*** TRAIL_R numBytesInNALunit: 272378
POC  106 TId: 0 ( I-SLICE, QP 26 )    2179024 bits [Y 99.9900 dB    U 99.9900 dB    V 99.9900 dB] [ET  5.56 ] [L0 ] [L1 ]
*** TRAIL_R numBytesInNALunit: 271015
POC  107 TId: 0 ( I-SLICE, QP 26 )    2168120 bits [Y 99.9900 dB    U 99.9900 dB    V 99.9900 dB] [ET  5.69 ] [L0 ] [L1 ]
*** TRAIL_R numBytesInNALunit: 269383
POC  108 TId: 0 ( I-SLICE, QP 26 )    2155064 bits [Y 99.9900 dB    U 99.9900 dB    V 99.9900 dB] [ET  5.78 ] [L0 ] [L1 ]
*** TRAIL_R numBytesInNALunit: 269262
POC  109 TId: 0 ( I-SLICE, QP 26 )    2154096 bits [Y 99.9900 dB    U 99.9900 dB    V 99.9900 dB] [ET  5.81 ] [L0 ] [L1 ]
*** TRAIL_R numBytesInNALunit: 270413
POC  110 TId: 0 ( I-SLICE, QP 26 )    2163304 bits [Y 99.9900 dB    U 99.9900 dB    V 99.9900 dB] [ET  5.72 ] [L0 ] [L1 ]
*** TRAIL_R numBytesInNALunit: 271197
POC  111 TId: 0 ( I-SLICE, QP 26 )    2169576 bits [Y 99.9900 dB    U 99.9900 dB    V 99.9900 dB] [ET  5.58 ] [L0 ] [L1 ]
*** TRAIL_R numBytesInNALunit: 271225
POC  112 TId: 0 ( I-SLICE, QP 26 )    2169800 bits [Y 99.9900 dB    U 99.9900 dB    V 99.9900 dB] [ET  5.75 ] [L0 ] [L1 ]
*** TRAIL_R numBytesInNALunit: 270301
POC  113 TId: 0 ( I-SLICE, QP 26 )    2162408 bits [Y 99.9900 dB    U 99.9900 dB    V 99.9900 dB] [ET  5.86 ] [L0 ] [L1 ]
*** TRAIL_R numBytesInNALunit: 268817
POC  114 TId: 0 ( I-SLICE, QP 26 )    2150536 bits [Y 99.9900 dB    U 99.9900 dB    V 99.9900 dB] [ET  5.30 ] [L0 ] [L1 ]
*** TRAIL_R numBytesInNALunit: 267942
POC  115 TId: 0 ( I-SLICE, QP 26 )    2143536 bits [Y 99.9900 dB    U 99.9900 dB    V 99.9900 dB] [ET  5.58 ] [L0 ] [L1 ]
*** TRAIL_R numBytesInNALunit: 267573
POC  116 TId: 0 ( I-SLICE, QP 26 )    2140584 bits [Y 99.9900 dB    U 99.9900 dB    V 99.9900 dB] [ET  5.66 ] [L0 ] [L1 ]
*** TRAIL_R numBytesInNALunit: 268522
POC  117 TId: 0 ( I-SLICE, QP 26 )    2148176 bits [Y 99.9900 dB    U 99.9900 dB    V 99.9900 dB] [ET  5.64 ] [L0 ] [L1 ]
*** TRAIL_R numBytesInNALunit: 270643
POC  118 TId: 0 ( I-SLICE, QP 26 )    2165144 bits [Y 99.9900 dB    U 99.9900 dB    V 99.9900 dB] [ET  5.56 ] [L0 ] [L1 ]
*** TRAIL_R numBytesInNALunit: 270759
POC  119 TId: 0 ( I-SLICE, QP 26 )    2166072 bits [Y 99.9900 dB    U 99.9900 dB    V 99.9900 dB] [ET  5.52 ] [L0 ] [L1 ]
*** TRAIL_R numBytesInNALunit: 271911
POC  120 TId: 0 ( I-SLICE, QP 26 )    2175288 bits [Y 99.9900 dB    U 99.9900 dB    V 99.9900 dB] [ET  5.69 ] [L0 ] [L1 ]
*** TRAIL_R numBytesInNALunit: 272674
POC  121 TId: 0 ( I-SLICE, QP 26 )    2181392 bits [Y 99.9900 dB    U 99.9900 dB    V 99.9900 dB] [ET  5.81 ] [L0 ] [L1 ]
*** TRAIL_R numBytesInNALunit: 272285
POC  122 TId: 0 ( I-SLICE, QP 26 )    2178280 bits [Y 99.9900 dB    U 99.9900 dB    V 99.9900 dB] [ET  5.69 ] [L0 ] [L1 ]
*** TRAIL_R numBytesInNALunit: 273549
POC  123 TId: 0 ( I-SLICE, QP 26 )    2188392 bits [Y 99.9900 dB    U 99.9900 dB    V 99.9900 dB] [ET  5.75 ] [L0 ] [L1 ]
*** TRAIL_R numBytesInNALunit: 273605
POC  124 TId: 0 ( I-SLICE, QP 26 )    2188840 bits [Y 99.9900 dB    U 99.9900 dB    V 99.9900 dB] [ET  5.55 ] [L0 ] [L1 ]
*** TRAIL_R numBytesInNALunit: 273591
POC  125 TId: 0 ( I-SLICE, QP 26 )    2188728 bits [Y 99.9900 dB    U 99.9900 dB    V 99.9900 dB] [ET  5.73 ] [L0 ] [L1 ]
*** TRAIL_R numBytesInNALunit: 274535
POC  126 TId: 0 ( I-SLICE, QP 26 )    2196280 bits [Y 99.9900 dB    U 99.9900 dB    V 99.9900 dB] [ET  5.72 ] [L0 ] [L1 ]
*** TRAIL_R numBytesInNALunit: 274430
POC  127 TId: 0 ( I-SLICE, QP 26 )    2195440 bits [Y 99.9900 dB    U 99.9900 dB    V 99.9900 dB] [ET  5.45 ] [L0 ] [L1 ]
*** TRAIL_R numBytesInNALunit: 274590
POC  128 TId: 0 ( I-SLICE, QP 26 )    2196720 bits [Y 99.9900 dB    U 99.9900 dB    V 99.9900 dB] [ET  5.80 ] [L0 ] [L1 ]
*** TRAIL_R numBytesInNALunit: 274261
POC  129 TId: 0 ( I-SLICE, QP 26 )    2194088 bits [Y 99.9900 dB    U 99.9900 dB    V 99.9900 dB] [ET  5.56 ] [L0 ] [L1 ]
*** TRAIL_R numBytesInNALunit: 274249
POC  130 TId: 0 ( I-SLICE, QP 26 )    2193992 bits [Y 99.9900 dB    U 99.9900 dB    V 99.9900 dB] [ET  5.70 ] [L0 ] [L1 ]
*** TRAIL_R numBytesInNALunit: 273888
POC  131 TId: 0 ( I-SLICE, QP 26 )    2191104 bits [Y 99.9900 dB    U 99.9900 dB    V 99.9900 dB] [ET  5.66 ] [L0 ] [L1 ]
*** TRAIL_R numBytesInNALunit: 274724
POC  132 TId: 0 ( I-SLICE, QP 26 )    2197792 bits [Y 99.9900 dB    U 99.9900 dB    V 99.9900 dB] [ET  5.75 ] [L0 ] [L1 ]
*** TRAIL_R numBytesInNALunit: 274705
POC  133 TId: 0 ( I-SLICE, QP 26 )    2197640 bits [Y 99.9900 dB    U 99.9900 dB    V 99.9900 dB] [ET  5.62 ] [L0 ] [L1 ]
*** TRAIL_R numBytesInNALunit: 274671
POC  134 TId: 0 ( I-SLICE, QP 26 )    2197368 bits [Y 99.9900 dB    U 99.9900 dB    V 99.9900 dB] [ET  5.48 ] [L0 ] [L1 ]
*** TRAIL_R numBytesInNALunit: 274656
POC  135 TId: 0 ( I-SLICE, QP 26 )    2197248 bits [Y 99.9900 dB    U 99.9900 dB    V 99.9900 dB] [ET  5.88 ] [L0 ] [L1 ]
*** TRAIL_R numBytesInNALunit: 274891
POC  136 TId: 0 ( I-SLICE, QP 26 )    2199128 bits [Y 99.9900 dB    U 99.9900 dB    V 99.9900 dB] [ET  5.61 ] [L0 ] [L1 ]
*** TRAIL_R numBytesInNALunit: 274751
POC  137 TId: 0 ( I-SLICE, QP 26 )    2198008 bits [Y 99.9900 dB    U 99.9900 dB    V 99.9900 dB] [ET  5.53 ] [L0 ] [L1 ]
*** TRAIL_R numBytesInNALunit: 275150
POC  138 TId: 0 ( I-SLICE, QP 26 )    2201200 bits [Y 99.9900 dB    U 99.9900 dB    V 99.9900 dB] [ET  5.62 ] [L0 ] [L1 ]
*** TRAIL_R numBytesInNALunit: 275343
POC  139 TId: 0 ( I-SLICE, QP 26 )    2202744 bits [Y 99.9900 dB    U 99.9900 dB    V 99.9900 dB] [ET  5.69 ] [L0 ] [L1 ]
*** TRAIL_R numBytesInNALunit: 275597
POC  140 TId: 0 ( I-SLICE, QP 26 )    2204776 bits [Y 99.9900 dB    U 99.9900 dB    V 99.9900 dB] [ET  5.75 ] [L0 ] [L1 ]
*** TRAIL_R numBytesInNALunit: 275858
POC  141 TId: 0 ( I-SLICE, QP 26 )    2206864 bits [Y 99.9900 dB    U 99.9900 dB    V 99.9900 dB] [ET  5.91 ] [L0 ] [L1 ]
*** TRAIL_R numBytesInNALunit: 275827
POC  142 TId: 0 ( I-SLICE, QP 26 )    2206616 bits [Y 99.9900 dB    U 99.9900 dB    V 99.9900 dB] [ET  5.80 ] [L0 ] [L1 ]
*** TRAIL_R numBytesInNALunit: 276020
POC  143 TId: 0 ( I-SLICE, QP 26 )    2208160 bits [Y 99.9900 dB    U 99.9900 dB    V 99.9900 dB] [ET  5.66 ] [L0 ] [L1 ]
*** TRAIL_R numBytesInNALunit: 275737
POC  144 TId: 0 ( I-SLICE, QP 26 )    2205896 bits [Y 99.9900 dB    U 99.9900 dB    V 99.9900 dB] [ET  5.77 ] [L0 ] [L1 ]
*** TRAIL_R numBytesInNALunit: 275522
POC  145 TId: 0 ( I-SLICE, QP 26 )    2204176 bits [Y 99.9900 dB    U 99.9900 dB    V 99.9900 dB] [ET  5.64 ] [L0 ] [L1 ]
*** TRAIL_R numBytesInNALunit: 275001
POC  146 TId: 0 ( I-SLICE, QP 26 )    2200008 bits [Y 99.9900 dB    U 99.9900 dB    V 99.9900 dB] [ET  5.56 ] [L0 ] [L1 ]
*** TRAIL_R numBytesInNALunit: 275506
POC  147 TId: 0 ( I-SLICE, QP 26 )    2204048 bits [Y 99.9900 dB    U 99.9900 dB    V 99.9900 dB] [ET  5.67 ] [L0 ] [L1 ]
*** TRAIL_R numBytesInNALunit: 275404
POC  148 TId: 0 ( I-SLICE, QP 26 )    2203232 bits [Y 99.9900 dB    U 99.9900 dB    V 99.9900 dB] [ET  5.72 ] [L0 ] [L1 ]
*** TRAIL_R numBytesInNALunit: 275021
POC  149 TId: 0 ( I-SLICE, QP 26 )    2200168 bits [Y 99.9900 dB    U 99.9900 dB    V 99.9900 dB] [ET  5.61 ] [L0 ] [L1 ]
*** TRAIL_R numBytesInNALunit: 273988
POC  150 TId: 0 ( I-SLICE, QP 26 )    2191904 bits [Y 99.9900 dB    U 99.9900 dB    V 99.9900 dB] [ET  5.75 ] [L0 ] [L1 ]
*** TRAIL_R numBytesInNALunit: 272527
POC  151 TId: 0 ( I-SLICE, QP 26 )    2180216 bits [Y 99.9900 dB    U 99.9900 dB    V 99.9900 dB] [ET  5.91 ] [L0 ] [L1 ]
*** TRAIL_R numBytesInNALunit: 272402
POC  152 TId: 0 ( I-SLICE, QP 26 )    2179216 bits [Y 99.9900 dB    U 99.9900 dB    V 99.9900 dB] [ET  5.89 ] [L0 ] [L1 ]
*** TRAIL_R numBytesInNALunit: 273233
POC  153 TId: 0 ( I-SLICE, QP 26 )    2185864 bits [Y 99.9900 dB    U 99.9900 dB    V 99.9900 dB] [ET  5.84 ] [L0 ] [L1 ]
*** TRAIL_R numBytesInNALunit: 273887
POC  154 TId: 0 ( I-SLICE, QP 26 )    2191096 bits [Y 99.9900 dB    U 99.9900 dB    V 99.9900 dB] [ET  5.66 ] [L0 ] [L1 ]
*** TRAIL_R numBytesInNALunit: 274492
POC  155 TId: 0 ( I-SLICE, QP 26 )    2195936 bits [Y 99.9900 dB    U 99.9900 dB    V 99.9900 dB] [ET  5.55 ] [L0 ] [L1 ]
*** TRAIL_R numBytesInNALunit: 274171
POC  156 TId: 0 ( I-SLICE, QP 26 )    2193368 bits [Y 99.9900 dB    U 99.9900 dB    V 99.9900 dB] [ET  5.92 ] [L0 ] [L1 ]
*** TRAIL_R numBytesInNALunit: 273174
POC  157 TId: 0 ( I-SLICE, QP 26 )    2185392 bits [Y 99.9900 dB    U 99.9900 dB    V 99.9900 dB] [ET  5.67 ] [L0 ] [L1 ]
*** TRAIL_R numBytesInNALunit: 271778
POC  158 TId: 0 ( I-SLICE, QP 26 )    2174224 bits [Y 99.9900 dB    U 99.9900 dB    V 99.9900 dB] [ET  5.66 ] [L0 ] [L1 ]
*** TRAIL_R numBytesInNALunit: 269221
POC  159 TId: 0 ( I-SLICE, QP 26 )    2153768 bits [Y 99.9900 dB    U 99.9900 dB    V 99.9900 dB] [ET  5.72 ] [L0 ] [L1 ]
*** TRAIL_R numBytesInNALunit: 268834
POC  160 TId: 0 ( I-SLICE, QP 26 )    2150672 bits [Y 99.9900 dB    U 99.9900 dB    V 99.9900 dB] [ET  5.66 ] [L0 ] [L1 ]
*** TRAIL_R numBytesInNALunit: 269262
POC  161 TId: 0 ( I-SLICE, QP 26 )    2154096 bits [Y 99.9900 dB    U 99.9900 dB    V 99.9900 dB] [ET  5.55 ] [L0 ] [L1 ]
*** TRAIL_R numBytesInNALunit: 269680
POC  162 TId: 0 ( I-SLICE, QP 26 )    2157440 bits [Y 99.9900 dB    U 99.9900 dB    V 99.9900 dB] [ET  5.83 ] [L0 ] [L1 ]
*** TRAIL_R numBytesInNALunit: 271584
POC  163 TId: 0 ( I-SLICE, QP 26 )    2172672 bits [Y 99.9900 dB    U 99.9900 dB    V 99.9900 dB] [ET  5.67 ] [L0 ] [L1 ]
*** TRAIL_R numBytesInNALunit: 271398
POC  164 TId: 0 ( I-SLICE, QP 26 )    2171184 bits [Y 99.9900 dB    U 99.9900 dB    V 99.9900 dB] [ET  5.75 ] [L0 ] [L1 ]
*** TRAIL_R numBytesInNALunit: 271254
POC  165 TId: 0 ( I-SLICE, QP 26 )    2170032 bits [Y 99.9900 dB    U 99.9900 dB    V 99.9900 dB] [ET  5.72 ] [L0 ] [L1 ]
*** TRAIL_R numBytesInNALunit: 271978
POC  166 TId: 0 ( I-SLICE, QP 26 )    2175824 bits [Y 99.9900 dB    U 99.9900 dB    V 99.9900 dB] [ET  5.84 ] [L0 ] [L1 ]
*** TRAIL_R numBytesInNALunit: 272065
POC  167 TId: 0 ( I-SLICE, QP 26 )    2176520 bits [Y 99.9900 dB    U 99.9900 dB    V 99.9900 dB] [ET  5.56 ] [L0 ] [L1 ]
*** TRAIL_R numBytesInNALunit: 273061
POC  168 TId: 0 ( I-SLICE, QP 26 )    2184488 bits [Y 99.9900 dB    U 99.9900 dB    V 99.9900 dB] [ET  5.58 ] [L0 ] [L1 ]
*** TRAIL_R numBytesInNALunit: 273120
POC  169 TId: 0 ( I-SLICE, QP 26 )    2184960 bits [Y 99.9900 dB    U 99.9900 dB    V 99.9900 dB] [ET  5.80 ] [L0 ] [L1 ]
*** TRAIL_R numBytesInNALunit: 272930
POC  170 TId: 0 ( I-SLICE, QP 26 )    2183440 bits [Y 99.9900 dB    U 99.9900 dB    V 99.9900 dB] [ET  5.88 ] [L0 ] [L1 ]
*** TRAIL_R numBytesInNALunit: 273332
POC  171 TId: 0 ( I-SLICE, QP 26 )    2186656 bits [Y 99.9900 dB    U 99.9900 dB    V 99.9900 dB] [ET  5.73 ] [L0 ] [L1 ]
*** TRAIL_R numBytesInNALunit: 273090
POC  172 TId: 0 ( I-SLICE, QP 26 )    2184720 bits [Y 99.9900 dB    U 99.9900 dB    V 99.9900 dB] [ET  5.61 ] [L0 ] [L1 ]
*** TRAIL_R numBytesInNALunit: 273656
POC  173 TId: 0 ( I-SLICE, QP 26 )    2189248 bits [Y 99.9900 dB    U 99.9900 dB    V 99.9900 dB] [ET  5.66 ] [L0 ] [L1 ]
*** TRAIL_R numBytesInNALunit: 273391
POC  174 TId: 0 ( I-SLICE, QP 26 )    2187128 bits [Y 99.9900 dB    U 99.9900 dB    V 99.9900 dB] [ET  5.84 ] [L0 ] [L1 ]
*** TRAIL_R numBytesInNALunit: 274063
POC  175 TId: 0 ( I-SLICE, QP 26 )    2192504 bits [Y 99.9900 dB    U 99.9900 dB    V 99.9900 dB] [ET  5.77 ] [L0 ] [L1 ]
*** TRAIL_R numBytesInNALunit: 274229
POC  176 TId: 0 ( I-SLICE, QP 26 )    2193832 bits [Y 99.9900 dB    U 99.9900 dB    V 99.9900 dB] [ET  5.81 ] [L0 ] [L1 ]
*** TRAIL_R numBytesInNALunit: 274115
POC  177 TId: 0 ( I-SLICE, QP 26 )    2192920 bits [Y 99.9900 dB    U 99.9900 dB    V 99.9900 dB] [ET  5.75 ] [L0 ] [L1 ]
*** TRAIL_R numBytesInNALunit: 273895
POC  178 TId: 0 ( I-SLICE, QP 26 )    2191160 bits [Y 99.9900 dB    U 99.9900 dB    V 99.9900 dB] [ET  5.75 ] [L0 ] [L1 ]
*** TRAIL_R numBytesInNALunit: 273900
POC  179 TId: 0 ( I-SLICE, QP 26 )    2191200 bits [Y 99.9900 dB    U 99.9900 dB    V 99.9900 dB] [ET  5.81 ] [L0 ] [L1 ]
*** TRAIL_R numBytesInNALunit: 274503
POC  180 TId: 0 ( I-SLICE, QP 26 )    2196024 bits [Y 99.9900 dB    U 99.9900 dB    V 99.9900 dB] [ET  5.88 ] [L0 ] [L1 ]
*** TRAIL_R numBytesInNALunit: 274971
POC  181 TId: 0 ( I-SLICE, QP 26 )    2199768 bits [Y 99.9900 dB    U 99.9900 dB    V 99.9900 dB] [ET  5.70 ] [L0 ] [L1 ]
*** TRAIL_R numBytesInNALunit: 275442
POC  182 TId: 0 ( I-SLICE, QP 26 )    2203536 bits [Y 99.9900 dB    U 99.9900 dB    V 99.9900 dB] [ET  5.88 ] [L0 ] [L1 ]
*** TRAIL_R numBytesInNALunit: 275328
POC  183 TId: 0 ( I-SLICE, QP 26 )    2202624 bits [Y 99.9900 dB    U 99.9900 dB    V 99.9900 dB] [ET  5.59 ] [L0 ] [L1 ]
*** TRAIL_R numBytesInNALunit: 275920
POC  184 TId: 0 ( I-SLICE, QP 26 )    2207360 bits [Y 99.9900 dB    U 99.9900 dB    V 99.9900 dB] [ET  5.80 ] [L0 ] [L1 ]
*** TRAIL_R numBytesInNALunit: 276283
POC  185 TId: 0 ( I-SLICE, QP 26 )    2210264 bits [Y 99.9900 dB    U 99.9900 dB    V 99.9900 dB] [ET  5.84 ] [L0 ] [L1 ]
*** TRAIL_R numBytesInNALunit: 276151
POC  186 TId: 0 ( I-SLICE, QP 26 )    2209208 bits [Y 99.9900 dB    U 99.9900 dB    V 99.9900 dB] [ET  5.61 ] [L0 ] [L1 ]
*** TRAIL_R numBytesInNALunit: 276366
POC  187 TId: 0 ( I-SLICE, QP 26 )    2210928 bits [Y 99.9900 dB    U 99.9900 dB    V 99.9900 dB] [ET  5.72 ] [L0 ] [L1 ]
*** TRAIL_R numBytesInNALunit: 275681
POC  188 TId: 0 ( I-SLICE, QP 26 )    2205448 bits [Y 99.9900 dB    U 99.9900 dB    V 99.9900 dB] [ET  5.64 ] [L0 ] [L1 ]
*** TRAIL_R numBytesInNALunit: 274417
POC  189 TId: 0 ( I-SLICE, QP 26 )    2195336 bits [Y 99.9900 dB    U 99.9900 dB    V 99.9900 dB] [ET  5.67 ] [L0 ] [L1 ]
*** TRAIL_R numBytesInNALunit: 273448
POC  190 TId: 0 ( I-SLICE, QP 26 )    2187584 bits [Y 99.9900 dB    U 99.9900 dB    V 99.9900 dB] [ET  5.81 ] [L0 ] [L1 ]
*** TRAIL_R numBytesInNALunit: 273362
POC  191 TId: 0 ( I-SLICE, QP 26 )    2186896 bits [Y 99.9900 dB    U 99.9900 dB    V 99.9900 dB] [ET  5.72 ] [L0 ] [L1 ]
*** TRAIL_R numBytesInNALunit: 274132
POC  192 TId: 0 ( I-SLICE, QP 26 )    2193056 bits [Y 99.9900 dB    U 99.9900 dB    V 99.9900 dB] [ET  5.70 ] [L0 ] [L1 ]
*** TRAIL_R numBytesInNALunit: 274590
POC  193 TId: 0 ( I-SLICE, QP 26 )    2196720 bits [Y 99.9900 dB    U 99.9900 dB    V 99.9900 dB] [ET  5.78 ] [L0 ] [L1 ]
*** TRAIL_R numBytesInNALunit: 273221
POC  194 TId: 0 ( I-SLICE, QP 26 )    2185768 bits [Y 99.9900 dB    U 99.9900 dB    V 99.9900 dB] [ET  5.84 ] [L0 ] [L1 ]
*** TRAIL_R numBytesInNALunit: 271798
POC  195 TId: 0 ( I-SLICE, QP 26 )    2174384 bits [Y 99.9900 dB    U 99.9900 dB    V 99.9900 dB] [ET  5.80 ] [L0 ] [L1 ]
*** TRAIL_R numBytesInNALunit: 270550
POC  196 TId: 0 ( I-SLICE, QP 26 )    2164400 bits [Y 99.9900 dB    U 99.9900 dB    V 99.9900 dB] [ET  5.88 ] [L0 ] [L1 ]
*** TRAIL_R numBytesInNALunit: 269626
POC  197 TId: 0 ( I-SLICE, QP 26 )    2157008 bits [Y 99.9900 dB    U 99.9900 dB    V 99.9900 dB] [ET  5.88 ] [L0 ] [L1 ]
*** TRAIL_R numBytesInNALunit: 269781
POC  198 TId: 0 ( I-SLICE, QP 26 )    2158248 bits [Y 99.9900 dB    U 99.9900 dB    V 99.9900 dB] [ET  5.58 ] [L0 ] [L1 ]
*** TRAIL_R numBytesInNALunit: 270722
POC  199 TId: 0 ( I-SLICE, QP 26 )    2165776 bits [Y 99.9900 dB    U 99.9900 dB    V 99.9900 dB] [ET  5.69 ] [L0 ] [L1 ]
*** TRAIL_R numBytesInNALunit: 272432
POC  200 TId: 0 ( I-SLICE, QP 26 )    2179456 bits [Y 99.9900 dB    U 99.9900 dB    V 99.9900 dB] [ET  5.58 ] [L0 ] [L1 ]
*** TRAIL_R numBytesInNALunit: 272340
POC  201 TId: 0 ( I-SLICE, QP 26 )    2178720 bits [Y 99.9900 dB    U 99.9900 dB    V 99.9900 dB] [ET  5.61 ] [L0 ] [L1 ]
*** TRAIL_R numBytesInNALunit: 271322
POC  202 TId: 0 ( I-SLICE, QP 26 )    2170576 bits [Y 99.9900 dB    U 99.9900 dB    V 99.9900 dB] [ET  5.72 ] [L0 ] [L1 ]
*** TRAIL_R numBytesInNALunit: 272429
POC  203 TId: 0 ( I-SLICE, QP 26 )    2179432 bits [Y 99.9900 dB    U 99.9900 dB    V 99.9900 dB] [ET  5.81 ] [L0 ] [L1 ]
*** TRAIL_R numBytesInNALunit: 272164
POC  204 TId: 0 ( I-SLICE, QP 26 )    2177312 bits [Y 99.9900 dB    U 99.9900 dB    V 99.9900 dB] [ET  5.78 ] [L0 ] [L1 ]
*** TRAIL_R numBytesInNALunit: 269816
POC  205 TId: 0 ( I-SLICE, QP 26 )    2158528 bits [Y 99.9900 dB    U 99.9900 dB    V 99.9900 dB] [ET  5.69 ] [L0 ] [L1 ]
*** TRAIL_R numBytesInNALunit: 271523
POC  206 TId: 0 ( I-SLICE, QP 26 )    2172184 bits [Y 99.9900 dB    U 99.9900 dB    V 99.9900 dB] [ET  5.59 ] [L0 ] [L1 ]
*** TRAIL_R numBytesInNALunit: 272411
POC  207 TId: 0 ( I-SLICE, QP 26 )    2179288 bits [Y 99.9900 dB    U 99.9900 dB    V 99.9900 dB] [ET  5.78 ] [L0 ] [L1 ]
*** TRAIL_R numBytesInNALunit: 270773
POC  208 TId: 0 ( I-SLICE, QP 26 )    2166184 bits [Y 99.9900 dB    U 99.9900 dB    V 99.9900 dB] [ET  5.56 ] [L0 ] [L1 ]
*** TRAIL_R numBytesInNALunit: 272598
POC  209 TId: 0 ( I-SLICE, QP 26 )    2180784 bits [Y 99.9900 dB    U 99.9900 dB    V 99.9900 dB] [ET  5.52 ] [L0 ] [L1 ]
*** TRAIL_R numBytesInNALunit: 272433
POC  210 TId: 0 ( I-SLICE, QP 26 )    2179464 bits [Y 99.9900 dB    U 99.9900 dB    V 99.9900 dB] [ET  5.64 ] [L0 ] [L1 ]
*** TRAIL_R numBytesInNALunit: 271718
POC  211 TId: 0 ( I-SLICE, QP 26 )    2173744 bits [Y 99.9900 dB    U 99.9900 dB    V 99.9900 dB] [ET  5.62 ] [L0 ] [L1 ]
*** TRAIL_R numBytesInNALunit: 273562
POC  212 TId: 0 ( I-SLICE, QP 26 )    2188496 bits [Y 99.9900 dB    U 99.9900 dB    V 99.9900 dB] [ET  5.64 ] [L0 ] [L1 ]
*** TRAIL_R numBytesInNALunit: 272775
POC  213 TId: 0 ( I-SLICE, QP 26 )    2182200 bits [Y 99.9900 dB    U 99.9900 dB    V 99.9900 dB] [ET  5.72 ] [L0 ] [L1 ]
*** TRAIL_R numBytesInNALunit: 273027
POC  214 TId: 0 ( I-SLICE, QP 26 )    2184216 bits [Y 99.9900 dB    U 99.9900 dB    V 99.9900 dB] [ET  5.70 ] [L0 ] [L1 ]
*** TRAIL_R numBytesInNALunit: 273589
POC  215 TId: 0 ( I-SLICE, QP 26 )    2188712 bits [Y 99.9900 dB    U 99.9900 dB    V 99.9900 dB] [ET  5.56 ] [L0 ] [L1 ]
*** TRAIL_R numBytesInNALunit: 274455
POC  216 TId: 0 ( I-SLICE, QP 26 )    2195640 bits [Y 99.9900 dB    U 99.9900 dB    V 99.9900 dB] [ET  5.81 ] [L0 ] [L1 ]
*** TRAIL_R numBytesInNALunit: 275119
POC  217 TId: 0 ( I-SLICE, QP 26 )    2200952 bits [Y 99.9900 dB    U 99.9900 dB    V 99.9900 dB] [ET  5.66 ] [L0 ] [L1 ]
*** TRAIL_R numBytesInNALunit: 275329
POC  218 TId: 0 ( I-SLICE, QP 26 )    2202632 bits [Y 99.9900 dB    U 99.9900 dB    V 99.9900 dB] [ET  5.53 ] [L0 ] [L1 ]
*** TRAIL_R numBytesInNALunit: 275361
POC  219 TId: 0 ( I-SLICE, QP 26 )    2202888 bits [Y 99.9900 dB    U 99.9900 dB    V 99.9900 dB] [ET  5.88 ] [L0 ] [L1 ]
*** TRAIL_R numBytesInNALunit: 275329
POC  220 TId: 0 ( I-SLICE, QP 26 )    2202632 bits [Y 99.9900 dB    U 99.9900 dB    V 99.9900 dB] [ET  5.64 ] [L0 ] [L1 ]
*** TRAIL_R numBytesInNALunit: 274640
POC  221 TId: 0 ( I-SLICE, QP 26 )    2197120 bits [Y 99.9900 dB    U 99.9900 dB    V 99.9900 dB] [ET  5.70 ] [L0 ] [L1 ]
*** TRAIL_R numBytesInNALunit: 274914
POC  222 TId: 0 ( I-SLICE, QP 26 )    2199312 bits [Y 99.9900 dB    U 99.9900 dB    V 99.9900 dB] [ET  5.66 ] [L0 ] [L1 ]
*** TRAIL_R numBytesInNALunit: 274403
POC  223 TId: 0 ( I-SLICE, QP 26 )    2195224 bits [Y 99.9900 dB    U 99.9900 dB    V 99.9900 dB] [ET  5.78 ] [L0 ] [L1 ]
*** TRAIL_R numBytesInNALunit: 274177
POC  224 TId: 0 ( I-SLICE, QP 26 )    2193416 bits [Y 99.9900 dB    U 99.9900 dB    V 99.9900 dB] [ET  5.70 ] [L0 ] [L1 ]
*** TRAIL_R numBytesInNALunit: 273982
POC  225 TId: 0 ( I-SLICE, QP 26 )    2191856 bits [Y 99.9900 dB    U 99.9900 dB    V 99.9900 dB] [ET  5.70 ] [L0 ] [L1 ]
*** TRAIL_R numBytesInNALunit: 273492
POC  226 TId: 0 ( I-SLICE, QP 26 )    2187936 bits [Y 99.9900 dB    U 99.9900 dB    V 99.9900 dB] [ET  5.77 ] [L0 ] [L1 ]
*** TRAIL_R numBytesInNALunit: 273129
POC  227 TId: 0 ( I-SLICE, QP 26 )    2185032 bits [Y 99.9900 dB    U 99.9900 dB    V 99.9900 dB] [ET  5.70 ] [L0 ] [L1 ]
*** TRAIL_R numBytesInNALunit: 273312
POC  228 TId: 0 ( I-SLICE, QP 26 )    2186496 bits [Y 99.9900 dB    U 99.9900 dB    V 99.9900 dB] [ET  5.81 ] [L0 ] [L1 ]
*** TRAIL_R numBytesInNALunit: 274192
POC  229 TId: 0 ( I-SLICE, QP 26 )    2193536 bits [Y 99.9900 dB    U 99.9900 dB    V 99.9900 dB] [ET  5.77 ] [L0 ] [L1 ]
*** TRAIL_R numBytesInNALunit: 274905
POC  230 TId: 0 ( I-SLICE, QP 26 )    2199240 bits [Y 99.9900 dB    U 99.9900 dB    V 99.9900 dB] [ET  5.73 ] [L0 ] [L1 ]
*** TRAIL_R numBytesInNALunit: 275220
POC  231 TId: 0 ( I-SLICE, QP 26 )    2201760 bits [Y 99.9900 dB    U 99.9900 dB    V 99.9900 dB] [ET  5.66 ] [L0 ] [L1 ]
*** TRAIL_R numBytesInNALunit: 274627
POC  232 TId: 0 ( I-SLICE, QP 26 )    2197016 bits [Y 99.9900 dB    U 99.9900 dB    V 99.9900 dB] [ET  5.64 ] [L0 ] [L1 ]
*** TRAIL_R numBytesInNALunit: 274190
POC  233 TId: 0 ( I-SLICE, QP 26 )    2193520 bits [Y 99.9900 dB    U 99.9900 dB    V 99.9900 dB] [ET  5.72 ] [L0 ] [L1 ]
*** TRAIL_R numBytesInNALunit: 273753
POC  234 TId: 0 ( I-SLICE, QP 26 )    2190024 bits [Y 99.9900 dB    U 99.9900 dB    V 99.9900 dB] [ET  5.69 ] [L0 ] [L1 ]
*** TRAIL_R numBytesInNALunit: 273067
POC  235 TId: 0 ( I-SLICE, QP 26 )    2184536 bits [Y 99.9900 dB    U 99.9900 dB    V 99.9900 dB] [ET  5.81 ] [L0 ] [L1 ]
*** TRAIL_R numBytesInNALunit: 272484
POC  236 TId: 0 ( I-SLICE, QP 26 )    2179872 bits [Y 99.9900 dB    U 99.9900 dB    V 99.9900 dB] [ET  5.61 ] [L0 ] [L1 ]
*** TRAIL_R numBytesInNALunit: 270906
POC  237 TId: 0 ( I-SLICE, QP 26 )    2167248 bits [Y 99.9900 dB    U 99.9900 dB    V 99.9900 dB] [ET  5.77 ] [L0 ] [L1 ]
*** TRAIL_R numBytesInNALunit: 270636
POC  238 TId: 0 ( I-SLICE, QP 26 )    2165088 bits [Y 99.9900 dB    U 99.9900 dB    V 99.9900 dB] [ET  5.55 ] [L0 ] [L1 ]
*** TRAIL_R numBytesInNALunit: 271145
POC  239 TId: 0 ( I-SLICE, QP 26 )    2169160 bits [Y 99.9900 dB    U 99.9900 dB    V 99.9900 dB] [ET  5.62 ] [L0 ] [L1 ]
*** TRAIL_R numBytesInNALunit: 271065
POC  240 TId: 0 ( I-SLICE, QP 26 )    2168520 bits [Y 99.9900 dB    U 99.9900 dB    V 99.9900 dB] [ET  5.69 ] [L0 ] [L1 ]
*** TRAIL_R numBytesInNALunit: 272072
POC  241 TId: 0 ( I-SLICE, QP 26 )    2176576 bits [Y 99.9900 dB    U 99.9900 dB    V 99.9900 dB] [ET  5.73 ] [L0 ] [L1 ]
*** TRAIL_R numBytesInNALunit: 270631
POC  242 TId: 0 ( I-SLICE, QP 26 )    2165048 bits [Y 99.9900 dB    U 99.9900 dB    V 99.9900 dB] [ET  5.67 ] [L0 ] [L1 ]
*** TRAIL_R numBytesInNALunit: 269876
POC  243 TId: 0 ( I-SLICE, QP 26 )    2159008 bits [Y 99.9900 dB    U 99.9900 dB    V 99.9900 dB] [ET  5.62 ] [L0 ] [L1 ]
*** TRAIL_R numBytesInNALunit: 267976
POC  244 TId: 0 ( I-SLICE, QP 26 )    2143808 bits [Y 99.9900 dB    U 99.9900 dB    V 99.9900 dB] [ET  5.83 ] [L0 ] [L1 ]
*** TRAIL_R numBytesInNALunit: 267623
POC  245 TId: 0 ( I-SLICE, QP 26 )    2140984 bits [Y 99.9900 dB    U 99.9900 dB    V 99.9900 dB] [ET  5.77 ] [L0 ] [L1 ]
*** TRAIL_R numBytesInNALunit: 267049
POC  246 TId: 0 ( I-SLICE, QP 26 )    2136392 bits [Y 99.9900 dB    U 99.9900 dB    V 99.9900 dB] [ET  5.86 ] [L0 ] [L1 ]
*** TRAIL_R numBytesInNALunit: 267268
POC  247 TId: 0 ( I-SLICE, QP 26 )    2138144 bits [Y 99.9900 dB    U 99.9900 dB    V 99.9900 dB] [ET  5.78 ] [L0 ] [L1 ]
*** TRAIL_R numBytesInNALunit: 269395
POC  248 TId: 0 ( I-SLICE, QP 26 )    2155160 bits [Y 99.9900 dB    U 99.9900 dB    V 99.9900 dB] [ET  5.83 ] [L0 ] [L1 ]
*** TRAIL_R numBytesInNALunit: 268909
POC  249 TId: 0 ( I-SLICE, QP 26 )    2151272 bits [Y 99.9900 dB    U 99.9900 dB    V 99.9900 dB] [ET  5.58 ] [L0 ] [L1 ]
*** TRAIL_R numBytesInNALunit: 269964
POC  250 TId: 0 ( I-SLICE, QP 26 )    2159712 bits [Y 99.9900 dB    U 99.9900 dB    V 99.9900 dB] [ET  5.84 ] [L0 ] [L1 ]
*** TRAIL_R numBytesInNALunit: 269968
POC  251 TId: 0 ( I-SLICE, QP 26 )    2159744 bits [Y 99.9900 dB    U 99.9900 dB    V 99.9900 dB] [ET  5.70 ] [L0 ] [L1 ]
*** TRAIL_R numBytesInNALunit: 270001
POC  252 TId: 0 ( I-SLICE, QP 26 )    2160008 bits [Y 99.9900 dB    U 99.9900 dB    V 99.9900 dB] [ET  5.83 ] [L0 ] [L1 ]
*** TRAIL_R numBytesInNALunit: 270277
POC  253 TId: 0 ( I-SLICE, QP 26 )    2162216 bits [Y 99.9900 dB    U 99.9900 dB    V 99.9900 dB] [ET  5.89 ] [L0 ] [L1 ]
*** TRAIL_R numBytesInNALunit: 270598
POC  254 TId: 0 ( I-SLICE, QP 26 )    2164784 bits [Y 99.9900 dB    U 99.9900 dB    V 99.9900 dB] [ET  5.98 ] [L0 ] [L1 ]
*** TRAIL_R numBytesInNALunit: 270552
POC  255 TId: 0 ( I-SLICE, QP 26 )    2164416 bits [Y 99.9900 dB    U 99.9900 dB    V 99.9900 dB] [ET  5.83 ] [L0 ] [L1 ]
*** TRAIL_R numBytesInNALunit: 271293
POC  256 TId: 0 ( I-SLICE, QP 26 )    2170344 bits [Y 99.9900 dB    U 99.9900 dB    V 99.9900 dB] [ET  5.69 ] [L0 ] [L1 ]
*** TRAIL_R numBytesInNALunit: 271855
POC  257 TId: 0 ( I-SLICE, QP 26 )    2174840 bits [Y 99.9900 dB    U 99.9900 dB    V 99.9900 dB] [ET  5.58 ] [L0 ] [L1 ]
*** TRAIL_R numBytesInNALunit: 272626
POC  258 TId: 0 ( I-SLICE, QP 26 )    2181008 bits [Y 99.9900 dB    U 99.9900 dB    V 99.9900 dB] [ET  5.69 ] [L0 ] [L1 ]
*** TRAIL_R numBytesInNALunit: 273351
POC  259 TId: 0 ( I-SLICE, QP 26 )    2186808 bits [Y 99.9900 dB    U 99.9900 dB    V 99.9900 dB] [ET  5.59 ] [L0 ] [L1 ]
*** TRAIL_R numBytesInNALunit: 273293
POC  260 TId: 0 ( I-SLICE, QP 26 )    2186344 bits [Y 99.9900 dB    U 99.9900 dB    V 99.9900 dB] [ET  5.69 ] [L0 ] [L1 ]
*** TRAIL_R numBytesInNALunit: 273068
POC  261 TId: 0 ( I-SLICE, QP 26 )    2184544 bits [Y 99.9900 dB    U 99.9900 dB    V 99.9900 dB] [ET  5.44 ] [L0 ] [L1 ]
*** TRAIL_R numBytesInNALunit: 272763
POC  262 TId: 0 ( I-SLICE, QP 26 )    2182104 bits [Y 99.9900 dB    U 99.9900 dB    V 99.9900 dB] [ET  5.56 ] [L0 ] [L1 ]
*** TRAIL_R numBytesInNALunit: 272942
POC  263 TId: 0 ( I-SLICE, QP 26 )    2183536 bits [Y 99.9900 dB    U 99.9900 dB    V 99.9900 dB] [ET  5.84 ] [L0 ] [L1 ]
*** TRAIL_R numBytesInNALunit: 272705
POC  264 TId: 0 ( I-SLICE, QP 26 )    2181640 bits [Y 99.9900 dB    U 99.9900 dB    V 99.9900 dB] [ET  5.77 ] [L0 ] [L1 ]
*** TRAIL_R numBytesInNALunit: 272498
POC  265 TId: 0 ( I-SLICE, QP 26 )    2179984 bits [Y 99.9900 dB    U 99.9900 dB    V 99.9900 dB] [ET  5.75 ] [L0 ] [L1 ]
*** TRAIL_R numBytesInNALunit: 272937
POC  266 TId: 0 ( I-SLICE, QP 26 )    2183496 bits [Y 99.9900 dB    U 99.9900 dB    V 99.9900 dB] [ET  5.72 ] [L0 ] [L1 ]
*** TRAIL_R numBytesInNALunit: 272566
POC  267 TId: 0 ( I-SLICE, QP 26 )    2180528 bits [Y 99.9900 dB    U 99.9900 dB    V 99.9900 dB] [ET  5.95 ] [L0 ] [L1 ]
*** TRAIL_R numBytesInNALunit: 272420
POC  268 TId: 0 ( I-SLICE, QP 26 )    2179360 bits [Y 99.9900 dB    U 99.9900 dB    V 99.9900 dB] [ET  5.95 ] [L0 ] [L1 ]
*** TRAIL_R numBytesInNALunit: 272526
POC  269 TId: 0 ( I-SLICE, QP 26 )    2180208 bits [Y 99.9900 dB    U 99.9900 dB    V 99.9900 dB] [ET  5.61 ] [L0 ] [L1 ]
*** TRAIL_R numBytesInNALunit: 272123
POC  270 TId: 0 ( I-SLICE, QP 26 )    2176984 bits [Y 99.9900 dB    U 99.9900 dB    V 99.9900 dB] [ET  5.34 ] [L0 ] [L1 ]
*** TRAIL_R numBytesInNALunit: 271329
POC  271 TId: 0 ( I-SLICE, QP 26 )    2170632 bits [Y 99.9900 dB    U 99.9900 dB    V 99.9900 dB] [ET  5.77 ] [L0 ] [L1 ]
*** TRAIL_R numBytesInNALunit: 270594
POC  272 TId: 0 ( I-SLICE, QP 26 )    2164752 bits [Y 99.9900 dB    U 99.9900 dB    V 99.9900 dB] [ET  5.66 ] [L0 ] [L1 ]
*** TRAIL_R numBytesInNALunit: 270644
POC  273 TId: 0 ( I-SLICE, QP 26 )    2165152 bits [Y 99.9900 dB    U 99.9900 dB    V 99.9900 dB] [ET  5.95 ] [L0 ] [L1 ]
*** TRAIL_R numBytesInNALunit: 271198
POC  274 TId: 0 ( I-SLICE, QP 26 )    2169584 bits [Y 99.9900 dB    U 99.9900 dB    V 99.9900 dB] [ET  5.91 ] [L0 ] [L1 ]
*** TRAIL_R numBytesInNALunit: 272702
POC  275 TId: 0 ( I-SLICE, QP 26 )    2181616 bits [Y 99.9900 dB    U 99.9900 dB    V 99.9900 dB] [ET  5.81 ] [L0 ] [L1 ]
*** TRAIL_R numBytesInNALunit: 273570
POC  276 TId: 0 ( I-SLICE, QP 26 )    2188560 bits [Y 99.9900 dB    U 99.9900 dB    V 99.9900 dB] [ET  5.55 ] [L0 ] [L1 ]
*** TRAIL_R numBytesInNALunit: 272364
POC  277 TId: 0 ( I-SLICE, QP 26 )    2178912 bits [Y 99.9900 dB    U 99.9900 dB    V 99.9900 dB] [ET  5.72 ] [L0 ] [L1 ]
*** TRAIL_R numBytesInNALunit: 270595
POC  278 TId: 0 ( I-SLICE, QP 26 )    2164760 bits [Y 99.9900 dB    U 99.9900 dB    V 99.9900 dB] [ET  5.61 ] [L0 ] [L1 ]
*** TRAIL_R numBytesInNALunit: 268337
POC  279 TId: 0 ( I-SLICE, QP 26 )    2146696 bits [Y 99.9900 dB    U 99.9900 dB    V 99.9900 dB] [ET  5.61 ] [L0 ] [L1 ]
*** TRAIL_R numBytesInNALunit: 267276
POC  280 TId: 0 ( I-SLICE, QP 26 )    2138208 bits [Y 99.9900 dB    U 99.9900 dB    V 99.9900 dB] [ET  5.72 ] [L0 ] [L1 ]
*** TRAIL_R numBytesInNALunit: 267790
POC  281 TId: 0 ( I-SLICE, QP 26 )    2142320 bits [Y 99.9900 dB    U 99.9900 dB    V 99.9900 dB] [ET  5.70 ] [L0 ] [L1 ]
*** TRAIL_R numBytesInNALunit: 268655
POC  282 TId: 0 ( I-SLICE, QP 26 )    2149240 bits [Y 99.9900 dB    U 99.9900 dB    V 99.9900 dB] [ET  5.62 ] [L0 ] [L1 ]
*** TRAIL_R numBytesInNALunit: 270364
POC  283 TId: 0 ( I-SLICE, QP 26 )    2162912 bits [Y 99.9900 dB    U 99.9900 dB    V 99.9900 dB] [ET  5.69 ] [L0 ] [L1 ]
*** TRAIL_R numBytesInNALunit: 271286
POC  284 TId: 0 ( I-SLICE, QP 26 )    2170288 bits [Y 99.9900 dB    U 99.9900 dB    V 99.9900 dB] [ET  5.77 ] [L0 ] [L1 ]
*** TRAIL_R numBytesInNALunit: 269032
POC  285 TId: 0 ( I-SLICE, QP 26 )    2152256 bits [Y 99.9900 dB    U 99.9900 dB    V 99.9900 dB] [ET  5.66 ] [L0 ] [L1 ]
*** TRAIL_R numBytesInNALunit: 271671
POC  286 TId: 0 ( I-SLICE, QP 26 )    2173368 bits [Y 99.9900 dB    U 99.9900 dB    V 99.9900 dB] [ET  5.83 ] [L0 ] [L1 ]
*** TRAIL_R numBytesInNALunit: 268838
POC  287 TId: 0 ( I-SLICE, QP 26 )    2150704 bits [Y 99.9900 dB    U 99.9900 dB    V 99.9900 dB] [ET  5.55 ] [L0 ] [L1 ]
*** TRAIL_R numBytesInNALunit: 271616
POC  288 TId: 0 ( I-SLICE, QP 26 )    2172928 bits [Y 99.9900 dB    U 99.9900 dB    V 99.9900 dB] [ET  5.73 ] [L0 ] [L1 ]
*** TRAIL_R numBytesInNALunit: 268279
POC  289 TId: 0 ( I-SLICE, QP 26 )    2146232 bits [Y 99.9900 dB    U 99.9900 dB    V 99.9900 dB] [ET  5.70 ] [L0 ] [L1 ]
*** TRAIL_R numBytesInNALunit: 272539
POC  290 TId: 0 ( I-SLICE, QP 26 )    2180312 bits [Y 99.9900 dB    U 99.9900 dB    V 99.9900 dB] [ET  5.73 ] [L0 ] [L1 ]
*** TRAIL_R numBytesInNALunit: 271084
POC  291 TId: 0 ( I-SLICE, QP 26 )    2168672 bits [Y 99.9900 dB    U 99.9900 dB    V 99.9900 dB] [ET  5.81 ] [L0 ] [L1 ]
*** TRAIL_R numBytesInNALunit: 272855
POC  292 TId: 0 ( I-SLICE, QP 26 )    2182840 bits [Y 99.9900 dB    U 99.9900 dB    V 99.9900 dB] [ET  5.88 ] [L0 ] [L1 ]
*** TRAIL_R numBytesInNALunit: 273550
POC  293 TId: 0 ( I-SLICE, QP 26 )    2188400 bits [Y 99.9900 dB    U 99.9900 dB    V 99.9900 dB] [ET  6.05 ] [L0 ] [L1 ]
*** TRAIL_R numBytesInNALunit: 273579
POC  294 TId: 0 ( I-SLICE, QP 26 )    2188632 bits [Y 99.9900 dB    U 99.9900 dB    V 99.9900 dB] [ET  6.05 ] [L0 ] [L1 ]
*** TRAIL_R numBytesInNALunit: 274717
POC  295 TId: 0 ( I-SLICE, QP 26 )    2197736 bits [Y 99.9900 dB    U 99.9900 dB    V 99.9900 dB] [ET  5.80 ] [L0 ] [L1 ]
*** TRAIL_R numBytesInNALunit: 274719
POC  296 TId: 0 ( I-SLICE, QP 26 )    2197752 bits [Y 99.9900 dB    U 99.9900 dB    V 99.9900 dB] [ET  5.64 ] [L0 ] [L1 ]
*** TRAIL_R numBytesInNALunit: 275118
POC  297 TId: 0 ( I-SLICE, QP 26 )    2200944 bits [Y 99.9900 dB    U 99.9900 dB    V 99.9900 dB] [ET  5.47 ] [L0 ] [L1 ]
*** TRAIL_R numBytesInNALunit: 274380
POC  298 TId: 0 ( I-SLICE, QP 26 )    2195040 bits [Y 99.9900 dB    U 99.9900 dB    V 99.9900 dB] [ET  5.67 ] [L0 ] [L1 ]
*** TRAIL_R numBytesInNALunit: 273817
POC  299 TId: 0 ( I-SLICE, QP 26 )    2190536 bits [Y 99.9900 dB    U 99.9900 dB    V 99.9900 dB] [ET  5.89 ] [L0 ] [L1 ]
*** TRAIL_R numBytesInNALunit: 272939
POC  300 TId: 0 ( I-SLICE, QP 26 )    2183512 bits [Y 99.9900 dB    U 99.9900 dB    V 99.9900 dB] [ET  5.70 ] [L0 ] [L1 ]
*** TRAIL_R numBytesInNALunit: 273360
POC  301 TId: 0 ( I-SLICE, QP 26 )    2186880 bits [Y 99.9900 dB    U 99.9900 dB    V 99.9900 dB] [ET  5.77 ] [L0 ] [L1 ]
*** TRAIL_R numBytesInNALunit: 272421
POC  302 TId: 0 ( I-SLICE, QP 26 )    2179368 bits [Y 99.9900 dB    U 99.9900 dB    V 99.9900 dB] [ET  5.97 ] [L0 ] [L1 ]
*** TRAIL_R numBytesInNALunit: 272462
POC  303 TId: 0 ( I-SLICE, QP 26 )    2179696 bits [Y 99.9900 dB    U 99.9900 dB    V 99.9900 dB] [ET  5.95 ] [L0 ] [L1 ]
*** TRAIL_R numBytesInNALunit: 272794
POC  304 TId: 0 ( I-SLICE, QP 26 )    2182352 bits [Y 99.9900 dB    U 99.9900 dB    V 99.9900 dB] [ET  5.70 ] [L0 ] [L1 ]
*** TRAIL_R numBytesInNALunit: 272488
POC  305 TId: 0 ( I-SLICE, QP 26 )    2179904 bits [Y 99.9900 dB    U 99.9900 dB    V 99.9900 dB] [ET  5.75 ] [L0 ] [L1 ]
*** TRAIL_R numBytesInNALunit: 272245
POC  306 TId: 0 ( I-SLICE, QP 26 )    2177960 bits [Y 99.9900 dB    U 99.9900 dB    V 99.9900 dB] [ET  5.84 ] [L0 ] [L1 ]
*** TRAIL_R numBytesInNALunit: 270808
POC  307 TId: 0 ( I-SLICE, QP 26 )    2166464 bits [Y 99.9900 dB    U 99.9900 dB    V 99.9900 dB] [ET  5.92 ] [L0 ] [L1 ]
*** TRAIL_R numBytesInNALunit: 268958
POC  308 TId: 0 ( I-SLICE, QP 26 )    2151664 bits [Y 99.9900 dB    U 99.9900 dB    V 99.9900 dB] [ET  5.78 ] [L0 ] [L1 ]
*** TRAIL_R numBytesInNALunit: 268073
POC  309 TId: 0 ( I-SLICE, QP 26 )    2144584 bits [Y 99.9900 dB    U 99.9900 dB    V 99.9900 dB] [ET  5.86 ] [L0 ] [L1 ]
*** TRAIL_R numBytesInNALunit: 268967
POC  310 TId: 0 ( I-SLICE, QP 26 )    2151736 bits [Y 99.9900 dB    U 99.9900 dB    V 99.9900 dB] [ET  5.89 ] [L0 ] [L1 ]
*** TRAIL_R numBytesInNALunit: 270650
POC  311 TId: 0 ( I-SLICE, QP 26 )    2165200 bits [Y 99.9900 dB    U 99.9900 dB    V 99.9900 dB] [ET  5.81 ] [L0 ] [L1 ]
*** TRAIL_R numBytesInNALunit: 272125
POC  312 TId: 0 ( I-SLICE, QP 26 )    2177000 bits [Y 99.9900 dB    U 99.9900 dB    V 99.9900 dB] [ET  5.80 ] [L0 ] [L1 ]
*** TRAIL_R numBytesInNALunit: 271105
POC  313 TId: 0 ( I-SLICE, QP 26 )    2168840 bits [Y 99.9900 dB    U 99.9900 dB    V 99.9900 dB] [ET  5.77 ] [L0 ] [L1 ]
*** TRAIL_R numBytesInNALunit: 270255
POC  314 TId: 0 ( I-SLICE, QP 26 )    2162040 bits [Y 99.9900 dB    U 99.9900 dB    V 99.9900 dB] [ET  5.75 ] [L0 ] [L1 ]
*** TRAIL_R numBytesInNALunit: 268251
POC  315 TId: 0 ( I-SLICE, QP 26 )    2146008 bits [Y 99.9900 dB    U 99.9900 dB    V 99.9900 dB] [ET  5.92 ] [L0 ] [L1 ]
*** TRAIL_R numBytesInNALunit: 266992
POC  316 TId: 0 ( I-SLICE, QP 26 )    2135936 bits [Y 99.9900 dB    U 99.9900 dB    V 99.9900 dB] [ET  5.66 ] [L0 ] [L1 ]
*** TRAIL_R numBytesInNALunit: 267293
POC  317 TId: 0 ( I-SLICE, QP 26 )    2138344 bits [Y 99.9900 dB    U 99.9900 dB    V 99.9900 dB] [ET  5.70 ] [L0 ] [L1 ]
*** TRAIL_R numBytesInNALunit: 268053
POC  318 TId: 0 ( I-SLICE, QP 26 )    2144424 bits [Y 99.9900 dB    U 99.9900 dB    V 99.9900 dB] [ET  5.75 ] [L0 ] [L1 ]
*** TRAIL_R numBytesInNALunit: 269381
POC  319 TId: 0 ( I-SLICE, QP 26 )    2155048 bits [Y 99.9900 dB    U 99.9900 dB    V 99.9900 dB] [ET  5.83 ] [L0 ] [L1 ]
*** TRAIL_R numBytesInNALunit: 270248
POC  320 TId: 0 ( I-SLICE, QP 26 )    2161984 bits [Y 99.9900 dB    U 99.9900 dB    V 99.9900 dB] [ET  5.94 ] [L0 ] [L1 ]
*** TRAIL_R numBytesInNALunit: 270735
POC  321 TId: 0 ( I-SLICE, QP 26 )    2165880 bits [Y 99.9900 dB    U 99.9900 dB    V 99.9900 dB] [ET  5.91 ] [L0 ] [L1 ]
*** TRAIL_R numBytesInNALunit: 271228
POC  322 TId: 0 ( I-SLICE, QP 26 )    2169824 bits [Y 99.9900 dB    U 99.9900 dB    V 99.9900 dB] [ET  5.70 ] [L0 ] [L1 ]
*** TRAIL_R numBytesInNALunit: 270947
POC  323 TId: 0 ( I-SLICE, QP 26 )    2167576 bits [Y 99.9900 dB    U 99.9900 dB    V 99.9900 dB] [ET  5.66 ] [L0 ] [L1 ]
*** TRAIL_R numBytesInNALunit: 271788
POC  324 TId: 0 ( I-SLICE, QP 26 )    2174304 bits [Y 99.9900 dB    U 99.9900 dB    V 99.9900 dB] [ET  5.72 ] [L0 ] [L1 ]
*** TRAIL_R numBytesInNALunit: 271624
POC  325 TId: 0 ( I-SLICE, QP 26 )    2172992 bits [Y 99.9900 dB    U 99.9900 dB    V 99.9900 dB] [ET  5.66 ] [L0 ] [L1 ]
*** TRAIL_R numBytesInNALunit: 272545
POC  326 TId: 0 ( I-SLICE, QP 26 )    2180360 bits [Y 99.9900 dB    U 99.9900 dB    V 99.9900 dB] [ET  5.69 ] [L0 ] [L1 ]
*** TRAIL_R numBytesInNALunit: 272447
POC  327 TId: 0 ( I-SLICE, QP 26 )    2179576 bits [Y 99.9900 dB    U 99.9900 dB    V 99.9900 dB] [ET  5.83 ] [L0 ] [L1 ]
*** TRAIL_R numBytesInNALunit: 271846
POC  328 TId: 0 ( I-SLICE, QP 26 )    2174768 bits [Y 99.9900 dB    U 99.9900 dB    V 99.9900 dB] [ET  5.72 ] [L0 ] [L1 ]
*** TRAIL_R numBytesInNALunit: 272270
POC  329 TId: 0 ( I-SLICE, QP 26 )    2178160 bits [Y 99.9900 dB    U 99.9900 dB    V 99.9900 dB] [ET  5.73 ] [L0 ] [L1 ]
*** TRAIL_R numBytesInNALunit: 273414
POC  330 TId: 0 ( I-SLICE, QP 26 )    2187312 bits [Y 99.9900 dB    U 99.9900 dB    V 99.9900 dB] [ET  5.64 ] [L0 ] [L1 ]
*** TRAIL_R numBytesInNALunit: 273812
POC  331 TId: 0 ( I-SLICE, QP 26 )    2190496 bits [Y 99.9900 dB    U 99.9900 dB    V 99.9900 dB] [ET  5.83 ] [L0 ] [L1 ]
*** TRAIL_R numBytesInNALunit: 273962
POC  332 TId: 0 ( I-SLICE, QP 26 )    2191696 bits [Y 99.9900 dB    U 99.9900 dB    V 99.9900 dB] [ET  5.66 ] [L0 ] [L1 ]
*** TRAIL_R numBytesInNALunit: 274169
POC  333 TId: 0 ( I-SLICE, QP 26 )    2193352 bits [Y 99.9900 dB    U 99.9900 dB    V 99.9900 dB] [ET  5.61 ] [L0 ] [L1 ]
*** TRAIL_R numBytesInNALunit: 274099
POC  334 TId: 0 ( I-SLICE, QP 26 )    2192792 bits [Y 99.9900 dB    U 99.9900 dB    V 99.9900 dB] [ET  5.48 ] [L0 ] [L1 ]
*** TRAIL_R numBytesInNALunit: 274428
POC  335 TId: 0 ( I-SLICE, QP 26 )    2195424 bits [Y 99.9900 dB    U 99.9900 dB    V 99.9900 dB] [ET  5.66 ] [L0 ] [L1 ]
*** TRAIL_R numBytesInNALunit: 274939
POC  336 TId: 0 ( I-SLICE, QP 26 )    2199512 bits [Y 99.9900 dB    U 99.9900 dB    V 99.9900 dB] [ET  5.91 ] [L0 ] [L1 ]
*** TRAIL_R numBytesInNALunit: 274510
POC  337 TId: 0 ( I-SLICE, QP 26 )    2196080 bits [Y 99.9900 dB    U 99.9900 dB    V 99.9900 dB] [ET  5.97 ] [L0 ] [L1 ]
*** TRAIL_R numBytesInNALunit: 274670
POC  338 TId: 0 ( I-SLICE, QP 26 )    2197360 bits [Y 99.9900 dB    U 99.9900 dB    V 99.9900 dB] [ET  5.97 ] [L0 ] [L1 ]
*** TRAIL_R numBytesInNALunit: 274437
POC  339 TId: 0 ( I-SLICE, QP 26 )    2195496 bits [Y 99.9900 dB    U 99.9900 dB    V 99.9900 dB] [ET  5.58 ] [L0 ] [L1 ]
*** TRAIL_R numBytesInNALunit: 275347
POC  340 TId: 0 ( I-SLICE, QP 26 )    2202776 bits [Y 99.9900 dB    U 99.9900 dB    V 99.9900 dB] [ET  5.77 ] [L0 ] [L1 ]
*** TRAIL_R numBytesInNALunit: 275193
POC  341 TId: 0 ( I-SLICE, QP 26 )    2201544 bits [Y 99.9900 dB    U 99.9900 dB    V 99.9900 dB] [ET  5.83 ] [L0 ] [L1 ]
*** TRAIL_R numBytesInNALunit: 274488
POC  342 TId: 0 ( I-SLICE, QP 26 )    2195904 bits [Y 99.9900 dB    U 99.9900 dB    V 99.9900 dB] [ET  5.61 ] [L0 ] [L1 ]
*** TRAIL_R numBytesInNALunit: 274360
POC  343 TId: 0 ( I-SLICE, QP 26 )    2194880 bits [Y 99.9900 dB    U 99.9900 dB    V 99.9900 dB] [ET  5.66 ] [L0 ] [L1 ]
*** TRAIL_R numBytesInNALunit: 273821
POC  344 TId: 0 ( I-SLICE, QP 26 )    2190568 bits [Y 99.9900 dB    U 99.9900 dB    V 99.9900 dB] [ET  5.73 ] [L0 ] [L1 ]
*** TRAIL_R numBytesInNALunit: 273312
POC  345 TId: 0 ( I-SLICE, QP 26 )    2186496 bits [Y 99.9900 dB    U 99.9900 dB    V 99.9900 dB] [ET  5.81 ] [L0 ] [L1 ]
*** TRAIL_R numBytesInNALunit: 272344
POC  346 TId: 0 ( I-SLICE, QP 26 )    2178752 bits [Y 99.9900 dB    U 99.9900 dB    V 99.9900 dB] [ET  5.56 ] [L0 ] [L1 ]
*** TRAIL_R numBytesInNALunit: 270914
POC  347 TId: 0 ( I-SLICE, QP 26 )    2167312 bits [Y 99.9900 dB    U 99.9900 dB    V 99.9900 dB] [ET  5.88 ] [L0 ] [L1 ]
*** TRAIL_R numBytesInNALunit: 269023
POC  348 TId: 0 ( I-SLICE, QP 26 )    2152184 bits [Y 99.9900 dB    U 99.9900 dB    V 99.9900 dB] [ET  5.72 ] [L0 ] [L1 ]
*** TRAIL_R numBytesInNALunit: 267474
POC  349 TId: 0 ( I-SLICE, QP 26 )    2139792 bits [Y 99.9900 dB    U 99.9900 dB    V 99.9900 dB] [ET  5.70 ] [L0 ] [L1 ]
*** TRAIL_R numBytesInNALunit: 267242
POC  350 TId: 0 ( I-SLICE, QP 26 )    2137936 bits [Y 99.9900 dB    U 99.9900 dB    V 99.9900 dB] [ET  5.88 ] [L0 ] [L1 ]
*** TRAIL_R numBytesInNALunit: 268065
POC  351 TId: 0 ( I-SLICE, QP 26 )    2144520 bits [Y 99.9900 dB    U 99.9900 dB    V 99.9900 dB] [ET  5.94 ] [L0 ] [L1 ]
*** TRAIL_R numBytesInNALunit: 269196
POC  352 TId: 0 ( I-SLICE, QP 26 )    2153568 bits [Y 99.9900 dB    U 99.9900 dB    V 99.9900 dB] [ET  5.61 ] [L0 ] [L1 ]
*** TRAIL_R numBytesInNALunit: 270280
POC  353 TId: 0 ( I-SLICE, QP 26 )    2162240 bits [Y 99.9900 dB    U 99.9900 dB    V 99.9900 dB] [ET  5.61 ] [L0 ] [L1 ]
*** TRAIL_R numBytesInNALunit: 270350
POC  354 TId: 0 ( I-SLICE, QP 26 )    2162800 bits [Y 99.9900 dB    U 99.9900 dB    V 99.9900 dB] [ET  6.06 ] [L0 ] [L1 ]
*** TRAIL_R numBytesInNALunit: 270709
POC  355 TId: 0 ( I-SLICE, QP 26 )    2165672 bits [Y 99.9900 dB    U 99.9900 dB    V 99.9900 dB] [ET  5.69 ] [L0 ] [L1 ]
*** TRAIL_R numBytesInNALunit: 269561
POC  356 TId: 0 ( I-SLICE, QP 26 )    2156488 bits [Y 99.9900 dB    U 99.9900 dB    V 99.9900 dB] [ET  5.66 ] [L0 ] [L1 ]
*** TRAIL_R numBytesInNALunit: 268815
POC  357 TId: 0 ( I-SLICE, QP 26 )    2150520 bits [Y 99.9900 dB    U 99.9900 dB    V 99.9900 dB] [ET  5.84 ] [L0 ] [L1 ]
*** TRAIL_R numBytesInNALunit: 269065
POC  358 TId: 0 ( I-SLICE, QP 26 )    2152520 bits [Y 99.9900 dB    U 99.9900 dB    V 99.9900 dB] [ET  5.89 ] [L0 ] [L1 ]
*** TRAIL_R numBytesInNALunit: 269175
POC  359 TId: 0 ( I-SLICE, QP 26 )    2153400 bits [Y 99.9900 dB    U 99.9900 dB    V 99.9900 dB] [ET  5.91 ] [L0 ] [L1 ]
*** TRAIL_R numBytesInNALunit: 270178
POC  360 TId: 0 ( I-SLICE, QP 26 )    2161424 bits [Y 99.9900 dB    U 99.9900 dB    V 99.9900 dB] [ET  5.47 ] [L0 ] [L1 ]
*** TRAIL_R numBytesInNALunit: 271143
POC  361 TId: 0 ( I-SLICE, QP 26 )    2169144 bits [Y 99.9900 dB    U 99.9900 dB    V 99.9900 dB] [ET  5.55 ] [L0 ] [L1 ]
*** TRAIL_R numBytesInNALunit: 272531
POC  362 TId: 0 ( I-SLICE, QP 26 )    2180248 bits [Y 99.9900 dB    U 99.9900 dB    V 99.9900 dB] [ET  5.81 ] [L0 ] [L1 ]
*** TRAIL_R numBytesInNALunit: 273247
POC  363 TId: 0 ( I-SLICE, QP 26 )    2185976 bits [Y 99.9900 dB    U 99.9900 dB    V 99.9900 dB] [ET  5.69 ] [L0 ] [L1 ]
*** TRAIL_R numBytesInNALunit: 273627
POC  364 TId: 0 ( I-SLICE, QP 26 )    2189016 bits [Y 99.9900 dB    U 99.9900 dB    V 99.9900 dB] [ET  5.89 ] [L0 ] [L1 ]
*** TRAIL_R numBytesInNALunit: 274491
POC  365 TId: 0 ( I-SLICE, QP 26 )    2195928 bits [Y 99.9900 dB    U 99.9900 dB    V 99.9900 dB] [ET  5.64 ] [L0 ] [L1 ]
*** TRAIL_R numBytesInNALunit: 274726
POC  366 TId: 0 ( I-SLICE, QP 26 )    2197808 bits [Y 99.9900 dB    U 99.9900 dB    V 99.9900 dB] [ET  5.67 ] [L0 ] [L1 ]
*** TRAIL_R numBytesInNALunit: 275363
POC  367 TId: 0 ( I-SLICE, QP 26 )    2202904 bits [Y 99.9900 dB    U 99.9900 dB    V 99.9900 dB] [ET  5.91 ] [L0 ] [L1 ]
*** TRAIL_R numBytesInNALunit: 275712
POC  368 TId: 0 ( I-SLICE, QP 26 )    2205696 bits [Y 99.9900 dB    U 99.9900 dB    V 99.9900 dB] [ET  5.86 ] [L0 ] [L1 ]
*** TRAIL_R numBytesInNALunit: 275978
POC  369 TId: 0 ( I-SLICE, QP 26 )    2207824 bits [Y 99.9900 dB    U 99.9900 dB    V 99.9900 dB] [ET  5.80 ] [L0 ] [L1 ]
*** TRAIL_R numBytesInNALunit: 276040
POC  370 TId: 0 ( I-SLICE, QP 26 )    2208320 bits [Y 99.9900 dB    U 99.9900 dB    V 99.9900 dB] [ET  5.88 ] [L0 ] [L1 ]
*** TRAIL_R numBytesInNALunit: 275846
POC  371 TId: 0 ( I-SLICE, QP 26 )    2206768 bits [Y 99.9900 dB    U 99.9900 dB    V 99.9900 dB] [ET  5.91 ] [L0 ] [L1 ]
*** TRAIL_R numBytesInNALunit: 276259
POC  372 TId: 0 ( I-SLICE, QP 26 )    2210072 bits [Y 99.9900 dB    U 99.9900 dB    V 99.9900 dB] [ET  5.73 ] [L0 ] [L1 ]
*** TRAIL_R numBytesInNALunit: 276803
POC  373 TId: 0 ( I-SLICE, QP 26 )    2214424 bits [Y 99.9900 dB    U 99.9900 dB    V 99.9900 dB] [ET  5.72 ] [L0 ] [L1 ]
*** TRAIL_R numBytesInNALunit: 276498
POC  374 TId: 0 ( I-SLICE, QP 26 )    2211984 bits [Y 99.9900 dB    U 99.9900 dB    V 99.9900 dB] [ET  5.62 ] [L0 ] [L1 ]
*** TRAIL_R numBytesInNALunit: 276223
POC  375 TId: 0 ( I-SLICE, QP 26 )    2209784 bits [Y 99.9900 dB    U 99.9900 dB    V 99.9900 dB] [ET  5.73 ] [L0 ] [L1 ]
*** TRAIL_R numBytesInNALunit: 276143
POC  376 TId: 0 ( I-SLICE, QP 26 )    2209144 bits [Y 99.9900 dB    U 99.9900 dB    V 99.9900 dB] [ET  5.66 ] [L0 ] [L1 ]
*** TRAIL_R numBytesInNALunit: 275817
POC  377 TId: 0 ( I-SLICE, QP 26 )    2206536 bits [Y 99.9900 dB    U 99.9900 dB    V 99.9900 dB] [ET  5.95 ] [L0 ] [L1 ]
*** TRAIL_R numBytesInNALunit: 275688
POC  378 TId: 0 ( I-SLICE, QP 26 )    2205504 bits [Y 99.9900 dB    U 99.9900 dB    V 99.9900 dB] [ET  5.80 ] [L0 ] [L1 ]
*** TRAIL_R numBytesInNALunit: 275941
POC  379 TId: 0 ( I-SLICE, QP 26 )    2207528 bits [Y 99.9900 dB    U 99.9900 dB    V 99.9900 dB] [ET  5.78 ] [L0 ] [L1 ]
*** TRAIL_R numBytesInNALunit: 276503
POC  380 TId: 0 ( I-SLICE, QP 26 )    2212024 bits [Y 99.9900 dB    U 99.9900 dB    V 99.9900 dB] [ET  5.69 ] [L0 ] [L1 ]
*** TRAIL_R numBytesInNALunit: 276726
POC  381 TId: 0 ( I-SLICE, QP 26 )    2213808 bits [Y 99.9900 dB    U 99.9900 dB    V 99.9900 dB] [ET  5.91 ] [L0 ] [L1 ]
*** TRAIL_R numBytesInNALunit: 276713
POC  382 TId: 0 ( I-SLICE, QP 26 )    2213704 bits [Y 99.9900 dB    U 99.9900 dB    V 99.9900 dB] [ET  5.70 ] [L0 ] [L1 ]
*** TRAIL_R numBytesInNALunit: 275830
POC  383 TId: 0 ( I-SLICE, QP 26 )    2206640 bits [Y 99.9900 dB    U 99.9900 dB    V 99.9900 dB] [ET  5.69 ] [L0 ] [L1 ]
*** TRAIL_R numBytesInNALunit: 275403
POC  384 TId: 0 ( I-SLICE, QP 26 )    2203224 bits [Y 99.9900 dB    U 99.9900 dB    V 99.9900 dB] [ET  5.62 ] [L0 ] [L1 ]
*** TRAIL_R numBytesInNALunit: 274468
POC  385 TId: 0 ( I-SLICE, QP 26 )    2195744 bits [Y 99.9900 dB    U 99.9900 dB    V 99.9900 dB] [ET  5.64 ] [L0 ] [L1 ]
*** TRAIL_R numBytesInNALunit: 274611
POC  386 TId: 0 ( I-SLICE, QP 26 )    2196888 bits [Y 99.9900 dB    U 99.9900 dB    V 99.9900 dB] [ET  5.59 ] [L0 ] [L1 ]
*** TRAIL_R numBytesInNALunit: 274652
POC  387 TId: 0 ( I-SLICE, QP 26 )    2197216 bits [Y 99.9900 dB    U 99.9900 dB    V 99.9900 dB] [ET  5.72 ] [L0 ] [L1 ]
*** TRAIL_R numBytesInNALunit: 275299
POC  388 TId: 0 ( I-SLICE, QP 26 )    2202392 bits [Y 99.9900 dB    U 99.9900 dB    V 99.9900 dB] [ET  5.84 ] [L0 ] [L1 ]
*** TRAIL_R numBytesInNALunit: 274495
POC  389 TId: 0 ( I-SLICE, QP 26 )    2195960 bits [Y 99.9900 dB    U 99.9900 dB    V 99.9900 dB] [ET  5.72 ] [L0 ] [L1 ]
*** TRAIL_R numBytesInNALunit: 273762
POC  390 TId: 0 ( I-SLICE, QP 26 )    2190096 bits [Y 99.9900 dB    U 99.9900 dB    V 99.9900 dB] [ET  5.70 ] [L0 ] [L1 ]
*** TRAIL_R numBytesInNALunit: 272939
POC  391 TId: 0 ( I-SLICE, QP 26 )    2183512 bits [Y 99.9900 dB    U 99.9900 dB    V 99.9900 dB] [ET  5.70 ] [L0 ] [L1 ]
*** TRAIL_R numBytesInNALunit: 272941
POC  392 TId: 0 ( I-SLICE, QP 26 )    2183528 bits [Y 99.9900 dB    U 99.9900 dB    V 99.9900 dB] [ET  5.75 ] [L0 ] [L1 ]
*** TRAIL_R numBytesInNALunit: 272723
POC  393 TId: 0 ( I-SLICE, QP 26 )    2181784 bits [Y 99.9900 dB    U 99.9900 dB    V 99.9900 dB] [ET  5.83 ] [L0 ] [L1 ]
*** TRAIL_R numBytesInNALunit: 271650
POC  394 TId: 0 ( I-SLICE, QP 26 )    2173200 bits [Y 99.9900 dB    U 99.9900 dB    V 99.9900 dB] [ET  5.92 ] [L0 ] [L1 ]
*** TRAIL_R numBytesInNALunit: 269764
POC  395 TId: 0 ( I-SLICE, QP 26 )    2158112 bits [Y 99.9900 dB    U 99.9900 dB    V 99.9900 dB] [ET  5.94 ] [L0 ] [L1 ]
*** TRAIL_R numBytesInNALunit: 268067
POC  396 TId: 0 ( I-SLICE, QP 26 )    2144536 bits [Y 99.9900 dB    U 99.9900 dB    V 99.9900 dB] [ET  5.73 ] [L0 ] [L1 ]
*** TRAIL_R numBytesInNALunit: 266635
POC  397 TId: 0 ( I-SLICE, QP 26 )    2133080 bits [Y 99.9900 dB    U 99.9900 dB    V 99.9900 dB] [ET  5.70 ] [L0 ] [L1 ]
*** TRAIL_R numBytesInNALunit: 266691
POC  398 TId: 0 ( I-SLICE, QP 26 )    2133528 bits [Y 99.9900 dB    U 99.9900 dB    V 99.9900 dB] [ET  5.73 ] [L0 ] [L1 ]
*** TRAIL_R numBytesInNALunit: 267559
POC  399 TId: 0 ( I-SLICE, QP 26 )    2140472 bits [Y 99.9900 dB    U 99.9900 dB    V 99.9900 dB] [ET  5.84 ] [L0 ] [L1 ]
*** TRAIL_R numBytesInNALunit: 268943
POC  400 TId: 0 ( I-SLICE, QP 26 )    2151544 bits [Y 99.9900 dB    U 99.9900 dB    V 99.9900 dB] [ET  5.66 ] [L0 ] [L1 ]
*** TRAIL_R numBytesInNALunit: 269839
POC  401 TId: 0 ( I-SLICE, QP 26 )    2158712 bits [Y 99.9900 dB    U 99.9900 dB    V 99.9900 dB] [ET  5.50 ] [L0 ] [L1 ]
*** TRAIL_R numBytesInNALunit: 269742
POC  402 TId: 0 ( I-SLICE, QP 26 )    2157936 bits [Y 99.9900 dB    U 99.9900 dB    V 99.9900 dB] [ET  5.45 ] [L0 ] [L1 ]
*** TRAIL_R numBytesInNALunit: 270306
POC  403 TId: 0 ( I-SLICE, QP 26 )    2162448 bits [Y 99.9900 dB    U 99.9900 dB    V 99.9900 dB] [ET  5.48 ] [L0 ] [L1 ]
*** TRAIL_R numBytesInNALunit: 269858
POC  404 TId: 0 ( I-SLICE, QP 26 )    2158864 bits [Y 99.9900 dB    U 99.9900 dB    V 99.9900 dB] [ET  5.61 ] [L0 ] [L1 ]
*** TRAIL_R numBytesInNALunit: 269876
POC  405 TId: 0 ( I-SLICE, QP 26 )    2159008 bits [Y 99.9900 dB    U 99.9900 dB    V 99.9900 dB] [ET  5.45 ] [L0 ] [L1 ]
*** TRAIL_R numBytesInNALunit: 271157
POC  406 TId: 0 ( I-SLICE, QP 26 )    2169256 bits [Y 99.9900 dB    U 99.9900 dB    V 99.9900 dB] [ET  5.50 ] [L0 ] [L1 ]
*** TRAIL_R numBytesInNALunit: 271846
POC  407 TId: 0 ( I-SLICE, QP 26 )    2174768 bits [Y 99.9900 dB    U 99.9900 dB    V 99.9900 dB] [ET  5.64 ] [L0 ] [L1 ]
*** TRAIL_R numBytesInNALunit: 272402
POC  408 TId: 0 ( I-SLICE, QP 26 )    2179216 bits [Y 99.9900 dB    U 99.9900 dB    V 99.9900 dB] [ET  5.42 ] [L0 ] [L1 ]
*** TRAIL_R numBytesInNALunit: 272677
POC  409 TId: 0 ( I-SLICE, QP 26 )    2181416 bits [Y 99.9900 dB    U 99.9900 dB    V 99.9900 dB] [ET  5.58 ] [L0 ] [L1 ]
*** TRAIL_R numBytesInNALunit: 272628
POC  410 TId: 0 ( I-SLICE, QP 26 )    2181024 bits [Y 99.9900 dB    U 99.9900 dB    V 99.9900 dB] [ET  5.34 ] [L0 ] [L1 ]
*** TRAIL_R numBytesInNALunit: 273396
POC  411 TId: 0 ( I-SLICE, QP 26 )    2187168 bits [Y 99.9900 dB    U 99.9900 dB    V 99.9900 dB] [ET  5.50 ] [L0 ] [L1 ]
*** TRAIL_R numBytesInNALunit: 273733
POC  412 TId: 0 ( I-SLICE, QP 26 )    2189864 bits [Y 99.9900 dB    U 99.9900 dB    V 99.9900 dB] [ET  5.44 ] [L0 ] [L1 ]
*** TRAIL_R numBytesInNALunit: 274125
POC  413 TId: 0 ( I-SLICE, QP 26 )    2193000 bits [Y 99.9900 dB    U 99.9900 dB    V 99.9900 dB] [ET  5.42 ] [L0 ] [L1 ]
*** TRAIL_R numBytesInNALunit: 274363
POC  414 TId: 0 ( I-SLICE, QP 26 )    2194904 bits [Y 99.9900 dB    U 99.9900 dB    V 99.9900 dB] [ET  5.44 ] [L0 ] [L1 ]
*** TRAIL_R numBytesInNALunit: 274480
POC  415 TId: 0 ( I-SLICE, QP 26 )    2195840 bits [Y 99.9900 dB    U 99.9900 dB    V 99.9900 dB] [ET  5.42 ] [L0 ] [L1 ]
*** TRAIL_R numBytesInNALunit: 275647
POC  416 TId: 0 ( I-SLICE, QP 26 )    2205176 bits [Y 99.9900 dB    U 99.9900 dB    V 99.9900 dB] [ET  5.23 ] [L0 ] [L1 ]
*** TRAIL_R numBytesInNALunit: 275750
POC  417 TId: 0 ( I-SLICE, QP 26 )    2206000 bits [Y 99.9900 dB    U 99.9900 dB    V 99.9900 dB] [ET  5.50 ] [L0 ] [L1 ]
*** TRAIL_R numBytesInNALunit: 275643
POC  418 TId: 0 ( I-SLICE, QP 26 )    2205144 bits [Y 99.9900 dB    U 99.9900 dB    V 99.9900 dB] [ET  5.48 ] [L0 ] [L1 ]
*** TRAIL_R numBytesInNALunit: 276014
POC  419 TId: 0 ( I-SLICE, QP 26 )    2208112 bits [Y 99.9900 dB    U 99.9900 dB    V 99.9900 dB] [ET  5.45 ] [L0 ] [L1 ]
*** TRAIL_R numBytesInNALunit: 275496
POC  420 TId: 0 ( I-SLICE, QP 26 )    2203968 bits [Y 99.9900 dB    U 99.9900 dB    V 99.9900 dB] [ET  5.31 ] [L0 ] [L1 ]
*** TRAIL_R numBytesInNALunit: 275388
POC  421 TId: 0 ( I-SLICE, QP 26 )    2203104 bits [Y 99.9900 dB    U 99.9900 dB    V 99.9900 dB] [ET  5.56 ] [L0 ] [L1 ]
*** TRAIL_R numBytesInNALunit: 274967
POC  422 TId: 0 ( I-SLICE, QP 26 )    2199736 bits [Y 99.9900 dB    U 99.9900 dB    V 99.9900 dB] [ET  5.25 ] [L0 ] [L1 ]
*** TRAIL_R numBytesInNALunit: 274340
POC  423 TId: 0 ( I-SLICE, QP 26 )    2194720 bits [Y 99.9900 dB    U 99.9900 dB    V 99.9900 dB] [ET  5.56 ] [L0 ] [L1 ]
*** TRAIL_R numBytesInNALunit: 275164
POC  424 TId: 0 ( I-SLICE, QP 26 )    2201312 bits [Y 99.9900 dB    U 99.9900 dB    V 99.9900 dB] [ET  5.62 ] [L0 ] [L1 ]
*** TRAIL_R numBytesInNALunit: 275497
POC  425 TId: 0 ( I-SLICE, QP 26 )    2203976 bits [Y 99.9900 dB    U 99.9900 dB    V 99.9900 dB] [ET  5.52 ] [L0 ] [L1 ]
*** TRAIL_R numBytesInNALunit: 275506
POC  426 TId: 0 ( I-SLICE, QP 26 )    2204048 bits [Y 99.9900 dB    U 99.9900 dB    V 99.9900 dB] [ET  5.47 ] [L0 ] [L1 ]
*** TRAIL_R numBytesInNALunit: 276049
POC  427 TId: 0 ( I-SLICE, QP 26 )    2208392 bits [Y 99.9900 dB    U 99.9900 dB    V 99.9900 dB] [ET  5.48 ] [L0 ] [L1 ]
*** TRAIL_R numBytesInNALunit: 275790
POC  428 TId: 0 ( I-SLICE, QP 26 )    2206320 bits [Y 99.9900 dB    U 99.9900 dB    V 99.9900 dB] [ET  5.58 ] [L0 ] [L1 ]
*** TRAIL_R numBytesInNALunit: 273517
POC  429 TId: 0 ( I-SLICE, QP 26 )    2188136 bits [Y 99.9900 dB    U 99.9900 dB    V 99.9900 dB] [ET  5.38 ] [L0 ] [L1 ]
*** TRAIL_R numBytesInNALunit: 271828
POC  430 TId: 0 ( I-SLICE, QP 26 )    2174624 bits [Y 99.9900 dB    U 99.9900 dB    V 99.9900 dB] [ET  5.39 ] [L0 ] [L1 ]
*** TRAIL_R numBytesInNALunit: 271884
POC  431 TId: 0 ( I-SLICE, QP 26 )    2175072 bits [Y 99.9900 dB    U 99.9900 dB    V 99.9900 dB] [ET  5.67 ] [L0 ] [L1 ]
*** TRAIL_R numBytesInNALunit: 272440
POC  432 TId: 0 ( I-SLICE, QP 26 )    2179520 bits [Y 99.9900 dB    U 99.9900 dB    V 99.9900 dB] [ET  5.39 ] [L0 ] [L1 ]
*** TRAIL_R numBytesInNALunit: 273100
POC  433 TId: 0 ( I-SLICE, QP 26 )    2184800 bits [Y 99.9900 dB    U 99.9900 dB    V 99.9900 dB] [ET  5.38 ] [L0 ] [L1 ]
*** TRAIL_R numBytesInNALunit: 272276
POC  434 TId: 0 ( I-SLICE, QP 26 )    2178208 bits [Y 99.9900 dB    U 99.9900 dB    V 99.9900 dB] [ET  5.42 ] [L0 ] [L1 ]
*** TRAIL_R numBytesInNALunit: 271340
POC  435 TId: 0 ( I-SLICE, QP 26 )    2170720 bits [Y 99.9900 dB    U 99.9900 dB    V 99.9900 dB] [ET  5.50 ] [L0 ] [L1 ]
*** TRAIL_R numBytesInNALunit: 269781
POC  436 TId: 0 ( I-SLICE, QP 26 )    2158248 bits [Y 99.9900 dB    U 99.9900 dB    V 99.9900 dB] [ET  5.44 ] [L0 ] [L1 ]
*** TRAIL_R numBytesInNALunit: 269464
POC  437 TId: 0 ( I-SLICE, QP 26 )    2155712 bits [Y 99.9900 dB    U 99.9900 dB    V 99.9900 dB] [ET  5.31 ] [L0 ] [L1 ]
*** TRAIL_R numBytesInNALunit: 269955
POC  438 TId: 0 ( I-SLICE, QP 26 )    2159640 bits [Y 99.9900 dB    U 99.9900 dB    V 99.9900 dB] [ET  5.42 ] [L0 ] [L1 ]
*** TRAIL_R numBytesInNALunit: 271285
POC  439 TId: 0 ( I-SLICE, QP 26 )    2170280 bits [Y 99.9900 dB    U 99.9900 dB    V 99.9900 dB] [ET  5.50 ] [L0 ] [L1 ]
*** TRAIL_R numBytesInNALunit: 271589
POC  440 TId: 0 ( I-SLICE, QP 26 )    2172712 bits [Y 99.9900 dB    U 99.9900 dB    V 99.9900 dB] [ET  5.55 ] [L0 ] [L1 ]
*** TRAIL_R numBytesInNALunit: 271333
POC  441 TId: 0 ( I-SLICE, QP 26 )    2170664 bits [Y 99.9900 dB    U 99.9900 dB    V 99.9900 dB] [ET  5.50 ] [L0 ] [L1 ]
*** TRAIL_R numBytesInNALunit: 271583
POC  442 TId: 0 ( I-SLICE, QP 26 )    2172664 bits [Y 99.9900 dB    U 99.9900 dB    V 99.9900 dB] [ET  5.56 ] [L0 ] [L1 ]
*** TRAIL_R numBytesInNALunit: 271865
POC  443 TId: 0 ( I-SLICE, QP 26 )    2174920 bits [Y 99.9900 dB    U 99.9900 dB    V 99.9900 dB] [ET  5.52 ] [L0 ] [L1 ]
*** TRAIL_R numBytesInNALunit: 271940
POC  444 TId: 0 ( I-SLICE, QP 26 )    2175520 bits [Y 99.9900 dB    U 99.9900 dB    V 99.9900 dB] [ET  5.67 ] [L0 ] [L1 ]
*** TRAIL_R numBytesInNALunit: 272654
POC  445 TId: 0 ( I-SLICE, QP 26 )    2181232 bits [Y 99.9900 dB    U 99.9900 dB    V 99.9900 dB] [ET  5.41 ] [L0 ] [L1 ]
*** TRAIL_R numBytesInNALunit: 271939
POC  446 TId: 0 ( I-SLICE, QP 26 )    2175512 bits [Y 99.9900 dB    U 99.9900 dB    V 99.9900 dB] [ET  5.25 ] [L0 ] [L1 ]
*** TRAIL_R numBytesInNALunit: 272641
POC  447 TId: 0 ( I-SLICE, QP 26 )    2181128 bits [Y 99.9900 dB    U 99.9900 dB    V 99.9900 dB] [ET  5.39 ] [L0 ] [L1 ]
*** TRAIL_R numBytesInNALunit: 272256
POC  448 TId: 0 ( I-SLICE, QP 26 )    2178048 bits [Y 99.9900 dB    U 99.9900 dB    V 99.9900 dB] [ET  5.36 ] [L0 ] [L1 ]
*** TRAIL_R numBytesInNALunit: 272183
POC  449 TId: 0 ( I-SLICE, QP 26 )    2177464 bits [Y 99.9900 dB    U 99.9900 dB    V 99.9900 dB] [ET  5.34 ] [L0 ] [L1 ]
*** TRAIL_R numBytesInNALunit: 273041
POC  450 TId: 0 ( I-SLICE, QP 26 )    2184328 bits [Y 99.9900 dB    U 99.9900 dB    V 99.9900 dB] [ET  5.34 ] [L0 ] [L1 ]
*** TRAIL_R numBytesInNALunit: 272897
POC  451 TId: 0 ( I-SLICE, QP 26 )    2183176 bits [Y 99.9900 dB    U 99.9900 dB    V 99.9900 dB] [ET  5.30 ] [L0 ] [L1 ]
*** TRAIL_R numBytesInNALunit: 272854
POC  452 TId: 0 ( I-SLICE, QP 26 )    2182832 bits [Y 99.9900 dB    U 99.9900 dB    V 99.9900 dB] [ET  5.36 ] [L0 ] [L1 ]
*** TRAIL_R numBytesInNALunit: 273734
POC  453 TId: 0 ( I-SLICE, QP 26 )    2189872 bits [Y 99.9900 dB    U 99.9900 dB    V 99.9900 dB] [ET  5.42 ] [L0 ] [L1 ]
*** TRAIL_R numBytesInNALunit: 274157
POC  454 TId: 0 ( I-SLICE, QP 26 )    2193256 bits [Y 99.9900 dB    U 99.9900 dB    V 99.9900 dB] [ET  5.20 ] [L0 ] [L1 ]
*** TRAIL_R numBytesInNALunit: 275741
POC  455 TId: 0 ( I-SLICE, QP 26 )    2205928 bits [Y 99.9900 dB    U 99.9900 dB    V 99.9900 dB] [ET  5.25 ] [L0 ] [L1 ]
*** TRAIL_R numBytesInNALunit: 276350
POC  456 TId: 0 ( I-SLICE, QP 26 )    2210800 bits [Y 99.9900 dB    U 99.9900 dB    V 99.9900 dB] [ET  5.27 ] [L0 ] [L1 ]
*** TRAIL_R numBytesInNALunit: 277137
POC  457 TId: 0 ( I-SLICE, QP 26 )    2217096 bits [Y 99.9900 dB    U 99.9900 dB    V 99.9900 dB] [ET  5.41 ] [L0 ] [L1 ]
*** TRAIL_R numBytesInNALunit: 277337
POC  458 TId: 0 ( I-SLICE, QP 26 )    2218696 bits [Y 99.9900 dB    U 99.9900 dB    V 99.9900 dB] [ET  5.31 ] [L0 ] [L1 ]
*** TRAIL_R numBytesInNALunit: 277705
POC  459 TId: 0 ( I-SLICE, QP 26 )    2221640 bits [Y 99.9900 dB    U 99.9900 dB    V 99.9900 dB] [ET  5.41 ] [L0 ] [L1 ]
*** TRAIL_R numBytesInNALunit: 278168
POC  460 TId: 0 ( I-SLICE, QP 26 )    2225344 bits [Y 99.9900 dB    U 99.9900 dB    V 99.9900 dB] [ET  5.44 ] [L0 ] [L1 ]
*** TRAIL_R numBytesInNALunit: 278020
POC  461 TId: 0 ( I-SLICE, QP 26 )    2224160 bits [Y 99.9900 dB    U 99.9900 dB    V 99.9900 dB] [ET  5.25 ] [L0 ] [L1 ]
*** TRAIL_R numBytesInNALunit: 277810
POC  462 TId: 0 ( I-SLICE, QP 26 )    2222480 bits [Y 99.9900 dB    U 99.9900 dB    V 99.9900 dB] [ET  5.34 ] [L0 ] [L1 ]
*** TRAIL_R numBytesInNALunit: 278141
POC  463 TId: 0 ( I-SLICE, QP 26 )    2225128 bits [Y 99.9900 dB    U 99.9900 dB    V 99.9900 dB] [ET  5.33 ] [L0 ] [L1 ]
*** TRAIL_R numBytesInNALunit: 277745
POC  464 TId: 0 ( I-SLICE, QP 26 )    2221960 bits [Y 99.9900 dB    U 99.9900 dB    V 99.9900 dB] [ET  5.33 ] [L0 ] [L1 ]
*** TRAIL_R numBytesInNALunit: 277179
POC  465 TId: 0 ( I-SLICE, QP 26 )    2217432 bits [Y 99.9900 dB    U 99.9900 dB    V 99.9900 dB] [ET  5.41 ] [L0 ] [L1 ]
*** TRAIL_R numBytesInNALunit: 276872
POC  466 TId: 0 ( I-SLICE, QP 26 )    2214976 bits [Y 99.9900 dB    U 99.9900 dB    V 99.9900 dB] [ET  5.41 ] [L0 ] [L1 ]
*** TRAIL_R numBytesInNALunit: 276267
POC  467 TId: 0 ( I-SLICE, QP 26 )    2210136 bits [Y 99.9900 dB    U 99.9900 dB    V 99.9900 dB] [ET  5.48 ] [L0 ] [L1 ]
*** TRAIL_R numBytesInNALunit: 276492
POC  468 TId: 0 ( I-SLICE, QP 26 )    2211936 bits [Y 99.9900 dB    U 99.9900 dB    V 99.9900 dB] [ET  5.50 ] [L0 ] [L1 ]
*** TRAIL_R numBytesInNALunit: 276331
POC  469 TId: 0 ( I-SLICE, QP 26 )    2210648 bits [Y 99.9900 dB    U 99.9900 dB    V 99.9900 dB] [ET  5.22 ] [L0 ] [L1 ]
*** TRAIL_R numBytesInNALunit: 276716
POC  470 TId: 0 ( I-SLICE, QP 26 )    2213728 bits [Y 99.9900 dB    U 99.9900 dB    V 99.9900 dB] [ET  5.38 ] [L0 ] [L1 ]
*** TRAIL_R numBytesInNALunit: 276439
POC  471 TId: 0 ( I-SLICE, QP 26 )    2211512 bits [Y 99.9900 dB    U 99.9900 dB    V 99.9900 dB] [ET  5.36 ] [L0 ] [L1 ]
*** TRAIL_R numBytesInNALunit: 277234
POC  472 TId: 0 ( I-SLICE, QP 26 )    2217872 bits [Y 99.9900 dB    U 99.9900 dB    V 99.9900 dB] [ET  5.22 ] [L0 ] [L1 ]
*** TRAIL_R numBytesInNALunit: 277608
POC  473 TId: 0 ( I-SLICE, QP 26 )    2220864 bits [Y 99.9900 dB    U 99.9900 dB    V 99.9900 dB] [ET  5.38 ] [L0 ] [L1 ]
*** TRAIL_R numBytesInNALunit: 277576
POC  474 TId: 0 ( I-SLICE, QP 26 )    2220608 bits [Y 99.9900 dB    U 99.9900 dB    V 99.9900 dB] [ET  5.16 ] [L0 ] [L1 ]
*** TRAIL_R numBytesInNALunit: 277693
POC  475 TId: 0 ( I-SLICE, QP 26 )    2221544 bits [Y 99.9900 dB    U 99.9900 dB    V 99.9900 dB] [ET  5.53 ] [L0 ] [L1 ]
*** TRAIL_R numBytesInNALunit: 278059
POC  476 TId: 0 ( I-SLICE, QP 26 )    2224472 bits [Y 99.9900 dB    U 99.9900 dB    V 99.9900 dB] [ET  5.31 ] [L0 ] [L1 ]
*** TRAIL_R numBytesInNALunit: 277487
POC  477 TId: 0 ( I-SLICE, QP 26 )    2219896 bits [Y 99.9900 dB    U 99.9900 dB    V 99.9900 dB] [ET  5.39 ] [L0 ] [L1 ]
*** TRAIL_R numBytesInNALunit: 277298
POC  478 TId: 0 ( I-SLICE, QP 26 )    2218384 bits [Y 99.9900 dB    U 99.9900 dB    V 99.9900 dB] [ET  5.27 ] [L0 ] [L1 ]
*** TRAIL_R numBytesInNALunit: 277073
POC  479 TId: 0 ( I-SLICE, QP 26 )    2216584 bits [Y 99.9900 dB    U 99.9900 dB    V 99.9900 dB] [ET  5.56 ] [L0 ] [L1 ]
*** TRAIL_R numBytesInNALunit: 276572
POC  480 TId: 0 ( I-SLICE, QP 26 )    2212576 bits [Y 99.9900 dB    U 99.9900 dB    V 99.9900 dB] [ET  5.34 ] [L0 ] [L1 ]
*** TRAIL_R numBytesInNALunit: 276269
POC  481 TId: 0 ( I-SLICE, QP 26 )    2210152 bits [Y 99.9900 dB    U 99.9900 dB    V 99.9900 dB] [ET  5.38 ] [L0 ] [L1 ]
*** TRAIL_R numBytesInNALunit: 275937
POC  482 TId: 0 ( I-SLICE, QP 26 )    2207496 bits [Y 99.9900 dB    U 99.9900 dB    V 99.9900 dB] [ET  5.47 ] [L0 ] [L1 ]
*** TRAIL_R numBytesInNALunit: 275630
POC  483 TId: 0 ( I-SLICE, QP 26 )    2205040 bits [Y 99.9900 dB    U 99.9900 dB    V 99.9900 dB] [ET  5.44 ] [L0 ] [L1 ]
*** TRAIL_R numBytesInNALunit: 275684
POC  484 TId: 0 ( I-SLICE, QP 26 )    2205472 bits [Y 99.9900 dB    U 99.9900 dB    V 99.9900 dB] [ET  5.28 ] [L0 ] [L1 ]
*** TRAIL_R numBytesInNALunit: 275777
POC  485 TId: 0 ( I-SLICE, QP 26 )    2206216 bits [Y 99.9900 dB    U 99.9900 dB    V 99.9900 dB] [ET  5.33 ] [L0 ] [L1 ]
*** TRAIL_R numBytesInNALunit: 276141
POC  486 TId: 0 ( I-SLICE, QP 26 )    2209128 bits [Y 99.9900 dB    U 99.9900 dB    V 99.9900 dB] [ET  5.31 ] [L0 ] [L1 ]
*** TRAIL_R numBytesInNALunit: 276361
POC  487 TId: 0 ( I-SLICE, QP 26 )    2210888 bits [Y 99.9900 dB    U 99.9900 dB    V 99.9900 dB] [ET  5.48 ] [L0 ] [L1 ]
*** TRAIL_R numBytesInNALunit: 276364
POC  488 TId: 0 ( I-SLICE, QP 26 )    2210912 bits [Y 99.9900 dB    U 99.9900 dB    V 99.9900 dB] [ET  5.45 ] [L0 ] [L1 ]
*** TRAIL_R numBytesInNALunit: 276263
POC  489 TId: 0 ( I-SLICE, QP 26 )    2210104 bits [Y 99.9900 dB    U 99.9900 dB    V 99.9900 dB] [ET  5.14 ] [L0 ] [L1 ]
*** TRAIL_R numBytesInNALunit: 275538
POC  490 TId: 0 ( I-SLICE, QP 26 )    2204304 bits [Y 99.9900 dB    U 99.9900 dB    V 99.9900 dB] [ET  5.27 ] [L0 ] [L1 ]
*** TRAIL_R numBytesInNALunit: 275249
POC  491 TId: 0 ( I-SLICE, QP 26 )    2201992 bits [Y 99.9900 dB    U 99.9900 dB    V 99.9900 dB] [ET  5.33 ] [L0 ] [L1 ]
*** TRAIL_R numBytesInNALunit: 274542
POC  492 TId: 0 ( I-SLICE, QP 26 )    2196336 bits [Y 99.9900 dB    U 99.9900 dB    V 99.9900 dB] [ET  5.25 ] [L0 ] [L1 ]
*** TRAIL_R numBytesInNALunit: 275021
POC  493 TId: 0 ( I-SLICE, QP 26 )    2200168 bits [Y 99.9900 dB    U 99.9900 dB    V 99.9900 dB] [ET  5.36 ] [L0 ] [L1 ]
*** TRAIL_R numBytesInNALunit: 274688
POC  494 TId: 0 ( I-SLICE, QP 26 )    2197504 bits [Y 99.9900 dB    U 99.9900 dB    V 99.9900 dB] [ET  5.36 ] [L0 ] [L1 ]
*** TRAIL_R numBytesInNALunit: 274770
POC  495 TId: 0 ( I-SLICE, QP 26 )    2198160 bits [Y 99.9900 dB    U 99.9900 dB    V 99.9900 dB] [ET  5.25 ] [L0 ] [L1 ]
*** TRAIL_R numBytesInNALunit: 274394
POC  496 TId: 0 ( I-SLICE, QP 26 )    2195152 bits [Y 99.9900 dB    U 99.9900 dB    V 99.9900 dB] [ET  5.31 ] [L0 ] [L1 ]
*** TRAIL_R numBytesInNALunit: 273801
POC  497 TId: 0 ( I-SLICE, QP 26 )    2190408 bits [Y 99.9900 dB    U 99.9900 dB    V 99.9900 dB] [ET  5.20 ] [L0 ] [L1 ]
*** TRAIL_R numBytesInNALunit: 273119
POC  498 TId: 0 ( I-SLICE, QP 26 )    2184952 bits [Y 99.9900 dB    U 99.9900 dB    V 99.9900 dB] [ET  5.38 ] [L0 ] [L1 ]
*** TRAIL_R numBytesInNALunit: 273040
POC  499 TId: 0 ( I-SLICE, QP 26 )    2184320 bits [Y 99.9900 dB    U 99.9900 dB    V 99.9900 dB] [ET  5.27 ] [L0 ] [L1 ]


I Slices--------------------------------------------------------
	Total Frames |  Bitrate    Y-PSNR    U-PSNR    V-PSNR 
	      500    i 109046.1056   99.9900   99.9900   99.9900
Bytes written to file: 136309643 (109047.714 kbps)
Bytes for SPS/PPS/Slice (Incl. Annex B): 136309643 (109047.714 kbps)

 Total Time:     2820.594 sec.
