
HM software: Encoder Version [15.0][Linux][GCC 4.8.5][64 bit] 

Input          File          : ../../HEVC_test_sequence/ClassC/BQMall_832x480_60.yuv
Bitstream      File          : BQMall.bin
Reconstruction File          : BQMall.yuv
Real     Format              : 832x480 60Hz
Internal Format              : 832x480 60Hz
Frame/Field                  : Frame based coding
Frame index                  : 0 - 599 (600 frames)
CU size / depth              : 32 / 3
RQT trans. size (min / max)  : 4 / 32
Max RQT depth inter          : 3
Max RQT depth intra          : 1
Min PCM size                 : 8
Motion search range          : 64
Intra period                 : 1
Decoding refresh type        : 0
QP                           : 26.00
Max dQP signaling depth      : 0
Cb QP Offset                 : 0
Cr QP Offset                 : 0
QP adaptation                : 0 (range=0)
GOP size                     : 1
Internal bit depth           : (Y:8, C:8)
PCM sample bit depth         : (Y:8, C:8)
RateControl                  : 0
Max Num Merge Candidates     : 5

TOOL CFG: IBD:0 HAD:0 RDQ:0 RDQTS:0 RDpenalty:0 SQP:0 ASR:0 FEN:0 ECU:0 FDM:0 CFM:0 ESD:0 RQT:1 TransformSkip:0 TransformSkipFast:0 Slice: M=0 SliceSegment: M=0 CIP:0 SAO:0 PCM:0 TransQuantBypassEnabled: =1 WPP:0 WPB:0 PME:2  WaveFrontSynchro:0 WaveFrontSubstreams:1 ScalingList:0 TMVPMode:1  SignBitHidingFlag:1 RecalQP:0

***    VPS numBytesInNALunit: 24
***    SPS numBytesInNALunit: 30
***    PPS numBytesInNALunit: 7
*** IDR_W_RADL numBytesInNALunit: 287185
POC    0 TId: 0 ( I-SLICE, QP 26 )    2297968 bits [Y 99.9900 dB    U 99.9900 dB    V 99.9900 dB] [ET  5.75 ] [L0 ] [L1 ]
*** TRAIL_R numBytesInNALunit: 287171
POC    1 TId: 0 ( I-SLICE, QP 26 )    2297368 bits [Y 99.9900 dB    U 99.9900 dB    V 99.9900 dB] [ET  5.78 ] [L0 ] [L1 ]
*** TRAIL_R numBytesInNALunit: 287099
POC    2 TId: 0 ( I-SLICE, QP 26 )    2296792 bits [Y 99.9900 dB    U 99.9900 dB    V 99.9900 dB] [ET  5.86 ] [L0 ] [L1 ]
*** TRAIL_R numBytesInNALunit: 286951
POC    3 TId: 0 ( I-SLICE, QP 26 )    2295608 bits [Y 99.9900 dB    U 99.9900 dB    V 99.9900 dB] [ET  5.83 ] [L0 ] [L1 ]
*** TRAIL_R numBytesInNALunit: 286701
POC    4 TId: 0 ( I-SLICE, QP 26 )    2293608 bits [Y 99.9900 dB    U 99.9900 dB    V 99.9900 dB] [ET  5.97 ] [L0 ] [L1 ]
*** TRAIL_R numBytesInNALunit: 286389
POC    5 TId: 0 ( I-SLICE, QP 26 )    2291112 bits [Y 99.9900 dB    U 99.9900 dB    V 99.9900 dB] [ET  5.75 ] [L0 ] [L1 ]
*** TRAIL_R numBytesInNALunit: 286161
POC    6 TId: 0 ( I-SLICE, QP 26 )    2289288 bits [Y 99.9900 dB    U 99.9900 dB    V 99.9900 dB] [ET  5.84 ] [L0 ] [L1 ]
*** TRAIL_R numBytesInNALunit: 286111
POC    7 TId: 0 ( I-SLICE, QP 26 )    2288888 bits [Y 99.9900 dB    U 99.9900 dB    V 99.9900 dB] [ET  5.91 ] [L0 ] [L1 ]
*** TRAIL_R numBytesInNALunit: 286120
POC    8 TId: 0 ( I-SLICE, QP 26 )    2288960 bits [Y 99.9900 dB    U 99.9900 dB    V 99.9900 dB] [ET  6.02 ] [L0 ] [L1 ]
*** TRAIL_R numBytesInNALunit: 286041
POC    9 TId: 0 ( I-SLICE, QP 26 )    2288328 bits [Y 99.9900 dB    U 99.9900 dB    V 99.9900 dB] [ET  5.91 ] [L0 ] [L1 ]
*** TRAIL_R numBytesInNALunit: 285814
POC   10 TId: 0 ( I-SLICE, QP 26 )    2286512 bits [Y 99.9900 dB    U 99.9900 dB    V 99.9900 dB] [ET  5.89 ] [L0 ] [L1 ]
*** TRAIL_R numBytesInNALunit: 285770
POC   11 TId: 0 ( I-SLICE, QP 26 )    2286160 bits [Y 99.9900 dB    U 99.9900 dB    V 99.9900 dB] [ET  5.80 ] [L0 ] [L1 ]
*** TRAIL_R numBytesInNALunit: 285565
POC   12 TId: 0 ( I-SLICE, QP 26 )    2284520 bits [Y 99.9900 dB    U 99.9900 dB    V 99.9900 dB] [ET  5.98 ] [L0 ] [L1 ]
*** TRAIL_R numBytesInNALunit: 286038
POC   13 TId: 0 ( I-SLICE, QP 26 )    2288304 bits [Y 99.9900 dB    U 99.9900 dB    V 99.9900 dB] [ET  5.86 ] [L0 ] [L1 ]
*** TRAIL_R numBytesInNALunit: 286528
POC   14 TId: 0 ( I-SLICE, QP 26 )    2292224 bits [Y 99.9900 dB    U 99.9900 dB    V 99.9900 dB] [ET  5.69 ] [L0 ] [L1 ]
*** TRAIL_R numBytesInNALunit: 286447
POC   15 TId: 0 ( I-SLICE, QP 26 )    2291576 bits [Y 99.9900 dB    U 99.9900 dB    V 99.9900 dB] [ET  5.73 ] [L0 ] [L1 ]
*** TRAIL_R numBytesInNALunit: 286425
POC   16 TId: 0 ( I-SLICE, QP 26 )    2291400 bits [Y 99.9900 dB    U 99.9900 dB    V 99.9900 dB] [ET  5.81 ] [L0 ] [L1 ]
*** TRAIL_R numBytesInNALunit: 287050
POC   17 TId: 0 ( I-SLICE, QP 26 )    2296400 bits [Y 99.9900 dB    U 99.9900 dB    V 99.9900 dB] [ET  5.83 ] [L0 ] [L1 ]
*** TRAIL_R numBytesInNALunit: 286771
POC   18 TId: 0 ( I-SLICE, QP 26 )    2294168 bits [Y 99.9900 dB    U 99.9900 dB    V 99.9900 dB] [ET  5.91 ] [L0 ] [L1 ]
*** TRAIL_R numBytesInNALunit: 286442
POC   19 TId: 0 ( I-SLICE, QP 26 )    2291536 bits [Y 99.9900 dB    U 99.9900 dB    V 99.9900 dB] [ET  5.94 ] [L0 ] [L1 ]
*** TRAIL_R numBytesInNALunit: 286609
POC   20 TId: 0 ( I-SLICE, QP 26 )    2292872 bits [Y 99.9900 dB    U 99.9900 dB    V 99.9900 dB] [ET  5.64 ] [L0 ] [L1 ]
*** TRAIL_R numBytesInNALunit: 287262
POC   21 TId: 0 ( I-SLICE, QP 26 )    2298096 bits [Y 99.9900 dB    U 99.9900 dB    V 99.9900 dB] [ET  5.81 ] [L0 ] [L1 ]
*** TRAIL_R numBytesInNALunit: 288224
POC   22 TId: 0 ( I-SLICE, QP 26 )    2305792 bits [Y 99.9900 dB    U 99.9900 dB    V 99.9900 dB] [ET  5.78 ] [L0 ] [L1 ]
*** TRAIL_R numBytesInNALunit: 288276
POC   23 TId: 0 ( I-SLICE, QP 26 )    2306208 bits [Y 99.9900 dB    U 99.9900 dB    V 99.9900 dB] [ET  5.88 ] [L0 ] [L1 ]
*** TRAIL_R numBytesInNALunit: 288707
POC   24 TId: 0 ( I-SLICE, QP 26 )    2309656 bits [Y 99.9900 dB    U 99.9900 dB    V 99.9900 dB] [ET  5.86 ] [L0 ] [L1 ]
*** TRAIL_R numBytesInNALunit: 288529
POC   25 TId: 0 ( I-SLICE, QP 26 )    2308232 bits [Y 99.9900 dB    U 99.9900 dB    V 99.9900 dB] [ET  5.84 ] [L0 ] [L1 ]
*** TRAIL_R numBytesInNALunit: 289162
POC   26 TId: 0 ( I-SLICE, QP 26 )    2313296 bits [Y 99.9900 dB    U 99.9900 dB    V 99.9900 dB] [ET  5.78 ] [L0 ] [L1 ]
*** TRAIL_R numBytesInNALunit: 290030
POC   27 TId: 0 ( I-SLICE, QP 26 )    2320240 bits [Y 99.9900 dB    U 99.9900 dB    V 99.9900 dB] [ET  5.80 ] [L0 ] [L1 ]
*** TRAIL_R numBytesInNALunit: 290782
POC   28 TId: 0 ( I-SLICE, QP 26 )    2326256 bits [Y 99.9900 dB    U 99.9900 dB    V 99.9900 dB] [ET  5.62 ] [L0 ] [L1 ]
*** TRAIL_R numBytesInNALunit: 290892
POC   29 TId: 0 ( I-SLICE, QP 26 )    2327136 bits [Y 99.9900 dB    U 99.9900 dB    V 99.9900 dB] [ET  5.73 ] [L0 ] [L1 ]
*** TRAIL_R numBytesInNALunit: 290482
POC   30 TId: 0 ( I-SLICE, QP 26 )    2323856 bits [Y 99.9900 dB    U 99.9900 dB    V 99.9900 dB] [ET  5.75 ] [L0 ] [L1 ]
*** TRAIL_R numBytesInNALunit: 290350
POC   31 TId: 0 ( I-SLICE, QP 26 )    2322800 bits [Y 99.9900 dB    U 99.9900 dB    V 99.9900 dB] [ET  5.88 ] [L0 ] [L1 ]
*** TRAIL_R numBytesInNALunit: 289699
POC   32 TId: 0 ( I-SLICE, QP 26 )    2317592 bits [Y 99.9900 dB    U 99.9900 dB    V 99.9900 dB] [ET  5.80 ] [L0 ] [L1 ]
*** TRAIL_R numBytesInNALunit: 289350
POC   33 TId: 0 ( I-SLICE, QP 26 )    2314800 bits [Y 99.9900 dB    U 99.9900 dB    V 99.9900 dB] [ET  5.78 ] [L0 ] [L1 ]
*** TRAIL_R numBytesInNALunit: 289217
POC   34 TId: 0 ( I-SLICE, QP 26 )    2313736 bits [Y 99.9900 dB    U 99.9900 dB    V 99.9900 dB] [ET  5.80 ] [L0 ] [L1 ]
*** TRAIL_R numBytesInNALunit: 289347
POC   35 TId: 0 ( I-SLICE, QP 26 )    2314776 bits [Y 99.9900 dB    U 99.9900 dB    V 99.9900 dB] [ET  5.81 ] [L0 ] [L1 ]
*** TRAIL_R numBytesInNALunit: 289324
POC   36 TId: 0 ( I-SLICE, QP 26 )    2314592 bits [Y 99.9900 dB    U 99.9900 dB    V 99.9900 dB] [ET  5.80 ] [L0 ] [L1 ]
*** TRAIL_R numBytesInNALunit: 289820
POC   37 TId: 0 ( I-SLICE, QP 26 )    2318560 bits [Y 99.9900 dB    U 99.9900 dB    V 99.9900 dB] [ET  6.05 ] [L0 ] [L1 ]
*** TRAIL_R numBytesInNALunit: 290747
POC   38 TId: 0 ( I-SLICE, QP 26 )    2325976 bits [Y 99.9900 dB    U 99.9900 dB    V 99.9900 dB] [ET  5.75 ] [L0 ] [L1 ]
*** TRAIL_R numBytesInNALunit: 291862
POC   39 TId: 0 ( I-SLICE, QP 26 )    2334896 bits [Y 99.9900 dB    U 99.9900 dB    V 99.9900 dB] [ET  5.83 ] [L0 ] [L1 ]
*** TRAIL_R numBytesInNALunit: 293102
POC   40 TId: 0 ( I-SLICE, QP 26 )    2344816 bits [Y 99.9900 dB    U 99.9900 dB    V 99.9900 dB] [ET  5.92 ] [L0 ] [L1 ]
*** TRAIL_R numBytesInNALunit: 294288
POC   41 TId: 0 ( I-SLICE, QP 26 )    2354304 bits [Y 99.9900 dB    U 99.9900 dB    V 99.9900 dB] [ET  5.86 ] [L0 ] [L1 ]
*** TRAIL_R numBytesInNALunit: 294613
POC   42 TId: 0 ( I-SLICE, QP 26 )    2356904 bits [Y 99.9900 dB    U 99.9900 dB    V 99.9900 dB] [ET  5.86 ] [L0 ] [L1 ]
*** TRAIL_R numBytesInNALunit: 294875
POC   43 TId: 0 ( I-SLICE, QP 26 )    2359000 bits [Y 99.9900 dB    U 99.9900 dB    V 99.9900 dB] [ET  5.84 ] [L0 ] [L1 ]
*** TRAIL_R numBytesInNALunit: 295357
POC   44 TId: 0 ( I-SLICE, QP 26 )    2362856 bits [Y 99.9900 dB    U 99.9900 dB    V 99.9900 dB] [ET  5.83 ] [L0 ] [L1 ]
*** TRAIL_R numBytesInNALunit: 295545
POC   45 TId: 0 ( I-SLICE, QP 26 )    2364360 bits [Y 99.9900 dB    U 99.9900 dB    V 99.9900 dB] [ET  5.91 ] [L0 ] [L1 ]
*** TRAIL_R numBytesInNALunit: 295475
POC   46 TId: 0 ( I-SLICE, QP 26 )    2363800 bits [Y 99.9900 dB    U 99.9900 dB    V 99.9900 dB] [ET  5.83 ] [L0 ] [L1 ]
*** TRAIL_R numBytesInNALunit: 295204
POC   47 TId: 0 ( I-SLICE, QP 26 )    2361632 bits [Y 99.9900 dB    U 99.9900 dB    V 99.9900 dB] [ET  5.77 ] [L0 ] [L1 ]
*** TRAIL_R numBytesInNALunit: 294141
POC   48 TId: 0 ( I-SLICE, QP 26 )    2353128 bits [Y 99.9900 dB    U 99.9900 dB    V 99.9900 dB] [ET  5.66 ] [L0 ] [L1 ]
*** TRAIL_R numBytesInNALunit: 293896
POC   49 TId: 0 ( I-SLICE, QP 26 )    2351168 bits [Y 99.9900 dB    U 99.9900 dB    V 99.9900 dB] [ET  5.92 ] [L0 ] [L1 ]
*** TRAIL_R numBytesInNALunit: 293256
POC   50 TId: 0 ( I-SLICE, QP 26 )    2346048 bits [Y 99.9900 dB    U 99.9900 dB    V 99.9900 dB] [ET  5.77 ] [L0 ] [L1 ]
*** TRAIL_R numBytesInNALunit: 292801
POC   51 TId: 0 ( I-SLICE, QP 26 )    2342408 bits [Y 99.9900 dB    U 99.9900 dB    V 99.9900 dB] [ET  5.81 ] [L0 ] [L1 ]
*** TRAIL_R numBytesInNALunit: 291688
POC   52 TId: 0 ( I-SLICE, QP 26 )    2333504 bits [Y 99.9900 dB    U 99.9900 dB    V 99.9900 dB] [ET  5.98 ] [L0 ] [L1 ]
*** TRAIL_R numBytesInNALunit: 290544
POC   53 TId: 0 ( I-SLICE, QP 26 )    2324352 bits [Y 99.9900 dB    U 99.9900 dB    V 99.9900 dB] [ET  5.81 ] [L0 ] [L1 ]
*** TRAIL_R numBytesInNALunit: 289043
POC   54 TId: 0 ( I-SLICE, QP 26 )    2312344 bits [Y 99.9900 dB    U 99.9900 dB    V 99.9900 dB] [ET  5.89 ] [L0 ] [L1 ]
*** TRAIL_R numBytesInNALunit: 287600
POC   55 TId: 0 ( I-SLICE, QP 26 )    2300800 bits [Y 99.9900 dB    U 99.9900 dB    V 99.9900 dB] [ET  5.92 ] [L0 ] [L1 ]
*** TRAIL_R numBytesInNALunit: 286742
POC   56 TId: 0 ( I-SLICE, QP 26 )    2293936 bits [Y 99.9900 dB    U 99.9900 dB    V 99.9900 dB] [ET  5.81 ] [L0 ] [L1 ]
*** TRAIL_R numBytesInNALunit: 285714
POC   57 TId: 0 ( I-SLICE, QP 26 )    2285712 bits [Y 99.9900 dB    U 99.9900 dB    V 99.9900 dB] [ET  5.70 ] [L0 ] [L1 ]
*** TRAIL_R numBytesInNALunit: 284998
POC   58 TId: 0 ( I-SLICE, QP 26 )    2279984 bits [Y 99.9900 dB    U 99.9900 dB    V 99.9900 dB] [ET  5.73 ] [L0 ] [L1 ]
*** TRAIL_R numBytesInNALunit: 284987
POC   59 TId: 0 ( I-SLICE, QP 26 )    2279896 bits [Y 99.9900 dB    U 99.9900 dB    V 99.9900 dB] [ET  5.67 ] [L0 ] [L1 ]
*** TRAIL_R numBytesInNALunit: 285147
POC   60 TId: 0 ( I-SLICE, QP 26 )    2281176 bits [Y 99.9900 dB    U 99.9900 dB    V 99.9900 dB] [ET  5.72 ] [L0 ] [L1 ]
*** TRAIL_R numBytesInNALunit: 285009
POC   61 TId: 0 ( I-SLICE, QP 26 )    2280072 bits [Y 99.9900 dB    U 99.9900 dB    V 99.9900 dB] [ET  5.92 ] [L0 ] [L1 ]
*** TRAIL_R numBytesInNALunit: 285127
POC   62 TId: 0 ( I-SLICE, QP 26 )    2281016 bits [Y 99.9900 dB    U 99.9900 dB    V 99.9900 dB] [ET  5.95 ] [L0 ] [L1 ]
*** TRAIL_R numBytesInNALunit: 284970
POC   63 TId: 0 ( I-SLICE, QP 26 )    2279760 bits [Y 99.9900 dB    U 99.9900 dB    V 99.9900 dB] [ET  5.92 ] [L0 ] [L1 ]
*** TRAIL_R numBytesInNALunit: 285418
POC   64 TId: 0 ( I-SLICE, QP 26 )    2283344 bits [Y 99.9900 dB    U 99.9900 dB    V 99.9900 dB] [ET  5.89 ] [L0 ] [L1 ]
*** TRAIL_R numBytesInNALunit: 286124
POC   65 TId: 0 ( I-SLICE, QP 26 )    2288992 bits [Y 99.9900 dB    U 99.9900 dB    V 99.9900 dB] [ET  5.77 ] [L0 ] [L1 ]
*** TRAIL_R numBytesInNALunit: 286587
POC   66 TId: 0 ( I-SLICE, QP 26 )    2292696 bits [Y 99.9900 dB    U 99.9900 dB    V 99.9900 dB] [ET  5.73 ] [L0 ] [L1 ]
*** TRAIL_R numBytesInNALunit: 287257
POC   67 TId: 0 ( I-SLICE, QP 26 )    2298056 bits [Y 99.9900 dB    U 99.9900 dB    V 99.9900 dB] [ET  5.94 ] [L0 ] [L1 ]
*** TRAIL_R numBytesInNALunit: 287161
POC   68 TId: 0 ( I-SLICE, QP 26 )    2297288 bits [Y 99.9900 dB    U 99.9900 dB    V 99.9900 dB] [ET  5.89 ] [L0 ] [L1 ]
*** TRAIL_R numBytesInNALunit: 286854
POC   69 TId: 0 ( I-SLICE, QP 26 )    2294832 bits [Y 99.9900 dB    U 99.9900 dB    V 99.9900 dB] [ET  5.88 ] [L0 ] [L1 ]
*** TRAIL_R numBytesInNALunit: 286789
POC   70 TId: 0 ( I-SLICE, QP 26 )    2294312 bits [Y 99.9900 dB    U 99.9900 dB    V 99.9900 dB] [ET  5.88 ] [L0 ] [L1 ]
*** TRAIL_R numBytesInNALunit: 286954
POC   71 TId: 0 ( I-SLICE, QP 26 )    2295632 bits [Y 99.9900 dB    U 99.9900 dB    V 99.9900 dB] [ET  5.89 ] [L0 ] [L1 ]
*** TRAIL_R numBytesInNALunit: 286911
POC   72 TId: 0 ( I-SLICE, QP 26 )    2295288 bits [Y 99.9900 dB    U 99.9900 dB    V 99.9900 dB] [ET  5.83 ] [L0 ] [L1 ]
*** TRAIL_R numBytesInNALunit: 287607
POC   73 TId: 0 ( I-SLICE, QP 26 )    2300856 bits [Y 99.9900 dB    U 99.9900 dB    V 99.9900 dB] [ET  5.75 ] [L0 ] [L1 ]
*** TRAIL_R numBytesInNALunit: 288107
POC   74 TId: 0 ( I-SLICE, QP 26 )    2304856 bits [Y 99.9900 dB    U 99.9900 dB    V 99.9900 dB] [ET  5.83 ] [L0 ] [L1 ]
*** TRAIL_R numBytesInNALunit: 287963
POC   75 TId: 0 ( I-SLICE, QP 26 )    2303704 bits [Y 99.9900 dB    U 99.9900 dB    V 99.9900 dB] [ET  5.91 ] [L0 ] [L1 ]
*** TRAIL_R numBytesInNALunit: 287286
POC   76 TId: 0 ( I-SLICE, QP 26 )    2298288 bits [Y 99.9900 dB    U 99.9900 dB    V 99.9900 dB] [ET  5.84 ] [L0 ] [L1 ]
*** TRAIL_R numBytesInNALunit: 286487
POC   77 TId: 0 ( I-SLICE, QP 26 )    2291896 bits [Y 99.9900 dB    U 99.9900 dB    V 99.9900 dB] [ET  5.66 ] [L0 ] [L1 ]
*** TRAIL_R numBytesInNALunit: 285761
POC   78 TId: 0 ( I-SLICE, QP 26 )    2286088 bits [Y 99.9900 dB    U 99.9900 dB    V 99.9900 dB] [ET  5.66 ] [L0 ] [L1 ]
*** TRAIL_R numBytesInNALunit: 285312
POC   79 TId: 0 ( I-SLICE, QP 26 )    2282496 bits [Y 99.9900 dB    U 99.9900 dB    V 99.9900 dB] [ET  5.77 ] [L0 ] [L1 ]
*** TRAIL_R numBytesInNALunit: 284047
POC   80 TId: 0 ( I-SLICE, QP 26 )    2272376 bits [Y 99.9900 dB    U 99.9900 dB    V 99.9900 dB] [ET  5.78 ] [L0 ] [L1 ]
*** TRAIL_R numBytesInNALunit: 282564
POC   81 TId: 0 ( I-SLICE, QP 26 )    2260512 bits [Y 99.9900 dB    U 99.9900 dB    V 99.9900 dB] [ET  6.00 ] [L0 ] [L1 ]
*** TRAIL_R numBytesInNALunit: 281544
POC   82 TId: 0 ( I-SLICE, QP 26 )    2252352 bits [Y 99.9900 dB    U 99.9900 dB    V 99.9900 dB] [ET  5.84 ] [L0 ] [L1 ]
*** TRAIL_R numBytesInNALunit: 280338
POC   83 TId: 0 ( I-SLICE, QP 26 )    2242704 bits [Y 99.9900 dB    U 99.9900 dB    V 99.9900 dB] [ET  6.02 ] [L0 ] [L1 ]
*** TRAIL_R numBytesInNALunit: 279623
POC   84 TId: 0 ( I-SLICE, QP 26 )    2236984 bits [Y 99.9900 dB    U 99.9900 dB    V 99.9900 dB] [ET  5.78 ] [L0 ] [L1 ]
*** TRAIL_R numBytesInNALunit: 279044
POC   85 TId: 0 ( I-SLICE, QP 26 )    2232352 bits [Y 99.9900 dB    U 99.9900 dB    V 99.9900 dB] [ET  5.83 ] [L0 ] [L1 ]
*** TRAIL_R numBytesInNALunit: 278711
POC   86 TId: 0 ( I-SLICE, QP 26 )    2229688 bits [Y 99.9900 dB    U 99.9900 dB    V 99.9900 dB] [ET  5.84 ] [L0 ] [L1 ]
*** TRAIL_R numBytesInNALunit: 278664
POC   87 TId: 0 ( I-SLICE, QP 26 )    2229312 bits [Y 99.9900 dB    U 99.9900 dB    V 99.9900 dB] [ET  5.81 ] [L0 ] [L1 ]
*** TRAIL_R numBytesInNALunit: 279195
POC   88 TId: 0 ( I-SLICE, QP 26 )    2233560 bits [Y 99.9900 dB    U 99.9900 dB    V 99.9900 dB] [ET  5.77 ] [L0 ] [L1 ]
*** TRAIL_R numBytesInNALunit: 279531
POC   89 TId: 0 ( I-SLICE, QP 26 )    2236248 bits [Y 99.9900 dB    U 99.9900 dB    V 99.9900 dB] [ET  5.88 ] [L0 ] [L1 ]
*** TRAIL_R numBytesInNALunit: 279321
POC   90 TId: 0 ( I-SLICE, QP 26 )    2234568 bits [Y 99.9900 dB    U 99.9900 dB    V 99.9900 dB] [ET  5.91 ] [L0 ] [L1 ]
*** TRAIL_R numBytesInNALunit: 279007
POC   91 TId: 0 ( I-SLICE, QP 26 )    2232056 bits [Y 99.9900 dB    U 99.9900 dB    V 99.9900 dB] [ET  5.69 ] [L0 ] [L1 ]
*** TRAIL_R numBytesInNALunit: 279177
POC   92 TId: 0 ( I-SLICE, QP 26 )    2233416 bits [Y 99.9900 dB    U 99.9900 dB    V 99.9900 dB] [ET  5.77 ] [L0 ] [L1 ]
*** TRAIL_R numBytesInNALunit: 279852
POC   93 TId: 0 ( I-SLICE, QP 26 )    2238816 bits [Y 99.9900 dB    U 99.9900 dB    V 99.9900 dB] [ET  5.92 ] [L0 ] [L1 ]
*** TRAIL_R numBytesInNALunit: 280554
POC   94 TId: 0 ( I-SLICE, QP 26 )    2244432 bits [Y 99.9900 dB    U 99.9900 dB    V 99.9900 dB] [ET  5.72 ] [L0 ] [L1 ]
*** TRAIL_R numBytesInNALunit: 281331
POC   95 TId: 0 ( I-SLICE, QP 26 )    2250648 bits [Y 99.9900 dB    U 99.9900 dB    V 99.9900 dB] [ET  5.91 ] [L0 ] [L1 ]
*** TRAIL_R numBytesInNALunit: 281846
POC   96 TId: 0 ( I-SLICE, QP 26 )    2254768 bits [Y 99.9900 dB    U 99.9900 dB    V 99.9900 dB] [ET  5.84 ] [L0 ] [L1 ]
*** TRAIL_R numBytesInNALunit: 281730
POC   97 TId: 0 ( I-SLICE, QP 26 )    2253840 bits [Y 99.9900 dB    U 99.9900 dB    V 99.9900 dB] [ET  5.86 ] [L0 ] [L1 ]
*** TRAIL_R numBytesInNALunit: 283158
POC   98 TId: 0 ( I-SLICE, QP 26 )    2265264 bits [Y 99.9900 dB    U 99.9900 dB    V 99.9900 dB] [ET  5.83 ] [L0 ] [L1 ]
*** TRAIL_R numBytesInNALunit: 282914
POC   99 TId: 0 ( I-SLICE, QP 26 )    2263312 bits [Y 99.9900 dB    U 99.9900 dB    V 99.9900 dB] [ET  5.73 ] [L0 ] [L1 ]
*** TRAIL_R numBytesInNALunit: 283060
POC  100 TId: 0 ( I-SLICE, QP 26 )    2264480 bits [Y 99.9900 dB    U 99.9900 dB    V 99.9900 dB] [ET  5.94 ] [L0 ] [L1 ]
*** TRAIL_R numBytesInNALunit: 283488
POC  101 TId: 0 ( I-SLICE, QP 26 )    2267904 bits [Y 99.9900 dB    U 99.9900 dB    V 99.9900 dB] [ET  5.70 ] [L0 ] [L1 ]
*** TRAIL_R numBytesInNALunit: 283734
POC  102 TId: 0 ( I-SLICE, QP 26 )    2269872 bits [Y 99.9900 dB    U 99.9900 dB    V 99.9900 dB] [ET  5.80 ] [L0 ] [L1 ]
*** TRAIL_R numBytesInNALunit: 283800
POC  103 TId: 0 ( I-SLICE, QP 26 )    2270400 bits [Y 99.9900 dB    U 99.9900 dB    V 99.9900 dB] [ET  5.61 ] [L0 ] [L1 ]
*** TRAIL_R numBytesInNALunit: 283293
POC  104 TId: 0 ( I-SLICE, QP 26 )    2266344 bits [Y 99.9900 dB    U 99.9900 dB    V 99.9900 dB] [ET  5.78 ] [L0 ] [L1 ]
*** TRAIL_R numBytesInNALunit: 283361
POC  105 TId: 0 ( I-SLICE, QP 26 )    2266888 bits [Y 99.9900 dB    U 99.9900 dB    V 99.9900 dB] [ET  5.64 ] [L0 ] [L1 ]
*** TRAIL_R numBytesInNALunit: 283060
POC  106 TId: 0 ( I-SLICE, QP 26 )    2264480 bits [Y 99.9900 dB    U 99.9900 dB    V 99.9900 dB] [ET  5.81 ] [L0 ] [L1 ]
*** TRAIL_R numBytesInNALunit: 282839
POC  107 TId: 0 ( I-SLICE, QP 26 )    2262712 bits [Y 99.9900 dB    U 99.9900 dB    V 99.9900 dB] [ET  5.84 ] [L0 ] [L1 ]
*** TRAIL_R numBytesInNALunit: 282116
POC  108 TId: 0 ( I-SLICE, QP 26 )    2256928 bits [Y 99.9900 dB    U 99.9900 dB    V 99.9900 dB] [ET  5.78 ] [L0 ] [L1 ]
*** TRAIL_R numBytesInNALunit: 281956
POC  109 TId: 0 ( I-SLICE, QP 26 )    2255648 bits [Y 99.9900 dB    U 99.9900 dB    V 99.9900 dB] [ET  5.62 ] [L0 ] [L1 ]
*** TRAIL_R numBytesInNALunit: 281984
POC  110 TId: 0 ( I-SLICE, QP 26 )    2255872 bits [Y 99.9900 dB    U 99.9900 dB    V 99.9900 dB] [ET  5.97 ] [L0 ] [L1 ]
*** TRAIL_R numBytesInNALunit: 282037
POC  111 TId: 0 ( I-SLICE, QP 26 )    2256296 bits [Y 99.9900 dB    U 99.9900 dB    V 99.9900 dB] [ET  5.80 ] [L0 ] [L1 ]
*** TRAIL_R numBytesInNALunit: 282114
POC  112 TId: 0 ( I-SLICE, QP 26 )    2256912 bits [Y 99.9900 dB    U 99.9900 dB    V 99.9900 dB] [ET  5.64 ] [L0 ] [L1 ]
*** TRAIL_R numBytesInNALunit: 282583
POC  113 TId: 0 ( I-SLICE, QP 26 )    2260664 bits [Y 99.9900 dB    U 99.9900 dB    V 99.9900 dB] [ET  5.55 ] [L0 ] [L1 ]
*** TRAIL_R numBytesInNALunit: 282854
POC  114 TId: 0 ( I-SLICE, QP 26 )    2262832 bits [Y 99.9900 dB    U 99.9900 dB    V 99.9900 dB] [ET  5.80 ] [L0 ] [L1 ]
*** TRAIL_R numBytesInNALunit: 282947
POC  115 TId: 0 ( I-SLICE, QP 26 )    2263576 bits [Y 99.9900 dB    U 99.9900 dB    V 99.9900 dB] [ET  5.17 ] [L0 ] [L1 ]
*** TRAIL_R numBytesInNALunit: 283484
POC  116 TId: 0 ( I-SLICE, QP 26 )    2267872 bits [Y 99.9900 dB    U 99.9900 dB    V 99.9900 dB] [ET  5.28 ] [L0 ] [L1 ]
*** TRAIL_R numBytesInNALunit: 283592
POC  117 TId: 0 ( I-SLICE, QP 26 )    2268736 bits [Y 99.9900 dB    U 99.9900 dB    V 99.9900 dB] [ET  5.42 ] [L0 ] [L1 ]
*** TRAIL_R numBytesInNALunit: 283407
POC  118 TId: 0 ( I-SLICE, QP 26 )    2267256 bits [Y 99.9900 dB    U 99.9900 dB    V 99.9900 dB] [ET  5.42 ] [L0 ] [L1 ]
*** TRAIL_R numBytesInNALunit: 283160
POC  119 TId: 0 ( I-SLICE, QP 26 )    2265280 bits [Y 99.9900 dB    U 99.9900 dB    V 99.9900 dB] [ET  5.33 ] [L0 ] [L1 ]
*** TRAIL_R numBytesInNALunit: 283605
POC  120 TId: 0 ( I-SLICE, QP 26 )    2268840 bits [Y 99.9900 dB    U 99.9900 dB    V 99.9900 dB] [ET  5.03 ] [L0 ] [L1 ]
*** TRAIL_R numBytesInNALunit: 283796
POC  121 TId: 0 ( I-SLICE, QP 26 )    2270368 bits [Y 99.9900 dB    U 99.9900 dB    V 99.9900 dB] [ET  5.31 ] [L0 ] [L1 ]
*** TRAIL_R numBytesInNALunit: 284007
POC  122 TId: 0 ( I-SLICE, QP 26 )    2272056 bits [Y 99.9900 dB    U 99.9900 dB    V 99.9900 dB] [ET  5.25 ] [L0 ] [L1 ]
*** TRAIL_R numBytesInNALunit: 284151
POC  123 TId: 0 ( I-SLICE, QP 26 )    2273208 bits [Y 99.9900 dB    U 99.9900 dB    V 99.9900 dB] [ET  5.36 ] [L0 ] [L1 ]
*** TRAIL_R numBytesInNALunit: 283209
POC  124 TId: 0 ( I-SLICE, QP 26 )    2265672 bits [Y 99.9900 dB    U 99.9900 dB    V 99.9900 dB] [ET  5.30 ] [L0 ] [L1 ]
*** TRAIL_R numBytesInNALunit: 283130
POC  125 TId: 0 ( I-SLICE, QP 26 )    2265040 bits [Y 99.9900 dB    U 99.9900 dB    V 99.9900 dB] [ET  5.34 ] [L0 ] [L1 ]
*** TRAIL_R numBytesInNALunit: 282421
POC  126 TId: 0 ( I-SLICE, QP 26 )    2259368 bits [Y 99.9900 dB    U 99.9900 dB    V 99.9900 dB] [ET  5.30 ] [L0 ] [L1 ]
*** TRAIL_R numBytesInNALunit: 282666
POC  127 TId: 0 ( I-SLICE, QP 26 )    2261328 bits [Y 99.9900 dB    U 99.9900 dB    V 99.9900 dB] [ET  5.48 ] [L0 ] [L1 ]
*** TRAIL_R numBytesInNALunit: 283190
POC  128 TId: 0 ( I-SLICE, QP 26 )    2265520 bits [Y 99.9900 dB    U 99.9900 dB    V 99.9900 dB] [ET  5.42 ] [L0 ] [L1 ]
*** TRAIL_R numBytesInNALunit: 283585
POC  129 TId: 0 ( I-SLICE, QP 26 )    2268680 bits [Y 99.9900 dB    U 99.9900 dB    V 99.9900 dB] [ET  5.44 ] [L0 ] [L1 ]
*** TRAIL_R numBytesInNALunit: 283390
POC  130 TId: 0 ( I-SLICE, QP 26 )    2267120 bits [Y 99.9900 dB    U 99.9900 dB    V 99.9900 dB] [ET  5.52 ] [L0 ] [L1 ]
*** TRAIL_R numBytesInNALunit: 283425
POC  131 TId: 0 ( I-SLICE, QP 26 )    2267400 bits [Y 99.9900 dB    U 99.9900 dB    V 99.9900 dB] [ET  5.64 ] [L0 ] [L1 ]
*** TRAIL_R numBytesInNALunit: 283442
POC  132 TId: 0 ( I-SLICE, QP 26 )    2267536 bits [Y 99.9900 dB    U 99.9900 dB    V 99.9900 dB] [ET  5.58 ] [L0 ] [L1 ]
*** TRAIL_R numBytesInNALunit: 283938
POC  133 TId: 0 ( I-SLICE, QP 26 )    2271504 bits [Y 99.9900 dB    U 99.9900 dB    V 99.9900 dB] [ET  5.38 ] [L0 ] [L1 ]
*** TRAIL_R numBytesInNALunit: 284024
POC  134 TId: 0 ( I-SLICE, QP 26 )    2272192 bits [Y 99.9900 dB    U 99.9900 dB    V 99.9900 dB] [ET  5.45 ] [L0 ] [L1 ]
*** TRAIL_R numBytesInNALunit: 283596
POC  135 TId: 0 ( I-SLICE, QP 26 )    2268768 bits [Y 99.9900 dB    U 99.9900 dB    V 99.9900 dB] [ET  5.45 ] [L0 ] [L1 ]
*** TRAIL_R numBytesInNALunit: 283555
POC  136 TId: 0 ( I-SLICE, QP 26 )    2268440 bits [Y 99.9900 dB    U 99.9900 dB    V 99.9900 dB] [ET  5.22 ] [L0 ] [L1 ]
*** TRAIL_R numBytesInNALunit: 283582
POC  137 TId: 0 ( I-SLICE, QP 26 )    2268656 bits [Y 99.9900 dB    U 99.9900 dB    V 99.9900 dB] [ET  5.28 ] [L0 ] [L1 ]
*** TRAIL_R numBytesInNALunit: 284157
POC  138 TId: 0 ( I-SLICE, QP 26 )    2273256 bits [Y 99.9900 dB    U 99.9900 dB    V 99.9900 dB] [ET  5.27 ] [L0 ] [L1 ]
*** TRAIL_R numBytesInNALunit: 283746
POC  139 TId: 0 ( I-SLICE, QP 26 )    2269968 bits [Y 99.9900 dB    U 99.9900 dB    V 99.9900 dB] [ET  5.45 ] [L0 ] [L1 ]
*** TRAIL_R numBytesInNALunit: 284467
POC  140 TId: 0 ( I-SLICE, QP 26 )    2275736 bits [Y 99.9900 dB    U 99.9900 dB    V 99.9900 dB] [ET  5.47 ] [L0 ] [L1 ]
*** TRAIL_R numBytesInNALunit: 284979
POC  141 TId: 0 ( I-SLICE, QP 26 )    2279832 bits [Y 99.9900 dB    U 99.9900 dB    V 99.9900 dB] [ET  5.66 ] [L0 ] [L1 ]
*** TRAIL_R numBytesInNALunit: 284749
POC  142 TId: 0 ( I-SLICE, QP 26 )    2277992 bits [Y 99.9900 dB    U 99.9900 dB    V 99.9900 dB] [ET  5.30 ] [L0 ] [L1 ]
*** TRAIL_R numBytesInNALunit: 284864
POC  143 TId: 0 ( I-SLICE, QP 26 )    2278912 bits [Y 99.9900 dB    U 99.9900 dB    V 99.9900 dB] [ET  5.50 ] [L0 ] [L1 ]
*** TRAIL_R numBytesInNALunit: 285048
POC  144 TId: 0 ( I-SLICE, QP 26 )    2280384 bits [Y 99.9900 dB    U 99.9900 dB    V 99.9900 dB] [ET  5.25 ] [L0 ] [L1 ]
*** TRAIL_R numBytesInNALunit: 284605
POC  145 TId: 0 ( I-SLICE, QP 26 )    2276840 bits [Y 99.9900 dB    U 99.9900 dB    V 99.9900 dB] [ET  5.23 ] [L0 ] [L1 ]
*** TRAIL_R numBytesInNALunit: 284161
POC  146 TId: 0 ( I-SLICE, QP 26 )    2273288 bits [Y 99.9900 dB    U 99.9900 dB    V 99.9900 dB] [ET  5.22 ] [L0 ] [L1 ]
*** TRAIL_R numBytesInNALunit: 283817
POC  147 TId: 0 ( I-SLICE, QP 26 )    2270536 bits [Y 99.9900 dB    U 99.9900 dB    V 99.9900 dB] [ET  5.36 ] [L0 ] [L1 ]
*** TRAIL_R numBytesInNALunit: 283392
POC  148 TId: 0 ( I-SLICE, QP 26 )    2267136 bits [Y 99.9900 dB    U 99.9900 dB    V 99.9900 dB] [ET  5.45 ] [L0 ] [L1 ]
*** TRAIL_R numBytesInNALunit: 282845
POC  149 TId: 0 ( I-SLICE, QP 26 )    2262760 bits [Y 99.9900 dB    U 99.9900 dB    V 99.9900 dB] [ET  5.45 ] [L0 ] [L1 ]
*** TRAIL_R numBytesInNALunit: 282936
POC  150 TId: 0 ( I-SLICE, QP 26 )    2263488 bits [Y 99.9900 dB    U 99.9900 dB    V 99.9900 dB] [ET  5.38 ] [L0 ] [L1 ]
*** TRAIL_R numBytesInNALunit: 282920
POC  151 TId: 0 ( I-SLICE, QP 26 )    2263360 bits [Y 99.9900 dB    U 99.9900 dB    V 99.9900 dB] [ET  5.38 ] [L0 ] [L1 ]
*** TRAIL_R numBytesInNALunit: 282505
POC  152 TId: 0 ( I-SLICE, QP 26 )    2260040 bits [Y 99.9900 dB    U 99.9900 dB    V 99.9900 dB] [ET  5.58 ] [L0 ] [L1 ]
*** TRAIL_R numBytesInNALunit: 282405
POC  153 TId: 0 ( I-SLICE, QP 26 )    2259240 bits [Y 99.9900 dB    U 99.9900 dB    V 99.9900 dB] [ET  5.39 ] [L0 ] [L1 ]
*** TRAIL_R numBytesInNALunit: 282511
POC  154 TId: 0 ( I-SLICE, QP 26 )    2260088 bits [Y 99.9900 dB    U 99.9900 dB    V 99.9900 dB] [ET  5.70 ] [L0 ] [L1 ]
*** TRAIL_R numBytesInNALunit: 282680
POC  155 TId: 0 ( I-SLICE, QP 26 )    2261440 bits [Y 99.9900 dB    U 99.9900 dB    V 99.9900 dB] [ET  5.27 ] [L0 ] [L1 ]
*** TRAIL_R numBytesInNALunit: 282855
POC  156 TId: 0 ( I-SLICE, QP 26 )    2262840 bits [Y 99.9900 dB    U 99.9900 dB    V 99.9900 dB] [ET  5.41 ] [L0 ] [L1 ]
*** TRAIL_R numBytesInNALunit: 282810
POC  157 TId: 0 ( I-SLICE, QP 26 )    2262480 bits [Y 99.9900 dB    U 99.9900 dB    V 99.9900 dB] [ET  5.55 ] [L0 ] [L1 ]
*** TRAIL_R numBytesInNALunit: 282664
POC  158 TId: 0 ( I-SLICE, QP 26 )    2261312 bits [Y 99.9900 dB    U 99.9900 dB    V 99.9900 dB] [ET  5.30 ] [L0 ] [L1 ]
*** TRAIL_R numBytesInNALunit: 282914
POC  159 TId: 0 ( I-SLICE, QP 26 )    2263312 bits [Y 99.9900 dB    U 99.9900 dB    V 99.9900 dB] [ET  5.34 ] [L0 ] [L1 ]
*** TRAIL_R numBytesInNALunit: 282581
POC  160 TId: 0 ( I-SLICE, QP 26 )    2260648 bits [Y 99.9900 dB    U 99.9900 dB    V 99.9900 dB] [ET  5.45 ] [L0 ] [L1 ]
*** TRAIL_R numBytesInNALunit: 282205
POC  161 TId: 0 ( I-SLICE, QP 26 )    2257640 bits [Y 99.9900 dB    U 99.9900 dB    V 99.9900 dB] [ET  5.31 ] [L0 ] [L1 ]
*** TRAIL_R numBytesInNALunit: 282605
POC  162 TId: 0 ( I-SLICE, QP 26 )    2260840 bits [Y 99.9900 dB    U 99.9900 dB    V 99.9900 dB] [ET  5.34 ] [L0 ] [L1 ]
*** TRAIL_R numBytesInNALunit: 283426
POC  163 TId: 0 ( I-SLICE, QP 26 )    2267408 bits [Y 99.9900 dB    U 99.9900 dB    V 99.9900 dB] [ET  5.33 ] [L0 ] [L1 ]
*** TRAIL_R numBytesInNALunit: 283682
POC  164 TId: 0 ( I-SLICE, QP 26 )    2269456 bits [Y 99.9900 dB    U 99.9900 dB    V 99.9900 dB] [ET  5.52 ] [L0 ] [L1 ]
*** TRAIL_R numBytesInNALunit: 284365
POC  165 TId: 0 ( I-SLICE, QP 26 )    2274920 bits [Y 99.9900 dB    U 99.9900 dB    V 99.9900 dB] [ET  5.56 ] [L0 ] [L1 ]
*** TRAIL_R numBytesInNALunit: 284349
POC  166 TId: 0 ( I-SLICE, QP 26 )    2274792 bits [Y 99.9900 dB    U 99.9900 dB    V 99.9900 dB] [ET  5.39 ] [L0 ] [L1 ]
*** TRAIL_R numBytesInNALunit: 284662
POC  167 TId: 0 ( I-SLICE, QP 26 )    2277296 bits [Y 99.9900 dB    U 99.9900 dB    V 99.9900 dB] [ET  5.41 ] [L0 ] [L1 ]
*** TRAIL_R numBytesInNALunit: 284111
POC  168 TId: 0 ( I-SLICE, QP 26 )    2272888 bits [Y 99.9900 dB    U 99.9900 dB    V 99.9900 dB] [ET  5.50 ] [L0 ] [L1 ]
*** TRAIL_R numBytesInNALunit: 283986
POC  169 TId: 0 ( I-SLICE, QP 26 )    2271888 bits [Y 99.9900 dB    U 99.9900 dB    V 99.9900 dB] [ET  5.33 ] [L0 ] [L1 ]
*** TRAIL_R numBytesInNALunit: 284334
POC  170 TId: 0 ( I-SLICE, QP 26 )    2274672 bits [Y 99.9900 dB    U 99.9900 dB    V 99.9900 dB] [ET  5.30 ] [L0 ] [L1 ]
*** TRAIL_R numBytesInNALunit: 284123
POC  171 TId: 0 ( I-SLICE, QP 26 )    2272984 bits [Y 99.9900 dB    U 99.9900 dB    V 99.9900 dB] [ET  5.42 ] [L0 ] [L1 ]
*** TRAIL_R numBytesInNALunit: 284467
POC  172 TId: 0 ( I-SLICE, QP 26 )    2275736 bits [Y 99.9900 dB    U 99.9900 dB    V 99.9900 dB] [ET  5.38 ] [L0 ] [L1 ]
*** TRAIL_R numBytesInNALunit: 284370
POC  173 TId: 0 ( I-SLICE, QP 26 )    2274960 bits [Y 99.9900 dB    U 99.9900 dB    V 99.9900 dB] [ET  5.45 ] [L0 ] [L1 ]
*** TRAIL_R numBytesInNALunit: 284977
POC  174 TId: 0 ( I-SLICE, QP 26 )    2279816 bits [Y 99.9900 dB    U 99.9900 dB    V 99.9900 dB] [ET  5.28 ] [L0 ] [L1 ]
*** TRAIL_R numBytesInNALunit: 285244
POC  175 TId: 0 ( I-SLICE, QP 26 )    2281952 bits [Y 99.9900 dB    U 99.9900 dB    V 99.9900 dB] [ET  5.50 ] [L0 ] [L1 ]
*** TRAIL_R numBytesInNALunit: 285450
POC  176 TId: 0 ( I-SLICE, QP 26 )    2283600 bits [Y 99.9900 dB    U 99.9900 dB    V 99.9900 dB] [ET  5.38 ] [L0 ] [L1 ]
*** TRAIL_R numBytesInNALunit: 285403
POC  177 TId: 0 ( I-SLICE, QP 26 )    2283224 bits [Y 99.9900 dB    U 99.9900 dB    V 99.9900 dB] [ET  5.28 ] [L0 ] [L1 ]
*** TRAIL_R numBytesInNALunit: 285317
POC  178 TId: 0 ( I-SLICE, QP 26 )    2282536 bits [Y 99.9900 dB    U 99.9900 dB    V 99.9900 dB] [ET  5.33 ] [L0 ] [L1 ]
*** TRAIL_R numBytesInNALunit: 285218
POC  179 TId: 0 ( I-SLICE, QP 26 )    2281744 bits [Y 99.9900 dB    U 99.9900 dB    V 99.9900 dB] [ET  5.47 ] [L0 ] [L1 ]
*** TRAIL_R numBytesInNALunit: 285284
POC  180 TId: 0 ( I-SLICE, QP 26 )    2282272 bits [Y 99.9900 dB    U 99.9900 dB    V 99.9900 dB] [ET  5.50 ] [L0 ] [L1 ]
*** TRAIL_R numBytesInNALunit: 285177
POC  181 TId: 0 ( I-SLICE, QP 26 )    2281416 bits [Y 99.9900 dB    U 99.9900 dB    V 99.9900 dB] [ET  5.23 ] [L0 ] [L1 ]
*** TRAIL_R numBytesInNALunit: 284552
POC  182 TId: 0 ( I-SLICE, QP 26 )    2276416 bits [Y 99.9900 dB    U 99.9900 dB    V 99.9900 dB] [ET  5.33 ] [L0 ] [L1 ]
*** TRAIL_R numBytesInNALunit: 284359
POC  183 TId: 0 ( I-SLICE, QP 26 )    2274872 bits [Y 99.9900 dB    U 99.9900 dB    V 99.9900 dB] [ET  5.28 ] [L0 ] [L1 ]
*** TRAIL_R numBytesInNALunit: 284767
POC  184 TId: 0 ( I-SLICE, QP 26 )    2278136 bits [Y 99.9900 dB    U 99.9900 dB    V 99.9900 dB] [ET  5.59 ] [L0 ] [L1 ]
*** TRAIL_R numBytesInNALunit: 284121
POC  185 TId: 0 ( I-SLICE, QP 26 )    2272968 bits [Y 99.9900 dB    U 99.9900 dB    V 99.9900 dB] [ET  5.56 ] [L0 ] [L1 ]
*** TRAIL_R numBytesInNALunit: 284297
POC  186 TId: 0 ( I-SLICE, QP 26 )    2274376 bits [Y 99.9900 dB    U 99.9900 dB    V 99.9900 dB] [ET  5.47 ] [L0 ] [L1 ]
*** TRAIL_R numBytesInNALunit: 283327
POC  187 TId: 0 ( I-SLICE, QP 26 )    2266616 bits [Y 99.9900 dB    U 99.9900 dB    V 99.9900 dB] [ET  5.70 ] [L0 ] [L1 ]
*** TRAIL_R numBytesInNALunit: 282967
POC  188 TId: 0 ( I-SLICE, QP 26 )    2263736 bits [Y 99.9900 dB    U 99.9900 dB    V 99.9900 dB] [ET  5.58 ] [L0 ] [L1 ]
*** TRAIL_R numBytesInNALunit: 282814
POC  189 TId: 0 ( I-SLICE, QP 26 )    2262512 bits [Y 99.9900 dB    U 99.9900 dB    V 99.9900 dB] [ET  5.39 ] [L0 ] [L1 ]
*** TRAIL_R numBytesInNALunit: 282448
POC  190 TId: 0 ( I-SLICE, QP 26 )    2259584 bits [Y 99.9900 dB    U 99.9900 dB    V 99.9900 dB] [ET  5.42 ] [L0 ] [L1 ]
*** TRAIL_R numBytesInNALunit: 281895
POC  191 TId: 0 ( I-SLICE, QP 26 )    2255160 bits [Y 99.9900 dB    U 99.9900 dB    V 99.9900 dB] [ET  5.66 ] [L0 ] [L1 ]
*** TRAIL_R numBytesInNALunit: 281601
POC  192 TId: 0 ( I-SLICE, QP 26 )    2252808 bits [Y 99.9900 dB    U 99.9900 dB    V 99.9900 dB] [ET  5.44 ] [L0 ] [L1 ]
*** TRAIL_R numBytesInNALunit: 281232
POC  193 TId: 0 ( I-SLICE, QP 26 )    2249856 bits [Y 99.9900 dB    U 99.9900 dB    V 99.9900 dB] [ET  5.52 ] [L0 ] [L1 ]
*** TRAIL_R numBytesInNALunit: 280434
POC  194 TId: 0 ( I-SLICE, QP 26 )    2243472 bits [Y 99.9900 dB    U 99.9900 dB    V 99.9900 dB] [ET  5.41 ] [L0 ] [L1 ]
*** TRAIL_R numBytesInNALunit: 280632
POC  195 TId: 0 ( I-SLICE, QP 26 )    2245056 bits [Y 99.9900 dB    U 99.9900 dB    V 99.9900 dB] [ET  5.25 ] [L0 ] [L1 ]
*** TRAIL_R numBytesInNALunit: 280978
POC  196 TId: 0 ( I-SLICE, QP 26 )    2247824 bits [Y 99.9900 dB    U 99.9900 dB    V 99.9900 dB] [ET  5.36 ] [L0 ] [L1 ]
*** TRAIL_R numBytesInNALunit: 281309
POC  197 TId: 0 ( I-SLICE, QP 26 )    2250472 bits [Y 99.9900 dB    U 99.9900 dB    V 99.9900 dB] [ET  5.02 ] [L0 ] [L1 ]
*** TRAIL_R numBytesInNALunit: 281648
POC  198 TId: 0 ( I-SLICE, QP 26 )    2253184 bits [Y 99.9900 dB    U 99.9900 dB    V 99.9900 dB] [ET  5.23 ] [L0 ] [L1 ]
*** TRAIL_R numBytesInNALunit: 281475
POC  199 TId: 0 ( I-SLICE, QP 26 )    2251800 bits [Y 99.9900 dB    U 99.9900 dB    V 99.9900 dB] [ET  5.39 ] [L0 ] [L1 ]
*** TRAIL_R numBytesInNALunit: 281783
POC  200 TId: 0 ( I-SLICE, QP 26 )    2254264 bits [Y 99.9900 dB    U 99.9900 dB    V 99.9900 dB] [ET  5.34 ] [L0 ] [L1 ]
*** TRAIL_R numBytesInNALunit: 281730
POC  201 TId: 0 ( I-SLICE, QP 26 )    2253840 bits [Y 99.9900 dB    U 99.9900 dB    V 99.9900 dB] [ET  5.20 ] [L0 ] [L1 ]
*** TRAIL_R numBytesInNALunit: 281648
POC  202 TId: 0 ( I-SLICE, QP 26 )    2253184 bits [Y 99.9900 dB    U 99.9900 dB    V 99.9900 dB] [ET  5.50 ] [L0 ] [L1 ]
*** TRAIL_R numBytesInNALunit: 281838
POC  203 TId: 0 ( I-SLICE, QP 26 )    2254704 bits [Y 99.9900 dB    U 99.9900 dB    V 99.9900 dB] [ET  5.34 ] [L0 ] [L1 ]
*** TRAIL_R numBytesInNALunit: 281402
POC  204 TId: 0 ( I-SLICE, QP 26 )    2251216 bits [Y 99.9900 dB    U 99.9900 dB    V 99.9900 dB] [ET  5.88 ] [L0 ] [L1 ]
*** TRAIL_R numBytesInNALunit: 280872
POC  205 TId: 0 ( I-SLICE, QP 26 )    2246976 bits [Y 99.9900 dB    U 99.9900 dB    V 99.9900 dB] [ET  5.55 ] [L0 ] [L1 ]
*** TRAIL_R numBytesInNALunit: 280303
POC  206 TId: 0 ( I-SLICE, QP 26 )    2242424 bits [Y 99.9900 dB    U 99.9900 dB    V 99.9900 dB] [ET  5.53 ] [L0 ] [L1 ]
*** TRAIL_R numBytesInNALunit: 280113
POC  207 TId: 0 ( I-SLICE, QP 26 )    2240904 bits [Y 99.9900 dB    U 99.9900 dB    V 99.9900 dB] [ET  5.48 ] [L0 ] [L1 ]
*** TRAIL_R numBytesInNALunit: 280146
POC  208 TId: 0 ( I-SLICE, QP 26 )    2241168 bits [Y 99.9900 dB    U 99.9900 dB    V 99.9900 dB] [ET  5.31 ] [L0 ] [L1 ]
*** TRAIL_R numBytesInNALunit: 279277
POC  209 TId: 0 ( I-SLICE, QP 26 )    2234216 bits [Y 99.9900 dB    U 99.9900 dB    V 99.9900 dB] [ET  5.31 ] [L0 ] [L1 ]
*** TRAIL_R numBytesInNALunit: 278927
POC  210 TId: 0 ( I-SLICE, QP 26 )    2231416 bits [Y 99.9900 dB    U 99.9900 dB    V 99.9900 dB] [ET  5.42 ] [L0 ] [L1 ]
*** TRAIL_R numBytesInNALunit: 278061
POC  211 TId: 0 ( I-SLICE, QP 26 )    2224488 bits [Y 99.9900 dB    U 99.9900 dB    V 99.9900 dB] [ET  5.41 ] [L0 ] [L1 ]
*** TRAIL_R numBytesInNALunit: 277624
POC  212 TId: 0 ( I-SLICE, QP 26 )    2220992 bits [Y 99.9900 dB    U 99.9900 dB    V 99.9900 dB] [ET  5.25 ] [L0 ] [L1 ]
*** TRAIL_R numBytesInNALunit: 276690
POC  213 TId: 0 ( I-SLICE, QP 26 )    2213520 bits [Y 99.9900 dB    U 99.9900 dB    V 99.9900 dB] [ET  5.41 ] [L0 ] [L1 ]
*** TRAIL_R numBytesInNALunit: 276206
POC  214 TId: 0 ( I-SLICE, QP 26 )    2209648 bits [Y 99.9900 dB    U 99.9900 dB    V 99.9900 dB] [ET  5.23 ] [L0 ] [L1 ]
*** TRAIL_R numBytesInNALunit: 275754
POC  215 TId: 0 ( I-SLICE, QP 26 )    2206032 bits [Y 99.9900 dB    U 99.9900 dB    V 99.9900 dB] [ET  5.36 ] [L0 ] [L1 ]
*** TRAIL_R numBytesInNALunit: 275129
POC  216 TId: 0 ( I-SLICE, QP 26 )    2201032 bits [Y 99.9900 dB    U 99.9900 dB    V 99.9900 dB] [ET  5.36 ] [L0 ] [L1 ]
*** TRAIL_R numBytesInNALunit: 274781
POC  217 TId: 0 ( I-SLICE, QP 26 )    2198248 bits [Y 99.9900 dB    U 99.9900 dB    V 99.9900 dB] [ET  5.45 ] [L0 ] [L1 ]
*** TRAIL_R numBytesInNALunit: 274336
POC  218 TId: 0 ( I-SLICE, QP 26 )    2194688 bits [Y 99.9900 dB    U 99.9900 dB    V 99.9900 dB] [ET  5.39 ] [L0 ] [L1 ]
*** TRAIL_R numBytesInNALunit: 274084
POC  219 TId: 0 ( I-SLICE, QP 26 )    2192672 bits [Y 99.9900 dB    U 99.9900 dB    V 99.9900 dB] [ET  5.38 ] [L0 ] [L1 ]
*** TRAIL_R numBytesInNALunit: 274093
POC  220 TId: 0 ( I-SLICE, QP 26 )    2192744 bits [Y 99.9900 dB    U 99.9900 dB    V 99.9900 dB] [ET  5.34 ] [L0 ] [L1 ]
*** TRAIL_R numBytesInNALunit: 274005
POC  221 TId: 0 ( I-SLICE, QP 26 )    2192040 bits [Y 99.9900 dB    U 99.9900 dB    V 99.9900 dB] [ET  5.25 ] [L0 ] [L1 ]
*** TRAIL_R numBytesInNALunit: 273593
POC  222 TId: 0 ( I-SLICE, QP 26 )    2188744 bits [Y 99.9900 dB    U 99.9900 dB    V 99.9900 dB] [ET  5.39 ] [L0 ] [L1 ]
*** TRAIL_R numBytesInNALunit: 273454
POC  223 TId: 0 ( I-SLICE, QP 26 )    2187632 bits [Y 99.9900 dB    U 99.9900 dB    V 99.9900 dB] [ET  5.31 ] [L0 ] [L1 ]
*** TRAIL_R numBytesInNALunit: 273767
POC  224 TId: 0 ( I-SLICE, QP 26 )    2190136 bits [Y 99.9900 dB    U 99.9900 dB    V 99.9900 dB] [ET  5.31 ] [L0 ] [L1 ]
*** TRAIL_R numBytesInNALunit: 273605
POC  225 TId: 0 ( I-SLICE, QP 26 )    2188840 bits [Y 99.9900 dB    U 99.9900 dB    V 99.9900 dB] [ET  5.42 ] [L0 ] [L1 ]
*** TRAIL_R numBytesInNALunit: 273284
POC  226 TId: 0 ( I-SLICE, QP 26 )    2186272 bits [Y 99.9900 dB    U 99.9900 dB    V 99.9900 dB] [ET  5.52 ] [L0 ] [L1 ]
*** TRAIL_R numBytesInNALunit: 273109
POC  227 TId: 0 ( I-SLICE, QP 26 )    2184872 bits [Y 99.9900 dB    U 99.9900 dB    V 99.9900 dB] [ET  5.28 ] [L0 ] [L1 ]
*** TRAIL_R numBytesInNALunit: 272444
POC  228 TId: 0 ( I-SLICE, QP 26 )    2179552 bits [Y 99.9900 dB    U 99.9900 dB    V 99.9900 dB] [ET  5.36 ] [L0 ] [L1 ]
*** TRAIL_R numBytesInNALunit: 272131
POC  229 TId: 0 ( I-SLICE, QP 26 )    2177048 bits [Y 99.9900 dB    U 99.9900 dB    V 99.9900 dB] [ET  5.27 ] [L0 ] [L1 ]
*** TRAIL_R numBytesInNALunit: 271566
POC  230 TId: 0 ( I-SLICE, QP 26 )    2172528 bits [Y 99.9900 dB    U 99.9900 dB    V 99.9900 dB] [ET  5.25 ] [L0 ] [L1 ]
*** TRAIL_R numBytesInNALunit: 271336
POC  231 TId: 0 ( I-SLICE, QP 26 )    2170688 bits [Y 99.9900 dB    U 99.9900 dB    V 99.9900 dB] [ET  5.53 ] [L0 ] [L1 ]
*** TRAIL_R numBytesInNALunit: 271751
POC  232 TId: 0 ( I-SLICE, QP 26 )    2174008 bits [Y 99.9900 dB    U 99.9900 dB    V 99.9900 dB] [ET  5.36 ] [L0 ] [L1 ]
*** TRAIL_R numBytesInNALunit: 271425
POC  233 TId: 0 ( I-SLICE, QP 26 )    2171400 bits [Y 99.9900 dB    U 99.9900 dB    V 99.9900 dB] [ET  5.30 ] [L0 ] [L1 ]
*** TRAIL_R numBytesInNALunit: 271796
POC  234 TId: 0 ( I-SLICE, QP 26 )    2174368 bits [Y 99.9900 dB    U 99.9900 dB    V 99.9900 dB] [ET  5.30 ] [L0 ] [L1 ]
*** TRAIL_R numBytesInNALunit: 271332
POC  235 TId: 0 ( I-SLICE, QP 26 )    2170656 bits [Y 99.9900 dB    U 99.9900 dB    V 99.9900 dB] [ET  5.25 ] [L0 ] [L1 ]
*** TRAIL_R numBytesInNALunit: 271945
POC  236 TId: 0 ( I-SLICE, QP 26 )    2175560 bits [Y 99.9900 dB    U 99.9900 dB    V 99.9900 dB] [ET  5.56 ] [L0 ] [L1 ]
*** TRAIL_R numBytesInNALunit: 271790
POC  237 TId: 0 ( I-SLICE, QP 26 )    2174320 bits [Y 99.9900 dB    U 99.9900 dB    V 99.9900 dB] [ET  5.42 ] [L0 ] [L1 ]
*** TRAIL_R numBytesInNALunit: 271732
POC  238 TId: 0 ( I-SLICE, QP 26 )    2173856 bits [Y 99.9900 dB    U 99.9900 dB    V 99.9900 dB] [ET  5.25 ] [L0 ] [L1 ]
*** TRAIL_R numBytesInNALunit: 271928
POC  239 TId: 0 ( I-SLICE, QP 26 )    2175424 bits [Y 99.9900 dB    U 99.9900 dB    V 99.9900 dB] [ET  5.47 ] [L0 ] [L1 ]
*** TRAIL_R numBytesInNALunit: 271801
POC  240 TId: 0 ( I-SLICE, QP 26 )    2174408 bits [Y 99.9900 dB    U 99.9900 dB    V 99.9900 dB] [ET  5.58 ] [L0 ] [L1 ]
*** TRAIL_R numBytesInNALunit: 271749
POC  241 TId: 0 ( I-SLICE, QP 26 )    2173992 bits [Y 99.9900 dB    U 99.9900 dB    V 99.9900 dB] [ET  5.61 ] [L0 ] [L1 ]
*** TRAIL_R numBytesInNALunit: 271841
POC  242 TId: 0 ( I-SLICE, QP 26 )    2174728 bits [Y 99.9900 dB    U 99.9900 dB    V 99.9900 dB] [ET  5.59 ] [L0 ] [L1 ]
*** TRAIL_R numBytesInNALunit: 271842
POC  243 TId: 0 ( I-SLICE, QP 26 )    2174736 bits [Y 99.9900 dB    U 99.9900 dB    V 99.9900 dB] [ET  6.00 ] [L0 ] [L1 ]
*** TRAIL_R numBytesInNALunit: 271792
POC  244 TId: 0 ( I-SLICE, QP 26 )    2174336 bits [Y 99.9900 dB    U 99.9900 dB    V 99.9900 dB] [ET  5.69 ] [L0 ] [L1 ]
*** TRAIL_R numBytesInNALunit: 272478
POC  245 TId: 0 ( I-SLICE, QP 26 )    2179824 bits [Y 99.9900 dB    U 99.9900 dB    V 99.9900 dB] [ET  5.55 ] [L0 ] [L1 ]
*** TRAIL_R numBytesInNALunit: 272298
POC  246 TId: 0 ( I-SLICE, QP 26 )    2178384 bits [Y 99.9900 dB    U 99.9900 dB    V 99.9900 dB] [ET  5.45 ] [L0 ] [L1 ]
*** TRAIL_R numBytesInNALunit: 272267
POC  247 TId: 0 ( I-SLICE, QP 26 )    2178136 bits [Y 99.9900 dB    U 99.9900 dB    V 99.9900 dB] [ET  5.64 ] [L0 ] [L1 ]
*** TRAIL_R numBytesInNALunit: 272150
POC  248 TId: 0 ( I-SLICE, QP 26 )    2177200 bits [Y 99.9900 dB    U 99.9900 dB    V 99.9900 dB] [ET  5.56 ] [L0 ] [L1 ]
*** TRAIL_R numBytesInNALunit: 271615
POC  249 TId: 0 ( I-SLICE, QP 26 )    2172920 bits [Y 99.9900 dB    U 99.9900 dB    V 99.9900 dB] [ET  5.17 ] [L0 ] [L1 ]
*** TRAIL_R numBytesInNALunit: 271444
POC  250 TId: 0 ( I-SLICE, QP 26 )    2171552 bits [Y 99.9900 dB    U 99.9900 dB    V 99.9900 dB] [ET  5.61 ] [L0 ] [L1 ]
*** TRAIL_R numBytesInNALunit: 271413
POC  251 TId: 0 ( I-SLICE, QP 26 )    2171304 bits [Y 99.9900 dB    U 99.9900 dB    V 99.9900 dB] [ET  5.62 ] [L0 ] [L1 ]
*** TRAIL_R numBytesInNALunit: 270986
POC  252 TId: 0 ( I-SLICE, QP 26 )    2167888 bits [Y 99.9900 dB    U 99.9900 dB    V 99.9900 dB] [ET  5.72 ] [L0 ] [L1 ]
*** TRAIL_R numBytesInNALunit: 270845
POC  253 TId: 0 ( I-SLICE, QP 26 )    2166760 bits [Y 99.9900 dB    U 99.9900 dB    V 99.9900 dB] [ET  5.52 ] [L0 ] [L1 ]
*** TRAIL_R numBytesInNALunit: 270580
POC  254 TId: 0 ( I-SLICE, QP 26 )    2164640 bits [Y 99.9900 dB    U 99.9900 dB    V 99.9900 dB] [ET  5.45 ] [L0 ] [L1 ]
*** TRAIL_R numBytesInNALunit: 270485
POC  255 TId: 0 ( I-SLICE, QP 26 )    2163880 bits [Y 99.9900 dB    U 99.9900 dB    V 99.9900 dB] [ET  5.36 ] [L0 ] [L1 ]
*** TRAIL_R numBytesInNALunit: 270339
POC  256 TId: 0 ( I-SLICE, QP 26 )    2162712 bits [Y 99.9900 dB    U 99.9900 dB    V 99.9900 dB] [ET  5.44 ] [L0 ] [L1 ]
*** TRAIL_R numBytesInNALunit: 269791
POC  257 TId: 0 ( I-SLICE, QP 26 )    2158328 bits [Y 99.9900 dB    U 99.9900 dB    V 99.9900 dB] [ET  5.28 ] [L0 ] [L1 ]
*** TRAIL_R numBytesInNALunit: 270083
POC  258 TId: 0 ( I-SLICE, QP 26 )    2160664 bits [Y 99.9900 dB    U 99.9900 dB    V 99.9900 dB] [ET  5.25 ] [L0 ] [L1 ]
*** TRAIL_R numBytesInNALunit: 269877
POC  259 TId: 0 ( I-SLICE, QP 26 )    2159016 bits [Y 99.9900 dB    U 99.9900 dB    V 99.9900 dB] [ET  5.23 ] [L0 ] [L1 ]
*** TRAIL_R numBytesInNALunit: 269517
POC  260 TId: 0 ( I-SLICE, QP 26 )    2156136 bits [Y 99.9900 dB    U 99.9900 dB    V 99.9900 dB] [ET  5.47 ] [L0 ] [L1 ]
*** TRAIL_R numBytesInNALunit: 268989
POC  261 TId: 0 ( I-SLICE, QP 26 )    2151912 bits [Y 99.9900 dB    U 99.9900 dB    V 99.9900 dB] [ET  5.48 ] [L0 ] [L1 ]
*** TRAIL_R numBytesInNALunit: 268742
POC  262 TId: 0 ( I-SLICE, QP 26 )    2149936 bits [Y 99.9900 dB    U 99.9900 dB    V 99.9900 dB] [ET  5.12 ] [L0 ] [L1 ]
*** TRAIL_R numBytesInNALunit: 268226
POC  263 TId: 0 ( I-SLICE, QP 26 )    2145808 bits [Y 99.9900 dB    U 99.9900 dB    V 99.9900 dB] [ET  5.52 ] [L0 ] [L1 ]
*** TRAIL_R numBytesInNALunit: 267791
POC  264 TId: 0 ( I-SLICE, QP 26 )    2142328 bits [Y 99.9900 dB    U 99.9900 dB    V 99.9900 dB] [ET  5.50 ] [L0 ] [L1 ]
*** TRAIL_R numBytesInNALunit: 267749
POC  265 TId: 0 ( I-SLICE, QP 26 )    2141992 bits [Y 99.9900 dB    U 99.9900 dB    V 99.9900 dB] [ET  5.33 ] [L0 ] [L1 ]
*** TRAIL_R numBytesInNALunit: 267187
POC  266 TId: 0 ( I-SLICE, QP 26 )    2137496 bits [Y 99.9900 dB    U 99.9900 dB    V 99.9900 dB] [ET  5.53 ] [L0 ] [L1 ]
*** TRAIL_R numBytesInNALunit: 266574
POC  267 TId: 0 ( I-SLICE, QP 26 )    2132592 bits [Y 99.9900 dB    U 99.9900 dB    V 99.9900 dB] [ET  5.45 ] [L0 ] [L1 ]
*** TRAIL_R numBytesInNALunit: 266386
POC  268 TId: 0 ( I-SLICE, QP 26 )    2131088 bits [Y 99.9900 dB    U 99.9900 dB    V 99.9900 dB] [ET  5.44 ] [L0 ] [L1 ]
*** TRAIL_R numBytesInNALunit: 266204
POC  269 TId: 0 ( I-SLICE, QP 26 )    2129632 bits [Y 99.9900 dB    U 99.9900 dB    V 99.9900 dB] [ET  5.48 ] [L0 ] [L1 ]
*** TRAIL_R numBytesInNALunit: 265892
POC  270 TId: 0 ( I-SLICE, QP 26 )    2127136 bits [Y 99.9900 dB    U 99.9900 dB    V 99.9900 dB] [ET  5.59 ] [L0 ] [L1 ]
*** TRAIL_R numBytesInNALunit: 265488
POC  271 TId: 0 ( I-SLICE, QP 26 )    2123904 bits [Y 99.9900 dB    U 99.9900 dB    V 99.9900 dB] [ET  5.41 ] [L0 ] [L1 ]
*** TRAIL_R numBytesInNALunit: 265037
POC  272 TId: 0 ( I-SLICE, QP 26 )    2120296 bits [Y 99.9900 dB    U 99.9900 dB    V 99.9900 dB] [ET  5.41 ] [L0 ] [L1 ]
*** TRAIL_R numBytesInNALunit: 264455
POC  273 TId: 0 ( I-SLICE, QP 26 )    2115640 bits [Y 99.9900 dB    U 99.9900 dB    V 99.9900 dB] [ET  5.47 ] [L0 ] [L1 ]
*** TRAIL_R numBytesInNALunit: 264578
POC  274 TId: 0 ( I-SLICE, QP 26 )    2116624 bits [Y 99.9900 dB    U 99.9900 dB    V 99.9900 dB] [ET  5.59 ] [L0 ] [L1 ]
*** TRAIL_R numBytesInNALunit: 264253
POC  275 TId: 0 ( I-SLICE, QP 26 )    2114024 bits [Y 99.9900 dB    U 99.9900 dB    V 99.9900 dB] [ET  5.52 ] [L0 ] [L1 ]
*** TRAIL_R numBytesInNALunit: 263572
POC  276 TId: 0 ( I-SLICE, QP 26 )    2108576 bits [Y 99.9900 dB    U 99.9900 dB    V 99.9900 dB] [ET  5.69 ] [L0 ] [L1 ]
*** TRAIL_R numBytesInNALunit: 263104
POC  277 TId: 0 ( I-SLICE, QP 26 )    2104832 bits [Y 99.9900 dB    U 99.9900 dB    V 99.9900 dB] [ET  5.23 ] [L0 ] [L1 ]
*** TRAIL_R numBytesInNALunit: 263200
POC  278 TId: 0 ( I-SLICE, QP 26 )    2105600 bits [Y 99.9900 dB    U 99.9900 dB    V 99.9900 dB] [ET  5.30 ] [L0 ] [L1 ]
*** TRAIL_R numBytesInNALunit: 262762
POC  279 TId: 0 ( I-SLICE, QP 26 )    2102096 bits [Y 99.9900 dB    U 99.9900 dB    V 99.9900 dB] [ET  5.52 ] [L0 ] [L1 ]
*** TRAIL_R numBytesInNALunit: 262790
POC  280 TId: 0 ( I-SLICE, QP 26 )    2102320 bits [Y 99.9900 dB    U 99.9900 dB    V 99.9900 dB] [ET  5.52 ] [L0 ] [L1 ]
*** TRAIL_R numBytesInNALunit: 263070
POC  281 TId: 0 ( I-SLICE, QP 26 )    2104560 bits [Y 99.9900 dB    U 99.9900 dB    V 99.9900 dB] [ET  5.50 ] [L0 ] [L1 ]
*** TRAIL_R numBytesInNALunit: 262787
POC  282 TId: 0 ( I-SLICE, QP 26 )    2102296 bits [Y 99.9900 dB    U 99.9900 dB    V 99.9900 dB] [ET  5.66 ] [L0 ] [L1 ]
*** TRAIL_R numBytesInNALunit: 262228
POC  283 TId: 0 ( I-SLICE, QP 26 )    2097824 bits [Y 99.9900 dB    U 99.9900 dB    V 99.9900 dB] [ET  5.25 ] [L0 ] [L1 ]
*** TRAIL_R numBytesInNALunit: 262386
POC  284 TId: 0 ( I-SLICE, QP 26 )    2099088 bits [Y 99.9900 dB    U 99.9900 dB    V 99.9900 dB] [ET  5.14 ] [L0 ] [L1 ]
*** TRAIL_R numBytesInNALunit: 261680
POC  285 TId: 0 ( I-SLICE, QP 26 )    2093440 bits [Y 99.9900 dB    U 99.9900 dB    V 99.9900 dB] [ET  5.09 ] [L0 ] [L1 ]
*** TRAIL_R numBytesInNALunit: 261761
POC  286 TId: 0 ( I-SLICE, QP 26 )    2094088 bits [Y 99.9900 dB    U 99.9900 dB    V 99.9900 dB] [ET  5.33 ] [L0 ] [L1 ]
*** TRAIL_R numBytesInNALunit: 261331
POC  287 TId: 0 ( I-SLICE, QP 26 )    2090648 bits [Y 99.9900 dB    U 99.9900 dB    V 99.9900 dB] [ET  5.41 ] [L0 ] [L1 ]
*** TRAIL_R numBytesInNALunit: 260702
POC  288 TId: 0 ( I-SLICE, QP 26 )    2085616 bits [Y 99.9900 dB    U 99.9900 dB    V 99.9900 dB] [ET  5.64 ] [L0 ] [L1 ]
*** TRAIL_R numBytesInNALunit: 260607
POC  289 TId: 0 ( I-SLICE, QP 26 )    2084856 bits [Y 99.9900 dB    U 99.9900 dB    V 99.9900 dB] [ET  5.56 ] [L0 ] [L1 ]
*** TRAIL_R numBytesInNALunit: 260902
POC  290 TId: 0 ( I-SLICE, QP 26 )    2087216 bits [Y 99.9900 dB    U 99.9900 dB    V 99.9900 dB] [ET  5.06 ] [L0 ] [L1 ]
*** TRAIL_R numBytesInNALunit: 261091
POC  291 TId: 0 ( I-SLICE, QP 26 )    2088728 bits [Y 99.9900 dB    U 99.9900 dB    V 99.9900 dB] [ET  5.23 ] [L0 ] [L1 ]
*** TRAIL_R numBytesInNALunit: 260919
POC  292 TId: 0 ( I-SLICE, QP 26 )    2087352 bits [Y 99.9900 dB    U 99.9900 dB    V 99.9900 dB] [ET  5.28 ] [L0 ] [L1 ]
*** TRAIL_R numBytesInNALunit: 261029
POC  293 TId: 0 ( I-SLICE, QP 26 )    2088232 bits [Y 99.9900 dB    U 99.9900 dB    V 99.9900 dB] [ET  5.62 ] [L0 ] [L1 ]
*** TRAIL_R numBytesInNALunit: 261167
POC  294 TId: 0 ( I-SLICE, QP 26 )    2089336 bits [Y 99.9900 dB    U 99.9900 dB    V 99.9900 dB] [ET  5.52 ] [L0 ] [L1 ]
*** TRAIL_R numBytesInNALunit: 261119
POC  295 TId: 0 ( I-SLICE, QP 26 )    2088952 bits [Y 99.9900 dB    U 99.9900 dB    V 99.9900 dB] [ET  5.22 ] [L0 ] [L1 ]
*** TRAIL_R numBytesInNALunit: 260895
POC  296 TId: 0 ( I-SLICE, QP 26 )    2087160 bits [Y 99.9900 dB    U 99.9900 dB    V 99.9900 dB] [ET  5.34 ] [L0 ] [L1 ]
*** TRAIL_R numBytesInNALunit: 260980
POC  297 TId: 0 ( I-SLICE, QP 26 )    2087840 bits [Y 99.9900 dB    U 99.9900 dB    V 99.9900 dB] [ET  5.42 ] [L0 ] [L1 ]
*** TRAIL_R numBytesInNALunit: 261061
POC  298 TId: 0 ( I-SLICE, QP 26 )    2088488 bits [Y 99.9900 dB    U 99.9900 dB    V 99.9900 dB] [ET  5.50 ] [L0 ] [L1 ]
*** TRAIL_R numBytesInNALunit: 261203
POC  299 TId: 0 ( I-SLICE, QP 26 )    2089624 bits [Y 99.9900 dB    U 99.9900 dB    V 99.9900 dB] [ET  5.30 ] [L0 ] [L1 ]
*** TRAIL_R numBytesInNALunit: 261275
POC  300 TId: 0 ( I-SLICE, QP 26 )    2090200 bits [Y 99.9900 dB    U 99.9900 dB    V 99.9900 dB] [ET  5.12 ] [L0 ] [L1 ]
*** TRAIL_R numBytesInNALunit: 260958
POC  301 TId: 0 ( I-SLICE, QP 26 )    2087664 bits [Y 99.9900 dB    U 99.9900 dB    V 99.9900 dB] [ET  5.20 ] [L0 ] [L1 ]
*** TRAIL_R numBytesInNALunit: 260975
POC  302 TId: 0 ( I-SLICE, QP 26 )    2087800 bits [Y 99.9900 dB    U 99.9900 dB    V 99.9900 dB] [ET  5.34 ] [L0 ] [L1 ]
*** TRAIL_R numBytesInNALunit: 260904
POC  303 TId: 0 ( I-SLICE, QP 26 )    2087232 bits [Y 99.9900 dB    U 99.9900 dB    V 99.9900 dB] [ET  5.31 ] [L0 ] [L1 ]
*** TRAIL_R numBytesInNALunit: 261461
POC  304 TId: 0 ( I-SLICE, QP 26 )    2091688 bits [Y 99.9900 dB    U 99.9900 dB    V 99.9900 dB] [ET  5.50 ] [L0 ] [L1 ]
*** TRAIL_R numBytesInNALunit: 261398
POC  305 TId: 0 ( I-SLICE, QP 26 )    2091184 bits [Y 99.9900 dB    U 99.9900 dB    V 99.9900 dB] [ET  5.47 ] [L0 ] [L1 ]
*** TRAIL_R numBytesInNALunit: 261627
POC  306 TId: 0 ( I-SLICE, QP 26 )    2093016 bits [Y 99.9900 dB    U 99.9900 dB    V 99.9900 dB] [ET  5.16 ] [L0 ] [L1 ]
*** TRAIL_R numBytesInNALunit: 262076
POC  307 TId: 0 ( I-SLICE, QP 26 )    2096608 bits [Y 99.9900 dB    U 99.9900 dB    V 99.9900 dB] [ET  5.41 ] [L0 ] [L1 ]
*** TRAIL_R numBytesInNALunit: 261962
POC  308 TId: 0 ( I-SLICE, QP 26 )    2095696 bits [Y 99.9900 dB    U 99.9900 dB    V 99.9900 dB] [ET  5.33 ] [L0 ] [L1 ]
*** TRAIL_R numBytesInNALunit: 262376
POC  309 TId: 0 ( I-SLICE, QP 26 )    2099008 bits [Y 99.9900 dB    U 99.9900 dB    V 99.9900 dB] [ET  5.22 ] [L0 ] [L1 ]
*** TRAIL_R numBytesInNALunit: 262393
POC  310 TId: 0 ( I-SLICE, QP 26 )    2099144 bits [Y 99.9900 dB    U 99.9900 dB    V 99.9900 dB] [ET  5.42 ] [L0 ] [L1 ]
*** TRAIL_R numBytesInNALunit: 262638
POC  311 TId: 0 ( I-SLICE, QP 26 )    2101104 bits [Y 99.9900 dB    U 99.9900 dB    V 99.9900 dB] [ET  5.36 ] [L0 ] [L1 ]
*** TRAIL_R numBytesInNALunit: 262346
POC  312 TId: 0 ( I-SLICE, QP 26 )    2098768 bits [Y 99.9900 dB    U 99.9900 dB    V 99.9900 dB] [ET  5.27 ] [L0 ] [L1 ]
*** TRAIL_R numBytesInNALunit: 262790
POC  313 TId: 0 ( I-SLICE, QP 26 )    2102320 bits [Y 99.9900 dB    U 99.9900 dB    V 99.9900 dB] [ET  5.34 ] [L0 ] [L1 ]
*** TRAIL_R numBytesInNALunit: 262346
POC  314 TId: 0 ( I-SLICE, QP 26 )    2098768 bits [Y 99.9900 dB    U 99.9900 dB    V 99.9900 dB] [ET  5.28 ] [L0 ] [L1 ]
*** TRAIL_R numBytesInNALunit: 262428
POC  315 TId: 0 ( I-SLICE, QP 26 )    2099424 bits [Y 99.9900 dB    U 99.9900 dB    V 99.9900 dB] [ET  5.31 ] [L0 ] [L1 ]
*** TRAIL_R numBytesInNALunit: 262452
POC  316 TId: 0 ( I-SLICE, QP 26 )    2099616 bits [Y 99.9900 dB    U 99.9900 dB    V 99.9900 dB] [ET  5.22 ] [L0 ] [L1 ]
*** TRAIL_R numBytesInNALunit: 262457
POC  317 TId: 0 ( I-SLICE, QP 26 )    2099656 bits [Y 99.9900 dB    U 99.9900 dB    V 99.9900 dB] [ET  5.36 ] [L0 ] [L1 ]
*** TRAIL_R numBytesInNALunit: 262539
POC  318 TId: 0 ( I-SLICE, QP 26 )    2100312 bits [Y 99.9900 dB    U 99.9900 dB    V 99.9900 dB] [ET  5.20 ] [L0 ] [L1 ]
*** TRAIL_R numBytesInNALunit: 261943
POC  319 TId: 0 ( I-SLICE, QP 26 )    2095544 bits [Y 99.9900 dB    U 99.9900 dB    V 99.9900 dB] [ET  5.28 ] [L0 ] [L1 ]
*** TRAIL_R numBytesInNALunit: 261951
POC  320 TId: 0 ( I-SLICE, QP 26 )    2095608 bits [Y 99.9900 dB    U 99.9900 dB    V 99.9900 dB] [ET  5.39 ] [L0 ] [L1 ]
*** TRAIL_R numBytesInNALunit: 261959
POC  321 TId: 0 ( I-SLICE, QP 26 )    2095672 bits [Y 99.9900 dB    U 99.9900 dB    V 99.9900 dB] [ET  5.28 ] [L0 ] [L1 ]
*** TRAIL_R numBytesInNALunit: 261853
POC  322 TId: 0 ( I-SLICE, QP 26 )    2094824 bits [Y 99.9900 dB    U 99.9900 dB    V 99.9900 dB] [ET  5.30 ] [L0 ] [L1 ]
*** TRAIL_R numBytesInNALunit: 261697
POC  323 TId: 0 ( I-SLICE, QP 26 )    2093576 bits [Y 99.9900 dB    U 99.9900 dB    V 99.9900 dB] [ET  5.12 ] [L0 ] [L1 ]
*** TRAIL_R numBytesInNALunit: 261444
POC  324 TId: 0 ( I-SLICE, QP 26 )    2091552 bits [Y 99.9900 dB    U 99.9900 dB    V 99.9900 dB] [ET  5.20 ] [L0 ] [L1 ]
*** TRAIL_R numBytesInNALunit: 261289
POC  325 TId: 0 ( I-SLICE, QP 26 )    2090312 bits [Y 99.9900 dB    U 99.9900 dB    V 99.9900 dB] [ET  5.30 ] [L0 ] [L1 ]
*** TRAIL_R numBytesInNALunit: 261161
POC  326 TId: 0 ( I-SLICE, QP 26 )    2089288 bits [Y 99.9900 dB    U 99.9900 dB    V 99.9900 dB] [ET  5.30 ] [L0 ] [L1 ]
*** TRAIL_R numBytesInNALunit: 261191
POC  327 TId: 0 ( I-SLICE, QP 26 )    2089528 bits [Y 99.9900 dB    U 99.9900 dB    V 99.9900 dB] [ET  5.28 ] [L0 ] [L1 ]
*** TRAIL_R numBytesInNALunit: 261089
POC  328 TId: 0 ( I-SLICE, QP 26 )    2088712 bits [Y 99.9900 dB    U 99.9900 dB    V 99.9900 dB] [ET  5.44 ] [L0 ] [L1 ]
*** TRAIL_R numBytesInNALunit: 261504
POC  329 TId: 0 ( I-SLICE, QP 26 )    2092032 bits [Y 99.9900 dB    U 99.9900 dB    V 99.9900 dB] [ET  5.19 ] [L0 ] [L1 ]
*** TRAIL_R numBytesInNALunit: 261569
POC  330 TId: 0 ( I-SLICE, QP 26 )    2092552 bits [Y 99.9900 dB    U 99.9900 dB    V 99.9900 dB] [ET  5.25 ] [L0 ] [L1 ]
*** TRAIL_R numBytesInNALunit: 261938
POC  331 TId: 0 ( I-SLICE, QP 26 )    2095504 bits [Y 99.9900 dB    U 99.9900 dB    V 99.9900 dB] [ET  5.12 ] [L0 ] [L1 ]
*** TRAIL_R numBytesInNALunit: 261920
POC  332 TId: 0 ( I-SLICE, QP 26 )    2095360 bits [Y 99.9900 dB    U 99.9900 dB    V 99.9900 dB] [ET  5.31 ] [L0 ] [L1 ]
*** TRAIL_R numBytesInNALunit: 261925
POC  333 TId: 0 ( I-SLICE, QP 26 )    2095400 bits [Y 99.9900 dB    U 99.9900 dB    V 99.9900 dB] [ET  5.08 ] [L0 ] [L1 ]
*** TRAIL_R numBytesInNALunit: 262159
POC  334 TId: 0 ( I-SLICE, QP 26 )    2097272 bits [Y 99.9900 dB    U 99.9900 dB    V 99.9900 dB] [ET  5.25 ] [L0 ] [L1 ]
*** TRAIL_R numBytesInNALunit: 262114
POC  335 TId: 0 ( I-SLICE, QP 26 )    2096912 bits [Y 99.9900 dB    U 99.9900 dB    V 99.9900 dB] [ET  5.42 ] [L0 ] [L1 ]
*** TRAIL_R numBytesInNALunit: 262257
POC  336 TId: 0 ( I-SLICE, QP 26 )    2098056 bits [Y 99.9900 dB    U 99.9900 dB    V 99.9900 dB] [ET  5.19 ] [L0 ] [L1 ]
*** TRAIL_R numBytesInNALunit: 262034
POC  337 TId: 0 ( I-SLICE, QP 26 )    2096272 bits [Y 99.9900 dB    U 99.9900 dB    V 99.9900 dB] [ET  5.17 ] [L0 ] [L1 ]
*** TRAIL_R numBytesInNALunit: 262060
POC  338 TId: 0 ( I-SLICE, QP 26 )    2096480 bits [Y 99.9900 dB    U 99.9900 dB    V 99.9900 dB] [ET  5.39 ] [L0 ] [L1 ]
*** TRAIL_R numBytesInNALunit: 262244
POC  339 TId: 0 ( I-SLICE, QP 26 )    2097952 bits [Y 99.9900 dB    U 99.9900 dB    V 99.9900 dB] [ET  5.16 ] [L0 ] [L1 ]
*** TRAIL_R numBytesInNALunit: 262031
POC  340 TId: 0 ( I-SLICE, QP 26 )    2096248 bits [Y 99.9900 dB    U 99.9900 dB    V 99.9900 dB] [ET  5.23 ] [L0 ] [L1 ]
*** TRAIL_R numBytesInNALunit: 261987
POC  341 TId: 0 ( I-SLICE, QP 26 )    2095896 bits [Y 99.9900 dB    U 99.9900 dB    V 99.9900 dB] [ET  5.16 ] [L0 ] [L1 ]
*** TRAIL_R numBytesInNALunit: 262215
POC  342 TId: 0 ( I-SLICE, QP 26 )    2097720 bits [Y 99.9900 dB    U 99.9900 dB    V 99.9900 dB] [ET  5.20 ] [L0 ] [L1 ]
*** TRAIL_R numBytesInNALunit: 262026
POC  343 TId: 0 ( I-SLICE, QP 26 )    2096208 bits [Y 99.9900 dB    U 99.9900 dB    V 99.9900 dB] [ET  5.36 ] [L0 ] [L1 ]
*** TRAIL_R numBytesInNALunit: 261469
POC  344 TId: 0 ( I-SLICE, QP 26 )    2091752 bits [Y 99.9900 dB    U 99.9900 dB    V 99.9900 dB] [ET  5.23 ] [L0 ] [L1 ]
*** TRAIL_R numBytesInNALunit: 261206
POC  345 TId: 0 ( I-SLICE, QP 26 )    2089648 bits [Y 99.9900 dB    U 99.9900 dB    V 99.9900 dB] [ET  5.33 ] [L0 ] [L1 ]
*** TRAIL_R numBytesInNALunit: 261160
POC  346 TId: 0 ( I-SLICE, QP 26 )    2089280 bits [Y 99.9900 dB    U 99.9900 dB    V 99.9900 dB] [ET  5.30 ] [L0 ] [L1 ]
*** TRAIL_R numBytesInNALunit: 260752
POC  347 TId: 0 ( I-SLICE, QP 26 )    2086016 bits [Y 99.9900 dB    U 99.9900 dB    V 99.9900 dB] [ET  5.47 ] [L0 ] [L1 ]
*** TRAIL_R numBytesInNALunit: 260405
POC  348 TId: 0 ( I-SLICE, QP 26 )    2083240 bits [Y 99.9900 dB    U 99.9900 dB    V 99.9900 dB] [ET  5.38 ] [L0 ] [L1 ]
*** TRAIL_R numBytesInNALunit: 259785
POC  349 TId: 0 ( I-SLICE, QP 26 )    2078280 bits [Y 99.9900 dB    U 99.9900 dB    V 99.9900 dB] [ET  5.34 ] [L0 ] [L1 ]
*** TRAIL_R numBytesInNALunit: 259131
POC  350 TId: 0 ( I-SLICE, QP 26 )    2073048 bits [Y 99.9900 dB    U 99.9900 dB    V 99.9900 dB] [ET  5.28 ] [L0 ] [L1 ]
*** TRAIL_R numBytesInNALunit: 259255
POC  351 TId: 0 ( I-SLICE, QP 26 )    2074040 bits [Y 99.9900 dB    U 99.9900 dB    V 99.9900 dB] [ET  5.27 ] [L0 ] [L1 ]
*** TRAIL_R numBytesInNALunit: 258418
POC  352 TId: 0 ( I-SLICE, QP 26 )    2067344 bits [Y 99.9900 dB    U 99.9900 dB    V 99.9900 dB] [ET  5.27 ] [L0 ] [L1 ]
*** TRAIL_R numBytesInNALunit: 258643
POC  353 TId: 0 ( I-SLICE, QP 26 )    2069144 bits [Y 99.9900 dB    U 99.9900 dB    V 99.9900 dB] [ET  5.36 ] [L0 ] [L1 ]
*** TRAIL_R numBytesInNALunit: 258283
POC  354 TId: 0 ( I-SLICE, QP 26 )    2066264 bits [Y 99.9900 dB    U 99.9900 dB    V 99.9900 dB] [ET  5.34 ] [L0 ] [L1 ]
*** TRAIL_R numBytesInNALunit: 258289
POC  355 TId: 0 ( I-SLICE, QP 26 )    2066312 bits [Y 99.9900 dB    U 99.9900 dB    V 99.9900 dB] [ET  5.34 ] [L0 ] [L1 ]
*** TRAIL_R numBytesInNALunit: 257927
POC  356 TId: 0 ( I-SLICE, QP 26 )    2063416 bits [Y 99.9900 dB    U 99.9900 dB    V 99.9900 dB] [ET  5.44 ] [L0 ] [L1 ]
*** TRAIL_R numBytesInNALunit: 256958
POC  357 TId: 0 ( I-SLICE, QP 26 )    2055664 bits [Y 99.9900 dB    U 99.9900 dB    V 99.9900 dB] [ET  5.16 ] [L0 ] [L1 ]
*** TRAIL_R numBytesInNALunit: 256825
POC  358 TId: 0 ( I-SLICE, QP 26 )    2054600 bits [Y 99.9900 dB    U 99.9900 dB    V 99.9900 dB] [ET  5.36 ] [L0 ] [L1 ]
*** TRAIL_R numBytesInNALunit: 257168
POC  359 TId: 0 ( I-SLICE, QP 26 )    2057344 bits [Y 99.9900 dB    U 99.9900 dB    V 99.9900 dB] [ET  5.31 ] [L0 ] [L1 ]
*** TRAIL_R numBytesInNALunit: 256481
POC  360 TId: 0 ( I-SLICE, QP 26 )    2051848 bits [Y 99.9900 dB    U 99.9900 dB    V 99.9900 dB] [ET  5.28 ] [L0 ] [L1 ]
*** TRAIL_R numBytesInNALunit: 256365
POC  361 TId: 0 ( I-SLICE, QP 26 )    2050920 bits [Y 99.9900 dB    U 99.9900 dB    V 99.9900 dB] [ET  5.27 ] [L0 ] [L1 ]
*** TRAIL_R numBytesInNALunit: 256329
POC  362 TId: 0 ( I-SLICE, QP 26 )    2050632 bits [Y 99.9900 dB    U 99.9900 dB    V 99.9900 dB] [ET  5.27 ] [L0 ] [L1 ]
*** TRAIL_R numBytesInNALunit: 256041
POC  363 TId: 0 ( I-SLICE, QP 26 )    2048328 bits [Y 99.9900 dB    U 99.9900 dB    V 99.9900 dB] [ET  5.19 ] [L0 ] [L1 ]
*** TRAIL_R numBytesInNALunit: 255788
POC  364 TId: 0 ( I-SLICE, QP 26 )    2046304 bits [Y 99.9900 dB    U 99.9900 dB    V 99.9900 dB] [ET  5.25 ] [L0 ] [L1 ]
*** TRAIL_R numBytesInNALunit: 255449
POC  365 TId: 0 ( I-SLICE, QP 26 )    2043592 bits [Y 99.9900 dB    U 99.9900 dB    V 99.9900 dB] [ET  5.38 ] [L0 ] [L1 ]
*** TRAIL_R numBytesInNALunit: 256100
POC  366 TId: 0 ( I-SLICE, QP 26 )    2048800 bits [Y 99.9900 dB    U 99.9900 dB    V 99.9900 dB] [ET  5.33 ] [L0 ] [L1 ]
*** TRAIL_R numBytesInNALunit: 255654
POC  367 TId: 0 ( I-SLICE, QP 26 )    2045232 bits [Y 99.9900 dB    U 99.9900 dB    V 99.9900 dB] [ET  5.61 ] [L0 ] [L1 ]
*** TRAIL_R numBytesInNALunit: 255131
POC  368 TId: 0 ( I-SLICE, QP 26 )    2041048 bits [Y 99.9900 dB    U 99.9900 dB    V 99.9900 dB] [ET  5.22 ] [L0 ] [L1 ]
*** TRAIL_R numBytesInNALunit: 255085
POC  369 TId: 0 ( I-SLICE, QP 26 )    2040680 bits [Y 99.9900 dB    U 99.9900 dB    V 99.9900 dB] [ET  5.25 ] [L0 ] [L1 ]
*** TRAIL_R numBytesInNALunit: 255542
POC  370 TId: 0 ( I-SLICE, QP 26 )    2044336 bits [Y 99.9900 dB    U 99.9900 dB    V 99.9900 dB] [ET  5.27 ] [L0 ] [L1 ]
*** TRAIL_R numBytesInNALunit: 255184
POC  371 TId: 0 ( I-SLICE, QP 26 )    2041472 bits [Y 99.9900 dB    U 99.9900 dB    V 99.9900 dB] [ET  5.27 ] [L0 ] [L1 ]
*** TRAIL_R numBytesInNALunit: 255419
POC  372 TId: 0 ( I-SLICE, QP 26 )    2043352 bits [Y 99.9900 dB    U 99.9900 dB    V 99.9900 dB] [ET  5.52 ] [L0 ] [L1 ]
*** TRAIL_R numBytesInNALunit: 255567
POC  373 TId: 0 ( I-SLICE, QP 26 )    2044536 bits [Y 99.9900 dB    U 99.9900 dB    V 99.9900 dB] [ET  5.30 ] [L0 ] [L1 ]
*** TRAIL_R numBytesInNALunit: 255433
POC  374 TId: 0 ( I-SLICE, QP 26 )    2043464 bits [Y 99.9900 dB    U 99.9900 dB    V 99.9900 dB] [ET  5.34 ] [L0 ] [L1 ]
*** TRAIL_R numBytesInNALunit: 255550
POC  375 TId: 0 ( I-SLICE, QP 26 )    2044400 bits [Y 99.9900 dB    U 99.9900 dB    V 99.9900 dB] [ET  5.38 ] [L0 ] [L1 ]
*** TRAIL_R numBytesInNALunit: 255200
POC  376 TId: 0 ( I-SLICE, QP 26 )    2041600 bits [Y 99.9900 dB    U 99.9900 dB    V 99.9900 dB] [ET  5.30 ] [L0 ] [L1 ]
*** TRAIL_R numBytesInNALunit: 255886
POC  377 TId: 0 ( I-SLICE, QP 26 )    2047088 bits [Y 99.9900 dB    U 99.9900 dB    V 99.9900 dB] [ET  5.33 ] [L0 ] [L1 ]
*** TRAIL_R numBytesInNALunit: 255787
POC  378 TId: 0 ( I-SLICE, QP 26 )    2046296 bits [Y 99.9900 dB    U 99.9900 dB    V 99.9900 dB] [ET  5.44 ] [L0 ] [L1 ]
*** TRAIL_R numBytesInNALunit: 256006
POC  379 TId: 0 ( I-SLICE, QP 26 )    2048048 bits [Y 99.9900 dB    U 99.9900 dB    V 99.9900 dB] [ET  5.48 ] [L0 ] [L1 ]
*** TRAIL_R numBytesInNALunit: 256101
POC  380 TId: 0 ( I-SLICE, QP 26 )    2048808 bits [Y 99.9900 dB    U 99.9900 dB    V 99.9900 dB] [ET  5.39 ] [L0 ] [L1 ]
*** TRAIL_R numBytesInNALunit: 256440
POC  381 TId: 0 ( I-SLICE, QP 26 )    2051520 bits [Y 99.9900 dB    U 99.9900 dB    V 99.9900 dB] [ET  5.34 ] [L0 ] [L1 ]
*** TRAIL_R numBytesInNALunit: 257001
POC  382 TId: 0 ( I-SLICE, QP 26 )    2056008 bits [Y 99.9900 dB    U 99.9900 dB    V 99.9900 dB] [ET  5.44 ] [L0 ] [L1 ]
*** TRAIL_R numBytesInNALunit: 257015
POC  383 TId: 0 ( I-SLICE, QP 26 )    2056120 bits [Y 99.9900 dB    U 99.9900 dB    V 99.9900 dB] [ET  5.48 ] [L0 ] [L1 ]
*** TRAIL_R numBytesInNALunit: 257558
POC  384 TId: 0 ( I-SLICE, QP 26 )    2060464 bits [Y 99.9900 dB    U 99.9900 dB    V 99.9900 dB] [ET  5.45 ] [L0 ] [L1 ]
*** TRAIL_R numBytesInNALunit: 257582
POC  385 TId: 0 ( I-SLICE, QP 26 )    2060656 bits [Y 99.9900 dB    U 99.9900 dB    V 99.9900 dB] [ET  5.48 ] [L0 ] [L1 ]
*** TRAIL_R numBytesInNALunit: 257677
POC  386 TId: 0 ( I-SLICE, QP 26 )    2061416 bits [Y 99.9900 dB    U 99.9900 dB    V 99.9900 dB] [ET  5.36 ] [L0 ] [L1 ]
*** TRAIL_R numBytesInNALunit: 258138
POC  387 TId: 0 ( I-SLICE, QP 26 )    2065104 bits [Y 99.9900 dB    U 99.9900 dB    V 99.9900 dB] [ET  5.38 ] [L0 ] [L1 ]
*** TRAIL_R numBytesInNALunit: 257836
POC  388 TId: 0 ( I-SLICE, QP 26 )    2062688 bits [Y 99.9900 dB    U 99.9900 dB    V 99.9900 dB] [ET  5.34 ] [L0 ] [L1 ]
*** TRAIL_R numBytesInNALunit: 257801
POC  389 TId: 0 ( I-SLICE, QP 26 )    2062408 bits [Y 99.9900 dB    U 99.9900 dB    V 99.9900 dB] [ET  5.30 ] [L0 ] [L1 ]
*** TRAIL_R numBytesInNALunit: 258226
POC  390 TId: 0 ( I-SLICE, QP 26 )    2065808 bits [Y 99.9900 dB    U 99.9900 dB    V 99.9900 dB] [ET  5.27 ] [L0 ] [L1 ]
*** TRAIL_R numBytesInNALunit: 257983
POC  391 TId: 0 ( I-SLICE, QP 26 )    2063864 bits [Y 99.9900 dB    U 99.9900 dB    V 99.9900 dB] [ET  5.25 ] [L0 ] [L1 ]
*** TRAIL_R numBytesInNALunit: 258288
POC  392 TId: 0 ( I-SLICE, QP 26 )    2066304 bits [Y 99.9900 dB    U 99.9900 dB    V 99.9900 dB] [ET  5.27 ] [L0 ] [L1 ]
*** TRAIL_R numBytesInNALunit: 258549
POC  393 TId: 0 ( I-SLICE, QP 26 )    2068392 bits [Y 99.9900 dB    U 99.9900 dB    V 99.9900 dB] [ET  5.30 ] [L0 ] [L1 ]
*** TRAIL_R numBytesInNALunit: 259158
POC  394 TId: 0 ( I-SLICE, QP 26 )    2073264 bits [Y 99.9900 dB    U 99.9900 dB    V 99.9900 dB] [ET  5.34 ] [L0 ] [L1 ]
*** TRAIL_R numBytesInNALunit: 259181
POC  395 TId: 0 ( I-SLICE, QP 26 )    2073448 bits [Y 99.9900 dB    U 99.9900 dB    V 99.9900 dB] [ET  5.34 ] [L0 ] [L1 ]
*** TRAIL_R numBytesInNALunit: 259625
POC  396 TId: 0 ( I-SLICE, QP 26 )    2077000 bits [Y 99.9900 dB    U 99.9900 dB    V 99.9900 dB] [ET  5.47 ] [L0 ] [L1 ]
*** TRAIL_R numBytesInNALunit: 260196
POC  397 TId: 0 ( I-SLICE, QP 26 )    2081568 bits [Y 99.9900 dB    U 99.9900 dB    V 99.9900 dB] [ET  5.38 ] [L0 ] [L1 ]
*** TRAIL_R numBytesInNALunit: 260306
POC  398 TId: 0 ( I-SLICE, QP 26 )    2082448 bits [Y 99.9900 dB    U 99.9900 dB    V 99.9900 dB] [ET  5.45 ] [L0 ] [L1 ]
*** TRAIL_R numBytesInNALunit: 261000
POC  399 TId: 0 ( I-SLICE, QP 26 )    2088000 bits [Y 99.9900 dB    U 99.9900 dB    V 99.9900 dB] [ET  5.41 ] [L0 ] [L1 ]
*** TRAIL_R numBytesInNALunit: 261425
POC  400 TId: 0 ( I-SLICE, QP 26 )    2091400 bits [Y 99.9900 dB    U 99.9900 dB    V 99.9900 dB] [ET  5.30 ] [L0 ] [L1 ]
*** TRAIL_R numBytesInNALunit: 261616
POC  401 TId: 0 ( I-SLICE, QP 26 )    2092928 bits [Y 99.9900 dB    U 99.9900 dB    V 99.9900 dB] [ET  5.52 ] [L0 ] [L1 ]
*** TRAIL_R numBytesInNALunit: 262456
POC  402 TId: 0 ( I-SLICE, QP 26 )    2099648 bits [Y 99.9900 dB    U 99.9900 dB    V 99.9900 dB] [ET  5.27 ] [L0 ] [L1 ]
*** TRAIL_R numBytesInNALunit: 263147
POC  403 TId: 0 ( I-SLICE, QP 26 )    2105176 bits [Y 99.9900 dB    U 99.9900 dB    V 99.9900 dB] [ET  5.14 ] [L0 ] [L1 ]
*** TRAIL_R numBytesInNALunit: 263181
POC  404 TId: 0 ( I-SLICE, QP 26 )    2105448 bits [Y 99.9900 dB    U 99.9900 dB    V 99.9900 dB] [ET  5.03 ] [L0 ] [L1 ]
*** TRAIL_R numBytesInNALunit: 262785
POC  405 TId: 0 ( I-SLICE, QP 26 )    2102280 bits [Y 99.9900 dB    U 99.9900 dB    V 99.9900 dB] [ET  5.33 ] [L0 ] [L1 ]
*** TRAIL_R numBytesInNALunit: 262609
POC  406 TId: 0 ( I-SLICE, QP 26 )    2100872 bits [Y 99.9900 dB    U 99.9900 dB    V 99.9900 dB] [ET  5.14 ] [L0 ] [L1 ]
*** TRAIL_R numBytesInNALunit: 261915
POC  407 TId: 0 ( I-SLICE, QP 26 )    2095320 bits [Y 99.9900 dB    U 99.9900 dB    V 99.9900 dB] [ET  5.22 ] [L0 ] [L1 ]
*** TRAIL_R numBytesInNALunit: 262020
POC  408 TId: 0 ( I-SLICE, QP 26 )    2096160 bits [Y 99.9900 dB    U 99.9900 dB    V 99.9900 dB] [ET  5.42 ] [L0 ] [L1 ]
*** TRAIL_R numBytesInNALunit: 261815
POC  409 TId: 0 ( I-SLICE, QP 26 )    2094520 bits [Y 99.9900 dB    U 99.9900 dB    V 99.9900 dB] [ET  5.42 ] [L0 ] [L1 ]
*** TRAIL_R numBytesInNALunit: 261041
POC  410 TId: 0 ( I-SLICE, QP 26 )    2088328 bits [Y 99.9900 dB    U 99.9900 dB    V 99.9900 dB] [ET  5.33 ] [L0 ] [L1 ]
*** TRAIL_R numBytesInNALunit: 260600
POC  411 TId: 0 ( I-SLICE, QP 26 )    2084800 bits [Y 99.9900 dB    U 99.9900 dB    V 99.9900 dB] [ET  5.44 ] [L0 ] [L1 ]
*** TRAIL_R numBytesInNALunit: 259845
POC  412 TId: 0 ( I-SLICE, QP 26 )    2078760 bits [Y 99.9900 dB    U 99.9900 dB    V 99.9900 dB] [ET  5.44 ] [L0 ] [L1 ]
*** TRAIL_R numBytesInNALunit: 259763
POC  413 TId: 0 ( I-SLICE, QP 26 )    2078104 bits [Y 99.9900 dB    U 99.9900 dB    V 99.9900 dB] [ET  5.36 ] [L0 ] [L1 ]
*** TRAIL_R numBytesInNALunit: 259088
POC  414 TId: 0 ( I-SLICE, QP 26 )    2072704 bits [Y 99.9900 dB    U 99.9900 dB    V 99.9900 dB] [ET  5.58 ] [L0 ] [L1 ]
*** TRAIL_R numBytesInNALunit: 259506
POC  415 TId: 0 ( I-SLICE, QP 26 )    2076048 bits [Y 99.9900 dB    U 99.9900 dB    V 99.9900 dB] [ET  5.36 ] [L0 ] [L1 ]
*** TRAIL_R numBytesInNALunit: 259390
POC  416 TId: 0 ( I-SLICE, QP 26 )    2075120 bits [Y 99.9900 dB    U 99.9900 dB    V 99.9900 dB] [ET  5.39 ] [L0 ] [L1 ]
*** TRAIL_R numBytesInNALunit: 259256
POC  417 TId: 0 ( I-SLICE, QP 26 )    2074048 bits [Y 99.9900 dB    U 99.9900 dB    V 99.9900 dB] [ET  5.44 ] [L0 ] [L1 ]
*** TRAIL_R numBytesInNALunit: 259379
POC  418 TId: 0 ( I-SLICE, QP 26 )    2075032 bits [Y 99.9900 dB    U 99.9900 dB    V 99.9900 dB] [ET  5.53 ] [L0 ] [L1 ]
*** TRAIL_R numBytesInNALunit: 258598
POC  419 TId: 0 ( I-SLICE, QP 26 )    2068784 bits [Y 99.9900 dB    U 99.9900 dB    V 99.9900 dB] [ET  5.25 ] [L0 ] [L1 ]
*** TRAIL_R numBytesInNALunit: 259085
POC  420 TId: 0 ( I-SLICE, QP 26 )    2072680 bits [Y 99.9900 dB    U 99.9900 dB    V 99.9900 dB] [ET  5.47 ] [L0 ] [L1 ]
*** TRAIL_R numBytesInNALunit: 259344
POC  421 TId: 0 ( I-SLICE, QP 26 )    2074752 bits [Y 99.9900 dB    U 99.9900 dB    V 99.9900 dB] [ET  5.17 ] [L0 ] [L1 ]
*** TRAIL_R numBytesInNALunit: 259874
POC  422 TId: 0 ( I-SLICE, QP 26 )    2078992 bits [Y 99.9900 dB    U 99.9900 dB    V 99.9900 dB] [ET  5.27 ] [L0 ] [L1 ]
*** TRAIL_R numBytesInNALunit: 259268
POC  423 TId: 0 ( I-SLICE, QP 26 )    2074144 bits [Y 99.9900 dB    U 99.9900 dB    V 99.9900 dB] [ET  5.20 ] [L0 ] [L1 ]
*** TRAIL_R numBytesInNALunit: 259445
POC  424 TId: 0 ( I-SLICE, QP 26 )    2075560 bits [Y 99.9900 dB    U 99.9900 dB    V 99.9900 dB] [ET  5.36 ] [L0 ] [L1 ]
*** TRAIL_R numBytesInNALunit: 259841
POC  425 TId: 0 ( I-SLICE, QP 26 )    2078728 bits [Y 99.9900 dB    U 99.9900 dB    V 99.9900 dB] [ET  5.23 ] [L0 ] [L1 ]
*** TRAIL_R numBytesInNALunit: 260683
POC  426 TId: 0 ( I-SLICE, QP 26 )    2085464 bits [Y 99.9900 dB    U 99.9900 dB    V 99.9900 dB] [ET  5.28 ] [L0 ] [L1 ]
*** TRAIL_R numBytesInNALunit: 260892
POC  427 TId: 0 ( I-SLICE, QP 26 )    2087136 bits [Y 99.9900 dB    U 99.9900 dB    V 99.9900 dB] [ET  5.03 ] [L0 ] [L1 ]
*** TRAIL_R numBytesInNALunit: 261151
POC  428 TId: 0 ( I-SLICE, QP 26 )    2089208 bits [Y 99.9900 dB    U 99.9900 dB    V 99.9900 dB] [ET  5.17 ] [L0 ] [L1 ]
*** TRAIL_R numBytesInNALunit: 261150
POC  429 TId: 0 ( I-SLICE, QP 26 )    2089200 bits [Y 99.9900 dB    U 99.9900 dB    V 99.9900 dB] [ET  5.47 ] [L0 ] [L1 ]
*** TRAIL_R numBytesInNALunit: 261486
POC  430 TId: 0 ( I-SLICE, QP 26 )    2091888 bits [Y 99.9900 dB    U 99.9900 dB    V 99.9900 dB] [ET  5.31 ] [L0 ] [L1 ]
*** TRAIL_R numBytesInNALunit: 261696
POC  431 TId: 0 ( I-SLICE, QP 26 )    2093568 bits [Y 99.9900 dB    U 99.9900 dB    V 99.9900 dB] [ET  5.36 ] [L0 ] [L1 ]
*** TRAIL_R numBytesInNALunit: 261510
POC  432 TId: 0 ( I-SLICE, QP 26 )    2092080 bits [Y 99.9900 dB    U 99.9900 dB    V 99.9900 dB] [ET  5.41 ] [L0 ] [L1 ]
*** TRAIL_R numBytesInNALunit: 261395
POC  433 TId: 0 ( I-SLICE, QP 26 )    2091160 bits [Y 99.9900 dB    U 99.9900 dB    V 99.9900 dB] [ET  5.48 ] [L0 ] [L1 ]
*** TRAIL_R numBytesInNALunit: 261661
POC  434 TId: 0 ( I-SLICE, QP 26 )    2093288 bits [Y 99.9900 dB    U 99.9900 dB    V 99.9900 dB] [ET  5.36 ] [L0 ] [L1 ]
*** TRAIL_R numBytesInNALunit: 261640
POC  435 TId: 0 ( I-SLICE, QP 26 )    2093120 bits [Y 99.9900 dB    U 99.9900 dB    V 99.9900 dB] [ET  5.22 ] [L0 ] [L1 ]
*** TRAIL_R numBytesInNALunit: 261456
POC  436 TId: 0 ( I-SLICE, QP 26 )    2091648 bits [Y 99.9900 dB    U 99.9900 dB    V 99.9900 dB] [ET  5.47 ] [L0 ] [L1 ]
*** TRAIL_R numBytesInNALunit: 260205
POC  437 TId: 0 ( I-SLICE, QP 26 )    2081640 bits [Y 99.9900 dB    U 99.9900 dB    V 99.9900 dB] [ET  5.27 ] [L0 ] [L1 ]
*** TRAIL_R numBytesInNALunit: 258832
POC  438 TId: 0 ( I-SLICE, QP 26 )    2070656 bits [Y 99.9900 dB    U 99.9900 dB    V 99.9900 dB] [ET  5.25 ] [L0 ] [L1 ]
*** TRAIL_R numBytesInNALunit: 257525
POC  439 TId: 0 ( I-SLICE, QP 26 )    2060200 bits [Y 99.9900 dB    U 99.9900 dB    V 99.9900 dB] [ET  5.33 ] [L0 ] [L1 ]
*** TRAIL_R numBytesInNALunit: 256001
POC  440 TId: 0 ( I-SLICE, QP 26 )    2048008 bits [Y 99.9900 dB    U 99.9900 dB    V 99.9900 dB] [ET  5.20 ] [L0 ] [L1 ]
*** TRAIL_R numBytesInNALunit: 254274
POC  441 TId: 0 ( I-SLICE, QP 26 )    2034192 bits [Y 99.9900 dB    U 99.9900 dB    V 99.9900 dB] [ET  5.30 ] [L0 ] [L1 ]
*** TRAIL_R numBytesInNALunit: 252806
POC  442 TId: 0 ( I-SLICE, QP 26 )    2022448 bits [Y 99.9900 dB    U 99.9900 dB    V 99.9900 dB] [ET  5.33 ] [L0 ] [L1 ]
*** TRAIL_R numBytesInNALunit: 251532
POC  443 TId: 0 ( I-SLICE, QP 26 )    2012256 bits [Y 99.9900 dB    U 99.9900 dB    V 99.9900 dB] [ET  5.34 ] [L0 ] [L1 ]
*** TRAIL_R numBytesInNALunit: 250471
POC  444 TId: 0 ( I-SLICE, QP 26 )    2003768 bits [Y 99.9900 dB    U 99.9900 dB    V 99.9900 dB] [ET  5.31 ] [L0 ] [L1 ]
*** TRAIL_R numBytesInNALunit: 248881
POC  445 TId: 0 ( I-SLICE, QP 26 )    1991048 bits [Y 99.9900 dB    U 99.9900 dB    V 99.9900 dB] [ET  5.22 ] [L0 ] [L1 ]
*** TRAIL_R numBytesInNALunit: 247672
POC  446 TId: 0 ( I-SLICE, QP 26 )    1981376 bits [Y 99.9900 dB    U 99.9900 dB    V 99.9900 dB] [ET  5.38 ] [L0 ] [L1 ]
*** TRAIL_R numBytesInNALunit: 245426
POC  447 TId: 0 ( I-SLICE, QP 26 )    1963408 bits [Y 99.9900 dB    U 99.9900 dB    V 99.9900 dB] [ET  5.02 ] [L0 ] [L1 ]
*** TRAIL_R numBytesInNALunit: 243439
POC  448 TId: 0 ( I-SLICE, QP 26 )    1947512 bits [Y 99.9900 dB    U 99.9900 dB    V 99.9900 dB] [ET  5.30 ] [L0 ] [L1 ]
*** TRAIL_R numBytesInNALunit: 241917
POC  449 TId: 0 ( I-SLICE, QP 26 )    1935336 bits [Y 99.9900 dB    U 99.9900 dB    V 99.9900 dB] [ET  5.20 ] [L0 ] [L1 ]
*** TRAIL_R numBytesInNALunit: 241002
POC  450 TId: 0 ( I-SLICE, QP 26 )    1928016 bits [Y 99.9900 dB    U 99.9900 dB    V 99.9900 dB] [ET  5.27 ] [L0 ] [L1 ]
*** TRAIL_R numBytesInNALunit: 239967
POC  451 TId: 0 ( I-SLICE, QP 26 )    1919736 bits [Y 99.9900 dB    U 99.9900 dB    V 99.9900 dB] [ET  5.39 ] [L0 ] [L1 ]
*** TRAIL_R numBytesInNALunit: 239563
POC  452 TId: 0 ( I-SLICE, QP 26 )    1916504 bits [Y 99.9900 dB    U 99.9900 dB    V 99.9900 dB] [ET  5.48 ] [L0 ] [L1 ]
*** TRAIL_R numBytesInNALunit: 238836
POC  453 TId: 0 ( I-SLICE, QP 26 )    1910688 bits [Y 99.9900 dB    U 99.9900 dB    V 99.9900 dB] [ET  5.17 ] [L0 ] [L1 ]
*** TRAIL_R numBytesInNALunit: 238386
POC  454 TId: 0 ( I-SLICE, QP 26 )    1907088 bits [Y 99.9900 dB    U 99.9900 dB    V 99.9900 dB] [ET  5.31 ] [L0 ] [L1 ]
*** TRAIL_R numBytesInNALunit: 239589
POC  455 TId: 0 ( I-SLICE, QP 26 )    1916712 bits [Y 99.9900 dB    U 99.9900 dB    V 99.9900 dB] [ET  5.44 ] [L0 ] [L1 ]
*** TRAIL_R numBytesInNALunit: 240646
POC  456 TId: 0 ( I-SLICE, QP 26 )    1925168 bits [Y 99.9900 dB    U 99.9900 dB    V 99.9900 dB] [ET  5.30 ] [L0 ] [L1 ]
*** TRAIL_R numBytesInNALunit: 241413
POC  457 TId: 0 ( I-SLICE, QP 26 )    1931304 bits [Y 99.9900 dB    U 99.9900 dB    V 99.9900 dB] [ET  5.22 ] [L0 ] [L1 ]
*** TRAIL_R numBytesInNALunit: 242170
POC  458 TId: 0 ( I-SLICE, QP 26 )    1937360 bits [Y 99.9900 dB    U 99.9900 dB    V 99.9900 dB] [ET  5.30 ] [L0 ] [L1 ]
*** TRAIL_R numBytesInNALunit: 242671
POC  459 TId: 0 ( I-SLICE, QP 26 )    1941368 bits [Y 99.9900 dB    U 99.9900 dB    V 99.9900 dB] [ET  5.31 ] [L0 ] [L1 ]
*** TRAIL_R numBytesInNALunit: 243046
POC  460 TId: 0 ( I-SLICE, QP 26 )    1944368 bits [Y 99.9900 dB    U 99.9900 dB    V 99.9900 dB] [ET  5.20 ] [L0 ] [L1 ]
*** TRAIL_R numBytesInNALunit: 243788
POC  461 TId: 0 ( I-SLICE, QP 26 )    1950304 bits [Y 99.9900 dB    U 99.9900 dB    V 99.9900 dB] [ET  5.23 ] [L0 ] [L1 ]
*** TRAIL_R numBytesInNALunit: 244521
POC  462 TId: 0 ( I-SLICE, QP 26 )    1956168 bits [Y 99.9900 dB    U 99.9900 dB    V 99.9900 dB] [ET  5.23 ] [L0 ] [L1 ]
*** TRAIL_R numBytesInNALunit: 245593
POC  463 TId: 0 ( I-SLICE, QP 26 )    1964744 bits [Y 99.9900 dB    U 99.9900 dB    V 99.9900 dB] [ET  5.53 ] [L0 ] [L1 ]
*** TRAIL_R numBytesInNALunit: 246608
POC  464 TId: 0 ( I-SLICE, QP 26 )    1972864 bits [Y 99.9900 dB    U 99.9900 dB    V 99.9900 dB] [ET  5.39 ] [L0 ] [L1 ]
*** TRAIL_R numBytesInNALunit: 246939
POC  465 TId: 0 ( I-SLICE, QP 26 )    1975512 bits [Y 99.9900 dB    U 99.9900 dB    V 99.9900 dB] [ET  5.38 ] [L0 ] [L1 ]
*** TRAIL_R numBytesInNALunit: 247362
POC  466 TId: 0 ( I-SLICE, QP 26 )    1978896 bits [Y 99.9900 dB    U 99.9900 dB    V 99.9900 dB] [ET  5.45 ] [L0 ] [L1 ]
*** TRAIL_R numBytesInNALunit: 247616
POC  467 TId: 0 ( I-SLICE, QP 26 )    1980928 bits [Y 99.9900 dB    U 99.9900 dB    V 99.9900 dB] [ET  5.56 ] [L0 ] [L1 ]
*** TRAIL_R numBytesInNALunit: 248345
POC  468 TId: 0 ( I-SLICE, QP 26 )    1986760 bits [Y 99.9900 dB    U 99.9900 dB    V 99.9900 dB] [ET  5.52 ] [L0 ] [L1 ]
*** TRAIL_R numBytesInNALunit: 248662
POC  469 TId: 0 ( I-SLICE, QP 26 )    1989296 bits [Y 99.9900 dB    U 99.9900 dB    V 99.9900 dB] [ET  5.23 ] [L0 ] [L1 ]
*** TRAIL_R numBytesInNALunit: 249024
POC  470 TId: 0 ( I-SLICE, QP 26 )    1992192 bits [Y 99.9900 dB    U 99.9900 dB    V 99.9900 dB] [ET  5.62 ] [L0 ] [L1 ]
*** TRAIL_R numBytesInNALunit: 248702
POC  471 TId: 0 ( I-SLICE, QP 26 )    1989616 bits [Y 99.9900 dB    U 99.9900 dB    V 99.9900 dB] [ET  5.20 ] [L0 ] [L1 ]
*** TRAIL_R numBytesInNALunit: 248610
POC  472 TId: 0 ( I-SLICE, QP 26 )    1988880 bits [Y 99.9900 dB    U 99.9900 dB    V 99.9900 dB] [ET  5.41 ] [L0 ] [L1 ]
*** TRAIL_R numBytesInNALunit: 249069
POC  473 TId: 0 ( I-SLICE, QP 26 )    1992552 bits [Y 99.9900 dB    U 99.9900 dB    V 99.9900 dB] [ET  5.27 ] [L0 ] [L1 ]
*** TRAIL_R numBytesInNALunit: 249692
POC  474 TId: 0 ( I-SLICE, QP 26 )    1997536 bits [Y 99.9900 dB    U 99.9900 dB    V 99.9900 dB] [ET  5.53 ] [L0 ] [L1 ]
*** TRAIL_R numBytesInNALunit: 250048
POC  475 TId: 0 ( I-SLICE, QP 26 )    2000384 bits [Y 99.9900 dB    U 99.9900 dB    V 99.9900 dB] [ET  5.23 ] [L0 ] [L1 ]
*** TRAIL_R numBytesInNALunit: 250716
POC  476 TId: 0 ( I-SLICE, QP 26 )    2005728 bits [Y 99.9900 dB    U 99.9900 dB    V 99.9900 dB] [ET  5.17 ] [L0 ] [L1 ]
*** TRAIL_R numBytesInNALunit: 251349
POC  477 TId: 0 ( I-SLICE, QP 26 )    2010792 bits [Y 99.9900 dB    U 99.9900 dB    V 99.9900 dB] [ET  5.28 ] [L0 ] [L1 ]
*** TRAIL_R numBytesInNALunit: 251892
POC  478 TId: 0 ( I-SLICE, QP 26 )    2015136 bits [Y 99.9900 dB    U 99.9900 dB    V 99.9900 dB] [ET  5.09 ] [L0 ] [L1 ]
*** TRAIL_R numBytesInNALunit: 252434
POC  479 TId: 0 ( I-SLICE, QP 26 )    2019472 bits [Y 99.9900 dB    U 99.9900 dB    V 99.9900 dB] [ET  5.23 ] [L0 ] [L1 ]
*** TRAIL_R numBytesInNALunit: 252796
POC  480 TId: 0 ( I-SLICE, QP 26 )    2022368 bits [Y 99.9900 dB    U 99.9900 dB    V 99.9900 dB] [ET  5.17 ] [L0 ] [L1 ]
*** TRAIL_R numBytesInNALunit: 252303
POC  481 TId: 0 ( I-SLICE, QP 26 )    2018424 bits [Y 99.9900 dB    U 99.9900 dB    V 99.9900 dB] [ET  5.23 ] [L0 ] [L1 ]
*** TRAIL_R numBytesInNALunit: 252206
POC  482 TId: 0 ( I-SLICE, QP 26 )    2017648 bits [Y 99.9900 dB    U 99.9900 dB    V 99.9900 dB] [ET  5.05 ] [L0 ] [L1 ]
*** TRAIL_R numBytesInNALunit: 252773
POC  483 TId: 0 ( I-SLICE, QP 26 )    2022184 bits [Y 99.9900 dB    U 99.9900 dB    V 99.9900 dB] [ET  4.94 ] [L0 ] [L1 ]
*** TRAIL_R numBytesInNALunit: 253269
POC  484 TId: 0 ( I-SLICE, QP 26 )    2026152 bits [Y 99.9900 dB    U 99.9900 dB    V 99.9900 dB] [ET  4.86 ] [L0 ] [L1 ]
*** TRAIL_R numBytesInNALunit: 253822
POC  485 TId: 0 ( I-SLICE, QP 26 )    2030576 bits [Y 99.9900 dB    U 99.9900 dB    V 99.9900 dB] [ET  4.91 ] [L0 ] [L1 ]
*** TRAIL_R numBytesInNALunit: 254250
POC  486 TId: 0 ( I-SLICE, QP 26 )    2034000 bits [Y 99.9900 dB    U 99.9900 dB    V 99.9900 dB] [ET  4.92 ] [L0 ] [L1 ]
*** TRAIL_R numBytesInNALunit: 255000
POC  487 TId: 0 ( I-SLICE, QP 26 )    2040000 bits [Y 99.9900 dB    U 99.9900 dB    V 99.9900 dB] [ET  4.83 ] [L0 ] [L1 ]
*** TRAIL_R numBytesInNALunit: 255648
POC  488 TId: 0 ( I-SLICE, QP 26 )    2045184 bits [Y 99.9900 dB    U 99.9900 dB    V 99.9900 dB] [ET  4.83 ] [L0 ] [L1 ]
*** TRAIL_R numBytesInNALunit: 255966
POC  489 TId: 0 ( I-SLICE, QP 26 )    2047728 bits [Y 99.9900 dB    U 99.9900 dB    V 99.9900 dB] [ET  5.17 ] [L0 ] [L1 ]
*** TRAIL_R numBytesInNALunit: 255332
POC  490 TId: 0 ( I-SLICE, QP 26 )    2042656 bits [Y 99.9900 dB    U 99.9900 dB    V 99.9900 dB] [ET  5.00 ] [L0 ] [L1 ]
*** TRAIL_R numBytesInNALunit: 256229
POC  491 TId: 0 ( I-SLICE, QP 26 )    2049832 bits [Y 99.9900 dB    U 99.9900 dB    V 99.9900 dB] [ET  4.92 ] [L0 ] [L1 ]
*** TRAIL_R numBytesInNALunit: 256524
POC  492 TId: 0 ( I-SLICE, QP 26 )    2052192 bits [Y 99.9900 dB    U 99.9900 dB    V 99.9900 dB] [ET  4.81 ] [L0 ] [L1 ]
*** TRAIL_R numBytesInNALunit: 257607
POC  493 TId: 0 ( I-SLICE, QP 26 )    2060856 bits [Y 99.9900 dB    U 99.9900 dB    V 99.9900 dB] [ET  4.84 ] [L0 ] [L1 ]
*** TRAIL_R numBytesInNALunit: 257489
POC  494 TId: 0 ( I-SLICE, QP 26 )    2059912 bits [Y 99.9900 dB    U 99.9900 dB    V 99.9900 dB] [ET  4.89 ] [L0 ] [L1 ]
*** TRAIL_R numBytesInNALunit: 257677
POC  495 TId: 0 ( I-SLICE, QP 26 )    2061416 bits [Y 99.9900 dB    U 99.9900 dB    V 99.9900 dB] [ET  4.95 ] [L0 ] [L1 ]
*** TRAIL_R numBytesInNALunit: 257520
POC  496 TId: 0 ( I-SLICE, QP 26 )    2060160 bits [Y 99.9900 dB    U 99.9900 dB    V 99.9900 dB] [ET  4.89 ] [L0 ] [L1 ]
*** TRAIL_R numBytesInNALunit: 257155
POC  497 TId: 0 ( I-SLICE, QP 26 )    2057240 bits [Y 99.9900 dB    U 99.9900 dB    V 99.9900 dB] [ET  4.92 ] [L0 ] [L1 ]
*** TRAIL_R numBytesInNALunit: 257394
POC  498 TId: 0 ( I-SLICE, QP 26 )    2059152 bits [Y 99.9900 dB    U 99.9900 dB    V 99.9900 dB] [ET  4.86 ] [L0 ] [L1 ]
*** TRAIL_R numBytesInNALunit: 257603
POC  499 TId: 0 ( I-SLICE, QP 26 )    2060824 bits [Y 99.9900 dB    U 99.9900 dB    V 99.9900 dB] [ET  5.02 ] [L0 ] [L1 ]
*** TRAIL_R numBytesInNALunit: 258034
POC  500 TId: 0 ( I-SLICE, QP 26 )    2064272 bits [Y 99.9900 dB    U 99.9900 dB    V 99.9900 dB] [ET  4.88 ] [L0 ] [L1 ]
*** TRAIL_R numBytesInNALunit: 257853
POC  501 TId: 0 ( I-SLICE, QP 26 )    2062824 bits [Y 99.9900 dB    U 99.9900 dB    V 99.9900 dB] [ET  5.06 ] [L0 ] [L1 ]
*** TRAIL_R numBytesInNALunit: 257935
POC  502 TId: 0 ( I-SLICE, QP 26 )    2063480 bits [Y 99.9900 dB    U 99.9900 dB    V 99.9900 dB] [ET  4.84 ] [L0 ] [L1 ]
*** TRAIL_R numBytesInNALunit: 257642
POC  503 TId: 0 ( I-SLICE, QP 26 )    2061136 bits [Y 99.9900 dB    U 99.9900 dB    V 99.9900 dB] [ET  4.75 ] [L0 ] [L1 ]
*** TRAIL_R numBytesInNALunit: 257809
POC  504 TId: 0 ( I-SLICE, QP 26 )    2062472 bits [Y 99.9900 dB    U 99.9900 dB    V 99.9900 dB] [ET  5.00 ] [L0 ] [L1 ]
*** TRAIL_R numBytesInNALunit: 257964
POC  505 TId: 0 ( I-SLICE, QP 26 )    2063712 bits [Y 99.9900 dB    U 99.9900 dB    V 99.9900 dB] [ET  4.92 ] [L0 ] [L1 ]
*** TRAIL_R numBytesInNALunit: 258336
POC  506 TId: 0 ( I-SLICE, QP 26 )    2066688 bits [Y 99.9900 dB    U 99.9900 dB    V 99.9900 dB] [ET  4.81 ] [L0 ] [L1 ]
*** TRAIL_R numBytesInNALunit: 258659
POC  507 TId: 0 ( I-SLICE, QP 26 )    2069272 bits [Y 99.9900 dB    U 99.9900 dB    V 99.9900 dB] [ET  4.72 ] [L0 ] [L1 ]
*** TRAIL_R numBytesInNALunit: 258587
POC  508 TId: 0 ( I-SLICE, QP 26 )    2068696 bits [Y 99.9900 dB    U 99.9900 dB    V 99.9900 dB] [ET  4.88 ] [L0 ] [L1 ]
*** TRAIL_R numBytesInNALunit: 258717
POC  509 TId: 0 ( I-SLICE, QP 26 )    2069736 bits [Y 99.9900 dB    U 99.9900 dB    V 99.9900 dB] [ET  4.84 ] [L0 ] [L1 ]
*** TRAIL_R numBytesInNALunit: 258879
POC  510 TId: 0 ( I-SLICE, QP 26 )    2071032 bits [Y 99.9900 dB    U 99.9900 dB    V 99.9900 dB] [ET  4.81 ] [L0 ] [L1 ]
*** TRAIL_R numBytesInNALunit: 259077
POC  511 TId: 0 ( I-SLICE, QP 26 )    2072616 bits [Y 99.9900 dB    U 99.9900 dB    V 99.9900 dB] [ET  4.91 ] [L0 ] [L1 ]
*** TRAIL_R numBytesInNALunit: 259479
POC  512 TId: 0 ( I-SLICE, QP 26 )    2075832 bits [Y 99.9900 dB    U 99.9900 dB    V 99.9900 dB] [ET  4.91 ] [L0 ] [L1 ]
*** TRAIL_R numBytesInNALunit: 259829
POC  513 TId: 0 ( I-SLICE, QP 26 )    2078632 bits [Y 99.9900 dB    U 99.9900 dB    V 99.9900 dB] [ET  4.58 ] [L0 ] [L1 ]
*** TRAIL_R numBytesInNALunit: 260779
POC  514 TId: 0 ( I-SLICE, QP 26 )    2086232 bits [Y 99.9900 dB    U 99.9900 dB    V 99.9900 dB] [ET  4.88 ] [L0 ] [L1 ]
*** TRAIL_R numBytesInNALunit: 260375
POC  515 TId: 0 ( I-SLICE, QP 26 )    2083000 bits [Y 99.9900 dB    U 99.9900 dB    V 99.9900 dB] [ET  4.89 ] [L0 ] [L1 ]
*** TRAIL_R numBytesInNALunit: 260875
POC  516 TId: 0 ( I-SLICE, QP 26 )    2087000 bits [Y 99.9900 dB    U 99.9900 dB    V 99.9900 dB] [ET  4.80 ] [L0 ] [L1 ]
*** TRAIL_R numBytesInNALunit: 261499
POC  517 TId: 0 ( I-SLICE, QP 26 )    2091992 bits [Y 99.9900 dB    U 99.9900 dB    V 99.9900 dB] [ET  4.86 ] [L0 ] [L1 ]
*** TRAIL_R numBytesInNALunit: 263561
POC  518 TId: 0 ( I-SLICE, QP 26 )    2108488 bits [Y 99.9900 dB    U 99.9900 dB    V 99.9900 dB] [ET  5.00 ] [L0 ] [L1 ]
*** TRAIL_R numBytesInNALunit: 264233
POC  519 TId: 0 ( I-SLICE, QP 26 )    2113864 bits [Y 99.9900 dB    U 99.9900 dB    V 99.9900 dB] [ET  4.95 ] [L0 ] [L1 ]
*** TRAIL_R numBytesInNALunit: 265709
POC  520 TId: 0 ( I-SLICE, QP 26 )    2125672 bits [Y 99.9900 dB    U 99.9900 dB    V 99.9900 dB] [ET  4.80 ] [L0 ] [L1 ]
*** TRAIL_R numBytesInNALunit: 267185
POC  521 TId: 0 ( I-SLICE, QP 26 )    2137480 bits [Y 99.9900 dB    U 99.9900 dB    V 99.9900 dB] [ET  4.89 ] [L0 ] [L1 ]
*** TRAIL_R numBytesInNALunit: 268372
POC  522 TId: 0 ( I-SLICE, QP 26 )    2146976 bits [Y 99.9900 dB    U 99.9900 dB    V 99.9900 dB] [ET  4.91 ] [L0 ] [L1 ]
*** TRAIL_R numBytesInNALunit: 270160
POC  523 TId: 0 ( I-SLICE, QP 26 )    2161280 bits [Y 99.9900 dB    U 99.9900 dB    V 99.9900 dB] [ET  4.83 ] [L0 ] [L1 ]
*** TRAIL_R numBytesInNALunit: 272824
POC  524 TId: 0 ( I-SLICE, QP 26 )    2182592 bits [Y 99.9900 dB    U 99.9900 dB    V 99.9900 dB] [ET  4.91 ] [L0 ] [L1 ]
*** TRAIL_R numBytesInNALunit: 273924
POC  525 TId: 0 ( I-SLICE, QP 26 )    2191392 bits [Y 99.9900 dB    U 99.9900 dB    V 99.9900 dB] [ET  4.97 ] [L0 ] [L1 ]
*** TRAIL_R numBytesInNALunit: 275396
POC  526 TId: 0 ( I-SLICE, QP 26 )    2203168 bits [Y 99.9900 dB    U 99.9900 dB    V 99.9900 dB] [ET  5.02 ] [L0 ] [L1 ]
*** TRAIL_R numBytesInNALunit: 277405
POC  527 TId: 0 ( I-SLICE, QP 26 )    2219240 bits [Y 99.9900 dB    U 99.9900 dB    V 99.9900 dB] [ET  4.97 ] [L0 ] [L1 ]
*** TRAIL_R numBytesInNALunit: 277977
POC  528 TId: 0 ( I-SLICE, QP 26 )    2223816 bits [Y 99.9900 dB    U 99.9900 dB    V 99.9900 dB] [ET  4.89 ] [L0 ] [L1 ]
*** TRAIL_R numBytesInNALunit: 279069
POC  529 TId: 0 ( I-SLICE, QP 26 )    2232552 bits [Y 99.9900 dB    U 99.9900 dB    V 99.9900 dB] [ET  4.91 ] [L0 ] [L1 ]
*** TRAIL_R numBytesInNALunit: 279798
POC  530 TId: 0 ( I-SLICE, QP 26 )    2238384 bits [Y 99.9900 dB    U 99.9900 dB    V 99.9900 dB] [ET  4.95 ] [L0 ] [L1 ]
*** TRAIL_R numBytesInNALunit: 279979
POC  531 TId: 0 ( I-SLICE, QP 26 )    2239832 bits [Y 99.9900 dB    U 99.9900 dB    V 99.9900 dB] [ET  4.94 ] [L0 ] [L1 ]
*** TRAIL_R numBytesInNALunit: 280101
POC  532 TId: 0 ( I-SLICE, QP 26 )    2240808 bits [Y 99.9900 dB    U 99.9900 dB    V 99.9900 dB] [ET  5.09 ] [L0 ] [L1 ]
*** TRAIL_R numBytesInNALunit: 280694
POC  533 TId: 0 ( I-SLICE, QP 26 )    2245552 bits [Y 99.9900 dB    U 99.9900 dB    V 99.9900 dB] [ET  4.83 ] [L0 ] [L1 ]
*** TRAIL_R numBytesInNALunit: 281996
POC  534 TId: 0 ( I-SLICE, QP 26 )    2255968 bits [Y 99.9900 dB    U 99.9900 dB    V 99.9900 dB] [ET  4.88 ] [L0 ] [L1 ]
*** TRAIL_R numBytesInNALunit: 283669
POC  535 TId: 0 ( I-SLICE, QP 26 )    2269352 bits [Y 99.9900 dB    U 99.9900 dB    V 99.9900 dB] [ET  4.86 ] [L0 ] [L1 ]
*** TRAIL_R numBytesInNALunit: 284488
POC  536 TId: 0 ( I-SLICE, QP 26 )    2275904 bits [Y 99.9900 dB    U 99.9900 dB    V 99.9900 dB] [ET  4.97 ] [L0 ] [L1 ]
*** TRAIL_R numBytesInNALunit: 285345
POC  537 TId: 0 ( I-SLICE, QP 26 )    2282760 bits [Y 99.9900 dB    U 99.9900 dB    V 99.9900 dB] [ET  4.69 ] [L0 ] [L1 ]
*** TRAIL_R numBytesInNALunit: 285644
POC  538 TId: 0 ( I-SLICE, QP 26 )    2285152 bits [Y 99.9900 dB    U 99.9900 dB    V 99.9900 dB] [ET  4.67 ] [L0 ] [L1 ]
*** TRAIL_R numBytesInNALunit: 285893
POC  539 TId: 0 ( I-SLICE, QP 26 )    2287144 bits [Y 99.9900 dB    U 99.9900 dB    V 99.9900 dB] [ET  4.50 ] [L0 ] [L1 ]
*** TRAIL_R numBytesInNALunit: 286149
POC  540 TId: 0 ( I-SLICE, QP 26 )    2289192 bits [Y 99.9900 dB    U 99.9900 dB    V 99.9900 dB] [ET  4.50 ] [L0 ] [L1 ]
*** TRAIL_R numBytesInNALunit: 286704
POC  541 TId: 0 ( I-SLICE, QP 26 )    2293632 bits [Y 99.9900 dB    U 99.9900 dB    V 99.9900 dB] [ET  4.55 ] [L0 ] [L1 ]
*** TRAIL_R numBytesInNALunit: 286287
POC  542 TId: 0 ( I-SLICE, QP 26 )    2290296 bits [Y 99.9900 dB    U 99.9900 dB    V 99.9900 dB] [ET  4.48 ] [L0 ] [L1 ]
*** TRAIL_R numBytesInNALunit: 285458
POC  543 TId: 0 ( I-SLICE, QP 26 )    2283664 bits [Y 99.9900 dB    U 99.9900 dB    V 99.9900 dB] [ET  4.53 ] [L0 ] [L1 ]
*** TRAIL_R numBytesInNALunit: 285225
POC  544 TId: 0 ( I-SLICE, QP 26 )    2281800 bits [Y 99.9900 dB    U 99.9900 dB    V 99.9900 dB] [ET  4.69 ] [L0 ] [L1 ]
*** TRAIL_R numBytesInNALunit: 285152
POC  545 TId: 0 ( I-SLICE, QP 26 )    2281216 bits [Y 99.9900 dB    U 99.9900 dB    V 99.9900 dB] [ET  4.55 ] [L0 ] [L1 ]
*** TRAIL_R numBytesInNALunit: 285125
POC  546 TId: 0 ( I-SLICE, QP 26 )    2281000 bits [Y 99.9900 dB    U 99.9900 dB    V 99.9900 dB] [ET  4.58 ] [L0 ] [L1 ]
*** TRAIL_R numBytesInNALunit: 284997
POC  547 TId: 0 ( I-SLICE, QP 26 )    2279976 bits [Y 99.9900 dB    U 99.9900 dB    V 99.9900 dB] [ET  4.52 ] [L0 ] [L1 ]
*** TRAIL_R numBytesInNALunit: 284935
POC  548 TId: 0 ( I-SLICE, QP 26 )    2279480 bits [Y 99.9900 dB    U 99.9900 dB    V 99.9900 dB] [ET  4.62 ] [L0 ] [L1 ]
*** TRAIL_R numBytesInNALunit: 285159
POC  549 TId: 0 ( I-SLICE, QP 26 )    2281272 bits [Y 99.9900 dB    U 99.9900 dB    V 99.9900 dB] [ET  4.67 ] [L0 ] [L1 ]
*** TRAIL_R numBytesInNALunit: 285262
POC  550 TId: 0 ( I-SLICE, QP 26 )    2282096 bits [Y 99.9900 dB    U 99.9900 dB    V 99.9900 dB] [ET  4.48 ] [L0 ] [L1 ]
*** TRAIL_R numBytesInNALunit: 285136
POC  551 TId: 0 ( I-SLICE, QP 26 )    2281088 bits [Y 99.9900 dB    U 99.9900 dB    V 99.9900 dB] [ET  4.62 ] [L0 ] [L1 ]
*** TRAIL_R numBytesInNALunit: 285546
POC  552 TId: 0 ( I-SLICE, QP 26 )    2284368 bits [Y 99.9900 dB    U 99.9900 dB    V 99.9900 dB] [ET  4.70 ] [L0 ] [L1 ]
*** TRAIL_R numBytesInNALunit: 285802
POC  553 TId: 0 ( I-SLICE, QP 26 )    2286416 bits [Y 99.9900 dB    U 99.9900 dB    V 99.9900 dB] [ET  4.56 ] [L0 ] [L1 ]
*** TRAIL_R numBytesInNALunit: 285798
POC  554 TId: 0 ( I-SLICE, QP 26 )    2286384 bits [Y 99.9900 dB    U 99.9900 dB    V 99.9900 dB] [ET  4.56 ] [L0 ] [L1 ]
*** TRAIL_R numBytesInNALunit: 286356
POC  555 TId: 0 ( I-SLICE, QP 26 )    2290848 bits [Y 99.9900 dB    U 99.9900 dB    V 99.9900 dB] [ET  4.44 ] [L0 ] [L1 ]
*** TRAIL_R numBytesInNALunit: 285782
POC  556 TId: 0 ( I-SLICE, QP 26 )    2286256 bits [Y 99.9900 dB    U 99.9900 dB    V 99.9900 dB] [ET  4.52 ] [L0 ] [L1 ]
*** TRAIL_R numBytesInNALunit: 285991
POC  557 TId: 0 ( I-SLICE, QP 26 )    2287928 bits [Y 99.9900 dB    U 99.9900 dB    V 99.9900 dB] [ET  4.50 ] [L0 ] [L1 ]
*** TRAIL_R numBytesInNALunit: 286023
POC  558 TId: 0 ( I-SLICE, QP 26 )    2288184 bits [Y 99.9900 dB    U 99.9900 dB    V 99.9900 dB] [ET  4.50 ] [L0 ] [L1 ]
*** TRAIL_R numBytesInNALunit: 286296
POC  559 TId: 0 ( I-SLICE, QP 26 )    2290368 bits [Y 99.9900 dB    U 99.9900 dB    V 99.9900 dB] [ET  4.61 ] [L0 ] [L1 ]
*** TRAIL_R numBytesInNALunit: 286404
POC  560 TId: 0 ( I-SLICE, QP 26 )    2291232 bits [Y 99.9900 dB    U 99.9900 dB    V 99.9900 dB] [ET  4.55 ] [L0 ] [L1 ]
*** TRAIL_R numBytesInNALunit: 286040
POC  561 TId: 0 ( I-SLICE, QP 26 )    2288320 bits [Y 99.9900 dB    U 99.9900 dB    V 99.9900 dB] [ET  4.72 ] [L0 ] [L1 ]
*** TRAIL_R numBytesInNALunit: 286404
POC  562 TId: 0 ( I-SLICE, QP 26 )    2291232 bits [Y 99.9900 dB    U 99.9900 dB    V 99.9900 dB] [ET  4.64 ] [L0 ] [L1 ]
*** TRAIL_R numBytesInNALunit: 286361
POC  563 TId: 0 ( I-SLICE, QP 26 )    2290888 bits [Y 99.9900 dB    U 99.9900 dB    V 99.9900 dB] [ET  4.67 ] [L0 ] [L1 ]
*** TRAIL_R numBytesInNALunit: 286411
POC  564 TId: 0 ( I-SLICE, QP 26 )    2291288 bits [Y 99.9900 dB    U 99.9900 dB    V 99.9900 dB] [ET  4.67 ] [L0 ] [L1 ]
*** TRAIL_R numBytesInNALunit: 286626
POC  565 TId: 0 ( I-SLICE, QP 26 )    2293008 bits [Y 99.9900 dB    U 99.9900 dB    V 99.9900 dB] [ET  4.47 ] [L0 ] [L1 ]
*** TRAIL_R numBytesInNALunit: 286480
POC  566 TId: 0 ( I-SLICE, QP 26 )    2291840 bits [Y 99.9900 dB    U 99.9900 dB    V 99.9900 dB] [ET  4.58 ] [L0 ] [L1 ]
*** TRAIL_R numBytesInNALunit: 287157
POC  567 TId: 0 ( I-SLICE, QP 26 )    2297256 bits [Y 99.9900 dB    U 99.9900 dB    V 99.9900 dB] [ET  4.52 ] [L0 ] [L1 ]
*** TRAIL_R numBytesInNALunit: 287284
POC  568 TId: 0 ( I-SLICE, QP 26 )    2298272 bits [Y 99.9900 dB    U 99.9900 dB    V 99.9900 dB] [ET  4.62 ] [L0 ] [L1 ]
*** TRAIL_R numBytesInNALunit: 287228
POC  569 TId: 0 ( I-SLICE, QP 26 )    2297824 bits [Y 99.9900 dB    U 99.9900 dB    V 99.9900 dB] [ET  4.59 ] [L0 ] [L1 ]
*** TRAIL_R numBytesInNALunit: 287020
POC  570 TId: 0 ( I-SLICE, QP 26 )    2296160 bits [Y 99.9900 dB    U 99.9900 dB    V 99.9900 dB] [ET  4.59 ] [L0 ] [L1 ]
*** TRAIL_R numBytesInNALunit: 287234
POC  571 TId: 0 ( I-SLICE, QP 26 )    2297872 bits [Y 99.9900 dB    U 99.9900 dB    V 99.9900 dB] [ET  4.52 ] [L0 ] [L1 ]
*** TRAIL_R numBytesInNALunit: 287111
POC  572 TId: 0 ( I-SLICE, QP 26 )    2296888 bits [Y 99.9900 dB    U 99.9900 dB    V 99.9900 dB] [ET  4.55 ] [L0 ] [L1 ]
*** TRAIL_R numBytesInNALunit: 287048
POC  573 TId: 0 ( I-SLICE, QP 26 )    2296384 bits [Y 99.9900 dB    U 99.9900 dB    V 99.9900 dB] [ET  4.56 ] [L0 ] [L1 ]
*** TRAIL_R numBytesInNALunit: 286995
POC  574 TId: 0 ( I-SLICE, QP 26 )    2295960 bits [Y 99.9900 dB    U 99.9900 dB    V 99.9900 dB] [ET  4.58 ] [L0 ] [L1 ]
*** TRAIL_R numBytesInNALunit: 286404
POC  575 TId: 0 ( I-SLICE, QP 26 )    2291232 bits [Y 99.9900 dB    U 99.9900 dB    V 99.9900 dB] [ET  4.75 ] [L0 ] [L1 ]
*** TRAIL_R numBytesInNALunit: 286587
POC  576 TId: 0 ( I-SLICE, QP 26 )    2292696 bits [Y 99.9900 dB    U 99.9900 dB    V 99.9900 dB] [ET  4.59 ] [L0 ] [L1 ]
*** TRAIL_R numBytesInNALunit: 286746
POC  577 TId: 0 ( I-SLICE, QP 26 )    2293968 bits [Y 99.9900 dB    U 99.9900 dB    V 99.9900 dB] [ET  4.52 ] [L0 ] [L1 ]
*** TRAIL_R numBytesInNALunit: 286888
POC  578 TId: 0 ( I-SLICE, QP 26 )    2295104 bits [Y 99.9900 dB    U 99.9900 dB    V 99.9900 dB] [ET  4.56 ] [L0 ] [L1 ]
*** TRAIL_R numBytesInNALunit: 286689
POC  579 TId: 0 ( I-SLICE, QP 26 )    2293512 bits [Y 99.9900 dB    U 99.9900 dB    V 99.9900 dB] [ET  4.59 ] [L0 ] [L1 ]
*** TRAIL_R numBytesInNALunit: 286608
POC  580 TId: 0 ( I-SLICE, QP 26 )    2292864 bits [Y 99.9900 dB    U 99.9900 dB    V 99.9900 dB] [ET  4.64 ] [L0 ] [L1 ]
*** TRAIL_R numBytesInNALunit: 286780
POC  581 TId: 0 ( I-SLICE, QP 26 )    2294240 bits [Y 99.9900 dB    U 99.9900 dB    V 99.9900 dB] [ET  4.48 ] [L0 ] [L1 ]
*** TRAIL_R numBytesInNALunit: 286560
POC  582 TId: 0 ( I-SLICE, QP 26 )    2292480 bits [Y 99.9900 dB    U 99.9900 dB    V 99.9900 dB] [ET  4.70 ] [L0 ] [L1 ]
*** TRAIL_R numBytesInNALunit: 285792
POC  583 TId: 0 ( I-SLICE, QP 26 )    2286336 bits [Y 99.9900 dB    U 99.9900 dB    V 99.9900 dB] [ET  4.52 ] [L0 ] [L1 ]
*** TRAIL_R numBytesInNALunit: 285015
POC  584 TId: 0 ( I-SLICE, QP 26 )    2280120 bits [Y 99.9900 dB    U 99.9900 dB    V 99.9900 dB] [ET  4.62 ] [L0 ] [L1 ]
*** TRAIL_R numBytesInNALunit: 285169
POC  585 TId: 0 ( I-SLICE, QP 26 )    2281352 bits [Y 99.9900 dB    U 99.9900 dB    V 99.9900 dB] [ET  4.70 ] [L0 ] [L1 ]
*** TRAIL_R numBytesInNALunit: 285065
POC  586 TId: 0 ( I-SLICE, QP 26 )    2280520 bits [Y 99.9900 dB    U 99.9900 dB    V 99.9900 dB] [ET  4.67 ] [L0 ] [L1 ]
*** TRAIL_R numBytesInNALunit: 284233
POC  587 TId: 0 ( I-SLICE, QP 26 )    2273864 bits [Y 99.9900 dB    U 99.9900 dB    V 99.9900 dB] [ET  4.47 ] [L0 ] [L1 ]
*** TRAIL_R numBytesInNALunit: 284017
POC  588 TId: 0 ( I-SLICE, QP 26 )    2272136 bits [Y 99.9900 dB    U 99.9900 dB    V 99.9900 dB] [ET  4.59 ] [L0 ] [L1 ]
*** TRAIL_R numBytesInNALunit: 284063
POC  589 TId: 0 ( I-SLICE, QP 26 )    2272504 bits [Y 99.9900 dB    U 99.9900 dB    V 99.9900 dB] [ET  4.47 ] [L0 ] [L1 ]
*** TRAIL_R numBytesInNALunit: 284237
POC  590 TId: 0 ( I-SLICE, QP 26 )    2273896 bits [Y 99.9900 dB    U 99.9900 dB    V 99.9900 dB] [ET  4.64 ] [L0 ] [L1 ]
*** TRAIL_R numBytesInNALunit: 283926
POC  591 TId: 0 ( I-SLICE, QP 26 )    2271408 bits [Y 99.9900 dB    U 99.9900 dB    V 99.9900 dB] [ET  4.52 ] [L0 ] [L1 ]
*** TRAIL_R numBytesInNALunit: 283470
POC  592 TId: 0 ( I-SLICE, QP 26 )    2267760 bits [Y 99.9900 dB    U 99.9900 dB    V 99.9900 dB] [ET  4.56 ] [L0 ] [L1 ]
*** TRAIL_R numBytesInNALunit: 282789
POC  593 TId: 0 ( I-SLICE, QP 26 )    2262312 bits [Y 99.9900 dB    U 99.9900 dB    V 99.9900 dB] [ET  4.62 ] [L0 ] [L1 ]
*** TRAIL_R numBytesInNALunit: 282642
POC  594 TId: 0 ( I-SLICE, QP 26 )    2261136 bits [Y 99.9900 dB    U 99.9900 dB    V 99.9900 dB] [ET  4.58 ] [L0 ] [L1 ]
*** TRAIL_R numBytesInNALunit: 282614
POC  595 TId: 0 ( I-SLICE, QP 26 )    2260912 bits [Y 99.9900 dB    U 99.9900 dB    V 99.9900 dB] [ET  4.59 ] [L0 ] [L1 ]
*** TRAIL_R numBytesInNALunit: 282106
POC  596 TId: 0 ( I-SLICE, QP 26 )    2256848 bits [Y 99.9900 dB    U 99.9900 dB    V 99.9900 dB] [ET  4.50 ] [L0 ] [L1 ]
*** TRAIL_R numBytesInNALunit: 282035
POC  597 TId: 0 ( I-SLICE, QP 26 )    2256280 bits [Y 99.9900 dB    U 99.9900 dB    V 99.9900 dB] [ET  4.48 ] [L0 ] [L1 ]
*** TRAIL_R numBytesInNALunit: 281967
POC  598 TId: 0 ( I-SLICE, QP 26 )    2255736 bits [Y 99.9900 dB    U 99.9900 dB    V 99.9900 dB] [ET  4.53 ] [L0 ] [L1 ]
*** TRAIL_R numBytesInNALunit: 281937
POC  599 TId: 0 ( I-SLICE, QP 26 )    2255496 bits [Y 99.9900 dB    U 99.9900 dB    V 99.9900 dB] [ET  4.67 ] [L0 ] [L1 ]


I Slices--------------------------------------------------------
	Total Frames |  Bitrate    Y-PSNR    U-PSNR    V-PSNR 
	      600    i 130598.5824   99.9900   99.9900   99.9900
Bytes written to file: 163250639 (130600.511 kbps)
Bytes for SPS/PPS/Slice (Incl. Annex B): 163250639 (130600.511 kbps)

 Total Time:     3196.938 sec.
