
HM software: Encoder Version [15.0][Linux][GCC 4.8.5][64 bit] 

Input          File          : ../../HEVC_test_sequence/ClassB/BQTerrace_1920x1080_60.yuv
Bitstream      File          : BQTerrace.bin
Reconstruction File          : BQTerrace.yuv
Real     Format              : 1920x1080 60Hz
Internal Format              : 1920x1080 60Hz
Frame/Field                  : Frame based coding
Frame index                  : 0 - 599 (600 frames)
CU size / depth              : 32 / 3
RQT trans. size (min / max)  : 4 / 32
Max RQT depth inter          : 3
Max RQT depth intra          : 1
Min PCM size                 : 8
Motion search range          : 64
Intra period                 : 1
Decoding refresh type        : 0
QP                           : 26.00
Max dQP signaling depth      : 0
Cb QP Offset                 : 0
Cr QP Offset                 : 0
QP adaptation                : 0 (range=0)
GOP size                     : 1
Internal bit depth           : (Y:8, C:8)
PCM sample bit depth         : (Y:8, C:8)
RateControl                  : 0
Max Num Merge Candidates     : 5

TOOL CFG: IBD:0 HAD:0 RDQ:0 RDQTS:0 RDpenalty:0 SQP:0 ASR:0 FEN:0 ECU:0 FDM:0 CFM:0 ESD:0 RQT:1 TransformSkip:0 TransformSkipFast:0 Slice: M=0 SliceSegment: M=0 CIP:0 SAO:0 PCM:0 TransQuantBypassEnabled: =1 WPP:0 WPB:0 PME:2  WaveFrontSynchro:0 WaveFrontSubstreams:1 ScalingList:0 TMVPMode:1  SignBitHidingFlag:1 RecalQP:0

***    VPS numBytesInNALunit: 24
***    SPS numBytesInNALunit: 31
***    PPS numBytesInNALunit: 7
*** IDR_W_RADL numBytesInNALunit: 1465326
POC    0 TId: 0 ( I-SLICE, QP 26 )   11723104 bits [Y 99.9900 dB    U 99.9900 dB    V 99.9900 dB] [ET 24.52 ] [L0 ] [L1 ]
*** TRAIL_R numBytesInNALunit: 1464344
POC    1 TId: 0 ( I-SLICE, QP 26 )   11714752 bits [Y 99.9900 dB    U 99.9900 dB    V 99.9900 dB] [ET 24.80 ] [L0 ] [L1 ]
*** TRAIL_R numBytesInNALunit: 1462954
POC    2 TId: 0 ( I-SLICE, QP 26 )   11703632 bits [Y 99.9900 dB    U 99.9900 dB    V 99.9900 dB] [ET 24.92 ] [L0 ] [L1 ]
*** TRAIL_R numBytesInNALunit: 1463818
POC    3 TId: 0 ( I-SLICE, QP 26 )   11710544 bits [Y 99.9900 dB    U 99.9900 dB    V 99.9900 dB] [ET 25.34 ] [L0 ] [L1 ]
*** TRAIL_R numBytesInNALunit: 1462863
POC    4 TId: 0 ( I-SLICE, QP 26 )   11702904 bits [Y 99.9900 dB    U 99.9900 dB    V 99.9900 dB] [ET 25.05 ] [L0 ] [L1 ]
*** TRAIL_R numBytesInNALunit: 1464286
POC    5 TId: 0 ( I-SLICE, QP 26 )   11714288 bits [Y 99.9900 dB    U 99.9900 dB    V 99.9900 dB] [ET 24.69 ] [L0 ] [L1 ]
*** TRAIL_R numBytesInNALunit: 1463755
POC    6 TId: 0 ( I-SLICE, QP 26 )   11710040 bits [Y 99.9900 dB    U 99.9900 dB    V 99.9900 dB] [ET 24.95 ] [L0 ] [L1 ]
*** TRAIL_R numBytesInNALunit: 1462826
POC    7 TId: 0 ( I-SLICE, QP 26 )   11702608 bits [Y 99.9900 dB    U 99.9900 dB    V 99.9900 dB] [ET 25.16 ] [L0 ] [L1 ]
*** TRAIL_R numBytesInNALunit: 1464092
POC    8 TId: 0 ( I-SLICE, QP 26 )   11712736 bits [Y 99.9900 dB    U 99.9900 dB    V 99.9900 dB] [ET 24.92 ] [L0 ] [L1 ]
*** TRAIL_R numBytesInNALunit: 1462065
POC    9 TId: 0 ( I-SLICE, QP 26 )   11696520 bits [Y 99.9900 dB    U 99.9900 dB    V 99.9900 dB] [ET 25.08 ] [L0 ] [L1 ]
*** TRAIL_R numBytesInNALunit: 1462369
POC   10 TId: 0 ( I-SLICE, QP 26 )   11698952 bits [Y 99.9900 dB    U 99.9900 dB    V 99.9900 dB] [ET 24.92 ] [L0 ] [L1 ]
*** TRAIL_R numBytesInNALunit: 1463598
POC   11 TId: 0 ( I-SLICE, QP 26 )   11708784 bits [Y 99.9900 dB    U 99.9900 dB    V 99.9900 dB] [ET 24.64 ] [L0 ] [L1 ]
*** TRAIL_R numBytesInNALunit: 1463696
POC   12 TId: 0 ( I-SLICE, QP 26 )   11709568 bits [Y 99.9900 dB    U 99.9900 dB    V 99.9900 dB] [ET 24.97 ] [L0 ] [L1 ]
*** TRAIL_R numBytesInNALunit: 1463647
POC   13 TId: 0 ( I-SLICE, QP 26 )   11709176 bits [Y 99.9900 dB    U 99.9900 dB    V 99.9900 dB] [ET 25.27 ] [L0 ] [L1 ]
*** TRAIL_R numBytesInNALunit: 1463486
POC   14 TId: 0 ( I-SLICE, QP 26 )   11707888 bits [Y 99.9900 dB    U 99.9900 dB    V 99.9900 dB] [ET 25.06 ] [L0 ] [L1 ]
*** TRAIL_R numBytesInNALunit: 1462856
POC   15 TId: 0 ( I-SLICE, QP 26 )   11702848 bits [Y 99.9900 dB    U 99.9900 dB    V 99.9900 dB] [ET 25.33 ] [L0 ] [L1 ]
*** TRAIL_R numBytesInNALunit: 1463327
POC   16 TId: 0 ( I-SLICE, QP 26 )   11706616 bits [Y 99.9900 dB    U 99.9900 dB    V 99.9900 dB] [ET 25.09 ] [L0 ] [L1 ]
*** TRAIL_R numBytesInNALunit: 1463262
POC   17 TId: 0 ( I-SLICE, QP 26 )   11706096 bits [Y 99.9900 dB    U 99.9900 dB    V 99.9900 dB] [ET 25.41 ] [L0 ] [L1 ]
*** TRAIL_R numBytesInNALunit: 1462339
POC   18 TId: 0 ( I-SLICE, QP 26 )   11698712 bits [Y 99.9900 dB    U 99.9900 dB    V 99.9900 dB] [ET 25.23 ] [L0 ] [L1 ]
*** TRAIL_R numBytesInNALunit: 1464749
POC   19 TId: 0 ( I-SLICE, QP 26 )   11717992 bits [Y 99.9900 dB    U 99.9900 dB    V 99.9900 dB] [ET 25.25 ] [L0 ] [L1 ]
*** TRAIL_R numBytesInNALunit: 1463146
POC   20 TId: 0 ( I-SLICE, QP 26 )   11705168 bits [Y 99.9900 dB    U 99.9900 dB    V 99.9900 dB] [ET 24.73 ] [L0 ] [L1 ]
*** TRAIL_R numBytesInNALunit: 1464034
POC   21 TId: 0 ( I-SLICE, QP 26 )   11712272 bits [Y 99.9900 dB    U 99.9900 dB    V 99.9900 dB] [ET 24.91 ] [L0 ] [L1 ]
*** TRAIL_R numBytesInNALunit: 1464116
POC   22 TId: 0 ( I-SLICE, QP 26 )   11712928 bits [Y 99.9900 dB    U 99.9900 dB    V 99.9900 dB] [ET 25.05 ] [L0 ] [L1 ]
*** TRAIL_R numBytesInNALunit: 1461388
POC   23 TId: 0 ( I-SLICE, QP 26 )   11691104 bits [Y 99.9900 dB    U 99.9900 dB    V 99.9900 dB] [ET 24.78 ] [L0 ] [L1 ]
*** TRAIL_R numBytesInNALunit: 1462077
POC   24 TId: 0 ( I-SLICE, QP 26 )   11696616 bits [Y 99.9900 dB    U 99.9900 dB    V 99.9900 dB] [ET 25.11 ] [L0 ] [L1 ]
*** TRAIL_R numBytesInNALunit: 1460768
POC   25 TId: 0 ( I-SLICE, QP 26 )   11686144 bits [Y 99.9900 dB    U 99.9900 dB    V 99.9900 dB] [ET 24.80 ] [L0 ] [L1 ]
*** TRAIL_R numBytesInNALunit: 1463916
POC   26 TId: 0 ( I-SLICE, QP 26 )   11711328 bits [Y 99.9900 dB    U 99.9900 dB    V 99.9900 dB] [ET 24.88 ] [L0 ] [L1 ]
*** TRAIL_R numBytesInNALunit: 1462662
POC   27 TId: 0 ( I-SLICE, QP 26 )   11701296 bits [Y 99.9900 dB    U 99.9900 dB    V 99.9900 dB] [ET 24.98 ] [L0 ] [L1 ]
*** TRAIL_R numBytesInNALunit: 1462577
POC   28 TId: 0 ( I-SLICE, QP 26 )   11700616 bits [Y 99.9900 dB    U 99.9900 dB    V 99.9900 dB] [ET 24.67 ] [L0 ] [L1 ]
*** TRAIL_R numBytesInNALunit: 1462017
POC   29 TId: 0 ( I-SLICE, QP 26 )   11696136 bits [Y 99.9900 dB    U 99.9900 dB    V 99.9900 dB] [ET 24.80 ] [L0 ] [L1 ]
*** TRAIL_R numBytesInNALunit: 1461581
POC   30 TId: 0 ( I-SLICE, QP 26 )   11692648 bits [Y 99.9900 dB    U 99.9900 dB    V 99.9900 dB] [ET 24.86 ] [L0 ] [L1 ]
*** TRAIL_R numBytesInNALunit: 1460635
POC   31 TId: 0 ( I-SLICE, QP 26 )   11685080 bits [Y 99.9900 dB    U 99.9900 dB    V 99.9900 dB] [ET 24.72 ] [L0 ] [L1 ]
*** TRAIL_R numBytesInNALunit: 1463862
POC   32 TId: 0 ( I-SLICE, QP 26 )   11710896 bits [Y 99.9900 dB    U 99.9900 dB    V 99.9900 dB] [ET 24.62 ] [L0 ] [L1 ]
*** TRAIL_R numBytesInNALunit: 1463382
POC   33 TId: 0 ( I-SLICE, QP 26 )   11707056 bits [Y 99.9900 dB    U 99.9900 dB    V 99.9900 dB] [ET 24.78 ] [L0 ] [L1 ]
*** TRAIL_R numBytesInNALunit: 1463253
POC   34 TId: 0 ( I-SLICE, QP 26 )   11706024 bits [Y 99.9900 dB    U 99.9900 dB    V 99.9900 dB] [ET 24.88 ] [L0 ] [L1 ]
*** TRAIL_R numBytesInNALunit: 1461045
POC   35 TId: 0 ( I-SLICE, QP 26 )   11688360 bits [Y 99.9900 dB    U 99.9900 dB    V 99.9900 dB] [ET 25.45 ] [L0 ] [L1 ]
*** TRAIL_R numBytesInNALunit: 1461527
POC   36 TId: 0 ( I-SLICE, QP 26 )   11692216 bits [Y 99.9900 dB    U 99.9900 dB    V 99.9900 dB] [ET 24.98 ] [L0 ] [L1 ]
*** TRAIL_R numBytesInNALunit: 1459793
POC   37 TId: 0 ( I-SLICE, QP 26 )   11678344 bits [Y 99.9900 dB    U 99.9900 dB    V 99.9900 dB] [ET 24.81 ] [L0 ] [L1 ]
*** TRAIL_R numBytesInNALunit: 1460206
POC   38 TId: 0 ( I-SLICE, QP 26 )   11681648 bits [Y 99.9900 dB    U 99.9900 dB    V 99.9900 dB] [ET 25.14 ] [L0 ] [L1 ]
*** TRAIL_R numBytesInNALunit: 1461939
POC   39 TId: 0 ( I-SLICE, QP 26 )   11695512 bits [Y 99.9900 dB    U 99.9900 dB    V 99.9900 dB] [ET 25.19 ] [L0 ] [L1 ]
*** TRAIL_R numBytesInNALunit: 1461822
POC   40 TId: 0 ( I-SLICE, QP 26 )   11694576 bits [Y 99.9900 dB    U 99.9900 dB    V 99.9900 dB] [ET 25.11 ] [L0 ] [L1 ]
*** TRAIL_R numBytesInNALunit: 1461917
POC   41 TId: 0 ( I-SLICE, QP 26 )   11695336 bits [Y 99.9900 dB    U 99.9900 dB    V 99.9900 dB] [ET 24.94 ] [L0 ] [L1 ]
*** TRAIL_R numBytesInNALunit: 1460102
POC   42 TId: 0 ( I-SLICE, QP 26 )   11680816 bits [Y 99.9900 dB    U 99.9900 dB    V 99.9900 dB] [ET 24.92 ] [L0 ] [L1 ]
*** TRAIL_R numBytesInNALunit: 1458706
POC   43 TId: 0 ( I-SLICE, QP 26 )   11669648 bits [Y 99.9900 dB    U 99.9900 dB    V 99.9900 dB] [ET 24.59 ] [L0 ] [L1 ]
*** TRAIL_R numBytesInNALunit: 1463362
POC   44 TId: 0 ( I-SLICE, QP 26 )   11706896 bits [Y 99.9900 dB    U 99.9900 dB    V 99.9900 dB] [ET 25.09 ] [L0 ] [L1 ]
*** TRAIL_R numBytesInNALunit: 1463515
POC   45 TId: 0 ( I-SLICE, QP 26 )   11708120 bits [Y 99.9900 dB    U 99.9900 dB    V 99.9900 dB] [ET 24.84 ] [L0 ] [L1 ]
*** TRAIL_R numBytesInNALunit: 1466185
POC   46 TId: 0 ( I-SLICE, QP 26 )   11729480 bits [Y 99.9900 dB    U 99.9900 dB    V 99.9900 dB] [ET 24.75 ] [L0 ] [L1 ]
*** TRAIL_R numBytesInNALunit: 1465596
POC   47 TId: 0 ( I-SLICE, QP 26 )   11724768 bits [Y 99.9900 dB    U 99.9900 dB    V 99.9900 dB] [ET 24.95 ] [L0 ] [L1 ]
*** TRAIL_R numBytesInNALunit: 1463196
POC   48 TId: 0 ( I-SLICE, QP 26 )   11705568 bits [Y 99.9900 dB    U 99.9900 dB    V 99.9900 dB] [ET 24.70 ] [L0 ] [L1 ]
*** TRAIL_R numBytesInNALunit: 1461512
POC   49 TId: 0 ( I-SLICE, QP 26 )   11692096 bits [Y 99.9900 dB    U 99.9900 dB    V 99.9900 dB] [ET 24.88 ] [L0 ] [L1 ]
*** TRAIL_R numBytesInNALunit: 1463531
POC   50 TId: 0 ( I-SLICE, QP 26 )   11708248 bits [Y 99.9900 dB    U 99.9900 dB    V 99.9900 dB] [ET 24.88 ] [L0 ] [L1 ]
*** TRAIL_R numBytesInNALunit: 1462647
POC   51 TId: 0 ( I-SLICE, QP 26 )   11701176 bits [Y 99.9900 dB    U 99.9900 dB    V 99.9900 dB] [ET 24.95 ] [L0 ] [L1 ]
*** TRAIL_R numBytesInNALunit: 1462998
POC   52 TId: 0 ( I-SLICE, QP 26 )   11703984 bits [Y 99.9900 dB    U 99.9900 dB    V 99.9900 dB] [ET 25.14 ] [L0 ] [L1 ]
*** TRAIL_R numBytesInNALunit: 1461201
POC   53 TId: 0 ( I-SLICE, QP 26 )   11689608 bits [Y 99.9900 dB    U 99.9900 dB    V 99.9900 dB] [ET 25.14 ] [L0 ] [L1 ]
*** TRAIL_R numBytesInNALunit: 1459509
POC   54 TId: 0 ( I-SLICE, QP 26 )   11676072 bits [Y 99.9900 dB    U 99.9900 dB    V 99.9900 dB] [ET 24.59 ] [L0 ] [L1 ]
*** TRAIL_R numBytesInNALunit: 1458552
POC   55 TId: 0 ( I-SLICE, QP 26 )   11668416 bits [Y 99.9900 dB    U 99.9900 dB    V 99.9900 dB] [ET 25.03 ] [L0 ] [L1 ]
*** TRAIL_R numBytesInNALunit: 1457909
POC   56 TId: 0 ( I-SLICE, QP 26 )   11663272 bits [Y 99.9900 dB    U 99.9900 dB    V 99.9900 dB] [ET 25.27 ] [L0 ] [L1 ]
*** TRAIL_R numBytesInNALunit: 1459284
POC   57 TId: 0 ( I-SLICE, QP 26 )   11674272 bits [Y 99.9900 dB    U 99.9900 dB    V 99.9900 dB] [ET 25.53 ] [L0 ] [L1 ]
*** TRAIL_R numBytesInNALunit: 1461373
POC   58 TId: 0 ( I-SLICE, QP 26 )   11690984 bits [Y 99.9900 dB    U 99.9900 dB    V 99.9900 dB] [ET 24.95 ] [L0 ] [L1 ]
*** TRAIL_R numBytesInNALunit: 1462557
POC   59 TId: 0 ( I-SLICE, QP 26 )   11700456 bits [Y 99.9900 dB    U 99.9900 dB    V 99.9900 dB] [ET 25.31 ] [L0 ] [L1 ]
*** TRAIL_R numBytesInNALunit: 1462244
POC   60 TId: 0 ( I-SLICE, QP 26 )   11697952 bits [Y 99.9900 dB    U 99.9900 dB    V 99.9900 dB] [ET 25.23 ] [L0 ] [L1 ]
*** TRAIL_R numBytesInNALunit: 1459267
POC   61 TId: 0 ( I-SLICE, QP 26 )   11674136 bits [Y 99.9900 dB    U 99.9900 dB    V 99.9900 dB] [ET 24.97 ] [L0 ] [L1 ]
*** TRAIL_R numBytesInNALunit: 1462242
POC   62 TId: 0 ( I-SLICE, QP 26 )   11697936 bits [Y 99.9900 dB    U 99.9900 dB    V 99.9900 dB] [ET 24.69 ] [L0 ] [L1 ]
*** TRAIL_R numBytesInNALunit: 1461384
POC   63 TId: 0 ( I-SLICE, QP 26 )   11691072 bits [Y 99.9900 dB    U 99.9900 dB    V 99.9900 dB] [ET 24.86 ] [L0 ] [L1 ]
*** TRAIL_R numBytesInNALunit: 1462998
POC   64 TId: 0 ( I-SLICE, QP 26 )   11703984 bits [Y 99.9900 dB    U 99.9900 dB    V 99.9900 dB] [ET 25.06 ] [L0 ] [L1 ]
*** TRAIL_R numBytesInNALunit: 1462042
POC   65 TId: 0 ( I-SLICE, QP 26 )   11696336 bits [Y 99.9900 dB    U 99.9900 dB    V 99.9900 dB] [ET 25.69 ] [L0 ] [L1 ]
*** TRAIL_R numBytesInNALunit: 1461555
POC   66 TId: 0 ( I-SLICE, QP 26 )   11692440 bits [Y 99.9900 dB    U 99.9900 dB    V 99.9900 dB] [ET 25.42 ] [L0 ] [L1 ]
*** TRAIL_R numBytesInNALunit: 1461786
POC   67 TId: 0 ( I-SLICE, QP 26 )   11694288 bits [Y 99.9900 dB    U 99.9900 dB    V 99.9900 dB] [ET 24.83 ] [L0 ] [L1 ]
*** TRAIL_R numBytesInNALunit: 1461223
POC   68 TId: 0 ( I-SLICE, QP 26 )   11689784 bits [Y 99.9900 dB    U 99.9900 dB    V 99.9900 dB] [ET 24.72 ] [L0 ] [L1 ]
*** TRAIL_R numBytesInNALunit: 1461551
POC   69 TId: 0 ( I-SLICE, QP 26 )   11692408 bits [Y 99.9900 dB    U 99.9900 dB    V 99.9900 dB] [ET 25.02 ] [L0 ] [L1 ]
*** TRAIL_R numBytesInNALunit: 1461009
POC   70 TId: 0 ( I-SLICE, QP 26 )   11688072 bits [Y 99.9900 dB    U 99.9900 dB    V 99.9900 dB] [ET 24.86 ] [L0 ] [L1 ]
*** TRAIL_R numBytesInNALunit: 1461930
POC   71 TId: 0 ( I-SLICE, QP 26 )   11695440 bits [Y 99.9900 dB    U 99.9900 dB    V 99.9900 dB] [ET 25.08 ] [L0 ] [L1 ]
*** TRAIL_R numBytesInNALunit: 1463174
POC   72 TId: 0 ( I-SLICE, QP 26 )   11705392 bits [Y 99.9900 dB    U 99.9900 dB    V 99.9900 dB] [ET 25.14 ] [L0 ] [L1 ]
*** TRAIL_R numBytesInNALunit: 1463512
POC   73 TId: 0 ( I-SLICE, QP 26 )   11708096 bits [Y 99.9900 dB    U 99.9900 dB    V 99.9900 dB] [ET 24.98 ] [L0 ] [L1 ]
*** TRAIL_R numBytesInNALunit: 1464650
POC   74 TId: 0 ( I-SLICE, QP 26 )   11717200 bits [Y 99.9900 dB    U 99.9900 dB    V 99.9900 dB] [ET 25.12 ] [L0 ] [L1 ]
*** TRAIL_R numBytesInNALunit: 1464140
POC   75 TId: 0 ( I-SLICE, QP 26 )   11713120 bits [Y 99.9900 dB    U 99.9900 dB    V 99.9900 dB] [ET 25.19 ] [L0 ] [L1 ]
*** TRAIL_R numBytesInNALunit: 1467686
POC   76 TId: 0 ( I-SLICE, QP 26 )   11741488 bits [Y 99.9900 dB    U 99.9900 dB    V 99.9900 dB] [ET 24.88 ] [L0 ] [L1 ]
*** TRAIL_R numBytesInNALunit: 1465580
POC   77 TId: 0 ( I-SLICE, QP 26 )   11724640 bits [Y 99.9900 dB    U 99.9900 dB    V 99.9900 dB] [ET 24.81 ] [L0 ] [L1 ]
*** TRAIL_R numBytesInNALunit: 1462977
POC   78 TId: 0 ( I-SLICE, QP 26 )   11703816 bits [Y 99.9900 dB    U 99.9900 dB    V 99.9900 dB] [ET 24.66 ] [L0 ] [L1 ]
*** TRAIL_R numBytesInNALunit: 1464637
POC   79 TId: 0 ( I-SLICE, QP 26 )   11717096 bits [Y 99.9900 dB    U 99.9900 dB    V 99.9900 dB] [ET 25.41 ] [L0 ] [L1 ]
*** TRAIL_R numBytesInNALunit: 1464944
POC   80 TId: 0 ( I-SLICE, QP 26 )   11719552 bits [Y 99.9900 dB    U 99.9900 dB    V 99.9900 dB] [ET 25.12 ] [L0 ] [L1 ]
*** TRAIL_R numBytesInNALunit: 1465970
POC   81 TId: 0 ( I-SLICE, QP 26 )   11727760 bits [Y 99.9900 dB    U 99.9900 dB    V 99.9900 dB] [ET 25.28 ] [L0 ] [L1 ]
*** TRAIL_R numBytesInNALunit: 1465236
POC   82 TId: 0 ( I-SLICE, QP 26 )   11721888 bits [Y 99.9900 dB    U 99.9900 dB    V 99.9900 dB] [ET 24.88 ] [L0 ] [L1 ]
*** TRAIL_R numBytesInNALunit: 1464788
POC   83 TId: 0 ( I-SLICE, QP 26 )   11718304 bits [Y 99.9900 dB    U 99.9900 dB    V 99.9900 dB] [ET 25.62 ] [L0 ] [L1 ]
*** TRAIL_R numBytesInNALunit: 1463613
POC   84 TId: 0 ( I-SLICE, QP 26 )   11708904 bits [Y 99.9900 dB    U 99.9900 dB    V 99.9900 dB] [ET 25.75 ] [L0 ] [L1 ]
*** TRAIL_R numBytesInNALunit: 1465317
POC   85 TId: 0 ( I-SLICE, QP 26 )   11722536 bits [Y 99.9900 dB    U 99.9900 dB    V 99.9900 dB] [ET 25.19 ] [L0 ] [L1 ]
*** TRAIL_R numBytesInNALunit: 1465268
POC   86 TId: 0 ( I-SLICE, QP 26 )   11722144 bits [Y 99.9900 dB    U 99.9900 dB    V 99.9900 dB] [ET 25.41 ] [L0 ] [L1 ]
*** TRAIL_R numBytesInNALunit: 1466002
POC   87 TId: 0 ( I-SLICE, QP 26 )   11728016 bits [Y 99.9900 dB    U 99.9900 dB    V 99.9900 dB] [ET 25.06 ] [L0 ] [L1 ]
*** TRAIL_R numBytesInNALunit: 1466486
POC   88 TId: 0 ( I-SLICE, QP 26 )   11731888 bits [Y 99.9900 dB    U 99.9900 dB    V 99.9900 dB] [ET 25.25 ] [L0 ] [L1 ]
*** TRAIL_R numBytesInNALunit: 1464647
POC   89 TId: 0 ( I-SLICE, QP 26 )   11717176 bits [Y 99.9900 dB    U 99.9900 dB    V 99.9900 dB] [ET 25.08 ] [L0 ] [L1 ]
*** TRAIL_R numBytesInNALunit: 1462025
POC   90 TId: 0 ( I-SLICE, QP 26 )   11696200 bits [Y 99.9900 dB    U 99.9900 dB    V 99.9900 dB] [ET 25.12 ] [L0 ] [L1 ]
*** TRAIL_R numBytesInNALunit: 1463966
POC   91 TId: 0 ( I-SLICE, QP 26 )   11711728 bits [Y 99.9900 dB    U 99.9900 dB    V 99.9900 dB] [ET 25.22 ] [L0 ] [L1 ]
*** TRAIL_R numBytesInNALunit: 1465432
POC   92 TId: 0 ( I-SLICE, QP 26 )   11723456 bits [Y 99.9900 dB    U 99.9900 dB    V 99.9900 dB] [ET 25.44 ] [L0 ] [L1 ]
*** TRAIL_R numBytesInNALunit: 1467734
POC   93 TId: 0 ( I-SLICE, QP 26 )   11741872 bits [Y 99.9900 dB    U 99.9900 dB    V 99.9900 dB] [ET 24.86 ] [L0 ] [L1 ]
*** TRAIL_R numBytesInNALunit: 1463916
POC   94 TId: 0 ( I-SLICE, QP 26 )   11711328 bits [Y 99.9900 dB    U 99.9900 dB    V 99.9900 dB] [ET 24.97 ] [L0 ] [L1 ]
*** TRAIL_R numBytesInNALunit: 1463155
POC   95 TId: 0 ( I-SLICE, QP 26 )   11705240 bits [Y 99.9900 dB    U 99.9900 dB    V 99.9900 dB] [ET 24.67 ] [L0 ] [L1 ]
*** TRAIL_R numBytesInNALunit: 1462598
POC   96 TId: 0 ( I-SLICE, QP 26 )   11700784 bits [Y 99.9900 dB    U 99.9900 dB    V 99.9900 dB] [ET 25.56 ] [L0 ] [L1 ]
*** TRAIL_R numBytesInNALunit: 1463775
POC   97 TId: 0 ( I-SLICE, QP 26 )   11710200 bits [Y 99.9900 dB    U 99.9900 dB    V 99.9900 dB] [ET 25.31 ] [L0 ] [L1 ]
*** TRAIL_R numBytesInNALunit: 1466552
POC   98 TId: 0 ( I-SLICE, QP 26 )   11732416 bits [Y 99.9900 dB    U 99.9900 dB    V 99.9900 dB] [ET 25.47 ] [L0 ] [L1 ]
*** TRAIL_R numBytesInNALunit: 1470520
POC   99 TId: 0 ( I-SLICE, QP 26 )   11764160 bits [Y 99.9900 dB    U 99.9900 dB    V 99.9900 dB] [ET 24.83 ] [L0 ] [L1 ]
*** TRAIL_R numBytesInNALunit: 1472343
POC  100 TId: 0 ( I-SLICE, QP 26 )   11778744 bits [Y 99.9900 dB    U 99.9900 dB    V 99.9900 dB] [ET 25.19 ] [L0 ] [L1 ]
*** TRAIL_R numBytesInNALunit: 1475945
POC  101 TId: 0 ( I-SLICE, QP 26 )   11807560 bits [Y 99.9900 dB    U 99.9900 dB    V 99.9900 dB] [ET 24.48 ] [L0 ] [L1 ]
*** TRAIL_R numBytesInNALunit: 1473512
POC  102 TId: 0 ( I-SLICE, QP 26 )   11788096 bits [Y 99.9900 dB    U 99.9900 dB    V 99.9900 dB] [ET 25.02 ] [L0 ] [L1 ]
*** TRAIL_R numBytesInNALunit: 1474100
POC  103 TId: 0 ( I-SLICE, QP 26 )   11792800 bits [Y 99.9900 dB    U 99.9900 dB    V 99.9900 dB] [ET 24.77 ] [L0 ] [L1 ]
*** TRAIL_R numBytesInNALunit: 1482814
POC  104 TId: 0 ( I-SLICE, QP 26 )   11862512 bits [Y 99.9900 dB    U 99.9900 dB    V 99.9900 dB] [ET 25.36 ] [L0 ] [L1 ]
*** TRAIL_R numBytesInNALunit: 1493971
POC  105 TId: 0 ( I-SLICE, QP 26 )   11951768 bits [Y 99.9900 dB    U 99.9900 dB    V 99.9900 dB] [ET 25.28 ] [L0 ] [L1 ]
*** TRAIL_R numBytesInNALunit: 1500640
POC  106 TId: 0 ( I-SLICE, QP 26 )   12005120 bits [Y 99.9900 dB    U 99.9900 dB    V 99.9900 dB] [ET 25.23 ] [L0 ] [L1 ]
*** TRAIL_R numBytesInNALunit: 1500093
POC  107 TId: 0 ( I-SLICE, QP 26 )   12000744 bits [Y 99.9900 dB    U 99.9900 dB    V 99.9900 dB] [ET 24.91 ] [L0 ] [L1 ]
*** TRAIL_R numBytesInNALunit: 1499232
POC  108 TId: 0 ( I-SLICE, QP 26 )   11993856 bits [Y 99.9900 dB    U 99.9900 dB    V 99.9900 dB] [ET 25.09 ] [L0 ] [L1 ]
*** TRAIL_R numBytesInNALunit: 1497051
POC  109 TId: 0 ( I-SLICE, QP 26 )   11976408 bits [Y 99.9900 dB    U 99.9900 dB    V 99.9900 dB] [ET 24.97 ] [L0 ] [L1 ]
*** TRAIL_R numBytesInNALunit: 1498059
POC  110 TId: 0 ( I-SLICE, QP 26 )   11984472 bits [Y 99.9900 dB    U 99.9900 dB    V 99.9900 dB] [ET 25.16 ] [L0 ] [L1 ]
*** TRAIL_R numBytesInNALunit: 1499331
POC  111 TId: 0 ( I-SLICE, QP 26 )   11994648 bits [Y 99.9900 dB    U 99.9900 dB    V 99.9900 dB] [ET 24.56 ] [L0 ] [L1 ]
*** TRAIL_R numBytesInNALunit: 1499448
POC  112 TId: 0 ( I-SLICE, QP 26 )   11995584 bits [Y 99.9900 dB    U 99.9900 dB    V 99.9900 dB] [ET 24.98 ] [L0 ] [L1 ]
*** TRAIL_R numBytesInNALunit: 1498386
POC  113 TId: 0 ( I-SLICE, QP 26 )   11987088 bits [Y 99.9900 dB    U 99.9900 dB    V 99.9900 dB] [ET 25.06 ] [L0 ] [L1 ]
*** TRAIL_R numBytesInNALunit: 1501241
POC  114 TId: 0 ( I-SLICE, QP 26 )   12009928 bits [Y 99.9900 dB    U 99.9900 dB    V 99.9900 dB] [ET 24.69 ] [L0 ] [L1 ]
*** TRAIL_R numBytesInNALunit: 1500032
POC  115 TId: 0 ( I-SLICE, QP 26 )   12000256 bits [Y 99.9900 dB    U 99.9900 dB    V 99.9900 dB] [ET 24.69 ] [L0 ] [L1 ]
*** TRAIL_R numBytesInNALunit: 1498384
POC  116 TId: 0 ( I-SLICE, QP 26 )   11987072 bits [Y 99.9900 dB    U 99.9900 dB    V 99.9900 dB] [ET 24.91 ] [L0 ] [L1 ]
*** TRAIL_R numBytesInNALunit: 1497648
POC  117 TId: 0 ( I-SLICE, QP 26 )   11981184 bits [Y 99.9900 dB    U 99.9900 dB    V 99.9900 dB] [ET 25.33 ] [L0 ] [L1 ]
*** TRAIL_R numBytesInNALunit: 1495222
POC  118 TId: 0 ( I-SLICE, QP 26 )   11961776 bits [Y 99.9900 dB    U 99.9900 dB    V 99.9900 dB] [ET 24.73 ] [L0 ] [L1 ]
*** TRAIL_R numBytesInNALunit: 1496396
POC  119 TId: 0 ( I-SLICE, QP 26 )   11971168 bits [Y 99.9900 dB    U 99.9900 dB    V 99.9900 dB] [ET 24.91 ] [L0 ] [L1 ]
*** TRAIL_R numBytesInNALunit: 1496415
POC  120 TId: 0 ( I-SLICE, QP 26 )   11971320 bits [Y 99.9900 dB    U 99.9900 dB    V 99.9900 dB] [ET 24.84 ] [L0 ] [L1 ]
*** TRAIL_R numBytesInNALunit: 1497262
POC  121 TId: 0 ( I-SLICE, QP 26 )   11978096 bits [Y 99.9900 dB    U 99.9900 dB    V 99.9900 dB] [ET 24.98 ] [L0 ] [L1 ]
*** TRAIL_R numBytesInNALunit: 1495662
POC  122 TId: 0 ( I-SLICE, QP 26 )   11965296 bits [Y 99.9900 dB    U 99.9900 dB    V 99.9900 dB] [ET 24.72 ] [L0 ] [L1 ]
*** TRAIL_R numBytesInNALunit: 1497505
POC  123 TId: 0 ( I-SLICE, QP 26 )   11980040 bits [Y 99.9900 dB    U 99.9900 dB    V 99.9900 dB] [ET 24.95 ] [L0 ] [L1 ]
*** TRAIL_R numBytesInNALunit: 1498005
POC  124 TId: 0 ( I-SLICE, QP 26 )   11984040 bits [Y 99.9900 dB    U 99.9900 dB    V 99.9900 dB] [ET 24.92 ] [L0 ] [L1 ]
*** TRAIL_R numBytesInNALunit: 1495795
POC  125 TId: 0 ( I-SLICE, QP 26 )   11966360 bits [Y 99.9900 dB    U 99.9900 dB    V 99.9900 dB] [ET 24.73 ] [L0 ] [L1 ]
*** TRAIL_R numBytesInNALunit: 1495449
POC  126 TId: 0 ( I-SLICE, QP 26 )   11963592 bits [Y 99.9900 dB    U 99.9900 dB    V 99.9900 dB] [ET 24.86 ] [L0 ] [L1 ]
*** TRAIL_R numBytesInNALunit: 1498600
POC  127 TId: 0 ( I-SLICE, QP 26 )   11988800 bits [Y 99.9900 dB    U 99.9900 dB    V 99.9900 dB] [ET 25.34 ] [L0 ] [L1 ]
*** TRAIL_R numBytesInNALunit: 1504019
POC  128 TId: 0 ( I-SLICE, QP 26 )   12032152 bits [Y 99.9900 dB    U 99.9900 dB    V 99.9900 dB] [ET 25.05 ] [L0 ] [L1 ]
*** TRAIL_R numBytesInNALunit: 1509877
POC  129 TId: 0 ( I-SLICE, QP 26 )   12079016 bits [Y 99.9900 dB    U 99.9900 dB    V 99.9900 dB] [ET 24.70 ] [L0 ] [L1 ]
*** TRAIL_R numBytesInNALunit: 1510949
POC  130 TId: 0 ( I-SLICE, QP 26 )   12087592 bits [Y 99.9900 dB    U 99.9900 dB    V 99.9900 dB] [ET 24.84 ] [L0 ] [L1 ]
*** TRAIL_R numBytesInNALunit: 1507381
POC  131 TId: 0 ( I-SLICE, QP 26 )   12059048 bits [Y 99.9900 dB    U 99.9900 dB    V 99.9900 dB] [ET 25.08 ] [L0 ] [L1 ]
*** TRAIL_R numBytesInNALunit: 1507883
POC  132 TId: 0 ( I-SLICE, QP 26 )   12063064 bits [Y 99.9900 dB    U 99.9900 dB    V 99.9900 dB] [ET 25.02 ] [L0 ] [L1 ]
*** TRAIL_R numBytesInNALunit: 1509191
POC  133 TId: 0 ( I-SLICE, QP 26 )   12073528 bits [Y 99.9900 dB    U 99.9900 dB    V 99.9900 dB] [ET 25.00 ] [L0 ] [L1 ]
*** TRAIL_R numBytesInNALunit: 1509008
POC  134 TId: 0 ( I-SLICE, QP 26 )   12072064 bits [Y 99.9900 dB    U 99.9900 dB    V 99.9900 dB] [ET 25.16 ] [L0 ] [L1 ]
*** TRAIL_R numBytesInNALunit: 1509130
POC  135 TId: 0 ( I-SLICE, QP 26 )   12073040 bits [Y 99.9900 dB    U 99.9900 dB    V 99.9900 dB] [ET 25.69 ] [L0 ] [L1 ]
*** TRAIL_R numBytesInNALunit: 1507683
POC  136 TId: 0 ( I-SLICE, QP 26 )   12061464 bits [Y 99.9900 dB    U 99.9900 dB    V 99.9900 dB] [ET 24.84 ] [L0 ] [L1 ]
*** TRAIL_R numBytesInNALunit: 1504586
POC  137 TId: 0 ( I-SLICE, QP 26 )   12036688 bits [Y 99.9900 dB    U 99.9900 dB    V 99.9900 dB] [ET 24.86 ] [L0 ] [L1 ]
*** TRAIL_R numBytesInNALunit: 1505778
POC  138 TId: 0 ( I-SLICE, QP 26 )   12046224 bits [Y 99.9900 dB    U 99.9900 dB    V 99.9900 dB] [ET 24.91 ] [L0 ] [L1 ]
*** TRAIL_R numBytesInNALunit: 1504592
POC  139 TId: 0 ( I-SLICE, QP 26 )   12036736 bits [Y 99.9900 dB    U 99.9900 dB    V 99.9900 dB] [ET 25.02 ] [L0 ] [L1 ]
*** TRAIL_R numBytesInNALunit: 1505692
POC  140 TId: 0 ( I-SLICE, QP 26 )   12045536 bits [Y 99.9900 dB    U 99.9900 dB    V 99.9900 dB] [ET 25.27 ] [L0 ] [L1 ]
*** TRAIL_R numBytesInNALunit: 1504859
POC  141 TId: 0 ( I-SLICE, QP 26 )   12038872 bits [Y 99.9900 dB    U 99.9900 dB    V 99.9900 dB] [ET 25.05 ] [L0 ] [L1 ]
*** TRAIL_R numBytesInNALunit: 1503964
POC  142 TId: 0 ( I-SLICE, QP 26 )   12031712 bits [Y 99.9900 dB    U 99.9900 dB    V 99.9900 dB] [ET 25.38 ] [L0 ] [L1 ]
*** TRAIL_R numBytesInNALunit: 1503038
POC  143 TId: 0 ( I-SLICE, QP 26 )   12024304 bits [Y 99.9900 dB    U 99.9900 dB    V 99.9900 dB] [ET 25.31 ] [L0 ] [L1 ]
*** TRAIL_R numBytesInNALunit: 1500023
POC  144 TId: 0 ( I-SLICE, QP 26 )   12000184 bits [Y 99.9900 dB    U 99.9900 dB    V 99.9900 dB] [ET 25.09 ] [L0 ] [L1 ]
*** TRAIL_R numBytesInNALunit: 1499364
POC  145 TId: 0 ( I-SLICE, QP 26 )   11994912 bits [Y 99.9900 dB    U 99.9900 dB    V 99.9900 dB] [ET 25.22 ] [L0 ] [L1 ]
*** TRAIL_R numBytesInNALunit: 1503081
POC  146 TId: 0 ( I-SLICE, QP 26 )   12024648 bits [Y 99.9900 dB    U 99.9900 dB    V 99.9900 dB] [ET 25.62 ] [L0 ] [L1 ]
*** TRAIL_R numBytesInNALunit: 1504029
POC  147 TId: 0 ( I-SLICE, QP 26 )   12032232 bits [Y 99.9900 dB    U 99.9900 dB    V 99.9900 dB] [ET 25.09 ] [L0 ] [L1 ]
*** TRAIL_R numBytesInNALunit: 1505085
POC  148 TId: 0 ( I-SLICE, QP 26 )   12040680 bits [Y 99.9900 dB    U 99.9900 dB    V 99.9900 dB] [ET 25.14 ] [L0 ] [L1 ]
*** TRAIL_R numBytesInNALunit: 1506171
POC  149 TId: 0 ( I-SLICE, QP 26 )   12049368 bits [Y 99.9900 dB    U 99.9900 dB    V 99.9900 dB] [ET 25.61 ] [L0 ] [L1 ]
*** TRAIL_R numBytesInNALunit: 1504231
POC  150 TId: 0 ( I-SLICE, QP 26 )   12033848 bits [Y 99.9900 dB    U 99.9900 dB    V 99.9900 dB] [ET 25.03 ] [L0 ] [L1 ]
*** TRAIL_R numBytesInNALunit: 1503727
POC  151 TId: 0 ( I-SLICE, QP 26 )   12029816 bits [Y 99.9900 dB    U 99.9900 dB    V 99.9900 dB] [ET 25.44 ] [L0 ] [L1 ]
*** TRAIL_R numBytesInNALunit: 1504149
POC  152 TId: 0 ( I-SLICE, QP 26 )   12033192 bits [Y 99.9900 dB    U 99.9900 dB    V 99.9900 dB] [ET 25.61 ] [L0 ] [L1 ]
*** TRAIL_R numBytesInNALunit: 1506940
POC  153 TId: 0 ( I-SLICE, QP 26 )   12055520 bits [Y 99.9900 dB    U 99.9900 dB    V 99.9900 dB] [ET 25.52 ] [L0 ] [L1 ]
*** TRAIL_R numBytesInNALunit: 1508963
POC  154 TId: 0 ( I-SLICE, QP 26 )   12071704 bits [Y 99.9900 dB    U 99.9900 dB    V 99.9900 dB] [ET 25.12 ] [L0 ] [L1 ]
*** TRAIL_R numBytesInNALunit: 1508157
POC  155 TId: 0 ( I-SLICE, QP 26 )   12065256 bits [Y 99.9900 dB    U 99.9900 dB    V 99.9900 dB] [ET 24.77 ] [L0 ] [L1 ]
*** TRAIL_R numBytesInNALunit: 1503471
POC  156 TId: 0 ( I-SLICE, QP 26 )   12027768 bits [Y 99.9900 dB    U 99.9900 dB    V 99.9900 dB] [ET 25.03 ] [L0 ] [L1 ]
*** TRAIL_R numBytesInNALunit: 1502396
POC  157 TId: 0 ( I-SLICE, QP 26 )   12019168 bits [Y 99.9900 dB    U 99.9900 dB    V 99.9900 dB] [ET 25.17 ] [L0 ] [L1 ]
*** TRAIL_R numBytesInNALunit: 1502450
POC  158 TId: 0 ( I-SLICE, QP 26 )   12019600 bits [Y 99.9900 dB    U 99.9900 dB    V 99.9900 dB] [ET 25.22 ] [L0 ] [L1 ]
*** TRAIL_R numBytesInNALunit: 1505662
POC  159 TId: 0 ( I-SLICE, QP 26 )   12045296 bits [Y 99.9900 dB    U 99.9900 dB    V 99.9900 dB] [ET 25.44 ] [L0 ] [L1 ]
*** TRAIL_R numBytesInNALunit: 1506601
POC  160 TId: 0 ( I-SLICE, QP 26 )   12052808 bits [Y 99.9900 dB    U 99.9900 dB    V 99.9900 dB] [ET 25.00 ] [L0 ] [L1 ]
*** TRAIL_R numBytesInNALunit: 1505279
POC  161 TId: 0 ( I-SLICE, QP 26 )   12042232 bits [Y 99.9900 dB    U 99.9900 dB    V 99.9900 dB] [ET 25.45 ] [L0 ] [L1 ]
*** TRAIL_R numBytesInNALunit: 1502789
POC  162 TId: 0 ( I-SLICE, QP 26 )   12022312 bits [Y 99.9900 dB    U 99.9900 dB    V 99.9900 dB] [ET 24.95 ] [L0 ] [L1 ]
*** TRAIL_R numBytesInNALunit: 1501481
POC  163 TId: 0 ( I-SLICE, QP 26 )   12011848 bits [Y 99.9900 dB    U 99.9900 dB    V 99.9900 dB] [ET 25.61 ] [L0 ] [L1 ]
*** TRAIL_R numBytesInNALunit: 1502035
POC  164 TId: 0 ( I-SLICE, QP 26 )   12016280 bits [Y 99.9900 dB    U 99.9900 dB    V 99.9900 dB] [ET 25.64 ] [L0 ] [L1 ]
*** TRAIL_R numBytesInNALunit: 1498408
POC  165 TId: 0 ( I-SLICE, QP 26 )   11987264 bits [Y 99.9900 dB    U 99.9900 dB    V 99.9900 dB] [ET 25.08 ] [L0 ] [L1 ]
*** TRAIL_R numBytesInNALunit: 1496628
POC  166 TId: 0 ( I-SLICE, QP 26 )   11973024 bits [Y 99.9900 dB    U 99.9900 dB    V 99.9900 dB] [ET 24.98 ] [L0 ] [L1 ]
*** TRAIL_R numBytesInNALunit: 1497874
POC  167 TId: 0 ( I-SLICE, QP 26 )   11982992 bits [Y 99.9900 dB    U 99.9900 dB    V 99.9900 dB] [ET 25.08 ] [L0 ] [L1 ]
*** TRAIL_R numBytesInNALunit: 1500406
POC  168 TId: 0 ( I-SLICE, QP 26 )   12003248 bits [Y 99.9900 dB    U 99.9900 dB    V 99.9900 dB] [ET 25.03 ] [L0 ] [L1 ]
*** TRAIL_R numBytesInNALunit: 1497859
POC  169 TId: 0 ( I-SLICE, QP 26 )   11982872 bits [Y 99.9900 dB    U 99.9900 dB    V 99.9900 dB] [ET 25.08 ] [L0 ] [L1 ]
*** TRAIL_R numBytesInNALunit: 1497310
POC  170 TId: 0 ( I-SLICE, QP 26 )   11978480 bits [Y 99.9900 dB    U 99.9900 dB    V 99.9900 dB] [ET 25.12 ] [L0 ] [L1 ]
*** TRAIL_R numBytesInNALunit: 1497925
POC  171 TId: 0 ( I-SLICE, QP 26 )   11983400 bits [Y 99.9900 dB    U 99.9900 dB    V 99.9900 dB] [ET 25.47 ] [L0 ] [L1 ]
*** TRAIL_R numBytesInNALunit: 1495399
POC  172 TId: 0 ( I-SLICE, QP 26 )   11963192 bits [Y 99.9900 dB    U 99.9900 dB    V 99.9900 dB] [ET 25.28 ] [L0 ] [L1 ]
*** TRAIL_R numBytesInNALunit: 1492876
POC  173 TId: 0 ( I-SLICE, QP 26 )   11943008 bits [Y 99.9900 dB    U 99.9900 dB    V 99.9900 dB] [ET 25.50 ] [L0 ] [L1 ]
*** TRAIL_R numBytesInNALunit: 1492239
POC  174 TId: 0 ( I-SLICE, QP 26 )   11937912 bits [Y 99.9900 dB    U 99.9900 dB    V 99.9900 dB] [ET 25.41 ] [L0 ] [L1 ]
*** TRAIL_R numBytesInNALunit: 1495156
POC  175 TId: 0 ( I-SLICE, QP 26 )   11961248 bits [Y 99.9900 dB    U 99.9900 dB    V 99.9900 dB] [ET 25.05 ] [L0 ] [L1 ]
*** TRAIL_R numBytesInNALunit: 1494821
POC  176 TId: 0 ( I-SLICE, QP 26 )   11958568 bits [Y 99.9900 dB    U 99.9900 dB    V 99.9900 dB] [ET 25.19 ] [L0 ] [L1 ]
*** TRAIL_R numBytesInNALunit: 1494244
POC  177 TId: 0 ( I-SLICE, QP 26 )   11953952 bits [Y 99.9900 dB    U 99.9900 dB    V 99.9900 dB] [ET 25.67 ] [L0 ] [L1 ]
*** TRAIL_R numBytesInNALunit: 1491369
POC  178 TId: 0 ( I-SLICE, QP 26 )   11930952 bits [Y 99.9900 dB    U 99.9900 dB    V 99.9900 dB] [ET 25.25 ] [L0 ] [L1 ]
*** TRAIL_R numBytesInNALunit: 1491965
POC  179 TId: 0 ( I-SLICE, QP 26 )   11935720 bits [Y 99.9900 dB    U 99.9900 dB    V 99.9900 dB] [ET 25.23 ] [L0 ] [L1 ]
*** TRAIL_R numBytesInNALunit: 1491609
POC  180 TId: 0 ( I-SLICE, QP 26 )   11932872 bits [Y 99.9900 dB    U 99.9900 dB    V 99.9900 dB] [ET 25.23 ] [L0 ] [L1 ]
*** TRAIL_R numBytesInNALunit: 1493017
POC  181 TId: 0 ( I-SLICE, QP 26 )   11944136 bits [Y 99.9900 dB    U 99.9900 dB    V 99.9900 dB] [ET 25.09 ] [L0 ] [L1 ]
*** TRAIL_R numBytesInNALunit: 1492781
POC  182 TId: 0 ( I-SLICE, QP 26 )   11942248 bits [Y 99.9900 dB    U 99.9900 dB    V 99.9900 dB] [ET 25.31 ] [L0 ] [L1 ]
*** TRAIL_R numBytesInNALunit: 1492430
POC  183 TId: 0 ( I-SLICE, QP 26 )   11939440 bits [Y 99.9900 dB    U 99.9900 dB    V 99.9900 dB] [ET 25.16 ] [L0 ] [L1 ]
*** TRAIL_R numBytesInNALunit: 1491734
POC  184 TId: 0 ( I-SLICE, QP 26 )   11933872 bits [Y 99.9900 dB    U 99.9900 dB    V 99.9900 dB] [ET 25.31 ] [L0 ] [L1 ]
*** TRAIL_R numBytesInNALunit: 1491567
POC  185 TId: 0 ( I-SLICE, QP 26 )   11932536 bits [Y 99.9900 dB    U 99.9900 dB    V 99.9900 dB] [ET 25.00 ] [L0 ] [L1 ]
*** TRAIL_R numBytesInNALunit: 1490183
POC  186 TId: 0 ( I-SLICE, QP 26 )   11921464 bits [Y 99.9900 dB    U 99.9900 dB    V 99.9900 dB] [ET 25.30 ] [L0 ] [L1 ]
*** TRAIL_R numBytesInNALunit: 1491421
POC  187 TId: 0 ( I-SLICE, QP 26 )   11931368 bits [Y 99.9900 dB    U 99.9900 dB    V 99.9900 dB] [ET 24.98 ] [L0 ] [L1 ]
*** TRAIL_R numBytesInNALunit: 1493757
POC  188 TId: 0 ( I-SLICE, QP 26 )   11950056 bits [Y 99.9900 dB    U 99.9900 dB    V 99.9900 dB] [ET 25.47 ] [L0 ] [L1 ]
*** TRAIL_R numBytesInNALunit: 1492575
POC  189 TId: 0 ( I-SLICE, QP 26 )   11940600 bits [Y 99.9900 dB    U 99.9900 dB    V 99.9900 dB] [ET 25.20 ] [L0 ] [L1 ]
*** TRAIL_R numBytesInNALunit: 1489000
POC  190 TId: 0 ( I-SLICE, QP 26 )   11912000 bits [Y 99.9900 dB    U 99.9900 dB    V 99.9900 dB] [ET 25.45 ] [L0 ] [L1 ]
*** TRAIL_R numBytesInNALunit: 1491014
POC  191 TId: 0 ( I-SLICE, QP 26 )   11928112 bits [Y 99.9900 dB    U 99.9900 dB    V 99.9900 dB] [ET 51.23 ] [L0 ] [L1 ]
*** TRAIL_R numBytesInNALunit: 1491158
POC  192 TId: 0 ( I-SLICE, QP 26 )   11929264 bits [Y 99.9900 dB    U 99.9900 dB    V 99.9900 dB] [ET 59.31 ] [L0 ] [L1 ]
*** TRAIL_R numBytesInNALunit: 1489369
POC  193 TId: 0 ( I-SLICE, QP 26 )   11914952 bits [Y 99.9900 dB    U 99.9900 dB    V 99.9900 dB] [ET 58.98 ] [L0 ] [L1 ]
*** TRAIL_R numBytesInNALunit: 1489690
POC  194 TId: 0 ( I-SLICE, QP 26 )   11917520 bits [Y 99.9900 dB    U 99.9900 dB    V 99.9900 dB] [ET 59.27 ] [L0 ] [L1 ]
*** TRAIL_R numBytesInNALunit: 1486635
POC  195 TId: 0 ( I-SLICE, QP 26 )   11893080 bits [Y 99.9900 dB    U 99.9900 dB    V 99.9900 dB] [ET 59.75 ] [L0 ] [L1 ]
*** TRAIL_R numBytesInNALunit: 1486272
POC  196 TId: 0 ( I-SLICE, QP 26 )   11890176 bits [Y 99.9900 dB    U 99.9900 dB    V 99.9900 dB] [ET 59.61 ] [L0 ] [L1 ]
*** TRAIL_R numBytesInNALunit: 1487810
POC  197 TId: 0 ( I-SLICE, QP 26 )   11902480 bits [Y 99.9900 dB    U 99.9900 dB    V 99.9900 dB] [ET 60.47 ] [L0 ] [L1 ]
*** TRAIL_R numBytesInNALunit: 1488048
POC  198 TId: 0 ( I-SLICE, QP 26 )   11904384 bits [Y 99.9900 dB    U 99.9900 dB    V 99.9900 dB] [ET 59.20 ] [L0 ] [L1 ]
*** TRAIL_R numBytesInNALunit: 1485917
POC  199 TId: 0 ( I-SLICE, QP 26 )   11887336 bits [Y 99.9900 dB    U 99.9900 dB    V 99.9900 dB] [ET 59.38 ] [L0 ] [L1 ]
*** TRAIL_R numBytesInNALunit: 1484176
POC  200 TId: 0 ( I-SLICE, QP 26 )   11873408 bits [Y 99.9900 dB    U 99.9900 dB    V 99.9900 dB] [ET 59.58 ] [L0 ] [L1 ]
*** TRAIL_R numBytesInNALunit: 1486100
POC  201 TId: 0 ( I-SLICE, QP 26 )   11888800 bits [Y 99.9900 dB    U 99.9900 dB    V 99.9900 dB] [ET 59.00 ] [L0 ] [L1 ]
*** TRAIL_R numBytesInNALunit: 1483889
POC  202 TId: 0 ( I-SLICE, QP 26 )   11871112 bits [Y 99.9900 dB    U 99.9900 dB    V 99.9900 dB] [ET 58.70 ] [L0 ] [L1 ]
*** TRAIL_R numBytesInNALunit: 1483647
POC  203 TId: 0 ( I-SLICE, QP 26 )   11869176 bits [Y 99.9900 dB    U 99.9900 dB    V 99.9900 dB] [ET 59.11 ] [L0 ] [L1 ]
*** TRAIL_R numBytesInNALunit: 1484192
POC  204 TId: 0 ( I-SLICE, QP 26 )   11873536 bits [Y 99.9900 dB    U 99.9900 dB    V 99.9900 dB] [ET 59.28 ] [L0 ] [L1 ]
*** TRAIL_R numBytesInNALunit: 1483776
POC  205 TId: 0 ( I-SLICE, QP 26 )   11870208 bits [Y 99.9900 dB    U 99.9900 dB    V 99.9900 dB] [ET 59.53 ] [L0 ] [L1 ]
*** TRAIL_R numBytesInNALunit: 1485101
POC  206 TId: 0 ( I-SLICE, QP 26 )   11880808 bits [Y 99.9900 dB    U 99.9900 dB    V 99.9900 dB] [ET 59.50 ] [L0 ] [L1 ]
*** TRAIL_R numBytesInNALunit: 1486471
POC  207 TId: 0 ( I-SLICE, QP 26 )   11891768 bits [Y 99.9900 dB    U 99.9900 dB    V 99.9900 dB] [ET 38.08 ] [L0 ] [L1 ]
*** TRAIL_R numBytesInNALunit: 1489108
POC  208 TId: 0 ( I-SLICE, QP 26 )   11912864 bits [Y 99.9900 dB    U 99.9900 dB    V 99.9900 dB] [ET 25.17 ] [L0 ] [L1 ]
*** TRAIL_R numBytesInNALunit: 1485354
POC  209 TId: 0 ( I-SLICE, QP 26 )   11882832 bits [Y 99.9900 dB    U 99.9900 dB    V 99.9900 dB] [ET 25.31 ] [L0 ] [L1 ]
*** TRAIL_R numBytesInNALunit: 1485656
POC  210 TId: 0 ( I-SLICE, QP 26 )   11885248 bits [Y 99.9900 dB    U 99.9900 dB    V 99.9900 dB] [ET 25.09 ] [L0 ] [L1 ]
*** TRAIL_R numBytesInNALunit: 1487896
POC  211 TId: 0 ( I-SLICE, QP 26 )   11903168 bits [Y 99.9900 dB    U 99.9900 dB    V 99.9900 dB] [ET 25.20 ] [L0 ] [L1 ]
*** TRAIL_R numBytesInNALunit: 1490291
POC  212 TId: 0 ( I-SLICE, QP 26 )   11922328 bits [Y 99.9900 dB    U 99.9900 dB    V 99.9900 dB] [ET 25.16 ] [L0 ] [L1 ]
*** TRAIL_R numBytesInNALunit: 1490438
POC  213 TId: 0 ( I-SLICE, QP 26 )   11923504 bits [Y 99.9900 dB    U 99.9900 dB    V 99.9900 dB] [ET 24.83 ] [L0 ] [L1 ]
*** TRAIL_R numBytesInNALunit: 1488629
POC  214 TId: 0 ( I-SLICE, QP 26 )   11909032 bits [Y 99.9900 dB    U 99.9900 dB    V 99.9900 dB] [ET 24.83 ] [L0 ] [L1 ]
*** TRAIL_R numBytesInNALunit: 1487519
POC  215 TId: 0 ( I-SLICE, QP 26 )   11900152 bits [Y 99.9900 dB    U 99.9900 dB    V 99.9900 dB] [ET 25.41 ] [L0 ] [L1 ]
*** TRAIL_R numBytesInNALunit: 1489850
POC  216 TId: 0 ( I-SLICE, QP 26 )   11918800 bits [Y 99.9900 dB    U 99.9900 dB    V 99.9900 dB] [ET 25.33 ] [L0 ] [L1 ]
*** TRAIL_R numBytesInNALunit: 1494511
POC  217 TId: 0 ( I-SLICE, QP 26 )   11956088 bits [Y 99.9900 dB    U 99.9900 dB    V 99.9900 dB] [ET 25.50 ] [L0 ] [L1 ]
*** TRAIL_R numBytesInNALunit: 1493686
POC  218 TId: 0 ( I-SLICE, QP 26 )   11949488 bits [Y 99.9900 dB    U 99.9900 dB    V 99.9900 dB] [ET 25.00 ] [L0 ] [L1 ]
*** TRAIL_R numBytesInNALunit: 1493610
POC  219 TId: 0 ( I-SLICE, QP 26 )   11948880 bits [Y 99.9900 dB    U 99.9900 dB    V 99.9900 dB] [ET 25.67 ] [L0 ] [L1 ]
*** TRAIL_R numBytesInNALunit: 1489243
POC  220 TId: 0 ( I-SLICE, QP 26 )   11913944 bits [Y 99.9900 dB    U 99.9900 dB    V 99.9900 dB] [ET 25.53 ] [L0 ] [L1 ]
*** TRAIL_R numBytesInNALunit: 1492435
POC  221 TId: 0 ( I-SLICE, QP 26 )   11939480 bits [Y 99.9900 dB    U 99.9900 dB    V 99.9900 dB] [ET 25.16 ] [L0 ] [L1 ]
*** TRAIL_R numBytesInNALunit: 1493199
POC  222 TId: 0 ( I-SLICE, QP 26 )   11945592 bits [Y 99.9900 dB    U 99.9900 dB    V 99.9900 dB] [ET 24.98 ] [L0 ] [L1 ]
*** TRAIL_R numBytesInNALunit: 1493798
POC  223 TId: 0 ( I-SLICE, QP 26 )   11950384 bits [Y 99.9900 dB    U 99.9900 dB    V 99.9900 dB] [ET 24.95 ] [L0 ] [L1 ]
*** TRAIL_R numBytesInNALunit: 1493981
POC  224 TId: 0 ( I-SLICE, QP 26 )   11951848 bits [Y 99.9900 dB    U 99.9900 dB    V 99.9900 dB] [ET 25.20 ] [L0 ] [L1 ]
*** TRAIL_R numBytesInNALunit: 1493958
POC  225 TId: 0 ( I-SLICE, QP 26 )   11951664 bits [Y 99.9900 dB    U 99.9900 dB    V 99.9900 dB] [ET 25.39 ] [L0 ] [L1 ]
*** TRAIL_R numBytesInNALunit: 1494122
POC  226 TId: 0 ( I-SLICE, QP 26 )   11952976 bits [Y 99.9900 dB    U 99.9900 dB    V 99.9900 dB] [ET 25.31 ] [L0 ] [L1 ]
*** TRAIL_R numBytesInNALunit: 1496136
POC  227 TId: 0 ( I-SLICE, QP 26 )   11969088 bits [Y 99.9900 dB    U 99.9900 dB    V 99.9900 dB] [ET 25.23 ] [L0 ] [L1 ]
*** TRAIL_R numBytesInNALunit: 1494709
POC  228 TId: 0 ( I-SLICE, QP 26 )   11957672 bits [Y 99.9900 dB    U 99.9900 dB    V 99.9900 dB] [ET 25.12 ] [L0 ] [L1 ]
*** TRAIL_R numBytesInNALunit: 1493868
POC  229 TId: 0 ( I-SLICE, QP 26 )   11950944 bits [Y 99.9900 dB    U 99.9900 dB    V 99.9900 dB] [ET 25.77 ] [L0 ] [L1 ]
*** TRAIL_R numBytesInNALunit: 1494797
POC  230 TId: 0 ( I-SLICE, QP 26 )   11958376 bits [Y 99.9900 dB    U 99.9900 dB    V 99.9900 dB] [ET 25.23 ] [L0 ] [L1 ]
*** TRAIL_R numBytesInNALunit: 1498755
POC  231 TId: 0 ( I-SLICE, QP 26 )   11990040 bits [Y 99.9900 dB    U 99.9900 dB    V 99.9900 dB] [ET 25.48 ] [L0 ] [L1 ]
*** TRAIL_R numBytesInNALunit: 1496011
POC  232 TId: 0 ( I-SLICE, QP 26 )   11968088 bits [Y 99.9900 dB    U 99.9900 dB    V 99.9900 dB] [ET 25.44 ] [L0 ] [L1 ]
*** TRAIL_R numBytesInNALunit: 1500195
POC  233 TId: 0 ( I-SLICE, QP 26 )   12001560 bits [Y 99.9900 dB    U 99.9900 dB    V 99.9900 dB] [ET 25.12 ] [L0 ] [L1 ]
*** TRAIL_R numBytesInNALunit: 1498389
POC  234 TId: 0 ( I-SLICE, QP 26 )   11987112 bits [Y 99.9900 dB    U 99.9900 dB    V 99.9900 dB] [ET 25.09 ] [L0 ] [L1 ]
*** TRAIL_R numBytesInNALunit: 1502386
POC  235 TId: 0 ( I-SLICE, QP 26 )   12019088 bits [Y 99.9900 dB    U 99.9900 dB    V 99.9900 dB] [ET 25.08 ] [L0 ] [L1 ]
*** TRAIL_R numBytesInNALunit: 1499172
POC  236 TId: 0 ( I-SLICE, QP 26 )   11993376 bits [Y 99.9900 dB    U 99.9900 dB    V 99.9900 dB] [ET 25.48 ] [L0 ] [L1 ]
*** TRAIL_R numBytesInNALunit: 1505782
POC  237 TId: 0 ( I-SLICE, QP 26 )   12046256 bits [Y 99.9900 dB    U 99.9900 dB    V 99.9900 dB] [ET 25.39 ] [L0 ] [L1 ]
*** TRAIL_R numBytesInNALunit: 1501260
POC  238 TId: 0 ( I-SLICE, QP 26 )   12010080 bits [Y 99.9900 dB    U 99.9900 dB    V 99.9900 dB] [ET 24.89 ] [L0 ] [L1 ]
*** TRAIL_R numBytesInNALunit: 1505044
POC  239 TId: 0 ( I-SLICE, QP 26 )   12040352 bits [Y 99.9900 dB    U 99.9900 dB    V 99.9900 dB] [ET 25.47 ] [L0 ] [L1 ]
*** TRAIL_R numBytesInNALunit: 1502681
POC  240 TId: 0 ( I-SLICE, QP 26 )   12021448 bits [Y 99.9900 dB    U 99.9900 dB    V 99.9900 dB] [ET 25.33 ] [L0 ] [L1 ]
*** TRAIL_R numBytesInNALunit: 1507565
POC  241 TId: 0 ( I-SLICE, QP 26 )   12060520 bits [Y 99.9900 dB    U 99.9900 dB    V 99.9900 dB] [ET 25.39 ] [L0 ] [L1 ]
*** TRAIL_R numBytesInNALunit: 1509316
POC  242 TId: 0 ( I-SLICE, QP 26 )   12074528 bits [Y 99.9900 dB    U 99.9900 dB    V 99.9900 dB] [ET 25.30 ] [L0 ] [L1 ]
*** TRAIL_R numBytesInNALunit: 1507605
POC  243 TId: 0 ( I-SLICE, QP 26 )   12060840 bits [Y 99.9900 dB    U 99.9900 dB    V 99.9900 dB] [ET 25.12 ] [L0 ] [L1 ]
*** TRAIL_R numBytesInNALunit: 1507871
POC  244 TId: 0 ( I-SLICE, QP 26 )   12062968 bits [Y 99.9900 dB    U 99.9900 dB    V 99.9900 dB] [ET 25.62 ] [L0 ] [L1 ]
*** TRAIL_R numBytesInNALunit: 1510994
POC  245 TId: 0 ( I-SLICE, QP 26 )   12087952 bits [Y 99.9900 dB    U 99.9900 dB    V 99.9900 dB] [ET 25.42 ] [L0 ] [L1 ]
*** TRAIL_R numBytesInNALunit: 1512147
POC  246 TId: 0 ( I-SLICE, QP 26 )   12097176 bits [Y 99.9900 dB    U 99.9900 dB    V 99.9900 dB] [ET 25.44 ] [L0 ] [L1 ]
*** TRAIL_R numBytesInNALunit: 1515292
POC  247 TId: 0 ( I-SLICE, QP 26 )   12122336 bits [Y 99.9900 dB    U 99.9900 dB    V 99.9900 dB] [ET 25.33 ] [L0 ] [L1 ]
*** TRAIL_R numBytesInNALunit: 1514680
POC  248 TId: 0 ( I-SLICE, QP 26 )   12117440 bits [Y 99.9900 dB    U 99.9900 dB    V 99.9900 dB] [ET 25.28 ] [L0 ] [L1 ]
*** TRAIL_R numBytesInNALunit: 1519170
POC  249 TId: 0 ( I-SLICE, QP 26 )   12153360 bits [Y 99.9900 dB    U 99.9900 dB    V 99.9900 dB] [ET 25.77 ] [L0 ] [L1 ]
*** TRAIL_R numBytesInNALunit: 1518149
POC  250 TId: 0 ( I-SLICE, QP 26 )   12145192 bits [Y 99.9900 dB    U 99.9900 dB    V 99.9900 dB] [ET 25.17 ] [L0 ] [L1 ]
*** TRAIL_R numBytesInNALunit: 1519361
POC  251 TId: 0 ( I-SLICE, QP 26 )   12154888 bits [Y 99.9900 dB    U 99.9900 dB    V 99.9900 dB] [ET 25.47 ] [L0 ] [L1 ]
*** TRAIL_R numBytesInNALunit: 1522257
POC  252 TId: 0 ( I-SLICE, QP 26 )   12178056 bits [Y 99.9900 dB    U 99.9900 dB    V 99.9900 dB] [ET 25.31 ] [L0 ] [L1 ]
*** TRAIL_R numBytesInNALunit: 1520815
POC  253 TId: 0 ( I-SLICE, QP 26 )   12166520 bits [Y 99.9900 dB    U 99.9900 dB    V 99.9900 dB] [ET 25.81 ] [L0 ] [L1 ]
*** TRAIL_R numBytesInNALunit: 1524709
POC  254 TId: 0 ( I-SLICE, QP 26 )   12197672 bits [Y 99.9900 dB    U 99.9900 dB    V 99.9900 dB] [ET 25.59 ] [L0 ] [L1 ]
*** TRAIL_R numBytesInNALunit: 1525308
POC  255 TId: 0 ( I-SLICE, QP 26 )   12202464 bits [Y 99.9900 dB    U 99.9900 dB    V 99.9900 dB] [ET 25.59 ] [L0 ] [L1 ]
*** TRAIL_R numBytesInNALunit: 1524307
POC  256 TId: 0 ( I-SLICE, QP 26 )   12194456 bits [Y 99.9900 dB    U 99.9900 dB    V 99.9900 dB] [ET 25.78 ] [L0 ] [L1 ]
*** TRAIL_R numBytesInNALunit: 1523199
POC  257 TId: 0 ( I-SLICE, QP 26 )   12185592 bits [Y 99.9900 dB    U 99.9900 dB    V 99.9900 dB] [ET 25.70 ] [L0 ] [L1 ]
*** TRAIL_R numBytesInNALunit: 1526647
POC  258 TId: 0 ( I-SLICE, QP 26 )   12213176 bits [Y 99.9900 dB    U 99.9900 dB    V 99.9900 dB] [ET 25.34 ] [L0 ] [L1 ]
*** TRAIL_R numBytesInNALunit: 1529799
POC  259 TId: 0 ( I-SLICE, QP 26 )   12238392 bits [Y 99.9900 dB    U 99.9900 dB    V 99.9900 dB] [ET 25.47 ] [L0 ] [L1 ]
*** TRAIL_R numBytesInNALunit: 1529726
POC  260 TId: 0 ( I-SLICE, QP 26 )   12237808 bits [Y 99.9900 dB    U 99.9900 dB    V 99.9900 dB] [ET 25.17 ] [L0 ] [L1 ]
*** TRAIL_R numBytesInNALunit: 1530086
POC  261 TId: 0 ( I-SLICE, QP 26 )   12240688 bits [Y 99.9900 dB    U 99.9900 dB    V 99.9900 dB] [ET 25.27 ] [L0 ] [L1 ]
*** TRAIL_R numBytesInNALunit: 1530358
POC  262 TId: 0 ( I-SLICE, QP 26 )   12242864 bits [Y 99.9900 dB    U 99.9900 dB    V 99.9900 dB] [ET 25.33 ] [L0 ] [L1 ]
*** TRAIL_R numBytesInNALunit: 1535446
POC  263 TId: 0 ( I-SLICE, QP 26 )   12283568 bits [Y 99.9900 dB    U 99.9900 dB    V 99.9900 dB] [ET 25.56 ] [L0 ] [L1 ]
*** TRAIL_R numBytesInNALunit: 1537550
POC  264 TId: 0 ( I-SLICE, QP 26 )   12300400 bits [Y 99.9900 dB    U 99.9900 dB    V 99.9900 dB] [ET 25.33 ] [L0 ] [L1 ]
*** TRAIL_R numBytesInNALunit: 1534571
POC  265 TId: 0 ( I-SLICE, QP 26 )   12276568 bits [Y 99.9900 dB    U 99.9900 dB    V 99.9900 dB] [ET 25.16 ] [L0 ] [L1 ]
*** TRAIL_R numBytesInNALunit: 1537140
POC  266 TId: 0 ( I-SLICE, QP 26 )   12297120 bits [Y 99.9900 dB    U 99.9900 dB    V 99.9900 dB] [ET 25.52 ] [L0 ] [L1 ]
*** TRAIL_R numBytesInNALunit: 1540839
POC  267 TId: 0 ( I-SLICE, QP 26 )   12326712 bits [Y 99.9900 dB    U 99.9900 dB    V 99.9900 dB] [ET 25.02 ] [L0 ] [L1 ]
*** TRAIL_R numBytesInNALunit: 1536544
POC  268 TId: 0 ( I-SLICE, QP 26 )   12292352 bits [Y 99.9900 dB    U 99.9900 dB    V 99.9900 dB] [ET 25.20 ] [L0 ] [L1 ]
*** TRAIL_R numBytesInNALunit: 1539658
POC  269 TId: 0 ( I-SLICE, QP 26 )   12317264 bits [Y 99.9900 dB    U 99.9900 dB    V 99.9900 dB] [ET 25.73 ] [L0 ] [L1 ]
*** TRAIL_R numBytesInNALunit: 1537975
POC  270 TId: 0 ( I-SLICE, QP 26 )   12303800 bits [Y 99.9900 dB    U 99.9900 dB    V 99.9900 dB] [ET 25.50 ] [L0 ] [L1 ]
*** TRAIL_R numBytesInNALunit: 1542944
POC  271 TId: 0 ( I-SLICE, QP 26 )   12343552 bits [Y 99.9900 dB    U 99.9900 dB    V 99.9900 dB] [ET 25.20 ] [L0 ] [L1 ]
*** TRAIL_R numBytesInNALunit: 1544764
POC  272 TId: 0 ( I-SLICE, QP 26 )   12358112 bits [Y 99.9900 dB    U 99.9900 dB    V 99.9900 dB] [ET 25.39 ] [L0 ] [L1 ]
*** TRAIL_R numBytesInNALunit: 1543495
POC  273 TId: 0 ( I-SLICE, QP 26 )   12347960 bits [Y 99.9900 dB    U 99.9900 dB    V 99.9900 dB] [ET 25.53 ] [L0 ] [L1 ]
*** TRAIL_R numBytesInNALunit: 1550229
POC  274 TId: 0 ( I-SLICE, QP 26 )   12401832 bits [Y 99.9900 dB    U 99.9900 dB    V 99.9900 dB] [ET 25.33 ] [L0 ] [L1 ]
*** TRAIL_R numBytesInNALunit: 1545054
POC  275 TId: 0 ( I-SLICE, QP 26 )   12360432 bits [Y 99.9900 dB    U 99.9900 dB    V 99.9900 dB] [ET 25.67 ] [L0 ] [L1 ]
*** TRAIL_R numBytesInNALunit: 1547798
POC  276 TId: 0 ( I-SLICE, QP 26 )   12382384 bits [Y 99.9900 dB    U 99.9900 dB    V 99.9900 dB] [ET 25.70 ] [L0 ] [L1 ]
*** TRAIL_R numBytesInNALunit: 1545427
POC  277 TId: 0 ( I-SLICE, QP 26 )   12363416 bits [Y 99.9900 dB    U 99.9900 dB    V 99.9900 dB] [ET 25.64 ] [L0 ] [L1 ]
*** TRAIL_R numBytesInNALunit: 1550814
POC  278 TId: 0 ( I-SLICE, QP 26 )   12406512 bits [Y 99.9900 dB    U 99.9900 dB    V 99.9900 dB] [ET 25.30 ] [L0 ] [L1 ]
*** TRAIL_R numBytesInNALunit: 1550531
POC  279 TId: 0 ( I-SLICE, QP 26 )   12404248 bits [Y 99.9900 dB    U 99.9900 dB    V 99.9900 dB] [ET 25.22 ] [L0 ] [L1 ]
*** TRAIL_R numBytesInNALunit: 1553262
POC  280 TId: 0 ( I-SLICE, QP 26 )   12426096 bits [Y 99.9900 dB    U 99.9900 dB    V 99.9900 dB] [ET 25.78 ] [L0 ] [L1 ]
*** TRAIL_R numBytesInNALunit: 1551065
POC  281 TId: 0 ( I-SLICE, QP 26 )   12408520 bits [Y 99.9900 dB    U 99.9900 dB    V 99.9900 dB] [ET 25.81 ] [L0 ] [L1 ]
*** TRAIL_R numBytesInNALunit: 1553338
POC  282 TId: 0 ( I-SLICE, QP 26 )   12426704 bits [Y 99.9900 dB    U 99.9900 dB    V 99.9900 dB] [ET 25.36 ] [L0 ] [L1 ]
*** TRAIL_R numBytesInNALunit: 1552686
POC  283 TId: 0 ( I-SLICE, QP 26 )   12421488 bits [Y 99.9900 dB    U 99.9900 dB    V 99.9900 dB] [ET 25.31 ] [L0 ] [L1 ]
*** TRAIL_R numBytesInNALunit: 1555113
POC  284 TId: 0 ( I-SLICE, QP 26 )   12440904 bits [Y 99.9900 dB    U 99.9900 dB    V 99.9900 dB] [ET 25.58 ] [L0 ] [L1 ]
*** TRAIL_R numBytesInNALunit: 1558247
POC  285 TId: 0 ( I-SLICE, QP 26 )   12465976 bits [Y 99.9900 dB    U 99.9900 dB    V 99.9900 dB] [ET 25.42 ] [L0 ] [L1 ]
*** TRAIL_R numBytesInNALunit: 1555100
POC  286 TId: 0 ( I-SLICE, QP 26 )   12440800 bits [Y 99.9900 dB    U 99.9900 dB    V 99.9900 dB] [ET 25.41 ] [L0 ] [L1 ]
*** TRAIL_R numBytesInNALunit: 1564666
POC  287 TId: 0 ( I-SLICE, QP 26 )   12517328 bits [Y 99.9900 dB    U 99.9900 dB    V 99.9900 dB] [ET 25.64 ] [L0 ] [L1 ]
*** TRAIL_R numBytesInNALunit: 1563754
POC  288 TId: 0 ( I-SLICE, QP 26 )   12510032 bits [Y 99.9900 dB    U 99.9900 dB    V 99.9900 dB] [ET 26.00 ] [L0 ] [L1 ]
*** TRAIL_R numBytesInNALunit: 1562415
POC  289 TId: 0 ( I-SLICE, QP 26 )   12499320 bits [Y 99.9900 dB    U 99.9900 dB    V 99.9900 dB] [ET 25.38 ] [L0 ] [L1 ]
*** TRAIL_R numBytesInNALunit: 1562959
POC  290 TId: 0 ( I-SLICE, QP 26 )   12503672 bits [Y 99.9900 dB    U 99.9900 dB    V 99.9900 dB] [ET 25.33 ] [L0 ] [L1 ]
*** TRAIL_R numBytesInNALunit: 1562750
POC  291 TId: 0 ( I-SLICE, QP 26 )   12502000 bits [Y 99.9900 dB    U 99.9900 dB    V 99.9900 dB] [ET 25.31 ] [L0 ] [L1 ]
*** TRAIL_R numBytesInNALunit: 1565289
POC  292 TId: 0 ( I-SLICE, QP 26 )   12522312 bits [Y 99.9900 dB    U 99.9900 dB    V 99.9900 dB] [ET 25.23 ] [L0 ] [L1 ]
*** TRAIL_R numBytesInNALunit: 1569615
POC  293 TId: 0 ( I-SLICE, QP 26 )   12556920 bits [Y 99.9900 dB    U 99.9900 dB    V 99.9900 dB] [ET 25.62 ] [L0 ] [L1 ]
*** TRAIL_R numBytesInNALunit: 1568736
POC  294 TId: 0 ( I-SLICE, QP 26 )   12549888 bits [Y 99.9900 dB    U 99.9900 dB    V 99.9900 dB] [ET 25.86 ] [L0 ] [L1 ]
*** TRAIL_R numBytesInNALunit: 1569625
POC  295 TId: 0 ( I-SLICE, QP 26 )   12557000 bits [Y 99.9900 dB    U 99.9900 dB    V 99.9900 dB] [ET 25.83 ] [L0 ] [L1 ]
*** TRAIL_R numBytesInNALunit: 1573558
POC  296 TId: 0 ( I-SLICE, QP 26 )   12588464 bits [Y 99.9900 dB    U 99.9900 dB    V 99.9900 dB] [ET 25.72 ] [L0 ] [L1 ]
*** TRAIL_R numBytesInNALunit: 1581326
POC  297 TId: 0 ( I-SLICE, QP 26 )   12650608 bits [Y 99.9900 dB    U 99.9900 dB    V 99.9900 dB] [ET 25.41 ] [L0 ] [L1 ]
*** TRAIL_R numBytesInNALunit: 1578882
POC  298 TId: 0 ( I-SLICE, QP 26 )   12631056 bits [Y 99.9900 dB    U 99.9900 dB    V 99.9900 dB] [ET 25.41 ] [L0 ] [L1 ]
*** TRAIL_R numBytesInNALunit: 1581656
POC  299 TId: 0 ( I-SLICE, QP 26 )   12653248 bits [Y 99.9900 dB    U 99.9900 dB    V 99.9900 dB] [ET 25.47 ] [L0 ] [L1 ]
*** TRAIL_R numBytesInNALunit: 1583916
POC  300 TId: 0 ( I-SLICE, QP 26 )   12671328 bits [Y 99.9900 dB    U 99.9900 dB    V 99.9900 dB] [ET 25.52 ] [L0 ] [L1 ]
*** TRAIL_R numBytesInNALunit: 1585538
POC  301 TId: 0 ( I-SLICE, QP 26 )   12684304 bits [Y 99.9900 dB    U 99.9900 dB    V 99.9900 dB] [ET 25.44 ] [L0 ] [L1 ]
*** TRAIL_R numBytesInNALunit: 1587319
POC  302 TId: 0 ( I-SLICE, QP 26 )   12698552 bits [Y 99.9900 dB    U 99.9900 dB    V 99.9900 dB] [ET 25.19 ] [L0 ] [L1 ]
*** TRAIL_R numBytesInNALunit: 1588645
POC  303 TId: 0 ( I-SLICE, QP 26 )   12709160 bits [Y 99.9900 dB    U 99.9900 dB    V 99.9900 dB] [ET 25.59 ] [L0 ] [L1 ]
*** TRAIL_R numBytesInNALunit: 1592724
POC  304 TId: 0 ( I-SLICE, QP 26 )   12741792 bits [Y 99.9900 dB    U 99.9900 dB    V 99.9900 dB] [ET 25.45 ] [L0 ] [L1 ]
*** TRAIL_R numBytesInNALunit: 1600378
POC  305 TId: 0 ( I-SLICE, QP 26 )   12803024 bits [Y 99.9900 dB    U 99.9900 dB    V 99.9900 dB] [ET 25.16 ] [L0 ] [L1 ]
*** TRAIL_R numBytesInNALunit: 1597597
POC  306 TId: 0 ( I-SLICE, QP 26 )   12780776 bits [Y 99.9900 dB    U 99.9900 dB    V 99.9900 dB] [ET 25.55 ] [L0 ] [L1 ]
*** TRAIL_R numBytesInNALunit: 1598131
POC  307 TId: 0 ( I-SLICE, QP 26 )   12785048 bits [Y 99.9900 dB    U 99.9900 dB    V 99.9900 dB] [ET 25.58 ] [L0 ] [L1 ]
*** TRAIL_R numBytesInNALunit: 1600323
POC  308 TId: 0 ( I-SLICE, QP 26 )   12802584 bits [Y 99.9900 dB    U 99.9900 dB    V 99.9900 dB] [ET 25.28 ] [L0 ] [L1 ]
*** TRAIL_R numBytesInNALunit: 1598762
POC  309 TId: 0 ( I-SLICE, QP 26 )   12790096 bits [Y 99.9900 dB    U 99.9900 dB    V 99.9900 dB] [ET 25.22 ] [L0 ] [L1 ]
*** TRAIL_R numBytesInNALunit: 1601298
POC  310 TId: 0 ( I-SLICE, QP 26 )   12810384 bits [Y 99.9900 dB    U 99.9900 dB    V 99.9900 dB] [ET 25.12 ] [L0 ] [L1 ]
*** TRAIL_R numBytesInNALunit: 1601960
POC  311 TId: 0 ( I-SLICE, QP 26 )   12815680 bits [Y 99.9900 dB    U 99.9900 dB    V 99.9900 dB] [ET 25.55 ] [L0 ] [L1 ]
*** TRAIL_R numBytesInNALunit: 1604258
POC  312 TId: 0 ( I-SLICE, QP 26 )   12834064 bits [Y 99.9900 dB    U 99.9900 dB    V 99.9900 dB] [ET 25.64 ] [L0 ] [L1 ]
*** TRAIL_R numBytesInNALunit: 1607811
POC  313 TId: 0 ( I-SLICE, QP 26 )   12862488 bits [Y 99.9900 dB    U 99.9900 dB    V 99.9900 dB] [ET 25.75 ] [L0 ] [L1 ]
*** TRAIL_R numBytesInNALunit: 1610795
POC  314 TId: 0 ( I-SLICE, QP 26 )   12886360 bits [Y 99.9900 dB    U 99.9900 dB    V 99.9900 dB] [ET 25.52 ] [L0 ] [L1 ]
*** TRAIL_R numBytesInNALunit: 1612608
POC  315 TId: 0 ( I-SLICE, QP 26 )   12900864 bits [Y 99.9900 dB    U 99.9900 dB    V 99.9900 dB] [ET 25.62 ] [L0 ] [L1 ]
*** TRAIL_R numBytesInNALunit: 1613884
POC  316 TId: 0 ( I-SLICE, QP 26 )   12911072 bits [Y 99.9900 dB    U 99.9900 dB    V 99.9900 dB] [ET 26.16 ] [L0 ] [L1 ]
*** TRAIL_R numBytesInNALunit: 1615864
POC  317 TId: 0 ( I-SLICE, QP 26 )   12926912 bits [Y 99.9900 dB    U 99.9900 dB    V 99.9900 dB] [ET 25.94 ] [L0 ] [L1 ]
*** TRAIL_R numBytesInNALunit: 1617201
POC  318 TId: 0 ( I-SLICE, QP 26 )   12937608 bits [Y 99.9900 dB    U 99.9900 dB    V 99.9900 dB] [ET 25.84 ] [L0 ] [L1 ]
*** TRAIL_R numBytesInNALunit: 1618939
POC  319 TId: 0 ( I-SLICE, QP 26 )   12951512 bits [Y 99.9900 dB    U 99.9900 dB    V 99.9900 dB] [ET 25.94 ] [L0 ] [L1 ]
*** TRAIL_R numBytesInNALunit: 1625509
POC  320 TId: 0 ( I-SLICE, QP 26 )   13004072 bits [Y 99.9900 dB    U 99.9900 dB    V 99.9900 dB] [ET 25.50 ] [L0 ] [L1 ]
*** TRAIL_R numBytesInNALunit: 1628702
POC  321 TId: 0 ( I-SLICE, QP 26 )   13029616 bits [Y 99.9900 dB    U 99.9900 dB    V 99.9900 dB] [ET 25.00 ] [L0 ] [L1 ]
*** TRAIL_R numBytesInNALunit: 1630547
POC  322 TId: 0 ( I-SLICE, QP 26 )   13044376 bits [Y 99.9900 dB    U 99.9900 dB    V 99.9900 dB] [ET 25.50 ] [L0 ] [L1 ]
*** TRAIL_R numBytesInNALunit: 1631533
POC  323 TId: 0 ( I-SLICE, QP 26 )   13052264 bits [Y 99.9900 dB    U 99.9900 dB    V 99.9900 dB] [ET 25.78 ] [L0 ] [L1 ]
*** TRAIL_R numBytesInNALunit: 1629960
POC  324 TId: 0 ( I-SLICE, QP 26 )   13039680 bits [Y 99.9900 dB    U 99.9900 dB    V 99.9900 dB] [ET 25.59 ] [L0 ] [L1 ]
*** TRAIL_R numBytesInNALunit: 1631646
POC  325 TId: 0 ( I-SLICE, QP 26 )   13053168 bits [Y 99.9900 dB    U 99.9900 dB    V 99.9900 dB] [ET 25.19 ] [L0 ] [L1 ]
*** TRAIL_R numBytesInNALunit: 1632083
POC  326 TId: 0 ( I-SLICE, QP 26 )   13056664 bits [Y 99.9900 dB    U 99.9900 dB    V 99.9900 dB] [ET 25.47 ] [L0 ] [L1 ]
*** TRAIL_R numBytesInNALunit: 1633407
POC  327 TId: 0 ( I-SLICE, QP 26 )   13067256 bits [Y 99.9900 dB    U 99.9900 dB    V 99.9900 dB] [ET 25.45 ] [L0 ] [L1 ]
*** TRAIL_R numBytesInNALunit: 1633688
POC  328 TId: 0 ( I-SLICE, QP 26 )   13069504 bits [Y 99.9900 dB    U 99.9900 dB    V 99.9900 dB] [ET 25.36 ] [L0 ] [L1 ]
*** TRAIL_R numBytesInNALunit: 1641176
POC  329 TId: 0 ( I-SLICE, QP 26 )   13129408 bits [Y 99.9900 dB    U 99.9900 dB    V 99.9900 dB] [ET 25.06 ] [L0 ] [L1 ]
*** TRAIL_R numBytesInNALunit: 1637522
POC  330 TId: 0 ( I-SLICE, QP 26 )   13100176 bits [Y 99.9900 dB    U 99.9900 dB    V 99.9900 dB] [ET 25.41 ] [L0 ] [L1 ]
*** TRAIL_R numBytesInNALunit: 1641091
POC  331 TId: 0 ( I-SLICE, QP 26 )   13128728 bits [Y 99.9900 dB    U 99.9900 dB    V 99.9900 dB] [ET 25.31 ] [L0 ] [L1 ]
*** TRAIL_R numBytesInNALunit: 1638438
POC  332 TId: 0 ( I-SLICE, QP 26 )   13107504 bits [Y 99.9900 dB    U 99.9900 dB    V 99.9900 dB] [ET 25.31 ] [L0 ] [L1 ]
*** TRAIL_R numBytesInNALunit: 1640490
POC  333 TId: 0 ( I-SLICE, QP 26 )   13123920 bits [Y 99.9900 dB    U 99.9900 dB    V 99.9900 dB] [ET 25.47 ] [L0 ] [L1 ]
*** TRAIL_R numBytesInNALunit: 1642728
POC  334 TId: 0 ( I-SLICE, QP 26 )   13141824 bits [Y 99.9900 dB    U 99.9900 dB    V 99.9900 dB] [ET 25.56 ] [L0 ] [L1 ]
*** TRAIL_R numBytesInNALunit: 1645524
POC  335 TId: 0 ( I-SLICE, QP 26 )   13164192 bits [Y 99.9900 dB    U 99.9900 dB    V 99.9900 dB] [ET 25.47 ] [L0 ] [L1 ]
*** TRAIL_R numBytesInNALunit: 1648616
POC  336 TId: 0 ( I-SLICE, QP 26 )   13188928 bits [Y 99.9900 dB    U 99.9900 dB    V 99.9900 dB] [ET 25.70 ] [L0 ] [L1 ]
*** TRAIL_R numBytesInNALunit: 1641584
POC  337 TId: 0 ( I-SLICE, QP 26 )   13132672 bits [Y 99.9900 dB    U 99.9900 dB    V 99.9900 dB] [ET 25.55 ] [L0 ] [L1 ]
*** TRAIL_R numBytesInNALunit: 1639993
POC  338 TId: 0 ( I-SLICE, QP 26 )   13119944 bits [Y 99.9900 dB    U 99.9900 dB    V 99.9900 dB] [ET 25.52 ] [L0 ] [L1 ]
*** TRAIL_R numBytesInNALunit: 1642367
POC  339 TId: 0 ( I-SLICE, QP 26 )   13138936 bits [Y 99.9900 dB    U 99.9900 dB    V 99.9900 dB] [ET 25.45 ] [L0 ] [L1 ]
*** TRAIL_R numBytesInNALunit: 1644346
POC  340 TId: 0 ( I-SLICE, QP 26 )   13154768 bits [Y 99.9900 dB    U 99.9900 dB    V 99.9900 dB] [ET 25.55 ] [L0 ] [L1 ]
*** TRAIL_R numBytesInNALunit: 1645452
POC  341 TId: 0 ( I-SLICE, QP 26 )   13163616 bits [Y 99.9900 dB    U 99.9900 dB    V 99.9900 dB] [ET 25.28 ] [L0 ] [L1 ]
*** TRAIL_R numBytesInNALunit: 1647239
POC  342 TId: 0 ( I-SLICE, QP 26 )   13177912 bits [Y 99.9900 dB    U 99.9900 dB    V 99.9900 dB] [ET 25.09 ] [L0 ] [L1 ]
*** TRAIL_R numBytesInNALunit: 1646992
POC  343 TId: 0 ( I-SLICE, QP 26 )   13175936 bits [Y 99.9900 dB    U 99.9900 dB    V 99.9900 dB] [ET 25.72 ] [L0 ] [L1 ]
*** TRAIL_R numBytesInNALunit: 1647304
POC  344 TId: 0 ( I-SLICE, QP 26 )   13178432 bits [Y 99.9900 dB    U 99.9900 dB    V 99.9900 dB] [ET 25.58 ] [L0 ] [L1 ]
*** TRAIL_R numBytesInNALunit: 1647829
POC  345 TId: 0 ( I-SLICE, QP 26 )   13182632 bits [Y 99.9900 dB    U 99.9900 dB    V 99.9900 dB] [ET 25.67 ] [L0 ] [L1 ]
*** TRAIL_R numBytesInNALunit: 1648663
POC  346 TId: 0 ( I-SLICE, QP 26 )   13189304 bits [Y 99.9900 dB    U 99.9900 dB    V 99.9900 dB] [ET 25.30 ] [L0 ] [L1 ]
*** TRAIL_R numBytesInNALunit: 1649567
POC  347 TId: 0 ( I-SLICE, QP 26 )   13196536 bits [Y 99.9900 dB    U 99.9900 dB    V 99.9900 dB] [ET 25.75 ] [L0 ] [L1 ]
*** TRAIL_R numBytesInNALunit: 1647195
POC  348 TId: 0 ( I-SLICE, QP 26 )   13177560 bits [Y 99.9900 dB    U 99.9900 dB    V 99.9900 dB] [ET 25.25 ] [L0 ] [L1 ]
*** TRAIL_R numBytesInNALunit: 1644969
POC  349 TId: 0 ( I-SLICE, QP 26 )   13159752 bits [Y 99.9900 dB    U 99.9900 dB    V 99.9900 dB] [ET 25.52 ] [L0 ] [L1 ]
*** TRAIL_R numBytesInNALunit: 1653137
POC  350 TId: 0 ( I-SLICE, QP 26 )   13225096 bits [Y 99.9900 dB    U 99.9900 dB    V 99.9900 dB] [ET 25.73 ] [L0 ] [L1 ]
*** TRAIL_R numBytesInNALunit: 1649490
POC  351 TId: 0 ( I-SLICE, QP 26 )   13195920 bits [Y 99.9900 dB    U 99.9900 dB    V 99.9900 dB] [ET 25.95 ] [L0 ] [L1 ]
*** TRAIL_R numBytesInNALunit: 1655335
POC  352 TId: 0 ( I-SLICE, QP 26 )   13242680 bits [Y 99.9900 dB    U 99.9900 dB    V 99.9900 dB] [ET 25.83 ] [L0 ] [L1 ]
*** TRAIL_R numBytesInNALunit: 1648283
POC  353 TId: 0 ( I-SLICE, QP 26 )   13186264 bits [Y 99.9900 dB    U 99.9900 dB    V 99.9900 dB] [ET 24.70 ] [L0 ] [L1 ]
*** TRAIL_R numBytesInNALunit: 1649809
POC  354 TId: 0 ( I-SLICE, QP 26 )   13198472 bits [Y 99.9900 dB    U 99.9900 dB    V 99.9900 dB] [ET 22.09 ] [L0 ] [L1 ]
*** TRAIL_R numBytesInNALunit: 1646816
POC  355 TId: 0 ( I-SLICE, QP 26 )   13174528 bits [Y 99.9900 dB    U 99.9900 dB    V 99.9900 dB] [ET 21.28 ] [L0 ] [L1 ]
*** TRAIL_R numBytesInNALunit: 1654461
POC  356 TId: 0 ( I-SLICE, QP 26 )   13235688 bits [Y 99.9900 dB    U 99.9900 dB    V 99.9900 dB] [ET 21.61 ] [L0 ] [L1 ]
*** TRAIL_R numBytesInNALunit: 1655886
POC  357 TId: 0 ( I-SLICE, QP 26 )   13247088 bits [Y 99.9900 dB    U 99.9900 dB    V 99.9900 dB] [ET 21.62 ] [L0 ] [L1 ]
*** TRAIL_R numBytesInNALunit: 1653690
POC  358 TId: 0 ( I-SLICE, QP 26 )   13229520 bits [Y 99.9900 dB    U 99.9900 dB    V 99.9900 dB] [ET 25.53 ] [L0 ] [L1 ]
*** TRAIL_R numBytesInNALunit: 1653458
POC  359 TId: 0 ( I-SLICE, QP 26 )   13227664 bits [Y 99.9900 dB    U 99.9900 dB    V 99.9900 dB] [ET 25.38 ] [L0 ] [L1 ]
*** TRAIL_R numBytesInNALunit: 1651697
POC  360 TId: 0 ( I-SLICE, QP 26 )   13213576 bits [Y 99.9900 dB    U 99.9900 dB    V 99.9900 dB] [ET 25.48 ] [L0 ] [L1 ]
*** TRAIL_R numBytesInNALunit: 1650831
POC  361 TId: 0 ( I-SLICE, QP 26 )   13206648 bits [Y 99.9900 dB    U 99.9900 dB    V 99.9900 dB] [ET 25.30 ] [L0 ] [L1 ]
*** TRAIL_R numBytesInNALunit: 1651479
POC  362 TId: 0 ( I-SLICE, QP 26 )   13211832 bits [Y 99.9900 dB    U 99.9900 dB    V 99.9900 dB] [ET 25.14 ] [L0 ] [L1 ]
*** TRAIL_R numBytesInNALunit: 1651805
POC  363 TId: 0 ( I-SLICE, QP 26 )   13214440 bits [Y 99.9900 dB    U 99.9900 dB    V 99.9900 dB] [ET 25.56 ] [L0 ] [L1 ]
*** TRAIL_R numBytesInNALunit: 1653192
POC  364 TId: 0 ( I-SLICE, QP 26 )   13225536 bits [Y 99.9900 dB    U 99.9900 dB    V 99.9900 dB] [ET 25.56 ] [L0 ] [L1 ]
*** TRAIL_R numBytesInNALunit: 1651897
POC  365 TId: 0 ( I-SLICE, QP 26 )   13215176 bits [Y 99.9900 dB    U 99.9900 dB    V 99.9900 dB] [ET 25.69 ] [L0 ] [L1 ]
*** TRAIL_R numBytesInNALunit: 1651452
POC  366 TId: 0 ( I-SLICE, QP 26 )   13211616 bits [Y 99.9900 dB    U 99.9900 dB    V 99.9900 dB] [ET 25.62 ] [L0 ] [L1 ]
*** TRAIL_R numBytesInNALunit: 1653453
POC  367 TId: 0 ( I-SLICE, QP 26 )   13227624 bits [Y 99.9900 dB    U 99.9900 dB    V 99.9900 dB] [ET 25.39 ] [L0 ] [L1 ]
*** TRAIL_R numBytesInNALunit: 1655116
POC  368 TId: 0 ( I-SLICE, QP 26 )   13240928 bits [Y 99.9900 dB    U 99.9900 dB    V 99.9900 dB] [ET 25.20 ] [L0 ] [L1 ]
*** TRAIL_R numBytesInNALunit: 1653700
POC  369 TId: 0 ( I-SLICE, QP 26 )   13229600 bits [Y 99.9900 dB    U 99.9900 dB    V 99.9900 dB] [ET 25.03 ] [L0 ] [L1 ]
*** TRAIL_R numBytesInNALunit: 1652651
POC  370 TId: 0 ( I-SLICE, QP 26 )   13221208 bits [Y 99.9900 dB    U 99.9900 dB    V 99.9900 dB] [ET 25.66 ] [L0 ] [L1 ]
*** TRAIL_R numBytesInNALunit: 1659811
POC  371 TId: 0 ( I-SLICE, QP 26 )   13278488 bits [Y 99.9900 dB    U 99.9900 dB    V 99.9900 dB] [ET 25.64 ] [L0 ] [L1 ]
*** TRAIL_R numBytesInNALunit: 1653841
POC  372 TId: 0 ( I-SLICE, QP 26 )   13230728 bits [Y 99.9900 dB    U 99.9900 dB    V 99.9900 dB] [ET 25.22 ] [L0 ] [L1 ]
*** TRAIL_R numBytesInNALunit: 1654812
POC  373 TId: 0 ( I-SLICE, QP 26 )   13238496 bits [Y 99.9900 dB    U 99.9900 dB    V 99.9900 dB] [ET 25.03 ] [L0 ] [L1 ]
*** TRAIL_R numBytesInNALunit: 1655517
POC  374 TId: 0 ( I-SLICE, QP 26 )   13244136 bits [Y 99.9900 dB    U 99.9900 dB    V 99.9900 dB] [ET 25.33 ] [L0 ] [L1 ]
*** TRAIL_R numBytesInNALunit: 1655890
POC  375 TId: 0 ( I-SLICE, QP 26 )   13247120 bits [Y 99.9900 dB    U 99.9900 dB    V 99.9900 dB] [ET 25.69 ] [L0 ] [L1 ]
*** TRAIL_R numBytesInNALunit: 1655357
POC  376 TId: 0 ( I-SLICE, QP 26 )   13242856 bits [Y 99.9900 dB    U 99.9900 dB    V 99.9900 dB] [ET 25.44 ] [L0 ] [L1 ]
*** TRAIL_R numBytesInNALunit: 1656422
POC  377 TId: 0 ( I-SLICE, QP 26 )   13251376 bits [Y 99.9900 dB    U 99.9900 dB    V 99.9900 dB] [ET 25.33 ] [L0 ] [L1 ]
*** TRAIL_R numBytesInNALunit: 1656848
POC  378 TId: 0 ( I-SLICE, QP 26 )   13254784 bits [Y 99.9900 dB    U 99.9900 dB    V 99.9900 dB] [ET 25.17 ] [L0 ] [L1 ]
*** TRAIL_R numBytesInNALunit: 1657727
POC  379 TId: 0 ( I-SLICE, QP 26 )   13261816 bits [Y 99.9900 dB    U 99.9900 dB    V 99.9900 dB] [ET 25.52 ] [L0 ] [L1 ]
*** TRAIL_R numBytesInNALunit: 1657754
POC  380 TId: 0 ( I-SLICE, QP 26 )   13262032 bits [Y 99.9900 dB    U 99.9900 dB    V 99.9900 dB] [ET 25.61 ] [L0 ] [L1 ]
*** TRAIL_R numBytesInNALunit: 1658612
POC  381 TId: 0 ( I-SLICE, QP 26 )   13268896 bits [Y 99.9900 dB    U 99.9900 dB    V 99.9900 dB] [ET 25.88 ] [L0 ] [L1 ]
*** TRAIL_R numBytesInNALunit: 1657652
POC  382 TId: 0 ( I-SLICE, QP 26 )   13261216 bits [Y 99.9900 dB    U 99.9900 dB    V 99.9900 dB] [ET 25.39 ] [L0 ] [L1 ]
*** TRAIL_R numBytesInNALunit: 1658565
POC  383 TId: 0 ( I-SLICE, QP 26 )   13268520 bits [Y 99.9900 dB    U 99.9900 dB    V 99.9900 dB] [ET 25.77 ] [L0 ] [L1 ]
*** TRAIL_R numBytesInNALunit: 1659220
POC  384 TId: 0 ( I-SLICE, QP 26 )   13273760 bits [Y 99.9900 dB    U 99.9900 dB    V 99.9900 dB] [ET 25.31 ] [L0 ] [L1 ]
*** TRAIL_R numBytesInNALunit: 1659480
POC  385 TId: 0 ( I-SLICE, QP 26 )   13275840 bits [Y 99.9900 dB    U 99.9900 dB    V 99.9900 dB] [ET 24.81 ] [L0 ] [L1 ]
*** TRAIL_R numBytesInNALunit: 1659880
POC  386 TId: 0 ( I-SLICE, QP 26 )   13279040 bits [Y 99.9900 dB    U 99.9900 dB    V 99.9900 dB] [ET 25.16 ] [L0 ] [L1 ]
*** TRAIL_R numBytesInNALunit: 1658286
POC  387 TId: 0 ( I-SLICE, QP 26 )   13266288 bits [Y 99.9900 dB    U 99.9900 dB    V 99.9900 dB] [ET 25.31 ] [L0 ] [L1 ]
*** TRAIL_R numBytesInNALunit: 1659568
POC  388 TId: 0 ( I-SLICE, QP 26 )   13276544 bits [Y 99.9900 dB    U 99.9900 dB    V 99.9900 dB] [ET 25.09 ] [L0 ] [L1 ]
*** TRAIL_R numBytesInNALunit: 1659513
POC  389 TId: 0 ( I-SLICE, QP 26 )   13276104 bits [Y 99.9900 dB    U 99.9900 dB    V 99.9900 dB] [ET 25.23 ] [L0 ] [L1 ]
*** TRAIL_R numBytesInNALunit: 1661139
POC  390 TId: 0 ( I-SLICE, QP 26 )   13289112 bits [Y 99.9900 dB    U 99.9900 dB    V 99.9900 dB] [ET 25.38 ] [L0 ] [L1 ]
*** TRAIL_R numBytesInNALunit: 1662814
POC  391 TId: 0 ( I-SLICE, QP 26 )   13302512 bits [Y 99.9900 dB    U 99.9900 dB    V 99.9900 dB] [ET 25.58 ] [L0 ] [L1 ]
*** TRAIL_R numBytesInNALunit: 1659983
POC  392 TId: 0 ( I-SLICE, QP 26 )   13279864 bits [Y 99.9900 dB    U 99.9900 dB    V 99.9900 dB] [ET 25.58 ] [L0 ] [L1 ]
*** TRAIL_R numBytesInNALunit: 1661554
POC  393 TId: 0 ( I-SLICE, QP 26 )   13292432 bits [Y 99.9900 dB    U 99.9900 dB    V 99.9900 dB] [ET 25.45 ] [L0 ] [L1 ]
*** TRAIL_R numBytesInNALunit: 1660238
POC  394 TId: 0 ( I-SLICE, QP 26 )   13281904 bits [Y 99.9900 dB    U 99.9900 dB    V 99.9900 dB] [ET 25.73 ] [L0 ] [L1 ]
*** TRAIL_R numBytesInNALunit: 1662740
POC  395 TId: 0 ( I-SLICE, QP 26 )   13301920 bits [Y 99.9900 dB    U 99.9900 dB    V 99.9900 dB] [ET 25.17 ] [L0 ] [L1 ]
*** TRAIL_R numBytesInNALunit: 1660286
POC  396 TId: 0 ( I-SLICE, QP 26 )   13282288 bits [Y 99.9900 dB    U 99.9900 dB    V 99.9900 dB] [ET 25.11 ] [L0 ] [L1 ]
*** TRAIL_R numBytesInNALunit: 1662580
POC  397 TId: 0 ( I-SLICE, QP 26 )   13300640 bits [Y 99.9900 dB    U 99.9900 dB    V 99.9900 dB] [ET 25.27 ] [L0 ] [L1 ]
*** TRAIL_R numBytesInNALunit: 1662381
POC  398 TId: 0 ( I-SLICE, QP 26 )   13299048 bits [Y 99.9900 dB    U 99.9900 dB    V 99.9900 dB] [ET 25.78 ] [L0 ] [L1 ]
*** TRAIL_R numBytesInNALunit: 1665918
POC  399 TId: 0 ( I-SLICE, QP 26 )   13327344 bits [Y 99.9900 dB    U 99.9900 dB    V 99.9900 dB] [ET 25.52 ] [L0 ] [L1 ]
*** TRAIL_R numBytesInNALunit: 1662742
POC  400 TId: 0 ( I-SLICE, QP 26 )   13301936 bits [Y 99.9900 dB    U 99.9900 dB    V 99.9900 dB] [ET 25.30 ] [L0 ] [L1 ]
*** TRAIL_R numBytesInNALunit: 1662250
POC  401 TId: 0 ( I-SLICE, QP 26 )   13298000 bits [Y 99.9900 dB    U 99.9900 dB    V 99.9900 dB] [ET 25.95 ] [L0 ] [L1 ]
*** TRAIL_R numBytesInNALunit: 1663695
POC  402 TId: 0 ( I-SLICE, QP 26 )   13309560 bits [Y 99.9900 dB    U 99.9900 dB    V 99.9900 dB] [ET 25.45 ] [L0 ] [L1 ]
*** TRAIL_R numBytesInNALunit: 1663560
POC  403 TId: 0 ( I-SLICE, QP 26 )   13308480 bits [Y 99.9900 dB    U 99.9900 dB    V 99.9900 dB] [ET 25.91 ] [L0 ] [L1 ]
*** TRAIL_R numBytesInNALunit: 1667610
POC  404 TId: 0 ( I-SLICE, QP 26 )   13340880 bits [Y 99.9900 dB    U 99.9900 dB    V 99.9900 dB] [ET 25.73 ] [L0 ] [L1 ]
*** TRAIL_R numBytesInNALunit: 1661610
POC  405 TId: 0 ( I-SLICE, QP 26 )   13292880 bits [Y 99.9900 dB    U 99.9900 dB    V 99.9900 dB] [ET 25.59 ] [L0 ] [L1 ]
*** TRAIL_R numBytesInNALunit: 1662643
POC  406 TId: 0 ( I-SLICE, QP 26 )   13301144 bits [Y 99.9900 dB    U 99.9900 dB    V 99.9900 dB] [ET 25.53 ] [L0 ] [L1 ]
*** TRAIL_R numBytesInNALunit: 1664113
POC  407 TId: 0 ( I-SLICE, QP 26 )   13312904 bits [Y 99.9900 dB    U 99.9900 dB    V 99.9900 dB] [ET 25.52 ] [L0 ] [L1 ]
*** TRAIL_R numBytesInNALunit: 1663687
POC  408 TId: 0 ( I-SLICE, QP 26 )   13309496 bits [Y 99.9900 dB    U 99.9900 dB    V 99.9900 dB] [ET 25.58 ] [L0 ] [L1 ]
*** TRAIL_R numBytesInNALunit: 1663289
POC  409 TId: 0 ( I-SLICE, QP 26 )   13306312 bits [Y 99.9900 dB    U 99.9900 dB    V 99.9900 dB] [ET 25.36 ] [L0 ] [L1 ]
*** TRAIL_R numBytesInNALunit: 1662530
POC  410 TId: 0 ( I-SLICE, QP 26 )   13300240 bits [Y 99.9900 dB    U 99.9900 dB    V 99.9900 dB] [ET 25.44 ] [L0 ] [L1 ]
*** TRAIL_R numBytesInNALunit: 1664036
POC  411 TId: 0 ( I-SLICE, QP 26 )   13312288 bits [Y 99.9900 dB    U 99.9900 dB    V 99.9900 dB] [ET 24.97 ] [L0 ] [L1 ]
*** TRAIL_R numBytesInNALunit: 1665380
POC  412 TId: 0 ( I-SLICE, QP 26 )   13323040 bits [Y 99.9900 dB    U 99.9900 dB    V 99.9900 dB] [ET 25.61 ] [L0 ] [L1 ]
*** TRAIL_R numBytesInNALunit: 1665872
POC  413 TId: 0 ( I-SLICE, QP 26 )   13326976 bits [Y 99.9900 dB    U 99.9900 dB    V 99.9900 dB] [ET 25.31 ] [L0 ] [L1 ]
*** TRAIL_R numBytesInNALunit: 1663868
POC  414 TId: 0 ( I-SLICE, QP 26 )   13310944 bits [Y 99.9900 dB    U 99.9900 dB    V 99.9900 dB] [ET 25.31 ] [L0 ] [L1 ]
*** TRAIL_R numBytesInNALunit: 1664160
POC  415 TId: 0 ( I-SLICE, QP 26 )   13313280 bits [Y 99.9900 dB    U 99.9900 dB    V 99.9900 dB] [ET 25.38 ] [L0 ] [L1 ]
*** TRAIL_R numBytesInNALunit: 1666787
POC  416 TId: 0 ( I-SLICE, QP 26 )   13334296 bits [Y 99.9900 dB    U 99.9900 dB    V 99.9900 dB] [ET 25.58 ] [L0 ] [L1 ]
*** TRAIL_R numBytesInNALunit: 1665055
POC  417 TId: 0 ( I-SLICE, QP 26 )   13320440 bits [Y 99.9900 dB    U 99.9900 dB    V 99.9900 dB] [ET 25.97 ] [L0 ] [L1 ]
*** TRAIL_R numBytesInNALunit: 1666712
POC  418 TId: 0 ( I-SLICE, QP 26 )   13333696 bits [Y 99.9900 dB    U 99.9900 dB    V 99.9900 dB] [ET 25.41 ] [L0 ] [L1 ]
*** TRAIL_R numBytesInNALunit: 1667314
POC  419 TId: 0 ( I-SLICE, QP 26 )   13338512 bits [Y 99.9900 dB    U 99.9900 dB    V 99.9900 dB] [ET 25.72 ] [L0 ] [L1 ]
*** TRAIL_R numBytesInNALunit: 1666287
POC  420 TId: 0 ( I-SLICE, QP 26 )   13330296 bits [Y 99.9900 dB    U 99.9900 dB    V 99.9900 dB] [ET 25.38 ] [L0 ] [L1 ]
*** TRAIL_R numBytesInNALunit: 1667065
POC  421 TId: 0 ( I-SLICE, QP 26 )   13336520 bits [Y 99.9900 dB    U 99.9900 dB    V 99.9900 dB] [ET 25.47 ] [L0 ] [L1 ]
*** TRAIL_R numBytesInNALunit: 1668298
POC  422 TId: 0 ( I-SLICE, QP 26 )   13346384 bits [Y 99.9900 dB    U 99.9900 dB    V 99.9900 dB] [ET 25.02 ] [L0 ] [L1 ]
*** TRAIL_R numBytesInNALunit: 1667039
POC  423 TId: 0 ( I-SLICE, QP 26 )   13336312 bits [Y 99.9900 dB    U 99.9900 dB    V 99.9900 dB] [ET 25.20 ] [L0 ] [L1 ]
*** TRAIL_R numBytesInNALunit: 1667698
POC  424 TId: 0 ( I-SLICE, QP 26 )   13341584 bits [Y 99.9900 dB    U 99.9900 dB    V 99.9900 dB] [ET 25.80 ] [L0 ] [L1 ]
*** TRAIL_R numBytesInNALunit: 1667008
POC  425 TId: 0 ( I-SLICE, QP 26 )   13336064 bits [Y 99.9900 dB    U 99.9900 dB    V 99.9900 dB] [ET 25.36 ] [L0 ] [L1 ]
*** TRAIL_R numBytesInNALunit: 1667391
POC  426 TId: 0 ( I-SLICE, QP 26 )   13339128 bits [Y 99.9900 dB    U 99.9900 dB    V 99.9900 dB] [ET 25.56 ] [L0 ] [L1 ]
*** TRAIL_R numBytesInNALunit: 1668229
POC  427 TId: 0 ( I-SLICE, QP 26 )   13345832 bits [Y 99.9900 dB    U 99.9900 dB    V 99.9900 dB] [ET 25.53 ] [L0 ] [L1 ]
*** TRAIL_R numBytesInNALunit: 1666800
POC  428 TId: 0 ( I-SLICE, QP 26 )   13334400 bits [Y 99.9900 dB    U 99.9900 dB    V 99.9900 dB] [ET 25.14 ] [L0 ] [L1 ]
*** TRAIL_R numBytesInNALunit: 1668478
POC  429 TId: 0 ( I-SLICE, QP 26 )   13347824 bits [Y 99.9900 dB    U 99.9900 dB    V 99.9900 dB] [ET 25.70 ] [L0 ] [L1 ]
*** TRAIL_R numBytesInNALunit: 1666518
POC  430 TId: 0 ( I-SLICE, QP 26 )   13332144 bits [Y 99.9900 dB    U 99.9900 dB    V 99.9900 dB] [ET 25.58 ] [L0 ] [L1 ]
*** TRAIL_R numBytesInNALunit: 1668157
POC  431 TId: 0 ( I-SLICE, QP 26 )   13345256 bits [Y 99.9900 dB    U 99.9900 dB    V 99.9900 dB] [ET 25.22 ] [L0 ] [L1 ]
*** TRAIL_R numBytesInNALunit: 1667416
POC  432 TId: 0 ( I-SLICE, QP 26 )   13339328 bits [Y 99.9900 dB    U 99.9900 dB    V 99.9900 dB] [ET 25.61 ] [L0 ] [L1 ]
*** TRAIL_R numBytesInNALunit: 1668079
POC  433 TId: 0 ( I-SLICE, QP 26 )   13344632 bits [Y 99.9900 dB    U 99.9900 dB    V 99.9900 dB] [ET 25.64 ] [L0 ] [L1 ]
*** TRAIL_R numBytesInNALunit: 1668011
POC  434 TId: 0 ( I-SLICE, QP 26 )   13344088 bits [Y 99.9900 dB    U 99.9900 dB    V 99.9900 dB] [ET 25.31 ] [L0 ] [L1 ]
*** TRAIL_R numBytesInNALunit: 1668046
POC  435 TId: 0 ( I-SLICE, QP 26 )   13344368 bits [Y 99.9900 dB    U 99.9900 dB    V 99.9900 dB] [ET 25.31 ] [L0 ] [L1 ]
*** TRAIL_R numBytesInNALunit: 1667831
POC  436 TId: 0 ( I-SLICE, QP 26 )   13342648 bits [Y 99.9900 dB    U 99.9900 dB    V 99.9900 dB] [ET 25.56 ] [L0 ] [L1 ]
*** TRAIL_R numBytesInNALunit: 1668012
POC  437 TId: 0 ( I-SLICE, QP 26 )   13344096 bits [Y 99.9900 dB    U 99.9900 dB    V 99.9900 dB] [ET 25.50 ] [L0 ] [L1 ]
*** TRAIL_R numBytesInNALunit: 1668587
POC  438 TId: 0 ( I-SLICE, QP 26 )   13348696 bits [Y 99.9900 dB    U 99.9900 dB    V 99.9900 dB] [ET 25.55 ] [L0 ] [L1 ]
*** TRAIL_R numBytesInNALunit: 1668286
POC  439 TId: 0 ( I-SLICE, QP 26 )   13346288 bits [Y 99.9900 dB    U 99.9900 dB    V 99.9900 dB] [ET 25.06 ] [L0 ] [L1 ]
*** TRAIL_R numBytesInNALunit: 1667225
POC  440 TId: 0 ( I-SLICE, QP 26 )   13337800 bits [Y 99.9900 dB    U 99.9900 dB    V 99.9900 dB] [ET 25.48 ] [L0 ] [L1 ]
*** TRAIL_R numBytesInNALunit: 1669357
POC  441 TId: 0 ( I-SLICE, QP 26 )   13354856 bits [Y 99.9900 dB    U 99.9900 dB    V 99.9900 dB] [ET 25.34 ] [L0 ] [L1 ]
*** TRAIL_R numBytesInNALunit: 1668187
POC  442 TId: 0 ( I-SLICE, QP 26 )   13345496 bits [Y 99.9900 dB    U 99.9900 dB    V 99.9900 dB] [ET 25.48 ] [L0 ] [L1 ]
*** TRAIL_R numBytesInNALunit: 1668079
POC  443 TId: 0 ( I-SLICE, QP 26 )   13344632 bits [Y 99.9900 dB    U 99.9900 dB    V 99.9900 dB] [ET 25.45 ] [L0 ] [L1 ]
*** TRAIL_R numBytesInNALunit: 1669527
POC  444 TId: 0 ( I-SLICE, QP 26 )   13356216 bits [Y 99.9900 dB    U 99.9900 dB    V 99.9900 dB] [ET 25.23 ] [L0 ] [L1 ]
*** TRAIL_R numBytesInNALunit: 1668625
POC  445 TId: 0 ( I-SLICE, QP 26 )   13349000 bits [Y 99.9900 dB    U 99.9900 dB    V 99.9900 dB] [ET 25.19 ] [L0 ] [L1 ]
*** TRAIL_R numBytesInNALunit: 1668619
POC  446 TId: 0 ( I-SLICE, QP 26 )   13348952 bits [Y 99.9900 dB    U 99.9900 dB    V 99.9900 dB] [ET 25.64 ] [L0 ] [L1 ]
*** TRAIL_R numBytesInNALunit: 1669195
POC  447 TId: 0 ( I-SLICE, QP 26 )   13353560 bits [Y 99.9900 dB    U 99.9900 dB    V 99.9900 dB] [ET 25.55 ] [L0 ] [L1 ]
*** TRAIL_R numBytesInNALunit: 1668180
POC  448 TId: 0 ( I-SLICE, QP 26 )   13345440 bits [Y 99.9900 dB    U 99.9900 dB    V 99.9900 dB] [ET 25.81 ] [L0 ] [L1 ]
*** TRAIL_R numBytesInNALunit: 1669609
POC  449 TId: 0 ( I-SLICE, QP 26 )   13356872 bits [Y 99.9900 dB    U 99.9900 dB    V 99.9900 dB] [ET 25.48 ] [L0 ] [L1 ]
*** TRAIL_R numBytesInNALunit: 1670568
POC  450 TId: 0 ( I-SLICE, QP 26 )   13364544 bits [Y 99.9900 dB    U 99.9900 dB    V 99.9900 dB] [ET 25.66 ] [L0 ] [L1 ]
*** TRAIL_R numBytesInNALunit: 1669952
POC  451 TId: 0 ( I-SLICE, QP 26 )   13359616 bits [Y 99.9900 dB    U 99.9900 dB    V 99.9900 dB] [ET 25.50 ] [L0 ] [L1 ]
*** TRAIL_R numBytesInNALunit: 1669717
POC  452 TId: 0 ( I-SLICE, QP 26 )   13357736 bits [Y 99.9900 dB    U 99.9900 dB    V 99.9900 dB] [ET 25.78 ] [L0 ] [L1 ]
*** TRAIL_R numBytesInNALunit: 1668622
POC  453 TId: 0 ( I-SLICE, QP 26 )   13348976 bits [Y 99.9900 dB    U 99.9900 dB    V 99.9900 dB] [ET 25.59 ] [L0 ] [L1 ]
*** TRAIL_R numBytesInNALunit: 1668110
POC  454 TId: 0 ( I-SLICE, QP 26 )   13344880 bits [Y 99.9900 dB    U 99.9900 dB    V 99.9900 dB] [ET 25.62 ] [L0 ] [L1 ]
*** TRAIL_R numBytesInNALunit: 1668244
POC  455 TId: 0 ( I-SLICE, QP 26 )   13345952 bits [Y 99.9900 dB    U 99.9900 dB    V 99.9900 dB] [ET 25.31 ] [L0 ] [L1 ]
*** TRAIL_R numBytesInNALunit: 1668529
POC  456 TId: 0 ( I-SLICE, QP 26 )   13348232 bits [Y 99.9900 dB    U 99.9900 dB    V 99.9900 dB] [ET 25.19 ] [L0 ] [L1 ]
*** TRAIL_R numBytesInNALunit: 1667980
POC  457 TId: 0 ( I-SLICE, QP 26 )   13343840 bits [Y 99.9900 dB    U 99.9900 dB    V 99.9900 dB] [ET 25.62 ] [L0 ] [L1 ]
*** TRAIL_R numBytesInNALunit: 1669147
POC  458 TId: 0 ( I-SLICE, QP 26 )   13353176 bits [Y 99.9900 dB    U 99.9900 dB    V 99.9900 dB] [ET 25.73 ] [L0 ] [L1 ]
*** TRAIL_R numBytesInNALunit: 1670013
POC  459 TId: 0 ( I-SLICE, QP 26 )   13360104 bits [Y 99.9900 dB    U 99.9900 dB    V 99.9900 dB] [ET 25.81 ] [L0 ] [L1 ]
*** TRAIL_R numBytesInNALunit: 1667165
POC  460 TId: 0 ( I-SLICE, QP 26 )   13337320 bits [Y 99.9900 dB    U 99.9900 dB    V 99.9900 dB] [ET 25.38 ] [L0 ] [L1 ]
*** TRAIL_R numBytesInNALunit: 1670758
POC  461 TId: 0 ( I-SLICE, QP 26 )   13366064 bits [Y 99.9900 dB    U 99.9900 dB    V 99.9900 dB] [ET 25.45 ] [L0 ] [L1 ]
*** TRAIL_R numBytesInNALunit: 1669989
POC  462 TId: 0 ( I-SLICE, QP 26 )   13359912 bits [Y 99.9900 dB    U 99.9900 dB    V 99.9900 dB] [ET 25.98 ] [L0 ] [L1 ]
*** TRAIL_R numBytesInNALunit: 1668289
POC  463 TId: 0 ( I-SLICE, QP 26 )   13346312 bits [Y 99.9900 dB    U 99.9900 dB    V 99.9900 dB] [ET 25.52 ] [L0 ] [L1 ]
*** TRAIL_R numBytesInNALunit: 1670045
POC  464 TId: 0 ( I-SLICE, QP 26 )   13360360 bits [Y 99.9900 dB    U 99.9900 dB    V 99.9900 dB] [ET 25.62 ] [L0 ] [L1 ]
*** TRAIL_R numBytesInNALunit: 1667684
POC  465 TId: 0 ( I-SLICE, QP 26 )   13341472 bits [Y 99.9900 dB    U 99.9900 dB    V 99.9900 dB] [ET 25.33 ] [L0 ] [L1 ]
*** TRAIL_R numBytesInNALunit: 1667900
POC  466 TId: 0 ( I-SLICE, QP 26 )   13343200 bits [Y 99.9900 dB    U 99.9900 dB    V 99.9900 dB] [ET 25.56 ] [L0 ] [L1 ]
*** TRAIL_R numBytesInNALunit: 1670319
POC  467 TId: 0 ( I-SLICE, QP 26 )   13362552 bits [Y 99.9900 dB    U 99.9900 dB    V 99.9900 dB] [ET 25.83 ] [L0 ] [L1 ]
*** TRAIL_R numBytesInNALunit: 1667829
POC  468 TId: 0 ( I-SLICE, QP 26 )   13342632 bits [Y 99.9900 dB    U 99.9900 dB    V 99.9900 dB] [ET 25.70 ] [L0 ] [L1 ]
*** TRAIL_R numBytesInNALunit: 1668959
POC  469 TId: 0 ( I-SLICE, QP 26 )   13351672 bits [Y 99.9900 dB    U 99.9900 dB    V 99.9900 dB] [ET 25.45 ] [L0 ] [L1 ]
*** TRAIL_R numBytesInNALunit: 1670383
POC  470 TId: 0 ( I-SLICE, QP 26 )   13363064 bits [Y 99.9900 dB    U 99.9900 dB    V 99.9900 dB] [ET 25.55 ] [L0 ] [L1 ]
*** TRAIL_R numBytesInNALunit: 1669603
POC  471 TId: 0 ( I-SLICE, QP 26 )   13356824 bits [Y 99.9900 dB    U 99.9900 dB    V 99.9900 dB] [ET 25.03 ] [L0 ] [L1 ]
*** TRAIL_R numBytesInNALunit: 1670153
POC  472 TId: 0 ( I-SLICE, QP 26 )   13361224 bits [Y 99.9900 dB    U 99.9900 dB    V 99.9900 dB] [ET 25.36 ] [L0 ] [L1 ]
*** TRAIL_R numBytesInNALunit: 1670446
POC  473 TId: 0 ( I-SLICE, QP 26 )   13363568 bits [Y 99.9900 dB    U 99.9900 dB    V 99.9900 dB] [ET 25.31 ] [L0 ] [L1 ]
*** TRAIL_R numBytesInNALunit: 1671496
POC  474 TId: 0 ( I-SLICE, QP 26 )   13371968 bits [Y 99.9900 dB    U 99.9900 dB    V 99.9900 dB] [ET 25.56 ] [L0 ] [L1 ]
*** TRAIL_R numBytesInNALunit: 1670788
POC  475 TId: 0 ( I-SLICE, QP 26 )   13366304 bits [Y 99.9900 dB    U 99.9900 dB    V 99.9900 dB] [ET 25.89 ] [L0 ] [L1 ]
*** TRAIL_R numBytesInNALunit: 1671454
POC  476 TId: 0 ( I-SLICE, QP 26 )   13371632 bits [Y 99.9900 dB    U 99.9900 dB    V 99.9900 dB] [ET 25.62 ] [L0 ] [L1 ]
*** TRAIL_R numBytesInNALunit: 1670560
POC  477 TId: 0 ( I-SLICE, QP 26 )   13364480 bits [Y 99.9900 dB    U 99.9900 dB    V 99.9900 dB] [ET 25.16 ] [L0 ] [L1 ]
*** TRAIL_R numBytesInNALunit: 1672027
POC  478 TId: 0 ( I-SLICE, QP 26 )   13376216 bits [Y 99.9900 dB    U 99.9900 dB    V 99.9900 dB] [ET 25.33 ] [L0 ] [L1 ]
*** TRAIL_R numBytesInNALunit: 1670439
POC  479 TId: 0 ( I-SLICE, QP 26 )   13363512 bits [Y 99.9900 dB    U 99.9900 dB    V 99.9900 dB] [ET 25.84 ] [L0 ] [L1 ]
*** TRAIL_R numBytesInNALunit: 1671420
POC  480 TId: 0 ( I-SLICE, QP 26 )   13371360 bits [Y 99.9900 dB    U 99.9900 dB    V 99.9900 dB] [ET 25.25 ] [L0 ] [L1 ]
*** TRAIL_R numBytesInNALunit: 1672275
POC  481 TId: 0 ( I-SLICE, QP 26 )   13378200 bits [Y 99.9900 dB    U 99.9900 dB    V 99.9900 dB] [ET 23.98 ] [L0 ] [L1 ]
*** TRAIL_R numBytesInNALunit: 1670780
POC  482 TId: 0 ( I-SLICE, QP 26 )   13366240 bits [Y 99.9900 dB    U 99.9900 dB    V 99.9900 dB] [ET 24.25 ] [L0 ] [L1 ]
*** TRAIL_R numBytesInNALunit: 1672268
POC  483 TId: 0 ( I-SLICE, QP 26 )   13378144 bits [Y 99.9900 dB    U 99.9900 dB    V 99.9900 dB] [ET 24.88 ] [L0 ] [L1 ]
*** TRAIL_R numBytesInNALunit: 1670978
POC  484 TId: 0 ( I-SLICE, QP 26 )   13367824 bits [Y 99.9900 dB    U 99.9900 dB    V 99.9900 dB] [ET 24.38 ] [L0 ] [L1 ]
*** TRAIL_R numBytesInNALunit: 1672448
POC  485 TId: 0 ( I-SLICE, QP 26 )   13379584 bits [Y 99.9900 dB    U 99.9900 dB    V 99.9900 dB] [ET 24.25 ] [L0 ] [L1 ]
*** TRAIL_R numBytesInNALunit: 1670749
POC  486 TId: 0 ( I-SLICE, QP 26 )   13365992 bits [Y 99.9900 dB    U 99.9900 dB    V 99.9900 dB] [ET 24.12 ] [L0 ] [L1 ]
*** TRAIL_R numBytesInNALunit: 1672005
POC  487 TId: 0 ( I-SLICE, QP 26 )   13376040 bits [Y 99.9900 dB    U 99.9900 dB    V 99.9900 dB] [ET 24.47 ] [L0 ] [L1 ]
*** TRAIL_R numBytesInNALunit: 1671784
POC  488 TId: 0 ( I-SLICE, QP 26 )   13374272 bits [Y 99.9900 dB    U 99.9900 dB    V 99.9900 dB] [ET 24.39 ] [L0 ] [L1 ]
*** TRAIL_R numBytesInNALunit: 1672810
POC  489 TId: 0 ( I-SLICE, QP 26 )   13382480 bits [Y 99.9900 dB    U 99.9900 dB    V 99.9900 dB] [ET 24.06 ] [L0 ] [L1 ]
*** TRAIL_R numBytesInNALunit: 1672557
POC  490 TId: 0 ( I-SLICE, QP 26 )   13380456 bits [Y 99.9900 dB    U 99.9900 dB    V 99.9900 dB] [ET 24.42 ] [L0 ] [L1 ]
*** TRAIL_R numBytesInNALunit: 1671796
POC  491 TId: 0 ( I-SLICE, QP 26 )   13374368 bits [Y 99.9900 dB    U 99.9900 dB    V 99.9900 dB] [ET 24.22 ] [L0 ] [L1 ]
*** TRAIL_R numBytesInNALunit: 1672814
POC  492 TId: 0 ( I-SLICE, QP 26 )   13382512 bits [Y 99.9900 dB    U 99.9900 dB    V 99.9900 dB] [ET 24.22 ] [L0 ] [L1 ]
*** TRAIL_R numBytesInNALunit: 1673348
POC  493 TId: 0 ( I-SLICE, QP 26 )   13386784 bits [Y 99.9900 dB    U 99.9900 dB    V 99.9900 dB] [ET 24.28 ] [L0 ] [L1 ]
*** TRAIL_R numBytesInNALunit: 1672914
POC  494 TId: 0 ( I-SLICE, QP 26 )   13383312 bits [Y 99.9900 dB    U 99.9900 dB    V 99.9900 dB] [ET 24.17 ] [L0 ] [L1 ]
*** TRAIL_R numBytesInNALunit: 1673122
POC  495 TId: 0 ( I-SLICE, QP 26 )   13384976 bits [Y 99.9900 dB    U 99.9900 dB    V 99.9900 dB] [ET 24.16 ] [L0 ] [L1 ]
*** TRAIL_R numBytesInNALunit: 1673003
POC  496 TId: 0 ( I-SLICE, QP 26 )   13384024 bits [Y 99.9900 dB    U 99.9900 dB    V 99.9900 dB] [ET 24.77 ] [L0 ] [L1 ]
*** TRAIL_R numBytesInNALunit: 1670406
POC  497 TId: 0 ( I-SLICE, QP 26 )   13363248 bits [Y 99.9900 dB    U 99.9900 dB    V 99.9900 dB] [ET 24.53 ] [L0 ] [L1 ]
*** TRAIL_R numBytesInNALunit: 1673502
POC  498 TId: 0 ( I-SLICE, QP 26 )   13388016 bits [Y 99.9900 dB    U 99.9900 dB    V 99.9900 dB] [ET 24.52 ] [L0 ] [L1 ]
*** TRAIL_R numBytesInNALunit: 1671699
POC  499 TId: 0 ( I-SLICE, QP 26 )   13373592 bits [Y 99.9900 dB    U 99.9900 dB    V 99.9900 dB] [ET 24.08 ] [L0 ] [L1 ]
*** TRAIL_R numBytesInNALunit: 1671949
POC  500 TId: 0 ( I-SLICE, QP 26 )   13375592 bits [Y 99.9900 dB    U 99.9900 dB    V 99.9900 dB] [ET 24.06 ] [L0 ] [L1 ]
*** TRAIL_R numBytesInNALunit: 1672561
POC  501 TId: 0 ( I-SLICE, QP 26 )   13380488 bits [Y 99.9900 dB    U 99.9900 dB    V 99.9900 dB] [ET 24.42 ] [L0 ] [L1 ]
*** TRAIL_R numBytesInNALunit: 1671917
POC  502 TId: 0 ( I-SLICE, QP 26 )   13375336 bits [Y 99.9900 dB    U 99.9900 dB    V 99.9900 dB] [ET 24.58 ] [L0 ] [L1 ]
*** TRAIL_R numBytesInNALunit: 1672772
POC  503 TId: 0 ( I-SLICE, QP 26 )   13382176 bits [Y 99.9900 dB    U 99.9900 dB    V 99.9900 dB] [ET 24.39 ] [L0 ] [L1 ]
*** TRAIL_R numBytesInNALunit: 1672544
POC  504 TId: 0 ( I-SLICE, QP 26 )   13380352 bits [Y 99.9900 dB    U 99.9900 dB    V 99.9900 dB] [ET 24.44 ] [L0 ] [L1 ]
*** TRAIL_R numBytesInNALunit: 1674356
POC  505 TId: 0 ( I-SLICE, QP 26 )   13394848 bits [Y 99.9900 dB    U 99.9900 dB    V 99.9900 dB] [ET 24.47 ] [L0 ] [L1 ]
*** TRAIL_R numBytesInNALunit: 1672439
POC  506 TId: 0 ( I-SLICE, QP 26 )   13379512 bits [Y 99.9900 dB    U 99.9900 dB    V 99.9900 dB] [ET 24.77 ] [L0 ] [L1 ]
*** TRAIL_R numBytesInNALunit: 1672851
POC  507 TId: 0 ( I-SLICE, QP 26 )   13382808 bits [Y 99.9900 dB    U 99.9900 dB    V 99.9900 dB] [ET 24.41 ] [L0 ] [L1 ]
*** TRAIL_R numBytesInNALunit: 1671772
POC  508 TId: 0 ( I-SLICE, QP 26 )   13374176 bits [Y 99.9900 dB    U 99.9900 dB    V 99.9900 dB] [ET 24.52 ] [L0 ] [L1 ]
*** TRAIL_R numBytesInNALunit: 1672955
POC  509 TId: 0 ( I-SLICE, QP 26 )   13383640 bits [Y 99.9900 dB    U 99.9900 dB    V 99.9900 dB] [ET 24.42 ] [L0 ] [L1 ]
*** TRAIL_R numBytesInNALunit: 1672579
POC  510 TId: 0 ( I-SLICE, QP 26 )   13380632 bits [Y 99.9900 dB    U 99.9900 dB    V 99.9900 dB] [ET 24.33 ] [L0 ] [L1 ]
*** TRAIL_R numBytesInNALunit: 1673530
POC  511 TId: 0 ( I-SLICE, QP 26 )   13388240 bits [Y 99.9900 dB    U 99.9900 dB    V 99.9900 dB] [ET 24.08 ] [L0 ] [L1 ]
*** TRAIL_R numBytesInNALunit: 1672390
POC  512 TId: 0 ( I-SLICE, QP 26 )   13379120 bits [Y 99.9900 dB    U 99.9900 dB    V 99.9900 dB] [ET 24.34 ] [L0 ] [L1 ]
*** TRAIL_R numBytesInNALunit: 1671871
POC  513 TId: 0 ( I-SLICE, QP 26 )   13374968 bits [Y 99.9900 dB    U 99.9900 dB    V 99.9900 dB] [ET 24.11 ] [L0 ] [L1 ]
*** TRAIL_R numBytesInNALunit: 1670252
POC  514 TId: 0 ( I-SLICE, QP 26 )   13362016 bits [Y 99.9900 dB    U 99.9900 dB    V 99.9900 dB] [ET 23.73 ] [L0 ] [L1 ]
*** TRAIL_R numBytesInNALunit: 1671911
POC  515 TId: 0 ( I-SLICE, QP 26 )   13375288 bits [Y 99.9900 dB    U 99.9900 dB    V 99.9900 dB] [ET 24.19 ] [L0 ] [L1 ]
*** TRAIL_R numBytesInNALunit: 1671756
POC  516 TId: 0 ( I-SLICE, QP 26 )   13374048 bits [Y 99.9900 dB    U 99.9900 dB    V 99.9900 dB] [ET 24.39 ] [L0 ] [L1 ]
*** TRAIL_R numBytesInNALunit: 1670679
POC  517 TId: 0 ( I-SLICE, QP 26 )   13365432 bits [Y 99.9900 dB    U 99.9900 dB    V 99.9900 dB] [ET 24.22 ] [L0 ] [L1 ]
*** TRAIL_R numBytesInNALunit: 1669881
POC  518 TId: 0 ( I-SLICE, QP 26 )   13359048 bits [Y 99.9900 dB    U 99.9900 dB    V 99.9900 dB] [ET 24.14 ] [L0 ] [L1 ]
*** TRAIL_R numBytesInNALunit: 1670035
POC  519 TId: 0 ( I-SLICE, QP 26 )   13360280 bits [Y 99.9900 dB    U 99.9900 dB    V 99.9900 dB] [ET 24.27 ] [L0 ] [L1 ]
*** TRAIL_R numBytesInNALunit: 1670776
POC  520 TId: 0 ( I-SLICE, QP 26 )   13366208 bits [Y 99.9900 dB    U 99.9900 dB    V 99.9900 dB] [ET 24.25 ] [L0 ] [L1 ]
*** TRAIL_R numBytesInNALunit: 1669980
POC  521 TId: 0 ( I-SLICE, QP 26 )   13359840 bits [Y 99.9900 dB    U 99.9900 dB    V 99.9900 dB] [ET 24.19 ] [L0 ] [L1 ]
*** TRAIL_R numBytesInNALunit: 1669046
POC  522 TId: 0 ( I-SLICE, QP 26 )   13352368 bits [Y 99.9900 dB    U 99.9900 dB    V 99.9900 dB] [ET 23.97 ] [L0 ] [L1 ]
*** TRAIL_R numBytesInNALunit: 1670207
POC  523 TId: 0 ( I-SLICE, QP 26 )   13361656 bits [Y 99.9900 dB    U 99.9900 dB    V 99.9900 dB] [ET 24.17 ] [L0 ] [L1 ]
*** TRAIL_R numBytesInNALunit: 1668882
POC  524 TId: 0 ( I-SLICE, QP 26 )   13351056 bits [Y 99.9900 dB    U 99.9900 dB    V 99.9900 dB] [ET 23.75 ] [L0 ] [L1 ]
*** TRAIL_R numBytesInNALunit: 1670767
POC  525 TId: 0 ( I-SLICE, QP 26 )   13366136 bits [Y 99.9900 dB    U 99.9900 dB    V 99.9900 dB] [ET 24.08 ] [L0 ] [L1 ]
*** TRAIL_R numBytesInNALunit: 1669820
POC  526 TId: 0 ( I-SLICE, QP 26 )   13358560 bits [Y 99.9900 dB    U 99.9900 dB    V 99.9900 dB] [ET 24.16 ] [L0 ] [L1 ]
*** TRAIL_R numBytesInNALunit: 1669264
POC  527 TId: 0 ( I-SLICE, QP 26 )   13354112 bits [Y 99.9900 dB    U 99.9900 dB    V 99.9900 dB] [ET 23.86 ] [L0 ] [L1 ]
*** TRAIL_R numBytesInNALunit: 1667842
POC  528 TId: 0 ( I-SLICE, QP 26 )   13342736 bits [Y 99.9900 dB    U 99.9900 dB    V 99.9900 dB] [ET 24.12 ] [L0 ] [L1 ]
*** TRAIL_R numBytesInNALunit: 1668877
POC  529 TId: 0 ( I-SLICE, QP 26 )   13351016 bits [Y 99.9900 dB    U 99.9900 dB    V 99.9900 dB] [ET 24.42 ] [L0 ] [L1 ]
*** TRAIL_R numBytesInNALunit: 1669261
POC  530 TId: 0 ( I-SLICE, QP 26 )   13354088 bits [Y 99.9900 dB    U 99.9900 dB    V 99.9900 dB] [ET 23.95 ] [L0 ] [L1 ]
*** TRAIL_R numBytesInNALunit: 1667291
POC  531 TId: 0 ( I-SLICE, QP 26 )   13338328 bits [Y 99.9900 dB    U 99.9900 dB    V 99.9900 dB] [ET 24.53 ] [L0 ] [L1 ]
*** TRAIL_R numBytesInNALunit: 1668088
POC  532 TId: 0 ( I-SLICE, QP 26 )   13344704 bits [Y 99.9900 dB    U 99.9900 dB    V 99.9900 dB] [ET 24.31 ] [L0 ] [L1 ]
*** TRAIL_R numBytesInNALunit: 1667826
POC  533 TId: 0 ( I-SLICE, QP 26 )   13342608 bits [Y 99.9900 dB    U 99.9900 dB    V 99.9900 dB] [ET 24.20 ] [L0 ] [L1 ]
*** TRAIL_R numBytesInNALunit: 1669855
POC  534 TId: 0 ( I-SLICE, QP 26 )   13358840 bits [Y 99.9900 dB    U 99.9900 dB    V 99.9900 dB] [ET 23.42 ] [L0 ] [L1 ]
*** TRAIL_R numBytesInNALunit: 1667586
POC  535 TId: 0 ( I-SLICE, QP 26 )   13340688 bits [Y 99.9900 dB    U 99.9900 dB    V 99.9900 dB] [ET 23.34 ] [L0 ] [L1 ]
*** TRAIL_R numBytesInNALunit: 1667585
POC  536 TId: 0 ( I-SLICE, QP 26 )   13340680 bits [Y 99.9900 dB    U 99.9900 dB    V 99.9900 dB] [ET 23.89 ] [L0 ] [L1 ]
*** TRAIL_R numBytesInNALunit: 1669279
POC  537 TId: 0 ( I-SLICE, QP 26 )   13354232 bits [Y 99.9900 dB    U 99.9900 dB    V 99.9900 dB] [ET 23.97 ] [L0 ] [L1 ]
*** TRAIL_R numBytesInNALunit: 1668064
POC  538 TId: 0 ( I-SLICE, QP 26 )   13344512 bits [Y 99.9900 dB    U 99.9900 dB    V 99.9900 dB] [ET 24.03 ] [L0 ] [L1 ]
*** TRAIL_R numBytesInNALunit: 1668353
POC  539 TId: 0 ( I-SLICE, QP 26 )   13346824 bits [Y 99.9900 dB    U 99.9900 dB    V 99.9900 dB] [ET 23.97 ] [L0 ] [L1 ]
*** TRAIL_R numBytesInNALunit: 1668453
POC  540 TId: 0 ( I-SLICE, QP 26 )   13347624 bits [Y 99.9900 dB    U 99.9900 dB    V 99.9900 dB] [ET 23.80 ] [L0 ] [L1 ]
*** TRAIL_R numBytesInNALunit: 1668770
POC  541 TId: 0 ( I-SLICE, QP 26 )   13350160 bits [Y 99.9900 dB    U 99.9900 dB    V 99.9900 dB] [ET 24.02 ] [L0 ] [L1 ]
*** TRAIL_R numBytesInNALunit: 1668885
POC  542 TId: 0 ( I-SLICE, QP 26 )   13351080 bits [Y 99.9900 dB    U 99.9900 dB    V 99.9900 dB] [ET 23.94 ] [L0 ] [L1 ]
*** TRAIL_R numBytesInNALunit: 1668736
POC  543 TId: 0 ( I-SLICE, QP 26 )   13349888 bits [Y 99.9900 dB    U 99.9900 dB    V 99.9900 dB] [ET 24.27 ] [L0 ] [L1 ]
*** TRAIL_R numBytesInNALunit: 1668521
POC  544 TId: 0 ( I-SLICE, QP 26 )   13348168 bits [Y 99.9900 dB    U 99.9900 dB    V 99.9900 dB] [ET 24.12 ] [L0 ] [L1 ]
*** TRAIL_R numBytesInNALunit: 1669949
POC  545 TId: 0 ( I-SLICE, QP 26 )   13359592 bits [Y 99.9900 dB    U 99.9900 dB    V 99.9900 dB] [ET 24.17 ] [L0 ] [L1 ]
*** TRAIL_R numBytesInNALunit: 1668030
POC  546 TId: 0 ( I-SLICE, QP 26 )   13344240 bits [Y 99.9900 dB    U 99.9900 dB    V 99.9900 dB] [ET 24.06 ] [L0 ] [L1 ]
*** TRAIL_R numBytesInNALunit: 1668605
POC  547 TId: 0 ( I-SLICE, QP 26 )   13348840 bits [Y 99.9900 dB    U 99.9900 dB    V 99.9900 dB] [ET 24.33 ] [L0 ] [L1 ]
*** TRAIL_R numBytesInNALunit: 1668629
POC  548 TId: 0 ( I-SLICE, QP 26 )   13349032 bits [Y 99.9900 dB    U 99.9900 dB    V 99.9900 dB] [ET 24.11 ] [L0 ] [L1 ]
*** TRAIL_R numBytesInNALunit: 1668744
POC  549 TId: 0 ( I-SLICE, QP 26 )   13349952 bits [Y 99.9900 dB    U 99.9900 dB    V 99.9900 dB] [ET 24.11 ] [L0 ] [L1 ]
*** TRAIL_R numBytesInNALunit: 1668610
POC  550 TId: 0 ( I-SLICE, QP 26 )   13348880 bits [Y 99.9900 dB    U 99.9900 dB    V 99.9900 dB] [ET 24.23 ] [L0 ] [L1 ]
*** TRAIL_R numBytesInNALunit: 1668576
POC  551 TId: 0 ( I-SLICE, QP 26 )   13348608 bits [Y 99.9900 dB    U 99.9900 dB    V 99.9900 dB] [ET 24.30 ] [L0 ] [L1 ]
*** TRAIL_R numBytesInNALunit: 1667821
POC  552 TId: 0 ( I-SLICE, QP 26 )   13342568 bits [Y 99.9900 dB    U 99.9900 dB    V 99.9900 dB] [ET 24.22 ] [L0 ] [L1 ]
*** TRAIL_R numBytesInNALunit: 1667966
POC  553 TId: 0 ( I-SLICE, QP 26 )   13343728 bits [Y 99.9900 dB    U 99.9900 dB    V 99.9900 dB] [ET 23.89 ] [L0 ] [L1 ]
*** TRAIL_R numBytesInNALunit: 1667668
POC  554 TId: 0 ( I-SLICE, QP 26 )   13341344 bits [Y 99.9900 dB    U 99.9900 dB    V 99.9900 dB] [ET 24.12 ] [L0 ] [L1 ]
*** TRAIL_R numBytesInNALunit: 1669289
POC  555 TId: 0 ( I-SLICE, QP 26 )   13354312 bits [Y 99.9900 dB    U 99.9900 dB    V 99.9900 dB] [ET 24.52 ] [L0 ] [L1 ]
*** TRAIL_R numBytesInNALunit: 1669026
POC  556 TId: 0 ( I-SLICE, QP 26 )   13352208 bits [Y 99.9900 dB    U 99.9900 dB    V 99.9900 dB] [ET 24.45 ] [L0 ] [L1 ]
*** TRAIL_R numBytesInNALunit: 1669171
POC  557 TId: 0 ( I-SLICE, QP 26 )   13353368 bits [Y 99.9900 dB    U 99.9900 dB    V 99.9900 dB] [ET 24.58 ] [L0 ] [L1 ]
*** TRAIL_R numBytesInNALunit: 1668789
POC  558 TId: 0 ( I-SLICE, QP 26 )   13350312 bits [Y 99.9900 dB    U 99.9900 dB    V 99.9900 dB] [ET 24.14 ] [L0 ] [L1 ]
*** TRAIL_R numBytesInNALunit: 1669042
POC  559 TId: 0 ( I-SLICE, QP 26 )   13352336 bits [Y 99.9900 dB    U 99.9900 dB    V 99.9900 dB] [ET 24.11 ] [L0 ] [L1 ]
*** TRAIL_R numBytesInNALunit: 1668882
POC  560 TId: 0 ( I-SLICE, QP 26 )   13351056 bits [Y 99.9900 dB    U 99.9900 dB    V 99.9900 dB] [ET 24.19 ] [L0 ] [L1 ]
*** TRAIL_R numBytesInNALunit: 1669067
POC  561 TId: 0 ( I-SLICE, QP 26 )   13352536 bits [Y 99.9900 dB    U 99.9900 dB    V 99.9900 dB] [ET 24.03 ] [L0 ] [L1 ]
*** TRAIL_R numBytesInNALunit: 1669383
POC  562 TId: 0 ( I-SLICE, QP 26 )   13355064 bits [Y 99.9900 dB    U 99.9900 dB    V 99.9900 dB] [ET 24.16 ] [L0 ] [L1 ]
*** TRAIL_R numBytesInNALunit: 1669067
POC  563 TId: 0 ( I-SLICE, QP 26 )   13352536 bits [Y 99.9900 dB    U 99.9900 dB    V 99.9900 dB] [ET 24.03 ] [L0 ] [L1 ]
*** TRAIL_R numBytesInNALunit: 1670545
POC  564 TId: 0 ( I-SLICE, QP 26 )   13364360 bits [Y 99.9900 dB    U 99.9900 dB    V 99.9900 dB] [ET 24.17 ] [L0 ] [L1 ]
*** TRAIL_R numBytesInNALunit: 1670120
POC  565 TId: 0 ( I-SLICE, QP 26 )   13360960 bits [Y 99.9900 dB    U 99.9900 dB    V 99.9900 dB] [ET 24.00 ] [L0 ] [L1 ]
*** TRAIL_R numBytesInNALunit: 1669534
POC  566 TId: 0 ( I-SLICE, QP 26 )   13356272 bits [Y 99.9900 dB    U 99.9900 dB    V 99.9900 dB] [ET 24.38 ] [L0 ] [L1 ]
*** TRAIL_R numBytesInNALunit: 1669217
POC  567 TId: 0 ( I-SLICE, QP 26 )   13353736 bits [Y 99.9900 dB    U 99.9900 dB    V 99.9900 dB] [ET 23.72 ] [L0 ] [L1 ]
*** TRAIL_R numBytesInNALunit: 1672420
POC  568 TId: 0 ( I-SLICE, QP 26 )   13379360 bits [Y 99.9900 dB    U 99.9900 dB    V 99.9900 dB] [ET 23.45 ] [L0 ] [L1 ]
*** TRAIL_R numBytesInNALunit: 1669032
POC  569 TId: 0 ( I-SLICE, QP 26 )   13352256 bits [Y 99.9900 dB    U 99.9900 dB    V 99.9900 dB] [ET 23.98 ] [L0 ] [L1 ]
*** TRAIL_R numBytesInNALunit: 1670379
POC  570 TId: 0 ( I-SLICE, QP 26 )   13363032 bits [Y 99.9900 dB    U 99.9900 dB    V 99.9900 dB] [ET 24.17 ] [L0 ] [L1 ]
*** TRAIL_R numBytesInNALunit: 1670635
POC  571 TId: 0 ( I-SLICE, QP 26 )   13365080 bits [Y 99.9900 dB    U 99.9900 dB    V 99.9900 dB] [ET 23.88 ] [L0 ] [L1 ]
*** TRAIL_R numBytesInNALunit: 1671032
POC  572 TId: 0 ( I-SLICE, QP 26 )   13368256 bits [Y 99.9900 dB    U 99.9900 dB    V 99.9900 dB] [ET 23.81 ] [L0 ] [L1 ]
*** TRAIL_R numBytesInNALunit: 1671650
POC  573 TId: 0 ( I-SLICE, QP 26 )   13373200 bits [Y 99.9900 dB    U 99.9900 dB    V 99.9900 dB] [ET 24.33 ] [L0 ] [L1 ]
*** TRAIL_R numBytesInNALunit: 1670403
POC  574 TId: 0 ( I-SLICE, QP 26 )   13363224 bits [Y 99.9900 dB    U 99.9900 dB    V 99.9900 dB] [ET 23.67 ] [L0 ] [L1 ]
*** TRAIL_R numBytesInNALunit: 1672963
POC  575 TId: 0 ( I-SLICE, QP 26 )   13383704 bits [Y 99.9900 dB    U 99.9900 dB    V 99.9900 dB] [ET 23.73 ] [L0 ] [L1 ]
*** TRAIL_R numBytesInNALunit: 1672120
POC  576 TId: 0 ( I-SLICE, QP 26 )   13376960 bits [Y 99.9900 dB    U 99.9900 dB    V 99.9900 dB] [ET 23.69 ] [L0 ] [L1 ]
*** TRAIL_R numBytesInNALunit: 1669416
POC  577 TId: 0 ( I-SLICE, QP 26 )   13355328 bits [Y 99.9900 dB    U 99.9900 dB    V 99.9900 dB] [ET 23.66 ] [L0 ] [L1 ]
*** TRAIL_R numBytesInNALunit: 1670842
POC  578 TId: 0 ( I-SLICE, QP 26 )   13366736 bits [Y 99.9900 dB    U 99.9900 dB    V 99.9900 dB] [ET 23.84 ] [L0 ] [L1 ]
*** TRAIL_R numBytesInNALunit: 1671575
POC  579 TId: 0 ( I-SLICE, QP 26 )   13372600 bits [Y 99.9900 dB    U 99.9900 dB    V 99.9900 dB] [ET 24.00 ] [L0 ] [L1 ]
*** TRAIL_R numBytesInNALunit: 1670784
POC  580 TId: 0 ( I-SLICE, QP 26 )   13366272 bits [Y 99.9900 dB    U 99.9900 dB    V 99.9900 dB] [ET 23.84 ] [L0 ] [L1 ]
*** TRAIL_R numBytesInNALunit: 1669372
POC  581 TId: 0 ( I-SLICE, QP 26 )   13354976 bits [Y 99.9900 dB    U 99.9900 dB    V 99.9900 dB] [ET 23.84 ] [L0 ] [L1 ]
*** TRAIL_R numBytesInNALunit: 1670015
POC  582 TId: 0 ( I-SLICE, QP 26 )   13360120 bits [Y 99.9900 dB    U 99.9900 dB    V 99.9900 dB] [ET 24.08 ] [L0 ] [L1 ]
*** TRAIL_R numBytesInNALunit: 1671480
POC  583 TId: 0 ( I-SLICE, QP 26 )   13371840 bits [Y 99.9900 dB    U 99.9900 dB    V 99.9900 dB] [ET 23.72 ] [L0 ] [L1 ]
*** TRAIL_R numBytesInNALunit: 1674470
POC  584 TId: 0 ( I-SLICE, QP 26 )   13395760 bits [Y 99.9900 dB    U 99.9900 dB    V 99.9900 dB] [ET 23.73 ] [L0 ] [L1 ]
*** TRAIL_R numBytesInNALunit: 1668711
POC  585 TId: 0 ( I-SLICE, QP 26 )   13349688 bits [Y 99.9900 dB    U 99.9900 dB    V 99.9900 dB] [ET 23.91 ] [L0 ] [L1 ]
*** TRAIL_R numBytesInNALunit: 1669684
POC  586 TId: 0 ( I-SLICE, QP 26 )   13357472 bits [Y 99.9900 dB    U 99.9900 dB    V 99.9900 dB] [ET 23.98 ] [L0 ] [L1 ]
*** TRAIL_R numBytesInNALunit: 1671871
POC  587 TId: 0 ( I-SLICE, QP 26 )   13374968 bits [Y 99.9900 dB    U 99.9900 dB    V 99.9900 dB] [ET 23.84 ] [L0 ] [L1 ]
*** TRAIL_R numBytesInNALunit: 1672336
POC  588 TId: 0 ( I-SLICE, QP 26 )   13378688 bits [Y 99.9900 dB    U 99.9900 dB    V 99.9900 dB] [ET 28.38 ] [L0 ] [L1 ]
*** TRAIL_R numBytesInNALunit: 1670529
POC  589 TId: 0 ( I-SLICE, QP 26 )   13364232 bits [Y 99.9900 dB    U 99.9900 dB    V 99.9900 dB] [ET 57.25 ] [L0 ] [L1 ]
*** TRAIL_R numBytesInNALunit: 1670491
POC  590 TId: 0 ( I-SLICE, QP 26 )   13363928 bits [Y 99.9900 dB    U 99.9900 dB    V 99.9900 dB] [ET 57.42 ] [L0 ] [L1 ]
*** TRAIL_R numBytesInNALunit: 1670879
POC  591 TId: 0 ( I-SLICE, QP 26 )   13367032 bits [Y 99.9900 dB    U 99.9900 dB    V 99.9900 dB] [ET 57.38 ] [L0 ] [L1 ]
*** TRAIL_R numBytesInNALunit: 1670815
POC  592 TId: 0 ( I-SLICE, QP 26 )   13366520 bits [Y 99.9900 dB    U 99.9900 dB    V 99.9900 dB] [ET 57.09 ] [L0 ] [L1 ]
*** TRAIL_R numBytesInNALunit: 1670623
POC  593 TId: 0 ( I-SLICE, QP 26 )   13364984 bits [Y 99.9900 dB    U 99.9900 dB    V 99.9900 dB] [ET 56.69 ] [L0 ] [L1 ]
*** TRAIL_R numBytesInNALunit: 1670979
POC  594 TId: 0 ( I-SLICE, QP 26 )   13367832 bits [Y 99.9900 dB    U 99.9900 dB    V 99.9900 dB] [ET 56.80 ] [L0 ] [L1 ]
*** TRAIL_R numBytesInNALunit: 1671359
POC  595 TId: 0 ( I-SLICE, QP 26 )   13370872 bits [Y 99.9900 dB    U 99.9900 dB    V 99.9900 dB] [ET 57.36 ] [L0 ] [L1 ]
*** TRAIL_R numBytesInNALunit: 1671908
POC  596 TId: 0 ( I-SLICE, QP 26 )   13375264 bits [Y 99.9900 dB    U 99.9900 dB    V 99.9900 dB] [ET 56.94 ] [L0 ] [L1 ]
*** TRAIL_R numBytesInNALunit: 1670832
POC  597 TId: 0 ( I-SLICE, QP 26 )   13366656 bits [Y 99.9900 dB    U 99.9900 dB    V 99.9900 dB] [ET 56.94 ] [L0 ] [L1 ]
*** TRAIL_R numBytesInNALunit: 1669977
POC  598 TId: 0 ( I-SLICE, QP 26 )   13359816 bits [Y 99.9900 dB    U 99.9900 dB    V 99.9900 dB] [ET 57.45 ] [L0 ] [L1 ]
*** TRAIL_R numBytesInNALunit: 1674584
POC  599 TId: 0 ( I-SLICE, QP 26 )   13396672 bits [Y 99.9900 dB    U 99.9900 dB    V 99.9900 dB] [ET 57.17 ] [L0 ] [L1 ]


I Slices--------------------------------------------------------
	Total Frames |  Bitrate    Y-PSNR    U-PSNR    V-PSNR 
	      600    i 756906.4144   99.9900   99.9900   99.9900
Bytes written to file: 946135429 (756908.343 kbps)
Bytes for SPS/PPS/Slice (Incl. Annex B): 946135429 (756908.343 kbps)

 Total Time:    15951.875 sec.
