
HM software: Encoder Version [15.0][Linux][GCC 4.8.5][64 bit] 

Input          File          : ../../HEVC_test_sequence/ClassF/ChinaSpeed_1024x768_30.yuv
Bitstream      File          : ChinaSpeed.bin
Reconstruction File          : ChinaSpeed.yuv
Real     Format              : 1024x768 30Hz
Internal Format              : 1024x768 30Hz
Frame/Field                  : Frame based coding
Frame index                  : 0 - 499 (500 frames)
CU size / depth              : 32 / 3
RQT trans. size (min / max)  : 4 / 32
Max RQT depth inter          : 3
Max RQT depth intra          : 1
Min PCM size                 : 8
Motion search range          : 64
Intra period                 : 1
Decoding refresh type        : 0
QP                           : 26.00
Max dQP signaling depth      : 0
Cb QP Offset                 : 0
Cr QP Offset                 : 0
QP adaptation                : 0 (range=0)
GOP size                     : 1
Internal bit depth           : (Y:8, C:8)
PCM sample bit depth         : (Y:8, C:8)
RateControl                  : 0
Max Num Merge Candidates     : 5

TOOL CFG: IBD:0 HAD:0 RDQ:0 RDQTS:0 RDpenalty:0 SQP:0 ASR:0 FEN:0 ECU:0 FDM:0 CFM:0 ESD:0 RQT:1 TransformSkip:0 TransformSkipFast:0 Slice: M=0 SliceSegment: M=0 CIP:0 SAO:0 PCM:0 TransQuantBypassEnabled: =1 WPP:0 WPB:0 PME:2  WaveFrontSynchro:0 WaveFrontSubstreams:1 ScalingList:0 TMVPMode:1  SignBitHidingFlag:1 RecalQP:0

***    VPS numBytesInNALunit: 24
***    SPS numBytesInNALunit: 31
***    PPS numBytesInNALunit: 7
*** IDR_W_RADL numBytesInNALunit: 315818
POC    0 TId: 0 ( I-SLICE, QP 26 )    2527040 bits [Y 99.9900 dB    U 99.9900 dB    V 99.9900 dB] [ET 11.53 ] [L0 ] [L1 ]
*** TRAIL_R numBytesInNALunit: 317487
POC    1 TId: 0 ( I-SLICE, QP 26 )    2539896 bits [Y 99.9900 dB    U 99.9900 dB    V 99.9900 dB] [ET 12.05 ] [L0 ] [L1 ]
*** TRAIL_R numBytesInNALunit: 318367
POC    2 TId: 0 ( I-SLICE, QP 26 )    2546936 bits [Y 99.9900 dB    U 99.9900 dB    V 99.9900 dB] [ET 11.78 ] [L0 ] [L1 ]
*** TRAIL_R numBytesInNALunit: 320909
POC    3 TId: 0 ( I-SLICE, QP 26 )    2567272 bits [Y 99.9900 dB    U 99.9900 dB    V 99.9900 dB] [ET 11.83 ] [L0 ] [L1 ]
*** TRAIL_R numBytesInNALunit: 324002
POC    4 TId: 0 ( I-SLICE, QP 26 )    2592016 bits [Y 99.9900 dB    U 99.9900 dB    V 99.9900 dB] [ET 11.84 ] [L0 ] [L1 ]
*** TRAIL_R numBytesInNALunit: 324526
POC    5 TId: 0 ( I-SLICE, QP 26 )    2596208 bits [Y 99.9900 dB    U 99.9900 dB    V 99.9900 dB] [ET 11.86 ] [L0 ] [L1 ]
*** TRAIL_R numBytesInNALunit: 325576
POC    6 TId: 0 ( I-SLICE, QP 26 )    2604608 bits [Y 99.9900 dB    U 99.9900 dB    V 99.9900 dB] [ET 11.95 ] [L0 ] [L1 ]
*** TRAIL_R numBytesInNALunit: 325148
POC    7 TId: 0 ( I-SLICE, QP 26 )    2601184 bits [Y 99.9900 dB    U 99.9900 dB    V 99.9900 dB] [ET 12.03 ] [L0 ] [L1 ]
*** TRAIL_R numBytesInNALunit: 326547
POC    8 TId: 0 ( I-SLICE, QP 26 )    2612376 bits [Y 99.9900 dB    U 99.9900 dB    V 99.9900 dB] [ET 12.33 ] [L0 ] [L1 ]
*** TRAIL_R numBytesInNALunit: 324998
POC    9 TId: 0 ( I-SLICE, QP 26 )    2599984 bits [Y 99.9900 dB    U 99.9900 dB    V 99.9900 dB] [ET 12.14 ] [L0 ] [L1 ]
*** TRAIL_R numBytesInNALunit: 320914
POC   10 TId: 0 ( I-SLICE, QP 26 )    2567312 bits [Y 99.9900 dB    U 99.9900 dB    V 99.9900 dB] [ET 12.09 ] [L0 ] [L1 ]
*** TRAIL_R numBytesInNALunit: 318812
POC   11 TId: 0 ( I-SLICE, QP 26 )    2550496 bits [Y 99.9900 dB    U 99.9900 dB    V 99.9900 dB] [ET 12.05 ] [L0 ] [L1 ]
*** TRAIL_R numBytesInNALunit: 315643
POC   12 TId: 0 ( I-SLICE, QP 26 )    2525144 bits [Y 99.9900 dB    U 99.9900 dB    V 99.9900 dB] [ET 12.06 ] [L0 ] [L1 ]
*** TRAIL_R numBytesInNALunit: 316602
POC   13 TId: 0 ( I-SLICE, QP 26 )    2532816 bits [Y 99.9900 dB    U 99.9900 dB    V 99.9900 dB] [ET 11.91 ] [L0 ] [L1 ]
*** TRAIL_R numBytesInNALunit: 318108
POC   14 TId: 0 ( I-SLICE, QP 26 )    2544864 bits [Y 99.9900 dB    U 99.9900 dB    V 99.9900 dB] [ET 11.94 ] [L0 ] [L1 ]
*** TRAIL_R numBytesInNALunit: 317291
POC   15 TId: 0 ( I-SLICE, QP 26 )    2538328 bits [Y 99.9900 dB    U 99.9900 dB    V 99.9900 dB] [ET 12.05 ] [L0 ] [L1 ]
*** TRAIL_R numBytesInNALunit: 318056
POC   16 TId: 0 ( I-SLICE, QP 26 )    2544448 bits [Y 99.9900 dB    U 99.9900 dB    V 99.9900 dB] [ET 11.98 ] [L0 ] [L1 ]
*** TRAIL_R numBytesInNALunit: 317245
POC   17 TId: 0 ( I-SLICE, QP 26 )    2537960 bits [Y 99.9900 dB    U 99.9900 dB    V 99.9900 dB] [ET 11.86 ] [L0 ] [L1 ]
*** TRAIL_R numBytesInNALunit: 316501
POC   18 TId: 0 ( I-SLICE, QP 26 )    2532008 bits [Y 99.9900 dB    U 99.9900 dB    V 99.9900 dB] [ET 11.61 ] [L0 ] [L1 ]
*** TRAIL_R numBytesInNALunit: 318417
POC   19 TId: 0 ( I-SLICE, QP 26 )    2547336 bits [Y 99.9900 dB    U 99.9900 dB    V 99.9900 dB] [ET 11.95 ] [L0 ] [L1 ]
*** TRAIL_R numBytesInNALunit: 320030
POC   20 TId: 0 ( I-SLICE, QP 26 )    2560240 bits [Y 99.9900 dB    U 99.9900 dB    V 99.9900 dB] [ET 11.95 ] [L0 ] [L1 ]
*** TRAIL_R numBytesInNALunit: 319098
POC   21 TId: 0 ( I-SLICE, QP 26 )    2552784 bits [Y 99.9900 dB    U 99.9900 dB    V 99.9900 dB] [ET 11.92 ] [L0 ] [L1 ]
*** TRAIL_R numBytesInNALunit: 319569
POC   22 TId: 0 ( I-SLICE, QP 26 )    2556552 bits [Y 99.9900 dB    U 99.9900 dB    V 99.9900 dB] [ET 12.05 ] [L0 ] [L1 ]
*** TRAIL_R numBytesInNALunit: 321741
POC   23 TId: 0 ( I-SLICE, QP 26 )    2573928 bits [Y 99.9900 dB    U 99.9900 dB    V 99.9900 dB] [ET 12.11 ] [L0 ] [L1 ]
*** TRAIL_R numBytesInNALunit: 322068
POC   24 TId: 0 ( I-SLICE, QP 26 )    2576544 bits [Y 99.9900 dB    U 99.9900 dB    V 99.9900 dB] [ET 12.11 ] [L0 ] [L1 ]
*** TRAIL_R numBytesInNALunit: 321706
POC   25 TId: 0 ( I-SLICE, QP 26 )    2573648 bits [Y 99.9900 dB    U 99.9900 dB    V 99.9900 dB] [ET 12.14 ] [L0 ] [L1 ]
*** TRAIL_R numBytesInNALunit: 322094
POC   26 TId: 0 ( I-SLICE, QP 26 )    2576752 bits [Y 99.9900 dB    U 99.9900 dB    V 99.9900 dB] [ET 12.12 ] [L0 ] [L1 ]
*** TRAIL_R numBytesInNALunit: 322176
POC   27 TId: 0 ( I-SLICE, QP 26 )    2577408 bits [Y 99.9900 dB    U 99.9900 dB    V 99.9900 dB] [ET 12.02 ] [L0 ] [L1 ]
*** TRAIL_R numBytesInNALunit: 320696
POC   28 TId: 0 ( I-SLICE, QP 26 )    2565568 bits [Y 99.9900 dB    U 99.9900 dB    V 99.9900 dB] [ET 12.03 ] [L0 ] [L1 ]
*** TRAIL_R numBytesInNALunit: 320670
POC   29 TId: 0 ( I-SLICE, QP 26 )    2565360 bits [Y 99.9900 dB    U 99.9900 dB    V 99.9900 dB] [ET 12.09 ] [L0 ] [L1 ]
*** TRAIL_R numBytesInNALunit: 321303
POC   30 TId: 0 ( I-SLICE, QP 26 )    2570424 bits [Y 99.9900 dB    U 99.9900 dB    V 99.9900 dB] [ET 12.27 ] [L0 ] [L1 ]
*** TRAIL_R numBytesInNALunit: 321846
POC   31 TId: 0 ( I-SLICE, QP 26 )    2574768 bits [Y 99.9900 dB    U 99.9900 dB    V 99.9900 dB] [ET 12.20 ] [L0 ] [L1 ]
*** TRAIL_R numBytesInNALunit: 322260
POC   32 TId: 0 ( I-SLICE, QP 26 )    2578080 bits [Y 99.9900 dB    U 99.9900 dB    V 99.9900 dB] [ET 12.27 ] [L0 ] [L1 ]
*** TRAIL_R numBytesInNALunit: 321472
POC   33 TId: 0 ( I-SLICE, QP 26 )    2571776 bits [Y 99.9900 dB    U 99.9900 dB    V 99.9900 dB] [ET 12.23 ] [L0 ] [L1 ]
*** TRAIL_R numBytesInNALunit: 318977
POC   34 TId: 0 ( I-SLICE, QP 26 )    2551816 bits [Y 99.9900 dB    U 99.9900 dB    V 99.9900 dB] [ET 12.28 ] [L0 ] [L1 ]
*** TRAIL_R numBytesInNALunit: 318081
POC   35 TId: 0 ( I-SLICE, QP 26 )    2544648 bits [Y 99.9900 dB    U 99.9900 dB    V 99.9900 dB] [ET 12.19 ] [L0 ] [L1 ]
*** TRAIL_R numBytesInNALunit: 319482
POC   36 TId: 0 ( I-SLICE, QP 26 )    2555856 bits [Y 99.9900 dB    U 99.9900 dB    V 99.9900 dB] [ET 12.20 ] [L0 ] [L1 ]
*** TRAIL_R numBytesInNALunit: 321591
POC   37 TId: 0 ( I-SLICE, QP 26 )    2572728 bits [Y 99.9900 dB    U 99.9900 dB    V 99.9900 dB] [ET 12.30 ] [L0 ] [L1 ]
*** TRAIL_R numBytesInNALunit: 320005
POC   38 TId: 0 ( I-SLICE, QP 26 )    2560040 bits [Y 99.9900 dB    U 99.9900 dB    V 99.9900 dB] [ET 12.16 ] [L0 ] [L1 ]
*** TRAIL_R numBytesInNALunit: 321571
POC   39 TId: 0 ( I-SLICE, QP 26 )    2572568 bits [Y 99.9900 dB    U 99.9900 dB    V 99.9900 dB] [ET 12.02 ] [L0 ] [L1 ]
*** TRAIL_R numBytesInNALunit: 324115
POC   40 TId: 0 ( I-SLICE, QP 26 )    2592920 bits [Y 99.9900 dB    U 99.9900 dB    V 99.9900 dB] [ET 12.19 ] [L0 ] [L1 ]
*** TRAIL_R numBytesInNALunit: 326438
POC   41 TId: 0 ( I-SLICE, QP 26 )    2611504 bits [Y 99.9900 dB    U 99.9900 dB    V 99.9900 dB] [ET 12.14 ] [L0 ] [L1 ]
*** TRAIL_R numBytesInNALunit: 327881
POC   42 TId: 0 ( I-SLICE, QP 26 )    2623048 bits [Y 99.9900 dB    U 99.9900 dB    V 99.9900 dB] [ET 12.38 ] [L0 ] [L1 ]
*** TRAIL_R numBytesInNALunit: 330899
POC   43 TId: 0 ( I-SLICE, QP 26 )    2647192 bits [Y 99.9900 dB    U 99.9900 dB    V 99.9900 dB] [ET 12.28 ] [L0 ] [L1 ]
*** TRAIL_R numBytesInNALunit: 333243
POC   44 TId: 0 ( I-SLICE, QP 26 )    2665944 bits [Y 99.9900 dB    U 99.9900 dB    V 99.9900 dB] [ET 12.28 ] [L0 ] [L1 ]
*** TRAIL_R numBytesInNALunit: 336216
POC   45 TId: 0 ( I-SLICE, QP 26 )    2689728 bits [Y 99.9900 dB    U 99.9900 dB    V 99.9900 dB] [ET 12.31 ] [L0 ] [L1 ]
*** TRAIL_R numBytesInNALunit: 336901
POC   46 TId: 0 ( I-SLICE, QP 26 )    2695208 bits [Y 99.9900 dB    U 99.9900 dB    V 99.9900 dB] [ET 12.39 ] [L0 ] [L1 ]
*** TRAIL_R numBytesInNALunit: 337349
POC   47 TId: 0 ( I-SLICE, QP 26 )    2698792 bits [Y 99.9900 dB    U 99.9900 dB    V 99.9900 dB] [ET 12.53 ] [L0 ] [L1 ]
*** TRAIL_R numBytesInNALunit: 337466
POC   48 TId: 0 ( I-SLICE, QP 26 )    2699728 bits [Y 99.9900 dB    U 99.9900 dB    V 99.9900 dB] [ET 12.28 ] [L0 ] [L1 ]
*** TRAIL_R numBytesInNALunit: 337338
POC   49 TId: 0 ( I-SLICE, QP 26 )    2698704 bits [Y 99.9900 dB    U 99.9900 dB    V 99.9900 dB] [ET 12.25 ] [L0 ] [L1 ]
*** TRAIL_R numBytesInNALunit: 336141
POC   50 TId: 0 ( I-SLICE, QP 26 )    2689128 bits [Y 99.9900 dB    U 99.9900 dB    V 99.9900 dB] [ET 12.31 ] [L0 ] [L1 ]
*** TRAIL_R numBytesInNALunit: 337332
POC   51 TId: 0 ( I-SLICE, QP 26 )    2698656 bits [Y 99.9900 dB    U 99.9900 dB    V 99.9900 dB] [ET 12.28 ] [L0 ] [L1 ]
*** TRAIL_R numBytesInNALunit: 339262
POC   52 TId: 0 ( I-SLICE, QP 26 )    2714096 bits [Y 99.9900 dB    U 99.9900 dB    V 99.9900 dB] [ET 12.28 ] [L0 ] [L1 ]
*** TRAIL_R numBytesInNALunit: 337395
POC   53 TId: 0 ( I-SLICE, QP 26 )    2699160 bits [Y 99.9900 dB    U 99.9900 dB    V 99.9900 dB] [ET 12.45 ] [L0 ] [L1 ]
*** TRAIL_R numBytesInNALunit: 335425
POC   54 TId: 0 ( I-SLICE, QP 26 )    2683400 bits [Y 99.9900 dB    U 99.9900 dB    V 99.9900 dB] [ET 12.16 ] [L0 ] [L1 ]
*** TRAIL_R numBytesInNALunit: 334536
POC   55 TId: 0 ( I-SLICE, QP 26 )    2676288 bits [Y 99.9900 dB    U 99.9900 dB    V 99.9900 dB] [ET 12.12 ] [L0 ] [L1 ]
*** TRAIL_R numBytesInNALunit: 332368
POC   56 TId: 0 ( I-SLICE, QP 26 )    2658944 bits [Y 99.9900 dB    U 99.9900 dB    V 99.9900 dB] [ET 12.27 ] [L0 ] [L1 ]
*** TRAIL_R numBytesInNALunit: 332170
POC   57 TId: 0 ( I-SLICE, QP 26 )    2657360 bits [Y 99.9900 dB    U 99.9900 dB    V 99.9900 dB] [ET 12.25 ] [L0 ] [L1 ]
*** TRAIL_R numBytesInNALunit: 333244
POC   58 TId: 0 ( I-SLICE, QP 26 )    2665952 bits [Y 99.9900 dB    U 99.9900 dB    V 99.9900 dB] [ET 12.39 ] [L0 ] [L1 ]
*** TRAIL_R numBytesInNALunit: 334451
POC   59 TId: 0 ( I-SLICE, QP 26 )    2675608 bits [Y 99.9900 dB    U 99.9900 dB    V 99.9900 dB] [ET 12.38 ] [L0 ] [L1 ]
*** TRAIL_R numBytesInNALunit: 333481
POC   60 TId: 0 ( I-SLICE, QP 26 )    2667848 bits [Y 99.9900 dB    U 99.9900 dB    V 99.9900 dB] [ET 12.36 ] [L0 ] [L1 ]
*** TRAIL_R numBytesInNALunit: 333294
POC   61 TId: 0 ( I-SLICE, QP 26 )    2666352 bits [Y 99.9900 dB    U 99.9900 dB    V 99.9900 dB] [ET 12.47 ] [L0 ] [L1 ]
*** TRAIL_R numBytesInNALunit: 333474
POC   62 TId: 0 ( I-SLICE, QP 26 )    2667792 bits [Y 99.9900 dB    U 99.9900 dB    V 99.9900 dB] [ET 12.27 ] [L0 ] [L1 ]
*** TRAIL_R numBytesInNALunit: 336632
POC   63 TId: 0 ( I-SLICE, QP 26 )    2693056 bits [Y 99.9900 dB    U 99.9900 dB    V 99.9900 dB] [ET 12.30 ] [L0 ] [L1 ]
*** TRAIL_R numBytesInNALunit: 337713
POC   64 TId: 0 ( I-SLICE, QP 26 )    2701704 bits [Y 99.9900 dB    U 99.9900 dB    V 99.9900 dB] [ET 12.47 ] [L0 ] [L1 ]
*** TRAIL_R numBytesInNALunit: 339779
POC   65 TId: 0 ( I-SLICE, QP 26 )    2718232 bits [Y 99.9900 dB    U 99.9900 dB    V 99.9900 dB] [ET 12.34 ] [L0 ] [L1 ]
*** TRAIL_R numBytesInNALunit: 339354
POC   66 TId: 0 ( I-SLICE, QP 26 )    2714832 bits [Y 99.9900 dB    U 99.9900 dB    V 99.9900 dB] [ET 12.39 ] [L0 ] [L1 ]
*** TRAIL_R numBytesInNALunit: 337898
POC   67 TId: 0 ( I-SLICE, QP 26 )    2703184 bits [Y 99.9900 dB    U 99.9900 dB    V 99.9900 dB] [ET 12.34 ] [L0 ] [L1 ]
*** TRAIL_R numBytesInNALunit: 334691
POC   68 TId: 0 ( I-SLICE, QP 26 )    2677528 bits [Y 99.9900 dB    U 99.9900 dB    V 99.9900 dB] [ET 12.34 ] [L0 ] [L1 ]
*** TRAIL_R numBytesInNALunit: 332925
POC   69 TId: 0 ( I-SLICE, QP 26 )    2663400 bits [Y 99.9900 dB    U 99.9900 dB    V 99.9900 dB] [ET 12.27 ] [L0 ] [L1 ]
*** TRAIL_R numBytesInNALunit: 331675
POC   70 TId: 0 ( I-SLICE, QP 26 )    2653400 bits [Y 99.9900 dB    U 99.9900 dB    V 99.9900 dB] [ET 12.38 ] [L0 ] [L1 ]
*** TRAIL_R numBytesInNALunit: 331649
POC   71 TId: 0 ( I-SLICE, QP 26 )    2653192 bits [Y 99.9900 dB    U 99.9900 dB    V 99.9900 dB] [ET 12.30 ] [L0 ] [L1 ]
*** TRAIL_R numBytesInNALunit: 333317
POC   72 TId: 0 ( I-SLICE, QP 26 )    2666536 bits [Y 99.9900 dB    U 99.9900 dB    V 99.9900 dB] [ET 12.39 ] [L0 ] [L1 ]
*** TRAIL_R numBytesInNALunit: 333456
POC   73 TId: 0 ( I-SLICE, QP 26 )    2667648 bits [Y 99.9900 dB    U 99.9900 dB    V 99.9900 dB] [ET 12.23 ] [L0 ] [L1 ]
*** TRAIL_R numBytesInNALunit: 334790
POC   74 TId: 0 ( I-SLICE, QP 26 )    2678320 bits [Y 99.9900 dB    U 99.9900 dB    V 99.9900 dB] [ET 12.44 ] [L0 ] [L1 ]
*** TRAIL_R numBytesInNALunit: 335363
POC   75 TId: 0 ( I-SLICE, QP 26 )    2682904 bits [Y 99.9900 dB    U 99.9900 dB    V 99.9900 dB] [ET 12.23 ] [L0 ] [L1 ]
*** TRAIL_R numBytesInNALunit: 342558
POC   76 TId: 0 ( I-SLICE, QP 26 )    2740464 bits [Y 99.9900 dB    U 99.9900 dB    V 99.9900 dB] [ET 12.22 ] [L0 ] [L1 ]
*** TRAIL_R numBytesInNALunit: 342778
POC   77 TId: 0 ( I-SLICE, QP 26 )    2742224 bits [Y 99.9900 dB    U 99.9900 dB    V 99.9900 dB] [ET 12.48 ] [L0 ] [L1 ]
*** TRAIL_R numBytesInNALunit: 344010
POC   78 TId: 0 ( I-SLICE, QP 26 )    2752080 bits [Y 99.9900 dB    U 99.9900 dB    V 99.9900 dB] [ET 12.30 ] [L0 ] [L1 ]
*** TRAIL_R numBytesInNALunit: 343714
POC   79 TId: 0 ( I-SLICE, QP 26 )    2749712 bits [Y 99.9900 dB    U 99.9900 dB    V 99.9900 dB] [ET 12.56 ] [L0 ] [L1 ]
*** TRAIL_R numBytesInNALunit: 342188
POC   80 TId: 0 ( I-SLICE, QP 26 )    2737504 bits [Y 99.9900 dB    U 99.9900 dB    V 99.9900 dB] [ET 12.42 ] [L0 ] [L1 ]
*** TRAIL_R numBytesInNALunit: 339829
POC   81 TId: 0 ( I-SLICE, QP 26 )    2718632 bits [Y 99.9900 dB    U 99.9900 dB    V 99.9900 dB] [ET 12.47 ] [L0 ] [L1 ]
*** TRAIL_R numBytesInNALunit: 340047
POC   82 TId: 0 ( I-SLICE, QP 26 )    2720376 bits [Y 99.9900 dB    U 99.9900 dB    V 99.9900 dB] [ET 12.66 ] [L0 ] [L1 ]
*** TRAIL_R numBytesInNALunit: 341197
POC   83 TId: 0 ( I-SLICE, QP 26 )    2729576 bits [Y 99.9900 dB    U 99.9900 dB    V 99.9900 dB] [ET 12.42 ] [L0 ] [L1 ]
*** TRAIL_R numBytesInNALunit: 344536
POC   84 TId: 0 ( I-SLICE, QP 26 )    2756288 bits [Y 99.9900 dB    U 99.9900 dB    V 99.9900 dB] [ET 12.48 ] [L0 ] [L1 ]
*** TRAIL_R numBytesInNALunit: 347785
POC   85 TId: 0 ( I-SLICE, QP 26 )    2782280 bits [Y 99.9900 dB    U 99.9900 dB    V 99.9900 dB] [ET 12.47 ] [L0 ] [L1 ]
*** TRAIL_R numBytesInNALunit: 350357
POC   86 TId: 0 ( I-SLICE, QP 26 )    2802856 bits [Y 99.9900 dB    U 99.9900 dB    V 99.9900 dB] [ET 12.69 ] [L0 ] [L1 ]
*** TRAIL_R numBytesInNALunit: 349103
POC   87 TId: 0 ( I-SLICE, QP 26 )    2792824 bits [Y 99.9900 dB    U 99.9900 dB    V 99.9900 dB] [ET 12.50 ] [L0 ] [L1 ]
*** TRAIL_R numBytesInNALunit: 347788
POC   88 TId: 0 ( I-SLICE, QP 26 )    2782304 bits [Y 99.9900 dB    U 99.9900 dB    V 99.9900 dB] [ET 12.55 ] [L0 ] [L1 ]
*** TRAIL_R numBytesInNALunit: 342974
POC   89 TId: 0 ( I-SLICE, QP 26 )    2743792 bits [Y 99.9900 dB    U 99.9900 dB    V 99.9900 dB] [ET 12.33 ] [L0 ] [L1 ]
*** TRAIL_R numBytesInNALunit: 340034
POC   90 TId: 0 ( I-SLICE, QP 26 )    2720272 bits [Y 99.9900 dB    U 99.9900 dB    V 99.9900 dB] [ET 12.41 ] [L0 ] [L1 ]
*** TRAIL_R numBytesInNALunit: 336282
POC   91 TId: 0 ( I-SLICE, QP 26 )    2690256 bits [Y 99.9900 dB    U 99.9900 dB    V 99.9900 dB] [ET 12.33 ] [L0 ] [L1 ]
*** TRAIL_R numBytesInNALunit: 331707
POC   92 TId: 0 ( I-SLICE, QP 26 )    2653656 bits [Y 99.9900 dB    U 99.9900 dB    V 99.9900 dB] [ET 12.34 ] [L0 ] [L1 ]
*** TRAIL_R numBytesInNALunit: 330915
POC   93 TId: 0 ( I-SLICE, QP 26 )    2647320 bits [Y 99.9900 dB    U 99.9900 dB    V 99.9900 dB] [ET 12.36 ] [L0 ] [L1 ]
*** TRAIL_R numBytesInNALunit: 330511
POC   94 TId: 0 ( I-SLICE, QP 26 )    2644088 bits [Y 99.9900 dB    U 99.9900 dB    V 99.9900 dB] [ET 12.39 ] [L0 ] [L1 ]
*** TRAIL_R numBytesInNALunit: 328965
POC   95 TId: 0 ( I-SLICE, QP 26 )    2631720 bits [Y 99.9900 dB    U 99.9900 dB    V 99.9900 dB] [ET 12.31 ] [L0 ] [L1 ]
*** TRAIL_R numBytesInNALunit: 330028
POC   96 TId: 0 ( I-SLICE, QP 26 )    2640224 bits [Y 99.9900 dB    U 99.9900 dB    V 99.9900 dB] [ET 12.14 ] [L0 ] [L1 ]
*** TRAIL_R numBytesInNALunit: 331022
POC   97 TId: 0 ( I-SLICE, QP 26 )    2648176 bits [Y 99.9900 dB    U 99.9900 dB    V 99.9900 dB] [ET 12.30 ] [L0 ] [L1 ]
*** TRAIL_R numBytesInNALunit: 329641
POC   98 TId: 0 ( I-SLICE, QP 26 )    2637128 bits [Y 99.9900 dB    U 99.9900 dB    V 99.9900 dB] [ET 12.45 ] [L0 ] [L1 ]
*** TRAIL_R numBytesInNALunit: 328627
POC   99 TId: 0 ( I-SLICE, QP 26 )    2629016 bits [Y 99.9900 dB    U 99.9900 dB    V 99.9900 dB] [ET 12.22 ] [L0 ] [L1 ]
*** TRAIL_R numBytesInNALunit: 330121
POC  100 TId: 0 ( I-SLICE, QP 26 )    2640968 bits [Y 99.9900 dB    U 99.9900 dB    V 99.9900 dB] [ET 12.34 ] [L0 ] [L1 ]
*** TRAIL_R numBytesInNALunit: 331885
POC  101 TId: 0 ( I-SLICE, QP 26 )    2655080 bits [Y 99.9900 dB    U 99.9900 dB    V 99.9900 dB] [ET 12.41 ] [L0 ] [L1 ]
*** TRAIL_R numBytesInNALunit: 335643
POC  102 TId: 0 ( I-SLICE, QP 26 )    2685144 bits [Y 99.9900 dB    U 99.9900 dB    V 99.9900 dB] [ET 12.25 ] [L0 ] [L1 ]
*** TRAIL_R numBytesInNALunit: 338984
POC  103 TId: 0 ( I-SLICE, QP 26 )    2711872 bits [Y 99.9900 dB    U 99.9900 dB    V 99.9900 dB] [ET 12.39 ] [L0 ] [L1 ]
*** TRAIL_R numBytesInNALunit: 335824
POC  104 TId: 0 ( I-SLICE, QP 26 )    2686592 bits [Y 99.9900 dB    U 99.9900 dB    V 99.9900 dB] [ET 12.33 ] [L0 ] [L1 ]
*** TRAIL_R numBytesInNALunit: 332948
POC  105 TId: 0 ( I-SLICE, QP 26 )    2663584 bits [Y 99.9900 dB    U 99.9900 dB    V 99.9900 dB] [ET 12.31 ] [L0 ] [L1 ]
*** TRAIL_R numBytesInNALunit: 333336
POC  106 TId: 0 ( I-SLICE, QP 26 )    2666688 bits [Y 99.9900 dB    U 99.9900 dB    V 99.9900 dB] [ET 12.33 ] [L0 ] [L1 ]
*** TRAIL_R numBytesInNALunit: 331556
POC  107 TId: 0 ( I-SLICE, QP 26 )    2652448 bits [Y 99.9900 dB    U 99.9900 dB    V 99.9900 dB] [ET 12.34 ] [L0 ] [L1 ]
*** TRAIL_R numBytesInNALunit: 330173
POC  108 TId: 0 ( I-SLICE, QP 26 )    2641384 bits [Y 99.9900 dB    U 99.9900 dB    V 99.9900 dB] [ET 12.30 ] [L0 ] [L1 ]
*** TRAIL_R numBytesInNALunit: 329745
POC  109 TId: 0 ( I-SLICE, QP 26 )    2637960 bits [Y 99.9900 dB    U 99.9900 dB    V 99.9900 dB] [ET 12.47 ] [L0 ] [L1 ]
*** TRAIL_R numBytesInNALunit: 329525
POC  110 TId: 0 ( I-SLICE, QP 26 )    2636200 bits [Y 99.9900 dB    U 99.9900 dB    V 99.9900 dB] [ET 12.45 ] [L0 ] [L1 ]
*** TRAIL_R numBytesInNALunit: 325325
POC  111 TId: 0 ( I-SLICE, QP 26 )    2602600 bits [Y 99.9900 dB    U 99.9900 dB    V 99.9900 dB] [ET 12.59 ] [L0 ] [L1 ]
*** TRAIL_R numBytesInNALunit: 322898
POC  112 TId: 0 ( I-SLICE, QP 26 )    2583184 bits [Y 99.9900 dB    U 99.9900 dB    V 99.9900 dB] [ET 12.27 ] [L0 ] [L1 ]
*** TRAIL_R numBytesInNALunit: 319028
POC  113 TId: 0 ( I-SLICE, QP 26 )    2552224 bits [Y 99.9900 dB    U 99.9900 dB    V 99.9900 dB] [ET 12.36 ] [L0 ] [L1 ]
*** TRAIL_R numBytesInNALunit: 312429
POC  114 TId: 0 ( I-SLICE, QP 26 )    2499432 bits [Y 99.9900 dB    U 99.9900 dB    V 99.9900 dB] [ET 12.12 ] [L0 ] [L1 ]
*** TRAIL_R numBytesInNALunit: 310362
POC  115 TId: 0 ( I-SLICE, QP 26 )    2482896 bits [Y 99.9900 dB    U 99.9900 dB    V 99.9900 dB] [ET 12.03 ] [L0 ] [L1 ]
*** TRAIL_R numBytesInNALunit: 313815
POC  116 TId: 0 ( I-SLICE, QP 26 )    2510520 bits [Y 99.9900 dB    U 99.9900 dB    V 99.9900 dB] [ET 12.02 ] [L0 ] [L1 ]
*** TRAIL_R numBytesInNALunit: 318876
POC  117 TId: 0 ( I-SLICE, QP 26 )    2551008 bits [Y 99.9900 dB    U 99.9900 dB    V 99.9900 dB] [ET 12.12 ] [L0 ] [L1 ]
*** TRAIL_R numBytesInNALunit: 320933
POC  118 TId: 0 ( I-SLICE, QP 26 )    2567464 bits [Y 99.9900 dB    U 99.9900 dB    V 99.9900 dB] [ET 12.12 ] [L0 ] [L1 ]
*** TRAIL_R numBytesInNALunit: 320741
POC  119 TId: 0 ( I-SLICE, QP 26 )    2565928 bits [Y 99.9900 dB    U 99.9900 dB    V 99.9900 dB] [ET 12.09 ] [L0 ] [L1 ]
*** TRAIL_R numBytesInNALunit: 319909
POC  120 TId: 0 ( I-SLICE, QP 26 )    2559272 bits [Y 99.9900 dB    U 99.9900 dB    V 99.9900 dB] [ET 11.92 ] [L0 ] [L1 ]
*** TRAIL_R numBytesInNALunit: 318515
POC  121 TId: 0 ( I-SLICE, QP 26 )    2548120 bits [Y 99.9900 dB    U 99.9900 dB    V 99.9900 dB] [ET 11.91 ] [L0 ] [L1 ]
*** TRAIL_R numBytesInNALunit: 327374
POC  122 TId: 0 ( I-SLICE, QP 26 )    2618992 bits [Y 99.9900 dB    U 99.9900 dB    V 99.9900 dB] [ET 12.12 ] [L0 ] [L1 ]
*** TRAIL_R numBytesInNALunit: 331339
POC  123 TId: 0 ( I-SLICE, QP 26 )    2650712 bits [Y 99.9900 dB    U 99.9900 dB    V 99.9900 dB] [ET 12.12 ] [L0 ] [L1 ]
*** TRAIL_R numBytesInNALunit: 329418
POC  124 TId: 0 ( I-SLICE, QP 26 )    2635344 bits [Y 99.9900 dB    U 99.9900 dB    V 99.9900 dB] [ET 12.23 ] [L0 ] [L1 ]
*** TRAIL_R numBytesInNALunit: 331055
POC  125 TId: 0 ( I-SLICE, QP 26 )    2648440 bits [Y 99.9900 dB    U 99.9900 dB    V 99.9900 dB] [ET 12.28 ] [L0 ] [L1 ]
*** TRAIL_R numBytesInNALunit: 334582
POC  126 TId: 0 ( I-SLICE, QP 26 )    2676656 bits [Y 99.9900 dB    U 99.9900 dB    V 99.9900 dB] [ET 12.36 ] [L0 ] [L1 ]
*** TRAIL_R numBytesInNALunit: 335377
POC  127 TId: 0 ( I-SLICE, QP 26 )    2683016 bits [Y 99.9900 dB    U 99.9900 dB    V 99.9900 dB] [ET 12.31 ] [L0 ] [L1 ]
*** TRAIL_R numBytesInNALunit: 335545
POC  128 TId: 0 ( I-SLICE, QP 26 )    2684360 bits [Y 99.9900 dB    U 99.9900 dB    V 99.9900 dB] [ET 12.33 ] [L0 ] [L1 ]
*** TRAIL_R numBytesInNALunit: 336324
POC  129 TId: 0 ( I-SLICE, QP 26 )    2690592 bits [Y 99.9900 dB    U 99.9900 dB    V 99.9900 dB] [ET 12.39 ] [L0 ] [L1 ]
*** TRAIL_R numBytesInNALunit: 335548
POC  130 TId: 0 ( I-SLICE, QP 26 )    2684384 bits [Y 99.9900 dB    U 99.9900 dB    V 99.9900 dB] [ET 12.33 ] [L0 ] [L1 ]
*** TRAIL_R numBytesInNALunit: 333251
POC  131 TId: 0 ( I-SLICE, QP 26 )    2666008 bits [Y 99.9900 dB    U 99.9900 dB    V 99.9900 dB] [ET 12.41 ] [L0 ] [L1 ]
*** TRAIL_R numBytesInNALunit: 332156
POC  132 TId: 0 ( I-SLICE, QP 26 )    2657248 bits [Y 99.9900 dB    U 99.9900 dB    V 99.9900 dB] [ET 12.41 ] [L0 ] [L1 ]
*** TRAIL_R numBytesInNALunit: 331838
POC  133 TId: 0 ( I-SLICE, QP 26 )    2654704 bits [Y 99.9900 dB    U 99.9900 dB    V 99.9900 dB] [ET 12.47 ] [L0 ] [L1 ]
*** TRAIL_R numBytesInNALunit: 329285
POC  134 TId: 0 ( I-SLICE, QP 26 )    2634280 bits [Y 99.9900 dB    U 99.9900 dB    V 99.9900 dB] [ET 12.41 ] [L0 ] [L1 ]
*** TRAIL_R numBytesInNALunit: 326647
POC  135 TId: 0 ( I-SLICE, QP 26 )    2613176 bits [Y 99.9900 dB    U 99.9900 dB    V 99.9900 dB] [ET 12.30 ] [L0 ] [L1 ]
*** TRAIL_R numBytesInNALunit: 324969
POC  136 TId: 0 ( I-SLICE, QP 26 )    2599752 bits [Y 99.9900 dB    U 99.9900 dB    V 99.9900 dB] [ET 12.50 ] [L0 ] [L1 ]
*** TRAIL_R numBytesInNALunit: 323307
POC  137 TId: 0 ( I-SLICE, QP 26 )    2586456 bits [Y 99.9900 dB    U 99.9900 dB    V 99.9900 dB] [ET 12.45 ] [L0 ] [L1 ]
*** TRAIL_R numBytesInNALunit: 321787
POC  138 TId: 0 ( I-SLICE, QP 26 )    2574296 bits [Y 99.9900 dB    U 99.9900 dB    V 99.9900 dB] [ET 12.25 ] [L0 ] [L1 ]
*** TRAIL_R numBytesInNALunit: 317940
POC  139 TId: 0 ( I-SLICE, QP 26 )    2543520 bits [Y 99.9900 dB    U 99.9900 dB    V 99.9900 dB] [ET 12.34 ] [L0 ] [L1 ]
*** TRAIL_R numBytesInNALunit: 317711
POC  140 TId: 0 ( I-SLICE, QP 26 )    2541688 bits [Y 99.9900 dB    U 99.9900 dB    V 99.9900 dB] [ET 12.28 ] [L0 ] [L1 ]
*** TRAIL_R numBytesInNALunit: 315495
POC  141 TId: 0 ( I-SLICE, QP 26 )    2523960 bits [Y 99.9900 dB    U 99.9900 dB    V 99.9900 dB] [ET 12.44 ] [L0 ] [L1 ]
*** TRAIL_R numBytesInNALunit: 313920
POC  142 TId: 0 ( I-SLICE, QP 26 )    2511360 bits [Y 99.9900 dB    U 99.9900 dB    V 99.9900 dB] [ET 12.19 ] [L0 ] [L1 ]
*** TRAIL_R numBytesInNALunit: 314048
POC  143 TId: 0 ( I-SLICE, QP 26 )    2512384 bits [Y 99.9900 dB    U 99.9900 dB    V 99.9900 dB] [ET 12.30 ] [L0 ] [L1 ]
*** TRAIL_R numBytesInNALunit: 315635
POC  144 TId: 0 ( I-SLICE, QP 26 )    2525080 bits [Y 99.9900 dB    U 99.9900 dB    V 99.9900 dB] [ET 12.23 ] [L0 ] [L1 ]
*** TRAIL_R numBytesInNALunit: 317886
POC  145 TId: 0 ( I-SLICE, QP 26 )    2543088 bits [Y 99.9900 dB    U 99.9900 dB    V 99.9900 dB] [ET 12.33 ] [L0 ] [L1 ]
*** TRAIL_R numBytesInNALunit: 317243
POC  146 TId: 0 ( I-SLICE, QP 26 )    2537944 bits [Y 99.9900 dB    U 99.9900 dB    V 99.9900 dB] [ET 12.27 ] [L0 ] [L1 ]
*** TRAIL_R numBytesInNALunit: 313895
POC  147 TId: 0 ( I-SLICE, QP 26 )    2511160 bits [Y 99.9900 dB    U 99.9900 dB    V 99.9900 dB] [ET 12.30 ] [L0 ] [L1 ]
*** TRAIL_R numBytesInNALunit: 311277
POC  148 TId: 0 ( I-SLICE, QP 26 )    2490216 bits [Y 99.9900 dB    U 99.9900 dB    V 99.9900 dB] [ET 12.22 ] [L0 ] [L1 ]
*** TRAIL_R numBytesInNALunit: 312760
POC  149 TId: 0 ( I-SLICE, QP 26 )    2502080 bits [Y 99.9900 dB    U 99.9900 dB    V 99.9900 dB] [ET 12.17 ] [L0 ] [L1 ]
*** TRAIL_R numBytesInNALunit: 315171
POC  150 TId: 0 ( I-SLICE, QP 26 )    2521368 bits [Y 99.9900 dB    U 99.9900 dB    V 99.9900 dB] [ET 12.22 ] [L0 ] [L1 ]
*** TRAIL_R numBytesInNALunit: 314603
POC  151 TId: 0 ( I-SLICE, QP 26 )    2516824 bits [Y 99.9900 dB    U 99.9900 dB    V 99.9900 dB] [ET 12.30 ] [L0 ] [L1 ]
*** TRAIL_R numBytesInNALunit: 313128
POC  152 TId: 0 ( I-SLICE, QP 26 )    2505024 bits [Y 99.9900 dB    U 99.9900 dB    V 99.9900 dB] [ET 12.11 ] [L0 ] [L1 ]
*** TRAIL_R numBytesInNALunit: 311007
POC  153 TId: 0 ( I-SLICE, QP 26 )    2488056 bits [Y 99.9900 dB    U 99.9900 dB    V 99.9900 dB] [ET 12.16 ] [L0 ] [L1 ]
*** TRAIL_R numBytesInNALunit: 309919
POC  154 TId: 0 ( I-SLICE, QP 26 )    2479352 bits [Y 99.9900 dB    U 99.9900 dB    V 99.9900 dB] [ET 12.14 ] [L0 ] [L1 ]
*** TRAIL_R numBytesInNALunit: 310570
POC  155 TId: 0 ( I-SLICE, QP 26 )    2484560 bits [Y 99.9900 dB    U 99.9900 dB    V 99.9900 dB] [ET 12.08 ] [L0 ] [L1 ]
*** TRAIL_R numBytesInNALunit: 311982
POC  156 TId: 0 ( I-SLICE, QP 26 )    2495856 bits [Y 99.9900 dB    U 99.9900 dB    V 99.9900 dB] [ET 12.17 ] [L0 ] [L1 ]
*** TRAIL_R numBytesInNALunit: 318861
POC  157 TId: 0 ( I-SLICE, QP 26 )    2550888 bits [Y 99.9900 dB    U 99.9900 dB    V 99.9900 dB] [ET 12.20 ] [L0 ] [L1 ]
*** TRAIL_R numBytesInNALunit: 321798
POC  158 TId: 0 ( I-SLICE, QP 26 )    2574384 bits [Y 99.9900 dB    U 99.9900 dB    V 99.9900 dB] [ET 12.30 ] [L0 ] [L1 ]
*** TRAIL_R numBytesInNALunit: 324719
POC  159 TId: 0 ( I-SLICE, QP 26 )    2597752 bits [Y 99.9900 dB    U 99.9900 dB    V 99.9900 dB] [ET 12.27 ] [L0 ] [L1 ]
*** TRAIL_R numBytesInNALunit: 325709
POC  160 TId: 0 ( I-SLICE, QP 26 )    2605672 bits [Y 99.9900 dB    U 99.9900 dB    V 99.9900 dB] [ET 12.34 ] [L0 ] [L1 ]
*** TRAIL_R numBytesInNALunit: 322980
POC  161 TId: 0 ( I-SLICE, QP 26 )    2583840 bits [Y 99.9900 dB    U 99.9900 dB    V 99.9900 dB] [ET 12.30 ] [L0 ] [L1 ]
*** TRAIL_R numBytesInNALunit: 321118
POC  162 TId: 0 ( I-SLICE, QP 26 )    2568944 bits [Y 99.9900 dB    U 99.9900 dB    V 99.9900 dB] [ET 12.23 ] [L0 ] [L1 ]
*** TRAIL_R numBytesInNALunit: 319426
POC  163 TId: 0 ( I-SLICE, QP 26 )    2555408 bits [Y 99.9900 dB    U 99.9900 dB    V 99.9900 dB] [ET 12.19 ] [L0 ] [L1 ]
*** TRAIL_R numBytesInNALunit: 322436
POC  164 TId: 0 ( I-SLICE, QP 26 )    2579488 bits [Y 99.9900 dB    U 99.9900 dB    V 99.9900 dB] [ET 12.27 ] [L0 ] [L1 ]
*** TRAIL_R numBytesInNALunit: 326203
POC  165 TId: 0 ( I-SLICE, QP 26 )    2609624 bits [Y 99.9900 dB    U 99.9900 dB    V 99.9900 dB] [ET 12.27 ] [L0 ] [L1 ]
*** TRAIL_R numBytesInNALunit: 327502
POC  166 TId: 0 ( I-SLICE, QP 26 )    2620016 bits [Y 99.9900 dB    U 99.9900 dB    V 99.9900 dB] [ET 12.27 ] [L0 ] [L1 ]
*** TRAIL_R numBytesInNALunit: 330211
POC  167 TId: 0 ( I-SLICE, QP 26 )    2641688 bits [Y 99.9900 dB    U 99.9900 dB    V 99.9900 dB] [ET 12.41 ] [L0 ] [L1 ]
*** TRAIL_R numBytesInNALunit: 330836
POC  168 TId: 0 ( I-SLICE, QP 26 )    2646688 bits [Y 99.9900 dB    U 99.9900 dB    V 99.9900 dB] [ET 12.36 ] [L0 ] [L1 ]
*** TRAIL_R numBytesInNALunit: 330866
POC  169 TId: 0 ( I-SLICE, QP 26 )    2646928 bits [Y 99.9900 dB    U 99.9900 dB    V 99.9900 dB] [ET 12.39 ] [L0 ] [L1 ]
*** TRAIL_R numBytesInNALunit: 331575
POC  170 TId: 0 ( I-SLICE, QP 26 )    2652600 bits [Y 99.9900 dB    U 99.9900 dB    V 99.9900 dB] [ET 12.38 ] [L0 ] [L1 ]
*** TRAIL_R numBytesInNALunit: 331266
POC  171 TId: 0 ( I-SLICE, QP 26 )    2650128 bits [Y 99.9900 dB    U 99.9900 dB    V 99.9900 dB] [ET 12.33 ] [L0 ] [L1 ]
*** TRAIL_R numBytesInNALunit: 330370
POC  172 TId: 0 ( I-SLICE, QP 26 )    2642960 bits [Y 99.9900 dB    U 99.9900 dB    V 99.9900 dB] [ET 12.42 ] [L0 ] [L1 ]
*** TRAIL_R numBytesInNALunit: 330529
POC  173 TId: 0 ( I-SLICE, QP 26 )    2644232 bits [Y 99.9900 dB    U 99.9900 dB    V 99.9900 dB] [ET 12.38 ] [L0 ] [L1 ]
*** TRAIL_R numBytesInNALunit: 329853
POC  174 TId: 0 ( I-SLICE, QP 26 )    2638824 bits [Y 99.9900 dB    U 99.9900 dB    V 99.9900 dB] [ET 12.48 ] [L0 ] [L1 ]
*** TRAIL_R numBytesInNALunit: 328631
POC  175 TId: 0 ( I-SLICE, QP 26 )    2629048 bits [Y 99.9900 dB    U 99.9900 dB    V 99.9900 dB] [ET 12.33 ] [L0 ] [L1 ]
*** TRAIL_R numBytesInNALunit: 326079
POC  176 TId: 0 ( I-SLICE, QP 26 )    2608632 bits [Y 99.9900 dB    U 99.9900 dB    V 99.9900 dB] [ET 12.33 ] [L0 ] [L1 ]
*** TRAIL_R numBytesInNALunit: 326471
POC  177 TId: 0 ( I-SLICE, QP 26 )    2611768 bits [Y 99.9900 dB    U 99.9900 dB    V 99.9900 dB] [ET 12.53 ] [L0 ] [L1 ]
*** TRAIL_R numBytesInNALunit: 325524
POC  178 TId: 0 ( I-SLICE, QP 26 )    2604192 bits [Y 99.9900 dB    U 99.9900 dB    V 99.9900 dB] [ET 12.42 ] [L0 ] [L1 ]
*** TRAIL_R numBytesInNALunit: 324487
POC  179 TId: 0 ( I-SLICE, QP 26 )    2595896 bits [Y 99.9900 dB    U 99.9900 dB    V 99.9900 dB] [ET 12.47 ] [L0 ] [L1 ]
*** TRAIL_R numBytesInNALunit: 321745
POC  180 TId: 0 ( I-SLICE, QP 26 )    2573960 bits [Y 99.9900 dB    U 99.9900 dB    V 99.9900 dB] [ET 12.48 ] [L0 ] [L1 ]
*** TRAIL_R numBytesInNALunit: 319657
POC  181 TId: 0 ( I-SLICE, QP 26 )    2557256 bits [Y 99.9900 dB    U 99.9900 dB    V 99.9900 dB] [ET 12.31 ] [L0 ] [L1 ]
*** TRAIL_R numBytesInNALunit: 316846
POC  182 TId: 0 ( I-SLICE, QP 26 )    2534768 bits [Y 99.9900 dB    U 99.9900 dB    V 99.9900 dB] [ET 12.30 ] [L0 ] [L1 ]
*** TRAIL_R numBytesInNALunit: 316528
POC  183 TId: 0 ( I-SLICE, QP 26 )    2532224 bits [Y 99.9900 dB    U 99.9900 dB    V 99.9900 dB] [ET 12.14 ] [L0 ] [L1 ]
*** TRAIL_R numBytesInNALunit: 313577
POC  184 TId: 0 ( I-SLICE, QP 26 )    2508616 bits [Y 99.9900 dB    U 99.9900 dB    V 99.9900 dB] [ET 12.22 ] [L0 ] [L1 ]
*** TRAIL_R numBytesInNALunit: 317328
POC  185 TId: 0 ( I-SLICE, QP 26 )    2538624 bits [Y 99.9900 dB    U 99.9900 dB    V 99.9900 dB] [ET 12.38 ] [L0 ] [L1 ]
*** TRAIL_R numBytesInNALunit: 319631
POC  186 TId: 0 ( I-SLICE, QP 26 )    2557048 bits [Y 99.9900 dB    U 99.9900 dB    V 99.9900 dB] [ET 12.23 ] [L0 ] [L1 ]
*** TRAIL_R numBytesInNALunit: 319842
POC  187 TId: 0 ( I-SLICE, QP 26 )    2558736 bits [Y 99.9900 dB    U 99.9900 dB    V 99.9900 dB] [ET 12.31 ] [L0 ] [L1 ]
*** TRAIL_R numBytesInNALunit: 320607
POC  188 TId: 0 ( I-SLICE, QP 26 )    2564856 bits [Y 99.9900 dB    U 99.9900 dB    V 99.9900 dB] [ET 12.30 ] [L0 ] [L1 ]
*** TRAIL_R numBytesInNALunit: 320452
POC  189 TId: 0 ( I-SLICE, QP 26 )    2563616 bits [Y 99.9900 dB    U 99.9900 dB    V 99.9900 dB] [ET 12.31 ] [L0 ] [L1 ]
*** TRAIL_R numBytesInNALunit: 318736
POC  190 TId: 0 ( I-SLICE, QP 26 )    2549888 bits [Y 99.9900 dB    U 99.9900 dB    V 99.9900 dB] [ET 12.20 ] [L0 ] [L1 ]
*** TRAIL_R numBytesInNALunit: 320212
POC  191 TId: 0 ( I-SLICE, QP 26 )    2561696 bits [Y 99.9900 dB    U 99.9900 dB    V 99.9900 dB] [ET 12.33 ] [L0 ] [L1 ]
*** TRAIL_R numBytesInNALunit: 321287
POC  192 TId: 0 ( I-SLICE, QP 26 )    2570296 bits [Y 99.9900 dB    U 99.9900 dB    V 99.9900 dB] [ET 12.28 ] [L0 ] [L1 ]
*** TRAIL_R numBytesInNALunit: 322382
POC  193 TId: 0 ( I-SLICE, QP 26 )    2579056 bits [Y 99.9900 dB    U 99.9900 dB    V 99.9900 dB] [ET 12.27 ] [L0 ] [L1 ]
*** TRAIL_R numBytesInNALunit: 324037
POC  194 TId: 0 ( I-SLICE, QP 26 )    2592296 bits [Y 99.9900 dB    U 99.9900 dB    V 99.9900 dB] [ET 12.33 ] [L0 ] [L1 ]
*** TRAIL_R numBytesInNALunit: 320728
POC  195 TId: 0 ( I-SLICE, QP 26 )    2565824 bits [Y 99.9900 dB    U 99.9900 dB    V 99.9900 dB] [ET 12.36 ] [L0 ] [L1 ]
*** TRAIL_R numBytesInNALunit: 319342
POC  196 TId: 0 ( I-SLICE, QP 26 )    2554736 bits [Y 99.9900 dB    U 99.9900 dB    V 99.9900 dB] [ET 12.33 ] [L0 ] [L1 ]
*** TRAIL_R numBytesInNALunit: 318952
POC  197 TId: 0 ( I-SLICE, QP 26 )    2551616 bits [Y 99.9900 dB    U 99.9900 dB    V 99.9900 dB] [ET 12.23 ] [L0 ] [L1 ]
*** TRAIL_R numBytesInNALunit: 320541
POC  198 TId: 0 ( I-SLICE, QP 26 )    2564328 bits [Y 99.9900 dB    U 99.9900 dB    V 99.9900 dB] [ET 12.22 ] [L0 ] [L1 ]
*** TRAIL_R numBytesInNALunit: 322592
POC  199 TId: 0 ( I-SLICE, QP 26 )    2580736 bits [Y 99.9900 dB    U 99.9900 dB    V 99.9900 dB] [ET 12.36 ] [L0 ] [L1 ]
*** TRAIL_R numBytesInNALunit: 326489
POC  200 TId: 0 ( I-SLICE, QP 26 )    2611912 bits [Y 99.9900 dB    U 99.9900 dB    V 99.9900 dB] [ET 12.45 ] [L0 ] [L1 ]
*** TRAIL_R numBytesInNALunit: 329827
POC  201 TId: 0 ( I-SLICE, QP 26 )    2638616 bits [Y 99.9900 dB    U 99.9900 dB    V 99.9900 dB] [ET 12.81 ] [L0 ] [L1 ]
*** TRAIL_R numBytesInNALunit: 331179
POC  202 TId: 0 ( I-SLICE, QP 26 )    2649432 bits [Y 99.9900 dB    U 99.9900 dB    V 99.9900 dB] [ET 12.84 ] [L0 ] [L1 ]
*** TRAIL_R numBytesInNALunit: 332428
POC  203 TId: 0 ( I-SLICE, QP 26 )    2659424 bits [Y 99.9900 dB    U 99.9900 dB    V 99.9900 dB] [ET 12.83 ] [L0 ] [L1 ]
*** TRAIL_R numBytesInNALunit: 330772
POC  204 TId: 0 ( I-SLICE, QP 26 )    2646176 bits [Y 99.9900 dB    U 99.9900 dB    V 99.9900 dB] [ET 12.73 ] [L0 ] [L1 ]
*** TRAIL_R numBytesInNALunit: 330037
POC  205 TId: 0 ( I-SLICE, QP 26 )    2640296 bits [Y 99.9900 dB    U 99.9900 dB    V 99.9900 dB] [ET 12.73 ] [L0 ] [L1 ]
*** TRAIL_R numBytesInNALunit: 329997
POC  206 TId: 0 ( I-SLICE, QP 26 )    2639976 bits [Y 99.9900 dB    U 99.9900 dB    V 99.9900 dB] [ET 12.67 ] [L0 ] [L1 ]
*** TRAIL_R numBytesInNALunit: 330736
POC  207 TId: 0 ( I-SLICE, QP 26 )    2645888 bits [Y 99.9900 dB    U 99.9900 dB    V 99.9900 dB] [ET 12.73 ] [L0 ] [L1 ]
*** TRAIL_R numBytesInNALunit: 331858
POC  208 TId: 0 ( I-SLICE, QP 26 )    2654864 bits [Y 99.9900 dB    U 99.9900 dB    V 99.9900 dB] [ET 12.66 ] [L0 ] [L1 ]
*** TRAIL_R numBytesInNALunit: 331413
POC  209 TId: 0 ( I-SLICE, QP 26 )    2651304 bits [Y 99.9900 dB    U 99.9900 dB    V 99.9900 dB] [ET 12.66 ] [L0 ] [L1 ]
*** TRAIL_R numBytesInNALunit: 332656
POC  210 TId: 0 ( I-SLICE, QP 26 )    2661248 bits [Y 99.9900 dB    U 99.9900 dB    V 99.9900 dB] [ET 12.70 ] [L0 ] [L1 ]
*** TRAIL_R numBytesInNALunit: 333913
POC  211 TId: 0 ( I-SLICE, QP 26 )    2671304 bits [Y 99.9900 dB    U 99.9900 dB    V 99.9900 dB] [ET 12.72 ] [L0 ] [L1 ]
*** TRAIL_R numBytesInNALunit: 332919
POC  212 TId: 0 ( I-SLICE, QP 26 )    2663352 bits [Y 99.9900 dB    U 99.9900 dB    V 99.9900 dB] [ET 12.80 ] [L0 ] [L1 ]
*** TRAIL_R numBytesInNALunit: 333138
POC  213 TId: 0 ( I-SLICE, QP 26 )    2665104 bits [Y 99.9900 dB    U 99.9900 dB    V 99.9900 dB] [ET 12.73 ] [L0 ] [L1 ]
*** TRAIL_R numBytesInNALunit: 335466
POC  214 TId: 0 ( I-SLICE, QP 26 )    2683728 bits [Y 99.9900 dB    U 99.9900 dB    V 99.9900 dB] [ET 12.61 ] [L0 ] [L1 ]
*** TRAIL_R numBytesInNALunit: 335769
POC  215 TId: 0 ( I-SLICE, QP 26 )    2686152 bits [Y 99.9900 dB    U 99.9900 dB    V 99.9900 dB] [ET 12.50 ] [L0 ] [L1 ]
*** TRAIL_R numBytesInNALunit: 334247
POC  216 TId: 0 ( I-SLICE, QP 26 )    2673976 bits [Y 99.9900 dB    U 99.9900 dB    V 99.9900 dB] [ET 12.25 ] [L0 ] [L1 ]
*** TRAIL_R numBytesInNALunit: 332625
POC  217 TId: 0 ( I-SLICE, QP 26 )    2661000 bits [Y 99.9900 dB    U 99.9900 dB    V 99.9900 dB] [ET 12.34 ] [L0 ] [L1 ]
*** TRAIL_R numBytesInNALunit: 330929
POC  218 TId: 0 ( I-SLICE, QP 26 )    2647432 bits [Y 99.9900 dB    U 99.9900 dB    V 99.9900 dB] [ET 12.47 ] [L0 ] [L1 ]
*** TRAIL_R numBytesInNALunit: 330804
POC  219 TId: 0 ( I-SLICE, QP 26 )    2646432 bits [Y 99.9900 dB    U 99.9900 dB    V 99.9900 dB] [ET 12.38 ] [L0 ] [L1 ]
*** TRAIL_R numBytesInNALunit: 330350
POC  220 TId: 0 ( I-SLICE, QP 26 )    2642800 bits [Y 99.9900 dB    U 99.9900 dB    V 99.9900 dB] [ET 12.31 ] [L0 ] [L1 ]
*** TRAIL_R numBytesInNALunit: 330180
POC  221 TId: 0 ( I-SLICE, QP 26 )    2641440 bits [Y 99.9900 dB    U 99.9900 dB    V 99.9900 dB] [ET 12.44 ] [L0 ] [L1 ]
*** TRAIL_R numBytesInNALunit: 329168
POC  222 TId: 0 ( I-SLICE, QP 26 )    2633344 bits [Y 99.9900 dB    U 99.9900 dB    V 99.9900 dB] [ET 12.48 ] [L0 ] [L1 ]
*** TRAIL_R numBytesInNALunit: 328931
POC  223 TId: 0 ( I-SLICE, QP 26 )    2631448 bits [Y 99.9900 dB    U 99.9900 dB    V 99.9900 dB] [ET 12.28 ] [L0 ] [L1 ]
*** TRAIL_R numBytesInNALunit: 325935
POC  224 TId: 0 ( I-SLICE, QP 26 )    2607480 bits [Y 99.9900 dB    U 99.9900 dB    V 99.9900 dB] [ET 12.25 ] [L0 ] [L1 ]
*** TRAIL_R numBytesInNALunit: 323659
POC  225 TId: 0 ( I-SLICE, QP 26 )    2589272 bits [Y 99.9900 dB    U 99.9900 dB    V 99.9900 dB] [ET 12.31 ] [L0 ] [L1 ]
*** TRAIL_R numBytesInNALunit: 322035
POC  226 TId: 0 ( I-SLICE, QP 26 )    2576280 bits [Y 99.9900 dB    U 99.9900 dB    V 99.9900 dB] [ET 12.20 ] [L0 ] [L1 ]
*** TRAIL_R numBytesInNALunit: 320331
POC  227 TId: 0 ( I-SLICE, QP 26 )    2562648 bits [Y 99.9900 dB    U 99.9900 dB    V 99.9900 dB] [ET 12.30 ] [L0 ] [L1 ]
*** TRAIL_R numBytesInNALunit: 321538
POC  228 TId: 0 ( I-SLICE, QP 26 )    2572304 bits [Y 99.9900 dB    U 99.9900 dB    V 99.9900 dB] [ET 12.20 ] [L0 ] [L1 ]
*** TRAIL_R numBytesInNALunit: 321788
POC  229 TId: 0 ( I-SLICE, QP 26 )    2574304 bits [Y 99.9900 dB    U 99.9900 dB    V 99.9900 dB] [ET 12.27 ] [L0 ] [L1 ]
*** TRAIL_R numBytesInNALunit: 319714
POC  230 TId: 0 ( I-SLICE, QP 26 )    2557712 bits [Y 99.9900 dB    U 99.9900 dB    V 99.9900 dB] [ET 12.27 ] [L0 ] [L1 ]
*** TRAIL_R numBytesInNALunit: 319970
POC  231 TId: 0 ( I-SLICE, QP 26 )    2559760 bits [Y 99.9900 dB    U 99.9900 dB    V 99.9900 dB] [ET 12.06 ] [L0 ] [L1 ]
*** TRAIL_R numBytesInNALunit: 321396
POC  232 TId: 0 ( I-SLICE, QP 26 )    2571168 bits [Y 99.9900 dB    U 99.9900 dB    V 99.9900 dB] [ET 12.12 ] [L0 ] [L1 ]
*** TRAIL_R numBytesInNALunit: 322483
POC  233 TId: 0 ( I-SLICE, QP 26 )    2579864 bits [Y 99.9900 dB    U 99.9900 dB    V 99.9900 dB] [ET 11.92 ] [L0 ] [L1 ]
*** TRAIL_R numBytesInNALunit: 322511
POC  234 TId: 0 ( I-SLICE, QP 26 )    2580088 bits [Y 99.9900 dB    U 99.9900 dB    V 99.9900 dB] [ET 12.05 ] [L0 ] [L1 ]
*** TRAIL_R numBytesInNALunit: 324028
POC  235 TId: 0 ( I-SLICE, QP 26 )    2592224 bits [Y 99.9900 dB    U 99.9900 dB    V 99.9900 dB] [ET 12.16 ] [L0 ] [L1 ]
*** TRAIL_R numBytesInNALunit: 326506
POC  236 TId: 0 ( I-SLICE, QP 26 )    2612048 bits [Y 99.9900 dB    U 99.9900 dB    V 99.9900 dB] [ET 12.08 ] [L0 ] [L1 ]
*** TRAIL_R numBytesInNALunit: 324045
POC  237 TId: 0 ( I-SLICE, QP 26 )    2592360 bits [Y 99.9900 dB    U 99.9900 dB    V 99.9900 dB] [ET 12.14 ] [L0 ] [L1 ]
*** TRAIL_R numBytesInNALunit: 324334
POC  238 TId: 0 ( I-SLICE, QP 26 )    2594672 bits [Y 99.9900 dB    U 99.9900 dB    V 99.9900 dB] [ET 12.06 ] [L0 ] [L1 ]
*** TRAIL_R numBytesInNALunit: 325050
POC  239 TId: 0 ( I-SLICE, QP 26 )    2600400 bits [Y 99.9900 dB    U 99.9900 dB    V 99.9900 dB] [ET 12.09 ] [L0 ] [L1 ]
*** TRAIL_R numBytesInNALunit: 326609
POC  240 TId: 0 ( I-SLICE, QP 26 )    2612872 bits [Y 99.9900 dB    U 99.9900 dB    V 99.9900 dB] [ET 12.11 ] [L0 ] [L1 ]
*** TRAIL_R numBytesInNALunit: 327680
POC  241 TId: 0 ( I-SLICE, QP 26 )    2621440 bits [Y 99.9900 dB    U 99.9900 dB    V 99.9900 dB] [ET 12.00 ] [L0 ] [L1 ]
*** TRAIL_R numBytesInNALunit: 330854
POC  242 TId: 0 ( I-SLICE, QP 26 )    2646832 bits [Y 99.9900 dB    U 99.9900 dB    V 99.9900 dB] [ET 12.16 ] [L0 ] [L1 ]
*** TRAIL_R numBytesInNALunit: 332357
POC  243 TId: 0 ( I-SLICE, QP 26 )    2658856 bits [Y 99.9900 dB    U 99.9900 dB    V 99.9900 dB] [ET 12.19 ] [L0 ] [L1 ]
*** TRAIL_R numBytesInNALunit: 332011
POC  244 TId: 0 ( I-SLICE, QP 26 )    2656088 bits [Y 99.9900 dB    U 99.9900 dB    V 99.9900 dB] [ET 12.22 ] [L0 ] [L1 ]
*** TRAIL_R numBytesInNALunit: 335023
POC  245 TId: 0 ( I-SLICE, QP 26 )    2680184 bits [Y 99.9900 dB    U 99.9900 dB    V 99.9900 dB] [ET 11.98 ] [L0 ] [L1 ]
*** TRAIL_R numBytesInNALunit: 338626
POC  246 TId: 0 ( I-SLICE, QP 26 )    2709008 bits [Y 99.9900 dB    U 99.9900 dB    V 99.9900 dB] [ET 11.58 ] [L0 ] [L1 ]
*** TRAIL_R numBytesInNALunit: 342554
POC  247 TId: 0 ( I-SLICE, QP 26 )    2740432 bits [Y 99.9900 dB    U 99.9900 dB    V 99.9900 dB] [ET 12.00 ] [L0 ] [L1 ]
*** TRAIL_R numBytesInNALunit: 347620
POC  248 TId: 0 ( I-SLICE, QP 26 )    2780960 bits [Y 99.9900 dB    U 99.9900 dB    V 99.9900 dB] [ET 12.23 ] [L0 ] [L1 ]
*** TRAIL_R numBytesInNALunit: 349898
POC  249 TId: 0 ( I-SLICE, QP 26 )    2799184 bits [Y 99.9900 dB    U 99.9900 dB    V 99.9900 dB] [ET 12.12 ] [L0 ] [L1 ]
*** TRAIL_R numBytesInNALunit: 352194
POC  250 TId: 0 ( I-SLICE, QP 26 )    2817552 bits [Y 99.9900 dB    U 99.9900 dB    V 99.9900 dB] [ET 12.03 ] [L0 ] [L1 ]
*** TRAIL_R numBytesInNALunit: 350528
POC  251 TId: 0 ( I-SLICE, QP 26 )    2804224 bits [Y 99.9900 dB    U 99.9900 dB    V 99.9900 dB] [ET 11.31 ] [L0 ] [L1 ]
*** TRAIL_R numBytesInNALunit: 349766
POC  252 TId: 0 ( I-SLICE, QP 26 )    2798128 bits [Y 99.9900 dB    U 99.9900 dB    V 99.9900 dB] [ET 11.09 ] [L0 ] [L1 ]
*** TRAIL_R numBytesInNALunit: 348450
POC  253 TId: 0 ( I-SLICE, QP 26 )    2787600 bits [Y 99.9900 dB    U 99.9900 dB    V 99.9900 dB] [ET 11.12 ] [L0 ] [L1 ]
*** TRAIL_R numBytesInNALunit: 350849
POC  254 TId: 0 ( I-SLICE, QP 26 )    2806792 bits [Y 99.9900 dB    U 99.9900 dB    V 99.9900 dB] [ET 10.98 ] [L0 ] [L1 ]
*** TRAIL_R numBytesInNALunit: 351773
POC  255 TId: 0 ( I-SLICE, QP 26 )    2814184 bits [Y 99.9900 dB    U 99.9900 dB    V 99.9900 dB] [ET 11.09 ] [L0 ] [L1 ]
*** TRAIL_R numBytesInNALunit: 351102
POC  256 TId: 0 ( I-SLICE, QP 26 )    2808816 bits [Y 99.9900 dB    U 99.9900 dB    V 99.9900 dB] [ET 11.03 ] [L0 ] [L1 ]
*** TRAIL_R numBytesInNALunit: 351776
POC  257 TId: 0 ( I-SLICE, QP 26 )    2814208 bits [Y 99.9900 dB    U 99.9900 dB    V 99.9900 dB] [ET 11.41 ] [L0 ] [L1 ]
*** TRAIL_R numBytesInNALunit: 351889
POC  258 TId: 0 ( I-SLICE, QP 26 )    2815112 bits [Y 99.9900 dB    U 99.9900 dB    V 99.9900 dB] [ET 11.25 ] [L0 ] [L1 ]
*** TRAIL_R numBytesInNALunit: 349255
POC  259 TId: 0 ( I-SLICE, QP 26 )    2794040 bits [Y 99.9900 dB    U 99.9900 dB    V 99.9900 dB] [ET 11.41 ] [L0 ] [L1 ]
*** TRAIL_R numBytesInNALunit: 351678
POC  260 TId: 0 ( I-SLICE, QP 26 )    2813424 bits [Y 99.9900 dB    U 99.9900 dB    V 99.9900 dB] [ET 11.30 ] [L0 ] [L1 ]
*** TRAIL_R numBytesInNALunit: 352878
POC  261 TId: 0 ( I-SLICE, QP 26 )    2823024 bits [Y 99.9900 dB    U 99.9900 dB    V 99.9900 dB] [ET 11.03 ] [L0 ] [L1 ]
*** TRAIL_R numBytesInNALunit: 353581
POC  262 TId: 0 ( I-SLICE, QP 26 )    2828648 bits [Y 99.9900 dB    U 99.9900 dB    V 99.9900 dB] [ET 11.20 ] [L0 ] [L1 ]
*** TRAIL_R numBytesInNALunit: 354278
POC  263 TId: 0 ( I-SLICE, QP 26 )    2834224 bits [Y 99.9900 dB    U 99.9900 dB    V 99.9900 dB] [ET 11.22 ] [L0 ] [L1 ]
*** TRAIL_R numBytesInNALunit: 354337
POC  264 TId: 0 ( I-SLICE, QP 26 )    2834696 bits [Y 99.9900 dB    U 99.9900 dB    V 99.9900 dB] [ET 11.27 ] [L0 ] [L1 ]
*** TRAIL_R numBytesInNALunit: 352425
POC  265 TId: 0 ( I-SLICE, QP 26 )    2819400 bits [Y 99.9900 dB    U 99.9900 dB    V 99.9900 dB] [ET 10.70 ] [L0 ] [L1 ]
*** TRAIL_R numBytesInNALunit: 353994
POC  266 TId: 0 ( I-SLICE, QP 26 )    2831952 bits [Y 99.9900 dB    U 99.9900 dB    V 99.9900 dB] [ET 10.66 ] [L0 ] [L1 ]
*** TRAIL_R numBytesInNALunit: 356556
POC  267 TId: 0 ( I-SLICE, QP 26 )    2852448 bits [Y 99.9900 dB    U 99.9900 dB    V 99.9900 dB] [ET 10.59 ] [L0 ] [L1 ]
*** TRAIL_R numBytesInNALunit: 358595
POC  268 TId: 0 ( I-SLICE, QP 26 )    2868760 bits [Y 99.9900 dB    U 99.9900 dB    V 99.9900 dB] [ET 10.31 ] [L0 ] [L1 ]
*** TRAIL_R numBytesInNALunit: 360479
POC  269 TId: 0 ( I-SLICE, QP 26 )    2883832 bits [Y 99.9900 dB    U 99.9900 dB    V 99.9900 dB] [ET 10.28 ] [L0 ] [L1 ]
*** TRAIL_R numBytesInNALunit: 361909
POC  270 TId: 0 ( I-SLICE, QP 26 )    2895272 bits [Y 99.9900 dB    U 99.9900 dB    V 99.9900 dB] [ET 10.56 ] [L0 ] [L1 ]
*** TRAIL_R numBytesInNALunit: 360092
POC  271 TId: 0 ( I-SLICE, QP 26 )    2880736 bits [Y 99.9900 dB    U 99.9900 dB    V 99.9900 dB] [ET 10.38 ] [L0 ] [L1 ]
*** TRAIL_R numBytesInNALunit: 359955
POC  272 TId: 0 ( I-SLICE, QP 26 )    2879640 bits [Y 99.9900 dB    U 99.9900 dB    V 99.9900 dB] [ET 10.27 ] [L0 ] [L1 ]
*** TRAIL_R numBytesInNALunit: 361955
POC  273 TId: 0 ( I-SLICE, QP 26 )    2895640 bits [Y 99.9900 dB    U 99.9900 dB    V 99.9900 dB] [ET 10.34 ] [L0 ] [L1 ]
*** TRAIL_R numBytesInNALunit: 363986
POC  274 TId: 0 ( I-SLICE, QP 26 )    2911888 bits [Y 99.9900 dB    U 99.9900 dB    V 99.9900 dB] [ET 10.66 ] [L0 ] [L1 ]
*** TRAIL_R numBytesInNALunit: 365343
POC  275 TId: 0 ( I-SLICE, QP 26 )    2922744 bits [Y 99.9900 dB    U 99.9900 dB    V 99.9900 dB] [ET 10.62 ] [L0 ] [L1 ]
*** TRAIL_R numBytesInNALunit: 360230
POC  276 TId: 0 ( I-SLICE, QP 26 )    2881840 bits [Y 99.9900 dB    U 99.9900 dB    V 99.9900 dB] [ET 10.36 ] [L0 ] [L1 ]
*** TRAIL_R numBytesInNALunit: 354126
POC  277 TId: 0 ( I-SLICE, QP 26 )    2833008 bits [Y 99.9900 dB    U 99.9900 dB    V 99.9900 dB] [ET 10.50 ] [L0 ] [L1 ]
*** TRAIL_R numBytesInNALunit: 349935
POC  278 TId: 0 ( I-SLICE, QP 26 )    2799480 bits [Y 99.9900 dB    U 99.9900 dB    V 99.9900 dB] [ET 10.28 ] [L0 ] [L1 ]
*** TRAIL_R numBytesInNALunit: 344561
POC  279 TId: 0 ( I-SLICE, QP 26 )    2756488 bits [Y 99.9900 dB    U 99.9900 dB    V 99.9900 dB] [ET  9.56 ] [L0 ] [L1 ]
*** TRAIL_R numBytesInNALunit: 338458
POC  280 TId: 0 ( I-SLICE, QP 26 )    2707664 bits [Y 99.9900 dB    U 99.9900 dB    V 99.9900 dB] [ET  9.48 ] [L0 ] [L1 ]
*** TRAIL_R numBytesInNALunit: 327566
POC  281 TId: 0 ( I-SLICE, QP 26 )    2620528 bits [Y 99.9900 dB    U 99.9900 dB    V 99.9900 dB] [ET  9.69 ] [L0 ] [L1 ]
*** TRAIL_R numBytesInNALunit: 327019
POC  282 TId: 0 ( I-SLICE, QP 26 )    2616152 bits [Y 99.9900 dB    U 99.9900 dB    V 99.9900 dB] [ET  9.61 ] [L0 ] [L1 ]
*** TRAIL_R numBytesInNALunit: 324529
POC  283 TId: 0 ( I-SLICE, QP 26 )    2596232 bits [Y 99.9900 dB    U 99.9900 dB    V 99.9900 dB] [ET  9.56 ] [L0 ] [L1 ]
*** TRAIL_R numBytesInNALunit: 323522
POC  284 TId: 0 ( I-SLICE, QP 26 )    2588176 bits [Y 99.9900 dB    U 99.9900 dB    V 99.9900 dB] [ET  9.91 ] [L0 ] [L1 ]
*** TRAIL_R numBytesInNALunit: 322660
POC  285 TId: 0 ( I-SLICE, QP 26 )    2581280 bits [Y 99.9900 dB    U 99.9900 dB    V 99.9900 dB] [ET  9.83 ] [L0 ] [L1 ]
*** TRAIL_R numBytesInNALunit: 321588
POC  286 TId: 0 ( I-SLICE, QP 26 )    2572704 bits [Y 99.9900 dB    U 99.9900 dB    V 99.9900 dB] [ET  9.69 ] [L0 ] [L1 ]
*** TRAIL_R numBytesInNALunit: 321882
POC  287 TId: 0 ( I-SLICE, QP 26 )    2575056 bits [Y 99.9900 dB    U 99.9900 dB    V 99.9900 dB] [ET  9.52 ] [L0 ] [L1 ]
*** TRAIL_R numBytesInNALunit: 322274
POC  288 TId: 0 ( I-SLICE, QP 26 )    2578192 bits [Y 99.9900 dB    U 99.9900 dB    V 99.9900 dB] [ET  9.72 ] [L0 ] [L1 ]
*** TRAIL_R numBytesInNALunit: 322973
POC  289 TId: 0 ( I-SLICE, QP 26 )    2583784 bits [Y 99.9900 dB    U 99.9900 dB    V 99.9900 dB] [ET  9.77 ] [L0 ] [L1 ]
*** TRAIL_R numBytesInNALunit: 325048
POC  290 TId: 0 ( I-SLICE, QP 26 )    2600384 bits [Y 99.9900 dB    U 99.9900 dB    V 99.9900 dB] [ET 10.12 ] [L0 ] [L1 ]
*** TRAIL_R numBytesInNALunit: 326719
POC  291 TId: 0 ( I-SLICE, QP 26 )    2613752 bits [Y 99.9900 dB    U 99.9900 dB    V 99.9900 dB] [ET  9.52 ] [L0 ] [L1 ]
*** TRAIL_R numBytesInNALunit: 327729
POC  292 TId: 0 ( I-SLICE, QP 26 )    2621832 bits [Y 99.9900 dB    U 99.9900 dB    V 99.9900 dB] [ET  9.75 ] [L0 ] [L1 ]
*** TRAIL_R numBytesInNALunit: 329435
POC  293 TId: 0 ( I-SLICE, QP 26 )    2635480 bits [Y 99.9900 dB    U 99.9900 dB    V 99.9900 dB] [ET 10.61 ] [L0 ] [L1 ]
*** TRAIL_R numBytesInNALunit: 332035
POC  294 TId: 0 ( I-SLICE, QP 26 )    2656280 bits [Y 99.9900 dB    U 99.9900 dB    V 99.9900 dB] [ET  9.91 ] [L0 ] [L1 ]
*** TRAIL_R numBytesInNALunit: 334340
POC  295 TId: 0 ( I-SLICE, QP 26 )    2674720 bits [Y 99.9900 dB    U 99.9900 dB    V 99.9900 dB] [ET  9.42 ] [L0 ] [L1 ]
*** TRAIL_R numBytesInNALunit: 336760
POC  296 TId: 0 ( I-SLICE, QP 26 )    2694080 bits [Y 99.9900 dB    U 99.9900 dB    V 99.9900 dB] [ET 10.23 ] [L0 ] [L1 ]
*** TRAIL_R numBytesInNALunit: 337677
POC  297 TId: 0 ( I-SLICE, QP 26 )    2701416 bits [Y 99.9900 dB    U 99.9900 dB    V 99.9900 dB] [ET 11.02 ] [L0 ] [L1 ]
*** TRAIL_R numBytesInNALunit: 338316
POC  298 TId: 0 ( I-SLICE, QP 26 )    2706528 bits [Y 99.9900 dB    U 99.9900 dB    V 99.9900 dB] [ET  9.48 ] [L0 ] [L1 ]
*** TRAIL_R numBytesInNALunit: 338534
POC  299 TId: 0 ( I-SLICE, QP 26 )    2708272 bits [Y 99.9900 dB    U 99.9900 dB    V 99.9900 dB] [ET  9.38 ] [L0 ] [L1 ]
*** TRAIL_R numBytesInNALunit: 339640
POC  300 TId: 0 ( I-SLICE, QP 26 )    2717120 bits [Y 99.9900 dB    U 99.9900 dB    V 99.9900 dB] [ET  9.78 ] [L0 ] [L1 ]
*** TRAIL_R numBytesInNALunit: 341276
POC  301 TId: 0 ( I-SLICE, QP 26 )    2730208 bits [Y 99.9900 dB    U 99.9900 dB    V 99.9900 dB] [ET  9.34 ] [L0 ] [L1 ]
*** TRAIL_R numBytesInNALunit: 341187
POC  302 TId: 0 ( I-SLICE, QP 26 )    2729496 bits [Y 99.9900 dB    U 99.9900 dB    V 99.9900 dB] [ET  9.64 ] [L0 ] [L1 ]
*** TRAIL_R numBytesInNALunit: 343152
POC  303 TId: 0 ( I-SLICE, QP 26 )    2745216 bits [Y 99.9900 dB    U 99.9900 dB    V 99.9900 dB] [ET  9.42 ] [L0 ] [L1 ]
*** TRAIL_R numBytesInNALunit: 344901
POC  304 TId: 0 ( I-SLICE, QP 26 )    2759208 bits [Y 99.9900 dB    U 99.9900 dB    V 99.9900 dB] [ET  9.58 ] [L0 ] [L1 ]
*** TRAIL_R numBytesInNALunit: 344236
POC  305 TId: 0 ( I-SLICE, QP 26 )    2753888 bits [Y 99.9900 dB    U 99.9900 dB    V 99.9900 dB] [ET  9.80 ] [L0 ] [L1 ]
*** TRAIL_R numBytesInNALunit: 341166
POC  306 TId: 0 ( I-SLICE, QP 26 )    2729328 bits [Y 99.9900 dB    U 99.9900 dB    V 99.9900 dB] [ET  9.84 ] [L0 ] [L1 ]
*** TRAIL_R numBytesInNALunit: 340361
POC  307 TId: 0 ( I-SLICE, QP 26 )    2722888 bits [Y 99.9900 dB    U 99.9900 dB    V 99.9900 dB] [ET  9.70 ] [L0 ] [L1 ]
*** TRAIL_R numBytesInNALunit: 341254
POC  308 TId: 0 ( I-SLICE, QP 26 )    2730032 bits [Y 99.9900 dB    U 99.9900 dB    V 99.9900 dB] [ET  9.69 ] [L0 ] [L1 ]
*** TRAIL_R numBytesInNALunit: 342115
POC  309 TId: 0 ( I-SLICE, QP 26 )    2736920 bits [Y 99.9900 dB    U 99.9900 dB    V 99.9900 dB] [ET  9.80 ] [L0 ] [L1 ]
*** TRAIL_R numBytesInNALunit: 341936
POC  310 TId: 0 ( I-SLICE, QP 26 )    2735488 bits [Y 99.9900 dB    U 99.9900 dB    V 99.9900 dB] [ET  9.62 ] [L0 ] [L1 ]
*** TRAIL_R numBytesInNALunit: 341012
POC  311 TId: 0 ( I-SLICE, QP 26 )    2728096 bits [Y 99.9900 dB    U 99.9900 dB    V 99.9900 dB] [ET  9.92 ] [L0 ] [L1 ]
*** TRAIL_R numBytesInNALunit: 341746
POC  312 TId: 0 ( I-SLICE, QP 26 )    2733968 bits [Y 99.9900 dB    U 99.9900 dB    V 99.9900 dB] [ET  9.77 ] [L0 ] [L1 ]
*** TRAIL_R numBytesInNALunit: 342443
POC  313 TId: 0 ( I-SLICE, QP 26 )    2739544 bits [Y 99.9900 dB    U 99.9900 dB    V 99.9900 dB] [ET  9.34 ] [L0 ] [L1 ]
*** TRAIL_R numBytesInNALunit: 344668
POC  314 TId: 0 ( I-SLICE, QP 26 )    2757344 bits [Y 99.9900 dB    U 99.9900 dB    V 99.9900 dB] [ET  9.56 ] [L0 ] [L1 ]
*** TRAIL_R numBytesInNALunit: 348193
POC  315 TId: 0 ( I-SLICE, QP 26 )    2785544 bits [Y 99.9900 dB    U 99.9900 dB    V 99.9900 dB] [ET  9.86 ] [L0 ] [L1 ]
*** TRAIL_R numBytesInNALunit: 348922
POC  316 TId: 0 ( I-SLICE, QP 26 )    2791376 bits [Y 99.9900 dB    U 99.9900 dB    V 99.9900 dB] [ET  9.97 ] [L0 ] [L1 ]
*** TRAIL_R numBytesInNALunit: 349900
POC  317 TId: 0 ( I-SLICE, QP 26 )    2799200 bits [Y 99.9900 dB    U 99.9900 dB    V 99.9900 dB] [ET 10.52 ] [L0 ] [L1 ]
*** TRAIL_R numBytesInNALunit: 351701
POC  318 TId: 0 ( I-SLICE, QP 26 )    2813608 bits [Y 99.9900 dB    U 99.9900 dB    V 99.9900 dB] [ET 10.19 ] [L0 ] [L1 ]
*** TRAIL_R numBytesInNALunit: 355787
POC  319 TId: 0 ( I-SLICE, QP 26 )    2846296 bits [Y 99.9900 dB    U 99.9900 dB    V 99.9900 dB] [ET  9.61 ] [L0 ] [L1 ]
*** TRAIL_R numBytesInNALunit: 359052
POC  320 TId: 0 ( I-SLICE, QP 26 )    2872416 bits [Y 99.9900 dB    U 99.9900 dB    V 99.9900 dB] [ET  9.66 ] [L0 ] [L1 ]
*** TRAIL_R numBytesInNALunit: 364866
POC  321 TId: 0 ( I-SLICE, QP 26 )    2918928 bits [Y 99.9900 dB    U 99.9900 dB    V 99.9900 dB] [ET 10.17 ] [L0 ] [L1 ]
*** TRAIL_R numBytesInNALunit: 367985
POC  322 TId: 0 ( I-SLICE, QP 26 )    2943880 bits [Y 99.9900 dB    U 99.9900 dB    V 99.9900 dB] [ET  9.62 ] [L0 ] [L1 ]
*** TRAIL_R numBytesInNALunit: 370288
POC  323 TId: 0 ( I-SLICE, QP 26 )    2962304 bits [Y 99.9900 dB    U 99.9900 dB    V 99.9900 dB] [ET  8.67 ] [L0 ] [L1 ]
*** TRAIL_R numBytesInNALunit: 373328
POC  324 TId: 0 ( I-SLICE, QP 26 )    2986624 bits [Y 99.9900 dB    U 99.9900 dB    V 99.9900 dB] [ET  8.88 ] [L0 ] [L1 ]
*** TRAIL_R numBytesInNALunit: 371225
POC  325 TId: 0 ( I-SLICE, QP 26 )    2969800 bits [Y 99.9900 dB    U 99.9900 dB    V 99.9900 dB] [ET  8.75 ] [L0 ] [L1 ]
*** TRAIL_R numBytesInNALunit: 369414
POC  326 TId: 0 ( I-SLICE, QP 26 )    2955312 bits [Y 99.9900 dB    U 99.9900 dB    V 99.9900 dB] [ET  8.83 ] [L0 ] [L1 ]
*** TRAIL_R numBytesInNALunit: 366804
POC  327 TId: 0 ( I-SLICE, QP 26 )    2934432 bits [Y 99.9900 dB    U 99.9900 dB    V 99.9900 dB] [ET  8.97 ] [L0 ] [L1 ]
*** TRAIL_R numBytesInNALunit: 368462
POC  328 TId: 0 ( I-SLICE, QP 26 )    2947696 bits [Y 99.9900 dB    U 99.9900 dB    V 99.9900 dB] [ET  8.55 ] [L0 ] [L1 ]
*** TRAIL_R numBytesInNALunit: 373709
POC  329 TId: 0 ( I-SLICE, QP 26 )    2989672 bits [Y 99.9900 dB    U 99.9900 dB    V 99.9900 dB] [ET  8.62 ] [L0 ] [L1 ]
*** TRAIL_R numBytesInNALunit: 372321
POC  330 TId: 0 ( I-SLICE, QP 26 )    2978568 bits [Y 99.9900 dB    U 99.9900 dB    V 99.9900 dB] [ET  9.08 ] [L0 ] [L1 ]
*** TRAIL_R numBytesInNALunit: 370815
POC  331 TId: 0 ( I-SLICE, QP 26 )    2966520 bits [Y 99.9900 dB    U 99.9900 dB    V 99.9900 dB] [ET  9.16 ] [L0 ] [L1 ]
*** TRAIL_R numBytesInNALunit: 369050
POC  332 TId: 0 ( I-SLICE, QP 26 )    2952400 bits [Y 99.9900 dB    U 99.9900 dB    V 99.9900 dB] [ET  8.92 ] [L0 ] [L1 ]
*** TRAIL_R numBytesInNALunit: 369886
POC  333 TId: 0 ( I-SLICE, QP 26 )    2959088 bits [Y 99.9900 dB    U 99.9900 dB    V 99.9900 dB] [ET  9.03 ] [L0 ] [L1 ]
*** TRAIL_R numBytesInNALunit: 371552
POC  334 TId: 0 ( I-SLICE, QP 26 )    2972416 bits [Y 99.9900 dB    U 99.9900 dB    V 99.9900 dB] [ET  9.03 ] [L0 ] [L1 ]
*** TRAIL_R numBytesInNALunit: 368659
POC  335 TId: 0 ( I-SLICE, QP 26 )    2949272 bits [Y 99.9900 dB    U 99.9900 dB    V 99.9900 dB] [ET  9.23 ] [L0 ] [L1 ]
*** TRAIL_R numBytesInNALunit: 366774
POC  336 TId: 0 ( I-SLICE, QP 26 )    2934192 bits [Y 99.9900 dB    U 99.9900 dB    V 99.9900 dB] [ET  8.64 ] [L0 ] [L1 ]
*** TRAIL_R numBytesInNALunit: 366799
POC  337 TId: 0 ( I-SLICE, QP 26 )    2934392 bits [Y 99.9900 dB    U 99.9900 dB    V 99.9900 dB] [ET  8.55 ] [L0 ] [L1 ]
*** TRAIL_R numBytesInNALunit: 367401
POC  338 TId: 0 ( I-SLICE, QP 26 )    2939208 bits [Y 99.9900 dB    U 99.9900 dB    V 99.9900 dB] [ET  8.75 ] [L0 ] [L1 ]
*** TRAIL_R numBytesInNALunit: 366963
POC  339 TId: 0 ( I-SLICE, QP 26 )    2935704 bits [Y 99.9900 dB    U 99.9900 dB    V 99.9900 dB] [ET  8.58 ] [L0 ] [L1 ]
*** TRAIL_R numBytesInNALunit: 367802
POC  340 TId: 0 ( I-SLICE, QP 26 )    2942416 bits [Y 99.9900 dB    U 99.9900 dB    V 99.9900 dB] [ET  8.86 ] [L0 ] [L1 ]
*** TRAIL_R numBytesInNALunit: 368922
POC  341 TId: 0 ( I-SLICE, QP 26 )    2951376 bits [Y 99.9900 dB    U 99.9900 dB    V 99.9900 dB] [ET  8.03 ] [L0 ] [L1 ]
*** TRAIL_R numBytesInNALunit: 367297
POC  342 TId: 0 ( I-SLICE, QP 26 )    2938376 bits [Y 99.9900 dB    U 99.9900 dB    V 99.9900 dB] [ET  8.16 ] [L0 ] [L1 ]
*** TRAIL_R numBytesInNALunit: 363022
POC  343 TId: 0 ( I-SLICE, QP 26 )    2904176 bits [Y 99.9900 dB    U 99.9900 dB    V 99.9900 dB] [ET  8.14 ] [L0 ] [L1 ]
*** TRAIL_R numBytesInNALunit: 357679
POC  344 TId: 0 ( I-SLICE, QP 26 )    2861432 bits [Y 99.9900 dB    U 99.9900 dB    V 99.9900 dB] [ET  8.41 ] [L0 ] [L1 ]
*** TRAIL_R numBytesInNALunit: 354097
POC  345 TId: 0 ( I-SLICE, QP 26 )    2832776 bits [Y 99.9900 dB    U 99.9900 dB    V 99.9900 dB] [ET  8.00 ] [L0 ] [L1 ]
*** TRAIL_R numBytesInNALunit: 350651
POC  346 TId: 0 ( I-SLICE, QP 26 )    2805208 bits [Y 99.9900 dB    U 99.9900 dB    V 99.9900 dB] [ET  8.05 ] [L0 ] [L1 ]
*** TRAIL_R numBytesInNALunit: 349670
POC  347 TId: 0 ( I-SLICE, QP 26 )    2797360 bits [Y 99.9900 dB    U 99.9900 dB    V 99.9900 dB] [ET  8.03 ] [L0 ] [L1 ]
*** TRAIL_R numBytesInNALunit: 352353
POC  348 TId: 0 ( I-SLICE, QP 26 )    2818824 bits [Y 99.9900 dB    U 99.9900 dB    V 99.9900 dB] [ET  8.16 ] [L0 ] [L1 ]
*** TRAIL_R numBytesInNALunit: 350798
POC  349 TId: 0 ( I-SLICE, QP 26 )    2806384 bits [Y 99.9900 dB    U 99.9900 dB    V 99.9900 dB] [ET  8.02 ] [L0 ] [L1 ]
*** TRAIL_R numBytesInNALunit: 346663
POC  350 TId: 0 ( I-SLICE, QP 26 )    2773304 bits [Y 99.9900 dB    U 99.9900 dB    V 99.9900 dB] [ET  7.89 ] [L0 ] [L1 ]
*** TRAIL_R numBytesInNALunit: 342920
POC  351 TId: 0 ( I-SLICE, QP 26 )    2743360 bits [Y 99.9900 dB    U 99.9900 dB    V 99.9900 dB] [ET  7.91 ] [L0 ] [L1 ]
*** TRAIL_R numBytesInNALunit: 340439
POC  352 TId: 0 ( I-SLICE, QP 26 )    2723512 bits [Y 99.9900 dB    U 99.9900 dB    V 99.9900 dB] [ET  7.88 ] [L0 ] [L1 ]
*** TRAIL_R numBytesInNALunit: 338946
POC  353 TId: 0 ( I-SLICE, QP 26 )    2711568 bits [Y 99.9900 dB    U 99.9900 dB    V 99.9900 dB] [ET  8.08 ] [L0 ] [L1 ]
*** TRAIL_R numBytesInNALunit: 336310
POC  354 TId: 0 ( I-SLICE, QP 26 )    2690480 bits [Y 99.9900 dB    U 99.9900 dB    V 99.9900 dB] [ET  7.88 ] [L0 ] [L1 ]
*** TRAIL_R numBytesInNALunit: 336136
POC  355 TId: 0 ( I-SLICE, QP 26 )    2689088 bits [Y 99.9900 dB    U 99.9900 dB    V 99.9900 dB] [ET  7.80 ] [L0 ] [L1 ]
*** TRAIL_R numBytesInNALunit: 335353
POC  356 TId: 0 ( I-SLICE, QP 26 )    2682824 bits [Y 99.9900 dB    U 99.9900 dB    V 99.9900 dB] [ET  7.80 ] [L0 ] [L1 ]
*** TRAIL_R numBytesInNALunit: 335482
POC  357 TId: 0 ( I-SLICE, QP 26 )    2683856 bits [Y 99.9900 dB    U 99.9900 dB    V 99.9900 dB] [ET  7.81 ] [L0 ] [L1 ]
*** TRAIL_R numBytesInNALunit: 335686
POC  358 TId: 0 ( I-SLICE, QP 26 )    2685488 bits [Y 99.9900 dB    U 99.9900 dB    V 99.9900 dB] [ET  7.91 ] [L0 ] [L1 ]
*** TRAIL_R numBytesInNALunit: 336295
POC  359 TId: 0 ( I-SLICE, QP 26 )    2690360 bits [Y 99.9900 dB    U 99.9900 dB    V 99.9900 dB] [ET  7.86 ] [L0 ] [L1 ]
*** TRAIL_R numBytesInNALunit: 337308
POC  360 TId: 0 ( I-SLICE, QP 26 )    2698464 bits [Y 99.9900 dB    U 99.9900 dB    V 99.9900 dB] [ET  7.91 ] [L0 ] [L1 ]
*** TRAIL_R numBytesInNALunit: 338929
POC  361 TId: 0 ( I-SLICE, QP 26 )    2711432 bits [Y 99.9900 dB    U 99.9900 dB    V 99.9900 dB] [ET  8.17 ] [L0 ] [L1 ]
*** TRAIL_R numBytesInNALunit: 338840
POC  362 TId: 0 ( I-SLICE, QP 26 )    2710720 bits [Y 99.9900 dB    U 99.9900 dB    V 99.9900 dB] [ET  7.89 ] [L0 ] [L1 ]
*** TRAIL_R numBytesInNALunit: 339788
POC  363 TId: 0 ( I-SLICE, QP 26 )    2718304 bits [Y 99.9900 dB    U 99.9900 dB    V 99.9900 dB] [ET  7.89 ] [L0 ] [L1 ]
*** TRAIL_R numBytesInNALunit: 341941
POC  364 TId: 0 ( I-SLICE, QP 26 )    2735528 bits [Y 99.9900 dB    U 99.9900 dB    V 99.9900 dB] [ET  7.92 ] [L0 ] [L1 ]
*** TRAIL_R numBytesInNALunit: 342226
POC  365 TId: 0 ( I-SLICE, QP 26 )    2737808 bits [Y 99.9900 dB    U 99.9900 dB    V 99.9900 dB] [ET  7.80 ] [L0 ] [L1 ]
*** TRAIL_R numBytesInNALunit: 342749
POC  366 TId: 0 ( I-SLICE, QP 26 )    2741992 bits [Y 99.9900 dB    U 99.9900 dB    V 99.9900 dB] [ET  7.84 ] [L0 ] [L1 ]
*** TRAIL_R numBytesInNALunit: 344294
POC  367 TId: 0 ( I-SLICE, QP 26 )    2754352 bits [Y 99.9900 dB    U 99.9900 dB    V 99.9900 dB] [ET  7.86 ] [L0 ] [L1 ]
*** TRAIL_R numBytesInNALunit: 345941
POC  368 TId: 0 ( I-SLICE, QP 26 )    2767528 bits [Y 99.9900 dB    U 99.9900 dB    V 99.9900 dB] [ET  7.88 ] [L0 ] [L1 ]
*** TRAIL_R numBytesInNALunit: 346571
POC  369 TId: 0 ( I-SLICE, QP 26 )    2772568 bits [Y 99.9900 dB    U 99.9900 dB    V 99.9900 dB] [ET  7.92 ] [L0 ] [L1 ]
*** TRAIL_R numBytesInNALunit: 345689
POC  370 TId: 0 ( I-SLICE, QP 26 )    2765512 bits [Y 99.9900 dB    U 99.9900 dB    V 99.9900 dB] [ET  7.86 ] [L0 ] [L1 ]
*** TRAIL_R numBytesInNALunit: 346428
POC  371 TId: 0 ( I-SLICE, QP 26 )    2771424 bits [Y 99.9900 dB    U 99.9900 dB    V 99.9900 dB] [ET  7.77 ] [L0 ] [L1 ]
*** TRAIL_R numBytesInNALunit: 345362
POC  372 TId: 0 ( I-SLICE, QP 26 )    2762896 bits [Y 99.9900 dB    U 99.9900 dB    V 99.9900 dB] [ET  7.94 ] [L0 ] [L1 ]
*** TRAIL_R numBytesInNALunit: 342177
POC  373 TId: 0 ( I-SLICE, QP 26 )    2737416 bits [Y 99.9900 dB    U 99.9900 dB    V 99.9900 dB] [ET  7.81 ] [L0 ] [L1 ]
*** TRAIL_R numBytesInNALunit: 341435
POC  374 TId: 0 ( I-SLICE, QP 26 )    2731480 bits [Y 99.9900 dB    U 99.9900 dB    V 99.9900 dB] [ET  7.91 ] [L0 ] [L1 ]
*** TRAIL_R numBytesInNALunit: 330300
POC  375 TId: 0 ( I-SLICE, QP 26 )    2642400 bits [Y 99.9900 dB    U 99.9900 dB    V 99.9900 dB] [ET  7.97 ] [L0 ] [L1 ]
*** TRAIL_R numBytesInNALunit: 328474
POC  376 TId: 0 ( I-SLICE, QP 26 )    2627792 bits [Y 99.9900 dB    U 99.9900 dB    V 99.9900 dB] [ET  8.02 ] [L0 ] [L1 ]
*** TRAIL_R numBytesInNALunit: 324737
POC  377 TId: 0 ( I-SLICE, QP 26 )    2597896 bits [Y 99.9900 dB    U 99.9900 dB    V 99.9900 dB] [ET  7.91 ] [L0 ] [L1 ]
*** TRAIL_R numBytesInNALunit: 322355
POC  378 TId: 0 ( I-SLICE, QP 26 )    2578840 bits [Y 99.9900 dB    U 99.9900 dB    V 99.9900 dB] [ET  7.83 ] [L0 ] [L1 ]
*** TRAIL_R numBytesInNALunit: 322255
POC  379 TId: 0 ( I-SLICE, QP 26 )    2578040 bits [Y 99.9900 dB    U 99.9900 dB    V 99.9900 dB] [ET  7.91 ] [L0 ] [L1 ]
*** TRAIL_R numBytesInNALunit: 320587
POC  380 TId: 0 ( I-SLICE, QP 26 )    2564696 bits [Y 99.9900 dB    U 99.9900 dB    V 99.9900 dB] [ET  7.89 ] [L0 ] [L1 ]
*** TRAIL_R numBytesInNALunit: 317479
POC  381 TId: 0 ( I-SLICE, QP 26 )    2539832 bits [Y 99.9900 dB    U 99.9900 dB    V 99.9900 dB] [ET  7.94 ] [L0 ] [L1 ]
*** TRAIL_R numBytesInNALunit: 317127
POC  382 TId: 0 ( I-SLICE, QP 26 )    2537016 bits [Y 99.9900 dB    U 99.9900 dB    V 99.9900 dB] [ET  7.66 ] [L0 ] [L1 ]
*** TRAIL_R numBytesInNALunit: 318649
POC  383 TId: 0 ( I-SLICE, QP 26 )    2549192 bits [Y 99.9900 dB    U 99.9900 dB    V 99.9900 dB] [ET  7.23 ] [L0 ] [L1 ]
*** TRAIL_R numBytesInNALunit: 318629
POC  384 TId: 0 ( I-SLICE, QP 26 )    2549032 bits [Y 99.9900 dB    U 99.9900 dB    V 99.9900 dB] [ET  7.20 ] [L0 ] [L1 ]
*** TRAIL_R numBytesInNALunit: 319181
POC  385 TId: 0 ( I-SLICE, QP 26 )    2553448 bits [Y 99.9900 dB    U 99.9900 dB    V 99.9900 dB] [ET  7.25 ] [L0 ] [L1 ]
*** TRAIL_R numBytesInNALunit: 315764
POC  386 TId: 0 ( I-SLICE, QP 26 )    2526112 bits [Y 99.9900 dB    U 99.9900 dB    V 99.9900 dB] [ET  7.19 ] [L0 ] [L1 ]
*** TRAIL_R numBytesInNALunit: 317125
POC  387 TId: 0 ( I-SLICE, QP 26 )    2537000 bits [Y 99.9900 dB    U 99.9900 dB    V 99.9900 dB] [ET  7.28 ] [L0 ] [L1 ]
*** TRAIL_R numBytesInNALunit: 319302
POC  388 TId: 0 ( I-SLICE, QP 26 )    2554416 bits [Y 99.9900 dB    U 99.9900 dB    V 99.9900 dB] [ET  7.33 ] [L0 ] [L1 ]
*** TRAIL_R numBytesInNALunit: 320431
POC  389 TId: 0 ( I-SLICE, QP 26 )    2563448 bits [Y 99.9900 dB    U 99.9900 dB    V 99.9900 dB] [ET  7.14 ] [L0 ] [L1 ]
*** TRAIL_R numBytesInNALunit: 318768
POC  390 TId: 0 ( I-SLICE, QP 26 )    2550144 bits [Y 99.9900 dB    U 99.9900 dB    V 99.9900 dB] [ET  7.08 ] [L0 ] [L1 ]
*** TRAIL_R numBytesInNALunit: 320598
POC  391 TId: 0 ( I-SLICE, QP 26 )    2564784 bits [Y 99.9900 dB    U 99.9900 dB    V 99.9900 dB] [ET  7.05 ] [L0 ] [L1 ]
*** TRAIL_R numBytesInNALunit: 321401
POC  392 TId: 0 ( I-SLICE, QP 26 )    2571208 bits [Y 99.9900 dB    U 99.9900 dB    V 99.9900 dB] [ET  7.06 ] [L0 ] [L1 ]
*** TRAIL_R numBytesInNALunit: 322874
POC  393 TId: 0 ( I-SLICE, QP 26 )    2582992 bits [Y 99.9900 dB    U 99.9900 dB    V 99.9900 dB] [ET  7.08 ] [L0 ] [L1 ]
*** TRAIL_R numBytesInNALunit: 323703
POC  394 TId: 0 ( I-SLICE, QP 26 )    2589624 bits [Y 99.9900 dB    U 99.9900 dB    V 99.9900 dB] [ET  7.08 ] [L0 ] [L1 ]
*** TRAIL_R numBytesInNALunit: 323460
POC  395 TId: 0 ( I-SLICE, QP 26 )    2587680 bits [Y 99.9900 dB    U 99.9900 dB    V 99.9900 dB] [ET  7.09 ] [L0 ] [L1 ]
*** TRAIL_R numBytesInNALunit: 325067
POC  396 TId: 0 ( I-SLICE, QP 26 )    2600536 bits [Y 99.9900 dB    U 99.9900 dB    V 99.9900 dB] [ET  7.12 ] [L0 ] [L1 ]
*** TRAIL_R numBytesInNALunit: 327312
POC  397 TId: 0 ( I-SLICE, QP 26 )    2618496 bits [Y 99.9900 dB    U 99.9900 dB    V 99.9900 dB] [ET  7.08 ] [L0 ] [L1 ]
*** TRAIL_R numBytesInNALunit: 329835
POC  398 TId: 0 ( I-SLICE, QP 26 )    2638680 bits [Y 99.9900 dB    U 99.9900 dB    V 99.9900 dB] [ET  7.11 ] [L0 ] [L1 ]
*** TRAIL_R numBytesInNALunit: 328472
POC  399 TId: 0 ( I-SLICE, QP 26 )    2627776 bits [Y 99.9900 dB    U 99.9900 dB    V 99.9900 dB] [ET  7.08 ] [L0 ] [L1 ]
*** TRAIL_R numBytesInNALunit: 330429
POC  400 TId: 0 ( I-SLICE, QP 26 )    2643432 bits [Y 99.9900 dB    U 99.9900 dB    V 99.9900 dB] [ET  7.11 ] [L0 ] [L1 ]
*** TRAIL_R numBytesInNALunit: 337442
POC  401 TId: 0 ( I-SLICE, QP 26 )    2699536 bits [Y 99.9900 dB    U 99.9900 dB    V 99.9900 dB] [ET  7.11 ] [L0 ] [L1 ]
*** TRAIL_R numBytesInNALunit: 344398
POC  402 TId: 0 ( I-SLICE, QP 26 )    2755184 bits [Y 99.9900 dB    U 99.9900 dB    V 99.9900 dB] [ET  7.00 ] [L0 ] [L1 ]
*** TRAIL_R numBytesInNALunit: 347962
POC  403 TId: 0 ( I-SLICE, QP 26 )    2783696 bits [Y 99.9900 dB    U 99.9900 dB    V 99.9900 dB] [ET  7.08 ] [L0 ] [L1 ]
*** TRAIL_R numBytesInNALunit: 351907
POC  404 TId: 0 ( I-SLICE, QP 26 )    2815256 bits [Y 99.9900 dB    U 99.9900 dB    V 99.9900 dB] [ET  7.09 ] [L0 ] [L1 ]
*** TRAIL_R numBytesInNALunit: 354512
POC  405 TId: 0 ( I-SLICE, QP 26 )    2836096 bits [Y 99.9900 dB    U 99.9900 dB    V 99.9900 dB] [ET  7.06 ] [L0 ] [L1 ]
*** TRAIL_R numBytesInNALunit: 356153
POC  406 TId: 0 ( I-SLICE, QP 26 )    2849224 bits [Y 99.9900 dB    U 99.9900 dB    V 99.9900 dB] [ET  7.14 ] [L0 ] [L1 ]
*** TRAIL_R numBytesInNALunit: 353163
POC  407 TId: 0 ( I-SLICE, QP 26 )    2825304 bits [Y 99.9900 dB    U 99.9900 dB    V 99.9900 dB] [ET  7.14 ] [L0 ] [L1 ]
*** TRAIL_R numBytesInNALunit: 353119
POC  408 TId: 0 ( I-SLICE, QP 26 )    2824952 bits [Y 99.9900 dB    U 99.9900 dB    V 99.9900 dB] [ET  7.61 ] [L0 ] [L1 ]
*** TRAIL_R numBytesInNALunit: 353142
POC  409 TId: 0 ( I-SLICE, QP 26 )    2825136 bits [Y 99.9900 dB    U 99.9900 dB    V 99.9900 dB] [ET  7.34 ] [L0 ] [L1 ]
*** TRAIL_R numBytesInNALunit: 354530
POC  410 TId: 0 ( I-SLICE, QP 26 )    2836240 bits [Y 99.9900 dB    U 99.9900 dB    V 99.9900 dB] [ET  7.11 ] [L0 ] [L1 ]
*** TRAIL_R numBytesInNALunit: 353104
POC  411 TId: 0 ( I-SLICE, QP 26 )    2824832 bits [Y 99.9900 dB    U 99.9900 dB    V 99.9900 dB] [ET  7.05 ] [L0 ] [L1 ]
*** TRAIL_R numBytesInNALunit: 352509
POC  412 TId: 0 ( I-SLICE, QP 26 )    2820072 bits [Y 99.9900 dB    U 99.9900 dB    V 99.9900 dB] [ET  7.08 ] [L0 ] [L1 ]
*** TRAIL_R numBytesInNALunit: 350170
POC  413 TId: 0 ( I-SLICE, QP 26 )    2801360 bits [Y 99.9900 dB    U 99.9900 dB    V 99.9900 dB] [ET  7.06 ] [L0 ] [L1 ]
*** TRAIL_R numBytesInNALunit: 349026
POC  414 TId: 0 ( I-SLICE, QP 26 )    2792208 bits [Y 99.9900 dB    U 99.9900 dB    V 99.9900 dB] [ET  7.06 ] [L0 ] [L1 ]
*** TRAIL_R numBytesInNALunit: 347943
POC  415 TId: 0 ( I-SLICE, QP 26 )    2783544 bits [Y 99.9900 dB    U 99.9900 dB    V 99.9900 dB] [ET  7.00 ] [L0 ] [L1 ]
*** TRAIL_R numBytesInNALunit: 348545
POC  416 TId: 0 ( I-SLICE, QP 26 )    2788360 bits [Y 99.9900 dB    U 99.9900 dB    V 99.9900 dB] [ET  7.05 ] [L0 ] [L1 ]
*** TRAIL_R numBytesInNALunit: 348022
POC  417 TId: 0 ( I-SLICE, QP 26 )    2784176 bits [Y 99.9900 dB    U 99.9900 dB    V 99.9900 dB] [ET  7.14 ] [L0 ] [L1 ]
*** TRAIL_R numBytesInNALunit: 347792
POC  418 TId: 0 ( I-SLICE, QP 26 )    2782336 bits [Y 99.9900 dB    U 99.9900 dB    V 99.9900 dB] [ET  7.16 ] [L0 ] [L1 ]
*** TRAIL_R numBytesInNALunit: 344801
POC  419 TId: 0 ( I-SLICE, QP 26 )    2758408 bits [Y 99.9900 dB    U 99.9900 dB    V 99.9900 dB] [ET  7.19 ] [L0 ] [L1 ]
*** TRAIL_R numBytesInNALunit: 342832
POC  420 TId: 0 ( I-SLICE, QP 26 )    2742656 bits [Y 99.9900 dB    U 99.9900 dB    V 99.9900 dB] [ET  7.12 ] [L0 ] [L1 ]
*** TRAIL_R numBytesInNALunit: 334975
POC  421 TId: 0 ( I-SLICE, QP 26 )    2679800 bits [Y 99.9900 dB    U 99.9900 dB    V 99.9900 dB] [ET  7.11 ] [L0 ] [L1 ]
*** TRAIL_R numBytesInNALunit: 336321
POC  422 TId: 0 ( I-SLICE, QP 26 )    2690568 bits [Y 99.9900 dB    U 99.9900 dB    V 99.9900 dB] [ET  7.12 ] [L0 ] [L1 ]
*** TRAIL_R numBytesInNALunit: 335909
POC  423 TId: 0 ( I-SLICE, QP 26 )    2687272 bits [Y 99.9900 dB    U 99.9900 dB    V 99.9900 dB] [ET  7.14 ] [L0 ] [L1 ]
*** TRAIL_R numBytesInNALunit: 334580
POC  424 TId: 0 ( I-SLICE, QP 26 )    2676640 bits [Y 99.9900 dB    U 99.9900 dB    V 99.9900 dB] [ET  7.14 ] [L0 ] [L1 ]
*** TRAIL_R numBytesInNALunit: 333148
POC  425 TId: 0 ( I-SLICE, QP 26 )    2665184 bits [Y 99.9900 dB    U 99.9900 dB    V 99.9900 dB] [ET  7.17 ] [L0 ] [L1 ]
*** TRAIL_R numBytesInNALunit: 331535
POC  426 TId: 0 ( I-SLICE, QP 26 )    2652280 bits [Y 99.9900 dB    U 99.9900 dB    V 99.9900 dB] [ET  7.11 ] [L0 ] [L1 ]
*** TRAIL_R numBytesInNALunit: 329751
POC  427 TId: 0 ( I-SLICE, QP 26 )    2638008 bits [Y 99.9900 dB    U 99.9900 dB    V 99.9900 dB] [ET  7.06 ] [L0 ] [L1 ]
*** TRAIL_R numBytesInNALunit: 328773
POC  428 TId: 0 ( I-SLICE, QP 26 )    2630184 bits [Y 99.9900 dB    U 99.9900 dB    V 99.9900 dB] [ET  6.97 ] [L0 ] [L1 ]
*** TRAIL_R numBytesInNALunit: 328652
POC  429 TId: 0 ( I-SLICE, QP 26 )    2629216 bits [Y 99.9900 dB    U 99.9900 dB    V 99.9900 dB] [ET  6.97 ] [L0 ] [L1 ]
*** TRAIL_R numBytesInNALunit: 327237
POC  430 TId: 0 ( I-SLICE, QP 26 )    2617896 bits [Y 99.9900 dB    U 99.9900 dB    V 99.9900 dB] [ET  7.16 ] [L0 ] [L1 ]
*** TRAIL_R numBytesInNALunit: 326848
POC  431 TId: 0 ( I-SLICE, QP 26 )    2614784 bits [Y 99.9900 dB    U 99.9900 dB    V 99.9900 dB] [ET  7.05 ] [L0 ] [L1 ]
*** TRAIL_R numBytesInNALunit: 327153
POC  432 TId: 0 ( I-SLICE, QP 26 )    2617224 bits [Y 99.9900 dB    U 99.9900 dB    V 99.9900 dB] [ET  6.97 ] [L0 ] [L1 ]
*** TRAIL_R numBytesInNALunit: 326503
POC  433 TId: 0 ( I-SLICE, QP 26 )    2612024 bits [Y 99.9900 dB    U 99.9900 dB    V 99.9900 dB] [ET  6.94 ] [L0 ] [L1 ]
*** TRAIL_R numBytesInNALunit: 328539
POC  434 TId: 0 ( I-SLICE, QP 26 )    2628312 bits [Y 99.9900 dB    U 99.9900 dB    V 99.9900 dB] [ET  6.98 ] [L0 ] [L1 ]
*** TRAIL_R numBytesInNALunit: 331488
POC  435 TId: 0 ( I-SLICE, QP 26 )    2651904 bits [Y 99.9900 dB    U 99.9900 dB    V 99.9900 dB] [ET  7.14 ] [L0 ] [L1 ]
*** TRAIL_R numBytesInNALunit: 332605
POC  436 TId: 0 ( I-SLICE, QP 26 )    2660840 bits [Y 99.9900 dB    U 99.9900 dB    V 99.9900 dB] [ET  7.08 ] [L0 ] [L1 ]
*** TRAIL_R numBytesInNALunit: 334389
POC  437 TId: 0 ( I-SLICE, QP 26 )    2675112 bits [Y 99.9900 dB    U 99.9900 dB    V 99.9900 dB] [ET  7.23 ] [L0 ] [L1 ]
*** TRAIL_R numBytesInNALunit: 335893
POC  438 TId: 0 ( I-SLICE, QP 26 )    2687144 bits [Y 99.9900 dB    U 99.9900 dB    V 99.9900 dB] [ET  7.16 ] [L0 ] [L1 ]
*** TRAIL_R numBytesInNALunit: 337979
POC  439 TId: 0 ( I-SLICE, QP 26 )    2703832 bits [Y 99.9900 dB    U 99.9900 dB    V 99.9900 dB] [ET  7.11 ] [L0 ] [L1 ]
*** TRAIL_R numBytesInNALunit: 339560
POC  440 TId: 0 ( I-SLICE, QP 26 )    2716480 bits [Y 99.9900 dB    U 99.9900 dB    V 99.9900 dB] [ET  7.00 ] [L0 ] [L1 ]
*** TRAIL_R numBytesInNALunit: 343205
POC  441 TId: 0 ( I-SLICE, QP 26 )    2745640 bits [Y 99.9900 dB    U 99.9900 dB    V 99.9900 dB] [ET  7.03 ] [L0 ] [L1 ]
*** TRAIL_R numBytesInNALunit: 345562
POC  442 TId: 0 ( I-SLICE, QP 26 )    2764496 bits [Y 99.9900 dB    U 99.9900 dB    V 99.9900 dB] [ET  7.19 ] [L0 ] [L1 ]
*** TRAIL_R numBytesInNALunit: 345230
POC  443 TId: 0 ( I-SLICE, QP 26 )    2761840 bits [Y 99.9900 dB    U 99.9900 dB    V 99.9900 dB] [ET  7.06 ] [L0 ] [L1 ]
*** TRAIL_R numBytesInNALunit: 347286
POC  444 TId: 0 ( I-SLICE, QP 26 )    2778288 bits [Y 99.9900 dB    U 99.9900 dB    V 99.9900 dB] [ET  7.08 ] [L0 ] [L1 ]
*** TRAIL_R numBytesInNALunit: 349841
POC  445 TId: 0 ( I-SLICE, QP 26 )    2798728 bits [Y 99.9900 dB    U 99.9900 dB    V 99.9900 dB] [ET  7.09 ] [L0 ] [L1 ]
*** TRAIL_R numBytesInNALunit: 351319
POC  446 TId: 0 ( I-SLICE, QP 26 )    2810552 bits [Y 99.9900 dB    U 99.9900 dB    V 99.9900 dB] [ET  7.11 ] [L0 ] [L1 ]
*** TRAIL_R numBytesInNALunit: 352680
POC  447 TId: 0 ( I-SLICE, QP 26 )    2821440 bits [Y 99.9900 dB    U 99.9900 dB    V 99.9900 dB] [ET  7.06 ] [L0 ] [L1 ]
*** TRAIL_R numBytesInNALunit: 350613
POC  448 TId: 0 ( I-SLICE, QP 26 )    2804904 bits [Y 99.9900 dB    U 99.9900 dB    V 99.9900 dB] [ET  7.08 ] [L0 ] [L1 ]
*** TRAIL_R numBytesInNALunit: 349915
POC  449 TId: 0 ( I-SLICE, QP 26 )    2799320 bits [Y 99.9900 dB    U 99.9900 dB    V 99.9900 dB] [ET  7.08 ] [L0 ] [L1 ]
*** TRAIL_R numBytesInNALunit: 348457
POC  450 TId: 0 ( I-SLICE, QP 26 )    2787656 bits [Y 99.9900 dB    U 99.9900 dB    V 99.9900 dB] [ET  7.14 ] [L0 ] [L1 ]
*** TRAIL_R numBytesInNALunit: 345985
POC  451 TId: 0 ( I-SLICE, QP 26 )    2767880 bits [Y 99.9900 dB    U 99.9900 dB    V 99.9900 dB] [ET  7.20 ] [L0 ] [L1 ]
*** TRAIL_R numBytesInNALunit: 344078
POC  452 TId: 0 ( I-SLICE, QP 26 )    2752624 bits [Y 99.9900 dB    U 99.9900 dB    V 99.9900 dB] [ET  7.06 ] [L0 ] [L1 ]
*** TRAIL_R numBytesInNALunit: 341155
POC  453 TId: 0 ( I-SLICE, QP 26 )    2729240 bits [Y 99.9900 dB    U 99.9900 dB    V 99.9900 dB] [ET  7.17 ] [L0 ] [L1 ]
*** TRAIL_R numBytesInNALunit: 339241
POC  454 TId: 0 ( I-SLICE, QP 26 )    2713928 bits [Y 99.9900 dB    U 99.9900 dB    V 99.9900 dB] [ET  7.02 ] [L0 ] [L1 ]
*** TRAIL_R numBytesInNALunit: 335501
POC  455 TId: 0 ( I-SLICE, QP 26 )    2684008 bits [Y 99.9900 dB    U 99.9900 dB    V 99.9900 dB] [ET  7.06 ] [L0 ] [L1 ]
*** TRAIL_R numBytesInNALunit: 333098
POC  456 TId: 0 ( I-SLICE, QP 26 )    2664784 bits [Y 99.9900 dB    U 99.9900 dB    V 99.9900 dB] [ET  7.00 ] [L0 ] [L1 ]
*** TRAIL_R numBytesInNALunit: 332737
POC  457 TId: 0 ( I-SLICE, QP 26 )    2661896 bits [Y 99.9900 dB    U 99.9900 dB    V 99.9900 dB] [ET  7.06 ] [L0 ] [L1 ]
*** TRAIL_R numBytesInNALunit: 330800
POC  458 TId: 0 ( I-SLICE, QP 26 )    2646400 bits [Y 99.9900 dB    U 99.9900 dB    V 99.9900 dB] [ET  6.98 ] [L0 ] [L1 ]
*** TRAIL_R numBytesInNALunit: 328957
POC  459 TId: 0 ( I-SLICE, QP 26 )    2631656 bits [Y 99.9900 dB    U 99.9900 dB    V 99.9900 dB] [ET  6.97 ] [L0 ] [L1 ]
*** TRAIL_R numBytesInNALunit: 328708
POC  460 TId: 0 ( I-SLICE, QP 26 )    2629664 bits [Y 99.9900 dB    U 99.9900 dB    V 99.9900 dB] [ET  7.03 ] [L0 ] [L1 ]
*** TRAIL_R numBytesInNALunit: 328451
POC  461 TId: 0 ( I-SLICE, QP 26 )    2627608 bits [Y 99.9900 dB    U 99.9900 dB    V 99.9900 dB] [ET  7.02 ] [L0 ] [L1 ]
*** TRAIL_R numBytesInNALunit: 326873
POC  462 TId: 0 ( I-SLICE, QP 26 )    2614984 bits [Y 99.9900 dB    U 99.9900 dB    V 99.9900 dB] [ET  7.02 ] [L0 ] [L1 ]
*** TRAIL_R numBytesInNALunit: 325943
POC  463 TId: 0 ( I-SLICE, QP 26 )    2607544 bits [Y 99.9900 dB    U 99.9900 dB    V 99.9900 dB] [ET  7.05 ] [L0 ] [L1 ]
*** TRAIL_R numBytesInNALunit: 326611
POC  464 TId: 0 ( I-SLICE, QP 26 )    2612888 bits [Y 99.9900 dB    U 99.9900 dB    V 99.9900 dB] [ET  7.02 ] [L0 ] [L1 ]
*** TRAIL_R numBytesInNALunit: 326031
POC  465 TId: 0 ( I-SLICE, QP 26 )    2608248 bits [Y 99.9900 dB    U 99.9900 dB    V 99.9900 dB] [ET  7.11 ] [L0 ] [L1 ]
*** TRAIL_R numBytesInNALunit: 327026
POC  466 TId: 0 ( I-SLICE, QP 26 )    2616208 bits [Y 99.9900 dB    U 99.9900 dB    V 99.9900 dB] [ET  7.00 ] [L0 ] [L1 ]
*** TRAIL_R numBytesInNALunit: 331023
POC  467 TId: 0 ( I-SLICE, QP 26 )    2648184 bits [Y 99.9900 dB    U 99.9900 dB    V 99.9900 dB] [ET  7.03 ] [L0 ] [L1 ]
*** TRAIL_R numBytesInNALunit: 329307
POC  468 TId: 0 ( I-SLICE, QP 26 )    2634456 bits [Y 99.9900 dB    U 99.9900 dB    V 99.9900 dB] [ET  7.12 ] [L0 ] [L1 ]
*** TRAIL_R numBytesInNALunit: 327607
POC  469 TId: 0 ( I-SLICE, QP 26 )    2620856 bits [Y 99.9900 dB    U 99.9900 dB    V 99.9900 dB] [ET  7.08 ] [L0 ] [L1 ]
*** TRAIL_R numBytesInNALunit: 325570
POC  470 TId: 0 ( I-SLICE, QP 26 )    2604560 bits [Y 99.9900 dB    U 99.9900 dB    V 99.9900 dB] [ET  7.00 ] [L0 ] [L1 ]
*** TRAIL_R numBytesInNALunit: 324261
POC  471 TId: 0 ( I-SLICE, QP 26 )    2594088 bits [Y 99.9900 dB    U 99.9900 dB    V 99.9900 dB] [ET  7.00 ] [L0 ] [L1 ]
*** TRAIL_R numBytesInNALunit: 322696
POC  472 TId: 0 ( I-SLICE, QP 26 )    2581568 bits [Y 99.9900 dB    U 99.9900 dB    V 99.9900 dB] [ET  6.98 ] [L0 ] [L1 ]
*** TRAIL_R numBytesInNALunit: 323497
POC  473 TId: 0 ( I-SLICE, QP 26 )    2587976 bits [Y 99.9900 dB    U 99.9900 dB    V 99.9900 dB] [ET  6.95 ] [L0 ] [L1 ]
*** TRAIL_R numBytesInNALunit: 323189
POC  474 TId: 0 ( I-SLICE, QP 26 )    2585512 bits [Y 99.9900 dB    U 99.9900 dB    V 99.9900 dB] [ET  7.02 ] [L0 ] [L1 ]
*** TRAIL_R numBytesInNALunit: 323285
POC  475 TId: 0 ( I-SLICE, QP 26 )    2586280 bits [Y 99.9900 dB    U 99.9900 dB    V 99.9900 dB] [ET  6.95 ] [L0 ] [L1 ]
*** TRAIL_R numBytesInNALunit: 320719
POC  476 TId: 0 ( I-SLICE, QP 26 )    2565752 bits [Y 99.9900 dB    U 99.9900 dB    V 99.9900 dB] [ET  7.08 ] [L0 ] [L1 ]
*** TRAIL_R numBytesInNALunit: 319880
POC  477 TId: 0 ( I-SLICE, QP 26 )    2559040 bits [Y 99.9900 dB    U 99.9900 dB    V 99.9900 dB] [ET  6.97 ] [L0 ] [L1 ]
*** TRAIL_R numBytesInNALunit: 319846
POC  478 TId: 0 ( I-SLICE, QP 26 )    2558768 bits [Y 99.9900 dB    U 99.9900 dB    V 99.9900 dB] [ET  6.97 ] [L0 ] [L1 ]
*** TRAIL_R numBytesInNALunit: 319560
POC  479 TId: 0 ( I-SLICE, QP 26 )    2556480 bits [Y 99.9900 dB    U 99.9900 dB    V 99.9900 dB] [ET  6.98 ] [L0 ] [L1 ]
*** TRAIL_R numBytesInNALunit: 319401
POC  480 TId: 0 ( I-SLICE, QP 26 )    2555208 bits [Y 99.9900 dB    U 99.9900 dB    V 99.9900 dB] [ET  6.92 ] [L0 ] [L1 ]
*** TRAIL_R numBytesInNALunit: 320639
POC  481 TId: 0 ( I-SLICE, QP 26 )    2565112 bits [Y 99.9900 dB    U 99.9900 dB    V 99.9900 dB] [ET  6.97 ] [L0 ] [L1 ]
*** TRAIL_R numBytesInNALunit: 323333
POC  482 TId: 0 ( I-SLICE, QP 26 )    2586664 bits [Y 99.9900 dB    U 99.9900 dB    V 99.9900 dB] [ET  7.03 ] [L0 ] [L1 ]
*** TRAIL_R numBytesInNALunit: 324910
POC  483 TId: 0 ( I-SLICE, QP 26 )    2599280 bits [Y 99.9900 dB    U 99.9900 dB    V 99.9900 dB] [ET  6.89 ] [L0 ] [L1 ]
*** TRAIL_R numBytesInNALunit: 325695
POC  484 TId: 0 ( I-SLICE, QP 26 )    2605560 bits [Y 99.9900 dB    U 99.9900 dB    V 99.9900 dB] [ET  6.98 ] [L0 ] [L1 ]
*** TRAIL_R numBytesInNALunit: 329007
POC  485 TId: 0 ( I-SLICE, QP 26 )    2632056 bits [Y 99.9900 dB    U 99.9900 dB    V 99.9900 dB] [ET  6.94 ] [L0 ] [L1 ]
*** TRAIL_R numBytesInNALunit: 332873
POC  486 TId: 0 ( I-SLICE, QP 26 )    2662984 bits [Y 99.9900 dB    U 99.9900 dB    V 99.9900 dB] [ET  6.89 ] [L0 ] [L1 ]
*** TRAIL_R numBytesInNALunit: 334549
POC  487 TId: 0 ( I-SLICE, QP 26 )    2676392 bits [Y 99.9900 dB    U 99.9900 dB    V 99.9900 dB] [ET  6.94 ] [L0 ] [L1 ]
*** TRAIL_R numBytesInNALunit: 334471
POC  488 TId: 0 ( I-SLICE, QP 26 )    2675768 bits [Y 99.9900 dB    U 99.9900 dB    V 99.9900 dB] [ET  6.94 ] [L0 ] [L1 ]
*** TRAIL_R numBytesInNALunit: 335454
POC  489 TId: 0 ( I-SLICE, QP 26 )    2683632 bits [Y 99.9900 dB    U 99.9900 dB    V 99.9900 dB] [ET  6.91 ] [L0 ] [L1 ]
*** TRAIL_R numBytesInNALunit: 340972
POC  490 TId: 0 ( I-SLICE, QP 26 )    2727776 bits [Y 99.9900 dB    U 99.9900 dB    V 99.9900 dB] [ET  6.92 ] [L0 ] [L1 ]
*** TRAIL_R numBytesInNALunit: 342770
POC  491 TId: 0 ( I-SLICE, QP 26 )    2742160 bits [Y 99.9900 dB    U 99.9900 dB    V 99.9900 dB] [ET  6.92 ] [L0 ] [L1 ]
*** TRAIL_R numBytesInNALunit: 345144
POC  492 TId: 0 ( I-SLICE, QP 26 )    2761152 bits [Y 99.9900 dB    U 99.9900 dB    V 99.9900 dB] [ET  6.94 ] [L0 ] [L1 ]
*** TRAIL_R numBytesInNALunit: 345900
POC  493 TId: 0 ( I-SLICE, QP 26 )    2767200 bits [Y 99.9900 dB    U 99.9900 dB    V 99.9900 dB] [ET  6.94 ] [L0 ] [L1 ]
*** TRAIL_R numBytesInNALunit: 347167
POC  494 TId: 0 ( I-SLICE, QP 26 )    2777336 bits [Y 99.9900 dB    U 99.9900 dB    V 99.9900 dB] [ET  6.95 ] [L0 ] [L1 ]
*** TRAIL_R numBytesInNALunit: 347118
POC  495 TId: 0 ( I-SLICE, QP 26 )    2776944 bits [Y 99.9900 dB    U 99.9900 dB    V 99.9900 dB] [ET  6.97 ] [L0 ] [L1 ]
*** TRAIL_R numBytesInNALunit: 350283
POC  496 TId: 0 ( I-SLICE, QP 26 )    2802264 bits [Y 99.9900 dB    U 99.9900 dB    V 99.9900 dB] [ET  6.97 ] [L0 ] [L1 ]
*** TRAIL_R numBytesInNALunit: 353005
POC  497 TId: 0 ( I-SLICE, QP 26 )    2824040 bits [Y 99.9900 dB    U 99.9900 dB    V 99.9900 dB] [ET  7.00 ] [L0 ] [L1 ]
*** TRAIL_R numBytesInNALunit: 352169
POC  498 TId: 0 ( I-SLICE, QP 26 )    2817352 bits [Y 99.9900 dB    U 99.9900 dB    V 99.9900 dB] [ET  6.97 ] [L0 ] [L1 ]
*** TRAIL_R numBytesInNALunit: 349562
POC  499 TId: 0 ( I-SLICE, QP 26 )    2796496 bits [Y 99.9900 dB    U 99.9900 dB    V 99.9900 dB] [ET  6.98 ] [L0 ] [L1 ]


I Slices--------------------------------------------------------
	Total Frames |  Bitrate    Y-PSNR    U-PSNR    V-PSNR 
	      500    i  80250.8251   99.9900   99.9900   99.9900
Bytes written to file: 167191230 (80251.790 kbps)
Bytes for SPS/PPS/Slice (Incl. Annex B): 167191230 (80251.790 kbps)

 Total Time:     5137.766 sec.
