
HM software: Encoder Version [15.0][Linux][GCC 4.8.5][64 bit] 

Input          File          : ../../HEVC_test_sequence/ClassE/FourPeople_1280x720_60.yuv
Bitstream      File          : FourPeople.bin
Reconstruction File          : FourPeople.yuv
Real     Format              : 1280x720 60Hz
Internal Format              : 1280x720 60Hz
Frame/Field                  : Frame based coding
Frame index                  : 0 - 599 (600 frames)
CU size / depth              : 32 / 3
RQT trans. size (min / max)  : 4 / 32
Max RQT depth inter          : 3
Max RQT depth intra          : 1
Min PCM size                 : 8
Motion search range          : 64
Intra period                 : 1
Decoding refresh type        : 0
QP                           : 26.00
Max dQP signaling depth      : 0
Cb QP Offset                 : 0
Cr QP Offset                 : 0
QP adaptation                : 0 (range=0)
GOP size                     : 1
Internal bit depth           : (Y:8, C:8)
PCM sample bit depth         : (Y:8, C:8)
RateControl                  : 0
Max Num Merge Candidates     : 5

TOOL CFG: IBD:0 HAD:0 RDQ:0 RDQTS:0 RDpenalty:0 SQP:0 ASR:0 FEN:0 ECU:0 FDM:0 CFM:0 ESD:0 RQT:1 TransformSkip:0 TransformSkipFast:0 Slice: M=0 SliceSegment: M=0 CIP:0 SAO:0 PCM:0 TransQuantBypassEnabled: =1 WPP:0 WPB:0 PME:2  WaveFrontSynchro:0 WaveFrontSubstreams:1 ScalingList:0 TMVPMode:1  SignBitHidingFlag:1 RecalQP:0

***    VPS numBytesInNALunit: 24
***    SPS numBytesInNALunit: 31
***    PPS numBytesInNALunit: 7
*** IDR_W_RADL numBytesInNALunit: 487777
POC    0 TId: 0 ( I-SLICE, QP 26 )    3902712 bits [Y 99.9900 dB    U 99.9900 dB    V 99.9900 dB] [ET 13.81 ] [L0 ] [L1 ]
*** TRAIL_R numBytesInNALunit: 487918
POC    1 TId: 0 ( I-SLICE, QP 26 )    3903344 bits [Y 99.9900 dB    U 99.9900 dB    V 99.9900 dB] [ET 13.64 ] [L0 ] [L1 ]
*** TRAIL_R numBytesInNALunit: 487748
POC    2 TId: 0 ( I-SLICE, QP 26 )    3901984 bits [Y 99.9900 dB    U 99.9900 dB    V 99.9900 dB] [ET 13.58 ] [L0 ] [L1 ]
*** TRAIL_R numBytesInNALunit: 487843
POC    3 TId: 0 ( I-SLICE, QP 26 )    3902744 bits [Y 99.9900 dB    U 99.9900 dB    V 99.9900 dB] [ET 14.00 ] [L0 ] [L1 ]
*** TRAIL_R numBytesInNALunit: 488062
POC    4 TId: 0 ( I-SLICE, QP 26 )    3904496 bits [Y 99.9900 dB    U 99.9900 dB    V 99.9900 dB] [ET 13.61 ] [L0 ] [L1 ]
*** TRAIL_R numBytesInNALunit: 488270
POC    5 TId: 0 ( I-SLICE, QP 26 )    3906160 bits [Y 99.9900 dB    U 99.9900 dB    V 99.9900 dB] [ET 13.67 ] [L0 ] [L1 ]
*** TRAIL_R numBytesInNALunit: 487942
POC    6 TId: 0 ( I-SLICE, QP 26 )    3903536 bits [Y 99.9900 dB    U 99.9900 dB    V 99.9900 dB] [ET 13.30 ] [L0 ] [L1 ]
*** TRAIL_R numBytesInNALunit: 487953
POC    7 TId: 0 ( I-SLICE, QP 26 )    3903624 bits [Y 99.9900 dB    U 99.9900 dB    V 99.9900 dB] [ET 13.75 ] [L0 ] [L1 ]
*** TRAIL_R numBytesInNALunit: 487942
POC    8 TId: 0 ( I-SLICE, QP 26 )    3903536 bits [Y 99.9900 dB    U 99.9900 dB    V 99.9900 dB] [ET 13.73 ] [L0 ] [L1 ]
*** TRAIL_R numBytesInNALunit: 488595
POC    9 TId: 0 ( I-SLICE, QP 26 )    3908760 bits [Y 99.9900 dB    U 99.9900 dB    V 99.9900 dB] [ET 13.80 ] [L0 ] [L1 ]
*** TRAIL_R numBytesInNALunit: 488589
POC   10 TId: 0 ( I-SLICE, QP 26 )    3908712 bits [Y 99.9900 dB    U 99.9900 dB    V 99.9900 dB] [ET 13.27 ] [L0 ] [L1 ]
*** TRAIL_R numBytesInNALunit: 488079
POC   11 TId: 0 ( I-SLICE, QP 26 )    3904632 bits [Y 99.9900 dB    U 99.9900 dB    V 99.9900 dB] [ET 13.62 ] [L0 ] [L1 ]
*** TRAIL_R numBytesInNALunit: 488599
POC   12 TId: 0 ( I-SLICE, QP 26 )    3908792 bits [Y 99.9900 dB    U 99.9900 dB    V 99.9900 dB] [ET 14.03 ] [L0 ] [L1 ]
*** TRAIL_R numBytesInNALunit: 488192
POC   13 TId: 0 ( I-SLICE, QP 26 )    3905536 bits [Y 99.9900 dB    U 99.9900 dB    V 99.9900 dB] [ET 13.89 ] [L0 ] [L1 ]
*** TRAIL_R numBytesInNALunit: 488450
POC   14 TId: 0 ( I-SLICE, QP 26 )    3907600 bits [Y 99.9900 dB    U 99.9900 dB    V 99.9900 dB] [ET 14.02 ] [L0 ] [L1 ]
*** TRAIL_R numBytesInNALunit: 488391
POC   15 TId: 0 ( I-SLICE, QP 26 )    3907128 bits [Y 99.9900 dB    U 99.9900 dB    V 99.9900 dB] [ET 13.70 ] [L0 ] [L1 ]
*** TRAIL_R numBytesInNALunit: 488352
POC   16 TId: 0 ( I-SLICE, QP 26 )    3906816 bits [Y 99.9900 dB    U 99.9900 dB    V 99.9900 dB] [ET 13.62 ] [L0 ] [L1 ]
*** TRAIL_R numBytesInNALunit: 488407
POC   17 TId: 0 ( I-SLICE, QP 26 )    3907256 bits [Y 99.9900 dB    U 99.9900 dB    V 99.9900 dB] [ET 13.45 ] [L0 ] [L1 ]
*** TRAIL_R numBytesInNALunit: 488323
POC   18 TId: 0 ( I-SLICE, QP 26 )    3906584 bits [Y 99.9900 dB    U 99.9900 dB    V 99.9900 dB] [ET 13.52 ] [L0 ] [L1 ]
*** TRAIL_R numBytesInNALunit: 488298
POC   19 TId: 0 ( I-SLICE, QP 26 )    3906384 bits [Y 99.9900 dB    U 99.9900 dB    V 99.9900 dB] [ET 13.44 ] [L0 ] [L1 ]
*** TRAIL_R numBytesInNALunit: 488233
POC   20 TId: 0 ( I-SLICE, QP 26 )    3905864 bits [Y 99.9900 dB    U 99.9900 dB    V 99.9900 dB] [ET 13.47 ] [L0 ] [L1 ]
*** TRAIL_R numBytesInNALunit: 488445
POC   21 TId: 0 ( I-SLICE, QP 26 )    3907560 bits [Y 99.9900 dB    U 99.9900 dB    V 99.9900 dB] [ET 13.52 ] [L0 ] [L1 ]
*** TRAIL_R numBytesInNALunit: 488250
POC   22 TId: 0 ( I-SLICE, QP 26 )    3906000 bits [Y 99.9900 dB    U 99.9900 dB    V 99.9900 dB] [ET 13.78 ] [L0 ] [L1 ]
*** TRAIL_R numBytesInNALunit: 487694
POC   23 TId: 0 ( I-SLICE, QP 26 )    3901552 bits [Y 99.9900 dB    U 99.9900 dB    V 99.9900 dB] [ET 13.38 ] [L0 ] [L1 ]
*** TRAIL_R numBytesInNALunit: 488114
POC   24 TId: 0 ( I-SLICE, QP 26 )    3904912 bits [Y 99.9900 dB    U 99.9900 dB    V 99.9900 dB] [ET 13.83 ] [L0 ] [L1 ]
*** TRAIL_R numBytesInNALunit: 487101
POC   25 TId: 0 ( I-SLICE, QP 26 )    3896808 bits [Y 99.9900 dB    U 99.9900 dB    V 99.9900 dB] [ET 13.25 ] [L0 ] [L1 ]
*** TRAIL_R numBytesInNALunit: 488351
POC   26 TId: 0 ( I-SLICE, QP 26 )    3906808 bits [Y 99.9900 dB    U 99.9900 dB    V 99.9900 dB] [ET 13.58 ] [L0 ] [L1 ]
*** TRAIL_R numBytesInNALunit: 487559
POC   27 TId: 0 ( I-SLICE, QP 26 )    3900472 bits [Y 99.9900 dB    U 99.9900 dB    V 99.9900 dB] [ET 13.16 ] [L0 ] [L1 ]
*** TRAIL_R numBytesInNALunit: 487322
POC   28 TId: 0 ( I-SLICE, QP 26 )    3898576 bits [Y 99.9900 dB    U 99.9900 dB    V 99.9900 dB] [ET 13.16 ] [L0 ] [L1 ]
*** TRAIL_R numBytesInNALunit: 487422
POC   29 TId: 0 ( I-SLICE, QP 26 )    3899376 bits [Y 99.9900 dB    U 99.9900 dB    V 99.9900 dB] [ET 13.56 ] [L0 ] [L1 ]
*** TRAIL_R numBytesInNALunit: 488563
POC   30 TId: 0 ( I-SLICE, QP 26 )    3908504 bits [Y 99.9900 dB    U 99.9900 dB    V 99.9900 dB] [ET 13.33 ] [L0 ] [L1 ]
*** TRAIL_R numBytesInNALunit: 487480
POC   31 TId: 0 ( I-SLICE, QP 26 )    3899840 bits [Y 99.9900 dB    U 99.9900 dB    V 99.9900 dB] [ET 13.70 ] [L0 ] [L1 ]
*** TRAIL_R numBytesInNALunit: 488040
POC   32 TId: 0 ( I-SLICE, QP 26 )    3904320 bits [Y 99.9900 dB    U 99.9900 dB    V 99.9900 dB] [ET 13.75 ] [L0 ] [L1 ]
*** TRAIL_R numBytesInNALunit: 487365
POC   33 TId: 0 ( I-SLICE, QP 26 )    3898920 bits [Y 99.9900 dB    U 99.9900 dB    V 99.9900 dB] [ET 13.55 ] [L0 ] [L1 ]
*** TRAIL_R numBytesInNALunit: 488164
POC   34 TId: 0 ( I-SLICE, QP 26 )    3905312 bits [Y 99.9900 dB    U 99.9900 dB    V 99.9900 dB] [ET 13.42 ] [L0 ] [L1 ]
*** TRAIL_R numBytesInNALunit: 488211
POC   35 TId: 0 ( I-SLICE, QP 26 )    3905688 bits [Y 99.9900 dB    U 99.9900 dB    V 99.9900 dB] [ET 13.55 ] [L0 ] [L1 ]
*** TRAIL_R numBytesInNALunit: 488073
POC   36 TId: 0 ( I-SLICE, QP 26 )    3904584 bits [Y 99.9900 dB    U 99.9900 dB    V 99.9900 dB] [ET 13.20 ] [L0 ] [L1 ]
*** TRAIL_R numBytesInNALunit: 488026
POC   37 TId: 0 ( I-SLICE, QP 26 )    3904208 bits [Y 99.9900 dB    U 99.9900 dB    V 99.9900 dB] [ET 13.77 ] [L0 ] [L1 ]
*** TRAIL_R numBytesInNALunit: 487792
POC   38 TId: 0 ( I-SLICE, QP 26 )    3902336 bits [Y 99.9900 dB    U 99.9900 dB    V 99.9900 dB] [ET 13.69 ] [L0 ] [L1 ]
*** TRAIL_R numBytesInNALunit: 487993
POC   39 TId: 0 ( I-SLICE, QP 26 )    3903944 bits [Y 99.9900 dB    U 99.9900 dB    V 99.9900 dB] [ET 13.28 ] [L0 ] [L1 ]
*** TRAIL_R numBytesInNALunit: 488283
POC   40 TId: 0 ( I-SLICE, QP 26 )    3906264 bits [Y 99.9900 dB    U 99.9900 dB    V 99.9900 dB] [ET 13.48 ] [L0 ] [L1 ]
*** TRAIL_R numBytesInNALunit: 487751
POC   41 TId: 0 ( I-SLICE, QP 26 )    3902008 bits [Y 99.9900 dB    U 99.9900 dB    V 99.9900 dB] [ET 13.42 ] [L0 ] [L1 ]
*** TRAIL_R numBytesInNALunit: 487648
POC   42 TId: 0 ( I-SLICE, QP 26 )    3901184 bits [Y 99.9900 dB    U 99.9900 dB    V 99.9900 dB] [ET 14.09 ] [L0 ] [L1 ]
*** TRAIL_R numBytesInNALunit: 487765
POC   43 TId: 0 ( I-SLICE, QP 26 )    3902120 bits [Y 99.9900 dB    U 99.9900 dB    V 99.9900 dB] [ET 13.70 ] [L0 ] [L1 ]
*** TRAIL_R numBytesInNALunit: 488520
POC   44 TId: 0 ( I-SLICE, QP 26 )    3908160 bits [Y 99.9900 dB    U 99.9900 dB    V 99.9900 dB] [ET 13.61 ] [L0 ] [L1 ]
*** TRAIL_R numBytesInNALunit: 487749
POC   45 TId: 0 ( I-SLICE, QP 26 )    3901992 bits [Y 99.9900 dB    U 99.9900 dB    V 99.9900 dB] [ET 13.88 ] [L0 ] [L1 ]
*** TRAIL_R numBytesInNALunit: 487576
POC   46 TId: 0 ( I-SLICE, QP 26 )    3900608 bits [Y 99.9900 dB    U 99.9900 dB    V 99.9900 dB] [ET 13.62 ] [L0 ] [L1 ]
*** TRAIL_R numBytesInNALunit: 487769
POC   47 TId: 0 ( I-SLICE, QP 26 )    3902152 bits [Y 99.9900 dB    U 99.9900 dB    V 99.9900 dB] [ET 13.14 ] [L0 ] [L1 ]
*** TRAIL_R numBytesInNALunit: 488521
POC   48 TId: 0 ( I-SLICE, QP 26 )    3908168 bits [Y 99.9900 dB    U 99.9900 dB    V 99.9900 dB] [ET 13.08 ] [L0 ] [L1 ]
*** TRAIL_R numBytesInNALunit: 487429
POC   49 TId: 0 ( I-SLICE, QP 26 )    3899432 bits [Y 99.9900 dB    U 99.9900 dB    V 99.9900 dB] [ET 13.34 ] [L0 ] [L1 ]
*** TRAIL_R numBytesInNALunit: 487042
POC   50 TId: 0 ( I-SLICE, QP 26 )    3896336 bits [Y 99.9900 dB    U 99.9900 dB    V 99.9900 dB] [ET 13.81 ] [L0 ] [L1 ]
*** TRAIL_R numBytesInNALunit: 487207
POC   51 TId: 0 ( I-SLICE, QP 26 )    3897656 bits [Y 99.9900 dB    U 99.9900 dB    V 99.9900 dB] [ET 13.31 ] [L0 ] [L1 ]
*** TRAIL_R numBytesInNALunit: 488244
POC   52 TId: 0 ( I-SLICE, QP 26 )    3905952 bits [Y 99.9900 dB    U 99.9900 dB    V 99.9900 dB] [ET 14.11 ] [L0 ] [L1 ]
*** TRAIL_R numBytesInNALunit: 487375
POC   53 TId: 0 ( I-SLICE, QP 26 )    3899000 bits [Y 99.9900 dB    U 99.9900 dB    V 99.9900 dB] [ET 13.61 ] [L0 ] [L1 ]
*** TRAIL_R numBytesInNALunit: 487125
POC   54 TId: 0 ( I-SLICE, QP 26 )    3897000 bits [Y 99.9900 dB    U 99.9900 dB    V 99.9900 dB] [ET 13.77 ] [L0 ] [L1 ]
*** TRAIL_R numBytesInNALunit: 487355
POC   55 TId: 0 ( I-SLICE, QP 26 )    3898840 bits [Y 99.9900 dB    U 99.9900 dB    V 99.9900 dB] [ET 13.53 ] [L0 ] [L1 ]
*** TRAIL_R numBytesInNALunit: 487951
POC   56 TId: 0 ( I-SLICE, QP 26 )    3903608 bits [Y 99.9900 dB    U 99.9900 dB    V 99.9900 dB] [ET 13.78 ] [L0 ] [L1 ]
*** TRAIL_R numBytesInNALunit: 487828
POC   57 TId: 0 ( I-SLICE, QP 26 )    3902624 bits [Y 99.9900 dB    U 99.9900 dB    V 99.9900 dB] [ET 13.58 ] [L0 ] [L1 ]
*** TRAIL_R numBytesInNALunit: 488358
POC   58 TId: 0 ( I-SLICE, QP 26 )    3906864 bits [Y 99.9900 dB    U 99.9900 dB    V 99.9900 dB] [ET 13.45 ] [L0 ] [L1 ]
*** TRAIL_R numBytesInNALunit: 488285
POC   59 TId: 0 ( I-SLICE, QP 26 )    3906280 bits [Y 99.9900 dB    U 99.9900 dB    V 99.9900 dB] [ET 13.45 ] [L0 ] [L1 ]
*** TRAIL_R numBytesInNALunit: 488630
POC   60 TId: 0 ( I-SLICE, QP 26 )    3909040 bits [Y 99.9900 dB    U 99.9900 dB    V 99.9900 dB] [ET 13.30 ] [L0 ] [L1 ]
*** TRAIL_R numBytesInNALunit: 487488
POC   61 TId: 0 ( I-SLICE, QP 26 )    3899904 bits [Y 99.9900 dB    U 99.9900 dB    V 99.9900 dB] [ET 13.62 ] [L0 ] [L1 ]
*** TRAIL_R numBytesInNALunit: 488447
POC   62 TId: 0 ( I-SLICE, QP 26 )    3907576 bits [Y 99.9900 dB    U 99.9900 dB    V 99.9900 dB] [ET 13.62 ] [L0 ] [L1 ]
*** TRAIL_R numBytesInNALunit: 487709
POC   63 TId: 0 ( I-SLICE, QP 26 )    3901672 bits [Y 99.9900 dB    U 99.9900 dB    V 99.9900 dB] [ET 13.80 ] [L0 ] [L1 ]
*** TRAIL_R numBytesInNALunit: 487130
POC   64 TId: 0 ( I-SLICE, QP 26 )    3897040 bits [Y 99.9900 dB    U 99.9900 dB    V 99.9900 dB] [ET 13.56 ] [L0 ] [L1 ]
*** TRAIL_R numBytesInNALunit: 486621
POC   65 TId: 0 ( I-SLICE, QP 26 )    3892968 bits [Y 99.9900 dB    U 99.9900 dB    V 99.9900 dB] [ET 13.55 ] [L0 ] [L1 ]
*** TRAIL_R numBytesInNALunit: 487761
POC   66 TId: 0 ( I-SLICE, QP 26 )    3902088 bits [Y 99.9900 dB    U 99.9900 dB    V 99.9900 dB] [ET 13.23 ] [L0 ] [L1 ]
*** TRAIL_R numBytesInNALunit: 486688
POC   67 TId: 0 ( I-SLICE, QP 26 )    3893504 bits [Y 99.9900 dB    U 99.9900 dB    V 99.9900 dB] [ET 13.58 ] [L0 ] [L1 ]
*** TRAIL_R numBytesInNALunit: 486612
POC   68 TId: 0 ( I-SLICE, QP 26 )    3892896 bits [Y 99.9900 dB    U 99.9900 dB    V 99.9900 dB] [ET 14.00 ] [L0 ] [L1 ]
*** TRAIL_R numBytesInNALunit: 486847
POC   69 TId: 0 ( I-SLICE, QP 26 )    3894776 bits [Y 99.9900 dB    U 99.9900 dB    V 99.9900 dB] [ET 13.69 ] [L0 ] [L1 ]
*** TRAIL_R numBytesInNALunit: 487925
POC   70 TId: 0 ( I-SLICE, QP 26 )    3903400 bits [Y 99.9900 dB    U 99.9900 dB    V 99.9900 dB] [ET 13.42 ] [L0 ] [L1 ]
*** TRAIL_R numBytesInNALunit: 486349
POC   71 TId: 0 ( I-SLICE, QP 26 )    3890792 bits [Y 99.9900 dB    U 99.9900 dB    V 99.9900 dB] [ET 13.81 ] [L0 ] [L1 ]
*** TRAIL_R numBytesInNALunit: 486663
POC   72 TId: 0 ( I-SLICE, QP 26 )    3893304 bits [Y 99.9900 dB    U 99.9900 dB    V 99.9900 dB] [ET 13.48 ] [L0 ] [L1 ]
*** TRAIL_R numBytesInNALunit: 486688
POC   73 TId: 0 ( I-SLICE, QP 26 )    3893504 bits [Y 99.9900 dB    U 99.9900 dB    V 99.9900 dB] [ET 13.72 ] [L0 ] [L1 ]
*** TRAIL_R numBytesInNALunit: 487802
POC   74 TId: 0 ( I-SLICE, QP 26 )    3902416 bits [Y 99.9900 dB    U 99.9900 dB    V 99.9900 dB] [ET 13.47 ] [L0 ] [L1 ]
*** TRAIL_R numBytesInNALunit: 486542
POC   75 TId: 0 ( I-SLICE, QP 26 )    3892336 bits [Y 99.9900 dB    U 99.9900 dB    V 99.9900 dB] [ET 13.48 ] [L0 ] [L1 ]
*** TRAIL_R numBytesInNALunit: 486806
POC   76 TId: 0 ( I-SLICE, QP 26 )    3894448 bits [Y 99.9900 dB    U 99.9900 dB    V 99.9900 dB] [ET 13.81 ] [L0 ] [L1 ]
*** TRAIL_R numBytesInNALunit: 487238
POC   77 TId: 0 ( I-SLICE, QP 26 )    3897904 bits [Y 99.9900 dB    U 99.9900 dB    V 99.9900 dB] [ET 13.55 ] [L0 ] [L1 ]
*** TRAIL_R numBytesInNALunit: 488445
POC   78 TId: 0 ( I-SLICE, QP 26 )    3907560 bits [Y 99.9900 dB    U 99.9900 dB    V 99.9900 dB] [ET 13.48 ] [L0 ] [L1 ]
*** TRAIL_R numBytesInNALunit: 487017
POC   79 TId: 0 ( I-SLICE, QP 26 )    3896136 bits [Y 99.9900 dB    U 99.9900 dB    V 99.9900 dB] [ET 13.78 ] [L0 ] [L1 ]
*** TRAIL_R numBytesInNALunit: 487528
POC   80 TId: 0 ( I-SLICE, QP 26 )    3900224 bits [Y 99.9900 dB    U 99.9900 dB    V 99.9900 dB] [ET 13.33 ] [L0 ] [L1 ]
*** TRAIL_R numBytesInNALunit: 487108
POC   81 TId: 0 ( I-SLICE, QP 26 )    3896864 bits [Y 99.9900 dB    U 99.9900 dB    V 99.9900 dB] [ET 13.48 ] [L0 ] [L1 ]
*** TRAIL_R numBytesInNALunit: 488186
POC   82 TId: 0 ( I-SLICE, QP 26 )    3905488 bits [Y 99.9900 dB    U 99.9900 dB    V 99.9900 dB] [ET 13.62 ] [L0 ] [L1 ]
*** TRAIL_R numBytesInNALunit: 487476
POC   83 TId: 0 ( I-SLICE, QP 26 )    3899808 bits [Y 99.9900 dB    U 99.9900 dB    V 99.9900 dB] [ET 13.59 ] [L0 ] [L1 ]
*** TRAIL_R numBytesInNALunit: 487505
POC   84 TId: 0 ( I-SLICE, QP 26 )    3900040 bits [Y 99.9900 dB    U 99.9900 dB    V 99.9900 dB] [ET 13.50 ] [L0 ] [L1 ]
*** TRAIL_R numBytesInNALunit: 488025
POC   85 TId: 0 ( I-SLICE, QP 26 )    3904200 bits [Y 99.9900 dB    U 99.9900 dB    V 99.9900 dB] [ET 13.48 ] [L0 ] [L1 ]
*** TRAIL_R numBytesInNALunit: 488773
POC   86 TId: 0 ( I-SLICE, QP 26 )    3910184 bits [Y 99.9900 dB    U 99.9900 dB    V 99.9900 dB] [ET 13.83 ] [L0 ] [L1 ]
*** TRAIL_R numBytesInNALunit: 488372
POC   87 TId: 0 ( I-SLICE, QP 26 )    3906976 bits [Y 99.9900 dB    U 99.9900 dB    V 99.9900 dB] [ET 13.77 ] [L0 ] [L1 ]
*** TRAIL_R numBytesInNALunit: 487689
POC   88 TId: 0 ( I-SLICE, QP 26 )    3901512 bits [Y 99.9900 dB    U 99.9900 dB    V 99.9900 dB] [ET 13.67 ] [L0 ] [L1 ]
*** TRAIL_R numBytesInNALunit: 487921
POC   89 TId: 0 ( I-SLICE, QP 26 )    3903368 bits [Y 99.9900 dB    U 99.9900 dB    V 99.9900 dB] [ET 13.53 ] [L0 ] [L1 ]
*** TRAIL_R numBytesInNALunit: 489137
POC   90 TId: 0 ( I-SLICE, QP 26 )    3913096 bits [Y 99.9900 dB    U 99.9900 dB    V 99.9900 dB] [ET 13.83 ] [L0 ] [L1 ]
*** TRAIL_R numBytesInNALunit: 488534
POC   91 TId: 0 ( I-SLICE, QP 26 )    3908272 bits [Y 99.9900 dB    U 99.9900 dB    V 99.9900 dB] [ET 13.84 ] [L0 ] [L1 ]
*** TRAIL_R numBytesInNALunit: 488416
POC   92 TId: 0 ( I-SLICE, QP 26 )    3907328 bits [Y 99.9900 dB    U 99.9900 dB    V 99.9900 dB] [ET 13.88 ] [L0 ] [L1 ]
*** TRAIL_R numBytesInNALunit: 488664
POC   93 TId: 0 ( I-SLICE, QP 26 )    3909312 bits [Y 99.9900 dB    U 99.9900 dB    V 99.9900 dB] [ET 13.47 ] [L0 ] [L1 ]
*** TRAIL_R numBytesInNALunit: 489480
POC   94 TId: 0 ( I-SLICE, QP 26 )    3915840 bits [Y 99.9900 dB    U 99.9900 dB    V 99.9900 dB] [ET 13.66 ] [L0 ] [L1 ]
*** TRAIL_R numBytesInNALunit: 488823
POC   95 TId: 0 ( I-SLICE, QP 26 )    3910584 bits [Y 99.9900 dB    U 99.9900 dB    V 99.9900 dB] [ET 13.83 ] [L0 ] [L1 ]
*** TRAIL_R numBytesInNALunit: 489558
POC   96 TId: 0 ( I-SLICE, QP 26 )    3916464 bits [Y 99.9900 dB    U 99.9900 dB    V 99.9900 dB] [ET 13.83 ] [L0 ] [L1 ]
*** TRAIL_R numBytesInNALunit: 489083
POC   97 TId: 0 ( I-SLICE, QP 26 )    3912664 bits [Y 99.9900 dB    U 99.9900 dB    V 99.9900 dB] [ET 13.88 ] [L0 ] [L1 ]
*** TRAIL_R numBytesInNALunit: 490054
POC   98 TId: 0 ( I-SLICE, QP 26 )    3920432 bits [Y 99.9900 dB    U 99.9900 dB    V 99.9900 dB] [ET 13.39 ] [L0 ] [L1 ]
*** TRAIL_R numBytesInNALunit: 489733
POC   99 TId: 0 ( I-SLICE, QP 26 )    3917864 bits [Y 99.9900 dB    U 99.9900 dB    V 99.9900 dB] [ET 13.67 ] [L0 ] [L1 ]
*** TRAIL_R numBytesInNALunit: 490186
POC  100 TId: 0 ( I-SLICE, QP 26 )    3921488 bits [Y 99.9900 dB    U 99.9900 dB    V 99.9900 dB] [ET 13.75 ] [L0 ] [L1 ]
*** TRAIL_R numBytesInNALunit: 489785
POC  101 TId: 0 ( I-SLICE, QP 26 )    3918280 bits [Y 99.9900 dB    U 99.9900 dB    V 99.9900 dB] [ET 14.33 ] [L0 ] [L1 ]
*** TRAIL_R numBytesInNALunit: 489838
POC  102 TId: 0 ( I-SLICE, QP 26 )    3918704 bits [Y 99.9900 dB    U 99.9900 dB    V 99.9900 dB] [ET 13.77 ] [L0 ] [L1 ]
*** TRAIL_R numBytesInNALunit: 489976
POC  103 TId: 0 ( I-SLICE, QP 26 )    3919808 bits [Y 99.9900 dB    U 99.9900 dB    V 99.9900 dB] [ET 13.62 ] [L0 ] [L1 ]
*** TRAIL_R numBytesInNALunit: 490493
POC  104 TId: 0 ( I-SLICE, QP 26 )    3923944 bits [Y 99.9900 dB    U 99.9900 dB    V 99.9900 dB] [ET 13.84 ] [L0 ] [L1 ]
*** TRAIL_R numBytesInNALunit: 489744
POC  105 TId: 0 ( I-SLICE, QP 26 )    3917952 bits [Y 99.9900 dB    U 99.9900 dB    V 99.9900 dB] [ET 13.47 ] [L0 ] [L1 ]
*** TRAIL_R numBytesInNALunit: 489590
POC  106 TId: 0 ( I-SLICE, QP 26 )    3916720 bits [Y 99.9900 dB    U 99.9900 dB    V 99.9900 dB] [ET 13.59 ] [L0 ] [L1 ]
*** TRAIL_R numBytesInNALunit: 488885
POC  107 TId: 0 ( I-SLICE, QP 26 )    3911080 bits [Y 99.9900 dB    U 99.9900 dB    V 99.9900 dB] [ET 13.78 ] [L0 ] [L1 ]
*** TRAIL_R numBytesInNALunit: 490015
POC  108 TId: 0 ( I-SLICE, QP 26 )    3920120 bits [Y 99.9900 dB    U 99.9900 dB    V 99.9900 dB] [ET 13.58 ] [L0 ] [L1 ]
*** TRAIL_R numBytesInNALunit: 488486
POC  109 TId: 0 ( I-SLICE, QP 26 )    3907888 bits [Y 99.9900 dB    U 99.9900 dB    V 99.9900 dB] [ET 13.64 ] [L0 ] [L1 ]
*** TRAIL_R numBytesInNALunit: 488342
POC  110 TId: 0 ( I-SLICE, QP 26 )    3906736 bits [Y 99.9900 dB    U 99.9900 dB    V 99.9900 dB] [ET 13.77 ] [L0 ] [L1 ]
*** TRAIL_R numBytesInNALunit: 488296
POC  111 TId: 0 ( I-SLICE, QP 26 )    3906368 bits [Y 99.9900 dB    U 99.9900 dB    V 99.9900 dB] [ET 13.81 ] [L0 ] [L1 ]
*** TRAIL_R numBytesInNALunit: 488876
POC  112 TId: 0 ( I-SLICE, QP 26 )    3911008 bits [Y 99.9900 dB    U 99.9900 dB    V 99.9900 dB] [ET 13.50 ] [L0 ] [L1 ]
*** TRAIL_R numBytesInNALunit: 487961
POC  113 TId: 0 ( I-SLICE, QP 26 )    3903688 bits [Y 99.9900 dB    U 99.9900 dB    V 99.9900 dB] [ET 13.72 ] [L0 ] [L1 ]
*** TRAIL_R numBytesInNALunit: 488310
POC  114 TId: 0 ( I-SLICE, QP 26 )    3906480 bits [Y 99.9900 dB    U 99.9900 dB    V 99.9900 dB] [ET 13.73 ] [L0 ] [L1 ]
*** TRAIL_R numBytesInNALunit: 488470
POC  115 TId: 0 ( I-SLICE, QP 26 )    3907760 bits [Y 99.9900 dB    U 99.9900 dB    V 99.9900 dB] [ET 13.42 ] [L0 ] [L1 ]
*** TRAIL_R numBytesInNALunit: 488407
POC  116 TId: 0 ( I-SLICE, QP 26 )    3907256 bits [Y 99.9900 dB    U 99.9900 dB    V 99.9900 dB] [ET 12.61 ] [L0 ] [L1 ]
*** TRAIL_R numBytesInNALunit: 488392
POC  117 TId: 0 ( I-SLICE, QP 26 )    3907136 bits [Y 99.9900 dB    U 99.9900 dB    V 99.9900 dB] [ET 12.66 ] [L0 ] [L1 ]
*** TRAIL_R numBytesInNALunit: 488075
POC  118 TId: 0 ( I-SLICE, QP 26 )    3904600 bits [Y 99.9900 dB    U 99.9900 dB    V 99.9900 dB] [ET 12.91 ] [L0 ] [L1 ]
*** TRAIL_R numBytesInNALunit: 487959
POC  119 TId: 0 ( I-SLICE, QP 26 )    3903672 bits [Y 99.9900 dB    U 99.9900 dB    V 99.9900 dB] [ET 12.66 ] [L0 ] [L1 ]
*** TRAIL_R numBytesInNALunit: 487482
POC  120 TId: 0 ( I-SLICE, QP 26 )    3899856 bits [Y 99.9900 dB    U 99.9900 dB    V 99.9900 dB] [ET 12.77 ] [L0 ] [L1 ]
*** TRAIL_R numBytesInNALunit: 487630
POC  121 TId: 0 ( I-SLICE, QP 26 )    3901040 bits [Y 99.9900 dB    U 99.9900 dB    V 99.9900 dB] [ET 13.09 ] [L0 ] [L1 ]
*** TRAIL_R numBytesInNALunit: 487870
POC  122 TId: 0 ( I-SLICE, QP 26 )    3902960 bits [Y 99.9900 dB    U 99.9900 dB    V 99.9900 dB] [ET 12.80 ] [L0 ] [L1 ]
*** TRAIL_R numBytesInNALunit: 488080
POC  123 TId: 0 ( I-SLICE, QP 26 )    3904640 bits [Y 99.9900 dB    U 99.9900 dB    V 99.9900 dB] [ET 12.53 ] [L0 ] [L1 ]
*** TRAIL_R numBytesInNALunit: 487751
POC  124 TId: 0 ( I-SLICE, QP 26 )    3902008 bits [Y 99.9900 dB    U 99.9900 dB    V 99.9900 dB] [ET 13.34 ] [L0 ] [L1 ]
*** TRAIL_R numBytesInNALunit: 487487
POC  125 TId: 0 ( I-SLICE, QP 26 )    3899896 bits [Y 99.9900 dB    U 99.9900 dB    V 99.9900 dB] [ET 12.94 ] [L0 ] [L1 ]
*** TRAIL_R numBytesInNALunit: 487456
POC  126 TId: 0 ( I-SLICE, QP 26 )    3899648 bits [Y 99.9900 dB    U 99.9900 dB    V 99.9900 dB] [ET 12.94 ] [L0 ] [L1 ]
*** TRAIL_R numBytesInNALunit: 487494
POC  127 TId: 0 ( I-SLICE, QP 26 )    3899952 bits [Y 99.9900 dB    U 99.9900 dB    V 99.9900 dB] [ET 12.62 ] [L0 ] [L1 ]
*** TRAIL_R numBytesInNALunit: 487420
POC  128 TId: 0 ( I-SLICE, QP 26 )    3899360 bits [Y 99.9900 dB    U 99.9900 dB    V 99.9900 dB] [ET 12.73 ] [L0 ] [L1 ]
*** TRAIL_R numBytesInNALunit: 487203
POC  129 TId: 0 ( I-SLICE, QP 26 )    3897624 bits [Y 99.9900 dB    U 99.9900 dB    V 99.9900 dB] [ET 13.05 ] [L0 ] [L1 ]
*** TRAIL_R numBytesInNALunit: 488036
POC  130 TId: 0 ( I-SLICE, QP 26 )    3904288 bits [Y 99.9900 dB    U 99.9900 dB    V 99.9900 dB] [ET 12.61 ] [L0 ] [L1 ]
*** TRAIL_R numBytesInNALunit: 487807
POC  131 TId: 0 ( I-SLICE, QP 26 )    3902456 bits [Y 99.9900 dB    U 99.9900 dB    V 99.9900 dB] [ET 12.47 ] [L0 ] [L1 ]
*** TRAIL_R numBytesInNALunit: 487588
POC  132 TId: 0 ( I-SLICE, QP 26 )    3900704 bits [Y 99.9900 dB    U 99.9900 dB    V 99.9900 dB] [ET 13.08 ] [L0 ] [L1 ]
*** TRAIL_R numBytesInNALunit: 487423
POC  133 TId: 0 ( I-SLICE, QP 26 )    3899384 bits [Y 99.9900 dB    U 99.9900 dB    V 99.9900 dB] [ET 12.95 ] [L0 ] [L1 ]
*** TRAIL_R numBytesInNALunit: 487458
POC  134 TId: 0 ( I-SLICE, QP 26 )    3899664 bits [Y 99.9900 dB    U 99.9900 dB    V 99.9900 dB] [ET 13.06 ] [L0 ] [L1 ]
*** TRAIL_R numBytesInNALunit: 487419
POC  135 TId: 0 ( I-SLICE, QP 26 )    3899352 bits [Y 99.9900 dB    U 99.9900 dB    V 99.9900 dB] [ET 13.47 ] [L0 ] [L1 ]
*** TRAIL_R numBytesInNALunit: 487218
POC  136 TId: 0 ( I-SLICE, QP 26 )    3897744 bits [Y 99.9900 dB    U 99.9900 dB    V 99.9900 dB] [ET 12.97 ] [L0 ] [L1 ]
*** TRAIL_R numBytesInNALunit: 487426
POC  137 TId: 0 ( I-SLICE, QP 26 )    3899408 bits [Y 99.9900 dB    U 99.9900 dB    V 99.9900 dB] [ET 12.95 ] [L0 ] [L1 ]
*** TRAIL_R numBytesInNALunit: 487786
POC  138 TId: 0 ( I-SLICE, QP 26 )    3902288 bits [Y 99.9900 dB    U 99.9900 dB    V 99.9900 dB] [ET 12.81 ] [L0 ] [L1 ]
*** TRAIL_R numBytesInNALunit: 487440
POC  139 TId: 0 ( I-SLICE, QP 26 )    3899520 bits [Y 99.9900 dB    U 99.9900 dB    V 99.9900 dB] [ET 13.58 ] [L0 ] [L1 ]
*** TRAIL_R numBytesInNALunit: 487068
POC  140 TId: 0 ( I-SLICE, QP 26 )    3896544 bits [Y 99.9900 dB    U 99.9900 dB    V 99.9900 dB] [ET 15.16 ] [L0 ] [L1 ]
*** TRAIL_R numBytesInNALunit: 486825
POC  141 TId: 0 ( I-SLICE, QP 26 )    3894600 bits [Y 99.9900 dB    U 99.9900 dB    V 99.9900 dB] [ET 15.02 ] [L0 ] [L1 ]
*** TRAIL_R numBytesInNALunit: 486961
POC  142 TId: 0 ( I-SLICE, QP 26 )    3895688 bits [Y 99.9900 dB    U 99.9900 dB    V 99.9900 dB] [ET 15.11 ] [L0 ] [L1 ]
*** TRAIL_R numBytesInNALunit: 486901
POC  143 TId: 0 ( I-SLICE, QP 26 )    3895208 bits [Y 99.9900 dB    U 99.9900 dB    V 99.9900 dB] [ET 15.06 ] [L0 ] [L1 ]
*** TRAIL_R numBytesInNALunit: 486570
POC  144 TId: 0 ( I-SLICE, QP 26 )    3892560 bits [Y 99.9900 dB    U 99.9900 dB    V 99.9900 dB] [ET 15.11 ] [L0 ] [L1 ]
*** TRAIL_R numBytesInNALunit: 487211
POC  145 TId: 0 ( I-SLICE, QP 26 )    3897688 bits [Y 99.9900 dB    U 99.9900 dB    V 99.9900 dB] [ET 15.17 ] [L0 ] [L1 ]
*** TRAIL_R numBytesInNALunit: 487572
POC  146 TId: 0 ( I-SLICE, QP 26 )    3900576 bits [Y 99.9900 dB    U 99.9900 dB    V 99.9900 dB] [ET 15.16 ] [L0 ] [L1 ]
*** TRAIL_R numBytesInNALunit: 487128
POC  147 TId: 0 ( I-SLICE, QP 26 )    3897024 bits [Y 99.9900 dB    U 99.9900 dB    V 99.9900 dB] [ET 15.27 ] [L0 ] [L1 ]
*** TRAIL_R numBytesInNALunit: 487438
POC  148 TId: 0 ( I-SLICE, QP 26 )    3899504 bits [Y 99.9900 dB    U 99.9900 dB    V 99.9900 dB] [ET 15.30 ] [L0 ] [L1 ]
*** TRAIL_R numBytesInNALunit: 487439
POC  149 TId: 0 ( I-SLICE, QP 26 )    3899512 bits [Y 99.9900 dB    U 99.9900 dB    V 99.9900 dB] [ET 15.38 ] [L0 ] [L1 ]
*** TRAIL_R numBytesInNALunit: 487655
POC  150 TId: 0 ( I-SLICE, QP 26 )    3901240 bits [Y 99.9900 dB    U 99.9900 dB    V 99.9900 dB] [ET 15.16 ] [L0 ] [L1 ]
*** TRAIL_R numBytesInNALunit: 487945
POC  151 TId: 0 ( I-SLICE, QP 26 )    3903560 bits [Y 99.9900 dB    U 99.9900 dB    V 99.9900 dB] [ET 15.08 ] [L0 ] [L1 ]
*** TRAIL_R numBytesInNALunit: 487491
POC  152 TId: 0 ( I-SLICE, QP 26 )    3899928 bits [Y 99.9900 dB    U 99.9900 dB    V 99.9900 dB] [ET 15.25 ] [L0 ] [L1 ]
*** TRAIL_R numBytesInNALunit: 487007
POC  153 TId: 0 ( I-SLICE, QP 26 )    3896056 bits [Y 99.9900 dB    U 99.9900 dB    V 99.9900 dB] [ET 15.25 ] [L0 ] [L1 ]
*** TRAIL_R numBytesInNALunit: 487010
POC  154 TId: 0 ( I-SLICE, QP 26 )    3896080 bits [Y 99.9900 dB    U 99.9900 dB    V 99.9900 dB] [ET 15.17 ] [L0 ] [L1 ]
*** TRAIL_R numBytesInNALunit: 487577
POC  155 TId: 0 ( I-SLICE, QP 26 )    3900616 bits [Y 99.9900 dB    U 99.9900 dB    V 99.9900 dB] [ET 15.25 ] [L0 ] [L1 ]
*** TRAIL_R numBytesInNALunit: 486862
POC  156 TId: 0 ( I-SLICE, QP 26 )    3894896 bits [Y 99.9900 dB    U 99.9900 dB    V 99.9900 dB] [ET 15.31 ] [L0 ] [L1 ]
*** TRAIL_R numBytesInNALunit: 487199
POC  157 TId: 0 ( I-SLICE, QP 26 )    3897592 bits [Y 99.9900 dB    U 99.9900 dB    V 99.9900 dB] [ET 15.27 ] [L0 ] [L1 ]
*** TRAIL_R numBytesInNALunit: 487049
POC  158 TId: 0 ( I-SLICE, QP 26 )    3896392 bits [Y 99.9900 dB    U 99.9900 dB    V 99.9900 dB] [ET 15.16 ] [L0 ] [L1 ]
*** TRAIL_R numBytesInNALunit: 487354
POC  159 TId: 0 ( I-SLICE, QP 26 )    3898832 bits [Y 99.9900 dB    U 99.9900 dB    V 99.9900 dB] [ET 15.31 ] [L0 ] [L1 ]
*** TRAIL_R numBytesInNALunit: 487605
POC  160 TId: 0 ( I-SLICE, QP 26 )    3900840 bits [Y 99.9900 dB    U 99.9900 dB    V 99.9900 dB] [ET 15.31 ] [L0 ] [L1 ]
*** TRAIL_R numBytesInNALunit: 487579
POC  161 TId: 0 ( I-SLICE, QP 26 )    3900632 bits [Y 99.9900 dB    U 99.9900 dB    V 99.9900 dB] [ET 15.28 ] [L0 ] [L1 ]
*** TRAIL_R numBytesInNALunit: 488290
POC  162 TId: 0 ( I-SLICE, QP 26 )    3906320 bits [Y 99.9900 dB    U 99.9900 dB    V 99.9900 dB] [ET 15.28 ] [L0 ] [L1 ]
*** TRAIL_R numBytesInNALunit: 487823
POC  163 TId: 0 ( I-SLICE, QP 26 )    3902584 bits [Y 99.9900 dB    U 99.9900 dB    V 99.9900 dB] [ET 15.36 ] [L0 ] [L1 ]
*** TRAIL_R numBytesInNALunit: 488069
POC  164 TId: 0 ( I-SLICE, QP 26 )    3904552 bits [Y 99.9900 dB    U 99.9900 dB    V 99.9900 dB] [ET 15.33 ] [L0 ] [L1 ]
*** TRAIL_R numBytesInNALunit: 488084
POC  165 TId: 0 ( I-SLICE, QP 26 )    3904672 bits [Y 99.9900 dB    U 99.9900 dB    V 99.9900 dB] [ET 15.12 ] [L0 ] [L1 ]
*** TRAIL_R numBytesInNALunit: 488091
POC  166 TId: 0 ( I-SLICE, QP 26 )    3904728 bits [Y 99.9900 dB    U 99.9900 dB    V 99.9900 dB] [ET 15.17 ] [L0 ] [L1 ]
*** TRAIL_R numBytesInNALunit: 488467
POC  167 TId: 0 ( I-SLICE, QP 26 )    3907736 bits [Y 99.9900 dB    U 99.9900 dB    V 99.9900 dB] [ET 15.19 ] [L0 ] [L1 ]
*** TRAIL_R numBytesInNALunit: 488576
POC  168 TId: 0 ( I-SLICE, QP 26 )    3908608 bits [Y 99.9900 dB    U 99.9900 dB    V 99.9900 dB] [ET 15.22 ] [L0 ] [L1 ]
*** TRAIL_R numBytesInNALunit: 488342
POC  169 TId: 0 ( I-SLICE, QP 26 )    3906736 bits [Y 99.9900 dB    U 99.9900 dB    V 99.9900 dB] [ET 15.27 ] [L0 ] [L1 ]
*** TRAIL_R numBytesInNALunit: 488858
POC  170 TId: 0 ( I-SLICE, QP 26 )    3910864 bits [Y 99.9900 dB    U 99.9900 dB    V 99.9900 dB] [ET 15.20 ] [L0 ] [L1 ]
*** TRAIL_R numBytesInNALunit: 487840
POC  171 TId: 0 ( I-SLICE, QP 26 )    3902720 bits [Y 99.9900 dB    U 99.9900 dB    V 99.9900 dB] [ET 15.27 ] [L0 ] [L1 ]
*** TRAIL_R numBytesInNALunit: 487923
POC  172 TId: 0 ( I-SLICE, QP 26 )    3903384 bits [Y 99.9900 dB    U 99.9900 dB    V 99.9900 dB] [ET 15.36 ] [L0 ] [L1 ]
*** TRAIL_R numBytesInNALunit: 487798
POC  173 TId: 0 ( I-SLICE, QP 26 )    3902384 bits [Y 99.9900 dB    U 99.9900 dB    V 99.9900 dB] [ET 15.31 ] [L0 ] [L1 ]
*** TRAIL_R numBytesInNALunit: 488230
POC  174 TId: 0 ( I-SLICE, QP 26 )    3905840 bits [Y 99.9900 dB    U 99.9900 dB    V 99.9900 dB] [ET 15.22 ] [L0 ] [L1 ]
*** TRAIL_R numBytesInNALunit: 488071
POC  175 TId: 0 ( I-SLICE, QP 26 )    3904568 bits [Y 99.9900 dB    U 99.9900 dB    V 99.9900 dB] [ET 15.27 ] [L0 ] [L1 ]
*** TRAIL_R numBytesInNALunit: 488041
POC  176 TId: 0 ( I-SLICE, QP 26 )    3904328 bits [Y 99.9900 dB    U 99.9900 dB    V 99.9900 dB] [ET 15.30 ] [L0 ] [L1 ]
*** TRAIL_R numBytesInNALunit: 488337
POC  177 TId: 0 ( I-SLICE, QP 26 )    3906696 bits [Y 99.9900 dB    U 99.9900 dB    V 99.9900 dB] [ET 15.28 ] [L0 ] [L1 ]
*** TRAIL_R numBytesInNALunit: 488785
POC  178 TId: 0 ( I-SLICE, QP 26 )    3910280 bits [Y 99.9900 dB    U 99.9900 dB    V 99.9900 dB] [ET 15.47 ] [L0 ] [L1 ]
*** TRAIL_R numBytesInNALunit: 488695
POC  179 TId: 0 ( I-SLICE, QP 26 )    3909560 bits [Y 99.9900 dB    U 99.9900 dB    V 99.9900 dB] [ET 15.27 ] [L0 ] [L1 ]
*** TRAIL_R numBytesInNALunit: 489381
POC  180 TId: 0 ( I-SLICE, QP 26 )    3915048 bits [Y 99.9900 dB    U 99.9900 dB    V 99.9900 dB] [ET 15.36 ] [L0 ] [L1 ]
*** TRAIL_R numBytesInNALunit: 488816
POC  181 TId: 0 ( I-SLICE, QP 26 )    3910528 bits [Y 99.9900 dB    U 99.9900 dB    V 99.9900 dB] [ET 15.39 ] [L0 ] [L1 ]
*** TRAIL_R numBytesInNALunit: 489050
POC  182 TId: 0 ( I-SLICE, QP 26 )    3912400 bits [Y 99.9900 dB    U 99.9900 dB    V 99.9900 dB] [ET 15.31 ] [L0 ] [L1 ]
*** TRAIL_R numBytesInNALunit: 489573
POC  183 TId: 0 ( I-SLICE, QP 26 )    3916584 bits [Y 99.9900 dB    U 99.9900 dB    V 99.9900 dB] [ET 15.33 ] [L0 ] [L1 ]
*** TRAIL_R numBytesInNALunit: 489022
POC  184 TId: 0 ( I-SLICE, QP 26 )    3912176 bits [Y 99.9900 dB    U 99.9900 dB    V 99.9900 dB] [ET 15.25 ] [L0 ] [L1 ]
*** TRAIL_R numBytesInNALunit: 489437
POC  185 TId: 0 ( I-SLICE, QP 26 )    3915496 bits [Y 99.9900 dB    U 99.9900 dB    V 99.9900 dB] [ET 15.19 ] [L0 ] [L1 ]
*** TRAIL_R numBytesInNALunit: 489487
POC  186 TId: 0 ( I-SLICE, QP 26 )    3915896 bits [Y 99.9900 dB    U 99.9900 dB    V 99.9900 dB] [ET 15.17 ] [L0 ] [L1 ]
*** TRAIL_R numBytesInNALunit: 489458
POC  187 TId: 0 ( I-SLICE, QP 26 )    3915664 bits [Y 99.9900 dB    U 99.9900 dB    V 99.9900 dB] [ET 15.36 ] [L0 ] [L1 ]
*** TRAIL_R numBytesInNALunit: 489993
POC  188 TId: 0 ( I-SLICE, QP 26 )    3919944 bits [Y 99.9900 dB    U 99.9900 dB    V 99.9900 dB] [ET 15.34 ] [L0 ] [L1 ]
*** TRAIL_R numBytesInNALunit: 489533
POC  189 TId: 0 ( I-SLICE, QP 26 )    3916264 bits [Y 99.9900 dB    U 99.9900 dB    V 99.9900 dB] [ET 15.36 ] [L0 ] [L1 ]
*** TRAIL_R numBytesInNALunit: 489523
POC  190 TId: 0 ( I-SLICE, QP 26 )    3916184 bits [Y 99.9900 dB    U 99.9900 dB    V 99.9900 dB] [ET 15.34 ] [L0 ] [L1 ]
*** TRAIL_R numBytesInNALunit: 490083
POC  191 TId: 0 ( I-SLICE, QP 26 )    3920664 bits [Y 99.9900 dB    U 99.9900 dB    V 99.9900 dB] [ET 15.61 ] [L0 ] [L1 ]
*** TRAIL_R numBytesInNALunit: 489519
POC  192 TId: 0 ( I-SLICE, QP 26 )    3916152 bits [Y 99.9900 dB    U 99.9900 dB    V 99.9900 dB] [ET 15.66 ] [L0 ] [L1 ]
*** TRAIL_R numBytesInNALunit: 489192
POC  193 TId: 0 ( I-SLICE, QP 26 )    3913536 bits [Y 99.9900 dB    U 99.9900 dB    V 99.9900 dB] [ET 15.66 ] [L0 ] [L1 ]
*** TRAIL_R numBytesInNALunit: 488769
POC  194 TId: 0 ( I-SLICE, QP 26 )    3910152 bits [Y 99.9900 dB    U 99.9900 dB    V 99.9900 dB] [ET 15.69 ] [L0 ] [L1 ]
*** TRAIL_R numBytesInNALunit: 489144
POC  195 TId: 0 ( I-SLICE, QP 26 )    3913152 bits [Y 99.9900 dB    U 99.9900 dB    V 99.9900 dB] [ET 15.62 ] [L0 ] [L1 ]
*** TRAIL_R numBytesInNALunit: 490150
POC  196 TId: 0 ( I-SLICE, QP 26 )    3921200 bits [Y 99.9900 dB    U 99.9900 dB    V 99.9900 dB] [ET 15.75 ] [L0 ] [L1 ]
*** TRAIL_R numBytesInNALunit: 489296
POC  197 TId: 0 ( I-SLICE, QP 26 )    3914368 bits [Y 99.9900 dB    U 99.9900 dB    V 99.9900 dB] [ET 15.53 ] [L0 ] [L1 ]
*** TRAIL_R numBytesInNALunit: 489142
POC  198 TId: 0 ( I-SLICE, QP 26 )    3913136 bits [Y 99.9900 dB    U 99.9900 dB    V 99.9900 dB] [ET 15.80 ] [L0 ] [L1 ]
*** TRAIL_R numBytesInNALunit: 489241
POC  199 TId: 0 ( I-SLICE, QP 26 )    3913928 bits [Y 99.9900 dB    U 99.9900 dB    V 99.9900 dB] [ET 15.59 ] [L0 ] [L1 ]
*** TRAIL_R numBytesInNALunit: 489873
POC  200 TId: 0 ( I-SLICE, QP 26 )    3918984 bits [Y 99.9900 dB    U 99.9900 dB    V 99.9900 dB] [ET 15.67 ] [L0 ] [L1 ]
*** TRAIL_R numBytesInNALunit: 489532
POC  201 TId: 0 ( I-SLICE, QP 26 )    3916256 bits [Y 99.9900 dB    U 99.9900 dB    V 99.9900 dB] [ET 15.83 ] [L0 ] [L1 ]
*** TRAIL_R numBytesInNALunit: 490052
POC  202 TId: 0 ( I-SLICE, QP 26 )    3920416 bits [Y 99.9900 dB    U 99.9900 dB    V 99.9900 dB] [ET 15.83 ] [L0 ] [L1 ]
*** TRAIL_R numBytesInNALunit: 489803
POC  203 TId: 0 ( I-SLICE, QP 26 )    3918424 bits [Y 99.9900 dB    U 99.9900 dB    V 99.9900 dB] [ET 15.77 ] [L0 ] [L1 ]
*** TRAIL_R numBytesInNALunit: 490716
POC  204 TId: 0 ( I-SLICE, QP 26 )    3925728 bits [Y 99.9900 dB    U 99.9900 dB    V 99.9900 dB] [ET 15.86 ] [L0 ] [L1 ]
*** TRAIL_R numBytesInNALunit: 489916
POC  205 TId: 0 ( I-SLICE, QP 26 )    3919328 bits [Y 99.9900 dB    U 99.9900 dB    V 99.9900 dB] [ET 15.58 ] [L0 ] [L1 ]
*** TRAIL_R numBytesInNALunit: 490812
POC  206 TId: 0 ( I-SLICE, QP 26 )    3926496 bits [Y 99.9900 dB    U 99.9900 dB    V 99.9900 dB] [ET 15.81 ] [L0 ] [L1 ]
*** TRAIL_R numBytesInNALunit: 490128
POC  207 TId: 0 ( I-SLICE, QP 26 )    3921024 bits [Y 99.9900 dB    U 99.9900 dB    V 99.9900 dB] [ET 15.80 ] [L0 ] [L1 ]
*** TRAIL_R numBytesInNALunit: 491028
POC  208 TId: 0 ( I-SLICE, QP 26 )    3928224 bits [Y 99.9900 dB    U 99.9900 dB    V 99.9900 dB] [ET 15.72 ] [L0 ] [L1 ]
*** TRAIL_R numBytesInNALunit: 489999
POC  209 TId: 0 ( I-SLICE, QP 26 )    3919992 bits [Y 99.9900 dB    U 99.9900 dB    V 99.9900 dB] [ET 15.77 ] [L0 ] [L1 ]
*** TRAIL_R numBytesInNALunit: 490319
POC  210 TId: 0 ( I-SLICE, QP 26 )    3922552 bits [Y 99.9900 dB    U 99.9900 dB    V 99.9900 dB] [ET 15.67 ] [L0 ] [L1 ]
*** TRAIL_R numBytesInNALunit: 490103
POC  211 TId: 0 ( I-SLICE, QP 26 )    3920824 bits [Y 99.9900 dB    U 99.9900 dB    V 99.9900 dB] [ET 15.75 ] [L0 ] [L1 ]
*** TRAIL_R numBytesInNALunit: 490376
POC  212 TId: 0 ( I-SLICE, QP 26 )    3923008 bits [Y 99.9900 dB    U 99.9900 dB    V 99.9900 dB] [ET 15.78 ] [L0 ] [L1 ]
*** TRAIL_R numBytesInNALunit: 490005
POC  213 TId: 0 ( I-SLICE, QP 26 )    3920040 bits [Y 99.9900 dB    U 99.9900 dB    V 99.9900 dB] [ET 15.77 ] [L0 ] [L1 ]
*** TRAIL_R numBytesInNALunit: 490581
POC  214 TId: 0 ( I-SLICE, QP 26 )    3924648 bits [Y 99.9900 dB    U 99.9900 dB    V 99.9900 dB] [ET 15.69 ] [L0 ] [L1 ]
*** TRAIL_R numBytesInNALunit: 490064
POC  215 TId: 0 ( I-SLICE, QP 26 )    3920512 bits [Y 99.9900 dB    U 99.9900 dB    V 99.9900 dB] [ET 15.53 ] [L0 ] [L1 ]
*** TRAIL_R numBytesInNALunit: 490512
POC  216 TId: 0 ( I-SLICE, QP 26 )    3924096 bits [Y 99.9900 dB    U 99.9900 dB    V 99.9900 dB] [ET 15.75 ] [L0 ] [L1 ]
*** TRAIL_R numBytesInNALunit: 489735
POC  217 TId: 0 ( I-SLICE, QP 26 )    3917880 bits [Y 99.9900 dB    U 99.9900 dB    V 99.9900 dB] [ET 15.91 ] [L0 ] [L1 ]
*** TRAIL_R numBytesInNALunit: 490556
POC  218 TId: 0 ( I-SLICE, QP 26 )    3924448 bits [Y 99.9900 dB    U 99.9900 dB    V 99.9900 dB] [ET 15.66 ] [L0 ] [L1 ]
*** TRAIL_R numBytesInNALunit: 489453
POC  219 TId: 0 ( I-SLICE, QP 26 )    3915624 bits [Y 99.9900 dB    U 99.9900 dB    V 99.9900 dB] [ET 15.73 ] [L0 ] [L1 ]
*** TRAIL_R numBytesInNALunit: 489973
POC  220 TId: 0 ( I-SLICE, QP 26 )    3919784 bits [Y 99.9900 dB    U 99.9900 dB    V 99.9900 dB] [ET 15.77 ] [L0 ] [L1 ]
*** TRAIL_R numBytesInNALunit: 488801
POC  221 TId: 0 ( I-SLICE, QP 26 )    3910408 bits [Y 99.9900 dB    U 99.9900 dB    V 99.9900 dB] [ET 15.77 ] [L0 ] [L1 ]
*** TRAIL_R numBytesInNALunit: 489748
POC  222 TId: 0 ( I-SLICE, QP 26 )    3917984 bits [Y 99.9900 dB    U 99.9900 dB    V 99.9900 dB] [ET 15.72 ] [L0 ] [L1 ]
*** TRAIL_R numBytesInNALunit: 488687
POC  223 TId: 0 ( I-SLICE, QP 26 )    3909496 bits [Y 99.9900 dB    U 99.9900 dB    V 99.9900 dB] [ET 15.80 ] [L0 ] [L1 ]
*** TRAIL_R numBytesInNALunit: 489009
POC  224 TId: 0 ( I-SLICE, QP 26 )    3912072 bits [Y 99.9900 dB    U 99.9900 dB    V 99.9900 dB] [ET 15.61 ] [L0 ] [L1 ]
*** TRAIL_R numBytesInNALunit: 488579
POC  225 TId: 0 ( I-SLICE, QP 26 )    3908632 bits [Y 99.9900 dB    U 99.9900 dB    V 99.9900 dB] [ET 15.67 ] [L0 ] [L1 ]
*** TRAIL_R numBytesInNALunit: 488494
POC  226 TId: 0 ( I-SLICE, QP 26 )    3907952 bits [Y 99.9900 dB    U 99.9900 dB    V 99.9900 dB] [ET 15.73 ] [L0 ] [L1 ]
*** TRAIL_R numBytesInNALunit: 487863
POC  227 TId: 0 ( I-SLICE, QP 26 )    3902904 bits [Y 99.9900 dB    U 99.9900 dB    V 99.9900 dB] [ET 15.80 ] [L0 ] [L1 ]
*** TRAIL_R numBytesInNALunit: 488300
POC  228 TId: 0 ( I-SLICE, QP 26 )    3906400 bits [Y 99.9900 dB    U 99.9900 dB    V 99.9900 dB] [ET 15.73 ] [L0 ] [L1 ]
*** TRAIL_R numBytesInNALunit: 487393
POC  229 TId: 0 ( I-SLICE, QP 26 )    3899144 bits [Y 99.9900 dB    U 99.9900 dB    V 99.9900 dB] [ET 15.73 ] [L0 ] [L1 ]
*** TRAIL_R numBytesInNALunit: 487795
POC  230 TId: 0 ( I-SLICE, QP 26 )    3902360 bits [Y 99.9900 dB    U 99.9900 dB    V 99.9900 dB] [ET 15.64 ] [L0 ] [L1 ]
*** TRAIL_R numBytesInNALunit: 487263
POC  231 TId: 0 ( I-SLICE, QP 26 )    3898104 bits [Y 99.9900 dB    U 99.9900 dB    V 99.9900 dB] [ET 15.56 ] [L0 ] [L1 ]
*** TRAIL_R numBytesInNALunit: 487788
POC  232 TId: 0 ( I-SLICE, QP 26 )    3902304 bits [Y 99.9900 dB    U 99.9900 dB    V 99.9900 dB] [ET 15.77 ] [L0 ] [L1 ]
*** TRAIL_R numBytesInNALunit: 487287
POC  233 TId: 0 ( I-SLICE, QP 26 )    3898296 bits [Y 99.9900 dB    U 99.9900 dB    V 99.9900 dB] [ET 15.73 ] [L0 ] [L1 ]
*** TRAIL_R numBytesInNALunit: 486820
POC  234 TId: 0 ( I-SLICE, QP 26 )    3894560 bits [Y 99.9900 dB    U 99.9900 dB    V 99.9900 dB] [ET 15.72 ] [L0 ] [L1 ]
*** TRAIL_R numBytesInNALunit: 486689
POC  235 TId: 0 ( I-SLICE, QP 26 )    3893512 bits [Y 99.9900 dB    U 99.9900 dB    V 99.9900 dB] [ET 15.69 ] [L0 ] [L1 ]
*** TRAIL_R numBytesInNALunit: 486705
POC  236 TId: 0 ( I-SLICE, QP 26 )    3893640 bits [Y 99.9900 dB    U 99.9900 dB    V 99.9900 dB] [ET 15.64 ] [L0 ] [L1 ]
*** TRAIL_R numBytesInNALunit: 486394
POC  237 TId: 0 ( I-SLICE, QP 26 )    3891152 bits [Y 99.9900 dB    U 99.9900 dB    V 99.9900 dB] [ET 15.59 ] [L0 ] [L1 ]
*** TRAIL_R numBytesInNALunit: 486602
POC  238 TId: 0 ( I-SLICE, QP 26 )    3892816 bits [Y 99.9900 dB    U 99.9900 dB    V 99.9900 dB] [ET 15.77 ] [L0 ] [L1 ]
*** TRAIL_R numBytesInNALunit: 486518
POC  239 TId: 0 ( I-SLICE, QP 26 )    3892144 bits [Y 99.9900 dB    U 99.9900 dB    V 99.9900 dB] [ET 15.91 ] [L0 ] [L1 ]
*** TRAIL_R numBytesInNALunit: 487080
POC  240 TId: 0 ( I-SLICE, QP 26 )    3896640 bits [Y 99.9900 dB    U 99.9900 dB    V 99.9900 dB] [ET 15.88 ] [L0 ] [L1 ]
*** TRAIL_R numBytesInNALunit: 485962
POC  241 TId: 0 ( I-SLICE, QP 26 )    3887696 bits [Y 99.9900 dB    U 99.9900 dB    V 99.9900 dB] [ET 15.75 ] [L0 ] [L1 ]
*** TRAIL_R numBytesInNALunit: 486102
POC  242 TId: 0 ( I-SLICE, QP 26 )    3888816 bits [Y 99.9900 dB    U 99.9900 dB    V 99.9900 dB] [ET 15.80 ] [L0 ] [L1 ]
*** TRAIL_R numBytesInNALunit: 486260
POC  243 TId: 0 ( I-SLICE, QP 26 )    3890080 bits [Y 99.9900 dB    U 99.9900 dB    V 99.9900 dB] [ET 15.84 ] [L0 ] [L1 ]
*** TRAIL_R numBytesInNALunit: 487362
POC  244 TId: 0 ( I-SLICE, QP 26 )    3898896 bits [Y 99.9900 dB    U 99.9900 dB    V 99.9900 dB] [ET 15.84 ] [L0 ] [L1 ]
*** TRAIL_R numBytesInNALunit: 487513
POC  245 TId: 0 ( I-SLICE, QP 26 )    3900104 bits [Y 99.9900 dB    U 99.9900 dB    V 99.9900 dB] [ET 15.84 ] [L0 ] [L1 ]
*** TRAIL_R numBytesInNALunit: 487477
POC  246 TId: 0 ( I-SLICE, QP 26 )    3899816 bits [Y 99.9900 dB    U 99.9900 dB    V 99.9900 dB] [ET 15.67 ] [L0 ] [L1 ]
*** TRAIL_R numBytesInNALunit: 487682
POC  247 TId: 0 ( I-SLICE, QP 26 )    3901456 bits [Y 99.9900 dB    U 99.9900 dB    V 99.9900 dB] [ET 15.77 ] [L0 ] [L1 ]
*** TRAIL_R numBytesInNALunit: 488123
POC  248 TId: 0 ( I-SLICE, QP 26 )    3904984 bits [Y 99.9900 dB    U 99.9900 dB    V 99.9900 dB] [ET 15.75 ] [L0 ] [L1 ]
*** TRAIL_R numBytesInNALunit: 487681
POC  249 TId: 0 ( I-SLICE, QP 26 )    3901448 bits [Y 99.9900 dB    U 99.9900 dB    V 99.9900 dB] [ET 15.83 ] [L0 ] [L1 ]
*** TRAIL_R numBytesInNALunit: 488437
POC  250 TId: 0 ( I-SLICE, QP 26 )    3907496 bits [Y 99.9900 dB    U 99.9900 dB    V 99.9900 dB] [ET 15.64 ] [L0 ] [L1 ]
*** TRAIL_R numBytesInNALunit: 487735
POC  251 TId: 0 ( I-SLICE, QP 26 )    3901880 bits [Y 99.9900 dB    U 99.9900 dB    V 99.9900 dB] [ET 15.58 ] [L0 ] [L1 ]
*** TRAIL_R numBytesInNALunit: 487798
POC  252 TId: 0 ( I-SLICE, QP 26 )    3902384 bits [Y 99.9900 dB    U 99.9900 dB    V 99.9900 dB] [ET 15.91 ] [L0 ] [L1 ]
*** TRAIL_R numBytesInNALunit: 488179
POC  253 TId: 0 ( I-SLICE, QP 26 )    3905432 bits [Y 99.9900 dB    U 99.9900 dB    V 99.9900 dB] [ET 15.81 ] [L0 ] [L1 ]
*** TRAIL_R numBytesInNALunit: 488442
POC  254 TId: 0 ( I-SLICE, QP 26 )    3907536 bits [Y 99.9900 dB    U 99.9900 dB    V 99.9900 dB] [ET 15.77 ] [L0 ] [L1 ]
*** TRAIL_R numBytesInNALunit: 488429
POC  255 TId: 0 ( I-SLICE, QP 26 )    3907432 bits [Y 99.9900 dB    U 99.9900 dB    V 99.9900 dB] [ET 15.89 ] [L0 ] [L1 ]
*** TRAIL_R numBytesInNALunit: 488447
POC  256 TId: 0 ( I-SLICE, QP 26 )    3907576 bits [Y 99.9900 dB    U 99.9900 dB    V 99.9900 dB] [ET 15.92 ] [L0 ] [L1 ]
*** TRAIL_R numBytesInNALunit: 488460
POC  257 TId: 0 ( I-SLICE, QP 26 )    3907680 bits [Y 99.9900 dB    U 99.9900 dB    V 99.9900 dB] [ET 15.84 ] [L0 ] [L1 ]
*** TRAIL_R numBytesInNALunit: 488315
POC  258 TId: 0 ( I-SLICE, QP 26 )    3906520 bits [Y 99.9900 dB    U 99.9900 dB    V 99.9900 dB] [ET 15.97 ] [L0 ] [L1 ]
*** TRAIL_R numBytesInNALunit: 488601
POC  259 TId: 0 ( I-SLICE, QP 26 )    3908808 bits [Y 99.9900 dB    U 99.9900 dB    V 99.9900 dB] [ET 15.81 ] [L0 ] [L1 ]
*** TRAIL_R numBytesInNALunit: 488560
POC  260 TId: 0 ( I-SLICE, QP 26 )    3908480 bits [Y 99.9900 dB    U 99.9900 dB    V 99.9900 dB] [ET 15.89 ] [L0 ] [L1 ]
*** TRAIL_R numBytesInNALunit: 488416
POC  261 TId: 0 ( I-SLICE, QP 26 )    3907328 bits [Y 99.9900 dB    U 99.9900 dB    V 99.9900 dB] [ET 15.83 ] [L0 ] [L1 ]
*** TRAIL_R numBytesInNALunit: 488564
POC  262 TId: 0 ( I-SLICE, QP 26 )    3908512 bits [Y 99.9900 dB    U 99.9900 dB    V 99.9900 dB] [ET 15.67 ] [L0 ] [L1 ]
*** TRAIL_R numBytesInNALunit: 488426
POC  263 TId: 0 ( I-SLICE, QP 26 )    3907408 bits [Y 99.9900 dB    U 99.9900 dB    V 99.9900 dB] [ET 15.72 ] [L0 ] [L1 ]
*** TRAIL_R numBytesInNALunit: 488408
POC  264 TId: 0 ( I-SLICE, QP 26 )    3907264 bits [Y 99.9900 dB    U 99.9900 dB    V 99.9900 dB] [ET 15.72 ] [L0 ] [L1 ]
*** TRAIL_R numBytesInNALunit: 487778
POC  265 TId: 0 ( I-SLICE, QP 26 )    3902224 bits [Y 99.9900 dB    U 99.9900 dB    V 99.9900 dB] [ET 15.75 ] [L0 ] [L1 ]
*** TRAIL_R numBytesInNALunit: 488447
POC  266 TId: 0 ( I-SLICE, QP 26 )    3907576 bits [Y 99.9900 dB    U 99.9900 dB    V 99.9900 dB] [ET 15.78 ] [L0 ] [L1 ]
*** TRAIL_R numBytesInNALunit: 488405
POC  267 TId: 0 ( I-SLICE, QP 26 )    3907240 bits [Y 99.9900 dB    U 99.9900 dB    V 99.9900 dB] [ET 15.64 ] [L0 ] [L1 ]
*** TRAIL_R numBytesInNALunit: 487901
POC  268 TId: 0 ( I-SLICE, QP 26 )    3903208 bits [Y 99.9900 dB    U 99.9900 dB    V 99.9900 dB] [ET 15.86 ] [L0 ] [L1 ]
*** TRAIL_R numBytesInNALunit: 488271
POC  269 TId: 0 ( I-SLICE, QP 26 )    3906168 bits [Y 99.9900 dB    U 99.9900 dB    V 99.9900 dB] [ET 15.83 ] [L0 ] [L1 ]
*** TRAIL_R numBytesInNALunit: 487589
POC  270 TId: 0 ( I-SLICE, QP 26 )    3900712 bits [Y 99.9900 dB    U 99.9900 dB    V 99.9900 dB] [ET 15.61 ] [L0 ] [L1 ]
*** TRAIL_R numBytesInNALunit: 487254
POC  271 TId: 0 ( I-SLICE, QP 26 )    3898032 bits [Y 99.9900 dB    U 99.9900 dB    V 99.9900 dB] [ET 15.73 ] [L0 ] [L1 ]
*** TRAIL_R numBytesInNALunit: 487534
POC  272 TId: 0 ( I-SLICE, QP 26 )    3900272 bits [Y 99.9900 dB    U 99.9900 dB    V 99.9900 dB] [ET 15.88 ] [L0 ] [L1 ]
*** TRAIL_R numBytesInNALunit: 487098
POC  273 TId: 0 ( I-SLICE, QP 26 )    3896784 bits [Y 99.9900 dB    U 99.9900 dB    V 99.9900 dB] [ET 15.75 ] [L0 ] [L1 ]
*** TRAIL_R numBytesInNALunit: 487393
POC  274 TId: 0 ( I-SLICE, QP 26 )    3899144 bits [Y 99.9900 dB    U 99.9900 dB    V 99.9900 dB] [ET 15.78 ] [L0 ] [L1 ]
*** TRAIL_R numBytesInNALunit: 487055
POC  275 TId: 0 ( I-SLICE, QP 26 )    3896440 bits [Y 99.9900 dB    U 99.9900 dB    V 99.9900 dB] [ET 15.69 ] [L0 ] [L1 ]
*** TRAIL_R numBytesInNALunit: 487474
POC  276 TId: 0 ( I-SLICE, QP 26 )    3899792 bits [Y 99.9900 dB    U 99.9900 dB    V 99.9900 dB] [ET 15.67 ] [L0 ] [L1 ]
*** TRAIL_R numBytesInNALunit: 487204
POC  277 TId: 0 ( I-SLICE, QP 26 )    3897632 bits [Y 99.9900 dB    U 99.9900 dB    V 99.9900 dB] [ET 15.86 ] [L0 ] [L1 ]
*** TRAIL_R numBytesInNALunit: 486967
POC  278 TId: 0 ( I-SLICE, QP 26 )    3895736 bits [Y 99.9900 dB    U 99.9900 dB    V 99.9900 dB] [ET 15.80 ] [L0 ] [L1 ]
*** TRAIL_R numBytesInNALunit: 487564
POC  279 TId: 0 ( I-SLICE, QP 26 )    3900512 bits [Y 99.9900 dB    U 99.9900 dB    V 99.9900 dB] [ET 15.86 ] [L0 ] [L1 ]
*** TRAIL_R numBytesInNALunit: 488041
POC  280 TId: 0 ( I-SLICE, QP 26 )    3904328 bits [Y 99.9900 dB    U 99.9900 dB    V 99.9900 dB] [ET 15.61 ] [L0 ] [L1 ]
*** TRAIL_R numBytesInNALunit: 487685
POC  281 TId: 0 ( I-SLICE, QP 26 )    3901480 bits [Y 99.9900 dB    U 99.9900 dB    V 99.9900 dB] [ET 15.53 ] [L0 ] [L1 ]
*** TRAIL_R numBytesInNALunit: 487711
POC  282 TId: 0 ( I-SLICE, QP 26 )    3901688 bits [Y 99.9900 dB    U 99.9900 dB    V 99.9900 dB] [ET 15.78 ] [L0 ] [L1 ]
*** TRAIL_R numBytesInNALunit: 487888
POC  283 TId: 0 ( I-SLICE, QP 26 )    3903104 bits [Y 99.9900 dB    U 99.9900 dB    V 99.9900 dB] [ET 15.67 ] [L0 ] [L1 ]
*** TRAIL_R numBytesInNALunit: 488690
POC  284 TId: 0 ( I-SLICE, QP 26 )    3909520 bits [Y 99.9900 dB    U 99.9900 dB    V 99.9900 dB] [ET 15.70 ] [L0 ] [L1 ]
*** TRAIL_R numBytesInNALunit: 488762
POC  285 TId: 0 ( I-SLICE, QP 26 )    3910096 bits [Y 99.9900 dB    U 99.9900 dB    V 99.9900 dB] [ET 15.75 ] [L0 ] [L1 ]
*** TRAIL_R numBytesInNALunit: 489296
POC  286 TId: 0 ( I-SLICE, QP 26 )    3914368 bits [Y 99.9900 dB    U 99.9900 dB    V 99.9900 dB] [ET 15.62 ] [L0 ] [L1 ]
*** TRAIL_R numBytesInNALunit: 489065
POC  287 TId: 0 ( I-SLICE, QP 26 )    3912520 bits [Y 99.9900 dB    U 99.9900 dB    V 99.9900 dB] [ET 15.72 ] [L0 ] [L1 ]
*** TRAIL_R numBytesInNALunit: 488763
POC  288 TId: 0 ( I-SLICE, QP 26 )    3910104 bits [Y 99.9900 dB    U 99.9900 dB    V 99.9900 dB] [ET 15.77 ] [L0 ] [L1 ]
*** TRAIL_R numBytesInNALunit: 488845
POC  289 TId: 0 ( I-SLICE, QP 26 )    3910760 bits [Y 99.9900 dB    U 99.9900 dB    V 99.9900 dB] [ET 15.75 ] [L0 ] [L1 ]
*** TRAIL_R numBytesInNALunit: 489406
POC  290 TId: 0 ( I-SLICE, QP 26 )    3915248 bits [Y 99.9900 dB    U 99.9900 dB    V 99.9900 dB] [ET 15.75 ] [L0 ] [L1 ]
*** TRAIL_R numBytesInNALunit: 488912
POC  291 TId: 0 ( I-SLICE, QP 26 )    3911296 bits [Y 99.9900 dB    U 99.9900 dB    V 99.9900 dB] [ET 15.77 ] [L0 ] [L1 ]
*** TRAIL_R numBytesInNALunit: 489471
POC  292 TId: 0 ( I-SLICE, QP 26 )    3915768 bits [Y 99.9900 dB    U 99.9900 dB    V 99.9900 dB] [ET 15.69 ] [L0 ] [L1 ]
*** TRAIL_R numBytesInNALunit: 489259
POC  293 TId: 0 ( I-SLICE, QP 26 )    3914072 bits [Y 99.9900 dB    U 99.9900 dB    V 99.9900 dB] [ET 15.67 ] [L0 ] [L1 ]
*** TRAIL_R numBytesInNALunit: 489827
POC  294 TId: 0 ( I-SLICE, QP 26 )    3918616 bits [Y 99.9900 dB    U 99.9900 dB    V 99.9900 dB] [ET 15.70 ] [L0 ] [L1 ]
*** TRAIL_R numBytesInNALunit: 489566
POC  295 TId: 0 ( I-SLICE, QP 26 )    3916528 bits [Y 99.9900 dB    U 99.9900 dB    V 99.9900 dB] [ET 15.72 ] [L0 ] [L1 ]
*** TRAIL_R numBytesInNALunit: 489485
POC  296 TId: 0 ( I-SLICE, QP 26 )    3915880 bits [Y 99.9900 dB    U 99.9900 dB    V 99.9900 dB] [ET 15.70 ] [L0 ] [L1 ]
*** TRAIL_R numBytesInNALunit: 489740
POC  297 TId: 0 ( I-SLICE, QP 26 )    3917920 bits [Y 99.9900 dB    U 99.9900 dB    V 99.9900 dB] [ET 15.67 ] [L0 ] [L1 ]
*** TRAIL_R numBytesInNALunit: 489847
POC  298 TId: 0 ( I-SLICE, QP 26 )    3918776 bits [Y 99.9900 dB    U 99.9900 dB    V 99.9900 dB] [ET 15.83 ] [L0 ] [L1 ]
*** TRAIL_R numBytesInNALunit: 489668
POC  299 TId: 0 ( I-SLICE, QP 26 )    3917344 bits [Y 99.9900 dB    U 99.9900 dB    V 99.9900 dB] [ET 15.73 ] [L0 ] [L1 ]
*** TRAIL_R numBytesInNALunit: 489107
POC  300 TId: 0 ( I-SLICE, QP 26 )    3912856 bits [Y 99.9900 dB    U 99.9900 dB    V 99.9900 dB] [ET 15.89 ] [L0 ] [L1 ]
*** TRAIL_R numBytesInNALunit: 489269
POC  301 TId: 0 ( I-SLICE, QP 26 )    3914152 bits [Y 99.9900 dB    U 99.9900 dB    V 99.9900 dB] [ET 15.80 ] [L0 ] [L1 ]
*** TRAIL_R numBytesInNALunit: 488663
POC  302 TId: 0 ( I-SLICE, QP 26 )    3909304 bits [Y 99.9900 dB    U 99.9900 dB    V 99.9900 dB] [ET 15.66 ] [L0 ] [L1 ]
*** TRAIL_R numBytesInNALunit: 488946
POC  303 TId: 0 ( I-SLICE, QP 26 )    3911568 bits [Y 99.9900 dB    U 99.9900 dB    V 99.9900 dB] [ET 15.77 ] [L0 ] [L1 ]
*** TRAIL_R numBytesInNALunit: 488475
POC  304 TId: 0 ( I-SLICE, QP 26 )    3907800 bits [Y 99.9900 dB    U 99.9900 dB    V 99.9900 dB] [ET 15.77 ] [L0 ] [L1 ]
*** TRAIL_R numBytesInNALunit: 488654
POC  305 TId: 0 ( I-SLICE, QP 26 )    3909232 bits [Y 99.9900 dB    U 99.9900 dB    V 99.9900 dB] [ET 15.67 ] [L0 ] [L1 ]
*** TRAIL_R numBytesInNALunit: 488935
POC  306 TId: 0 ( I-SLICE, QP 26 )    3911480 bits [Y 99.9900 dB    U 99.9900 dB    V 99.9900 dB] [ET 15.88 ] [L0 ] [L1 ]
*** TRAIL_R numBytesInNALunit: 489486
POC  307 TId: 0 ( I-SLICE, QP 26 )    3915888 bits [Y 99.9900 dB    U 99.9900 dB    V 99.9900 dB] [ET 15.75 ] [L0 ] [L1 ]
*** TRAIL_R numBytesInNALunit: 489850
POC  308 TId: 0 ( I-SLICE, QP 26 )    3918800 bits [Y 99.9900 dB    U 99.9900 dB    V 99.9900 dB] [ET 15.84 ] [L0 ] [L1 ]
*** TRAIL_R numBytesInNALunit: 490279
POC  309 TId: 0 ( I-SLICE, QP 26 )    3922232 bits [Y 99.9900 dB    U 99.9900 dB    V 99.9900 dB] [ET 15.70 ] [L0 ] [L1 ]
*** TRAIL_R numBytesInNALunit: 490520
POC  310 TId: 0 ( I-SLICE, QP 26 )    3924160 bits [Y 99.9900 dB    U 99.9900 dB    V 99.9900 dB] [ET 15.72 ] [L0 ] [L1 ]
*** TRAIL_R numBytesInNALunit: 490689
POC  311 TId: 0 ( I-SLICE, QP 26 )    3925512 bits [Y 99.9900 dB    U 99.9900 dB    V 99.9900 dB] [ET 15.67 ] [L0 ] [L1 ]
*** TRAIL_R numBytesInNALunit: 490989
POC  312 TId: 0 ( I-SLICE, QP 26 )    3927912 bits [Y 99.9900 dB    U 99.9900 dB    V 99.9900 dB] [ET 15.73 ] [L0 ] [L1 ]
*** TRAIL_R numBytesInNALunit: 490455
POC  313 TId: 0 ( I-SLICE, QP 26 )    3923640 bits [Y 99.9900 dB    U 99.9900 dB    V 99.9900 dB] [ET 15.72 ] [L0 ] [L1 ]
*** TRAIL_R numBytesInNALunit: 490977
POC  314 TId: 0 ( I-SLICE, QP 26 )    3927816 bits [Y 99.9900 dB    U 99.9900 dB    V 99.9900 dB] [ET 15.81 ] [L0 ] [L1 ]
*** TRAIL_R numBytesInNALunit: 490824
POC  315 TId: 0 ( I-SLICE, QP 26 )    3926592 bits [Y 99.9900 dB    U 99.9900 dB    V 99.9900 dB] [ET 15.81 ] [L0 ] [L1 ]
*** TRAIL_R numBytesInNALunit: 491043
POC  316 TId: 0 ( I-SLICE, QP 26 )    3928344 bits [Y 99.9900 dB    U 99.9900 dB    V 99.9900 dB] [ET 15.59 ] [L0 ] [L1 ]
*** TRAIL_R numBytesInNALunit: 490401
POC  317 TId: 0 ( I-SLICE, QP 26 )    3923208 bits [Y 99.9900 dB    U 99.9900 dB    V 99.9900 dB] [ET 15.69 ] [L0 ] [L1 ]
*** TRAIL_R numBytesInNALunit: 490647
POC  318 TId: 0 ( I-SLICE, QP 26 )    3925176 bits [Y 99.9900 dB    U 99.9900 dB    V 99.9900 dB] [ET 15.78 ] [L0 ] [L1 ]
*** TRAIL_R numBytesInNALunit: 490779
POC  319 TId: 0 ( I-SLICE, QP 26 )    3926232 bits [Y 99.9900 dB    U 99.9900 dB    V 99.9900 dB] [ET 15.78 ] [L0 ] [L1 ]
*** TRAIL_R numBytesInNALunit: 490521
POC  320 TId: 0 ( I-SLICE, QP 26 )    3924168 bits [Y 99.9900 dB    U 99.9900 dB    V 99.9900 dB] [ET 15.75 ] [L0 ] [L1 ]
*** TRAIL_R numBytesInNALunit: 490352
POC  321 TId: 0 ( I-SLICE, QP 26 )    3922816 bits [Y 99.9900 dB    U 99.9900 dB    V 99.9900 dB] [ET 15.78 ] [L0 ] [L1 ]
*** TRAIL_R numBytesInNALunit: 490186
POC  322 TId: 0 ( I-SLICE, QP 26 )    3921488 bits [Y 99.9900 dB    U 99.9900 dB    V 99.9900 dB] [ET 15.69 ] [L0 ] [L1 ]
*** TRAIL_R numBytesInNALunit: 490769
POC  323 TId: 0 ( I-SLICE, QP 26 )    3926152 bits [Y 99.9900 dB    U 99.9900 dB    V 99.9900 dB] [ET 15.75 ] [L0 ] [L1 ]
*** TRAIL_R numBytesInNALunit: 490628
POC  324 TId: 0 ( I-SLICE, QP 26 )    3925024 bits [Y 99.9900 dB    U 99.9900 dB    V 99.9900 dB] [ET 15.83 ] [L0 ] [L1 ]
*** TRAIL_R numBytesInNALunit: 490168
POC  325 TId: 0 ( I-SLICE, QP 26 )    3921344 bits [Y 99.9900 dB    U 99.9900 dB    V 99.9900 dB] [ET 15.83 ] [L0 ] [L1 ]
*** TRAIL_R numBytesInNALunit: 490492
POC  326 TId: 0 ( I-SLICE, QP 26 )    3923936 bits [Y 99.9900 dB    U 99.9900 dB    V 99.9900 dB] [ET 15.64 ] [L0 ] [L1 ]
*** TRAIL_R numBytesInNALunit: 490124
POC  327 TId: 0 ( I-SLICE, QP 26 )    3920992 bits [Y 99.9900 dB    U 99.9900 dB    V 99.9900 dB] [ET 15.58 ] [L0 ] [L1 ]
*** TRAIL_R numBytesInNALunit: 490356
POC  328 TId: 0 ( I-SLICE, QP 26 )    3922848 bits [Y 99.9900 dB    U 99.9900 dB    V 99.9900 dB] [ET 15.58 ] [L0 ] [L1 ]
*** TRAIL_R numBytesInNALunit: 490343
POC  329 TId: 0 ( I-SLICE, QP 26 )    3922744 bits [Y 99.9900 dB    U 99.9900 dB    V 99.9900 dB] [ET 15.67 ] [L0 ] [L1 ]
*** TRAIL_R numBytesInNALunit: 489861
POC  330 TId: 0 ( I-SLICE, QP 26 )    3918888 bits [Y 99.9900 dB    U 99.9900 dB    V 99.9900 dB] [ET 15.73 ] [L0 ] [L1 ]
*** TRAIL_R numBytesInNALunit: 490208
POC  331 TId: 0 ( I-SLICE, QP 26 )    3921664 bits [Y 99.9900 dB    U 99.9900 dB    V 99.9900 dB] [ET 15.91 ] [L0 ] [L1 ]
*** TRAIL_R numBytesInNALunit: 490568
POC  332 TId: 0 ( I-SLICE, QP 26 )    3924544 bits [Y 99.9900 dB    U 99.9900 dB    V 99.9900 dB] [ET 15.77 ] [L0 ] [L1 ]
*** TRAIL_R numBytesInNALunit: 490350
POC  333 TId: 0 ( I-SLICE, QP 26 )    3922800 bits [Y 99.9900 dB    U 99.9900 dB    V 99.9900 dB] [ET 15.72 ] [L0 ] [L1 ]
*** TRAIL_R numBytesInNALunit: 490653
POC  334 TId: 0 ( I-SLICE, QP 26 )    3925224 bits [Y 99.9900 dB    U 99.9900 dB    V 99.9900 dB] [ET 15.80 ] [L0 ] [L1 ]
*** TRAIL_R numBytesInNALunit: 490203
POC  335 TId: 0 ( I-SLICE, QP 26 )    3921624 bits [Y 99.9900 dB    U 99.9900 dB    V 99.9900 dB] [ET 15.72 ] [L0 ] [L1 ]
*** TRAIL_R numBytesInNALunit: 490674
POC  336 TId: 0 ( I-SLICE, QP 26 )    3925392 bits [Y 99.9900 dB    U 99.9900 dB    V 99.9900 dB] [ET 15.77 ] [L0 ] [L1 ]
*** TRAIL_R numBytesInNALunit: 489707
POC  337 TId: 0 ( I-SLICE, QP 26 )    3917656 bits [Y 99.9900 dB    U 99.9900 dB    V 99.9900 dB] [ET 15.73 ] [L0 ] [L1 ]
*** TRAIL_R numBytesInNALunit: 490072
POC  338 TId: 0 ( I-SLICE, QP 26 )    3920576 bits [Y 99.9900 dB    U 99.9900 dB    V 99.9900 dB] [ET 15.89 ] [L0 ] [L1 ]
*** TRAIL_R numBytesInNALunit: 490347
POC  339 TId: 0 ( I-SLICE, QP 26 )    3922776 bits [Y 99.9900 dB    U 99.9900 dB    V 99.9900 dB] [ET 15.59 ] [L0 ] [L1 ]
*** TRAIL_R numBytesInNALunit: 489995
POC  340 TId: 0 ( I-SLICE, QP 26 )    3919960 bits [Y 99.9900 dB    U 99.9900 dB    V 99.9900 dB] [ET 15.64 ] [L0 ] [L1 ]
*** TRAIL_R numBytesInNALunit: 490076
POC  341 TId: 0 ( I-SLICE, QP 26 )    3920608 bits [Y 99.9900 dB    U 99.9900 dB    V 99.9900 dB] [ET 15.95 ] [L0 ] [L1 ]
*** TRAIL_R numBytesInNALunit: 489909
POC  342 TId: 0 ( I-SLICE, QP 26 )    3919272 bits [Y 99.9900 dB    U 99.9900 dB    V 99.9900 dB] [ET 15.70 ] [L0 ] [L1 ]
*** TRAIL_R numBytesInNALunit: 489333
POC  343 TId: 0 ( I-SLICE, QP 26 )    3914664 bits [Y 99.9900 dB    U 99.9900 dB    V 99.9900 dB] [ET 15.77 ] [L0 ] [L1 ]
*** TRAIL_R numBytesInNALunit: 489213
POC  344 TId: 0 ( I-SLICE, QP 26 )    3913704 bits [Y 99.9900 dB    U 99.9900 dB    V 99.9900 dB] [ET 15.66 ] [L0 ] [L1 ]
*** TRAIL_R numBytesInNALunit: 488492
POC  345 TId: 0 ( I-SLICE, QP 26 )    3907936 bits [Y 99.9900 dB    U 99.9900 dB    V 99.9900 dB] [ET 15.53 ] [L0 ] [L1 ]
*** TRAIL_R numBytesInNALunit: 489455
POC  346 TId: 0 ( I-SLICE, QP 26 )    3915640 bits [Y 99.9900 dB    U 99.9900 dB    V 99.9900 dB] [ET 15.78 ] [L0 ] [L1 ]
*** TRAIL_R numBytesInNALunit: 488695
POC  347 TId: 0 ( I-SLICE, QP 26 )    3909560 bits [Y 99.9900 dB    U 99.9900 dB    V 99.9900 dB] [ET 15.83 ] [L0 ] [L1 ]
*** TRAIL_R numBytesInNALunit: 488230
POC  348 TId: 0 ( I-SLICE, QP 26 )    3905840 bits [Y 99.9900 dB    U 99.9900 dB    V 99.9900 dB] [ET 15.77 ] [L0 ] [L1 ]
*** TRAIL_R numBytesInNALunit: 488105
POC  349 TId: 0 ( I-SLICE, QP 26 )    3904840 bits [Y 99.9900 dB    U 99.9900 dB    V 99.9900 dB] [ET 15.72 ] [L0 ] [L1 ]
*** TRAIL_R numBytesInNALunit: 488306
POC  350 TId: 0 ( I-SLICE, QP 26 )    3906448 bits [Y 99.9900 dB    U 99.9900 dB    V 99.9900 dB] [ET 15.75 ] [L0 ] [L1 ]
*** TRAIL_R numBytesInNALunit: 488155
POC  351 TId: 0 ( I-SLICE, QP 26 )    3905240 bits [Y 99.9900 dB    U 99.9900 dB    V 99.9900 dB] [ET 15.92 ] [L0 ] [L1 ]
*** TRAIL_R numBytesInNALunit: 488599
POC  352 TId: 0 ( I-SLICE, QP 26 )    3908792 bits [Y 99.9900 dB    U 99.9900 dB    V 99.9900 dB] [ET 16.00 ] [L0 ] [L1 ]
*** TRAIL_R numBytesInNALunit: 488730
POC  353 TId: 0 ( I-SLICE, QP 26 )    3909840 bits [Y 99.9900 dB    U 99.9900 dB    V 99.9900 dB] [ET 15.83 ] [L0 ] [L1 ]
*** TRAIL_R numBytesInNALunit: 488750
POC  354 TId: 0 ( I-SLICE, QP 26 )    3910000 bits [Y 99.9900 dB    U 99.9900 dB    V 99.9900 dB] [ET 15.94 ] [L0 ] [L1 ]
*** TRAIL_R numBytesInNALunit: 488176
POC  355 TId: 0 ( I-SLICE, QP 26 )    3905408 bits [Y 99.9900 dB    U 99.9900 dB    V 99.9900 dB] [ET 15.75 ] [L0 ] [L1 ]
*** TRAIL_R numBytesInNALunit: 488292
POC  356 TId: 0 ( I-SLICE, QP 26 )    3906336 bits [Y 99.9900 dB    U 99.9900 dB    V 99.9900 dB] [ET 15.73 ] [L0 ] [L1 ]
*** TRAIL_R numBytesInNALunit: 488398
POC  357 TId: 0 ( I-SLICE, QP 26 )    3907184 bits [Y 99.9900 dB    U 99.9900 dB    V 99.9900 dB] [ET 15.73 ] [L0 ] [L1 ]
*** TRAIL_R numBytesInNALunit: 488277
POC  358 TId: 0 ( I-SLICE, QP 26 )    3906216 bits [Y 99.9900 dB    U 99.9900 dB    V 99.9900 dB] [ET 15.86 ] [L0 ] [L1 ]
*** TRAIL_R numBytesInNALunit: 487925
POC  359 TId: 0 ( I-SLICE, QP 26 )    3903400 bits [Y 99.9900 dB    U 99.9900 dB    V 99.9900 dB] [ET 15.88 ] [L0 ] [L1 ]
*** TRAIL_R numBytesInNALunit: 488111
POC  360 TId: 0 ( I-SLICE, QP 26 )    3904888 bits [Y 99.9900 dB    U 99.9900 dB    V 99.9900 dB] [ET 15.92 ] [L0 ] [L1 ]
*** TRAIL_R numBytesInNALunit: 487383
POC  361 TId: 0 ( I-SLICE, QP 26 )    3899064 bits [Y 99.9900 dB    U 99.9900 dB    V 99.9900 dB] [ET 15.73 ] [L0 ] [L1 ]
*** TRAIL_R numBytesInNALunit: 487768
POC  362 TId: 0 ( I-SLICE, QP 26 )    3902144 bits [Y 99.9900 dB    U 99.9900 dB    V 99.9900 dB] [ET 15.86 ] [L0 ] [L1 ]
*** TRAIL_R numBytesInNALunit: 488004
POC  363 TId: 0 ( I-SLICE, QP 26 )    3904032 bits [Y 99.9900 dB    U 99.9900 dB    V 99.9900 dB] [ET 15.66 ] [L0 ] [L1 ]
*** TRAIL_R numBytesInNALunit: 487795
POC  364 TId: 0 ( I-SLICE, QP 26 )    3902360 bits [Y 99.9900 dB    U 99.9900 dB    V 99.9900 dB] [ET 15.92 ] [L0 ] [L1 ]
*** TRAIL_R numBytesInNALunit: 488025
POC  365 TId: 0 ( I-SLICE, QP 26 )    3904200 bits [Y 99.9900 dB    U 99.9900 dB    V 99.9900 dB] [ET 15.78 ] [L0 ] [L1 ]
*** TRAIL_R numBytesInNALunit: 487558
POC  366 TId: 0 ( I-SLICE, QP 26 )    3900464 bits [Y 99.9900 dB    U 99.9900 dB    V 99.9900 dB] [ET 15.80 ] [L0 ] [L1 ]
*** TRAIL_R numBytesInNALunit: 487656
POC  367 TId: 0 ( I-SLICE, QP 26 )    3901248 bits [Y 99.9900 dB    U 99.9900 dB    V 99.9900 dB] [ET 15.77 ] [L0 ] [L1 ]
*** TRAIL_R numBytesInNALunit: 487470
POC  368 TId: 0 ( I-SLICE, QP 26 )    3899760 bits [Y 99.9900 dB    U 99.9900 dB    V 99.9900 dB] [ET 15.64 ] [L0 ] [L1 ]
*** TRAIL_R numBytesInNALunit: 487705
POC  369 TId: 0 ( I-SLICE, QP 26 )    3901640 bits [Y 99.9900 dB    U 99.9900 dB    V 99.9900 dB] [ET 15.75 ] [L0 ] [L1 ]
*** TRAIL_R numBytesInNALunit: 487526
POC  370 TId: 0 ( I-SLICE, QP 26 )    3900208 bits [Y 99.9900 dB    U 99.9900 dB    V 99.9900 dB] [ET 15.84 ] [L0 ] [L1 ]
*** TRAIL_R numBytesInNALunit: 487549
POC  371 TId: 0 ( I-SLICE, QP 26 )    3900392 bits [Y 99.9900 dB    U 99.9900 dB    V 99.9900 dB] [ET 15.75 ] [L0 ] [L1 ]
*** TRAIL_R numBytesInNALunit: 487753
POC  372 TId: 0 ( I-SLICE, QP 26 )    3902024 bits [Y 99.9900 dB    U 99.9900 dB    V 99.9900 dB] [ET 15.81 ] [L0 ] [L1 ]
*** TRAIL_R numBytesInNALunit: 486895
POC  373 TId: 0 ( I-SLICE, QP 26 )    3895160 bits [Y 99.9900 dB    U 99.9900 dB    V 99.9900 dB] [ET 15.62 ] [L0 ] [L1 ]
*** TRAIL_R numBytesInNALunit: 486964
POC  374 TId: 0 ( I-SLICE, QP 26 )    3895712 bits [Y 99.9900 dB    U 99.9900 dB    V 99.9900 dB] [ET 15.56 ] [L0 ] [L1 ]
*** TRAIL_R numBytesInNALunit: 486657
POC  375 TId: 0 ( I-SLICE, QP 26 )    3893256 bits [Y 99.9900 dB    U 99.9900 dB    V 99.9900 dB] [ET 15.84 ] [L0 ] [L1 ]
*** TRAIL_R numBytesInNALunit: 487235
POC  376 TId: 0 ( I-SLICE, QP 26 )    3897880 bits [Y 99.9900 dB    U 99.9900 dB    V 99.9900 dB] [ET 15.58 ] [L0 ] [L1 ]
*** TRAIL_R numBytesInNALunit: 487101
POC  377 TId: 0 ( I-SLICE, QP 26 )    3896808 bits [Y 99.9900 dB    U 99.9900 dB    V 99.9900 dB] [ET 15.73 ] [L0 ] [L1 ]
*** TRAIL_R numBytesInNALunit: 487154
POC  378 TId: 0 ( I-SLICE, QP 26 )    3897232 bits [Y 99.9900 dB    U 99.9900 dB    V 99.9900 dB] [ET 15.84 ] [L0 ] [L1 ]
*** TRAIL_R numBytesInNALunit: 487469
POC  379 TId: 0 ( I-SLICE, QP 26 )    3899752 bits [Y 99.9900 dB    U 99.9900 dB    V 99.9900 dB] [ET 15.75 ] [L0 ] [L1 ]
*** TRAIL_R numBytesInNALunit: 487625
POC  380 TId: 0 ( I-SLICE, QP 26 )    3901000 bits [Y 99.9900 dB    U 99.9900 dB    V 99.9900 dB] [ET 15.66 ] [L0 ] [L1 ]
*** TRAIL_R numBytesInNALunit: 487597
POC  381 TId: 0 ( I-SLICE, QP 26 )    3900776 bits [Y 99.9900 dB    U 99.9900 dB    V 99.9900 dB] [ET 15.81 ] [L0 ] [L1 ]
*** TRAIL_R numBytesInNALunit: 487607
POC  382 TId: 0 ( I-SLICE, QP 26 )    3900856 bits [Y 99.9900 dB    U 99.9900 dB    V 99.9900 dB] [ET 15.72 ] [L0 ] [L1 ]
*** TRAIL_R numBytesInNALunit: 487294
POC  383 TId: 0 ( I-SLICE, QP 26 )    3898352 bits [Y 99.9900 dB    U 99.9900 dB    V 99.9900 dB] [ET 15.66 ] [L0 ] [L1 ]
*** TRAIL_R numBytesInNALunit: 487424
POC  384 TId: 0 ( I-SLICE, QP 26 )    3899392 bits [Y 99.9900 dB    U 99.9900 dB    V 99.9900 dB] [ET 15.77 ] [L0 ] [L1 ]
*** TRAIL_R numBytesInNALunit: 487358
POC  385 TId: 0 ( I-SLICE, QP 26 )    3898864 bits [Y 99.9900 dB    U 99.9900 dB    V 99.9900 dB] [ET 15.89 ] [L0 ] [L1 ]
*** TRAIL_R numBytesInNALunit: 487684
POC  386 TId: 0 ( I-SLICE, QP 26 )    3901472 bits [Y 99.9900 dB    U 99.9900 dB    V 99.9900 dB] [ET 15.72 ] [L0 ] [L1 ]
*** TRAIL_R numBytesInNALunit: 487593
POC  387 TId: 0 ( I-SLICE, QP 26 )    3900744 bits [Y 99.9900 dB    U 99.9900 dB    V 99.9900 dB] [ET 15.69 ] [L0 ] [L1 ]
*** TRAIL_R numBytesInNALunit: 487401
POC  388 TId: 0 ( I-SLICE, QP 26 )    3899208 bits [Y 99.9900 dB    U 99.9900 dB    V 99.9900 dB] [ET 15.47 ] [L0 ] [L1 ]
*** TRAIL_R numBytesInNALunit: 486843
POC  389 TId: 0 ( I-SLICE, QP 26 )    3894744 bits [Y 99.9900 dB    U 99.9900 dB    V 99.9900 dB] [ET 15.64 ] [L0 ] [L1 ]
*** TRAIL_R numBytesInNALunit: 487183
POC  390 TId: 0 ( I-SLICE, QP 26 )    3897464 bits [Y 99.9900 dB    U 99.9900 dB    V 99.9900 dB] [ET 15.69 ] [L0 ] [L1 ]
*** TRAIL_R numBytesInNALunit: 486930
POC  391 TId: 0 ( I-SLICE, QP 26 )    3895440 bits [Y 99.9900 dB    U 99.9900 dB    V 99.9900 dB] [ET 15.77 ] [L0 ] [L1 ]
*** TRAIL_R numBytesInNALunit: 487217
POC  392 TId: 0 ( I-SLICE, QP 26 )    3897736 bits [Y 99.9900 dB    U 99.9900 dB    V 99.9900 dB] [ET 15.06 ] [L0 ] [L1 ]
*** TRAIL_R numBytesInNALunit: 487673
POC  393 TId: 0 ( I-SLICE, QP 26 )    3901384 bits [Y 99.9900 dB    U 99.9900 dB    V 99.9900 dB] [ET 15.03 ] [L0 ] [L1 ]
*** TRAIL_R numBytesInNALunit: 487428
POC  394 TId: 0 ( I-SLICE, QP 26 )    3899424 bits [Y 99.9900 dB    U 99.9900 dB    V 99.9900 dB] [ET 14.97 ] [L0 ] [L1 ]
*** TRAIL_R numBytesInNALunit: 487063
POC  395 TId: 0 ( I-SLICE, QP 26 )    3896504 bits [Y 99.9900 dB    U 99.9900 dB    V 99.9900 dB] [ET 14.91 ] [L0 ] [L1 ]
*** TRAIL_R numBytesInNALunit: 487328
POC  396 TId: 0 ( I-SLICE, QP 26 )    3898624 bits [Y 99.9900 dB    U 99.9900 dB    V 99.9900 dB] [ET 14.95 ] [L0 ] [L1 ]
*** TRAIL_R numBytesInNALunit: 487666
POC  397 TId: 0 ( I-SLICE, QP 26 )    3901328 bits [Y 99.9900 dB    U 99.9900 dB    V 99.9900 dB] [ET 14.91 ] [L0 ] [L1 ]
*** TRAIL_R numBytesInNALunit: 487343
POC  398 TId: 0 ( I-SLICE, QP 26 )    3898744 bits [Y 99.9900 dB    U 99.9900 dB    V 99.9900 dB] [ET 14.77 ] [L0 ] [L1 ]
*** TRAIL_R numBytesInNALunit: 487621
POC  399 TId: 0 ( I-SLICE, QP 26 )    3900968 bits [Y 99.9900 dB    U 99.9900 dB    V 99.9900 dB] [ET 14.92 ] [L0 ] [L1 ]
*** TRAIL_R numBytesInNALunit: 487550
POC  400 TId: 0 ( I-SLICE, QP 26 )    3900400 bits [Y 99.9900 dB    U 99.9900 dB    V 99.9900 dB] [ET 14.86 ] [L0 ] [L1 ]
*** TRAIL_R numBytesInNALunit: 488171
POC  401 TId: 0 ( I-SLICE, QP 26 )    3905368 bits [Y 99.9900 dB    U 99.9900 dB    V 99.9900 dB] [ET 14.72 ] [L0 ] [L1 ]
*** TRAIL_R numBytesInNALunit: 487880
POC  402 TId: 0 ( I-SLICE, QP 26 )    3903040 bits [Y 99.9900 dB    U 99.9900 dB    V 99.9900 dB] [ET 14.88 ] [L0 ] [L1 ]
*** TRAIL_R numBytesInNALunit: 488296
POC  403 TId: 0 ( I-SLICE, QP 26 )    3906368 bits [Y 99.9900 dB    U 99.9900 dB    V 99.9900 dB] [ET 14.80 ] [L0 ] [L1 ]
*** TRAIL_R numBytesInNALunit: 487843
POC  404 TId: 0 ( I-SLICE, QP 26 )    3902744 bits [Y 99.9900 dB    U 99.9900 dB    V 99.9900 dB] [ET 15.05 ] [L0 ] [L1 ]
*** TRAIL_R numBytesInNALunit: 487893
POC  405 TId: 0 ( I-SLICE, QP 26 )    3903144 bits [Y 99.9900 dB    U 99.9900 dB    V 99.9900 dB] [ET 14.84 ] [L0 ] [L1 ]
*** TRAIL_R numBytesInNALunit: 487654
POC  406 TId: 0 ( I-SLICE, QP 26 )    3901232 bits [Y 99.9900 dB    U 99.9900 dB    V 99.9900 dB] [ET 14.95 ] [L0 ] [L1 ]
*** TRAIL_R numBytesInNALunit: 487908
POC  407 TId: 0 ( I-SLICE, QP 26 )    3903264 bits [Y 99.9900 dB    U 99.9900 dB    V 99.9900 dB] [ET 14.81 ] [L0 ] [L1 ]
*** TRAIL_R numBytesInNALunit: 487943
POC  408 TId: 0 ( I-SLICE, QP 26 )    3903544 bits [Y 99.9900 dB    U 99.9900 dB    V 99.9900 dB] [ET 14.97 ] [L0 ] [L1 ]
*** TRAIL_R numBytesInNALunit: 487874
POC  409 TId: 0 ( I-SLICE, QP 26 )    3902992 bits [Y 99.9900 dB    U 99.9900 dB    V 99.9900 dB] [ET 15.00 ] [L0 ] [L1 ]
*** TRAIL_R numBytesInNALunit: 488283
POC  410 TId: 0 ( I-SLICE, QP 26 )    3906264 bits [Y 99.9900 dB    U 99.9900 dB    V 99.9900 dB] [ET 14.89 ] [L0 ] [L1 ]
*** TRAIL_R numBytesInNALunit: 488055
POC  411 TId: 0 ( I-SLICE, QP 26 )    3904440 bits [Y 99.9900 dB    U 99.9900 dB    V 99.9900 dB] [ET 14.83 ] [L0 ] [L1 ]
*** TRAIL_R numBytesInNALunit: 487672
POC  412 TId: 0 ( I-SLICE, QP 26 )    3901376 bits [Y 99.9900 dB    U 99.9900 dB    V 99.9900 dB] [ET 14.91 ] [L0 ] [L1 ]
*** TRAIL_R numBytesInNALunit: 487990
POC  413 TId: 0 ( I-SLICE, QP 26 )    3903920 bits [Y 99.9900 dB    U 99.9900 dB    V 99.9900 dB] [ET 14.98 ] [L0 ] [L1 ]
*** TRAIL_R numBytesInNALunit: 488019
POC  414 TId: 0 ( I-SLICE, QP 26 )    3904152 bits [Y 99.9900 dB    U 99.9900 dB    V 99.9900 dB] [ET 14.64 ] [L0 ] [L1 ]
*** TRAIL_R numBytesInNALunit: 488349
POC  415 TId: 0 ( I-SLICE, QP 26 )    3906792 bits [Y 99.9900 dB    U 99.9900 dB    V 99.9900 dB] [ET 14.86 ] [L0 ] [L1 ]
*** TRAIL_R numBytesInNALunit: 487543
POC  416 TId: 0 ( I-SLICE, QP 26 )    3900344 bits [Y 99.9900 dB    U 99.9900 dB    V 99.9900 dB] [ET 14.89 ] [L0 ] [L1 ]
*** TRAIL_R numBytesInNALunit: 487692
POC  417 TId: 0 ( I-SLICE, QP 26 )    3901536 bits [Y 99.9900 dB    U 99.9900 dB    V 99.9900 dB] [ET 14.89 ] [L0 ] [L1 ]
*** TRAIL_R numBytesInNALunit: 488031
POC  418 TId: 0 ( I-SLICE, QP 26 )    3904248 bits [Y 99.9900 dB    U 99.9900 dB    V 99.9900 dB] [ET 14.75 ] [L0 ] [L1 ]
*** TRAIL_R numBytesInNALunit: 488186
POC  419 TId: 0 ( I-SLICE, QP 26 )    3905488 bits [Y 99.9900 dB    U 99.9900 dB    V 99.9900 dB] [ET 14.86 ] [L0 ] [L1 ]
*** TRAIL_R numBytesInNALunit: 488574
POC  420 TId: 0 ( I-SLICE, QP 26 )    3908592 bits [Y 99.9900 dB    U 99.9900 dB    V 99.9900 dB] [ET 14.81 ] [L0 ] [L1 ]
*** TRAIL_R numBytesInNALunit: 488924
POC  421 TId: 0 ( I-SLICE, QP 26 )    3911392 bits [Y 99.9900 dB    U 99.9900 dB    V 99.9900 dB] [ET 15.00 ] [L0 ] [L1 ]
*** TRAIL_R numBytesInNALunit: 488727
POC  422 TId: 0 ( I-SLICE, QP 26 )    3909816 bits [Y 99.9900 dB    U 99.9900 dB    V 99.9900 dB] [ET 14.86 ] [L0 ] [L1 ]
*** TRAIL_R numBytesInNALunit: 488477
POC  423 TId: 0 ( I-SLICE, QP 26 )    3907816 bits [Y 99.9900 dB    U 99.9900 dB    V 99.9900 dB] [ET 14.95 ] [L0 ] [L1 ]
*** TRAIL_R numBytesInNALunit: 488962
POC  424 TId: 0 ( I-SLICE, QP 26 )    3911696 bits [Y 99.9900 dB    U 99.9900 dB    V 99.9900 dB] [ET 15.08 ] [L0 ] [L1 ]
*** TRAIL_R numBytesInNALunit: 489726
POC  425 TId: 0 ( I-SLICE, QP 26 )    3917808 bits [Y 99.9900 dB    U 99.9900 dB    V 99.9900 dB] [ET 14.86 ] [L0 ] [L1 ]
*** TRAIL_R numBytesInNALunit: 489890
POC  426 TId: 0 ( I-SLICE, QP 26 )    3919120 bits [Y 99.9900 dB    U 99.9900 dB    V 99.9900 dB] [ET 14.86 ] [L0 ] [L1 ]
*** TRAIL_R numBytesInNALunit: 489803
POC  427 TId: 0 ( I-SLICE, QP 26 )    3918424 bits [Y 99.9900 dB    U 99.9900 dB    V 99.9900 dB] [ET 15.11 ] [L0 ] [L1 ]
*** TRAIL_R numBytesInNALunit: 489819
POC  428 TId: 0 ( I-SLICE, QP 26 )    3918552 bits [Y 99.9900 dB    U 99.9900 dB    V 99.9900 dB] [ET 14.98 ] [L0 ] [L1 ]
*** TRAIL_R numBytesInNALunit: 489206
POC  429 TId: 0 ( I-SLICE, QP 26 )    3913648 bits [Y 99.9900 dB    U 99.9900 dB    V 99.9900 dB] [ET 15.03 ] [L0 ] [L1 ]
*** TRAIL_R numBytesInNALunit: 489210
POC  430 TId: 0 ( I-SLICE, QP 26 )    3913680 bits [Y 99.9900 dB    U 99.9900 dB    V 99.9900 dB] [ET 15.05 ] [L0 ] [L1 ]
*** TRAIL_R numBytesInNALunit: 489722
POC  431 TId: 0 ( I-SLICE, QP 26 )    3917776 bits [Y 99.9900 dB    U 99.9900 dB    V 99.9900 dB] [ET 15.03 ] [L0 ] [L1 ]
*** TRAIL_R numBytesInNALunit: 489826
POC  432 TId: 0 ( I-SLICE, QP 26 )    3918608 bits [Y 99.9900 dB    U 99.9900 dB    V 99.9900 dB] [ET 14.89 ] [L0 ] [L1 ]
*** TRAIL_R numBytesInNALunit: 490339
POC  433 TId: 0 ( I-SLICE, QP 26 )    3922712 bits [Y 99.9900 dB    U 99.9900 dB    V 99.9900 dB] [ET 15.05 ] [L0 ] [L1 ]
*** TRAIL_R numBytesInNALunit: 489868
POC  434 TId: 0 ( I-SLICE, QP 26 )    3918944 bits [Y 99.9900 dB    U 99.9900 dB    V 99.9900 dB] [ET 14.34 ] [L0 ] [L1 ]
*** TRAIL_R numBytesInNALunit: 489617
POC  435 TId: 0 ( I-SLICE, QP 26 )    3916936 bits [Y 99.9900 dB    U 99.9900 dB    V 99.9900 dB] [ET 14.00 ] [L0 ] [L1 ]
*** TRAIL_R numBytesInNALunit: 489476
POC  436 TId: 0 ( I-SLICE, QP 26 )    3915808 bits [Y 99.9900 dB    U 99.9900 dB    V 99.9900 dB] [ET 13.97 ] [L0 ] [L1 ]
*** TRAIL_R numBytesInNALunit: 489096
POC  437 TId: 0 ( I-SLICE, QP 26 )    3912768 bits [Y 99.9900 dB    U 99.9900 dB    V 99.9900 dB] [ET 14.12 ] [L0 ] [L1 ]
*** TRAIL_R numBytesInNALunit: 489883
POC  438 TId: 0 ( I-SLICE, QP 26 )    3919064 bits [Y 99.9900 dB    U 99.9900 dB    V 99.9900 dB] [ET 14.05 ] [L0 ] [L1 ]
*** TRAIL_R numBytesInNALunit: 489616
POC  439 TId: 0 ( I-SLICE, QP 26 )    3916928 bits [Y 99.9900 dB    U 99.9900 dB    V 99.9900 dB] [ET 14.25 ] [L0 ] [L1 ]
*** TRAIL_R numBytesInNALunit: 489796
POC  440 TId: 0 ( I-SLICE, QP 26 )    3918368 bits [Y 99.9900 dB    U 99.9900 dB    V 99.9900 dB] [ET 14.11 ] [L0 ] [L1 ]
*** TRAIL_R numBytesInNALunit: 489523
POC  441 TId: 0 ( I-SLICE, QP 26 )    3916184 bits [Y 99.9900 dB    U 99.9900 dB    V 99.9900 dB] [ET 14.11 ] [L0 ] [L1 ]
*** TRAIL_R numBytesInNALunit: 489557
POC  442 TId: 0 ( I-SLICE, QP 26 )    3916456 bits [Y 99.9900 dB    U 99.9900 dB    V 99.9900 dB] [ET 14.34 ] [L0 ] [L1 ]
*** TRAIL_R numBytesInNALunit: 489252
POC  443 TId: 0 ( I-SLICE, QP 26 )    3914016 bits [Y 99.9900 dB    U 99.9900 dB    V 99.9900 dB] [ET 14.00 ] [L0 ] [L1 ]
*** TRAIL_R numBytesInNALunit: 490152
POC  444 TId: 0 ( I-SLICE, QP 26 )    3921216 bits [Y 99.9900 dB    U 99.9900 dB    V 99.9900 dB] [ET 13.97 ] [L0 ] [L1 ]
*** TRAIL_R numBytesInNALunit: 488974
POC  445 TId: 0 ( I-SLICE, QP 26 )    3911792 bits [Y 99.9900 dB    U 99.9900 dB    V 99.9900 dB] [ET 13.81 ] [L0 ] [L1 ]
*** TRAIL_R numBytesInNALunit: 489308
POC  446 TId: 0 ( I-SLICE, QP 26 )    3914464 bits [Y 99.9900 dB    U 99.9900 dB    V 99.9900 dB] [ET 14.22 ] [L0 ] [L1 ]
*** TRAIL_R numBytesInNALunit: 489009
POC  447 TId: 0 ( I-SLICE, QP 26 )    3912072 bits [Y 99.9900 dB    U 99.9900 dB    V 99.9900 dB] [ET 13.98 ] [L0 ] [L1 ]
*** TRAIL_R numBytesInNALunit: 488654
POC  448 TId: 0 ( I-SLICE, QP 26 )    3909232 bits [Y 99.9900 dB    U 99.9900 dB    V 99.9900 dB] [ET 13.98 ] [L0 ] [L1 ]
*** TRAIL_R numBytesInNALunit: 488766
POC  449 TId: 0 ( I-SLICE, QP 26 )    3910128 bits [Y 99.9900 dB    U 99.9900 dB    V 99.9900 dB] [ET 13.80 ] [L0 ] [L1 ]
*** TRAIL_R numBytesInNALunit: 489475
POC  450 TId: 0 ( I-SLICE, QP 26 )    3915800 bits [Y 99.9900 dB    U 99.9900 dB    V 99.9900 dB] [ET 14.05 ] [L0 ] [L1 ]
*** TRAIL_R numBytesInNALunit: 489169
POC  451 TId: 0 ( I-SLICE, QP 26 )    3913352 bits [Y 99.9900 dB    U 99.9900 dB    V 99.9900 dB] [ET 13.98 ] [L0 ] [L1 ]
*** TRAIL_R numBytesInNALunit: 489499
POC  452 TId: 0 ( I-SLICE, QP 26 )    3915992 bits [Y 99.9900 dB    U 99.9900 dB    V 99.9900 dB] [ET 14.44 ] [L0 ] [L1 ]
*** TRAIL_R numBytesInNALunit: 489913
POC  453 TId: 0 ( I-SLICE, QP 26 )    3919304 bits [Y 99.9900 dB    U 99.9900 dB    V 99.9900 dB] [ET 14.56 ] [L0 ] [L1 ]
*** TRAIL_R numBytesInNALunit: 489615
POC  454 TId: 0 ( I-SLICE, QP 26 )    3916920 bits [Y 99.9900 dB    U 99.9900 dB    V 99.9900 dB] [ET 13.97 ] [L0 ] [L1 ]
*** TRAIL_R numBytesInNALunit: 489516
POC  455 TId: 0 ( I-SLICE, QP 26 )    3916128 bits [Y 99.9900 dB    U 99.9900 dB    V 99.9900 dB] [ET 13.91 ] [L0 ] [L1 ]
*** TRAIL_R numBytesInNALunit: 490297
POC  456 TId: 0 ( I-SLICE, QP 26 )    3922376 bits [Y 99.9900 dB    U 99.9900 dB    V 99.9900 dB] [ET 14.17 ] [L0 ] [L1 ]
*** TRAIL_R numBytesInNALunit: 489848
POC  457 TId: 0 ( I-SLICE, QP 26 )    3918784 bits [Y 99.9900 dB    U 99.9900 dB    V 99.9900 dB] [ET 13.89 ] [L0 ] [L1 ]
*** TRAIL_R numBytesInNALunit: 490489
POC  458 TId: 0 ( I-SLICE, QP 26 )    3923912 bits [Y 99.9900 dB    U 99.9900 dB    V 99.9900 dB] [ET 13.83 ] [L0 ] [L1 ]
*** TRAIL_R numBytesInNALunit: 489707
POC  459 TId: 0 ( I-SLICE, QP 26 )    3917656 bits [Y 99.9900 dB    U 99.9900 dB    V 99.9900 dB] [ET 14.14 ] [L0 ] [L1 ]
*** TRAIL_R numBytesInNALunit: 490773
POC  460 TId: 0 ( I-SLICE, QP 26 )    3926184 bits [Y 99.9900 dB    U 99.9900 dB    V 99.9900 dB] [ET 14.16 ] [L0 ] [L1 ]
*** TRAIL_R numBytesInNALunit: 490422
POC  461 TId: 0 ( I-SLICE, QP 26 )    3923376 bits [Y 99.9900 dB    U 99.9900 dB    V 99.9900 dB] [ET 13.94 ] [L0 ] [L1 ]
*** TRAIL_R numBytesInNALunit: 490559
POC  462 TId: 0 ( I-SLICE, QP 26 )    3924472 bits [Y 99.9900 dB    U 99.9900 dB    V 99.9900 dB] [ET 14.12 ] [L0 ] [L1 ]
*** TRAIL_R numBytesInNALunit: 490892
POC  463 TId: 0 ( I-SLICE, QP 26 )    3927136 bits [Y 99.9900 dB    U 99.9900 dB    V 99.9900 dB] [ET 14.11 ] [L0 ] [L1 ]
*** TRAIL_R numBytesInNALunit: 490585
POC  464 TId: 0 ( I-SLICE, QP 26 )    3924680 bits [Y 99.9900 dB    U 99.9900 dB    V 99.9900 dB] [ET 14.31 ] [L0 ] [L1 ]
*** TRAIL_R numBytesInNALunit: 490660
POC  465 TId: 0 ( I-SLICE, QP 26 )    3925280 bits [Y 99.9900 dB    U 99.9900 dB    V 99.9900 dB] [ET 14.11 ] [L0 ] [L1 ]
*** TRAIL_R numBytesInNALunit: 490431
POC  466 TId: 0 ( I-SLICE, QP 26 )    3923448 bits [Y 99.9900 dB    U 99.9900 dB    V 99.9900 dB] [ET 14.16 ] [L0 ] [L1 ]
*** TRAIL_R numBytesInNALunit: 490281
POC  467 TId: 0 ( I-SLICE, QP 26 )    3922248 bits [Y 99.9900 dB    U 99.9900 dB    V 99.9900 dB] [ET 13.95 ] [L0 ] [L1 ]
*** TRAIL_R numBytesInNALunit: 490560
POC  468 TId: 0 ( I-SLICE, QP 26 )    3924480 bits [Y 99.9900 dB    U 99.9900 dB    V 99.9900 dB] [ET 14.20 ] [L0 ] [L1 ]
*** TRAIL_R numBytesInNALunit: 490660
POC  469 TId: 0 ( I-SLICE, QP 26 )    3925280 bits [Y 99.9900 dB    U 99.9900 dB    V 99.9900 dB] [ET 14.56 ] [L0 ] [L1 ]
*** TRAIL_R numBytesInNALunit: 491065
POC  470 TId: 0 ( I-SLICE, QP 26 )    3928520 bits [Y 99.9900 dB    U 99.9900 dB    V 99.9900 dB] [ET 13.91 ] [L0 ] [L1 ]
*** TRAIL_R numBytesInNALunit: 490973
POC  471 TId: 0 ( I-SLICE, QP 26 )    3927784 bits [Y 99.9900 dB    U 99.9900 dB    V 99.9900 dB] [ET 14.00 ] [L0 ] [L1 ]
*** TRAIL_R numBytesInNALunit: 491475
POC  472 TId: 0 ( I-SLICE, QP 26 )    3931800 bits [Y 99.9900 dB    U 99.9900 dB    V 99.9900 dB] [ET 13.94 ] [L0 ] [L1 ]
*** TRAIL_R numBytesInNALunit: 491074
POC  473 TId: 0 ( I-SLICE, QP 26 )    3928592 bits [Y 99.9900 dB    U 99.9900 dB    V 99.9900 dB] [ET 13.97 ] [L0 ] [L1 ]
*** TRAIL_R numBytesInNALunit: 491675
POC  474 TId: 0 ( I-SLICE, QP 26 )    3933400 bits [Y 99.9900 dB    U 99.9900 dB    V 99.9900 dB] [ET 13.42 ] [L0 ] [L1 ]
*** TRAIL_R numBytesInNALunit: 491096
POC  475 TId: 0 ( I-SLICE, QP 26 )    3928768 bits [Y 99.9900 dB    U 99.9900 dB    V 99.9900 dB] [ET 13.78 ] [L0 ] [L1 ]
*** TRAIL_R numBytesInNALunit: 491976
POC  476 TId: 0 ( I-SLICE, QP 26 )    3935808 bits [Y 99.9900 dB    U 99.9900 dB    V 99.9900 dB] [ET 13.73 ] [L0 ] [L1 ]
*** TRAIL_R numBytesInNALunit: 490884
POC  477 TId: 0 ( I-SLICE, QP 26 )    3927072 bits [Y 99.9900 dB    U 99.9900 dB    V 99.9900 dB] [ET 14.22 ] [L0 ] [L1 ]
*** TRAIL_R numBytesInNALunit: 491729
POC  478 TId: 0 ( I-SLICE, QP 26 )    3933832 bits [Y 99.9900 dB    U 99.9900 dB    V 99.9900 dB] [ET 14.09 ] [L0 ] [L1 ]
*** TRAIL_R numBytesInNALunit: 491683
POC  479 TId: 0 ( I-SLICE, QP 26 )    3933464 bits [Y 99.9900 dB    U 99.9900 dB    V 99.9900 dB] [ET 13.88 ] [L0 ] [L1 ]
*** TRAIL_R numBytesInNALunit: 491893
POC  480 TId: 0 ( I-SLICE, QP 26 )    3935144 bits [Y 99.9900 dB    U 99.9900 dB    V 99.9900 dB] [ET 13.92 ] [L0 ] [L1 ]
*** TRAIL_R numBytesInNALunit: 491901
POC  481 TId: 0 ( I-SLICE, QP 26 )    3935208 bits [Y 99.9900 dB    U 99.9900 dB    V 99.9900 dB] [ET 14.17 ] [L0 ] [L1 ]
*** TRAIL_R numBytesInNALunit: 491334
POC  482 TId: 0 ( I-SLICE, QP 26 )    3930672 bits [Y 99.9900 dB    U 99.9900 dB    V 99.9900 dB] [ET 14.03 ] [L0 ] [L1 ]
*** TRAIL_R numBytesInNALunit: 490881
POC  483 TId: 0 ( I-SLICE, QP 26 )    3927048 bits [Y 99.9900 dB    U 99.9900 dB    V 99.9900 dB] [ET 14.42 ] [L0 ] [L1 ]
*** TRAIL_R numBytesInNALunit: 491168
POC  484 TId: 0 ( I-SLICE, QP 26 )    3929344 bits [Y 99.9900 dB    U 99.9900 dB    V 99.9900 dB] [ET 14.33 ] [L0 ] [L1 ]
*** TRAIL_R numBytesInNALunit: 490591
POC  485 TId: 0 ( I-SLICE, QP 26 )    3924728 bits [Y 99.9900 dB    U 99.9900 dB    V 99.9900 dB] [ET 14.02 ] [L0 ] [L1 ]
*** TRAIL_R numBytesInNALunit: 490571
POC  486 TId: 0 ( I-SLICE, QP 26 )    3924568 bits [Y 99.9900 dB    U 99.9900 dB    V 99.9900 dB] [ET 14.16 ] [L0 ] [L1 ]
*** TRAIL_R numBytesInNALunit: 490211
POC  487 TId: 0 ( I-SLICE, QP 26 )    3921688 bits [Y 99.9900 dB    U 99.9900 dB    V 99.9900 dB] [ET 13.81 ] [L0 ] [L1 ]
*** TRAIL_R numBytesInNALunit: 490156
POC  488 TId: 0 ( I-SLICE, QP 26 )    3921248 bits [Y 99.9900 dB    U 99.9900 dB    V 99.9900 dB] [ET 13.03 ] [L0 ] [L1 ]
*** TRAIL_R numBytesInNALunit: 489747
POC  489 TId: 0 ( I-SLICE, QP 26 )    3917976 bits [Y 99.9900 dB    U 99.9900 dB    V 99.9900 dB] [ET 13.16 ] [L0 ] [L1 ]
*** TRAIL_R numBytesInNALunit: 489672
POC  490 TId: 0 ( I-SLICE, QP 26 )    3917376 bits [Y 99.9900 dB    U 99.9900 dB    V 99.9900 dB] [ET 13.20 ] [L0 ] [L1 ]
*** TRAIL_R numBytesInNALunit: 489324
POC  491 TId: 0 ( I-SLICE, QP 26 )    3914592 bits [Y 99.9900 dB    U 99.9900 dB    V 99.9900 dB] [ET 13.25 ] [L0 ] [L1 ]
*** TRAIL_R numBytesInNALunit: 489613
POC  492 TId: 0 ( I-SLICE, QP 26 )    3916904 bits [Y 99.9900 dB    U 99.9900 dB    V 99.9900 dB] [ET 13.17 ] [L0 ] [L1 ]
*** TRAIL_R numBytesInNALunit: 489773
POC  493 TId: 0 ( I-SLICE, QP 26 )    3918184 bits [Y 99.9900 dB    U 99.9900 dB    V 99.9900 dB] [ET 12.95 ] [L0 ] [L1 ]
*** TRAIL_R numBytesInNALunit: 489763
POC  494 TId: 0 ( I-SLICE, QP 26 )    3918104 bits [Y 99.9900 dB    U 99.9900 dB    V 99.9900 dB] [ET 13.44 ] [L0 ] [L1 ]
*** TRAIL_R numBytesInNALunit: 489795
POC  495 TId: 0 ( I-SLICE, QP 26 )    3918360 bits [Y 99.9900 dB    U 99.9900 dB    V 99.9900 dB] [ET 13.31 ] [L0 ] [L1 ]
*** TRAIL_R numBytesInNALunit: 489847
POC  496 TId: 0 ( I-SLICE, QP 26 )    3918776 bits [Y 99.9900 dB    U 99.9900 dB    V 99.9900 dB] [ET 12.94 ] [L0 ] [L1 ]
*** TRAIL_R numBytesInNALunit: 489253
POC  497 TId: 0 ( I-SLICE, QP 26 )    3914024 bits [Y 99.9900 dB    U 99.9900 dB    V 99.9900 dB] [ET 13.16 ] [L0 ] [L1 ]
*** TRAIL_R numBytesInNALunit: 490207
POC  498 TId: 0 ( I-SLICE, QP 26 )    3921656 bits [Y 99.9900 dB    U 99.9900 dB    V 99.9900 dB] [ET 13.53 ] [L0 ] [L1 ]
*** TRAIL_R numBytesInNALunit: 489660
POC  499 TId: 0 ( I-SLICE, QP 26 )    3917280 bits [Y 99.9900 dB    U 99.9900 dB    V 99.9900 dB] [ET 13.66 ] [L0 ] [L1 ]
*** TRAIL_R numBytesInNALunit: 490217
POC  500 TId: 0 ( I-SLICE, QP 26 )    3921736 bits [Y 99.9900 dB    U 99.9900 dB    V 99.9900 dB] [ET 13.09 ] [L0 ] [L1 ]
*** TRAIL_R numBytesInNALunit: 489852
POC  501 TId: 0 ( I-SLICE, QP 26 )    3918816 bits [Y 99.9900 dB    U 99.9900 dB    V 99.9900 dB] [ET 12.80 ] [L0 ] [L1 ]
*** TRAIL_R numBytesInNALunit: 490043
POC  502 TId: 0 ( I-SLICE, QP 26 )    3920344 bits [Y 99.9900 dB    U 99.9900 dB    V 99.9900 dB] [ET 12.53 ] [L0 ] [L1 ]
*** TRAIL_R numBytesInNALunit: 489389
POC  503 TId: 0 ( I-SLICE, QP 26 )    3915112 bits [Y 99.9900 dB    U 99.9900 dB    V 99.9900 dB] [ET 12.61 ] [L0 ] [L1 ]
*** TRAIL_R numBytesInNALunit: 489994
POC  504 TId: 0 ( I-SLICE, QP 26 )    3919952 bits [Y 99.9900 dB    U 99.9900 dB    V 99.9900 dB] [ET 12.50 ] [L0 ] [L1 ]
*** TRAIL_R numBytesInNALunit: 490077
POC  505 TId: 0 ( I-SLICE, QP 26 )    3920616 bits [Y 99.9900 dB    U 99.9900 dB    V 99.9900 dB] [ET 12.22 ] [L0 ] [L1 ]
*** TRAIL_R numBytesInNALunit: 489641
POC  506 TId: 0 ( I-SLICE, QP 26 )    3917128 bits [Y 99.9900 dB    U 99.9900 dB    V 99.9900 dB] [ET 12.22 ] [L0 ] [L1 ]
*** TRAIL_R numBytesInNALunit: 489734
POC  507 TId: 0 ( I-SLICE, QP 26 )    3917872 bits [Y 99.9900 dB    U 99.9900 dB    V 99.9900 dB] [ET 12.23 ] [L0 ] [L1 ]
*** TRAIL_R numBytesInNALunit: 489747
POC  508 TId: 0 ( I-SLICE, QP 26 )    3917976 bits [Y 99.9900 dB    U 99.9900 dB    V 99.9900 dB] [ET 12.30 ] [L0 ] [L1 ]
*** TRAIL_R numBytesInNALunit: 489244
POC  509 TId: 0 ( I-SLICE, QP 26 )    3913952 bits [Y 99.9900 dB    U 99.9900 dB    V 99.9900 dB] [ET 12.47 ] [L0 ] [L1 ]
*** TRAIL_R numBytesInNALunit: 489761
POC  510 TId: 0 ( I-SLICE, QP 26 )    3918088 bits [Y 99.9900 dB    U 99.9900 dB    V 99.9900 dB] [ET 12.44 ] [L0 ] [L1 ]
*** TRAIL_R numBytesInNALunit: 489422
POC  511 TId: 0 ( I-SLICE, QP 26 )    3915376 bits [Y 99.9900 dB    U 99.9900 dB    V 99.9900 dB] [ET 12.45 ] [L0 ] [L1 ]
*** TRAIL_R numBytesInNALunit: 489970
POC  512 TId: 0 ( I-SLICE, QP 26 )    3919760 bits [Y 99.9900 dB    U 99.9900 dB    V 99.9900 dB] [ET 14.80 ] [L0 ] [L1 ]
*** TRAIL_R numBytesInNALunit: 489480
POC  513 TId: 0 ( I-SLICE, QP 26 )    3915840 bits [Y 99.9900 dB    U 99.9900 dB    V 99.9900 dB] [ET 14.91 ] [L0 ] [L1 ]
*** TRAIL_R numBytesInNALunit: 489409
POC  514 TId: 0 ( I-SLICE, QP 26 )    3915272 bits [Y 99.9900 dB    U 99.9900 dB    V 99.9900 dB] [ET 14.83 ] [L0 ] [L1 ]
*** TRAIL_R numBytesInNALunit: 489456
POC  515 TId: 0 ( I-SLICE, QP 26 )    3915648 bits [Y 99.9900 dB    U 99.9900 dB    V 99.9900 dB] [ET 15.00 ] [L0 ] [L1 ]
*** TRAIL_R numBytesInNALunit: 489490
POC  516 TId: 0 ( I-SLICE, QP 26 )    3915920 bits [Y 99.9900 dB    U 99.9900 dB    V 99.9900 dB] [ET 15.11 ] [L0 ] [L1 ]
*** TRAIL_R numBytesInNALunit: 489651
POC  517 TId: 0 ( I-SLICE, QP 26 )    3917208 bits [Y 99.9900 dB    U 99.9900 dB    V 99.9900 dB] [ET 15.00 ] [L0 ] [L1 ]
*** TRAIL_R numBytesInNALunit: 489767
POC  518 TId: 0 ( I-SLICE, QP 26 )    3918136 bits [Y 99.9900 dB    U 99.9900 dB    V 99.9900 dB] [ET 15.28 ] [L0 ] [L1 ]
*** TRAIL_R numBytesInNALunit: 489657
POC  519 TId: 0 ( I-SLICE, QP 26 )    3917256 bits [Y 99.9900 dB    U 99.9900 dB    V 99.9900 dB] [ET 15.05 ] [L0 ] [L1 ]
*** TRAIL_R numBytesInNALunit: 490081
POC  520 TId: 0 ( I-SLICE, QP 26 )    3920648 bits [Y 99.9900 dB    U 99.9900 dB    V 99.9900 dB] [ET 15.06 ] [L0 ] [L1 ]
*** TRAIL_R numBytesInNALunit: 489422
POC  521 TId: 0 ( I-SLICE, QP 26 )    3915376 bits [Y 99.9900 dB    U 99.9900 dB    V 99.9900 dB] [ET 15.02 ] [L0 ] [L1 ]
*** TRAIL_R numBytesInNALunit: 489668
POC  522 TId: 0 ( I-SLICE, QP 26 )    3917344 bits [Y 99.9900 dB    U 99.9900 dB    V 99.9900 dB] [ET 14.97 ] [L0 ] [L1 ]
*** TRAIL_R numBytesInNALunit: 489870
POC  523 TId: 0 ( I-SLICE, QP 26 )    3918960 bits [Y 99.9900 dB    U 99.9900 dB    V 99.9900 dB] [ET 14.81 ] [L0 ] [L1 ]
*** TRAIL_R numBytesInNALunit: 489720
POC  524 TId: 0 ( I-SLICE, QP 26 )    3917760 bits [Y 99.9900 dB    U 99.9900 dB    V 99.9900 dB] [ET 14.72 ] [L0 ] [L1 ]
*** TRAIL_R numBytesInNALunit: 489887
POC  525 TId: 0 ( I-SLICE, QP 26 )    3919096 bits [Y 99.9900 dB    U 99.9900 dB    V 99.9900 dB] [ET 14.98 ] [L0 ] [L1 ]
*** TRAIL_R numBytesInNALunit: 489799
POC  526 TId: 0 ( I-SLICE, QP 26 )    3918392 bits [Y 99.9900 dB    U 99.9900 dB    V 99.9900 dB] [ET 15.05 ] [L0 ] [L1 ]
*** TRAIL_R numBytesInNALunit: 489916
POC  527 TId: 0 ( I-SLICE, QP 26 )    3919328 bits [Y 99.9900 dB    U 99.9900 dB    V 99.9900 dB] [ET 14.83 ] [L0 ] [L1 ]
*** TRAIL_R numBytesInNALunit: 489701
POC  528 TId: 0 ( I-SLICE, QP 26 )    3917608 bits [Y 99.9900 dB    U 99.9900 dB    V 99.9900 dB] [ET 14.72 ] [L0 ] [L1 ]
*** TRAIL_R numBytesInNALunit: 490507
POC  529 TId: 0 ( I-SLICE, QP 26 )    3924056 bits [Y 99.9900 dB    U 99.9900 dB    V 99.9900 dB] [ET 14.86 ] [L0 ] [L1 ]
*** TRAIL_R numBytesInNALunit: 490275
POC  530 TId: 0 ( I-SLICE, QP 26 )    3922200 bits [Y 99.9900 dB    U 99.9900 dB    V 99.9900 dB] [ET 14.83 ] [L0 ] [L1 ]
*** TRAIL_R numBytesInNALunit: 490697
POC  531 TId: 0 ( I-SLICE, QP 26 )    3925576 bits [Y 99.9900 dB    U 99.9900 dB    V 99.9900 dB] [ET 14.95 ] [L0 ] [L1 ]
*** TRAIL_R numBytesInNALunit: 490564
POC  532 TId: 0 ( I-SLICE, QP 26 )    3924512 bits [Y 99.9900 dB    U 99.9900 dB    V 99.9900 dB] [ET 14.80 ] [L0 ] [L1 ]
*** TRAIL_R numBytesInNALunit: 490955
POC  533 TId: 0 ( I-SLICE, QP 26 )    3927640 bits [Y 99.9900 dB    U 99.9900 dB    V 99.9900 dB] [ET 14.03 ] [L0 ] [L1 ]
*** TRAIL_R numBytesInNALunit: 490693
POC  534 TId: 0 ( I-SLICE, QP 26 )    3925544 bits [Y 99.9900 dB    U 99.9900 dB    V 99.9900 dB] [ET 14.12 ] [L0 ] [L1 ]
*** TRAIL_R numBytesInNALunit: 490664
POC  535 TId: 0 ( I-SLICE, QP 26 )    3925312 bits [Y 99.9900 dB    U 99.9900 dB    V 99.9900 dB] [ET 14.03 ] [L0 ] [L1 ]
*** TRAIL_R numBytesInNALunit: 490881
POC  536 TId: 0 ( I-SLICE, QP 26 )    3927048 bits [Y 99.9900 dB    U 99.9900 dB    V 99.9900 dB] [ET 13.95 ] [L0 ] [L1 ]
*** TRAIL_R numBytesInNALunit: 490554
POC  537 TId: 0 ( I-SLICE, QP 26 )    3924432 bits [Y 99.9900 dB    U 99.9900 dB    V 99.9900 dB] [ET 14.14 ] [L0 ] [L1 ]
*** TRAIL_R numBytesInNALunit: 490531
POC  538 TId: 0 ( I-SLICE, QP 26 )    3924248 bits [Y 99.9900 dB    U 99.9900 dB    V 99.9900 dB] [ET 14.00 ] [L0 ] [L1 ]
*** TRAIL_R numBytesInNALunit: 491069
POC  539 TId: 0 ( I-SLICE, QP 26 )    3928552 bits [Y 99.9900 dB    U 99.9900 dB    V 99.9900 dB] [ET 14.03 ] [L0 ] [L1 ]
*** TRAIL_R numBytesInNALunit: 490869
POC  540 TId: 0 ( I-SLICE, QP 26 )    3926952 bits [Y 99.9900 dB    U 99.9900 dB    V 99.9900 dB] [ET 13.81 ] [L0 ] [L1 ]
*** TRAIL_R numBytesInNALunit: 490866
POC  541 TId: 0 ( I-SLICE, QP 26 )    3926928 bits [Y 99.9900 dB    U 99.9900 dB    V 99.9900 dB] [ET 13.91 ] [L0 ] [L1 ]
*** TRAIL_R numBytesInNALunit: 491308
POC  542 TId: 0 ( I-SLICE, QP 26 )    3930464 bits [Y 99.9900 dB    U 99.9900 dB    V 99.9900 dB] [ET 14.12 ] [L0 ] [L1 ]
*** TRAIL_R numBytesInNALunit: 490843
POC  543 TId: 0 ( I-SLICE, QP 26 )    3926744 bits [Y 99.9900 dB    U 99.9900 dB    V 99.9900 dB] [ET 14.11 ] [L0 ] [L1 ]
*** TRAIL_R numBytesInNALunit: 490846
POC  544 TId: 0 ( I-SLICE, QP 26 )    3926768 bits [Y 99.9900 dB    U 99.9900 dB    V 99.9900 dB] [ET 14.17 ] [L0 ] [L1 ]
*** TRAIL_R numBytesInNALunit: 490529
POC  545 TId: 0 ( I-SLICE, QP 26 )    3924232 bits [Y 99.9900 dB    U 99.9900 dB    V 99.9900 dB] [ET 14.27 ] [L0 ] [L1 ]
*** TRAIL_R numBytesInNALunit: 490410
POC  546 TId: 0 ( I-SLICE, QP 26 )    3923280 bits [Y 99.9900 dB    U 99.9900 dB    V 99.9900 dB] [ET 13.91 ] [L0 ] [L1 ]
*** TRAIL_R numBytesInNALunit: 490204
POC  547 TId: 0 ( I-SLICE, QP 26 )    3921632 bits [Y 99.9900 dB    U 99.9900 dB    V 99.9900 dB] [ET 13.70 ] [L0 ] [L1 ]
*** TRAIL_R numBytesInNALunit: 490925
POC  548 TId: 0 ( I-SLICE, QP 26 )    3927400 bits [Y 99.9900 dB    U 99.9900 dB    V 99.9900 dB] [ET 13.98 ] [L0 ] [L1 ]
*** TRAIL_R numBytesInNALunit: 490838
POC  549 TId: 0 ( I-SLICE, QP 26 )    3926704 bits [Y 99.9900 dB    U 99.9900 dB    V 99.9900 dB] [ET 13.88 ] [L0 ] [L1 ]
*** TRAIL_R numBytesInNALunit: 491213
POC  550 TId: 0 ( I-SLICE, QP 26 )    3929704 bits [Y 99.9900 dB    U 99.9900 dB    V 99.9900 dB] [ET 14.06 ] [L0 ] [L1 ]
*** TRAIL_R numBytesInNALunit: 490881
POC  551 TId: 0 ( I-SLICE, QP 26 )    3927048 bits [Y 99.9900 dB    U 99.9900 dB    V 99.9900 dB] [ET 13.95 ] [L0 ] [L1 ]
*** TRAIL_R numBytesInNALunit: 490963
POC  552 TId: 0 ( I-SLICE, QP 26 )    3927704 bits [Y 99.9900 dB    U 99.9900 dB    V 99.9900 dB] [ET 14.27 ] [L0 ] [L1 ]
*** TRAIL_R numBytesInNALunit: 490897
POC  553 TId: 0 ( I-SLICE, QP 26 )    3927176 bits [Y 99.9900 dB    U 99.9900 dB    V 99.9900 dB] [ET 14.17 ] [L0 ] [L1 ]
*** TRAIL_R numBytesInNALunit: 490889
POC  554 TId: 0 ( I-SLICE, QP 26 )    3927112 bits [Y 99.9900 dB    U 99.9900 dB    V 99.9900 dB] [ET 14.08 ] [L0 ] [L1 ]
*** TRAIL_R numBytesInNALunit: 491023
POC  555 TId: 0 ( I-SLICE, QP 26 )    3928184 bits [Y 99.9900 dB    U 99.9900 dB    V 99.9900 dB] [ET 14.27 ] [L0 ] [L1 ]
*** TRAIL_R numBytesInNALunit: 490954
POC  556 TId: 0 ( I-SLICE, QP 26 )    3927632 bits [Y 99.9900 dB    U 99.9900 dB    V 99.9900 dB] [ET 14.03 ] [L0 ] [L1 ]
*** TRAIL_R numBytesInNALunit: 491200
POC  557 TId: 0 ( I-SLICE, QP 26 )    3929600 bits [Y 99.9900 dB    U 99.9900 dB    V 99.9900 dB] [ET 13.80 ] [L0 ] [L1 ]
*** TRAIL_R numBytesInNALunit: 491322
POC  558 TId: 0 ( I-SLICE, QP 26 )    3930576 bits [Y 99.9900 dB    U 99.9900 dB    V 99.9900 dB] [ET 13.91 ] [L0 ] [L1 ]
*** TRAIL_R numBytesInNALunit: 491271
POC  559 TId: 0 ( I-SLICE, QP 26 )    3930168 bits [Y 99.9900 dB    U 99.9900 dB    V 99.9900 dB] [ET 13.86 ] [L0 ] [L1 ]
*** TRAIL_R numBytesInNALunit: 491508
POC  560 TId: 0 ( I-SLICE, QP 26 )    3932064 bits [Y 99.9900 dB    U 99.9900 dB    V 99.9900 dB] [ET 14.16 ] [L0 ] [L1 ]
*** TRAIL_R numBytesInNALunit: 491433
POC  561 TId: 0 ( I-SLICE, QP 26 )    3931464 bits [Y 99.9900 dB    U 99.9900 dB    V 99.9900 dB] [ET 14.22 ] [L0 ] [L1 ]
*** TRAIL_R numBytesInNALunit: 491229
POC  562 TId: 0 ( I-SLICE, QP 26 )    3929832 bits [Y 99.9900 dB    U 99.9900 dB    V 99.9900 dB] [ET 14.09 ] [L0 ] [L1 ]
*** TRAIL_R numBytesInNALunit: 491814
POC  563 TId: 0 ( I-SLICE, QP 26 )    3934512 bits [Y 99.9900 dB    U 99.9900 dB    V 99.9900 dB] [ET 14.11 ] [L0 ] [L1 ]
*** TRAIL_R numBytesInNALunit: 491680
POC  564 TId: 0 ( I-SLICE, QP 26 )    3933440 bits [Y 99.9900 dB    U 99.9900 dB    V 99.9900 dB] [ET 13.84 ] [L0 ] [L1 ]
*** TRAIL_R numBytesInNALunit: 491431
POC  565 TId: 0 ( I-SLICE, QP 26 )    3931448 bits [Y 99.9900 dB    U 99.9900 dB    V 99.9900 dB] [ET 13.89 ] [L0 ] [L1 ]
*** TRAIL_R numBytesInNALunit: 491582
POC  566 TId: 0 ( I-SLICE, QP 26 )    3932656 bits [Y 99.9900 dB    U 99.9900 dB    V 99.9900 dB] [ET 13.69 ] [L0 ] [L1 ]
*** TRAIL_R numBytesInNALunit: 491490
POC  567 TId: 0 ( I-SLICE, QP 26 )    3931920 bits [Y 99.9900 dB    U 99.9900 dB    V 99.9900 dB] [ET 14.17 ] [L0 ] [L1 ]
*** TRAIL_R numBytesInNALunit: 491429
POC  568 TId: 0 ( I-SLICE, QP 26 )    3931432 bits [Y 99.9900 dB    U 99.9900 dB    V 99.9900 dB] [ET 13.97 ] [L0 ] [L1 ]
*** TRAIL_R numBytesInNALunit: 491391
POC  569 TId: 0 ( I-SLICE, QP 26 )    3931128 bits [Y 99.9900 dB    U 99.9900 dB    V 99.9900 dB] [ET 13.91 ] [L0 ] [L1 ]
*** TRAIL_R numBytesInNALunit: 491276
POC  570 TId: 0 ( I-SLICE, QP 26 )    3930208 bits [Y 99.9900 dB    U 99.9900 dB    V 99.9900 dB] [ET 14.00 ] [L0 ] [L1 ]
*** TRAIL_R numBytesInNALunit: 491450
POC  571 TId: 0 ( I-SLICE, QP 26 )    3931600 bits [Y 99.9900 dB    U 99.9900 dB    V 99.9900 dB] [ET 14.02 ] [L0 ] [L1 ]
*** TRAIL_R numBytesInNALunit: 491261
POC  572 TId: 0 ( I-SLICE, QP 26 )    3930088 bits [Y 99.9900 dB    U 99.9900 dB    V 99.9900 dB] [ET 13.91 ] [L0 ] [L1 ]
*** TRAIL_R numBytesInNALunit: 490819
POC  573 TId: 0 ( I-SLICE, QP 26 )    3926552 bits [Y 99.9900 dB    U 99.9900 dB    V 99.9900 dB] [ET 14.19 ] [L0 ] [L1 ]
*** TRAIL_R numBytesInNALunit: 491264
POC  574 TId: 0 ( I-SLICE, QP 26 )    3930112 bits [Y 99.9900 dB    U 99.9900 dB    V 99.9900 dB] [ET 14.05 ] [L0 ] [L1 ]
*** TRAIL_R numBytesInNALunit: 490212
POC  575 TId: 0 ( I-SLICE, QP 26 )    3921696 bits [Y 99.9900 dB    U 99.9900 dB    V 99.9900 dB] [ET 13.89 ] [L0 ] [L1 ]
*** TRAIL_R numBytesInNALunit: 491175
POC  576 TId: 0 ( I-SLICE, QP 26 )    3929400 bits [Y 99.9900 dB    U 99.9900 dB    V 99.9900 dB] [ET 14.09 ] [L0 ] [L1 ]
*** TRAIL_R numBytesInNALunit: 490764
POC  577 TId: 0 ( I-SLICE, QP 26 )    3926112 bits [Y 99.9900 dB    U 99.9900 dB    V 99.9900 dB] [ET 13.97 ] [L0 ] [L1 ]
*** TRAIL_R numBytesInNALunit: 491296
POC  578 TId: 0 ( I-SLICE, QP 26 )    3930368 bits [Y 99.9900 dB    U 99.9900 dB    V 99.9900 dB] [ET 14.05 ] [L0 ] [L1 ]
*** TRAIL_R numBytesInNALunit: 490769
POC  579 TId: 0 ( I-SLICE, QP 26 )    3926152 bits [Y 99.9900 dB    U 99.9900 dB    V 99.9900 dB] [ET 13.83 ] [L0 ] [L1 ]
*** TRAIL_R numBytesInNALunit: 491285
POC  580 TId: 0 ( I-SLICE, QP 26 )    3930280 bits [Y 99.9900 dB    U 99.9900 dB    V 99.9900 dB] [ET 13.97 ] [L0 ] [L1 ]
*** TRAIL_R numBytesInNALunit: 490634
POC  581 TId: 0 ( I-SLICE, QP 26 )    3925072 bits [Y 99.9900 dB    U 99.9900 dB    V 99.9900 dB] [ET 13.48 ] [L0 ] [L1 ]
*** TRAIL_R numBytesInNALunit: 490317
POC  582 TId: 0 ( I-SLICE, QP 26 )    3922536 bits [Y 99.9900 dB    U 99.9900 dB    V 99.9900 dB] [ET 13.44 ] [L0 ] [L1 ]
*** TRAIL_R numBytesInNALunit: 490006
POC  583 TId: 0 ( I-SLICE, QP 26 )    3920048 bits [Y 99.9900 dB    U 99.9900 dB    V 99.9900 dB] [ET 13.80 ] [L0 ] [L1 ]
*** TRAIL_R numBytesInNALunit: 490299
POC  584 TId: 0 ( I-SLICE, QP 26 )    3922392 bits [Y 99.9900 dB    U 99.9900 dB    V 99.9900 dB] [ET 13.52 ] [L0 ] [L1 ]
*** TRAIL_R numBytesInNALunit: 489938
POC  585 TId: 0 ( I-SLICE, QP 26 )    3919504 bits [Y 99.9900 dB    U 99.9900 dB    V 99.9900 dB] [ET 13.70 ] [L0 ] [L1 ]
*** TRAIL_R numBytesInNALunit: 489582
POC  586 TId: 0 ( I-SLICE, QP 26 )    3916656 bits [Y 99.9900 dB    U 99.9900 dB    V 99.9900 dB] [ET 13.67 ] [L0 ] [L1 ]
*** TRAIL_R numBytesInNALunit: 489582
POC  587 TId: 0 ( I-SLICE, QP 26 )    3916656 bits [Y 99.9900 dB    U 99.9900 dB    V 99.9900 dB] [ET 13.67 ] [L0 ] [L1 ]
*** TRAIL_R numBytesInNALunit: 489689
POC  588 TId: 0 ( I-SLICE, QP 26 )    3917512 bits [Y 99.9900 dB    U 99.9900 dB    V 99.9900 dB] [ET 13.30 ] [L0 ] [L1 ]
*** TRAIL_R numBytesInNALunit: 489351
POC  589 TId: 0 ( I-SLICE, QP 26 )    3914808 bits [Y 99.9900 dB    U 99.9900 dB    V 99.9900 dB] [ET 13.64 ] [L0 ] [L1 ]
*** TRAIL_R numBytesInNALunit: 489436
POC  590 TId: 0 ( I-SLICE, QP 26 )    3915488 bits [Y 99.9900 dB    U 99.9900 dB    V 99.9900 dB] [ET 14.03 ] [L0 ] [L1 ]
*** TRAIL_R numBytesInNALunit: 489361
POC  591 TId: 0 ( I-SLICE, QP 26 )    3914888 bits [Y 99.9900 dB    U 99.9900 dB    V 99.9900 dB] [ET 14.03 ] [L0 ] [L1 ]
*** TRAIL_R numBytesInNALunit: 489382
POC  592 TId: 0 ( I-SLICE, QP 26 )    3915056 bits [Y 99.9900 dB    U 99.9900 dB    V 99.9900 dB] [ET 13.56 ] [L0 ] [L1 ]
*** TRAIL_R numBytesInNALunit: 489481
POC  593 TId: 0 ( I-SLICE, QP 26 )    3915848 bits [Y 99.9900 dB    U 99.9900 dB    V 99.9900 dB] [ET 13.72 ] [L0 ] [L1 ]
*** TRAIL_R numBytesInNALunit: 489000
POC  594 TId: 0 ( I-SLICE, QP 26 )    3912000 bits [Y 99.9900 dB    U 99.9900 dB    V 99.9900 dB] [ET 13.88 ] [L0 ] [L1 ]
*** TRAIL_R numBytesInNALunit: 489584
POC  595 TId: 0 ( I-SLICE, QP 26 )    3916672 bits [Y 99.9900 dB    U 99.9900 dB    V 99.9900 dB] [ET 14.00 ] [L0 ] [L1 ]
*** TRAIL_R numBytesInNALunit: 489310
POC  596 TId: 0 ( I-SLICE, QP 26 )    3914480 bits [Y 99.9900 dB    U 99.9900 dB    V 99.9900 dB] [ET 13.59 ] [L0 ] [L1 ]
*** TRAIL_R numBytesInNALunit: 489769
POC  597 TId: 0 ( I-SLICE, QP 26 )    3918152 bits [Y 99.9900 dB    U 99.9900 dB    V 99.9900 dB] [ET 13.75 ] [L0 ] [L1 ]
*** TRAIL_R numBytesInNALunit: 490224
POC  598 TId: 0 ( I-SLICE, QP 26 )    3921792 bits [Y 99.9900 dB    U 99.9900 dB    V 99.9900 dB] [ET 13.97 ] [L0 ] [L1 ]
*** TRAIL_R numBytesInNALunit: 489814
POC  599 TId: 0 ( I-SLICE, QP 26 )    3918512 bits [Y 99.9900 dB    U 99.9900 dB    V 99.9900 dB] [ET 13.52 ] [L0 ] [L1 ]


I Slices--------------------------------------------------------
	Total Frames |  Bitrate    Y-PSNR    U-PSNR    V-PSNR 
	      600    i 234681.0040   99.9900   99.9900   99.9900
Bytes written to file: 293353666 (234682.933 kbps)
Bytes for SPS/PPS/Slice (Incl. Annex B): 293353666 (234682.933 kbps)

 Total Time:     8779.859 sec.
