
HM software: Encoder Version [15.0][Linux][GCC 4.8.5][64 bit] 

Input          File          : ../../HEVC_test_sequence/ClassA/Traffic_2560x1600_30_crop.yuv
Bitstream      File          : Traffic.bin
Reconstruction File          : Traffic.yuv
Real     Format              : 2560x1600 30Hz
Internal Format              : 2560x1600 30Hz
Frame/Field                  : Frame based coding
Frame index                  : 0 - 149 (150 frames)
CU size / depth              : 32 / 3
RQT trans. size (min / max)  : 4 / 32
Max RQT depth inter          : 3
Max RQT depth intra          : 1
Min PCM size                 : 8
Motion search range          : 64
Intra period                 : 1
Decoding refresh type        : 0
QP                           : 26.00
Max dQP signaling depth      : 0
Cb QP Offset                 : 0
Cr QP Offset                 : 0
QP adaptation                : 0 (range=0)
GOP size                     : 1
Internal bit depth           : (Y:8, C:8)
PCM sample bit depth         : (Y:8, C:8)
RateControl                  : 0
Max Num Merge Candidates     : 5

TOOL CFG: IBD:0 HAD:0 RDQ:0 RDQTS:0 RDpenalty:0 SQP:0 ASR:0 FEN:0 ECU:0 FDM:0 CFM:0 ESD:0 RQT:1 TransformSkip:0 TransformSkipFast:0 Slice: M=0 SliceSegment: M=0 CIP:0 SAO:0 PCM:0 TransQuantBypassEnabled: =1 WPP:0 WPB:0 PME:2  WaveFrontSynchro:0 WaveFrontSubstreams:1 ScalingList:0 TMVPMode:1  SignBitHidingFlag:1 RecalQP:0

***    VPS numBytesInNALunit: 24
***    SPS numBytesInNALunit: 31
***    PPS numBytesInNALunit: 7
*** IDR_W_RADL numBytesInNALunit: 2544778
POC    0 TId: 0 ( I-SLICE, QP 26 )   20358720 bits [Y 99.9900 dB    U 99.9900 dB    V 99.9900 dB] [ET 41.78 ] [L0 ] [L1 ]
*** TRAIL_R numBytesInNALunit: 2546634
POC    1 TId: 0 ( I-SLICE, QP 26 )   20373072 bits [Y 99.9900 dB    U 99.9900 dB    V 99.9900 dB] [ET 41.78 ] [L0 ] [L1 ]
*** TRAIL_R numBytesInNALunit: 2546252
POC    2 TId: 0 ( I-SLICE, QP 26 )   20370016 bits [Y 99.9900 dB    U 99.9900 dB    V 99.9900 dB] [ET 41.69 ] [L0 ] [L1 ]
*** TRAIL_R numBytesInNALunit: 2545723
POC    3 TId: 0 ( I-SLICE, QP 26 )   20365784 bits [Y 99.9900 dB    U 99.9900 dB    V 99.9900 dB] [ET 41.42 ] [L0 ] [L1 ]
*** TRAIL_R numBytesInNALunit: 2546829
POC    4 TId: 0 ( I-SLICE, QP 26 )   20374632 bits [Y 99.9900 dB    U 99.9900 dB    V 99.9900 dB] [ET 41.73 ] [L0 ] [L1 ]
*** TRAIL_R numBytesInNALunit: 2545666
POC    5 TId: 0 ( I-SLICE, QP 26 )   20365328 bits [Y 99.9900 dB    U 99.9900 dB    V 99.9900 dB] [ET 41.66 ] [L0 ] [L1 ]
*** TRAIL_R numBytesInNALunit: 2546616
POC    6 TId: 0 ( I-SLICE, QP 26 )   20372928 bits [Y 99.9900 dB    U 99.9900 dB    V 99.9900 dB] [ET 41.78 ] [L0 ] [L1 ]
*** TRAIL_R numBytesInNALunit: 2546311
POC    7 TId: 0 ( I-SLICE, QP 26 )   20370488 bits [Y 99.9900 dB    U 99.9900 dB    V 99.9900 dB] [ET 41.44 ] [L0 ] [L1 ]
*** TRAIL_R numBytesInNALunit: 2546911
POC    8 TId: 0 ( I-SLICE, QP 26 )   20375288 bits [Y 99.9900 dB    U 99.9900 dB    V 99.9900 dB] [ET 41.50 ] [L0 ] [L1 ]
*** TRAIL_R numBytesInNALunit: 2546847
POC    9 TId: 0 ( I-SLICE, QP 26 )   20374776 bits [Y 99.9900 dB    U 99.9900 dB    V 99.9900 dB] [ET 41.58 ] [L0 ] [L1 ]
*** TRAIL_R numBytesInNALunit: 2546999
POC   10 TId: 0 ( I-SLICE, QP 26 )   20375992 bits [Y 99.9900 dB    U 99.9900 dB    V 99.9900 dB] [ET 41.67 ] [L0 ] [L1 ]
*** TRAIL_R numBytesInNALunit: 2547265
POC   11 TId: 0 ( I-SLICE, QP 26 )   20378120 bits [Y 99.9900 dB    U 99.9900 dB    V 99.9900 dB] [ET 41.50 ] [L0 ] [L1 ]
*** TRAIL_R numBytesInNALunit: 2546935
POC   12 TId: 0 ( I-SLICE, QP 26 )   20375480 bits [Y 99.9900 dB    U 99.9900 dB    V 99.9900 dB] [ET 41.50 ] [L0 ] [L1 ]
*** TRAIL_R numBytesInNALunit: 2543833
POC   13 TId: 0 ( I-SLICE, QP 26 )   20350664 bits [Y 99.9900 dB    U 99.9900 dB    V 99.9900 dB] [ET 41.94 ] [L0 ] [L1 ]
*** TRAIL_R numBytesInNALunit: 2545555
POC   14 TId: 0 ( I-SLICE, QP 26 )   20364440 bits [Y 99.9900 dB    U 99.9900 dB    V 99.9900 dB] [ET 41.88 ] [L0 ] [L1 ]
*** TRAIL_R numBytesInNALunit: 2544693
POC   15 TId: 0 ( I-SLICE, QP 26 )   20357544 bits [Y 99.9900 dB    U 99.9900 dB    V 99.9900 dB] [ET 41.11 ] [L0 ] [L1 ]
*** TRAIL_R numBytesInNALunit: 2545304
POC   16 TId: 0 ( I-SLICE, QP 26 )   20362432 bits [Y 99.9900 dB    U 99.9900 dB    V 99.9900 dB] [ET 41.45 ] [L0 ] [L1 ]
*** TRAIL_R numBytesInNALunit: 2546300
POC   17 TId: 0 ( I-SLICE, QP 26 )   20370400 bits [Y 99.9900 dB    U 99.9900 dB    V 99.9900 dB] [ET 42.11 ] [L0 ] [L1 ]
*** TRAIL_R numBytesInNALunit: 2544702
POC   18 TId: 0 ( I-SLICE, QP 26 )   20357616 bits [Y 99.9900 dB    U 99.9900 dB    V 99.9900 dB] [ET 41.42 ] [L0 ] [L1 ]
*** TRAIL_R numBytesInNALunit: 2544914
POC   19 TId: 0 ( I-SLICE, QP 26 )   20359312 bits [Y 99.9900 dB    U 99.9900 dB    V 99.9900 dB] [ET 42.16 ] [L0 ] [L1 ]
*** TRAIL_R numBytesInNALunit: 2544602
POC   20 TId: 0 ( I-SLICE, QP 26 )   20356816 bits [Y 99.9900 dB    U 99.9900 dB    V 99.9900 dB] [ET 41.81 ] [L0 ] [L1 ]
*** TRAIL_R numBytesInNALunit: 2544712
POC   21 TId: 0 ( I-SLICE, QP 26 )   20357696 bits [Y 99.9900 dB    U 99.9900 dB    V 99.9900 dB] [ET 41.42 ] [L0 ] [L1 ]
*** TRAIL_R numBytesInNALunit: 2545007
POC   22 TId: 0 ( I-SLICE, QP 26 )   20360056 bits [Y 99.9900 dB    U 99.9900 dB    V 99.9900 dB] [ET 42.08 ] [L0 ] [L1 ]
*** TRAIL_R numBytesInNALunit: 2543414
POC   23 TId: 0 ( I-SLICE, QP 26 )   20347312 bits [Y 99.9900 dB    U 99.9900 dB    V 99.9900 dB] [ET 41.97 ] [L0 ] [L1 ]
*** TRAIL_R numBytesInNALunit: 2543000
POC   24 TId: 0 ( I-SLICE, QP 26 )   20344000 bits [Y 99.9900 dB    U 99.9900 dB    V 99.9900 dB] [ET 42.19 ] [L0 ] [L1 ]
*** TRAIL_R numBytesInNALunit: 2543682
POC   25 TId: 0 ( I-SLICE, QP 26 )   20349456 bits [Y 99.9900 dB    U 99.9900 dB    V 99.9900 dB] [ET 41.58 ] [L0 ] [L1 ]
*** TRAIL_R numBytesInNALunit: 2542793
POC   26 TId: 0 ( I-SLICE, QP 26 )   20342344 bits [Y 99.9900 dB    U 99.9900 dB    V 99.9900 dB] [ET 41.70 ] [L0 ] [L1 ]
*** TRAIL_R numBytesInNALunit: 2542700
POC   27 TId: 0 ( I-SLICE, QP 26 )   20341600 bits [Y 99.9900 dB    U 99.9900 dB    V 99.9900 dB] [ET 41.58 ] [L0 ] [L1 ]
*** TRAIL_R numBytesInNALunit: 2542385
POC   28 TId: 0 ( I-SLICE, QP 26 )   20339080 bits [Y 99.9900 dB    U 99.9900 dB    V 99.9900 dB] [ET 41.88 ] [L0 ] [L1 ]
*** TRAIL_R numBytesInNALunit: 2542215
POC   29 TId: 0 ( I-SLICE, QP 26 )   20337720 bits [Y 99.9900 dB    U 99.9900 dB    V 99.9900 dB] [ET 41.47 ] [L0 ] [L1 ]
*** TRAIL_R numBytesInNALunit: 2542736
POC   30 TId: 0 ( I-SLICE, QP 26 )   20341888 bits [Y 99.9900 dB    U 99.9900 dB    V 99.9900 dB] [ET 41.89 ] [L0 ] [L1 ]
*** TRAIL_R numBytesInNALunit: 2543151
POC   31 TId: 0 ( I-SLICE, QP 26 )   20345208 bits [Y 99.9900 dB    U 99.9900 dB    V 99.9900 dB] [ET 42.08 ] [L0 ] [L1 ]
*** TRAIL_R numBytesInNALunit: 2543207
POC   32 TId: 0 ( I-SLICE, QP 26 )   20345656 bits [Y 99.9900 dB    U 99.9900 dB    V 99.9900 dB] [ET 41.47 ] [L0 ] [L1 ]
*** TRAIL_R numBytesInNALunit: 2542837
POC   33 TId: 0 ( I-SLICE, QP 26 )   20342696 bits [Y 99.9900 dB    U 99.9900 dB    V 99.9900 dB] [ET 41.98 ] [L0 ] [L1 ]
*** TRAIL_R numBytesInNALunit: 2543105
POC   34 TId: 0 ( I-SLICE, QP 26 )   20344840 bits [Y 99.9900 dB    U 99.9900 dB    V 99.9900 dB] [ET 41.69 ] [L0 ] [L1 ]
*** TRAIL_R numBytesInNALunit: 2543393
POC   35 TId: 0 ( I-SLICE, QP 26 )   20347144 bits [Y 99.9900 dB    U 99.9900 dB    V 99.9900 dB] [ET 41.73 ] [L0 ] [L1 ]
*** TRAIL_R numBytesInNALunit: 2545637
POC   36 TId: 0 ( I-SLICE, QP 26 )   20365096 bits [Y 99.9900 dB    U 99.9900 dB    V 99.9900 dB] [ET 41.48 ] [L0 ] [L1 ]
*** TRAIL_R numBytesInNALunit: 2547185
POC   37 TId: 0 ( I-SLICE, QP 26 )   20377480 bits [Y 99.9900 dB    U 99.9900 dB    V 99.9900 dB] [ET 41.50 ] [L0 ] [L1 ]
*** TRAIL_R numBytesInNALunit: 2548722
POC   38 TId: 0 ( I-SLICE, QP 26 )   20389776 bits [Y 99.9900 dB    U 99.9900 dB    V 99.9900 dB] [ET 41.81 ] [L0 ] [L1 ]
*** TRAIL_R numBytesInNALunit: 2549678
POC   39 TId: 0 ( I-SLICE, QP 26 )   20397424 bits [Y 99.9900 dB    U 99.9900 dB    V 99.9900 dB] [ET 41.27 ] [L0 ] [L1 ]
*** TRAIL_R numBytesInNALunit: 2545906
POC   40 TId: 0 ( I-SLICE, QP 26 )   20367248 bits [Y 99.9900 dB    U 99.9900 dB    V 99.9900 dB] [ET 41.80 ] [L0 ] [L1 ]
*** TRAIL_R numBytesInNALunit: 2546902
POC   41 TId: 0 ( I-SLICE, QP 26 )   20375216 bits [Y 99.9900 dB    U 99.9900 dB    V 99.9900 dB] [ET 41.67 ] [L0 ] [L1 ]
*** TRAIL_R numBytesInNALunit: 2547781
POC   42 TId: 0 ( I-SLICE, QP 26 )   20382248 bits [Y 99.9900 dB    U 99.9900 dB    V 99.9900 dB] [ET 41.27 ] [L0 ] [L1 ]
*** TRAIL_R numBytesInNALunit: 2549886
POC   43 TId: 0 ( I-SLICE, QP 26 )   20399088 bits [Y 99.9900 dB    U 99.9900 dB    V 99.9900 dB] [ET 41.53 ] [L0 ] [L1 ]
*** TRAIL_R numBytesInNALunit: 2550104
POC   44 TId: 0 ( I-SLICE, QP 26 )   20400832 bits [Y 99.9900 dB    U 99.9900 dB    V 99.9900 dB] [ET 41.41 ] [L0 ] [L1 ]
*** TRAIL_R numBytesInNALunit: 2548240
POC   45 TId: 0 ( I-SLICE, QP 26 )   20385920 bits [Y 99.9900 dB    U 99.9900 dB    V 99.9900 dB] [ET 41.67 ] [L0 ] [L1 ]
*** TRAIL_R numBytesInNALunit: 2549256
POC   46 TId: 0 ( I-SLICE, QP 26 )   20394048 bits [Y 99.9900 dB    U 99.9900 dB    V 99.9900 dB] [ET 41.33 ] [L0 ] [L1 ]
*** TRAIL_R numBytesInNALunit: 2548631
POC   47 TId: 0 ( I-SLICE, QP 26 )   20389048 bits [Y 99.9900 dB    U 99.9900 dB    V 99.9900 dB] [ET 41.48 ] [L0 ] [L1 ]
*** TRAIL_R numBytesInNALunit: 2547288
POC   48 TId: 0 ( I-SLICE, QP 26 )   20378304 bits [Y 99.9900 dB    U 99.9900 dB    V 99.9900 dB] [ET 41.89 ] [L0 ] [L1 ]
*** TRAIL_R numBytesInNALunit: 2547838
POC   49 TId: 0 ( I-SLICE, QP 26 )   20382704 bits [Y 99.9900 dB    U 99.9900 dB    V 99.9900 dB] [ET 41.45 ] [L0 ] [L1 ]
*** TRAIL_R numBytesInNALunit: 2546048
POC   50 TId: 0 ( I-SLICE, QP 26 )   20368384 bits [Y 99.9900 dB    U 99.9900 dB    V 99.9900 dB] [ET 41.84 ] [L0 ] [L1 ]
*** TRAIL_R numBytesInNALunit: 2547386
POC   51 TId: 0 ( I-SLICE, QP 26 )   20379088 bits [Y 99.9900 dB    U 99.9900 dB    V 99.9900 dB] [ET 41.70 ] [L0 ] [L1 ]
*** TRAIL_R numBytesInNALunit: 2544040
POC   52 TId: 0 ( I-SLICE, QP 26 )   20352320 bits [Y 99.9900 dB    U 99.9900 dB    V 99.9900 dB] [ET 41.61 ] [L0 ] [L1 ]
*** TRAIL_R numBytesInNALunit: 2547243
POC   53 TId: 0 ( I-SLICE, QP 26 )   20377944 bits [Y 99.9900 dB    U 99.9900 dB    V 99.9900 dB] [ET 41.67 ] [L0 ] [L1 ]
*** TRAIL_R numBytesInNALunit: 2544426
POC   54 TId: 0 ( I-SLICE, QP 26 )   20355408 bits [Y 99.9900 dB    U 99.9900 dB    V 99.9900 dB] [ET 41.30 ] [L0 ] [L1 ]
*** TRAIL_R numBytesInNALunit: 2544442
POC   55 TId: 0 ( I-SLICE, QP 26 )   20355536 bits [Y 99.9900 dB    U 99.9900 dB    V 99.9900 dB] [ET 41.66 ] [L0 ] [L1 ]
*** TRAIL_R numBytesInNALunit: 2546179
POC   56 TId: 0 ( I-SLICE, QP 26 )   20369432 bits [Y 99.9900 dB    U 99.9900 dB    V 99.9900 dB] [ET 41.67 ] [L0 ] [L1 ]
*** TRAIL_R numBytesInNALunit: 2548006
POC   57 TId: 0 ( I-SLICE, QP 26 )   20384048 bits [Y 99.9900 dB    U 99.9900 dB    V 99.9900 dB] [ET 42.00 ] [L0 ] [L1 ]
*** TRAIL_R numBytesInNALunit: 2548900
POC   58 TId: 0 ( I-SLICE, QP 26 )   20391200 bits [Y 99.9900 dB    U 99.9900 dB    V 99.9900 dB] [ET 41.50 ] [L0 ] [L1 ]
*** TRAIL_R numBytesInNALunit: 2548926
POC   59 TId: 0 ( I-SLICE, QP 26 )   20391408 bits [Y 99.9900 dB    U 99.9900 dB    V 99.9900 dB] [ET 41.52 ] [L0 ] [L1 ]
*** TRAIL_R numBytesInNALunit: 2546482
POC   60 TId: 0 ( I-SLICE, QP 26 )   20371856 bits [Y 99.9900 dB    U 99.9900 dB    V 99.9900 dB] [ET 42.11 ] [L0 ] [L1 ]
*** TRAIL_R numBytesInNALunit: 2545508
POC   61 TId: 0 ( I-SLICE, QP 26 )   20364064 bits [Y 99.9900 dB    U 99.9900 dB    V 99.9900 dB] [ET 41.58 ] [L0 ] [L1 ]
*** TRAIL_R numBytesInNALunit: 2544124
POC   62 TId: 0 ( I-SLICE, QP 26 )   20352992 bits [Y 99.9900 dB    U 99.9900 dB    V 99.9900 dB] [ET 42.23 ] [L0 ] [L1 ]
*** TRAIL_R numBytesInNALunit: 2547120
POC   63 TId: 0 ( I-SLICE, QP 26 )   20376960 bits [Y 99.9900 dB    U 99.9900 dB    V 99.9900 dB] [ET 42.00 ] [L0 ] [L1 ]
*** TRAIL_R numBytesInNALunit: 2548328
POC   64 TId: 0 ( I-SLICE, QP 26 )   20386624 bits [Y 99.9900 dB    U 99.9900 dB    V 99.9900 dB] [ET 41.39 ] [L0 ] [L1 ]
*** TRAIL_R numBytesInNALunit: 2547291
POC   65 TId: 0 ( I-SLICE, QP 26 )   20378328 bits [Y 99.9900 dB    U 99.9900 dB    V 99.9900 dB] [ET 41.56 ] [L0 ] [L1 ]
*** TRAIL_R numBytesInNALunit: 2545376
POC   66 TId: 0 ( I-SLICE, QP 26 )   20363008 bits [Y 99.9900 dB    U 99.9900 dB    V 99.9900 dB] [ET 41.36 ] [L0 ] [L1 ]
*** TRAIL_R numBytesInNALunit: 2545911
POC   67 TId: 0 ( I-SLICE, QP 26 )   20367288 bits [Y 99.9900 dB    U 99.9900 dB    V 99.9900 dB] [ET 41.36 ] [L0 ] [L1 ]
*** TRAIL_R numBytesInNALunit: 2545730
POC   68 TId: 0 ( I-SLICE, QP 26 )   20365840 bits [Y 99.9900 dB    U 99.9900 dB    V 99.9900 dB] [ET 41.95 ] [L0 ] [L1 ]
*** TRAIL_R numBytesInNALunit: 2545297
POC   69 TId: 0 ( I-SLICE, QP 26 )   20362376 bits [Y 99.9900 dB    U 99.9900 dB    V 99.9900 dB] [ET 41.77 ] [L0 ] [L1 ]
*** TRAIL_R numBytesInNALunit: 2544631
POC   70 TId: 0 ( I-SLICE, QP 26 )   20357048 bits [Y 99.9900 dB    U 99.9900 dB    V 99.9900 dB] [ET 41.67 ] [L0 ] [L1 ]
*** TRAIL_R numBytesInNALunit: 2544702
POC   71 TId: 0 ( I-SLICE, QP 26 )   20357616 bits [Y 99.9900 dB    U 99.9900 dB    V 99.9900 dB] [ET 41.80 ] [L0 ] [L1 ]
*** TRAIL_R numBytesInNALunit: 2543686
POC   72 TId: 0 ( I-SLICE, QP 26 )   20349488 bits [Y 99.9900 dB    U 99.9900 dB    V 99.9900 dB] [ET 41.61 ] [L0 ] [L1 ]
*** TRAIL_R numBytesInNALunit: 2544373
POC   73 TId: 0 ( I-SLICE, QP 26 )   20354984 bits [Y 99.9900 dB    U 99.9900 dB    V 99.9900 dB] [ET 42.69 ] [L0 ] [L1 ]
*** TRAIL_R numBytesInNALunit: 2543697
POC   74 TId: 0 ( I-SLICE, QP 26 )   20349576 bits [Y 99.9900 dB    U 99.9900 dB    V 99.9900 dB] [ET 43.27 ] [L0 ] [L1 ]
*** TRAIL_R numBytesInNALunit: 2543737
POC   75 TId: 0 ( I-SLICE, QP 26 )   20349896 bits [Y 99.9900 dB    U 99.9900 dB    V 99.9900 dB] [ET 42.05 ] [L0 ] [L1 ]
*** TRAIL_R numBytesInNALunit: 2541612
POC   76 TId: 0 ( I-SLICE, QP 26 )   20332896 bits [Y 99.9900 dB    U 99.9900 dB    V 99.9900 dB] [ET 41.61 ] [L0 ] [L1 ]
*** TRAIL_R numBytesInNALunit: 2542309
POC   77 TId: 0 ( I-SLICE, QP 26 )   20338472 bits [Y 99.9900 dB    U 99.9900 dB    V 99.9900 dB] [ET 41.58 ] [L0 ] [L1 ]
*** TRAIL_R numBytesInNALunit: 2542135
POC   78 TId: 0 ( I-SLICE, QP 26 )   20337080 bits [Y 99.9900 dB    U 99.9900 dB    V 99.9900 dB] [ET 41.38 ] [L0 ] [L1 ]
*** TRAIL_R numBytesInNALunit: 2542871
POC   79 TId: 0 ( I-SLICE, QP 26 )   20342968 bits [Y 99.9900 dB    U 99.9900 dB    V 99.9900 dB] [ET 42.42 ] [L0 ] [L1 ]
*** TRAIL_R numBytesInNALunit: 2540485
POC   80 TId: 0 ( I-SLICE, QP 26 )   20323880 bits [Y 99.9900 dB    U 99.9900 dB    V 99.9900 dB] [ET 41.88 ] [L0 ] [L1 ]
*** TRAIL_R numBytesInNALunit: 2543175
POC   81 TId: 0 ( I-SLICE, QP 26 )   20345400 bits [Y 99.9900 dB    U 99.9900 dB    V 99.9900 dB] [ET 41.78 ] [L0 ] [L1 ]
*** TRAIL_R numBytesInNALunit: 2541816
POC   82 TId: 0 ( I-SLICE, QP 26 )   20334528 bits [Y 99.9900 dB    U 99.9900 dB    V 99.9900 dB] [ET 41.16 ] [L0 ] [L1 ]
*** TRAIL_R numBytesInNALunit: 2542201
POC   83 TId: 0 ( I-SLICE, QP 26 )   20337608 bits [Y 99.9900 dB    U 99.9900 dB    V 99.9900 dB] [ET 41.70 ] [L0 ] [L1 ]
*** TRAIL_R numBytesInNALunit: 2540974
POC   84 TId: 0 ( I-SLICE, QP 26 )   20327792 bits [Y 99.9900 dB    U 99.9900 dB    V 99.9900 dB] [ET 41.58 ] [L0 ] [L1 ]
*** TRAIL_R numBytesInNALunit: 2542855
POC   85 TId: 0 ( I-SLICE, QP 26 )   20342840 bits [Y 99.9900 dB    U 99.9900 dB    V 99.9900 dB] [ET 41.70 ] [L0 ] [L1 ]
*** TRAIL_R numBytesInNALunit: 2541840
POC   86 TId: 0 ( I-SLICE, QP 26 )   20334720 bits [Y 99.9900 dB    U 99.9900 dB    V 99.9900 dB] [ET 41.61 ] [L0 ] [L1 ]
*** TRAIL_R numBytesInNALunit: 2543405
POC   87 TId: 0 ( I-SLICE, QP 26 )   20347240 bits [Y 99.9900 dB    U 99.9900 dB    V 99.9900 dB] [ET 41.36 ] [L0 ] [L1 ]
*** TRAIL_R numBytesInNALunit: 2542800
POC   88 TId: 0 ( I-SLICE, QP 26 )   20342400 bits [Y 99.9900 dB    U 99.9900 dB    V 99.9900 dB] [ET 41.69 ] [L0 ] [L1 ]
*** TRAIL_R numBytesInNALunit: 2542946
POC   89 TId: 0 ( I-SLICE, QP 26 )   20343568 bits [Y 99.9900 dB    U 99.9900 dB    V 99.9900 dB] [ET 41.48 ] [L0 ] [L1 ]
*** TRAIL_R numBytesInNALunit: 2542071
POC   90 TId: 0 ( I-SLICE, QP 26 )   20336568 bits [Y 99.9900 dB    U 99.9900 dB    V 99.9900 dB] [ET 41.27 ] [L0 ] [L1 ]
*** TRAIL_R numBytesInNALunit: 2542219
POC   91 TId: 0 ( I-SLICE, QP 26 )   20337752 bits [Y 99.9900 dB    U 99.9900 dB    V 99.9900 dB] [ET 41.31 ] [L0 ] [L1 ]
*** TRAIL_R numBytesInNALunit: 2542493
POC   92 TId: 0 ( I-SLICE, QP 26 )   20339944 bits [Y 99.9900 dB    U 99.9900 dB    V 99.9900 dB] [ET 41.83 ] [L0 ] [L1 ]
*** TRAIL_R numBytesInNALunit: 2541005
POC   93 TId: 0 ( I-SLICE, QP 26 )   20328040 bits [Y 99.9900 dB    U 99.9900 dB    V 99.9900 dB] [ET 41.95 ] [L0 ] [L1 ]
*** TRAIL_R numBytesInNALunit: 2542346
POC   94 TId: 0 ( I-SLICE, QP 26 )   20338768 bits [Y 99.9900 dB    U 99.9900 dB    V 99.9900 dB] [ET 41.47 ] [L0 ] [L1 ]
*** TRAIL_R numBytesInNALunit: 2541854
POC   95 TId: 0 ( I-SLICE, QP 26 )   20334832 bits [Y 99.9900 dB    U 99.9900 dB    V 99.9900 dB] [ET 41.30 ] [L0 ] [L1 ]
*** TRAIL_R numBytesInNALunit: 2541099
POC   96 TId: 0 ( I-SLICE, QP 26 )   20328792 bits [Y 99.9900 dB    U 99.9900 dB    V 99.9900 dB] [ET 41.48 ] [L0 ] [L1 ]
*** TRAIL_R numBytesInNALunit: 2541135
POC   97 TId: 0 ( I-SLICE, QP 26 )   20329080 bits [Y 99.9900 dB    U 99.9900 dB    V 99.9900 dB] [ET 41.22 ] [L0 ] [L1 ]
*** TRAIL_R numBytesInNALunit: 2540850
POC   98 TId: 0 ( I-SLICE, QP 26 )   20326800 bits [Y 99.9900 dB    U 99.9900 dB    V 99.9900 dB] [ET 41.38 ] [L0 ] [L1 ]
*** TRAIL_R numBytesInNALunit: 2541679
POC   99 TId: 0 ( I-SLICE, QP 26 )   20333432 bits [Y 99.9900 dB    U 99.9900 dB    V 99.9900 dB] [ET 41.30 ] [L0 ] [L1 ]
*** TRAIL_R numBytesInNALunit: 2541151
POC  100 TId: 0 ( I-SLICE, QP 26 )   20329208 bits [Y 99.9900 dB    U 99.9900 dB    V 99.9900 dB] [ET 41.41 ] [L0 ] [L1 ]
*** TRAIL_R numBytesInNALunit: 2541326
POC  101 TId: 0 ( I-SLICE, QP 26 )   20330608 bits [Y 99.9900 dB    U 99.9900 dB    V 99.9900 dB] [ET 41.55 ] [L0 ] [L1 ]
*** TRAIL_R numBytesInNALunit: 2541899
POC  102 TId: 0 ( I-SLICE, QP 26 )   20335192 bits [Y 99.9900 dB    U 99.9900 dB    V 99.9900 dB] [ET 41.72 ] [L0 ] [L1 ]
*** TRAIL_R numBytesInNALunit: 2542292
POC  103 TId: 0 ( I-SLICE, QP 26 )   20338336 bits [Y 99.9900 dB    U 99.9900 dB    V 99.9900 dB] [ET 41.73 ] [L0 ] [L1 ]
*** TRAIL_R numBytesInNALunit: 2543027
POC  104 TId: 0 ( I-SLICE, QP 26 )   20344216 bits [Y 99.9900 dB    U 99.9900 dB    V 99.9900 dB] [ET 41.45 ] [L0 ] [L1 ]
*** TRAIL_R numBytesInNALunit: 2541895
POC  105 TId: 0 ( I-SLICE, QP 26 )   20335160 bits [Y 99.9900 dB    U 99.9900 dB    V 99.9900 dB] [ET 41.75 ] [L0 ] [L1 ]
*** TRAIL_R numBytesInNALunit: 2542181
POC  106 TId: 0 ( I-SLICE, QP 26 )   20337448 bits [Y 99.9900 dB    U 99.9900 dB    V 99.9900 dB] [ET 41.31 ] [L0 ] [L1 ]
*** TRAIL_R numBytesInNALunit: 2541355
POC  107 TId: 0 ( I-SLICE, QP 26 )   20330840 bits [Y 99.9900 dB    U 99.9900 dB    V 99.9900 dB] [ET 41.83 ] [L0 ] [L1 ]
*** TRAIL_R numBytesInNALunit: 2541746
POC  108 TId: 0 ( I-SLICE, QP 26 )   20333968 bits [Y 99.9900 dB    U 99.9900 dB    V 99.9900 dB] [ET 41.11 ] [L0 ] [L1 ]
*** TRAIL_R numBytesInNALunit: 2543221
POC  109 TId: 0 ( I-SLICE, QP 26 )   20345768 bits [Y 99.9900 dB    U 99.9900 dB    V 99.9900 dB] [ET 41.36 ] [L0 ] [L1 ]
*** TRAIL_R numBytesInNALunit: 2544086
POC  110 TId: 0 ( I-SLICE, QP 26 )   20352688 bits [Y 99.9900 dB    U 99.9900 dB    V 99.9900 dB] [ET 41.25 ] [L0 ] [L1 ]
*** TRAIL_R numBytesInNALunit: 2543663
POC  111 TId: 0 ( I-SLICE, QP 26 )   20349304 bits [Y 99.9900 dB    U 99.9900 dB    V 99.9900 dB] [ET 41.77 ] [L0 ] [L1 ]
*** TRAIL_R numBytesInNALunit: 2546625
POC  112 TId: 0 ( I-SLICE, QP 26 )   20373000 bits [Y 99.9900 dB    U 99.9900 dB    V 99.9900 dB] [ET 41.55 ] [L0 ] [L1 ]
*** TRAIL_R numBytesInNALunit: 2547321
POC  113 TId: 0 ( I-SLICE, QP 26 )   20378568 bits [Y 99.9900 dB    U 99.9900 dB    V 99.9900 dB] [ET 41.95 ] [L0 ] [L1 ]
*** TRAIL_R numBytesInNALunit: 2547931
POC  114 TId: 0 ( I-SLICE, QP 26 )   20383448 bits [Y 99.9900 dB    U 99.9900 dB    V 99.9900 dB] [ET 50.53 ] [L0 ] [L1 ]
*** TRAIL_R numBytesInNALunit: 2550348
POC  115 TId: 0 ( I-SLICE, QP 26 )   20402784 bits [Y 99.9900 dB    U 99.9900 dB    V 99.9900 dB] [ET 51.14 ] [L0 ] [L1 ]
*** TRAIL_R numBytesInNALunit: 2550951
POC  116 TId: 0 ( I-SLICE, QP 26 )   20407608 bits [Y 99.9900 dB    U 99.9900 dB    V 99.9900 dB] [ET 49.72 ] [L0 ] [L1 ]
*** TRAIL_R numBytesInNALunit: 2550970
POC  117 TId: 0 ( I-SLICE, QP 26 )   20407760 bits [Y 99.9900 dB    U 99.9900 dB    V 99.9900 dB] [ET 49.78 ] [L0 ] [L1 ]
*** TRAIL_R numBytesInNALunit: 2552134
POC  118 TId: 0 ( I-SLICE, QP 26 )   20417072 bits [Y 99.9900 dB    U 99.9900 dB    V 99.9900 dB] [ET 49.91 ] [L0 ] [L1 ]
*** TRAIL_R numBytesInNALunit: 2552001
POC  119 TId: 0 ( I-SLICE, QP 26 )   20416008 bits [Y 99.9900 dB    U 99.9900 dB    V 99.9900 dB] [ET 49.12 ] [L0 ] [L1 ]
*** TRAIL_R numBytesInNALunit: 2552849
POC  120 TId: 0 ( I-SLICE, QP 26 )   20422792 bits [Y 99.9900 dB    U 99.9900 dB    V 99.9900 dB] [ET 48.12 ] [L0 ] [L1 ]
*** TRAIL_R numBytesInNALunit: 2553706
POC  121 TId: 0 ( I-SLICE, QP 26 )   20429648 bits [Y 99.9900 dB    U 99.9900 dB    V 99.9900 dB] [ET 48.05 ] [L0 ] [L1 ]
*** TRAIL_R numBytesInNALunit: 2554996
POC  122 TId: 0 ( I-SLICE, QP 26 )   20439968 bits [Y 99.9900 dB    U 99.9900 dB    V 99.9900 dB] [ET 47.89 ] [L0 ] [L1 ]
*** TRAIL_R numBytesInNALunit: 2556459
POC  123 TId: 0 ( I-SLICE, QP 26 )   20451672 bits [Y 99.9900 dB    U 99.9900 dB    V 99.9900 dB] [ET 48.20 ] [L0 ] [L1 ]
*** TRAIL_R numBytesInNALunit: 2556010
POC  124 TId: 0 ( I-SLICE, QP 26 )   20448080 bits [Y 99.9900 dB    U 99.9900 dB    V 99.9900 dB] [ET 47.92 ] [L0 ] [L1 ]
*** TRAIL_R numBytesInNALunit: 2555118
POC  125 TId: 0 ( I-SLICE, QP 26 )   20440944 bits [Y 99.9900 dB    U 99.9900 dB    V 99.9900 dB] [ET 48.34 ] [L0 ] [L1 ]
*** TRAIL_R numBytesInNALunit: 2554422
POC  126 TId: 0 ( I-SLICE, QP 26 )   20435376 bits [Y 99.9900 dB    U 99.9900 dB    V 99.9900 dB] [ET 48.31 ] [L0 ] [L1 ]
*** TRAIL_R numBytesInNALunit: 2553758
POC  127 TId: 0 ( I-SLICE, QP 26 )   20430064 bits [Y 99.9900 dB    U 99.9900 dB    V 99.9900 dB] [ET 49.05 ] [L0 ] [L1 ]
*** TRAIL_R numBytesInNALunit: 2554855
POC  128 TId: 0 ( I-SLICE, QP 26 )   20438840 bits [Y 99.9900 dB    U 99.9900 dB    V 99.9900 dB] [ET 47.95 ] [L0 ] [L1 ]
*** TRAIL_R numBytesInNALunit: 2553784
POC  129 TId: 0 ( I-SLICE, QP 26 )   20430272 bits [Y 99.9900 dB    U 99.9900 dB    V 99.9900 dB] [ET 48.52 ] [L0 ] [L1 ]
*** TRAIL_R numBytesInNALunit: 2554878
POC  130 TId: 0 ( I-SLICE, QP 26 )   20439024 bits [Y 99.9900 dB    U 99.9900 dB    V 99.9900 dB] [ET 49.12 ] [L0 ] [L1 ]
*** TRAIL_R numBytesInNALunit: 2554353
POC  131 TId: 0 ( I-SLICE, QP 26 )   20434824 bits [Y 99.9900 dB    U 99.9900 dB    V 99.9900 dB] [ET 48.39 ] [L0 ] [L1 ]
*** TRAIL_R numBytesInNALunit: 2554029
POC  132 TId: 0 ( I-SLICE, QP 26 )   20432232 bits [Y 99.9900 dB    U 99.9900 dB    V 99.9900 dB] [ET 48.25 ] [L0 ] [L1 ]
*** TRAIL_R numBytesInNALunit: 2554708
POC  133 TId: 0 ( I-SLICE, QP 26 )   20437664 bits [Y 99.9900 dB    U 99.9900 dB    V 99.9900 dB] [ET 47.86 ] [L0 ] [L1 ]
*** TRAIL_R numBytesInNALunit: 2553468
POC  134 TId: 0 ( I-SLICE, QP 26 )   20427744 bits [Y 99.9900 dB    U 99.9900 dB    V 99.9900 dB] [ET 47.39 ] [L0 ] [L1 ]
*** TRAIL_R numBytesInNALunit: 2552913
POC  135 TId: 0 ( I-SLICE, QP 26 )   20423304 bits [Y 99.9900 dB    U 99.9900 dB    V 99.9900 dB] [ET 47.28 ] [L0 ] [L1 ]
*** TRAIL_R numBytesInNALunit: 2553174
POC  136 TId: 0 ( I-SLICE, QP 26 )   20425392 bits [Y 99.9900 dB    U 99.9900 dB    V 99.9900 dB] [ET 46.84 ] [L0 ] [L1 ]
*** TRAIL_R numBytesInNALunit: 2552128
POC  137 TId: 0 ( I-SLICE, QP 26 )   20417024 bits [Y 99.9900 dB    U 99.9900 dB    V 99.9900 dB] [ET 46.59 ] [L0 ] [L1 ]
*** TRAIL_R numBytesInNALunit: 2551758
POC  138 TId: 0 ( I-SLICE, QP 26 )   20414064 bits [Y 99.9900 dB    U 99.9900 dB    V 99.9900 dB] [ET 47.12 ] [L0 ] [L1 ]
*** TRAIL_R numBytesInNALunit: 2552680
POC  139 TId: 0 ( I-SLICE, QP 26 )   20421440 bits [Y 99.9900 dB    U 99.9900 dB    V 99.9900 dB] [ET 46.91 ] [L0 ] [L1 ]
*** TRAIL_R numBytesInNALunit: 2552386
POC  140 TId: 0 ( I-SLICE, QP 26 )   20419088 bits [Y 99.9900 dB    U 99.9900 dB    V 99.9900 dB] [ET 48.19 ] [L0 ] [L1 ]
*** TRAIL_R numBytesInNALunit: 2550748
POC  141 TId: 0 ( I-SLICE, QP 26 )   20405984 bits [Y 99.9900 dB    U 99.9900 dB    V 99.9900 dB] [ET 48.05 ] [L0 ] [L1 ]
*** TRAIL_R numBytesInNALunit: 2550767
POC  142 TId: 0 ( I-SLICE, QP 26 )   20406136 bits [Y 99.9900 dB    U 99.9900 dB    V 99.9900 dB] [ET 48.12 ] [L0 ] [L1 ]
*** TRAIL_R numBytesInNALunit: 2551801
POC  143 TId: 0 ( I-SLICE, QP 26 )   20414408 bits [Y 99.9900 dB    U 99.9900 dB    V 99.9900 dB] [ET 47.17 ] [L0 ] [L1 ]
*** TRAIL_R numBytesInNALunit: 2549941
POC  144 TId: 0 ( I-SLICE, QP 26 )   20399528 bits [Y 99.9900 dB    U 99.9900 dB    V 99.9900 dB] [ET 47.64 ] [L0 ] [L1 ]
*** TRAIL_R numBytesInNALunit: 2551212
POC  145 TId: 0 ( I-SLICE, QP 26 )   20409696 bits [Y 99.9900 dB    U 99.9900 dB    V 99.9900 dB] [ET 47.58 ] [L0 ] [L1 ]
*** TRAIL_R numBytesInNALunit: 2551417
POC  146 TId: 0 ( I-SLICE, QP 26 )   20411336 bits [Y 99.9900 dB    U 99.9900 dB    V 99.9900 dB] [ET 46.98 ] [L0 ] [L1 ]
*** TRAIL_R numBytesInNALunit: 2551639
POC  147 TId: 0 ( I-SLICE, QP 26 )   20413112 bits [Y 99.9900 dB    U 99.9900 dB    V 99.9900 dB] [ET 47.33 ] [L0 ] [L1 ]
*** TRAIL_R numBytesInNALunit: 2552479
POC  148 TId: 0 ( I-SLICE, QP 26 )   20419832 bits [Y 99.9900 dB    U 99.9900 dB    V 99.9900 dB] [ET 47.55 ] [L0 ] [L1 ]
*** TRAIL_R numBytesInNALunit: 2550785
POC  149 TId: 0 ( I-SLICE, QP 26 )   20406280 bits [Y 99.9900 dB    U 99.9900 dB    V 99.9900 dB] [ET 46.73 ] [L0 ] [L1 ]


I Slices--------------------------------------------------------
	Total Frames |  Bitrate    Y-PSNR    U-PSNR    V-PSNR 
	      150    i 611174.7680   99.9900   99.9900   99.9900
Bytes written to file: 381984841 (611175.746 kbps)
Bytes for SPS/PPS/Slice (Incl. Annex B): 381984841 (611175.746 kbps)

 Total Time:     6488.781 sec.
