
HM software: Encoder Version [15.0][Linux][GCC 4.8.5][64 bit] 

Input          File          : ../../HEVC_test_sequence/ClassD/BasketballPass_416x240_50.yuv
Bitstream      File          : BasketballPass.bin
Reconstruction File          : BasketballPass.yuv
Real     Format              : 416x240 50Hz
Internal Format              : 416x240 50Hz
Frame/Field                  : Frame based coding
Frame index                  : 0 - 499 (500 frames)
CU size / depth              : 64 / 4
RQT trans. size (min / max)  : 4 / 32
Max RQT depth inter          : 3
Max RQT depth intra          : 3
Min PCM size                 : 8
Motion search range          : 64
Intra period                 : 1
Decoding refresh type        : 0
QP                           : 26.00
Max dQP signaling depth      : 0
Cb QP Offset                 : 0
Cr QP Offset                 : 0
QP adaptation                : 0 (range=0)
GOP size                     : 1
Internal bit depth           : (Y:8, C:8)
PCM sample bit depth         : (Y:8, C:8)
RateControl                  : 0
Max Num Merge Candidates     : 5

TOOL CFG: IBD:0 HAD:0 RDQ:0 RDQTS:0 RDpenalty:0 SQP:0 ASR:0 FEN:0 ECU:0 FDM:0 CFM:0 ESD:0 RQT:1 TransformSkip:0 TransformSkipFast:0 Slice: M=0 SliceSegment: M=0 CIP:0 SAO:0 PCM:0 TransQuantBypassEnabled: =1 WPP:0 WPB:0 PME:2  WaveFrontSynchro:0 WaveFrontSubstreams:1 ScalingList:0 TMVPMode:1 AQpS:0 SignBitHidingFlag:1 RecalQP:0

POC    0 TId: 0 ( I-SLICE, nQP 26 QP 26 )     511144 bits [Y 99.9900 dB    U 99.9900 dB    V 99.9900 dB] [ET     1 ] [L0 ] [L1 ]
POC    1 TId: 0 ( I-SLICE, nQP 26 QP 26 )     511920 bits [Y 99.9900 dB    U 99.9900 dB    V 99.9900 dB] [ET     1 ] [L0 ] [L1 ]
POC    2 TId: 0 ( I-SLICE, nQP 26 QP 26 )     511496 bits [Y 99.9900 dB    U 99.9900 dB    V 99.9900 dB] [ET     1 ] [L0 ] [L1 ]
POC    3 TId: 0 ( I-SLICE, nQP 26 QP 26 )     510888 bits [Y 99.9900 dB    U 99.9900 dB    V 99.9900 dB] [ET     1 ] [L0 ] [L1 ]
POC    4 TId: 0 ( I-SLICE, nQP 26 QP 26 )     509536 bits [Y 99.9900 dB    U 99.9900 dB    V 99.9900 dB] [ET     1 ] [L0 ] [L1 ]
POC    5 TId: 0 ( I-SLICE, nQP 26 QP 26 )     509152 bits [Y 99.9900 dB    U 99.9900 dB    V 99.9900 dB] [ET     1 ] [L0 ] [L1 ]
POC    6 TId: 0 ( I-SLICE, nQP 26 QP 26 )     507360 bits [Y 99.9900 dB    U 99.9900 dB    V 99.9900 dB] [ET     1 ] [L0 ] [L1 ]
POC    7 TId: 0 ( I-SLICE, nQP 26 QP 26 )     506584 bits [Y 99.9900 dB    U 99.9900 dB    V 99.9900 dB] [ET     1 ] [L0 ] [L1 ]
POC    8 TId: 0 ( I-SLICE, nQP 26 QP 26 )     504664 bits [Y 99.9900 dB    U 99.9900 dB    V 99.9900 dB] [ET     1 ] [L0 ] [L1 ]
POC    9 TId: 0 ( I-SLICE, nQP 26 QP 26 )     502448 bits [Y 99.9900 dB    U 99.9900 dB    V 99.9900 dB] [ET     1 ] [L0 ] [L1 ]
POC   10 TId: 0 ( I-SLICE, nQP 26 QP 26 )     501152 bits [Y 99.9900 dB    U 99.9900 dB    V 99.9900 dB] [ET     1 ] [L0 ] [L1 ]
POC   11 TId: 0 ( I-SLICE, nQP 26 QP 26 )     501640 bits [Y 99.9900 dB    U 99.9900 dB    V 99.9900 dB] [ET     1 ] [L0 ] [L1 ]
POC   12 TId: 0 ( I-SLICE, nQP 26 QP 26 )     502584 bits [Y 99.9900 dB    U 99.9900 dB    V 99.9900 dB] [ET     1 ] [L0 ] [L1 ]
POC   13 TId: 0 ( I-SLICE, nQP 26 QP 26 )     503312 bits [Y 99.9900 dB    U 99.9900 dB    V 99.9900 dB] [ET     1 ] [L0 ] [L1 ]
POC   14 TId: 0 ( I-SLICE, nQP 26 QP 26 )     503936 bits [Y 99.9900 dB    U 99.9900 dB    V 99.9900 dB] [ET     1 ] [L0 ] [L1 ]
POC   15 TId: 0 ( I-SLICE, nQP 26 QP 26 )     501808 bits [Y 99.9900 dB    U 99.9900 dB    V 99.9900 dB] [ET     1 ] [L0 ] [L1 ]
POC   16 TId: 0 ( I-SLICE, nQP 26 QP 26 )     503512 bits [Y 99.9900 dB    U 99.9900 dB    V 99.9900 dB] [ET     1 ] [L0 ] [L1 ]
POC   17 TId: 0 ( I-SLICE, nQP 26 QP 26 )     503672 bits [Y 99.9900 dB    U 99.9900 dB    V 99.9900 dB] [ET     1 ] [L0 ] [L1 ]
POC   18 TId: 0 ( I-SLICE, nQP 26 QP 26 )     503376 bits [Y 99.9900 dB    U 99.9900 dB    V 99.9900 dB] [ET     1 ] [L0 ] [L1 ]
POC   19 TId: 0 ( I-SLICE, nQP 26 QP 26 )     503456 bits [Y 99.9900 dB    U 99.9900 dB    V 99.9900 dB] [ET     1 ] [L0 ] [L1 ]
POC   20 TId: 0 ( I-SLICE, nQP 26 QP 26 )     503416 bits [Y 99.9900 dB    U 99.9900 dB    V 99.9900 dB] [ET     1 ] [L0 ] [L1 ]
POC   21 TId: 0 ( I-SLICE, nQP 26 QP 26 )     503456 bits [Y 99.9900 dB    U 99.9900 dB    V 99.9900 dB] [ET     1 ] [L0 ] [L1 ]
POC   22 TId: 0 ( I-SLICE, nQP 26 QP 26 )     502856 bits [Y 99.9900 dB    U 99.9900 dB    V 99.9900 dB] [ET     1 ] [L0 ] [L1 ]
POC   23 TId: 0 ( I-SLICE, nQP 26 QP 26 )     504504 bits [Y 99.9900 dB    U 99.9900 dB    V 99.9900 dB] [ET     1 ] [L0 ] [L1 ]
POC   24 TId: 0 ( I-SLICE, nQP 26 QP 26 )     502712 bits [Y 99.9900 dB    U 99.9900 dB    V 99.9900 dB] [ET     1 ] [L0 ] [L1 ]
POC   25 TId: 0 ( I-SLICE, nQP 26 QP 26 )     502944 bits [Y 99.9900 dB    U 99.9900 dB    V 99.9900 dB] [ET     1 ] [L0 ] [L1 ]
POC   26 TId: 0 ( I-SLICE, nQP 26 QP 26 )     501920 bits [Y 99.9900 dB    U 99.9900 dB    V 99.9900 dB] [ET     1 ] [L0 ] [L1 ]
POC   27 TId: 0 ( I-SLICE, nQP 26 QP 26 )     503600 bits [Y 99.9900 dB    U 99.9900 dB    V 99.9900 dB] [ET     1 ] [L0 ] [L1 ]
POC   28 TId: 0 ( I-SLICE, nQP 26 QP 26 )     501608 bits [Y 99.9900 dB    U 99.9900 dB    V 99.9900 dB] [ET     1 ] [L0 ] [L1 ]
POC   29 TId: 0 ( I-SLICE, nQP 26 QP 26 )     502112 bits [Y 99.9900 dB    U 99.9900 dB    V 99.9900 dB] [ET     1 ] [L0 ] [L1 ]
POC   30 TId: 0 ( I-SLICE, nQP 26 QP 26 )     502496 bits [Y 99.9900 dB    U 99.9900 dB    V 99.9900 dB] [ET     1 ] [L0 ] [L1 ]
POC   31 TId: 0 ( I-SLICE, nQP 26 QP 26 )     501344 bits [Y 99.9900 dB    U 99.9900 dB    V 99.9900 dB] [ET     1 ] [L0 ] [L1 ]
POC   32 TId: 0 ( I-SLICE, nQP 26 QP 26 )     500424 bits [Y 99.9900 dB    U 99.9900 dB    V 99.9900 dB] [ET     1 ] [L0 ] [L1 ]
POC   33 TId: 0 ( I-SLICE, nQP 26 QP 26 )     500424 bits [Y 99.9900 dB    U 99.9900 dB    V 99.9900 dB] [ET     1 ] [L0 ] [L1 ]
POC   34 TId: 0 ( I-SLICE, nQP 26 QP 26 )     499880 bits [Y 99.9900 dB    U 99.9900 dB    V 99.9900 dB] [ET     1 ] [L0 ] [L1 ]
POC   35 TId: 0 ( I-SLICE, nQP 26 QP 26 )     498384 bits [Y 99.9900 dB    U 99.9900 dB    V 99.9900 dB] [ET     1 ] [L0 ] [L1 ]
POC   36 TId: 0 ( I-SLICE, nQP 26 QP 26 )     498256 bits [Y 99.9900 dB    U 99.9900 dB    V 99.9900 dB] [ET     1 ] [L0 ] [L1 ]
POC   37 TId: 0 ( I-SLICE, nQP 26 QP 26 )     501264 bits [Y 99.9900 dB    U 99.9900 dB    V 99.9900 dB] [ET     1 ] [L0 ] [L1 ]
POC   38 TId: 0 ( I-SLICE, nQP 26 QP 26 )     500976 bits [Y 99.9900 dB    U 99.9900 dB    V 99.9900 dB] [ET     1 ] [L0 ] [L1 ]
POC   39 TId: 0 ( I-SLICE, nQP 26 QP 26 )     500464 bits [Y 99.9900 dB    U 99.9900 dB    V 99.9900 dB] [ET     1 ] [L0 ] [L1 ]
POC   40 TId: 0 ( I-SLICE, nQP 26 QP 26 )     499248 bits [Y 99.9900 dB    U 99.9900 dB    V 99.9900 dB] [ET     1 ] [L0 ] [L1 ]
POC   41 TId: 0 ( I-SLICE, nQP 26 QP 26 )     499656 bits [Y 99.9900 dB    U 99.9900 dB    V 99.9900 dB] [ET     1 ] [L0 ] [L1 ]
POC   42 TId: 0 ( I-SLICE, nQP 26 QP 26 )     497984 bits [Y 99.9900 dB    U 99.9900 dB    V 99.9900 dB] [ET     1 ] [L0 ] [L1 ]
POC   43 TId: 0 ( I-SLICE, nQP 26 QP 26 )     497352 bits [Y 99.9900 dB    U 99.9900 dB    V 99.9900 dB] [ET     1 ] [L0 ] [L1 ]
POC   44 TId: 0 ( I-SLICE, nQP 26 QP 26 )     498256 bits [Y 99.9900 dB    U 99.9900 dB    V 99.9900 dB] [ET     1 ] [L0 ] [L1 ]
POC   45 TId: 0 ( I-SLICE, nQP 26 QP 26 )     497272 bits [Y 99.9900 dB    U 99.9900 dB    V 99.9900 dB] [ET     1 ] [L0 ] [L1 ]
POC   46 TId: 0 ( I-SLICE, nQP 26 QP 26 )     496768 bits [Y 99.9900 dB    U 99.9900 dB    V 99.9900 dB] [ET     1 ] [L0 ] [L1 ]
POC   47 TId: 0 ( I-SLICE, nQP 26 QP 26 )     494064 bits [Y 99.9900 dB    U 99.9900 dB    V 99.9900 dB] [ET     1 ] [L0 ] [L1 ]
POC   48 TId: 0 ( I-SLICE, nQP 26 QP 26 )     488424 bits [Y 99.9900 dB    U 99.9900 dB    V 99.9900 dB] [ET     1 ] [L0 ] [L1 ]
POC   49 TId: 0 ( I-SLICE, nQP 26 QP 26 )     480928 bits [Y 99.9900 dB    U 99.9900 dB    V 99.9900 dB] [ET     1 ] [L0 ] [L1 ]
POC   50 TId: 0 ( I-SLICE, nQP 26 QP 26 )     474824 bits [Y 99.9900 dB    U 99.9900 dB    V 99.9900 dB] [ET     1 ] [L0 ] [L1 ]
POC   51 TId: 0 ( I-SLICE, nQP 26 QP 26 )     468544 bits [Y 99.9900 dB    U 99.9900 dB    V 99.9900 dB] [ET     1 ] [L0 ] [L1 ]
POC   52 TId: 0 ( I-SLICE, nQP 26 QP 26 )     460288 bits [Y 99.9900 dB    U 99.9900 dB    V 99.9900 dB] [ET     1 ] [L0 ] [L1 ]
POC   53 TId: 0 ( I-SLICE, nQP 26 QP 26 )     450408 bits [Y 99.9900 dB    U 99.9900 dB    V 99.9900 dB] [ET     1 ] [L0 ] [L1 ]
POC   54 TId: 0 ( I-SLICE, nQP 26 QP 26 )     443584 bits [Y 99.9900 dB    U 99.9900 dB    V 99.9900 dB] [ET     1 ] [L0 ] [L1 ]
POC   55 TId: 0 ( I-SLICE, nQP 26 QP 26 )     438056 bits [Y 99.9900 dB    U 99.9900 dB    V 99.9900 dB] [ET     1 ] [L0 ] [L1 ]
POC   56 TId: 0 ( I-SLICE, nQP 26 QP 26 )     432208 bits [Y 99.9900 dB    U 99.9900 dB    V 99.9900 dB] [ET     1 ] [L0 ] [L1 ]
POC   57 TId: 0 ( I-SLICE, nQP 26 QP 26 )     424072 bits [Y 99.9900 dB    U 99.9900 dB    V 99.9900 dB] [ET     1 ] [L0 ] [L1 ]
POC   58 TId: 0 ( I-SLICE, nQP 26 QP 26 )     416320 bits [Y 99.9900 dB    U 99.9900 dB    V 99.9900 dB] [ET     1 ] [L0 ] [L1 ]
POC   59 TId: 0 ( I-SLICE, nQP 26 QP 26 )     409096 bits [Y 99.9900 dB    U 99.9900 dB    V 99.9900 dB] [ET     1 ] [L0 ] [L1 ]
POC   60 TId: 0 ( I-SLICE, nQP 26 QP 26 )     405368 bits [Y 99.9900 dB    U 99.9900 dB    V 99.9900 dB] [ET     1 ] [L0 ] [L1 ]
POC   61 TId: 0 ( I-SLICE, nQP 26 QP 26 )     400872 bits [Y 99.9900 dB    U 99.9900 dB    V 99.9900 dB] [ET     1 ] [L0 ] [L1 ]
POC   62 TId: 0 ( I-SLICE, nQP 26 QP 26 )     398672 bits [Y 99.9900 dB    U 99.9900 dB    V 99.9900 dB] [ET     1 ] [L0 ] [L1 ]
POC   63 TId: 0 ( I-SLICE, nQP 26 QP 26 )     397544 bits [Y 99.9900 dB    U 99.9900 dB    V 99.9900 dB] [ET     1 ] [L0 ] [L1 ]
POC   64 TId: 0 ( I-SLICE, nQP 26 QP 26 )     397920 bits [Y 99.9900 dB    U 99.9900 dB    V 99.9900 dB] [ET     1 ] [L0 ] [L1 ]
POC   65 TId: 0 ( I-SLICE, nQP 26 QP 26 )     401376 bits [Y 99.9900 dB    U 99.9900 dB    V 99.9900 dB] [ET     1 ] [L0 ] [L1 ]
POC   66 TId: 0 ( I-SLICE, nQP 26 QP 26 )     406096 bits [Y 99.9900 dB    U 99.9900 dB    V 99.9900 dB] [ET     1 ] [L0 ] [L1 ]
POC   67 TId: 0 ( I-SLICE, nQP 26 QP 26 )     409648 bits [Y 99.9900 dB    U 99.9900 dB    V 99.9900 dB] [ET     1 ] [L0 ] [L1 ]
POC   68 TId: 0 ( I-SLICE, nQP 26 QP 26 )     410544 bits [Y 99.9900 dB    U 99.9900 dB    V 99.9900 dB] [ET     1 ] [L0 ] [L1 ]
POC   69 TId: 0 ( I-SLICE, nQP 26 QP 26 )     412072 bits [Y 99.9900 dB    U 99.9900 dB    V 99.9900 dB] [ET     1 ] [L0 ] [L1 ]
POC   70 TId: 0 ( I-SLICE, nQP 26 QP 26 )     415960 bits [Y 99.9900 dB    U 99.9900 dB    V 99.9900 dB] [ET     1 ] [L0 ] [L1 ]
POC   71 TId: 0 ( I-SLICE, nQP 26 QP 26 )     419840 bits [Y 99.9900 dB    U 99.9900 dB    V 99.9900 dB] [ET     1 ] [L0 ] [L1 ]
POC   72 TId: 0 ( I-SLICE, nQP 26 QP 26 )     429016 bits [Y 99.9900 dB    U 99.9900 dB    V 99.9900 dB] [ET     1 ] [L0 ] [L1 ]
POC   73 TId: 0 ( I-SLICE, nQP 26 QP 26 )     438144 bits [Y 99.9900 dB    U 99.9900 dB    V 99.9900 dB] [ET     1 ] [L0 ] [L1 ]
POC   74 TId: 0 ( I-SLICE, nQP 26 QP 26 )     449696 bits [Y 99.9900 dB    U 99.9900 dB    V 99.9900 dB] [ET     1 ] [L0 ] [L1 ]
POC   75 TId: 0 ( I-SLICE, nQP 26 QP 26 )     460912 bits [Y 99.9900 dB    U 99.9900 dB    V 99.9900 dB] [ET     1 ] [L0 ] [L1 ]
POC   76 TId: 0 ( I-SLICE, nQP 26 QP 26 )     472528 bits [Y 99.9900 dB    U 99.9900 dB    V 99.9900 dB] [ET     1 ] [L0 ] [L1 ]
POC   77 TId: 0 ( I-SLICE, nQP 26 QP 26 )     486160 bits [Y 99.9900 dB    U 99.9900 dB    V 99.9900 dB] [ET     1 ] [L0 ] [L1 ]
POC   78 TId: 0 ( I-SLICE, nQP 26 QP 26 )     497480 bits [Y 99.9900 dB    U 99.9900 dB    V 99.9900 dB] [ET     1 ] [L0 ] [L1 ]
POC   79 TId: 0 ( I-SLICE, nQP 26 QP 26 )     506312 bits [Y 99.9900 dB    U 99.9900 dB    V 99.9900 dB] [ET     1 ] [L0 ] [L1 ]
POC   80 TId: 0 ( I-SLICE, nQP 26 QP 26 )     512248 bits [Y 99.9900 dB    U 99.9900 dB    V 99.9900 dB] [ET     1 ] [L0 ] [L1 ]
POC   81 TId: 0 ( I-SLICE, nQP 26 QP 26 )     515384 bits [Y 99.9900 dB    U 99.9900 dB    V 99.9900 dB] [ET     1 ] [L0 ] [L1 ]
POC   82 TId: 0 ( I-SLICE, nQP 26 QP 26 )     517984 bits [Y 99.9900 dB    U 99.9900 dB    V 99.9900 dB] [ET     1 ] [L0 ] [L1 ]
POC   83 TId: 0 ( I-SLICE, nQP 26 QP 26 )     519520 bits [Y 99.9900 dB    U 99.9900 dB    V 99.9900 dB] [ET     1 ] [L0 ] [L1 ]
POC   84 TId: 0 ( I-SLICE, nQP 26 QP 26 )     519176 bits [Y 99.9900 dB    U 99.9900 dB    V 99.9900 dB] [ET     1 ] [L0 ] [L1 ]
POC   85 TId: 0 ( I-SLICE, nQP 26 QP 26 )     517896 bits [Y 99.9900 dB    U 99.9900 dB    V 99.9900 dB] [ET     1 ] [L0 ] [L1 ]
POC   86 TId: 0 ( I-SLICE, nQP 26 QP 26 )     519656 bits [Y 99.9900 dB    U 99.9900 dB    V 99.9900 dB] [ET     1 ] [L0 ] [L1 ]
POC   87 TId: 0 ( I-SLICE, nQP 26 QP 26 )     518784 bits [Y 99.9900 dB    U 99.9900 dB    V 99.9900 dB] [ET     1 ] [L0 ] [L1 ]
POC   88 TId: 0 ( I-SLICE, nQP 26 QP 26 )     517272 bits [Y 99.9900 dB    U 99.9900 dB    V 99.9900 dB] [ET     1 ] [L0 ] [L1 ]
POC   89 TId: 0 ( I-SLICE, nQP 26 QP 26 )     516040 bits [Y 99.9900 dB    U 99.9900 dB    V 99.9900 dB] [ET     1 ] [L0 ] [L1 ]
POC   90 TId: 0 ( I-SLICE, nQP 26 QP 26 )     512312 bits [Y 99.9900 dB    U 99.9900 dB    V 99.9900 dB] [ET     1 ] [L0 ] [L1 ]
POC   91 TId: 0 ( I-SLICE, nQP 26 QP 26 )     510392 bits [Y 99.9900 dB    U 99.9900 dB    V 99.9900 dB] [ET     1 ] [L0 ] [L1 ]
POC   92 TId: 0 ( I-SLICE, nQP 26 QP 26 )     510272 bits [Y 99.9900 dB    U 99.9900 dB    V 99.9900 dB] [ET     1 ] [L0 ] [L1 ]
POC   93 TId: 0 ( I-SLICE, nQP 26 QP 26 )     508808 bits [Y 99.9900 dB    U 99.9900 dB    V 99.9900 dB] [ET     1 ] [L0 ] [L1 ]
POC   94 TId: 0 ( I-SLICE, nQP 26 QP 26 )     509208 bits [Y 99.9900 dB    U 99.9900 dB    V 99.9900 dB] [ET     1 ] [L0 ] [L1 ]
POC   95 TId: 0 ( I-SLICE, nQP 26 QP 26 )     507224 bits [Y 99.9900 dB    U 99.9900 dB    V 99.9900 dB] [ET     1 ] [L0 ] [L1 ]
POC   96 TId: 0 ( I-SLICE, nQP 26 QP 26 )     507368 bits [Y 99.9900 dB    U 99.9900 dB    V 99.9900 dB] [ET     1 ] [L0 ] [L1 ]
POC   97 TId: 0 ( I-SLICE, nQP 26 QP 26 )     506544 bits [Y 99.9900 dB    U 99.9900 dB    V 99.9900 dB] [ET     1 ] [L0 ] [L1 ]
POC   98 TId: 0 ( I-SLICE, nQP 26 QP 26 )     501568 bits [Y 99.9900 dB    U 99.9900 dB    V 99.9900 dB] [ET     1 ] [L0 ] [L1 ]
POC   99 TId: 0 ( I-SLICE, nQP 26 QP 26 )     494400 bits [Y 99.9900 dB    U 99.9900 dB    V 99.9900 dB] [ET     1 ] [L0 ] [L1 ]
POC  100 TId: 0 ( I-SLICE, nQP 26 QP 26 )     488680 bits [Y 99.9900 dB    U 99.9900 dB    V 99.9900 dB] [ET     1 ] [L0 ] [L1 ]
POC  101 TId: 0 ( I-SLICE, nQP 26 QP 26 )     481360 bits [Y 99.9900 dB    U 99.9900 dB    V 99.9900 dB] [ET     1 ] [L0 ] [L1 ]
POC  102 TId: 0 ( I-SLICE, nQP 26 QP 26 )     474984 bits [Y 99.9900 dB    U 99.9900 dB    V 99.9900 dB] [ET     1 ] [L0 ] [L1 ]
POC  103 TId: 0 ( I-SLICE, nQP 26 QP 26 )     473640 bits [Y 99.9900 dB    U 99.9900 dB    V 99.9900 dB] [ET     1 ] [L0 ] [L1 ]
POC  104 TId: 0 ( I-SLICE, nQP 26 QP 26 )     474816 bits [Y 99.9900 dB    U 99.9900 dB    V 99.9900 dB] [ET     1 ] [L0 ] [L1 ]
POC  105 TId: 0 ( I-SLICE, nQP 26 QP 26 )     474016 bits [Y 99.9900 dB    U 99.9900 dB    V 99.9900 dB] [ET     1 ] [L0 ] [L1 ]
POC  106 TId: 0 ( I-SLICE, nQP 26 QP 26 )     476544 bits [Y 99.9900 dB    U 99.9900 dB    V 99.9900 dB] [ET     1 ] [L0 ] [L1 ]
POC  107 TId: 0 ( I-SLICE, nQP 26 QP 26 )     479968 bits [Y 99.9900 dB    U 99.9900 dB    V 99.9900 dB] [ET     1 ] [L0 ] [L1 ]
POC  108 TId: 0 ( I-SLICE, nQP 26 QP 26 )     484840 bits [Y 99.9900 dB    U 99.9900 dB    V 99.9900 dB] [ET     1 ] [L0 ] [L1 ]
POC  109 TId: 0 ( I-SLICE, nQP 26 QP 26 )     489984 bits [Y 99.9900 dB    U 99.9900 dB    V 99.9900 dB] [ET     1 ] [L0 ] [L1 ]
POC  110 TId: 0 ( I-SLICE, nQP 26 QP 26 )     496904 bits [Y 99.9900 dB    U 99.9900 dB    V 99.9900 dB] [ET     1 ] [L0 ] [L1 ]
POC  111 TId: 0 ( I-SLICE, nQP 26 QP 26 )     500928 bits [Y 99.9900 dB    U 99.9900 dB    V 99.9900 dB] [ET     1 ] [L0 ] [L1 ]
POC  112 TId: 0 ( I-SLICE, nQP 26 QP 26 )     505320 bits [Y 99.9900 dB    U 99.9900 dB    V 99.9900 dB] [ET     1 ] [L0 ] [L1 ]
POC  113 TId: 0 ( I-SLICE, nQP 26 QP 26 )     506952 bits [Y 99.9900 dB    U 99.9900 dB    V 99.9900 dB] [ET     1 ] [L0 ] [L1 ]
POC  114 TId: 0 ( I-SLICE, nQP 26 QP 26 )     508632 bits [Y 99.9900 dB    U 99.9900 dB    V 99.9900 dB] [ET     1 ] [L0 ] [L1 ]
POC  115 TId: 0 ( I-SLICE, nQP 26 QP 26 )     511848 bits [Y 99.9900 dB    U 99.9900 dB    V 99.9900 dB] [ET     1 ] [L0 ] [L1 ]
POC  116 TId: 0 ( I-SLICE, nQP 26 QP 26 )     513376 bits [Y 99.9900 dB    U 99.9900 dB    V 99.9900 dB] [ET     1 ] [L0 ] [L1 ]
POC  117 TId: 0 ( I-SLICE, nQP 26 QP 26 )     512896 bits [Y 99.9900 dB    U 99.9900 dB    V 99.9900 dB] [ET     1 ] [L0 ] [L1 ]
POC  118 TId: 0 ( I-SLICE, nQP 26 QP 26 )     516384 bits [Y 99.9900 dB    U 99.9900 dB    V 99.9900 dB] [ET     1 ] [L0 ] [L1 ]
POC  119 TId: 0 ( I-SLICE, nQP 26 QP 26 )     516768 bits [Y 99.9900 dB    U 99.9900 dB    V 99.9900 dB] [ET     1 ] [L0 ] [L1 ]
POC  120 TId: 0 ( I-SLICE, nQP 26 QP 26 )     517480 bits [Y 99.9900 dB    U 99.9900 dB    V 99.9900 dB] [ET     1 ] [L0 ] [L1 ]
POC  121 TId: 0 ( I-SLICE, nQP 26 QP 26 )     513704 bits [Y 99.9900 dB    U 99.9900 dB    V 99.9900 dB] [ET     1 ] [L0 ] [L1 ]
POC  122 TId: 0 ( I-SLICE, nQP 26 QP 26 )     512728 bits [Y 99.9900 dB    U 99.9900 dB    V 99.9900 dB] [ET     1 ] [L0 ] [L1 ]
POC  123 TId: 0 ( I-SLICE, nQP 26 QP 26 )     510936 bits [Y 99.9900 dB    U 99.9900 dB    V 99.9900 dB] [ET     1 ] [L0 ] [L1 ]
POC  124 TId: 0 ( I-SLICE, nQP 26 QP 26 )     510560 bits [Y 99.9900 dB    U 99.9900 dB    V 99.9900 dB] [ET     1 ] [L0 ] [L1 ]
POC  125 TId: 0 ( I-SLICE, nQP 26 QP 26 )     507904 bits [Y 99.9900 dB    U 99.9900 dB    V 99.9900 dB] [ET     1 ] [L0 ] [L1 ]
POC  126 TId: 0 ( I-SLICE, nQP 26 QP 26 )     506136 bits [Y 99.9900 dB    U 99.9900 dB    V 99.9900 dB] [ET     1 ] [L0 ] [L1 ]
POC  127 TId: 0 ( I-SLICE, nQP 26 QP 26 )     504216 bits [Y 99.9900 dB    U 99.9900 dB    V 99.9900 dB] [ET     1 ] [L0 ] [L1 ]
POC  128 TId: 0 ( I-SLICE, nQP 26 QP 26 )     503456 bits [Y 99.9900 dB    U 99.9900 dB    V 99.9900 dB] [ET     1 ] [L0 ] [L1 ]
POC  129 TId: 0 ( I-SLICE, nQP 26 QP 26 )     503120 bits [Y 99.9900 dB    U 99.9900 dB    V 99.9900 dB] [ET     1 ] [L0 ] [L1 ]
POC  130 TId: 0 ( I-SLICE, nQP 26 QP 26 )     502224 bits [Y 99.9900 dB    U 99.9900 dB    V 99.9900 dB] [ET     1 ] [L0 ] [L1 ]
POC  131 TId: 0 ( I-SLICE, nQP 26 QP 26 )     499864 bits [Y 99.9900 dB    U 99.9900 dB    V 99.9900 dB] [ET     1 ] [L0 ] [L1 ]
POC  132 TId: 0 ( I-SLICE, nQP 26 QP 26 )     500216 bits [Y 99.9900 dB    U 99.9900 dB    V 99.9900 dB] [ET     1 ] [L0 ] [L1 ]
POC  133 TId: 0 ( I-SLICE, nQP 26 QP 26 )     503312 bits [Y 99.9900 dB    U 99.9900 dB    V 99.9900 dB] [ET     1 ] [L0 ] [L1 ]
POC  134 TId: 0 ( I-SLICE, nQP 26 QP 26 )     506928 bits [Y 99.9900 dB    U 99.9900 dB    V 99.9900 dB] [ET     1 ] [L0 ] [L1 ]
POC  135 TId: 0 ( I-SLICE, nQP 26 QP 26 )     509872 bits [Y 99.9900 dB    U 99.9900 dB    V 99.9900 dB] [ET     1 ] [L0 ] [L1 ]
POC  136 TId: 0 ( I-SLICE, nQP 26 QP 26 )     511984 bits [Y 99.9900 dB    U 99.9900 dB    V 99.9900 dB] [ET     1 ] [L0 ] [L1 ]
POC  137 TId: 0 ( I-SLICE, nQP 26 QP 26 )     518216 bits [Y 99.9900 dB    U 99.9900 dB    V 99.9900 dB] [ET     1 ] [L0 ] [L1 ]
POC  138 TId: 0 ( I-SLICE, nQP 26 QP 26 )     522568 bits [Y 99.9900 dB    U 99.9900 dB    V 99.9900 dB] [ET     1 ] [L0 ] [L1 ]
POC  139 TId: 0 ( I-SLICE, nQP 26 QP 26 )     526544 bits [Y 99.9900 dB    U 99.9900 dB    V 99.9900 dB] [ET     1 ] [L0 ] [L1 ]
POC  140 TId: 0 ( I-SLICE, nQP 26 QP 26 )     526248 bits [Y 99.9900 dB    U 99.9900 dB    V 99.9900 dB] [ET     1 ] [L0 ] [L1 ]
POC  141 TId: 0 ( I-SLICE, nQP 26 QP 26 )     527744 bits [Y 99.9900 dB    U 99.9900 dB    V 99.9900 dB] [ET     1 ] [L0 ] [L1 ]
POC  142 TId: 0 ( I-SLICE, nQP 26 QP 26 )     528432 bits [Y 99.9900 dB    U 99.9900 dB    V 99.9900 dB] [ET     1 ] [L0 ] [L1 ]
POC  143 TId: 0 ( I-SLICE, nQP 26 QP 26 )     526136 bits [Y 99.9900 dB    U 99.9900 dB    V 99.9900 dB] [ET     1 ] [L0 ] [L1 ]
POC  144 TId: 0 ( I-SLICE, nQP 26 QP 26 )     523320 bits [Y 99.9900 dB    U 99.9900 dB    V 99.9900 dB] [ET     1 ] [L0 ] [L1 ]
POC  145 TId: 0 ( I-SLICE, nQP 26 QP 26 )     518712 bits [Y 99.9900 dB    U 99.9900 dB    V 99.9900 dB] [ET     1 ] [L0 ] [L1 ]
POC  146 TId: 0 ( I-SLICE, nQP 26 QP 26 )     515744 bits [Y 99.9900 dB    U 99.9900 dB    V 99.9900 dB] [ET     1 ] [L0 ] [L1 ]
POC  147 TId: 0 ( I-SLICE, nQP 26 QP 26 )     511368 bits [Y 99.9900 dB    U 99.9900 dB    V 99.9900 dB] [ET     1 ] [L0 ] [L1 ]
POC  148 TId: 0 ( I-SLICE, nQP 26 QP 26 )     505928 bits [Y 99.9900 dB    U 99.9900 dB    V 99.9900 dB] [ET     1 ] [L0 ] [L1 ]
POC  149 TId: 0 ( I-SLICE, nQP 26 QP 26 )     502400 bits [Y 99.9900 dB    U 99.9900 dB    V 99.9900 dB] [ET     1 ] [L0 ] [L1 ]
POC  150 TId: 0 ( I-SLICE, nQP 26 QP 26 )     499808 bits [Y 99.9900 dB    U 99.9900 dB    V 99.9900 dB] [ET     1 ] [L0 ] [L1 ]
POC  151 TId: 0 ( I-SLICE, nQP 26 QP 26 )     494400 bits [Y 99.9900 dB    U 99.9900 dB    V 99.9900 dB] [ET     1 ] [L0 ] [L1 ]
POC  152 TId: 0 ( I-SLICE, nQP 26 QP 26 )     489768 bits [Y 99.9900 dB    U 99.9900 dB    V 99.9900 dB] [ET     1 ] [L0 ] [L1 ]
POC  153 TId: 0 ( I-SLICE, nQP 26 QP 26 )     487632 bits [Y 99.9900 dB    U 99.9900 dB    V 99.9900 dB] [ET     1 ] [L0 ] [L1 ]
POC  154 TId: 0 ( I-SLICE, nQP 26 QP 26 )     486752 bits [Y 99.9900 dB    U 99.9900 dB    V 99.9900 dB] [ET     1 ] [L0 ] [L1 ]
POC  155 TId: 0 ( I-SLICE, nQP 26 QP 26 )     485240 bits [Y 99.9900 dB    U 99.9900 dB    V 99.9900 dB] [ET     1 ] [L0 ] [L1 ]
POC  156 TId: 0 ( I-SLICE, nQP 26 QP 26 )     480960 bits [Y 99.9900 dB    U 99.9900 dB    V 99.9900 dB] [ET     1 ] [L0 ] [L1 ]
POC  157 TId: 0 ( I-SLICE, nQP 26 QP 26 )     479344 bits [Y 99.9900 dB    U 99.9900 dB    V 99.9900 dB] [ET     1 ] [L0 ] [L1 ]
POC  158 TId: 0 ( I-SLICE, nQP 26 QP 26 )     472952 bits [Y 99.9900 dB    U 99.9900 dB    V 99.9900 dB] [ET     1 ] [L0 ] [L1 ]
POC  159 TId: 0 ( I-SLICE, nQP 26 QP 26 )     469520 bits [Y 99.9900 dB    U 99.9900 dB    V 99.9900 dB] [ET     1 ] [L0 ] [L1 ]
POC  160 TId: 0 ( I-SLICE, nQP 26 QP 26 )     464112 bits [Y 99.9900 dB    U 99.9900 dB    V 99.9900 dB] [ET     1 ] [L0 ] [L1 ]
POC  161 TId: 0 ( I-SLICE, nQP 26 QP 26 )     461136 bits [Y 99.9900 dB    U 99.9900 dB    V 99.9900 dB] [ET     1 ] [L0 ] [L1 ]
POC  162 TId: 0 ( I-SLICE, nQP 26 QP 26 )     462880 bits [Y 99.9900 dB    U 99.9900 dB    V 99.9900 dB] [ET     1 ] [L0 ] [L1 ]
POC  163 TId: 0 ( I-SLICE, nQP 26 QP 26 )     468488 bits [Y 99.9900 dB    U 99.9900 dB    V 99.9900 dB] [ET     1 ] [L0 ] [L1 ]
POC  164 TId: 0 ( I-SLICE, nQP 26 QP 26 )     474200 bits [Y 99.9900 dB    U 99.9900 dB    V 99.9900 dB] [ET     1 ] [L0 ] [L1 ]
POC  165 TId: 0 ( I-SLICE, nQP 26 QP 26 )     485848 bits [Y 99.9900 dB    U 99.9900 dB    V 99.9900 dB] [ET     1 ] [L0 ] [L1 ]
POC  166 TId: 0 ( I-SLICE, nQP 26 QP 26 )     492952 bits [Y 99.9900 dB    U 99.9900 dB    V 99.9900 dB] [ET     1 ] [L0 ] [L1 ]
POC  167 TId: 0 ( I-SLICE, nQP 26 QP 26 )     501552 bits [Y 99.9900 dB    U 99.9900 dB    V 99.9900 dB] [ET     1 ] [L0 ] [L1 ]
POC  168 TId: 0 ( I-SLICE, nQP 26 QP 26 )     508664 bits [Y 99.9900 dB    U 99.9900 dB    V 99.9900 dB] [ET     1 ] [L0 ] [L1 ]
POC  169 TId: 0 ( I-SLICE, nQP 26 QP 26 )     516296 bits [Y 99.9900 dB    U 99.9900 dB    V 99.9900 dB] [ET     1 ] [L0 ] [L1 ]
POC  170 TId: 0 ( I-SLICE, nQP 26 QP 26 )     520536 bits [Y 99.9900 dB    U 99.9900 dB    V 99.9900 dB] [ET     1 ] [L0 ] [L1 ]
POC  171 TId: 0 ( I-SLICE, nQP 26 QP 26 )     522888 bits [Y 99.9900 dB    U 99.9900 dB    V 99.9900 dB] [ET     1 ] [L0 ] [L1 ]
POC  172 TId: 0 ( I-SLICE, nQP 26 QP 26 )     526384 bits [Y 99.9900 dB    U 99.9900 dB    V 99.9900 dB] [ET     1 ] [L0 ] [L1 ]
POC  173 TId: 0 ( I-SLICE, nQP 26 QP 26 )     530376 bits [Y 99.9900 dB    U 99.9900 dB    V 99.9900 dB] [ET     1 ] [L0 ] [L1 ]
POC  174 TId: 0 ( I-SLICE, nQP 26 QP 26 )     531264 bits [Y 99.9900 dB    U 99.9900 dB    V 99.9900 dB] [ET     1 ] [L0 ] [L1 ]
POC  175 TId: 0 ( I-SLICE, nQP 26 QP 26 )     533392 bits [Y 99.9900 dB    U 99.9900 dB    V 99.9900 dB] [ET     1 ] [L0 ] [L1 ]
POC  176 TId: 0 ( I-SLICE, nQP 26 QP 26 )     535016 bits [Y 99.9900 dB    U 99.9900 dB    V 99.9900 dB] [ET     1 ] [L0 ] [L1 ]
POC  177 TId: 0 ( I-SLICE, nQP 26 QP 26 )     536024 bits [Y 99.9900 dB    U 99.9900 dB    V 99.9900 dB] [ET     1 ] [L0 ] [L1 ]
POC  178 TId: 0 ( I-SLICE, nQP 26 QP 26 )     537576 bits [Y 99.9900 dB    U 99.9900 dB    V 99.9900 dB] [ET     1 ] [L0 ] [L1 ]
POC  179 TId: 0 ( I-SLICE, nQP 26 QP 26 )     539592 bits [Y 99.9900 dB    U 99.9900 dB    V 99.9900 dB] [ET     1 ] [L0 ] [L1 ]
POC  180 TId: 0 ( I-SLICE, nQP 26 QP 26 )     540896 bits [Y 99.9900 dB    U 99.9900 dB    V 99.9900 dB] [ET     1 ] [L0 ] [L1 ]
POC  181 TId: 0 ( I-SLICE, nQP 26 QP 26 )     541776 bits [Y 99.9900 dB    U 99.9900 dB    V 99.9900 dB] [ET     1 ] [L0 ] [L1 ]
POC  182 TId: 0 ( I-SLICE, nQP 26 QP 26 )     541832 bits [Y 99.9900 dB    U 99.9900 dB    V 99.9900 dB] [ET     1 ] [L0 ] [L1 ]
POC  183 TId: 0 ( I-SLICE, nQP 26 QP 26 )     542944 bits [Y 99.9900 dB    U 99.9900 dB    V 99.9900 dB] [ET     1 ] [L0 ] [L1 ]
POC  184 TId: 0 ( I-SLICE, nQP 26 QP 26 )     546848 bits [Y 99.9900 dB    U 99.9900 dB    V 99.9900 dB] [ET     1 ] [L0 ] [L1 ]
POC  185 TId: 0 ( I-SLICE, nQP 26 QP 26 )     547760 bits [Y 99.9900 dB    U 99.9900 dB    V 99.9900 dB] [ET     1 ] [L0 ] [L1 ]
POC  186 TId: 0 ( I-SLICE, nQP 26 QP 26 )     549000 bits [Y 99.9900 dB    U 99.9900 dB    V 99.9900 dB] [ET     1 ] [L0 ] [L1 ]
POC  187 TId: 0 ( I-SLICE, nQP 26 QP 26 )     553616 bits [Y 99.9900 dB    U 99.9900 dB    V 99.9900 dB] [ET     1 ] [L0 ] [L1 ]
POC  188 TId: 0 ( I-SLICE, nQP 26 QP 26 )     553736 bits [Y 99.9900 dB    U 99.9900 dB    V 99.9900 dB] [ET     1 ] [L0 ] [L1 ]
POC  189 TId: 0 ( I-SLICE, nQP 26 QP 26 )     555040 bits [Y 99.9900 dB    U 99.9900 dB    V 99.9900 dB] [ET     1 ] [L0 ] [L1 ]
POC  190 TId: 0 ( I-SLICE, nQP 26 QP 26 )     555256 bits [Y 99.9900 dB    U 99.9900 dB    V 99.9900 dB] [ET     1 ] [L0 ] [L1 ]
POC  191 TId: 0 ( I-SLICE, nQP 26 QP 26 )     554056 bits [Y 99.9900 dB    U 99.9900 dB    V 99.9900 dB] [ET     1 ] [L0 ] [L1 ]
POC  192 TId: 0 ( I-SLICE, nQP 26 QP 26 )     556560 bits [Y 99.9900 dB    U 99.9900 dB    V 99.9900 dB] [ET     1 ] [L0 ] [L1 ]
POC  193 TId: 0 ( I-SLICE, nQP 26 QP 26 )     556856 bits [Y 99.9900 dB    U 99.9900 dB    V 99.9900 dB] [ET     1 ] [L0 ] [L1 ]
POC  194 TId: 0 ( I-SLICE, nQP 26 QP 26 )     557632 bits [Y 99.9900 dB    U 99.9900 dB    V 99.9900 dB] [ET     1 ] [L0 ] [L1 ]
POC  195 TId: 0 ( I-SLICE, nQP 26 QP 26 )     558360 bits [Y 99.9900 dB    U 99.9900 dB    V 99.9900 dB] [ET     1 ] [L0 ] [L1 ]
POC  196 TId: 0 ( I-SLICE, nQP 26 QP 26 )     558272 bits [Y 99.9900 dB    U 99.9900 dB    V 99.9900 dB] [ET     1 ] [L0 ] [L1 ]
POC  197 TId: 0 ( I-SLICE, nQP 26 QP 26 )     557048 bits [Y 99.9900 dB    U 99.9900 dB    V 99.9900 dB] [ET     1 ] [L0 ] [L1 ]
POC  198 TId: 0 ( I-SLICE, nQP 26 QP 26 )     555104 bits [Y 99.9900 dB    U 99.9900 dB    V 99.9900 dB] [ET     1 ] [L0 ] [L1 ]
POC  199 TId: 0 ( I-SLICE, nQP 26 QP 26 )     553080 bits [Y 99.9900 dB    U 99.9900 dB    V 99.9900 dB] [ET     1 ] [L0 ] [L1 ]
POC  200 TId: 0 ( I-SLICE, nQP 26 QP 26 )     551576 bits [Y 99.9900 dB    U 99.9900 dB    V 99.9900 dB] [ET     1 ] [L0 ] [L1 ]
POC  201 TId: 0 ( I-SLICE, nQP 26 QP 26 )     549024 bits [Y 99.9900 dB    U 99.9900 dB    V 99.9900 dB] [ET     1 ] [L0 ] [L1 ]
POC  202 TId: 0 ( I-SLICE, nQP 26 QP 26 )     548512 bits [Y 99.9900 dB    U 99.9900 dB    V 99.9900 dB] [ET     1 ] [L0 ] [L1 ]
POC  203 TId: 0 ( I-SLICE, nQP 26 QP 26 )     548120 bits [Y 99.9900 dB    U 99.9900 dB    V 99.9900 dB] [ET     1 ] [L0 ] [L1 ]
POC  204 TId: 0 ( I-SLICE, nQP 26 QP 26 )     547384 bits [Y 99.9900 dB    U 99.9900 dB    V 99.9900 dB] [ET     1 ] [L0 ] [L1 ]
POC  205 TId: 0 ( I-SLICE, nQP 26 QP 26 )     548624 bits [Y 99.9900 dB    U 99.9900 dB    V 99.9900 dB] [ET     1 ] [L0 ] [L1 ]
POC  206 TId: 0 ( I-SLICE, nQP 26 QP 26 )     549152 bits [Y 99.9900 dB    U 99.9900 dB    V 99.9900 dB] [ET     1 ] [L0 ] [L1 ]
POC  207 TId: 0 ( I-SLICE, nQP 26 QP 26 )     550392 bits [Y 99.9900 dB    U 99.9900 dB    V 99.9900 dB] [ET     1 ] [L0 ] [L1 ]
POC  208 TId: 0 ( I-SLICE, nQP 26 QP 26 )     549920 bits [Y 99.9900 dB    U 99.9900 dB    V 99.9900 dB] [ET     1 ] [L0 ] [L1 ]
POC  209 TId: 0 ( I-SLICE, nQP 26 QP 26 )     549672 bits [Y 99.9900 dB    U 99.9900 dB    V 99.9900 dB] [ET     1 ] [L0 ] [L1 ]
POC  210 TId: 0 ( I-SLICE, nQP 26 QP 26 )     550992 bits [Y 99.9900 dB    U 99.9900 dB    V 99.9900 dB] [ET     1 ] [L0 ] [L1 ]
POC  211 TId: 0 ( I-SLICE, nQP 26 QP 26 )     551776 bits [Y 99.9900 dB    U 99.9900 dB    V 99.9900 dB] [ET     1 ] [L0 ] [L1 ]
POC  212 TId: 0 ( I-SLICE, nQP 26 QP 26 )     550400 bits [Y 99.9900 dB    U 99.9900 dB    V 99.9900 dB] [ET     1 ] [L0 ] [L1 ]
POC  213 TId: 0 ( I-SLICE, nQP 26 QP 26 )     549224 bits [Y 99.9900 dB    U 99.9900 dB    V 99.9900 dB] [ET     1 ] [L0 ] [L1 ]
POC  214 TId: 0 ( I-SLICE, nQP 26 QP 26 )     549608 bits [Y 99.9900 dB    U 99.9900 dB    V 99.9900 dB] [ET     1 ] [L0 ] [L1 ]
POC  215 TId: 0 ( I-SLICE, nQP 26 QP 26 )     550664 bits [Y 99.9900 dB    U 99.9900 dB    V 99.9900 dB] [ET     1 ] [L0 ] [L1 ]
POC  216 TId: 0 ( I-SLICE, nQP 26 QP 26 )     549344 bits [Y 99.9900 dB    U 99.9900 dB    V 99.9900 dB] [ET     1 ] [L0 ] [L1 ]
POC  217 TId: 0 ( I-SLICE, nQP 26 QP 26 )     549680 bits [Y 99.9900 dB    U 99.9900 dB    V 99.9900 dB] [ET     1 ] [L0 ] [L1 ]
POC  218 TId: 0 ( I-SLICE, nQP 26 QP 26 )     547776 bits [Y 99.9900 dB    U 99.9900 dB    V 99.9900 dB] [ET     1 ] [L0 ] [L1 ]
POC  219 TId: 0 ( I-SLICE, nQP 26 QP 26 )     547176 bits [Y 99.9900 dB    U 99.9900 dB    V 99.9900 dB] [ET     1 ] [L0 ] [L1 ]
POC  220 TId: 0 ( I-SLICE, nQP 26 QP 26 )     546184 bits [Y 99.9900 dB    U 99.9900 dB    V 99.9900 dB] [ET     1 ] [L0 ] [L1 ]
POC  221 TId: 0 ( I-SLICE, nQP 26 QP 26 )     543496 bits [Y 99.9900 dB    U 99.9900 dB    V 99.9900 dB] [ET     1 ] [L0 ] [L1 ]
POC  222 TId: 0 ( I-SLICE, nQP 26 QP 26 )     546064 bits [Y 99.9900 dB    U 99.9900 dB    V 99.9900 dB] [ET     1 ] [L0 ] [L1 ]
POC  223 TId: 0 ( I-SLICE, nQP 26 QP 26 )     548144 bits [Y 99.9900 dB    U 99.9900 dB    V 99.9900 dB] [ET     1 ] [L0 ] [L1 ]
POC  224 TId: 0 ( I-SLICE, nQP 26 QP 26 )     549056 bits [Y 99.9900 dB    U 99.9900 dB    V 99.9900 dB] [ET     1 ] [L0 ] [L1 ]
POC  225 TId: 0 ( I-SLICE, nQP 26 QP 26 )     550344 bits [Y 99.9900 dB    U 99.9900 dB    V 99.9900 dB] [ET     1 ] [L0 ] [L1 ]
POC  226 TId: 0 ( I-SLICE, nQP 26 QP 26 )     550000 bits [Y 99.9900 dB    U 99.9900 dB    V 99.9900 dB] [ET     1 ] [L0 ] [L1 ]
POC  227 TId: 0 ( I-SLICE, nQP 26 QP 26 )     550384 bits [Y 99.9900 dB    U 99.9900 dB    V 99.9900 dB] [ET     1 ] [L0 ] [L1 ]
POC  228 TId: 0 ( I-SLICE, nQP 26 QP 26 )     550136 bits [Y 99.9900 dB    U 99.9900 dB    V 99.9900 dB] [ET     1 ] [L0 ] [L1 ]
POC  229 TId: 0 ( I-SLICE, nQP 26 QP 26 )     549632 bits [Y 99.9900 dB    U 99.9900 dB    V 99.9900 dB] [ET     1 ] [L0 ] [L1 ]
POC  230 TId: 0 ( I-SLICE, nQP 26 QP 26 )     551064 bits [Y 99.9900 dB    U 99.9900 dB    V 99.9900 dB] [ET     1 ] [L0 ] [L1 ]
POC  231 TId: 0 ( I-SLICE, nQP 26 QP 26 )     548648 bits [Y 99.9900 dB    U 99.9900 dB    V 99.9900 dB] [ET     1 ] [L0 ] [L1 ]
POC  232 TId: 0 ( I-SLICE, nQP 26 QP 26 )     549088 bits [Y 99.9900 dB    U 99.9900 dB    V 99.9900 dB] [ET     1 ] [L0 ] [L1 ]
POC  233 TId: 0 ( I-SLICE, nQP 26 QP 26 )     547184 bits [Y 99.9900 dB    U 99.9900 dB    V 99.9900 dB] [ET     1 ] [L0 ] [L1 ]
POC  234 TId: 0 ( I-SLICE, nQP 26 QP 26 )     543824 bits [Y 99.9900 dB    U 99.9900 dB    V 99.9900 dB] [ET     1 ] [L0 ] [L1 ]
POC  235 TId: 0 ( I-SLICE, nQP 26 QP 26 )     541656 bits [Y 99.9900 dB    U 99.9900 dB    V 99.9900 dB] [ET     1 ] [L0 ] [L1 ]
POC  236 TId: 0 ( I-SLICE, nQP 26 QP 26 )     538544 bits [Y 99.9900 dB    U 99.9900 dB    V 99.9900 dB] [ET     1 ] [L0 ] [L1 ]
POC  237 TId: 0 ( I-SLICE, nQP 26 QP 26 )     536912 bits [Y 99.9900 dB    U 99.9900 dB    V 99.9900 dB] [ET     1 ] [L0 ] [L1 ]
POC  238 TId: 0 ( I-SLICE, nQP 26 QP 26 )     534568 bits [Y 99.9900 dB    U 99.9900 dB    V 99.9900 dB] [ET     1 ] [L0 ] [L1 ]
POC  239 TId: 0 ( I-SLICE, nQP 26 QP 26 )     534200 bits [Y 99.9900 dB    U 99.9900 dB    V 99.9900 dB] [ET     1 ] [L0 ] [L1 ]
POC  240 TId: 0 ( I-SLICE, nQP 26 QP 26 )     533216 bits [Y 99.9900 dB    U 99.9900 dB    V 99.9900 dB] [ET     1 ] [L0 ] [L1 ]
POC  241 TId: 0 ( I-SLICE, nQP 26 QP 26 )     531808 bits [Y 99.9900 dB    U 99.9900 dB    V 99.9900 dB] [ET     1 ] [L0 ] [L1 ]
POC  242 TId: 0 ( I-SLICE, nQP 26 QP 26 )     533512 bits [Y 99.9900 dB    U 99.9900 dB    V 99.9900 dB] [ET     1 ] [L0 ] [L1 ]
POC  243 TId: 0 ( I-SLICE, nQP 26 QP 26 )     533848 bits [Y 99.9900 dB    U 99.9900 dB    V 99.9900 dB] [ET     1 ] [L0 ] [L1 ]
POC  244 TId: 0 ( I-SLICE, nQP 26 QP 26 )     534504 bits [Y 99.9900 dB    U 99.9900 dB    V 99.9900 dB] [ET     1 ] [L0 ] [L1 ]
POC  245 TId: 0 ( I-SLICE, nQP 26 QP 26 )     533272 bits [Y 99.9900 dB    U 99.9900 dB    V 99.9900 dB] [ET     1 ] [L0 ] [L1 ]
POC  246 TId: 0 ( I-SLICE, nQP 26 QP 26 )     530696 bits [Y 99.9900 dB    U 99.9900 dB    V 99.9900 dB] [ET     1 ] [L0 ] [L1 ]
POC  247 TId: 0 ( I-SLICE, nQP 26 QP 26 )     529576 bits [Y 99.9900 dB    U 99.9900 dB    V 99.9900 dB] [ET     1 ] [L0 ] [L1 ]
POC  248 TId: 0 ( I-SLICE, nQP 26 QP 26 )     531504 bits [Y 99.9900 dB    U 99.9900 dB    V 99.9900 dB] [ET     1 ] [L0 ] [L1 ]
POC  249 TId: 0 ( I-SLICE, nQP 26 QP 26 )     531176 bits [Y 99.9900 dB    U 99.9900 dB    V 99.9900 dB] [ET     1 ] [L0 ] [L1 ]
POC  250 TId: 0 ( I-SLICE, nQP 26 QP 26 )     532288 bits [Y 99.9900 dB    U 99.9900 dB    V 99.9900 dB] [ET     1 ] [L0 ] [L1 ]
POC  251 TId: 0 ( I-SLICE, nQP 26 QP 26 )     530736 bits [Y 99.9900 dB    U 99.9900 dB    V 99.9900 dB] [ET     1 ] [L0 ] [L1 ]
POC  252 TId: 0 ( I-SLICE, nQP 26 QP 26 )     530784 bits [Y 99.9900 dB    U 99.9900 dB    V 99.9900 dB] [ET     1 ] [L0 ] [L1 ]
POC  253 TId: 0 ( I-SLICE, nQP 26 QP 26 )     531360 bits [Y 99.9900 dB    U 99.9900 dB    V 99.9900 dB] [ET     1 ] [L0 ] [L1 ]
POC  254 TId: 0 ( I-SLICE, nQP 26 QP 26 )     531392 bits [Y 99.9900 dB    U 99.9900 dB    V 99.9900 dB] [ET     1 ] [L0 ] [L1 ]
POC  255 TId: 0 ( I-SLICE, nQP 26 QP 26 )     533008 bits [Y 99.9900 dB    U 99.9900 dB    V 99.9900 dB] [ET     1 ] [L0 ] [L1 ]
POC  256 TId: 0 ( I-SLICE, nQP 26 QP 26 )     536752 bits [Y 99.9900 dB    U 99.9900 dB    V 99.9900 dB] [ET     1 ] [L0 ] [L1 ]
POC  257 TId: 0 ( I-SLICE, nQP 26 QP 26 )     535128 bits [Y 99.9900 dB    U 99.9900 dB    V 99.9900 dB] [ET     1 ] [L0 ] [L1 ]
POC  258 TId: 0 ( I-SLICE, nQP 26 QP 26 )     535784 bits [Y 99.9900 dB    U 99.9900 dB    V 99.9900 dB] [ET     1 ] [L0 ] [L1 ]
POC  259 TId: 0 ( I-SLICE, nQP 26 QP 26 )     537776 bits [Y 99.9900 dB    U 99.9900 dB    V 99.9900 dB] [ET     1 ] [L0 ] [L1 ]
POC  260 TId: 0 ( I-SLICE, nQP 26 QP 26 )     539256 bits [Y 99.9900 dB    U 99.9900 dB    V 99.9900 dB] [ET     1 ] [L0 ] [L1 ]
POC  261 TId: 0 ( I-SLICE, nQP 26 QP 26 )     539816 bits [Y 99.9900 dB    U 99.9900 dB    V 99.9900 dB] [ET     1 ] [L0 ] [L1 ]
POC  262 TId: 0 ( I-SLICE, nQP 26 QP 26 )     541640 bits [Y 99.9900 dB    U 99.9900 dB    V 99.9900 dB] [ET     1 ] [L0 ] [L1 ]
POC  263 TId: 0 ( I-SLICE, nQP 26 QP 26 )     539872 bits [Y 99.9900 dB    U 99.9900 dB    V 99.9900 dB] [ET     1 ] [L0 ] [L1 ]
POC  264 TId: 0 ( I-SLICE, nQP 26 QP 26 )     538008 bits [Y 99.9900 dB    U 99.9900 dB    V 99.9900 dB] [ET     1 ] [L0 ] [L1 ]
POC  265 TId: 0 ( I-SLICE, nQP 26 QP 26 )     537104 bits [Y 99.9900 dB    U 99.9900 dB    V 99.9900 dB] [ET     1 ] [L0 ] [L1 ]
POC  266 TId: 0 ( I-SLICE, nQP 26 QP 26 )     532128 bits [Y 99.9900 dB    U 99.9900 dB    V 99.9900 dB] [ET     1 ] [L0 ] [L1 ]
POC  267 TId: 0 ( I-SLICE, nQP 26 QP 26 )     525976 bits [Y 99.9900 dB    U 99.9900 dB    V 99.9900 dB] [ET     1 ] [L0 ] [L1 ]
POC  268 TId: 0 ( I-SLICE, nQP 26 QP 26 )     516640 bits [Y 99.9900 dB    U 99.9900 dB    V 99.9900 dB] [ET     1 ] [L0 ] [L1 ]
POC  269 TId: 0 ( I-SLICE, nQP 26 QP 26 )     506080 bits [Y 99.9900 dB    U 99.9900 dB    V 99.9900 dB] [ET     1 ] [L0 ] [L1 ]
POC  270 TId: 0 ( I-SLICE, nQP 26 QP 26 )     501864 bits [Y 99.9900 dB    U 99.9900 dB    V 99.9900 dB] [ET     1 ] [L0 ] [L1 ]
POC  271 TId: 0 ( I-SLICE, nQP 26 QP 26 )     501320 bits [Y 99.9900 dB    U 99.9900 dB    V 99.9900 dB] [ET     1 ] [L0 ] [L1 ]
POC  272 TId: 0 ( I-SLICE, nQP 26 QP 26 )     501920 bits [Y 99.9900 dB    U 99.9900 dB    V 99.9900 dB] [ET     1 ] [L0 ] [L1 ]
POC  273 TId: 0 ( I-SLICE, nQP 26 QP 26 )     503352 bits [Y 99.9900 dB    U 99.9900 dB    V 99.9900 dB] [ET     1 ] [L0 ] [L1 ]
POC  274 TId: 0 ( I-SLICE, nQP 26 QP 26 )     504528 bits [Y 99.9900 dB    U 99.9900 dB    V 99.9900 dB] [ET     1 ] [L0 ] [L1 ]
POC  275 TId: 0 ( I-SLICE, nQP 26 QP 26 )     499080 bits [Y 99.9900 dB    U 99.9900 dB    V 99.9900 dB] [ET     1 ] [L0 ] [L1 ]
POC  276 TId: 0 ( I-SLICE, nQP 26 QP 26 )     494368 bits [Y 99.9900 dB    U 99.9900 dB    V 99.9900 dB] [ET     1 ] [L0 ] [L1 ]
POC  277 TId: 0 ( I-SLICE, nQP 26 QP 26 )     496408 bits [Y 99.9900 dB    U 99.9900 dB    V 99.9900 dB] [ET     1 ] [L0 ] [L1 ]
POC  278 TId: 0 ( I-SLICE, nQP 26 QP 26 )     500232 bits [Y 99.9900 dB    U 99.9900 dB    V 99.9900 dB] [ET     1 ] [L0 ] [L1 ]
POC  279 TId: 0 ( I-SLICE, nQP 26 QP 26 )     505944 bits [Y 99.9900 dB    U 99.9900 dB    V 99.9900 dB] [ET     1 ] [L0 ] [L1 ]
POC  280 TId: 0 ( I-SLICE, nQP 26 QP 26 )     510360 bits [Y 99.9900 dB    U 99.9900 dB    V 99.9900 dB] [ET     1 ] [L0 ] [L1 ]
POC  281 TId: 0 ( I-SLICE, nQP 26 QP 26 )     509920 bits [Y 99.9900 dB    U 99.9900 dB    V 99.9900 dB] [ET     1 ] [L0 ] [L1 ]
POC  282 TId: 0 ( I-SLICE, nQP 26 QP 26 )     511328 bits [Y 99.9900 dB    U 99.9900 dB    V 99.9900 dB] [ET     1 ] [L0 ] [L1 ]
POC  283 TId: 0 ( I-SLICE, nQP 26 QP 26 )     513552 bits [Y 99.9900 dB    U 99.9900 dB    V 99.9900 dB] [ET     1 ] [L0 ] [L1 ]
POC  284 TId: 0 ( I-SLICE, nQP 26 QP 26 )     521544 bits [Y 99.9900 dB    U 99.9900 dB    V 99.9900 dB] [ET     1 ] [L0 ] [L1 ]
POC  285 TId: 0 ( I-SLICE, nQP 26 QP 26 )     526560 bits [Y 99.9900 dB    U 99.9900 dB    V 99.9900 dB] [ET     1 ] [L0 ] [L1 ]
POC  286 TId: 0 ( I-SLICE, nQP 26 QP 26 )     529568 bits [Y 99.9900 dB    U 99.9900 dB    V 99.9900 dB] [ET     1 ] [L0 ] [L1 ]
POC  287 TId: 0 ( I-SLICE, nQP 26 QP 26 )     526720 bits [Y 99.9900 dB    U 99.9900 dB    V 99.9900 dB] [ET     1 ] [L0 ] [L1 ]
POC  288 TId: 0 ( I-SLICE, nQP 26 QP 26 )     523816 bits [Y 99.9900 dB    U 99.9900 dB    V 99.9900 dB] [ET     1 ] [L0 ] [L1 ]
POC  289 TId: 0 ( I-SLICE, nQP 26 QP 26 )     521840 bits [Y 99.9900 dB    U 99.9900 dB    V 99.9900 dB] [ET     1 ] [L0 ] [L1 ]
POC  290 TId: 0 ( I-SLICE, nQP 26 QP 26 )     515832 bits [Y 99.9900 dB    U 99.9900 dB    V 99.9900 dB] [ET     1 ] [L0 ] [L1 ]
POC  291 TId: 0 ( I-SLICE, nQP 26 QP 26 )     506288 bits [Y 99.9900 dB    U 99.9900 dB    V 99.9900 dB] [ET     1 ] [L0 ] [L1 ]
POC  292 TId: 0 ( I-SLICE, nQP 26 QP 26 )     494840 bits [Y 99.9900 dB    U 99.9900 dB    V 99.9900 dB] [ET     1 ] [L0 ] [L1 ]
POC  293 TId: 0 ( I-SLICE, nQP 26 QP 26 )     484976 bits [Y 99.9900 dB    U 99.9900 dB    V 99.9900 dB] [ET     1 ] [L0 ] [L1 ]
POC  294 TId: 0 ( I-SLICE, nQP 26 QP 26 )     479096 bits [Y 99.9900 dB    U 99.9900 dB    V 99.9900 dB] [ET     1 ] [L0 ] [L1 ]
POC  295 TId: 0 ( I-SLICE, nQP 26 QP 26 )     474400 bits [Y 99.9900 dB    U 99.9900 dB    V 99.9900 dB] [ET     1 ] [L0 ] [L1 ]
POC  296 TId: 0 ( I-SLICE, nQP 26 QP 26 )     472864 bits [Y 99.9900 dB    U 99.9900 dB    V 99.9900 dB] [ET     1 ] [L0 ] [L1 ]
POC  297 TId: 0 ( I-SLICE, nQP 26 QP 26 )     469456 bits [Y 99.9900 dB    U 99.9900 dB    V 99.9900 dB] [ET     1 ] [L0 ] [L1 ]
POC  298 TId: 0 ( I-SLICE, nQP 26 QP 26 )     468944 bits [Y 99.9900 dB    U 99.9900 dB    V 99.9900 dB] [ET     1 ] [L0 ] [L1 ]
POC  299 TId: 0 ( I-SLICE, nQP 26 QP 26 )     469648 bits [Y 99.9900 dB    U 99.9900 dB    V 99.9900 dB] [ET     1 ] [L0 ] [L1 ]
POC  300 TId: 0 ( I-SLICE, nQP 26 QP 26 )     470096 bits [Y 99.9900 dB    U 99.9900 dB    V 99.9900 dB] [ET     1 ] [L0 ] [L1 ]
POC  301 TId: 0 ( I-SLICE, nQP 26 QP 26 )     473104 bits [Y 99.9900 dB    U 99.9900 dB    V 99.9900 dB] [ET     1 ] [L0 ] [L1 ]
POC  302 TId: 0 ( I-SLICE, nQP 26 QP 26 )     476344 bits [Y 99.9900 dB    U 99.9900 dB    V 99.9900 dB] [ET     1 ] [L0 ] [L1 ]
POC  303 TId: 0 ( I-SLICE, nQP 26 QP 26 )     480544 bits [Y 99.9900 dB    U 99.9900 dB    V 99.9900 dB] [ET     1 ] [L0 ] [L1 ]
POC  304 TId: 0 ( I-SLICE, nQP 26 QP 26 )     483984 bits [Y 99.9900 dB    U 99.9900 dB    V 99.9900 dB] [ET     1 ] [L0 ] [L1 ]
POC  305 TId: 0 ( I-SLICE, nQP 26 QP 26 )     489824 bits [Y 99.9900 dB    U 99.9900 dB    V 99.9900 dB] [ET     1 ] [L0 ] [L1 ]
POC  306 TId: 0 ( I-SLICE, nQP 26 QP 26 )     495480 bits [Y 99.9900 dB    U 99.9900 dB    V 99.9900 dB] [ET     1 ] [L0 ] [L1 ]
POC  307 TId: 0 ( I-SLICE, nQP 26 QP 26 )     499176 bits [Y 99.9900 dB    U 99.9900 dB    V 99.9900 dB] [ET     1 ] [L0 ] [L1 ]
POC  308 TId: 0 ( I-SLICE, nQP 26 QP 26 )     500632 bits [Y 99.9900 dB    U 99.9900 dB    V 99.9900 dB] [ET     1 ] [L0 ] [L1 ]
POC  309 TId: 0 ( I-SLICE, nQP 26 QP 26 )     500472 bits [Y 99.9900 dB    U 99.9900 dB    V 99.9900 dB] [ET     1 ] [L0 ] [L1 ]
POC  310 TId: 0 ( I-SLICE, nQP 26 QP 26 )     502488 bits [Y 99.9900 dB    U 99.9900 dB    V 99.9900 dB] [ET     1 ] [L0 ] [L1 ]
POC  311 TId: 0 ( I-SLICE, nQP 26 QP 26 )     503496 bits [Y 99.9900 dB    U 99.9900 dB    V 99.9900 dB] [ET     1 ] [L0 ] [L1 ]
POC  312 TId: 0 ( I-SLICE, nQP 26 QP 26 )     505944 bits [Y 99.9900 dB    U 99.9900 dB    V 99.9900 dB] [ET     1 ] [L0 ] [L1 ]
POC  313 TId: 0 ( I-SLICE, nQP 26 QP 26 )     507720 bits [Y 99.9900 dB    U 99.9900 dB    V 99.9900 dB] [ET     1 ] [L0 ] [L1 ]
POC  314 TId: 0 ( I-SLICE, nQP 26 QP 26 )     510936 bits [Y 99.9900 dB    U 99.9900 dB    V 99.9900 dB] [ET     1 ] [L0 ] [L1 ]
POC  315 TId: 0 ( I-SLICE, nQP 26 QP 26 )     512840 bits [Y 99.9900 dB    U 99.9900 dB    V 99.9900 dB] [ET     1 ] [L0 ] [L1 ]
POC  316 TId: 0 ( I-SLICE, nQP 26 QP 26 )     515976 bits [Y 99.9900 dB    U 99.9900 dB    V 99.9900 dB] [ET     1 ] [L0 ] [L1 ]
POC  317 TId: 0 ( I-SLICE, nQP 26 QP 26 )     518528 bits [Y 99.9900 dB    U 99.9900 dB    V 99.9900 dB] [ET     1 ] [L0 ] [L1 ]
POC  318 TId: 0 ( I-SLICE, nQP 26 QP 26 )     520424 bits [Y 99.9900 dB    U 99.9900 dB    V 99.9900 dB] [ET     1 ] [L0 ] [L1 ]
POC  319 TId: 0 ( I-SLICE, nQP 26 QP 26 )     523168 bits [Y 99.9900 dB    U 99.9900 dB    V 99.9900 dB] [ET     1 ] [L0 ] [L1 ]
POC  320 TId: 0 ( I-SLICE, nQP 26 QP 26 )     524616 bits [Y 99.9900 dB    U 99.9900 dB    V 99.9900 dB] [ET     1 ] [L0 ] [L1 ]
POC  321 TId: 0 ( I-SLICE, nQP 26 QP 26 )     526968 bits [Y 99.9900 dB    U 99.9900 dB    V 99.9900 dB] [ET     1 ] [L0 ] [L1 ]
POC  322 TId: 0 ( I-SLICE, nQP 26 QP 26 )     524248 bits [Y 99.9900 dB    U 99.9900 dB    V 99.9900 dB] [ET     1 ] [L0 ] [L1 ]
POC  323 TId: 0 ( I-SLICE, nQP 26 QP 26 )     523416 bits [Y 99.9900 dB    U 99.9900 dB    V 99.9900 dB] [ET     1 ] [L0 ] [L1 ]
POC  324 TId: 0 ( I-SLICE, nQP 26 QP 26 )     527736 bits [Y 99.9900 dB    U 99.9900 dB    V 99.9900 dB] [ET     1 ] [L0 ] [L1 ]
POC  325 TId: 0 ( I-SLICE, nQP 26 QP 26 )     530696 bits [Y 99.9900 dB    U 99.9900 dB    V 99.9900 dB] [ET     1 ] [L0 ] [L1 ]
POC  326 TId: 0 ( I-SLICE, nQP 26 QP 26 )     535256 bits [Y 99.9900 dB    U 99.9900 dB    V 99.9900 dB] [ET     1 ] [L0 ] [L1 ]
POC  327 TId: 0 ( I-SLICE, nQP 26 QP 26 )     533216 bits [Y 99.9900 dB    U 99.9900 dB    V 99.9900 dB] [ET     1 ] [L0 ] [L1 ]
POC  328 TId: 0 ( I-SLICE, nQP 26 QP 26 )     533952 bits [Y 99.9900 dB    U 99.9900 dB    V 99.9900 dB] [ET     1 ] [L0 ] [L1 ]
POC  329 TId: 0 ( I-SLICE, nQP 26 QP 26 )     532624 bits [Y 99.9900 dB    U 99.9900 dB    V 99.9900 dB] [ET     1 ] [L0 ] [L1 ]
POC  330 TId: 0 ( I-SLICE, nQP 26 QP 26 )     532480 bits [Y 99.9900 dB    U 99.9900 dB    V 99.9900 dB] [ET     1 ] [L0 ] [L1 ]
POC  331 TId: 0 ( I-SLICE, nQP 26 QP 26 )     531808 bits [Y 99.9900 dB    U 99.9900 dB    V 99.9900 dB] [ET     1 ] [L0 ] [L1 ]
POC  332 TId: 0 ( I-SLICE, nQP 26 QP 26 )     532144 bits [Y 99.9900 dB    U 99.9900 dB    V 99.9900 dB] [ET     1 ] [L0 ] [L1 ]
POC  333 TId: 0 ( I-SLICE, nQP 26 QP 26 )     532216 bits [Y 99.9900 dB    U 99.9900 dB    V 99.9900 dB] [ET     1 ] [L0 ] [L1 ]
POC  334 TId: 0 ( I-SLICE, nQP 26 QP 26 )     532240 bits [Y 99.9900 dB    U 99.9900 dB    V 99.9900 dB] [ET     1 ] [L0 ] [L1 ]
POC  335 TId: 0 ( I-SLICE, nQP 26 QP 26 )     533056 bits [Y 99.9900 dB    U 99.9900 dB    V 99.9900 dB] [ET     1 ] [L0 ] [L1 ]
POC  336 TId: 0 ( I-SLICE, nQP 26 QP 26 )     531320 bits [Y 99.9900 dB    U 99.9900 dB    V 99.9900 dB] [ET     1 ] [L0 ] [L1 ]
POC  337 TId: 0 ( I-SLICE, nQP 26 QP 26 )     530376 bits [Y 99.9900 dB    U 99.9900 dB    V 99.9900 dB] [ET     1 ] [L0 ] [L1 ]
POC  338 TId: 0 ( I-SLICE, nQP 26 QP 26 )     529104 bits [Y 99.9900 dB    U 99.9900 dB    V 99.9900 dB] [ET     1 ] [L0 ] [L1 ]
POC  339 TId: 0 ( I-SLICE, nQP 26 QP 26 )     529816 bits [Y 99.9900 dB    U 99.9900 dB    V 99.9900 dB] [ET     1 ] [L0 ] [L1 ]
POC  340 TId: 0 ( I-SLICE, nQP 26 QP 26 )     531808 bits [Y 99.9900 dB    U 99.9900 dB    V 99.9900 dB] [ET     1 ] [L0 ] [L1 ]
POC  341 TId: 0 ( I-SLICE, nQP 26 QP 26 )     530168 bits [Y 99.9900 dB    U 99.9900 dB    V 99.9900 dB] [ET     1 ] [L0 ] [L1 ]
POC  342 TId: 0 ( I-SLICE, nQP 26 QP 26 )     527688 bits [Y 99.9900 dB    U 99.9900 dB    V 99.9900 dB] [ET     1 ] [L0 ] [L1 ]
POC  343 TId: 0 ( I-SLICE, nQP 26 QP 26 )     522640 bits [Y 99.9900 dB    U 99.9900 dB    V 99.9900 dB] [ET     1 ] [L0 ] [L1 ]
POC  344 TId: 0 ( I-SLICE, nQP 26 QP 26 )     519872 bits [Y 99.9900 dB    U 99.9900 dB    V 99.9900 dB] [ET     1 ] [L0 ] [L1 ]
POC  345 TId: 0 ( I-SLICE, nQP 26 QP 26 )     515960 bits [Y 99.9900 dB    U 99.9900 dB    V 99.9900 dB] [ET     1 ] [L0 ] [L1 ]
POC  346 TId: 0 ( I-SLICE, nQP 26 QP 26 )     513760 bits [Y 99.9900 dB    U 99.9900 dB    V 99.9900 dB] [ET     1 ] [L0 ] [L1 ]
POC  347 TId: 0 ( I-SLICE, nQP 26 QP 26 )     513488 bits [Y 99.9900 dB    U 99.9900 dB    V 99.9900 dB] [ET     1 ] [L0 ] [L1 ]
POC  348 TId: 0 ( I-SLICE, nQP 26 QP 26 )     512048 bits [Y 99.9900 dB    U 99.9900 dB    V 99.9900 dB] [ET     1 ] [L0 ] [L1 ]
POC  349 TId: 0 ( I-SLICE, nQP 26 QP 26 )     507896 bits [Y 99.9900 dB    U 99.9900 dB    V 99.9900 dB] [ET     1 ] [L0 ] [L1 ]
POC  350 TId: 0 ( I-SLICE, nQP 26 QP 26 )     506832 bits [Y 99.9900 dB    U 99.9900 dB    V 99.9900 dB] [ET     1 ] [L0 ] [L1 ]
POC  351 TId: 0 ( I-SLICE, nQP 26 QP 26 )     507464 bits [Y 99.9900 dB    U 99.9900 dB    V 99.9900 dB] [ET     1 ] [L0 ] [L1 ]
POC  352 TId: 0 ( I-SLICE, nQP 26 QP 26 )     506808 bits [Y 99.9900 dB    U 99.9900 dB    V 99.9900 dB] [ET     1 ] [L0 ] [L1 ]
POC  353 TId: 0 ( I-SLICE, nQP 26 QP 26 )     504312 bits [Y 99.9900 dB    U 99.9900 dB    V 99.9900 dB] [ET     1 ] [L0 ] [L1 ]
POC  354 TId: 0 ( I-SLICE, nQP 26 QP 26 )     505984 bits [Y 99.9900 dB    U 99.9900 dB    V 99.9900 dB] [ET     1 ] [L0 ] [L1 ]
POC  355 TId: 0 ( I-SLICE, nQP 26 QP 26 )     508128 bits [Y 99.9900 dB    U 99.9900 dB    V 99.9900 dB] [ET     1 ] [L0 ] [L1 ]
POC  356 TId: 0 ( I-SLICE, nQP 26 QP 26 )     511848 bits [Y 99.9900 dB    U 99.9900 dB    V 99.9900 dB] [ET     1 ] [L0 ] [L1 ]
POC  357 TId: 0 ( I-SLICE, nQP 26 QP 26 )     515752 bits [Y 99.9900 dB    U 99.9900 dB    V 99.9900 dB] [ET     1 ] [L0 ] [L1 ]
POC  358 TId: 0 ( I-SLICE, nQP 26 QP 26 )     519816 bits [Y 99.9900 dB    U 99.9900 dB    V 99.9900 dB] [ET     1 ] [L0 ] [L1 ]
POC  359 TId: 0 ( I-SLICE, nQP 26 QP 26 )     521016 bits [Y 99.9900 dB    U 99.9900 dB    V 99.9900 dB] [ET     1 ] [L0 ] [L1 ]
POC  360 TId: 0 ( I-SLICE, nQP 26 QP 26 )     519416 bits [Y 99.9900 dB    U 99.9900 dB    V 99.9900 dB] [ET     1 ] [L0 ] [L1 ]
POC  361 TId: 0 ( I-SLICE, nQP 26 QP 26 )     519296 bits [Y 99.9900 dB    U 99.9900 dB    V 99.9900 dB] [ET     1 ] [L0 ] [L1 ]
POC  362 TId: 0 ( I-SLICE, nQP 26 QP 26 )     520688 bits [Y 99.9900 dB    U 99.9900 dB    V 99.9900 dB] [ET     1 ] [L0 ] [L1 ]
POC  363 TId: 0 ( I-SLICE, nQP 26 QP 26 )     522792 bits [Y 99.9900 dB    U 99.9900 dB    V 99.9900 dB] [ET     1 ] [L0 ] [L1 ]
POC  364 TId: 0 ( I-SLICE, nQP 26 QP 26 )     527744 bits [Y 99.9900 dB    U 99.9900 dB    V 99.9900 dB] [ET     1 ] [L0 ] [L1 ]
POC  365 TId: 0 ( I-SLICE, nQP 26 QP 26 )     534568 bits [Y 99.9900 dB    U 99.9900 dB    V 99.9900 dB] [ET     1 ] [L0 ] [L1 ]
POC  366 TId: 0 ( I-SLICE, nQP 26 QP 26 )     538296 bits [Y 99.9900 dB    U 99.9900 dB    V 99.9900 dB] [ET     1 ] [L0 ] [L1 ]
POC  367 TId: 0 ( I-SLICE, nQP 26 QP 26 )     542016 bits [Y 99.9900 dB    U 99.9900 dB    V 99.9900 dB] [ET     1 ] [L0 ] [L1 ]
POC  368 TId: 0 ( I-SLICE, nQP 26 QP 26 )     545312 bits [Y 99.9900 dB    U 99.9900 dB    V 99.9900 dB] [ET     1 ] [L0 ] [L1 ]
POC  369 TId: 0 ( I-SLICE, nQP 26 QP 26 )     541024 bits [Y 99.9900 dB    U 99.9900 dB    V 99.9900 dB] [ET     1 ] [L0 ] [L1 ]
POC  370 TId: 0 ( I-SLICE, nQP 26 QP 26 )     538048 bits [Y 99.9900 dB    U 99.9900 dB    V 99.9900 dB] [ET     1 ] [L0 ] [L1 ]
POC  371 TId: 0 ( I-SLICE, nQP 26 QP 26 )     534712 bits [Y 99.9900 dB    U 99.9900 dB    V 99.9900 dB] [ET     1 ] [L0 ] [L1 ]
POC  372 TId: 0 ( I-SLICE, nQP 26 QP 26 )     531184 bits [Y 99.9900 dB    U 99.9900 dB    V 99.9900 dB] [ET     1 ] [L0 ] [L1 ]
POC  373 TId: 0 ( I-SLICE, nQP 26 QP 26 )     524768 bits [Y 99.9900 dB    U 99.9900 dB    V 99.9900 dB] [ET     1 ] [L0 ] [L1 ]
POC  374 TId: 0 ( I-SLICE, nQP 26 QP 26 )     514680 bits [Y 99.9900 dB    U 99.9900 dB    V 99.9900 dB] [ET     1 ] [L0 ] [L1 ]
POC  375 TId: 0 ( I-SLICE, nQP 26 QP 26 )     507192 bits [Y 99.9900 dB    U 99.9900 dB    V 99.9900 dB] [ET     1 ] [L0 ] [L1 ]
POC  376 TId: 0 ( I-SLICE, nQP 26 QP 26 )     499840 bits [Y 99.9900 dB    U 99.9900 dB    V 99.9900 dB] [ET     1 ] [L0 ] [L1 ]
POC  377 TId: 0 ( I-SLICE, nQP 26 QP 26 )     498648 bits [Y 99.9900 dB    U 99.9900 dB    V 99.9900 dB] [ET     1 ] [L0 ] [L1 ]
POC  378 TId: 0 ( I-SLICE, nQP 26 QP 26 )     496448 bits [Y 99.9900 dB    U 99.9900 dB    V 99.9900 dB] [ET     1 ] [L0 ] [L1 ]
POC  379 TId: 0 ( I-SLICE, nQP 26 QP 26 )     499320 bits [Y 99.9900 dB    U 99.9900 dB    V 99.9900 dB] [ET     1 ] [L0 ] [L1 ]
POC  380 TId: 0 ( I-SLICE, nQP 26 QP 26 )     498104 bits [Y 99.9900 dB    U 99.9900 dB    V 99.9900 dB] [ET     1 ] [L0 ] [L1 ]
POC  381 TId: 0 ( I-SLICE, nQP 26 QP 26 )     492288 bits [Y 99.9900 dB    U 99.9900 dB    V 99.9900 dB] [ET     1 ] [L0 ] [L1 ]
POC  382 TId: 0 ( I-SLICE, nQP 26 QP 26 )     487200 bits [Y 99.9900 dB    U 99.9900 dB    V 99.9900 dB] [ET     1 ] [L0 ] [L1 ]
POC  383 TId: 0 ( I-SLICE, nQP 26 QP 26 )     484152 bits [Y 99.9900 dB    U 99.9900 dB    V 99.9900 dB] [ET     1 ] [L0 ] [L1 ]
POC  384 TId: 0 ( I-SLICE, nQP 26 QP 26 )     482720 bits [Y 99.9900 dB    U 99.9900 dB    V 99.9900 dB] [ET     1 ] [L0 ] [L1 ]
POC  385 TId: 0 ( I-SLICE, nQP 26 QP 26 )     484968 bits [Y 99.9900 dB    U 99.9900 dB    V 99.9900 dB] [ET     1 ] [L0 ] [L1 ]
POC  386 TId: 0 ( I-SLICE, nQP 26 QP 26 )     490640 bits [Y 99.9900 dB    U 99.9900 dB    V 99.9900 dB] [ET     1 ] [L0 ] [L1 ]
POC  387 TId: 0 ( I-SLICE, nQP 26 QP 26 )     493384 bits [Y 99.9900 dB    U 99.9900 dB    V 99.9900 dB] [ET     1 ] [L0 ] [L1 ]
POC  388 TId: 0 ( I-SLICE, nQP 26 QP 26 )     496440 bits [Y 99.9900 dB    U 99.9900 dB    V 99.9900 dB] [ET     1 ] [L0 ] [L1 ]
POC  389 TId: 0 ( I-SLICE, nQP 26 QP 26 )     498672 bits [Y 99.9900 dB    U 99.9900 dB    V 99.9900 dB] [ET     1 ] [L0 ] [L1 ]
POC  390 TId: 0 ( I-SLICE, nQP 26 QP 26 )     499648 bits [Y 99.9900 dB    U 99.9900 dB    V 99.9900 dB] [ET     1 ] [L0 ] [L1 ]
POC  391 TId: 0 ( I-SLICE, nQP 26 QP 26 )     498584 bits [Y 99.9900 dB    U 99.9900 dB    V 99.9900 dB] [ET     1 ] [L0 ] [L1 ]
POC  392 TId: 0 ( I-SLICE, nQP 26 QP 26 )     492528 bits [Y 99.9900 dB    U 99.9900 dB    V 99.9900 dB] [ET     1 ] [L0 ] [L1 ]
POC  393 TId: 0 ( I-SLICE, nQP 26 QP 26 )     485696 bits [Y 99.9900 dB    U 99.9900 dB    V 99.9900 dB] [ET     1 ] [L0 ] [L1 ]
POC  394 TId: 0 ( I-SLICE, nQP 26 QP 26 )     477072 bits [Y 99.9900 dB    U 99.9900 dB    V 99.9900 dB] [ET     1 ] [L0 ] [L1 ]
POC  395 TId: 0 ( I-SLICE, nQP 26 QP 26 )     469416 bits [Y 99.9900 dB    U 99.9900 dB    V 99.9900 dB] [ET     1 ] [L0 ] [L1 ]
POC  396 TId: 0 ( I-SLICE, nQP 26 QP 26 )     464696 bits [Y 99.9900 dB    U 99.9900 dB    V 99.9900 dB] [ET     1 ] [L0 ] [L1 ]
POC  397 TId: 0 ( I-SLICE, nQP 26 QP 26 )     464448 bits [Y 99.9900 dB    U 99.9900 dB    V 99.9900 dB] [ET     1 ] [L0 ] [L1 ]
POC  398 TId: 0 ( I-SLICE, nQP 26 QP 26 )     465264 bits [Y 99.9900 dB    U 99.9900 dB    V 99.9900 dB] [ET     1 ] [L0 ] [L1 ]
POC  399 TId: 0 ( I-SLICE, nQP 26 QP 26 )     464360 bits [Y 99.9900 dB    U 99.9900 dB    V 99.9900 dB] [ET     1 ] [L0 ] [L1 ]
POC  400 TId: 0 ( I-SLICE, nQP 26 QP 26 )     465896 bits [Y 99.9900 dB    U 99.9900 dB    V 99.9900 dB] [ET     1 ] [L0 ] [L1 ]
POC  401 TId: 0 ( I-SLICE, nQP 26 QP 26 )     468912 bits [Y 99.9900 dB    U 99.9900 dB    V 99.9900 dB] [ET     1 ] [L0 ] [L1 ]
POC  402 TId: 0 ( I-SLICE, nQP 26 QP 26 )     470440 bits [Y 99.9900 dB    U 99.9900 dB    V 99.9900 dB] [ET     1 ] [L0 ] [L1 ]
POC  403 TId: 0 ( I-SLICE, nQP 26 QP 26 )     474560 bits [Y 99.9900 dB    U 99.9900 dB    V 99.9900 dB] [ET     1 ] [L0 ] [L1 ]
POC  404 TId: 0 ( I-SLICE, nQP 26 QP 26 )     480936 bits [Y 99.9900 dB    U 99.9900 dB    V 99.9900 dB] [ET     1 ] [L0 ] [L1 ]
POC  405 TId: 0 ( I-SLICE, nQP 26 QP 26 )     487888 bits [Y 99.9900 dB    U 99.9900 dB    V 99.9900 dB] [ET     1 ] [L0 ] [L1 ]
POC  406 TId: 0 ( I-SLICE, nQP 26 QP 26 )     497016 bits [Y 99.9900 dB    U 99.9900 dB    V 99.9900 dB] [ET     1 ] [L0 ] [L1 ]
POC  407 TId: 0 ( I-SLICE, nQP 26 QP 26 )     504104 bits [Y 99.9900 dB    U 99.9900 dB    V 99.9900 dB] [ET     1 ] [L0 ] [L1 ]
POC  408 TId: 0 ( I-SLICE, nQP 26 QP 26 )     506856 bits [Y 99.9900 dB    U 99.9900 dB    V 99.9900 dB] [ET     1 ] [L0 ] [L1 ]
POC  409 TId: 0 ( I-SLICE, nQP 26 QP 26 )     512120 bits [Y 99.9900 dB    U 99.9900 dB    V 99.9900 dB] [ET     1 ] [L0 ] [L1 ]
POC  410 TId: 0 ( I-SLICE, nQP 26 QP 26 )     517208 bits [Y 99.9900 dB    U 99.9900 dB    V 99.9900 dB] [ET     1 ] [L0 ] [L1 ]
POC  411 TId: 0 ( I-SLICE, nQP 26 QP 26 )     522304 bits [Y 99.9900 dB    U 99.9900 dB    V 99.9900 dB] [ET     1 ] [L0 ] [L1 ]
POC  412 TId: 0 ( I-SLICE, nQP 26 QP 26 )     523176 bits [Y 99.9900 dB    U 99.9900 dB    V 99.9900 dB] [ET     1 ] [L0 ] [L1 ]
POC  413 TId: 0 ( I-SLICE, nQP 26 QP 26 )     521680 bits [Y 99.9900 dB    U 99.9900 dB    V 99.9900 dB] [ET     1 ] [L0 ] [L1 ]
POC  414 TId: 0 ( I-SLICE, nQP 26 QP 26 )     521456 bits [Y 99.9900 dB    U 99.9900 dB    V 99.9900 dB] [ET     1 ] [L0 ] [L1 ]
POC  415 TId: 0 ( I-SLICE, nQP 26 QP 26 )     518976 bits [Y 99.9900 dB    U 99.9900 dB    V 99.9900 dB] [ET     1 ] [L0 ] [L1 ]
POC  416 TId: 0 ( I-SLICE, nQP 26 QP 26 )     518128 bits [Y 99.9900 dB    U 99.9900 dB    V 99.9900 dB] [ET     1 ] [L0 ] [L1 ]
POC  417 TId: 0 ( I-SLICE, nQP 26 QP 26 )     514208 bits [Y 99.9900 dB    U 99.9900 dB    V 99.9900 dB] [ET     1 ] [L0 ] [L1 ]
POC  418 TId: 0 ( I-SLICE, nQP 26 QP 26 )     507440 bits [Y 99.9900 dB    U 99.9900 dB    V 99.9900 dB] [ET     1 ] [L0 ] [L1 ]
POC  419 TId: 0 ( I-SLICE, nQP 26 QP 26 )     502536 bits [Y 99.9900 dB    U 99.9900 dB    V 99.9900 dB] [ET     1 ] [L0 ] [L1 ]
POC  420 TId: 0 ( I-SLICE, nQP 26 QP 26 )     497592 bits [Y 99.9900 dB    U 99.9900 dB    V 99.9900 dB] [ET     1 ] [L0 ] [L1 ]
POC  421 TId: 0 ( I-SLICE, nQP 26 QP 26 )     491648 bits [Y 99.9900 dB    U 99.9900 dB    V 99.9900 dB] [ET     1 ] [L0 ] [L1 ]
POC  422 TId: 0 ( I-SLICE, nQP 26 QP 26 )     487304 bits [Y 99.9900 dB    U 99.9900 dB    V 99.9900 dB] [ET     1 ] [L0 ] [L1 ]
POC  423 TId: 0 ( I-SLICE, nQP 26 QP 26 )     487008 bits [Y 99.9900 dB    U 99.9900 dB    V 99.9900 dB] [ET     1 ] [L0 ] [L1 ]
POC  424 TId: 0 ( I-SLICE, nQP 26 QP 26 )     484272 bits [Y 99.9900 dB    U 99.9900 dB    V 99.9900 dB] [ET     1 ] [L0 ] [L1 ]
POC  425 TId: 0 ( I-SLICE, nQP 26 QP 26 )     477704 bits [Y 99.9900 dB    U 99.9900 dB    V 99.9900 dB] [ET     1 ] [L0 ] [L1 ]
POC  426 TId: 0 ( I-SLICE, nQP 26 QP 26 )     475496 bits [Y 99.9900 dB    U 99.9900 dB    V 99.9900 dB] [ET     1 ] [L0 ] [L1 ]
POC  427 TId: 0 ( I-SLICE, nQP 26 QP 26 )     476216 bits [Y 99.9900 dB    U 99.9900 dB    V 99.9900 dB] [ET     1 ] [L0 ] [L1 ]
POC  428 TId: 0 ( I-SLICE, nQP 26 QP 26 )     477328 bits [Y 99.9900 dB    U 99.9900 dB    V 99.9900 dB] [ET     1 ] [L0 ] [L1 ]
POC  429 TId: 0 ( I-SLICE, nQP 26 QP 26 )     478712 bits [Y 99.9900 dB    U 99.9900 dB    V 99.9900 dB] [ET     1 ] [L0 ] [L1 ]
POC  430 TId: 0 ( I-SLICE, nQP 26 QP 26 )     482768 bits [Y 99.9900 dB    U 99.9900 dB    V 99.9900 dB] [ET     1 ] [L0 ] [L1 ]
POC  431 TId: 0 ( I-SLICE, nQP 26 QP 26 )     482984 bits [Y 99.9900 dB    U 99.9900 dB    V 99.9900 dB] [ET     1 ] [L0 ] [L1 ]
POC  432 TId: 0 ( I-SLICE, nQP 26 QP 26 )     477392 bits [Y 99.9900 dB    U 99.9900 dB    V 99.9900 dB] [ET     1 ] [L0 ] [L1 ]
POC  433 TId: 0 ( I-SLICE, nQP 26 QP 26 )     473024 bits [Y 99.9900 dB    U 99.9900 dB    V 99.9900 dB] [ET     1 ] [L0 ] [L1 ]
POC  434 TId: 0 ( I-SLICE, nQP 26 QP 26 )     468096 bits [Y 99.9900 dB    U 99.9900 dB    V 99.9900 dB] [ET     1 ] [L0 ] [L1 ]
POC  435 TId: 0 ( I-SLICE, nQP 26 QP 26 )     463616 bits [Y 99.9900 dB    U 99.9900 dB    V 99.9900 dB] [ET     1 ] [L0 ] [L1 ]
POC  436 TId: 0 ( I-SLICE, nQP 26 QP 26 )     457440 bits [Y 99.9900 dB    U 99.9900 dB    V 99.9900 dB] [ET     1 ] [L0 ] [L1 ]
POC  437 TId: 0 ( I-SLICE, nQP 26 QP 26 )     450088 bits [Y 99.9900 dB    U 99.9900 dB    V 99.9900 dB] [ET     1 ] [L0 ] [L1 ]
POC  438 TId: 0 ( I-SLICE, nQP 26 QP 26 )     447248 bits [Y 99.9900 dB    U 99.9900 dB    V 99.9900 dB] [ET     1 ] [L0 ] [L1 ]
POC  439 TId: 0 ( I-SLICE, nQP 26 QP 26 )     450576 bits [Y 99.9900 dB    U 99.9900 dB    V 99.9900 dB] [ET     1 ] [L0 ] [L1 ]
POC  440 TId: 0 ( I-SLICE, nQP 26 QP 26 )     459336 bits [Y 99.9900 dB    U 99.9900 dB    V 99.9900 dB] [ET     1 ] [L0 ] [L1 ]
POC  441 TId: 0 ( I-SLICE, nQP 26 QP 26 )     466488 bits [Y 99.9900 dB    U 99.9900 dB    V 99.9900 dB] [ET     1 ] [L0 ] [L1 ]
POC  442 TId: 0 ( I-SLICE, nQP 26 QP 26 )     466904 bits [Y 99.9900 dB    U 99.9900 dB    V 99.9900 dB] [ET     1 ] [L0 ] [L1 ]
POC  443 TId: 0 ( I-SLICE, nQP 26 QP 26 )     466880 bits [Y 99.9900 dB    U 99.9900 dB    V 99.9900 dB] [ET     1 ] [L0 ] [L1 ]
POC  444 TId: 0 ( I-SLICE, nQP 26 QP 26 )     464120 bits [Y 99.9900 dB    U 99.9900 dB    V 99.9900 dB] [ET     1 ] [L0 ] [L1 ]
POC  445 TId: 0 ( I-SLICE, nQP 26 QP 26 )     455016 bits [Y 99.9900 dB    U 99.9900 dB    V 99.9900 dB] [ET     1 ] [L0 ] [L1 ]
POC  446 TId: 0 ( I-SLICE, nQP 26 QP 26 )     445016 bits [Y 99.9900 dB    U 99.9900 dB    V 99.9900 dB] [ET     1 ] [L0 ] [L1 ]
POC  447 TId: 0 ( I-SLICE, nQP 26 QP 26 )     436608 bits [Y 99.9900 dB    U 99.9900 dB    V 99.9900 dB] [ET     1 ] [L0 ] [L1 ]
POC  448 TId: 0 ( I-SLICE, nQP 26 QP 26 )     430832 bits [Y 99.9900 dB    U 99.9900 dB    V 99.9900 dB] [ET     1 ] [L0 ] [L1 ]
POC  449 TId: 0 ( I-SLICE, nQP 26 QP 26 )     427784 bits [Y 99.9900 dB    U 99.9900 dB    V 99.9900 dB] [ET     1 ] [L0 ] [L1 ]
POC  450 TId: 0 ( I-SLICE, nQP 26 QP 26 )     430672 bits [Y 99.9900 dB    U 99.9900 dB    V 99.9900 dB] [ET     1 ] [L0 ] [L1 ]
POC  451 TId: 0 ( I-SLICE, nQP 26 QP 26 )     437584 bits [Y 99.9900 dB    U 99.9900 dB    V 99.9900 dB] [ET     1 ] [L0 ] [L1 ]
POC  452 TId: 0 ( I-SLICE, nQP 26 QP 26 )     453000 bits [Y 99.9900 dB    U 99.9900 dB    V 99.9900 dB] [ET     1 ] [L0 ] [L1 ]
POC  453 TId: 0 ( I-SLICE, nQP 26 QP 26 )     465648 bits [Y 99.9900 dB    U 99.9900 dB    V 99.9900 dB] [ET     1 ] [L0 ] [L1 ]
POC  454 TId: 0 ( I-SLICE, nQP 26 QP 26 )     472824 bits [Y 99.9900 dB    U 99.9900 dB    V 99.9900 dB] [ET     1 ] [L0 ] [L1 ]
POC  455 TId: 0 ( I-SLICE, nQP 26 QP 26 )     472800 bits [Y 99.9900 dB    U 99.9900 dB    V 99.9900 dB] [ET     1 ] [L0 ] [L1 ]
POC  456 TId: 0 ( I-SLICE, nQP 26 QP 26 )     472592 bits [Y 99.9900 dB    U 99.9900 dB    V 99.9900 dB] [ET     1 ] [L0 ] [L1 ]
POC  457 TId: 0 ( I-SLICE, nQP 26 QP 26 )     471040 bits [Y 99.9900 dB    U 99.9900 dB    V 99.9900 dB] [ET     1 ] [L0 ] [L1 ]
POC  458 TId: 0 ( I-SLICE, nQP 26 QP 26 )     467720 bits [Y 99.9900 dB    U 99.9900 dB    V 99.9900 dB] [ET     1 ] [L0 ] [L1 ]
POC  459 TId: 0 ( I-SLICE, nQP 26 QP 26 )     464544 bits [Y 99.9900 dB    U 99.9900 dB    V 99.9900 dB] [ET     1 ] [L0 ] [L1 ]
POC  460 TId: 0 ( I-SLICE, nQP 26 QP 26 )     466128 bits [Y 99.9900 dB    U 99.9900 dB    V 99.9900 dB] [ET     1 ] [L0 ] [L1 ]
POC  461 TId: 0 ( I-SLICE, nQP 26 QP 26 )     469360 bits [Y 99.9900 dB    U 99.9900 dB    V 99.9900 dB] [ET     1 ] [L0 ] [L1 ]
POC  462 TId: 0 ( I-SLICE, nQP 26 QP 26 )     475000 bits [Y 99.9900 dB    U 99.9900 dB    V 99.9900 dB] [ET     1 ] [L0 ] [L1 ]
POC  463 TId: 0 ( I-SLICE, nQP 26 QP 26 )     476184 bits [Y 99.9900 dB    U 99.9900 dB    V 99.9900 dB] [ET     1 ] [L0 ] [L1 ]
POC  464 TId: 0 ( I-SLICE, nQP 26 QP 26 )     475456 bits [Y 99.9900 dB    U 99.9900 dB    V 99.9900 dB] [ET     1 ] [L0 ] [L1 ]
POC  465 TId: 0 ( I-SLICE, nQP 26 QP 26 )     471136 bits [Y 99.9900 dB    U 99.9900 dB    V 99.9900 dB] [ET     1 ] [L0 ] [L1 ]
POC  466 TId: 0 ( I-SLICE, nQP 26 QP 26 )     466744 bits [Y 99.9900 dB    U 99.9900 dB    V 99.9900 dB] [ET     1 ] [L0 ] [L1 ]
POC  467 TId: 0 ( I-SLICE, nQP 26 QP 26 )     467768 bits [Y 99.9900 dB    U 99.9900 dB    V 99.9900 dB] [ET     1 ] [L0 ] [L1 ]
POC  468 TId: 0 ( I-SLICE, nQP 26 QP 26 )     469720 bits [Y 99.9900 dB    U 99.9900 dB    V 99.9900 dB] [ET     1 ] [L0 ] [L1 ]
POC  469 TId: 0 ( I-SLICE, nQP 26 QP 26 )     471352 bits [Y 99.9900 dB    U 99.9900 dB    V 99.9900 dB] [ET     1 ] [L0 ] [L1 ]
POC  470 TId: 0 ( I-SLICE, nQP 26 QP 26 )     472768 bits [Y 99.9900 dB    U 99.9900 dB    V 99.9900 dB] [ET     1 ] [L0 ] [L1 ]
POC  471 TId: 0 ( I-SLICE, nQP 26 QP 26 )     476800 bits [Y 99.9900 dB    U 99.9900 dB    V 99.9900 dB] [ET     1 ] [L0 ] [L1 ]
POC  472 TId: 0 ( I-SLICE, nQP 26 QP 26 )     483136 bits [Y 99.9900 dB    U 99.9900 dB    V 99.9900 dB] [ET     1 ] [L0 ] [L1 ]
POC  473 TId: 0 ( I-SLICE, nQP 26 QP 26 )     488376 bits [Y 99.9900 dB    U 99.9900 dB    V 99.9900 dB] [ET     1 ] [L0 ] [L1 ]
POC  474 TId: 0 ( I-SLICE, nQP 26 QP 26 )     492104 bits [Y 99.9900 dB    U 99.9900 dB    V 99.9900 dB] [ET     1 ] [L0 ] [L1 ]
POC  475 TId: 0 ( I-SLICE, nQP 26 QP 26 )     500128 bits [Y 99.9900 dB    U 99.9900 dB    V 99.9900 dB] [ET     1 ] [L0 ] [L1 ]
POC  476 TId: 0 ( I-SLICE, nQP 26 QP 26 )     508168 bits [Y 99.9900 dB    U 99.9900 dB    V 99.9900 dB] [ET     1 ] [L0 ] [L1 ]
POC  477 TId: 0 ( I-SLICE, nQP 26 QP 26 )     513984 bits [Y 99.9900 dB    U 99.9900 dB    V 99.9900 dB] [ET     1 ] [L0 ] [L1 ]
POC  478 TId: 0 ( I-SLICE, nQP 26 QP 26 )     489320 bits [Y 99.9900 dB    U 99.9900 dB    V 99.9900 dB] [ET     1 ] [L0 ] [L1 ]
POC  479 TId: 0 ( I-SLICE, nQP 26 QP 26 )     464232 bits [Y 99.9900 dB    U 99.9900 dB    V 99.9900 dB] [ET     1 ] [L0 ] [L1 ]
POC  480 TId: 0 ( I-SLICE, nQP 26 QP 26 )     448800 bits [Y 99.9900 dB    U 99.9900 dB    V 99.9900 dB] [ET     1 ] [L0 ] [L1 ]
POC  481 TId: 0 ( I-SLICE, nQP 26 QP 26 )     432992 bits [Y 99.9900 dB    U 99.9900 dB    V 99.9900 dB] [ET     1 ] [L0 ] [L1 ]
POC  482 TId: 0 ( I-SLICE, nQP 26 QP 26 )     416264 bits [Y 99.9900 dB    U 99.9900 dB    V 99.9900 dB] [ET     1 ] [L0 ] [L1 ]
POC  483 TId: 0 ( I-SLICE, nQP 26 QP 26 )     403240 bits [Y 99.9900 dB    U 99.9900 dB    V 99.9900 dB] [ET     1 ] [L0 ] [L1 ]
POC  484 TId: 0 ( I-SLICE, nQP 26 QP 26 )     392736 bits [Y 99.9900 dB    U 99.9900 dB    V 99.9900 dB] [ET     1 ] [L0 ] [L1 ]
POC  485 TId: 0 ( I-SLICE, nQP 26 QP 26 )     383944 bits [Y 99.9900 dB    U 99.9900 dB    V 99.9900 dB] [ET     1 ] [L0 ] [L1 ]
POC  486 TId: 0 ( I-SLICE, nQP 26 QP 26 )     378344 bits [Y 99.9900 dB    U 99.9900 dB    V 99.9900 dB] [ET     1 ] [L0 ] [L1 ]
POC  487 TId: 0 ( I-SLICE, nQP 26 QP 26 )     372648 bits [Y 99.9900 dB    U 99.9900 dB    V 99.9900 dB] [ET     1 ] [L0 ] [L1 ]
POC  488 TId: 0 ( I-SLICE, nQP 26 QP 26 )     369128 bits [Y 99.9900 dB    U 99.9900 dB    V 99.9900 dB] [ET     1 ] [L0 ] [L1 ]
POC  489 TId: 0 ( I-SLICE, nQP 26 QP 26 )     364288 bits [Y 99.9900 dB    U 99.9900 dB    V 99.9900 dB] [ET     1 ] [L0 ] [L1 ]
POC  490 TId: 0 ( I-SLICE, nQP 26 QP 26 )     358624 bits [Y 99.9900 dB    U 99.9900 dB    V 99.9900 dB] [ET     1 ] [L0 ] [L1 ]
POC  491 TId: 0 ( I-SLICE, nQP 26 QP 26 )     350744 bits [Y 99.9900 dB    U 99.9900 dB    V 99.9900 dB] [ET     1 ] [L0 ] [L1 ]
POC  492 TId: 0 ( I-SLICE, nQP 26 QP 26 )     343504 bits [Y 99.9900 dB    U 99.9900 dB    V 99.9900 dB] [ET     1 ] [L0 ] [L1 ]
POC  493 TId: 0 ( I-SLICE, nQP 26 QP 26 )     338928 bits [Y 99.9900 dB    U 99.9900 dB    V 99.9900 dB] [ET     1 ] [L0 ] [L1 ]
POC  494 TId: 0 ( I-SLICE, nQP 26 QP 26 )     338392 bits [Y 99.9900 dB    U 99.9900 dB    V 99.9900 dB] [ET     1 ] [L0 ] [L1 ]
POC  495 TId: 0 ( I-SLICE, nQP 26 QP 26 )     343800 bits [Y 99.9900 dB    U 99.9900 dB    V 99.9900 dB] [ET     1 ] [L0 ] [L1 ]
POC  496 TId: 0 ( I-SLICE, nQP 26 QP 26 )     345592 bits [Y 99.9900 dB    U 99.9900 dB    V 99.9900 dB] [ET     1 ] [L0 ] [L1 ]
POC  497 TId: 0 ( I-SLICE, nQP 26 QP 26 )     351368 bits [Y 99.9900 dB    U 99.9900 dB    V 99.9900 dB] [ET     1 ] [L0 ] [L1 ]
POC  498 TId: 0 ( I-SLICE, nQP 26 QP 26 )     357096 bits [Y 99.9900 dB    U 99.9900 dB    V 99.9900 dB] [ET     1 ] [L0 ] [L1 ]
POC  499 TId: 0 ( I-SLICE, nQP 26 QP 26 )     364640 bits [Y 99.9900 dB    U 99.9900 dB    V 99.9900 dB] [ET     1 ] [L0 ] [L1 ]


SUMMARY --------------------------------------------------------
	Total Frames |  Bitrate    Y-PSNR    U-PSNR    V-PSNR 
	      500    a  24933.4384   99.9900   99.9900   99.9900


I Slices--------------------------------------------------------
	Total Frames |  Bitrate    Y-PSNR    U-PSNR    V-PSNR 
	      500    i  24933.4384   99.9900   99.9900   99.9900


P Slices--------------------------------------------------------
	Total Frames |  Bitrate    Y-PSNR    U-PSNR    V-PSNR 
	        0    p        -nan      -nan      -nan      -nan


B Slices--------------------------------------------------------
	Total Frames |  Bitrate    Y-PSNR    U-PSNR    V-PSNR 
	        0    b        -nan      -nan      -nan      -nan

RVM: 0.000
Bytes written to file: 31168809 (24935.047 kbps)

 Total Time:      415.688 sec.
