
HM software: Encoder Version [15.0][Linux][GCC 4.8.5][64 bit] 

Input          File          : ../../HEVC_test_sequence/ClassC/BasketballDrill_832x480_50.yuv
Bitstream      File          : BasketballDrill.bin
Reconstruction File          : BasketballDrill.yuv
Real     Format              : 832x480 50Hz
Internal Format              : 832x480 50Hz
Frame/Field                  : Frame based coding
Frame index                  : 0 - 499 (500 frames)
CU size / depth              : 64 / 4
RQT trans. size (min / max)  : 4 / 32
Max RQT depth inter          : 3
Max RQT depth intra          : 3
Min PCM size                 : 8
Motion search range          : 64
Intra period                 : 1
Decoding refresh type        : 0
QP                           : 26.00
Max dQP signaling depth      : 0
Cb QP Offset                 : 0
Cr QP Offset                 : 0
QP adaptation                : 0 (range=0)
GOP size                     : 1
Internal bit depth           : (Y:8, C:8)
PCM sample bit depth         : (Y:8, C:8)
RateControl                  : 0
Max Num Merge Candidates     : 5

TOOL CFG: IBD:0 HAD:0 RDQ:0 RDQTS:0 RDpenalty:0 SQP:0 ASR:0 FEN:0 ECU:0 FDM:0 CFM:0 ESD:0 RQT:1 TransformSkip:0 TransformSkipFast:0 Slice: M=0 SliceSegment: M=0 CIP:0 SAO:0 PCM:0 TransQuantBypassEnabled: =1 WPP:0 WPB:0 PME:2  WaveFrontSynchro:0 WaveFrontSubstreams:1 ScalingList:0 TMVPMode:1 AQpS:0 SignBitHidingFlag:1 RecalQP:0

POC    0 TId: 0 ( I-SLICE, nQP 26 QP 26 )    2244696 bits [Y 99.9900 dB    U 99.9900 dB    V 99.9900 dB] [ET     3 ] [L0 ] [L1 ]
POC    1 TId: 0 ( I-SLICE, nQP 26 QP 26 )    2244208 bits [Y 99.9900 dB    U 99.9900 dB    V 99.9900 dB] [ET     3 ] [L0 ] [L1 ]
POC    2 TId: 0 ( I-SLICE, nQP 26 QP 26 )    2240720 bits [Y 99.9900 dB    U 99.9900 dB    V 99.9900 dB] [ET     3 ] [L0 ] [L1 ]
POC    3 TId: 0 ( I-SLICE, nQP 26 QP 26 )    2238376 bits [Y 99.9900 dB    U 99.9900 dB    V 99.9900 dB] [ET     3 ] [L0 ] [L1 ]
POC    4 TId: 0 ( I-SLICE, nQP 26 QP 26 )    2237768 bits [Y 99.9900 dB    U 99.9900 dB    V 99.9900 dB] [ET     3 ] [L0 ] [L1 ]
POC    5 TId: 0 ( I-SLICE, nQP 26 QP 26 )    2235088 bits [Y 99.9900 dB    U 99.9900 dB    V 99.9900 dB] [ET     3 ] [L0 ] [L1 ]
POC    6 TId: 0 ( I-SLICE, nQP 26 QP 26 )    2230184 bits [Y 99.9900 dB    U 99.9900 dB    V 99.9900 dB] [ET     3 ] [L0 ] [L1 ]
POC    7 TId: 0 ( I-SLICE, nQP 26 QP 26 )    2235640 bits [Y 99.9900 dB    U 99.9900 dB    V 99.9900 dB] [ET     3 ] [L0 ] [L1 ]
POC    8 TId: 0 ( I-SLICE, nQP 26 QP 26 )    2237760 bits [Y 99.9900 dB    U 99.9900 dB    V 99.9900 dB] [ET     3 ] [L0 ] [L1 ]
POC    9 TId: 0 ( I-SLICE, nQP 26 QP 26 )    2226120 bits [Y 99.9900 dB    U 99.9900 dB    V 99.9900 dB] [ET     3 ] [L0 ] [L1 ]
POC   10 TId: 0 ( I-SLICE, nQP 26 QP 26 )    2246432 bits [Y 99.9900 dB    U 99.9900 dB    V 99.9900 dB] [ET     3 ] [L0 ] [L1 ]
POC   11 TId: 0 ( I-SLICE, nQP 26 QP 26 )    2241520 bits [Y 99.9900 dB    U 99.9900 dB    V 99.9900 dB] [ET     3 ] [L0 ] [L1 ]
POC   12 TId: 0 ( I-SLICE, nQP 26 QP 26 )    2256640 bits [Y 99.9900 dB    U 99.9900 dB    V 99.9900 dB] [ET     3 ] [L0 ] [L1 ]
POC   13 TId: 0 ( I-SLICE, nQP 26 QP 26 )    2261168 bits [Y 99.9900 dB    U 99.9900 dB    V 99.9900 dB] [ET     3 ] [L0 ] [L1 ]
POC   14 TId: 0 ( I-SLICE, nQP 26 QP 26 )    2263808 bits [Y 99.9900 dB    U 99.9900 dB    V 99.9900 dB] [ET     3 ] [L0 ] [L1 ]
POC   15 TId: 0 ( I-SLICE, nQP 26 QP 26 )    2267240 bits [Y 99.9900 dB    U 99.9900 dB    V 99.9900 dB] [ET     3 ] [L0 ] [L1 ]
POC   16 TId: 0 ( I-SLICE, nQP 26 QP 26 )    2270480 bits [Y 99.9900 dB    U 99.9900 dB    V 99.9900 dB] [ET     3 ] [L0 ] [L1 ]
POC   17 TId: 0 ( I-SLICE, nQP 26 QP 26 )    2279272 bits [Y 99.9900 dB    U 99.9900 dB    V 99.9900 dB] [ET     3 ] [L0 ] [L1 ]
POC   18 TId: 0 ( I-SLICE, nQP 26 QP 26 )    2275464 bits [Y 99.9900 dB    U 99.9900 dB    V 99.9900 dB] [ET     3 ] [L0 ] [L1 ]
POC   19 TId: 0 ( I-SLICE, nQP 26 QP 26 )    2281608 bits [Y 99.9900 dB    U 99.9900 dB    V 99.9900 dB] [ET     3 ] [L0 ] [L1 ]
POC   20 TId: 0 ( I-SLICE, nQP 26 QP 26 )    2286728 bits [Y 99.9900 dB    U 99.9900 dB    V 99.9900 dB] [ET     3 ] [L0 ] [L1 ]
POC   21 TId: 0 ( I-SLICE, nQP 26 QP 26 )    2289096 bits [Y 99.9900 dB    U 99.9900 dB    V 99.9900 dB] [ET     3 ] [L0 ] [L1 ]
POC   22 TId: 0 ( I-SLICE, nQP 26 QP 26 )    2290008 bits [Y 99.9900 dB    U 99.9900 dB    V 99.9900 dB] [ET     3 ] [L0 ] [L1 ]
POC   23 TId: 0 ( I-SLICE, nQP 26 QP 26 )    2289744 bits [Y 99.9900 dB    U 99.9900 dB    V 99.9900 dB] [ET     3 ] [L0 ] [L1 ]
POC   24 TId: 0 ( I-SLICE, nQP 26 QP 26 )    2290544 bits [Y 99.9900 dB    U 99.9900 dB    V 99.9900 dB] [ET     3 ] [L0 ] [L1 ]
POC   25 TId: 0 ( I-SLICE, nQP 26 QP 26 )    2292416 bits [Y 99.9900 dB    U 99.9900 dB    V 99.9900 dB] [ET     3 ] [L0 ] [L1 ]
POC   26 TId: 0 ( I-SLICE, nQP 26 QP 26 )    2292616 bits [Y 99.9900 dB    U 99.9900 dB    V 99.9900 dB] [ET     3 ] [L0 ] [L1 ]
POC   27 TId: 0 ( I-SLICE, nQP 26 QP 26 )    2290152 bits [Y 99.9900 dB    U 99.9900 dB    V 99.9900 dB] [ET     3 ] [L0 ] [L1 ]
POC   28 TId: 0 ( I-SLICE, nQP 26 QP 26 )    2289312 bits [Y 99.9900 dB    U 99.9900 dB    V 99.9900 dB] [ET     3 ] [L0 ] [L1 ]
POC   29 TId: 0 ( I-SLICE, nQP 26 QP 26 )    2281848 bits [Y 99.9900 dB    U 99.9900 dB    V 99.9900 dB] [ET     3 ] [L0 ] [L1 ]
POC   30 TId: 0 ( I-SLICE, nQP 26 QP 26 )    2278240 bits [Y 99.9900 dB    U 99.9900 dB    V 99.9900 dB] [ET     3 ] [L0 ] [L1 ]
POC   31 TId: 0 ( I-SLICE, nQP 26 QP 26 )    2274792 bits [Y 99.9900 dB    U 99.9900 dB    V 99.9900 dB] [ET     3 ] [L0 ] [L1 ]
POC   32 TId: 0 ( I-SLICE, nQP 26 QP 26 )    2280304 bits [Y 99.9900 dB    U 99.9900 dB    V 99.9900 dB] [ET     3 ] [L0 ] [L1 ]
POC   33 TId: 0 ( I-SLICE, nQP 26 QP 26 )    2286064 bits [Y 99.9900 dB    U 99.9900 dB    V 99.9900 dB] [ET     4 ] [L0 ] [L1 ]
POC   34 TId: 0 ( I-SLICE, nQP 26 QP 26 )    2272896 bits [Y 99.9900 dB    U 99.9900 dB    V 99.9900 dB] [ET     3 ] [L0 ] [L1 ]
POC   35 TId: 0 ( I-SLICE, nQP 26 QP 26 )    2257648 bits [Y 99.9900 dB    U 99.9900 dB    V 99.9900 dB] [ET     3 ] [L0 ] [L1 ]
POC   36 TId: 0 ( I-SLICE, nQP 26 QP 26 )    2246088 bits [Y 99.9900 dB    U 99.9900 dB    V 99.9900 dB] [ET     3 ] [L0 ] [L1 ]
POC   37 TId: 0 ( I-SLICE, nQP 26 QP 26 )    2235936 bits [Y 99.9900 dB    U 99.9900 dB    V 99.9900 dB] [ET     3 ] [L0 ] [L1 ]
POC   38 TId: 0 ( I-SLICE, nQP 26 QP 26 )    2230456 bits [Y 99.9900 dB    U 99.9900 dB    V 99.9900 dB] [ET     3 ] [L0 ] [L1 ]
POC   39 TId: 0 ( I-SLICE, nQP 26 QP 26 )    2234256 bits [Y 99.9900 dB    U 99.9900 dB    V 99.9900 dB] [ET     3 ] [L0 ] [L1 ]
POC   40 TId: 0 ( I-SLICE, nQP 26 QP 26 )    2240208 bits [Y 99.9900 dB    U 99.9900 dB    V 99.9900 dB] [ET     3 ] [L0 ] [L1 ]
POC   41 TId: 0 ( I-SLICE, nQP 26 QP 26 )    2247120 bits [Y 99.9900 dB    U 99.9900 dB    V 99.9900 dB] [ET     3 ] [L0 ] [L1 ]
POC   42 TId: 0 ( I-SLICE, nQP 26 QP 26 )    2251240 bits [Y 99.9900 dB    U 99.9900 dB    V 99.9900 dB] [ET     3 ] [L0 ] [L1 ]
POC   43 TId: 0 ( I-SLICE, nQP 26 QP 26 )    2254960 bits [Y 99.9900 dB    U 99.9900 dB    V 99.9900 dB] [ET     3 ] [L0 ] [L1 ]
POC   44 TId: 0 ( I-SLICE, nQP 26 QP 26 )    2256096 bits [Y 99.9900 dB    U 99.9900 dB    V 99.9900 dB] [ET     3 ] [L0 ] [L1 ]
POC   45 TId: 0 ( I-SLICE, nQP 26 QP 26 )    2260752 bits [Y 99.9900 dB    U 99.9900 dB    V 99.9900 dB] [ET     3 ] [L0 ] [L1 ]
POC   46 TId: 0 ( I-SLICE, nQP 26 QP 26 )    2258384 bits [Y 99.9900 dB    U 99.9900 dB    V 99.9900 dB] [ET     3 ] [L0 ] [L1 ]
POC   47 TId: 0 ( I-SLICE, nQP 26 QP 26 )    2259624 bits [Y 99.9900 dB    U 99.9900 dB    V 99.9900 dB] [ET     3 ] [L0 ] [L1 ]
POC   48 TId: 0 ( I-SLICE, nQP 26 QP 26 )    2265168 bits [Y 99.9900 dB    U 99.9900 dB    V 99.9900 dB] [ET     3 ] [L0 ] [L1 ]
POC   49 TId: 0 ( I-SLICE, nQP 26 QP 26 )    2260080 bits [Y 99.9900 dB    U 99.9900 dB    V 99.9900 dB] [ET     3 ] [L0 ] [L1 ]
POC   50 TId: 0 ( I-SLICE, nQP 26 QP 26 )    2268712 bits [Y 99.9900 dB    U 99.9900 dB    V 99.9900 dB] [ET     3 ] [L0 ] [L1 ]
POC   51 TId: 0 ( I-SLICE, nQP 26 QP 26 )    2266248 bits [Y 99.9900 dB    U 99.9900 dB    V 99.9900 dB] [ET     3 ] [L0 ] [L1 ]
POC   52 TId: 0 ( I-SLICE, nQP 26 QP 26 )    2269136 bits [Y 99.9900 dB    U 99.9900 dB    V 99.9900 dB] [ET     3 ] [L0 ] [L1 ]
POC   53 TId: 0 ( I-SLICE, nQP 26 QP 26 )    2281944 bits [Y 99.9900 dB    U 99.9900 dB    V 99.9900 dB] [ET     3 ] [L0 ] [L1 ]
POC   54 TId: 0 ( I-SLICE, nQP 26 QP 26 )    2279472 bits [Y 99.9900 dB    U 99.9900 dB    V 99.9900 dB] [ET     3 ] [L0 ] [L1 ]
POC   55 TId: 0 ( I-SLICE, nQP 26 QP 26 )    2284608 bits [Y 99.9900 dB    U 99.9900 dB    V 99.9900 dB] [ET     3 ] [L0 ] [L1 ]
POC   56 TId: 0 ( I-SLICE, nQP 26 QP 26 )    2285088 bits [Y 99.9900 dB    U 99.9900 dB    V 99.9900 dB] [ET     3 ] [L0 ] [L1 ]
POC   57 TId: 0 ( I-SLICE, nQP 26 QP 26 )    2277808 bits [Y 99.9900 dB    U 99.9900 dB    V 99.9900 dB] [ET     3 ] [L0 ] [L1 ]
POC   58 TId: 0 ( I-SLICE, nQP 26 QP 26 )    2281216 bits [Y 99.9900 dB    U 99.9900 dB    V 99.9900 dB] [ET     3 ] [L0 ] [L1 ]
POC   59 TId: 0 ( I-SLICE, nQP 26 QP 26 )    2276024 bits [Y 99.9900 dB    U 99.9900 dB    V 99.9900 dB] [ET     3 ] [L0 ] [L1 ]
POC   60 TId: 0 ( I-SLICE, nQP 26 QP 26 )    2270872 bits [Y 99.9900 dB    U 99.9900 dB    V 99.9900 dB] [ET     3 ] [L0 ] [L1 ]
POC   61 TId: 0 ( I-SLICE, nQP 26 QP 26 )    2269104 bits [Y 99.9900 dB    U 99.9900 dB    V 99.9900 dB] [ET     3 ] [L0 ] [L1 ]
POC   62 TId: 0 ( I-SLICE, nQP 26 QP 26 )    2271888 bits [Y 99.9900 dB    U 99.9900 dB    V 99.9900 dB] [ET     3 ] [L0 ] [L1 ]
POC   63 TId: 0 ( I-SLICE, nQP 26 QP 26 )    2269960 bits [Y 99.9900 dB    U 99.9900 dB    V 99.9900 dB] [ET     3 ] [L0 ] [L1 ]
POC   64 TId: 0 ( I-SLICE, nQP 26 QP 26 )    2262304 bits [Y 99.9900 dB    U 99.9900 dB    V 99.9900 dB] [ET     3 ] [L0 ] [L1 ]
POC   65 TId: 0 ( I-SLICE, nQP 26 QP 26 )    2262584 bits [Y 99.9900 dB    U 99.9900 dB    V 99.9900 dB] [ET     3 ] [L0 ] [L1 ]
POC   66 TId: 0 ( I-SLICE, nQP 26 QP 26 )    2261088 bits [Y 99.9900 dB    U 99.9900 dB    V 99.9900 dB] [ET     3 ] [L0 ] [L1 ]
POC   67 TId: 0 ( I-SLICE, nQP 26 QP 26 )    2258536 bits [Y 99.9900 dB    U 99.9900 dB    V 99.9900 dB] [ET     3 ] [L0 ] [L1 ]
POC   68 TId: 0 ( I-SLICE, nQP 26 QP 26 )    2246608 bits [Y 99.9900 dB    U 99.9900 dB    V 99.9900 dB] [ET     3 ] [L0 ] [L1 ]
POC   69 TId: 0 ( I-SLICE, nQP 26 QP 26 )    2242968 bits [Y 99.9900 dB    U 99.9900 dB    V 99.9900 dB] [ET     3 ] [L0 ] [L1 ]
POC   70 TId: 0 ( I-SLICE, nQP 26 QP 26 )    2243080 bits [Y 99.9900 dB    U 99.9900 dB    V 99.9900 dB] [ET     3 ] [L0 ] [L1 ]
POC   71 TId: 0 ( I-SLICE, nQP 26 QP 26 )    2246504 bits [Y 99.9900 dB    U 99.9900 dB    V 99.9900 dB] [ET     3 ] [L0 ] [L1 ]
POC   72 TId: 0 ( I-SLICE, nQP 26 QP 26 )    2248808 bits [Y 99.9900 dB    U 99.9900 dB    V 99.9900 dB] [ET     4 ] [L0 ] [L1 ]
POC   73 TId: 0 ( I-SLICE, nQP 26 QP 26 )    2239704 bits [Y 99.9900 dB    U 99.9900 dB    V 99.9900 dB] [ET     3 ] [L0 ] [L1 ]
POC   74 TId: 0 ( I-SLICE, nQP 26 QP 26 )    2242384 bits [Y 99.9900 dB    U 99.9900 dB    V 99.9900 dB] [ET     3 ] [L0 ] [L1 ]
POC   75 TId: 0 ( I-SLICE, nQP 26 QP 26 )    2236560 bits [Y 99.9900 dB    U 99.9900 dB    V 99.9900 dB] [ET     3 ] [L0 ] [L1 ]
POC   76 TId: 0 ( I-SLICE, nQP 26 QP 26 )    2236920 bits [Y 99.9900 dB    U 99.9900 dB    V 99.9900 dB] [ET     3 ] [L0 ] [L1 ]
POC   77 TId: 0 ( I-SLICE, nQP 26 QP 26 )    2229072 bits [Y 99.9900 dB    U 99.9900 dB    V 99.9900 dB] [ET     3 ] [L0 ] [L1 ]
POC   78 TId: 0 ( I-SLICE, nQP 26 QP 26 )    2223696 bits [Y 99.9900 dB    U 99.9900 dB    V 99.9900 dB] [ET     3 ] [L0 ] [L1 ]
POC   79 TId: 0 ( I-SLICE, nQP 26 QP 26 )    2227040 bits [Y 99.9900 dB    U 99.9900 dB    V 99.9900 dB] [ET     3 ] [L0 ] [L1 ]
POC   80 TId: 0 ( I-SLICE, nQP 26 QP 26 )    2224056 bits [Y 99.9900 dB    U 99.9900 dB    V 99.9900 dB] [ET     3 ] [L0 ] [L1 ]
POC   81 TId: 0 ( I-SLICE, nQP 26 QP 26 )    2224920 bits [Y 99.9900 dB    U 99.9900 dB    V 99.9900 dB] [ET     3 ] [L0 ] [L1 ]
POC   82 TId: 0 ( I-SLICE, nQP 26 QP 26 )    2233632 bits [Y 99.9900 dB    U 99.9900 dB    V 99.9900 dB] [ET     3 ] [L0 ] [L1 ]
POC   83 TId: 0 ( I-SLICE, nQP 26 QP 26 )    2227864 bits [Y 99.9900 dB    U 99.9900 dB    V 99.9900 dB] [ET     3 ] [L0 ] [L1 ]
POC   84 TId: 0 ( I-SLICE, nQP 26 QP 26 )    2239336 bits [Y 99.9900 dB    U 99.9900 dB    V 99.9900 dB] [ET     3 ] [L0 ] [L1 ]
POC   85 TId: 0 ( I-SLICE, nQP 26 QP 26 )    2236344 bits [Y 99.9900 dB    U 99.9900 dB    V 99.9900 dB] [ET     3 ] [L0 ] [L1 ]
POC   86 TId: 0 ( I-SLICE, nQP 26 QP 26 )    2239544 bits [Y 99.9900 dB    U 99.9900 dB    V 99.9900 dB] [ET     3 ] [L0 ] [L1 ]
POC   87 TId: 0 ( I-SLICE, nQP 26 QP 26 )    2241120 bits [Y 99.9900 dB    U 99.9900 dB    V 99.9900 dB] [ET     3 ] [L0 ] [L1 ]
POC   88 TId: 0 ( I-SLICE, nQP 26 QP 26 )    2242040 bits [Y 99.9900 dB    U 99.9900 dB    V 99.9900 dB] [ET     3 ] [L0 ] [L1 ]
POC   89 TId: 0 ( I-SLICE, nQP 26 QP 26 )    2244528 bits [Y 99.9900 dB    U 99.9900 dB    V 99.9900 dB] [ET     3 ] [L0 ] [L1 ]
POC   90 TId: 0 ( I-SLICE, nQP 26 QP 26 )    2247624 bits [Y 99.9900 dB    U 99.9900 dB    V 99.9900 dB] [ET     4 ] [L0 ] [L1 ]
POC   91 TId: 0 ( I-SLICE, nQP 26 QP 26 )    2248760 bits [Y 99.9900 dB    U 99.9900 dB    V 99.9900 dB] [ET     3 ] [L0 ] [L1 ]
POC   92 TId: 0 ( I-SLICE, nQP 26 QP 26 )    2252080 bits [Y 99.9900 dB    U 99.9900 dB    V 99.9900 dB] [ET     4 ] [L0 ] [L1 ]
POC   93 TId: 0 ( I-SLICE, nQP 26 QP 26 )    2253008 bits [Y 99.9900 dB    U 99.9900 dB    V 99.9900 dB] [ET     3 ] [L0 ] [L1 ]
POC   94 TId: 0 ( I-SLICE, nQP 26 QP 26 )    2260016 bits [Y 99.9900 dB    U 99.9900 dB    V 99.9900 dB] [ET     3 ] [L0 ] [L1 ]
POC   95 TId: 0 ( I-SLICE, nQP 26 QP 26 )    2266040 bits [Y 99.9900 dB    U 99.9900 dB    V 99.9900 dB] [ET     3 ] [L0 ] [L1 ]
POC   96 TId: 0 ( I-SLICE, nQP 26 QP 26 )    2270304 bits [Y 99.9900 dB    U 99.9900 dB    V 99.9900 dB] [ET     3 ] [L0 ] [L1 ]
POC   97 TId: 0 ( I-SLICE, nQP 26 QP 26 )    2276384 bits [Y 99.9900 dB    U 99.9900 dB    V 99.9900 dB] [ET     3 ] [L0 ] [L1 ]
POC   98 TId: 0 ( I-SLICE, nQP 26 QP 26 )    2282312 bits [Y 99.9900 dB    U 99.9900 dB    V 99.9900 dB] [ET     3 ] [L0 ] [L1 ]
POC   99 TId: 0 ( I-SLICE, nQP 26 QP 26 )    2285920 bits [Y 99.9900 dB    U 99.9900 dB    V 99.9900 dB] [ET     3 ] [L0 ] [L1 ]
POC  100 TId: 0 ( I-SLICE, nQP 26 QP 26 )    2290768 bits [Y 99.9900 dB    U 99.9900 dB    V 99.9900 dB] [ET     3 ] [L0 ] [L1 ]
POC  101 TId: 0 ( I-SLICE, nQP 26 QP 26 )    2291744 bits [Y 99.9900 dB    U 99.9900 dB    V 99.9900 dB] [ET     3 ] [L0 ] [L1 ]
POC  102 TId: 0 ( I-SLICE, nQP 26 QP 26 )    2291504 bits [Y 99.9900 dB    U 99.9900 dB    V 99.9900 dB] [ET     3 ] [L0 ] [L1 ]
POC  103 TId: 0 ( I-SLICE, nQP 26 QP 26 )    2286144 bits [Y 99.9900 dB    U 99.9900 dB    V 99.9900 dB] [ET     3 ] [L0 ] [L1 ]
POC  104 TId: 0 ( I-SLICE, nQP 26 QP 26 )    2284264 bits [Y 99.9900 dB    U 99.9900 dB    V 99.9900 dB] [ET     3 ] [L0 ] [L1 ]
POC  105 TId: 0 ( I-SLICE, nQP 26 QP 26 )    2279224 bits [Y 99.9900 dB    U 99.9900 dB    V 99.9900 dB] [ET     3 ] [L0 ] [L1 ]
POC  106 TId: 0 ( I-SLICE, nQP 26 QP 26 )    2270448 bits [Y 99.9900 dB    U 99.9900 dB    V 99.9900 dB] [ET     3 ] [L0 ] [L1 ]
POC  107 TId: 0 ( I-SLICE, nQP 26 QP 26 )    2259504 bits [Y 99.9900 dB    U 99.9900 dB    V 99.9900 dB] [ET     3 ] [L0 ] [L1 ]
POC  108 TId: 0 ( I-SLICE, nQP 26 QP 26 )    2247720 bits [Y 99.9900 dB    U 99.9900 dB    V 99.9900 dB] [ET     3 ] [L0 ] [L1 ]
POC  109 TId: 0 ( I-SLICE, nQP 26 QP 26 )    2245968 bits [Y 99.9900 dB    U 99.9900 dB    V 99.9900 dB] [ET     3 ] [L0 ] [L1 ]
POC  110 TId: 0 ( I-SLICE, nQP 26 QP 26 )    2256088 bits [Y 99.9900 dB    U 99.9900 dB    V 99.9900 dB] [ET     3 ] [L0 ] [L1 ]
POC  111 TId: 0 ( I-SLICE, nQP 26 QP 26 )    2262688 bits [Y 99.9900 dB    U 99.9900 dB    V 99.9900 dB] [ET     3 ] [L0 ] [L1 ]
POC  112 TId: 0 ( I-SLICE, nQP 26 QP 26 )    2264848 bits [Y 99.9900 dB    U 99.9900 dB    V 99.9900 dB] [ET     3 ] [L0 ] [L1 ]
POC  113 TId: 0 ( I-SLICE, nQP 26 QP 26 )    2252800 bits [Y 99.9900 dB    U 99.9900 dB    V 99.9900 dB] [ET     4 ] [L0 ] [L1 ]
POC  114 TId: 0 ( I-SLICE, nQP 26 QP 26 )    2237160 bits [Y 99.9900 dB    U 99.9900 dB    V 99.9900 dB] [ET     3 ] [L0 ] [L1 ]
POC  115 TId: 0 ( I-SLICE, nQP 26 QP 26 )    2230408 bits [Y 99.9900 dB    U 99.9900 dB    V 99.9900 dB] [ET     3 ] [L0 ] [L1 ]
POC  116 TId: 0 ( I-SLICE, nQP 26 QP 26 )    2229736 bits [Y 99.9900 dB    U 99.9900 dB    V 99.9900 dB] [ET     3 ] [L0 ] [L1 ]
POC  117 TId: 0 ( I-SLICE, nQP 26 QP 26 )    2237792 bits [Y 99.9900 dB    U 99.9900 dB    V 99.9900 dB] [ET     3 ] [L0 ] [L1 ]
POC  118 TId: 0 ( I-SLICE, nQP 26 QP 26 )    2253960 bits [Y 99.9900 dB    U 99.9900 dB    V 99.9900 dB] [ET     3 ] [L0 ] [L1 ]
POC  119 TId: 0 ( I-SLICE, nQP 26 QP 26 )    2259192 bits [Y 99.9900 dB    U 99.9900 dB    V 99.9900 dB] [ET     3 ] [L0 ] [L1 ]
POC  120 TId: 0 ( I-SLICE, nQP 26 QP 26 )    2265976 bits [Y 99.9900 dB    U 99.9900 dB    V 99.9900 dB] [ET     3 ] [L0 ] [L1 ]
POC  121 TId: 0 ( I-SLICE, nQP 26 QP 26 )    2274744 bits [Y 99.9900 dB    U 99.9900 dB    V 99.9900 dB] [ET     3 ] [L0 ] [L1 ]
POC  122 TId: 0 ( I-SLICE, nQP 26 QP 26 )    2270936 bits [Y 99.9900 dB    U 99.9900 dB    V 99.9900 dB] [ET     3 ] [L0 ] [L1 ]
POC  123 TId: 0 ( I-SLICE, nQP 26 QP 26 )    2287232 bits [Y 99.9900 dB    U 99.9900 dB    V 99.9900 dB] [ET     4 ] [L0 ] [L1 ]
POC  124 TId: 0 ( I-SLICE, nQP 26 QP 26 )    2285544 bits [Y 99.9900 dB    U 99.9900 dB    V 99.9900 dB] [ET     3 ] [L0 ] [L1 ]
POC  125 TId: 0 ( I-SLICE, nQP 26 QP 26 )    2284864 bits [Y 99.9900 dB    U 99.9900 dB    V 99.9900 dB] [ET     3 ] [L0 ] [L1 ]
POC  126 TId: 0 ( I-SLICE, nQP 26 QP 26 )    2294784 bits [Y 99.9900 dB    U 99.9900 dB    V 99.9900 dB] [ET     3 ] [L0 ] [L1 ]
POC  127 TId: 0 ( I-SLICE, nQP 26 QP 26 )    2292840 bits [Y 99.9900 dB    U 99.9900 dB    V 99.9900 dB] [ET     3 ] [L0 ] [L1 ]
POC  128 TId: 0 ( I-SLICE, nQP 26 QP 26 )    2293272 bits [Y 99.9900 dB    U 99.9900 dB    V 99.9900 dB] [ET     3 ] [L0 ] [L1 ]
POC  129 TId: 0 ( I-SLICE, nQP 26 QP 26 )    2288288 bits [Y 99.9900 dB    U 99.9900 dB    V 99.9900 dB] [ET     3 ] [L0 ] [L1 ]
POC  130 TId: 0 ( I-SLICE, nQP 26 QP 26 )    2288272 bits [Y 99.9900 dB    U 99.9900 dB    V 99.9900 dB] [ET     3 ] [L0 ] [L1 ]
POC  131 TId: 0 ( I-SLICE, nQP 26 QP 26 )    2283560 bits [Y 99.9900 dB    U 99.9900 dB    V 99.9900 dB] [ET     3 ] [L0 ] [L1 ]
POC  132 TId: 0 ( I-SLICE, nQP 26 QP 26 )    2288992 bits [Y 99.9900 dB    U 99.9900 dB    V 99.9900 dB] [ET     4 ] [L0 ] [L1 ]
POC  133 TId: 0 ( I-SLICE, nQP 26 QP 26 )    2292456 bits [Y 99.9900 dB    U 99.9900 dB    V 99.9900 dB] [ET     3 ] [L0 ] [L1 ]
POC  134 TId: 0 ( I-SLICE, nQP 26 QP 26 )    2290216 bits [Y 99.9900 dB    U 99.9900 dB    V 99.9900 dB] [ET     3 ] [L0 ] [L1 ]
POC  135 TId: 0 ( I-SLICE, nQP 26 QP 26 )    2295456 bits [Y 99.9900 dB    U 99.9900 dB    V 99.9900 dB] [ET     3 ] [L0 ] [L1 ]
POC  136 TId: 0 ( I-SLICE, nQP 26 QP 26 )    2295648 bits [Y 99.9900 dB    U 99.9900 dB    V 99.9900 dB] [ET     3 ] [L0 ] [L1 ]
POC  137 TId: 0 ( I-SLICE, nQP 26 QP 26 )    2293960 bits [Y 99.9900 dB    U 99.9900 dB    V 99.9900 dB] [ET     3 ] [L0 ] [L1 ]
POC  138 TId: 0 ( I-SLICE, nQP 26 QP 26 )    2294952 bits [Y 99.9900 dB    U 99.9900 dB    V 99.9900 dB] [ET     3 ] [L0 ] [L1 ]
POC  139 TId: 0 ( I-SLICE, nQP 26 QP 26 )    2297880 bits [Y 99.9900 dB    U 99.9900 dB    V 99.9900 dB] [ET     3 ] [L0 ] [L1 ]
POC  140 TId: 0 ( I-SLICE, nQP 26 QP 26 )    2299984 bits [Y 99.9900 dB    U 99.9900 dB    V 99.9900 dB] [ET     3 ] [L0 ] [L1 ]
POC  141 TId: 0 ( I-SLICE, nQP 26 QP 26 )    2301808 bits [Y 99.9900 dB    U 99.9900 dB    V 99.9900 dB] [ET     3 ] [L0 ] [L1 ]
POC  142 TId: 0 ( I-SLICE, nQP 26 QP 26 )    2300584 bits [Y 99.9900 dB    U 99.9900 dB    V 99.9900 dB] [ET     3 ] [L0 ] [L1 ]
POC  143 TId: 0 ( I-SLICE, nQP 26 QP 26 )    2299640 bits [Y 99.9900 dB    U 99.9900 dB    V 99.9900 dB] [ET     3 ] [L0 ] [L1 ]
POC  144 TId: 0 ( I-SLICE, nQP 26 QP 26 )    2294384 bits [Y 99.9900 dB    U 99.9900 dB    V 99.9900 dB] [ET     3 ] [L0 ] [L1 ]
POC  145 TId: 0 ( I-SLICE, nQP 26 QP 26 )    2291064 bits [Y 99.9900 dB    U 99.9900 dB    V 99.9900 dB] [ET     4 ] [L0 ] [L1 ]
POC  146 TId: 0 ( I-SLICE, nQP 26 QP 26 )    2291632 bits [Y 99.9900 dB    U 99.9900 dB    V 99.9900 dB] [ET     3 ] [L0 ] [L1 ]
POC  147 TId: 0 ( I-SLICE, nQP 26 QP 26 )    2295424 bits [Y 99.9900 dB    U 99.9900 dB    V 99.9900 dB] [ET     3 ] [L0 ] [L1 ]
POC  148 TId: 0 ( I-SLICE, nQP 26 QP 26 )    2297080 bits [Y 99.9900 dB    U 99.9900 dB    V 99.9900 dB] [ET     3 ] [L0 ] [L1 ]
POC  149 TId: 0 ( I-SLICE, nQP 26 QP 26 )    2295752 bits [Y 99.9900 dB    U 99.9900 dB    V 99.9900 dB] [ET     3 ] [L0 ] [L1 ]
POC  150 TId: 0 ( I-SLICE, nQP 26 QP 26 )    2285312 bits [Y 99.9900 dB    U 99.9900 dB    V 99.9900 dB] [ET     3 ] [L0 ] [L1 ]
POC  151 TId: 0 ( I-SLICE, nQP 26 QP 26 )    2275888 bits [Y 99.9900 dB    U 99.9900 dB    V 99.9900 dB] [ET     3 ] [L0 ] [L1 ]
POC  152 TId: 0 ( I-SLICE, nQP 26 QP 26 )    2272520 bits [Y 99.9900 dB    U 99.9900 dB    V 99.9900 dB] [ET     4 ] [L0 ] [L1 ]
POC  153 TId: 0 ( I-SLICE, nQP 26 QP 26 )    2280400 bits [Y 99.9900 dB    U 99.9900 dB    V 99.9900 dB] [ET     3 ] [L0 ] [L1 ]
POC  154 TId: 0 ( I-SLICE, nQP 26 QP 26 )    2286624 bits [Y 99.9900 dB    U 99.9900 dB    V 99.9900 dB] [ET     4 ] [L0 ] [L1 ]
POC  155 TId: 0 ( I-SLICE, nQP 26 QP 26 )    2290576 bits [Y 99.9900 dB    U 99.9900 dB    V 99.9900 dB] [ET     3 ] [L0 ] [L1 ]
POC  156 TId: 0 ( I-SLICE, nQP 26 QP 26 )    2288056 bits [Y 99.9900 dB    U 99.9900 dB    V 99.9900 dB] [ET     3 ] [L0 ] [L1 ]
POC  157 TId: 0 ( I-SLICE, nQP 26 QP 26 )    2279664 bits [Y 99.9900 dB    U 99.9900 dB    V 99.9900 dB] [ET     3 ] [L0 ] [L1 ]
POC  158 TId: 0 ( I-SLICE, nQP 26 QP 26 )    2262856 bits [Y 99.9900 dB    U 99.9900 dB    V 99.9900 dB] [ET     3 ] [L0 ] [L1 ]
POC  159 TId: 0 ( I-SLICE, nQP 26 QP 26 )    2240376 bits [Y 99.9900 dB    U 99.9900 dB    V 99.9900 dB] [ET     3 ] [L0 ] [L1 ]
POC  160 TId: 0 ( I-SLICE, nQP 26 QP 26 )    2236160 bits [Y 99.9900 dB    U 99.9900 dB    V 99.9900 dB] [ET     3 ] [L0 ] [L1 ]
POC  161 TId: 0 ( I-SLICE, nQP 26 QP 26 )    2243648 bits [Y 99.9900 dB    U 99.9900 dB    V 99.9900 dB] [ET     3 ] [L0 ] [L1 ]
POC  162 TId: 0 ( I-SLICE, nQP 26 QP 26 )    2249256 bits [Y 99.9900 dB    U 99.9900 dB    V 99.9900 dB] [ET     3 ] [L0 ] [L1 ]
POC  163 TId: 0 ( I-SLICE, nQP 26 QP 26 )    2265112 bits [Y 99.9900 dB    U 99.9900 dB    V 99.9900 dB] [ET     3 ] [L0 ] [L1 ]
POC  164 TId: 0 ( I-SLICE, nQP 26 QP 26 )    2263328 bits [Y 99.9900 dB    U 99.9900 dB    V 99.9900 dB] [ET     3 ] [L0 ] [L1 ]
POC  165 TId: 0 ( I-SLICE, nQP 26 QP 26 )    2260144 bits [Y 99.9900 dB    U 99.9900 dB    V 99.9900 dB] [ET     3 ] [L0 ] [L1 ]
POC  166 TId: 0 ( I-SLICE, nQP 26 QP 26 )    2268704 bits [Y 99.9900 dB    U 99.9900 dB    V 99.9900 dB] [ET     3 ] [L0 ] [L1 ]
POC  167 TId: 0 ( I-SLICE, nQP 26 QP 26 )    2271792 bits [Y 99.9900 dB    U 99.9900 dB    V 99.9900 dB] [ET     3 ] [L0 ] [L1 ]
POC  168 TId: 0 ( I-SLICE, nQP 26 QP 26 )    2276088 bits [Y 99.9900 dB    U 99.9900 dB    V 99.9900 dB] [ET     3 ] [L0 ] [L1 ]
POC  169 TId: 0 ( I-SLICE, nQP 26 QP 26 )    2278208 bits [Y 99.9900 dB    U 99.9900 dB    V 99.9900 dB] [ET     3 ] [L0 ] [L1 ]
POC  170 TId: 0 ( I-SLICE, nQP 26 QP 26 )    2276624 bits [Y 99.9900 dB    U 99.9900 dB    V 99.9900 dB] [ET     3 ] [L0 ] [L1 ]
POC  171 TId: 0 ( I-SLICE, nQP 26 QP 26 )    2281080 bits [Y 99.9900 dB    U 99.9900 dB    V 99.9900 dB] [ET     3 ] [L0 ] [L1 ]
POC  172 TId: 0 ( I-SLICE, nQP 26 QP 26 )    2280216 bits [Y 99.9900 dB    U 99.9900 dB    V 99.9900 dB] [ET     4 ] [L0 ] [L1 ]
POC  173 TId: 0 ( I-SLICE, nQP 26 QP 26 )    2284432 bits [Y 99.9900 dB    U 99.9900 dB    V 99.9900 dB] [ET     3 ] [L0 ] [L1 ]
POC  174 TId: 0 ( I-SLICE, nQP 26 QP 26 )    2282016 bits [Y 99.9900 dB    U 99.9900 dB    V 99.9900 dB] [ET     3 ] [L0 ] [L1 ]
POC  175 TId: 0 ( I-SLICE, nQP 26 QP 26 )    2285760 bits [Y 99.9900 dB    U 99.9900 dB    V 99.9900 dB] [ET     3 ] [L0 ] [L1 ]
POC  176 TId: 0 ( I-SLICE, nQP 26 QP 26 )    2289136 bits [Y 99.9900 dB    U 99.9900 dB    V 99.9900 dB] [ET     3 ] [L0 ] [L1 ]
POC  177 TId: 0 ( I-SLICE, nQP 26 QP 26 )    2289480 bits [Y 99.9900 dB    U 99.9900 dB    V 99.9900 dB] [ET     4 ] [L0 ] [L1 ]
POC  178 TId: 0 ( I-SLICE, nQP 26 QP 26 )    2288000 bits [Y 99.9900 dB    U 99.9900 dB    V 99.9900 dB] [ET     3 ] [L0 ] [L1 ]
POC  179 TId: 0 ( I-SLICE, nQP 26 QP 26 )    2287856 bits [Y 99.9900 dB    U 99.9900 dB    V 99.9900 dB] [ET     3 ] [L0 ] [L1 ]
POC  180 TId: 0 ( I-SLICE, nQP 26 QP 26 )    2293736 bits [Y 99.9900 dB    U 99.9900 dB    V 99.9900 dB] [ET     3 ] [L0 ] [L1 ]
POC  181 TId: 0 ( I-SLICE, nQP 26 QP 26 )    2300864 bits [Y 99.9900 dB    U 99.9900 dB    V 99.9900 dB] [ET     3 ] [L0 ] [L1 ]
POC  182 TId: 0 ( I-SLICE, nQP 26 QP 26 )    2305648 bits [Y 99.9900 dB    U 99.9900 dB    V 99.9900 dB] [ET     3 ] [L0 ] [L1 ]
POC  183 TId: 0 ( I-SLICE, nQP 26 QP 26 )    2307712 bits [Y 99.9900 dB    U 99.9900 dB    V 99.9900 dB] [ET     3 ] [L0 ] [L1 ]
POC  184 TId: 0 ( I-SLICE, nQP 26 QP 26 )    2310464 bits [Y 99.9900 dB    U 99.9900 dB    V 99.9900 dB] [ET     4 ] [L0 ] [L1 ]
POC  185 TId: 0 ( I-SLICE, nQP 26 QP 26 )    2314112 bits [Y 99.9900 dB    U 99.9900 dB    V 99.9900 dB] [ET     3 ] [L0 ] [L1 ]
POC  186 TId: 0 ( I-SLICE, nQP 26 QP 26 )    2314192 bits [Y 99.9900 dB    U 99.9900 dB    V 99.9900 dB] [ET     3 ] [L0 ] [L1 ]
POC  187 TId: 0 ( I-SLICE, nQP 26 QP 26 )    2311936 bits [Y 99.9900 dB    U 99.9900 dB    V 99.9900 dB] [ET     3 ] [L0 ] [L1 ]
POC  188 TId: 0 ( I-SLICE, nQP 26 QP 26 )    2305400 bits [Y 99.9900 dB    U 99.9900 dB    V 99.9900 dB] [ET     4 ] [L0 ] [L1 ]
POC  189 TId: 0 ( I-SLICE, nQP 26 QP 26 )    2292552 bits [Y 99.9900 dB    U 99.9900 dB    V 99.9900 dB] [ET     3 ] [L0 ] [L1 ]
POC  190 TId: 0 ( I-SLICE, nQP 26 QP 26 )    2283392 bits [Y 99.9900 dB    U 99.9900 dB    V 99.9900 dB] [ET     3 ] [L0 ] [L1 ]
POC  191 TId: 0 ( I-SLICE, nQP 26 QP 26 )    2283488 bits [Y 99.9900 dB    U 99.9900 dB    V 99.9900 dB] [ET     3 ] [L0 ] [L1 ]
POC  192 TId: 0 ( I-SLICE, nQP 26 QP 26 )    2288736 bits [Y 99.9900 dB    U 99.9900 dB    V 99.9900 dB] [ET     3 ] [L0 ] [L1 ]
POC  193 TId: 0 ( I-SLICE, nQP 26 QP 26 )    2292424 bits [Y 99.9900 dB    U 99.9900 dB    V 99.9900 dB] [ET     3 ] [L0 ] [L1 ]
POC  194 TId: 0 ( I-SLICE, nQP 26 QP 26 )    2283440 bits [Y 99.9900 dB    U 99.9900 dB    V 99.9900 dB] [ET     3 ] [L0 ] [L1 ]
POC  195 TId: 0 ( I-SLICE, nQP 26 QP 26 )    2266968 bits [Y 99.9900 dB    U 99.9900 dB    V 99.9900 dB] [ET     3 ] [L0 ] [L1 ]
POC  196 TId: 0 ( I-SLICE, nQP 26 QP 26 )    2254072 bits [Y 99.9900 dB    U 99.9900 dB    V 99.9900 dB] [ET     3 ] [L0 ] [L1 ]
POC  197 TId: 0 ( I-SLICE, nQP 26 QP 26 )    2247480 bits [Y 99.9900 dB    U 99.9900 dB    V 99.9900 dB] [ET     3 ] [L0 ] [L1 ]
POC  198 TId: 0 ( I-SLICE, nQP 26 QP 26 )    2250624 bits [Y 99.9900 dB    U 99.9900 dB    V 99.9900 dB] [ET     3 ] [L0 ] [L1 ]
POC  199 TId: 0 ( I-SLICE, nQP 26 QP 26 )    2262440 bits [Y 99.9900 dB    U 99.9900 dB    V 99.9900 dB] [ET     3 ] [L0 ] [L1 ]
POC  200 TId: 0 ( I-SLICE, nQP 26 QP 26 )    2274424 bits [Y 99.9900 dB    U 99.9900 dB    V 99.9900 dB] [ET     3 ] [L0 ] [L1 ]
POC  201 TId: 0 ( I-SLICE, nQP 26 QP 26 )    2273240 bits [Y 99.9900 dB    U 99.9900 dB    V 99.9900 dB] [ET     3 ] [L0 ] [L1 ]
POC  202 TId: 0 ( I-SLICE, nQP 26 QP 26 )    2268928 bits [Y 99.9900 dB    U 99.9900 dB    V 99.9900 dB] [ET     3 ] [L0 ] [L1 ]
POC  203 TId: 0 ( I-SLICE, nQP 26 QP 26 )    2276224 bits [Y 99.9900 dB    U 99.9900 dB    V 99.9900 dB] [ET     3 ] [L0 ] [L1 ]
POC  204 TId: 0 ( I-SLICE, nQP 26 QP 26 )    2268696 bits [Y 99.9900 dB    U 99.9900 dB    V 99.9900 dB] [ET     4 ] [L0 ] [L1 ]
POC  205 TId: 0 ( I-SLICE, nQP 26 QP 26 )    2254360 bits [Y 99.9900 dB    U 99.9900 dB    V 99.9900 dB] [ET     3 ] [L0 ] [L1 ]
POC  206 TId: 0 ( I-SLICE, nQP 26 QP 26 )    2265800 bits [Y 99.9900 dB    U 99.9900 dB    V 99.9900 dB] [ET     4 ] [L0 ] [L1 ]
POC  207 TId: 0 ( I-SLICE, nQP 26 QP 26 )    2270680 bits [Y 99.9900 dB    U 99.9900 dB    V 99.9900 dB] [ET     3 ] [L0 ] [L1 ]
POC  208 TId: 0 ( I-SLICE, nQP 26 QP 26 )    2255136 bits [Y 99.9900 dB    U 99.9900 dB    V 99.9900 dB] [ET     3 ] [L0 ] [L1 ]
POC  209 TId: 0 ( I-SLICE, nQP 26 QP 26 )    2274000 bits [Y 99.9900 dB    U 99.9900 dB    V 99.9900 dB] [ET     3 ] [L0 ] [L1 ]
POC  210 TId: 0 ( I-SLICE, nQP 26 QP 26 )    2269256 bits [Y 99.9900 dB    U 99.9900 dB    V 99.9900 dB] [ET     3 ] [L0 ] [L1 ]
POC  211 TId: 0 ( I-SLICE, nQP 26 QP 26 )    2261256 bits [Y 99.9900 dB    U 99.9900 dB    V 99.9900 dB] [ET     3 ] [L0 ] [L1 ]
POC  212 TId: 0 ( I-SLICE, nQP 26 QP 26 )    2276504 bits [Y 99.9900 dB    U 99.9900 dB    V 99.9900 dB] [ET     3 ] [L0 ] [L1 ]
POC  213 TId: 0 ( I-SLICE, nQP 26 QP 26 )    2273328 bits [Y 99.9900 dB    U 99.9900 dB    V 99.9900 dB] [ET     3 ] [L0 ] [L1 ]
POC  214 TId: 0 ( I-SLICE, nQP 26 QP 26 )    2274344 bits [Y 99.9900 dB    U 99.9900 dB    V 99.9900 dB] [ET     3 ] [L0 ] [L1 ]
POC  215 TId: 0 ( I-SLICE, nQP 26 QP 26 )    2281168 bits [Y 99.9900 dB    U 99.9900 dB    V 99.9900 dB] [ET     3 ] [L0 ] [L1 ]
POC  216 TId: 0 ( I-SLICE, nQP 26 QP 26 )    2285032 bits [Y 99.9900 dB    U 99.9900 dB    V 99.9900 dB] [ET     3 ] [L0 ] [L1 ]
POC  217 TId: 0 ( I-SLICE, nQP 26 QP 26 )    2293856 bits [Y 99.9900 dB    U 99.9900 dB    V 99.9900 dB] [ET     3 ] [L0 ] [L1 ]
POC  218 TId: 0 ( I-SLICE, nQP 26 QP 26 )    2297368 bits [Y 99.9900 dB    U 99.9900 dB    V 99.9900 dB] [ET     3 ] [L0 ] [L1 ]
POC  219 TId: 0 ( I-SLICE, nQP 26 QP 26 )    2298040 bits [Y 99.9900 dB    U 99.9900 dB    V 99.9900 dB] [ET     3 ] [L0 ] [L1 ]
POC  220 TId: 0 ( I-SLICE, nQP 26 QP 26 )    2295464 bits [Y 99.9900 dB    U 99.9900 dB    V 99.9900 dB] [ET     3 ] [L0 ] [L1 ]
POC  221 TId: 0 ( I-SLICE, nQP 26 QP 26 )    2292136 bits [Y 99.9900 dB    U 99.9900 dB    V 99.9900 dB] [ET     3 ] [L0 ] [L1 ]
POC  222 TId: 0 ( I-SLICE, nQP 26 QP 26 )    2291552 bits [Y 99.9900 dB    U 99.9900 dB    V 99.9900 dB] [ET     3 ] [L0 ] [L1 ]
POC  223 TId: 0 ( I-SLICE, nQP 26 QP 26 )    2288936 bits [Y 99.9900 dB    U 99.9900 dB    V 99.9900 dB] [ET     3 ] [L0 ] [L1 ]
POC  224 TId: 0 ( I-SLICE, nQP 26 QP 26 )    2287528 bits [Y 99.9900 dB    U 99.9900 dB    V 99.9900 dB] [ET     3 ] [L0 ] [L1 ]
POC  225 TId: 0 ( I-SLICE, nQP 26 QP 26 )    2285280 bits [Y 99.9900 dB    U 99.9900 dB    V 99.9900 dB] [ET     3 ] [L0 ] [L1 ]
POC  226 TId: 0 ( I-SLICE, nQP 26 QP 26 )    2279952 bits [Y 99.9900 dB    U 99.9900 dB    V 99.9900 dB] [ET     4 ] [L0 ] [L1 ]
POC  227 TId: 0 ( I-SLICE, nQP 26 QP 26 )    2279424 bits [Y 99.9900 dB    U 99.9900 dB    V 99.9900 dB] [ET     3 ] [L0 ] [L1 ]
POC  228 TId: 0 ( I-SLICE, nQP 26 QP 26 )    2283672 bits [Y 99.9900 dB    U 99.9900 dB    V 99.9900 dB] [ET     3 ] [L0 ] [L1 ]
POC  229 TId: 0 ( I-SLICE, nQP 26 QP 26 )    2290960 bits [Y 99.9900 dB    U 99.9900 dB    V 99.9900 dB] [ET     3 ] [L0 ] [L1 ]
POC  230 TId: 0 ( I-SLICE, nQP 26 QP 26 )    2297352 bits [Y 99.9900 dB    U 99.9900 dB    V 99.9900 dB] [ET     3 ] [L0 ] [L1 ]
POC  231 TId: 0 ( I-SLICE, nQP 26 QP 26 )    2299960 bits [Y 99.9900 dB    U 99.9900 dB    V 99.9900 dB] [ET     3 ] [L0 ] [L1 ]
POC  232 TId: 0 ( I-SLICE, nQP 26 QP 26 )    2295768 bits [Y 99.9900 dB    U 99.9900 dB    V 99.9900 dB] [ET     4 ] [L0 ] [L1 ]
POC  233 TId: 0 ( I-SLICE, nQP 26 QP 26 )    2290928 bits [Y 99.9900 dB    U 99.9900 dB    V 99.9900 dB] [ET     3 ] [L0 ] [L1 ]
POC  234 TId: 0 ( I-SLICE, nQP 26 QP 26 )    2285024 bits [Y 99.9900 dB    U 99.9900 dB    V 99.9900 dB] [ET     3 ] [L0 ] [L1 ]
POC  235 TId: 0 ( I-SLICE, nQP 26 QP 26 )    2281160 bits [Y 99.9900 dB    U 99.9900 dB    V 99.9900 dB] [ET     3 ] [L0 ] [L1 ]
POC  236 TId: 0 ( I-SLICE, nQP 26 QP 26 )    2273424 bits [Y 99.9900 dB    U 99.9900 dB    V 99.9900 dB] [ET     3 ] [L0 ] [L1 ]
POC  237 TId: 0 ( I-SLICE, nQP 26 QP 26 )    2260312 bits [Y 99.9900 dB    U 99.9900 dB    V 99.9900 dB] [ET     3 ] [L0 ] [L1 ]
POC  238 TId: 0 ( I-SLICE, nQP 26 QP 26 )    2256800 bits [Y 99.9900 dB    U 99.9900 dB    V 99.9900 dB] [ET     3 ] [L0 ] [L1 ]
POC  239 TId: 0 ( I-SLICE, nQP 26 QP 26 )    2260128 bits [Y 99.9900 dB    U 99.9900 dB    V 99.9900 dB] [ET     3 ] [L0 ] [L1 ]
POC  240 TId: 0 ( I-SLICE, nQP 26 QP 26 )    2260048 bits [Y 99.9900 dB    U 99.9900 dB    V 99.9900 dB] [ET     3 ] [L0 ] [L1 ]
POC  241 TId: 0 ( I-SLICE, nQP 26 QP 26 )    2267240 bits [Y 99.9900 dB    U 99.9900 dB    V 99.9900 dB] [ET     3 ] [L0 ] [L1 ]
POC  242 TId: 0 ( I-SLICE, nQP 26 QP 26 )    2255872 bits [Y 99.9900 dB    U 99.9900 dB    V 99.9900 dB] [ET     3 ] [L0 ] [L1 ]
POC  243 TId: 0 ( I-SLICE, nQP 26 QP 26 )    2247432 bits [Y 99.9900 dB    U 99.9900 dB    V 99.9900 dB] [ET     3 ] [L0 ] [L1 ]
POC  244 TId: 0 ( I-SLICE, nQP 26 QP 26 )    2232896 bits [Y 99.9900 dB    U 99.9900 dB    V 99.9900 dB] [ET     3 ] [L0 ] [L1 ]
POC  245 TId: 0 ( I-SLICE, nQP 26 QP 26 )    2227976 bits [Y 99.9900 dB    U 99.9900 dB    V 99.9900 dB] [ET     3 ] [L0 ] [L1 ]
POC  246 TId: 0 ( I-SLICE, nQP 26 QP 26 )    2222880 bits [Y 99.9900 dB    U 99.9900 dB    V 99.9900 dB] [ET     3 ] [L0 ] [L1 ]
POC  247 TId: 0 ( I-SLICE, nQP 26 QP 26 )    2224816 bits [Y 99.9900 dB    U 99.9900 dB    V 99.9900 dB] [ET     3 ] [L0 ] [L1 ]
POC  248 TId: 0 ( I-SLICE, nQP 26 QP 26 )    2239264 bits [Y 99.9900 dB    U 99.9900 dB    V 99.9900 dB] [ET     3 ] [L0 ] [L1 ]
POC  249 TId: 0 ( I-SLICE, nQP 26 QP 26 )    2239808 bits [Y 99.9900 dB    U 99.9900 dB    V 99.9900 dB] [ET     3 ] [L0 ] [L1 ]
POC  250 TId: 0 ( I-SLICE, nQP 26 QP 26 )    2250432 bits [Y 99.9900 dB    U 99.9900 dB    V 99.9900 dB] [ET     3 ] [L0 ] [L1 ]
POC  251 TId: 0 ( I-SLICE, nQP 26 QP 26 )    2249448 bits [Y 99.9900 dB    U 99.9900 dB    V 99.9900 dB] [ET     3 ] [L0 ] [L1 ]
POC  252 TId: 0 ( I-SLICE, nQP 26 QP 26 )    2252408 bits [Y 99.9900 dB    U 99.9900 dB    V 99.9900 dB] [ET     3 ] [L0 ] [L1 ]
POC  253 TId: 0 ( I-SLICE, nQP 26 QP 26 )    2254608 bits [Y 99.9900 dB    U 99.9900 dB    V 99.9900 dB] [ET     3 ] [L0 ] [L1 ]
POC  254 TId: 0 ( I-SLICE, nQP 26 QP 26 )    2259592 bits [Y 99.9900 dB    U 99.9900 dB    V 99.9900 dB] [ET     3 ] [L0 ] [L1 ]
POC  255 TId: 0 ( I-SLICE, nQP 26 QP 26 )    2258784 bits [Y 99.9900 dB    U 99.9900 dB    V 99.9900 dB] [ET     3 ] [L0 ] [L1 ]
POC  256 TId: 0 ( I-SLICE, nQP 26 QP 26 )    2263352 bits [Y 99.9900 dB    U 99.9900 dB    V 99.9900 dB] [ET     3 ] [L0 ] [L1 ]
POC  257 TId: 0 ( I-SLICE, nQP 26 QP 26 )    2266784 bits [Y 99.9900 dB    U 99.9900 dB    V 99.9900 dB] [ET     3 ] [L0 ] [L1 ]
POC  258 TId: 0 ( I-SLICE, nQP 26 QP 26 )    2272768 bits [Y 99.9900 dB    U 99.9900 dB    V 99.9900 dB] [ET     3 ] [L0 ] [L1 ]
POC  259 TId: 0 ( I-SLICE, nQP 26 QP 26 )    2278032 bits [Y 99.9900 dB    U 99.9900 dB    V 99.9900 dB] [ET     3 ] [L0 ] [L1 ]
POC  260 TId: 0 ( I-SLICE, nQP 26 QP 26 )    2279072 bits [Y 99.9900 dB    U 99.9900 dB    V 99.9900 dB] [ET     3 ] [L0 ] [L1 ]
POC  261 TId: 0 ( I-SLICE, nQP 26 QP 26 )    2277992 bits [Y 99.9900 dB    U 99.9900 dB    V 99.9900 dB] [ET     3 ] [L0 ] [L1 ]
POC  262 TId: 0 ( I-SLICE, nQP 26 QP 26 )    2274624 bits [Y 99.9900 dB    U 99.9900 dB    V 99.9900 dB] [ET     4 ] [L0 ] [L1 ]
POC  263 TId: 0 ( I-SLICE, nQP 26 QP 26 )    2277608 bits [Y 99.9900 dB    U 99.9900 dB    V 99.9900 dB] [ET     3 ] [L0 ] [L1 ]
POC  264 TId: 0 ( I-SLICE, nQP 26 QP 26 )    2276144 bits [Y 99.9900 dB    U 99.9900 dB    V 99.9900 dB] [ET     3 ] [L0 ] [L1 ]
POC  265 TId: 0 ( I-SLICE, nQP 26 QP 26 )    2270504 bits [Y 99.9900 dB    U 99.9900 dB    V 99.9900 dB] [ET     3 ] [L0 ] [L1 ]
POC  266 TId: 0 ( I-SLICE, nQP 26 QP 26 )    2274472 bits [Y 99.9900 dB    U 99.9900 dB    V 99.9900 dB] [ET     3 ] [L0 ] [L1 ]
POC  267 TId: 0 ( I-SLICE, nQP 26 QP 26 )    2273128 bits [Y 99.9900 dB    U 99.9900 dB    V 99.9900 dB] [ET     3 ] [L0 ] [L1 ]
POC  268 TId: 0 ( I-SLICE, nQP 26 QP 26 )    2273240 bits [Y 99.9900 dB    U 99.9900 dB    V 99.9900 dB] [ET     3 ] [L0 ] [L1 ]
POC  269 TId: 0 ( I-SLICE, nQP 26 QP 26 )    2273456 bits [Y 99.9900 dB    U 99.9900 dB    V 99.9900 dB] [ET     3 ] [L0 ] [L1 ]
POC  270 TId: 0 ( I-SLICE, nQP 26 QP 26 )    2272400 bits [Y 99.9900 dB    U 99.9900 dB    V 99.9900 dB] [ET     3 ] [L0 ] [L1 ]
POC  271 TId: 0 ( I-SLICE, nQP 26 QP 26 )    2263040 bits [Y 99.9900 dB    U 99.9900 dB    V 99.9900 dB] [ET     4 ] [L0 ] [L1 ]
POC  272 TId: 0 ( I-SLICE, nQP 26 QP 26 )    2258336 bits [Y 99.9900 dB    U 99.9900 dB    V 99.9900 dB] [ET     3 ] [L0 ] [L1 ]
POC  273 TId: 0 ( I-SLICE, nQP 26 QP 26 )    2257384 bits [Y 99.9900 dB    U 99.9900 dB    V 99.9900 dB] [ET     3 ] [L0 ] [L1 ]
POC  274 TId: 0 ( I-SLICE, nQP 26 QP 26 )    2262608 bits [Y 99.9900 dB    U 99.9900 dB    V 99.9900 dB] [ET     3 ] [L0 ] [L1 ]
POC  275 TId: 0 ( I-SLICE, nQP 26 QP 26 )    2272840 bits [Y 99.9900 dB    U 99.9900 dB    V 99.9900 dB] [ET     4 ] [L0 ] [L1 ]
POC  276 TId: 0 ( I-SLICE, nQP 26 QP 26 )    2279376 bits [Y 99.9900 dB    U 99.9900 dB    V 99.9900 dB] [ET     3 ] [L0 ] [L1 ]
POC  277 TId: 0 ( I-SLICE, nQP 26 QP 26 )    2265192 bits [Y 99.9900 dB    U 99.9900 dB    V 99.9900 dB] [ET     3 ] [L0 ] [L1 ]
POC  278 TId: 0 ( I-SLICE, nQP 26 QP 26 )    2250872 bits [Y 99.9900 dB    U 99.9900 dB    V 99.9900 dB] [ET     3 ] [L0 ] [L1 ]
POC  279 TId: 0 ( I-SLICE, nQP 26 QP 26 )    2232728 bits [Y 99.9900 dB    U 99.9900 dB    V 99.9900 dB] [ET     3 ] [L0 ] [L1 ]
POC  280 TId: 0 ( I-SLICE, nQP 26 QP 26 )    2222896 bits [Y 99.9900 dB    U 99.9900 dB    V 99.9900 dB] [ET     3 ] [L0 ] [L1 ]
POC  281 TId: 0 ( I-SLICE, nQP 26 QP 26 )    2226784 bits [Y 99.9900 dB    U 99.9900 dB    V 99.9900 dB] [ET     3 ] [L0 ] [L1 ]
POC  282 TId: 0 ( I-SLICE, nQP 26 QP 26 )    2234984 bits [Y 99.9900 dB    U 99.9900 dB    V 99.9900 dB] [ET     3 ] [L0 ] [L1 ]
POC  283 TId: 0 ( I-SLICE, nQP 26 QP 26 )    2250392 bits [Y 99.9900 dB    U 99.9900 dB    V 99.9900 dB] [ET     3 ] [L0 ] [L1 ]
POC  284 TId: 0 ( I-SLICE, nQP 26 QP 26 )    2256720 bits [Y 99.9900 dB    U 99.9900 dB    V 99.9900 dB] [ET     3 ] [L0 ] [L1 ]
POC  285 TId: 0 ( I-SLICE, nQP 26 QP 26 )    2245352 bits [Y 99.9900 dB    U 99.9900 dB    V 99.9900 dB] [ET     3 ] [L0 ] [L1 ]
POC  286 TId: 0 ( I-SLICE, nQP 26 QP 26 )    2268064 bits [Y 99.9900 dB    U 99.9900 dB    V 99.9900 dB] [ET     3 ] [L0 ] [L1 ]
POC  287 TId: 0 ( I-SLICE, nQP 26 QP 26 )    2244496 bits [Y 99.9900 dB    U 99.9900 dB    V 99.9900 dB] [ET     3 ] [L0 ] [L1 ]
POC  288 TId: 0 ( I-SLICE, nQP 26 QP 26 )    2265672 bits [Y 99.9900 dB    U 99.9900 dB    V 99.9900 dB] [ET     3 ] [L0 ] [L1 ]
POC  289 TId: 0 ( I-SLICE, nQP 26 QP 26 )    2241536 bits [Y 99.9900 dB    U 99.9900 dB    V 99.9900 dB] [ET     3 ] [L0 ] [L1 ]
POC  290 TId: 0 ( I-SLICE, nQP 26 QP 26 )    2271200 bits [Y 99.9900 dB    U 99.9900 dB    V 99.9900 dB] [ET     3 ] [L0 ] [L1 ]
POC  291 TId: 0 ( I-SLICE, nQP 26 QP 26 )    2262272 bits [Y 99.9900 dB    U 99.9900 dB    V 99.9900 dB] [ET     3 ] [L0 ] [L1 ]
POC  292 TId: 0 ( I-SLICE, nQP 26 QP 26 )    2275872 bits [Y 99.9900 dB    U 99.9900 dB    V 99.9900 dB] [ET     3 ] [L0 ] [L1 ]
POC  293 TId: 0 ( I-SLICE, nQP 26 QP 26 )    2280976 bits [Y 99.9900 dB    U 99.9900 dB    V 99.9900 dB] [ET     3 ] [L0 ] [L1 ]
POC  294 TId: 0 ( I-SLICE, nQP 26 QP 26 )    2281760 bits [Y 99.9900 dB    U 99.9900 dB    V 99.9900 dB] [ET     3 ] [L0 ] [L1 ]
POC  295 TId: 0 ( I-SLICE, nQP 26 QP 26 )    2287816 bits [Y 99.9900 dB    U 99.9900 dB    V 99.9900 dB] [ET     3 ] [L0 ] [L1 ]
POC  296 TId: 0 ( I-SLICE, nQP 26 QP 26 )    2289648 bits [Y 99.9900 dB    U 99.9900 dB    V 99.9900 dB] [ET     3 ] [L0 ] [L1 ]
POC  297 TId: 0 ( I-SLICE, nQP 26 QP 26 )    2291448 bits [Y 99.9900 dB    U 99.9900 dB    V 99.9900 dB] [ET     3 ] [L0 ] [L1 ]
POC  298 TId: 0 ( I-SLICE, nQP 26 QP 26 )    2285272 bits [Y 99.9900 dB    U 99.9900 dB    V 99.9900 dB] [ET     3 ] [L0 ] [L1 ]
POC  299 TId: 0 ( I-SLICE, nQP 26 QP 26 )    2280520 bits [Y 99.9900 dB    U 99.9900 dB    V 99.9900 dB] [ET     3 ] [L0 ] [L1 ]
POC  300 TId: 0 ( I-SLICE, nQP 26 QP 26 )    2272856 bits [Y 99.9900 dB    U 99.9900 dB    V 99.9900 dB] [ET     3 ] [L0 ] [L1 ]
POC  301 TId: 0 ( I-SLICE, nQP 26 QP 26 )    2271168 bits [Y 99.9900 dB    U 99.9900 dB    V 99.9900 dB] [ET     3 ] [L0 ] [L1 ]
POC  302 TId: 0 ( I-SLICE, nQP 26 QP 26 )    2268592 bits [Y 99.9900 dB    U 99.9900 dB    V 99.9900 dB] [ET     4 ] [L0 ] [L1 ]
POC  303 TId: 0 ( I-SLICE, nQP 26 QP 26 )    2267384 bits [Y 99.9900 dB    U 99.9900 dB    V 99.9900 dB] [ET     3 ] [L0 ] [L1 ]
POC  304 TId: 0 ( I-SLICE, nQP 26 QP 26 )    2271056 bits [Y 99.9900 dB    U 99.9900 dB    V 99.9900 dB] [ET     3 ] [L0 ] [L1 ]
POC  305 TId: 0 ( I-SLICE, nQP 26 QP 26 )    2270392 bits [Y 99.9900 dB    U 99.9900 dB    V 99.9900 dB] [ET     3 ] [L0 ] [L1 ]
POC  306 TId: 0 ( I-SLICE, nQP 26 QP 26 )    2266712 bits [Y 99.9900 dB    U 99.9900 dB    V 99.9900 dB] [ET     4 ] [L0 ] [L1 ]
POC  307 TId: 0 ( I-SLICE, nQP 26 QP 26 )    2251560 bits [Y 99.9900 dB    U 99.9900 dB    V 99.9900 dB] [ET     3 ] [L0 ] [L1 ]
POC  308 TId: 0 ( I-SLICE, nQP 26 QP 26 )    2234832 bits [Y 99.9900 dB    U 99.9900 dB    V 99.9900 dB] [ET     3 ] [L0 ] [L1 ]
POC  309 TId: 0 ( I-SLICE, nQP 26 QP 26 )    2230720 bits [Y 99.9900 dB    U 99.9900 dB    V 99.9900 dB] [ET     3 ] [L0 ] [L1 ]
POC  310 TId: 0 ( I-SLICE, nQP 26 QP 26 )    2237840 bits [Y 99.9900 dB    U 99.9900 dB    V 99.9900 dB] [ET     4 ] [L0 ] [L1 ]
POC  311 TId: 0 ( I-SLICE, nQP 26 QP 26 )    2251848 bits [Y 99.9900 dB    U 99.9900 dB    V 99.9900 dB] [ET     4 ] [L0 ] [L1 ]
POC  312 TId: 0 ( I-SLICE, nQP 26 QP 26 )    2264912 bits [Y 99.9900 dB    U 99.9900 dB    V 99.9900 dB] [ET     3 ] [L0 ] [L1 ]
POC  313 TId: 0 ( I-SLICE, nQP 26 QP 26 )    2259760 bits [Y 99.9900 dB    U 99.9900 dB    V 99.9900 dB] [ET     3 ] [L0 ] [L1 ]
POC  314 TId: 0 ( I-SLICE, nQP 26 QP 26 )    2247368 bits [Y 99.9900 dB    U 99.9900 dB    V 99.9900 dB] [ET     3 ] [L0 ] [L1 ]
POC  315 TId: 0 ( I-SLICE, nQP 26 QP 26 )    2233416 bits [Y 99.9900 dB    U 99.9900 dB    V 99.9900 dB] [ET     3 ] [L0 ] [L1 ]
POC  316 TId: 0 ( I-SLICE, nQP 26 QP 26 )    2222944 bits [Y 99.9900 dB    U 99.9900 dB    V 99.9900 dB] [ET     3 ] [L0 ] [L1 ]
POC  317 TId: 0 ( I-SLICE, nQP 26 QP 26 )    2229560 bits [Y 99.9900 dB    U 99.9900 dB    V 99.9900 dB] [ET     3 ] [L0 ] [L1 ]
POC  318 TId: 0 ( I-SLICE, nQP 26 QP 26 )    2236232 bits [Y 99.9900 dB    U 99.9900 dB    V 99.9900 dB] [ET     3 ] [L0 ] [L1 ]
POC  319 TId: 0 ( I-SLICE, nQP 26 QP 26 )    2244952 bits [Y 99.9900 dB    U 99.9900 dB    V 99.9900 dB] [ET     3 ] [L0 ] [L1 ]
POC  320 TId: 0 ( I-SLICE, nQP 26 QP 26 )    2252768 bits [Y 99.9900 dB    U 99.9900 dB    V 99.9900 dB] [ET     3 ] [L0 ] [L1 ]
POC  321 TId: 0 ( I-SLICE, nQP 26 QP 26 )    2257864 bits [Y 99.9900 dB    U 99.9900 dB    V 99.9900 dB] [ET     3 ] [L0 ] [L1 ]
POC  322 TId: 0 ( I-SLICE, nQP 26 QP 26 )    2260048 bits [Y 99.9900 dB    U 99.9900 dB    V 99.9900 dB] [ET     3 ] [L0 ] [L1 ]
POC  323 TId: 0 ( I-SLICE, nQP 26 QP 26 )    2258816 bits [Y 99.9900 dB    U 99.9900 dB    V 99.9900 dB] [ET     3 ] [L0 ] [L1 ]
POC  324 TId: 0 ( I-SLICE, nQP 26 QP 26 )    2270792 bits [Y 99.9900 dB    U 99.9900 dB    V 99.9900 dB] [ET     3 ] [L0 ] [L1 ]
POC  325 TId: 0 ( I-SLICE, nQP 26 QP 26 )    2267672 bits [Y 99.9900 dB    U 99.9900 dB    V 99.9900 dB] [ET     3 ] [L0 ] [L1 ]
POC  326 TId: 0 ( I-SLICE, nQP 26 QP 26 )    2273992 bits [Y 99.9900 dB    U 99.9900 dB    V 99.9900 dB] [ET     3 ] [L0 ] [L1 ]
POC  327 TId: 0 ( I-SLICE, nQP 26 QP 26 )    2270656 bits [Y 99.9900 dB    U 99.9900 dB    V 99.9900 dB] [ET     4 ] [L0 ] [L1 ]
POC  328 TId: 0 ( I-SLICE, nQP 26 QP 26 )    2268672 bits [Y 99.9900 dB    U 99.9900 dB    V 99.9900 dB] [ET     3 ] [L0 ] [L1 ]
POC  329 TId: 0 ( I-SLICE, nQP 26 QP 26 )    2274032 bits [Y 99.9900 dB    U 99.9900 dB    V 99.9900 dB] [ET     4 ] [L0 ] [L1 ]
POC  330 TId: 0 ( I-SLICE, nQP 26 QP 26 )    2282496 bits [Y 99.9900 dB    U 99.9900 dB    V 99.9900 dB] [ET     3 ] [L0 ] [L1 ]
POC  331 TId: 0 ( I-SLICE, nQP 26 QP 26 )    2283944 bits [Y 99.9900 dB    U 99.9900 dB    V 99.9900 dB] [ET     3 ] [L0 ] [L1 ]
POC  332 TId: 0 ( I-SLICE, nQP 26 QP 26 )    2287576 bits [Y 99.9900 dB    U 99.9900 dB    V 99.9900 dB] [ET     3 ] [L0 ] [L1 ]
POC  333 TId: 0 ( I-SLICE, nQP 26 QP 26 )    2290848 bits [Y 99.9900 dB    U 99.9900 dB    V 99.9900 dB] [ET     3 ] [L0 ] [L1 ]
POC  334 TId: 0 ( I-SLICE, nQP 26 QP 26 )    2290432 bits [Y 99.9900 dB    U 99.9900 dB    V 99.9900 dB] [ET     3 ] [L0 ] [L1 ]
POC  335 TId: 0 ( I-SLICE, nQP 26 QP 26 )    2294848 bits [Y 99.9900 dB    U 99.9900 dB    V 99.9900 dB] [ET     3 ] [L0 ] [L1 ]
POC  336 TId: 0 ( I-SLICE, nQP 26 QP 26 )    2293880 bits [Y 99.9900 dB    U 99.9900 dB    V 99.9900 dB] [ET     3 ] [L0 ] [L1 ]
POC  337 TId: 0 ( I-SLICE, nQP 26 QP 26 )    2291960 bits [Y 99.9900 dB    U 99.9900 dB    V 99.9900 dB] [ET     3 ] [L0 ] [L1 ]
POC  338 TId: 0 ( I-SLICE, nQP 26 QP 26 )    2291896 bits [Y 99.9900 dB    U 99.9900 dB    V 99.9900 dB] [ET     3 ] [L0 ] [L1 ]
POC  339 TId: 0 ( I-SLICE, nQP 26 QP 26 )    2292168 bits [Y 99.9900 dB    U 99.9900 dB    V 99.9900 dB] [ET     3 ] [L0 ] [L1 ]
POC  340 TId: 0 ( I-SLICE, nQP 26 QP 26 )    2295704 bits [Y 99.9900 dB    U 99.9900 dB    V 99.9900 dB] [ET     3 ] [L0 ] [L1 ]
POC  341 TId: 0 ( I-SLICE, nQP 26 QP 26 )    2294024 bits [Y 99.9900 dB    U 99.9900 dB    V 99.9900 dB] [ET     3 ] [L0 ] [L1 ]
POC  342 TId: 0 ( I-SLICE, nQP 26 QP 26 )    2290888 bits [Y 99.9900 dB    U 99.9900 dB    V 99.9900 dB] [ET     3 ] [L0 ] [L1 ]
POC  343 TId: 0 ( I-SLICE, nQP 26 QP 26 )    2290344 bits [Y 99.9900 dB    U 99.9900 dB    V 99.9900 dB] [ET     3 ] [L0 ] [L1 ]
POC  344 TId: 0 ( I-SLICE, nQP 26 QP 26 )    2288424 bits [Y 99.9900 dB    U 99.9900 dB    V 99.9900 dB] [ET     3 ] [L0 ] [L1 ]
POC  345 TId: 0 ( I-SLICE, nQP 26 QP 26 )    2283320 bits [Y 99.9900 dB    U 99.9900 dB    V 99.9900 dB] [ET     3 ] [L0 ] [L1 ]
POC  346 TId: 0 ( I-SLICE, nQP 26 QP 26 )    2276352 bits [Y 99.9900 dB    U 99.9900 dB    V 99.9900 dB] [ET     3 ] [L0 ] [L1 ]
POC  347 TId: 0 ( I-SLICE, nQP 26 QP 26 )    2262816 bits [Y 99.9900 dB    U 99.9900 dB    V 99.9900 dB] [ET     3 ] [L0 ] [L1 ]
POC  348 TId: 0 ( I-SLICE, nQP 26 QP 26 )    2247592 bits [Y 99.9900 dB    U 99.9900 dB    V 99.9900 dB] [ET     3 ] [L0 ] [L1 ]
POC  349 TId: 0 ( I-SLICE, nQP 26 QP 26 )    2232872 bits [Y 99.9900 dB    U 99.9900 dB    V 99.9900 dB] [ET     3 ] [L0 ] [L1 ]
POC  350 TId: 0 ( I-SLICE, nQP 26 QP 26 )    2230512 bits [Y 99.9900 dB    U 99.9900 dB    V 99.9900 dB] [ET     3 ] [L0 ] [L1 ]
POC  351 TId: 0 ( I-SLICE, nQP 26 QP 26 )    2238056 bits [Y 99.9900 dB    U 99.9900 dB    V 99.9900 dB] [ET     3 ] [L0 ] [L1 ]
POC  352 TId: 0 ( I-SLICE, nQP 26 QP 26 )    2244576 bits [Y 99.9900 dB    U 99.9900 dB    V 99.9900 dB] [ET     3 ] [L0 ] [L1 ]
POC  353 TId: 0 ( I-SLICE, nQP 26 QP 26 )    2251912 bits [Y 99.9900 dB    U 99.9900 dB    V 99.9900 dB] [ET     3 ] [L0 ] [L1 ]
POC  354 TId: 0 ( I-SLICE, nQP 26 QP 26 )    2255704 bits [Y 99.9900 dB    U 99.9900 dB    V 99.9900 dB] [ET     3 ] [L0 ] [L1 ]
POC  355 TId: 0 ( I-SLICE, nQP 26 QP 26 )    2258240 bits [Y 99.9900 dB    U 99.9900 dB    V 99.9900 dB] [ET     3 ] [L0 ] [L1 ]
POC  356 TId: 0 ( I-SLICE, nQP 26 QP 26 )    2250496 bits [Y 99.9900 dB    U 99.9900 dB    V 99.9900 dB] [ET     3 ] [L0 ] [L1 ]
POC  357 TId: 0 ( I-SLICE, nQP 26 QP 26 )    2243768 bits [Y 99.9900 dB    U 99.9900 dB    V 99.9900 dB] [ET     3 ] [L0 ] [L1 ]
POC  358 TId: 0 ( I-SLICE, nQP 26 QP 26 )    2247064 bits [Y 99.9900 dB    U 99.9900 dB    V 99.9900 dB] [ET     3 ] [L0 ] [L1 ]
POC  359 TId: 0 ( I-SLICE, nQP 26 QP 26 )    2250072 bits [Y 99.9900 dB    U 99.9900 dB    V 99.9900 dB] [ET     3 ] [L0 ] [L1 ]
POC  360 TId: 0 ( I-SLICE, nQP 26 QP 26 )    2259424 bits [Y 99.9900 dB    U 99.9900 dB    V 99.9900 dB] [ET     3 ] [L0 ] [L1 ]
POC  361 TId: 0 ( I-SLICE, nQP 26 QP 26 )    2269288 bits [Y 99.9900 dB    U 99.9900 dB    V 99.9900 dB] [ET     3 ] [L0 ] [L1 ]
POC  362 TId: 0 ( I-SLICE, nQP 26 QP 26 )    2277816 bits [Y 99.9900 dB    U 99.9900 dB    V 99.9900 dB] [ET     3 ] [L0 ] [L1 ]
POC  363 TId: 0 ( I-SLICE, nQP 26 QP 26 )    2288768 bits [Y 99.9900 dB    U 99.9900 dB    V 99.9900 dB] [ET     3 ] [L0 ] [L1 ]
POC  364 TId: 0 ( I-SLICE, nQP 26 QP 26 )    2288488 bits [Y 99.9900 dB    U 99.9900 dB    V 99.9900 dB] [ET     3 ] [L0 ] [L1 ]
POC  365 TId: 0 ( I-SLICE, nQP 26 QP 26 )    2294912 bits [Y 99.9900 dB    U 99.9900 dB    V 99.9900 dB] [ET     3 ] [L0 ] [L1 ]
POC  366 TId: 0 ( I-SLICE, nQP 26 QP 26 )    2298496 bits [Y 99.9900 dB    U 99.9900 dB    V 99.9900 dB] [ET     3 ] [L0 ] [L1 ]
POC  367 TId: 0 ( I-SLICE, nQP 26 QP 26 )    2303432 bits [Y 99.9900 dB    U 99.9900 dB    V 99.9900 dB] [ET     3 ] [L0 ] [L1 ]
POC  368 TId: 0 ( I-SLICE, nQP 26 QP 26 )    2307680 bits [Y 99.9900 dB    U 99.9900 dB    V 99.9900 dB] [ET     3 ] [L0 ] [L1 ]
POC  369 TId: 0 ( I-SLICE, nQP 26 QP 26 )    2312776 bits [Y 99.9900 dB    U 99.9900 dB    V 99.9900 dB] [ET     3 ] [L0 ] [L1 ]
POC  370 TId: 0 ( I-SLICE, nQP 26 QP 26 )    2313112 bits [Y 99.9900 dB    U 99.9900 dB    V 99.9900 dB] [ET     3 ] [L0 ] [L1 ]
POC  371 TId: 0 ( I-SLICE, nQP 26 QP 26 )    2312104 bits [Y 99.9900 dB    U 99.9900 dB    V 99.9900 dB] [ET     3 ] [L0 ] [L1 ]
POC  372 TId: 0 ( I-SLICE, nQP 26 QP 26 )    2314056 bits [Y 99.9900 dB    U 99.9900 dB    V 99.9900 dB] [ET     3 ] [L0 ] [L1 ]
POC  373 TId: 0 ( I-SLICE, nQP 26 QP 26 )    2319000 bits [Y 99.9900 dB    U 99.9900 dB    V 99.9900 dB] [ET     3 ] [L0 ] [L1 ]
POC  374 TId: 0 ( I-SLICE, nQP 26 QP 26 )    2312824 bits [Y 99.9900 dB    U 99.9900 dB    V 99.9900 dB] [ET     3 ] [L0 ] [L1 ]
POC  375 TId: 0 ( I-SLICE, nQP 26 QP 26 )    2311240 bits [Y 99.9900 dB    U 99.9900 dB    V 99.9900 dB] [ET     3 ] [L0 ] [L1 ]
POC  376 TId: 0 ( I-SLICE, nQP 26 QP 26 )    2312656 bits [Y 99.9900 dB    U 99.9900 dB    V 99.9900 dB] [ET     3 ] [L0 ] [L1 ]
POC  377 TId: 0 ( I-SLICE, nQP 26 QP 26 )    2311048 bits [Y 99.9900 dB    U 99.9900 dB    V 99.9900 dB] [ET     3 ] [L0 ] [L1 ]
POC  378 TId: 0 ( I-SLICE, nQP 26 QP 26 )    2308944 bits [Y 99.9900 dB    U 99.9900 dB    V 99.9900 dB] [ET     3 ] [L0 ] [L1 ]
POC  379 TId: 0 ( I-SLICE, nQP 26 QP 26 )    2313648 bits [Y 99.9900 dB    U 99.9900 dB    V 99.9900 dB] [ET     3 ] [L0 ] [L1 ]
POC  380 TId: 0 ( I-SLICE, nQP 26 QP 26 )    2313088 bits [Y 99.9900 dB    U 99.9900 dB    V 99.9900 dB] [ET     3 ] [L0 ] [L1 ]
POC  381 TId: 0 ( I-SLICE, nQP 26 QP 26 )    2313592 bits [Y 99.9900 dB    U 99.9900 dB    V 99.9900 dB] [ET     3 ] [L0 ] [L1 ]
POC  382 TId: 0 ( I-SLICE, nQP 26 QP 26 )    2314168 bits [Y 99.9900 dB    U 99.9900 dB    V 99.9900 dB] [ET     3 ] [L0 ] [L1 ]
POC  383 TId: 0 ( I-SLICE, nQP 26 QP 26 )    2307248 bits [Y 99.9900 dB    U 99.9900 dB    V 99.9900 dB] [ET     3 ] [L0 ] [L1 ]
POC  384 TId: 0 ( I-SLICE, nQP 26 QP 26 )    2303136 bits [Y 99.9900 dB    U 99.9900 dB    V 99.9900 dB] [ET     3 ] [L0 ] [L1 ]
POC  385 TId: 0 ( I-SLICE, nQP 26 QP 26 )    2294088 bits [Y 99.9900 dB    U 99.9900 dB    V 99.9900 dB] [ET     3 ] [L0 ] [L1 ]
POC  386 TId: 0 ( I-SLICE, nQP 26 QP 26 )    2293496 bits [Y 99.9900 dB    U 99.9900 dB    V 99.9900 dB] [ET     3 ] [L0 ] [L1 ]
POC  387 TId: 0 ( I-SLICE, nQP 26 QP 26 )    2296768 bits [Y 99.9900 dB    U 99.9900 dB    V 99.9900 dB] [ET     3 ] [L0 ] [L1 ]
POC  388 TId: 0 ( I-SLICE, nQP 26 QP 26 )    2301104 bits [Y 99.9900 dB    U 99.9900 dB    V 99.9900 dB] [ET     3 ] [L0 ] [L1 ]
POC  389 TId: 0 ( I-SLICE, nQP 26 QP 26 )    2294520 bits [Y 99.9900 dB    U 99.9900 dB    V 99.9900 dB] [ET     3 ] [L0 ] [L1 ]
POC  390 TId: 0 ( I-SLICE, nQP 26 QP 26 )    2286624 bits [Y 99.9900 dB    U 99.9900 dB    V 99.9900 dB] [ET     3 ] [L0 ] [L1 ]
POC  391 TId: 0 ( I-SLICE, nQP 26 QP 26 )    2281616 bits [Y 99.9900 dB    U 99.9900 dB    V 99.9900 dB] [ET     3 ] [L0 ] [L1 ]
POC  392 TId: 0 ( I-SLICE, nQP 26 QP 26 )    2280752 bits [Y 99.9900 dB    U 99.9900 dB    V 99.9900 dB] [ET     3 ] [L0 ] [L1 ]
POC  393 TId: 0 ( I-SLICE, nQP 26 QP 26 )    2278720 bits [Y 99.9900 dB    U 99.9900 dB    V 99.9900 dB] [ET     3 ] [L0 ] [L1 ]
POC  394 TId: 0 ( I-SLICE, nQP 26 QP 26 )    2266056 bits [Y 99.9900 dB    U 99.9900 dB    V 99.9900 dB] [ET     3 ] [L0 ] [L1 ]
POC  395 TId: 0 ( I-SLICE, nQP 26 QP 26 )    2250200 bits [Y 99.9900 dB    U 99.9900 dB    V 99.9900 dB] [ET     3 ] [L0 ] [L1 ]
POC  396 TId: 0 ( I-SLICE, nQP 26 QP 26 )    2234664 bits [Y 99.9900 dB    U 99.9900 dB    V 99.9900 dB] [ET     3 ] [L0 ] [L1 ]
POC  397 TId: 0 ( I-SLICE, nQP 26 QP 26 )    2222152 bits [Y 99.9900 dB    U 99.9900 dB    V 99.9900 dB] [ET     3 ] [L0 ] [L1 ]
POC  398 TId: 0 ( I-SLICE, nQP 26 QP 26 )    2220824 bits [Y 99.9900 dB    U 99.9900 dB    V 99.9900 dB] [ET     3 ] [L0 ] [L1 ]
POC  399 TId: 0 ( I-SLICE, nQP 26 QP 26 )    2228792 bits [Y 99.9900 dB    U 99.9900 dB    V 99.9900 dB] [ET     3 ] [L0 ] [L1 ]
POC  400 TId: 0 ( I-SLICE, nQP 26 QP 26 )    2242632 bits [Y 99.9900 dB    U 99.9900 dB    V 99.9900 dB] [ET     3 ] [L0 ] [L1 ]
POC  401 TId: 0 ( I-SLICE, nQP 26 QP 26 )    2249800 bits [Y 99.9900 dB    U 99.9900 dB    V 99.9900 dB] [ET     4 ] [L0 ] [L1 ]
POC  402 TId: 0 ( I-SLICE, nQP 26 QP 26 )    2252528 bits [Y 99.9900 dB    U 99.9900 dB    V 99.9900 dB] [ET     3 ] [L0 ] [L1 ]
POC  403 TId: 0 ( I-SLICE, nQP 26 QP 26 )    2252784 bits [Y 99.9900 dB    U 99.9900 dB    V 99.9900 dB] [ET     3 ] [L0 ] [L1 ]
POC  404 TId: 0 ( I-SLICE, nQP 26 QP 26 )    2248040 bits [Y 99.9900 dB    U 99.9900 dB    V 99.9900 dB] [ET     3 ] [L0 ] [L1 ]
POC  405 TId: 0 ( I-SLICE, nQP 26 QP 26 )    2249040 bits [Y 99.9900 dB    U 99.9900 dB    V 99.9900 dB] [ET     3 ] [L0 ] [L1 ]
POC  406 TId: 0 ( I-SLICE, nQP 26 QP 26 )    2260584 bits [Y 99.9900 dB    U 99.9900 dB    V 99.9900 dB] [ET     3 ] [L0 ] [L1 ]
POC  407 TId: 0 ( I-SLICE, nQP 26 QP 26 )    2267904 bits [Y 99.9900 dB    U 99.9900 dB    V 99.9900 dB] [ET     3 ] [L0 ] [L1 ]
POC  408 TId: 0 ( I-SLICE, nQP 26 QP 26 )    2270736 bits [Y 99.9900 dB    U 99.9900 dB    V 99.9900 dB] [ET     3 ] [L0 ] [L1 ]
POC  409 TId: 0 ( I-SLICE, nQP 26 QP 26 )    2276352 bits [Y 99.9900 dB    U 99.9900 dB    V 99.9900 dB] [ET     3 ] [L0 ] [L1 ]
POC  410 TId: 0 ( I-SLICE, nQP 26 QP 26 )    2275600 bits [Y 99.9900 dB    U 99.9900 dB    V 99.9900 dB] [ET     3 ] [L0 ] [L1 ]
POC  411 TId: 0 ( I-SLICE, nQP 26 QP 26 )    2282952 bits [Y 99.9900 dB    U 99.9900 dB    V 99.9900 dB] [ET     3 ] [L0 ] [L1 ]
POC  412 TId: 0 ( I-SLICE, nQP 26 QP 26 )    2285264 bits [Y 99.9900 dB    U 99.9900 dB    V 99.9900 dB] [ET     3 ] [L0 ] [L1 ]
POC  413 TId: 0 ( I-SLICE, nQP 26 QP 26 )    2289208 bits [Y 99.9900 dB    U 99.9900 dB    V 99.9900 dB] [ET     3 ] [L0 ] [L1 ]
POC  414 TId: 0 ( I-SLICE, nQP 26 QP 26 )    2290848 bits [Y 99.9900 dB    U 99.9900 dB    V 99.9900 dB] [ET     3 ] [L0 ] [L1 ]
POC  415 TId: 0 ( I-SLICE, nQP 26 QP 26 )    2293592 bits [Y 99.9900 dB    U 99.9900 dB    V 99.9900 dB] [ET     3 ] [L0 ] [L1 ]
POC  416 TId: 0 ( I-SLICE, nQP 26 QP 26 )    2301392 bits [Y 99.9900 dB    U 99.9900 dB    V 99.9900 dB] [ET     3 ] [L0 ] [L1 ]
POC  417 TId: 0 ( I-SLICE, nQP 26 QP 26 )    2304936 bits [Y 99.9900 dB    U 99.9900 dB    V 99.9900 dB] [ET     3 ] [L0 ] [L1 ]
POC  418 TId: 0 ( I-SLICE, nQP 26 QP 26 )    2306920 bits [Y 99.9900 dB    U 99.9900 dB    V 99.9900 dB] [ET     3 ] [L0 ] [L1 ]
POC  419 TId: 0 ( I-SLICE, nQP 26 QP 26 )    2307408 bits [Y 99.9900 dB    U 99.9900 dB    V 99.9900 dB] [ET     3 ] [L0 ] [L1 ]
POC  420 TId: 0 ( I-SLICE, nQP 26 QP 26 )    2305672 bits [Y 99.9900 dB    U 99.9900 dB    V 99.9900 dB] [ET     3 ] [L0 ] [L1 ]
POC  421 TId: 0 ( I-SLICE, nQP 26 QP 26 )    2304312 bits [Y 99.9900 dB    U 99.9900 dB    V 99.9900 dB] [ET     3 ] [L0 ] [L1 ]
POC  422 TId: 0 ( I-SLICE, nQP 26 QP 26 )    2299824 bits [Y 99.9900 dB    U 99.9900 dB    V 99.9900 dB] [ET     3 ] [L0 ] [L1 ]
POC  423 TId: 0 ( I-SLICE, nQP 26 QP 26 )    2297104 bits [Y 99.9900 dB    U 99.9900 dB    V 99.9900 dB] [ET     3 ] [L0 ] [L1 ]
POC  424 TId: 0 ( I-SLICE, nQP 26 QP 26 )    2303064 bits [Y 99.9900 dB    U 99.9900 dB    V 99.9900 dB] [ET     3 ] [L0 ] [L1 ]
POC  425 TId: 0 ( I-SLICE, nQP 26 QP 26 )    2305104 bits [Y 99.9900 dB    U 99.9900 dB    V 99.9900 dB] [ET     3 ] [L0 ] [L1 ]
POC  426 TId: 0 ( I-SLICE, nQP 26 QP 26 )    2308744 bits [Y 99.9900 dB    U 99.9900 dB    V 99.9900 dB] [ET     3 ] [L0 ] [L1 ]
POC  427 TId: 0 ( I-SLICE, nQP 26 QP 26 )    2312096 bits [Y 99.9900 dB    U 99.9900 dB    V 99.9900 dB] [ET     3 ] [L0 ] [L1 ]
POC  428 TId: 0 ( I-SLICE, nQP 26 QP 26 )    2306448 bits [Y 99.9900 dB    U 99.9900 dB    V 99.9900 dB] [ET     3 ] [L0 ] [L1 ]
POC  429 TId: 0 ( I-SLICE, nQP 26 QP 26 )    2286136 bits [Y 99.9900 dB    U 99.9900 dB    V 99.9900 dB] [ET     3 ] [L0 ] [L1 ]
POC  430 TId: 0 ( I-SLICE, nQP 26 QP 26 )    2272328 bits [Y 99.9900 dB    U 99.9900 dB    V 99.9900 dB] [ET     3 ] [L0 ] [L1 ]
POC  431 TId: 0 ( I-SLICE, nQP 26 QP 26 )    2271312 bits [Y 99.9900 dB    U 99.9900 dB    V 99.9900 dB] [ET     4 ] [L0 ] [L1 ]
POC  432 TId: 0 ( I-SLICE, nQP 26 QP 26 )    2274280 bits [Y 99.9900 dB    U 99.9900 dB    V 99.9900 dB] [ET     3 ] [L0 ] [L1 ]
POC  433 TId: 0 ( I-SLICE, nQP 26 QP 26 )    2281664 bits [Y 99.9900 dB    U 99.9900 dB    V 99.9900 dB] [ET     3 ] [L0 ] [L1 ]
POC  434 TId: 0 ( I-SLICE, nQP 26 QP 26 )    2271880 bits [Y 99.9900 dB    U 99.9900 dB    V 99.9900 dB] [ET     3 ] [L0 ] [L1 ]
POC  435 TId: 0 ( I-SLICE, nQP 26 QP 26 )    2260632 bits [Y 99.9900 dB    U 99.9900 dB    V 99.9900 dB] [ET     3 ] [L0 ] [L1 ]
POC  436 TId: 0 ( I-SLICE, nQP 26 QP 26 )    2247792 bits [Y 99.9900 dB    U 99.9900 dB    V 99.9900 dB] [ET     3 ] [L0 ] [L1 ]
POC  437 TId: 0 ( I-SLICE, nQP 26 QP 26 )    2243920 bits [Y 99.9900 dB    U 99.9900 dB    V 99.9900 dB] [ET     3 ] [L0 ] [L1 ]
POC  438 TId: 0 ( I-SLICE, nQP 26 QP 26 )    2248944 bits [Y 99.9900 dB    U 99.9900 dB    V 99.9900 dB] [ET     4 ] [L0 ] [L1 ]
POC  439 TId: 0 ( I-SLICE, nQP 26 QP 26 )    2258512 bits [Y 99.9900 dB    U 99.9900 dB    V 99.9900 dB] [ET     3 ] [L0 ] [L1 ]
POC  440 TId: 0 ( I-SLICE, nQP 26 QP 26 )    2263920 bits [Y 99.9900 dB    U 99.9900 dB    V 99.9900 dB] [ET     3 ] [L0 ] [L1 ]
POC  441 TId: 0 ( I-SLICE, nQP 26 QP 26 )    2257240 bits [Y 99.9900 dB    U 99.9900 dB    V 99.9900 dB] [ET     3 ] [L0 ] [L1 ]
POC  442 TId: 0 ( I-SLICE, nQP 26 QP 26 )    2259704 bits [Y 99.9900 dB    U 99.9900 dB    V 99.9900 dB] [ET     3 ] [L0 ] [L1 ]
POC  443 TId: 0 ( I-SLICE, nQP 26 QP 26 )    2261216 bits [Y 99.9900 dB    U 99.9900 dB    V 99.9900 dB] [ET     3 ] [L0 ] [L1 ]
POC  444 TId: 0 ( I-SLICE, nQP 26 QP 26 )    2263192 bits [Y 99.9900 dB    U 99.9900 dB    V 99.9900 dB] [ET     3 ] [L0 ] [L1 ]
POC  445 TId: 0 ( I-SLICE, nQP 26 QP 26 )    2270688 bits [Y 99.9900 dB    U 99.9900 dB    V 99.9900 dB] [ET     3 ] [L0 ] [L1 ]
POC  446 TId: 0 ( I-SLICE, nQP 26 QP 26 )    2267280 bits [Y 99.9900 dB    U 99.9900 dB    V 99.9900 dB] [ET     4 ] [L0 ] [L1 ]
POC  447 TId: 0 ( I-SLICE, nQP 26 QP 26 )    2266320 bits [Y 99.9900 dB    U 99.9900 dB    V 99.9900 dB] [ET     3 ] [L0 ] [L1 ]
POC  448 TId: 0 ( I-SLICE, nQP 26 QP 26 )    2263000 bits [Y 99.9900 dB    U 99.9900 dB    V 99.9900 dB] [ET     3 ] [L0 ] [L1 ]
POC  449 TId: 0 ( I-SLICE, nQP 26 QP 26 )    2265040 bits [Y 99.9900 dB    U 99.9900 dB    V 99.9900 dB] [ET     3 ] [L0 ] [L1 ]
POC  450 TId: 0 ( I-SLICE, nQP 26 QP 26 )    2270312 bits [Y 99.9900 dB    U 99.9900 dB    V 99.9900 dB] [ET     4 ] [L0 ] [L1 ]
POC  451 TId: 0 ( I-SLICE, nQP 26 QP 26 )    2268872 bits [Y 99.9900 dB    U 99.9900 dB    V 99.9900 dB] [ET     3 ] [L0 ] [L1 ]
POC  452 TId: 0 ( I-SLICE, nQP 26 QP 26 )    2275104 bits [Y 99.9900 dB    U 99.9900 dB    V 99.9900 dB] [ET     3 ] [L0 ] [L1 ]
POC  453 TId: 0 ( I-SLICE, nQP 26 QP 26 )    2281632 bits [Y 99.9900 dB    U 99.9900 dB    V 99.9900 dB] [ET     3 ] [L0 ] [L1 ]
POC  454 TId: 0 ( I-SLICE, nQP 26 QP 26 )    2285144 bits [Y 99.9900 dB    U 99.9900 dB    V 99.9900 dB] [ET     3 ] [L0 ] [L1 ]
POC  455 TId: 0 ( I-SLICE, nQP 26 QP 26 )    2297472 bits [Y 99.9900 dB    U 99.9900 dB    V 99.9900 dB] [ET     3 ] [L0 ] [L1 ]
POC  456 TId: 0 ( I-SLICE, nQP 26 QP 26 )    2308096 bits [Y 99.9900 dB    U 99.9900 dB    V 99.9900 dB] [ET     3 ] [L0 ] [L1 ]
POC  457 TId: 0 ( I-SLICE, nQP 26 QP 26 )    2311600 bits [Y 99.9900 dB    U 99.9900 dB    V 99.9900 dB] [ET     3 ] [L0 ] [L1 ]
POC  458 TId: 0 ( I-SLICE, nQP 26 QP 26 )    2319592 bits [Y 99.9900 dB    U 99.9900 dB    V 99.9900 dB] [ET     4 ] [L0 ] [L1 ]
POC  459 TId: 0 ( I-SLICE, nQP 26 QP 26 )    2323544 bits [Y 99.9900 dB    U 99.9900 dB    V 99.9900 dB] [ET     3 ] [L0 ] [L1 ]
POC  460 TId: 0 ( I-SLICE, nQP 26 QP 26 )    2326608 bits [Y 99.9900 dB    U 99.9900 dB    V 99.9900 dB] [ET     3 ] [L0 ] [L1 ]
POC  461 TId: 0 ( I-SLICE, nQP 26 QP 26 )    2326040 bits [Y 99.9900 dB    U 99.9900 dB    V 99.9900 dB] [ET     3 ] [L0 ] [L1 ]
POC  462 TId: 0 ( I-SLICE, nQP 26 QP 26 )    2324776 bits [Y 99.9900 dB    U 99.9900 dB    V 99.9900 dB] [ET     3 ] [L0 ] [L1 ]
POC  463 TId: 0 ( I-SLICE, nQP 26 QP 26 )    2323256 bits [Y 99.9900 dB    U 99.9900 dB    V 99.9900 dB] [ET     3 ] [L0 ] [L1 ]
POC  464 TId: 0 ( I-SLICE, nQP 26 QP 26 )    2322288 bits [Y 99.9900 dB    U 99.9900 dB    V 99.9900 dB] [ET     3 ] [L0 ] [L1 ]
POC  465 TId: 0 ( I-SLICE, nQP 26 QP 26 )    2317480 bits [Y 99.9900 dB    U 99.9900 dB    V 99.9900 dB] [ET     3 ] [L0 ] [L1 ]
POC  466 TId: 0 ( I-SLICE, nQP 26 QP 26 )    2313016 bits [Y 99.9900 dB    U 99.9900 dB    V 99.9900 dB] [ET     3 ] [L0 ] [L1 ]
POC  467 TId: 0 ( I-SLICE, nQP 26 QP 26 )    2307000 bits [Y 99.9900 dB    U 99.9900 dB    V 99.9900 dB] [ET     3 ] [L0 ] [L1 ]
POC  468 TId: 0 ( I-SLICE, nQP 26 QP 26 )    2310256 bits [Y 99.9900 dB    U 99.9900 dB    V 99.9900 dB] [ET     3 ] [L0 ] [L1 ]
POC  469 TId: 0 ( I-SLICE, nQP 26 QP 26 )    2309376 bits [Y 99.9900 dB    U 99.9900 dB    V 99.9900 dB] [ET     3 ] [L0 ] [L1 ]
POC  470 TId: 0 ( I-SLICE, nQP 26 QP 26 )    2311648 bits [Y 99.9900 dB    U 99.9900 dB    V 99.9900 dB] [ET     4 ] [L0 ] [L1 ]
POC  471 TId: 0 ( I-SLICE, nQP 26 QP 26 )    2312352 bits [Y 99.9900 dB    U 99.9900 dB    V 99.9900 dB] [ET     3 ] [L0 ] [L1 ]
POC  472 TId: 0 ( I-SLICE, nQP 26 QP 26 )    2319680 bits [Y 99.9900 dB    U 99.9900 dB    V 99.9900 dB] [ET     3 ] [L0 ] [L1 ]
POC  473 TId: 0 ( I-SLICE, nQP 26 QP 26 )    2321680 bits [Y 99.9900 dB    U 99.9900 dB    V 99.9900 dB] [ET     3 ] [L0 ] [L1 ]
POC  474 TId: 0 ( I-SLICE, nQP 26 QP 26 )    2320680 bits [Y 99.9900 dB    U 99.9900 dB    V 99.9900 dB] [ET     3 ] [L0 ] [L1 ]
POC  475 TId: 0 ( I-SLICE, nQP 26 QP 26 )    2320896 bits [Y 99.9900 dB    U 99.9900 dB    V 99.9900 dB] [ET     3 ] [L0 ] [L1 ]
POC  476 TId: 0 ( I-SLICE, nQP 26 QP 26 )    2323320 bits [Y 99.9900 dB    U 99.9900 dB    V 99.9900 dB] [ET     3 ] [L0 ] [L1 ]
POC  477 TId: 0 ( I-SLICE, nQP 26 QP 26 )    2321072 bits [Y 99.9900 dB    U 99.9900 dB    V 99.9900 dB] [ET     3 ] [L0 ] [L1 ]
POC  478 TId: 0 ( I-SLICE, nQP 26 QP 26 )    2318528 bits [Y 99.9900 dB    U 99.9900 dB    V 99.9900 dB] [ET     3 ] [L0 ] [L1 ]
POC  479 TId: 0 ( I-SLICE, nQP 26 QP 26 )    2313424 bits [Y 99.9900 dB    U 99.9900 dB    V 99.9900 dB] [ET     3 ] [L0 ] [L1 ]
POC  480 TId: 0 ( I-SLICE, nQP 26 QP 26 )    2307128 bits [Y 99.9900 dB    U 99.9900 dB    V 99.9900 dB] [ET     3 ] [L0 ] [L1 ]
POC  481 TId: 0 ( I-SLICE, nQP 26 QP 26 )    2303736 bits [Y 99.9900 dB    U 99.9900 dB    V 99.9900 dB] [ET     3 ] [L0 ] [L1 ]
POC  482 TId: 0 ( I-SLICE, nQP 26 QP 26 )    2302880 bits [Y 99.9900 dB    U 99.9900 dB    V 99.9900 dB] [ET     3 ] [L0 ] [L1 ]
POC  483 TId: 0 ( I-SLICE, nQP 26 QP 26 )    2301648 bits [Y 99.9900 dB    U 99.9900 dB    V 99.9900 dB] [ET     3 ] [L0 ] [L1 ]
POC  484 TId: 0 ( I-SLICE, nQP 26 QP 26 )    2300928 bits [Y 99.9900 dB    U 99.9900 dB    V 99.9900 dB] [ET     3 ] [L0 ] [L1 ]
POC  485 TId: 0 ( I-SLICE, nQP 26 QP 26 )    2301056 bits [Y 99.9900 dB    U 99.9900 dB    V 99.9900 dB] [ET     3 ] [L0 ] [L1 ]
POC  486 TId: 0 ( I-SLICE, nQP 26 QP 26 )    2301944 bits [Y 99.9900 dB    U 99.9900 dB    V 99.9900 dB] [ET     3 ] [L0 ] [L1 ]
POC  487 TId: 0 ( I-SLICE, nQP 26 QP 26 )    2301376 bits [Y 99.9900 dB    U 99.9900 dB    V 99.9900 dB] [ET     3 ] [L0 ] [L1 ]
POC  488 TId: 0 ( I-SLICE, nQP 26 QP 26 )    2300600 bits [Y 99.9900 dB    U 99.9900 dB    V 99.9900 dB] [ET     3 ] [L0 ] [L1 ]
POC  489 TId: 0 ( I-SLICE, nQP 26 QP 26 )    2303392 bits [Y 99.9900 dB    U 99.9900 dB    V 99.9900 dB] [ET     3 ] [L0 ] [L1 ]
POC  490 TId: 0 ( I-SLICE, nQP 26 QP 26 )    2297632 bits [Y 99.9900 dB    U 99.9900 dB    V 99.9900 dB] [ET     3 ] [L0 ] [L1 ]
POC  491 TId: 0 ( I-SLICE, nQP 26 QP 26 )    2294680 bits [Y 99.9900 dB    U 99.9900 dB    V 99.9900 dB] [ET     4 ] [L0 ] [L1 ]
POC  492 TId: 0 ( I-SLICE, nQP 26 QP 26 )    2291192 bits [Y 99.9900 dB    U 99.9900 dB    V 99.9900 dB] [ET     3 ] [L0 ] [L1 ]
POC  493 TId: 0 ( I-SLICE, nQP 26 QP 26 )    2293000 bits [Y 99.9900 dB    U 99.9900 dB    V 99.9900 dB] [ET     3 ] [L0 ] [L1 ]
POC  494 TId: 0 ( I-SLICE, nQP 26 QP 26 )    2289448 bits [Y 99.9900 dB    U 99.9900 dB    V 99.9900 dB] [ET     3 ] [L0 ] [L1 ]
POC  495 TId: 0 ( I-SLICE, nQP 26 QP 26 )    2286816 bits [Y 99.9900 dB    U 99.9900 dB    V 99.9900 dB] [ET     3 ] [L0 ] [L1 ]
POC  496 TId: 0 ( I-SLICE, nQP 26 QP 26 )    2284256 bits [Y 99.9900 dB    U 99.9900 dB    V 99.9900 dB] [ET     3 ] [L0 ] [L1 ]
POC  497 TId: 0 ( I-SLICE, nQP 26 QP 26 )    2277440 bits [Y 99.9900 dB    U 99.9900 dB    V 99.9900 dB] [ET     3 ] [L0 ] [L1 ]
POC  498 TId: 0 ( I-SLICE, nQP 26 QP 26 )    2275872 bits [Y 99.9900 dB    U 99.9900 dB    V 99.9900 dB] [ET     3 ] [L0 ] [L1 ]
POC  499 TId: 0 ( I-SLICE, nQP 26 QP 26 )    2274264 bits [Y 99.9900 dB    U 99.9900 dB    V 99.9900 dB] [ET     4 ] [L0 ] [L1 ]


SUMMARY --------------------------------------------------------
	Total Frames |  Bitrate    Y-PSNR    U-PSNR    V-PSNR 
	      500    a 113701.4888   99.9900   99.9900   99.9900


I Slices--------------------------------------------------------
	Total Frames |  Bitrate    Y-PSNR    U-PSNR    V-PSNR 
	      500    i 113701.4888   99.9900   99.9900   99.9900


P Slices--------------------------------------------------------
	Total Frames |  Bitrate    Y-PSNR    U-PSNR    V-PSNR 
	        0    p        -nan      -nan      -nan      -nan


B Slices--------------------------------------------------------
	Total Frames |  Bitrate    Y-PSNR    U-PSNR    V-PSNR 
	        0    b        -nan      -nan      -nan      -nan

RVM: 0.000
Bytes written to file: 142128872 (113703.098 kbps)

 Total Time:     1714.062 sec.
