
HM software: Encoder Version [15.0][Linux][GCC 4.8.5][64 bit] 

Input          File          : ../../HEVC_test_sequence/ClassD/BlowingBubbles_416x240_50.yuv
Bitstream      File          : BlowingBubbles.bin
Reconstruction File          : BlowingBubbles.yuv
Real     Format              : 416x240 50Hz
Internal Format              : 416x240 50Hz
Frame/Field                  : Frame based coding
Frame index                  : 0 - 499 (500 frames)
CU size / depth              : 64 / 4
RQT trans. size (min / max)  : 4 / 32
Max RQT depth inter          : 3
Max RQT depth intra          : 3
Min PCM size                 : 8
Motion search range          : 64
Intra period                 : 1
Decoding refresh type        : 0
QP                           : 26.00
Max dQP signaling depth      : 0
Cb QP Offset                 : 0
Cr QP Offset                 : 0
QP adaptation                : 0 (range=0)
GOP size                     : 1
Internal bit depth           : (Y:8, C:8)
PCM sample bit depth         : (Y:8, C:8)
RateControl                  : 0
Max Num Merge Candidates     : 5

TOOL CFG: IBD:0 HAD:0 RDQ:0 RDQTS:0 RDpenalty:0 SQP:0 ASR:0 FEN:0 ECU:0 FDM:0 CFM:0 ESD:0 RQT:1 TransformSkip:0 TransformSkipFast:0 Slice: M=0 SliceSegment: M=0 CIP:0 SAO:0 PCM:0 TransQuantBypassEnabled: =1 WPP:0 WPB:0 PME:2  WaveFrontSynchro:0 WaveFrontSubstreams:1 ScalingList:0 TMVPMode:1 AQpS:0 SignBitHidingFlag:1 RecalQP:0

POC    0 TId: 0 ( I-SLICE, nQP 26 QP 26 )     673256 bits [Y 99.9900 dB    U 99.9900 dB    V 99.9900 dB] [ET     1 ] [L0 ] [L1 ]
POC    1 TId: 0 ( I-SLICE, nQP 26 QP 26 )     671520 bits [Y 99.9900 dB    U 99.9900 dB    V 99.9900 dB] [ET     1 ] [L0 ] [L1 ]
POC    2 TId: 0 ( I-SLICE, nQP 26 QP 26 )     672504 bits [Y 99.9900 dB    U 99.9900 dB    V 99.9900 dB] [ET     1 ] [L0 ] [L1 ]
POC    3 TId: 0 ( I-SLICE, nQP 26 QP 26 )     675880 bits [Y 99.9900 dB    U 99.9900 dB    V 99.9900 dB] [ET     1 ] [L0 ] [L1 ]
POC    4 TId: 0 ( I-SLICE, nQP 26 QP 26 )     678064 bits [Y 99.9900 dB    U 99.9900 dB    V 99.9900 dB] [ET     1 ] [L0 ] [L1 ]
POC    5 TId: 0 ( I-SLICE, nQP 26 QP 26 )     680720 bits [Y 99.9900 dB    U 99.9900 dB    V 99.9900 dB] [ET     1 ] [L0 ] [L1 ]
POC    6 TId: 0 ( I-SLICE, nQP 26 QP 26 )     682480 bits [Y 99.9900 dB    U 99.9900 dB    V 99.9900 dB] [ET     1 ] [L0 ] [L1 ]
POC    7 TId: 0 ( I-SLICE, nQP 26 QP 26 )     681136 bits [Y 99.9900 dB    U 99.9900 dB    V 99.9900 dB] [ET     1 ] [L0 ] [L1 ]
POC    8 TId: 0 ( I-SLICE, nQP 26 QP 26 )     680360 bits [Y 99.9900 dB    U 99.9900 dB    V 99.9900 dB] [ET     1 ] [L0 ] [L1 ]
POC    9 TId: 0 ( I-SLICE, nQP 26 QP 26 )     679112 bits [Y 99.9900 dB    U 99.9900 dB    V 99.9900 dB] [ET     1 ] [L0 ] [L1 ]
POC   10 TId: 0 ( I-SLICE, nQP 26 QP 26 )     679480 bits [Y 99.9900 dB    U 99.9900 dB    V 99.9900 dB] [ET     1 ] [L0 ] [L1 ]
POC   11 TId: 0 ( I-SLICE, nQP 26 QP 26 )     676360 bits [Y 99.9900 dB    U 99.9900 dB    V 99.9900 dB] [ET     1 ] [L0 ] [L1 ]
POC   12 TId: 0 ( I-SLICE, nQP 26 QP 26 )     677400 bits [Y 99.9900 dB    U 99.9900 dB    V 99.9900 dB] [ET     1 ] [L0 ] [L1 ]
POC   13 TId: 0 ( I-SLICE, nQP 26 QP 26 )     677936 bits [Y 99.9900 dB    U 99.9900 dB    V 99.9900 dB] [ET     1 ] [L0 ] [L1 ]
POC   14 TId: 0 ( I-SLICE, nQP 26 QP 26 )     677648 bits [Y 99.9900 dB    U 99.9900 dB    V 99.9900 dB] [ET     1 ] [L0 ] [L1 ]
POC   15 TId: 0 ( I-SLICE, nQP 26 QP 26 )     678456 bits [Y 99.9900 dB    U 99.9900 dB    V 99.9900 dB] [ET     1 ] [L0 ] [L1 ]
POC   16 TId: 0 ( I-SLICE, nQP 26 QP 26 )     680592 bits [Y 99.9900 dB    U 99.9900 dB    V 99.9900 dB] [ET     1 ] [L0 ] [L1 ]
POC   17 TId: 0 ( I-SLICE, nQP 26 QP 26 )     678048 bits [Y 99.9900 dB    U 99.9900 dB    V 99.9900 dB] [ET     1 ] [L0 ] [L1 ]
POC   18 TId: 0 ( I-SLICE, nQP 26 QP 26 )     676808 bits [Y 99.9900 dB    U 99.9900 dB    V 99.9900 dB] [ET     1 ] [L0 ] [L1 ]
POC   19 TId: 0 ( I-SLICE, nQP 26 QP 26 )     676928 bits [Y 99.9900 dB    U 99.9900 dB    V 99.9900 dB] [ET     1 ] [L0 ] [L1 ]
POC   20 TId: 0 ( I-SLICE, nQP 26 QP 26 )     679168 bits [Y 99.9900 dB    U 99.9900 dB    V 99.9900 dB] [ET     1 ] [L0 ] [L1 ]
POC   21 TId: 0 ( I-SLICE, nQP 26 QP 26 )     683736 bits [Y 99.9900 dB    U 99.9900 dB    V 99.9900 dB] [ET     1 ] [L0 ] [L1 ]
POC   22 TId: 0 ( I-SLICE, nQP 26 QP 26 )     676448 bits [Y 99.9900 dB    U 99.9900 dB    V 99.9900 dB] [ET     1 ] [L0 ] [L1 ]
POC   23 TId: 0 ( I-SLICE, nQP 26 QP 26 )     671384 bits [Y 99.9900 dB    U 99.9900 dB    V 99.9900 dB] [ET     1 ] [L0 ] [L1 ]
POC   24 TId: 0 ( I-SLICE, nQP 26 QP 26 )     664464 bits [Y 99.9900 dB    U 99.9900 dB    V 99.9900 dB] [ET     1 ] [L0 ] [L1 ]
POC   25 TId: 0 ( I-SLICE, nQP 26 QP 26 )     661064 bits [Y 99.9900 dB    U 99.9900 dB    V 99.9900 dB] [ET     1 ] [L0 ] [L1 ]
POC   26 TId: 0 ( I-SLICE, nQP 26 QP 26 )     659152 bits [Y 99.9900 dB    U 99.9900 dB    V 99.9900 dB] [ET     1 ] [L0 ] [L1 ]
POC   27 TId: 0 ( I-SLICE, nQP 26 QP 26 )     656960 bits [Y 99.9900 dB    U 99.9900 dB    V 99.9900 dB] [ET     1 ] [L0 ] [L1 ]
POC   28 TId: 0 ( I-SLICE, nQP 26 QP 26 )     659408 bits [Y 99.9900 dB    U 99.9900 dB    V 99.9900 dB] [ET     1 ] [L0 ] [L1 ]
POC   29 TId: 0 ( I-SLICE, nQP 26 QP 26 )     661288 bits [Y 99.9900 dB    U 99.9900 dB    V 99.9900 dB] [ET     1 ] [L0 ] [L1 ]
POC   30 TId: 0 ( I-SLICE, nQP 26 QP 26 )     659256 bits [Y 99.9900 dB    U 99.9900 dB    V 99.9900 dB] [ET     1 ] [L0 ] [L1 ]
POC   31 TId: 0 ( I-SLICE, nQP 26 QP 26 )     655808 bits [Y 99.9900 dB    U 99.9900 dB    V 99.9900 dB] [ET     1 ] [L0 ] [L1 ]
POC   32 TId: 0 ( I-SLICE, nQP 26 QP 26 )     651512 bits [Y 99.9900 dB    U 99.9900 dB    V 99.9900 dB] [ET     1 ] [L0 ] [L1 ]
POC   33 TId: 0 ( I-SLICE, nQP 26 QP 26 )     649784 bits [Y 99.9900 dB    U 99.9900 dB    V 99.9900 dB] [ET     1 ] [L0 ] [L1 ]
POC   34 TId: 0 ( I-SLICE, nQP 26 QP 26 )     644144 bits [Y 99.9900 dB    U 99.9900 dB    V 99.9900 dB] [ET     1 ] [L0 ] [L1 ]
POC   35 TId: 0 ( I-SLICE, nQP 26 QP 26 )     638296 bits [Y 99.9900 dB    U 99.9900 dB    V 99.9900 dB] [ET     1 ] [L0 ] [L1 ]
POC   36 TId: 0 ( I-SLICE, nQP 26 QP 26 )     641160 bits [Y 99.9900 dB    U 99.9900 dB    V 99.9900 dB] [ET     1 ] [L0 ] [L1 ]
POC   37 TId: 0 ( I-SLICE, nQP 26 QP 26 )     646392 bits [Y 99.9900 dB    U 99.9900 dB    V 99.9900 dB] [ET     1 ] [L0 ] [L1 ]
POC   38 TId: 0 ( I-SLICE, nQP 26 QP 26 )     648368 bits [Y 99.9900 dB    U 99.9900 dB    V 99.9900 dB] [ET     1 ] [L0 ] [L1 ]
POC   39 TId: 0 ( I-SLICE, nQP 26 QP 26 )     647528 bits [Y 99.9900 dB    U 99.9900 dB    V 99.9900 dB] [ET     1 ] [L0 ] [L1 ]
POC   40 TId: 0 ( I-SLICE, nQP 26 QP 26 )     648024 bits [Y 99.9900 dB    U 99.9900 dB    V 99.9900 dB] [ET     1 ] [L0 ] [L1 ]
POC   41 TId: 0 ( I-SLICE, nQP 26 QP 26 )     651768 bits [Y 99.9900 dB    U 99.9900 dB    V 99.9900 dB] [ET     1 ] [L0 ] [L1 ]
POC   42 TId: 0 ( I-SLICE, nQP 26 QP 26 )     654400 bits [Y 99.9900 dB    U 99.9900 dB    V 99.9900 dB] [ET     1 ] [L0 ] [L1 ]
POC   43 TId: 0 ( I-SLICE, nQP 26 QP 26 )     655104 bits [Y 99.9900 dB    U 99.9900 dB    V 99.9900 dB] [ET     1 ] [L0 ] [L1 ]
POC   44 TId: 0 ( I-SLICE, nQP 26 QP 26 )     656512 bits [Y 99.9900 dB    U 99.9900 dB    V 99.9900 dB] [ET     1 ] [L0 ] [L1 ]
POC   45 TId: 0 ( I-SLICE, nQP 26 QP 26 )     657032 bits [Y 99.9900 dB    U 99.9900 dB    V 99.9900 dB] [ET     1 ] [L0 ] [L1 ]
POC   46 TId: 0 ( I-SLICE, nQP 26 QP 26 )     659144 bits [Y 99.9900 dB    U 99.9900 dB    V 99.9900 dB] [ET     1 ] [L0 ] [L1 ]
POC   47 TId: 0 ( I-SLICE, nQP 26 QP 26 )     658080 bits [Y 99.9900 dB    U 99.9900 dB    V 99.9900 dB] [ET     1 ] [L0 ] [L1 ]
POC   48 TId: 0 ( I-SLICE, nQP 26 QP 26 )     659616 bits [Y 99.9900 dB    U 99.9900 dB    V 99.9900 dB] [ET     1 ] [L0 ] [L1 ]
POC   49 TId: 0 ( I-SLICE, nQP 26 QP 26 )     662552 bits [Y 99.9900 dB    U 99.9900 dB    V 99.9900 dB] [ET     1 ] [L0 ] [L1 ]
POC   50 TId: 0 ( I-SLICE, nQP 26 QP 26 )     664856 bits [Y 99.9900 dB    U 99.9900 dB    V 99.9900 dB] [ET     1 ] [L0 ] [L1 ]
POC   51 TId: 0 ( I-SLICE, nQP 26 QP 26 )     669720 bits [Y 99.9900 dB    U 99.9900 dB    V 99.9900 dB] [ET     1 ] [L0 ] [L1 ]
POC   52 TId: 0 ( I-SLICE, nQP 26 QP 26 )     675176 bits [Y 99.9900 dB    U 99.9900 dB    V 99.9900 dB] [ET     1 ] [L0 ] [L1 ]
POC   53 TId: 0 ( I-SLICE, nQP 26 QP 26 )     677528 bits [Y 99.9900 dB    U 99.9900 dB    V 99.9900 dB] [ET     1 ] [L0 ] [L1 ]
POC   54 TId: 0 ( I-SLICE, nQP 26 QP 26 )     676952 bits [Y 99.9900 dB    U 99.9900 dB    V 99.9900 dB] [ET     1 ] [L0 ] [L1 ]
POC   55 TId: 0 ( I-SLICE, nQP 26 QP 26 )     677632 bits [Y 99.9900 dB    U 99.9900 dB    V 99.9900 dB] [ET     1 ] [L0 ] [L1 ]
POC   56 TId: 0 ( I-SLICE, nQP 26 QP 26 )     676696 bits [Y 99.9900 dB    U 99.9900 dB    V 99.9900 dB] [ET     1 ] [L0 ] [L1 ]
POC   57 TId: 0 ( I-SLICE, nQP 26 QP 26 )     677560 bits [Y 99.9900 dB    U 99.9900 dB    V 99.9900 dB] [ET     1 ] [L0 ] [L1 ]
POC   58 TId: 0 ( I-SLICE, nQP 26 QP 26 )     678552 bits [Y 99.9900 dB    U 99.9900 dB    V 99.9900 dB] [ET     1 ] [L0 ] [L1 ]
POC   59 TId: 0 ( I-SLICE, nQP 26 QP 26 )     678816 bits [Y 99.9900 dB    U 99.9900 dB    V 99.9900 dB] [ET     1 ] [L0 ] [L1 ]
POC   60 TId: 0 ( I-SLICE, nQP 26 QP 26 )     682624 bits [Y 99.9900 dB    U 99.9900 dB    V 99.9900 dB] [ET     1 ] [L0 ] [L1 ]
POC   61 TId: 0 ( I-SLICE, nQP 26 QP 26 )     682816 bits [Y 99.9900 dB    U 99.9900 dB    V 99.9900 dB] [ET     1 ] [L0 ] [L1 ]
POC   62 TId: 0 ( I-SLICE, nQP 26 QP 26 )     684384 bits [Y 99.9900 dB    U 99.9900 dB    V 99.9900 dB] [ET     1 ] [L0 ] [L1 ]
POC   63 TId: 0 ( I-SLICE, nQP 26 QP 26 )     682352 bits [Y 99.9900 dB    U 99.9900 dB    V 99.9900 dB] [ET     1 ] [L0 ] [L1 ]
POC   64 TId: 0 ( I-SLICE, nQP 26 QP 26 )     679944 bits [Y 99.9900 dB    U 99.9900 dB    V 99.9900 dB] [ET     1 ] [L0 ] [L1 ]
POC   65 TId: 0 ( I-SLICE, nQP 26 QP 26 )     680376 bits [Y 99.9900 dB    U 99.9900 dB    V 99.9900 dB] [ET     1 ] [L0 ] [L1 ]
POC   66 TId: 0 ( I-SLICE, nQP 26 QP 26 )     679752 bits [Y 99.9900 dB    U 99.9900 dB    V 99.9900 dB] [ET     1 ] [L0 ] [L1 ]
POC   67 TId: 0 ( I-SLICE, nQP 26 QP 26 )     679792 bits [Y 99.9900 dB    U 99.9900 dB    V 99.9900 dB] [ET     1 ] [L0 ] [L1 ]
POC   68 TId: 0 ( I-SLICE, nQP 26 QP 26 )     679472 bits [Y 99.9900 dB    U 99.9900 dB    V 99.9900 dB] [ET     1 ] [L0 ] [L1 ]
POC   69 TId: 0 ( I-SLICE, nQP 26 QP 26 )     677704 bits [Y 99.9900 dB    U 99.9900 dB    V 99.9900 dB] [ET     1 ] [L0 ] [L1 ]
POC   70 TId: 0 ( I-SLICE, nQP 26 QP 26 )     679864 bits [Y 99.9900 dB    U 99.9900 dB    V 99.9900 dB] [ET     1 ] [L0 ] [L1 ]
POC   71 TId: 0 ( I-SLICE, nQP 26 QP 26 )     679688 bits [Y 99.9900 dB    U 99.9900 dB    V 99.9900 dB] [ET     1 ] [L0 ] [L1 ]
POC   72 TId: 0 ( I-SLICE, nQP 26 QP 26 )     680064 bits [Y 99.9900 dB    U 99.9900 dB    V 99.9900 dB] [ET     1 ] [L0 ] [L1 ]
POC   73 TId: 0 ( I-SLICE, nQP 26 QP 26 )     681024 bits [Y 99.9900 dB    U 99.9900 dB    V 99.9900 dB] [ET     1 ] [L0 ] [L1 ]
POC   74 TId: 0 ( I-SLICE, nQP 26 QP 26 )     681616 bits [Y 99.9900 dB    U 99.9900 dB    V 99.9900 dB] [ET     1 ] [L0 ] [L1 ]
POC   75 TId: 0 ( I-SLICE, nQP 26 QP 26 )     680688 bits [Y 99.9900 dB    U 99.9900 dB    V 99.9900 dB] [ET     1 ] [L0 ] [L1 ]
POC   76 TId: 0 ( I-SLICE, nQP 26 QP 26 )     679520 bits [Y 99.9900 dB    U 99.9900 dB    V 99.9900 dB] [ET     1 ] [L0 ] [L1 ]
POC   77 TId: 0 ( I-SLICE, nQP 26 QP 26 )     679928 bits [Y 99.9900 dB    U 99.9900 dB    V 99.9900 dB] [ET     1 ] [L0 ] [L1 ]
POC   78 TId: 0 ( I-SLICE, nQP 26 QP 26 )     680656 bits [Y 99.9900 dB    U 99.9900 dB    V 99.9900 dB] [ET     1 ] [L0 ] [L1 ]
POC   79 TId: 0 ( I-SLICE, nQP 26 QP 26 )     681840 bits [Y 99.9900 dB    U 99.9900 dB    V 99.9900 dB] [ET     1 ] [L0 ] [L1 ]
POC   80 TId: 0 ( I-SLICE, nQP 26 QP 26 )     682856 bits [Y 99.9900 dB    U 99.9900 dB    V 99.9900 dB] [ET     1 ] [L0 ] [L1 ]
POC   81 TId: 0 ( I-SLICE, nQP 26 QP 26 )     680432 bits [Y 99.9900 dB    U 99.9900 dB    V 99.9900 dB] [ET     1 ] [L0 ] [L1 ]
POC   82 TId: 0 ( I-SLICE, nQP 26 QP 26 )     679312 bits [Y 99.9900 dB    U 99.9900 dB    V 99.9900 dB] [ET     1 ] [L0 ] [L1 ]
POC   83 TId: 0 ( I-SLICE, nQP 26 QP 26 )     678712 bits [Y 99.9900 dB    U 99.9900 dB    V 99.9900 dB] [ET     1 ] [L0 ] [L1 ]
POC   84 TId: 0 ( I-SLICE, nQP 26 QP 26 )     678072 bits [Y 99.9900 dB    U 99.9900 dB    V 99.9900 dB] [ET     1 ] [L0 ] [L1 ]
POC   85 TId: 0 ( I-SLICE, nQP 26 QP 26 )     677536 bits [Y 99.9900 dB    U 99.9900 dB    V 99.9900 dB] [ET     1 ] [L0 ] [L1 ]
POC   86 TId: 0 ( I-SLICE, nQP 26 QP 26 )     678104 bits [Y 99.9900 dB    U 99.9900 dB    V 99.9900 dB] [ET     1 ] [L0 ] [L1 ]
POC   87 TId: 0 ( I-SLICE, nQP 26 QP 26 )     683280 bits [Y 99.9900 dB    U 99.9900 dB    V 99.9900 dB] [ET     1 ] [L0 ] [L1 ]
POC   88 TId: 0 ( I-SLICE, nQP 26 QP 26 )     685544 bits [Y 99.9900 dB    U 99.9900 dB    V 99.9900 dB] [ET     1 ] [L0 ] [L1 ]
POC   89 TId: 0 ( I-SLICE, nQP 26 QP 26 )     687592 bits [Y 99.9900 dB    U 99.9900 dB    V 99.9900 dB] [ET     1 ] [L0 ] [L1 ]
POC   90 TId: 0 ( I-SLICE, nQP 26 QP 26 )     690720 bits [Y 99.9900 dB    U 99.9900 dB    V 99.9900 dB] [ET     1 ] [L0 ] [L1 ]
POC   91 TId: 0 ( I-SLICE, nQP 26 QP 26 )     692008 bits [Y 99.9900 dB    U 99.9900 dB    V 99.9900 dB] [ET     1 ] [L0 ] [L1 ]
POC   92 TId: 0 ( I-SLICE, nQP 26 QP 26 )     692808 bits [Y 99.9900 dB    U 99.9900 dB    V 99.9900 dB] [ET     1 ] [L0 ] [L1 ]
POC   93 TId: 0 ( I-SLICE, nQP 26 QP 26 )     692632 bits [Y 99.9900 dB    U 99.9900 dB    V 99.9900 dB] [ET     1 ] [L0 ] [L1 ]
POC   94 TId: 0 ( I-SLICE, nQP 26 QP 26 )     694312 bits [Y 99.9900 dB    U 99.9900 dB    V 99.9900 dB] [ET     1 ] [L0 ] [L1 ]
POC   95 TId: 0 ( I-SLICE, nQP 26 QP 26 )     695144 bits [Y 99.9900 dB    U 99.9900 dB    V 99.9900 dB] [ET     1 ] [L0 ] [L1 ]
POC   96 TId: 0 ( I-SLICE, nQP 26 QP 26 )     696120 bits [Y 99.9900 dB    U 99.9900 dB    V 99.9900 dB] [ET     1 ] [L0 ] [L1 ]
POC   97 TId: 0 ( I-SLICE, nQP 26 QP 26 )     696880 bits [Y 99.9900 dB    U 99.9900 dB    V 99.9900 dB] [ET     1 ] [L0 ] [L1 ]
POC   98 TId: 0 ( I-SLICE, nQP 26 QP 26 )     698000 bits [Y 99.9900 dB    U 99.9900 dB    V 99.9900 dB] [ET     1 ] [L0 ] [L1 ]
POC   99 TId: 0 ( I-SLICE, nQP 26 QP 26 )     697960 bits [Y 99.9900 dB    U 99.9900 dB    V 99.9900 dB] [ET     1 ] [L0 ] [L1 ]
POC  100 TId: 0 ( I-SLICE, nQP 26 QP 26 )     699672 bits [Y 99.9900 dB    U 99.9900 dB    V 99.9900 dB] [ET     1 ] [L0 ] [L1 ]
POC  101 TId: 0 ( I-SLICE, nQP 26 QP 26 )     698360 bits [Y 99.9900 dB    U 99.9900 dB    V 99.9900 dB] [ET     1 ] [L0 ] [L1 ]
POC  102 TId: 0 ( I-SLICE, nQP 26 QP 26 )     698632 bits [Y 99.9900 dB    U 99.9900 dB    V 99.9900 dB] [ET     1 ] [L0 ] [L1 ]
POC  103 TId: 0 ( I-SLICE, nQP 26 QP 26 )     700000 bits [Y 99.9900 dB    U 99.9900 dB    V 99.9900 dB] [ET     1 ] [L0 ] [L1 ]
POC  104 TId: 0 ( I-SLICE, nQP 26 QP 26 )     698280 bits [Y 99.9900 dB    U 99.9900 dB    V 99.9900 dB] [ET     1 ] [L0 ] [L1 ]
POC  105 TId: 0 ( I-SLICE, nQP 26 QP 26 )     699904 bits [Y 99.9900 dB    U 99.9900 dB    V 99.9900 dB] [ET     1 ] [L0 ] [L1 ]
POC  106 TId: 0 ( I-SLICE, nQP 26 QP 26 )     698096 bits [Y 99.9900 dB    U 99.9900 dB    V 99.9900 dB] [ET     1 ] [L0 ] [L1 ]
POC  107 TId: 0 ( I-SLICE, nQP 26 QP 26 )     699304 bits [Y 99.9900 dB    U 99.9900 dB    V 99.9900 dB] [ET     1 ] [L0 ] [L1 ]
POC  108 TId: 0 ( I-SLICE, nQP 26 QP 26 )     697992 bits [Y 99.9900 dB    U 99.9900 dB    V 99.9900 dB] [ET     1 ] [L0 ] [L1 ]
POC  109 TId: 0 ( I-SLICE, nQP 26 QP 26 )     698136 bits [Y 99.9900 dB    U 99.9900 dB    V 99.9900 dB] [ET     1 ] [L0 ] [L1 ]
POC  110 TId: 0 ( I-SLICE, nQP 26 QP 26 )     698584 bits [Y 99.9900 dB    U 99.9900 dB    V 99.9900 dB] [ET     1 ] [L0 ] [L1 ]
POC  111 TId: 0 ( I-SLICE, nQP 26 QP 26 )     699120 bits [Y 99.9900 dB    U 99.9900 dB    V 99.9900 dB] [ET     1 ] [L0 ] [L1 ]
POC  112 TId: 0 ( I-SLICE, nQP 26 QP 26 )     704184 bits [Y 99.9900 dB    U 99.9900 dB    V 99.9900 dB] [ET     1 ] [L0 ] [L1 ]
POC  113 TId: 0 ( I-SLICE, nQP 26 QP 26 )     703280 bits [Y 99.9900 dB    U 99.9900 dB    V 99.9900 dB] [ET     1 ] [L0 ] [L1 ]
POC  114 TId: 0 ( I-SLICE, nQP 26 QP 26 )     704224 bits [Y 99.9900 dB    U 99.9900 dB    V 99.9900 dB] [ET     1 ] [L0 ] [L1 ]
POC  115 TId: 0 ( I-SLICE, nQP 26 QP 26 )     703368 bits [Y 99.9900 dB    U 99.9900 dB    V 99.9900 dB] [ET     1 ] [L0 ] [L1 ]
POC  116 TId: 0 ( I-SLICE, nQP 26 QP 26 )     702848 bits [Y 99.9900 dB    U 99.9900 dB    V 99.9900 dB] [ET     1 ] [L0 ] [L1 ]
POC  117 TId: 0 ( I-SLICE, nQP 26 QP 26 )     702368 bits [Y 99.9900 dB    U 99.9900 dB    V 99.9900 dB] [ET     1 ] [L0 ] [L1 ]
POC  118 TId: 0 ( I-SLICE, nQP 26 QP 26 )     701528 bits [Y 99.9900 dB    U 99.9900 dB    V 99.9900 dB] [ET     1 ] [L0 ] [L1 ]
POC  119 TId: 0 ( I-SLICE, nQP 26 QP 26 )     700760 bits [Y 99.9900 dB    U 99.9900 dB    V 99.9900 dB] [ET     1 ] [L0 ] [L1 ]
POC  120 TId: 0 ( I-SLICE, nQP 26 QP 26 )     702664 bits [Y 99.9900 dB    U 99.9900 dB    V 99.9900 dB] [ET     1 ] [L0 ] [L1 ]
POC  121 TId: 0 ( I-SLICE, nQP 26 QP 26 )     705104 bits [Y 99.9900 dB    U 99.9900 dB    V 99.9900 dB] [ET     1 ] [L0 ] [L1 ]
POC  122 TId: 0 ( I-SLICE, nQP 26 QP 26 )     702688 bits [Y 99.9900 dB    U 99.9900 dB    V 99.9900 dB] [ET     1 ] [L0 ] [L1 ]
POC  123 TId: 0 ( I-SLICE, nQP 26 QP 26 )     702744 bits [Y 99.9900 dB    U 99.9900 dB    V 99.9900 dB] [ET     1 ] [L0 ] [L1 ]
POC  124 TId: 0 ( I-SLICE, nQP 26 QP 26 )     702640 bits [Y 99.9900 dB    U 99.9900 dB    V 99.9900 dB] [ET     1 ] [L0 ] [L1 ]
POC  125 TId: 0 ( I-SLICE, nQP 26 QP 26 )     703680 bits [Y 99.9900 dB    U 99.9900 dB    V 99.9900 dB] [ET     1 ] [L0 ] [L1 ]
POC  126 TId: 0 ( I-SLICE, nQP 26 QP 26 )     703176 bits [Y 99.9900 dB    U 99.9900 dB    V 99.9900 dB] [ET     1 ] [L0 ] [L1 ]
POC  127 TId: 0 ( I-SLICE, nQP 26 QP 26 )     704336 bits [Y 99.9900 dB    U 99.9900 dB    V 99.9900 dB] [ET     1 ] [L0 ] [L1 ]
POC  128 TId: 0 ( I-SLICE, nQP 26 QP 26 )     703952 bits [Y 99.9900 dB    U 99.9900 dB    V 99.9900 dB] [ET     1 ] [L0 ] [L1 ]
POC  129 TId: 0 ( I-SLICE, nQP 26 QP 26 )     704720 bits [Y 99.9900 dB    U 99.9900 dB    V 99.9900 dB] [ET     1 ] [L0 ] [L1 ]
POC  130 TId: 0 ( I-SLICE, nQP 26 QP 26 )     704656 bits [Y 99.9900 dB    U 99.9900 dB    V 99.9900 dB] [ET     1 ] [L0 ] [L1 ]
POC  131 TId: 0 ( I-SLICE, nQP 26 QP 26 )     705720 bits [Y 99.9900 dB    U 99.9900 dB    V 99.9900 dB] [ET     1 ] [L0 ] [L1 ]
POC  132 TId: 0 ( I-SLICE, nQP 26 QP 26 )     704976 bits [Y 99.9900 dB    U 99.9900 dB    V 99.9900 dB] [ET     1 ] [L0 ] [L1 ]
POC  133 TId: 0 ( I-SLICE, nQP 26 QP 26 )     705688 bits [Y 99.9900 dB    U 99.9900 dB    V 99.9900 dB] [ET     1 ] [L0 ] [L1 ]
POC  134 TId: 0 ( I-SLICE, nQP 26 QP 26 )     705304 bits [Y 99.9900 dB    U 99.9900 dB    V 99.9900 dB] [ET     1 ] [L0 ] [L1 ]
POC  135 TId: 0 ( I-SLICE, nQP 26 QP 26 )     705464 bits [Y 99.9900 dB    U 99.9900 dB    V 99.9900 dB] [ET     1 ] [L0 ] [L1 ]
POC  136 TId: 0 ( I-SLICE, nQP 26 QP 26 )     705256 bits [Y 99.9900 dB    U 99.9900 dB    V 99.9900 dB] [ET     1 ] [L0 ] [L1 ]
POC  137 TId: 0 ( I-SLICE, nQP 26 QP 26 )     705424 bits [Y 99.9900 dB    U 99.9900 dB    V 99.9900 dB] [ET     1 ] [L0 ] [L1 ]
POC  138 TId: 0 ( I-SLICE, nQP 26 QP 26 )     705296 bits [Y 99.9900 dB    U 99.9900 dB    V 99.9900 dB] [ET     1 ] [L0 ] [L1 ]
POC  139 TId: 0 ( I-SLICE, nQP 26 QP 26 )     706640 bits [Y 99.9900 dB    U 99.9900 dB    V 99.9900 dB] [ET     1 ] [L0 ] [L1 ]
POC  140 TId: 0 ( I-SLICE, nQP 26 QP 26 )     712856 bits [Y 99.9900 dB    U 99.9900 dB    V 99.9900 dB] [ET     1 ] [L0 ] [L1 ]
POC  141 TId: 0 ( I-SLICE, nQP 26 QP 26 )     710368 bits [Y 99.9900 dB    U 99.9900 dB    V 99.9900 dB] [ET     1 ] [L0 ] [L1 ]
POC  142 TId: 0 ( I-SLICE, nQP 26 QP 26 )     705880 bits [Y 99.9900 dB    U 99.9900 dB    V 99.9900 dB] [ET     1 ] [L0 ] [L1 ]
POC  143 TId: 0 ( I-SLICE, nQP 26 QP 26 )     705016 bits [Y 99.9900 dB    U 99.9900 dB    V 99.9900 dB] [ET     1 ] [L0 ] [L1 ]
POC  144 TId: 0 ( I-SLICE, nQP 26 QP 26 )     707328 bits [Y 99.9900 dB    U 99.9900 dB    V 99.9900 dB] [ET     1 ] [L0 ] [L1 ]
POC  145 TId: 0 ( I-SLICE, nQP 26 QP 26 )     712768 bits [Y 99.9900 dB    U 99.9900 dB    V 99.9900 dB] [ET     1 ] [L0 ] [L1 ]
POC  146 TId: 0 ( I-SLICE, nQP 26 QP 26 )     715960 bits [Y 99.9900 dB    U 99.9900 dB    V 99.9900 dB] [ET     1 ] [L0 ] [L1 ]
POC  147 TId: 0 ( I-SLICE, nQP 26 QP 26 )     715904 bits [Y 99.9900 dB    U 99.9900 dB    V 99.9900 dB] [ET     1 ] [L0 ] [L1 ]
POC  148 TId: 0 ( I-SLICE, nQP 26 QP 26 )     713464 bits [Y 99.9900 dB    U 99.9900 dB    V 99.9900 dB] [ET     1 ] [L0 ] [L1 ]
POC  149 TId: 0 ( I-SLICE, nQP 26 QP 26 )     718832 bits [Y 99.9900 dB    U 99.9900 dB    V 99.9900 dB] [ET     1 ] [L0 ] [L1 ]
POC  150 TId: 0 ( I-SLICE, nQP 26 QP 26 )     712832 bits [Y 99.9900 dB    U 99.9900 dB    V 99.9900 dB] [ET     1 ] [L0 ] [L1 ]
POC  151 TId: 0 ( I-SLICE, nQP 26 QP 26 )     712224 bits [Y 99.9900 dB    U 99.9900 dB    V 99.9900 dB] [ET     1 ] [L0 ] [L1 ]
POC  152 TId: 0 ( I-SLICE, nQP 26 QP 26 )     714344 bits [Y 99.9900 dB    U 99.9900 dB    V 99.9900 dB] [ET     1 ] [L0 ] [L1 ]
POC  153 TId: 0 ( I-SLICE, nQP 26 QP 26 )     713448 bits [Y 99.9900 dB    U 99.9900 dB    V 99.9900 dB] [ET     1 ] [L0 ] [L1 ]
POC  154 TId: 0 ( I-SLICE, nQP 26 QP 26 )     714200 bits [Y 99.9900 dB    U 99.9900 dB    V 99.9900 dB] [ET     1 ] [L0 ] [L1 ]
POC  155 TId: 0 ( I-SLICE, nQP 26 QP 26 )     714328 bits [Y 99.9900 dB    U 99.9900 dB    V 99.9900 dB] [ET     1 ] [L0 ] [L1 ]
POC  156 TId: 0 ( I-SLICE, nQP 26 QP 26 )     719664 bits [Y 99.9900 dB    U 99.9900 dB    V 99.9900 dB] [ET     1 ] [L0 ] [L1 ]
POC  157 TId: 0 ( I-SLICE, nQP 26 QP 26 )     719200 bits [Y 99.9900 dB    U 99.9900 dB    V 99.9900 dB] [ET     1 ] [L0 ] [L1 ]
POC  158 TId: 0 ( I-SLICE, nQP 26 QP 26 )     721856 bits [Y 99.9900 dB    U 99.9900 dB    V 99.9900 dB] [ET     1 ] [L0 ] [L1 ]
POC  159 TId: 0 ( I-SLICE, nQP 26 QP 26 )     721568 bits [Y 99.9900 dB    U 99.9900 dB    V 99.9900 dB] [ET     1 ] [L0 ] [L1 ]
POC  160 TId: 0 ( I-SLICE, nQP 26 QP 26 )     719080 bits [Y 99.9900 dB    U 99.9900 dB    V 99.9900 dB] [ET     1 ] [L0 ] [L1 ]
POC  161 TId: 0 ( I-SLICE, nQP 26 QP 26 )     718440 bits [Y 99.9900 dB    U 99.9900 dB    V 99.9900 dB] [ET     1 ] [L0 ] [L1 ]
POC  162 TId: 0 ( I-SLICE, nQP 26 QP 26 )     717312 bits [Y 99.9900 dB    U 99.9900 dB    V 99.9900 dB] [ET     1 ] [L0 ] [L1 ]
POC  163 TId: 0 ( I-SLICE, nQP 26 QP 26 )     717080 bits [Y 99.9900 dB    U 99.9900 dB    V 99.9900 dB] [ET     1 ] [L0 ] [L1 ]
POC  164 TId: 0 ( I-SLICE, nQP 26 QP 26 )     716184 bits [Y 99.9900 dB    U 99.9900 dB    V 99.9900 dB] [ET     1 ] [L0 ] [L1 ]
POC  165 TId: 0 ( I-SLICE, nQP 26 QP 26 )     715384 bits [Y 99.9900 dB    U 99.9900 dB    V 99.9900 dB] [ET     1 ] [L0 ] [L1 ]
POC  166 TId: 0 ( I-SLICE, nQP 26 QP 26 )     715752 bits [Y 99.9900 dB    U 99.9900 dB    V 99.9900 dB] [ET     1 ] [L0 ] [L1 ]
POC  167 TId: 0 ( I-SLICE, nQP 26 QP 26 )     714464 bits [Y 99.9900 dB    U 99.9900 dB    V 99.9900 dB] [ET     1 ] [L0 ] [L1 ]
POC  168 TId: 0 ( I-SLICE, nQP 26 QP 26 )     716048 bits [Y 99.9900 dB    U 99.9900 dB    V 99.9900 dB] [ET     1 ] [L0 ] [L1 ]
POC  169 TId: 0 ( I-SLICE, nQP 26 QP 26 )     719872 bits [Y 99.9900 dB    U 99.9900 dB    V 99.9900 dB] [ET     1 ] [L0 ] [L1 ]
POC  170 TId: 0 ( I-SLICE, nQP 26 QP 26 )     723176 bits [Y 99.9900 dB    U 99.9900 dB    V 99.9900 dB] [ET     1 ] [L0 ] [L1 ]
POC  171 TId: 0 ( I-SLICE, nQP 26 QP 26 )     725888 bits [Y 99.9900 dB    U 99.9900 dB    V 99.9900 dB] [ET     1 ] [L0 ] [L1 ]
POC  172 TId: 0 ( I-SLICE, nQP 26 QP 26 )     727040 bits [Y 99.9900 dB    U 99.9900 dB    V 99.9900 dB] [ET     1 ] [L0 ] [L1 ]
POC  173 TId: 0 ( I-SLICE, nQP 26 QP 26 )     727568 bits [Y 99.9900 dB    U 99.9900 dB    V 99.9900 dB] [ET     1 ] [L0 ] [L1 ]
POC  174 TId: 0 ( I-SLICE, nQP 26 QP 26 )     729256 bits [Y 99.9900 dB    U 99.9900 dB    V 99.9900 dB] [ET     1 ] [L0 ] [L1 ]
POC  175 TId: 0 ( I-SLICE, nQP 26 QP 26 )     727456 bits [Y 99.9900 dB    U 99.9900 dB    V 99.9900 dB] [ET     1 ] [L0 ] [L1 ]
POC  176 TId: 0 ( I-SLICE, nQP 26 QP 26 )     727032 bits [Y 99.9900 dB    U 99.9900 dB    V 99.9900 dB] [ET     1 ] [L0 ] [L1 ]
POC  177 TId: 0 ( I-SLICE, nQP 26 QP 26 )     727048 bits [Y 99.9900 dB    U 99.9900 dB    V 99.9900 dB] [ET     1 ] [L0 ] [L1 ]
POC  178 TId: 0 ( I-SLICE, nQP 26 QP 26 )     727416 bits [Y 99.9900 dB    U 99.9900 dB    V 99.9900 dB] [ET     1 ] [L0 ] [L1 ]
POC  179 TId: 0 ( I-SLICE, nQP 26 QP 26 )     726024 bits [Y 99.9900 dB    U 99.9900 dB    V 99.9900 dB] [ET     1 ] [L0 ] [L1 ]
POC  180 TId: 0 ( I-SLICE, nQP 26 QP 26 )     726624 bits [Y 99.9900 dB    U 99.9900 dB    V 99.9900 dB] [ET     1 ] [L0 ] [L1 ]
POC  181 TId: 0 ( I-SLICE, nQP 26 QP 26 )     724632 bits [Y 99.9900 dB    U 99.9900 dB    V 99.9900 dB] [ET     1 ] [L0 ] [L1 ]
POC  182 TId: 0 ( I-SLICE, nQP 26 QP 26 )     726792 bits [Y 99.9900 dB    U 99.9900 dB    V 99.9900 dB] [ET     1 ] [L0 ] [L1 ]
POC  183 TId: 0 ( I-SLICE, nQP 26 QP 26 )     735376 bits [Y 99.9900 dB    U 99.9900 dB    V 99.9900 dB] [ET     1 ] [L0 ] [L1 ]
POC  184 TId: 0 ( I-SLICE, nQP 26 QP 26 )     725848 bits [Y 99.9900 dB    U 99.9900 dB    V 99.9900 dB] [ET     1 ] [L0 ] [L1 ]
POC  185 TId: 0 ( I-SLICE, nQP 26 QP 26 )     726216 bits [Y 99.9900 dB    U 99.9900 dB    V 99.9900 dB] [ET     1 ] [L0 ] [L1 ]
POC  186 TId: 0 ( I-SLICE, nQP 26 QP 26 )     725184 bits [Y 99.9900 dB    U 99.9900 dB    V 99.9900 dB] [ET     1 ] [L0 ] [L1 ]
POC  187 TId: 0 ( I-SLICE, nQP 26 QP 26 )     725888 bits [Y 99.9900 dB    U 99.9900 dB    V 99.9900 dB] [ET     1 ] [L0 ] [L1 ]
POC  188 TId: 0 ( I-SLICE, nQP 26 QP 26 )     726336 bits [Y 99.9900 dB    U 99.9900 dB    V 99.9900 dB] [ET     1 ] [L0 ] [L1 ]
POC  189 TId: 0 ( I-SLICE, nQP 26 QP 26 )     726312 bits [Y 99.9900 dB    U 99.9900 dB    V 99.9900 dB] [ET     1 ] [L0 ] [L1 ]
POC  190 TId: 0 ( I-SLICE, nQP 26 QP 26 )     725232 bits [Y 99.9900 dB    U 99.9900 dB    V 99.9900 dB] [ET     1 ] [L0 ] [L1 ]
POC  191 TId: 0 ( I-SLICE, nQP 26 QP 26 )     724504 bits [Y 99.9900 dB    U 99.9900 dB    V 99.9900 dB] [ET     1 ] [L0 ] [L1 ]
POC  192 TId: 0 ( I-SLICE, nQP 26 QP 26 )     722872 bits [Y 99.9900 dB    U 99.9900 dB    V 99.9900 dB] [ET     1 ] [L0 ] [L1 ]
POC  193 TId: 0 ( I-SLICE, nQP 26 QP 26 )     722472 bits [Y 99.9900 dB    U 99.9900 dB    V 99.9900 dB] [ET     1 ] [L0 ] [L1 ]
POC  194 TId: 0 ( I-SLICE, nQP 26 QP 26 )     722752 bits [Y 99.9900 dB    U 99.9900 dB    V 99.9900 dB] [ET     1 ] [L0 ] [L1 ]
POC  195 TId: 0 ( I-SLICE, nQP 26 QP 26 )     722656 bits [Y 99.9900 dB    U 99.9900 dB    V 99.9900 dB] [ET     1 ] [L0 ] [L1 ]
POC  196 TId: 0 ( I-SLICE, nQP 26 QP 26 )     723888 bits [Y 99.9900 dB    U 99.9900 dB    V 99.9900 dB] [ET     1 ] [L0 ] [L1 ]
POC  197 TId: 0 ( I-SLICE, nQP 26 QP 26 )     724624 bits [Y 99.9900 dB    U 99.9900 dB    V 99.9900 dB] [ET     1 ] [L0 ] [L1 ]
POC  198 TId: 0 ( I-SLICE, nQP 26 QP 26 )     724328 bits [Y 99.9900 dB    U 99.9900 dB    V 99.9900 dB] [ET     1 ] [L0 ] [L1 ]
POC  199 TId: 0 ( I-SLICE, nQP 26 QP 26 )     724616 bits [Y 99.9900 dB    U 99.9900 dB    V 99.9900 dB] [ET     1 ] [L0 ] [L1 ]
POC  200 TId: 0 ( I-SLICE, nQP 26 QP 26 )     721496 bits [Y 99.9900 dB    U 99.9900 dB    V 99.9900 dB] [ET     1 ] [L0 ] [L1 ]
POC  201 TId: 0 ( I-SLICE, nQP 26 QP 26 )     721456 bits [Y 99.9900 dB    U 99.9900 dB    V 99.9900 dB] [ET     1 ] [L0 ] [L1 ]
POC  202 TId: 0 ( I-SLICE, nQP 26 QP 26 )     722944 bits [Y 99.9900 dB    U 99.9900 dB    V 99.9900 dB] [ET     1 ] [L0 ] [L1 ]
POC  203 TId: 0 ( I-SLICE, nQP 26 QP 26 )     723984 bits [Y 99.9900 dB    U 99.9900 dB    V 99.9900 dB] [ET     1 ] [L0 ] [L1 ]
POC  204 TId: 0 ( I-SLICE, nQP 26 QP 26 )     723992 bits [Y 99.9900 dB    U 99.9900 dB    V 99.9900 dB] [ET     1 ] [L0 ] [L1 ]
POC  205 TId: 0 ( I-SLICE, nQP 26 QP 26 )     725568 bits [Y 99.9900 dB    U 99.9900 dB    V 99.9900 dB] [ET     1 ] [L0 ] [L1 ]
POC  206 TId: 0 ( I-SLICE, nQP 26 QP 26 )     725032 bits [Y 99.9900 dB    U 99.9900 dB    V 99.9900 dB] [ET     1 ] [L0 ] [L1 ]
POC  207 TId: 0 ( I-SLICE, nQP 26 QP 26 )     725104 bits [Y 99.9900 dB    U 99.9900 dB    V 99.9900 dB] [ET     1 ] [L0 ] [L1 ]
POC  208 TId: 0 ( I-SLICE, nQP 26 QP 26 )     724216 bits [Y 99.9900 dB    U 99.9900 dB    V 99.9900 dB] [ET     1 ] [L0 ] [L1 ]
POC  209 TId: 0 ( I-SLICE, nQP 26 QP 26 )     723160 bits [Y 99.9900 dB    U 99.9900 dB    V 99.9900 dB] [ET     1 ] [L0 ] [L1 ]
POC  210 TId: 0 ( I-SLICE, nQP 26 QP 26 )     722960 bits [Y 99.9900 dB    U 99.9900 dB    V 99.9900 dB] [ET     1 ] [L0 ] [L1 ]
POC  211 TId: 0 ( I-SLICE, nQP 26 QP 26 )     722880 bits [Y 99.9900 dB    U 99.9900 dB    V 99.9900 dB] [ET     1 ] [L0 ] [L1 ]
POC  212 TId: 0 ( I-SLICE, nQP 26 QP 26 )     723952 bits [Y 99.9900 dB    U 99.9900 dB    V 99.9900 dB] [ET     1 ] [L0 ] [L1 ]
POC  213 TId: 0 ( I-SLICE, nQP 26 QP 26 )     724872 bits [Y 99.9900 dB    U 99.9900 dB    V 99.9900 dB] [ET     1 ] [L0 ] [L1 ]
POC  214 TId: 0 ( I-SLICE, nQP 26 QP 26 )     723544 bits [Y 99.9900 dB    U 99.9900 dB    V 99.9900 dB] [ET     1 ] [L0 ] [L1 ]
POC  215 TId: 0 ( I-SLICE, nQP 26 QP 26 )     724944 bits [Y 99.9900 dB    U 99.9900 dB    V 99.9900 dB] [ET     1 ] [L0 ] [L1 ]
POC  216 TId: 0 ( I-SLICE, nQP 26 QP 26 )     724384 bits [Y 99.9900 dB    U 99.9900 dB    V 99.9900 dB] [ET     1 ] [L0 ] [L1 ]
POC  217 TId: 0 ( I-SLICE, nQP 26 QP 26 )     724304 bits [Y 99.9900 dB    U 99.9900 dB    V 99.9900 dB] [ET     1 ] [L0 ] [L1 ]
POC  218 TId: 0 ( I-SLICE, nQP 26 QP 26 )     725496 bits [Y 99.9900 dB    U 99.9900 dB    V 99.9900 dB] [ET     1 ] [L0 ] [L1 ]
POC  219 TId: 0 ( I-SLICE, nQP 26 QP 26 )     725848 bits [Y 99.9900 dB    U 99.9900 dB    V 99.9900 dB] [ET     1 ] [L0 ] [L1 ]
POC  220 TId: 0 ( I-SLICE, nQP 26 QP 26 )     725768 bits [Y 99.9900 dB    U 99.9900 dB    V 99.9900 dB] [ET     1 ] [L0 ] [L1 ]
POC  221 TId: 0 ( I-SLICE, nQP 26 QP 26 )     724808 bits [Y 99.9900 dB    U 99.9900 dB    V 99.9900 dB] [ET     1 ] [L0 ] [L1 ]
POC  222 TId: 0 ( I-SLICE, nQP 26 QP 26 )     725112 bits [Y 99.9900 dB    U 99.9900 dB    V 99.9900 dB] [ET     1 ] [L0 ] [L1 ]
POC  223 TId: 0 ( I-SLICE, nQP 26 QP 26 )     725296 bits [Y 99.9900 dB    U 99.9900 dB    V 99.9900 dB] [ET     1 ] [L0 ] [L1 ]
POC  224 TId: 0 ( I-SLICE, nQP 26 QP 26 )     726240 bits [Y 99.9900 dB    U 99.9900 dB    V 99.9900 dB] [ET     1 ] [L0 ] [L1 ]
POC  225 TId: 0 ( I-SLICE, nQP 26 QP 26 )     726784 bits [Y 99.9900 dB    U 99.9900 dB    V 99.9900 dB] [ET     1 ] [L0 ] [L1 ]
POC  226 TId: 0 ( I-SLICE, nQP 26 QP 26 )     727048 bits [Y 99.9900 dB    U 99.9900 dB    V 99.9900 dB] [ET     1 ] [L0 ] [L1 ]
POC  227 TId: 0 ( I-SLICE, nQP 26 QP 26 )     727216 bits [Y 99.9900 dB    U 99.9900 dB    V 99.9900 dB] [ET     1 ] [L0 ] [L1 ]
POC  228 TId: 0 ( I-SLICE, nQP 26 QP 26 )     727320 bits [Y 99.9900 dB    U 99.9900 dB    V 99.9900 dB] [ET     1 ] [L0 ] [L1 ]
POC  229 TId: 0 ( I-SLICE, nQP 26 QP 26 )     727512 bits [Y 99.9900 dB    U 99.9900 dB    V 99.9900 dB] [ET     1 ] [L0 ] [L1 ]
POC  230 TId: 0 ( I-SLICE, nQP 26 QP 26 )     729448 bits [Y 99.9900 dB    U 99.9900 dB    V 99.9900 dB] [ET     1 ] [L0 ] [L1 ]
POC  231 TId: 0 ( I-SLICE, nQP 26 QP 26 )     729896 bits [Y 99.9900 dB    U 99.9900 dB    V 99.9900 dB] [ET     1 ] [L0 ] [L1 ]
POC  232 TId: 0 ( I-SLICE, nQP 26 QP 26 )     727480 bits [Y 99.9900 dB    U 99.9900 dB    V 99.9900 dB] [ET     1 ] [L0 ] [L1 ]
POC  233 TId: 0 ( I-SLICE, nQP 26 QP 26 )     725256 bits [Y 99.9900 dB    U 99.9900 dB    V 99.9900 dB] [ET     1 ] [L0 ] [L1 ]
POC  234 TId: 0 ( I-SLICE, nQP 26 QP 26 )     724744 bits [Y 99.9900 dB    U 99.9900 dB    V 99.9900 dB] [ET     1 ] [L0 ] [L1 ]
POC  235 TId: 0 ( I-SLICE, nQP 26 QP 26 )     725512 bits [Y 99.9900 dB    U 99.9900 dB    V 99.9900 dB] [ET     1 ] [L0 ] [L1 ]
POC  236 TId: 0 ( I-SLICE, nQP 26 QP 26 )     729384 bits [Y 99.9900 dB    U 99.9900 dB    V 99.9900 dB] [ET     1 ] [L0 ] [L1 ]
POC  237 TId: 0 ( I-SLICE, nQP 26 QP 26 )     729768 bits [Y 99.9900 dB    U 99.9900 dB    V 99.9900 dB] [ET     1 ] [L0 ] [L1 ]
POC  238 TId: 0 ( I-SLICE, nQP 26 QP 26 )     732728 bits [Y 99.9900 dB    U 99.9900 dB    V 99.9900 dB] [ET     1 ] [L0 ] [L1 ]
POC  239 TId: 0 ( I-SLICE, nQP 26 QP 26 )     733096 bits [Y 99.9900 dB    U 99.9900 dB    V 99.9900 dB] [ET     1 ] [L0 ] [L1 ]
POC  240 TId: 0 ( I-SLICE, nQP 26 QP 26 )     728216 bits [Y 99.9900 dB    U 99.9900 dB    V 99.9900 dB] [ET     1 ] [L0 ] [L1 ]
POC  241 TId: 0 ( I-SLICE, nQP 26 QP 26 )     726688 bits [Y 99.9900 dB    U 99.9900 dB    V 99.9900 dB] [ET     1 ] [L0 ] [L1 ]
POC  242 TId: 0 ( I-SLICE, nQP 26 QP 26 )     727080 bits [Y 99.9900 dB    U 99.9900 dB    V 99.9900 dB] [ET     1 ] [L0 ] [L1 ]
POC  243 TId: 0 ( I-SLICE, nQP 26 QP 26 )     727144 bits [Y 99.9900 dB    U 99.9900 dB    V 99.9900 dB] [ET     1 ] [L0 ] [L1 ]
POC  244 TId: 0 ( I-SLICE, nQP 26 QP 26 )     727072 bits [Y 99.9900 dB    U 99.9900 dB    V 99.9900 dB] [ET     1 ] [L0 ] [L1 ]
POC  245 TId: 0 ( I-SLICE, nQP 26 QP 26 )     731976 bits [Y 99.9900 dB    U 99.9900 dB    V 99.9900 dB] [ET     1 ] [L0 ] [L1 ]
POC  246 TId: 0 ( I-SLICE, nQP 26 QP 26 )     727008 bits [Y 99.9900 dB    U 99.9900 dB    V 99.9900 dB] [ET     1 ] [L0 ] [L1 ]
POC  247 TId: 0 ( I-SLICE, nQP 26 QP 26 )     728752 bits [Y 99.9900 dB    U 99.9900 dB    V 99.9900 dB] [ET     1 ] [L0 ] [L1 ]
POC  248 TId: 0 ( I-SLICE, nQP 26 QP 26 )     729200 bits [Y 99.9900 dB    U 99.9900 dB    V 99.9900 dB] [ET     1 ] [L0 ] [L1 ]
POC  249 TId: 0 ( I-SLICE, nQP 26 QP 26 )     731096 bits [Y 99.9900 dB    U 99.9900 dB    V 99.9900 dB] [ET     1 ] [L0 ] [L1 ]
POC  250 TId: 0 ( I-SLICE, nQP 26 QP 26 )     728136 bits [Y 99.9900 dB    U 99.9900 dB    V 99.9900 dB] [ET     1 ] [L0 ] [L1 ]
POC  251 TId: 0 ( I-SLICE, nQP 26 QP 26 )     728984 bits [Y 99.9900 dB    U 99.9900 dB    V 99.9900 dB] [ET     1 ] [L0 ] [L1 ]
POC  252 TId: 0 ( I-SLICE, nQP 26 QP 26 )     732912 bits [Y 99.9900 dB    U 99.9900 dB    V 99.9900 dB] [ET     1 ] [L0 ] [L1 ]
POC  253 TId: 0 ( I-SLICE, nQP 26 QP 26 )     734232 bits [Y 99.9900 dB    U 99.9900 dB    V 99.9900 dB] [ET     1 ] [L0 ] [L1 ]
POC  254 TId: 0 ( I-SLICE, nQP 26 QP 26 )     731720 bits [Y 99.9900 dB    U 99.9900 dB    V 99.9900 dB] [ET     1 ] [L0 ] [L1 ]
POC  255 TId: 0 ( I-SLICE, nQP 26 QP 26 )     738896 bits [Y 99.9900 dB    U 99.9900 dB    V 99.9900 dB] [ET     1 ] [L0 ] [L1 ]
POC  256 TId: 0 ( I-SLICE, nQP 26 QP 26 )     732832 bits [Y 99.9900 dB    U 99.9900 dB    V 99.9900 dB] [ET     1 ] [L0 ] [L1 ]
POC  257 TId: 0 ( I-SLICE, nQP 26 QP 26 )     738544 bits [Y 99.9900 dB    U 99.9900 dB    V 99.9900 dB] [ET     1 ] [L0 ] [L1 ]
POC  258 TId: 0 ( I-SLICE, nQP 26 QP 26 )     734520 bits [Y 99.9900 dB    U 99.9900 dB    V 99.9900 dB] [ET     1 ] [L0 ] [L1 ]
POC  259 TId: 0 ( I-SLICE, nQP 26 QP 26 )     730728 bits [Y 99.9900 dB    U 99.9900 dB    V 99.9900 dB] [ET     1 ] [L0 ] [L1 ]
POC  260 TId: 0 ( I-SLICE, nQP 26 QP 26 )     731136 bits [Y 99.9900 dB    U 99.9900 dB    V 99.9900 dB] [ET     1 ] [L0 ] [L1 ]
POC  261 TId: 0 ( I-SLICE, nQP 26 QP 26 )     731416 bits [Y 99.9900 dB    U 99.9900 dB    V 99.9900 dB] [ET     1 ] [L0 ] [L1 ]
POC  262 TId: 0 ( I-SLICE, nQP 26 QP 26 )     734608 bits [Y 99.9900 dB    U 99.9900 dB    V 99.9900 dB] [ET     1 ] [L0 ] [L1 ]
POC  263 TId: 0 ( I-SLICE, nQP 26 QP 26 )     735360 bits [Y 99.9900 dB    U 99.9900 dB    V 99.9900 dB] [ET     1 ] [L0 ] [L1 ]
POC  264 TId: 0 ( I-SLICE, nQP 26 QP 26 )     734880 bits [Y 99.9900 dB    U 99.9900 dB    V 99.9900 dB] [ET     1 ] [L0 ] [L1 ]
POC  265 TId: 0 ( I-SLICE, nQP 26 QP 26 )     734960 bits [Y 99.9900 dB    U 99.9900 dB    V 99.9900 dB] [ET     1 ] [L0 ] [L1 ]
POC  266 TId: 0 ( I-SLICE, nQP 26 QP 26 )     738032 bits [Y 99.9900 dB    U 99.9900 dB    V 99.9900 dB] [ET     1 ] [L0 ] [L1 ]
POC  267 TId: 0 ( I-SLICE, nQP 26 QP 26 )     736648 bits [Y 99.9900 dB    U 99.9900 dB    V 99.9900 dB] [ET     1 ] [L0 ] [L1 ]
POC  268 TId: 0 ( I-SLICE, nQP 26 QP 26 )     741792 bits [Y 99.9900 dB    U 99.9900 dB    V 99.9900 dB] [ET     1 ] [L0 ] [L1 ]
POC  269 TId: 0 ( I-SLICE, nQP 26 QP 26 )     735744 bits [Y 99.9900 dB    U 99.9900 dB    V 99.9900 dB] [ET     1 ] [L0 ] [L1 ]
POC  270 TId: 0 ( I-SLICE, nQP 26 QP 26 )     736288 bits [Y 99.9900 dB    U 99.9900 dB    V 99.9900 dB] [ET     1 ] [L0 ] [L1 ]
POC  271 TId: 0 ( I-SLICE, nQP 26 QP 26 )     736984 bits [Y 99.9900 dB    U 99.9900 dB    V 99.9900 dB] [ET     1 ] [L0 ] [L1 ]
POC  272 TId: 0 ( I-SLICE, nQP 26 QP 26 )     738216 bits [Y 99.9900 dB    U 99.9900 dB    V 99.9900 dB] [ET     1 ] [L0 ] [L1 ]
POC  273 TId: 0 ( I-SLICE, nQP 26 QP 26 )     734568 bits [Y 99.9900 dB    U 99.9900 dB    V 99.9900 dB] [ET     1 ] [L0 ] [L1 ]
POC  274 TId: 0 ( I-SLICE, nQP 26 QP 26 )     737344 bits [Y 99.9900 dB    U 99.9900 dB    V 99.9900 dB] [ET     1 ] [L0 ] [L1 ]
POC  275 TId: 0 ( I-SLICE, nQP 26 QP 26 )     734808 bits [Y 99.9900 dB    U 99.9900 dB    V 99.9900 dB] [ET     1 ] [L0 ] [L1 ]
POC  276 TId: 0 ( I-SLICE, nQP 26 QP 26 )     735392 bits [Y 99.9900 dB    U 99.9900 dB    V 99.9900 dB] [ET     1 ] [L0 ] [L1 ]
POC  277 TId: 0 ( I-SLICE, nQP 26 QP 26 )     738416 bits [Y 99.9900 dB    U 99.9900 dB    V 99.9900 dB] [ET     1 ] [L0 ] [L1 ]
POC  278 TId: 0 ( I-SLICE, nQP 26 QP 26 )     743992 bits [Y 99.9900 dB    U 99.9900 dB    V 99.9900 dB] [ET     1 ] [L0 ] [L1 ]
POC  279 TId: 0 ( I-SLICE, nQP 26 QP 26 )     739984 bits [Y 99.9900 dB    U 99.9900 dB    V 99.9900 dB] [ET     1 ] [L0 ] [L1 ]
POC  280 TId: 0 ( I-SLICE, nQP 26 QP 26 )     739304 bits [Y 99.9900 dB    U 99.9900 dB    V 99.9900 dB] [ET     1 ] [L0 ] [L1 ]
POC  281 TId: 0 ( I-SLICE, nQP 26 QP 26 )     742184 bits [Y 99.9900 dB    U 99.9900 dB    V 99.9900 dB] [ET     1 ] [L0 ] [L1 ]
POC  282 TId: 0 ( I-SLICE, nQP 26 QP 26 )     737280 bits [Y 99.9900 dB    U 99.9900 dB    V 99.9900 dB] [ET     1 ] [L0 ] [L1 ]
POC  283 TId: 0 ( I-SLICE, nQP 26 QP 26 )     735944 bits [Y 99.9900 dB    U 99.9900 dB    V 99.9900 dB] [ET     1 ] [L0 ] [L1 ]
POC  284 TId: 0 ( I-SLICE, nQP 26 QP 26 )     742736 bits [Y 99.9900 dB    U 99.9900 dB    V 99.9900 dB] [ET     1 ] [L0 ] [L1 ]
POC  285 TId: 0 ( I-SLICE, nQP 26 QP 26 )     739984 bits [Y 99.9900 dB    U 99.9900 dB    V 99.9900 dB] [ET     1 ] [L0 ] [L1 ]
POC  286 TId: 0 ( I-SLICE, nQP 26 QP 26 )     739048 bits [Y 99.9900 dB    U 99.9900 dB    V 99.9900 dB] [ET     1 ] [L0 ] [L1 ]
POC  287 TId: 0 ( I-SLICE, nQP 26 QP 26 )     741248 bits [Y 99.9900 dB    U 99.9900 dB    V 99.9900 dB] [ET     1 ] [L0 ] [L1 ]
POC  288 TId: 0 ( I-SLICE, nQP 26 QP 26 )     744712 bits [Y 99.9900 dB    U 99.9900 dB    V 99.9900 dB] [ET     1 ] [L0 ] [L1 ]
POC  289 TId: 0 ( I-SLICE, nQP 26 QP 26 )     743568 bits [Y 99.9900 dB    U 99.9900 dB    V 99.9900 dB] [ET     1 ] [L0 ] [L1 ]
POC  290 TId: 0 ( I-SLICE, nQP 26 QP 26 )     739960 bits [Y 99.9900 dB    U 99.9900 dB    V 99.9900 dB] [ET     1 ] [L0 ] [L1 ]
POC  291 TId: 0 ( I-SLICE, nQP 26 QP 26 )     739088 bits [Y 99.9900 dB    U 99.9900 dB    V 99.9900 dB] [ET     1 ] [L0 ] [L1 ]
POC  292 TId: 0 ( I-SLICE, nQP 26 QP 26 )     736512 bits [Y 99.9900 dB    U 99.9900 dB    V 99.9900 dB] [ET     1 ] [L0 ] [L1 ]
POC  293 TId: 0 ( I-SLICE, nQP 26 QP 26 )     737272 bits [Y 99.9900 dB    U 99.9900 dB    V 99.9900 dB] [ET     1 ] [L0 ] [L1 ]
POC  294 TId: 0 ( I-SLICE, nQP 26 QP 26 )     736456 bits [Y 99.9900 dB    U 99.9900 dB    V 99.9900 dB] [ET     1 ] [L0 ] [L1 ]
POC  295 TId: 0 ( I-SLICE, nQP 26 QP 26 )     738584 bits [Y 99.9900 dB    U 99.9900 dB    V 99.9900 dB] [ET     1 ] [L0 ] [L1 ]
POC  296 TId: 0 ( I-SLICE, nQP 26 QP 26 )     738856 bits [Y 99.9900 dB    U 99.9900 dB    V 99.9900 dB] [ET     1 ] [L0 ] [L1 ]
POC  297 TId: 0 ( I-SLICE, nQP 26 QP 26 )     738440 bits [Y 99.9900 dB    U 99.9900 dB    V 99.9900 dB] [ET     1 ] [L0 ] [L1 ]
POC  298 TId: 0 ( I-SLICE, nQP 26 QP 26 )     738320 bits [Y 99.9900 dB    U 99.9900 dB    V 99.9900 dB] [ET     1 ] [L0 ] [L1 ]
POC  299 TId: 0 ( I-SLICE, nQP 26 QP 26 )     737352 bits [Y 99.9900 dB    U 99.9900 dB    V 99.9900 dB] [ET     1 ] [L0 ] [L1 ]
POC  300 TId: 0 ( I-SLICE, nQP 26 QP 26 )     737136 bits [Y 99.9900 dB    U 99.9900 dB    V 99.9900 dB] [ET     1 ] [L0 ] [L1 ]
POC  301 TId: 0 ( I-SLICE, nQP 26 QP 26 )     737856 bits [Y 99.9900 dB    U 99.9900 dB    V 99.9900 dB] [ET     1 ] [L0 ] [L1 ]
POC  302 TId: 0 ( I-SLICE, nQP 26 QP 26 )     736672 bits [Y 99.9900 dB    U 99.9900 dB    V 99.9900 dB] [ET     1 ] [L0 ] [L1 ]
POC  303 TId: 0 ( I-SLICE, nQP 26 QP 26 )     737792 bits [Y 99.9900 dB    U 99.9900 dB    V 99.9900 dB] [ET     1 ] [L0 ] [L1 ]
POC  304 TId: 0 ( I-SLICE, nQP 26 QP 26 )     737888 bits [Y 99.9900 dB    U 99.9900 dB    V 99.9900 dB] [ET     1 ] [L0 ] [L1 ]
POC  305 TId: 0 ( I-SLICE, nQP 26 QP 26 )     736312 bits [Y 99.9900 dB    U 99.9900 dB    V 99.9900 dB] [ET     1 ] [L0 ] [L1 ]
POC  306 TId: 0 ( I-SLICE, nQP 26 QP 26 )     736880 bits [Y 99.9900 dB    U 99.9900 dB    V 99.9900 dB] [ET     1 ] [L0 ] [L1 ]
POC  307 TId: 0 ( I-SLICE, nQP 26 QP 26 )     737272 bits [Y 99.9900 dB    U 99.9900 dB    V 99.9900 dB] [ET     1 ] [L0 ] [L1 ]
POC  308 TId: 0 ( I-SLICE, nQP 26 QP 26 )     738368 bits [Y 99.9900 dB    U 99.9900 dB    V 99.9900 dB] [ET     1 ] [L0 ] [L1 ]
POC  309 TId: 0 ( I-SLICE, nQP 26 QP 26 )     738064 bits [Y 99.9900 dB    U 99.9900 dB    V 99.9900 dB] [ET     1 ] [L0 ] [L1 ]
POC  310 TId: 0 ( I-SLICE, nQP 26 QP 26 )     736848 bits [Y 99.9900 dB    U 99.9900 dB    V 99.9900 dB] [ET     1 ] [L0 ] [L1 ]
POC  311 TId: 0 ( I-SLICE, nQP 26 QP 26 )     740808 bits [Y 99.9900 dB    U 99.9900 dB    V 99.9900 dB] [ET     1 ] [L0 ] [L1 ]
POC  312 TId: 0 ( I-SLICE, nQP 26 QP 26 )     737976 bits [Y 99.9900 dB    U 99.9900 dB    V 99.9900 dB] [ET     1 ] [L0 ] [L1 ]
POC  313 TId: 0 ( I-SLICE, nQP 26 QP 26 )     742016 bits [Y 99.9900 dB    U 99.9900 dB    V 99.9900 dB] [ET     1 ] [L0 ] [L1 ]
POC  314 TId: 0 ( I-SLICE, nQP 26 QP 26 )     738384 bits [Y 99.9900 dB    U 99.9900 dB    V 99.9900 dB] [ET     1 ] [L0 ] [L1 ]
POC  315 TId: 0 ( I-SLICE, nQP 26 QP 26 )     737984 bits [Y 99.9900 dB    U 99.9900 dB    V 99.9900 dB] [ET     1 ] [L0 ] [L1 ]
POC  316 TId: 0 ( I-SLICE, nQP 26 QP 26 )     738696 bits [Y 99.9900 dB    U 99.9900 dB    V 99.9900 dB] [ET     1 ] [L0 ] [L1 ]
POC  317 TId: 0 ( I-SLICE, nQP 26 QP 26 )     736640 bits [Y 99.9900 dB    U 99.9900 dB    V 99.9900 dB] [ET     1 ] [L0 ] [L1 ]
POC  318 TId: 0 ( I-SLICE, nQP 26 QP 26 )     736368 bits [Y 99.9900 dB    U 99.9900 dB    V 99.9900 dB] [ET     1 ] [L0 ] [L1 ]
POC  319 TId: 0 ( I-SLICE, nQP 26 QP 26 )     736152 bits [Y 99.9900 dB    U 99.9900 dB    V 99.9900 dB] [ET     1 ] [L0 ] [L1 ]
POC  320 TId: 0 ( I-SLICE, nQP 26 QP 26 )     742808 bits [Y 99.9900 dB    U 99.9900 dB    V 99.9900 dB] [ET     1 ] [L0 ] [L1 ]
POC  321 TId: 0 ( I-SLICE, nQP 26 QP 26 )     743016 bits [Y 99.9900 dB    U 99.9900 dB    V 99.9900 dB] [ET     1 ] [L0 ] [L1 ]
POC  322 TId: 0 ( I-SLICE, nQP 26 QP 26 )     742368 bits [Y 99.9900 dB    U 99.9900 dB    V 99.9900 dB] [ET     1 ] [L0 ] [L1 ]
POC  323 TId: 0 ( I-SLICE, nQP 26 QP 26 )     742424 bits [Y 99.9900 dB    U 99.9900 dB    V 99.9900 dB] [ET     1 ] [L0 ] [L1 ]
POC  324 TId: 0 ( I-SLICE, nQP 26 QP 26 )     751608 bits [Y 99.9900 dB    U 99.9900 dB    V 99.9900 dB] [ET     1 ] [L0 ] [L1 ]
POC  325 TId: 0 ( I-SLICE, nQP 26 QP 26 )     743928 bits [Y 99.9900 dB    U 99.9900 dB    V 99.9900 dB] [ET     1 ] [L0 ] [L1 ]
POC  326 TId: 0 ( I-SLICE, nQP 26 QP 26 )     750360 bits [Y 99.9900 dB    U 99.9900 dB    V 99.9900 dB] [ET     1 ] [L0 ] [L1 ]
POC  327 TId: 0 ( I-SLICE, nQP 26 QP 26 )     745224 bits [Y 99.9900 dB    U 99.9900 dB    V 99.9900 dB] [ET     1 ] [L0 ] [L1 ]
POC  328 TId: 0 ( I-SLICE, nQP 26 QP 26 )     744712 bits [Y 99.9900 dB    U 99.9900 dB    V 99.9900 dB] [ET     1 ] [L0 ] [L1 ]
POC  329 TId: 0 ( I-SLICE, nQP 26 QP 26 )     744192 bits [Y 99.9900 dB    U 99.9900 dB    V 99.9900 dB] [ET     1 ] [L0 ] [L1 ]
POC  330 TId: 0 ( I-SLICE, nQP 26 QP 26 )     748720 bits [Y 99.9900 dB    U 99.9900 dB    V 99.9900 dB] [ET     1 ] [L0 ] [L1 ]
POC  331 TId: 0 ( I-SLICE, nQP 26 QP 26 )     749880 bits [Y 99.9900 dB    U 99.9900 dB    V 99.9900 dB] [ET     1 ] [L0 ] [L1 ]
POC  332 TId: 0 ( I-SLICE, nQP 26 QP 26 )     749424 bits [Y 99.9900 dB    U 99.9900 dB    V 99.9900 dB] [ET     1 ] [L0 ] [L1 ]
POC  333 TId: 0 ( I-SLICE, nQP 26 QP 26 )     750800 bits [Y 99.9900 dB    U 99.9900 dB    V 99.9900 dB] [ET     1 ] [L0 ] [L1 ]
POC  334 TId: 0 ( I-SLICE, nQP 26 QP 26 )     742272 bits [Y 99.9900 dB    U 99.9900 dB    V 99.9900 dB] [ET     1 ] [L0 ] [L1 ]
POC  335 TId: 0 ( I-SLICE, nQP 26 QP 26 )     740592 bits [Y 99.9900 dB    U 99.9900 dB    V 99.9900 dB] [ET     1 ] [L0 ] [L1 ]
POC  336 TId: 0 ( I-SLICE, nQP 26 QP 26 )     740840 bits [Y 99.9900 dB    U 99.9900 dB    V 99.9900 dB] [ET     1 ] [L0 ] [L1 ]
POC  337 TId: 0 ( I-SLICE, nQP 26 QP 26 )     739992 bits [Y 99.9900 dB    U 99.9900 dB    V 99.9900 dB] [ET     1 ] [L0 ] [L1 ]
POC  338 TId: 0 ( I-SLICE, nQP 26 QP 26 )     740272 bits [Y 99.9900 dB    U 99.9900 dB    V 99.9900 dB] [ET     1 ] [L0 ] [L1 ]
POC  339 TId: 0 ( I-SLICE, nQP 26 QP 26 )     740168 bits [Y 99.9900 dB    U 99.9900 dB    V 99.9900 dB] [ET     1 ] [L0 ] [L1 ]
POC  340 TId: 0 ( I-SLICE, nQP 26 QP 26 )     740704 bits [Y 99.9900 dB    U 99.9900 dB    V 99.9900 dB] [ET     1 ] [L0 ] [L1 ]
POC  341 TId: 0 ( I-SLICE, nQP 26 QP 26 )     740704 bits [Y 99.9900 dB    U 99.9900 dB    V 99.9900 dB] [ET     1 ] [L0 ] [L1 ]
POC  342 TId: 0 ( I-SLICE, nQP 26 QP 26 )     740904 bits [Y 99.9900 dB    U 99.9900 dB    V 99.9900 dB] [ET     1 ] [L0 ] [L1 ]
POC  343 TId: 0 ( I-SLICE, nQP 26 QP 26 )     741032 bits [Y 99.9900 dB    U 99.9900 dB    V 99.9900 dB] [ET     1 ] [L0 ] [L1 ]
POC  344 TId: 0 ( I-SLICE, nQP 26 QP 26 )     740368 bits [Y 99.9900 dB    U 99.9900 dB    V 99.9900 dB] [ET     1 ] [L0 ] [L1 ]
POC  345 TId: 0 ( I-SLICE, nQP 26 QP 26 )     741368 bits [Y 99.9900 dB    U 99.9900 dB    V 99.9900 dB] [ET     1 ] [L0 ] [L1 ]
POC  346 TId: 0 ( I-SLICE, nQP 26 QP 26 )     741232 bits [Y 99.9900 dB    U 99.9900 dB    V 99.9900 dB] [ET     1 ] [L0 ] [L1 ]
POC  347 TId: 0 ( I-SLICE, nQP 26 QP 26 )     741176 bits [Y 99.9900 dB    U 99.9900 dB    V 99.9900 dB] [ET     1 ] [L0 ] [L1 ]
POC  348 TId: 0 ( I-SLICE, nQP 26 QP 26 )     741736 bits [Y 99.9900 dB    U 99.9900 dB    V 99.9900 dB] [ET     1 ] [L0 ] [L1 ]
POC  349 TId: 0 ( I-SLICE, nQP 26 QP 26 )     742032 bits [Y 99.9900 dB    U 99.9900 dB    V 99.9900 dB] [ET     1 ] [L0 ] [L1 ]
POC  350 TId: 0 ( I-SLICE, nQP 26 QP 26 )     741792 bits [Y 99.9900 dB    U 99.9900 dB    V 99.9900 dB] [ET     1 ] [L0 ] [L1 ]
POC  351 TId: 0 ( I-SLICE, nQP 26 QP 26 )     740944 bits [Y 99.9900 dB    U 99.9900 dB    V 99.9900 dB] [ET     1 ] [L0 ] [L1 ]
POC  352 TId: 0 ( I-SLICE, nQP 26 QP 26 )     741648 bits [Y 99.9900 dB    U 99.9900 dB    V 99.9900 dB] [ET     1 ] [L0 ] [L1 ]
POC  353 TId: 0 ( I-SLICE, nQP 26 QP 26 )     741216 bits [Y 99.9900 dB    U 99.9900 dB    V 99.9900 dB] [ET     1 ] [L0 ] [L1 ]
POC  354 TId: 0 ( I-SLICE, nQP 26 QP 26 )     740584 bits [Y 99.9900 dB    U 99.9900 dB    V 99.9900 dB] [ET     1 ] [L0 ] [L1 ]
POC  355 TId: 0 ( I-SLICE, nQP 26 QP 26 )     741160 bits [Y 99.9900 dB    U 99.9900 dB    V 99.9900 dB] [ET     1 ] [L0 ] [L1 ]
POC  356 TId: 0 ( I-SLICE, nQP 26 QP 26 )     741120 bits [Y 99.9900 dB    U 99.9900 dB    V 99.9900 dB] [ET     1 ] [L0 ] [L1 ]
POC  357 TId: 0 ( I-SLICE, nQP 26 QP 26 )     742240 bits [Y 99.9900 dB    U 99.9900 dB    V 99.9900 dB] [ET     1 ] [L0 ] [L1 ]
POC  358 TId: 0 ( I-SLICE, nQP 26 QP 26 )     742296 bits [Y 99.9900 dB    U 99.9900 dB    V 99.9900 dB] [ET     1 ] [L0 ] [L1 ]
POC  359 TId: 0 ( I-SLICE, nQP 26 QP 26 )     741832 bits [Y 99.9900 dB    U 99.9900 dB    V 99.9900 dB] [ET     1 ] [L0 ] [L1 ]
POC  360 TId: 0 ( I-SLICE, nQP 26 QP 26 )     743976 bits [Y 99.9900 dB    U 99.9900 dB    V 99.9900 dB] [ET     1 ] [L0 ] [L1 ]
POC  361 TId: 0 ( I-SLICE, nQP 26 QP 26 )     742880 bits [Y 99.9900 dB    U 99.9900 dB    V 99.9900 dB] [ET     1 ] [L0 ] [L1 ]
POC  362 TId: 0 ( I-SLICE, nQP 26 QP 26 )     742848 bits [Y 99.9900 dB    U 99.9900 dB    V 99.9900 dB] [ET     1 ] [L0 ] [L1 ]
POC  363 TId: 0 ( I-SLICE, nQP 26 QP 26 )     741544 bits [Y 99.9900 dB    U 99.9900 dB    V 99.9900 dB] [ET     1 ] [L0 ] [L1 ]
POC  364 TId: 0 ( I-SLICE, nQP 26 QP 26 )     741320 bits [Y 99.9900 dB    U 99.9900 dB    V 99.9900 dB] [ET     1 ] [L0 ] [L1 ]
POC  365 TId: 0 ( I-SLICE, nQP 26 QP 26 )     742912 bits [Y 99.9900 dB    U 99.9900 dB    V 99.9900 dB] [ET     1 ] [L0 ] [L1 ]
POC  366 TId: 0 ( I-SLICE, nQP 26 QP 26 )     747128 bits [Y 99.9900 dB    U 99.9900 dB    V 99.9900 dB] [ET     1 ] [L0 ] [L1 ]
POC  367 TId: 0 ( I-SLICE, nQP 26 QP 26 )     742368 bits [Y 99.9900 dB    U 99.9900 dB    V 99.9900 dB] [ET     1 ] [L0 ] [L1 ]
POC  368 TId: 0 ( I-SLICE, nQP 26 QP 26 )     744472 bits [Y 99.9900 dB    U 99.9900 dB    V 99.9900 dB] [ET     1 ] [L0 ] [L1 ]
POC  369 TId: 0 ( I-SLICE, nQP 26 QP 26 )     746600 bits [Y 99.9900 dB    U 99.9900 dB    V 99.9900 dB] [ET     1 ] [L0 ] [L1 ]
POC  370 TId: 0 ( I-SLICE, nQP 26 QP 26 )     747544 bits [Y 99.9900 dB    U 99.9900 dB    V 99.9900 dB] [ET     1 ] [L0 ] [L1 ]
POC  371 TId: 0 ( I-SLICE, nQP 26 QP 26 )     749032 bits [Y 99.9900 dB    U 99.9900 dB    V 99.9900 dB] [ET     1 ] [L0 ] [L1 ]
POC  372 TId: 0 ( I-SLICE, nQP 26 QP 26 )     744688 bits [Y 99.9900 dB    U 99.9900 dB    V 99.9900 dB] [ET     1 ] [L0 ] [L1 ]
POC  373 TId: 0 ( I-SLICE, nQP 26 QP 26 )     742936 bits [Y 99.9900 dB    U 99.9900 dB    V 99.9900 dB] [ET     1 ] [L0 ] [L1 ]
POC  374 TId: 0 ( I-SLICE, nQP 26 QP 26 )     741648 bits [Y 99.9900 dB    U 99.9900 dB    V 99.9900 dB] [ET     1 ] [L0 ] [L1 ]
POC  375 TId: 0 ( I-SLICE, nQP 26 QP 26 )     746960 bits [Y 99.9900 dB    U 99.9900 dB    V 99.9900 dB] [ET     1 ] [L0 ] [L1 ]
POC  376 TId: 0 ( I-SLICE, nQP 26 QP 26 )     746056 bits [Y 99.9900 dB    U 99.9900 dB    V 99.9900 dB] [ET     1 ] [L0 ] [L1 ]
POC  377 TId: 0 ( I-SLICE, nQP 26 QP 26 )     745008 bits [Y 99.9900 dB    U 99.9900 dB    V 99.9900 dB] [ET     1 ] [L0 ] [L1 ]
POC  378 TId: 0 ( I-SLICE, nQP 26 QP 26 )     743104 bits [Y 99.9900 dB    U 99.9900 dB    V 99.9900 dB] [ET     1 ] [L0 ] [L1 ]
POC  379 TId: 0 ( I-SLICE, nQP 26 QP 26 )     745168 bits [Y 99.9900 dB    U 99.9900 dB    V 99.9900 dB] [ET     1 ] [L0 ] [L1 ]
POC  380 TId: 0 ( I-SLICE, nQP 26 QP 26 )     744712 bits [Y 99.9900 dB    U 99.9900 dB    V 99.9900 dB] [ET     1 ] [L0 ] [L1 ]
POC  381 TId: 0 ( I-SLICE, nQP 26 QP 26 )     741592 bits [Y 99.9900 dB    U 99.9900 dB    V 99.9900 dB] [ET     1 ] [L0 ] [L1 ]
POC  382 TId: 0 ( I-SLICE, nQP 26 QP 26 )     741584 bits [Y 99.9900 dB    U 99.9900 dB    V 99.9900 dB] [ET     1 ] [L0 ] [L1 ]
POC  383 TId: 0 ( I-SLICE, nQP 26 QP 26 )     748040 bits [Y 99.9900 dB    U 99.9900 dB    V 99.9900 dB] [ET     1 ] [L0 ] [L1 ]
POC  384 TId: 0 ( I-SLICE, nQP 26 QP 26 )     749088 bits [Y 99.9900 dB    U 99.9900 dB    V 99.9900 dB] [ET     1 ] [L0 ] [L1 ]
POC  385 TId: 0 ( I-SLICE, nQP 26 QP 26 )     741400 bits [Y 99.9900 dB    U 99.9900 dB    V 99.9900 dB] [ET     1 ] [L0 ] [L1 ]
POC  386 TId: 0 ( I-SLICE, nQP 26 QP 26 )     741808 bits [Y 99.9900 dB    U 99.9900 dB    V 99.9900 dB] [ET     1 ] [L0 ] [L1 ]
POC  387 TId: 0 ( I-SLICE, nQP 26 QP 26 )     742224 bits [Y 99.9900 dB    U 99.9900 dB    V 99.9900 dB] [ET     1 ] [L0 ] [L1 ]
POC  388 TId: 0 ( I-SLICE, nQP 26 QP 26 )     743568 bits [Y 99.9900 dB    U 99.9900 dB    V 99.9900 dB] [ET     1 ] [L0 ] [L1 ]
POC  389 TId: 0 ( I-SLICE, nQP 26 QP 26 )     742392 bits [Y 99.9900 dB    U 99.9900 dB    V 99.9900 dB] [ET     1 ] [L0 ] [L1 ]
POC  390 TId: 0 ( I-SLICE, nQP 26 QP 26 )     743168 bits [Y 99.9900 dB    U 99.9900 dB    V 99.9900 dB] [ET     1 ] [L0 ] [L1 ]
POC  391 TId: 0 ( I-SLICE, nQP 26 QP 26 )     744064 bits [Y 99.9900 dB    U 99.9900 dB    V 99.9900 dB] [ET     1 ] [L0 ] [L1 ]
POC  392 TId: 0 ( I-SLICE, nQP 26 QP 26 )     744200 bits [Y 99.9900 dB    U 99.9900 dB    V 99.9900 dB] [ET     1 ] [L0 ] [L1 ]
POC  393 TId: 0 ( I-SLICE, nQP 26 QP 26 )     745800 bits [Y 99.9900 dB    U 99.9900 dB    V 99.9900 dB] [ET     1 ] [L0 ] [L1 ]
POC  394 TId: 0 ( I-SLICE, nQP 26 QP 26 )     743944 bits [Y 99.9900 dB    U 99.9900 dB    V 99.9900 dB] [ET     1 ] [L0 ] [L1 ]
POC  395 TId: 0 ( I-SLICE, nQP 26 QP 26 )     745200 bits [Y 99.9900 dB    U 99.9900 dB    V 99.9900 dB] [ET     1 ] [L0 ] [L1 ]
POC  396 TId: 0 ( I-SLICE, nQP 26 QP 26 )     743160 bits [Y 99.9900 dB    U 99.9900 dB    V 99.9900 dB] [ET     1 ] [L0 ] [L1 ]
POC  397 TId: 0 ( I-SLICE, nQP 26 QP 26 )     750216 bits [Y 99.9900 dB    U 99.9900 dB    V 99.9900 dB] [ET     1 ] [L0 ] [L1 ]
POC  398 TId: 0 ( I-SLICE, nQP 26 QP 26 )     744232 bits [Y 99.9900 dB    U 99.9900 dB    V 99.9900 dB] [ET     1 ] [L0 ] [L1 ]
POC  399 TId: 0 ( I-SLICE, nQP 26 QP 26 )     751416 bits [Y 99.9900 dB    U 99.9900 dB    V 99.9900 dB] [ET     1 ] [L0 ] [L1 ]
POC  400 TId: 0 ( I-SLICE, nQP 26 QP 26 )     744600 bits [Y 99.9900 dB    U 99.9900 dB    V 99.9900 dB] [ET     1 ] [L0 ] [L1 ]
POC  401 TId: 0 ( I-SLICE, nQP 26 QP 26 )     745352 bits [Y 99.9900 dB    U 99.9900 dB    V 99.9900 dB] [ET     1 ] [L0 ] [L1 ]
POC  402 TId: 0 ( I-SLICE, nQP 26 QP 26 )     744272 bits [Y 99.9900 dB    U 99.9900 dB    V 99.9900 dB] [ET     1 ] [L0 ] [L1 ]
POC  403 TId: 0 ( I-SLICE, nQP 26 QP 26 )     743968 bits [Y 99.9900 dB    U 99.9900 dB    V 99.9900 dB] [ET     1 ] [L0 ] [L1 ]
POC  404 TId: 0 ( I-SLICE, nQP 26 QP 26 )     744160 bits [Y 99.9900 dB    U 99.9900 dB    V 99.9900 dB] [ET     1 ] [L0 ] [L1 ]
POC  405 TId: 0 ( I-SLICE, nQP 26 QP 26 )     744928 bits [Y 99.9900 dB    U 99.9900 dB    V 99.9900 dB] [ET     1 ] [L0 ] [L1 ]
POC  406 TId: 0 ( I-SLICE, nQP 26 QP 26 )     748832 bits [Y 99.9900 dB    U 99.9900 dB    V 99.9900 dB] [ET     1 ] [L0 ] [L1 ]
POC  407 TId: 0 ( I-SLICE, nQP 26 QP 26 )     749472 bits [Y 99.9900 dB    U 99.9900 dB    V 99.9900 dB] [ET     1 ] [L0 ] [L1 ]
POC  408 TId: 0 ( I-SLICE, nQP 26 QP 26 )     740776 bits [Y 99.9900 dB    U 99.9900 dB    V 99.9900 dB] [ET     1 ] [L0 ] [L1 ]
POC  409 TId: 0 ( I-SLICE, nQP 26 QP 26 )     743056 bits [Y 99.9900 dB    U 99.9900 dB    V 99.9900 dB] [ET     1 ] [L0 ] [L1 ]
POC  410 TId: 0 ( I-SLICE, nQP 26 QP 26 )     747752 bits [Y 99.9900 dB    U 99.9900 dB    V 99.9900 dB] [ET     1 ] [L0 ] [L1 ]
POC  411 TId: 0 ( I-SLICE, nQP 26 QP 26 )     748080 bits [Y 99.9900 dB    U 99.9900 dB    V 99.9900 dB] [ET     1 ] [L0 ] [L1 ]
POC  412 TId: 0 ( I-SLICE, nQP 26 QP 26 )     742200 bits [Y 99.9900 dB    U 99.9900 dB    V 99.9900 dB] [ET     1 ] [L0 ] [L1 ]
POC  413 TId: 0 ( I-SLICE, nQP 26 QP 26 )     741424 bits [Y 99.9900 dB    U 99.9900 dB    V 99.9900 dB] [ET     1 ] [L0 ] [L1 ]
POC  414 TId: 0 ( I-SLICE, nQP 26 QP 26 )     741344 bits [Y 99.9900 dB    U 99.9900 dB    V 99.9900 dB] [ET     1 ] [L0 ] [L1 ]
POC  415 TId: 0 ( I-SLICE, nQP 26 QP 26 )     740424 bits [Y 99.9900 dB    U 99.9900 dB    V 99.9900 dB] [ET     1 ] [L0 ] [L1 ]
POC  416 TId: 0 ( I-SLICE, nQP 26 QP 26 )     740112 bits [Y 99.9900 dB    U 99.9900 dB    V 99.9900 dB] [ET     1 ] [L0 ] [L1 ]
POC  417 TId: 0 ( I-SLICE, nQP 26 QP 26 )     740864 bits [Y 99.9900 dB    U 99.9900 dB    V 99.9900 dB] [ET     1 ] [L0 ] [L1 ]
POC  418 TId: 0 ( I-SLICE, nQP 26 QP 26 )     741312 bits [Y 99.9900 dB    U 99.9900 dB    V 99.9900 dB] [ET     1 ] [L0 ] [L1 ]
POC  419 TId: 0 ( I-SLICE, nQP 26 QP 26 )     740616 bits [Y 99.9900 dB    U 99.9900 dB    V 99.9900 dB] [ET     1 ] [L0 ] [L1 ]
POC  420 TId: 0 ( I-SLICE, nQP 26 QP 26 )     740472 bits [Y 99.9900 dB    U 99.9900 dB    V 99.9900 dB] [ET     1 ] [L0 ] [L1 ]
POC  421 TId: 0 ( I-SLICE, nQP 26 QP 26 )     740936 bits [Y 99.9900 dB    U 99.9900 dB    V 99.9900 dB] [ET     1 ] [L0 ] [L1 ]
POC  422 TId: 0 ( I-SLICE, nQP 26 QP 26 )     740344 bits [Y 99.9900 dB    U 99.9900 dB    V 99.9900 dB] [ET     1 ] [L0 ] [L1 ]
POC  423 TId: 0 ( I-SLICE, nQP 26 QP 26 )     740240 bits [Y 99.9900 dB    U 99.9900 dB    V 99.9900 dB] [ET     1 ] [L0 ] [L1 ]
POC  424 TId: 0 ( I-SLICE, nQP 26 QP 26 )     740480 bits [Y 99.9900 dB    U 99.9900 dB    V 99.9900 dB] [ET     1 ] [L0 ] [L1 ]
POC  425 TId: 0 ( I-SLICE, nQP 26 QP 26 )     739664 bits [Y 99.9900 dB    U 99.9900 dB    V 99.9900 dB] [ET     1 ] [L0 ] [L1 ]
POC  426 TId: 0 ( I-SLICE, nQP 26 QP 26 )     739240 bits [Y 99.9900 dB    U 99.9900 dB    V 99.9900 dB] [ET     1 ] [L0 ] [L1 ]
POC  427 TId: 0 ( I-SLICE, nQP 26 QP 26 )     739680 bits [Y 99.9900 dB    U 99.9900 dB    V 99.9900 dB] [ET     1 ] [L0 ] [L1 ]
POC  428 TId: 0 ( I-SLICE, nQP 26 QP 26 )     737464 bits [Y 99.9900 dB    U 99.9900 dB    V 99.9900 dB] [ET     1 ] [L0 ] [L1 ]
POC  429 TId: 0 ( I-SLICE, nQP 26 QP 26 )     737112 bits [Y 99.9900 dB    U 99.9900 dB    V 99.9900 dB] [ET     1 ] [L0 ] [L1 ]
POC  430 TId: 0 ( I-SLICE, nQP 26 QP 26 )     738344 bits [Y 99.9900 dB    U 99.9900 dB    V 99.9900 dB] [ET     1 ] [L0 ] [L1 ]
POC  431 TId: 0 ( I-SLICE, nQP 26 QP 26 )     739064 bits [Y 99.9900 dB    U 99.9900 dB    V 99.9900 dB] [ET     1 ] [L0 ] [L1 ]
POC  432 TId: 0 ( I-SLICE, nQP 26 QP 26 )     740776 bits [Y 99.9900 dB    U 99.9900 dB    V 99.9900 dB] [ET     1 ] [L0 ] [L1 ]
POC  433 TId: 0 ( I-SLICE, nQP 26 QP 26 )     740160 bits [Y 99.9900 dB    U 99.9900 dB    V 99.9900 dB] [ET     1 ] [L0 ] [L1 ]
POC  434 TId: 0 ( I-SLICE, nQP 26 QP 26 )     741688 bits [Y 99.9900 dB    U 99.9900 dB    V 99.9900 dB] [ET     1 ] [L0 ] [L1 ]
POC  435 TId: 0 ( I-SLICE, nQP 26 QP 26 )     739040 bits [Y 99.9900 dB    U 99.9900 dB    V 99.9900 dB] [ET     1 ] [L0 ] [L1 ]
POC  436 TId: 0 ( I-SLICE, nQP 26 QP 26 )     741624 bits [Y 99.9900 dB    U 99.9900 dB    V 99.9900 dB] [ET     1 ] [L0 ] [L1 ]
POC  437 TId: 0 ( I-SLICE, nQP 26 QP 26 )     740960 bits [Y 99.9900 dB    U 99.9900 dB    V 99.9900 dB] [ET     1 ] [L0 ] [L1 ]
POC  438 TId: 0 ( I-SLICE, nQP 26 QP 26 )     741248 bits [Y 99.9900 dB    U 99.9900 dB    V 99.9900 dB] [ET     1 ] [L0 ] [L1 ]
POC  439 TId: 0 ( I-SLICE, nQP 26 QP 26 )     740272 bits [Y 99.9900 dB    U 99.9900 dB    V 99.9900 dB] [ET     1 ] [L0 ] [L1 ]
POC  440 TId: 0 ( I-SLICE, nQP 26 QP 26 )     740104 bits [Y 99.9900 dB    U 99.9900 dB    V 99.9900 dB] [ET     1 ] [L0 ] [L1 ]
POC  441 TId: 0 ( I-SLICE, nQP 26 QP 26 )     740864 bits [Y 99.9900 dB    U 99.9900 dB    V 99.9900 dB] [ET     1 ] [L0 ] [L1 ]
POC  442 TId: 0 ( I-SLICE, nQP 26 QP 26 )     740736 bits [Y 99.9900 dB    U 99.9900 dB    V 99.9900 dB] [ET     1 ] [L0 ] [L1 ]
POC  443 TId: 0 ( I-SLICE, nQP 26 QP 26 )     740072 bits [Y 99.9900 dB    U 99.9900 dB    V 99.9900 dB] [ET     1 ] [L0 ] [L1 ]
POC  444 TId: 0 ( I-SLICE, nQP 26 QP 26 )     740032 bits [Y 99.9900 dB    U 99.9900 dB    V 99.9900 dB] [ET     1 ] [L0 ] [L1 ]
POC  445 TId: 0 ( I-SLICE, nQP 26 QP 26 )     742344 bits [Y 99.9900 dB    U 99.9900 dB    V 99.9900 dB] [ET     1 ] [L0 ] [L1 ]
POC  446 TId: 0 ( I-SLICE, nQP 26 QP 26 )     741856 bits [Y 99.9900 dB    U 99.9900 dB    V 99.9900 dB] [ET     1 ] [L0 ] [L1 ]
POC  447 TId: 0 ( I-SLICE, nQP 26 QP 26 )     740392 bits [Y 99.9900 dB    U 99.9900 dB    V 99.9900 dB] [ET     1 ] [L0 ] [L1 ]
POC  448 TId: 0 ( I-SLICE, nQP 26 QP 26 )     740472 bits [Y 99.9900 dB    U 99.9900 dB    V 99.9900 dB] [ET     1 ] [L0 ] [L1 ]
POC  449 TId: 0 ( I-SLICE, nQP 26 QP 26 )     740824 bits [Y 99.9900 dB    U 99.9900 dB    V 99.9900 dB] [ET     1 ] [L0 ] [L1 ]
POC  450 TId: 0 ( I-SLICE, nQP 26 QP 26 )     738208 bits [Y 99.9900 dB    U 99.9900 dB    V 99.9900 dB] [ET     1 ] [L0 ] [L1 ]
POC  451 TId: 0 ( I-SLICE, nQP 26 QP 26 )     736864 bits [Y 99.9900 dB    U 99.9900 dB    V 99.9900 dB] [ET     1 ] [L0 ] [L1 ]
POC  452 TId: 0 ( I-SLICE, nQP 26 QP 26 )     732456 bits [Y 99.9900 dB    U 99.9900 dB    V 99.9900 dB] [ET     1 ] [L0 ] [L1 ]
POC  453 TId: 0 ( I-SLICE, nQP 26 QP 26 )     732952 bits [Y 99.9900 dB    U 99.9900 dB    V 99.9900 dB] [ET     1 ] [L0 ] [L1 ]
POC  454 TId: 0 ( I-SLICE, nQP 26 QP 26 )     732224 bits [Y 99.9900 dB    U 99.9900 dB    V 99.9900 dB] [ET     1 ] [L0 ] [L1 ]
POC  455 TId: 0 ( I-SLICE, nQP 26 QP 26 )     730992 bits [Y 99.9900 dB    U 99.9900 dB    V 99.9900 dB] [ET     1 ] [L0 ] [L1 ]
POC  456 TId: 0 ( I-SLICE, nQP 26 QP 26 )     732768 bits [Y 99.9900 dB    U 99.9900 dB    V 99.9900 dB] [ET     1 ] [L0 ] [L1 ]
POC  457 TId: 0 ( I-SLICE, nQP 26 QP 26 )     733912 bits [Y 99.9900 dB    U 99.9900 dB    V 99.9900 dB] [ET     1 ] [L0 ] [L1 ]
POC  458 TId: 0 ( I-SLICE, nQP 26 QP 26 )     734728 bits [Y 99.9900 dB    U 99.9900 dB    V 99.9900 dB] [ET     1 ] [L0 ] [L1 ]
POC  459 TId: 0 ( I-SLICE, nQP 26 QP 26 )     735296 bits [Y 99.9900 dB    U 99.9900 dB    V 99.9900 dB] [ET     1 ] [L0 ] [L1 ]
POC  460 TId: 0 ( I-SLICE, nQP 26 QP 26 )     738256 bits [Y 99.9900 dB    U 99.9900 dB    V 99.9900 dB] [ET     1 ] [L0 ] [L1 ]
POC  461 TId: 0 ( I-SLICE, nQP 26 QP 26 )     740120 bits [Y 99.9900 dB    U 99.9900 dB    V 99.9900 dB] [ET     1 ] [L0 ] [L1 ]
POC  462 TId: 0 ( I-SLICE, nQP 26 QP 26 )     739576 bits [Y 99.9900 dB    U 99.9900 dB    V 99.9900 dB] [ET     1 ] [L0 ] [L1 ]
POC  463 TId: 0 ( I-SLICE, nQP 26 QP 26 )     744688 bits [Y 99.9900 dB    U 99.9900 dB    V 99.9900 dB] [ET     1 ] [L0 ] [L1 ]
POC  464 TId: 0 ( I-SLICE, nQP 26 QP 26 )     747912 bits [Y 99.9900 dB    U 99.9900 dB    V 99.9900 dB] [ET     1 ] [L0 ] [L1 ]
POC  465 TId: 0 ( I-SLICE, nQP 26 QP 26 )     748712 bits [Y 99.9900 dB    U 99.9900 dB    V 99.9900 dB] [ET     1 ] [L0 ] [L1 ]
POC  466 TId: 0 ( I-SLICE, nQP 26 QP 26 )     750800 bits [Y 99.9900 dB    U 99.9900 dB    V 99.9900 dB] [ET     1 ] [L0 ] [L1 ]
POC  467 TId: 0 ( I-SLICE, nQP 26 QP 26 )     754664 bits [Y 99.9900 dB    U 99.9900 dB    V 99.9900 dB] [ET     1 ] [L0 ] [L1 ]
POC  468 TId: 0 ( I-SLICE, nQP 26 QP 26 )     754760 bits [Y 99.9900 dB    U 99.9900 dB    V 99.9900 dB] [ET     1 ] [L0 ] [L1 ]
POC  469 TId: 0 ( I-SLICE, nQP 26 QP 26 )     751952 bits [Y 99.9900 dB    U 99.9900 dB    V 99.9900 dB] [ET     1 ] [L0 ] [L1 ]
POC  470 TId: 0 ( I-SLICE, nQP 26 QP 26 )     750792 bits [Y 99.9900 dB    U 99.9900 dB    V 99.9900 dB] [ET     1 ] [L0 ] [L1 ]
POC  471 TId: 0 ( I-SLICE, nQP 26 QP 26 )     750880 bits [Y 99.9900 dB    U 99.9900 dB    V 99.9900 dB] [ET     1 ] [L0 ] [L1 ]
POC  472 TId: 0 ( I-SLICE, nQP 26 QP 26 )     755480 bits [Y 99.9900 dB    U 99.9900 dB    V 99.9900 dB] [ET     1 ] [L0 ] [L1 ]
POC  473 TId: 0 ( I-SLICE, nQP 26 QP 26 )     752232 bits [Y 99.9900 dB    U 99.9900 dB    V 99.9900 dB] [ET     1 ] [L0 ] [L1 ]
POC  474 TId: 0 ( I-SLICE, nQP 26 QP 26 )     752056 bits [Y 99.9900 dB    U 99.9900 dB    V 99.9900 dB] [ET     1 ] [L0 ] [L1 ]
POC  475 TId: 0 ( I-SLICE, nQP 26 QP 26 )     754736 bits [Y 99.9900 dB    U 99.9900 dB    V 99.9900 dB] [ET     1 ] [L0 ] [L1 ]
POC  476 TId: 0 ( I-SLICE, nQP 26 QP 26 )     752608 bits [Y 99.9900 dB    U 99.9900 dB    V 99.9900 dB] [ET     1 ] [L0 ] [L1 ]
POC  477 TId: 0 ( I-SLICE, nQP 26 QP 26 )     750376 bits [Y 99.9900 dB    U 99.9900 dB    V 99.9900 dB] [ET     1 ] [L0 ] [L1 ]
POC  478 TId: 0 ( I-SLICE, nQP 26 QP 26 )     752784 bits [Y 99.9900 dB    U 99.9900 dB    V 99.9900 dB] [ET     1 ] [L0 ] [L1 ]
POC  479 TId: 0 ( I-SLICE, nQP 26 QP 26 )     750424 bits [Y 99.9900 dB    U 99.9900 dB    V 99.9900 dB] [ET     1 ] [L0 ] [L1 ]
POC  480 TId: 0 ( I-SLICE, nQP 26 QP 26 )     756032 bits [Y 99.9900 dB    U 99.9900 dB    V 99.9900 dB] [ET     1 ] [L0 ] [L1 ]
POC  481 TId: 0 ( I-SLICE, nQP 26 QP 26 )     754536 bits [Y 99.9900 dB    U 99.9900 dB    V 99.9900 dB] [ET     1 ] [L0 ] [L1 ]
POC  482 TId: 0 ( I-SLICE, nQP 26 QP 26 )     754832 bits [Y 99.9900 dB    U 99.9900 dB    V 99.9900 dB] [ET     1 ] [L0 ] [L1 ]
POC  483 TId: 0 ( I-SLICE, nQP 26 QP 26 )     751696 bits [Y 99.9900 dB    U 99.9900 dB    V 99.9900 dB] [ET     1 ] [L0 ] [L1 ]
POC  484 TId: 0 ( I-SLICE, nQP 26 QP 26 )     752464 bits [Y 99.9900 dB    U 99.9900 dB    V 99.9900 dB] [ET     1 ] [L0 ] [L1 ]
POC  485 TId: 0 ( I-SLICE, nQP 26 QP 26 )     752384 bits [Y 99.9900 dB    U 99.9900 dB    V 99.9900 dB] [ET     1 ] [L0 ] [L1 ]
POC  486 TId: 0 ( I-SLICE, nQP 26 QP 26 )     751368 bits [Y 99.9900 dB    U 99.9900 dB    V 99.9900 dB] [ET     1 ] [L0 ] [L1 ]
POC  487 TId: 0 ( I-SLICE, nQP 26 QP 26 )     754456 bits [Y 99.9900 dB    U 99.9900 dB    V 99.9900 dB] [ET     1 ] [L0 ] [L1 ]
POC  488 TId: 0 ( I-SLICE, nQP 26 QP 26 )     756456 bits [Y 99.9900 dB    U 99.9900 dB    V 99.9900 dB] [ET     1 ] [L0 ] [L1 ]
POC  489 TId: 0 ( I-SLICE, nQP 26 QP 26 )     756768 bits [Y 99.9900 dB    U 99.9900 dB    V 99.9900 dB] [ET     1 ] [L0 ] [L1 ]
POC  490 TId: 0 ( I-SLICE, nQP 26 QP 26 )     757424 bits [Y 99.9900 dB    U 99.9900 dB    V 99.9900 dB] [ET     1 ] [L0 ] [L1 ]
POC  491 TId: 0 ( I-SLICE, nQP 26 QP 26 )     755872 bits [Y 99.9900 dB    U 99.9900 dB    V 99.9900 dB] [ET     1 ] [L0 ] [L1 ]
POC  492 TId: 0 ( I-SLICE, nQP 26 QP 26 )     755512 bits [Y 99.9900 dB    U 99.9900 dB    V 99.9900 dB] [ET     1 ] [L0 ] [L1 ]
POC  493 TId: 0 ( I-SLICE, nQP 26 QP 26 )     755440 bits [Y 99.9900 dB    U 99.9900 dB    V 99.9900 dB] [ET     1 ] [L0 ] [L1 ]
POC  494 TId: 0 ( I-SLICE, nQP 26 QP 26 )     754600 bits [Y 99.9900 dB    U 99.9900 dB    V 99.9900 dB] [ET     1 ] [L0 ] [L1 ]
POC  495 TId: 0 ( I-SLICE, nQP 26 QP 26 )     754568 bits [Y 99.9900 dB    U 99.9900 dB    V 99.9900 dB] [ET     1 ] [L0 ] [L1 ]
POC  496 TId: 0 ( I-SLICE, nQP 26 QP 26 )     757184 bits [Y 99.9900 dB    U 99.9900 dB    V 99.9900 dB] [ET     1 ] [L0 ] [L1 ]
POC  497 TId: 0 ( I-SLICE, nQP 26 QP 26 )     758512 bits [Y 99.9900 dB    U 99.9900 dB    V 99.9900 dB] [ET     1 ] [L0 ] [L1 ]
POC  498 TId: 0 ( I-SLICE, nQP 26 QP 26 )     756000 bits [Y 99.9900 dB    U 99.9900 dB    V 99.9900 dB] [ET     1 ] [L0 ] [L1 ]
POC  499 TId: 0 ( I-SLICE, nQP 26 QP 26 )     756992 bits [Y 99.9900 dB    U 99.9900 dB    V 99.9900 dB] [ET     1 ] [L0 ] [L1 ]


SUMMARY --------------------------------------------------------
	Total Frames |  Bitrate    Y-PSNR    U-PSNR    V-PSNR 
	      500    a  36066.0192   99.9900   99.9900   99.9900


I Slices--------------------------------------------------------
	Total Frames |  Bitrate    Y-PSNR    U-PSNR    V-PSNR 
	      500    i  36066.0192   99.9900   99.9900   99.9900


P Slices--------------------------------------------------------
	Total Frames |  Bitrate    Y-PSNR    U-PSNR    V-PSNR 
	        0    p        -nan      -nan      -nan      -nan


B Slices--------------------------------------------------------
	Total Frames |  Bitrate    Y-PSNR    U-PSNR    V-PSNR 
	        0    b        -nan      -nan      -nan      -nan

RVM: 0.000
Bytes written to file: 45084535 (36067.628 kbps)

 Total Time:      438.859 sec.
