
HM software: Encoder Version [15.0][Linux][GCC 4.8.5][64 bit] 

Input          File          : ../../HEVC_test_sequence/ClassC/BQMall_832x480_60.yuv
Bitstream      File          : BQMall.bin
Reconstruction File          : BQMall.yuv
Real     Format              : 832x480 60Hz
Internal Format              : 832x480 60Hz
Frame/Field                  : Frame based coding
Frame index                  : 0 - 599 (600 frames)
CU size / depth              : 64 / 4
RQT trans. size (min / max)  : 4 / 32
Max RQT depth inter          : 3
Max RQT depth intra          : 3
Min PCM size                 : 8
Motion search range          : 64
Intra period                 : 1
Decoding refresh type        : 0
QP                           : 26.00
Max dQP signaling depth      : 0
Cb QP Offset                 : 0
Cr QP Offset                 : 0
QP adaptation                : 0 (range=0)
GOP size                     : 1
Internal bit depth           : (Y:8, C:8)
PCM sample bit depth         : (Y:8, C:8)
RateControl                  : 0
Max Num Merge Candidates     : 5

TOOL CFG: IBD:0 HAD:0 RDQ:0 RDQTS:0 RDpenalty:0 SQP:0 ASR:0 FEN:0 ECU:0 FDM:0 CFM:0 ESD:0 RQT:1 TransformSkip:0 TransformSkipFast:0 Slice: M=0 SliceSegment: M=0 CIP:0 SAO:0 PCM:0 TransQuantBypassEnabled: =1 WPP:0 WPB:0 PME:2  WaveFrontSynchro:0 WaveFrontSubstreams:1 ScalingList:0 TMVPMode:1 AQpS:0 SignBitHidingFlag:1 RecalQP:0

POC    0 TId: 0 ( I-SLICE, nQP 26 QP 26 )    2411032 bits [Y 99.9900 dB    U 99.9900 dB    V 99.9900 dB] [ET     3 ] [L0 ] [L1 ]
POC    1 TId: 0 ( I-SLICE, nQP 26 QP 26 )    2413256 bits [Y 99.9900 dB    U 99.9900 dB    V 99.9900 dB] [ET     3 ] [L0 ] [L1 ]
POC    2 TId: 0 ( I-SLICE, nQP 26 QP 26 )    2411552 bits [Y 99.9900 dB    U 99.9900 dB    V 99.9900 dB] [ET     3 ] [L0 ] [L1 ]
POC    3 TId: 0 ( I-SLICE, nQP 26 QP 26 )    2413800 bits [Y 99.9900 dB    U 99.9900 dB    V 99.9900 dB] [ET     4 ] [L0 ] [L1 ]
POC    4 TId: 0 ( I-SLICE, nQP 26 QP 26 )    2409088 bits [Y 99.9900 dB    U 99.9900 dB    V 99.9900 dB] [ET     4 ] [L0 ] [L1 ]
POC    5 TId: 0 ( I-SLICE, nQP 26 QP 26 )    2411760 bits [Y 99.9900 dB    U 99.9900 dB    V 99.9900 dB] [ET     3 ] [L0 ] [L1 ]
POC    6 TId: 0 ( I-SLICE, nQP 26 QP 26 )    2408384 bits [Y 99.9900 dB    U 99.9900 dB    V 99.9900 dB] [ET     3 ] [L0 ] [L1 ]
POC    7 TId: 0 ( I-SLICE, nQP 26 QP 26 )    2407744 bits [Y 99.9900 dB    U 99.9900 dB    V 99.9900 dB] [ET     3 ] [L0 ] [L1 ]
POC    8 TId: 0 ( I-SLICE, nQP 26 QP 26 )    2404344 bits [Y 99.9900 dB    U 99.9900 dB    V 99.9900 dB] [ET     3 ] [L0 ] [L1 ]
POC    9 TId: 0 ( I-SLICE, nQP 26 QP 26 )    2405520 bits [Y 99.9900 dB    U 99.9900 dB    V 99.9900 dB] [ET     3 ] [L0 ] [L1 ]
POC   10 TId: 0 ( I-SLICE, nQP 26 QP 26 )    2404840 bits [Y 99.9900 dB    U 99.9900 dB    V 99.9900 dB] [ET     3 ] [L0 ] [L1 ]
POC   11 TId: 0 ( I-SLICE, nQP 26 QP 26 )    2407776 bits [Y 99.9900 dB    U 99.9900 dB    V 99.9900 dB] [ET     3 ] [L0 ] [L1 ]
POC   12 TId: 0 ( I-SLICE, nQP 26 QP 26 )    2403224 bits [Y 99.9900 dB    U 99.9900 dB    V 99.9900 dB] [ET     3 ] [L0 ] [L1 ]
POC   13 TId: 0 ( I-SLICE, nQP 26 QP 26 )    2407336 bits [Y 99.9900 dB    U 99.9900 dB    V 99.9900 dB] [ET     3 ] [L0 ] [L1 ]
POC   14 TId: 0 ( I-SLICE, nQP 26 QP 26 )    2408704 bits [Y 99.9900 dB    U 99.9900 dB    V 99.9900 dB] [ET     3 ] [L0 ] [L1 ]
POC   15 TId: 0 ( I-SLICE, nQP 26 QP 26 )    2408368 bits [Y 99.9900 dB    U 99.9900 dB    V 99.9900 dB] [ET     3 ] [L0 ] [L1 ]
POC   16 TId: 0 ( I-SLICE, nQP 26 QP 26 )    2410056 bits [Y 99.9900 dB    U 99.9900 dB    V 99.9900 dB] [ET     3 ] [L0 ] [L1 ]
POC   17 TId: 0 ( I-SLICE, nQP 26 QP 26 )    2411088 bits [Y 99.9900 dB    U 99.9900 dB    V 99.9900 dB] [ET     3 ] [L0 ] [L1 ]
POC   18 TId: 0 ( I-SLICE, nQP 26 QP 26 )    2408496 bits [Y 99.9900 dB    U 99.9900 dB    V 99.9900 dB] [ET     3 ] [L0 ] [L1 ]
POC   19 TId: 0 ( I-SLICE, nQP 26 QP 26 )    2407896 bits [Y 99.9900 dB    U 99.9900 dB    V 99.9900 dB] [ET     3 ] [L0 ] [L1 ]
POC   20 TId: 0 ( I-SLICE, nQP 26 QP 26 )    2408776 bits [Y 99.9900 dB    U 99.9900 dB    V 99.9900 dB] [ET     3 ] [L0 ] [L1 ]
POC   21 TId: 0 ( I-SLICE, nQP 26 QP 26 )    2412920 bits [Y 99.9900 dB    U 99.9900 dB    V 99.9900 dB] [ET     3 ] [L0 ] [L1 ]
POC   22 TId: 0 ( I-SLICE, nQP 26 QP 26 )    2418232 bits [Y 99.9900 dB    U 99.9900 dB    V 99.9900 dB] [ET     3 ] [L0 ] [L1 ]
POC   23 TId: 0 ( I-SLICE, nQP 26 QP 26 )    2420872 bits [Y 99.9900 dB    U 99.9900 dB    V 99.9900 dB] [ET     3 ] [L0 ] [L1 ]
POC   24 TId: 0 ( I-SLICE, nQP 26 QP 26 )    2421112 bits [Y 99.9900 dB    U 99.9900 dB    V 99.9900 dB] [ET     4 ] [L0 ] [L1 ]
POC   25 TId: 0 ( I-SLICE, nQP 26 QP 26 )    2420296 bits [Y 99.9900 dB    U 99.9900 dB    V 99.9900 dB] [ET     3 ] [L0 ] [L1 ]
POC   26 TId: 0 ( I-SLICE, nQP 26 QP 26 )    2429208 bits [Y 99.9900 dB    U 99.9900 dB    V 99.9900 dB] [ET     3 ] [L0 ] [L1 ]
POC   27 TId: 0 ( I-SLICE, nQP 26 QP 26 )    2440488 bits [Y 99.9900 dB    U 99.9900 dB    V 99.9900 dB] [ET     3 ] [L0 ] [L1 ]
POC   28 TId: 0 ( I-SLICE, nQP 26 QP 26 )    2445632 bits [Y 99.9900 dB    U 99.9900 dB    V 99.9900 dB] [ET     3 ] [L0 ] [L1 ]
POC   29 TId: 0 ( I-SLICE, nQP 26 QP 26 )    2445504 bits [Y 99.9900 dB    U 99.9900 dB    V 99.9900 dB] [ET     3 ] [L0 ] [L1 ]
POC   30 TId: 0 ( I-SLICE, nQP 26 QP 26 )    2445536 bits [Y 99.9900 dB    U 99.9900 dB    V 99.9900 dB] [ET     4 ] [L0 ] [L1 ]
POC   31 TId: 0 ( I-SLICE, nQP 26 QP 26 )    2441288 bits [Y 99.9900 dB    U 99.9900 dB    V 99.9900 dB] [ET     4 ] [L0 ] [L1 ]
POC   32 TId: 0 ( I-SLICE, nQP 26 QP 26 )    2436448 bits [Y 99.9900 dB    U 99.9900 dB    V 99.9900 dB] [ET     4 ] [L0 ] [L1 ]
POC   33 TId: 0 ( I-SLICE, nQP 26 QP 26 )    2432096 bits [Y 99.9900 dB    U 99.9900 dB    V 99.9900 dB] [ET     4 ] [L0 ] [L1 ]
POC   34 TId: 0 ( I-SLICE, nQP 26 QP 26 )    2432992 bits [Y 99.9900 dB    U 99.9900 dB    V 99.9900 dB] [ET     3 ] [L0 ] [L1 ]
POC   35 TId: 0 ( I-SLICE, nQP 26 QP 26 )    2433616 bits [Y 99.9900 dB    U 99.9900 dB    V 99.9900 dB] [ET     3 ] [L0 ] [L1 ]
POC   36 TId: 0 ( I-SLICE, nQP 26 QP 26 )    2436568 bits [Y 99.9900 dB    U 99.9900 dB    V 99.9900 dB] [ET     3 ] [L0 ] [L1 ]
POC   37 TId: 0 ( I-SLICE, nQP 26 QP 26 )    2440560 bits [Y 99.9900 dB    U 99.9900 dB    V 99.9900 dB] [ET     3 ] [L0 ] [L1 ]
POC   38 TId: 0 ( I-SLICE, nQP 26 QP 26 )    2447456 bits [Y 99.9900 dB    U 99.9900 dB    V 99.9900 dB] [ET     3 ] [L0 ] [L1 ]
POC   39 TId: 0 ( I-SLICE, nQP 26 QP 26 )    2460000 bits [Y 99.9900 dB    U 99.9900 dB    V 99.9900 dB] [ET     3 ] [L0 ] [L1 ]
POC   40 TId: 0 ( I-SLICE, nQP 26 QP 26 )    2469480 bits [Y 99.9900 dB    U 99.9900 dB    V 99.9900 dB] [ET     4 ] [L0 ] [L1 ]
POC   41 TId: 0 ( I-SLICE, nQP 26 QP 26 )    2477968 bits [Y 99.9900 dB    U 99.9900 dB    V 99.9900 dB] [ET     3 ] [L0 ] [L1 ]
POC   42 TId: 0 ( I-SLICE, nQP 26 QP 26 )    2483384 bits [Y 99.9900 dB    U 99.9900 dB    V 99.9900 dB] [ET     3 ] [L0 ] [L1 ]
POC   43 TId: 0 ( I-SLICE, nQP 26 QP 26 )    2492080 bits [Y 99.9900 dB    U 99.9900 dB    V 99.9900 dB] [ET     3 ] [L0 ] [L1 ]
POC   44 TId: 0 ( I-SLICE, nQP 26 QP 26 )    2497024 bits [Y 99.9900 dB    U 99.9900 dB    V 99.9900 dB] [ET     3 ] [L0 ] [L1 ]
POC   45 TId: 0 ( I-SLICE, nQP 26 QP 26 )    2497152 bits [Y 99.9900 dB    U 99.9900 dB    V 99.9900 dB] [ET     3 ] [L0 ] [L1 ]
POC   46 TId: 0 ( I-SLICE, nQP 26 QP 26 )    2495240 bits [Y 99.9900 dB    U 99.9900 dB    V 99.9900 dB] [ET     4 ] [L0 ] [L1 ]
POC   47 TId: 0 ( I-SLICE, nQP 26 QP 26 )    2493160 bits [Y 99.9900 dB    U 99.9900 dB    V 99.9900 dB] [ET     3 ] [L0 ] [L1 ]
POC   48 TId: 0 ( I-SLICE, nQP 26 QP 26 )    2484880 bits [Y 99.9900 dB    U 99.9900 dB    V 99.9900 dB] [ET     3 ] [L0 ] [L1 ]
POC   49 TId: 0 ( I-SLICE, nQP 26 QP 26 )    2483344 bits [Y 99.9900 dB    U 99.9900 dB    V 99.9900 dB] [ET     3 ] [L0 ] [L1 ]
POC   50 TId: 0 ( I-SLICE, nQP 26 QP 26 )    2479008 bits [Y 99.9900 dB    U 99.9900 dB    V 99.9900 dB] [ET     3 ] [L0 ] [L1 ]
POC   51 TId: 0 ( I-SLICE, nQP 26 QP 26 )    2474192 bits [Y 99.9900 dB    U 99.9900 dB    V 99.9900 dB] [ET     3 ] [L0 ] [L1 ]
POC   52 TId: 0 ( I-SLICE, nQP 26 QP 26 )    2466944 bits [Y 99.9900 dB    U 99.9900 dB    V 99.9900 dB] [ET     3 ] [L0 ] [L1 ]
POC   53 TId: 0 ( I-SLICE, nQP 26 QP 26 )    2458928 bits [Y 99.9900 dB    U 99.9900 dB    V 99.9900 dB] [ET     3 ] [L0 ] [L1 ]
POC   54 TId: 0 ( I-SLICE, nQP 26 QP 26 )    2445336 bits [Y 99.9900 dB    U 99.9900 dB    V 99.9900 dB] [ET     3 ] [L0 ] [L1 ]
POC   55 TId: 0 ( I-SLICE, nQP 26 QP 26 )    2430688 bits [Y 99.9900 dB    U 99.9900 dB    V 99.9900 dB] [ET     3 ] [L0 ] [L1 ]
POC   56 TId: 0 ( I-SLICE, nQP 26 QP 26 )    2419744 bits [Y 99.9900 dB    U 99.9900 dB    V 99.9900 dB] [ET     3 ] [L0 ] [L1 ]
POC   57 TId: 0 ( I-SLICE, nQP 26 QP 26 )    2416608 bits [Y 99.9900 dB    U 99.9900 dB    V 99.9900 dB] [ET     3 ] [L0 ] [L1 ]
POC   58 TId: 0 ( I-SLICE, nQP 26 QP 26 )    2410568 bits [Y 99.9900 dB    U 99.9900 dB    V 99.9900 dB] [ET     4 ] [L0 ] [L1 ]
POC   59 TId: 0 ( I-SLICE, nQP 26 QP 26 )    2410072 bits [Y 99.9900 dB    U 99.9900 dB    V 99.9900 dB] [ET     3 ] [L0 ] [L1 ]
POC   60 TId: 0 ( I-SLICE, nQP 26 QP 26 )    2410840 bits [Y 99.9900 dB    U 99.9900 dB    V 99.9900 dB] [ET     4 ] [L0 ] [L1 ]
POC   61 TId: 0 ( I-SLICE, nQP 26 QP 26 )    2410016 bits [Y 99.9900 dB    U 99.9900 dB    V 99.9900 dB] [ET     3 ] [L0 ] [L1 ]
POC   62 TId: 0 ( I-SLICE, nQP 26 QP 26 )    2408656 bits [Y 99.9900 dB    U 99.9900 dB    V 99.9900 dB] [ET     3 ] [L0 ] [L1 ]
POC   63 TId: 0 ( I-SLICE, nQP 26 QP 26 )    2407712 bits [Y 99.9900 dB    U 99.9900 dB    V 99.9900 dB] [ET     3 ] [L0 ] [L1 ]
POC   64 TId: 0 ( I-SLICE, nQP 26 QP 26 )    2413040 bits [Y 99.9900 dB    U 99.9900 dB    V 99.9900 dB] [ET     3 ] [L0 ] [L1 ]
POC   65 TId: 0 ( I-SLICE, nQP 26 QP 26 )    2421352 bits [Y 99.9900 dB    U 99.9900 dB    V 99.9900 dB] [ET     3 ] [L0 ] [L1 ]
POC   66 TId: 0 ( I-SLICE, nQP 26 QP 26 )    2423992 bits [Y 99.9900 dB    U 99.9900 dB    V 99.9900 dB] [ET     3 ] [L0 ] [L1 ]
POC   67 TId: 0 ( I-SLICE, nQP 26 QP 26 )    2425480 bits [Y 99.9900 dB    U 99.9900 dB    V 99.9900 dB] [ET     3 ] [L0 ] [L1 ]
POC   68 TId: 0 ( I-SLICE, nQP 26 QP 26 )    2421680 bits [Y 99.9900 dB    U 99.9900 dB    V 99.9900 dB] [ET     3 ] [L0 ] [L1 ]
POC   69 TId: 0 ( I-SLICE, nQP 26 QP 26 )    2420120 bits [Y 99.9900 dB    U 99.9900 dB    V 99.9900 dB] [ET     3 ] [L0 ] [L1 ]
POC   70 TId: 0 ( I-SLICE, nQP 26 QP 26 )    2419368 bits [Y 99.9900 dB    U 99.9900 dB    V 99.9900 dB] [ET     4 ] [L0 ] [L1 ]
POC   71 TId: 0 ( I-SLICE, nQP 26 QP 26 )    2420456 bits [Y 99.9900 dB    U 99.9900 dB    V 99.9900 dB] [ET     3 ] [L0 ] [L1 ]
POC   72 TId: 0 ( I-SLICE, nQP 26 QP 26 )    2418008 bits [Y 99.9900 dB    U 99.9900 dB    V 99.9900 dB] [ET     3 ] [L0 ] [L1 ]
POC   73 TId: 0 ( I-SLICE, nQP 26 QP 26 )    2420936 bits [Y 99.9900 dB    U 99.9900 dB    V 99.9900 dB] [ET     3 ] [L0 ] [L1 ]
POC   74 TId: 0 ( I-SLICE, nQP 26 QP 26 )    2426328 bits [Y 99.9900 dB    U 99.9900 dB    V 99.9900 dB] [ET     4 ] [L0 ] [L1 ]
POC   75 TId: 0 ( I-SLICE, nQP 26 QP 26 )    2424976 bits [Y 99.9900 dB    U 99.9900 dB    V 99.9900 dB] [ET     3 ] [L0 ] [L1 ]
POC   76 TId: 0 ( I-SLICE, nQP 26 QP 26 )    2418320 bits [Y 99.9900 dB    U 99.9900 dB    V 99.9900 dB] [ET     3 ] [L0 ] [L1 ]
POC   77 TId: 0 ( I-SLICE, nQP 26 QP 26 )    2406880 bits [Y 99.9900 dB    U 99.9900 dB    V 99.9900 dB] [ET     3 ] [L0 ] [L1 ]
POC   78 TId: 0 ( I-SLICE, nQP 26 QP 26 )    2401440 bits [Y 99.9900 dB    U 99.9900 dB    V 99.9900 dB] [ET     3 ] [L0 ] [L1 ]
POC   79 TId: 0 ( I-SLICE, nQP 26 QP 26 )    2394608 bits [Y 99.9900 dB    U 99.9900 dB    V 99.9900 dB] [ET     3 ] [L0 ] [L1 ]
POC   80 TId: 0 ( I-SLICE, nQP 26 QP 26 )    2384720 bits [Y 99.9900 dB    U 99.9900 dB    V 99.9900 dB] [ET     4 ] [L0 ] [L1 ]
POC   81 TId: 0 ( I-SLICE, nQP 26 QP 26 )    2375568 bits [Y 99.9900 dB    U 99.9900 dB    V 99.9900 dB] [ET     3 ] [L0 ] [L1 ]
POC   82 TId: 0 ( I-SLICE, nQP 26 QP 26 )    2361760 bits [Y 99.9900 dB    U 99.9900 dB    V 99.9900 dB] [ET     3 ] [L0 ] [L1 ]
POC   83 TId: 0 ( I-SLICE, nQP 26 QP 26 )    2353440 bits [Y 99.9900 dB    U 99.9900 dB    V 99.9900 dB] [ET     3 ] [L0 ] [L1 ]
POC   84 TId: 0 ( I-SLICE, nQP 26 QP 26 )    2343048 bits [Y 99.9900 dB    U 99.9900 dB    V 99.9900 dB] [ET     3 ] [L0 ] [L1 ]
POC   85 TId: 0 ( I-SLICE, nQP 26 QP 26 )    2343160 bits [Y 99.9900 dB    U 99.9900 dB    V 99.9900 dB] [ET     3 ] [L0 ] [L1 ]
POC   86 TId: 0 ( I-SLICE, nQP 26 QP 26 )    2338224 bits [Y 99.9900 dB    U 99.9900 dB    V 99.9900 dB] [ET     3 ] [L0 ] [L1 ]
POC   87 TId: 0 ( I-SLICE, nQP 26 QP 26 )    2339336 bits [Y 99.9900 dB    U 99.9900 dB    V 99.9900 dB] [ET     3 ] [L0 ] [L1 ]
POC   88 TId: 0 ( I-SLICE, nQP 26 QP 26 )    2339968 bits [Y 99.9900 dB    U 99.9900 dB    V 99.9900 dB] [ET     3 ] [L0 ] [L1 ]
POC   89 TId: 0 ( I-SLICE, nQP 26 QP 26 )    2340824 bits [Y 99.9900 dB    U 99.9900 dB    V 99.9900 dB] [ET     3 ] [L0 ] [L1 ]
POC   90 TId: 0 ( I-SLICE, nQP 26 QP 26 )    2334696 bits [Y 99.9900 dB    U 99.9900 dB    V 99.9900 dB] [ET     4 ] [L0 ] [L1 ]
POC   91 TId: 0 ( I-SLICE, nQP 26 QP 26 )    2332912 bits [Y 99.9900 dB    U 99.9900 dB    V 99.9900 dB] [ET     3 ] [L0 ] [L1 ]
POC   92 TId: 0 ( I-SLICE, nQP 26 QP 26 )    2332616 bits [Y 99.9900 dB    U 99.9900 dB    V 99.9900 dB] [ET     3 ] [L0 ] [L1 ]
POC   93 TId: 0 ( I-SLICE, nQP 26 QP 26 )    2339864 bits [Y 99.9900 dB    U 99.9900 dB    V 99.9900 dB] [ET     3 ] [L0 ] [L1 ]
POC   94 TId: 0 ( I-SLICE, nQP 26 QP 26 )    2346520 bits [Y 99.9900 dB    U 99.9900 dB    V 99.9900 dB] [ET     3 ] [L0 ] [L1 ]
POC   95 TId: 0 ( I-SLICE, nQP 26 QP 26 )    2354776 bits [Y 99.9900 dB    U 99.9900 dB    V 99.9900 dB] [ET     3 ] [L0 ] [L1 ]
POC   96 TId: 0 ( I-SLICE, nQP 26 QP 26 )    2362008 bits [Y 99.9900 dB    U 99.9900 dB    V 99.9900 dB] [ET     3 ] [L0 ] [L1 ]
POC   97 TId: 0 ( I-SLICE, nQP 26 QP 26 )    2369824 bits [Y 99.9900 dB    U 99.9900 dB    V 99.9900 dB] [ET     3 ] [L0 ] [L1 ]
POC   98 TId: 0 ( I-SLICE, nQP 26 QP 26 )    2376984 bits [Y 99.9900 dB    U 99.9900 dB    V 99.9900 dB] [ET     4 ] [L0 ] [L1 ]
POC   99 TId: 0 ( I-SLICE, nQP 26 QP 26 )    2377112 bits [Y 99.9900 dB    U 99.9900 dB    V 99.9900 dB] [ET     3 ] [L0 ] [L1 ]
POC  100 TId: 0 ( I-SLICE, nQP 26 QP 26 )    2380264 bits [Y 99.9900 dB    U 99.9900 dB    V 99.9900 dB] [ET     3 ] [L0 ] [L1 ]
POC  101 TId: 0 ( I-SLICE, nQP 26 QP 26 )    2385576 bits [Y 99.9900 dB    U 99.9900 dB    V 99.9900 dB] [ET     3 ] [L0 ] [L1 ]
POC  102 TId: 0 ( I-SLICE, nQP 26 QP 26 )    2385304 bits [Y 99.9900 dB    U 99.9900 dB    V 99.9900 dB] [ET     3 ] [L0 ] [L1 ]
POC  103 TId: 0 ( I-SLICE, nQP 26 QP 26 )    2387440 bits [Y 99.9900 dB    U 99.9900 dB    V 99.9900 dB] [ET     3 ] [L0 ] [L1 ]
POC  104 TId: 0 ( I-SLICE, nQP 26 QP 26 )    2383144 bits [Y 99.9900 dB    U 99.9900 dB    V 99.9900 dB] [ET     3 ] [L0 ] [L1 ]
POC  105 TId: 0 ( I-SLICE, nQP 26 QP 26 )    2385032 bits [Y 99.9900 dB    U 99.9900 dB    V 99.9900 dB] [ET     3 ] [L0 ] [L1 ]
POC  106 TId: 0 ( I-SLICE, nQP 26 QP 26 )    2379384 bits [Y 99.9900 dB    U 99.9900 dB    V 99.9900 dB] [ET     3 ] [L0 ] [L1 ]
POC  107 TId: 0 ( I-SLICE, nQP 26 QP 26 )    2375344 bits [Y 99.9900 dB    U 99.9900 dB    V 99.9900 dB] [ET     3 ] [L0 ] [L1 ]
POC  108 TId: 0 ( I-SLICE, nQP 26 QP 26 )    2373536 bits [Y 99.9900 dB    U 99.9900 dB    V 99.9900 dB] [ET     3 ] [L0 ] [L1 ]
POC  109 TId: 0 ( I-SLICE, nQP 26 QP 26 )    2372560 bits [Y 99.9900 dB    U 99.9900 dB    V 99.9900 dB] [ET     3 ] [L0 ] [L1 ]
POC  110 TId: 0 ( I-SLICE, nQP 26 QP 26 )    2370384 bits [Y 99.9900 dB    U 99.9900 dB    V 99.9900 dB] [ET     3 ] [L0 ] [L1 ]
POC  111 TId: 0 ( I-SLICE, nQP 26 QP 26 )    2369816 bits [Y 99.9900 dB    U 99.9900 dB    V 99.9900 dB] [ET     3 ] [L0 ] [L1 ]
POC  112 TId: 0 ( I-SLICE, nQP 26 QP 26 )    2373120 bits [Y 99.9900 dB    U 99.9900 dB    V 99.9900 dB] [ET     3 ] [L0 ] [L1 ]
POC  113 TId: 0 ( I-SLICE, nQP 26 QP 26 )    2375376 bits [Y 99.9900 dB    U 99.9900 dB    V 99.9900 dB] [ET     3 ] [L0 ] [L1 ]
POC  114 TId: 0 ( I-SLICE, nQP 26 QP 26 )    2380080 bits [Y 99.9900 dB    U 99.9900 dB    V 99.9900 dB] [ET     3 ] [L0 ] [L1 ]
POC  115 TId: 0 ( I-SLICE, nQP 26 QP 26 )    2383168 bits [Y 99.9900 dB    U 99.9900 dB    V 99.9900 dB] [ET     4 ] [L0 ] [L1 ]
POC  116 TId: 0 ( I-SLICE, nQP 26 QP 26 )    2386272 bits [Y 99.9900 dB    U 99.9900 dB    V 99.9900 dB] [ET     3 ] [L0 ] [L1 ]
POC  117 TId: 0 ( I-SLICE, nQP 26 QP 26 )    2387976 bits [Y 99.9900 dB    U 99.9900 dB    V 99.9900 dB] [ET     3 ] [L0 ] [L1 ]
POC  118 TId: 0 ( I-SLICE, nQP 26 QP 26 )    2384176 bits [Y 99.9900 dB    U 99.9900 dB    V 99.9900 dB] [ET     3 ] [L0 ] [L1 ]
POC  119 TId: 0 ( I-SLICE, nQP 26 QP 26 )    2385704 bits [Y 99.9900 dB    U 99.9900 dB    V 99.9900 dB] [ET     3 ] [L0 ] [L1 ]
POC  120 TId: 0 ( I-SLICE, nQP 26 QP 26 )    2386392 bits [Y 99.9900 dB    U 99.9900 dB    V 99.9900 dB] [ET     3 ] [L0 ] [L1 ]
POC  121 TId: 0 ( I-SLICE, nQP 26 QP 26 )    2386848 bits [Y 99.9900 dB    U 99.9900 dB    V 99.9900 dB] [ET     3 ] [L0 ] [L1 ]
POC  122 TId: 0 ( I-SLICE, nQP 26 QP 26 )    2391608 bits [Y 99.9900 dB    U 99.9900 dB    V 99.9900 dB] [ET     3 ] [L0 ] [L1 ]
POC  123 TId: 0 ( I-SLICE, nQP 26 QP 26 )    2390520 bits [Y 99.9900 dB    U 99.9900 dB    V 99.9900 dB] [ET     3 ] [L0 ] [L1 ]
POC  124 TId: 0 ( I-SLICE, nQP 26 QP 26 )    2388144 bits [Y 99.9900 dB    U 99.9900 dB    V 99.9900 dB] [ET     3 ] [L0 ] [L1 ]
POC  125 TId: 0 ( I-SLICE, nQP 26 QP 26 )    2388344 bits [Y 99.9900 dB    U 99.9900 dB    V 99.9900 dB] [ET     3 ] [L0 ] [L1 ]
POC  126 TId: 0 ( I-SLICE, nQP 26 QP 26 )    2380816 bits [Y 99.9900 dB    U 99.9900 dB    V 99.9900 dB] [ET     3 ] [L0 ] [L1 ]
POC  127 TId: 0 ( I-SLICE, nQP 26 QP 26 )    2384936 bits [Y 99.9900 dB    U 99.9900 dB    V 99.9900 dB] [ET     3 ] [L0 ] [L1 ]
POC  128 TId: 0 ( I-SLICE, nQP 26 QP 26 )    2390560 bits [Y 99.9900 dB    U 99.9900 dB    V 99.9900 dB] [ET     3 ] [L0 ] [L1 ]
POC  129 TId: 0 ( I-SLICE, nQP 26 QP 26 )    2391520 bits [Y 99.9900 dB    U 99.9900 dB    V 99.9900 dB] [ET     3 ] [L0 ] [L1 ]
POC  130 TId: 0 ( I-SLICE, nQP 26 QP 26 )    2396760 bits [Y 99.9900 dB    U 99.9900 dB    V 99.9900 dB] [ET     3 ] [L0 ] [L1 ]
POC  131 TId: 0 ( I-SLICE, nQP 26 QP 26 )    2393640 bits [Y 99.9900 dB    U 99.9900 dB    V 99.9900 dB] [ET     3 ] [L0 ] [L1 ]
POC  132 TId: 0 ( I-SLICE, nQP 26 QP 26 )    2393168 bits [Y 99.9900 dB    U 99.9900 dB    V 99.9900 dB] [ET     3 ] [L0 ] [L1 ]
POC  133 TId: 0 ( I-SLICE, nQP 26 QP 26 )    2393992 bits [Y 99.9900 dB    U 99.9900 dB    V 99.9900 dB] [ET     3 ] [L0 ] [L1 ]
POC  134 TId: 0 ( I-SLICE, nQP 26 QP 26 )    2395576 bits [Y 99.9900 dB    U 99.9900 dB    V 99.9900 dB] [ET     3 ] [L0 ] [L1 ]
POC  135 TId: 0 ( I-SLICE, nQP 26 QP 26 )    2395848 bits [Y 99.9900 dB    U 99.9900 dB    V 99.9900 dB] [ET     3 ] [L0 ] [L1 ]
POC  136 TId: 0 ( I-SLICE, nQP 26 QP 26 )    2394904 bits [Y 99.9900 dB    U 99.9900 dB    V 99.9900 dB] [ET     4 ] [L0 ] [L1 ]
POC  137 TId: 0 ( I-SLICE, nQP 26 QP 26 )    2391240 bits [Y 99.9900 dB    U 99.9900 dB    V 99.9900 dB] [ET     3 ] [L0 ] [L1 ]
POC  138 TId: 0 ( I-SLICE, nQP 26 QP 26 )    2394384 bits [Y 99.9900 dB    U 99.9900 dB    V 99.9900 dB] [ET     3 ] [L0 ] [L1 ]
POC  139 TId: 0 ( I-SLICE, nQP 26 QP 26 )    2391536 bits [Y 99.9900 dB    U 99.9900 dB    V 99.9900 dB] [ET     3 ] [L0 ] [L1 ]
POC  140 TId: 0 ( I-SLICE, nQP 26 QP 26 )    2395816 bits [Y 99.9900 dB    U 99.9900 dB    V 99.9900 dB] [ET     3 ] [L0 ] [L1 ]
POC  141 TId: 0 ( I-SLICE, nQP 26 QP 26 )    2404880 bits [Y 99.9900 dB    U 99.9900 dB    V 99.9900 dB] [ET     3 ] [L0 ] [L1 ]
POC  142 TId: 0 ( I-SLICE, nQP 26 QP 26 )    2398328 bits [Y 99.9900 dB    U 99.9900 dB    V 99.9900 dB] [ET     3 ] [L0 ] [L1 ]
POC  143 TId: 0 ( I-SLICE, nQP 26 QP 26 )    2399016 bits [Y 99.9900 dB    U 99.9900 dB    V 99.9900 dB] [ET     3 ] [L0 ] [L1 ]
POC  144 TId: 0 ( I-SLICE, nQP 26 QP 26 )    2400408 bits [Y 99.9900 dB    U 99.9900 dB    V 99.9900 dB] [ET     3 ] [L0 ] [L1 ]
POC  145 TId: 0 ( I-SLICE, nQP 26 QP 26 )    2398720 bits [Y 99.9900 dB    U 99.9900 dB    V 99.9900 dB] [ET     3 ] [L0 ] [L1 ]
POC  146 TId: 0 ( I-SLICE, nQP 26 QP 26 )    2392424 bits [Y 99.9900 dB    U 99.9900 dB    V 99.9900 dB] [ET     3 ] [L0 ] [L1 ]
POC  147 TId: 0 ( I-SLICE, nQP 26 QP 26 )    2387456 bits [Y 99.9900 dB    U 99.9900 dB    V 99.9900 dB] [ET     3 ] [L0 ] [L1 ]
POC  148 TId: 0 ( I-SLICE, nQP 26 QP 26 )    2385312 bits [Y 99.9900 dB    U 99.9900 dB    V 99.9900 dB] [ET     4 ] [L0 ] [L1 ]
POC  149 TId: 0 ( I-SLICE, nQP 26 QP 26 )    2380168 bits [Y 99.9900 dB    U 99.9900 dB    V 99.9900 dB] [ET     3 ] [L0 ] [L1 ]
POC  150 TId: 0 ( I-SLICE, nQP 26 QP 26 )    2382384 bits [Y 99.9900 dB    U 99.9900 dB    V 99.9900 dB] [ET     3 ] [L0 ] [L1 ]
POC  151 TId: 0 ( I-SLICE, nQP 26 QP 26 )    2379168 bits [Y 99.9900 dB    U 99.9900 dB    V 99.9900 dB] [ET     3 ] [L0 ] [L1 ]
POC  152 TId: 0 ( I-SLICE, nQP 26 QP 26 )    2376944 bits [Y 99.9900 dB    U 99.9900 dB    V 99.9900 dB] [ET     3 ] [L0 ] [L1 ]
POC  153 TId: 0 ( I-SLICE, nQP 26 QP 26 )    2375272 bits [Y 99.9900 dB    U 99.9900 dB    V 99.9900 dB] [ET     3 ] [L0 ] [L1 ]
POC  154 TId: 0 ( I-SLICE, nQP 26 QP 26 )    2378984 bits [Y 99.9900 dB    U 99.9900 dB    V 99.9900 dB] [ET     3 ] [L0 ] [L1 ]
POC  155 TId: 0 ( I-SLICE, nQP 26 QP 26 )    2377744 bits [Y 99.9900 dB    U 99.9900 dB    V 99.9900 dB] [ET     3 ] [L0 ] [L1 ]
POC  156 TId: 0 ( I-SLICE, nQP 26 QP 26 )    2378080 bits [Y 99.9900 dB    U 99.9900 dB    V 99.9900 dB] [ET     3 ] [L0 ] [L1 ]
POC  157 TId: 0 ( I-SLICE, nQP 26 QP 26 )    2379104 bits [Y 99.9900 dB    U 99.9900 dB    V 99.9900 dB] [ET     3 ] [L0 ] [L1 ]
POC  158 TId: 0 ( I-SLICE, nQP 26 QP 26 )    2377512 bits [Y 99.9900 dB    U 99.9900 dB    V 99.9900 dB] [ET     3 ] [L0 ] [L1 ]
POC  159 TId: 0 ( I-SLICE, nQP 26 QP 26 )    2376320 bits [Y 99.9900 dB    U 99.9900 dB    V 99.9900 dB] [ET     3 ] [L0 ] [L1 ]
POC  160 TId: 0 ( I-SLICE, nQP 26 QP 26 )    2374488 bits [Y 99.9900 dB    U 99.9900 dB    V 99.9900 dB] [ET     3 ] [L0 ] [L1 ]
POC  161 TId: 0 ( I-SLICE, nQP 26 QP 26 )    2369752 bits [Y 99.9900 dB    U 99.9900 dB    V 99.9900 dB] [ET     4 ] [L0 ] [L1 ]
POC  162 TId: 0 ( I-SLICE, nQP 26 QP 26 )    2372864 bits [Y 99.9900 dB    U 99.9900 dB    V 99.9900 dB] [ET     3 ] [L0 ] [L1 ]
POC  163 TId: 0 ( I-SLICE, nQP 26 QP 26 )    2377784 bits [Y 99.9900 dB    U 99.9900 dB    V 99.9900 dB] [ET     3 ] [L0 ] [L1 ]
POC  164 TId: 0 ( I-SLICE, nQP 26 QP 26 )    2383024 bits [Y 99.9900 dB    U 99.9900 dB    V 99.9900 dB] [ET     3 ] [L0 ] [L1 ]
POC  165 TId: 0 ( I-SLICE, nQP 26 QP 26 )    2385032 bits [Y 99.9900 dB    U 99.9900 dB    V 99.9900 dB] [ET     3 ] [L0 ] [L1 ]
POC  166 TId: 0 ( I-SLICE, nQP 26 QP 26 )    2388600 bits [Y 99.9900 dB    U 99.9900 dB    V 99.9900 dB] [ET     3 ] [L0 ] [L1 ]
POC  167 TId: 0 ( I-SLICE, nQP 26 QP 26 )    2387800 bits [Y 99.9900 dB    U 99.9900 dB    V 99.9900 dB] [ET     3 ] [L0 ] [L1 ]
POC  168 TId: 0 ( I-SLICE, nQP 26 QP 26 )    2387760 bits [Y 99.9900 dB    U 99.9900 dB    V 99.9900 dB] [ET     3 ] [L0 ] [L1 ]
POC  169 TId: 0 ( I-SLICE, nQP 26 QP 26 )    2384640 bits [Y 99.9900 dB    U 99.9900 dB    V 99.9900 dB] [ET     3 ] [L0 ] [L1 ]
POC  170 TId: 0 ( I-SLICE, nQP 26 QP 26 )    2386472 bits [Y 99.9900 dB    U 99.9900 dB    V 99.9900 dB] [ET     4 ] [L0 ] [L1 ]
POC  171 TId: 0 ( I-SLICE, nQP 26 QP 26 )    2386552 bits [Y 99.9900 dB    U 99.9900 dB    V 99.9900 dB] [ET     3 ] [L0 ] [L1 ]
POC  172 TId: 0 ( I-SLICE, nQP 26 QP 26 )    2386544 bits [Y 99.9900 dB    U 99.9900 dB    V 99.9900 dB] [ET     3 ] [L0 ] [L1 ]
POC  173 TId: 0 ( I-SLICE, nQP 26 QP 26 )    2386712 bits [Y 99.9900 dB    U 99.9900 dB    V 99.9900 dB] [ET     3 ] [L0 ] [L1 ]
POC  174 TId: 0 ( I-SLICE, nQP 26 QP 26 )    2393744 bits [Y 99.9900 dB    U 99.9900 dB    V 99.9900 dB] [ET     3 ] [L0 ] [L1 ]
POC  175 TId: 0 ( I-SLICE, nQP 26 QP 26 )    2395608 bits [Y 99.9900 dB    U 99.9900 dB    V 99.9900 dB] [ET     3 ] [L0 ] [L1 ]
POC  176 TId: 0 ( I-SLICE, nQP 26 QP 26 )    2394744 bits [Y 99.9900 dB    U 99.9900 dB    V 99.9900 dB] [ET     3 ] [L0 ] [L1 ]
POC  177 TId: 0 ( I-SLICE, nQP 26 QP 26 )    2394368 bits [Y 99.9900 dB    U 99.9900 dB    V 99.9900 dB] [ET     3 ] [L0 ] [L1 ]
POC  178 TId: 0 ( I-SLICE, nQP 26 QP 26 )    2394168 bits [Y 99.9900 dB    U 99.9900 dB    V 99.9900 dB] [ET     3 ] [L0 ] [L1 ]
POC  179 TId: 0 ( I-SLICE, nQP 26 QP 26 )    2391160 bits [Y 99.9900 dB    U 99.9900 dB    V 99.9900 dB] [ET     3 ] [L0 ] [L1 ]
POC  180 TId: 0 ( I-SLICE, nQP 26 QP 26 )    2395072 bits [Y 99.9900 dB    U 99.9900 dB    V 99.9900 dB] [ET     3 ] [L0 ] [L1 ]
POC  181 TId: 0 ( I-SLICE, nQP 26 QP 26 )    2393248 bits [Y 99.9900 dB    U 99.9900 dB    V 99.9900 dB] [ET     3 ] [L0 ] [L1 ]
POC  182 TId: 0 ( I-SLICE, nQP 26 QP 26 )    2389152 bits [Y 99.9900 dB    U 99.9900 dB    V 99.9900 dB] [ET     3 ] [L0 ] [L1 ]
POC  183 TId: 0 ( I-SLICE, nQP 26 QP 26 )    2390608 bits [Y 99.9900 dB    U 99.9900 dB    V 99.9900 dB] [ET     3 ] [L0 ] [L1 ]
POC  184 TId: 0 ( I-SLICE, nQP 26 QP 26 )    2391032 bits [Y 99.9900 dB    U 99.9900 dB    V 99.9900 dB] [ET     3 ] [L0 ] [L1 ]
POC  185 TId: 0 ( I-SLICE, nQP 26 QP 26 )    2386992 bits [Y 99.9900 dB    U 99.9900 dB    V 99.9900 dB] [ET     3 ] [L0 ] [L1 ]
POC  186 TId: 0 ( I-SLICE, nQP 26 QP 26 )    2384552 bits [Y 99.9900 dB    U 99.9900 dB    V 99.9900 dB] [ET     3 ] [L0 ] [L1 ]
POC  187 TId: 0 ( I-SLICE, nQP 26 QP 26 )    2380520 bits [Y 99.9900 dB    U 99.9900 dB    V 99.9900 dB] [ET     3 ] [L0 ] [L1 ]
POC  188 TId: 0 ( I-SLICE, nQP 26 QP 26 )    2376568 bits [Y 99.9900 dB    U 99.9900 dB    V 99.9900 dB] [ET     3 ] [L0 ] [L1 ]
POC  189 TId: 0 ( I-SLICE, nQP 26 QP 26 )    2376456 bits [Y 99.9900 dB    U 99.9900 dB    V 99.9900 dB] [ET     3 ] [L0 ] [L1 ]
POC  190 TId: 0 ( I-SLICE, nQP 26 QP 26 )    2372280 bits [Y 99.9900 dB    U 99.9900 dB    V 99.9900 dB] [ET     3 ] [L0 ] [L1 ]
POC  191 TId: 0 ( I-SLICE, nQP 26 QP 26 )    2368568 bits [Y 99.9900 dB    U 99.9900 dB    V 99.9900 dB] [ET     3 ] [L0 ] [L1 ]
POC  192 TId: 0 ( I-SLICE, nQP 26 QP 26 )    2364712 bits [Y 99.9900 dB    U 99.9900 dB    V 99.9900 dB] [ET     3 ] [L0 ] [L1 ]
POC  193 TId: 0 ( I-SLICE, nQP 26 QP 26 )    2360896 bits [Y 99.9900 dB    U 99.9900 dB    V 99.9900 dB] [ET     3 ] [L0 ] [L1 ]
POC  194 TId: 0 ( I-SLICE, nQP 26 QP 26 )    2355560 bits [Y 99.9900 dB    U 99.9900 dB    V 99.9900 dB] [ET     4 ] [L0 ] [L1 ]
POC  195 TId: 0 ( I-SLICE, nQP 26 QP 26 )    2356232 bits [Y 99.9900 dB    U 99.9900 dB    V 99.9900 dB] [ET     3 ] [L0 ] [L1 ]
POC  196 TId: 0 ( I-SLICE, nQP 26 QP 26 )    2358192 bits [Y 99.9900 dB    U 99.9900 dB    V 99.9900 dB] [ET     3 ] [L0 ] [L1 ]
POC  197 TId: 0 ( I-SLICE, nQP 26 QP 26 )    2359184 bits [Y 99.9900 dB    U 99.9900 dB    V 99.9900 dB] [ET     3 ] [L0 ] [L1 ]
POC  198 TId: 0 ( I-SLICE, nQP 26 QP 26 )    2361688 bits [Y 99.9900 dB    U 99.9900 dB    V 99.9900 dB] [ET     4 ] [L0 ] [L1 ]
POC  199 TId: 0 ( I-SLICE, nQP 26 QP 26 )    2362992 bits [Y 99.9900 dB    U 99.9900 dB    V 99.9900 dB] [ET     3 ] [L0 ] [L1 ]
POC  200 TId: 0 ( I-SLICE, nQP 26 QP 26 )    2359824 bits [Y 99.9900 dB    U 99.9900 dB    V 99.9900 dB] [ET     3 ] [L0 ] [L1 ]
POC  201 TId: 0 ( I-SLICE, nQP 26 QP 26 )    2365240 bits [Y 99.9900 dB    U 99.9900 dB    V 99.9900 dB] [ET     3 ] [L0 ] [L1 ]
POC  202 TId: 0 ( I-SLICE, nQP 26 QP 26 )    2360384 bits [Y 99.9900 dB    U 99.9900 dB    V 99.9900 dB] [ET     4 ] [L0 ] [L1 ]
POC  203 TId: 0 ( I-SLICE, nQP 26 QP 26 )    2361576 bits [Y 99.9900 dB    U 99.9900 dB    V 99.9900 dB] [ET     3 ] [L0 ] [L1 ]
POC  204 TId: 0 ( I-SLICE, nQP 26 QP 26 )    2357824 bits [Y 99.9900 dB    U 99.9900 dB    V 99.9900 dB] [ET     3 ] [L0 ] [L1 ]
POC  205 TId: 0 ( I-SLICE, nQP 26 QP 26 )    2351936 bits [Y 99.9900 dB    U 99.9900 dB    V 99.9900 dB] [ET     3 ] [L0 ] [L1 ]
POC  206 TId: 0 ( I-SLICE, nQP 26 QP 26 )    2345896 bits [Y 99.9900 dB    U 99.9900 dB    V 99.9900 dB] [ET     3 ] [L0 ] [L1 ]
POC  207 TId: 0 ( I-SLICE, nQP 26 QP 26 )    2347328 bits [Y 99.9900 dB    U 99.9900 dB    V 99.9900 dB] [ET     3 ] [L0 ] [L1 ]
POC  208 TId: 0 ( I-SLICE, nQP 26 QP 26 )    2344184 bits [Y 99.9900 dB    U 99.9900 dB    V 99.9900 dB] [ET     3 ] [L0 ] [L1 ]
POC  209 TId: 0 ( I-SLICE, nQP 26 QP 26 )    2335408 bits [Y 99.9900 dB    U 99.9900 dB    V 99.9900 dB] [ET     3 ] [L0 ] [L1 ]
POC  210 TId: 0 ( I-SLICE, nQP 26 QP 26 )    2335216 bits [Y 99.9900 dB    U 99.9900 dB    V 99.9900 dB] [ET     4 ] [L0 ] [L1 ]
POC  211 TId: 0 ( I-SLICE, nQP 26 QP 26 )    2326752 bits [Y 99.9900 dB    U 99.9900 dB    V 99.9900 dB] [ET     3 ] [L0 ] [L1 ]
POC  212 TId: 0 ( I-SLICE, nQP 26 QP 26 )    2323632 bits [Y 99.9900 dB    U 99.9900 dB    V 99.9900 dB] [ET     3 ] [L0 ] [L1 ]
POC  213 TId: 0 ( I-SLICE, nQP 26 QP 26 )    2314856 bits [Y 99.9900 dB    U 99.9900 dB    V 99.9900 dB] [ET     3 ] [L0 ] [L1 ]
POC  214 TId: 0 ( I-SLICE, nQP 26 QP 26 )    2313552 bits [Y 99.9900 dB    U 99.9900 dB    V 99.9900 dB] [ET     3 ] [L0 ] [L1 ]
POC  215 TId: 0 ( I-SLICE, nQP 26 QP 26 )    2309440 bits [Y 99.9900 dB    U 99.9900 dB    V 99.9900 dB] [ET     3 ] [L0 ] [L1 ]
POC  216 TId: 0 ( I-SLICE, nQP 26 QP 26 )    2304152 bits [Y 99.9900 dB    U 99.9900 dB    V 99.9900 dB] [ET     3 ] [L0 ] [L1 ]
POC  217 TId: 0 ( I-SLICE, nQP 26 QP 26 )    2304632 bits [Y 99.9900 dB    U 99.9900 dB    V 99.9900 dB] [ET     3 ] [L0 ] [L1 ]
POC  218 TId: 0 ( I-SLICE, nQP 26 QP 26 )    2298200 bits [Y 99.9900 dB    U 99.9900 dB    V 99.9900 dB] [ET     3 ] [L0 ] [L1 ]
POC  219 TId: 0 ( I-SLICE, nQP 26 QP 26 )    2297376 bits [Y 99.9900 dB    U 99.9900 dB    V 99.9900 dB] [ET     3 ] [L0 ] [L1 ]
POC  220 TId: 0 ( I-SLICE, nQP 26 QP 26 )    2295728 bits [Y 99.9900 dB    U 99.9900 dB    V 99.9900 dB] [ET     3 ] [L0 ] [L1 ]
POC  221 TId: 0 ( I-SLICE, nQP 26 QP 26 )    2296360 bits [Y 99.9900 dB    U 99.9900 dB    V 99.9900 dB] [ET     3 ] [L0 ] [L1 ]
POC  222 TId: 0 ( I-SLICE, nQP 26 QP 26 )    2291912 bits [Y 99.9900 dB    U 99.9900 dB    V 99.9900 dB] [ET     3 ] [L0 ] [L1 ]
POC  223 TId: 0 ( I-SLICE, nQP 26 QP 26 )    2292352 bits [Y 99.9900 dB    U 99.9900 dB    V 99.9900 dB] [ET     3 ] [L0 ] [L1 ]
POC  224 TId: 0 ( I-SLICE, nQP 26 QP 26 )    2295584 bits [Y 99.9900 dB    U 99.9900 dB    V 99.9900 dB] [ET     4 ] [L0 ] [L1 ]
POC  225 TId: 0 ( I-SLICE, nQP 26 QP 26 )    2292296 bits [Y 99.9900 dB    U 99.9900 dB    V 99.9900 dB] [ET     3 ] [L0 ] [L1 ]
POC  226 TId: 0 ( I-SLICE, nQP 26 QP 26 )    2291192 bits [Y 99.9900 dB    U 99.9900 dB    V 99.9900 dB] [ET     3 ] [L0 ] [L1 ]
POC  227 TId: 0 ( I-SLICE, nQP 26 QP 26 )    2288424 bits [Y 99.9900 dB    U 99.9900 dB    V 99.9900 dB] [ET     3 ] [L0 ] [L1 ]
POC  228 TId: 0 ( I-SLICE, nQP 26 QP 26 )    2282384 bits [Y 99.9900 dB    U 99.9900 dB    V 99.9900 dB] [ET     4 ] [L0 ] [L1 ]
POC  229 TId: 0 ( I-SLICE, nQP 26 QP 26 )    2282728 bits [Y 99.9900 dB    U 99.9900 dB    V 99.9900 dB] [ET     3 ] [L0 ] [L1 ]
POC  230 TId: 0 ( I-SLICE, nQP 26 QP 26 )    2280984 bits [Y 99.9900 dB    U 99.9900 dB    V 99.9900 dB] [ET     3 ] [L0 ] [L1 ]
POC  231 TId: 0 ( I-SLICE, nQP 26 QP 26 )    2275632 bits [Y 99.9900 dB    U 99.9900 dB    V 99.9900 dB] [ET     3 ] [L0 ] [L1 ]
POC  232 TId: 0 ( I-SLICE, nQP 26 QP 26 )    2279824 bits [Y 99.9900 dB    U 99.9900 dB    V 99.9900 dB] [ET     3 ] [L0 ] [L1 ]
POC  233 TId: 0 ( I-SLICE, nQP 26 QP 26 )    2279480 bits [Y 99.9900 dB    U 99.9900 dB    V 99.9900 dB] [ET     3 ] [L0 ] [L1 ]
POC  234 TId: 0 ( I-SLICE, nQP 26 QP 26 )    2281056 bits [Y 99.9900 dB    U 99.9900 dB    V 99.9900 dB] [ET     3 ] [L0 ] [L1 ]
POC  235 TId: 0 ( I-SLICE, nQP 26 QP 26 )    2277072 bits [Y 99.9900 dB    U 99.9900 dB    V 99.9900 dB] [ET     3 ] [L0 ] [L1 ]
POC  236 TId: 0 ( I-SLICE, nQP 26 QP 26 )    2280512 bits [Y 99.9900 dB    U 99.9900 dB    V 99.9900 dB] [ET     3 ] [L0 ] [L1 ]
POC  237 TId: 0 ( I-SLICE, nQP 26 QP 26 )    2281152 bits [Y 99.9900 dB    U 99.9900 dB    V 99.9900 dB] [ET     3 ] [L0 ] [L1 ]
POC  238 TId: 0 ( I-SLICE, nQP 26 QP 26 )    2282320 bits [Y 99.9900 dB    U 99.9900 dB    V 99.9900 dB] [ET     3 ] [L0 ] [L1 ]
POC  239 TId: 0 ( I-SLICE, nQP 26 QP 26 )    2282112 bits [Y 99.9900 dB    U 99.9900 dB    V 99.9900 dB] [ET     3 ] [L0 ] [L1 ]
POC  240 TId: 0 ( I-SLICE, nQP 26 QP 26 )    2278400 bits [Y 99.9900 dB    U 99.9900 dB    V 99.9900 dB] [ET     3 ] [L0 ] [L1 ]
POC  241 TId: 0 ( I-SLICE, nQP 26 QP 26 )    2280256 bits [Y 99.9900 dB    U 99.9900 dB    V 99.9900 dB] [ET     3 ] [L0 ] [L1 ]
POC  242 TId: 0 ( I-SLICE, nQP 26 QP 26 )    2281328 bits [Y 99.9900 dB    U 99.9900 dB    V 99.9900 dB] [ET     3 ] [L0 ] [L1 ]
POC  243 TId: 0 ( I-SLICE, nQP 26 QP 26 )    2280120 bits [Y 99.9900 dB    U 99.9900 dB    V 99.9900 dB] [ET     3 ] [L0 ] [L1 ]
POC  244 TId: 0 ( I-SLICE, nQP 26 QP 26 )    2283760 bits [Y 99.9900 dB    U 99.9900 dB    V 99.9900 dB] [ET     3 ] [L0 ] [L1 ]
POC  245 TId: 0 ( I-SLICE, nQP 26 QP 26 )    2287120 bits [Y 99.9900 dB    U 99.9900 dB    V 99.9900 dB] [ET     3 ] [L0 ] [L1 ]
POC  246 TId: 0 ( I-SLICE, nQP 26 QP 26 )    2285544 bits [Y 99.9900 dB    U 99.9900 dB    V 99.9900 dB] [ET     3 ] [L0 ] [L1 ]
POC  247 TId: 0 ( I-SLICE, nQP 26 QP 26 )    2282616 bits [Y 99.9900 dB    U 99.9900 dB    V 99.9900 dB] [ET     3 ] [L0 ] [L1 ]
POC  248 TId: 0 ( I-SLICE, nQP 26 QP 26 )    2283632 bits [Y 99.9900 dB    U 99.9900 dB    V 99.9900 dB] [ET     3 ] [L0 ] [L1 ]
POC  249 TId: 0 ( I-SLICE, nQP 26 QP 26 )    2278864 bits [Y 99.9900 dB    U 99.9900 dB    V 99.9900 dB] [ET     3 ] [L0 ] [L1 ]
POC  250 TId: 0 ( I-SLICE, nQP 26 QP 26 )    2279192 bits [Y 99.9900 dB    U 99.9900 dB    V 99.9900 dB] [ET     3 ] [L0 ] [L1 ]
POC  251 TId: 0 ( I-SLICE, nQP 26 QP 26 )    2277968 bits [Y 99.9900 dB    U 99.9900 dB    V 99.9900 dB] [ET     3 ] [L0 ] [L1 ]
POC  252 TId: 0 ( I-SLICE, nQP 26 QP 26 )    2274816 bits [Y 99.9900 dB    U 99.9900 dB    V 99.9900 dB] [ET     3 ] [L0 ] [L1 ]
POC  253 TId: 0 ( I-SLICE, nQP 26 QP 26 )    2275040 bits [Y 99.9900 dB    U 99.9900 dB    V 99.9900 dB] [ET     3 ] [L0 ] [L1 ]
POC  254 TId: 0 ( I-SLICE, nQP 26 QP 26 )    2273712 bits [Y 99.9900 dB    U 99.9900 dB    V 99.9900 dB] [ET     3 ] [L0 ] [L1 ]
POC  255 TId: 0 ( I-SLICE, nQP 26 QP 26 )    2273112 bits [Y 99.9900 dB    U 99.9900 dB    V 99.9900 dB] [ET     3 ] [L0 ] [L1 ]
POC  256 TId: 0 ( I-SLICE, nQP 26 QP 26 )    2269064 bits [Y 99.9900 dB    U 99.9900 dB    V 99.9900 dB] [ET     3 ] [L0 ] [L1 ]
POC  257 TId: 0 ( I-SLICE, nQP 26 QP 26 )    2269544 bits [Y 99.9900 dB    U 99.9900 dB    V 99.9900 dB] [ET     3 ] [L0 ] [L1 ]
POC  258 TId: 0 ( I-SLICE, nQP 26 QP 26 )    2267952 bits [Y 99.9900 dB    U 99.9900 dB    V 99.9900 dB] [ET     3 ] [L0 ] [L1 ]
POC  259 TId: 0 ( I-SLICE, nQP 26 QP 26 )    2264400 bits [Y 99.9900 dB    U 99.9900 dB    V 99.9900 dB] [ET     3 ] [L0 ] [L1 ]
POC  260 TId: 0 ( I-SLICE, nQP 26 QP 26 )    2263808 bits [Y 99.9900 dB    U 99.9900 dB    V 99.9900 dB] [ET     3 ] [L0 ] [L1 ]
POC  261 TId: 0 ( I-SLICE, nQP 26 QP 26 )    2261864 bits [Y 99.9900 dB    U 99.9900 dB    V 99.9900 dB] [ET     3 ] [L0 ] [L1 ]
POC  262 TId: 0 ( I-SLICE, nQP 26 QP 26 )    2256432 bits [Y 99.9900 dB    U 99.9900 dB    V 99.9900 dB] [ET     3 ] [L0 ] [L1 ]
POC  263 TId: 0 ( I-SLICE, nQP 26 QP 26 )    2250360 bits [Y 99.9900 dB    U 99.9900 dB    V 99.9900 dB] [ET     3 ] [L0 ] [L1 ]
POC  264 TId: 0 ( I-SLICE, nQP 26 QP 26 )    2246712 bits [Y 99.9900 dB    U 99.9900 dB    V 99.9900 dB] [ET     3 ] [L0 ] [L1 ]
POC  265 TId: 0 ( I-SLICE, nQP 26 QP 26 )    2245752 bits [Y 99.9900 dB    U 99.9900 dB    V 99.9900 dB] [ET     3 ] [L0 ] [L1 ]
POC  266 TId: 0 ( I-SLICE, nQP 26 QP 26 )    2246632 bits [Y 99.9900 dB    U 99.9900 dB    V 99.9900 dB] [ET     3 ] [L0 ] [L1 ]
POC  267 TId: 0 ( I-SLICE, nQP 26 QP 26 )    2241792 bits [Y 99.9900 dB    U 99.9900 dB    V 99.9900 dB] [ET     3 ] [L0 ] [L1 ]
POC  268 TId: 0 ( I-SLICE, nQP 26 QP 26 )    2238304 bits [Y 99.9900 dB    U 99.9900 dB    V 99.9900 dB] [ET     3 ] [L0 ] [L1 ]
POC  269 TId: 0 ( I-SLICE, nQP 26 QP 26 )    2237560 bits [Y 99.9900 dB    U 99.9900 dB    V 99.9900 dB] [ET     3 ] [L0 ] [L1 ]
POC  270 TId: 0 ( I-SLICE, nQP 26 QP 26 )    2234032 bits [Y 99.9900 dB    U 99.9900 dB    V 99.9900 dB] [ET     3 ] [L0 ] [L1 ]
POC  271 TId: 0 ( I-SLICE, nQP 26 QP 26 )    2232296 bits [Y 99.9900 dB    U 99.9900 dB    V 99.9900 dB] [ET     3 ] [L0 ] [L1 ]
POC  272 TId: 0 ( I-SLICE, nQP 26 QP 26 )    2228720 bits [Y 99.9900 dB    U 99.9900 dB    V 99.9900 dB] [ET     3 ] [L0 ] [L1 ]
POC  273 TId: 0 ( I-SLICE, nQP 26 QP 26 )    2223896 bits [Y 99.9900 dB    U 99.9900 dB    V 99.9900 dB] [ET     3 ] [L0 ] [L1 ]
POC  274 TId: 0 ( I-SLICE, nQP 26 QP 26 )    2223904 bits [Y 99.9900 dB    U 99.9900 dB    V 99.9900 dB] [ET     3 ] [L0 ] [L1 ]
POC  275 TId: 0 ( I-SLICE, nQP 26 QP 26 )    2222048 bits [Y 99.9900 dB    U 99.9900 dB    V 99.9900 dB] [ET     3 ] [L0 ] [L1 ]
POC  276 TId: 0 ( I-SLICE, nQP 26 QP 26 )    2216424 bits [Y 99.9900 dB    U 99.9900 dB    V 99.9900 dB] [ET     3 ] [L0 ] [L1 ]
POC  277 TId: 0 ( I-SLICE, nQP 26 QP 26 )    2215792 bits [Y 99.9900 dB    U 99.9900 dB    V 99.9900 dB] [ET     3 ] [L0 ] [L1 ]
POC  278 TId: 0 ( I-SLICE, nQP 26 QP 26 )    2213384 bits [Y 99.9900 dB    U 99.9900 dB    V 99.9900 dB] [ET     3 ] [L0 ] [L1 ]
POC  279 TId: 0 ( I-SLICE, nQP 26 QP 26 )    2210024 bits [Y 99.9900 dB    U 99.9900 dB    V 99.9900 dB] [ET     3 ] [L0 ] [L1 ]
POC  280 TId: 0 ( I-SLICE, nQP 26 QP 26 )    2209224 bits [Y 99.9900 dB    U 99.9900 dB    V 99.9900 dB] [ET     3 ] [L0 ] [L1 ]
POC  281 TId: 0 ( I-SLICE, nQP 26 QP 26 )    2211296 bits [Y 99.9900 dB    U 99.9900 dB    V 99.9900 dB] [ET     3 ] [L0 ] [L1 ]
POC  282 TId: 0 ( I-SLICE, nQP 26 QP 26 )    2209512 bits [Y 99.9900 dB    U 99.9900 dB    V 99.9900 dB] [ET     3 ] [L0 ] [L1 ]
POC  283 TId: 0 ( I-SLICE, nQP 26 QP 26 )    2204872 bits [Y 99.9900 dB    U 99.9900 dB    V 99.9900 dB] [ET     3 ] [L0 ] [L1 ]
POC  284 TId: 0 ( I-SLICE, nQP 26 QP 26 )    2205376 bits [Y 99.9900 dB    U 99.9900 dB    V 99.9900 dB] [ET     3 ] [L0 ] [L1 ]
POC  285 TId: 0 ( I-SLICE, nQP 26 QP 26 )    2203792 bits [Y 99.9900 dB    U 99.9900 dB    V 99.9900 dB] [ET     3 ] [L0 ] [L1 ]
POC  286 TId: 0 ( I-SLICE, nQP 26 QP 26 )    2202552 bits [Y 99.9900 dB    U 99.9900 dB    V 99.9900 dB] [ET     3 ] [L0 ] [L1 ]
POC  287 TId: 0 ( I-SLICE, nQP 26 QP 26 )    2201144 bits [Y 99.9900 dB    U 99.9900 dB    V 99.9900 dB] [ET     3 ] [L0 ] [L1 ]
POC  288 TId: 0 ( I-SLICE, nQP 26 QP 26 )    2197480 bits [Y 99.9900 dB    U 99.9900 dB    V 99.9900 dB] [ET     4 ] [L0 ] [L1 ]
POC  289 TId: 0 ( I-SLICE, nQP 26 QP 26 )    2196288 bits [Y 99.9900 dB    U 99.9900 dB    V 99.9900 dB] [ET     4 ] [L0 ] [L1 ]
POC  290 TId: 0 ( I-SLICE, nQP 26 QP 26 )    2198280 bits [Y 99.9900 dB    U 99.9900 dB    V 99.9900 dB] [ET     3 ] [L0 ] [L1 ]
POC  291 TId: 0 ( I-SLICE, nQP 26 QP 26 )    2202544 bits [Y 99.9900 dB    U 99.9900 dB    V 99.9900 dB] [ET     3 ] [L0 ] [L1 ]
POC  292 TId: 0 ( I-SLICE, nQP 26 QP 26 )    2200216 bits [Y 99.9900 dB    U 99.9900 dB    V 99.9900 dB] [ET     3 ] [L0 ] [L1 ]
POC  293 TId: 0 ( I-SLICE, nQP 26 QP 26 )    2201192 bits [Y 99.9900 dB    U 99.9900 dB    V 99.9900 dB] [ET     3 ] [L0 ] [L1 ]
POC  294 TId: 0 ( I-SLICE, nQP 26 QP 26 )    2203216 bits [Y 99.9900 dB    U 99.9900 dB    V 99.9900 dB] [ET     3 ] [L0 ] [L1 ]
POC  295 TId: 0 ( I-SLICE, nQP 26 QP 26 )    2202232 bits [Y 99.9900 dB    U 99.9900 dB    V 99.9900 dB] [ET     3 ] [L0 ] [L1 ]
POC  296 TId: 0 ( I-SLICE, nQP 26 QP 26 )    2200272 bits [Y 99.9900 dB    U 99.9900 dB    V 99.9900 dB] [ET     3 ] [L0 ] [L1 ]
POC  297 TId: 0 ( I-SLICE, nQP 26 QP 26 )    2198160 bits [Y 99.9900 dB    U 99.9900 dB    V 99.9900 dB] [ET     3 ] [L0 ] [L1 ]
POC  298 TId: 0 ( I-SLICE, nQP 26 QP 26 )    2199568 bits [Y 99.9900 dB    U 99.9900 dB    V 99.9900 dB] [ET     3 ] [L0 ] [L1 ]
POC  299 TId: 0 ( I-SLICE, nQP 26 QP 26 )    2201960 bits [Y 99.9900 dB    U 99.9900 dB    V 99.9900 dB] [ET     3 ] [L0 ] [L1 ]
POC  300 TId: 0 ( I-SLICE, nQP 26 QP 26 )    2200336 bits [Y 99.9900 dB    U 99.9900 dB    V 99.9900 dB] [ET     4 ] [L0 ] [L1 ]
POC  301 TId: 0 ( I-SLICE, nQP 26 QP 26 )    2201496 bits [Y 99.9900 dB    U 99.9900 dB    V 99.9900 dB] [ET     3 ] [L0 ] [L1 ]
POC  302 TId: 0 ( I-SLICE, nQP 26 QP 26 )    2200224 bits [Y 99.9900 dB    U 99.9900 dB    V 99.9900 dB] [ET     3 ] [L0 ] [L1 ]
POC  303 TId: 0 ( I-SLICE, nQP 26 QP 26 )    2197072 bits [Y 99.9900 dB    U 99.9900 dB    V 99.9900 dB] [ET     3 ] [L0 ] [L1 ]
POC  304 TId: 0 ( I-SLICE, nQP 26 QP 26 )    2197840 bits [Y 99.9900 dB    U 99.9900 dB    V 99.9900 dB] [ET     3 ] [L0 ] [L1 ]
POC  305 TId: 0 ( I-SLICE, nQP 26 QP 26 )    2202144 bits [Y 99.9900 dB    U 99.9900 dB    V 99.9900 dB] [ET     3 ] [L0 ] [L1 ]
POC  306 TId: 0 ( I-SLICE, nQP 26 QP 26 )    2203216 bits [Y 99.9900 dB    U 99.9900 dB    V 99.9900 dB] [ET     3 ] [L0 ] [L1 ]
POC  307 TId: 0 ( I-SLICE, nQP 26 QP 26 )    2211152 bits [Y 99.9900 dB    U 99.9900 dB    V 99.9900 dB] [ET     3 ] [L0 ] [L1 ]
POC  308 TId: 0 ( I-SLICE, nQP 26 QP 26 )    2206032 bits [Y 99.9900 dB    U 99.9900 dB    V 99.9900 dB] [ET     3 ] [L0 ] [L1 ]
POC  309 TId: 0 ( I-SLICE, nQP 26 QP 26 )    2209432 bits [Y 99.9900 dB    U 99.9900 dB    V 99.9900 dB] [ET     3 ] [L0 ] [L1 ]
POC  310 TId: 0 ( I-SLICE, nQP 26 QP 26 )    2210728 bits [Y 99.9900 dB    U 99.9900 dB    V 99.9900 dB] [ET     3 ] [L0 ] [L1 ]
POC  311 TId: 0 ( I-SLICE, nQP 26 QP 26 )    2208440 bits [Y 99.9900 dB    U 99.9900 dB    V 99.9900 dB] [ET     3 ] [L0 ] [L1 ]
POC  312 TId: 0 ( I-SLICE, nQP 26 QP 26 )    2212680 bits [Y 99.9900 dB    U 99.9900 dB    V 99.9900 dB] [ET     3 ] [L0 ] [L1 ]
POC  313 TId: 0 ( I-SLICE, nQP 26 QP 26 )    2213352 bits [Y 99.9900 dB    U 99.9900 dB    V 99.9900 dB] [ET     3 ] [L0 ] [L1 ]
POC  314 TId: 0 ( I-SLICE, nQP 26 QP 26 )    2211120 bits [Y 99.9900 dB    U 99.9900 dB    V 99.9900 dB] [ET     3 ] [L0 ] [L1 ]
POC  315 TId: 0 ( I-SLICE, nQP 26 QP 26 )    2211008 bits [Y 99.9900 dB    U 99.9900 dB    V 99.9900 dB] [ET     3 ] [L0 ] [L1 ]
POC  316 TId: 0 ( I-SLICE, nQP 26 QP 26 )    2206656 bits [Y 99.9900 dB    U 99.9900 dB    V 99.9900 dB] [ET     3 ] [L0 ] [L1 ]
POC  317 TId: 0 ( I-SLICE, nQP 26 QP 26 )    2209752 bits [Y 99.9900 dB    U 99.9900 dB    V 99.9900 dB] [ET     3 ] [L0 ] [L1 ]
POC  318 TId: 0 ( I-SLICE, nQP 26 QP 26 )    2205688 bits [Y 99.9900 dB    U 99.9900 dB    V 99.9900 dB] [ET     3 ] [L0 ] [L1 ]
POC  319 TId: 0 ( I-SLICE, nQP 26 QP 26 )    2204424 bits [Y 99.9900 dB    U 99.9900 dB    V 99.9900 dB] [ET     3 ] [L0 ] [L1 ]
POC  320 TId: 0 ( I-SLICE, nQP 26 QP 26 )    2203552 bits [Y 99.9900 dB    U 99.9900 dB    V 99.9900 dB] [ET     3 ] [L0 ] [L1 ]
POC  321 TId: 0 ( I-SLICE, nQP 26 QP 26 )    2201088 bits [Y 99.9900 dB    U 99.9900 dB    V 99.9900 dB] [ET     3 ] [L0 ] [L1 ]
POC  322 TId: 0 ( I-SLICE, nQP 26 QP 26 )    2201496 bits [Y 99.9900 dB    U 99.9900 dB    V 99.9900 dB] [ET     3 ] [L0 ] [L1 ]
POC  323 TId: 0 ( I-SLICE, nQP 26 QP 26 )    2196952 bits [Y 99.9900 dB    U 99.9900 dB    V 99.9900 dB] [ET     3 ] [L0 ] [L1 ]
POC  324 TId: 0 ( I-SLICE, nQP 26 QP 26 )    2195432 bits [Y 99.9900 dB    U 99.9900 dB    V 99.9900 dB] [ET     3 ] [L0 ] [L1 ]
POC  325 TId: 0 ( I-SLICE, nQP 26 QP 26 )    2193824 bits [Y 99.9900 dB    U 99.9900 dB    V 99.9900 dB] [ET     3 ] [L0 ] [L1 ]
POC  326 TId: 0 ( I-SLICE, nQP 26 QP 26 )    2193312 bits [Y 99.9900 dB    U 99.9900 dB    V 99.9900 dB] [ET     3 ] [L0 ] [L1 ]
POC  327 TId: 0 ( I-SLICE, nQP 26 QP 26 )    2194496 bits [Y 99.9900 dB    U 99.9900 dB    V 99.9900 dB] [ET     3 ] [L0 ] [L1 ]
POC  328 TId: 0 ( I-SLICE, nQP 26 QP 26 )    2191480 bits [Y 99.9900 dB    U 99.9900 dB    V 99.9900 dB] [ET     3 ] [L0 ] [L1 ]
POC  329 TId: 0 ( I-SLICE, nQP 26 QP 26 )    2195384 bits [Y 99.9900 dB    U 99.9900 dB    V 99.9900 dB] [ET     3 ] [L0 ] [L1 ]
POC  330 TId: 0 ( I-SLICE, nQP 26 QP 26 )    2193944 bits [Y 99.9900 dB    U 99.9900 dB    V 99.9900 dB] [ET     3 ] [L0 ] [L1 ]
POC  331 TId: 0 ( I-SLICE, nQP 26 QP 26 )    2198472 bits [Y 99.9900 dB    U 99.9900 dB    V 99.9900 dB] [ET     3 ] [L0 ] [L1 ]
POC  332 TId: 0 ( I-SLICE, nQP 26 QP 26 )    2201360 bits [Y 99.9900 dB    U 99.9900 dB    V 99.9900 dB] [ET     3 ] [L0 ] [L1 ]
POC  333 TId: 0 ( I-SLICE, nQP 26 QP 26 )    2202448 bits [Y 99.9900 dB    U 99.9900 dB    V 99.9900 dB] [ET     3 ] [L0 ] [L1 ]
POC  334 TId: 0 ( I-SLICE, nQP 26 QP 26 )    2204104 bits [Y 99.9900 dB    U 99.9900 dB    V 99.9900 dB] [ET     3 ] [L0 ] [L1 ]
POC  335 TId: 0 ( I-SLICE, nQP 26 QP 26 )    2205360 bits [Y 99.9900 dB    U 99.9900 dB    V 99.9900 dB] [ET     3 ] [L0 ] [L1 ]
POC  336 TId: 0 ( I-SLICE, nQP 26 QP 26 )    2202360 bits [Y 99.9900 dB    U 99.9900 dB    V 99.9900 dB] [ET     3 ] [L0 ] [L1 ]
POC  337 TId: 0 ( I-SLICE, nQP 26 QP 26 )    2200792 bits [Y 99.9900 dB    U 99.9900 dB    V 99.9900 dB] [ET     3 ] [L0 ] [L1 ]
POC  338 TId: 0 ( I-SLICE, nQP 26 QP 26 )    2202040 bits [Y 99.9900 dB    U 99.9900 dB    V 99.9900 dB] [ET     3 ] [L0 ] [L1 ]
POC  339 TId: 0 ( I-SLICE, nQP 26 QP 26 )    2203480 bits [Y 99.9900 dB    U 99.9900 dB    V 99.9900 dB] [ET     3 ] [L0 ] [L1 ]
POC  340 TId: 0 ( I-SLICE, nQP 26 QP 26 )    2203408 bits [Y 99.9900 dB    U 99.9900 dB    V 99.9900 dB] [ET     3 ] [L0 ] [L1 ]
POC  341 TId: 0 ( I-SLICE, nQP 26 QP 26 )    2202832 bits [Y 99.9900 dB    U 99.9900 dB    V 99.9900 dB] [ET     3 ] [L0 ] [L1 ]
POC  342 TId: 0 ( I-SLICE, nQP 26 QP 26 )    2205760 bits [Y 99.9900 dB    U 99.9900 dB    V 99.9900 dB] [ET     3 ] [L0 ] [L1 ]
POC  343 TId: 0 ( I-SLICE, nQP 26 QP 26 )    2204536 bits [Y 99.9900 dB    U 99.9900 dB    V 99.9900 dB] [ET     3 ] [L0 ] [L1 ]
POC  344 TId: 0 ( I-SLICE, nQP 26 QP 26 )    2201488 bits [Y 99.9900 dB    U 99.9900 dB    V 99.9900 dB] [ET     3 ] [L0 ] [L1 ]
POC  345 TId: 0 ( I-SLICE, nQP 26 QP 26 )    2198536 bits [Y 99.9900 dB    U 99.9900 dB    V 99.9900 dB] [ET     3 ] [L0 ] [L1 ]
POC  346 TId: 0 ( I-SLICE, nQP 26 QP 26 )    2195760 bits [Y 99.9900 dB    U 99.9900 dB    V 99.9900 dB] [ET     3 ] [L0 ] [L1 ]
POC  347 TId: 0 ( I-SLICE, nQP 26 QP 26 )    2192496 bits [Y 99.9900 dB    U 99.9900 dB    V 99.9900 dB] [ET     3 ] [L0 ] [L1 ]
POC  348 TId: 0 ( I-SLICE, nQP 26 QP 26 )    2184888 bits [Y 99.9900 dB    U 99.9900 dB    V 99.9900 dB] [ET     3 ] [L0 ] [L1 ]
POC  349 TId: 0 ( I-SLICE, nQP 26 QP 26 )    2181168 bits [Y 99.9900 dB    U 99.9900 dB    V 99.9900 dB] [ET     3 ] [L0 ] [L1 ]
POC  350 TId: 0 ( I-SLICE, nQP 26 QP 26 )    2175216 bits [Y 99.9900 dB    U 99.9900 dB    V 99.9900 dB] [ET     3 ] [L0 ] [L1 ]
POC  351 TId: 0 ( I-SLICE, nQP 26 QP 26 )    2173600 bits [Y 99.9900 dB    U 99.9900 dB    V 99.9900 dB] [ET     3 ] [L0 ] [L1 ]
POC  352 TId: 0 ( I-SLICE, nQP 26 QP 26 )    2170344 bits [Y 99.9900 dB    U 99.9900 dB    V 99.9900 dB] [ET     3 ] [L0 ] [L1 ]
POC  353 TId: 0 ( I-SLICE, nQP 26 QP 26 )    2169384 bits [Y 99.9900 dB    U 99.9900 dB    V 99.9900 dB] [ET     3 ] [L0 ] [L1 ]
POC  354 TId: 0 ( I-SLICE, nQP 26 QP 26 )    2168688 bits [Y 99.9900 dB    U 99.9900 dB    V 99.9900 dB] [ET     3 ] [L0 ] [L1 ]
POC  355 TId: 0 ( I-SLICE, nQP 26 QP 26 )    2166976 bits [Y 99.9900 dB    U 99.9900 dB    V 99.9900 dB] [ET     3 ] [L0 ] [L1 ]
POC  356 TId: 0 ( I-SLICE, nQP 26 QP 26 )    2165136 bits [Y 99.9900 dB    U 99.9900 dB    V 99.9900 dB] [ET     3 ] [L0 ] [L1 ]
POC  357 TId: 0 ( I-SLICE, nQP 26 QP 26 )    2156248 bits [Y 99.9900 dB    U 99.9900 dB    V 99.9900 dB] [ET     3 ] [L0 ] [L1 ]
POC  358 TId: 0 ( I-SLICE, nQP 26 QP 26 )    2157336 bits [Y 99.9900 dB    U 99.9900 dB    V 99.9900 dB] [ET     3 ] [L0 ] [L1 ]
POC  359 TId: 0 ( I-SLICE, nQP 26 QP 26 )    2154320 bits [Y 99.9900 dB    U 99.9900 dB    V 99.9900 dB] [ET     3 ] [L0 ] [L1 ]
POC  360 TId: 0 ( I-SLICE, nQP 26 QP 26 )    2154296 bits [Y 99.9900 dB    U 99.9900 dB    V 99.9900 dB] [ET     3 ] [L0 ] [L1 ]
POC  361 TId: 0 ( I-SLICE, nQP 26 QP 26 )    2151416 bits [Y 99.9900 dB    U 99.9900 dB    V 99.9900 dB] [ET     3 ] [L0 ] [L1 ]
POC  362 TId: 0 ( I-SLICE, nQP 26 QP 26 )    2152416 bits [Y 99.9900 dB    U 99.9900 dB    V 99.9900 dB] [ET     3 ] [L0 ] [L1 ]
POC  363 TId: 0 ( I-SLICE, nQP 26 QP 26 )    2145728 bits [Y 99.9900 dB    U 99.9900 dB    V 99.9900 dB] [ET     3 ] [L0 ] [L1 ]
POC  364 TId: 0 ( I-SLICE, nQP 26 QP 26 )    2144784 bits [Y 99.9900 dB    U 99.9900 dB    V 99.9900 dB] [ET     3 ] [L0 ] [L1 ]
POC  365 TId: 0 ( I-SLICE, nQP 26 QP 26 )    2143560 bits [Y 99.9900 dB    U 99.9900 dB    V 99.9900 dB] [ET     3 ] [L0 ] [L1 ]
POC  366 TId: 0 ( I-SLICE, nQP 26 QP 26 )    2145272 bits [Y 99.9900 dB    U 99.9900 dB    V 99.9900 dB] [ET     3 ] [L0 ] [L1 ]
POC  367 TId: 0 ( I-SLICE, nQP 26 QP 26 )    2141224 bits [Y 99.9900 dB    U 99.9900 dB    V 99.9900 dB] [ET     3 ] [L0 ] [L1 ]
POC  368 TId: 0 ( I-SLICE, nQP 26 QP 26 )    2139312 bits [Y 99.9900 dB    U 99.9900 dB    V 99.9900 dB] [ET     3 ] [L0 ] [L1 ]
POC  369 TId: 0 ( I-SLICE, nQP 26 QP 26 )    2139584 bits [Y 99.9900 dB    U 99.9900 dB    V 99.9900 dB] [ET     3 ] [L0 ] [L1 ]
POC  370 TId: 0 ( I-SLICE, nQP 26 QP 26 )    2140048 bits [Y 99.9900 dB    U 99.9900 dB    V 99.9900 dB] [ET     3 ] [L0 ] [L1 ]
POC  371 TId: 0 ( I-SLICE, nQP 26 QP 26 )    2139832 bits [Y 99.9900 dB    U 99.9900 dB    V 99.9900 dB] [ET     3 ] [L0 ] [L1 ]
POC  372 TId: 0 ( I-SLICE, nQP 26 QP 26 )    2138184 bits [Y 99.9900 dB    U 99.9900 dB    V 99.9900 dB] [ET     3 ] [L0 ] [L1 ]
POC  373 TId: 0 ( I-SLICE, nQP 26 QP 26 )    2142256 bits [Y 99.9900 dB    U 99.9900 dB    V 99.9900 dB] [ET     3 ] [L0 ] [L1 ]
POC  374 TId: 0 ( I-SLICE, nQP 26 QP 26 )    2140560 bits [Y 99.9900 dB    U 99.9900 dB    V 99.9900 dB] [ET     3 ] [L0 ] [L1 ]
POC  375 TId: 0 ( I-SLICE, nQP 26 QP 26 )    2139528 bits [Y 99.9900 dB    U 99.9900 dB    V 99.9900 dB] [ET     3 ] [L0 ] [L1 ]
POC  376 TId: 0 ( I-SLICE, nQP 26 QP 26 )    2138824 bits [Y 99.9900 dB    U 99.9900 dB    V 99.9900 dB] [ET     3 ] [L0 ] [L1 ]
POC  377 TId: 0 ( I-SLICE, nQP 26 QP 26 )    2144960 bits [Y 99.9900 dB    U 99.9900 dB    V 99.9900 dB] [ET     3 ] [L0 ] [L1 ]
POC  378 TId: 0 ( I-SLICE, nQP 26 QP 26 )    2146800 bits [Y 99.9900 dB    U 99.9900 dB    V 99.9900 dB] [ET     3 ] [L0 ] [L1 ]
POC  379 TId: 0 ( I-SLICE, nQP 26 QP 26 )    2147736 bits [Y 99.9900 dB    U 99.9900 dB    V 99.9900 dB] [ET     3 ] [L0 ] [L1 ]
POC  380 TId: 0 ( I-SLICE, nQP 26 QP 26 )    2147952 bits [Y 99.9900 dB    U 99.9900 dB    V 99.9900 dB] [ET     3 ] [L0 ] [L1 ]
POC  381 TId: 0 ( I-SLICE, nQP 26 QP 26 )    2151744 bits [Y 99.9900 dB    U 99.9900 dB    V 99.9900 dB] [ET     3 ] [L0 ] [L1 ]
POC  382 TId: 0 ( I-SLICE, nQP 26 QP 26 )    2153280 bits [Y 99.9900 dB    U 99.9900 dB    V 99.9900 dB] [ET     4 ] [L0 ] [L1 ]
POC  383 TId: 0 ( I-SLICE, nQP 26 QP 26 )    2154760 bits [Y 99.9900 dB    U 99.9900 dB    V 99.9900 dB] [ET     3 ] [L0 ] [L1 ]
POC  384 TId: 0 ( I-SLICE, nQP 26 QP 26 )    2156720 bits [Y 99.9900 dB    U 99.9900 dB    V 99.9900 dB] [ET     3 ] [L0 ] [L1 ]
POC  385 TId: 0 ( I-SLICE, nQP 26 QP 26 )    2157648 bits [Y 99.9900 dB    U 99.9900 dB    V 99.9900 dB] [ET     3 ] [L0 ] [L1 ]
POC  386 TId: 0 ( I-SLICE, nQP 26 QP 26 )    2159184 bits [Y 99.9900 dB    U 99.9900 dB    V 99.9900 dB] [ET     3 ] [L0 ] [L1 ]
POC  387 TId: 0 ( I-SLICE, nQP 26 QP 26 )    2161992 bits [Y 99.9900 dB    U 99.9900 dB    V 99.9900 dB] [ET     3 ] [L0 ] [L1 ]
POC  388 TId: 0 ( I-SLICE, nQP 26 QP 26 )    2162800 bits [Y 99.9900 dB    U 99.9900 dB    V 99.9900 dB] [ET     3 ] [L0 ] [L1 ]
POC  389 TId: 0 ( I-SLICE, nQP 26 QP 26 )    2158464 bits [Y 99.9900 dB    U 99.9900 dB    V 99.9900 dB] [ET     3 ] [L0 ] [L1 ]
POC  390 TId: 0 ( I-SLICE, nQP 26 QP 26 )    2161784 bits [Y 99.9900 dB    U 99.9900 dB    V 99.9900 dB] [ET     3 ] [L0 ] [L1 ]
POC  391 TId: 0 ( I-SLICE, nQP 26 QP 26 )    2162872 bits [Y 99.9900 dB    U 99.9900 dB    V 99.9900 dB] [ET     3 ] [L0 ] [L1 ]
POC  392 TId: 0 ( I-SLICE, nQP 26 QP 26 )    2164128 bits [Y 99.9900 dB    U 99.9900 dB    V 99.9900 dB] [ET     3 ] [L0 ] [L1 ]
POC  393 TId: 0 ( I-SLICE, nQP 26 QP 26 )    2165664 bits [Y 99.9900 dB    U 99.9900 dB    V 99.9900 dB] [ET     3 ] [L0 ] [L1 ]
POC  394 TId: 0 ( I-SLICE, nQP 26 QP 26 )    2171960 bits [Y 99.9900 dB    U 99.9900 dB    V 99.9900 dB] [ET     3 ] [L0 ] [L1 ]
POC  395 TId: 0 ( I-SLICE, nQP 26 QP 26 )    2172080 bits [Y 99.9900 dB    U 99.9900 dB    V 99.9900 dB] [ET     3 ] [L0 ] [L1 ]
POC  396 TId: 0 ( I-SLICE, nQP 26 QP 26 )    2178624 bits [Y 99.9900 dB    U 99.9900 dB    V 99.9900 dB] [ET     3 ] [L0 ] [L1 ]
POC  397 TId: 0 ( I-SLICE, nQP 26 QP 26 )    2180456 bits [Y 99.9900 dB    U 99.9900 dB    V 99.9900 dB] [ET     3 ] [L0 ] [L1 ]
POC  398 TId: 0 ( I-SLICE, nQP 26 QP 26 )    2185856 bits [Y 99.9900 dB    U 99.9900 dB    V 99.9900 dB] [ET     3 ] [L0 ] [L1 ]
POC  399 TId: 0 ( I-SLICE, nQP 26 QP 26 )    2192856 bits [Y 99.9900 dB    U 99.9900 dB    V 99.9900 dB] [ET     3 ] [L0 ] [L1 ]
POC  400 TId: 0 ( I-SLICE, nQP 26 QP 26 )    2195264 bits [Y 99.9900 dB    U 99.9900 dB    V 99.9900 dB] [ET     3 ] [L0 ] [L1 ]
POC  401 TId: 0 ( I-SLICE, nQP 26 QP 26 )    2198408 bits [Y 99.9900 dB    U 99.9900 dB    V 99.9900 dB] [ET     3 ] [L0 ] [L1 ]
POC  402 TId: 0 ( I-SLICE, nQP 26 QP 26 )    2205400 bits [Y 99.9900 dB    U 99.9900 dB    V 99.9900 dB] [ET     3 ] [L0 ] [L1 ]
POC  403 TId: 0 ( I-SLICE, nQP 26 QP 26 )    2207712 bits [Y 99.9900 dB    U 99.9900 dB    V 99.9900 dB] [ET     3 ] [L0 ] [L1 ]
POC  404 TId: 0 ( I-SLICE, nQP 26 QP 26 )    2212216 bits [Y 99.9900 dB    U 99.9900 dB    V 99.9900 dB] [ET     3 ] [L0 ] [L1 ]
POC  405 TId: 0 ( I-SLICE, nQP 26 QP 26 )    2209488 bits [Y 99.9900 dB    U 99.9900 dB    V 99.9900 dB] [ET     3 ] [L0 ] [L1 ]
POC  406 TId: 0 ( I-SLICE, nQP 26 QP 26 )    2208560 bits [Y 99.9900 dB    U 99.9900 dB    V 99.9900 dB] [ET     3 ] [L0 ] [L1 ]
POC  407 TId: 0 ( I-SLICE, nQP 26 QP 26 )    2203736 bits [Y 99.9900 dB    U 99.9900 dB    V 99.9900 dB] [ET     3 ] [L0 ] [L1 ]
POC  408 TId: 0 ( I-SLICE, nQP 26 QP 26 )    2209032 bits [Y 99.9900 dB    U 99.9900 dB    V 99.9900 dB] [ET     3 ] [L0 ] [L1 ]
POC  409 TId: 0 ( I-SLICE, nQP 26 QP 26 )    2207104 bits [Y 99.9900 dB    U 99.9900 dB    V 99.9900 dB] [ET     3 ] [L0 ] [L1 ]
POC  410 TId: 0 ( I-SLICE, nQP 26 QP 26 )    2205488 bits [Y 99.9900 dB    U 99.9900 dB    V 99.9900 dB] [ET     3 ] [L0 ] [L1 ]
POC  411 TId: 0 ( I-SLICE, nQP 26 QP 26 )    2198336 bits [Y 99.9900 dB    U 99.9900 dB    V 99.9900 dB] [ET     3 ] [L0 ] [L1 ]
POC  412 TId: 0 ( I-SLICE, nQP 26 QP 26 )    2194216 bits [Y 99.9900 dB    U 99.9900 dB    V 99.9900 dB] [ET     3 ] [L0 ] [L1 ]
POC  413 TId: 0 ( I-SLICE, nQP 26 QP 26 )    2189832 bits [Y 99.9900 dB    U 99.9900 dB    V 99.9900 dB] [ET     3 ] [L0 ] [L1 ]
POC  414 TId: 0 ( I-SLICE, nQP 26 QP 26 )    2188328 bits [Y 99.9900 dB    U 99.9900 dB    V 99.9900 dB] [ET     3 ] [L0 ] [L1 ]
POC  415 TId: 0 ( I-SLICE, nQP 26 QP 26 )    2189096 bits [Y 99.9900 dB    U 99.9900 dB    V 99.9900 dB] [ET     3 ] [L0 ] [L1 ]
POC  416 TId: 0 ( I-SLICE, nQP 26 QP 26 )    2192624 bits [Y 99.9900 dB    U 99.9900 dB    V 99.9900 dB] [ET     3 ] [L0 ] [L1 ]
POC  417 TId: 0 ( I-SLICE, nQP 26 QP 26 )    2194456 bits [Y 99.9900 dB    U 99.9900 dB    V 99.9900 dB] [ET     3 ] [L0 ] [L1 ]
POC  418 TId: 0 ( I-SLICE, nQP 26 QP 26 )    2196560 bits [Y 99.9900 dB    U 99.9900 dB    V 99.9900 dB] [ET     3 ] [L0 ] [L1 ]
POC  419 TId: 0 ( I-SLICE, nQP 26 QP 26 )    2192968 bits [Y 99.9900 dB    U 99.9900 dB    V 99.9900 dB] [ET     3 ] [L0 ] [L1 ]
POC  420 TId: 0 ( I-SLICE, nQP 26 QP 26 )    2194992 bits [Y 99.9900 dB    U 99.9900 dB    V 99.9900 dB] [ET     3 ] [L0 ] [L1 ]
POC  421 TId: 0 ( I-SLICE, nQP 26 QP 26 )    2193792 bits [Y 99.9900 dB    U 99.9900 dB    V 99.9900 dB] [ET     3 ] [L0 ] [L1 ]
POC  422 TId: 0 ( I-SLICE, nQP 26 QP 26 )    2201608 bits [Y 99.9900 dB    U 99.9900 dB    V 99.9900 dB] [ET     3 ] [L0 ] [L1 ]
POC  423 TId: 0 ( I-SLICE, nQP 26 QP 26 )    2200592 bits [Y 99.9900 dB    U 99.9900 dB    V 99.9900 dB] [ET     3 ] [L0 ] [L1 ]
POC  424 TId: 0 ( I-SLICE, nQP 26 QP 26 )    2204952 bits [Y 99.9900 dB    U 99.9900 dB    V 99.9900 dB] [ET     3 ] [L0 ] [L1 ]
POC  425 TId: 0 ( I-SLICE, nQP 26 QP 26 )    2209904 bits [Y 99.9900 dB    U 99.9900 dB    V 99.9900 dB] [ET     3 ] [L0 ] [L1 ]
POC  426 TId: 0 ( I-SLICE, nQP 26 QP 26 )    2214544 bits [Y 99.9900 dB    U 99.9900 dB    V 99.9900 dB] [ET     3 ] [L0 ] [L1 ]
POC  427 TId: 0 ( I-SLICE, nQP 26 QP 26 )    2215616 bits [Y 99.9900 dB    U 99.9900 dB    V 99.9900 dB] [ET     3 ] [L0 ] [L1 ]
POC  428 TId: 0 ( I-SLICE, nQP 26 QP 26 )    2219488 bits [Y 99.9900 dB    U 99.9900 dB    V 99.9900 dB] [ET     3 ] [L0 ] [L1 ]
POC  429 TId: 0 ( I-SLICE, nQP 26 QP 26 )    2223984 bits [Y 99.9900 dB    U 99.9900 dB    V 99.9900 dB] [ET     3 ] [L0 ] [L1 ]
POC  430 TId: 0 ( I-SLICE, nQP 26 QP 26 )    2226920 bits [Y 99.9900 dB    U 99.9900 dB    V 99.9900 dB] [ET     3 ] [L0 ] [L1 ]
POC  431 TId: 0 ( I-SLICE, nQP 26 QP 26 )    2226568 bits [Y 99.9900 dB    U 99.9900 dB    V 99.9900 dB] [ET     3 ] [L0 ] [L1 ]
POC  432 TId: 0 ( I-SLICE, nQP 26 QP 26 )    2224808 bits [Y 99.9900 dB    U 99.9900 dB    V 99.9900 dB] [ET     3 ] [L0 ] [L1 ]
POC  433 TId: 0 ( I-SLICE, nQP 26 QP 26 )    2227880 bits [Y 99.9900 dB    U 99.9900 dB    V 99.9900 dB] [ET     3 ] [L0 ] [L1 ]
POC  434 TId: 0 ( I-SLICE, nQP 26 QP 26 )    2227776 bits [Y 99.9900 dB    U 99.9900 dB    V 99.9900 dB] [ET     3 ] [L0 ] [L1 ]
POC  435 TId: 0 ( I-SLICE, nQP 26 QP 26 )    2229112 bits [Y 99.9900 dB    U 99.9900 dB    V 99.9900 dB] [ET     3 ] [L0 ] [L1 ]
POC  436 TId: 0 ( I-SLICE, nQP 26 QP 26 )    2227904 bits [Y 99.9900 dB    U 99.9900 dB    V 99.9900 dB] [ET     3 ] [L0 ] [L1 ]
POC  437 TId: 0 ( I-SLICE, nQP 26 QP 26 )    2219808 bits [Y 99.9900 dB    U 99.9900 dB    V 99.9900 dB] [ET     3 ] [L0 ] [L1 ]
POC  438 TId: 0 ( I-SLICE, nQP 26 QP 26 )    2205720 bits [Y 99.9900 dB    U 99.9900 dB    V 99.9900 dB] [ET     3 ] [L0 ] [L1 ]
POC  439 TId: 0 ( I-SLICE, nQP 26 QP 26 )    2192000 bits [Y 99.9900 dB    U 99.9900 dB    V 99.9900 dB] [ET     3 ] [L0 ] [L1 ]
POC  440 TId: 0 ( I-SLICE, nQP 26 QP 26 )    2181432 bits [Y 99.9900 dB    U 99.9900 dB    V 99.9900 dB] [ET     3 ] [L0 ] [L1 ]
POC  441 TId: 0 ( I-SLICE, nQP 26 QP 26 )    2162944 bits [Y 99.9900 dB    U 99.9900 dB    V 99.9900 dB] [ET     3 ] [L0 ] [L1 ]
POC  442 TId: 0 ( I-SLICE, nQP 26 QP 26 )    2150824 bits [Y 99.9900 dB    U 99.9900 dB    V 99.9900 dB] [ET     3 ] [L0 ] [L1 ]
POC  443 TId: 0 ( I-SLICE, nQP 26 QP 26 )    2138632 bits [Y 99.9900 dB    U 99.9900 dB    V 99.9900 dB] [ET     3 ] [L0 ] [L1 ]
POC  444 TId: 0 ( I-SLICE, nQP 26 QP 26 )    2127752 bits [Y 99.9900 dB    U 99.9900 dB    V 99.9900 dB] [ET     4 ] [L0 ] [L1 ]
POC  445 TId: 0 ( I-SLICE, nQP 26 QP 26 )    2115600 bits [Y 99.9900 dB    U 99.9900 dB    V 99.9900 dB] [ET     3 ] [L0 ] [L1 ]
POC  446 TId: 0 ( I-SLICE, nQP 26 QP 26 )    2100312 bits [Y 99.9900 dB    U 99.9900 dB    V 99.9900 dB] [ET     3 ] [L0 ] [L1 ]
POC  447 TId: 0 ( I-SLICE, nQP 26 QP 26 )    2083960 bits [Y 99.9900 dB    U 99.9900 dB    V 99.9900 dB] [ET     3 ] [L0 ] [L1 ]
POC  448 TId: 0 ( I-SLICE, nQP 26 QP 26 )    2065256 bits [Y 99.9900 dB    U 99.9900 dB    V 99.9900 dB] [ET     3 ] [L0 ] [L1 ]
POC  449 TId: 0 ( I-SLICE, nQP 26 QP 26 )    2048736 bits [Y 99.9900 dB    U 99.9900 dB    V 99.9900 dB] [ET     3 ] [L0 ] [L1 ]
POC  450 TId: 0 ( I-SLICE, nQP 26 QP 26 )    2043008 bits [Y 99.9900 dB    U 99.9900 dB    V 99.9900 dB] [ET     3 ] [L0 ] [L1 ]
POC  451 TId: 0 ( I-SLICE, nQP 26 QP 26 )    2034344 bits [Y 99.9900 dB    U 99.9900 dB    V 99.9900 dB] [ET     3 ] [L0 ] [L1 ]
POC  452 TId: 0 ( I-SLICE, nQP 26 QP 26 )    2027736 bits [Y 99.9900 dB    U 99.9900 dB    V 99.9900 dB] [ET     3 ] [L0 ] [L1 ]
POC  453 TId: 0 ( I-SLICE, nQP 26 QP 26 )    2022136 bits [Y 99.9900 dB    U 99.9900 dB    V 99.9900 dB] [ET     3 ] [L0 ] [L1 ]
POC  454 TId: 0 ( I-SLICE, nQP 26 QP 26 )    2021272 bits [Y 99.9900 dB    U 99.9900 dB    V 99.9900 dB] [ET     3 ] [L0 ] [L1 ]
POC  455 TId: 0 ( I-SLICE, nQP 26 QP 26 )    2032536 bits [Y 99.9900 dB    U 99.9900 dB    V 99.9900 dB] [ET     3 ] [L0 ] [L1 ]
POC  456 TId: 0 ( I-SLICE, nQP 26 QP 26 )    2039088 bits [Y 99.9900 dB    U 99.9900 dB    V 99.9900 dB] [ET     3 ] [L0 ] [L1 ]
POC  457 TId: 0 ( I-SLICE, nQP 26 QP 26 )    2045880 bits [Y 99.9900 dB    U 99.9900 dB    V 99.9900 dB] [ET     3 ] [L0 ] [L1 ]
POC  458 TId: 0 ( I-SLICE, nQP 26 QP 26 )    2051984 bits [Y 99.9900 dB    U 99.9900 dB    V 99.9900 dB] [ET     3 ] [L0 ] [L1 ]
POC  459 TId: 0 ( I-SLICE, nQP 26 QP 26 )    2058864 bits [Y 99.9900 dB    U 99.9900 dB    V 99.9900 dB] [ET     3 ] [L0 ] [L1 ]
POC  460 TId: 0 ( I-SLICE, nQP 26 QP 26 )    2063568 bits [Y 99.9900 dB    U 99.9900 dB    V 99.9900 dB] [ET     3 ] [L0 ] [L1 ]
POC  461 TId: 0 ( I-SLICE, nQP 26 QP 26 )    2070872 bits [Y 99.9900 dB    U 99.9900 dB    V 99.9900 dB] [ET     3 ] [L0 ] [L1 ]
POC  462 TId: 0 ( I-SLICE, nQP 26 QP 26 )    2080912 bits [Y 99.9900 dB    U 99.9900 dB    V 99.9900 dB] [ET     3 ] [L0 ] [L1 ]
POC  463 TId: 0 ( I-SLICE, nQP 26 QP 26 )    2088424 bits [Y 99.9900 dB    U 99.9900 dB    V 99.9900 dB] [ET     3 ] [L0 ] [L1 ]
POC  464 TId: 0 ( I-SLICE, nQP 26 QP 26 )    2095496 bits [Y 99.9900 dB    U 99.9900 dB    V 99.9900 dB] [ET     3 ] [L0 ] [L1 ]
POC  465 TId: 0 ( I-SLICE, nQP 26 QP 26 )    2101664 bits [Y 99.9900 dB    U 99.9900 dB    V 99.9900 dB] [ET     3 ] [L0 ] [L1 ]
POC  466 TId: 0 ( I-SLICE, nQP 26 QP 26 )    2102160 bits [Y 99.9900 dB    U 99.9900 dB    V 99.9900 dB] [ET     3 ] [L0 ] [L1 ]
POC  467 TId: 0 ( I-SLICE, nQP 26 QP 26 )    2106504 bits [Y 99.9900 dB    U 99.9900 dB    V 99.9900 dB] [ET     3 ] [L0 ] [L1 ]
POC  468 TId: 0 ( I-SLICE, nQP 26 QP 26 )    2107016 bits [Y 99.9900 dB    U 99.9900 dB    V 99.9900 dB] [ET     3 ] [L0 ] [L1 ]
POC  469 TId: 0 ( I-SLICE, nQP 26 QP 26 )    2112128 bits [Y 99.9900 dB    U 99.9900 dB    V 99.9900 dB] [ET     3 ] [L0 ] [L1 ]
POC  470 TId: 0 ( I-SLICE, nQP 26 QP 26 )    2113824 bits [Y 99.9900 dB    U 99.9900 dB    V 99.9900 dB] [ET     3 ] [L0 ] [L1 ]
POC  471 TId: 0 ( I-SLICE, nQP 26 QP 26 )    2109184 bits [Y 99.9900 dB    U 99.9900 dB    V 99.9900 dB] [ET     3 ] [L0 ] [L1 ]
POC  472 TId: 0 ( I-SLICE, nQP 26 QP 26 )    2111080 bits [Y 99.9900 dB    U 99.9900 dB    V 99.9900 dB] [ET     3 ] [L0 ] [L1 ]
POC  473 TId: 0 ( I-SLICE, nQP 26 QP 26 )    2110544 bits [Y 99.9900 dB    U 99.9900 dB    V 99.9900 dB] [ET     3 ] [L0 ] [L1 ]
POC  474 TId: 0 ( I-SLICE, nQP 26 QP 26 )    2116384 bits [Y 99.9900 dB    U 99.9900 dB    V 99.9900 dB] [ET     3 ] [L0 ] [L1 ]
POC  475 TId: 0 ( I-SLICE, nQP 26 QP 26 )    2124400 bits [Y 99.9900 dB    U 99.9900 dB    V 99.9900 dB] [ET     3 ] [L0 ] [L1 ]
POC  476 TId: 0 ( I-SLICE, nQP 26 QP 26 )    2131032 bits [Y 99.9900 dB    U 99.9900 dB    V 99.9900 dB] [ET     3 ] [L0 ] [L1 ]
POC  477 TId: 0 ( I-SLICE, nQP 26 QP 26 )    2134192 bits [Y 99.9900 dB    U 99.9900 dB    V 99.9900 dB] [ET     3 ] [L0 ] [L1 ]
POC  478 TId: 0 ( I-SLICE, nQP 26 QP 26 )    2133544 bits [Y 99.9900 dB    U 99.9900 dB    V 99.9900 dB] [ET     3 ] [L0 ] [L1 ]
POC  479 TId: 0 ( I-SLICE, nQP 26 QP 26 )    2137088 bits [Y 99.9900 dB    U 99.9900 dB    V 99.9900 dB] [ET     3 ] [L0 ] [L1 ]
POC  480 TId: 0 ( I-SLICE, nQP 26 QP 26 )    2138960 bits [Y 99.9900 dB    U 99.9900 dB    V 99.9900 dB] [ET     3 ] [L0 ] [L1 ]
POC  481 TId: 0 ( I-SLICE, nQP 26 QP 26 )    2139880 bits [Y 99.9900 dB    U 99.9900 dB    V 99.9900 dB] [ET     3 ] [L0 ] [L1 ]
POC  482 TId: 0 ( I-SLICE, nQP 26 QP 26 )    2138888 bits [Y 99.9900 dB    U 99.9900 dB    V 99.9900 dB] [ET     3 ] [L0 ] [L1 ]
POC  483 TId: 0 ( I-SLICE, nQP 26 QP 26 )    2142584 bits [Y 99.9900 dB    U 99.9900 dB    V 99.9900 dB] [ET     3 ] [L0 ] [L1 ]
POC  484 TId: 0 ( I-SLICE, nQP 26 QP 26 )    2145168 bits [Y 99.9900 dB    U 99.9900 dB    V 99.9900 dB] [ET     3 ] [L0 ] [L1 ]
POC  485 TId: 0 ( I-SLICE, nQP 26 QP 26 )    2149080 bits [Y 99.9900 dB    U 99.9900 dB    V 99.9900 dB] [ET     3 ] [L0 ] [L1 ]
POC  486 TId: 0 ( I-SLICE, nQP 26 QP 26 )    2151472 bits [Y 99.9900 dB    U 99.9900 dB    V 99.9900 dB] [ET     3 ] [L0 ] [L1 ]
POC  487 TId: 0 ( I-SLICE, nQP 26 QP 26 )    2158576 bits [Y 99.9900 dB    U 99.9900 dB    V 99.9900 dB] [ET     3 ] [L0 ] [L1 ]
POC  488 TId: 0 ( I-SLICE, nQP 26 QP 26 )    2165000 bits [Y 99.9900 dB    U 99.9900 dB    V 99.9900 dB] [ET     3 ] [L0 ] [L1 ]
POC  489 TId: 0 ( I-SLICE, nQP 26 QP 26 )    2161632 bits [Y 99.9900 dB    U 99.9900 dB    V 99.9900 dB] [ET     3 ] [L0 ] [L1 ]
POC  490 TId: 0 ( I-SLICE, nQP 26 QP 26 )    2161320 bits [Y 99.9900 dB    U 99.9900 dB    V 99.9900 dB] [ET     3 ] [L0 ] [L1 ]
POC  491 TId: 0 ( I-SLICE, nQP 26 QP 26 )    2163632 bits [Y 99.9900 dB    U 99.9900 dB    V 99.9900 dB] [ET     3 ] [L0 ] [L1 ]
POC  492 TId: 0 ( I-SLICE, nQP 26 QP 26 )    2172056 bits [Y 99.9900 dB    U 99.9900 dB    V 99.9900 dB] [ET     3 ] [L0 ] [L1 ]
POC  493 TId: 0 ( I-SLICE, nQP 26 QP 26 )    2177040 bits [Y 99.9900 dB    U 99.9900 dB    V 99.9900 dB] [ET     3 ] [L0 ] [L1 ]
POC  494 TId: 0 ( I-SLICE, nQP 26 QP 26 )    2176440 bits [Y 99.9900 dB    U 99.9900 dB    V 99.9900 dB] [ET     3 ] [L0 ] [L1 ]
POC  495 TId: 0 ( I-SLICE, nQP 26 QP 26 )    2175008 bits [Y 99.9900 dB    U 99.9900 dB    V 99.9900 dB] [ET     3 ] [L0 ] [L1 ]
POC  496 TId: 0 ( I-SLICE, nQP 26 QP 26 )    2173560 bits [Y 99.9900 dB    U 99.9900 dB    V 99.9900 dB] [ET     3 ] [L0 ] [L1 ]
POC  497 TId: 0 ( I-SLICE, nQP 26 QP 26 )    2173944 bits [Y 99.9900 dB    U 99.9900 dB    V 99.9900 dB] [ET     3 ] [L0 ] [L1 ]
POC  498 TId: 0 ( I-SLICE, nQP 26 QP 26 )    2177272 bits [Y 99.9900 dB    U 99.9900 dB    V 99.9900 dB] [ET     3 ] [L0 ] [L1 ]
POC  499 TId: 0 ( I-SLICE, nQP 26 QP 26 )    2180200 bits [Y 99.9900 dB    U 99.9900 dB    V 99.9900 dB] [ET     3 ] [L0 ] [L1 ]
POC  500 TId: 0 ( I-SLICE, nQP 26 QP 26 )    2182880 bits [Y 99.9900 dB    U 99.9900 dB    V 99.9900 dB] [ET     3 ] [L0 ] [L1 ]
POC  501 TId: 0 ( I-SLICE, nQP 26 QP 26 )    2182936 bits [Y 99.9900 dB    U 99.9900 dB    V 99.9900 dB] [ET     3 ] [L0 ] [L1 ]
POC  502 TId: 0 ( I-SLICE, nQP 26 QP 26 )    2181816 bits [Y 99.9900 dB    U 99.9900 dB    V 99.9900 dB] [ET     4 ] [L0 ] [L1 ]
POC  503 TId: 0 ( I-SLICE, nQP 26 QP 26 )    2179472 bits [Y 99.9900 dB    U 99.9900 dB    V 99.9900 dB] [ET     3 ] [L0 ] [L1 ]
POC  504 TId: 0 ( I-SLICE, nQP 26 QP 26 )    2184560 bits [Y 99.9900 dB    U 99.9900 dB    V 99.9900 dB] [ET     3 ] [L0 ] [L1 ]
POC  505 TId: 0 ( I-SLICE, nQP 26 QP 26 )    2184000 bits [Y 99.9900 dB    U 99.9900 dB    V 99.9900 dB] [ET     3 ] [L0 ] [L1 ]
POC  506 TId: 0 ( I-SLICE, nQP 26 QP 26 )    2182512 bits [Y 99.9900 dB    U 99.9900 dB    V 99.9900 dB] [ET     3 ] [L0 ] [L1 ]
POC  507 TId: 0 ( I-SLICE, nQP 26 QP 26 )    2187200 bits [Y 99.9900 dB    U 99.9900 dB    V 99.9900 dB] [ET     3 ] [L0 ] [L1 ]
POC  508 TId: 0 ( I-SLICE, nQP 26 QP 26 )    2185824 bits [Y 99.9900 dB    U 99.9900 dB    V 99.9900 dB] [ET     3 ] [L0 ] [L1 ]
POC  509 TId: 0 ( I-SLICE, nQP 26 QP 26 )    2185992 bits [Y 99.9900 dB    U 99.9900 dB    V 99.9900 dB] [ET     3 ] [L0 ] [L1 ]
POC  510 TId: 0 ( I-SLICE, nQP 26 QP 26 )    2185976 bits [Y 99.9900 dB    U 99.9900 dB    V 99.9900 dB] [ET     3 ] [L0 ] [L1 ]
POC  511 TId: 0 ( I-SLICE, nQP 26 QP 26 )    2184368 bits [Y 99.9900 dB    U 99.9900 dB    V 99.9900 dB] [ET     3 ] [L0 ] [L1 ]
POC  512 TId: 0 ( I-SLICE, nQP 26 QP 26 )    2190120 bits [Y 99.9900 dB    U 99.9900 dB    V 99.9900 dB] [ET     3 ] [L0 ] [L1 ]
POC  513 TId: 0 ( I-SLICE, nQP 26 QP 26 )    2189440 bits [Y 99.9900 dB    U 99.9900 dB    V 99.9900 dB] [ET     3 ] [L0 ] [L1 ]
POC  514 TId: 0 ( I-SLICE, nQP 26 QP 26 )    2196024 bits [Y 99.9900 dB    U 99.9900 dB    V 99.9900 dB] [ET     3 ] [L0 ] [L1 ]
POC  515 TId: 0 ( I-SLICE, nQP 26 QP 26 )    2193656 bits [Y 99.9900 dB    U 99.9900 dB    V 99.9900 dB] [ET     3 ] [L0 ] [L1 ]
POC  516 TId: 0 ( I-SLICE, nQP 26 QP 26 )    2197512 bits [Y 99.9900 dB    U 99.9900 dB    V 99.9900 dB] [ET     3 ] [L0 ] [L1 ]
POC  517 TId: 0 ( I-SLICE, nQP 26 QP 26 )    2206936 bits [Y 99.9900 dB    U 99.9900 dB    V 99.9900 dB] [ET     3 ] [L0 ] [L1 ]
POC  518 TId: 0 ( I-SLICE, nQP 26 QP 26 )    2212568 bits [Y 99.9900 dB    U 99.9900 dB    V 99.9900 dB] [ET     3 ] [L0 ] [L1 ]
POC  519 TId: 0 ( I-SLICE, nQP 26 QP 26 )    2224728 bits [Y 99.9900 dB    U 99.9900 dB    V 99.9900 dB] [ET     3 ] [L0 ] [L1 ]
POC  520 TId: 0 ( I-SLICE, nQP 26 QP 26 )    2238584 bits [Y 99.9900 dB    U 99.9900 dB    V 99.9900 dB] [ET     3 ] [L0 ] [L1 ]
POC  521 TId: 0 ( I-SLICE, nQP 26 QP 26 )    2250824 bits [Y 99.9900 dB    U 99.9900 dB    V 99.9900 dB] [ET     3 ] [L0 ] [L1 ]
POC  522 TId: 0 ( I-SLICE, nQP 26 QP 26 )    2265224 bits [Y 99.9900 dB    U 99.9900 dB    V 99.9900 dB] [ET     3 ] [L0 ] [L1 ]
POC  523 TId: 0 ( I-SLICE, nQP 26 QP 26 )    2277976 bits [Y 99.9900 dB    U 99.9900 dB    V 99.9900 dB] [ET     3 ] [L0 ] [L1 ]
POC  524 TId: 0 ( I-SLICE, nQP 26 QP 26 )    2295136 bits [Y 99.9900 dB    U 99.9900 dB    V 99.9900 dB] [ET     3 ] [L0 ] [L1 ]
POC  525 TId: 0 ( I-SLICE, nQP 26 QP 26 )    2306664 bits [Y 99.9900 dB    U 99.9900 dB    V 99.9900 dB] [ET     3 ] [L0 ] [L1 ]
POC  526 TId: 0 ( I-SLICE, nQP 26 QP 26 )    2320920 bits [Y 99.9900 dB    U 99.9900 dB    V 99.9900 dB] [ET     3 ] [L0 ] [L1 ]
POC  527 TId: 0 ( I-SLICE, nQP 26 QP 26 )    2333064 bits [Y 99.9900 dB    U 99.9900 dB    V 99.9900 dB] [ET     3 ] [L0 ] [L1 ]
POC  528 TId: 0 ( I-SLICE, nQP 26 QP 26 )    2343952 bits [Y 99.9900 dB    U 99.9900 dB    V 99.9900 dB] [ET     3 ] [L0 ] [L1 ]
POC  529 TId: 0 ( I-SLICE, nQP 26 QP 26 )    2355192 bits [Y 99.9900 dB    U 99.9900 dB    V 99.9900 dB] [ET     4 ] [L0 ] [L1 ]
POC  530 TId: 0 ( I-SLICE, nQP 26 QP 26 )    2362456 bits [Y 99.9900 dB    U 99.9900 dB    V 99.9900 dB] [ET     3 ] [L0 ] [L1 ]
POC  531 TId: 0 ( I-SLICE, nQP 26 QP 26 )    2361400 bits [Y 99.9900 dB    U 99.9900 dB    V 99.9900 dB] [ET     4 ] [L0 ] [L1 ]
POC  532 TId: 0 ( I-SLICE, nQP 26 QP 26 )    2365600 bits [Y 99.9900 dB    U 99.9900 dB    V 99.9900 dB] [ET     3 ] [L0 ] [L1 ]
POC  533 TId: 0 ( I-SLICE, nQP 26 QP 26 )    2370520 bits [Y 99.9900 dB    U 99.9900 dB    V 99.9900 dB] [ET     3 ] [L0 ] [L1 ]
POC  534 TId: 0 ( I-SLICE, nQP 26 QP 26 )    2380936 bits [Y 99.9900 dB    U 99.9900 dB    V 99.9900 dB] [ET     3 ] [L0 ] [L1 ]
POC  535 TId: 0 ( I-SLICE, nQP 26 QP 26 )    2392792 bits [Y 99.9900 dB    U 99.9900 dB    V 99.9900 dB] [ET     3 ] [L0 ] [L1 ]
POC  536 TId: 0 ( I-SLICE, nQP 26 QP 26 )    2401792 bits [Y 99.9900 dB    U 99.9900 dB    V 99.9900 dB] [ET     4 ] [L0 ] [L1 ]
POC  537 TId: 0 ( I-SLICE, nQP 26 QP 26 )    2411808 bits [Y 99.9900 dB    U 99.9900 dB    V 99.9900 dB] [ET     3 ] [L0 ] [L1 ]
POC  538 TId: 0 ( I-SLICE, nQP 26 QP 26 )    2412912 bits [Y 99.9900 dB    U 99.9900 dB    V 99.9900 dB] [ET     3 ] [L0 ] [L1 ]
POC  539 TId: 0 ( I-SLICE, nQP 26 QP 26 )    2413608 bits [Y 99.9900 dB    U 99.9900 dB    V 99.9900 dB] [ET     3 ] [L0 ] [L1 ]
POC  540 TId: 0 ( I-SLICE, nQP 26 QP 26 )    2417704 bits [Y 99.9900 dB    U 99.9900 dB    V 99.9900 dB] [ET     3 ] [L0 ] [L1 ]
POC  541 TId: 0 ( I-SLICE, nQP 26 QP 26 )    2417424 bits [Y 99.9900 dB    U 99.9900 dB    V 99.9900 dB] [ET     3 ] [L0 ] [L1 ]
POC  542 TId: 0 ( I-SLICE, nQP 26 QP 26 )    2415480 bits [Y 99.9900 dB    U 99.9900 dB    V 99.9900 dB] [ET     4 ] [L0 ] [L1 ]
POC  543 TId: 0 ( I-SLICE, nQP 26 QP 26 )    2409696 bits [Y 99.9900 dB    U 99.9900 dB    V 99.9900 dB] [ET     3 ] [L0 ] [L1 ]
POC  544 TId: 0 ( I-SLICE, nQP 26 QP 26 )    2403448 bits [Y 99.9900 dB    U 99.9900 dB    V 99.9900 dB] [ET     3 ] [L0 ] [L1 ]
POC  545 TId: 0 ( I-SLICE, nQP 26 QP 26 )    2408168 bits [Y 99.9900 dB    U 99.9900 dB    V 99.9900 dB] [ET     3 ] [L0 ] [L1 ]
POC  546 TId: 0 ( I-SLICE, nQP 26 QP 26 )    2409976 bits [Y 99.9900 dB    U 99.9900 dB    V 99.9900 dB] [ET     3 ] [L0 ] [L1 ]
POC  547 TId: 0 ( I-SLICE, nQP 26 QP 26 )    2408472 bits [Y 99.9900 dB    U 99.9900 dB    V 99.9900 dB] [ET     3 ] [L0 ] [L1 ]
POC  548 TId: 0 ( I-SLICE, nQP 26 QP 26 )    2407008 bits [Y 99.9900 dB    U 99.9900 dB    V 99.9900 dB] [ET     3 ] [L0 ] [L1 ]
POC  549 TId: 0 ( I-SLICE, nQP 26 QP 26 )    2408872 bits [Y 99.9900 dB    U 99.9900 dB    V 99.9900 dB] [ET     3 ] [L0 ] [L1 ]
POC  550 TId: 0 ( I-SLICE, nQP 26 QP 26 )    2411936 bits [Y 99.9900 dB    U 99.9900 dB    V 99.9900 dB] [ET     4 ] [L0 ] [L1 ]
POC  551 TId: 0 ( I-SLICE, nQP 26 QP 26 )    2411048 bits [Y 99.9900 dB    U 99.9900 dB    V 99.9900 dB] [ET     3 ] [L0 ] [L1 ]
POC  552 TId: 0 ( I-SLICE, nQP 26 QP 26 )    2413024 bits [Y 99.9900 dB    U 99.9900 dB    V 99.9900 dB] [ET     4 ] [L0 ] [L1 ]
POC  553 TId: 0 ( I-SLICE, nQP 26 QP 26 )    2416512 bits [Y 99.9900 dB    U 99.9900 dB    V 99.9900 dB] [ET     3 ] [L0 ] [L1 ]
POC  554 TId: 0 ( I-SLICE, nQP 26 QP 26 )    2417400 bits [Y 99.9900 dB    U 99.9900 dB    V 99.9900 dB] [ET     3 ] [L0 ] [L1 ]
POC  555 TId: 0 ( I-SLICE, nQP 26 QP 26 )    2418144 bits [Y 99.9900 dB    U 99.9900 dB    V 99.9900 dB] [ET     3 ] [L0 ] [L1 ]
POC  556 TId: 0 ( I-SLICE, nQP 26 QP 26 )    2417976 bits [Y 99.9900 dB    U 99.9900 dB    V 99.9900 dB] [ET     3 ] [L0 ] [L1 ]
POC  557 TId: 0 ( I-SLICE, nQP 26 QP 26 )    2418168 bits [Y 99.9900 dB    U 99.9900 dB    V 99.9900 dB] [ET     3 ] [L0 ] [L1 ]
POC  558 TId: 0 ( I-SLICE, nQP 26 QP 26 )    2419616 bits [Y 99.9900 dB    U 99.9900 dB    V 99.9900 dB] [ET     3 ] [L0 ] [L1 ]
POC  559 TId: 0 ( I-SLICE, nQP 26 QP 26 )    2421848 bits [Y 99.9900 dB    U 99.9900 dB    V 99.9900 dB] [ET     3 ] [L0 ] [L1 ]
POC  560 TId: 0 ( I-SLICE, nQP 26 QP 26 )    2420144 bits [Y 99.9900 dB    U 99.9900 dB    V 99.9900 dB] [ET     3 ] [L0 ] [L1 ]
POC  561 TId: 0 ( I-SLICE, nQP 26 QP 26 )    2421672 bits [Y 99.9900 dB    U 99.9900 dB    V 99.9900 dB] [ET     3 ] [L0 ] [L1 ]
POC  562 TId: 0 ( I-SLICE, nQP 26 QP 26 )    2423912 bits [Y 99.9900 dB    U 99.9900 dB    V 99.9900 dB] [ET     4 ] [L0 ] [L1 ]
POC  563 TId: 0 ( I-SLICE, nQP 26 QP 26 )    2422936 bits [Y 99.9900 dB    U 99.9900 dB    V 99.9900 dB] [ET     3 ] [L0 ] [L1 ]
POC  564 TId: 0 ( I-SLICE, nQP 26 QP 26 )    2425440 bits [Y 99.9900 dB    U 99.9900 dB    V 99.9900 dB] [ET     3 ] [L0 ] [L1 ]
POC  565 TId: 0 ( I-SLICE, nQP 26 QP 26 )    2425920 bits [Y 99.9900 dB    U 99.9900 dB    V 99.9900 dB] [ET     4 ] [L0 ] [L1 ]
POC  566 TId: 0 ( I-SLICE, nQP 26 QP 26 )    2422776 bits [Y 99.9900 dB    U 99.9900 dB    V 99.9900 dB] [ET     3 ] [L0 ] [L1 ]
POC  567 TId: 0 ( I-SLICE, nQP 26 QP 26 )    2428168 bits [Y 99.9900 dB    U 99.9900 dB    V 99.9900 dB] [ET     3 ] [L0 ] [L1 ]
POC  568 TId: 0 ( I-SLICE, nQP 26 QP 26 )    2430480 bits [Y 99.9900 dB    U 99.9900 dB    V 99.9900 dB] [ET     3 ] [L0 ] [L1 ]
POC  569 TId: 0 ( I-SLICE, nQP 26 QP 26 )    2428328 bits [Y 99.9900 dB    U 99.9900 dB    V 99.9900 dB] [ET     3 ] [L0 ] [L1 ]
POC  570 TId: 0 ( I-SLICE, nQP 26 QP 26 )    2427376 bits [Y 99.9900 dB    U 99.9900 dB    V 99.9900 dB] [ET     3 ] [L0 ] [L1 ]
POC  571 TId: 0 ( I-SLICE, nQP 26 QP 26 )    2427784 bits [Y 99.9900 dB    U 99.9900 dB    V 99.9900 dB] [ET     3 ] [L0 ] [L1 ]
POC  572 TId: 0 ( I-SLICE, nQP 26 QP 26 )    2426592 bits [Y 99.9900 dB    U 99.9900 dB    V 99.9900 dB] [ET     3 ] [L0 ] [L1 ]
POC  573 TId: 0 ( I-SLICE, nQP 26 QP 26 )    2427232 bits [Y 99.9900 dB    U 99.9900 dB    V 99.9900 dB] [ET     4 ] [L0 ] [L1 ]
POC  574 TId: 0 ( I-SLICE, nQP 26 QP 26 )    2424896 bits [Y 99.9900 dB    U 99.9900 dB    V 99.9900 dB] [ET     3 ] [L0 ] [L1 ]
POC  575 TId: 0 ( I-SLICE, nQP 26 QP 26 )    2423408 bits [Y 99.9900 dB    U 99.9900 dB    V 99.9900 dB] [ET     3 ] [L0 ] [L1 ]
POC  576 TId: 0 ( I-SLICE, nQP 26 QP 26 )    2418248 bits [Y 99.9900 dB    U 99.9900 dB    V 99.9900 dB] [ET     3 ] [L0 ] [L1 ]
POC  577 TId: 0 ( I-SLICE, nQP 26 QP 26 )    2421176 bits [Y 99.9900 dB    U 99.9900 dB    V 99.9900 dB] [ET     3 ] [L0 ] [L1 ]
POC  578 TId: 0 ( I-SLICE, nQP 26 QP 26 )    2421600 bits [Y 99.9900 dB    U 99.9900 dB    V 99.9900 dB] [ET     4 ] [L0 ] [L1 ]
POC  579 TId: 0 ( I-SLICE, nQP 26 QP 26 )    2419768 bits [Y 99.9900 dB    U 99.9900 dB    V 99.9900 dB] [ET     3 ] [L0 ] [L1 ]
POC  580 TId: 0 ( I-SLICE, nQP 26 QP 26 )    2424072 bits [Y 99.9900 dB    U 99.9900 dB    V 99.9900 dB] [ET     3 ] [L0 ] [L1 ]
POC  581 TId: 0 ( I-SLICE, nQP 26 QP 26 )    2427152 bits [Y 99.9900 dB    U 99.9900 dB    V 99.9900 dB] [ET     4 ] [L0 ] [L1 ]
POC  582 TId: 0 ( I-SLICE, nQP 26 QP 26 )    2421800 bits [Y 99.9900 dB    U 99.9900 dB    V 99.9900 dB] [ET     4 ] [L0 ] [L1 ]
POC  583 TId: 0 ( I-SLICE, nQP 26 QP 26 )    2416320 bits [Y 99.9900 dB    U 99.9900 dB    V 99.9900 dB] [ET     4 ] [L0 ] [L1 ]
POC  584 TId: 0 ( I-SLICE, nQP 26 QP 26 )    2410064 bits [Y 99.9900 dB    U 99.9900 dB    V 99.9900 dB] [ET     3 ] [L0 ] [L1 ]
POC  585 TId: 0 ( I-SLICE, nQP 26 QP 26 )    2410960 bits [Y 99.9900 dB    U 99.9900 dB    V 99.9900 dB] [ET     4 ] [L0 ] [L1 ]
POC  586 TId: 0 ( I-SLICE, nQP 26 QP 26 )    2410504 bits [Y 99.9900 dB    U 99.9900 dB    V 99.9900 dB] [ET     3 ] [L0 ] [L1 ]
POC  587 TId: 0 ( I-SLICE, nQP 26 QP 26 )    2401224 bits [Y 99.9900 dB    U 99.9900 dB    V 99.9900 dB] [ET     4 ] [L0 ] [L1 ]
POC  588 TId: 0 ( I-SLICE, nQP 26 QP 26 )    2399368 bits [Y 99.9900 dB    U 99.9900 dB    V 99.9900 dB] [ET     3 ] [L0 ] [L1 ]
POC  589 TId: 0 ( I-SLICE, nQP 26 QP 26 )    2397608 bits [Y 99.9900 dB    U 99.9900 dB    V 99.9900 dB] [ET     3 ] [L0 ] [L1 ]
POC  590 TId: 0 ( I-SLICE, nQP 26 QP 26 )    2395496 bits [Y 99.9900 dB    U 99.9900 dB    V 99.9900 dB] [ET     3 ] [L0 ] [L1 ]
POC  591 TId: 0 ( I-SLICE, nQP 26 QP 26 )    2397328 bits [Y 99.9900 dB    U 99.9900 dB    V 99.9900 dB] [ET     3 ] [L0 ] [L1 ]
POC  592 TId: 0 ( I-SLICE, nQP 26 QP 26 )    2392072 bits [Y 99.9900 dB    U 99.9900 dB    V 99.9900 dB] [ET     3 ] [L0 ] [L1 ]
POC  593 TId: 0 ( I-SLICE, nQP 26 QP 26 )    2387144 bits [Y 99.9900 dB    U 99.9900 dB    V 99.9900 dB] [ET     3 ] [L0 ] [L1 ]
POC  594 TId: 0 ( I-SLICE, nQP 26 QP 26 )    2385912 bits [Y 99.9900 dB    U 99.9900 dB    V 99.9900 dB] [ET     3 ] [L0 ] [L1 ]
POC  595 TId: 0 ( I-SLICE, nQP 26 QP 26 )    2383824 bits [Y 99.9900 dB    U 99.9900 dB    V 99.9900 dB] [ET     3 ] [L0 ] [L1 ]
POC  596 TId: 0 ( I-SLICE, nQP 26 QP 26 )    2383184 bits [Y 99.9900 dB    U 99.9900 dB    V 99.9900 dB] [ET     3 ] [L0 ] [L1 ]
POC  597 TId: 0 ( I-SLICE, nQP 26 QP 26 )    2380680 bits [Y 99.9900 dB    U 99.9900 dB    V 99.9900 dB] [ET     3 ] [L0 ] [L1 ]
POC  598 TId: 0 ( I-SLICE, nQP 26 QP 26 )    2378544 bits [Y 99.9900 dB    U 99.9900 dB    V 99.9900 dB] [ET     3 ] [L0 ] [L1 ]
POC  599 TId: 0 ( I-SLICE, nQP 26 QP 26 )    2377696 bits [Y 99.9900 dB    U 99.9900 dB    V 99.9900 dB] [ET     3 ] [L0 ] [L1 ]


SUMMARY --------------------------------------------------------
	Total Frames |  Bitrate    Y-PSNR    U-PSNR    V-PSNR 
	      600    a 137505.8704   99.9900   99.9900   99.9900


I Slices--------------------------------------------------------
	Total Frames |  Bitrate    Y-PSNR    U-PSNR    V-PSNR 
	      600    i 137505.8704   99.9900   99.9900   99.9900


P Slices--------------------------------------------------------
	Total Frames |  Bitrate    Y-PSNR    U-PSNR    V-PSNR 
	        0    p        -nan      -nan      -nan      -nan


B Slices--------------------------------------------------------
	Total Frames |  Bitrate    Y-PSNR    U-PSNR    V-PSNR 
	        0    b        -nan      -nan      -nan      -nan

RVM: 0.000
Bytes written to file: 171884749 (137507.799 kbps)

 Total Time:     2055.219 sec.
