
HM software: Encoder Version [15.0][Linux][GCC 4.8.5][64 bit] 

Input          File          : ../../HEVC_test_sequence/ClassC/BQMall_832x480_60.yuv
Bitstream      File          : BQMall.bin
Reconstruction File          : BQMall.yuv
Real     Format              : 832x480 60Hz
Internal Format              : 832x480 60Hz
Frame/Field                  : Frame based coding
Frame index                  : 0 - 599 (600 frames)
CU size / depth              : 64 / 4
RQT trans. size (min / max)  : 4 / 32
Max RQT depth inter          : 3
Max RQT depth intra          : 3
Min PCM size                 : 8
Motion search range          : 64
Intra period                 : 1
Decoding refresh type        : 0
QP                           : 26.00
Max dQP signaling depth      : 0
Cb QP Offset                 : 0
Cr QP Offset                 : 0
QP adaptation                : 0 (range=0)
GOP size                     : 1
Internal bit depth           : (Y:8, C:8)
PCM sample bit depth         : (Y:8, C:8)
RateControl                  : 0
Max Num Merge Candidates     : 5

TOOL CFG: IBD:0 HAD:0 RDQ:0 RDQTS:0 RDpenalty:0 SQP:0 ASR:0 FEN:0 ECU:0 FDM:0 CFM:0 ESD:0 RQT:1 TransformSkip:0 TransformSkipFast:0 Slice: M=0 SliceSegment: M=0 CIP:0 SAO:0 PCM:0 TransQuantBypassEnabled: =1 WPP:0 WPB:0 PME:2  WaveFrontSynchro:0 WaveFrontSubstreams:1 ScalingList:0 TMVPMode:1 AQpS:0 SignBitHidingFlag:1 RecalQP:0

POC    0 TId: 0 ( I-SLICE, nQP 26 QP 26 )    2353336 bits [Y 99.9900 dB    U 99.9900 dB    V 99.9900 dB] [ET     4 ] [L0 ] [L1 ]
POC    1 TId: 0 ( I-SLICE, nQP 26 QP 26 )    2349944 bits [Y 99.9900 dB    U 99.9900 dB    V 99.9900 dB] [ET     4 ] [L0 ] [L1 ]
POC    2 TId: 0 ( I-SLICE, nQP 26 QP 26 )    2350272 bits [Y 99.9900 dB    U 99.9900 dB    V 99.9900 dB] [ET     4 ] [L0 ] [L1 ]
POC    3 TId: 0 ( I-SLICE, nQP 26 QP 26 )    2350120 bits [Y 99.9900 dB    U 99.9900 dB    V 99.9900 dB] [ET     4 ] [L0 ] [L1 ]
POC    4 TId: 0 ( I-SLICE, nQP 26 QP 26 )    2347968 bits [Y 99.9900 dB    U 99.9900 dB    V 99.9900 dB] [ET     4 ] [L0 ] [L1 ]
POC    5 TId: 0 ( I-SLICE, nQP 26 QP 26 )    2346672 bits [Y 99.9900 dB    U 99.9900 dB    V 99.9900 dB] [ET     4 ] [L0 ] [L1 ]
POC    6 TId: 0 ( I-SLICE, nQP 26 QP 26 )    2344536 bits [Y 99.9900 dB    U 99.9900 dB    V 99.9900 dB] [ET     4 ] [L0 ] [L1 ]
POC    7 TId: 0 ( I-SLICE, nQP 26 QP 26 )    2345576 bits [Y 99.9900 dB    U 99.9900 dB    V 99.9900 dB] [ET     4 ] [L0 ] [L1 ]
POC    8 TId: 0 ( I-SLICE, nQP 26 QP 26 )    2343272 bits [Y 99.9900 dB    U 99.9900 dB    V 99.9900 dB] [ET     4 ] [L0 ] [L1 ]
POC    9 TId: 0 ( I-SLICE, nQP 26 QP 26 )    2341168 bits [Y 99.9900 dB    U 99.9900 dB    V 99.9900 dB] [ET     4 ] [L0 ] [L1 ]
POC   10 TId: 0 ( I-SLICE, nQP 26 QP 26 )    2341048 bits [Y 99.9900 dB    U 99.9900 dB    V 99.9900 dB] [ET     4 ] [L0 ] [L1 ]
POC   11 TId: 0 ( I-SLICE, nQP 26 QP 26 )    2343552 bits [Y 99.9900 dB    U 99.9900 dB    V 99.9900 dB] [ET     4 ] [L0 ] [L1 ]
POC   12 TId: 0 ( I-SLICE, nQP 26 QP 26 )    2340112 bits [Y 99.9900 dB    U 99.9900 dB    V 99.9900 dB] [ET     4 ] [L0 ] [L1 ]
POC   13 TId: 0 ( I-SLICE, nQP 26 QP 26 )    2343280 bits [Y 99.9900 dB    U 99.9900 dB    V 99.9900 dB] [ET     4 ] [L0 ] [L1 ]
POC   14 TId: 0 ( I-SLICE, nQP 26 QP 26 )    2344648 bits [Y 99.9900 dB    U 99.9900 dB    V 99.9900 dB] [ET     4 ] [L0 ] [L1 ]
POC   15 TId: 0 ( I-SLICE, nQP 26 QP 26 )    2345648 bits [Y 99.9900 dB    U 99.9900 dB    V 99.9900 dB] [ET     4 ] [L0 ] [L1 ]
POC   16 TId: 0 ( I-SLICE, nQP 26 QP 26 )    2349584 bits [Y 99.9900 dB    U 99.9900 dB    V 99.9900 dB] [ET     4 ] [L0 ] [L1 ]
POC   17 TId: 0 ( I-SLICE, nQP 26 QP 26 )    2350528 bits [Y 99.9900 dB    U 99.9900 dB    V 99.9900 dB] [ET     4 ] [L0 ] [L1 ]
POC   18 TId: 0 ( I-SLICE, nQP 26 QP 26 )    2349872 bits [Y 99.9900 dB    U 99.9900 dB    V 99.9900 dB] [ET     4 ] [L0 ] [L1 ]
POC   19 TId: 0 ( I-SLICE, nQP 26 QP 26 )    2348000 bits [Y 99.9900 dB    U 99.9900 dB    V 99.9900 dB] [ET     4 ] [L0 ] [L1 ]
POC   20 TId: 0 ( I-SLICE, nQP 26 QP 26 )    2346744 bits [Y 99.9900 dB    U 99.9900 dB    V 99.9900 dB] [ET     4 ] [L0 ] [L1 ]
POC   21 TId: 0 ( I-SLICE, nQP 26 QP 26 )    2350176 bits [Y 99.9900 dB    U 99.9900 dB    V 99.9900 dB] [ET     4 ] [L0 ] [L1 ]
POC   22 TId: 0 ( I-SLICE, nQP 26 QP 26 )    2354528 bits [Y 99.9900 dB    U 99.9900 dB    V 99.9900 dB] [ET     3 ] [L0 ] [L1 ]
POC   23 TId: 0 ( I-SLICE, nQP 26 QP 26 )    2359192 bits [Y 99.9900 dB    U 99.9900 dB    V 99.9900 dB] [ET     4 ] [L0 ] [L1 ]
POC   24 TId: 0 ( I-SLICE, nQP 26 QP 26 )    2360816 bits [Y 99.9900 dB    U 99.9900 dB    V 99.9900 dB] [ET     4 ] [L0 ] [L1 ]
POC   25 TId: 0 ( I-SLICE, nQP 26 QP 26 )    2360288 bits [Y 99.9900 dB    U 99.9900 dB    V 99.9900 dB] [ET     4 ] [L0 ] [L1 ]
POC   26 TId: 0 ( I-SLICE, nQP 26 QP 26 )    2361512 bits [Y 99.9900 dB    U 99.9900 dB    V 99.9900 dB] [ET     4 ] [L0 ] [L1 ]
POC   27 TId: 0 ( I-SLICE, nQP 26 QP 26 )    2367952 bits [Y 99.9900 dB    U 99.9900 dB    V 99.9900 dB] [ET     4 ] [L0 ] [L1 ]
POC   28 TId: 0 ( I-SLICE, nQP 26 QP 26 )    2374240 bits [Y 99.9900 dB    U 99.9900 dB    V 99.9900 dB] [ET     4 ] [L0 ] [L1 ]
POC   29 TId: 0 ( I-SLICE, nQP 26 QP 26 )    2373808 bits [Y 99.9900 dB    U 99.9900 dB    V 99.9900 dB] [ET     4 ] [L0 ] [L1 ]
POC   30 TId: 0 ( I-SLICE, nQP 26 QP 26 )    2372720 bits [Y 99.9900 dB    U 99.9900 dB    V 99.9900 dB] [ET     4 ] [L0 ] [L1 ]
POC   31 TId: 0 ( I-SLICE, nQP 26 QP 26 )    2369480 bits [Y 99.9900 dB    U 99.9900 dB    V 99.9900 dB] [ET     4 ] [L0 ] [L1 ]
POC   32 TId: 0 ( I-SLICE, nQP 26 QP 26 )    2363632 bits [Y 99.9900 dB    U 99.9900 dB    V 99.9900 dB] [ET     4 ] [L0 ] [L1 ]
POC   33 TId: 0 ( I-SLICE, nQP 26 QP 26 )    2361304 bits [Y 99.9900 dB    U 99.9900 dB    V 99.9900 dB] [ET     4 ] [L0 ] [L1 ]
POC   34 TId: 0 ( I-SLICE, nQP 26 QP 26 )    2361480 bits [Y 99.9900 dB    U 99.9900 dB    V 99.9900 dB] [ET     4 ] [L0 ] [L1 ]
POC   35 TId: 0 ( I-SLICE, nQP 26 QP 26 )    2360024 bits [Y 99.9900 dB    U 99.9900 dB    V 99.9900 dB] [ET     4 ] [L0 ] [L1 ]
POC   36 TId: 0 ( I-SLICE, nQP 26 QP 26 )    2358544 bits [Y 99.9900 dB    U 99.9900 dB    V 99.9900 dB] [ET     4 ] [L0 ] [L1 ]
POC   37 TId: 0 ( I-SLICE, nQP 26 QP 26 )    2363280 bits [Y 99.9900 dB    U 99.9900 dB    V 99.9900 dB] [ET     4 ] [L0 ] [L1 ]
POC   38 TId: 0 ( I-SLICE, nQP 26 QP 26 )    2368384 bits [Y 99.9900 dB    U 99.9900 dB    V 99.9900 dB] [ET     4 ] [L0 ] [L1 ]
POC   39 TId: 0 ( I-SLICE, nQP 26 QP 26 )    2381808 bits [Y 99.9900 dB    U 99.9900 dB    V 99.9900 dB] [ET     4 ] [L0 ] [L1 ]
POC   40 TId: 0 ( I-SLICE, nQP 26 QP 26 )    2386760 bits [Y 99.9900 dB    U 99.9900 dB    V 99.9900 dB] [ET     4 ] [L0 ] [L1 ]
POC   41 TId: 0 ( I-SLICE, nQP 26 QP 26 )    2394456 bits [Y 99.9900 dB    U 99.9900 dB    V 99.9900 dB] [ET     4 ] [L0 ] [L1 ]
POC   42 TId: 0 ( I-SLICE, nQP 26 QP 26 )    2395800 bits [Y 99.9900 dB    U 99.9900 dB    V 99.9900 dB] [ET     4 ] [L0 ] [L1 ]
POC   43 TId: 0 ( I-SLICE, nQP 26 QP 26 )    2399984 bits [Y 99.9900 dB    U 99.9900 dB    V 99.9900 dB] [ET     4 ] [L0 ] [L1 ]
POC   44 TId: 0 ( I-SLICE, nQP 26 QP 26 )    2405464 bits [Y 99.9900 dB    U 99.9900 dB    V 99.9900 dB] [ET     4 ] [L0 ] [L1 ]
POC   45 TId: 0 ( I-SLICE, nQP 26 QP 26 )    2405296 bits [Y 99.9900 dB    U 99.9900 dB    V 99.9900 dB] [ET     4 ] [L0 ] [L1 ]
POC   46 TId: 0 ( I-SLICE, nQP 26 QP 26 )    2402840 bits [Y 99.9900 dB    U 99.9900 dB    V 99.9900 dB] [ET     4 ] [L0 ] [L1 ]
POC   47 TId: 0 ( I-SLICE, nQP 26 QP 26 )    2403520 bits [Y 99.9900 dB    U 99.9900 dB    V 99.9900 dB] [ET     4 ] [L0 ] [L1 ]
POC   48 TId: 0 ( I-SLICE, nQP 26 QP 26 )    2390008 bits [Y 99.9900 dB    U 99.9900 dB    V 99.9900 dB] [ET     4 ] [L0 ] [L1 ]
POC   49 TId: 0 ( I-SLICE, nQP 26 QP 26 )    2388904 bits [Y 99.9900 dB    U 99.9900 dB    V 99.9900 dB] [ET     4 ] [L0 ] [L1 ]
POC   50 TId: 0 ( I-SLICE, nQP 26 QP 26 )    2386976 bits [Y 99.9900 dB    U 99.9900 dB    V 99.9900 dB] [ET     4 ] [L0 ] [L1 ]
POC   51 TId: 0 ( I-SLICE, nQP 26 QP 26 )    2383448 bits [Y 99.9900 dB    U 99.9900 dB    V 99.9900 dB] [ET     3 ] [L0 ] [L1 ]
POC   52 TId: 0 ( I-SLICE, nQP 26 QP 26 )    2374960 bits [Y 99.9900 dB    U 99.9900 dB    V 99.9900 dB] [ET     4 ] [L0 ] [L1 ]
POC   53 TId: 0 ( I-SLICE, nQP 26 QP 26 )    2369136 bits [Y 99.9900 dB    U 99.9900 dB    V 99.9900 dB] [ET     4 ] [L0 ] [L1 ]
POC   54 TId: 0 ( I-SLICE, nQP 26 QP 26 )    2357992 bits [Y 99.9900 dB    U 99.9900 dB    V 99.9900 dB] [ET     4 ] [L0 ] [L1 ]
POC   55 TId: 0 ( I-SLICE, nQP 26 QP 26 )    2348928 bits [Y 99.9900 dB    U 99.9900 dB    V 99.9900 dB] [ET     4 ] [L0 ] [L1 ]
POC   56 TId: 0 ( I-SLICE, nQP 26 QP 26 )    2339424 bits [Y 99.9900 dB    U 99.9900 dB    V 99.9900 dB] [ET     4 ] [L0 ] [L1 ]
POC   57 TId: 0 ( I-SLICE, nQP 26 QP 26 )    2333232 bits [Y 99.9900 dB    U 99.9900 dB    V 99.9900 dB] [ET     4 ] [L0 ] [L1 ]
POC   58 TId: 0 ( I-SLICE, nQP 26 QP 26 )    2329104 bits [Y 99.9900 dB    U 99.9900 dB    V 99.9900 dB] [ET     4 ] [L0 ] [L1 ]
POC   59 TId: 0 ( I-SLICE, nQP 26 QP 26 )    2326168 bits [Y 99.9900 dB    U 99.9900 dB    V 99.9900 dB] [ET     4 ] [L0 ] [L1 ]
POC   60 TId: 0 ( I-SLICE, nQP 26 QP 26 )    2327280 bits [Y 99.9900 dB    U 99.9900 dB    V 99.9900 dB] [ET     4 ] [L0 ] [L1 ]
POC   61 TId: 0 ( I-SLICE, nQP 26 QP 26 )    2325312 bits [Y 99.9900 dB    U 99.9900 dB    V 99.9900 dB] [ET     4 ] [L0 ] [L1 ]
POC   62 TId: 0 ( I-SLICE, nQP 26 QP 26 )    2322992 bits [Y 99.9900 dB    U 99.9900 dB    V 99.9900 dB] [ET     4 ] [L0 ] [L1 ]
POC   63 TId: 0 ( I-SLICE, nQP 26 QP 26 )    2322264 bits [Y 99.9900 dB    U 99.9900 dB    V 99.9900 dB] [ET     4 ] [L0 ] [L1 ]
POC   64 TId: 0 ( I-SLICE, nQP 26 QP 26 )    2325512 bits [Y 99.9900 dB    U 99.9900 dB    V 99.9900 dB] [ET     3 ] [L0 ] [L1 ]
POC   65 TId: 0 ( I-SLICE, nQP 26 QP 26 )    2331728 bits [Y 99.9900 dB    U 99.9900 dB    V 99.9900 dB] [ET     4 ] [L0 ] [L1 ]
POC   66 TId: 0 ( I-SLICE, nQP 26 QP 26 )    2332712 bits [Y 99.9900 dB    U 99.9900 dB    V 99.9900 dB] [ET     4 ] [L0 ] [L1 ]
POC   67 TId: 0 ( I-SLICE, nQP 26 QP 26 )    2336912 bits [Y 99.9900 dB    U 99.9900 dB    V 99.9900 dB] [ET     4 ] [L0 ] [L1 ]
POC   68 TId: 0 ( I-SLICE, nQP 26 QP 26 )    2335256 bits [Y 99.9900 dB    U 99.9900 dB    V 99.9900 dB] [ET     4 ] [L0 ] [L1 ]
POC   69 TId: 0 ( I-SLICE, nQP 26 QP 26 )    2333280 bits [Y 99.9900 dB    U 99.9900 dB    V 99.9900 dB] [ET     4 ] [L0 ] [L1 ]
POC   70 TId: 0 ( I-SLICE, nQP 26 QP 26 )    2336344 bits [Y 99.9900 dB    U 99.9900 dB    V 99.9900 dB] [ET     4 ] [L0 ] [L1 ]
POC   71 TId: 0 ( I-SLICE, nQP 26 QP 26 )    2336120 bits [Y 99.9900 dB    U 99.9900 dB    V 99.9900 dB] [ET     4 ] [L0 ] [L1 ]
POC   72 TId: 0 ( I-SLICE, nQP 26 QP 26 )    2335752 bits [Y 99.9900 dB    U 99.9900 dB    V 99.9900 dB] [ET     4 ] [L0 ] [L1 ]
POC   73 TId: 0 ( I-SLICE, nQP 26 QP 26 )    2341984 bits [Y 99.9900 dB    U 99.9900 dB    V 99.9900 dB] [ET     3 ] [L0 ] [L1 ]
POC   74 TId: 0 ( I-SLICE, nQP 26 QP 26 )    2351024 bits [Y 99.9900 dB    U 99.9900 dB    V 99.9900 dB] [ET     4 ] [L0 ] [L1 ]
POC   75 TId: 0 ( I-SLICE, nQP 26 QP 26 )    2343896 bits [Y 99.9900 dB    U 99.9900 dB    V 99.9900 dB] [ET     4 ] [L0 ] [L1 ]
POC   76 TId: 0 ( I-SLICE, nQP 26 QP 26 )    2339432 bits [Y 99.9900 dB    U 99.9900 dB    V 99.9900 dB] [ET     4 ] [L0 ] [L1 ]
POC   77 TId: 0 ( I-SLICE, nQP 26 QP 26 )    2335624 bits [Y 99.9900 dB    U 99.9900 dB    V 99.9900 dB] [ET     4 ] [L0 ] [L1 ]
POC   78 TId: 0 ( I-SLICE, nQP 26 QP 26 )    2330000 bits [Y 99.9900 dB    U 99.9900 dB    V 99.9900 dB] [ET     4 ] [L0 ] [L1 ]
POC   79 TId: 0 ( I-SLICE, nQP 26 QP 26 )    2325304 bits [Y 99.9900 dB    U 99.9900 dB    V 99.9900 dB] [ET     4 ] [L0 ] [L1 ]
POC   80 TId: 0 ( I-SLICE, nQP 26 QP 26 )    2316416 bits [Y 99.9900 dB    U 99.9900 dB    V 99.9900 dB] [ET     4 ] [L0 ] [L1 ]
POC   81 TId: 0 ( I-SLICE, nQP 26 QP 26 )    2307496 bits [Y 99.9900 dB    U 99.9900 dB    V 99.9900 dB] [ET     4 ] [L0 ] [L1 ]
POC   82 TId: 0 ( I-SLICE, nQP 26 QP 26 )    2297088 bits [Y 99.9900 dB    U 99.9900 dB    V 99.9900 dB] [ET     4 ] [L0 ] [L1 ]
POC   83 TId: 0 ( I-SLICE, nQP 26 QP 26 )    2294192 bits [Y 99.9900 dB    U 99.9900 dB    V 99.9900 dB] [ET     4 ] [L0 ] [L1 ]
POC   84 TId: 0 ( I-SLICE, nQP 26 QP 26 )    2282128 bits [Y 99.9900 dB    U 99.9900 dB    V 99.9900 dB] [ET     4 ] [L0 ] [L1 ]
POC   85 TId: 0 ( I-SLICE, nQP 26 QP 26 )    2281728 bits [Y 99.9900 dB    U 99.9900 dB    V 99.9900 dB] [ET     4 ] [L0 ] [L1 ]
POC   86 TId: 0 ( I-SLICE, nQP 26 QP 26 )    2279200 bits [Y 99.9900 dB    U 99.9900 dB    V 99.9900 dB] [ET     4 ] [L0 ] [L1 ]
POC   87 TId: 0 ( I-SLICE, nQP 26 QP 26 )    2278776 bits [Y 99.9900 dB    U 99.9900 dB    V 99.9900 dB] [ET     4 ] [L0 ] [L1 ]
POC   88 TId: 0 ( I-SLICE, nQP 26 QP 26 )    2283440 bits [Y 99.9900 dB    U 99.9900 dB    V 99.9900 dB] [ET     4 ] [L0 ] [L1 ]
POC   89 TId: 0 ( I-SLICE, nQP 26 QP 26 )    2289624 bits [Y 99.9900 dB    U 99.9900 dB    V 99.9900 dB] [ET     4 ] [L0 ] [L1 ]
POC   90 TId: 0 ( I-SLICE, nQP 26 QP 26 )    2288104 bits [Y 99.9900 dB    U 99.9900 dB    V 99.9900 dB] [ET     4 ] [L0 ] [L1 ]
POC   91 TId: 0 ( I-SLICE, nQP 26 QP 26 )    2285856 bits [Y 99.9900 dB    U 99.9900 dB    V 99.9900 dB] [ET     4 ] [L0 ] [L1 ]
POC   92 TId: 0 ( I-SLICE, nQP 26 QP 26 )    2289152 bits [Y 99.9900 dB    U 99.9900 dB    V 99.9900 dB] [ET     4 ] [L0 ] [L1 ]
POC   93 TId: 0 ( I-SLICE, nQP 26 QP 26 )    2289720 bits [Y 99.9900 dB    U 99.9900 dB    V 99.9900 dB] [ET     4 ] [L0 ] [L1 ]
POC   94 TId: 0 ( I-SLICE, nQP 26 QP 26 )    2294584 bits [Y 99.9900 dB    U 99.9900 dB    V 99.9900 dB] [ET     4 ] [L0 ] [L1 ]
POC   95 TId: 0 ( I-SLICE, nQP 26 QP 26 )    2297776 bits [Y 99.9900 dB    U 99.9900 dB    V 99.9900 dB] [ET     4 ] [L0 ] [L1 ]
POC   96 TId: 0 ( I-SLICE, nQP 26 QP 26 )    2299816 bits [Y 99.9900 dB    U 99.9900 dB    V 99.9900 dB] [ET     4 ] [L0 ] [L1 ]
POC   97 TId: 0 ( I-SLICE, nQP 26 QP 26 )    2306088 bits [Y 99.9900 dB    U 99.9900 dB    V 99.9900 dB] [ET     4 ] [L0 ] [L1 ]
POC   98 TId: 0 ( I-SLICE, nQP 26 QP 26 )    2308872 bits [Y 99.9900 dB    U 99.9900 dB    V 99.9900 dB] [ET     3 ] [L0 ] [L1 ]
POC   99 TId: 0 ( I-SLICE, nQP 26 QP 26 )    2308640 bits [Y 99.9900 dB    U 99.9900 dB    V 99.9900 dB] [ET     4 ] [L0 ] [L1 ]
POC  100 TId: 0 ( I-SLICE, nQP 26 QP 26 )    2309000 bits [Y 99.9900 dB    U 99.9900 dB    V 99.9900 dB] [ET     4 ] [L0 ] [L1 ]
POC  101 TId: 0 ( I-SLICE, nQP 26 QP 26 )    2314872 bits [Y 99.9900 dB    U 99.9900 dB    V 99.9900 dB] [ET     4 ] [L0 ] [L1 ]
POC  102 TId: 0 ( I-SLICE, nQP 26 QP 26 )    2315536 bits [Y 99.9900 dB    U 99.9900 dB    V 99.9900 dB] [ET     4 ] [L0 ] [L1 ]
POC  103 TId: 0 ( I-SLICE, nQP 26 QP 26 )    2316560 bits [Y 99.9900 dB    U 99.9900 dB    V 99.9900 dB] [ET     4 ] [L0 ] [L1 ]
POC  104 TId: 0 ( I-SLICE, nQP 26 QP 26 )    2312840 bits [Y 99.9900 dB    U 99.9900 dB    V 99.9900 dB] [ET     4 ] [L0 ] [L1 ]
POC  105 TId: 0 ( I-SLICE, nQP 26 QP 26 )    2311448 bits [Y 99.9900 dB    U 99.9900 dB    V 99.9900 dB] [ET     4 ] [L0 ] [L1 ]
POC  106 TId: 0 ( I-SLICE, nQP 26 QP 26 )    2310984 bits [Y 99.9900 dB    U 99.9900 dB    V 99.9900 dB] [ET     4 ] [L0 ] [L1 ]
POC  107 TId: 0 ( I-SLICE, nQP 26 QP 26 )    2305816 bits [Y 99.9900 dB    U 99.9900 dB    V 99.9900 dB] [ET     4 ] [L0 ] [L1 ]
POC  108 TId: 0 ( I-SLICE, nQP 26 QP 26 )    2304304 bits [Y 99.9900 dB    U 99.9900 dB    V 99.9900 dB] [ET     3 ] [L0 ] [L1 ]
POC  109 TId: 0 ( I-SLICE, nQP 26 QP 26 )    2302288 bits [Y 99.9900 dB    U 99.9900 dB    V 99.9900 dB] [ET     4 ] [L0 ] [L1 ]
POC  110 TId: 0 ( I-SLICE, nQP 26 QP 26 )    2301176 bits [Y 99.9900 dB    U 99.9900 dB    V 99.9900 dB] [ET     4 ] [L0 ] [L1 ]
POC  111 TId: 0 ( I-SLICE, nQP 26 QP 26 )    2301448 bits [Y 99.9900 dB    U 99.9900 dB    V 99.9900 dB] [ET     4 ] [L0 ] [L1 ]
POC  112 TId: 0 ( I-SLICE, nQP 26 QP 26 )    2304672 bits [Y 99.9900 dB    U 99.9900 dB    V 99.9900 dB] [ET     4 ] [L0 ] [L1 ]
POC  113 TId: 0 ( I-SLICE, nQP 26 QP 26 )    2308024 bits [Y 99.9900 dB    U 99.9900 dB    V 99.9900 dB] [ET     3 ] [L0 ] [L1 ]
POC  114 TId: 0 ( I-SLICE, nQP 26 QP 26 )    2308552 bits [Y 99.9900 dB    U 99.9900 dB    V 99.9900 dB] [ET     4 ] [L0 ] [L1 ]
POC  115 TId: 0 ( I-SLICE, nQP 26 QP 26 )    2311416 bits [Y 99.9900 dB    U 99.9900 dB    V 99.9900 dB] [ET     4 ] [L0 ] [L1 ]
POC  116 TId: 0 ( I-SLICE, nQP 26 QP 26 )    2313872 bits [Y 99.9900 dB    U 99.9900 dB    V 99.9900 dB] [ET     4 ] [L0 ] [L1 ]
POC  117 TId: 0 ( I-SLICE, nQP 26 QP 26 )    2312856 bits [Y 99.9900 dB    U 99.9900 dB    V 99.9900 dB] [ET     4 ] [L0 ] [L1 ]
POC  118 TId: 0 ( I-SLICE, nQP 26 QP 26 )    2312224 bits [Y 99.9900 dB    U 99.9900 dB    V 99.9900 dB] [ET     4 ] [L0 ] [L1 ]
POC  119 TId: 0 ( I-SLICE, nQP 26 QP 26 )    2313248 bits [Y 99.9900 dB    U 99.9900 dB    V 99.9900 dB] [ET     4 ] [L0 ] [L1 ]
POC  120 TId: 0 ( I-SLICE, nQP 26 QP 26 )    2313864 bits [Y 99.9900 dB    U 99.9900 dB    V 99.9900 dB] [ET     4 ] [L0 ] [L1 ]
POC  121 TId: 0 ( I-SLICE, nQP 26 QP 26 )    2314456 bits [Y 99.9900 dB    U 99.9900 dB    V 99.9900 dB] [ET     4 ] [L0 ] [L1 ]
POC  122 TId: 0 ( I-SLICE, nQP 26 QP 26 )    2323104 bits [Y 99.9900 dB    U 99.9900 dB    V 99.9900 dB] [ET     4 ] [L0 ] [L1 ]
POC  123 TId: 0 ( I-SLICE, nQP 26 QP 26 )    2317168 bits [Y 99.9900 dB    U 99.9900 dB    V 99.9900 dB] [ET     4 ] [L0 ] [L1 ]
POC  124 TId: 0 ( I-SLICE, nQP 26 QP 26 )    2317536 bits [Y 99.9900 dB    U 99.9900 dB    V 99.9900 dB] [ET     4 ] [L0 ] [L1 ]
POC  125 TId: 0 ( I-SLICE, nQP 26 QP 26 )    2310600 bits [Y 99.9900 dB    U 99.9900 dB    V 99.9900 dB] [ET     4 ] [L0 ] [L1 ]
POC  126 TId: 0 ( I-SLICE, nQP 26 QP 26 )    2307480 bits [Y 99.9900 dB    U 99.9900 dB    V 99.9900 dB] [ET     4 ] [L0 ] [L1 ]
POC  127 TId: 0 ( I-SLICE, nQP 26 QP 26 )    2315576 bits [Y 99.9900 dB    U 99.9900 dB    V 99.9900 dB] [ET     4 ] [L0 ] [L1 ]
POC  128 TId: 0 ( I-SLICE, nQP 26 QP 26 )    2315864 bits [Y 99.9900 dB    U 99.9900 dB    V 99.9900 dB] [ET     4 ] [L0 ] [L1 ]
POC  129 TId: 0 ( I-SLICE, nQP 26 QP 26 )    2315992 bits [Y 99.9900 dB    U 99.9900 dB    V 99.9900 dB] [ET     4 ] [L0 ] [L1 ]
POC  130 TId: 0 ( I-SLICE, nQP 26 QP 26 )    2320736 bits [Y 99.9900 dB    U 99.9900 dB    V 99.9900 dB] [ET     4 ] [L0 ] [L1 ]
POC  131 TId: 0 ( I-SLICE, nQP 26 QP 26 )    2320432 bits [Y 99.9900 dB    U 99.9900 dB    V 99.9900 dB] [ET     4 ] [L0 ] [L1 ]
POC  132 TId: 0 ( I-SLICE, nQP 26 QP 26 )    2316744 bits [Y 99.9900 dB    U 99.9900 dB    V 99.9900 dB] [ET     4 ] [L0 ] [L1 ]
POC  133 TId: 0 ( I-SLICE, nQP 26 QP 26 )    2321816 bits [Y 99.9900 dB    U 99.9900 dB    V 99.9900 dB] [ET     4 ] [L0 ] [L1 ]
POC  134 TId: 0 ( I-SLICE, nQP 26 QP 26 )    2319832 bits [Y 99.9900 dB    U 99.9900 dB    V 99.9900 dB] [ET     4 ] [L0 ] [L1 ]
POC  135 TId: 0 ( I-SLICE, nQP 26 QP 26 )    2321968 bits [Y 99.9900 dB    U 99.9900 dB    V 99.9900 dB] [ET     3 ] [L0 ] [L1 ]
POC  136 TId: 0 ( I-SLICE, nQP 26 QP 26 )    2317624 bits [Y 99.9900 dB    U 99.9900 dB    V 99.9900 dB] [ET     4 ] [L0 ] [L1 ]
POC  137 TId: 0 ( I-SLICE, nQP 26 QP 26 )    2320592 bits [Y 99.9900 dB    U 99.9900 dB    V 99.9900 dB] [ET     4 ] [L0 ] [L1 ]
POC  138 TId: 0 ( I-SLICE, nQP 26 QP 26 )    2318328 bits [Y 99.9900 dB    U 99.9900 dB    V 99.9900 dB] [ET     4 ] [L0 ] [L1 ]
POC  139 TId: 0 ( I-SLICE, nQP 26 QP 26 )    2317840 bits [Y 99.9900 dB    U 99.9900 dB    V 99.9900 dB] [ET     4 ] [L0 ] [L1 ]
POC  140 TId: 0 ( I-SLICE, nQP 26 QP 26 )    2321120 bits [Y 99.9900 dB    U 99.9900 dB    V 99.9900 dB] [ET     4 ] [L0 ] [L1 ]
POC  141 TId: 0 ( I-SLICE, nQP 26 QP 26 )    2329480 bits [Y 99.9900 dB    U 99.9900 dB    V 99.9900 dB] [ET     4 ] [L0 ] [L1 ]
POC  142 TId: 0 ( I-SLICE, nQP 26 QP 26 )    2324736 bits [Y 99.9900 dB    U 99.9900 dB    V 99.9900 dB] [ET     4 ] [L0 ] [L1 ]
POC  143 TId: 0 ( I-SLICE, nQP 26 QP 26 )    2330048 bits [Y 99.9900 dB    U 99.9900 dB    V 99.9900 dB] [ET     4 ] [L0 ] [L1 ]
POC  144 TId: 0 ( I-SLICE, nQP 26 QP 26 )    2326608 bits [Y 99.9900 dB    U 99.9900 dB    V 99.9900 dB] [ET     4 ] [L0 ] [L1 ]
POC  145 TId: 0 ( I-SLICE, nQP 26 QP 26 )    2324872 bits [Y 99.9900 dB    U 99.9900 dB    V 99.9900 dB] [ET     4 ] [L0 ] [L1 ]
POC  146 TId: 0 ( I-SLICE, nQP 26 QP 26 )    2319808 bits [Y 99.9900 dB    U 99.9900 dB    V 99.9900 dB] [ET     4 ] [L0 ] [L1 ]
POC  147 TId: 0 ( I-SLICE, nQP 26 QP 26 )    2320416 bits [Y 99.9900 dB    U 99.9900 dB    V 99.9900 dB] [ET     4 ] [L0 ] [L1 ]
POC  148 TId: 0 ( I-SLICE, nQP 26 QP 26 )    2315072 bits [Y 99.9900 dB    U 99.9900 dB    V 99.9900 dB] [ET     4 ] [L0 ] [L1 ]
POC  149 TId: 0 ( I-SLICE, nQP 26 QP 26 )    2312952 bits [Y 99.9900 dB    U 99.9900 dB    V 99.9900 dB] [ET     4 ] [L0 ] [L1 ]
POC  150 TId: 0 ( I-SLICE, nQP 26 QP 26 )    2315040 bits [Y 99.9900 dB    U 99.9900 dB    V 99.9900 dB] [ET     4 ] [L0 ] [L1 ]
POC  151 TId: 0 ( I-SLICE, nQP 26 QP 26 )    2311480 bits [Y 99.9900 dB    U 99.9900 dB    V 99.9900 dB] [ET     4 ] [L0 ] [L1 ]
POC  152 TId: 0 ( I-SLICE, nQP 26 QP 26 )    2308304 bits [Y 99.9900 dB    U 99.9900 dB    V 99.9900 dB] [ET     4 ] [L0 ] [L1 ]
POC  153 TId: 0 ( I-SLICE, nQP 26 QP 26 )    2309536 bits [Y 99.9900 dB    U 99.9900 dB    V 99.9900 dB] [ET     4 ] [L0 ] [L1 ]
POC  154 TId: 0 ( I-SLICE, nQP 26 QP 26 )    2310872 bits [Y 99.9900 dB    U 99.9900 dB    V 99.9900 dB] [ET     4 ] [L0 ] [L1 ]
POC  155 TId: 0 ( I-SLICE, nQP 26 QP 26 )    2310584 bits [Y 99.9900 dB    U 99.9900 dB    V 99.9900 dB] [ET     4 ] [L0 ] [L1 ]
POC  156 TId: 0 ( I-SLICE, nQP 26 QP 26 )    2312288 bits [Y 99.9900 dB    U 99.9900 dB    V 99.9900 dB] [ET     4 ] [L0 ] [L1 ]
POC  157 TId: 0 ( I-SLICE, nQP 26 QP 26 )    2315072 bits [Y 99.9900 dB    U 99.9900 dB    V 99.9900 dB] [ET     4 ] [L0 ] [L1 ]
POC  158 TId: 0 ( I-SLICE, nQP 26 QP 26 )    2315680 bits [Y 99.9900 dB    U 99.9900 dB    V 99.9900 dB] [ET     4 ] [L0 ] [L1 ]
POC  159 TId: 0 ( I-SLICE, nQP 26 QP 26 )    2316520 bits [Y 99.9900 dB    U 99.9900 dB    V 99.9900 dB] [ET     4 ] [L0 ] [L1 ]
POC  160 TId: 0 ( I-SLICE, nQP 26 QP 26 )    2316976 bits [Y 99.9900 dB    U 99.9900 dB    V 99.9900 dB] [ET     4 ] [L0 ] [L1 ]
POC  161 TId: 0 ( I-SLICE, nQP 26 QP 26 )    2314376 bits [Y 99.9900 dB    U 99.9900 dB    V 99.9900 dB] [ET     4 ] [L0 ] [L1 ]
POC  162 TId: 0 ( I-SLICE, nQP 26 QP 26 )    2315632 bits [Y 99.9900 dB    U 99.9900 dB    V 99.9900 dB] [ET     4 ] [L0 ] [L1 ]
POC  163 TId: 0 ( I-SLICE, nQP 26 QP 26 )    2319744 bits [Y 99.9900 dB    U 99.9900 dB    V 99.9900 dB] [ET     4 ] [L0 ] [L1 ]
POC  164 TId: 0 ( I-SLICE, nQP 26 QP 26 )    2322240 bits [Y 99.9900 dB    U 99.9900 dB    V 99.9900 dB] [ET     4 ] [L0 ] [L1 ]
POC  165 TId: 0 ( I-SLICE, nQP 26 QP 26 )    2325056 bits [Y 99.9900 dB    U 99.9900 dB    V 99.9900 dB] [ET     4 ] [L0 ] [L1 ]
POC  166 TId: 0 ( I-SLICE, nQP 26 QP 26 )    2323264 bits [Y 99.9900 dB    U 99.9900 dB    V 99.9900 dB] [ET     4 ] [L0 ] [L1 ]
POC  167 TId: 0 ( I-SLICE, nQP 26 QP 26 )    2323664 bits [Y 99.9900 dB    U 99.9900 dB    V 99.9900 dB] [ET     4 ] [L0 ] [L1 ]
POC  168 TId: 0 ( I-SLICE, nQP 26 QP 26 )    2322632 bits [Y 99.9900 dB    U 99.9900 dB    V 99.9900 dB] [ET     4 ] [L0 ] [L1 ]
POC  169 TId: 0 ( I-SLICE, nQP 26 QP 26 )    2320328 bits [Y 99.9900 dB    U 99.9900 dB    V 99.9900 dB] [ET     4 ] [L0 ] [L1 ]
POC  170 TId: 0 ( I-SLICE, nQP 26 QP 26 )    2320984 bits [Y 99.9900 dB    U 99.9900 dB    V 99.9900 dB] [ET     4 ] [L0 ] [L1 ]
POC  171 TId: 0 ( I-SLICE, nQP 26 QP 26 )    2319784 bits [Y 99.9900 dB    U 99.9900 dB    V 99.9900 dB] [ET     4 ] [L0 ] [L1 ]
POC  172 TId: 0 ( I-SLICE, nQP 26 QP 26 )    2322832 bits [Y 99.9900 dB    U 99.9900 dB    V 99.9900 dB] [ET     4 ] [L0 ] [L1 ]
POC  173 TId: 0 ( I-SLICE, nQP 26 QP 26 )    2326144 bits [Y 99.9900 dB    U 99.9900 dB    V 99.9900 dB] [ET     4 ] [L0 ] [L1 ]
POC  174 TId: 0 ( I-SLICE, nQP 26 QP 26 )    2327008 bits [Y 99.9900 dB    U 99.9900 dB    V 99.9900 dB] [ET     4 ] [L0 ] [L1 ]
POC  175 TId: 0 ( I-SLICE, nQP 26 QP 26 )    2329120 bits [Y 99.9900 dB    U 99.9900 dB    V 99.9900 dB] [ET     4 ] [L0 ] [L1 ]
POC  176 TId: 0 ( I-SLICE, nQP 26 QP 26 )    2331016 bits [Y 99.9900 dB    U 99.9900 dB    V 99.9900 dB] [ET     4 ] [L0 ] [L1 ]
POC  177 TId: 0 ( I-SLICE, nQP 26 QP 26 )    2330864 bits [Y 99.9900 dB    U 99.9900 dB    V 99.9900 dB] [ET     4 ] [L0 ] [L1 ]
POC  178 TId: 0 ( I-SLICE, nQP 26 QP 26 )    2335072 bits [Y 99.9900 dB    U 99.9900 dB    V 99.9900 dB] [ET     4 ] [L0 ] [L1 ]
POC  179 TId: 0 ( I-SLICE, nQP 26 QP 26 )    2327392 bits [Y 99.9900 dB    U 99.9900 dB    V 99.9900 dB] [ET     4 ] [L0 ] [L1 ]
POC  180 TId: 0 ( I-SLICE, nQP 26 QP 26 )    2328208 bits [Y 99.9900 dB    U 99.9900 dB    V 99.9900 dB] [ET     4 ] [L0 ] [L1 ]
POC  181 TId: 0 ( I-SLICE, nQP 26 QP 26 )    2325472 bits [Y 99.9900 dB    U 99.9900 dB    V 99.9900 dB] [ET     4 ] [L0 ] [L1 ]
POC  182 TId: 0 ( I-SLICE, nQP 26 QP 26 )    2326664 bits [Y 99.9900 dB    U 99.9900 dB    V 99.9900 dB] [ET     4 ] [L0 ] [L1 ]
POC  183 TId: 0 ( I-SLICE, nQP 26 QP 26 )    2319464 bits [Y 99.9900 dB    U 99.9900 dB    V 99.9900 dB] [ET     4 ] [L0 ] [L1 ]
POC  184 TId: 0 ( I-SLICE, nQP 26 QP 26 )    2319992 bits [Y 99.9900 dB    U 99.9900 dB    V 99.9900 dB] [ET     4 ] [L0 ] [L1 ]
POC  185 TId: 0 ( I-SLICE, nQP 26 QP 26 )    2317248 bits [Y 99.9900 dB    U 99.9900 dB    V 99.9900 dB] [ET     4 ] [L0 ] [L1 ]
POC  186 TId: 0 ( I-SLICE, nQP 26 QP 26 )    2316224 bits [Y 99.9900 dB    U 99.9900 dB    V 99.9900 dB] [ET     4 ] [L0 ] [L1 ]
POC  187 TId: 0 ( I-SLICE, nQP 26 QP 26 )    2312896 bits [Y 99.9900 dB    U 99.9900 dB    V 99.9900 dB] [ET     4 ] [L0 ] [L1 ]
POC  188 TId: 0 ( I-SLICE, nQP 26 QP 26 )    2308464 bits [Y 99.9900 dB    U 99.9900 dB    V 99.9900 dB] [ET     4 ] [L0 ] [L1 ]
POC  189 TId: 0 ( I-SLICE, nQP 26 QP 26 )    2308312 bits [Y 99.9900 dB    U 99.9900 dB    V 99.9900 dB] [ET     4 ] [L0 ] [L1 ]
POC  190 TId: 0 ( I-SLICE, nQP 26 QP 26 )    2306792 bits [Y 99.9900 dB    U 99.9900 dB    V 99.9900 dB] [ET     4 ] [L0 ] [L1 ]
POC  191 TId: 0 ( I-SLICE, nQP 26 QP 26 )    2302040 bits [Y 99.9900 dB    U 99.9900 dB    V 99.9900 dB] [ET     3 ] [L0 ] [L1 ]
POC  192 TId: 0 ( I-SLICE, nQP 26 QP 26 )    2299040 bits [Y 99.9900 dB    U 99.9900 dB    V 99.9900 dB] [ET     4 ] [L0 ] [L1 ]
POC  193 TId: 0 ( I-SLICE, nQP 26 QP 26 )    2294128 bits [Y 99.9900 dB    U 99.9900 dB    V 99.9900 dB] [ET     4 ] [L0 ] [L1 ]
POC  194 TId: 0 ( I-SLICE, nQP 26 QP 26 )    2290288 bits [Y 99.9900 dB    U 99.9900 dB    V 99.9900 dB] [ET     4 ] [L0 ] [L1 ]
POC  195 TId: 0 ( I-SLICE, nQP 26 QP 26 )    2289632 bits [Y 99.9900 dB    U 99.9900 dB    V 99.9900 dB] [ET     4 ] [L0 ] [L1 ]
POC  196 TId: 0 ( I-SLICE, nQP 26 QP 26 )    2294256 bits [Y 99.9900 dB    U 99.9900 dB    V 99.9900 dB] [ET     4 ] [L0 ] [L1 ]
POC  197 TId: 0 ( I-SLICE, nQP 26 QP 26 )    2298296 bits [Y 99.9900 dB    U 99.9900 dB    V 99.9900 dB] [ET     3 ] [L0 ] [L1 ]
POC  198 TId: 0 ( I-SLICE, nQP 26 QP 26 )    2304456 bits [Y 99.9900 dB    U 99.9900 dB    V 99.9900 dB] [ET     4 ] [L0 ] [L1 ]
POC  199 TId: 0 ( I-SLICE, nQP 26 QP 26 )    2303880 bits [Y 99.9900 dB    U 99.9900 dB    V 99.9900 dB] [ET     4 ] [L0 ] [L1 ]
POC  200 TId: 0 ( I-SLICE, nQP 26 QP 26 )    2300504 bits [Y 99.9900 dB    U 99.9900 dB    V 99.9900 dB] [ET     4 ] [L0 ] [L1 ]
POC  201 TId: 0 ( I-SLICE, nQP 26 QP 26 )    2303464 bits [Y 99.9900 dB    U 99.9900 dB    V 99.9900 dB] [ET     4 ] [L0 ] [L1 ]
POC  202 TId: 0 ( I-SLICE, nQP 26 QP 26 )    2302664 bits [Y 99.9900 dB    U 99.9900 dB    V 99.9900 dB] [ET     4 ] [L0 ] [L1 ]
POC  203 TId: 0 ( I-SLICE, nQP 26 QP 26 )    2303512 bits [Y 99.9900 dB    U 99.9900 dB    V 99.9900 dB] [ET     4 ] [L0 ] [L1 ]
POC  204 TId: 0 ( I-SLICE, nQP 26 QP 26 )    2299536 bits [Y 99.9900 dB    U 99.9900 dB    V 99.9900 dB] [ET     4 ] [L0 ] [L1 ]
POC  205 TId: 0 ( I-SLICE, nQP 26 QP 26 )    2295624 bits [Y 99.9900 dB    U 99.9900 dB    V 99.9900 dB] [ET     4 ] [L0 ] [L1 ]
POC  206 TId: 0 ( I-SLICE, nQP 26 QP 26 )    2291072 bits [Y 99.9900 dB    U 99.9900 dB    V 99.9900 dB] [ET     3 ] [L0 ] [L1 ]
POC  207 TId: 0 ( I-SLICE, nQP 26 QP 26 )    2292016 bits [Y 99.9900 dB    U 99.9900 dB    V 99.9900 dB] [ET     4 ] [L0 ] [L1 ]
POC  208 TId: 0 ( I-SLICE, nQP 26 QP 26 )    2294272 bits [Y 99.9900 dB    U 99.9900 dB    V 99.9900 dB] [ET     4 ] [L0 ] [L1 ]
POC  209 TId: 0 ( I-SLICE, nQP 26 QP 26 )    2283584 bits [Y 99.9900 dB    U 99.9900 dB    V 99.9900 dB] [ET     4 ] [L0 ] [L1 ]
POC  210 TId: 0 ( I-SLICE, nQP 26 QP 26 )    2281096 bits [Y 99.9900 dB    U 99.9900 dB    V 99.9900 dB] [ET     3 ] [L0 ] [L1 ]
POC  211 TId: 0 ( I-SLICE, nQP 26 QP 26 )    2275952 bits [Y 99.9900 dB    U 99.9900 dB    V 99.9900 dB] [ET     4 ] [L0 ] [L1 ]
POC  212 TId: 0 ( I-SLICE, nQP 26 QP 26 )    2270544 bits [Y 99.9900 dB    U 99.9900 dB    V 99.9900 dB] [ET     4 ] [L0 ] [L1 ]
POC  213 TId: 0 ( I-SLICE, nQP 26 QP 26 )    2263120 bits [Y 99.9900 dB    U 99.9900 dB    V 99.9900 dB] [ET     4 ] [L0 ] [L1 ]
POC  214 TId: 0 ( I-SLICE, nQP 26 QP 26 )    2264528 bits [Y 99.9900 dB    U 99.9900 dB    V 99.9900 dB] [ET     4 ] [L0 ] [L1 ]
POC  215 TId: 0 ( I-SLICE, nQP 26 QP 26 )    2254984 bits [Y 99.9900 dB    U 99.9900 dB    V 99.9900 dB] [ET     4 ] [L0 ] [L1 ]
POC  216 TId: 0 ( I-SLICE, nQP 26 QP 26 )    2250608 bits [Y 99.9900 dB    U 99.9900 dB    V 99.9900 dB] [ET     4 ] [L0 ] [L1 ]
POC  217 TId: 0 ( I-SLICE, nQP 26 QP 26 )    2247416 bits [Y 99.9900 dB    U 99.9900 dB    V 99.9900 dB] [ET     4 ] [L0 ] [L1 ]
POC  218 TId: 0 ( I-SLICE, nQP 26 QP 26 )    2247264 bits [Y 99.9900 dB    U 99.9900 dB    V 99.9900 dB] [ET     4 ] [L0 ] [L1 ]
POC  219 TId: 0 ( I-SLICE, nQP 26 QP 26 )    2242656 bits [Y 99.9900 dB    U 99.9900 dB    V 99.9900 dB] [ET     4 ] [L0 ] [L1 ]
POC  220 TId: 0 ( I-SLICE, nQP 26 QP 26 )    2243144 bits [Y 99.9900 dB    U 99.9900 dB    V 99.9900 dB] [ET     4 ] [L0 ] [L1 ]
POC  221 TId: 0 ( I-SLICE, nQP 26 QP 26 )    2243248 bits [Y 99.9900 dB    U 99.9900 dB    V 99.9900 dB] [ET     4 ] [L0 ] [L1 ]
POC  222 TId: 0 ( I-SLICE, nQP 26 QP 26 )    2240696 bits [Y 99.9900 dB    U 99.9900 dB    V 99.9900 dB] [ET     4 ] [L0 ] [L1 ]
POC  223 TId: 0 ( I-SLICE, nQP 26 QP 26 )    2240072 bits [Y 99.9900 dB    U 99.9900 dB    V 99.9900 dB] [ET     4 ] [L0 ] [L1 ]
POC  224 TId: 0 ( I-SLICE, nQP 26 QP 26 )    2241160 bits [Y 99.9900 dB    U 99.9900 dB    V 99.9900 dB] [ET     4 ] [L0 ] [L1 ]
POC  225 TId: 0 ( I-SLICE, nQP 26 QP 26 )    2240560 bits [Y 99.9900 dB    U 99.9900 dB    V 99.9900 dB] [ET     4 ] [L0 ] [L1 ]
POC  226 TId: 0 ( I-SLICE, nQP 26 QP 26 )    2238176 bits [Y 99.9900 dB    U 99.9900 dB    V 99.9900 dB] [ET     4 ] [L0 ] [L1 ]
POC  227 TId: 0 ( I-SLICE, nQP 26 QP 26 )    2239288 bits [Y 99.9900 dB    U 99.9900 dB    V 99.9900 dB] [ET     4 ] [L0 ] [L1 ]
POC  228 TId: 0 ( I-SLICE, nQP 26 QP 26 )    2229128 bits [Y 99.9900 dB    U 99.9900 dB    V 99.9900 dB] [ET     4 ] [L0 ] [L1 ]
POC  229 TId: 0 ( I-SLICE, nQP 26 QP 26 )    2226840 bits [Y 99.9900 dB    U 99.9900 dB    V 99.9900 dB] [ET     4 ] [L0 ] [L1 ]
POC  230 TId: 0 ( I-SLICE, nQP 26 QP 26 )    2222656 bits [Y 99.9900 dB    U 99.9900 dB    V 99.9900 dB] [ET     4 ] [L0 ] [L1 ]
POC  231 TId: 0 ( I-SLICE, nQP 26 QP 26 )    2221848 bits [Y 99.9900 dB    U 99.9900 dB    V 99.9900 dB] [ET     4 ] [L0 ] [L1 ]
POC  232 TId: 0 ( I-SLICE, nQP 26 QP 26 )    2223312 bits [Y 99.9900 dB    U 99.9900 dB    V 99.9900 dB] [ET     4 ] [L0 ] [L1 ]
POC  233 TId: 0 ( I-SLICE, nQP 26 QP 26 )    2222960 bits [Y 99.9900 dB    U 99.9900 dB    V 99.9900 dB] [ET     3 ] [L0 ] [L1 ]
POC  234 TId: 0 ( I-SLICE, nQP 26 QP 26 )    2225048 bits [Y 99.9900 dB    U 99.9900 dB    V 99.9900 dB] [ET     4 ] [L0 ] [L1 ]
POC  235 TId: 0 ( I-SLICE, nQP 26 QP 26 )    2222120 bits [Y 99.9900 dB    U 99.9900 dB    V 99.9900 dB] [ET     3 ] [L0 ] [L1 ]
POC  236 TId: 0 ( I-SLICE, nQP 26 QP 26 )    2226056 bits [Y 99.9900 dB    U 99.9900 dB    V 99.9900 dB] [ET     4 ] [L0 ] [L1 ]
POC  237 TId: 0 ( I-SLICE, nQP 26 QP 26 )    2226944 bits [Y 99.9900 dB    U 99.9900 dB    V 99.9900 dB] [ET     4 ] [L0 ] [L1 ]
POC  238 TId: 0 ( I-SLICE, nQP 26 QP 26 )    2225240 bits [Y 99.9900 dB    U 99.9900 dB    V 99.9900 dB] [ET     4 ] [L0 ] [L1 ]
POC  239 TId: 0 ( I-SLICE, nQP 26 QP 26 )    2226944 bits [Y 99.9900 dB    U 99.9900 dB    V 99.9900 dB] [ET     4 ] [L0 ] [L1 ]
POC  240 TId: 0 ( I-SLICE, nQP 26 QP 26 )    2224352 bits [Y 99.9900 dB    U 99.9900 dB    V 99.9900 dB] [ET     4 ] [L0 ] [L1 ]
POC  241 TId: 0 ( I-SLICE, nQP 26 QP 26 )    2224936 bits [Y 99.9900 dB    U 99.9900 dB    V 99.9900 dB] [ET     3 ] [L0 ] [L1 ]
POC  242 TId: 0 ( I-SLICE, nQP 26 QP 26 )    2224752 bits [Y 99.9900 dB    U 99.9900 dB    V 99.9900 dB] [ET     4 ] [L0 ] [L1 ]
POC  243 TId: 0 ( I-SLICE, nQP 26 QP 26 )    2224504 bits [Y 99.9900 dB    U 99.9900 dB    V 99.9900 dB] [ET     4 ] [L0 ] [L1 ]
POC  244 TId: 0 ( I-SLICE, nQP 26 QP 26 )    2227144 bits [Y 99.9900 dB    U 99.9900 dB    V 99.9900 dB] [ET     4 ] [L0 ] [L1 ]
POC  245 TId: 0 ( I-SLICE, nQP 26 QP 26 )    2229536 bits [Y 99.9900 dB    U 99.9900 dB    V 99.9900 dB] [ET     4 ] [L0 ] [L1 ]
POC  246 TId: 0 ( I-SLICE, nQP 26 QP 26 )    2228880 bits [Y 99.9900 dB    U 99.9900 dB    V 99.9900 dB] [ET     4 ] [L0 ] [L1 ]
POC  247 TId: 0 ( I-SLICE, nQP 26 QP 26 )    2226456 bits [Y 99.9900 dB    U 99.9900 dB    V 99.9900 dB] [ET     3 ] [L0 ] [L1 ]
POC  248 TId: 0 ( I-SLICE, nQP 26 QP 26 )    2226040 bits [Y 99.9900 dB    U 99.9900 dB    V 99.9900 dB] [ET     3 ] [L0 ] [L1 ]
POC  249 TId: 0 ( I-SLICE, nQP 26 QP 26 )    2220264 bits [Y 99.9900 dB    U 99.9900 dB    V 99.9900 dB] [ET     4 ] [L0 ] [L1 ]
POC  250 TId: 0 ( I-SLICE, nQP 26 QP 26 )    2218512 bits [Y 99.9900 dB    U 99.9900 dB    V 99.9900 dB] [ET     4 ] [L0 ] [L1 ]
POC  251 TId: 0 ( I-SLICE, nQP 26 QP 26 )    2219320 bits [Y 99.9900 dB    U 99.9900 dB    V 99.9900 dB] [ET     4 ] [L0 ] [L1 ]
POC  252 TId: 0 ( I-SLICE, nQP 26 QP 26 )    2217920 bits [Y 99.9900 dB    U 99.9900 dB    V 99.9900 dB] [ET     3 ] [L0 ] [L1 ]
POC  253 TId: 0 ( I-SLICE, nQP 26 QP 26 )    2216448 bits [Y 99.9900 dB    U 99.9900 dB    V 99.9900 dB] [ET     4 ] [L0 ] [L1 ]
POC  254 TId: 0 ( I-SLICE, nQP 26 QP 26 )    2217680 bits [Y 99.9900 dB    U 99.9900 dB    V 99.9900 dB] [ET     4 ] [L0 ] [L1 ]
POC  255 TId: 0 ( I-SLICE, nQP 26 QP 26 )    2211688 bits [Y 99.9900 dB    U 99.9900 dB    V 99.9900 dB] [ET     4 ] [L0 ] [L1 ]
POC  256 TId: 0 ( I-SLICE, nQP 26 QP 26 )    2212480 bits [Y 99.9900 dB    U 99.9900 dB    V 99.9900 dB] [ET     4 ] [L0 ] [L1 ]
POC  257 TId: 0 ( I-SLICE, nQP 26 QP 26 )    2208384 bits [Y 99.9900 dB    U 99.9900 dB    V 99.9900 dB] [ET     4 ] [L0 ] [L1 ]
POC  258 TId: 0 ( I-SLICE, nQP 26 QP 26 )    2208512 bits [Y 99.9900 dB    U 99.9900 dB    V 99.9900 dB] [ET     4 ] [L0 ] [L1 ]
POC  259 TId: 0 ( I-SLICE, nQP 26 QP 26 )    2207872 bits [Y 99.9900 dB    U 99.9900 dB    V 99.9900 dB] [ET     4 ] [L0 ] [L1 ]
POC  260 TId: 0 ( I-SLICE, nQP 26 QP 26 )    2207912 bits [Y 99.9900 dB    U 99.9900 dB    V 99.9900 dB] [ET     4 ] [L0 ] [L1 ]
POC  261 TId: 0 ( I-SLICE, nQP 26 QP 26 )    2203368 bits [Y 99.9900 dB    U 99.9900 dB    V 99.9900 dB] [ET     4 ] [L0 ] [L1 ]
POC  262 TId: 0 ( I-SLICE, nQP 26 QP 26 )    2197320 bits [Y 99.9900 dB    U 99.9900 dB    V 99.9900 dB] [ET     3 ] [L0 ] [L1 ]
POC  263 TId: 0 ( I-SLICE, nQP 26 QP 26 )    2196728 bits [Y 99.9900 dB    U 99.9900 dB    V 99.9900 dB] [ET     4 ] [L0 ] [L1 ]
POC  264 TId: 0 ( I-SLICE, nQP 26 QP 26 )    2193040 bits [Y 99.9900 dB    U 99.9900 dB    V 99.9900 dB] [ET     4 ] [L0 ] [L1 ]
POC  265 TId: 0 ( I-SLICE, nQP 26 QP 26 )    2195056 bits [Y 99.9900 dB    U 99.9900 dB    V 99.9900 dB] [ET     4 ] [L0 ] [L1 ]
POC  266 TId: 0 ( I-SLICE, nQP 26 QP 26 )    2188664 bits [Y 99.9900 dB    U 99.9900 dB    V 99.9900 dB] [ET     4 ] [L0 ] [L1 ]
POC  267 TId: 0 ( I-SLICE, nQP 26 QP 26 )    2182304 bits [Y 99.9900 dB    U 99.9900 dB    V 99.9900 dB] [ET     3 ] [L0 ] [L1 ]
POC  268 TId: 0 ( I-SLICE, nQP 26 QP 26 )    2182928 bits [Y 99.9900 dB    U 99.9900 dB    V 99.9900 dB] [ET     4 ] [L0 ] [L1 ]
POC  269 TId: 0 ( I-SLICE, nQP 26 QP 26 )    2176208 bits [Y 99.9900 dB    U 99.9900 dB    V 99.9900 dB] [ET     4 ] [L0 ] [L1 ]
POC  270 TId: 0 ( I-SLICE, nQP 26 QP 26 )    2173552 bits [Y 99.9900 dB    U 99.9900 dB    V 99.9900 dB] [ET     4 ] [L0 ] [L1 ]
POC  271 TId: 0 ( I-SLICE, nQP 26 QP 26 )    2175928 bits [Y 99.9900 dB    U 99.9900 dB    V 99.9900 dB] [ET     4 ] [L0 ] [L1 ]
POC  272 TId: 0 ( I-SLICE, nQP 26 QP 26 )    2170240 bits [Y 99.9900 dB    U 99.9900 dB    V 99.9900 dB] [ET     4 ] [L0 ] [L1 ]
POC  273 TId: 0 ( I-SLICE, nQP 26 QP 26 )    2164008 bits [Y 99.9900 dB    U 99.9900 dB    V 99.9900 dB] [ET     4 ] [L0 ] [L1 ]
POC  274 TId: 0 ( I-SLICE, nQP 26 QP 26 )    2166240 bits [Y 99.9900 dB    U 99.9900 dB    V 99.9900 dB] [ET     4 ] [L0 ] [L1 ]
POC  275 TId: 0 ( I-SLICE, nQP 26 QP 26 )    2166784 bits [Y 99.9900 dB    U 99.9900 dB    V 99.9900 dB] [ET     3 ] [L0 ] [L1 ]
POC  276 TId: 0 ( I-SLICE, nQP 26 QP 26 )    2157232 bits [Y 99.9900 dB    U 99.9900 dB    V 99.9900 dB] [ET     3 ] [L0 ] [L1 ]
POC  277 TId: 0 ( I-SLICE, nQP 26 QP 26 )    2151608 bits [Y 99.9900 dB    U 99.9900 dB    V 99.9900 dB] [ET     4 ] [L0 ] [L1 ]
POC  278 TId: 0 ( I-SLICE, nQP 26 QP 26 )    2150816 bits [Y 99.9900 dB    U 99.9900 dB    V 99.9900 dB] [ET     3 ] [L0 ] [L1 ]
POC  279 TId: 0 ( I-SLICE, nQP 26 QP 26 )    2150448 bits [Y 99.9900 dB    U 99.9900 dB    V 99.9900 dB] [ET     4 ] [L0 ] [L1 ]
POC  280 TId: 0 ( I-SLICE, nQP 26 QP 26 )    2150976 bits [Y 99.9900 dB    U 99.9900 dB    V 99.9900 dB] [ET     4 ] [L0 ] [L1 ]
POC  281 TId: 0 ( I-SLICE, nQP 26 QP 26 )    2150160 bits [Y 99.9900 dB    U 99.9900 dB    V 99.9900 dB] [ET     4 ] [L0 ] [L1 ]
POC  282 TId: 0 ( I-SLICE, nQP 26 QP 26 )    2146928 bits [Y 99.9900 dB    U 99.9900 dB    V 99.9900 dB] [ET     4 ] [L0 ] [L1 ]
POC  283 TId: 0 ( I-SLICE, nQP 26 QP 26 )    2144936 bits [Y 99.9900 dB    U 99.9900 dB    V 99.9900 dB] [ET     4 ] [L0 ] [L1 ]
POC  284 TId: 0 ( I-SLICE, nQP 26 QP 26 )    2145712 bits [Y 99.9900 dB    U 99.9900 dB    V 99.9900 dB] [ET     4 ] [L0 ] [L1 ]
POC  285 TId: 0 ( I-SLICE, nQP 26 QP 26 )    2144168 bits [Y 99.9900 dB    U 99.9900 dB    V 99.9900 dB] [ET     4 ] [L0 ] [L1 ]
POC  286 TId: 0 ( I-SLICE, nQP 26 QP 26 )    2141168 bits [Y 99.9900 dB    U 99.9900 dB    V 99.9900 dB] [ET     4 ] [L0 ] [L1 ]
POC  287 TId: 0 ( I-SLICE, nQP 26 QP 26 )    2144000 bits [Y 99.9900 dB    U 99.9900 dB    V 99.9900 dB] [ET     4 ] [L0 ] [L1 ]
POC  288 TId: 0 ( I-SLICE, nQP 26 QP 26 )    2135496 bits [Y 99.9900 dB    U 99.9900 dB    V 99.9900 dB] [ET     4 ] [L0 ] [L1 ]
POC  289 TId: 0 ( I-SLICE, nQP 26 QP 26 )    2132224 bits [Y 99.9900 dB    U 99.9900 dB    V 99.9900 dB] [ET     4 ] [L0 ] [L1 ]
POC  290 TId: 0 ( I-SLICE, nQP 26 QP 26 )    2134696 bits [Y 99.9900 dB    U 99.9900 dB    V 99.9900 dB] [ET     4 ] [L0 ] [L1 ]
POC  291 TId: 0 ( I-SLICE, nQP 26 QP 26 )    2137344 bits [Y 99.9900 dB    U 99.9900 dB    V 99.9900 dB] [ET     3 ] [L0 ] [L1 ]
POC  292 TId: 0 ( I-SLICE, nQP 26 QP 26 )    2138632 bits [Y 99.9900 dB    U 99.9900 dB    V 99.9900 dB] [ET     4 ] [L0 ] [L1 ]
POC  293 TId: 0 ( I-SLICE, nQP 26 QP 26 )    2137736 bits [Y 99.9900 dB    U 99.9900 dB    V 99.9900 dB] [ET     4 ] [L0 ] [L1 ]
POC  294 TId: 0 ( I-SLICE, nQP 26 QP 26 )    2138600 bits [Y 99.9900 dB    U 99.9900 dB    V 99.9900 dB] [ET     4 ] [L0 ] [L1 ]
POC  295 TId: 0 ( I-SLICE, nQP 26 QP 26 )    2135736 bits [Y 99.9900 dB    U 99.9900 dB    V 99.9900 dB] [ET     4 ] [L0 ] [L1 ]
POC  296 TId: 0 ( I-SLICE, nQP 26 QP 26 )    2136736 bits [Y 99.9900 dB    U 99.9900 dB    V 99.9900 dB] [ET     4 ] [L0 ] [L1 ]
POC  297 TId: 0 ( I-SLICE, nQP 26 QP 26 )    2135784 bits [Y 99.9900 dB    U 99.9900 dB    V 99.9900 dB] [ET     4 ] [L0 ] [L1 ]
POC  298 TId: 0 ( I-SLICE, nQP 26 QP 26 )    2142832 bits [Y 99.9900 dB    U 99.9900 dB    V 99.9900 dB] [ET     3 ] [L0 ] [L1 ]
POC  299 TId: 0 ( I-SLICE, nQP 26 QP 26 )    2138976 bits [Y 99.9900 dB    U 99.9900 dB    V 99.9900 dB] [ET     4 ] [L0 ] [L1 ]
POC  300 TId: 0 ( I-SLICE, nQP 26 QP 26 )    2140272 bits [Y 99.9900 dB    U 99.9900 dB    V 99.9900 dB] [ET     4 ] [L0 ] [L1 ]
POC  301 TId: 0 ( I-SLICE, nQP 26 QP 26 )    2138944 bits [Y 99.9900 dB    U 99.9900 dB    V 99.9900 dB] [ET     3 ] [L0 ] [L1 ]
POC  302 TId: 0 ( I-SLICE, nQP 26 QP 26 )    2133896 bits [Y 99.9900 dB    U 99.9900 dB    V 99.9900 dB] [ET     4 ] [L0 ] [L1 ]
POC  303 TId: 0 ( I-SLICE, nQP 26 QP 26 )    2138296 bits [Y 99.9900 dB    U 99.9900 dB    V 99.9900 dB] [ET     4 ] [L0 ] [L1 ]
POC  304 TId: 0 ( I-SLICE, nQP 26 QP 26 )    2140168 bits [Y 99.9900 dB    U 99.9900 dB    V 99.9900 dB] [ET     4 ] [L0 ] [L1 ]
POC  305 TId: 0 ( I-SLICE, nQP 26 QP 26 )    2140664 bits [Y 99.9900 dB    U 99.9900 dB    V 99.9900 dB] [ET     4 ] [L0 ] [L1 ]
POC  306 TId: 0 ( I-SLICE, nQP 26 QP 26 )    2143544 bits [Y 99.9900 dB    U 99.9900 dB    V 99.9900 dB] [ET     4 ] [L0 ] [L1 ]
POC  307 TId: 0 ( I-SLICE, nQP 26 QP 26 )    2142304 bits [Y 99.9900 dB    U 99.9900 dB    V 99.9900 dB] [ET     4 ] [L0 ] [L1 ]
POC  308 TId: 0 ( I-SLICE, nQP 26 QP 26 )    2144200 bits [Y 99.9900 dB    U 99.9900 dB    V 99.9900 dB] [ET     4 ] [L0 ] [L1 ]
POC  309 TId: 0 ( I-SLICE, nQP 26 QP 26 )    2142456 bits [Y 99.9900 dB    U 99.9900 dB    V 99.9900 dB] [ET     3 ] [L0 ] [L1 ]
POC  310 TId: 0 ( I-SLICE, nQP 26 QP 26 )    2147104 bits [Y 99.9900 dB    U 99.9900 dB    V 99.9900 dB] [ET     3 ] [L0 ] [L1 ]
POC  311 TId: 0 ( I-SLICE, nQP 26 QP 26 )    2144744 bits [Y 99.9900 dB    U 99.9900 dB    V 99.9900 dB] [ET     4 ] [L0 ] [L1 ]
POC  312 TId: 0 ( I-SLICE, nQP 26 QP 26 )    2145608 bits [Y 99.9900 dB    U 99.9900 dB    V 99.9900 dB] [ET     4 ] [L0 ] [L1 ]
POC  313 TId: 0 ( I-SLICE, nQP 26 QP 26 )    2146504 bits [Y 99.9900 dB    U 99.9900 dB    V 99.9900 dB] [ET     4 ] [L0 ] [L1 ]
POC  314 TId: 0 ( I-SLICE, nQP 26 QP 26 )    2145624 bits [Y 99.9900 dB    U 99.9900 dB    V 99.9900 dB] [ET     4 ] [L0 ] [L1 ]
POC  315 TId: 0 ( I-SLICE, nQP 26 QP 26 )    2146600 bits [Y 99.9900 dB    U 99.9900 dB    V 99.9900 dB] [ET     4 ] [L0 ] [L1 ]
POC  316 TId: 0 ( I-SLICE, nQP 26 QP 26 )    2145472 bits [Y 99.9900 dB    U 99.9900 dB    V 99.9900 dB] [ET     4 ] [L0 ] [L1 ]
POC  317 TId: 0 ( I-SLICE, nQP 26 QP 26 )    2145408 bits [Y 99.9900 dB    U 99.9900 dB    V 99.9900 dB] [ET     4 ] [L0 ] [L1 ]
POC  318 TId: 0 ( I-SLICE, nQP 26 QP 26 )    2143480 bits [Y 99.9900 dB    U 99.9900 dB    V 99.9900 dB] [ET     4 ] [L0 ] [L1 ]
POC  319 TId: 0 ( I-SLICE, nQP 26 QP 26 )    2143800 bits [Y 99.9900 dB    U 99.9900 dB    V 99.9900 dB] [ET     4 ] [L0 ] [L1 ]
POC  320 TId: 0 ( I-SLICE, nQP 26 QP 26 )    2144040 bits [Y 99.9900 dB    U 99.9900 dB    V 99.9900 dB] [ET     4 ] [L0 ] [L1 ]
POC  321 TId: 0 ( I-SLICE, nQP 26 QP 26 )    2141792 bits [Y 99.9900 dB    U 99.9900 dB    V 99.9900 dB] [ET     3 ] [L0 ] [L1 ]
POC  322 TId: 0 ( I-SLICE, nQP 26 QP 26 )    2143056 bits [Y 99.9900 dB    U 99.9900 dB    V 99.9900 dB] [ET     4 ] [L0 ] [L1 ]
POC  323 TId: 0 ( I-SLICE, nQP 26 QP 26 )    2139512 bits [Y 99.9900 dB    U 99.9900 dB    V 99.9900 dB] [ET     4 ] [L0 ] [L1 ]
POC  324 TId: 0 ( I-SLICE, nQP 26 QP 26 )    2140480 bits [Y 99.9900 dB    U 99.9900 dB    V 99.9900 dB] [ET     4 ] [L0 ] [L1 ]
POC  325 TId: 0 ( I-SLICE, nQP 26 QP 26 )    2138168 bits [Y 99.9900 dB    U 99.9900 dB    V 99.9900 dB] [ET     4 ] [L0 ] [L1 ]
POC  326 TId: 0 ( I-SLICE, nQP 26 QP 26 )    2138104 bits [Y 99.9900 dB    U 99.9900 dB    V 99.9900 dB] [ET     4 ] [L0 ] [L1 ]
POC  327 TId: 0 ( I-SLICE, nQP 26 QP 26 )    2139664 bits [Y 99.9900 dB    U 99.9900 dB    V 99.9900 dB] [ET     4 ] [L0 ] [L1 ]
POC  328 TId: 0 ( I-SLICE, nQP 26 QP 26 )    2137096 bits [Y 99.9900 dB    U 99.9900 dB    V 99.9900 dB] [ET     4 ] [L0 ] [L1 ]
POC  329 TId: 0 ( I-SLICE, nQP 26 QP 26 )    2139752 bits [Y 99.9900 dB    U 99.9900 dB    V 99.9900 dB] [ET     4 ] [L0 ] [L1 ]
POC  330 TId: 0 ( I-SLICE, nQP 26 QP 26 )    2141624 bits [Y 99.9900 dB    U 99.9900 dB    V 99.9900 dB] [ET     4 ] [L0 ] [L1 ]
POC  331 TId: 0 ( I-SLICE, nQP 26 QP 26 )    2145600 bits [Y 99.9900 dB    U 99.9900 dB    V 99.9900 dB] [ET     4 ] [L0 ] [L1 ]
POC  332 TId: 0 ( I-SLICE, nQP 26 QP 26 )    2147096 bits [Y 99.9900 dB    U 99.9900 dB    V 99.9900 dB] [ET     4 ] [L0 ] [L1 ]
POC  333 TId: 0 ( I-SLICE, nQP 26 QP 26 )    2145856 bits [Y 99.9900 dB    U 99.9900 dB    V 99.9900 dB] [ET     4 ] [L0 ] [L1 ]
POC  334 TId: 0 ( I-SLICE, nQP 26 QP 26 )    2146160 bits [Y 99.9900 dB    U 99.9900 dB    V 99.9900 dB] [ET     4 ] [L0 ] [L1 ]
POC  335 TId: 0 ( I-SLICE, nQP 26 QP 26 )    2146784 bits [Y 99.9900 dB    U 99.9900 dB    V 99.9900 dB] [ET     4 ] [L0 ] [L1 ]
POC  336 TId: 0 ( I-SLICE, nQP 26 QP 26 )    2147616 bits [Y 99.9900 dB    U 99.9900 dB    V 99.9900 dB] [ET     4 ] [L0 ] [L1 ]
POC  337 TId: 0 ( I-SLICE, nQP 26 QP 26 )    2147776 bits [Y 99.9900 dB    U 99.9900 dB    V 99.9900 dB] [ET     4 ] [L0 ] [L1 ]
POC  338 TId: 0 ( I-SLICE, nQP 26 QP 26 )    2147816 bits [Y 99.9900 dB    U 99.9900 dB    V 99.9900 dB] [ET     4 ] [L0 ] [L1 ]
POC  339 TId: 0 ( I-SLICE, nQP 26 QP 26 )    2148896 bits [Y 99.9900 dB    U 99.9900 dB    V 99.9900 dB] [ET     3 ] [L0 ] [L1 ]
POC  340 TId: 0 ( I-SLICE, nQP 26 QP 26 )    2146784 bits [Y 99.9900 dB    U 99.9900 dB    V 99.9900 dB] [ET     3 ] [L0 ] [L1 ]
POC  341 TId: 0 ( I-SLICE, nQP 26 QP 26 )    2145752 bits [Y 99.9900 dB    U 99.9900 dB    V 99.9900 dB] [ET     4 ] [L0 ] [L1 ]
POC  342 TId: 0 ( I-SLICE, nQP 26 QP 26 )    2146152 bits [Y 99.9900 dB    U 99.9900 dB    V 99.9900 dB] [ET     4 ] [L0 ] [L1 ]
POC  343 TId: 0 ( I-SLICE, nQP 26 QP 26 )    2144408 bits [Y 99.9900 dB    U 99.9900 dB    V 99.9900 dB] [ET     4 ] [L0 ] [L1 ]
POC  344 TId: 0 ( I-SLICE, nQP 26 QP 26 )    2142456 bits [Y 99.9900 dB    U 99.9900 dB    V 99.9900 dB] [ET     4 ] [L0 ] [L1 ]
POC  345 TId: 0 ( I-SLICE, nQP 26 QP 26 )    2139424 bits [Y 99.9900 dB    U 99.9900 dB    V 99.9900 dB] [ET     4 ] [L0 ] [L1 ]
POC  346 TId: 0 ( I-SLICE, nQP 26 QP 26 )    2138392 bits [Y 99.9900 dB    U 99.9900 dB    V 99.9900 dB] [ET     3 ] [L0 ] [L1 ]
POC  347 TId: 0 ( I-SLICE, nQP 26 QP 26 )    2133840 bits [Y 99.9900 dB    U 99.9900 dB    V 99.9900 dB] [ET     4 ] [L0 ] [L1 ]
POC  348 TId: 0 ( I-SLICE, nQP 26 QP 26 )    2128560 bits [Y 99.9900 dB    U 99.9900 dB    V 99.9900 dB] [ET     4 ] [L0 ] [L1 ]
POC  349 TId: 0 ( I-SLICE, nQP 26 QP 26 )    2127608 bits [Y 99.9900 dB    U 99.9900 dB    V 99.9900 dB] [ET     4 ] [L0 ] [L1 ]
POC  350 TId: 0 ( I-SLICE, nQP 26 QP 26 )    2121888 bits [Y 99.9900 dB    U 99.9900 dB    V 99.9900 dB] [ET     4 ] [L0 ] [L1 ]
POC  351 TId: 0 ( I-SLICE, nQP 26 QP 26 )    2121368 bits [Y 99.9900 dB    U 99.9900 dB    V 99.9900 dB] [ET     4 ] [L0 ] [L1 ]
POC  352 TId: 0 ( I-SLICE, nQP 26 QP 26 )    2116680 bits [Y 99.9900 dB    U 99.9900 dB    V 99.9900 dB] [ET     4 ] [L0 ] [L1 ]
POC  353 TId: 0 ( I-SLICE, nQP 26 QP 26 )    2116304 bits [Y 99.9900 dB    U 99.9900 dB    V 99.9900 dB] [ET     4 ] [L0 ] [L1 ]
POC  354 TId: 0 ( I-SLICE, nQP 26 QP 26 )    2119536 bits [Y 99.9900 dB    U 99.9900 dB    V 99.9900 dB] [ET     4 ] [L0 ] [L1 ]
POC  355 TId: 0 ( I-SLICE, nQP 26 QP 26 )    2112896 bits [Y 99.9900 dB    U 99.9900 dB    V 99.9900 dB] [ET     4 ] [L0 ] [L1 ]
POC  356 TId: 0 ( I-SLICE, nQP 26 QP 26 )    2110040 bits [Y 99.9900 dB    U 99.9900 dB    V 99.9900 dB] [ET     4 ] [L0 ] [L1 ]
POC  357 TId: 0 ( I-SLICE, nQP 26 QP 26 )    2106552 bits [Y 99.9900 dB    U 99.9900 dB    V 99.9900 dB] [ET     4 ] [L0 ] [L1 ]
POC  358 TId: 0 ( I-SLICE, nQP 26 QP 26 )    2107272 bits [Y 99.9900 dB    U 99.9900 dB    V 99.9900 dB] [ET     3 ] [L0 ] [L1 ]
POC  359 TId: 0 ( I-SLICE, nQP 26 QP 26 )    2105384 bits [Y 99.9900 dB    U 99.9900 dB    V 99.9900 dB] [ET     4 ] [L0 ] [L1 ]
POC  360 TId: 0 ( I-SLICE, nQP 26 QP 26 )    2103120 bits [Y 99.9900 dB    U 99.9900 dB    V 99.9900 dB] [ET     3 ] [L0 ] [L1 ]
POC  361 TId: 0 ( I-SLICE, nQP 26 QP 26 )    2102928 bits [Y 99.9900 dB    U 99.9900 dB    V 99.9900 dB] [ET     4 ] [L0 ] [L1 ]
POC  362 TId: 0 ( I-SLICE, nQP 26 QP 26 )    2103048 bits [Y 99.9900 dB    U 99.9900 dB    V 99.9900 dB] [ET     4 ] [L0 ] [L1 ]
POC  363 TId: 0 ( I-SLICE, nQP 26 QP 26 )    2098184 bits [Y 99.9900 dB    U 99.9900 dB    V 99.9900 dB] [ET     4 ] [L0 ] [L1 ]
POC  364 TId: 0 ( I-SLICE, nQP 26 QP 26 )    2099408 bits [Y 99.9900 dB    U 99.9900 dB    V 99.9900 dB] [ET     4 ] [L0 ] [L1 ]
POC  365 TId: 0 ( I-SLICE, nQP 26 QP 26 )    2095680 bits [Y 99.9900 dB    U 99.9900 dB    V 99.9900 dB] [ET     3 ] [L0 ] [L1 ]
POC  366 TId: 0 ( I-SLICE, nQP 26 QP 26 )    2097872 bits [Y 99.9900 dB    U 99.9900 dB    V 99.9900 dB] [ET     3 ] [L0 ] [L1 ]
POC  367 TId: 0 ( I-SLICE, nQP 26 QP 26 )    2096608 bits [Y 99.9900 dB    U 99.9900 dB    V 99.9900 dB] [ET     4 ] [L0 ] [L1 ]
POC  368 TId: 0 ( I-SLICE, nQP 26 QP 26 )    2095008 bits [Y 99.9900 dB    U 99.9900 dB    V 99.9900 dB] [ET     4 ] [L0 ] [L1 ]
POC  369 TId: 0 ( I-SLICE, nQP 26 QP 26 )    2092136 bits [Y 99.9900 dB    U 99.9900 dB    V 99.9900 dB] [ET     4 ] [L0 ] [L1 ]
POC  370 TId: 0 ( I-SLICE, nQP 26 QP 26 )    2094072 bits [Y 99.9900 dB    U 99.9900 dB    V 99.9900 dB] [ET     3 ] [L0 ] [L1 ]
POC  371 TId: 0 ( I-SLICE, nQP 26 QP 26 )    2091936 bits [Y 99.9900 dB    U 99.9900 dB    V 99.9900 dB] [ET     4 ] [L0 ] [L1 ]
POC  372 TId: 0 ( I-SLICE, nQP 26 QP 26 )    2091544 bits [Y 99.9900 dB    U 99.9900 dB    V 99.9900 dB] [ET     4 ] [L0 ] [L1 ]
POC  373 TId: 0 ( I-SLICE, nQP 26 QP 26 )    2094248 bits [Y 99.9900 dB    U 99.9900 dB    V 99.9900 dB] [ET     4 ] [L0 ] [L1 ]
POC  374 TId: 0 ( I-SLICE, nQP 26 QP 26 )    2093264 bits [Y 99.9900 dB    U 99.9900 dB    V 99.9900 dB] [ET     4 ] [L0 ] [L1 ]
POC  375 TId: 0 ( I-SLICE, nQP 26 QP 26 )    2093048 bits [Y 99.9900 dB    U 99.9900 dB    V 99.9900 dB] [ET     3 ] [L0 ] [L1 ]
POC  376 TId: 0 ( I-SLICE, nQP 26 QP 26 )    2092200 bits [Y 99.9900 dB    U 99.9900 dB    V 99.9900 dB] [ET     4 ] [L0 ] [L1 ]
POC  377 TId: 0 ( I-SLICE, nQP 26 QP 26 )    2097800 bits [Y 99.9900 dB    U 99.9900 dB    V 99.9900 dB] [ET     4 ] [L0 ] [L1 ]
POC  378 TId: 0 ( I-SLICE, nQP 26 QP 26 )    2095096 bits [Y 99.9900 dB    U 99.9900 dB    V 99.9900 dB] [ET     4 ] [L0 ] [L1 ]
POC  379 TId: 0 ( I-SLICE, nQP 26 QP 26 )    2097480 bits [Y 99.9900 dB    U 99.9900 dB    V 99.9900 dB] [ET     4 ] [L0 ] [L1 ]
POC  380 TId: 0 ( I-SLICE, nQP 26 QP 26 )    2096488 bits [Y 99.9900 dB    U 99.9900 dB    V 99.9900 dB] [ET     4 ] [L0 ] [L1 ]
POC  381 TId: 0 ( I-SLICE, nQP 26 QP 26 )    2098648 bits [Y 99.9900 dB    U 99.9900 dB    V 99.9900 dB] [ET     4 ] [L0 ] [L1 ]
POC  382 TId: 0 ( I-SLICE, nQP 26 QP 26 )    2105448 bits [Y 99.9900 dB    U 99.9900 dB    V 99.9900 dB] [ET     4 ] [L0 ] [L1 ]
POC  383 TId: 0 ( I-SLICE, nQP 26 QP 26 )    2104656 bits [Y 99.9900 dB    U 99.9900 dB    V 99.9900 dB] [ET     3 ] [L0 ] [L1 ]
POC  384 TId: 0 ( I-SLICE, nQP 26 QP 26 )    2110688 bits [Y 99.9900 dB    U 99.9900 dB    V 99.9900 dB] [ET     4 ] [L0 ] [L1 ]
POC  385 TId: 0 ( I-SLICE, nQP 26 QP 26 )    2107048 bits [Y 99.9900 dB    U 99.9900 dB    V 99.9900 dB] [ET     4 ] [L0 ] [L1 ]
POC  386 TId: 0 ( I-SLICE, nQP 26 QP 26 )    2110800 bits [Y 99.9900 dB    U 99.9900 dB    V 99.9900 dB] [ET     4 ] [L0 ] [L1 ]
POC  387 TId: 0 ( I-SLICE, nQP 26 QP 26 )    2111208 bits [Y 99.9900 dB    U 99.9900 dB    V 99.9900 dB] [ET     4 ] [L0 ] [L1 ]
POC  388 TId: 0 ( I-SLICE, nQP 26 QP 26 )    2109472 bits [Y 99.9900 dB    U 99.9900 dB    V 99.9900 dB] [ET     4 ] [L0 ] [L1 ]
POC  389 TId: 0 ( I-SLICE, nQP 26 QP 26 )    2107432 bits [Y 99.9900 dB    U 99.9900 dB    V 99.9900 dB] [ET     3 ] [L0 ] [L1 ]
POC  390 TId: 0 ( I-SLICE, nQP 26 QP 26 )    2111856 bits [Y 99.9900 dB    U 99.9900 dB    V 99.9900 dB] [ET     4 ] [L0 ] [L1 ]
POC  391 TId: 0 ( I-SLICE, nQP 26 QP 26 )    2112176 bits [Y 99.9900 dB    U 99.9900 dB    V 99.9900 dB] [ET     4 ] [L0 ] [L1 ]
POC  392 TId: 0 ( I-SLICE, nQP 26 QP 26 )    2114008 bits [Y 99.9900 dB    U 99.9900 dB    V 99.9900 dB] [ET     3 ] [L0 ] [L1 ]
POC  393 TId: 0 ( I-SLICE, nQP 26 QP 26 )    2117768 bits [Y 99.9900 dB    U 99.9900 dB    V 99.9900 dB] [ET     4 ] [L0 ] [L1 ]
POC  394 TId: 0 ( I-SLICE, nQP 26 QP 26 )    2119608 bits [Y 99.9900 dB    U 99.9900 dB    V 99.9900 dB] [ET     4 ] [L0 ] [L1 ]
POC  395 TId: 0 ( I-SLICE, nQP 26 QP 26 )    2120960 bits [Y 99.9900 dB    U 99.9900 dB    V 99.9900 dB] [ET     4 ] [L0 ] [L1 ]
POC  396 TId: 0 ( I-SLICE, nQP 26 QP 26 )    2122320 bits [Y 99.9900 dB    U 99.9900 dB    V 99.9900 dB] [ET     4 ] [L0 ] [L1 ]
POC  397 TId: 0 ( I-SLICE, nQP 26 QP 26 )    2129568 bits [Y 99.9900 dB    U 99.9900 dB    V 99.9900 dB] [ET     4 ] [L0 ] [L1 ]
POC  398 TId: 0 ( I-SLICE, nQP 26 QP 26 )    2129512 bits [Y 99.9900 dB    U 99.9900 dB    V 99.9900 dB] [ET     3 ] [L0 ] [L1 ]
POC  399 TId: 0 ( I-SLICE, nQP 26 QP 26 )    2135504 bits [Y 99.9900 dB    U 99.9900 dB    V 99.9900 dB] [ET     4 ] [L0 ] [L1 ]
POC  400 TId: 0 ( I-SLICE, nQP 26 QP 26 )    2138440 bits [Y 99.9900 dB    U 99.9900 dB    V 99.9900 dB] [ET     3 ] [L0 ] [L1 ]
POC  401 TId: 0 ( I-SLICE, nQP 26 QP 26 )    2140464 bits [Y 99.9900 dB    U 99.9900 dB    V 99.9900 dB] [ET     4 ] [L0 ] [L1 ]
POC  402 TId: 0 ( I-SLICE, nQP 26 QP 26 )    2145832 bits [Y 99.9900 dB    U 99.9900 dB    V 99.9900 dB] [ET     4 ] [L0 ] [L1 ]
POC  403 TId: 0 ( I-SLICE, nQP 26 QP 26 )    2148056 bits [Y 99.9900 dB    U 99.9900 dB    V 99.9900 dB] [ET     4 ] [L0 ] [L1 ]
POC  404 TId: 0 ( I-SLICE, nQP 26 QP 26 )    2151304 bits [Y 99.9900 dB    U 99.9900 dB    V 99.9900 dB] [ET     4 ] [L0 ] [L1 ]
POC  405 TId: 0 ( I-SLICE, nQP 26 QP 26 )    2148552 bits [Y 99.9900 dB    U 99.9900 dB    V 99.9900 dB] [ET     4 ] [L0 ] [L1 ]
POC  406 TId: 0 ( I-SLICE, nQP 26 QP 26 )    2144064 bits [Y 99.9900 dB    U 99.9900 dB    V 99.9900 dB] [ET     3 ] [L0 ] [L1 ]
POC  407 TId: 0 ( I-SLICE, nQP 26 QP 26 )    2138768 bits [Y 99.9900 dB    U 99.9900 dB    V 99.9900 dB] [ET     4 ] [L0 ] [L1 ]
POC  408 TId: 0 ( I-SLICE, nQP 26 QP 26 )    2141472 bits [Y 99.9900 dB    U 99.9900 dB    V 99.9900 dB] [ET     4 ] [L0 ] [L1 ]
POC  409 TId: 0 ( I-SLICE, nQP 26 QP 26 )    2137608 bits [Y 99.9900 dB    U 99.9900 dB    V 99.9900 dB] [ET     4 ] [L0 ] [L1 ]
POC  410 TId: 0 ( I-SLICE, nQP 26 QP 26 )    2133200 bits [Y 99.9900 dB    U 99.9900 dB    V 99.9900 dB] [ET     4 ] [L0 ] [L1 ]
POC  411 TId: 0 ( I-SLICE, nQP 26 QP 26 )    2128984 bits [Y 99.9900 dB    U 99.9900 dB    V 99.9900 dB] [ET     4 ] [L0 ] [L1 ]
POC  412 TId: 0 ( I-SLICE, nQP 26 QP 26 )    2119936 bits [Y 99.9900 dB    U 99.9900 dB    V 99.9900 dB] [ET     4 ] [L0 ] [L1 ]
POC  413 TId: 0 ( I-SLICE, nQP 26 QP 26 )    2116952 bits [Y 99.9900 dB    U 99.9900 dB    V 99.9900 dB] [ET     4 ] [L0 ] [L1 ]
POC  414 TId: 0 ( I-SLICE, nQP 26 QP 26 )    2114360 bits [Y 99.9900 dB    U 99.9900 dB    V 99.9900 dB] [ET     4 ] [L0 ] [L1 ]
POC  415 TId: 0 ( I-SLICE, nQP 26 QP 26 )    2113216 bits [Y 99.9900 dB    U 99.9900 dB    V 99.9900 dB] [ET     4 ] [L0 ] [L1 ]
POC  416 TId: 0 ( I-SLICE, nQP 26 QP 26 )    2115680 bits [Y 99.9900 dB    U 99.9900 dB    V 99.9900 dB] [ET     4 ] [L0 ] [L1 ]
POC  417 TId: 0 ( I-SLICE, nQP 26 QP 26 )    2113496 bits [Y 99.9900 dB    U 99.9900 dB    V 99.9900 dB] [ET     4 ] [L0 ] [L1 ]
POC  418 TId: 0 ( I-SLICE, nQP 26 QP 26 )    2115520 bits [Y 99.9900 dB    U 99.9900 dB    V 99.9900 dB] [ET     4 ] [L0 ] [L1 ]
POC  419 TId: 0 ( I-SLICE, nQP 26 QP 26 )    2111744 bits [Y 99.9900 dB    U 99.9900 dB    V 99.9900 dB] [ET     4 ] [L0 ] [L1 ]
POC  420 TId: 0 ( I-SLICE, nQP 26 QP 26 )    2110256 bits [Y 99.9900 dB    U 99.9900 dB    V 99.9900 dB] [ET     3 ] [L0 ] [L1 ]
POC  421 TId: 0 ( I-SLICE, nQP 26 QP 26 )    2109864 bits [Y 99.9900 dB    U 99.9900 dB    V 99.9900 dB] [ET     4 ] [L0 ] [L1 ]
POC  422 TId: 0 ( I-SLICE, nQP 26 QP 26 )    2115928 bits [Y 99.9900 dB    U 99.9900 dB    V 99.9900 dB] [ET     4 ] [L0 ] [L1 ]
POC  423 TId: 0 ( I-SLICE, nQP 26 QP 26 )    2110000 bits [Y 99.9900 dB    U 99.9900 dB    V 99.9900 dB] [ET     3 ] [L0 ] [L1 ]
POC  424 TId: 0 ( I-SLICE, nQP 26 QP 26 )    2111280 bits [Y 99.9900 dB    U 99.9900 dB    V 99.9900 dB] [ET     4 ] [L0 ] [L1 ]
POC  425 TId: 0 ( I-SLICE, nQP 26 QP 26 )    2116880 bits [Y 99.9900 dB    U 99.9900 dB    V 99.9900 dB] [ET     3 ] [L0 ] [L1 ]
POC  426 TId: 0 ( I-SLICE, nQP 26 QP 26 )    2119400 bits [Y 99.9900 dB    U 99.9900 dB    V 99.9900 dB] [ET     4 ] [L0 ] [L1 ]
POC  427 TId: 0 ( I-SLICE, nQP 26 QP 26 )    2121992 bits [Y 99.9900 dB    U 99.9900 dB    V 99.9900 dB] [ET     3 ] [L0 ] [L1 ]
POC  428 TId: 0 ( I-SLICE, nQP 26 QP 26 )    2125912 bits [Y 99.9900 dB    U 99.9900 dB    V 99.9900 dB] [ET     4 ] [L0 ] [L1 ]
POC  429 TId: 0 ( I-SLICE, nQP 26 QP 26 )    2125192 bits [Y 99.9900 dB    U 99.9900 dB    V 99.9900 dB] [ET     4 ] [L0 ] [L1 ]
POC  430 TId: 0 ( I-SLICE, nQP 26 QP 26 )    2129312 bits [Y 99.9900 dB    U 99.9900 dB    V 99.9900 dB] [ET     3 ] [L0 ] [L1 ]
POC  431 TId: 0 ( I-SLICE, nQP 26 QP 26 )    2129856 bits [Y 99.9900 dB    U 99.9900 dB    V 99.9900 dB] [ET     4 ] [L0 ] [L1 ]
POC  432 TId: 0 ( I-SLICE, nQP 26 QP 26 )    2129776 bits [Y 99.9900 dB    U 99.9900 dB    V 99.9900 dB] [ET     4 ] [L0 ] [L1 ]
POC  433 TId: 0 ( I-SLICE, nQP 26 QP 26 )    2127696 bits [Y 99.9900 dB    U 99.9900 dB    V 99.9900 dB] [ET     4 ] [L0 ] [L1 ]
POC  434 TId: 0 ( I-SLICE, nQP 26 QP 26 )    2131432 bits [Y 99.9900 dB    U 99.9900 dB    V 99.9900 dB] [ET     4 ] [L0 ] [L1 ]
POC  435 TId: 0 ( I-SLICE, nQP 26 QP 26 )    2128752 bits [Y 99.9900 dB    U 99.9900 dB    V 99.9900 dB] [ET     3 ] [L0 ] [L1 ]
POC  436 TId: 0 ( I-SLICE, nQP 26 QP 26 )    2128816 bits [Y 99.9900 dB    U 99.9900 dB    V 99.9900 dB] [ET     4 ] [L0 ] [L1 ]
POC  437 TId: 0 ( I-SLICE, nQP 26 QP 26 )    2119048 bits [Y 99.9900 dB    U 99.9900 dB    V 99.9900 dB] [ET     4 ] [L0 ] [L1 ]
POC  438 TId: 0 ( I-SLICE, nQP 26 QP 26 )    2108176 bits [Y 99.9900 dB    U 99.9900 dB    V 99.9900 dB] [ET     3 ] [L0 ] [L1 ]
POC  439 TId: 0 ( I-SLICE, nQP 26 QP 26 )    2098376 bits [Y 99.9900 dB    U 99.9900 dB    V 99.9900 dB] [ET     4 ] [L0 ] [L1 ]
POC  440 TId: 0 ( I-SLICE, nQP 26 QP 26 )    2085592 bits [Y 99.9900 dB    U 99.9900 dB    V 99.9900 dB] [ET     3 ] [L0 ] [L1 ]
POC  441 TId: 0 ( I-SLICE, nQP 26 QP 26 )    2073440 bits [Y 99.9900 dB    U 99.9900 dB    V 99.9900 dB] [ET     3 ] [L0 ] [L1 ]
POC  442 TId: 0 ( I-SLICE, nQP 26 QP 26 )    2059800 bits [Y 99.9900 dB    U 99.9900 dB    V 99.9900 dB] [ET     4 ] [L0 ] [L1 ]
POC  443 TId: 0 ( I-SLICE, nQP 26 QP 26 )    2048664 bits [Y 99.9900 dB    U 99.9900 dB    V 99.9900 dB] [ET     4 ] [L0 ] [L1 ]
POC  444 TId: 0 ( I-SLICE, nQP 26 QP 26 )    2040056 bits [Y 99.9900 dB    U 99.9900 dB    V 99.9900 dB] [ET     3 ] [L0 ] [L1 ]
POC  445 TId: 0 ( I-SLICE, nQP 26 QP 26 )    2028600 bits [Y 99.9900 dB    U 99.9900 dB    V 99.9900 dB] [ET     3 ] [L0 ] [L1 ]
POC  446 TId: 0 ( I-SLICE, nQP 26 QP 26 )    2017936 bits [Y 99.9900 dB    U 99.9900 dB    V 99.9900 dB] [ET     4 ] [L0 ] [L1 ]
POC  447 TId: 0 ( I-SLICE, nQP 26 QP 26 )    1999040 bits [Y 99.9900 dB    U 99.9900 dB    V 99.9900 dB] [ET     4 ] [L0 ] [L1 ]
POC  448 TId: 0 ( I-SLICE, nQP 26 QP 26 )    1987032 bits [Y 99.9900 dB    U 99.9900 dB    V 99.9900 dB] [ET     3 ] [L0 ] [L1 ]
POC  449 TId: 0 ( I-SLICE, nQP 26 QP 26 )    1973056 bits [Y 99.9900 dB    U 99.9900 dB    V 99.9900 dB] [ET     3 ] [L0 ] [L1 ]
POC  450 TId: 0 ( I-SLICE, nQP 26 QP 26 )    1965936 bits [Y 99.9900 dB    U 99.9900 dB    V 99.9900 dB] [ET     3 ] [L0 ] [L1 ]
POC  451 TId: 0 ( I-SLICE, nQP 26 QP 26 )    1961120 bits [Y 99.9900 dB    U 99.9900 dB    V 99.9900 dB] [ET     3 ] [L0 ] [L1 ]
POC  452 TId: 0 ( I-SLICE, nQP 26 QP 26 )    1954712 bits [Y 99.9900 dB    U 99.9900 dB    V 99.9900 dB] [ET     4 ] [L0 ] [L1 ]
POC  453 TId: 0 ( I-SLICE, nQP 26 QP 26 )    1951824 bits [Y 99.9900 dB    U 99.9900 dB    V 99.9900 dB] [ET     4 ] [L0 ] [L1 ]
POC  454 TId: 0 ( I-SLICE, nQP 26 QP 26 )    1950544 bits [Y 99.9900 dB    U 99.9900 dB    V 99.9900 dB] [ET     3 ] [L0 ] [L1 ]
POC  455 TId: 0 ( I-SLICE, nQP 26 QP 26 )    1959952 bits [Y 99.9900 dB    U 99.9900 dB    V 99.9900 dB] [ET     4 ] [L0 ] [L1 ]
POC  456 TId: 0 ( I-SLICE, nQP 26 QP 26 )    1965960 bits [Y 99.9900 dB    U 99.9900 dB    V 99.9900 dB] [ET     3 ] [L0 ] [L1 ]
POC  457 TId: 0 ( I-SLICE, nQP 26 QP 26 )    1969328 bits [Y 99.9900 dB    U 99.9900 dB    V 99.9900 dB] [ET     3 ] [L0 ] [L1 ]
POC  458 TId: 0 ( I-SLICE, nQP 26 QP 26 )    1972384 bits [Y 99.9900 dB    U 99.9900 dB    V 99.9900 dB] [ET     3 ] [L0 ] [L1 ]
POC  459 TId: 0 ( I-SLICE, nQP 26 QP 26 )    1977224 bits [Y 99.9900 dB    U 99.9900 dB    V 99.9900 dB] [ET     3 ] [L0 ] [L1 ]
POC  460 TId: 0 ( I-SLICE, nQP 26 QP 26 )    1983280 bits [Y 99.9900 dB    U 99.9900 dB    V 99.9900 dB] [ET     3 ] [L0 ] [L1 ]
POC  461 TId: 0 ( I-SLICE, nQP 26 QP 26 )    1988696 bits [Y 99.9900 dB    U 99.9900 dB    V 99.9900 dB] [ET     3 ] [L0 ] [L1 ]
POC  462 TId: 0 ( I-SLICE, nQP 26 QP 26 )    1993064 bits [Y 99.9900 dB    U 99.9900 dB    V 99.9900 dB] [ET     4 ] [L0 ] [L1 ]
POC  463 TId: 0 ( I-SLICE, nQP 26 QP 26 )    2003480 bits [Y 99.9900 dB    U 99.9900 dB    V 99.9900 dB] [ET     3 ] [L0 ] [L1 ]
POC  464 TId: 0 ( I-SLICE, nQP 26 QP 26 )    2006536 bits [Y 99.9900 dB    U 99.9900 dB    V 99.9900 dB] [ET     3 ] [L0 ] [L1 ]
POC  465 TId: 0 ( I-SLICE, nQP 26 QP 26 )    2017192 bits [Y 99.9900 dB    U 99.9900 dB    V 99.9900 dB] [ET     3 ] [L0 ] [L1 ]
POC  466 TId: 0 ( I-SLICE, nQP 26 QP 26 )    2017240 bits [Y 99.9900 dB    U 99.9900 dB    V 99.9900 dB] [ET     4 ] [L0 ] [L1 ]
POC  467 TId: 0 ( I-SLICE, nQP 26 QP 26 )    2021184 bits [Y 99.9900 dB    U 99.9900 dB    V 99.9900 dB] [ET     3 ] [L0 ] [L1 ]
POC  468 TId: 0 ( I-SLICE, nQP 26 QP 26 )    2023064 bits [Y 99.9900 dB    U 99.9900 dB    V 99.9900 dB] [ET     3 ] [L0 ] [L1 ]
POC  469 TId: 0 ( I-SLICE, nQP 26 QP 26 )    2025960 bits [Y 99.9900 dB    U 99.9900 dB    V 99.9900 dB] [ET     3 ] [L0 ] [L1 ]
POC  470 TId: 0 ( I-SLICE, nQP 26 QP 26 )    2027024 bits [Y 99.9900 dB    U 99.9900 dB    V 99.9900 dB] [ET     3 ] [L0 ] [L1 ]
POC  471 TId: 0 ( I-SLICE, nQP 26 QP 26 )    2028288 bits [Y 99.9900 dB    U 99.9900 dB    V 99.9900 dB] [ET     3 ] [L0 ] [L1 ]
POC  472 TId: 0 ( I-SLICE, nQP 26 QP 26 )    2024648 bits [Y 99.9900 dB    U 99.9900 dB    V 99.9900 dB] [ET     4 ] [L0 ] [L1 ]
POC  473 TId: 0 ( I-SLICE, nQP 26 QP 26 )    2024192 bits [Y 99.9900 dB    U 99.9900 dB    V 99.9900 dB] [ET     3 ] [L0 ] [L1 ]
POC  474 TId: 0 ( I-SLICE, nQP 26 QP 26 )    2032848 bits [Y 99.9900 dB    U 99.9900 dB    V 99.9900 dB] [ET     3 ] [L0 ] [L1 ]
POC  475 TId: 0 ( I-SLICE, nQP 26 QP 26 )    2038768 bits [Y 99.9900 dB    U 99.9900 dB    V 99.9900 dB] [ET     3 ] [L0 ] [L1 ]
POC  476 TId: 0 ( I-SLICE, nQP 26 QP 26 )    2042376 bits [Y 99.9900 dB    U 99.9900 dB    V 99.9900 dB] [ET     3 ] [L0 ] [L1 ]
POC  477 TId: 0 ( I-SLICE, nQP 26 QP 26 )    2046128 bits [Y 99.9900 dB    U 99.9900 dB    V 99.9900 dB] [ET     4 ] [L0 ] [L1 ]
POC  478 TId: 0 ( I-SLICE, nQP 26 QP 26 )    2049096 bits [Y 99.9900 dB    U 99.9900 dB    V 99.9900 dB] [ET     4 ] [L0 ] [L1 ]
POC  479 TId: 0 ( I-SLICE, nQP 26 QP 26 )    2051208 bits [Y 99.9900 dB    U 99.9900 dB    V 99.9900 dB] [ET     3 ] [L0 ] [L1 ]
POC  480 TId: 0 ( I-SLICE, nQP 26 QP 26 )    2051816 bits [Y 99.9900 dB    U 99.9900 dB    V 99.9900 dB] [ET     4 ] [L0 ] [L1 ]
POC  481 TId: 0 ( I-SLICE, nQP 26 QP 26 )    2053480 bits [Y 99.9900 dB    U 99.9900 dB    V 99.9900 dB] [ET     3 ] [L0 ] [L1 ]
POC  482 TId: 0 ( I-SLICE, nQP 26 QP 26 )    2051840 bits [Y 99.9900 dB    U 99.9900 dB    V 99.9900 dB] [ET     3 ] [L0 ] [L1 ]
POC  483 TId: 0 ( I-SLICE, nQP 26 QP 26 )    2058592 bits [Y 99.9900 dB    U 99.9900 dB    V 99.9900 dB] [ET     4 ] [L0 ] [L1 ]
POC  484 TId: 0 ( I-SLICE, nQP 26 QP 26 )    2061960 bits [Y 99.9900 dB    U 99.9900 dB    V 99.9900 dB] [ET     3 ] [L0 ] [L1 ]
POC  485 TId: 0 ( I-SLICE, nQP 26 QP 26 )    2066880 bits [Y 99.9900 dB    U 99.9900 dB    V 99.9900 dB] [ET     4 ] [L0 ] [L1 ]
POC  486 TId: 0 ( I-SLICE, nQP 26 QP 26 )    2069576 bits [Y 99.9900 dB    U 99.9900 dB    V 99.9900 dB] [ET     3 ] [L0 ] [L1 ]
POC  487 TId: 0 ( I-SLICE, nQP 26 QP 26 )    2077624 bits [Y 99.9900 dB    U 99.9900 dB    V 99.9900 dB] [ET     3 ] [L0 ] [L1 ]
POC  488 TId: 0 ( I-SLICE, nQP 26 QP 26 )    2079776 bits [Y 99.9900 dB    U 99.9900 dB    V 99.9900 dB] [ET     3 ] [L0 ] [L1 ]
POC  489 TId: 0 ( I-SLICE, nQP 26 QP 26 )    2079824 bits [Y 99.9900 dB    U 99.9900 dB    V 99.9900 dB] [ET     3 ] [L0 ] [L1 ]
POC  490 TId: 0 ( I-SLICE, nQP 26 QP 26 )    2078968 bits [Y 99.9900 dB    U 99.9900 dB    V 99.9900 dB] [ET     4 ] [L0 ] [L1 ]
POC  491 TId: 0 ( I-SLICE, nQP 26 QP 26 )    2080992 bits [Y 99.9900 dB    U 99.9900 dB    V 99.9900 dB] [ET     4 ] [L0 ] [L1 ]
POC  492 TId: 0 ( I-SLICE, nQP 26 QP 26 )    2089832 bits [Y 99.9900 dB    U 99.9900 dB    V 99.9900 dB] [ET     3 ] [L0 ] [L1 ]
POC  493 TId: 0 ( I-SLICE, nQP 26 QP 26 )    2094536 bits [Y 99.9900 dB    U 99.9900 dB    V 99.9900 dB] [ET     4 ] [L0 ] [L1 ]
POC  494 TId: 0 ( I-SLICE, nQP 26 QP 26 )    2094664 bits [Y 99.9900 dB    U 99.9900 dB    V 99.9900 dB] [ET     3 ] [L0 ] [L1 ]
POC  495 TId: 0 ( I-SLICE, nQP 26 QP 26 )    2095600 bits [Y 99.9900 dB    U 99.9900 dB    V 99.9900 dB] [ET     4 ] [L0 ] [L1 ]
POC  496 TId: 0 ( I-SLICE, nQP 26 QP 26 )    2094016 bits [Y 99.9900 dB    U 99.9900 dB    V 99.9900 dB] [ET     4 ] [L0 ] [L1 ]
POC  497 TId: 0 ( I-SLICE, nQP 26 QP 26 )    2095744 bits [Y 99.9900 dB    U 99.9900 dB    V 99.9900 dB] [ET     3 ] [L0 ] [L1 ]
POC  498 TId: 0 ( I-SLICE, nQP 26 QP 26 )    2098000 bits [Y 99.9900 dB    U 99.9900 dB    V 99.9900 dB] [ET     4 ] [L0 ] [L1 ]
POC  499 TId: 0 ( I-SLICE, nQP 26 QP 26 )    2098048 bits [Y 99.9900 dB    U 99.9900 dB    V 99.9900 dB] [ET     3 ] [L0 ] [L1 ]
POC  500 TId: 0 ( I-SLICE, nQP 26 QP 26 )    2100528 bits [Y 99.9900 dB    U 99.9900 dB    V 99.9900 dB] [ET     3 ] [L0 ] [L1 ]
POC  501 TId: 0 ( I-SLICE, nQP 26 QP 26 )    2100888 bits [Y 99.9900 dB    U 99.9900 dB    V 99.9900 dB] [ET     3 ] [L0 ] [L1 ]
POC  502 TId: 0 ( I-SLICE, nQP 26 QP 26 )    2102344 bits [Y 99.9900 dB    U 99.9900 dB    V 99.9900 dB] [ET     4 ] [L0 ] [L1 ]
POC  503 TId: 0 ( I-SLICE, nQP 26 QP 26 )    2098688 bits [Y 99.9900 dB    U 99.9900 dB    V 99.9900 dB] [ET     4 ] [L0 ] [L1 ]
POC  504 TId: 0 ( I-SLICE, nQP 26 QP 26 )    2104592 bits [Y 99.9900 dB    U 99.9900 dB    V 99.9900 dB] [ET     4 ] [L0 ] [L1 ]
POC  505 TId: 0 ( I-SLICE, nQP 26 QP 26 )    2105040 bits [Y 99.9900 dB    U 99.9900 dB    V 99.9900 dB] [ET     4 ] [L0 ] [L1 ]
POC  506 TId: 0 ( I-SLICE, nQP 26 QP 26 )    2102232 bits [Y 99.9900 dB    U 99.9900 dB    V 99.9900 dB] [ET     4 ] [L0 ] [L1 ]
POC  507 TId: 0 ( I-SLICE, nQP 26 QP 26 )    2109936 bits [Y 99.9900 dB    U 99.9900 dB    V 99.9900 dB] [ET     4 ] [L0 ] [L1 ]
POC  508 TId: 0 ( I-SLICE, nQP 26 QP 26 )    2109552 bits [Y 99.9900 dB    U 99.9900 dB    V 99.9900 dB] [ET     4 ] [L0 ] [L1 ]
POC  509 TId: 0 ( I-SLICE, nQP 26 QP 26 )    2109464 bits [Y 99.9900 dB    U 99.9900 dB    V 99.9900 dB] [ET     4 ] [L0 ] [L1 ]
POC  510 TId: 0 ( I-SLICE, nQP 26 QP 26 )    2112424 bits [Y 99.9900 dB    U 99.9900 dB    V 99.9900 dB] [ET     4 ] [L0 ] [L1 ]
POC  511 TId: 0 ( I-SLICE, nQP 26 QP 26 )    2113840 bits [Y 99.9900 dB    U 99.9900 dB    V 99.9900 dB] [ET     4 ] [L0 ] [L1 ]
POC  512 TId: 0 ( I-SLICE, nQP 26 QP 26 )    2116088 bits [Y 99.9900 dB    U 99.9900 dB    V 99.9900 dB] [ET     3 ] [L0 ] [L1 ]
POC  513 TId: 0 ( I-SLICE, nQP 26 QP 26 )    2123944 bits [Y 99.9900 dB    U 99.9900 dB    V 99.9900 dB] [ET     3 ] [L0 ] [L1 ]
POC  514 TId: 0 ( I-SLICE, nQP 26 QP 26 )    2127680 bits [Y 99.9900 dB    U 99.9900 dB    V 99.9900 dB] [ET     4 ] [L0 ] [L1 ]
POC  515 TId: 0 ( I-SLICE, nQP 26 QP 26 )    2124600 bits [Y 99.9900 dB    U 99.9900 dB    V 99.9900 dB] [ET     4 ] [L0 ] [L1 ]
POC  516 TId: 0 ( I-SLICE, nQP 26 QP 26 )    2128960 bits [Y 99.9900 dB    U 99.9900 dB    V 99.9900 dB] [ET     4 ] [L0 ] [L1 ]
POC  517 TId: 0 ( I-SLICE, nQP 26 QP 26 )    2140304 bits [Y 99.9900 dB    U 99.9900 dB    V 99.9900 dB] [ET     3 ] [L0 ] [L1 ]
POC  518 TId: 0 ( I-SLICE, nQP 26 QP 26 )    2150408 bits [Y 99.9900 dB    U 99.9900 dB    V 99.9900 dB] [ET     4 ] [L0 ] [L1 ]
POC  519 TId: 0 ( I-SLICE, nQP 26 QP 26 )    2159048 bits [Y 99.9900 dB    U 99.9900 dB    V 99.9900 dB] [ET     4 ] [L0 ] [L1 ]
POC  520 TId: 0 ( I-SLICE, nQP 26 QP 26 )    2171616 bits [Y 99.9900 dB    U 99.9900 dB    V 99.9900 dB] [ET     4 ] [L0 ] [L1 ]
POC  521 TId: 0 ( I-SLICE, nQP 26 QP 26 )    2186592 bits [Y 99.9900 dB    U 99.9900 dB    V 99.9900 dB] [ET     3 ] [L0 ] [L1 ]
POC  522 TId: 0 ( I-SLICE, nQP 26 QP 26 )    2195536 bits [Y 99.9900 dB    U 99.9900 dB    V 99.9900 dB] [ET     4 ] [L0 ] [L1 ]
POC  523 TId: 0 ( I-SLICE, nQP 26 QP 26 )    2208272 bits [Y 99.9900 dB    U 99.9900 dB    V 99.9900 dB] [ET     4 ] [L0 ] [L1 ]
POC  524 TId: 0 ( I-SLICE, nQP 26 QP 26 )    2220872 bits [Y 99.9900 dB    U 99.9900 dB    V 99.9900 dB] [ET     4 ] [L0 ] [L1 ]
POC  525 TId: 0 ( I-SLICE, nQP 26 QP 26 )    2229744 bits [Y 99.9900 dB    U 99.9900 dB    V 99.9900 dB] [ET     4 ] [L0 ] [L1 ]
POC  526 TId: 0 ( I-SLICE, nQP 26 QP 26 )    2243808 bits [Y 99.9900 dB    U 99.9900 dB    V 99.9900 dB] [ET     4 ] [L0 ] [L1 ]
POC  527 TId: 0 ( I-SLICE, nQP 26 QP 26 )    2252608 bits [Y 99.9900 dB    U 99.9900 dB    V 99.9900 dB] [ET     4 ] [L0 ] [L1 ]
POC  528 TId: 0 ( I-SLICE, nQP 26 QP 26 )    2262688 bits [Y 99.9900 dB    U 99.9900 dB    V 99.9900 dB] [ET     4 ] [L0 ] [L1 ]
POC  529 TId: 0 ( I-SLICE, nQP 26 QP 26 )    2275616 bits [Y 99.9900 dB    U 99.9900 dB    V 99.9900 dB] [ET     4 ] [L0 ] [L1 ]
POC  530 TId: 0 ( I-SLICE, nQP 26 QP 26 )    2282752 bits [Y 99.9900 dB    U 99.9900 dB    V 99.9900 dB] [ET     4 ] [L0 ] [L1 ]
POC  531 TId: 0 ( I-SLICE, nQP 26 QP 26 )    2281792 bits [Y 99.9900 dB    U 99.9900 dB    V 99.9900 dB] [ET     4 ] [L0 ] [L1 ]
POC  532 TId: 0 ( I-SLICE, nQP 26 QP 26 )    2282744 bits [Y 99.9900 dB    U 99.9900 dB    V 99.9900 dB] [ET     4 ] [L0 ] [L1 ]
POC  533 TId: 0 ( I-SLICE, nQP 26 QP 26 )    2292136 bits [Y 99.9900 dB    U 99.9900 dB    V 99.9900 dB] [ET     4 ] [L0 ] [L1 ]
POC  534 TId: 0 ( I-SLICE, nQP 26 QP 26 )    2300864 bits [Y 99.9900 dB    U 99.9900 dB    V 99.9900 dB] [ET     4 ] [L0 ] [L1 ]
POC  535 TId: 0 ( I-SLICE, nQP 26 QP 26 )    2312464 bits [Y 99.9900 dB    U 99.9900 dB    V 99.9900 dB] [ET     4 ] [L0 ] [L1 ]
POC  536 TId: 0 ( I-SLICE, nQP 26 QP 26 )    2318064 bits [Y 99.9900 dB    U 99.9900 dB    V 99.9900 dB] [ET     4 ] [L0 ] [L1 ]
POC  537 TId: 0 ( I-SLICE, nQP 26 QP 26 )    2324712 bits [Y 99.9900 dB    U 99.9900 dB    V 99.9900 dB] [ET     4 ] [L0 ] [L1 ]
POC  538 TId: 0 ( I-SLICE, nQP 26 QP 26 )    2325600 bits [Y 99.9900 dB    U 99.9900 dB    V 99.9900 dB] [ET     4 ] [L0 ] [L1 ]
POC  539 TId: 0 ( I-SLICE, nQP 26 QP 26 )    2324480 bits [Y 99.9900 dB    U 99.9900 dB    V 99.9900 dB] [ET     4 ] [L0 ] [L1 ]
POC  540 TId: 0 ( I-SLICE, nQP 26 QP 26 )    2327432 bits [Y 99.9900 dB    U 99.9900 dB    V 99.9900 dB] [ET     4 ] [L0 ] [L1 ]
POC  541 TId: 0 ( I-SLICE, nQP 26 QP 26 )    2332472 bits [Y 99.9900 dB    U 99.9900 dB    V 99.9900 dB] [ET     4 ] [L0 ] [L1 ]
POC  542 TId: 0 ( I-SLICE, nQP 26 QP 26 )    2332144 bits [Y 99.9900 dB    U 99.9900 dB    V 99.9900 dB] [ET     4 ] [L0 ] [L1 ]
POC  543 TId: 0 ( I-SLICE, nQP 26 QP 26 )    2322256 bits [Y 99.9900 dB    U 99.9900 dB    V 99.9900 dB] [ET     4 ] [L0 ] [L1 ]
POC  544 TId: 0 ( I-SLICE, nQP 26 QP 26 )    2319128 bits [Y 99.9900 dB    U 99.9900 dB    V 99.9900 dB] [ET     4 ] [L0 ] [L1 ]
POC  545 TId: 0 ( I-SLICE, nQP 26 QP 26 )    2321800 bits [Y 99.9900 dB    U 99.9900 dB    V 99.9900 dB] [ET     4 ] [L0 ] [L1 ]
POC  546 TId: 0 ( I-SLICE, nQP 26 QP 26 )    2321760 bits [Y 99.9900 dB    U 99.9900 dB    V 99.9900 dB] [ET     4 ] [L0 ] [L1 ]
POC  547 TId: 0 ( I-SLICE, nQP 26 QP 26 )    2320264 bits [Y 99.9900 dB    U 99.9900 dB    V 99.9900 dB] [ET     4 ] [L0 ] [L1 ]
POC  548 TId: 0 ( I-SLICE, nQP 26 QP 26 )    2318328 bits [Y 99.9900 dB    U 99.9900 dB    V 99.9900 dB] [ET     4 ] [L0 ] [L1 ]
POC  549 TId: 0 ( I-SLICE, nQP 26 QP 26 )    2321608 bits [Y 99.9900 dB    U 99.9900 dB    V 99.9900 dB] [ET     4 ] [L0 ] [L1 ]
POC  550 TId: 0 ( I-SLICE, nQP 26 QP 26 )    2322296 bits [Y 99.9900 dB    U 99.9900 dB    V 99.9900 dB] [ET     4 ] [L0 ] [L1 ]
POC  551 TId: 0 ( I-SLICE, nQP 26 QP 26 )    2322208 bits [Y 99.9900 dB    U 99.9900 dB    V 99.9900 dB] [ET     4 ] [L0 ] [L1 ]
POC  552 TId: 0 ( I-SLICE, nQP 26 QP 26 )    2322648 bits [Y 99.9900 dB    U 99.9900 dB    V 99.9900 dB] [ET     4 ] [L0 ] [L1 ]
POC  553 TId: 0 ( I-SLICE, nQP 26 QP 26 )    2328032 bits [Y 99.9900 dB    U 99.9900 dB    V 99.9900 dB] [ET     4 ] [L0 ] [L1 ]
POC  554 TId: 0 ( I-SLICE, nQP 26 QP 26 )    2327368 bits [Y 99.9900 dB    U 99.9900 dB    V 99.9900 dB] [ET     4 ] [L0 ] [L1 ]
POC  555 TId: 0 ( I-SLICE, nQP 26 QP 26 )    2330056 bits [Y 99.9900 dB    U 99.9900 dB    V 99.9900 dB] [ET     4 ] [L0 ] [L1 ]
POC  556 TId: 0 ( I-SLICE, nQP 26 QP 26 )    2326064 bits [Y 99.9900 dB    U 99.9900 dB    V 99.9900 dB] [ET     4 ] [L0 ] [L1 ]
POC  557 TId: 0 ( I-SLICE, nQP 26 QP 26 )    2326536 bits [Y 99.9900 dB    U 99.9900 dB    V 99.9900 dB] [ET     4 ] [L0 ] [L1 ]
POC  558 TId: 0 ( I-SLICE, nQP 26 QP 26 )    2328112 bits [Y 99.9900 dB    U 99.9900 dB    V 99.9900 dB] [ET     4 ] [L0 ] [L1 ]
POC  559 TId: 0 ( I-SLICE, nQP 26 QP 26 )    2331400 bits [Y 99.9900 dB    U 99.9900 dB    V 99.9900 dB] [ET     4 ] [L0 ] [L1 ]
POC  560 TId: 0 ( I-SLICE, nQP 26 QP 26 )    2329784 bits [Y 99.9900 dB    U 99.9900 dB    V 99.9900 dB] [ET     4 ] [L0 ] [L1 ]
POC  561 TId: 0 ( I-SLICE, nQP 26 QP 26 )    2328688 bits [Y 99.9900 dB    U 99.9900 dB    V 99.9900 dB] [ET     3 ] [L0 ] [L1 ]
POC  562 TId: 0 ( I-SLICE, nQP 26 QP 26 )    2330144 bits [Y 99.9900 dB    U 99.9900 dB    V 99.9900 dB] [ET     4 ] [L0 ] [L1 ]
POC  563 TId: 0 ( I-SLICE, nQP 26 QP 26 )    2330352 bits [Y 99.9900 dB    U 99.9900 dB    V 99.9900 dB] [ET     4 ] [L0 ] [L1 ]
POC  564 TId: 0 ( I-SLICE, nQP 26 QP 26 )    2332976 bits [Y 99.9900 dB    U 99.9900 dB    V 99.9900 dB] [ET     4 ] [L0 ] [L1 ]
POC  565 TId: 0 ( I-SLICE, nQP 26 QP 26 )    2334168 bits [Y 99.9900 dB    U 99.9900 dB    V 99.9900 dB] [ET     4 ] [L0 ] [L1 ]
POC  566 TId: 0 ( I-SLICE, nQP 26 QP 26 )    2330296 bits [Y 99.9900 dB    U 99.9900 dB    V 99.9900 dB] [ET     4 ] [L0 ] [L1 ]
POC  567 TId: 0 ( I-SLICE, nQP 26 QP 26 )    2340896 bits [Y 99.9900 dB    U 99.9900 dB    V 99.9900 dB] [ET     4 ] [L0 ] [L1 ]
POC  568 TId: 0 ( I-SLICE, nQP 26 QP 26 )    2338896 bits [Y 99.9900 dB    U 99.9900 dB    V 99.9900 dB] [ET     4 ] [L0 ] [L1 ]
POC  569 TId: 0 ( I-SLICE, nQP 26 QP 26 )    2338840 bits [Y 99.9900 dB    U 99.9900 dB    V 99.9900 dB] [ET     4 ] [L0 ] [L1 ]
POC  570 TId: 0 ( I-SLICE, nQP 26 QP 26 )    2336584 bits [Y 99.9900 dB    U 99.9900 dB    V 99.9900 dB] [ET     4 ] [L0 ] [L1 ]
POC  571 TId: 0 ( I-SLICE, nQP 26 QP 26 )    2337944 bits [Y 99.9900 dB    U 99.9900 dB    V 99.9900 dB] [ET     4 ] [L0 ] [L1 ]
POC  572 TId: 0 ( I-SLICE, nQP 26 QP 26 )    2340360 bits [Y 99.9900 dB    U 99.9900 dB    V 99.9900 dB] [ET     4 ] [L0 ] [L1 ]
POC  573 TId: 0 ( I-SLICE, nQP 26 QP 26 )    2337712 bits [Y 99.9900 dB    U 99.9900 dB    V 99.9900 dB] [ET     4 ] [L0 ] [L1 ]
POC  574 TId: 0 ( I-SLICE, nQP 26 QP 26 )    2337312 bits [Y 99.9900 dB    U 99.9900 dB    V 99.9900 dB] [ET     4 ] [L0 ] [L1 ]
POC  575 TId: 0 ( I-SLICE, nQP 26 QP 26 )    2334440 bits [Y 99.9900 dB    U 99.9900 dB    V 99.9900 dB] [ET     4 ] [L0 ] [L1 ]
POC  576 TId: 0 ( I-SLICE, nQP 26 QP 26 )    2333784 bits [Y 99.9900 dB    U 99.9900 dB    V 99.9900 dB] [ET     4 ] [L0 ] [L1 ]
POC  577 TId: 0 ( I-SLICE, nQP 26 QP 26 )    2336648 bits [Y 99.9900 dB    U 99.9900 dB    V 99.9900 dB] [ET     4 ] [L0 ] [L1 ]
POC  578 TId: 0 ( I-SLICE, nQP 26 QP 26 )    2337792 bits [Y 99.9900 dB    U 99.9900 dB    V 99.9900 dB] [ET     4 ] [L0 ] [L1 ]
POC  579 TId: 0 ( I-SLICE, nQP 26 QP 26 )    2342992 bits [Y 99.9900 dB    U 99.9900 dB    V 99.9900 dB] [ET     4 ] [L0 ] [L1 ]
POC  580 TId: 0 ( I-SLICE, nQP 26 QP 26 )    2339920 bits [Y 99.9900 dB    U 99.9900 dB    V 99.9900 dB] [ET     4 ] [L0 ] [L1 ]
POC  581 TId: 0 ( I-SLICE, nQP 26 QP 26 )    2342448 bits [Y 99.9900 dB    U 99.9900 dB    V 99.9900 dB] [ET     4 ] [L0 ] [L1 ]
POC  582 TId: 0 ( I-SLICE, nQP 26 QP 26 )    2338512 bits [Y 99.9900 dB    U 99.9900 dB    V 99.9900 dB] [ET     4 ] [L0 ] [L1 ]
POC  583 TId: 0 ( I-SLICE, nQP 26 QP 26 )    2332448 bits [Y 99.9900 dB    U 99.9900 dB    V 99.9900 dB] [ET     4 ] [L0 ] [L1 ]
POC  584 TId: 0 ( I-SLICE, nQP 26 QP 26 )    2326744 bits [Y 99.9900 dB    U 99.9900 dB    V 99.9900 dB] [ET     4 ] [L0 ] [L1 ]
POC  585 TId: 0 ( I-SLICE, nQP 26 QP 26 )    2325528 bits [Y 99.9900 dB    U 99.9900 dB    V 99.9900 dB] [ET     4 ] [L0 ] [L1 ]
POC  586 TId: 0 ( I-SLICE, nQP 26 QP 26 )    2327104 bits [Y 99.9900 dB    U 99.9900 dB    V 99.9900 dB] [ET     3 ] [L0 ] [L1 ]
POC  587 TId: 0 ( I-SLICE, nQP 26 QP 26 )    2320992 bits [Y 99.9900 dB    U 99.9900 dB    V 99.9900 dB] [ET     4 ] [L0 ] [L1 ]
POC  588 TId: 0 ( I-SLICE, nQP 26 QP 26 )    2315544 bits [Y 99.9900 dB    U 99.9900 dB    V 99.9900 dB] [ET     4 ] [L0 ] [L1 ]
POC  589 TId: 0 ( I-SLICE, nQP 26 QP 26 )    2317288 bits [Y 99.9900 dB    U 99.9900 dB    V 99.9900 dB] [ET     4 ] [L0 ] [L1 ]
POC  590 TId: 0 ( I-SLICE, nQP 26 QP 26 )    2315696 bits [Y 99.9900 dB    U 99.9900 dB    V 99.9900 dB] [ET     4 ] [L0 ] [L1 ]
POC  591 TId: 0 ( I-SLICE, nQP 26 QP 26 )    2317808 bits [Y 99.9900 dB    U 99.9900 dB    V 99.9900 dB] [ET     4 ] [L0 ] [L1 ]
POC  592 TId: 0 ( I-SLICE, nQP 26 QP 26 )    2314512 bits [Y 99.9900 dB    U 99.9900 dB    V 99.9900 dB] [ET     4 ] [L0 ] [L1 ]
POC  593 TId: 0 ( I-SLICE, nQP 26 QP 26 )    2307536 bits [Y 99.9900 dB    U 99.9900 dB    V 99.9900 dB] [ET     4 ] [L0 ] [L1 ]
POC  594 TId: 0 ( I-SLICE, nQP 26 QP 26 )    2305904 bits [Y 99.9900 dB    U 99.9900 dB    V 99.9900 dB] [ET     4 ] [L0 ] [L1 ]
POC  595 TId: 0 ( I-SLICE, nQP 26 QP 26 )    2306272 bits [Y 99.9900 dB    U 99.9900 dB    V 99.9900 dB] [ET     4 ] [L0 ] [L1 ]
POC  596 TId: 0 ( I-SLICE, nQP 26 QP 26 )    2304472 bits [Y 99.9900 dB    U 99.9900 dB    V 99.9900 dB] [ET     4 ] [L0 ] [L1 ]
POC  597 TId: 0 ( I-SLICE, nQP 26 QP 26 )    2301552 bits [Y 99.9900 dB    U 99.9900 dB    V 99.9900 dB] [ET     4 ] [L0 ] [L1 ]
POC  598 TId: 0 ( I-SLICE, nQP 26 QP 26 )    2301832 bits [Y 99.9900 dB    U 99.9900 dB    V 99.9900 dB] [ET     4 ] [L0 ] [L1 ]
POC  599 TId: 0 ( I-SLICE, nQP 26 QP 26 )    2299600 bits [Y 99.9900 dB    U 99.9900 dB    V 99.9900 dB] [ET     4 ] [L0 ] [L1 ]


SUMMARY --------------------------------------------------------
	Total Frames |  Bitrate    Y-PSNR    U-PSNR    V-PSNR 
	      600    a 133338.5392   99.9900   99.9900   99.9900


I Slices--------------------------------------------------------
	Total Frames |  Bitrate    Y-PSNR    U-PSNR    V-PSNR 
	      600    i 133338.5392   99.9900   99.9900   99.9900


P Slices--------------------------------------------------------
	Total Frames |  Bitrate    Y-PSNR    U-PSNR    V-PSNR 
	        0    p        -nan      -nan      -nan      -nan


B Slices--------------------------------------------------------
	Total Frames |  Bitrate    Y-PSNR    U-PSNR    V-PSNR 
	        0    b        -nan      -nan      -nan      -nan

RVM: 0.000
Bytes written to file: 166675585 (133340.468 kbps)

 Total Time:     2126.016 sec.
