
HM software: Encoder Version [15.0][Linux][GCC 4.8.5][64 bit] 

Input          File          : ../../HEVC_test_sequence/ClassE/FourPeople_1280x720_60.yuv
Bitstream      File          : FourPeople.bin
Reconstruction File          : FourPeople.yuv
Real     Format              : 1280x720 60Hz
Internal Format              : 1280x720 60Hz
Frame/Field                  : Frame based coding
Frame index                  : 0 - 599 (600 frames)
CU size / depth              : 64 / 4
RQT trans. size (min / max)  : 4 / 32
Max RQT depth inter          : 3
Max RQT depth intra          : 3
Min PCM size                 : 8
Motion search range          : 64
Intra period                 : 1
Decoding refresh type        : 0
QP                           : 26.00
Max dQP signaling depth      : 0
Cb QP Offset                 : 0
Cr QP Offset                 : 0
QP adaptation                : 0 (range=0)
GOP size                     : 1
Internal bit depth           : (Y:8, C:8)
PCM sample bit depth         : (Y:8, C:8)
RateControl                  : 0
Max Num Merge Candidates     : 5

TOOL CFG: IBD:0 HAD:0 RDQ:0 RDQTS:0 RDpenalty:0 SQP:0 ASR:0 FEN:0 ECU:0 FDM:0 CFM:0 ESD:0 RQT:1 TransformSkip:0 TransformSkipFast:0 Slice: M=0 SliceSegment: M=0 CIP:0 SAO:0 PCM:0 TransQuantBypassEnabled: =1 WPP:0 WPB:0 PME:2  WaveFrontSynchro:0 WaveFrontSubstreams:1 ScalingList:0 TMVPMode:1 AQpS:0 SignBitHidingFlag:1 RecalQP:0

POC    0 TId: 0 ( I-SLICE, nQP 26 QP 26 )    4316032 bits [Y 99.9900 dB    U 99.9900 dB    V 99.9900 dB] [ET     8 ] [L0 ] [L1 ]
POC    1 TId: 0 ( I-SLICE, nQP 26 QP 26 )    4311992 bits [Y 99.9900 dB    U 99.9900 dB    V 99.9900 dB] [ET     8 ] [L0 ] [L1 ]
POC    2 TId: 0 ( I-SLICE, nQP 26 QP 26 )    4312448 bits [Y 99.9900 dB    U 99.9900 dB    V 99.9900 dB] [ET     8 ] [L0 ] [L1 ]
POC    3 TId: 0 ( I-SLICE, nQP 26 QP 26 )    4313328 bits [Y 99.9900 dB    U 99.9900 dB    V 99.9900 dB] [ET     8 ] [L0 ] [L1 ]
POC    4 TId: 0 ( I-SLICE, nQP 26 QP 26 )    4316184 bits [Y 99.9900 dB    U 99.9900 dB    V 99.9900 dB] [ET     8 ] [L0 ] [L1 ]
POC    5 TId: 0 ( I-SLICE, nQP 26 QP 26 )    4317016 bits [Y 99.9900 dB    U 99.9900 dB    V 99.9900 dB] [ET     8 ] [L0 ] [L1 ]
POC    6 TId: 0 ( I-SLICE, nQP 26 QP 26 )    4314224 bits [Y 99.9900 dB    U 99.9900 dB    V 99.9900 dB] [ET     8 ] [L0 ] [L1 ]
POC    7 TId: 0 ( I-SLICE, nQP 26 QP 26 )    4312848 bits [Y 99.9900 dB    U 99.9900 dB    V 99.9900 dB] [ET     8 ] [L0 ] [L1 ]
POC    8 TId: 0 ( I-SLICE, nQP 26 QP 26 )    4314880 bits [Y 99.9900 dB    U 99.9900 dB    V 99.9900 dB] [ET     8 ] [L0 ] [L1 ]
POC    9 TId: 0 ( I-SLICE, nQP 26 QP 26 )    4319176 bits [Y 99.9900 dB    U 99.9900 dB    V 99.9900 dB] [ET     8 ] [L0 ] [L1 ]
POC   10 TId: 0 ( I-SLICE, nQP 26 QP 26 )    4322160 bits [Y 99.9900 dB    U 99.9900 dB    V 99.9900 dB] [ET     8 ] [L0 ] [L1 ]
POC   11 TId: 0 ( I-SLICE, nQP 26 QP 26 )    4312624 bits [Y 99.9900 dB    U 99.9900 dB    V 99.9900 dB] [ET     8 ] [L0 ] [L1 ]
POC   12 TId: 0 ( I-SLICE, nQP 26 QP 26 )    4322256 bits [Y 99.9900 dB    U 99.9900 dB    V 99.9900 dB] [ET     8 ] [L0 ] [L1 ]
POC   13 TId: 0 ( I-SLICE, nQP 26 QP 26 )    4316512 bits [Y 99.9900 dB    U 99.9900 dB    V 99.9900 dB] [ET     8 ] [L0 ] [L1 ]
POC   14 TId: 0 ( I-SLICE, nQP 26 QP 26 )    4316816 bits [Y 99.9900 dB    U 99.9900 dB    V 99.9900 dB] [ET     8 ] [L0 ] [L1 ]
POC   15 TId: 0 ( I-SLICE, nQP 26 QP 26 )    4316480 bits [Y 99.9900 dB    U 99.9900 dB    V 99.9900 dB] [ET     8 ] [L0 ] [L1 ]
POC   16 TId: 0 ( I-SLICE, nQP 26 QP 26 )    4318944 bits [Y 99.9900 dB    U 99.9900 dB    V 99.9900 dB] [ET     8 ] [L0 ] [L1 ]
POC   17 TId: 0 ( I-SLICE, nQP 26 QP 26 )    4314544 bits [Y 99.9900 dB    U 99.9900 dB    V 99.9900 dB] [ET     8 ] [L0 ] [L1 ]
POC   18 TId: 0 ( I-SLICE, nQP 26 QP 26 )    4317536 bits [Y 99.9900 dB    U 99.9900 dB    V 99.9900 dB] [ET     8 ] [L0 ] [L1 ]
POC   19 TId: 0 ( I-SLICE, nQP 26 QP 26 )    4314768 bits [Y 99.9900 dB    U 99.9900 dB    V 99.9900 dB] [ET     8 ] [L0 ] [L1 ]
POC   20 TId: 0 ( I-SLICE, nQP 26 QP 26 )    4316312 bits [Y 99.9900 dB    U 99.9900 dB    V 99.9900 dB] [ET     8 ] [L0 ] [L1 ]
POC   21 TId: 0 ( I-SLICE, nQP 26 QP 26 )    4316552 bits [Y 99.9900 dB    U 99.9900 dB    V 99.9900 dB] [ET     8 ] [L0 ] [L1 ]
POC   22 TId: 0 ( I-SLICE, nQP 26 QP 26 )    4321056 bits [Y 99.9900 dB    U 99.9900 dB    V 99.9900 dB] [ET     8 ] [L0 ] [L1 ]
POC   23 TId: 0 ( I-SLICE, nQP 26 QP 26 )    4311208 bits [Y 99.9900 dB    U 99.9900 dB    V 99.9900 dB] [ET     8 ] [L0 ] [L1 ]
POC   24 TId: 0 ( I-SLICE, nQP 26 QP 26 )    4311560 bits [Y 99.9900 dB    U 99.9900 dB    V 99.9900 dB] [ET     8 ] [L0 ] [L1 ]
POC   25 TId: 0 ( I-SLICE, nQP 26 QP 26 )    4307336 bits [Y 99.9900 dB    U 99.9900 dB    V 99.9900 dB] [ET     8 ] [L0 ] [L1 ]
POC   26 TId: 0 ( I-SLICE, nQP 26 QP 26 )    4318712 bits [Y 99.9900 dB    U 99.9900 dB    V 99.9900 dB] [ET     8 ] [L0 ] [L1 ]
POC   27 TId: 0 ( I-SLICE, nQP 26 QP 26 )    4309168 bits [Y 99.9900 dB    U 99.9900 dB    V 99.9900 dB] [ET     8 ] [L0 ] [L1 ]
POC   28 TId: 0 ( I-SLICE, nQP 26 QP 26 )    4308240 bits [Y 99.9900 dB    U 99.9900 dB    V 99.9900 dB] [ET     8 ] [L0 ] [L1 ]
POC   29 TId: 0 ( I-SLICE, nQP 26 QP 26 )    4307456 bits [Y 99.9900 dB    U 99.9900 dB    V 99.9900 dB] [ET     8 ] [L0 ] [L1 ]
POC   30 TId: 0 ( I-SLICE, nQP 26 QP 26 )    4315984 bits [Y 99.9900 dB    U 99.9900 dB    V 99.9900 dB] [ET     8 ] [L0 ] [L1 ]
POC   31 TId: 0 ( I-SLICE, nQP 26 QP 26 )    4309544 bits [Y 99.9900 dB    U 99.9900 dB    V 99.9900 dB] [ET     8 ] [L0 ] [L1 ]
POC   32 TId: 0 ( I-SLICE, nQP 26 QP 26 )    4311536 bits [Y 99.9900 dB    U 99.9900 dB    V 99.9900 dB] [ET     8 ] [L0 ] [L1 ]
POC   33 TId: 0 ( I-SLICE, nQP 26 QP 26 )    4308200 bits [Y 99.9900 dB    U 99.9900 dB    V 99.9900 dB] [ET     8 ] [L0 ] [L1 ]
POC   34 TId: 0 ( I-SLICE, nQP 26 QP 26 )    4311592 bits [Y 99.9900 dB    U 99.9900 dB    V 99.9900 dB] [ET     8 ] [L0 ] [L1 ]
POC   35 TId: 0 ( I-SLICE, nQP 26 QP 26 )    4312440 bits [Y 99.9900 dB    U 99.9900 dB    V 99.9900 dB] [ET     8 ] [L0 ] [L1 ]
POC   36 TId: 0 ( I-SLICE, nQP 26 QP 26 )    4314856 bits [Y 99.9900 dB    U 99.9900 dB    V 99.9900 dB] [ET     8 ] [L0 ] [L1 ]
POC   37 TId: 0 ( I-SLICE, nQP 26 QP 26 )    4311288 bits [Y 99.9900 dB    U 99.9900 dB    V 99.9900 dB] [ET     8 ] [L0 ] [L1 ]
POC   38 TId: 0 ( I-SLICE, nQP 26 QP 26 )    4311464 bits [Y 99.9900 dB    U 99.9900 dB    V 99.9900 dB] [ET     8 ] [L0 ] [L1 ]
POC   39 TId: 0 ( I-SLICE, nQP 26 QP 26 )    4312328 bits [Y 99.9900 dB    U 99.9900 dB    V 99.9900 dB] [ET     8 ] [L0 ] [L1 ]
POC   40 TId: 0 ( I-SLICE, nQP 26 QP 26 )    4316808 bits [Y 99.9900 dB    U 99.9900 dB    V 99.9900 dB] [ET     8 ] [L0 ] [L1 ]
POC   41 TId: 0 ( I-SLICE, nQP 26 QP 26 )    4309784 bits [Y 99.9900 dB    U 99.9900 dB    V 99.9900 dB] [ET     8 ] [L0 ] [L1 ]
POC   42 TId: 0 ( I-SLICE, nQP 26 QP 26 )    4309416 bits [Y 99.9900 dB    U 99.9900 dB    V 99.9900 dB] [ET     8 ] [L0 ] [L1 ]
POC   43 TId: 0 ( I-SLICE, nQP 26 QP 26 )    4311136 bits [Y 99.9900 dB    U 99.9900 dB    V 99.9900 dB] [ET     8 ] [L0 ] [L1 ]
POC   44 TId: 0 ( I-SLICE, nQP 26 QP 26 )    4319624 bits [Y 99.9900 dB    U 99.9900 dB    V 99.9900 dB] [ET     8 ] [L0 ] [L1 ]
POC   45 TId: 0 ( I-SLICE, nQP 26 QP 26 )    4312680 bits [Y 99.9900 dB    U 99.9900 dB    V 99.9900 dB] [ET     8 ] [L0 ] [L1 ]
POC   46 TId: 0 ( I-SLICE, nQP 26 QP 26 )    4311256 bits [Y 99.9900 dB    U 99.9900 dB    V 99.9900 dB] [ET     8 ] [L0 ] [L1 ]
POC   47 TId: 0 ( I-SLICE, nQP 26 QP 26 )    4311304 bits [Y 99.9900 dB    U 99.9900 dB    V 99.9900 dB] [ET     8 ] [L0 ] [L1 ]
POC   48 TId: 0 ( I-SLICE, nQP 26 QP 26 )    4322416 bits [Y 99.9900 dB    U 99.9900 dB    V 99.9900 dB] [ET     8 ] [L0 ] [L1 ]
POC   49 TId: 0 ( I-SLICE, nQP 26 QP 26 )    4308368 bits [Y 99.9900 dB    U 99.9900 dB    V 99.9900 dB] [ET     8 ] [L0 ] [L1 ]
POC   50 TId: 0 ( I-SLICE, nQP 26 QP 26 )    4305696 bits [Y 99.9900 dB    U 99.9900 dB    V 99.9900 dB] [ET     8 ] [L0 ] [L1 ]
POC   51 TId: 0 ( I-SLICE, nQP 26 QP 26 )    4309760 bits [Y 99.9900 dB    U 99.9900 dB    V 99.9900 dB] [ET     8 ] [L0 ] [L1 ]
POC   52 TId: 0 ( I-SLICE, nQP 26 QP 26 )    4314800 bits [Y 99.9900 dB    U 99.9900 dB    V 99.9900 dB] [ET     8 ] [L0 ] [L1 ]
POC   53 TId: 0 ( I-SLICE, nQP 26 QP 26 )    4312384 bits [Y 99.9900 dB    U 99.9900 dB    V 99.9900 dB] [ET     8 ] [L0 ] [L1 ]
POC   54 TId: 0 ( I-SLICE, nQP 26 QP 26 )    4305480 bits [Y 99.9900 dB    U 99.9900 dB    V 99.9900 dB] [ET     8 ] [L0 ] [L1 ]
POC   55 TId: 0 ( I-SLICE, nQP 26 QP 26 )    4307592 bits [Y 99.9900 dB    U 99.9900 dB    V 99.9900 dB] [ET     8 ] [L0 ] [L1 ]
POC   56 TId: 0 ( I-SLICE, nQP 26 QP 26 )    4315512 bits [Y 99.9900 dB    U 99.9900 dB    V 99.9900 dB] [ET     8 ] [L0 ] [L1 ]
POC   57 TId: 0 ( I-SLICE, nQP 26 QP 26 )    4311680 bits [Y 99.9900 dB    U 99.9900 dB    V 99.9900 dB] [ET     8 ] [L0 ] [L1 ]
POC   58 TId: 0 ( I-SLICE, nQP 26 QP 26 )    4316504 bits [Y 99.9900 dB    U 99.9900 dB    V 99.9900 dB] [ET     8 ] [L0 ] [L1 ]
POC   59 TId: 0 ( I-SLICE, nQP 26 QP 26 )    4317120 bits [Y 99.9900 dB    U 99.9900 dB    V 99.9900 dB] [ET     8 ] [L0 ] [L1 ]
POC   60 TId: 0 ( I-SLICE, nQP 26 QP 26 )    4319400 bits [Y 99.9900 dB    U 99.9900 dB    V 99.9900 dB] [ET     8 ] [L0 ] [L1 ]
POC   61 TId: 0 ( I-SLICE, nQP 26 QP 26 )    4311568 bits [Y 99.9900 dB    U 99.9900 dB    V 99.9900 dB] [ET     8 ] [L0 ] [L1 ]
POC   62 TId: 0 ( I-SLICE, nQP 26 QP 26 )    4315648 bits [Y 99.9900 dB    U 99.9900 dB    V 99.9900 dB] [ET     8 ] [L0 ] [L1 ]
POC   63 TId: 0 ( I-SLICE, nQP 26 QP 26 )    4312864 bits [Y 99.9900 dB    U 99.9900 dB    V 99.9900 dB] [ET     8 ] [L0 ] [L1 ]
POC   64 TId: 0 ( I-SLICE, nQP 26 QP 26 )    4302816 bits [Y 99.9900 dB    U 99.9900 dB    V 99.9900 dB] [ET     8 ] [L0 ] [L1 ]
POC   65 TId: 0 ( I-SLICE, nQP 26 QP 26 )    4299688 bits [Y 99.9900 dB    U 99.9900 dB    V 99.9900 dB] [ET     8 ] [L0 ] [L1 ]
POC   66 TId: 0 ( I-SLICE, nQP 26 QP 26 )    4309184 bits [Y 99.9900 dB    U 99.9900 dB    V 99.9900 dB] [ET     8 ] [L0 ] [L1 ]
POC   67 TId: 0 ( I-SLICE, nQP 26 QP 26 )    4304544 bits [Y 99.9900 dB    U 99.9900 dB    V 99.9900 dB] [ET     8 ] [L0 ] [L1 ]
POC   68 TId: 0 ( I-SLICE, nQP 26 QP 26 )    4303736 bits [Y 99.9900 dB    U 99.9900 dB    V 99.9900 dB] [ET     8 ] [L0 ] [L1 ]
POC   69 TId: 0 ( I-SLICE, nQP 26 QP 26 )    4304720 bits [Y 99.9900 dB    U 99.9900 dB    V 99.9900 dB] [ET     8 ] [L0 ] [L1 ]
POC   70 TId: 0 ( I-SLICE, nQP 26 QP 26 )    4312832 bits [Y 99.9900 dB    U 99.9900 dB    V 99.9900 dB] [ET     8 ] [L0 ] [L1 ]
POC   71 TId: 0 ( I-SLICE, nQP 26 QP 26 )    4301112 bits [Y 99.9900 dB    U 99.9900 dB    V 99.9900 dB] [ET     8 ] [L0 ] [L1 ]
POC   72 TId: 0 ( I-SLICE, nQP 26 QP 26 )    4306128 bits [Y 99.9900 dB    U 99.9900 dB    V 99.9900 dB] [ET     8 ] [L0 ] [L1 ]
POC   73 TId: 0 ( I-SLICE, nQP 26 QP 26 )    4304304 bits [Y 99.9900 dB    U 99.9900 dB    V 99.9900 dB] [ET     8 ] [L0 ] [L1 ]
POC   74 TId: 0 ( I-SLICE, nQP 26 QP 26 )    4308120 bits [Y 99.9900 dB    U 99.9900 dB    V 99.9900 dB] [ET     8 ] [L0 ] [L1 ]
POC   75 TId: 0 ( I-SLICE, nQP 26 QP 26 )    4300744 bits [Y 99.9900 dB    U 99.9900 dB    V 99.9900 dB] [ET     8 ] [L0 ] [L1 ]
POC   76 TId: 0 ( I-SLICE, nQP 26 QP 26 )    4306000 bits [Y 99.9900 dB    U 99.9900 dB    V 99.9900 dB] [ET     8 ] [L0 ] [L1 ]
POC   77 TId: 0 ( I-SLICE, nQP 26 QP 26 )    4308528 bits [Y 99.9900 dB    U 99.9900 dB    V 99.9900 dB] [ET     8 ] [L0 ] [L1 ]
POC   78 TId: 0 ( I-SLICE, nQP 26 QP 26 )    4318848 bits [Y 99.9900 dB    U 99.9900 dB    V 99.9900 dB] [ET     8 ] [L0 ] [L1 ]
POC   79 TId: 0 ( I-SLICE, nQP 26 QP 26 )    4308744 bits [Y 99.9900 dB    U 99.9900 dB    V 99.9900 dB] [ET     8 ] [L0 ] [L1 ]
POC   80 TId: 0 ( I-SLICE, nQP 26 QP 26 )    4310936 bits [Y 99.9900 dB    U 99.9900 dB    V 99.9900 dB] [ET     8 ] [L0 ] [L1 ]
POC   81 TId: 0 ( I-SLICE, nQP 26 QP 26 )    4307096 bits [Y 99.9900 dB    U 99.9900 dB    V 99.9900 dB] [ET     8 ] [L0 ] [L1 ]
POC   82 TId: 0 ( I-SLICE, nQP 26 QP 26 )    4314256 bits [Y 99.9900 dB    U 99.9900 dB    V 99.9900 dB] [ET     8 ] [L0 ] [L1 ]
POC   83 TId: 0 ( I-SLICE, nQP 26 QP 26 )    4311624 bits [Y 99.9900 dB    U 99.9900 dB    V 99.9900 dB] [ET     8 ] [L0 ] [L1 ]
POC   84 TId: 0 ( I-SLICE, nQP 26 QP 26 )    4310128 bits [Y 99.9900 dB    U 99.9900 dB    V 99.9900 dB] [ET     8 ] [L0 ] [L1 ]
POC   85 TId: 0 ( I-SLICE, nQP 26 QP 26 )    4314952 bits [Y 99.9900 dB    U 99.9900 dB    V 99.9900 dB] [ET     8 ] [L0 ] [L1 ]
POC   86 TId: 0 ( I-SLICE, nQP 26 QP 26 )    4320160 bits [Y 99.9900 dB    U 99.9900 dB    V 99.9900 dB] [ET     8 ] [L0 ] [L1 ]
POC   87 TId: 0 ( I-SLICE, nQP 26 QP 26 )    4315528 bits [Y 99.9900 dB    U 99.9900 dB    V 99.9900 dB] [ET     8 ] [L0 ] [L1 ]
POC   88 TId: 0 ( I-SLICE, nQP 26 QP 26 )    4308632 bits [Y 99.9900 dB    U 99.9900 dB    V 99.9900 dB] [ET     8 ] [L0 ] [L1 ]
POC   89 TId: 0 ( I-SLICE, nQP 26 QP 26 )    4307448 bits [Y 99.9900 dB    U 99.9900 dB    V 99.9900 dB] [ET     8 ] [L0 ] [L1 ]
POC   90 TId: 0 ( I-SLICE, nQP 26 QP 26 )    4320184 bits [Y 99.9900 dB    U 99.9900 dB    V 99.9900 dB] [ET     8 ] [L0 ] [L1 ]
POC   91 TId: 0 ( I-SLICE, nQP 26 QP 26 )    4318456 bits [Y 99.9900 dB    U 99.9900 dB    V 99.9900 dB] [ET     8 ] [L0 ] [L1 ]
POC   92 TId: 0 ( I-SLICE, nQP 26 QP 26 )    4317480 bits [Y 99.9900 dB    U 99.9900 dB    V 99.9900 dB] [ET     8 ] [L0 ] [L1 ]
POC   93 TId: 0 ( I-SLICE, nQP 26 QP 26 )    4320712 bits [Y 99.9900 dB    U 99.9900 dB    V 99.9900 dB] [ET     8 ] [L0 ] [L1 ]
POC   94 TId: 0 ( I-SLICE, nQP 26 QP 26 )    4323664 bits [Y 99.9900 dB    U 99.9900 dB    V 99.9900 dB] [ET     8 ] [L0 ] [L1 ]
POC   95 TId: 0 ( I-SLICE, nQP 26 QP 26 )    4319832 bits [Y 99.9900 dB    U 99.9900 dB    V 99.9900 dB] [ET     8 ] [L0 ] [L1 ]
POC   96 TId: 0 ( I-SLICE, nQP 26 QP 26 )    4328632 bits [Y 99.9900 dB    U 99.9900 dB    V 99.9900 dB] [ET     8 ] [L0 ] [L1 ]
POC   97 TId: 0 ( I-SLICE, nQP 26 QP 26 )    4322912 bits [Y 99.9900 dB    U 99.9900 dB    V 99.9900 dB] [ET     8 ] [L0 ] [L1 ]
POC   98 TId: 0 ( I-SLICE, nQP 26 QP 26 )    4330232 bits [Y 99.9900 dB    U 99.9900 dB    V 99.9900 dB] [ET     8 ] [L0 ] [L1 ]
POC   99 TId: 0 ( I-SLICE, nQP 26 QP 26 )    4329800 bits [Y 99.9900 dB    U 99.9900 dB    V 99.9900 dB] [ET     8 ] [L0 ] [L1 ]
POC  100 TId: 0 ( I-SLICE, nQP 26 QP 26 )    4334976 bits [Y 99.9900 dB    U 99.9900 dB    V 99.9900 dB] [ET     8 ] [L0 ] [L1 ]
POC  101 TId: 0 ( I-SLICE, nQP 26 QP 26 )    4328928 bits [Y 99.9900 dB    U 99.9900 dB    V 99.9900 dB] [ET     8 ] [L0 ] [L1 ]
POC  102 TId: 0 ( I-SLICE, nQP 26 QP 26 )    4330024 bits [Y 99.9900 dB    U 99.9900 dB    V 99.9900 dB] [ET     8 ] [L0 ] [L1 ]
POC  103 TId: 0 ( I-SLICE, nQP 26 QP 26 )    4332840 bits [Y 99.9900 dB    U 99.9900 dB    V 99.9900 dB] [ET     8 ] [L0 ] [L1 ]
POC  104 TId: 0 ( I-SLICE, nQP 26 QP 26 )    4336032 bits [Y 99.9900 dB    U 99.9900 dB    V 99.9900 dB] [ET     8 ] [L0 ] [L1 ]
POC  105 TId: 0 ( I-SLICE, nQP 26 QP 26 )    4332232 bits [Y 99.9900 dB    U 99.9900 dB    V 99.9900 dB] [ET     8 ] [L0 ] [L1 ]
POC  106 TId: 0 ( I-SLICE, nQP 26 QP 26 )    4326488 bits [Y 99.9900 dB    U 99.9900 dB    V 99.9900 dB] [ET     8 ] [L0 ] [L1 ]
POC  107 TId: 0 ( I-SLICE, nQP 26 QP 26 )    4323328 bits [Y 99.9900 dB    U 99.9900 dB    V 99.9900 dB] [ET     8 ] [L0 ] [L1 ]
POC  108 TId: 0 ( I-SLICE, nQP 26 QP 26 )    4332808 bits [Y 99.9900 dB    U 99.9900 dB    V 99.9900 dB] [ET     8 ] [L0 ] [L1 ]
POC  109 TId: 0 ( I-SLICE, nQP 26 QP 26 )    4317128 bits [Y 99.9900 dB    U 99.9900 dB    V 99.9900 dB] [ET     8 ] [L0 ] [L1 ]
POC  110 TId: 0 ( I-SLICE, nQP 26 QP 26 )    4313976 bits [Y 99.9900 dB    U 99.9900 dB    V 99.9900 dB] [ET     8 ] [L0 ] [L1 ]
POC  111 TId: 0 ( I-SLICE, nQP 26 QP 26 )    4314504 bits [Y 99.9900 dB    U 99.9900 dB    V 99.9900 dB] [ET     8 ] [L0 ] [L1 ]
POC  112 TId: 0 ( I-SLICE, nQP 26 QP 26 )    4318752 bits [Y 99.9900 dB    U 99.9900 dB    V 99.9900 dB] [ET     8 ] [L0 ] [L1 ]
POC  113 TId: 0 ( I-SLICE, nQP 26 QP 26 )    4311040 bits [Y 99.9900 dB    U 99.9900 dB    V 99.9900 dB] [ET     8 ] [L0 ] [L1 ]
POC  114 TId: 0 ( I-SLICE, nQP 26 QP 26 )    4313888 bits [Y 99.9900 dB    U 99.9900 dB    V 99.9900 dB] [ET     8 ] [L0 ] [L1 ]
POC  115 TId: 0 ( I-SLICE, nQP 26 QP 26 )    4317088 bits [Y 99.9900 dB    U 99.9900 dB    V 99.9900 dB] [ET     8 ] [L0 ] [L1 ]
POC  116 TId: 0 ( I-SLICE, nQP 26 QP 26 )    4313336 bits [Y 99.9900 dB    U 99.9900 dB    V 99.9900 dB] [ET     8 ] [L0 ] [L1 ]
POC  117 TId: 0 ( I-SLICE, nQP 26 QP 26 )    4312352 bits [Y 99.9900 dB    U 99.9900 dB    V 99.9900 dB] [ET     8 ] [L0 ] [L1 ]
POC  118 TId: 0 ( I-SLICE, nQP 26 QP 26 )    4308640 bits [Y 99.9900 dB    U 99.9900 dB    V 99.9900 dB] [ET     8 ] [L0 ] [L1 ]
POC  119 TId: 0 ( I-SLICE, nQP 26 QP 26 )    4308600 bits [Y 99.9900 dB    U 99.9900 dB    V 99.9900 dB] [ET     8 ] [L0 ] [L1 ]
POC  120 TId: 0 ( I-SLICE, nQP 26 QP 26 )    4305616 bits [Y 99.9900 dB    U 99.9900 dB    V 99.9900 dB] [ET     8 ] [L0 ] [L1 ]
POC  121 TId: 0 ( I-SLICE, nQP 26 QP 26 )    4306144 bits [Y 99.9900 dB    U 99.9900 dB    V 99.9900 dB] [ET     8 ] [L0 ] [L1 ]
POC  122 TId: 0 ( I-SLICE, nQP 26 QP 26 )    4306296 bits [Y 99.9900 dB    U 99.9900 dB    V 99.9900 dB] [ET     8 ] [L0 ] [L1 ]
POC  123 TId: 0 ( I-SLICE, nQP 26 QP 26 )    4306912 bits [Y 99.9900 dB    U 99.9900 dB    V 99.9900 dB] [ET     8 ] [L0 ] [L1 ]
POC  124 TId: 0 ( I-SLICE, nQP 26 QP 26 )    4306928 bits [Y 99.9900 dB    U 99.9900 dB    V 99.9900 dB] [ET     8 ] [L0 ] [L1 ]
POC  125 TId: 0 ( I-SLICE, nQP 26 QP 26 )    4306080 bits [Y 99.9900 dB    U 99.9900 dB    V 99.9900 dB] [ET     8 ] [L0 ] [L1 ]
POC  126 TId: 0 ( I-SLICE, nQP 26 QP 26 )    4304248 bits [Y 99.9900 dB    U 99.9900 dB    V 99.9900 dB] [ET     8 ] [L0 ] [L1 ]
POC  127 TId: 0 ( I-SLICE, nQP 26 QP 26 )    4303224 bits [Y 99.9900 dB    U 99.9900 dB    V 99.9900 dB] [ET     8 ] [L0 ] [L1 ]
POC  128 TId: 0 ( I-SLICE, nQP 26 QP 26 )    4305120 bits [Y 99.9900 dB    U 99.9900 dB    V 99.9900 dB] [ET     8 ] [L0 ] [L1 ]
POC  129 TId: 0 ( I-SLICE, nQP 26 QP 26 )    4303160 bits [Y 99.9900 dB    U 99.9900 dB    V 99.9900 dB] [ET     8 ] [L0 ] [L1 ]
POC  130 TId: 0 ( I-SLICE, nQP 26 QP 26 )    4310368 bits [Y 99.9900 dB    U 99.9900 dB    V 99.9900 dB] [ET     8 ] [L0 ] [L1 ]
POC  131 TId: 0 ( I-SLICE, nQP 26 QP 26 )    4308304 bits [Y 99.9900 dB    U 99.9900 dB    V 99.9900 dB] [ET     8 ] [L0 ] [L1 ]
POC  132 TId: 0 ( I-SLICE, nQP 26 QP 26 )    4306544 bits [Y 99.9900 dB    U 99.9900 dB    V 99.9900 dB] [ET     8 ] [L0 ] [L1 ]
POC  133 TId: 0 ( I-SLICE, nQP 26 QP 26 )    4302936 bits [Y 99.9900 dB    U 99.9900 dB    V 99.9900 dB] [ET     8 ] [L0 ] [L1 ]
POC  134 TId: 0 ( I-SLICE, nQP 26 QP 26 )    4304848 bits [Y 99.9900 dB    U 99.9900 dB    V 99.9900 dB] [ET     8 ] [L0 ] [L1 ]
POC  135 TId: 0 ( I-SLICE, nQP 26 QP 26 )    4307472 bits [Y 99.9900 dB    U 99.9900 dB    V 99.9900 dB] [ET     8 ] [L0 ] [L1 ]
POC  136 TId: 0 ( I-SLICE, nQP 26 QP 26 )    4303488 bits [Y 99.9900 dB    U 99.9900 dB    V 99.9900 dB] [ET     8 ] [L0 ] [L1 ]
POC  137 TId: 0 ( I-SLICE, nQP 26 QP 26 )    4307632 bits [Y 99.9900 dB    U 99.9900 dB    V 99.9900 dB] [ET     8 ] [L0 ] [L1 ]
POC  138 TId: 0 ( I-SLICE, nQP 26 QP 26 )    4307664 bits [Y 99.9900 dB    U 99.9900 dB    V 99.9900 dB] [ET     8 ] [L0 ] [L1 ]
POC  139 TId: 0 ( I-SLICE, nQP 26 QP 26 )    4305032 bits [Y 99.9900 dB    U 99.9900 dB    V 99.9900 dB] [ET     8 ] [L0 ] [L1 ]
POC  140 TId: 0 ( I-SLICE, nQP 26 QP 26 )    4304024 bits [Y 99.9900 dB    U 99.9900 dB    V 99.9900 dB] [ET     8 ] [L0 ] [L1 ]
POC  141 TId: 0 ( I-SLICE, nQP 26 QP 26 )    4301336 bits [Y 99.9900 dB    U 99.9900 dB    V 99.9900 dB] [ET     8 ] [L0 ] [L1 ]
POC  142 TId: 0 ( I-SLICE, nQP 26 QP 26 )    4301096 bits [Y 99.9900 dB    U 99.9900 dB    V 99.9900 dB] [ET     8 ] [L0 ] [L1 ]
POC  143 TId: 0 ( I-SLICE, nQP 26 QP 26 )    4302176 bits [Y 99.9900 dB    U 99.9900 dB    V 99.9900 dB] [ET     8 ] [L0 ] [L1 ]
POC  144 TId: 0 ( I-SLICE, nQP 26 QP 26 )    4301240 bits [Y 99.9900 dB    U 99.9900 dB    V 99.9900 dB] [ET     8 ] [L0 ] [L1 ]
POC  145 TId: 0 ( I-SLICE, nQP 26 QP 26 )    4310808 bits [Y 99.9900 dB    U 99.9900 dB    V 99.9900 dB] [ET     8 ] [L0 ] [L1 ]
POC  146 TId: 0 ( I-SLICE, nQP 26 QP 26 )    4308384 bits [Y 99.9900 dB    U 99.9900 dB    V 99.9900 dB] [ET     8 ] [L0 ] [L1 ]
POC  147 TId: 0 ( I-SLICE, nQP 26 QP 26 )    4307192 bits [Y 99.9900 dB    U 99.9900 dB    V 99.9900 dB] [ET     8 ] [L0 ] [L1 ]
POC  148 TId: 0 ( I-SLICE, nQP 26 QP 26 )    4310200 bits [Y 99.9900 dB    U 99.9900 dB    V 99.9900 dB] [ET     8 ] [L0 ] [L1 ]
POC  149 TId: 0 ( I-SLICE, nQP 26 QP 26 )    4312056 bits [Y 99.9900 dB    U 99.9900 dB    V 99.9900 dB] [ET     8 ] [L0 ] [L1 ]
POC  150 TId: 0 ( I-SLICE, nQP 26 QP 26 )    4312472 bits [Y 99.9900 dB    U 99.9900 dB    V 99.9900 dB] [ET     8 ] [L0 ] [L1 ]
POC  151 TId: 0 ( I-SLICE, nQP 26 QP 26 )    4315616 bits [Y 99.9900 dB    U 99.9900 dB    V 99.9900 dB] [ET     8 ] [L0 ] [L1 ]
POC  152 TId: 0 ( I-SLICE, nQP 26 QP 26 )    4312496 bits [Y 99.9900 dB    U 99.9900 dB    V 99.9900 dB] [ET     8 ] [L0 ] [L1 ]
POC  153 TId: 0 ( I-SLICE, nQP 26 QP 26 )    4310040 bits [Y 99.9900 dB    U 99.9900 dB    V 99.9900 dB] [ET     8 ] [L0 ] [L1 ]
POC  154 TId: 0 ( I-SLICE, nQP 26 QP 26 )    4307832 bits [Y 99.9900 dB    U 99.9900 dB    V 99.9900 dB] [ET     8 ] [L0 ] [L1 ]
POC  155 TId: 0 ( I-SLICE, nQP 26 QP 26 )    4312120 bits [Y 99.9900 dB    U 99.9900 dB    V 99.9900 dB] [ET     8 ] [L0 ] [L1 ]
POC  156 TId: 0 ( I-SLICE, nQP 26 QP 26 )    4309968 bits [Y 99.9900 dB    U 99.9900 dB    V 99.9900 dB] [ET     8 ] [L0 ] [L1 ]
POC  157 TId: 0 ( I-SLICE, nQP 26 QP 26 )    4314096 bits [Y 99.9900 dB    U 99.9900 dB    V 99.9900 dB] [ET     8 ] [L0 ] [L1 ]
POC  158 TId: 0 ( I-SLICE, nQP 26 QP 26 )    4313200 bits [Y 99.9900 dB    U 99.9900 dB    V 99.9900 dB] [ET     8 ] [L0 ] [L1 ]
POC  159 TId: 0 ( I-SLICE, nQP 26 QP 26 )    4315864 bits [Y 99.9900 dB    U 99.9900 dB    V 99.9900 dB] [ET     8 ] [L0 ] [L1 ]
POC  160 TId: 0 ( I-SLICE, nQP 26 QP 26 )    4317104 bits [Y 99.9900 dB    U 99.9900 dB    V 99.9900 dB] [ET     8 ] [L0 ] [L1 ]
POC  161 TId: 0 ( I-SLICE, nQP 26 QP 26 )    4319240 bits [Y 99.9900 dB    U 99.9900 dB    V 99.9900 dB] [ET     8 ] [L0 ] [L1 ]
POC  162 TId: 0 ( I-SLICE, nQP 26 QP 26 )    4323080 bits [Y 99.9900 dB    U 99.9900 dB    V 99.9900 dB] [ET     8 ] [L0 ] [L1 ]
POC  163 TId: 0 ( I-SLICE, nQP 26 QP 26 )    4323384 bits [Y 99.9900 dB    U 99.9900 dB    V 99.9900 dB] [ET     8 ] [L0 ] [L1 ]
POC  164 TId: 0 ( I-SLICE, nQP 26 QP 26 )    4321584 bits [Y 99.9900 dB    U 99.9900 dB    V 99.9900 dB] [ET     8 ] [L0 ] [L1 ]
POC  165 TId: 0 ( I-SLICE, nQP 26 QP 26 )    4324072 bits [Y 99.9900 dB    U 99.9900 dB    V 99.9900 dB] [ET     8 ] [L0 ] [L1 ]
POC  166 TId: 0 ( I-SLICE, nQP 26 QP 26 )    4320432 bits [Y 99.9900 dB    U 99.9900 dB    V 99.9900 dB] [ET     8 ] [L0 ] [L1 ]
POC  167 TId: 0 ( I-SLICE, nQP 26 QP 26 )    4324888 bits [Y 99.9900 dB    U 99.9900 dB    V 99.9900 dB] [ET     8 ] [L0 ] [L1 ]
POC  168 TId: 0 ( I-SLICE, nQP 26 QP 26 )    4322312 bits [Y 99.9900 dB    U 99.9900 dB    V 99.9900 dB] [ET     8 ] [L0 ] [L1 ]
POC  169 TId: 0 ( I-SLICE, nQP 26 QP 26 )    4323488 bits [Y 99.9900 dB    U 99.9900 dB    V 99.9900 dB] [ET     8 ] [L0 ] [L1 ]
POC  170 TId: 0 ( I-SLICE, nQP 26 QP 26 )    4325944 bits [Y 99.9900 dB    U 99.9900 dB    V 99.9900 dB] [ET     8 ] [L0 ] [L1 ]
POC  171 TId: 0 ( I-SLICE, nQP 26 QP 26 )    4319576 bits [Y 99.9900 dB    U 99.9900 dB    V 99.9900 dB] [ET     8 ] [L0 ] [L1 ]
POC  172 TId: 0 ( I-SLICE, nQP 26 QP 26 )    4317816 bits [Y 99.9900 dB    U 99.9900 dB    V 99.9900 dB] [ET     8 ] [L0 ] [L1 ]
POC  173 TId: 0 ( I-SLICE, nQP 26 QP 26 )    4319312 bits [Y 99.9900 dB    U 99.9900 dB    V 99.9900 dB] [ET     8 ] [L0 ] [L1 ]
POC  174 TId: 0 ( I-SLICE, nQP 26 QP 26 )    4322288 bits [Y 99.9900 dB    U 99.9900 dB    V 99.9900 dB] [ET     8 ] [L0 ] [L1 ]
POC  175 TId: 0 ( I-SLICE, nQP 26 QP 26 )    4320448 bits [Y 99.9900 dB    U 99.9900 dB    V 99.9900 dB] [ET     8 ] [L0 ] [L1 ]
POC  176 TId: 0 ( I-SLICE, nQP 26 QP 26 )    4324464 bits [Y 99.9900 dB    U 99.9900 dB    V 99.9900 dB] [ET     8 ] [L0 ] [L1 ]
POC  177 TId: 0 ( I-SLICE, nQP 26 QP 26 )    4325448 bits [Y 99.9900 dB    U 99.9900 dB    V 99.9900 dB] [ET     8 ] [L0 ] [L1 ]
POC  178 TId: 0 ( I-SLICE, nQP 26 QP 26 )    4330344 bits [Y 99.9900 dB    U 99.9900 dB    V 99.9900 dB] [ET     8 ] [L0 ] [L1 ]
POC  179 TId: 0 ( I-SLICE, nQP 26 QP 26 )    4327280 bits [Y 99.9900 dB    U 99.9900 dB    V 99.9900 dB] [ET     8 ] [L0 ] [L1 ]
POC  180 TId: 0 ( I-SLICE, nQP 26 QP 26 )    4336752 bits [Y 99.9900 dB    U 99.9900 dB    V 99.9900 dB] [ET     8 ] [L0 ] [L1 ]
POC  181 TId: 0 ( I-SLICE, nQP 26 QP 26 )    4328384 bits [Y 99.9900 dB    U 99.9900 dB    V 99.9900 dB] [ET     8 ] [L0 ] [L1 ]
POC  182 TId: 0 ( I-SLICE, nQP 26 QP 26 )    4337696 bits [Y 99.9900 dB    U 99.9900 dB    V 99.9900 dB] [ET     8 ] [L0 ] [L1 ]
POC  183 TId: 0 ( I-SLICE, nQP 26 QP 26 )    4341216 bits [Y 99.9900 dB    U 99.9900 dB    V 99.9900 dB] [ET     8 ] [L0 ] [L1 ]
POC  184 TId: 0 ( I-SLICE, nQP 26 QP 26 )    4340336 bits [Y 99.9900 dB    U 99.9900 dB    V 99.9900 dB] [ET     8 ] [L0 ] [L1 ]
POC  185 TId: 0 ( I-SLICE, nQP 26 QP 26 )    4339192 bits [Y 99.9900 dB    U 99.9900 dB    V 99.9900 dB] [ET     8 ] [L0 ] [L1 ]
POC  186 TId: 0 ( I-SLICE, nQP 26 QP 26 )    4338728 bits [Y 99.9900 dB    U 99.9900 dB    V 99.9900 dB] [ET     8 ] [L0 ] [L1 ]
POC  187 TId: 0 ( I-SLICE, nQP 26 QP 26 )    4338720 bits [Y 99.9900 dB    U 99.9900 dB    V 99.9900 dB] [ET     8 ] [L0 ] [L1 ]
POC  188 TId: 0 ( I-SLICE, nQP 26 QP 26 )    4340896 bits [Y 99.9900 dB    U 99.9900 dB    V 99.9900 dB] [ET     8 ] [L0 ] [L1 ]
POC  189 TId: 0 ( I-SLICE, nQP 26 QP 26 )    4340336 bits [Y 99.9900 dB    U 99.9900 dB    V 99.9900 dB] [ET     8 ] [L0 ] [L1 ]
POC  190 TId: 0 ( I-SLICE, nQP 26 QP 26 )    4337920 bits [Y 99.9900 dB    U 99.9900 dB    V 99.9900 dB] [ET     8 ] [L0 ] [L1 ]
POC  191 TId: 0 ( I-SLICE, nQP 26 QP 26 )    4341088 bits [Y 99.9900 dB    U 99.9900 dB    V 99.9900 dB] [ET     8 ] [L0 ] [L1 ]
POC  192 TId: 0 ( I-SLICE, nQP 26 QP 26 )    4338144 bits [Y 99.9900 dB    U 99.9900 dB    V 99.9900 dB] [ET     8 ] [L0 ] [L1 ]
POC  193 TId: 0 ( I-SLICE, nQP 26 QP 26 )    4338096 bits [Y 99.9900 dB    U 99.9900 dB    V 99.9900 dB] [ET     8 ] [L0 ] [L1 ]
POC  194 TId: 0 ( I-SLICE, nQP 26 QP 26 )    4332248 bits [Y 99.9900 dB    U 99.9900 dB    V 99.9900 dB] [ET     8 ] [L0 ] [L1 ]
POC  195 TId: 0 ( I-SLICE, nQP 26 QP 26 )    4333800 bits [Y 99.9900 dB    U 99.9900 dB    V 99.9900 dB] [ET     8 ] [L0 ] [L1 ]
POC  196 TId: 0 ( I-SLICE, nQP 26 QP 26 )    4342784 bits [Y 99.9900 dB    U 99.9900 dB    V 99.9900 dB] [ET     8 ] [L0 ] [L1 ]
POC  197 TId: 0 ( I-SLICE, nQP 26 QP 26 )    4337456 bits [Y 99.9900 dB    U 99.9900 dB    V 99.9900 dB] [ET     8 ] [L0 ] [L1 ]
POC  198 TId: 0 ( I-SLICE, nQP 26 QP 26 )    4331456 bits [Y 99.9900 dB    U 99.9900 dB    V 99.9900 dB] [ET     8 ] [L0 ] [L1 ]
POC  199 TId: 0 ( I-SLICE, nQP 26 QP 26 )    4332944 bits [Y 99.9900 dB    U 99.9900 dB    V 99.9900 dB] [ET     8 ] [L0 ] [L1 ]
POC  200 TId: 0 ( I-SLICE, nQP 26 QP 26 )    4339208 bits [Y 99.9900 dB    U 99.9900 dB    V 99.9900 dB] [ET     8 ] [L0 ] [L1 ]
POC  201 TId: 0 ( I-SLICE, nQP 26 QP 26 )    4334728 bits [Y 99.9900 dB    U 99.9900 dB    V 99.9900 dB] [ET     8 ] [L0 ] [L1 ]
POC  202 TId: 0 ( I-SLICE, nQP 26 QP 26 )    4336464 bits [Y 99.9900 dB    U 99.9900 dB    V 99.9900 dB] [ET     8 ] [L0 ] [L1 ]
POC  203 TId: 0 ( I-SLICE, nQP 26 QP 26 )    4332448 bits [Y 99.9900 dB    U 99.9900 dB    V 99.9900 dB] [ET     8 ] [L0 ] [L1 ]
POC  204 TId: 0 ( I-SLICE, nQP 26 QP 26 )    4340656 bits [Y 99.9900 dB    U 99.9900 dB    V 99.9900 dB] [ET     8 ] [L0 ] [L1 ]
POC  205 TId: 0 ( I-SLICE, nQP 26 QP 26 )    4337320 bits [Y 99.9900 dB    U 99.9900 dB    V 99.9900 dB] [ET     8 ] [L0 ] [L1 ]
POC  206 TId: 0 ( I-SLICE, nQP 26 QP 26 )    4342560 bits [Y 99.9900 dB    U 99.9900 dB    V 99.9900 dB] [ET     8 ] [L0 ] [L1 ]
POC  207 TId: 0 ( I-SLICE, nQP 26 QP 26 )    4337720 bits [Y 99.9900 dB    U 99.9900 dB    V 99.9900 dB] [ET     8 ] [L0 ] [L1 ]
POC  208 TId: 0 ( I-SLICE, nQP 26 QP 26 )    4345168 bits [Y 99.9900 dB    U 99.9900 dB    V 99.9900 dB] [ET     8 ] [L0 ] [L1 ]
POC  209 TId: 0 ( I-SLICE, nQP 26 QP 26 )    4338672 bits [Y 99.9900 dB    U 99.9900 dB    V 99.9900 dB] [ET     8 ] [L0 ] [L1 ]
POC  210 TId: 0 ( I-SLICE, nQP 26 QP 26 )    4341400 bits [Y 99.9900 dB    U 99.9900 dB    V 99.9900 dB] [ET     8 ] [L0 ] [L1 ]
POC  211 TId: 0 ( I-SLICE, nQP 26 QP 26 )    4339232 bits [Y 99.9900 dB    U 99.9900 dB    V 99.9900 dB] [ET     8 ] [L0 ] [L1 ]
POC  212 TId: 0 ( I-SLICE, nQP 26 QP 26 )    4343056 bits [Y 99.9900 dB    U 99.9900 dB    V 99.9900 dB] [ET     8 ] [L0 ] [L1 ]
POC  213 TId: 0 ( I-SLICE, nQP 26 QP 26 )    4337896 bits [Y 99.9900 dB    U 99.9900 dB    V 99.9900 dB] [ET     8 ] [L0 ] [L1 ]
POC  214 TId: 0 ( I-SLICE, nQP 26 QP 26 )    4344840 bits [Y 99.9900 dB    U 99.9900 dB    V 99.9900 dB] [ET     8 ] [L0 ] [L1 ]
POC  215 TId: 0 ( I-SLICE, nQP 26 QP 26 )    4337368 bits [Y 99.9900 dB    U 99.9900 dB    V 99.9900 dB] [ET     8 ] [L0 ] [L1 ]
POC  216 TId: 0 ( I-SLICE, nQP 26 QP 26 )    4345776 bits [Y 99.9900 dB    U 99.9900 dB    V 99.9900 dB] [ET     8 ] [L0 ] [L1 ]
POC  217 TId: 0 ( I-SLICE, nQP 26 QP 26 )    4343432 bits [Y 99.9900 dB    U 99.9900 dB    V 99.9900 dB] [ET     8 ] [L0 ] [L1 ]
POC  218 TId: 0 ( I-SLICE, nQP 26 QP 26 )    4346144 bits [Y 99.9900 dB    U 99.9900 dB    V 99.9900 dB] [ET     8 ] [L0 ] [L1 ]
POC  219 TId: 0 ( I-SLICE, nQP 26 QP 26 )    4339528 bits [Y 99.9900 dB    U 99.9900 dB    V 99.9900 dB] [ET     8 ] [L0 ] [L1 ]
POC  220 TId: 0 ( I-SLICE, nQP 26 QP 26 )    4341480 bits [Y 99.9900 dB    U 99.9900 dB    V 99.9900 dB] [ET     8 ] [L0 ] [L1 ]
POC  221 TId: 0 ( I-SLICE, nQP 26 QP 26 )    4335280 bits [Y 99.9900 dB    U 99.9900 dB    V 99.9900 dB] [ET     8 ] [L0 ] [L1 ]
POC  222 TId: 0 ( I-SLICE, nQP 26 QP 26 )    4337688 bits [Y 99.9900 dB    U 99.9900 dB    V 99.9900 dB] [ET     8 ] [L0 ] [L1 ]
POC  223 TId: 0 ( I-SLICE, nQP 26 QP 26 )    4329984 bits [Y 99.9900 dB    U 99.9900 dB    V 99.9900 dB] [ET     8 ] [L0 ] [L1 ]
POC  224 TId: 0 ( I-SLICE, nQP 26 QP 26 )    4334344 bits [Y 99.9900 dB    U 99.9900 dB    V 99.9900 dB] [ET     8 ] [L0 ] [L1 ]
POC  225 TId: 0 ( I-SLICE, nQP 26 QP 26 )    4327392 bits [Y 99.9900 dB    U 99.9900 dB    V 99.9900 dB] [ET     8 ] [L0 ] [L1 ]
POC  226 TId: 0 ( I-SLICE, nQP 26 QP 26 )    4326752 bits [Y 99.9900 dB    U 99.9900 dB    V 99.9900 dB] [ET     8 ] [L0 ] [L1 ]
POC  227 TId: 0 ( I-SLICE, nQP 26 QP 26 )    4323384 bits [Y 99.9900 dB    U 99.9900 dB    V 99.9900 dB] [ET     8 ] [L0 ] [L1 ]
POC  228 TId: 0 ( I-SLICE, nQP 26 QP 26 )    4321232 bits [Y 99.9900 dB    U 99.9900 dB    V 99.9900 dB] [ET     8 ] [L0 ] [L1 ]
POC  229 TId: 0 ( I-SLICE, nQP 26 QP 26 )    4315472 bits [Y 99.9900 dB    U 99.9900 dB    V 99.9900 dB] [ET     8 ] [L0 ] [L1 ]
POC  230 TId: 0 ( I-SLICE, nQP 26 QP 26 )    4317688 bits [Y 99.9900 dB    U 99.9900 dB    V 99.9900 dB] [ET     8 ] [L0 ] [L1 ]
POC  231 TId: 0 ( I-SLICE, nQP 26 QP 26 )    4315632 bits [Y 99.9900 dB    U 99.9900 dB    V 99.9900 dB] [ET     8 ] [L0 ] [L1 ]
POC  232 TId: 0 ( I-SLICE, nQP 26 QP 26 )    4317672 bits [Y 99.9900 dB    U 99.9900 dB    V 99.9900 dB] [ET     8 ] [L0 ] [L1 ]
POC  233 TId: 0 ( I-SLICE, nQP 26 QP 26 )    4313488 bits [Y 99.9900 dB    U 99.9900 dB    V 99.9900 dB] [ET     8 ] [L0 ] [L1 ]
POC  234 TId: 0 ( I-SLICE, nQP 26 QP 26 )    4308136 bits [Y 99.9900 dB    U 99.9900 dB    V 99.9900 dB] [ET     8 ] [L0 ] [L1 ]
POC  235 TId: 0 ( I-SLICE, nQP 26 QP 26 )    4309584 bits [Y 99.9900 dB    U 99.9900 dB    V 99.9900 dB] [ET     8 ] [L0 ] [L1 ]
POC  236 TId: 0 ( I-SLICE, nQP 26 QP 26 )    4308840 bits [Y 99.9900 dB    U 99.9900 dB    V 99.9900 dB] [ET     8 ] [L0 ] [L1 ]
POC  237 TId: 0 ( I-SLICE, nQP 26 QP 26 )    4307080 bits [Y 99.9900 dB    U 99.9900 dB    V 99.9900 dB] [ET     8 ] [L0 ] [L1 ]
POC  238 TId: 0 ( I-SLICE, nQP 26 QP 26 )    4303888 bits [Y 99.9900 dB    U 99.9900 dB    V 99.9900 dB] [ET     8 ] [L0 ] [L1 ]
POC  239 TId: 0 ( I-SLICE, nQP 26 QP 26 )    4304768 bits [Y 99.9900 dB    U 99.9900 dB    V 99.9900 dB] [ET     8 ] [L0 ] [L1 ]
POC  240 TId: 0 ( I-SLICE, nQP 26 QP 26 )    4308768 bits [Y 99.9900 dB    U 99.9900 dB    V 99.9900 dB] [ET     8 ] [L0 ] [L1 ]
POC  241 TId: 0 ( I-SLICE, nQP 26 QP 26 )    4298648 bits [Y 99.9900 dB    U 99.9900 dB    V 99.9900 dB] [ET     8 ] [L0 ] [L1 ]
POC  242 TId: 0 ( I-SLICE, nQP 26 QP 26 )    4300728 bits [Y 99.9900 dB    U 99.9900 dB    V 99.9900 dB] [ET     8 ] [L0 ] [L1 ]
POC  243 TId: 0 ( I-SLICE, nQP 26 QP 26 )    4298200 bits [Y 99.9900 dB    U 99.9900 dB    V 99.9900 dB] [ET     8 ] [L0 ] [L1 ]
POC  244 TId: 0 ( I-SLICE, nQP 26 QP 26 )    4307040 bits [Y 99.9900 dB    U 99.9900 dB    V 99.9900 dB] [ET     8 ] [L0 ] [L1 ]
POC  245 TId: 0 ( I-SLICE, nQP 26 QP 26 )    4308984 bits [Y 99.9900 dB    U 99.9900 dB    V 99.9900 dB] [ET     8 ] [L0 ] [L1 ]
POC  246 TId: 0 ( I-SLICE, nQP 26 QP 26 )    4310040 bits [Y 99.9900 dB    U 99.9900 dB    V 99.9900 dB] [ET     8 ] [L0 ] [L1 ]
POC  247 TId: 0 ( I-SLICE, nQP 26 QP 26 )    4311496 bits [Y 99.9900 dB    U 99.9900 dB    V 99.9900 dB] [ET     8 ] [L0 ] [L1 ]
POC  248 TId: 0 ( I-SLICE, nQP 26 QP 26 )    4315512 bits [Y 99.9900 dB    U 99.9900 dB    V 99.9900 dB] [ET     8 ] [L0 ] [L1 ]
POC  249 TId: 0 ( I-SLICE, nQP 26 QP 26 )    4310856 bits [Y 99.9900 dB    U 99.9900 dB    V 99.9900 dB] [ET     8 ] [L0 ] [L1 ]
POC  250 TId: 0 ( I-SLICE, nQP 26 QP 26 )    4314056 bits [Y 99.9900 dB    U 99.9900 dB    V 99.9900 dB] [ET     8 ] [L0 ] [L1 ]
POC  251 TId: 0 ( I-SLICE, nQP 26 QP 26 )    4310520 bits [Y 99.9900 dB    U 99.9900 dB    V 99.9900 dB] [ET     8 ] [L0 ] [L1 ]
POC  252 TId: 0 ( I-SLICE, nQP 26 QP 26 )    4313680 bits [Y 99.9900 dB    U 99.9900 dB    V 99.9900 dB] [ET     8 ] [L0 ] [L1 ]
POC  253 TId: 0 ( I-SLICE, nQP 26 QP 26 )    4317728 bits [Y 99.9900 dB    U 99.9900 dB    V 99.9900 dB] [ET     8 ] [L0 ] [L1 ]
POC  254 TId: 0 ( I-SLICE, nQP 26 QP 26 )    4318064 bits [Y 99.9900 dB    U 99.9900 dB    V 99.9900 dB] [ET     8 ] [L0 ] [L1 ]
POC  255 TId: 0 ( I-SLICE, nQP 26 QP 26 )    4315992 bits [Y 99.9900 dB    U 99.9900 dB    V 99.9900 dB] [ET     8 ] [L0 ] [L1 ]
POC  256 TId: 0 ( I-SLICE, nQP 26 QP 26 )    4318944 bits [Y 99.9900 dB    U 99.9900 dB    V 99.9900 dB] [ET     8 ] [L0 ] [L1 ]
POC  257 TId: 0 ( I-SLICE, nQP 26 QP 26 )    4320896 bits [Y 99.9900 dB    U 99.9900 dB    V 99.9900 dB] [ET     8 ] [L0 ] [L1 ]
POC  258 TId: 0 ( I-SLICE, nQP 26 QP 26 )    4321304 bits [Y 99.9900 dB    U 99.9900 dB    V 99.9900 dB] [ET     8 ] [L0 ] [L1 ]
POC  259 TId: 0 ( I-SLICE, nQP 26 QP 26 )    4318640 bits [Y 99.9900 dB    U 99.9900 dB    V 99.9900 dB] [ET     8 ] [L0 ] [L1 ]
POC  260 TId: 0 ( I-SLICE, nQP 26 QP 26 )    4322160 bits [Y 99.9900 dB    U 99.9900 dB    V 99.9900 dB] [ET     8 ] [L0 ] [L1 ]
POC  261 TId: 0 ( I-SLICE, nQP 26 QP 26 )    4322536 bits [Y 99.9900 dB    U 99.9900 dB    V 99.9900 dB] [ET     8 ] [L0 ] [L1 ]
POC  262 TId: 0 ( I-SLICE, nQP 26 QP 26 )    4324440 bits [Y 99.9900 dB    U 99.9900 dB    V 99.9900 dB] [ET     8 ] [L0 ] [L1 ]
POC  263 TId: 0 ( I-SLICE, nQP 26 QP 26 )    4319752 bits [Y 99.9900 dB    U 99.9900 dB    V 99.9900 dB] [ET     8 ] [L0 ] [L1 ]
POC  264 TId: 0 ( I-SLICE, nQP 26 QP 26 )    4321920 bits [Y 99.9900 dB    U 99.9900 dB    V 99.9900 dB] [ET     8 ] [L0 ] [L1 ]
POC  265 TId: 0 ( I-SLICE, nQP 26 QP 26 )    4315928 bits [Y 99.9900 dB    U 99.9900 dB    V 99.9900 dB] [ET     8 ] [L0 ] [L1 ]
POC  266 TId: 0 ( I-SLICE, nQP 26 QP 26 )    4323360 bits [Y 99.9900 dB    U 99.9900 dB    V 99.9900 dB] [ET     8 ] [L0 ] [L1 ]
POC  267 TId: 0 ( I-SLICE, nQP 26 QP 26 )    4322216 bits [Y 99.9900 dB    U 99.9900 dB    V 99.9900 dB] [ET     8 ] [L0 ] [L1 ]
POC  268 TId: 0 ( I-SLICE, nQP 26 QP 26 )    4317792 bits [Y 99.9900 dB    U 99.9900 dB    V 99.9900 dB] [ET     8 ] [L0 ] [L1 ]
POC  269 TId: 0 ( I-SLICE, nQP 26 QP 26 )    4319920 bits [Y 99.9900 dB    U 99.9900 dB    V 99.9900 dB] [ET     8 ] [L0 ] [L1 ]
POC  270 TId: 0 ( I-SLICE, nQP 26 QP 26 )    4318968 bits [Y 99.9900 dB    U 99.9900 dB    V 99.9900 dB] [ET     8 ] [L0 ] [L1 ]
POC  271 TId: 0 ( I-SLICE, nQP 26 QP 26 )    4313504 bits [Y 99.9900 dB    U 99.9900 dB    V 99.9900 dB] [ET     8 ] [L0 ] [L1 ]
POC  272 TId: 0 ( I-SLICE, nQP 26 QP 26 )    4312712 bits [Y 99.9900 dB    U 99.9900 dB    V 99.9900 dB] [ET     8 ] [L0 ] [L1 ]
POC  273 TId: 0 ( I-SLICE, nQP 26 QP 26 )    4311224 bits [Y 99.9900 dB    U 99.9900 dB    V 99.9900 dB] [ET     8 ] [L0 ] [L1 ]
POC  274 TId: 0 ( I-SLICE, nQP 26 QP 26 )    4315576 bits [Y 99.9900 dB    U 99.9900 dB    V 99.9900 dB] [ET     8 ] [L0 ] [L1 ]
POC  275 TId: 0 ( I-SLICE, nQP 26 QP 26 )    4309784 bits [Y 99.9900 dB    U 99.9900 dB    V 99.9900 dB] [ET     8 ] [L0 ] [L1 ]
POC  276 TId: 0 ( I-SLICE, nQP 26 QP 26 )    4315208 bits [Y 99.9900 dB    U 99.9900 dB    V 99.9900 dB] [ET     8 ] [L0 ] [L1 ]
POC  277 TId: 0 ( I-SLICE, nQP 26 QP 26 )    4309928 bits [Y 99.9900 dB    U 99.9900 dB    V 99.9900 dB] [ET     8 ] [L0 ] [L1 ]
POC  278 TId: 0 ( I-SLICE, nQP 26 QP 26 )    4311688 bits [Y 99.9900 dB    U 99.9900 dB    V 99.9900 dB] [ET     8 ] [L0 ] [L1 ]
POC  279 TId: 0 ( I-SLICE, nQP 26 QP 26 )    4315680 bits [Y 99.9900 dB    U 99.9900 dB    V 99.9900 dB] [ET     8 ] [L0 ] [L1 ]
POC  280 TId: 0 ( I-SLICE, nQP 26 QP 26 )    4321688 bits [Y 99.9900 dB    U 99.9900 dB    V 99.9900 dB] [ET     8 ] [L0 ] [L1 ]
POC  281 TId: 0 ( I-SLICE, nQP 26 QP 26 )    4315664 bits [Y 99.9900 dB    U 99.9900 dB    V 99.9900 dB] [ET     8 ] [L0 ] [L1 ]
POC  282 TId: 0 ( I-SLICE, nQP 26 QP 26 )    4316256 bits [Y 99.9900 dB    U 99.9900 dB    V 99.9900 dB] [ET     8 ] [L0 ] [L1 ]
POC  283 TId: 0 ( I-SLICE, nQP 26 QP 26 )    4318776 bits [Y 99.9900 dB    U 99.9900 dB    V 99.9900 dB] [ET     8 ] [L0 ] [L1 ]
POC  284 TId: 0 ( I-SLICE, nQP 26 QP 26 )    4326552 bits [Y 99.9900 dB    U 99.9900 dB    V 99.9900 dB] [ET     8 ] [L0 ] [L1 ]
POC  285 TId: 0 ( I-SLICE, nQP 26 QP 26 )    4326160 bits [Y 99.9900 dB    U 99.9900 dB    V 99.9900 dB] [ET     8 ] [L0 ] [L1 ]
POC  286 TId: 0 ( I-SLICE, nQP 26 QP 26 )    4329552 bits [Y 99.9900 dB    U 99.9900 dB    V 99.9900 dB] [ET     8 ] [L0 ] [L1 ]
POC  287 TId: 0 ( I-SLICE, nQP 26 QP 26 )    4327608 bits [Y 99.9900 dB    U 99.9900 dB    V 99.9900 dB] [ET     8 ] [L0 ] [L1 ]
POC  288 TId: 0 ( I-SLICE, nQP 26 QP 26 )    4327808 bits [Y 99.9900 dB    U 99.9900 dB    V 99.9900 dB] [ET     8 ] [L0 ] [L1 ]
POC  289 TId: 0 ( I-SLICE, nQP 26 QP 26 )    4328400 bits [Y 99.9900 dB    U 99.9900 dB    V 99.9900 dB] [ET     8 ] [L0 ] [L1 ]
POC  290 TId: 0 ( I-SLICE, nQP 26 QP 26 )    4330464 bits [Y 99.9900 dB    U 99.9900 dB    V 99.9900 dB] [ET     8 ] [L0 ] [L1 ]
POC  291 TId: 0 ( I-SLICE, nQP 26 QP 26 )    4329080 bits [Y 99.9900 dB    U 99.9900 dB    V 99.9900 dB] [ET     8 ] [L0 ] [L1 ]
POC  292 TId: 0 ( I-SLICE, nQP 26 QP 26 )    4336568 bits [Y 99.9900 dB    U 99.9900 dB    V 99.9900 dB] [ET     8 ] [L0 ] [L1 ]
POC  293 TId: 0 ( I-SLICE, nQP 26 QP 26 )    4330976 bits [Y 99.9900 dB    U 99.9900 dB    V 99.9900 dB] [ET     8 ] [L0 ] [L1 ]
POC  294 TId: 0 ( I-SLICE, nQP 26 QP 26 )    4335896 bits [Y 99.9900 dB    U 99.9900 dB    V 99.9900 dB] [ET     8 ] [L0 ] [L1 ]
POC  295 TId: 0 ( I-SLICE, nQP 26 QP 26 )    4333544 bits [Y 99.9900 dB    U 99.9900 dB    V 99.9900 dB] [ET     8 ] [L0 ] [L1 ]
POC  296 TId: 0 ( I-SLICE, nQP 26 QP 26 )    4335088 bits [Y 99.9900 dB    U 99.9900 dB    V 99.9900 dB] [ET     8 ] [L0 ] [L1 ]
POC  297 TId: 0 ( I-SLICE, nQP 26 QP 26 )    4334640 bits [Y 99.9900 dB    U 99.9900 dB    V 99.9900 dB] [ET     8 ] [L0 ] [L1 ]
POC  298 TId: 0 ( I-SLICE, nQP 26 QP 26 )    4336136 bits [Y 99.9900 dB    U 99.9900 dB    V 99.9900 dB] [ET     8 ] [L0 ] [L1 ]
POC  299 TId: 0 ( I-SLICE, nQP 26 QP 26 )    4333096 bits [Y 99.9900 dB    U 99.9900 dB    V 99.9900 dB] [ET     8 ] [L0 ] [L1 ]
POC  300 TId: 0 ( I-SLICE, nQP 26 QP 26 )    4328544 bits [Y 99.9900 dB    U 99.9900 dB    V 99.9900 dB] [ET     8 ] [L0 ] [L1 ]
POC  301 TId: 0 ( I-SLICE, nQP 26 QP 26 )    4328480 bits [Y 99.9900 dB    U 99.9900 dB    V 99.9900 dB] [ET     8 ] [L0 ] [L1 ]
POC  302 TId: 0 ( I-SLICE, nQP 26 QP 26 )    4323200 bits [Y 99.9900 dB    U 99.9900 dB    V 99.9900 dB] [ET     8 ] [L0 ] [L1 ]
POC  303 TId: 0 ( I-SLICE, nQP 26 QP 26 )    4324504 bits [Y 99.9900 dB    U 99.9900 dB    V 99.9900 dB] [ET     8 ] [L0 ] [L1 ]
POC  304 TId: 0 ( I-SLICE, nQP 26 QP 26 )    4319216 bits [Y 99.9900 dB    U 99.9900 dB    V 99.9900 dB] [ET     8 ] [L0 ] [L1 ]
POC  305 TId: 0 ( I-SLICE, nQP 26 QP 26 )    4318952 bits [Y 99.9900 dB    U 99.9900 dB    V 99.9900 dB] [ET     8 ] [L0 ] [L1 ]
POC  306 TId: 0 ( I-SLICE, nQP 26 QP 26 )    4322440 bits [Y 99.9900 dB    U 99.9900 dB    V 99.9900 dB] [ET     8 ] [L0 ] [L1 ]
POC  307 TId: 0 ( I-SLICE, nQP 26 QP 26 )    4327128 bits [Y 99.9900 dB    U 99.9900 dB    V 99.9900 dB] [ET     8 ] [L0 ] [L1 ]
POC  308 TId: 0 ( I-SLICE, nQP 26 QP 26 )    4334360 bits [Y 99.9900 dB    U 99.9900 dB    V 99.9900 dB] [ET     8 ] [L0 ] [L1 ]
POC  309 TId: 0 ( I-SLICE, nQP 26 QP 26 )    4335680 bits [Y 99.9900 dB    U 99.9900 dB    V 99.9900 dB] [ET     8 ] [L0 ] [L1 ]
POC  310 TId: 0 ( I-SLICE, nQP 26 QP 26 )    4336672 bits [Y 99.9900 dB    U 99.9900 dB    V 99.9900 dB] [ET     8 ] [L0 ] [L1 ]
POC  311 TId: 0 ( I-SLICE, nQP 26 QP 26 )    4336224 bits [Y 99.9900 dB    U 99.9900 dB    V 99.9900 dB] [ET     8 ] [L0 ] [L1 ]
POC  312 TId: 0 ( I-SLICE, nQP 26 QP 26 )    4339912 bits [Y 99.9900 dB    U 99.9900 dB    V 99.9900 dB] [ET     8 ] [L0 ] [L1 ]
POC  313 TId: 0 ( I-SLICE, nQP 26 QP 26 )    4336920 bits [Y 99.9900 dB    U 99.9900 dB    V 99.9900 dB] [ET     8 ] [L0 ] [L1 ]
POC  314 TId: 0 ( I-SLICE, nQP 26 QP 26 )    4343528 bits [Y 99.9900 dB    U 99.9900 dB    V 99.9900 dB] [ET     8 ] [L0 ] [L1 ]
POC  315 TId: 0 ( I-SLICE, nQP 26 QP 26 )    4346496 bits [Y 99.9900 dB    U 99.9900 dB    V 99.9900 dB] [ET     8 ] [L0 ] [L1 ]
POC  316 TId: 0 ( I-SLICE, nQP 26 QP 26 )    4345208 bits [Y 99.9900 dB    U 99.9900 dB    V 99.9900 dB] [ET     8 ] [L0 ] [L1 ]
POC  317 TId: 0 ( I-SLICE, nQP 26 QP 26 )    4343064 bits [Y 99.9900 dB    U 99.9900 dB    V 99.9900 dB] [ET     8 ] [L0 ] [L1 ]
POC  318 TId: 0 ( I-SLICE, nQP 26 QP 26 )    4345496 bits [Y 99.9900 dB    U 99.9900 dB    V 99.9900 dB] [ET     8 ] [L0 ] [L1 ]
POC  319 TId: 0 ( I-SLICE, nQP 26 QP 26 )    4342704 bits [Y 99.9900 dB    U 99.9900 dB    V 99.9900 dB] [ET     8 ] [L0 ] [L1 ]
POC  320 TId: 0 ( I-SLICE, nQP 26 QP 26 )    4343208 bits [Y 99.9900 dB    U 99.9900 dB    V 99.9900 dB] [ET     8 ] [L0 ] [L1 ]
POC  321 TId: 0 ( I-SLICE, nQP 26 QP 26 )    4342160 bits [Y 99.9900 dB    U 99.9900 dB    V 99.9900 dB] [ET     8 ] [L0 ] [L1 ]
POC  322 TId: 0 ( I-SLICE, nQP 26 QP 26 )    4343904 bits [Y 99.9900 dB    U 99.9900 dB    V 99.9900 dB] [ET     8 ] [L0 ] [L1 ]
POC  323 TId: 0 ( I-SLICE, nQP 26 QP 26 )    4346080 bits [Y 99.9900 dB    U 99.9900 dB    V 99.9900 dB] [ET     8 ] [L0 ] [L1 ]
POC  324 TId: 0 ( I-SLICE, nQP 26 QP 26 )    4348920 bits [Y 99.9900 dB    U 99.9900 dB    V 99.9900 dB] [ET     8 ] [L0 ] [L1 ]
POC  325 TId: 0 ( I-SLICE, nQP 26 QP 26 )    4342152 bits [Y 99.9900 dB    U 99.9900 dB    V 99.9900 dB] [ET     8 ] [L0 ] [L1 ]
POC  326 TId: 0 ( I-SLICE, nQP 26 QP 26 )    4343920 bits [Y 99.9900 dB    U 99.9900 dB    V 99.9900 dB] [ET     8 ] [L0 ] [L1 ]
POC  327 TId: 0 ( I-SLICE, nQP 26 QP 26 )    4341376 bits [Y 99.9900 dB    U 99.9900 dB    V 99.9900 dB] [ET     8 ] [L0 ] [L1 ]
POC  328 TId: 0 ( I-SLICE, nQP 26 QP 26 )    4343840 bits [Y 99.9900 dB    U 99.9900 dB    V 99.9900 dB] [ET     8 ] [L0 ] [L1 ]
POC  329 TId: 0 ( I-SLICE, nQP 26 QP 26 )    4345368 bits [Y 99.9900 dB    U 99.9900 dB    V 99.9900 dB] [ET     8 ] [L0 ] [L1 ]
POC  330 TId: 0 ( I-SLICE, nQP 26 QP 26 )    4338168 bits [Y 99.9900 dB    U 99.9900 dB    V 99.9900 dB] [ET     8 ] [L0 ] [L1 ]
POC  331 TId: 0 ( I-SLICE, nQP 26 QP 26 )    4339744 bits [Y 99.9900 dB    U 99.9900 dB    V 99.9900 dB] [ET     8 ] [L0 ] [L1 ]
POC  332 TId: 0 ( I-SLICE, nQP 26 QP 26 )    4345600 bits [Y 99.9900 dB    U 99.9900 dB    V 99.9900 dB] [ET     8 ] [L0 ] [L1 ]
POC  333 TId: 0 ( I-SLICE, nQP 26 QP 26 )    4345528 bits [Y 99.9900 dB    U 99.9900 dB    V 99.9900 dB] [ET     8 ] [L0 ] [L1 ]
POC  334 TId: 0 ( I-SLICE, nQP 26 QP 26 )    4345136 bits [Y 99.9900 dB    U 99.9900 dB    V 99.9900 dB] [ET     8 ] [L0 ] [L1 ]
POC  335 TId: 0 ( I-SLICE, nQP 26 QP 26 )    4341096 bits [Y 99.9900 dB    U 99.9900 dB    V 99.9900 dB] [ET     8 ] [L0 ] [L1 ]
POC  336 TId: 0 ( I-SLICE, nQP 26 QP 26 )    4347208 bits [Y 99.9900 dB    U 99.9900 dB    V 99.9900 dB] [ET     8 ] [L0 ] [L1 ]
POC  337 TId: 0 ( I-SLICE, nQP 26 QP 26 )    4336824 bits [Y 99.9900 dB    U 99.9900 dB    V 99.9900 dB] [ET     8 ] [L0 ] [L1 ]
POC  338 TId: 0 ( I-SLICE, nQP 26 QP 26 )    4343848 bits [Y 99.9900 dB    U 99.9900 dB    V 99.9900 dB] [ET     8 ] [L0 ] [L1 ]
POC  339 TId: 0 ( I-SLICE, nQP 26 QP 26 )    4341456 bits [Y 99.9900 dB    U 99.9900 dB    V 99.9900 dB] [ET     8 ] [L0 ] [L1 ]
POC  340 TId: 0 ( I-SLICE, nQP 26 QP 26 )    4341376 bits [Y 99.9900 dB    U 99.9900 dB    V 99.9900 dB] [ET     8 ] [L0 ] [L1 ]
POC  341 TId: 0 ( I-SLICE, nQP 26 QP 26 )    4342488 bits [Y 99.9900 dB    U 99.9900 dB    V 99.9900 dB] [ET     8 ] [L0 ] [L1 ]
POC  342 TId: 0 ( I-SLICE, nQP 26 QP 26 )    4343776 bits [Y 99.9900 dB    U 99.9900 dB    V 99.9900 dB] [ET     8 ] [L0 ] [L1 ]
POC  343 TId: 0 ( I-SLICE, nQP 26 QP 26 )    4337224 bits [Y 99.9900 dB    U 99.9900 dB    V 99.9900 dB] [ET     8 ] [L0 ] [L1 ]
POC  344 TId: 0 ( I-SLICE, nQP 26 QP 26 )    4335408 bits [Y 99.9900 dB    U 99.9900 dB    V 99.9900 dB] [ET     8 ] [L0 ] [L1 ]
POC  345 TId: 0 ( I-SLICE, nQP 26 QP 26 )    4332136 bits [Y 99.9900 dB    U 99.9900 dB    V 99.9900 dB] [ET     8 ] [L0 ] [L1 ]
POC  346 TId: 0 ( I-SLICE, nQP 26 QP 26 )    4339592 bits [Y 99.9900 dB    U 99.9900 dB    V 99.9900 dB] [ET     8 ] [L0 ] [L1 ]
POC  347 TId: 0 ( I-SLICE, nQP 26 QP 26 )    4332792 bits [Y 99.9900 dB    U 99.9900 dB    V 99.9900 dB] [ET     8 ] [L0 ] [L1 ]
POC  348 TId: 0 ( I-SLICE, nQP 26 QP 26 )    4330208 bits [Y 99.9900 dB    U 99.9900 dB    V 99.9900 dB] [ET     8 ] [L0 ] [L1 ]
POC  349 TId: 0 ( I-SLICE, nQP 26 QP 26 )    4328936 bits [Y 99.9900 dB    U 99.9900 dB    V 99.9900 dB] [ET     8 ] [L0 ] [L1 ]
POC  350 TId: 0 ( I-SLICE, nQP 26 QP 26 )    4332368 bits [Y 99.9900 dB    U 99.9900 dB    V 99.9900 dB] [ET     8 ] [L0 ] [L1 ]
POC  351 TId: 0 ( I-SLICE, nQP 26 QP 26 )    4328136 bits [Y 99.9900 dB    U 99.9900 dB    V 99.9900 dB] [ET     8 ] [L0 ] [L1 ]
POC  352 TId: 0 ( I-SLICE, nQP 26 QP 26 )    4330152 bits [Y 99.9900 dB    U 99.9900 dB    V 99.9900 dB] [ET     8 ] [L0 ] [L1 ]
POC  353 TId: 0 ( I-SLICE, nQP 26 QP 26 )    4331688 bits [Y 99.9900 dB    U 99.9900 dB    V 99.9900 dB] [ET     8 ] [L0 ] [L1 ]
POC  354 TId: 0 ( I-SLICE, nQP 26 QP 26 )    4329424 bits [Y 99.9900 dB    U 99.9900 dB    V 99.9900 dB] [ET     8 ] [L0 ] [L1 ]
POC  355 TId: 0 ( I-SLICE, nQP 26 QP 26 )    4324584 bits [Y 99.9900 dB    U 99.9900 dB    V 99.9900 dB] [ET     8 ] [L0 ] [L1 ]
POC  356 TId: 0 ( I-SLICE, nQP 26 QP 26 )    4326328 bits [Y 99.9900 dB    U 99.9900 dB    V 99.9900 dB] [ET     8 ] [L0 ] [L1 ]
POC  357 TId: 0 ( I-SLICE, nQP 26 QP 26 )    4328328 bits [Y 99.9900 dB    U 99.9900 dB    V 99.9900 dB] [ET     8 ] [L0 ] [L1 ]
POC  358 TId: 0 ( I-SLICE, nQP 26 QP 26 )    4322552 bits [Y 99.9900 dB    U 99.9900 dB    V 99.9900 dB] [ET     8 ] [L0 ] [L1 ]
POC  359 TId: 0 ( I-SLICE, nQP 26 QP 26 )    4320536 bits [Y 99.9900 dB    U 99.9900 dB    V 99.9900 dB] [ET     8 ] [L0 ] [L1 ]
POC  360 TId: 0 ( I-SLICE, nQP 26 QP 26 )    4321448 bits [Y 99.9900 dB    U 99.9900 dB    V 99.9900 dB] [ET     8 ] [L0 ] [L1 ]
POC  361 TId: 0 ( I-SLICE, nQP 26 QP 26 )    4317176 bits [Y 99.9900 dB    U 99.9900 dB    V 99.9900 dB] [ET     8 ] [L0 ] [L1 ]
POC  362 TId: 0 ( I-SLICE, nQP 26 QP 26 )    4316448 bits [Y 99.9900 dB    U 99.9900 dB    V 99.9900 dB] [ET     8 ] [L0 ] [L1 ]
POC  363 TId: 0 ( I-SLICE, nQP 26 QP 26 )    4317896 bits [Y 99.9900 dB    U 99.9900 dB    V 99.9900 dB] [ET     8 ] [L0 ] [L1 ]
POC  364 TId: 0 ( I-SLICE, nQP 26 QP 26 )    4317800 bits [Y 99.9900 dB    U 99.9900 dB    V 99.9900 dB] [ET     8 ] [L0 ] [L1 ]
POC  365 TId: 0 ( I-SLICE, nQP 26 QP 26 )    4319880 bits [Y 99.9900 dB    U 99.9900 dB    V 99.9900 dB] [ET     8 ] [L0 ] [L1 ]
POC  366 TId: 0 ( I-SLICE, nQP 26 QP 26 )    4317632 bits [Y 99.9900 dB    U 99.9900 dB    V 99.9900 dB] [ET     8 ] [L0 ] [L1 ]
POC  367 TId: 0 ( I-SLICE, nQP 26 QP 26 )    4315648 bits [Y 99.9900 dB    U 99.9900 dB    V 99.9900 dB] [ET     8 ] [L0 ] [L1 ]
POC  368 TId: 0 ( I-SLICE, nQP 26 QP 26 )    4313752 bits [Y 99.9900 dB    U 99.9900 dB    V 99.9900 dB] [ET     8 ] [L0 ] [L1 ]
POC  369 TId: 0 ( I-SLICE, nQP 26 QP 26 )    4317360 bits [Y 99.9900 dB    U 99.9900 dB    V 99.9900 dB] [ET     8 ] [L0 ] [L1 ]
POC  370 TId: 0 ( I-SLICE, nQP 26 QP 26 )    4316448 bits [Y 99.9900 dB    U 99.9900 dB    V 99.9900 dB] [ET     8 ] [L0 ] [L1 ]
POC  371 TId: 0 ( I-SLICE, nQP 26 QP 26 )    4314968 bits [Y 99.9900 dB    U 99.9900 dB    V 99.9900 dB] [ET     8 ] [L0 ] [L1 ]
POC  372 TId: 0 ( I-SLICE, nQP 26 QP 26 )    4314608 bits [Y 99.9900 dB    U 99.9900 dB    V 99.9900 dB] [ET     8 ] [L0 ] [L1 ]
POC  373 TId: 0 ( I-SLICE, nQP 26 QP 26 )    4307856 bits [Y 99.9900 dB    U 99.9900 dB    V 99.9900 dB] [ET     8 ] [L0 ] [L1 ]
POC  374 TId: 0 ( I-SLICE, nQP 26 QP 26 )    4313232 bits [Y 99.9900 dB    U 99.9900 dB    V 99.9900 dB] [ET     8 ] [L0 ] [L1 ]
POC  375 TId: 0 ( I-SLICE, nQP 26 QP 26 )    4308136 bits [Y 99.9900 dB    U 99.9900 dB    V 99.9900 dB] [ET     8 ] [L0 ] [L1 ]
POC  376 TId: 0 ( I-SLICE, nQP 26 QP 26 )    4309440 bits [Y 99.9900 dB    U 99.9900 dB    V 99.9900 dB] [ET     8 ] [L0 ] [L1 ]
POC  377 TId: 0 ( I-SLICE, nQP 26 QP 26 )    4310872 bits [Y 99.9900 dB    U 99.9900 dB    V 99.9900 dB] [ET     8 ] [L0 ] [L1 ]
POC  378 TId: 0 ( I-SLICE, nQP 26 QP 26 )    4307840 bits [Y 99.9900 dB    U 99.9900 dB    V 99.9900 dB] [ET     8 ] [L0 ] [L1 ]
POC  379 TId: 0 ( I-SLICE, nQP 26 QP 26 )    4309696 bits [Y 99.9900 dB    U 99.9900 dB    V 99.9900 dB] [ET     8 ] [L0 ] [L1 ]
POC  380 TId: 0 ( I-SLICE, nQP 26 QP 26 )    4313184 bits [Y 99.9900 dB    U 99.9900 dB    V 99.9900 dB] [ET     8 ] [L0 ] [L1 ]
POC  381 TId: 0 ( I-SLICE, nQP 26 QP 26 )    4313208 bits [Y 99.9900 dB    U 99.9900 dB    V 99.9900 dB] [ET     8 ] [L0 ] [L1 ]
POC  382 TId: 0 ( I-SLICE, nQP 26 QP 26 )    4311736 bits [Y 99.9900 dB    U 99.9900 dB    V 99.9900 dB] [ET     8 ] [L0 ] [L1 ]
POC  383 TId: 0 ( I-SLICE, nQP 26 QP 26 )    4306960 bits [Y 99.9900 dB    U 99.9900 dB    V 99.9900 dB] [ET     8 ] [L0 ] [L1 ]
POC  384 TId: 0 ( I-SLICE, nQP 26 QP 26 )    4311864 bits [Y 99.9900 dB    U 99.9900 dB    V 99.9900 dB] [ET     8 ] [L0 ] [L1 ]
POC  385 TId: 0 ( I-SLICE, nQP 26 QP 26 )    4308864 bits [Y 99.9900 dB    U 99.9900 dB    V 99.9900 dB] [ET     8 ] [L0 ] [L1 ]
POC  386 TId: 0 ( I-SLICE, nQP 26 QP 26 )    4311440 bits [Y 99.9900 dB    U 99.9900 dB    V 99.9900 dB] [ET     8 ] [L0 ] [L1 ]
POC  387 TId: 0 ( I-SLICE, nQP 26 QP 26 )    4310128 bits [Y 99.9900 dB    U 99.9900 dB    V 99.9900 dB] [ET     8 ] [L0 ] [L1 ]
POC  388 TId: 0 ( I-SLICE, nQP 26 QP 26 )    4311536 bits [Y 99.9900 dB    U 99.9900 dB    V 99.9900 dB] [ET     8 ] [L0 ] [L1 ]
POC  389 TId: 0 ( I-SLICE, nQP 26 QP 26 )    4306960 bits [Y 99.9900 dB    U 99.9900 dB    V 99.9900 dB] [ET     8 ] [L0 ] [L1 ]
POC  390 TId: 0 ( I-SLICE, nQP 26 QP 26 )    4309640 bits [Y 99.9900 dB    U 99.9900 dB    V 99.9900 dB] [ET     8 ] [L0 ] [L1 ]
POC  391 TId: 0 ( I-SLICE, nQP 26 QP 26 )    4306216 bits [Y 99.9900 dB    U 99.9900 dB    V 99.9900 dB] [ET     8 ] [L0 ] [L1 ]
POC  392 TId: 0 ( I-SLICE, nQP 26 QP 26 )    4310048 bits [Y 99.9900 dB    U 99.9900 dB    V 99.9900 dB] [ET     8 ] [L0 ] [L1 ]
POC  393 TId: 0 ( I-SLICE, nQP 26 QP 26 )    4310664 bits [Y 99.9900 dB    U 99.9900 dB    V 99.9900 dB] [ET     8 ] [L0 ] [L1 ]
POC  394 TId: 0 ( I-SLICE, nQP 26 QP 26 )    4310800 bits [Y 99.9900 dB    U 99.9900 dB    V 99.9900 dB] [ET     8 ] [L0 ] [L1 ]
POC  395 TId: 0 ( I-SLICE, nQP 26 QP 26 )    4311920 bits [Y 99.9900 dB    U 99.9900 dB    V 99.9900 dB] [ET     8 ] [L0 ] [L1 ]
POC  396 TId: 0 ( I-SLICE, nQP 26 QP 26 )    4309984 bits [Y 99.9900 dB    U 99.9900 dB    V 99.9900 dB] [ET     8 ] [L0 ] [L1 ]
POC  397 TId: 0 ( I-SLICE, nQP 26 QP 26 )    4315280 bits [Y 99.9900 dB    U 99.9900 dB    V 99.9900 dB] [ET     8 ] [L0 ] [L1 ]
POC  398 TId: 0 ( I-SLICE, nQP 26 QP 26 )    4310760 bits [Y 99.9900 dB    U 99.9900 dB    V 99.9900 dB] [ET     8 ] [L0 ] [L1 ]
POC  399 TId: 0 ( I-SLICE, nQP 26 QP 26 )    4312752 bits [Y 99.9900 dB    U 99.9900 dB    V 99.9900 dB] [ET     8 ] [L0 ] [L1 ]
POC  400 TId: 0 ( I-SLICE, nQP 26 QP 26 )    4311896 bits [Y 99.9900 dB    U 99.9900 dB    V 99.9900 dB] [ET     8 ] [L0 ] [L1 ]
POC  401 TId: 0 ( I-SLICE, nQP 26 QP 26 )    4317360 bits [Y 99.9900 dB    U 99.9900 dB    V 99.9900 dB] [ET     8 ] [L0 ] [L1 ]
POC  402 TId: 0 ( I-SLICE, nQP 26 QP 26 )    4315992 bits [Y 99.9900 dB    U 99.9900 dB    V 99.9900 dB] [ET     8 ] [L0 ] [L1 ]
POC  403 TId: 0 ( I-SLICE, nQP 26 QP 26 )    4313448 bits [Y 99.9900 dB    U 99.9900 dB    V 99.9900 dB] [ET     8 ] [L0 ] [L1 ]
POC  404 TId: 0 ( I-SLICE, nQP 26 QP 26 )    4315576 bits [Y 99.9900 dB    U 99.9900 dB    V 99.9900 dB] [ET     8 ] [L0 ] [L1 ]
POC  405 TId: 0 ( I-SLICE, nQP 26 QP 26 )    4313976 bits [Y 99.9900 dB    U 99.9900 dB    V 99.9900 dB] [ET     8 ] [L0 ] [L1 ]
POC  406 TId: 0 ( I-SLICE, nQP 26 QP 26 )    4315208 bits [Y 99.9900 dB    U 99.9900 dB    V 99.9900 dB] [ET     8 ] [L0 ] [L1 ]
POC  407 TId: 0 ( I-SLICE, nQP 26 QP 26 )    4314152 bits [Y 99.9900 dB    U 99.9900 dB    V 99.9900 dB] [ET     8 ] [L0 ] [L1 ]
POC  408 TId: 0 ( I-SLICE, nQP 26 QP 26 )    4316320 bits [Y 99.9900 dB    U 99.9900 dB    V 99.9900 dB] [ET     8 ] [L0 ] [L1 ]
POC  409 TId: 0 ( I-SLICE, nQP 26 QP 26 )    4318632 bits [Y 99.9900 dB    U 99.9900 dB    V 99.9900 dB] [ET     8 ] [L0 ] [L1 ]
POC  410 TId: 0 ( I-SLICE, nQP 26 QP 26 )    4319672 bits [Y 99.9900 dB    U 99.9900 dB    V 99.9900 dB] [ET     8 ] [L0 ] [L1 ]
POC  411 TId: 0 ( I-SLICE, nQP 26 QP 26 )    4319928 bits [Y 99.9900 dB    U 99.9900 dB    V 99.9900 dB] [ET     8 ] [L0 ] [L1 ]
POC  412 TId: 0 ( I-SLICE, nQP 26 QP 26 )    4314888 bits [Y 99.9900 dB    U 99.9900 dB    V 99.9900 dB] [ET     8 ] [L0 ] [L1 ]
POC  413 TId: 0 ( I-SLICE, nQP 26 QP 26 )    4321872 bits [Y 99.9900 dB    U 99.9900 dB    V 99.9900 dB] [ET     8 ] [L0 ] [L1 ]
POC  414 TId: 0 ( I-SLICE, nQP 26 QP 26 )    4323112 bits [Y 99.9900 dB    U 99.9900 dB    V 99.9900 dB] [ET     8 ] [L0 ] [L1 ]
POC  415 TId: 0 ( I-SLICE, nQP 26 QP 26 )    4327896 bits [Y 99.9900 dB    U 99.9900 dB    V 99.9900 dB] [ET     8 ] [L0 ] [L1 ]
POC  416 TId: 0 ( I-SLICE, nQP 26 QP 26 )    4319512 bits [Y 99.9900 dB    U 99.9900 dB    V 99.9900 dB] [ET     8 ] [L0 ] [L1 ]
POC  417 TId: 0 ( I-SLICE, nQP 26 QP 26 )    4322352 bits [Y 99.9900 dB    U 99.9900 dB    V 99.9900 dB] [ET     8 ] [L0 ] [L1 ]
POC  418 TId: 0 ( I-SLICE, nQP 26 QP 26 )    4322152 bits [Y 99.9900 dB    U 99.9900 dB    V 99.9900 dB] [ET     8 ] [L0 ] [L1 ]
POC  419 TId: 0 ( I-SLICE, nQP 26 QP 26 )    4326432 bits [Y 99.9900 dB    U 99.9900 dB    V 99.9900 dB] [ET     8 ] [L0 ] [L1 ]
POC  420 TId: 0 ( I-SLICE, nQP 26 QP 26 )    4327440 bits [Y 99.9900 dB    U 99.9900 dB    V 99.9900 dB] [ET     8 ] [L0 ] [L1 ]
POC  421 TId: 0 ( I-SLICE, nQP 26 QP 26 )    4330840 bits [Y 99.9900 dB    U 99.9900 dB    V 99.9900 dB] [ET     8 ] [L0 ] [L1 ]
POC  422 TId: 0 ( I-SLICE, nQP 26 QP 26 )    4330440 bits [Y 99.9900 dB    U 99.9900 dB    V 99.9900 dB] [ET     8 ] [L0 ] [L1 ]
POC  423 TId: 0 ( I-SLICE, nQP 26 QP 26 )    4330960 bits [Y 99.9900 dB    U 99.9900 dB    V 99.9900 dB] [ET     8 ] [L0 ] [L1 ]
POC  424 TId: 0 ( I-SLICE, nQP 26 QP 26 )    4330576 bits [Y 99.9900 dB    U 99.9900 dB    V 99.9900 dB] [ET     8 ] [L0 ] [L1 ]
POC  425 TId: 0 ( I-SLICE, nQP 26 QP 26 )    4336808 bits [Y 99.9900 dB    U 99.9900 dB    V 99.9900 dB] [ET     8 ] [L0 ] [L1 ]
POC  426 TId: 0 ( I-SLICE, nQP 26 QP 26 )    4338168 bits [Y 99.9900 dB    U 99.9900 dB    V 99.9900 dB] [ET     8 ] [L0 ] [L1 ]
POC  427 TId: 0 ( I-SLICE, nQP 26 QP 26 )    4337096 bits [Y 99.9900 dB    U 99.9900 dB    V 99.9900 dB] [ET     8 ] [L0 ] [L1 ]
POC  428 TId: 0 ( I-SLICE, nQP 26 QP 26 )    4336736 bits [Y 99.9900 dB    U 99.9900 dB    V 99.9900 dB] [ET     8 ] [L0 ] [L1 ]
POC  429 TId: 0 ( I-SLICE, nQP 26 QP 26 )    4333072 bits [Y 99.9900 dB    U 99.9900 dB    V 99.9900 dB] [ET     8 ] [L0 ] [L1 ]
POC  430 TId: 0 ( I-SLICE, nQP 26 QP 26 )    4332816 bits [Y 99.9900 dB    U 99.9900 dB    V 99.9900 dB] [ET     8 ] [L0 ] [L1 ]
POC  431 TId: 0 ( I-SLICE, nQP 26 QP 26 )    4337984 bits [Y 99.9900 dB    U 99.9900 dB    V 99.9900 dB] [ET     8 ] [L0 ] [L1 ]
POC  432 TId: 0 ( I-SLICE, nQP 26 QP 26 )    4341032 bits [Y 99.9900 dB    U 99.9900 dB    V 99.9900 dB] [ET     8 ] [L0 ] [L1 ]
POC  433 TId: 0 ( I-SLICE, nQP 26 QP 26 )    4344936 bits [Y 99.9900 dB    U 99.9900 dB    V 99.9900 dB] [ET     8 ] [L0 ] [L1 ]
POC  434 TId: 0 ( I-SLICE, nQP 26 QP 26 )    4342160 bits [Y 99.9900 dB    U 99.9900 dB    V 99.9900 dB] [ET     8 ] [L0 ] [L1 ]
POC  435 TId: 0 ( I-SLICE, nQP 26 QP 26 )    4339728 bits [Y 99.9900 dB    U 99.9900 dB    V 99.9900 dB] [ET     8 ] [L0 ] [L1 ]
POC  436 TId: 0 ( I-SLICE, nQP 26 QP 26 )    4342360 bits [Y 99.9900 dB    U 99.9900 dB    V 99.9900 dB] [ET     8 ] [L0 ] [L1 ]
POC  437 TId: 0 ( I-SLICE, nQP 26 QP 26 )    4341248 bits [Y 99.9900 dB    U 99.9900 dB    V 99.9900 dB] [ET     8 ] [L0 ] [L1 ]
POC  438 TId: 0 ( I-SLICE, nQP 26 QP 26 )    4344048 bits [Y 99.9900 dB    U 99.9900 dB    V 99.9900 dB] [ET     8 ] [L0 ] [L1 ]
POC  439 TId: 0 ( I-SLICE, nQP 26 QP 26 )    4339104 bits [Y 99.9900 dB    U 99.9900 dB    V 99.9900 dB] [ET     8 ] [L0 ] [L1 ]
POC  440 TId: 0 ( I-SLICE, nQP 26 QP 26 )    4342312 bits [Y 99.9900 dB    U 99.9900 dB    V 99.9900 dB] [ET     8 ] [L0 ] [L1 ]
POC  441 TId: 0 ( I-SLICE, nQP 26 QP 26 )    4342752 bits [Y 99.9900 dB    U 99.9900 dB    V 99.9900 dB] [ET     8 ] [L0 ] [L1 ]
POC  442 TId: 0 ( I-SLICE, nQP 26 QP 26 )    4340200 bits [Y 99.9900 dB    U 99.9900 dB    V 99.9900 dB] [ET     8 ] [L0 ] [L1 ]
POC  443 TId: 0 ( I-SLICE, nQP 26 QP 26 )    4340808 bits [Y 99.9900 dB    U 99.9900 dB    V 99.9900 dB] [ET     8 ] [L0 ] [L1 ]
POC  444 TId: 0 ( I-SLICE, nQP 26 QP 26 )    4344704 bits [Y 99.9900 dB    U 99.9900 dB    V 99.9900 dB] [ET     8 ] [L0 ] [L1 ]
POC  445 TId: 0 ( I-SLICE, nQP 26 QP 26 )    4335640 bits [Y 99.9900 dB    U 99.9900 dB    V 99.9900 dB] [ET     8 ] [L0 ] [L1 ]
POC  446 TId: 0 ( I-SLICE, nQP 26 QP 26 )    4337776 bits [Y 99.9900 dB    U 99.9900 dB    V 99.9900 dB] [ET     8 ] [L0 ] [L1 ]
POC  447 TId: 0 ( I-SLICE, nQP 26 QP 26 )    4336584 bits [Y 99.9900 dB    U 99.9900 dB    V 99.9900 dB] [ET     8 ] [L0 ] [L1 ]
POC  448 TId: 0 ( I-SLICE, nQP 26 QP 26 )    4336088 bits [Y 99.9900 dB    U 99.9900 dB    V 99.9900 dB] [ET     8 ] [L0 ] [L1 ]
POC  449 TId: 0 ( I-SLICE, nQP 26 QP 26 )    4334160 bits [Y 99.9900 dB    U 99.9900 dB    V 99.9900 dB] [ET     8 ] [L0 ] [L1 ]
POC  450 TId: 0 ( I-SLICE, nQP 26 QP 26 )    4339264 bits [Y 99.9900 dB    U 99.9900 dB    V 99.9900 dB] [ET     8 ] [L0 ] [L1 ]
POC  451 TId: 0 ( I-SLICE, nQP 26 QP 26 )    4336280 bits [Y 99.9900 dB    U 99.9900 dB    V 99.9900 dB] [ET     8 ] [L0 ] [L1 ]
POC  452 TId: 0 ( I-SLICE, nQP 26 QP 26 )    4337184 bits [Y 99.9900 dB    U 99.9900 dB    V 99.9900 dB] [ET     8 ] [L0 ] [L1 ]
POC  453 TId: 0 ( I-SLICE, nQP 26 QP 26 )    4341536 bits [Y 99.9900 dB    U 99.9900 dB    V 99.9900 dB] [ET     8 ] [L0 ] [L1 ]
POC  454 TId: 0 ( I-SLICE, nQP 26 QP 26 )    4339880 bits [Y 99.9900 dB    U 99.9900 dB    V 99.9900 dB] [ET     8 ] [L0 ] [L1 ]
POC  455 TId: 0 ( I-SLICE, nQP 26 QP 26 )    4340328 bits [Y 99.9900 dB    U 99.9900 dB    V 99.9900 dB] [ET     8 ] [L0 ] [L1 ]
POC  456 TId: 0 ( I-SLICE, nQP 26 QP 26 )    4341656 bits [Y 99.9900 dB    U 99.9900 dB    V 99.9900 dB] [ET     8 ] [L0 ] [L1 ]
POC  457 TId: 0 ( I-SLICE, nQP 26 QP 26 )    4342632 bits [Y 99.9900 dB    U 99.9900 dB    V 99.9900 dB] [ET     8 ] [L0 ] [L1 ]
POC  458 TId: 0 ( I-SLICE, nQP 26 QP 26 )    4348688 bits [Y 99.9900 dB    U 99.9900 dB    V 99.9900 dB] [ET     8 ] [L0 ] [L1 ]
POC  459 TId: 0 ( I-SLICE, nQP 26 QP 26 )    4340768 bits [Y 99.9900 dB    U 99.9900 dB    V 99.9900 dB] [ET     8 ] [L0 ] [L1 ]
POC  460 TId: 0 ( I-SLICE, nQP 26 QP 26 )    4351096 bits [Y 99.9900 dB    U 99.9900 dB    V 99.9900 dB] [ET     8 ] [L0 ] [L1 ]
POC  461 TId: 0 ( I-SLICE, nQP 26 QP 26 )    4347712 bits [Y 99.9900 dB    U 99.9900 dB    V 99.9900 dB] [ET     8 ] [L0 ] [L1 ]
POC  462 TId: 0 ( I-SLICE, nQP 26 QP 26 )    4350616 bits [Y 99.9900 dB    U 99.9900 dB    V 99.9900 dB] [ET     8 ] [L0 ] [L1 ]
POC  463 TId: 0 ( I-SLICE, nQP 26 QP 26 )    4352248 bits [Y 99.9900 dB    U 99.9900 dB    V 99.9900 dB] [ET     8 ] [L0 ] [L1 ]
POC  464 TId: 0 ( I-SLICE, nQP 26 QP 26 )    4352312 bits [Y 99.9900 dB    U 99.9900 dB    V 99.9900 dB] [ET     8 ] [L0 ] [L1 ]
POC  465 TId: 0 ( I-SLICE, nQP 26 QP 26 )    4351760 bits [Y 99.9900 dB    U 99.9900 dB    V 99.9900 dB] [ET     8 ] [L0 ] [L1 ]
POC  466 TId: 0 ( I-SLICE, nQP 26 QP 26 )    4349040 bits [Y 99.9900 dB    U 99.9900 dB    V 99.9900 dB] [ET     8 ] [L0 ] [L1 ]
POC  467 TId: 0 ( I-SLICE, nQP 26 QP 26 )    4350680 bits [Y 99.9900 dB    U 99.9900 dB    V 99.9900 dB] [ET     8 ] [L0 ] [L1 ]
POC  468 TId: 0 ( I-SLICE, nQP 26 QP 26 )    4352664 bits [Y 99.9900 dB    U 99.9900 dB    V 99.9900 dB] [ET     8 ] [L0 ] [L1 ]
POC  469 TId: 0 ( I-SLICE, nQP 26 QP 26 )    4353232 bits [Y 99.9900 dB    U 99.9900 dB    V 99.9900 dB] [ET     8 ] [L0 ] [L1 ]
POC  470 TId: 0 ( I-SLICE, nQP 26 QP 26 )    4355528 bits [Y 99.9900 dB    U 99.9900 dB    V 99.9900 dB] [ET     8 ] [L0 ] [L1 ]
POC  471 TId: 0 ( I-SLICE, nQP 26 QP 26 )    4355320 bits [Y 99.9900 dB    U 99.9900 dB    V 99.9900 dB] [ET     8 ] [L0 ] [L1 ]
POC  472 TId: 0 ( I-SLICE, nQP 26 QP 26 )    4358136 bits [Y 99.9900 dB    U 99.9900 dB    V 99.9900 dB] [ET     8 ] [L0 ] [L1 ]
POC  473 TId: 0 ( I-SLICE, nQP 26 QP 26 )    4354912 bits [Y 99.9900 dB    U 99.9900 dB    V 99.9900 dB] [ET     8 ] [L0 ] [L1 ]
POC  474 TId: 0 ( I-SLICE, nQP 26 QP 26 )    4356624 bits [Y 99.9900 dB    U 99.9900 dB    V 99.9900 dB] [ET     8 ] [L0 ] [L1 ]
POC  475 TId: 0 ( I-SLICE, nQP 26 QP 26 )    4352208 bits [Y 99.9900 dB    U 99.9900 dB    V 99.9900 dB] [ET     8 ] [L0 ] [L1 ]
POC  476 TId: 0 ( I-SLICE, nQP 26 QP 26 )    4362152 bits [Y 99.9900 dB    U 99.9900 dB    V 99.9900 dB] [ET     8 ] [L0 ] [L1 ]
POC  477 TId: 0 ( I-SLICE, nQP 26 QP 26 )    4353608 bits [Y 99.9900 dB    U 99.9900 dB    V 99.9900 dB] [ET     8 ] [L0 ] [L1 ]
POC  478 TId: 0 ( I-SLICE, nQP 26 QP 26 )    4358656 bits [Y 99.9900 dB    U 99.9900 dB    V 99.9900 dB] [ET     8 ] [L0 ] [L1 ]
POC  479 TId: 0 ( I-SLICE, nQP 26 QP 26 )    4358064 bits [Y 99.9900 dB    U 99.9900 dB    V 99.9900 dB] [ET     8 ] [L0 ] [L1 ]
POC  480 TId: 0 ( I-SLICE, nQP 26 QP 26 )    4357448 bits [Y 99.9900 dB    U 99.9900 dB    V 99.9900 dB] [ET     8 ] [L0 ] [L1 ]
POC  481 TId: 0 ( I-SLICE, nQP 26 QP 26 )    4360056 bits [Y 99.9900 dB    U 99.9900 dB    V 99.9900 dB] [ET     8 ] [L0 ] [L1 ]
POC  482 TId: 0 ( I-SLICE, nQP 26 QP 26 )    4355640 bits [Y 99.9900 dB    U 99.9900 dB    V 99.9900 dB] [ET     8 ] [L0 ] [L1 ]
POC  483 TId: 0 ( I-SLICE, nQP 26 QP 26 )    4348456 bits [Y 99.9900 dB    U 99.9900 dB    V 99.9900 dB] [ET     8 ] [L0 ] [L1 ]
POC  484 TId: 0 ( I-SLICE, nQP 26 QP 26 )    4351136 bits [Y 99.9900 dB    U 99.9900 dB    V 99.9900 dB] [ET     8 ] [L0 ] [L1 ]
POC  485 TId: 0 ( I-SLICE, nQP 26 QP 26 )    4346216 bits [Y 99.9900 dB    U 99.9900 dB    V 99.9900 dB] [ET     8 ] [L0 ] [L1 ]
POC  486 TId: 0 ( I-SLICE, nQP 26 QP 26 )    4346312 bits [Y 99.9900 dB    U 99.9900 dB    V 99.9900 dB] [ET     8 ] [L0 ] [L1 ]
POC  487 TId: 0 ( I-SLICE, nQP 26 QP 26 )    4344496 bits [Y 99.9900 dB    U 99.9900 dB    V 99.9900 dB] [ET     8 ] [L0 ] [L1 ]
POC  488 TId: 0 ( I-SLICE, nQP 26 QP 26 )    4344112 bits [Y 99.9900 dB    U 99.9900 dB    V 99.9900 dB] [ET     8 ] [L0 ] [L1 ]
POC  489 TId: 0 ( I-SLICE, nQP 26 QP 26 )    4341840 bits [Y 99.9900 dB    U 99.9900 dB    V 99.9900 dB] [ET     8 ] [L0 ] [L1 ]
POC  490 TId: 0 ( I-SLICE, nQP 26 QP 26 )    4339184 bits [Y 99.9900 dB    U 99.9900 dB    V 99.9900 dB] [ET     8 ] [L0 ] [L1 ]
POC  491 TId: 0 ( I-SLICE, nQP 26 QP 26 )    4336872 bits [Y 99.9900 dB    U 99.9900 dB    V 99.9900 dB] [ET     8 ] [L0 ] [L1 ]
POC  492 TId: 0 ( I-SLICE, nQP 26 QP 26 )    4339656 bits [Y 99.9900 dB    U 99.9900 dB    V 99.9900 dB] [ET     8 ] [L0 ] [L1 ]
POC  493 TId: 0 ( I-SLICE, nQP 26 QP 26 )    4337688 bits [Y 99.9900 dB    U 99.9900 dB    V 99.9900 dB] [ET     8 ] [L0 ] [L1 ]
POC  494 TId: 0 ( I-SLICE, nQP 26 QP 26 )    4340488 bits [Y 99.9900 dB    U 99.9900 dB    V 99.9900 dB] [ET     8 ] [L0 ] [L1 ]
POC  495 TId: 0 ( I-SLICE, nQP 26 QP 26 )    4340496 bits [Y 99.9900 dB    U 99.9900 dB    V 99.9900 dB] [ET     8 ] [L0 ] [L1 ]
POC  496 TId: 0 ( I-SLICE, nQP 26 QP 26 )    4342168 bits [Y 99.9900 dB    U 99.9900 dB    V 99.9900 dB] [ET     8 ] [L0 ] [L1 ]
POC  497 TId: 0 ( I-SLICE, nQP 26 QP 26 )    4338856 bits [Y 99.9900 dB    U 99.9900 dB    V 99.9900 dB] [ET     8 ] [L0 ] [L1 ]
POC  498 TId: 0 ( I-SLICE, nQP 26 QP 26 )    4343120 bits [Y 99.9900 dB    U 99.9900 dB    V 99.9900 dB] [ET     8 ] [L0 ] [L1 ]
POC  499 TId: 0 ( I-SLICE, nQP 26 QP 26 )    4336352 bits [Y 99.9900 dB    U 99.9900 dB    V 99.9900 dB] [ET     8 ] [L0 ] [L1 ]
POC  500 TId: 0 ( I-SLICE, nQP 26 QP 26 )    4345768 bits [Y 99.9900 dB    U 99.9900 dB    V 99.9900 dB] [ET     8 ] [L0 ] [L1 ]
POC  501 TId: 0 ( I-SLICE, nQP 26 QP 26 )    4338728 bits [Y 99.9900 dB    U 99.9900 dB    V 99.9900 dB] [ET     8 ] [L0 ] [L1 ]
POC  502 TId: 0 ( I-SLICE, nQP 26 QP 26 )    4345096 bits [Y 99.9900 dB    U 99.9900 dB    V 99.9900 dB] [ET     8 ] [L0 ] [L1 ]
POC  503 TId: 0 ( I-SLICE, nQP 26 QP 26 )    4337600 bits [Y 99.9900 dB    U 99.9900 dB    V 99.9900 dB] [ET     8 ] [L0 ] [L1 ]
POC  504 TId: 0 ( I-SLICE, nQP 26 QP 26 )    4340504 bits [Y 99.9900 dB    U 99.9900 dB    V 99.9900 dB] [ET     8 ] [L0 ] [L1 ]
POC  505 TId: 0 ( I-SLICE, nQP 26 QP 26 )    4339424 bits [Y 99.9900 dB    U 99.9900 dB    V 99.9900 dB] [ET     8 ] [L0 ] [L1 ]
POC  506 TId: 0 ( I-SLICE, nQP 26 QP 26 )    4338008 bits [Y 99.9900 dB    U 99.9900 dB    V 99.9900 dB] [ET     8 ] [L0 ] [L1 ]
POC  507 TId: 0 ( I-SLICE, nQP 26 QP 26 )    4335880 bits [Y 99.9900 dB    U 99.9900 dB    V 99.9900 dB] [ET     8 ] [L0 ] [L1 ]
POC  508 TId: 0 ( I-SLICE, nQP 26 QP 26 )    4340136 bits [Y 99.9900 dB    U 99.9900 dB    V 99.9900 dB] [ET     8 ] [L0 ] [L1 ]
POC  509 TId: 0 ( I-SLICE, nQP 26 QP 26 )    4337040 bits [Y 99.9900 dB    U 99.9900 dB    V 99.9900 dB] [ET     8 ] [L0 ] [L1 ]
POC  510 TId: 0 ( I-SLICE, nQP 26 QP 26 )    4337472 bits [Y 99.9900 dB    U 99.9900 dB    V 99.9900 dB] [ET     8 ] [L0 ] [L1 ]
POC  511 TId: 0 ( I-SLICE, nQP 26 QP 26 )    4338800 bits [Y 99.9900 dB    U 99.9900 dB    V 99.9900 dB] [ET     8 ] [L0 ] [L1 ]
POC  512 TId: 0 ( I-SLICE, nQP 26 QP 26 )    4341728 bits [Y 99.9900 dB    U 99.9900 dB    V 99.9900 dB] [ET     8 ] [L0 ] [L1 ]
POC  513 TId: 0 ( I-SLICE, nQP 26 QP 26 )    4337280 bits [Y 99.9900 dB    U 99.9900 dB    V 99.9900 dB] [ET     8 ] [L0 ] [L1 ]
POC  514 TId: 0 ( I-SLICE, nQP 26 QP 26 )    4339304 bits [Y 99.9900 dB    U 99.9900 dB    V 99.9900 dB] [ET     8 ] [L0 ] [L1 ]
POC  515 TId: 0 ( I-SLICE, nQP 26 QP 26 )    4339608 bits [Y 99.9900 dB    U 99.9900 dB    V 99.9900 dB] [ET     8 ] [L0 ] [L1 ]
POC  516 TId: 0 ( I-SLICE, nQP 26 QP 26 )    4337816 bits [Y 99.9900 dB    U 99.9900 dB    V 99.9900 dB] [ET     8 ] [L0 ] [L1 ]
POC  517 TId: 0 ( I-SLICE, nQP 26 QP 26 )    4337688 bits [Y 99.9900 dB    U 99.9900 dB    V 99.9900 dB] [ET     8 ] [L0 ] [L1 ]
POC  518 TId: 0 ( I-SLICE, nQP 26 QP 26 )    4337152 bits [Y 99.9900 dB    U 99.9900 dB    V 99.9900 dB] [ET     8 ] [L0 ] [L1 ]
POC  519 TId: 0 ( I-SLICE, nQP 26 QP 26 )    4334392 bits [Y 99.9900 dB    U 99.9900 dB    V 99.9900 dB] [ET     8 ] [L0 ] [L1 ]
POC  520 TId: 0 ( I-SLICE, nQP 26 QP 26 )    4340656 bits [Y 99.9900 dB    U 99.9900 dB    V 99.9900 dB] [ET     8 ] [L0 ] [L1 ]
POC  521 TId: 0 ( I-SLICE, nQP 26 QP 26 )    4332480 bits [Y 99.9900 dB    U 99.9900 dB    V 99.9900 dB] [ET     8 ] [L0 ] [L1 ]
POC  522 TId: 0 ( I-SLICE, nQP 26 QP 26 )    4335000 bits [Y 99.9900 dB    U 99.9900 dB    V 99.9900 dB] [ET     8 ] [L0 ] [L1 ]
POC  523 TId: 0 ( I-SLICE, nQP 26 QP 26 )    4340024 bits [Y 99.9900 dB    U 99.9900 dB    V 99.9900 dB] [ET     8 ] [L0 ] [L1 ]
POC  524 TId: 0 ( I-SLICE, nQP 26 QP 26 )    4339336 bits [Y 99.9900 dB    U 99.9900 dB    V 99.9900 dB] [ET     8 ] [L0 ] [L1 ]
POC  525 TId: 0 ( I-SLICE, nQP 26 QP 26 )    4338232 bits [Y 99.9900 dB    U 99.9900 dB    V 99.9900 dB] [ET     8 ] [L0 ] [L1 ]
POC  526 TId: 0 ( I-SLICE, nQP 26 QP 26 )    4340240 bits [Y 99.9900 dB    U 99.9900 dB    V 99.9900 dB] [ET     8 ] [L0 ] [L1 ]
POC  527 TId: 0 ( I-SLICE, nQP 26 QP 26 )    4338000 bits [Y 99.9900 dB    U 99.9900 dB    V 99.9900 dB] [ET     8 ] [L0 ] [L1 ]
POC  528 TId: 0 ( I-SLICE, nQP 26 QP 26 )    4335752 bits [Y 99.9900 dB    U 99.9900 dB    V 99.9900 dB] [ET     8 ] [L0 ] [L1 ]
POC  529 TId: 0 ( I-SLICE, nQP 26 QP 26 )    4343912 bits [Y 99.9900 dB    U 99.9900 dB    V 99.9900 dB] [ET     8 ] [L0 ] [L1 ]
POC  530 TId: 0 ( I-SLICE, nQP 26 QP 26 )    4343568 bits [Y 99.9900 dB    U 99.9900 dB    V 99.9900 dB] [ET     8 ] [L0 ] [L1 ]
POC  531 TId: 0 ( I-SLICE, nQP 26 QP 26 )    4344704 bits [Y 99.9900 dB    U 99.9900 dB    V 99.9900 dB] [ET     8 ] [L0 ] [L1 ]
POC  532 TId: 0 ( I-SLICE, nQP 26 QP 26 )    4346592 bits [Y 99.9900 dB    U 99.9900 dB    V 99.9900 dB] [ET     8 ] [L0 ] [L1 ]
POC  533 TId: 0 ( I-SLICE, nQP 26 QP 26 )    4346936 bits [Y 99.9900 dB    U 99.9900 dB    V 99.9900 dB] [ET     8 ] [L0 ] [L1 ]
POC  534 TId: 0 ( I-SLICE, nQP 26 QP 26 )    4347224 bits [Y 99.9900 dB    U 99.9900 dB    V 99.9900 dB] [ET     8 ] [L0 ] [L1 ]
POC  535 TId: 0 ( I-SLICE, nQP 26 QP 26 )    4345432 bits [Y 99.9900 dB    U 99.9900 dB    V 99.9900 dB] [ET     8 ] [L0 ] [L1 ]
POC  536 TId: 0 ( I-SLICE, nQP 26 QP 26 )    4349672 bits [Y 99.9900 dB    U 99.9900 dB    V 99.9900 dB] [ET     8 ] [L0 ] [L1 ]
POC  537 TId: 0 ( I-SLICE, nQP 26 QP 26 )    4344640 bits [Y 99.9900 dB    U 99.9900 dB    V 99.9900 dB] [ET     8 ] [L0 ] [L1 ]
POC  538 TId: 0 ( I-SLICE, nQP 26 QP 26 )    4346024 bits [Y 99.9900 dB    U 99.9900 dB    V 99.9900 dB] [ET     8 ] [L0 ] [L1 ]
POC  539 TId: 0 ( I-SLICE, nQP 26 QP 26 )    4350080 bits [Y 99.9900 dB    U 99.9900 dB    V 99.9900 dB] [ET     8 ] [L0 ] [L1 ]
POC  540 TId: 0 ( I-SLICE, nQP 26 QP 26 )    4348440 bits [Y 99.9900 dB    U 99.9900 dB    V 99.9900 dB] [ET     8 ] [L0 ] [L1 ]
POC  541 TId: 0 ( I-SLICE, nQP 26 QP 26 )    4348528 bits [Y 99.9900 dB    U 99.9900 dB    V 99.9900 dB] [ET     8 ] [L0 ] [L1 ]
POC  542 TId: 0 ( I-SLICE, nQP 26 QP 26 )    4353840 bits [Y 99.9900 dB    U 99.9900 dB    V 99.9900 dB] [ET     8 ] [L0 ] [L1 ]
POC  543 TId: 0 ( I-SLICE, nQP 26 QP 26 )    4346192 bits [Y 99.9900 dB    U 99.9900 dB    V 99.9900 dB] [ET     8 ] [L0 ] [L1 ]
POC  544 TId: 0 ( I-SLICE, nQP 26 QP 26 )    4347336 bits [Y 99.9900 dB    U 99.9900 dB    V 99.9900 dB] [ET     8 ] [L0 ] [L1 ]
POC  545 TId: 0 ( I-SLICE, nQP 26 QP 26 )    4346680 bits [Y 99.9900 dB    U 99.9900 dB    V 99.9900 dB] [ET     8 ] [L0 ] [L1 ]
POC  546 TId: 0 ( I-SLICE, nQP 26 QP 26 )    4343408 bits [Y 99.9900 dB    U 99.9900 dB    V 99.9900 dB] [ET     8 ] [L0 ] [L1 ]
POC  547 TId: 0 ( I-SLICE, nQP 26 QP 26 )    4344520 bits [Y 99.9900 dB    U 99.9900 dB    V 99.9900 dB] [ET     8 ] [L0 ] [L1 ]
POC  548 TId: 0 ( I-SLICE, nQP 26 QP 26 )    4348184 bits [Y 99.9900 dB    U 99.9900 dB    V 99.9900 dB] [ET     8 ] [L0 ] [L1 ]
POC  549 TId: 0 ( I-SLICE, nQP 26 QP 26 )    4346760 bits [Y 99.9900 dB    U 99.9900 dB    V 99.9900 dB] [ET     8 ] [L0 ] [L1 ]
POC  550 TId: 0 ( I-SLICE, nQP 26 QP 26 )    4349176 bits [Y 99.9900 dB    U 99.9900 dB    V 99.9900 dB] [ET     8 ] [L0 ] [L1 ]
POC  551 TId: 0 ( I-SLICE, nQP 26 QP 26 )    4347136 bits [Y 99.9900 dB    U 99.9900 dB    V 99.9900 dB] [ET     8 ] [L0 ] [L1 ]
POC  552 TId: 0 ( I-SLICE, nQP 26 QP 26 )    4346224 bits [Y 99.9900 dB    U 99.9900 dB    V 99.9900 dB] [ET     8 ] [L0 ] [L1 ]
POC  553 TId: 0 ( I-SLICE, nQP 26 QP 26 )    4346224 bits [Y 99.9900 dB    U 99.9900 dB    V 99.9900 dB] [ET     8 ] [L0 ] [L1 ]
POC  554 TId: 0 ( I-SLICE, nQP 26 QP 26 )    4347504 bits [Y 99.9900 dB    U 99.9900 dB    V 99.9900 dB] [ET     8 ] [L0 ] [L1 ]
POC  555 TId: 0 ( I-SLICE, nQP 26 QP 26 )    4344960 bits [Y 99.9900 dB    U 99.9900 dB    V 99.9900 dB] [ET     8 ] [L0 ] [L1 ]
POC  556 TId: 0 ( I-SLICE, nQP 26 QP 26 )    4348112 bits [Y 99.9900 dB    U 99.9900 dB    V 99.9900 dB] [ET     8 ] [L0 ] [L1 ]
POC  557 TId: 0 ( I-SLICE, nQP 26 QP 26 )    4348408 bits [Y 99.9900 dB    U 99.9900 dB    V 99.9900 dB] [ET     8 ] [L0 ] [L1 ]
POC  558 TId: 0 ( I-SLICE, nQP 26 QP 26 )    4349800 bits [Y 99.9900 dB    U 99.9900 dB    V 99.9900 dB] [ET     8 ] [L0 ] [L1 ]
POC  559 TId: 0 ( I-SLICE, nQP 26 QP 26 )    4348832 bits [Y 99.9900 dB    U 99.9900 dB    V 99.9900 dB] [ET     8 ] [L0 ] [L1 ]
POC  560 TId: 0 ( I-SLICE, nQP 26 QP 26 )    4351552 bits [Y 99.9900 dB    U 99.9900 dB    V 99.9900 dB] [ET     8 ] [L0 ] [L1 ]
POC  561 TId: 0 ( I-SLICE, nQP 26 QP 26 )    4349912 bits [Y 99.9900 dB    U 99.9900 dB    V 99.9900 dB] [ET     8 ] [L0 ] [L1 ]
POC  562 TId: 0 ( I-SLICE, nQP 26 QP 26 )    4350928 bits [Y 99.9900 dB    U 99.9900 dB    V 99.9900 dB] [ET     8 ] [L0 ] [L1 ]
POC  563 TId: 0 ( I-SLICE, nQP 26 QP 26 )    4353288 bits [Y 99.9900 dB    U 99.9900 dB    V 99.9900 dB] [ET     8 ] [L0 ] [L1 ]
POC  564 TId: 0 ( I-SLICE, nQP 26 QP 26 )    4354160 bits [Y 99.9900 dB    U 99.9900 dB    V 99.9900 dB] [ET     8 ] [L0 ] [L1 ]
POC  565 TId: 0 ( I-SLICE, nQP 26 QP 26 )    4349976 bits [Y 99.9900 dB    U 99.9900 dB    V 99.9900 dB] [ET     8 ] [L0 ] [L1 ]
POC  566 TId: 0 ( I-SLICE, nQP 26 QP 26 )    4350808 bits [Y 99.9900 dB    U 99.9900 dB    V 99.9900 dB] [ET     8 ] [L0 ] [L1 ]
POC  567 TId: 0 ( I-SLICE, nQP 26 QP 26 )    4352248 bits [Y 99.9900 dB    U 99.9900 dB    V 99.9900 dB] [ET     8 ] [L0 ] [L1 ]
POC  568 TId: 0 ( I-SLICE, nQP 26 QP 26 )    4349952 bits [Y 99.9900 dB    U 99.9900 dB    V 99.9900 dB] [ET     8 ] [L0 ] [L1 ]
POC  569 TId: 0 ( I-SLICE, nQP 26 QP 26 )    4352152 bits [Y 99.9900 dB    U 99.9900 dB    V 99.9900 dB] [ET     8 ] [L0 ] [L1 ]
POC  570 TId: 0 ( I-SLICE, nQP 26 QP 26 )    4349080 bits [Y 99.9900 dB    U 99.9900 dB    V 99.9900 dB] [ET     8 ] [L0 ] [L1 ]
POC  571 TId: 0 ( I-SLICE, nQP 26 QP 26 )    4348336 bits [Y 99.9900 dB    U 99.9900 dB    V 99.9900 dB] [ET     8 ] [L0 ] [L1 ]
POC  572 TId: 0 ( I-SLICE, nQP 26 QP 26 )    4347400 bits [Y 99.9900 dB    U 99.9900 dB    V 99.9900 dB] [ET     8 ] [L0 ] [L1 ]
POC  573 TId: 0 ( I-SLICE, nQP 26 QP 26 )    4346256 bits [Y 99.9900 dB    U 99.9900 dB    V 99.9900 dB] [ET     8 ] [L0 ] [L1 ]
POC  574 TId: 0 ( I-SLICE, nQP 26 QP 26 )    4353680 bits [Y 99.9900 dB    U 99.9900 dB    V 99.9900 dB] [ET     8 ] [L0 ] [L1 ]
POC  575 TId: 0 ( I-SLICE, nQP 26 QP 26 )    4342856 bits [Y 99.9900 dB    U 99.9900 dB    V 99.9900 dB] [ET     8 ] [L0 ] [L1 ]
POC  576 TId: 0 ( I-SLICE, nQP 26 QP 26 )    4348448 bits [Y 99.9900 dB    U 99.9900 dB    V 99.9900 dB] [ET     8 ] [L0 ] [L1 ]
POC  577 TId: 0 ( I-SLICE, nQP 26 QP 26 )    4349376 bits [Y 99.9900 dB    U 99.9900 dB    V 99.9900 dB] [ET     8 ] [L0 ] [L1 ]
POC  578 TId: 0 ( I-SLICE, nQP 26 QP 26 )    4348728 bits [Y 99.9900 dB    U 99.9900 dB    V 99.9900 dB] [ET     8 ] [L0 ] [L1 ]
POC  579 TId: 0 ( I-SLICE, nQP 26 QP 26 )    4349888 bits [Y 99.9900 dB    U 99.9900 dB    V 99.9900 dB] [ET     8 ] [L0 ] [L1 ]
POC  580 TId: 0 ( I-SLICE, nQP 26 QP 26 )    4349104 bits [Y 99.9900 dB    U 99.9900 dB    V 99.9900 dB] [ET     8 ] [L0 ] [L1 ]
POC  581 TId: 0 ( I-SLICE, nQP 26 QP 26 )    4347440 bits [Y 99.9900 dB    U 99.9900 dB    V 99.9900 dB] [ET     8 ] [L0 ] [L1 ]
POC  582 TId: 0 ( I-SLICE, nQP 26 QP 26 )    4342296 bits [Y 99.9900 dB    U 99.9900 dB    V 99.9900 dB] [ET     8 ] [L0 ] [L1 ]
POC  583 TId: 0 ( I-SLICE, nQP 26 QP 26 )    4340544 bits [Y 99.9900 dB    U 99.9900 dB    V 99.9900 dB] [ET     8 ] [L0 ] [L1 ]
POC  584 TId: 0 ( I-SLICE, nQP 26 QP 26 )    4342704 bits [Y 99.9900 dB    U 99.9900 dB    V 99.9900 dB] [ET     8 ] [L0 ] [L1 ]
POC  585 TId: 0 ( I-SLICE, nQP 26 QP 26 )    4340984 bits [Y 99.9900 dB    U 99.9900 dB    V 99.9900 dB] [ET     8 ] [L0 ] [L1 ]
POC  586 TId: 0 ( I-SLICE, nQP 26 QP 26 )    4339864 bits [Y 99.9900 dB    U 99.9900 dB    V 99.9900 dB] [ET     8 ] [L0 ] [L1 ]
POC  587 TId: 0 ( I-SLICE, nQP 26 QP 26 )    4337072 bits [Y 99.9900 dB    U 99.9900 dB    V 99.9900 dB] [ET     8 ] [L0 ] [L1 ]
POC  588 TId: 0 ( I-SLICE, nQP 26 QP 26 )    4335160 bits [Y 99.9900 dB    U 99.9900 dB    V 99.9900 dB] [ET     8 ] [L0 ] [L1 ]
POC  589 TId: 0 ( I-SLICE, nQP 26 QP 26 )    4335152 bits [Y 99.9900 dB    U 99.9900 dB    V 99.9900 dB] [ET     8 ] [L0 ] [L1 ]
POC  590 TId: 0 ( I-SLICE, nQP 26 QP 26 )    4337560 bits [Y 99.9900 dB    U 99.9900 dB    V 99.9900 dB] [ET     8 ] [L0 ] [L1 ]
POC  591 TId: 0 ( I-SLICE, nQP 26 QP 26 )    4332952 bits [Y 99.9900 dB    U 99.9900 dB    V 99.9900 dB] [ET     8 ] [L0 ] [L1 ]
POC  592 TId: 0 ( I-SLICE, nQP 26 QP 26 )    4335896 bits [Y 99.9900 dB    U 99.9900 dB    V 99.9900 dB] [ET     8 ] [L0 ] [L1 ]
POC  593 TId: 0 ( I-SLICE, nQP 26 QP 26 )    4338128 bits [Y 99.9900 dB    U 99.9900 dB    V 99.9900 dB] [ET     8 ] [L0 ] [L1 ]
POC  594 TId: 0 ( I-SLICE, nQP 26 QP 26 )    4332856 bits [Y 99.9900 dB    U 99.9900 dB    V 99.9900 dB] [ET     8 ] [L0 ] [L1 ]
POC  595 TId: 0 ( I-SLICE, nQP 26 QP 26 )    4338280 bits [Y 99.9900 dB    U 99.9900 dB    V 99.9900 dB] [ET     8 ] [L0 ] [L1 ]
POC  596 TId: 0 ( I-SLICE, nQP 26 QP 26 )    4337176 bits [Y 99.9900 dB    U 99.9900 dB    V 99.9900 dB] [ET     8 ] [L0 ] [L1 ]
POC  597 TId: 0 ( I-SLICE, nQP 26 QP 26 )    4341248 bits [Y 99.9900 dB    U 99.9900 dB    V 99.9900 dB] [ET     8 ] [L0 ] [L1 ]
POC  598 TId: 0 ( I-SLICE, nQP 26 QP 26 )    4344088 bits [Y 99.9900 dB    U 99.9900 dB    V 99.9900 dB] [ET     8 ] [L0 ] [L1 ]
POC  599 TId: 0 ( I-SLICE, nQP 26 QP 26 )    4337680 bits [Y 99.9900 dB    U 99.9900 dB    V 99.9900 dB] [ET     8 ] [L0 ] [L1 ]


SUMMARY --------------------------------------------------------
	Total Frames |  Bitrate    Y-PSNR    U-PSNR    V-PSNR 
	      600    a 259654.0848   99.9900   99.9900   99.9900


I Slices--------------------------------------------------------
	Total Frames |  Bitrate    Y-PSNR    U-PSNR    V-PSNR 
	      600    i 259654.0848   99.9900   99.9900   99.9900


P Slices--------------------------------------------------------
	Total Frames |  Bitrate    Y-PSNR    U-PSNR    V-PSNR 
	        0    p        -nan      -nan      -nan      -nan


B Slices--------------------------------------------------------
	Total Frames |  Bitrate    Y-PSNR    U-PSNR    V-PSNR 
	        0    b        -nan      -nan      -nan      -nan

RVM: 0.000
Bytes written to file: 324570017 (259656.014 kbps)

 Total Time:     4631.359 sec.
