
HM software: Encoder Version [15.0][Linux][GCC 4.8.5][64 bit] 

Input          File          : ../../HEVC_test_sequence/ClassE/Johnny_1280x720_60.yuv
Bitstream      File          : Johnny.bin
Reconstruction File          : Johnny.yuv
Real     Format              : 1280x720 60Hz
Internal Format              : 1280x720 60Hz
Frame/Field                  : Frame based coding
Frame index                  : 0 - 599 (600 frames)
CU size / depth              : 64 / 4
RQT trans. size (min / max)  : 4 / 32
Max RQT depth inter          : 3
Max RQT depth intra          : 3
Min PCM size                 : 8
Motion search range          : 64
Intra period                 : 1
Decoding refresh type        : 0
QP                           : 26.00
Max dQP signaling depth      : 0
Cb QP Offset                 : 0
Cr QP Offset                 : 0
QP adaptation                : 0 (range=0)
GOP size                     : 1
Internal bit depth           : (Y:8, C:8)
PCM sample bit depth         : (Y:8, C:8)
RateControl                  : 0
Max Num Merge Candidates     : 5

TOOL CFG: IBD:0 HAD:0 RDQ:0 RDQTS:0 RDpenalty:0 SQP:0 ASR:0 FEN:0 ECU:0 FDM:0 CFM:0 ESD:0 RQT:1 TransformSkip:0 TransformSkipFast:0 Slice: M=0 SliceSegment: M=0 CIP:0 SAO:0 PCM:0 TransQuantBypassEnabled: =1 WPP:0 WPB:0 PME:2  WaveFrontSynchro:0 WaveFrontSubstreams:1 ScalingList:0 TMVPMode:1 AQpS:0 SignBitHidingFlag:1 RecalQP:0

POC    0 TId: 0 ( I-SLICE, nQP 26 QP 26 )    3694168 bits [Y 99.9900 dB    U 99.9900 dB    V 99.9900 dB] [ET     8 ] [L0 ] [L1 ]
POC    1 TId: 0 ( I-SLICE, nQP 26 QP 26 )    3695384 bits [Y 99.9900 dB    U 99.9900 dB    V 99.9900 dB] [ET     8 ] [L0 ] [L1 ]
POC    2 TId: 0 ( I-SLICE, nQP 26 QP 26 )    3697192 bits [Y 99.9900 dB    U 99.9900 dB    V 99.9900 dB] [ET     8 ] [L0 ] [L1 ]
POC    3 TId: 0 ( I-SLICE, nQP 26 QP 26 )    3697048 bits [Y 99.9900 dB    U 99.9900 dB    V 99.9900 dB] [ET     8 ] [L0 ] [L1 ]
POC    4 TId: 0 ( I-SLICE, nQP 26 QP 26 )    3706776 bits [Y 99.9900 dB    U 99.9900 dB    V 99.9900 dB] [ET     8 ] [L0 ] [L1 ]
POC    5 TId: 0 ( I-SLICE, nQP 26 QP 26 )    3701576 bits [Y 99.9900 dB    U 99.9900 dB    V 99.9900 dB] [ET     8 ] [L0 ] [L1 ]
POC    6 TId: 0 ( I-SLICE, nQP 26 QP 26 )    3706672 bits [Y 99.9900 dB    U 99.9900 dB    V 99.9900 dB] [ET     8 ] [L0 ] [L1 ]
POC    7 TId: 0 ( I-SLICE, nQP 26 QP 26 )    3703304 bits [Y 99.9900 dB    U 99.9900 dB    V 99.9900 dB] [ET     8 ] [L0 ] [L1 ]
POC    8 TId: 0 ( I-SLICE, nQP 26 QP 26 )    3705768 bits [Y 99.9900 dB    U 99.9900 dB    V 99.9900 dB] [ET     8 ] [L0 ] [L1 ]
POC    9 TId: 0 ( I-SLICE, nQP 26 QP 26 )    3712072 bits [Y 99.9900 dB    U 99.9900 dB    V 99.9900 dB] [ET     8 ] [L0 ] [L1 ]
POC   10 TId: 0 ( I-SLICE, nQP 26 QP 26 )    3711568 bits [Y 99.9900 dB    U 99.9900 dB    V 99.9900 dB] [ET     8 ] [L0 ] [L1 ]
POC   11 TId: 0 ( I-SLICE, nQP 26 QP 26 )    3705128 bits [Y 99.9900 dB    U 99.9900 dB    V 99.9900 dB] [ET     8 ] [L0 ] [L1 ]
POC   12 TId: 0 ( I-SLICE, nQP 26 QP 26 )    3712304 bits [Y 99.9900 dB    U 99.9900 dB    V 99.9900 dB] [ET     8 ] [L0 ] [L1 ]
POC   13 TId: 0 ( I-SLICE, nQP 26 QP 26 )    3713880 bits [Y 99.9900 dB    U 99.9900 dB    V 99.9900 dB] [ET     8 ] [L0 ] [L1 ]
POC   14 TId: 0 ( I-SLICE, nQP 26 QP 26 )    3717248 bits [Y 99.9900 dB    U 99.9900 dB    V 99.9900 dB] [ET     8 ] [L0 ] [L1 ]
POC   15 TId: 0 ( I-SLICE, nQP 26 QP 26 )    3711544 bits [Y 99.9900 dB    U 99.9900 dB    V 99.9900 dB] [ET     8 ] [L0 ] [L1 ]
POC   16 TId: 0 ( I-SLICE, nQP 26 QP 26 )    3717960 bits [Y 99.9900 dB    U 99.9900 dB    V 99.9900 dB] [ET     8 ] [L0 ] [L1 ]
POC   17 TId: 0 ( I-SLICE, nQP 26 QP 26 )    3712144 bits [Y 99.9900 dB    U 99.9900 dB    V 99.9900 dB] [ET     8 ] [L0 ] [L1 ]
POC   18 TId: 0 ( I-SLICE, nQP 26 QP 26 )    3715256 bits [Y 99.9900 dB    U 99.9900 dB    V 99.9900 dB] [ET     8 ] [L0 ] [L1 ]
POC   19 TId: 0 ( I-SLICE, nQP 26 QP 26 )    3705520 bits [Y 99.9900 dB    U 99.9900 dB    V 99.9900 dB] [ET     8 ] [L0 ] [L1 ]
POC   20 TId: 0 ( I-SLICE, nQP 26 QP 26 )    3708848 bits [Y 99.9900 dB    U 99.9900 dB    V 99.9900 dB] [ET     8 ] [L0 ] [L1 ]
POC   21 TId: 0 ( I-SLICE, nQP 26 QP 26 )    3711360 bits [Y 99.9900 dB    U 99.9900 dB    V 99.9900 dB] [ET     8 ] [L0 ] [L1 ]
POC   22 TId: 0 ( I-SLICE, nQP 26 QP 26 )    3715608 bits [Y 99.9900 dB    U 99.9900 dB    V 99.9900 dB] [ET     8 ] [L0 ] [L1 ]
POC   23 TId: 0 ( I-SLICE, nQP 26 QP 26 )    3702728 bits [Y 99.9900 dB    U 99.9900 dB    V 99.9900 dB] [ET     8 ] [L0 ] [L1 ]
POC   24 TId: 0 ( I-SLICE, nQP 26 QP 26 )    3698408 bits [Y 99.9900 dB    U 99.9900 dB    V 99.9900 dB] [ET     8 ] [L0 ] [L1 ]
POC   25 TId: 0 ( I-SLICE, nQP 26 QP 26 )    3701992 bits [Y 99.9900 dB    U 99.9900 dB    V 99.9900 dB] [ET     8 ] [L0 ] [L1 ]
POC   26 TId: 0 ( I-SLICE, nQP 26 QP 26 )    3703896 bits [Y 99.9900 dB    U 99.9900 dB    V 99.9900 dB] [ET     8 ] [L0 ] [L1 ]
POC   27 TId: 0 ( I-SLICE, nQP 26 QP 26 )    3692784 bits [Y 99.9900 dB    U 99.9900 dB    V 99.9900 dB] [ET     8 ] [L0 ] [L1 ]
POC   28 TId: 0 ( I-SLICE, nQP 26 QP 26 )    3695848 bits [Y 99.9900 dB    U 99.9900 dB    V 99.9900 dB] [ET     8 ] [L0 ] [L1 ]
POC   29 TId: 0 ( I-SLICE, nQP 26 QP 26 )    3697096 bits [Y 99.9900 dB    U 99.9900 dB    V 99.9900 dB] [ET     8 ] [L0 ] [L1 ]
POC   30 TId: 0 ( I-SLICE, nQP 26 QP 26 )    3696672 bits [Y 99.9900 dB    U 99.9900 dB    V 99.9900 dB] [ET     8 ] [L0 ] [L1 ]
POC   31 TId: 0 ( I-SLICE, nQP 26 QP 26 )    3685896 bits [Y 99.9900 dB    U 99.9900 dB    V 99.9900 dB] [ET     8 ] [L0 ] [L1 ]
POC   32 TId: 0 ( I-SLICE, nQP 26 QP 26 )    3691056 bits [Y 99.9900 dB    U 99.9900 dB    V 99.9900 dB] [ET     8 ] [L0 ] [L1 ]
POC   33 TId: 0 ( I-SLICE, nQP 26 QP 26 )    3695504 bits [Y 99.9900 dB    U 99.9900 dB    V 99.9900 dB] [ET     8 ] [L0 ] [L1 ]
POC   34 TId: 0 ( I-SLICE, nQP 26 QP 26 )    3694720 bits [Y 99.9900 dB    U 99.9900 dB    V 99.9900 dB] [ET     8 ] [L0 ] [L1 ]
POC   35 TId: 0 ( I-SLICE, nQP 26 QP 26 )    3690720 bits [Y 99.9900 dB    U 99.9900 dB    V 99.9900 dB] [ET     8 ] [L0 ] [L1 ]
POC   36 TId: 0 ( I-SLICE, nQP 26 QP 26 )    3689888 bits [Y 99.9900 dB    U 99.9900 dB    V 99.9900 dB] [ET     8 ] [L0 ] [L1 ]
POC   37 TId: 0 ( I-SLICE, nQP 26 QP 26 )    3694840 bits [Y 99.9900 dB    U 99.9900 dB    V 99.9900 dB] [ET     8 ] [L0 ] [L1 ]
POC   38 TId: 0 ( I-SLICE, nQP 26 QP 26 )    3702264 bits [Y 99.9900 dB    U 99.9900 dB    V 99.9900 dB] [ET     8 ] [L0 ] [L1 ]
POC   39 TId: 0 ( I-SLICE, nQP 26 QP 26 )    3703112 bits [Y 99.9900 dB    U 99.9900 dB    V 99.9900 dB] [ET     8 ] [L0 ] [L1 ]
POC   40 TId: 0 ( I-SLICE, nQP 26 QP 26 )    3706472 bits [Y 99.9900 dB    U 99.9900 dB    V 99.9900 dB] [ET     8 ] [L0 ] [L1 ]
POC   41 TId: 0 ( I-SLICE, nQP 26 QP 26 )    3711160 bits [Y 99.9900 dB    U 99.9900 dB    V 99.9900 dB] [ET     8 ] [L0 ] [L1 ]
POC   42 TId: 0 ( I-SLICE, nQP 26 QP 26 )    3716664 bits [Y 99.9900 dB    U 99.9900 dB    V 99.9900 dB] [ET     8 ] [L0 ] [L1 ]
POC   43 TId: 0 ( I-SLICE, nQP 26 QP 26 )    3710824 bits [Y 99.9900 dB    U 99.9900 dB    V 99.9900 dB] [ET     8 ] [L0 ] [L1 ]
POC   44 TId: 0 ( I-SLICE, nQP 26 QP 26 )    3714912 bits [Y 99.9900 dB    U 99.9900 dB    V 99.9900 dB] [ET     8 ] [L0 ] [L1 ]
POC   45 TId: 0 ( I-SLICE, nQP 26 QP 26 )    3720680 bits [Y 99.9900 dB    U 99.9900 dB    V 99.9900 dB] [ET     8 ] [L0 ] [L1 ]
POC   46 TId: 0 ( I-SLICE, nQP 26 QP 26 )    3722128 bits [Y 99.9900 dB    U 99.9900 dB    V 99.9900 dB] [ET     8 ] [L0 ] [L1 ]
POC   47 TId: 0 ( I-SLICE, nQP 26 QP 26 )    3711984 bits [Y 99.9900 dB    U 99.9900 dB    V 99.9900 dB] [ET     8 ] [L0 ] [L1 ]
POC   48 TId: 0 ( I-SLICE, nQP 26 QP 26 )    3713928 bits [Y 99.9900 dB    U 99.9900 dB    V 99.9900 dB] [ET     8 ] [L0 ] [L1 ]
POC   49 TId: 0 ( I-SLICE, nQP 26 QP 26 )    3715512 bits [Y 99.9900 dB    U 99.9900 dB    V 99.9900 dB] [ET     8 ] [L0 ] [L1 ]
POC   50 TId: 0 ( I-SLICE, nQP 26 QP 26 )    3716560 bits [Y 99.9900 dB    U 99.9900 dB    V 99.9900 dB] [ET     8 ] [L0 ] [L1 ]
POC   51 TId: 0 ( I-SLICE, nQP 26 QP 26 )    3709744 bits [Y 99.9900 dB    U 99.9900 dB    V 99.9900 dB] [ET     8 ] [L0 ] [L1 ]
POC   52 TId: 0 ( I-SLICE, nQP 26 QP 26 )    3723576 bits [Y 99.9900 dB    U 99.9900 dB    V 99.9900 dB] [ET     8 ] [L0 ] [L1 ]
POC   53 TId: 0 ( I-SLICE, nQP 26 QP 26 )    3723024 bits [Y 99.9900 dB    U 99.9900 dB    V 99.9900 dB] [ET     8 ] [L0 ] [L1 ]
POC   54 TId: 0 ( I-SLICE, nQP 26 QP 26 )    3719224 bits [Y 99.9900 dB    U 99.9900 dB    V 99.9900 dB] [ET     8 ] [L0 ] [L1 ]
POC   55 TId: 0 ( I-SLICE, nQP 26 QP 26 )    3720616 bits [Y 99.9900 dB    U 99.9900 dB    V 99.9900 dB] [ET     8 ] [L0 ] [L1 ]
POC   56 TId: 0 ( I-SLICE, nQP 26 QP 26 )    3718256 bits [Y 99.9900 dB    U 99.9900 dB    V 99.9900 dB] [ET     8 ] [L0 ] [L1 ]
POC   57 TId: 0 ( I-SLICE, nQP 26 QP 26 )    3723928 bits [Y 99.9900 dB    U 99.9900 dB    V 99.9900 dB] [ET     8 ] [L0 ] [L1 ]
POC   58 TId: 0 ( I-SLICE, nQP 26 QP 26 )    3718240 bits [Y 99.9900 dB    U 99.9900 dB    V 99.9900 dB] [ET     8 ] [L0 ] [L1 ]
POC   59 TId: 0 ( I-SLICE, nQP 26 QP 26 )    3722224 bits [Y 99.9900 dB    U 99.9900 dB    V 99.9900 dB] [ET     8 ] [L0 ] [L1 ]
POC   60 TId: 0 ( I-SLICE, nQP 26 QP 26 )    3715744 bits [Y 99.9900 dB    U 99.9900 dB    V 99.9900 dB] [ET     8 ] [L0 ] [L1 ]
POC   61 TId: 0 ( I-SLICE, nQP 26 QP 26 )    3717208 bits [Y 99.9900 dB    U 99.9900 dB    V 99.9900 dB] [ET     8 ] [L0 ] [L1 ]
POC   62 TId: 0 ( I-SLICE, nQP 26 QP 26 )    3711760 bits [Y 99.9900 dB    U 99.9900 dB    V 99.9900 dB] [ET     8 ] [L0 ] [L1 ]
POC   63 TId: 0 ( I-SLICE, nQP 26 QP 26 )    3714936 bits [Y 99.9900 dB    U 99.9900 dB    V 99.9900 dB] [ET     8 ] [L0 ] [L1 ]
POC   64 TId: 0 ( I-SLICE, nQP 26 QP 26 )    3713072 bits [Y 99.9900 dB    U 99.9900 dB    V 99.9900 dB] [ET     8 ] [L0 ] [L1 ]
POC   65 TId: 0 ( I-SLICE, nQP 26 QP 26 )    3717328 bits [Y 99.9900 dB    U 99.9900 dB    V 99.9900 dB] [ET     8 ] [L0 ] [L1 ]
POC   66 TId: 0 ( I-SLICE, nQP 26 QP 26 )    3716384 bits [Y 99.9900 dB    U 99.9900 dB    V 99.9900 dB] [ET     8 ] [L0 ] [L1 ]
POC   67 TId: 0 ( I-SLICE, nQP 26 QP 26 )    3714792 bits [Y 99.9900 dB    U 99.9900 dB    V 99.9900 dB] [ET     8 ] [L0 ] [L1 ]
POC   68 TId: 0 ( I-SLICE, nQP 26 QP 26 )    3711688 bits [Y 99.9900 dB    U 99.9900 dB    V 99.9900 dB] [ET     8 ] [L0 ] [L1 ]
POC   69 TId: 0 ( I-SLICE, nQP 26 QP 26 )    3706880 bits [Y 99.9900 dB    U 99.9900 dB    V 99.9900 dB] [ET     8 ] [L0 ] [L1 ]
POC   70 TId: 0 ( I-SLICE, nQP 26 QP 26 )    3708240 bits [Y 99.9900 dB    U 99.9900 dB    V 99.9900 dB] [ET     8 ] [L0 ] [L1 ]
POC   71 TId: 0 ( I-SLICE, nQP 26 QP 26 )    3705128 bits [Y 99.9900 dB    U 99.9900 dB    V 99.9900 dB] [ET     8 ] [L0 ] [L1 ]
POC   72 TId: 0 ( I-SLICE, nQP 26 QP 26 )    3700688 bits [Y 99.9900 dB    U 99.9900 dB    V 99.9900 dB] [ET     8 ] [L0 ] [L1 ]
POC   73 TId: 0 ( I-SLICE, nQP 26 QP 26 )    3704936 bits [Y 99.9900 dB    U 99.9900 dB    V 99.9900 dB] [ET     8 ] [L0 ] [L1 ]
POC   74 TId: 0 ( I-SLICE, nQP 26 QP 26 )    3705440 bits [Y 99.9900 dB    U 99.9900 dB    V 99.9900 dB] [ET     8 ] [L0 ] [L1 ]
POC   75 TId: 0 ( I-SLICE, nQP 26 QP 26 )    3703344 bits [Y 99.9900 dB    U 99.9900 dB    V 99.9900 dB] [ET     8 ] [L0 ] [L1 ]
POC   76 TId: 0 ( I-SLICE, nQP 26 QP 26 )    3707440 bits [Y 99.9900 dB    U 99.9900 dB    V 99.9900 dB] [ET     8 ] [L0 ] [L1 ]
POC   77 TId: 0 ( I-SLICE, nQP 26 QP 26 )    3703240 bits [Y 99.9900 dB    U 99.9900 dB    V 99.9900 dB] [ET     8 ] [L0 ] [L1 ]
POC   78 TId: 0 ( I-SLICE, nQP 26 QP 26 )    3701296 bits [Y 99.9900 dB    U 99.9900 dB    V 99.9900 dB] [ET     8 ] [L0 ] [L1 ]
POC   79 TId: 0 ( I-SLICE, nQP 26 QP 26 )    3702176 bits [Y 99.9900 dB    U 99.9900 dB    V 99.9900 dB] [ET     8 ] [L0 ] [L1 ]
POC   80 TId: 0 ( I-SLICE, nQP 26 QP 26 )    3706384 bits [Y 99.9900 dB    U 99.9900 dB    V 99.9900 dB] [ET     8 ] [L0 ] [L1 ]
POC   81 TId: 0 ( I-SLICE, nQP 26 QP 26 )    3708864 bits [Y 99.9900 dB    U 99.9900 dB    V 99.9900 dB] [ET     8 ] [L0 ] [L1 ]
POC   82 TId: 0 ( I-SLICE, nQP 26 QP 26 )    3710464 bits [Y 99.9900 dB    U 99.9900 dB    V 99.9900 dB] [ET     8 ] [L0 ] [L1 ]
POC   83 TId: 0 ( I-SLICE, nQP 26 QP 26 )    3715888 bits [Y 99.9900 dB    U 99.9900 dB    V 99.9900 dB] [ET     8 ] [L0 ] [L1 ]
POC   84 TId: 0 ( I-SLICE, nQP 26 QP 26 )    3719904 bits [Y 99.9900 dB    U 99.9900 dB    V 99.9900 dB] [ET     8 ] [L0 ] [L1 ]
POC   85 TId: 0 ( I-SLICE, nQP 26 QP 26 )    3721792 bits [Y 99.9900 dB    U 99.9900 dB    V 99.9900 dB] [ET     8 ] [L0 ] [L1 ]
POC   86 TId: 0 ( I-SLICE, nQP 26 QP 26 )    3725568 bits [Y 99.9900 dB    U 99.9900 dB    V 99.9900 dB] [ET     8 ] [L0 ] [L1 ]
POC   87 TId: 0 ( I-SLICE, nQP 26 QP 26 )    3720408 bits [Y 99.9900 dB    U 99.9900 dB    V 99.9900 dB] [ET     8 ] [L0 ] [L1 ]
POC   88 TId: 0 ( I-SLICE, nQP 26 QP 26 )    3723232 bits [Y 99.9900 dB    U 99.9900 dB    V 99.9900 dB] [ET     8 ] [L0 ] [L1 ]
POC   89 TId: 0 ( I-SLICE, nQP 26 QP 26 )    3722136 bits [Y 99.9900 dB    U 99.9900 dB    V 99.9900 dB] [ET     8 ] [L0 ] [L1 ]
POC   90 TId: 0 ( I-SLICE, nQP 26 QP 26 )    3721472 bits [Y 99.9900 dB    U 99.9900 dB    V 99.9900 dB] [ET     8 ] [L0 ] [L1 ]
POC   91 TId: 0 ( I-SLICE, nQP 26 QP 26 )    3724128 bits [Y 99.9900 dB    U 99.9900 dB    V 99.9900 dB] [ET     8 ] [L0 ] [L1 ]
POC   92 TId: 0 ( I-SLICE, nQP 26 QP 26 )    3729552 bits [Y 99.9900 dB    U 99.9900 dB    V 99.9900 dB] [ET     8 ] [L0 ] [L1 ]
POC   93 TId: 0 ( I-SLICE, nQP 26 QP 26 )    3726280 bits [Y 99.9900 dB    U 99.9900 dB    V 99.9900 dB] [ET     8 ] [L0 ] [L1 ]
POC   94 TId: 0 ( I-SLICE, nQP 26 QP 26 )    3720568 bits [Y 99.9900 dB    U 99.9900 dB    V 99.9900 dB] [ET     8 ] [L0 ] [L1 ]
POC   95 TId: 0 ( I-SLICE, nQP 26 QP 26 )    3723496 bits [Y 99.9900 dB    U 99.9900 dB    V 99.9900 dB] [ET     8 ] [L0 ] [L1 ]
POC   96 TId: 0 ( I-SLICE, nQP 26 QP 26 )    3721160 bits [Y 99.9900 dB    U 99.9900 dB    V 99.9900 dB] [ET     8 ] [L0 ] [L1 ]
POC   97 TId: 0 ( I-SLICE, nQP 26 QP 26 )    3720832 bits [Y 99.9900 dB    U 99.9900 dB    V 99.9900 dB] [ET     8 ] [L0 ] [L1 ]
POC   98 TId: 0 ( I-SLICE, nQP 26 QP 26 )    3720792 bits [Y 99.9900 dB    U 99.9900 dB    V 99.9900 dB] [ET     8 ] [L0 ] [L1 ]
POC   99 TId: 0 ( I-SLICE, nQP 26 QP 26 )    3711320 bits [Y 99.9900 dB    U 99.9900 dB    V 99.9900 dB] [ET     8 ] [L0 ] [L1 ]
POC  100 TId: 0 ( I-SLICE, nQP 26 QP 26 )    3707712 bits [Y 99.9900 dB    U 99.9900 dB    V 99.9900 dB] [ET     8 ] [L0 ] [L1 ]
POC  101 TId: 0 ( I-SLICE, nQP 26 QP 26 )    3703760 bits [Y 99.9900 dB    U 99.9900 dB    V 99.9900 dB] [ET     8 ] [L0 ] [L1 ]
POC  102 TId: 0 ( I-SLICE, nQP 26 QP 26 )    3704664 bits [Y 99.9900 dB    U 99.9900 dB    V 99.9900 dB] [ET     8 ] [L0 ] [L1 ]
POC  103 TId: 0 ( I-SLICE, nQP 26 QP 26 )    3705864 bits [Y 99.9900 dB    U 99.9900 dB    V 99.9900 dB] [ET     8 ] [L0 ] [L1 ]
POC  104 TId: 0 ( I-SLICE, nQP 26 QP 26 )    3701816 bits [Y 99.9900 dB    U 99.9900 dB    V 99.9900 dB] [ET     8 ] [L0 ] [L1 ]
POC  105 TId: 0 ( I-SLICE, nQP 26 QP 26 )    3706904 bits [Y 99.9900 dB    U 99.9900 dB    V 99.9900 dB] [ET     8 ] [L0 ] [L1 ]
POC  106 TId: 0 ( I-SLICE, nQP 26 QP 26 )    3707768 bits [Y 99.9900 dB    U 99.9900 dB    V 99.9900 dB] [ET     8 ] [L0 ] [L1 ]
POC  107 TId: 0 ( I-SLICE, nQP 26 QP 26 )    3713424 bits [Y 99.9900 dB    U 99.9900 dB    V 99.9900 dB] [ET     8 ] [L0 ] [L1 ]
POC  108 TId: 0 ( I-SLICE, nQP 26 QP 26 )    3716544 bits [Y 99.9900 dB    U 99.9900 dB    V 99.9900 dB] [ET     8 ] [L0 ] [L1 ]
POC  109 TId: 0 ( I-SLICE, nQP 26 QP 26 )    3710176 bits [Y 99.9900 dB    U 99.9900 dB    V 99.9900 dB] [ET     8 ] [L0 ] [L1 ]
POC  110 TId: 0 ( I-SLICE, nQP 26 QP 26 )    3707464 bits [Y 99.9900 dB    U 99.9900 dB    V 99.9900 dB] [ET     8 ] [L0 ] [L1 ]
POC  111 TId: 0 ( I-SLICE, nQP 26 QP 26 )    3709816 bits [Y 99.9900 dB    U 99.9900 dB    V 99.9900 dB] [ET     8 ] [L0 ] [L1 ]
POC  112 TId: 0 ( I-SLICE, nQP 26 QP 26 )    3713464 bits [Y 99.9900 dB    U 99.9900 dB    V 99.9900 dB] [ET     8 ] [L0 ] [L1 ]
POC  113 TId: 0 ( I-SLICE, nQP 26 QP 26 )    3719176 bits [Y 99.9900 dB    U 99.9900 dB    V 99.9900 dB] [ET     8 ] [L0 ] [L1 ]
POC  114 TId: 0 ( I-SLICE, nQP 26 QP 26 )    3713472 bits [Y 99.9900 dB    U 99.9900 dB    V 99.9900 dB] [ET     8 ] [L0 ] [L1 ]
POC  115 TId: 0 ( I-SLICE, nQP 26 QP 26 )    3711952 bits [Y 99.9900 dB    U 99.9900 dB    V 99.9900 dB] [ET     8 ] [L0 ] [L1 ]
POC  116 TId: 0 ( I-SLICE, nQP 26 QP 26 )    3701128 bits [Y 99.9900 dB    U 99.9900 dB    V 99.9900 dB] [ET     8 ] [L0 ] [L1 ]
POC  117 TId: 0 ( I-SLICE, nQP 26 QP 26 )    3697808 bits [Y 99.9900 dB    U 99.9900 dB    V 99.9900 dB] [ET     8 ] [L0 ] [L1 ]
POC  118 TId: 0 ( I-SLICE, nQP 26 QP 26 )    3691688 bits [Y 99.9900 dB    U 99.9900 dB    V 99.9900 dB] [ET     8 ] [L0 ] [L1 ]
POC  119 TId: 0 ( I-SLICE, nQP 26 QP 26 )    3689696 bits [Y 99.9900 dB    U 99.9900 dB    V 99.9900 dB] [ET     8 ] [L0 ] [L1 ]
POC  120 TId: 0 ( I-SLICE, nQP 26 QP 26 )    3691344 bits [Y 99.9900 dB    U 99.9900 dB    V 99.9900 dB] [ET     8 ] [L0 ] [L1 ]
POC  121 TId: 0 ( I-SLICE, nQP 26 QP 26 )    3692168 bits [Y 99.9900 dB    U 99.9900 dB    V 99.9900 dB] [ET     8 ] [L0 ] [L1 ]
POC  122 TId: 0 ( I-SLICE, nQP 26 QP 26 )    3692392 bits [Y 99.9900 dB    U 99.9900 dB    V 99.9900 dB] [ET     8 ] [L0 ] [L1 ]
POC  123 TId: 0 ( I-SLICE, nQP 26 QP 26 )    3688544 bits [Y 99.9900 dB    U 99.9900 dB    V 99.9900 dB] [ET     8 ] [L0 ] [L1 ]
POC  124 TId: 0 ( I-SLICE, nQP 26 QP 26 )    3687592 bits [Y 99.9900 dB    U 99.9900 dB    V 99.9900 dB] [ET     8 ] [L0 ] [L1 ]
POC  125 TId: 0 ( I-SLICE, nQP 26 QP 26 )    3683664 bits [Y 99.9900 dB    U 99.9900 dB    V 99.9900 dB] [ET     8 ] [L0 ] [L1 ]
POC  126 TId: 0 ( I-SLICE, nQP 26 QP 26 )    3682792 bits [Y 99.9900 dB    U 99.9900 dB    V 99.9900 dB] [ET     8 ] [L0 ] [L1 ]
POC  127 TId: 0 ( I-SLICE, nQP 26 QP 26 )    3684960 bits [Y 99.9900 dB    U 99.9900 dB    V 99.9900 dB] [ET     8 ] [L0 ] [L1 ]
POC  128 TId: 0 ( I-SLICE, nQP 26 QP 26 )    3689968 bits [Y 99.9900 dB    U 99.9900 dB    V 99.9900 dB] [ET     8 ] [L0 ] [L1 ]
POC  129 TId: 0 ( I-SLICE, nQP 26 QP 26 )    3688344 bits [Y 99.9900 dB    U 99.9900 dB    V 99.9900 dB] [ET     8 ] [L0 ] [L1 ]
POC  130 TId: 0 ( I-SLICE, nQP 26 QP 26 )    3688592 bits [Y 99.9900 dB    U 99.9900 dB    V 99.9900 dB] [ET     8 ] [L0 ] [L1 ]
POC  131 TId: 0 ( I-SLICE, nQP 26 QP 26 )    3688632 bits [Y 99.9900 dB    U 99.9900 dB    V 99.9900 dB] [ET     8 ] [L0 ] [L1 ]
POC  132 TId: 0 ( I-SLICE, nQP 26 QP 26 )    3686248 bits [Y 99.9900 dB    U 99.9900 dB    V 99.9900 dB] [ET     8 ] [L0 ] [L1 ]
POC  133 TId: 0 ( I-SLICE, nQP 26 QP 26 )    3690104 bits [Y 99.9900 dB    U 99.9900 dB    V 99.9900 dB] [ET     8 ] [L0 ] [L1 ]
POC  134 TId: 0 ( I-SLICE, nQP 26 QP 26 )    3689496 bits [Y 99.9900 dB    U 99.9900 dB    V 99.9900 dB] [ET     8 ] [L0 ] [L1 ]
POC  135 TId: 0 ( I-SLICE, nQP 26 QP 26 )    3689152 bits [Y 99.9900 dB    U 99.9900 dB    V 99.9900 dB] [ET     8 ] [L0 ] [L1 ]
POC  136 TId: 0 ( I-SLICE, nQP 26 QP 26 )    3693544 bits [Y 99.9900 dB    U 99.9900 dB    V 99.9900 dB] [ET     8 ] [L0 ] [L1 ]
POC  137 TId: 0 ( I-SLICE, nQP 26 QP 26 )    3694136 bits [Y 99.9900 dB    U 99.9900 dB    V 99.9900 dB] [ET     8 ] [L0 ] [L1 ]
POC  138 TId: 0 ( I-SLICE, nQP 26 QP 26 )    3695680 bits [Y 99.9900 dB    U 99.9900 dB    V 99.9900 dB] [ET     8 ] [L0 ] [L1 ]
POC  139 TId: 0 ( I-SLICE, nQP 26 QP 26 )    3695408 bits [Y 99.9900 dB    U 99.9900 dB    V 99.9900 dB] [ET     8 ] [L0 ] [L1 ]
POC  140 TId: 0 ( I-SLICE, nQP 26 QP 26 )    3691808 bits [Y 99.9900 dB    U 99.9900 dB    V 99.9900 dB] [ET     8 ] [L0 ] [L1 ]
POC  141 TId: 0 ( I-SLICE, nQP 26 QP 26 )    3689464 bits [Y 99.9900 dB    U 99.9900 dB    V 99.9900 dB] [ET     8 ] [L0 ] [L1 ]
POC  142 TId: 0 ( I-SLICE, nQP 26 QP 26 )    3690520 bits [Y 99.9900 dB    U 99.9900 dB    V 99.9900 dB] [ET     8 ] [L0 ] [L1 ]
POC  143 TId: 0 ( I-SLICE, nQP 26 QP 26 )    3690552 bits [Y 99.9900 dB    U 99.9900 dB    V 99.9900 dB] [ET     8 ] [L0 ] [L1 ]
POC  144 TId: 0 ( I-SLICE, nQP 26 QP 26 )    3687352 bits [Y 99.9900 dB    U 99.9900 dB    V 99.9900 dB] [ET     8 ] [L0 ] [L1 ]
POC  145 TId: 0 ( I-SLICE, nQP 26 QP 26 )    3687864 bits [Y 99.9900 dB    U 99.9900 dB    V 99.9900 dB] [ET     8 ] [L0 ] [L1 ]
POC  146 TId: 0 ( I-SLICE, nQP 26 QP 26 )    3688416 bits [Y 99.9900 dB    U 99.9900 dB    V 99.9900 dB] [ET     8 ] [L0 ] [L1 ]
POC  147 TId: 0 ( I-SLICE, nQP 26 QP 26 )    3690240 bits [Y 99.9900 dB    U 99.9900 dB    V 99.9900 dB] [ET     8 ] [L0 ] [L1 ]
POC  148 TId: 0 ( I-SLICE, nQP 26 QP 26 )    3690216 bits [Y 99.9900 dB    U 99.9900 dB    V 99.9900 dB] [ET     8 ] [L0 ] [L1 ]
POC  149 TId: 0 ( I-SLICE, nQP 26 QP 26 )    3684888 bits [Y 99.9900 dB    U 99.9900 dB    V 99.9900 dB] [ET     8 ] [L0 ] [L1 ]
POC  150 TId: 0 ( I-SLICE, nQP 26 QP 26 )    3690312 bits [Y 99.9900 dB    U 99.9900 dB    V 99.9900 dB] [ET     8 ] [L0 ] [L1 ]
POC  151 TId: 0 ( I-SLICE, nQP 26 QP 26 )    3693144 bits [Y 99.9900 dB    U 99.9900 dB    V 99.9900 dB] [ET     8 ] [L0 ] [L1 ]
POC  152 TId: 0 ( I-SLICE, nQP 26 QP 26 )    3691096 bits [Y 99.9900 dB    U 99.9900 dB    V 99.9900 dB] [ET     8 ] [L0 ] [L1 ]
POC  153 TId: 0 ( I-SLICE, nQP 26 QP 26 )    3695040 bits [Y 99.9900 dB    U 99.9900 dB    V 99.9900 dB] [ET     8 ] [L0 ] [L1 ]
POC  154 TId: 0 ( I-SLICE, nQP 26 QP 26 )    3695936 bits [Y 99.9900 dB    U 99.9900 dB    V 99.9900 dB] [ET     8 ] [L0 ] [L1 ]
POC  155 TId: 0 ( I-SLICE, nQP 26 QP 26 )    3695384 bits [Y 99.9900 dB    U 99.9900 dB    V 99.9900 dB] [ET     8 ] [L0 ] [L1 ]
POC  156 TId: 0 ( I-SLICE, nQP 26 QP 26 )    3702384 bits [Y 99.9900 dB    U 99.9900 dB    V 99.9900 dB] [ET     8 ] [L0 ] [L1 ]
POC  157 TId: 0 ( I-SLICE, nQP 26 QP 26 )    3703832 bits [Y 99.9900 dB    U 99.9900 dB    V 99.9900 dB] [ET     8 ] [L0 ] [L1 ]
POC  158 TId: 0 ( I-SLICE, nQP 26 QP 26 )    3700504 bits [Y 99.9900 dB    U 99.9900 dB    V 99.9900 dB] [ET     8 ] [L0 ] [L1 ]
POC  159 TId: 0 ( I-SLICE, nQP 26 QP 26 )    3698856 bits [Y 99.9900 dB    U 99.9900 dB    V 99.9900 dB] [ET     8 ] [L0 ] [L1 ]
POC  160 TId: 0 ( I-SLICE, nQP 26 QP 26 )    3694776 bits [Y 99.9900 dB    U 99.9900 dB    V 99.9900 dB] [ET     8 ] [L0 ] [L1 ]
POC  161 TId: 0 ( I-SLICE, nQP 26 QP 26 )    3696496 bits [Y 99.9900 dB    U 99.9900 dB    V 99.9900 dB] [ET     8 ] [L0 ] [L1 ]
POC  162 TId: 0 ( I-SLICE, nQP 26 QP 26 )    3695264 bits [Y 99.9900 dB    U 99.9900 dB    V 99.9900 dB] [ET     8 ] [L0 ] [L1 ]
POC  163 TId: 0 ( I-SLICE, nQP 26 QP 26 )    3696008 bits [Y 99.9900 dB    U 99.9900 dB    V 99.9900 dB] [ET     8 ] [L0 ] [L1 ]
POC  164 TId: 0 ( I-SLICE, nQP 26 QP 26 )    3694328 bits [Y 99.9900 dB    U 99.9900 dB    V 99.9900 dB] [ET     8 ] [L0 ] [L1 ]
POC  165 TId: 0 ( I-SLICE, nQP 26 QP 26 )    3687592 bits [Y 99.9900 dB    U 99.9900 dB    V 99.9900 dB] [ET     8 ] [L0 ] [L1 ]
POC  166 TId: 0 ( I-SLICE, nQP 26 QP 26 )    3689296 bits [Y 99.9900 dB    U 99.9900 dB    V 99.9900 dB] [ET     8 ] [L0 ] [L1 ]
POC  167 TId: 0 ( I-SLICE, nQP 26 QP 26 )    3689904 bits [Y 99.9900 dB    U 99.9900 dB    V 99.9900 dB] [ET     8 ] [L0 ] [L1 ]
POC  168 TId: 0 ( I-SLICE, nQP 26 QP 26 )    3688752 bits [Y 99.9900 dB    U 99.9900 dB    V 99.9900 dB] [ET     8 ] [L0 ] [L1 ]
POC  169 TId: 0 ( I-SLICE, nQP 26 QP 26 )    3689904 bits [Y 99.9900 dB    U 99.9900 dB    V 99.9900 dB] [ET     8 ] [L0 ] [L1 ]
POC  170 TId: 0 ( I-SLICE, nQP 26 QP 26 )    3696136 bits [Y 99.9900 dB    U 99.9900 dB    V 99.9900 dB] [ET     8 ] [L0 ] [L1 ]
POC  171 TId: 0 ( I-SLICE, nQP 26 QP 26 )    3702592 bits [Y 99.9900 dB    U 99.9900 dB    V 99.9900 dB] [ET     8 ] [L0 ] [L1 ]
POC  172 TId: 0 ( I-SLICE, nQP 26 QP 26 )    3706640 bits [Y 99.9900 dB    U 99.9900 dB    V 99.9900 dB] [ET     8 ] [L0 ] [L1 ]
POC  173 TId: 0 ( I-SLICE, nQP 26 QP 26 )    3712112 bits [Y 99.9900 dB    U 99.9900 dB    V 99.9900 dB] [ET     8 ] [L0 ] [L1 ]
POC  174 TId: 0 ( I-SLICE, nQP 26 QP 26 )    3716064 bits [Y 99.9900 dB    U 99.9900 dB    V 99.9900 dB] [ET     8 ] [L0 ] [L1 ]
POC  175 TId: 0 ( I-SLICE, nQP 26 QP 26 )    3719272 bits [Y 99.9900 dB    U 99.9900 dB    V 99.9900 dB] [ET     8 ] [L0 ] [L1 ]
POC  176 TId: 0 ( I-SLICE, nQP 26 QP 26 )    3718488 bits [Y 99.9900 dB    U 99.9900 dB    V 99.9900 dB] [ET     8 ] [L0 ] [L1 ]
POC  177 TId: 0 ( I-SLICE, nQP 26 QP 26 )    3710072 bits [Y 99.9900 dB    U 99.9900 dB    V 99.9900 dB] [ET     8 ] [L0 ] [L1 ]
POC  178 TId: 0 ( I-SLICE, nQP 26 QP 26 )    3706152 bits [Y 99.9900 dB    U 99.9900 dB    V 99.9900 dB] [ET     8 ] [L0 ] [L1 ]
POC  179 TId: 0 ( I-SLICE, nQP 26 QP 26 )    3709664 bits [Y 99.9900 dB    U 99.9900 dB    V 99.9900 dB] [ET     8 ] [L0 ] [L1 ]
POC  180 TId: 0 ( I-SLICE, nQP 26 QP 26 )    3705416 bits [Y 99.9900 dB    U 99.9900 dB    V 99.9900 dB] [ET     8 ] [L0 ] [L1 ]
POC  181 TId: 0 ( I-SLICE, nQP 26 QP 26 )    3709744 bits [Y 99.9900 dB    U 99.9900 dB    V 99.9900 dB] [ET     8 ] [L0 ] [L1 ]
POC  182 TId: 0 ( I-SLICE, nQP 26 QP 26 )    3709840 bits [Y 99.9900 dB    U 99.9900 dB    V 99.9900 dB] [ET     8 ] [L0 ] [L1 ]
POC  183 TId: 0 ( I-SLICE, nQP 26 QP 26 )    3701920 bits [Y 99.9900 dB    U 99.9900 dB    V 99.9900 dB] [ET     8 ] [L0 ] [L1 ]
POC  184 TId: 0 ( I-SLICE, nQP 26 QP 26 )    3695568 bits [Y 99.9900 dB    U 99.9900 dB    V 99.9900 dB] [ET     8 ] [L0 ] [L1 ]
POC  185 TId: 0 ( I-SLICE, nQP 26 QP 26 )    3692464 bits [Y 99.9900 dB    U 99.9900 dB    V 99.9900 dB] [ET     8 ] [L0 ] [L1 ]
POC  186 TId: 0 ( I-SLICE, nQP 26 QP 26 )    3687272 bits [Y 99.9900 dB    U 99.9900 dB    V 99.9900 dB] [ET     8 ] [L0 ] [L1 ]
POC  187 TId: 0 ( I-SLICE, nQP 26 QP 26 )    3685840 bits [Y 99.9900 dB    U 99.9900 dB    V 99.9900 dB] [ET     8 ] [L0 ] [L1 ]
POC  188 TId: 0 ( I-SLICE, nQP 26 QP 26 )    3688224 bits [Y 99.9900 dB    U 99.9900 dB    V 99.9900 dB] [ET     8 ] [L0 ] [L1 ]
POC  189 TId: 0 ( I-SLICE, nQP 26 QP 26 )    3691016 bits [Y 99.9900 dB    U 99.9900 dB    V 99.9900 dB] [ET     8 ] [L0 ] [L1 ]
POC  190 TId: 0 ( I-SLICE, nQP 26 QP 26 )    3698960 bits [Y 99.9900 dB    U 99.9900 dB    V 99.9900 dB] [ET     8 ] [L0 ] [L1 ]
POC  191 TId: 0 ( I-SLICE, nQP 26 QP 26 )    3700248 bits [Y 99.9900 dB    U 99.9900 dB    V 99.9900 dB] [ET     8 ] [L0 ] [L1 ]
POC  192 TId: 0 ( I-SLICE, nQP 26 QP 26 )    3704416 bits [Y 99.9900 dB    U 99.9900 dB    V 99.9900 dB] [ET     8 ] [L0 ] [L1 ]
POC  193 TId: 0 ( I-SLICE, nQP 26 QP 26 )    3709440 bits [Y 99.9900 dB    U 99.9900 dB    V 99.9900 dB] [ET     8 ] [L0 ] [L1 ]
POC  194 TId: 0 ( I-SLICE, nQP 26 QP 26 )    3709016 bits [Y 99.9900 dB    U 99.9900 dB    V 99.9900 dB] [ET     8 ] [L0 ] [L1 ]
POC  195 TId: 0 ( I-SLICE, nQP 26 QP 26 )    3705752 bits [Y 99.9900 dB    U 99.9900 dB    V 99.9900 dB] [ET     8 ] [L0 ] [L1 ]
POC  196 TId: 0 ( I-SLICE, nQP 26 QP 26 )    3707344 bits [Y 99.9900 dB    U 99.9900 dB    V 99.9900 dB] [ET     8 ] [L0 ] [L1 ]
POC  197 TId: 0 ( I-SLICE, nQP 26 QP 26 )    3706208 bits [Y 99.9900 dB    U 99.9900 dB    V 99.9900 dB] [ET     8 ] [L0 ] [L1 ]
POC  198 TId: 0 ( I-SLICE, nQP 26 QP 26 )    3704088 bits [Y 99.9900 dB    U 99.9900 dB    V 99.9900 dB] [ET     8 ] [L0 ] [L1 ]
POC  199 TId: 0 ( I-SLICE, nQP 26 QP 26 )    3704600 bits [Y 99.9900 dB    U 99.9900 dB    V 99.9900 dB] [ET     8 ] [L0 ] [L1 ]
POC  200 TId: 0 ( I-SLICE, nQP 26 QP 26 )    3709392 bits [Y 99.9900 dB    U 99.9900 dB    V 99.9900 dB] [ET     8 ] [L0 ] [L1 ]
POC  201 TId: 0 ( I-SLICE, nQP 26 QP 26 )    3708776 bits [Y 99.9900 dB    U 99.9900 dB    V 99.9900 dB] [ET     8 ] [L0 ] [L1 ]
POC  202 TId: 0 ( I-SLICE, nQP 26 QP 26 )    3708768 bits [Y 99.9900 dB    U 99.9900 dB    V 99.9900 dB] [ET     8 ] [L0 ] [L1 ]
POC  203 TId: 0 ( I-SLICE, nQP 26 QP 26 )    3711712 bits [Y 99.9900 dB    U 99.9900 dB    V 99.9900 dB] [ET     8 ] [L0 ] [L1 ]
POC  204 TId: 0 ( I-SLICE, nQP 26 QP 26 )    3710872 bits [Y 99.9900 dB    U 99.9900 dB    V 99.9900 dB] [ET     8 ] [L0 ] [L1 ]
POC  205 TId: 0 ( I-SLICE, nQP 26 QP 26 )    3714328 bits [Y 99.9900 dB    U 99.9900 dB    V 99.9900 dB] [ET     8 ] [L0 ] [L1 ]
POC  206 TId: 0 ( I-SLICE, nQP 26 QP 26 )    3714200 bits [Y 99.9900 dB    U 99.9900 dB    V 99.9900 dB] [ET     8 ] [L0 ] [L1 ]
POC  207 TId: 0 ( I-SLICE, nQP 26 QP 26 )    3718152 bits [Y 99.9900 dB    U 99.9900 dB    V 99.9900 dB] [ET     8 ] [L0 ] [L1 ]
POC  208 TId: 0 ( I-SLICE, nQP 26 QP 26 )    3722248 bits [Y 99.9900 dB    U 99.9900 dB    V 99.9900 dB] [ET     8 ] [L0 ] [L1 ]
POC  209 TId: 0 ( I-SLICE, nQP 26 QP 26 )    3721096 bits [Y 99.9900 dB    U 99.9900 dB    V 99.9900 dB] [ET     8 ] [L0 ] [L1 ]
POC  210 TId: 0 ( I-SLICE, nQP 26 QP 26 )    3721008 bits [Y 99.9900 dB    U 99.9900 dB    V 99.9900 dB] [ET     8 ] [L0 ] [L1 ]
POC  211 TId: 0 ( I-SLICE, nQP 26 QP 26 )    3723280 bits [Y 99.9900 dB    U 99.9900 dB    V 99.9900 dB] [ET     8 ] [L0 ] [L1 ]
POC  212 TId: 0 ( I-SLICE, nQP 26 QP 26 )    3726160 bits [Y 99.9900 dB    U 99.9900 dB    V 99.9900 dB] [ET     8 ] [L0 ] [L1 ]
POC  213 TId: 0 ( I-SLICE, nQP 26 QP 26 )    3730840 bits [Y 99.9900 dB    U 99.9900 dB    V 99.9900 dB] [ET     8 ] [L0 ] [L1 ]
POC  214 TId: 0 ( I-SLICE, nQP 26 QP 26 )    3737256 bits [Y 99.9900 dB    U 99.9900 dB    V 99.9900 dB] [ET     8 ] [L0 ] [L1 ]
POC  215 TId: 0 ( I-SLICE, nQP 26 QP 26 )    3734120 bits [Y 99.9900 dB    U 99.9900 dB    V 99.9900 dB] [ET     8 ] [L0 ] [L1 ]
POC  216 TId: 0 ( I-SLICE, nQP 26 QP 26 )    3730736 bits [Y 99.9900 dB    U 99.9900 dB    V 99.9900 dB] [ET     8 ] [L0 ] [L1 ]
POC  217 TId: 0 ( I-SLICE, nQP 26 QP 26 )    3733544 bits [Y 99.9900 dB    U 99.9900 dB    V 99.9900 dB] [ET     8 ] [L0 ] [L1 ]
POC  218 TId: 0 ( I-SLICE, nQP 26 QP 26 )    3730256 bits [Y 99.9900 dB    U 99.9900 dB    V 99.9900 dB] [ET     8 ] [L0 ] [L1 ]
POC  219 TId: 0 ( I-SLICE, nQP 26 QP 26 )    3728952 bits [Y 99.9900 dB    U 99.9900 dB    V 99.9900 dB] [ET     8 ] [L0 ] [L1 ]
POC  220 TId: 0 ( I-SLICE, nQP 26 QP 26 )    3724992 bits [Y 99.9900 dB    U 99.9900 dB    V 99.9900 dB] [ET     8 ] [L0 ] [L1 ]
POC  221 TId: 0 ( I-SLICE, nQP 26 QP 26 )    3731776 bits [Y 99.9900 dB    U 99.9900 dB    V 99.9900 dB] [ET     8 ] [L0 ] [L1 ]
POC  222 TId: 0 ( I-SLICE, nQP 26 QP 26 )    3727048 bits [Y 99.9900 dB    U 99.9900 dB    V 99.9900 dB] [ET     8 ] [L0 ] [L1 ]
POC  223 TId: 0 ( I-SLICE, nQP 26 QP 26 )    3727224 bits [Y 99.9900 dB    U 99.9900 dB    V 99.9900 dB] [ET     8 ] [L0 ] [L1 ]
POC  224 TId: 0 ( I-SLICE, nQP 26 QP 26 )    3732152 bits [Y 99.9900 dB    U 99.9900 dB    V 99.9900 dB] [ET     8 ] [L0 ] [L1 ]
POC  225 TId: 0 ( I-SLICE, nQP 26 QP 26 )    3735224 bits [Y 99.9900 dB    U 99.9900 dB    V 99.9900 dB] [ET     8 ] [L0 ] [L1 ]
POC  226 TId: 0 ( I-SLICE, nQP 26 QP 26 )    3736576 bits [Y 99.9900 dB    U 99.9900 dB    V 99.9900 dB] [ET     8 ] [L0 ] [L1 ]
POC  227 TId: 0 ( I-SLICE, nQP 26 QP 26 )    3736696 bits [Y 99.9900 dB    U 99.9900 dB    V 99.9900 dB] [ET     8 ] [L0 ] [L1 ]
POC  228 TId: 0 ( I-SLICE, nQP 26 QP 26 )    3734256 bits [Y 99.9900 dB    U 99.9900 dB    V 99.9900 dB] [ET     8 ] [L0 ] [L1 ]
POC  229 TId: 0 ( I-SLICE, nQP 26 QP 26 )    3732096 bits [Y 99.9900 dB    U 99.9900 dB    V 99.9900 dB] [ET     8 ] [L0 ] [L1 ]
POC  230 TId: 0 ( I-SLICE, nQP 26 QP 26 )    3739440 bits [Y 99.9900 dB    U 99.9900 dB    V 99.9900 dB] [ET     8 ] [L0 ] [L1 ]
POC  231 TId: 0 ( I-SLICE, nQP 26 QP 26 )    3732504 bits [Y 99.9900 dB    U 99.9900 dB    V 99.9900 dB] [ET     8 ] [L0 ] [L1 ]
POC  232 TId: 0 ( I-SLICE, nQP 26 QP 26 )    3733800 bits [Y 99.9900 dB    U 99.9900 dB    V 99.9900 dB] [ET     8 ] [L0 ] [L1 ]
POC  233 TId: 0 ( I-SLICE, nQP 26 QP 26 )    3734768 bits [Y 99.9900 dB    U 99.9900 dB    V 99.9900 dB] [ET     8 ] [L0 ] [L1 ]
POC  234 TId: 0 ( I-SLICE, nQP 26 QP 26 )    3738752 bits [Y 99.9900 dB    U 99.9900 dB    V 99.9900 dB] [ET     8 ] [L0 ] [L1 ]
POC  235 TId: 0 ( I-SLICE, nQP 26 QP 26 )    3738088 bits [Y 99.9900 dB    U 99.9900 dB    V 99.9900 dB] [ET     8 ] [L0 ] [L1 ]
POC  236 TId: 0 ( I-SLICE, nQP 26 QP 26 )    3735304 bits [Y 99.9900 dB    U 99.9900 dB    V 99.9900 dB] [ET     8 ] [L0 ] [L1 ]
POC  237 TId: 0 ( I-SLICE, nQP 26 QP 26 )    3729472 bits [Y 99.9900 dB    U 99.9900 dB    V 99.9900 dB] [ET     8 ] [L0 ] [L1 ]
POC  238 TId: 0 ( I-SLICE, nQP 26 QP 26 )    3722688 bits [Y 99.9900 dB    U 99.9900 dB    V 99.9900 dB] [ET     8 ] [L0 ] [L1 ]
POC  239 TId: 0 ( I-SLICE, nQP 26 QP 26 )    3713728 bits [Y 99.9900 dB    U 99.9900 dB    V 99.9900 dB] [ET     8 ] [L0 ] [L1 ]
POC  240 TId: 0 ( I-SLICE, nQP 26 QP 26 )    3711440 bits [Y 99.9900 dB    U 99.9900 dB    V 99.9900 dB] [ET     8 ] [L0 ] [L1 ]
POC  241 TId: 0 ( I-SLICE, nQP 26 QP 26 )    3714752 bits [Y 99.9900 dB    U 99.9900 dB    V 99.9900 dB] [ET     8 ] [L0 ] [L1 ]
POC  242 TId: 0 ( I-SLICE, nQP 26 QP 26 )    3713960 bits [Y 99.9900 dB    U 99.9900 dB    V 99.9900 dB] [ET     8 ] [L0 ] [L1 ]
POC  243 TId: 0 ( I-SLICE, nQP 26 QP 26 )    3705672 bits [Y 99.9900 dB    U 99.9900 dB    V 99.9900 dB] [ET     8 ] [L0 ] [L1 ]
POC  244 TId: 0 ( I-SLICE, nQP 26 QP 26 )    3713672 bits [Y 99.9900 dB    U 99.9900 dB    V 99.9900 dB] [ET     8 ] [L0 ] [L1 ]
POC  245 TId: 0 ( I-SLICE, nQP 26 QP 26 )    3713856 bits [Y 99.9900 dB    U 99.9900 dB    V 99.9900 dB] [ET     8 ] [L0 ] [L1 ]
POC  246 TId: 0 ( I-SLICE, nQP 26 QP 26 )    3717008 bits [Y 99.9900 dB    U 99.9900 dB    V 99.9900 dB] [ET     8 ] [L0 ] [L1 ]
POC  247 TId: 0 ( I-SLICE, nQP 26 QP 26 )    3711224 bits [Y 99.9900 dB    U 99.9900 dB    V 99.9900 dB] [ET     8 ] [L0 ] [L1 ]
POC  248 TId: 0 ( I-SLICE, nQP 26 QP 26 )    3713440 bits [Y 99.9900 dB    U 99.9900 dB    V 99.9900 dB] [ET     8 ] [L0 ] [L1 ]
POC  249 TId: 0 ( I-SLICE, nQP 26 QP 26 )    3714592 bits [Y 99.9900 dB    U 99.9900 dB    V 99.9900 dB] [ET     8 ] [L0 ] [L1 ]
POC  250 TId: 0 ( I-SLICE, nQP 26 QP 26 )    3717840 bits [Y 99.9900 dB    U 99.9900 dB    V 99.9900 dB] [ET     8 ] [L0 ] [L1 ]
POC  251 TId: 0 ( I-SLICE, nQP 26 QP 26 )    3713440 bits [Y 99.9900 dB    U 99.9900 dB    V 99.9900 dB] [ET     8 ] [L0 ] [L1 ]
POC  252 TId: 0 ( I-SLICE, nQP 26 QP 26 )    3713584 bits [Y 99.9900 dB    U 99.9900 dB    V 99.9900 dB] [ET     8 ] [L0 ] [L1 ]
POC  253 TId: 0 ( I-SLICE, nQP 26 QP 26 )    3719920 bits [Y 99.9900 dB    U 99.9900 dB    V 99.9900 dB] [ET     8 ] [L0 ] [L1 ]
POC  254 TId: 0 ( I-SLICE, nQP 26 QP 26 )    3725248 bits [Y 99.9900 dB    U 99.9900 dB    V 99.9900 dB] [ET     8 ] [L0 ] [L1 ]
POC  255 TId: 0 ( I-SLICE, nQP 26 QP 26 )    3717344 bits [Y 99.9900 dB    U 99.9900 dB    V 99.9900 dB] [ET     8 ] [L0 ] [L1 ]
POC  256 TId: 0 ( I-SLICE, nQP 26 QP 26 )    3728672 bits [Y 99.9900 dB    U 99.9900 dB    V 99.9900 dB] [ET     8 ] [L0 ] [L1 ]
POC  257 TId: 0 ( I-SLICE, nQP 26 QP 26 )    3732568 bits [Y 99.9900 dB    U 99.9900 dB    V 99.9900 dB] [ET     8 ] [L0 ] [L1 ]
POC  258 TId: 0 ( I-SLICE, nQP 26 QP 26 )    3743560 bits [Y 99.9900 dB    U 99.9900 dB    V 99.9900 dB] [ET     8 ] [L0 ] [L1 ]
POC  259 TId: 0 ( I-SLICE, nQP 26 QP 26 )    3736600 bits [Y 99.9900 dB    U 99.9900 dB    V 99.9900 dB] [ET     8 ] [L0 ] [L1 ]
POC  260 TId: 0 ( I-SLICE, nQP 26 QP 26 )    3739792 bits [Y 99.9900 dB    U 99.9900 dB    V 99.9900 dB] [ET     8 ] [L0 ] [L1 ]
POC  261 TId: 0 ( I-SLICE, nQP 26 QP 26 )    3744656 bits [Y 99.9900 dB    U 99.9900 dB    V 99.9900 dB] [ET     8 ] [L0 ] [L1 ]
POC  262 TId: 0 ( I-SLICE, nQP 26 QP 26 )    3752032 bits [Y 99.9900 dB    U 99.9900 dB    V 99.9900 dB] [ET     8 ] [L0 ] [L1 ]
POC  263 TId: 0 ( I-SLICE, nQP 26 QP 26 )    3738920 bits [Y 99.9900 dB    U 99.9900 dB    V 99.9900 dB] [ET     8 ] [L0 ] [L1 ]
POC  264 TId: 0 ( I-SLICE, nQP 26 QP 26 )    3740896 bits [Y 99.9900 dB    U 99.9900 dB    V 99.9900 dB] [ET     8 ] [L0 ] [L1 ]
POC  265 TId: 0 ( I-SLICE, nQP 26 QP 26 )    3742856 bits [Y 99.9900 dB    U 99.9900 dB    V 99.9900 dB] [ET     8 ] [L0 ] [L1 ]
POC  266 TId: 0 ( I-SLICE, nQP 26 QP 26 )    3746552 bits [Y 99.9900 dB    U 99.9900 dB    V 99.9900 dB] [ET     8 ] [L0 ] [L1 ]
POC  267 TId: 0 ( I-SLICE, nQP 26 QP 26 )    3737936 bits [Y 99.9900 dB    U 99.9900 dB    V 99.9900 dB] [ET     8 ] [L0 ] [L1 ]
POC  268 TId: 0 ( I-SLICE, nQP 26 QP 26 )    3738984 bits [Y 99.9900 dB    U 99.9900 dB    V 99.9900 dB] [ET     8 ] [L0 ] [L1 ]
POC  269 TId: 0 ( I-SLICE, nQP 26 QP 26 )    3747728 bits [Y 99.9900 dB    U 99.9900 dB    V 99.9900 dB] [ET     8 ] [L0 ] [L1 ]
POC  270 TId: 0 ( I-SLICE, nQP 26 QP 26 )    3759352 bits [Y 99.9900 dB    U 99.9900 dB    V 99.9900 dB] [ET     8 ] [L0 ] [L1 ]
POC  271 TId: 0 ( I-SLICE, nQP 26 QP 26 )    3746664 bits [Y 99.9900 dB    U 99.9900 dB    V 99.9900 dB] [ET     8 ] [L0 ] [L1 ]
POC  272 TId: 0 ( I-SLICE, nQP 26 QP 26 )    3745808 bits [Y 99.9900 dB    U 99.9900 dB    V 99.9900 dB] [ET     8 ] [L0 ] [L1 ]
POC  273 TId: 0 ( I-SLICE, nQP 26 QP 26 )    3747960 bits [Y 99.9900 dB    U 99.9900 dB    V 99.9900 dB] [ET     8 ] [L0 ] [L1 ]
POC  274 TId: 0 ( I-SLICE, nQP 26 QP 26 )    3748352 bits [Y 99.9900 dB    U 99.9900 dB    V 99.9900 dB] [ET     8 ] [L0 ] [L1 ]
POC  275 TId: 0 ( I-SLICE, nQP 26 QP 26 )    3734808 bits [Y 99.9900 dB    U 99.9900 dB    V 99.9900 dB] [ET     8 ] [L0 ] [L1 ]
POC  276 TId: 0 ( I-SLICE, nQP 26 QP 26 )    3737192 bits [Y 99.9900 dB    U 99.9900 dB    V 99.9900 dB] [ET     8 ] [L0 ] [L1 ]
POC  277 TId: 0 ( I-SLICE, nQP 26 QP 26 )    3738816 bits [Y 99.9900 dB    U 99.9900 dB    V 99.9900 dB] [ET     8 ] [L0 ] [L1 ]
POC  278 TId: 0 ( I-SLICE, nQP 26 QP 26 )    3740592 bits [Y 99.9900 dB    U 99.9900 dB    V 99.9900 dB] [ET     8 ] [L0 ] [L1 ]
POC  279 TId: 0 ( I-SLICE, nQP 26 QP 26 )    3728848 bits [Y 99.9900 dB    U 99.9900 dB    V 99.9900 dB] [ET     8 ] [L0 ] [L1 ]
POC  280 TId: 0 ( I-SLICE, nQP 26 QP 26 )    3731640 bits [Y 99.9900 dB    U 99.9900 dB    V 99.9900 dB] [ET     8 ] [L0 ] [L1 ]
POC  281 TId: 0 ( I-SLICE, nQP 26 QP 26 )    3733800 bits [Y 99.9900 dB    U 99.9900 dB    V 99.9900 dB] [ET     8 ] [L0 ] [L1 ]
POC  282 TId: 0 ( I-SLICE, nQP 26 QP 26 )    3738864 bits [Y 99.9900 dB    U 99.9900 dB    V 99.9900 dB] [ET     8 ] [L0 ] [L1 ]
POC  283 TId: 0 ( I-SLICE, nQP 26 QP 26 )    3732064 bits [Y 99.9900 dB    U 99.9900 dB    V 99.9900 dB] [ET     8 ] [L0 ] [L1 ]
POC  284 TId: 0 ( I-SLICE, nQP 26 QP 26 )    3737288 bits [Y 99.9900 dB    U 99.9900 dB    V 99.9900 dB] [ET     8 ] [L0 ] [L1 ]
POC  285 TId: 0 ( I-SLICE, nQP 26 QP 26 )    3727464 bits [Y 99.9900 dB    U 99.9900 dB    V 99.9900 dB] [ET     8 ] [L0 ] [L1 ]
POC  286 TId: 0 ( I-SLICE, nQP 26 QP 26 )    3735440 bits [Y 99.9900 dB    U 99.9900 dB    V 99.9900 dB] [ET     8 ] [L0 ] [L1 ]
POC  287 TId: 0 ( I-SLICE, nQP 26 QP 26 )    3736488 bits [Y 99.9900 dB    U 99.9900 dB    V 99.9900 dB] [ET     8 ] [L0 ] [L1 ]
POC  288 TId: 0 ( I-SLICE, nQP 26 QP 26 )    3735568 bits [Y 99.9900 dB    U 99.9900 dB    V 99.9900 dB] [ET     8 ] [L0 ] [L1 ]
POC  289 TId: 0 ( I-SLICE, nQP 26 QP 26 )    3736048 bits [Y 99.9900 dB    U 99.9900 dB    V 99.9900 dB] [ET     8 ] [L0 ] [L1 ]
POC  290 TId: 0 ( I-SLICE, nQP 26 QP 26 )    3734896 bits [Y 99.9900 dB    U 99.9900 dB    V 99.9900 dB] [ET     8 ] [L0 ] [L1 ]
POC  291 TId: 0 ( I-SLICE, nQP 26 QP 26 )    3733288 bits [Y 99.9900 dB    U 99.9900 dB    V 99.9900 dB] [ET     8 ] [L0 ] [L1 ]
POC  292 TId: 0 ( I-SLICE, nQP 26 QP 26 )    3733888 bits [Y 99.9900 dB    U 99.9900 dB    V 99.9900 dB] [ET     8 ] [L0 ] [L1 ]
POC  293 TId: 0 ( I-SLICE, nQP 26 QP 26 )    3729080 bits [Y 99.9900 dB    U 99.9900 dB    V 99.9900 dB] [ET     8 ] [L0 ] [L1 ]
POC  294 TId: 0 ( I-SLICE, nQP 26 QP 26 )    3729008 bits [Y 99.9900 dB    U 99.9900 dB    V 99.9900 dB] [ET     8 ] [L0 ] [L1 ]
POC  295 TId: 0 ( I-SLICE, nQP 26 QP 26 )    3727008 bits [Y 99.9900 dB    U 99.9900 dB    V 99.9900 dB] [ET     8 ] [L0 ] [L1 ]
POC  296 TId: 0 ( I-SLICE, nQP 26 QP 26 )    3731944 bits [Y 99.9900 dB    U 99.9900 dB    V 99.9900 dB] [ET     8 ] [L0 ] [L1 ]
POC  297 TId: 0 ( I-SLICE, nQP 26 QP 26 )    3727672 bits [Y 99.9900 dB    U 99.9900 dB    V 99.9900 dB] [ET     8 ] [L0 ] [L1 ]
POC  298 TId: 0 ( I-SLICE, nQP 26 QP 26 )    3728200 bits [Y 99.9900 dB    U 99.9900 dB    V 99.9900 dB] [ET     8 ] [L0 ] [L1 ]
POC  299 TId: 0 ( I-SLICE, nQP 26 QP 26 )    3726448 bits [Y 99.9900 dB    U 99.9900 dB    V 99.9900 dB] [ET     8 ] [L0 ] [L1 ]
POC  300 TId: 0 ( I-SLICE, nQP 26 QP 26 )    3728328 bits [Y 99.9900 dB    U 99.9900 dB    V 99.9900 dB] [ET     8 ] [L0 ] [L1 ]
POC  301 TId: 0 ( I-SLICE, nQP 26 QP 26 )    3726240 bits [Y 99.9900 dB    U 99.9900 dB    V 99.9900 dB] [ET     8 ] [L0 ] [L1 ]
POC  302 TId: 0 ( I-SLICE, nQP 26 QP 26 )    3728152 bits [Y 99.9900 dB    U 99.9900 dB    V 99.9900 dB] [ET     8 ] [L0 ] [L1 ]
POC  303 TId: 0 ( I-SLICE, nQP 26 QP 26 )    3727056 bits [Y 99.9900 dB    U 99.9900 dB    V 99.9900 dB] [ET     8 ] [L0 ] [L1 ]
POC  304 TId: 0 ( I-SLICE, nQP 26 QP 26 )    3732712 bits [Y 99.9900 dB    U 99.9900 dB    V 99.9900 dB] [ET     8 ] [L0 ] [L1 ]
POC  305 TId: 0 ( I-SLICE, nQP 26 QP 26 )    3729176 bits [Y 99.9900 dB    U 99.9900 dB    V 99.9900 dB] [ET     8 ] [L0 ] [L1 ]
POC  306 TId: 0 ( I-SLICE, nQP 26 QP 26 )    3731520 bits [Y 99.9900 dB    U 99.9900 dB    V 99.9900 dB] [ET     8 ] [L0 ] [L1 ]
POC  307 TId: 0 ( I-SLICE, nQP 26 QP 26 )    3724440 bits [Y 99.9900 dB    U 99.9900 dB    V 99.9900 dB] [ET     8 ] [L0 ] [L1 ]
POC  308 TId: 0 ( I-SLICE, nQP 26 QP 26 )    3729624 bits [Y 99.9900 dB    U 99.9900 dB    V 99.9900 dB] [ET     8 ] [L0 ] [L1 ]
POC  309 TId: 0 ( I-SLICE, nQP 26 QP 26 )    3728096 bits [Y 99.9900 dB    U 99.9900 dB    V 99.9900 dB] [ET     8 ] [L0 ] [L1 ]
POC  310 TId: 0 ( I-SLICE, nQP 26 QP 26 )    3729512 bits [Y 99.9900 dB    U 99.9900 dB    V 99.9900 dB] [ET     8 ] [L0 ] [L1 ]
POC  311 TId: 0 ( I-SLICE, nQP 26 QP 26 )    3721200 bits [Y 99.9900 dB    U 99.9900 dB    V 99.9900 dB] [ET     8 ] [L0 ] [L1 ]
POC  312 TId: 0 ( I-SLICE, nQP 26 QP 26 )    3728848 bits [Y 99.9900 dB    U 99.9900 dB    V 99.9900 dB] [ET     8 ] [L0 ] [L1 ]
POC  313 TId: 0 ( I-SLICE, nQP 26 QP 26 )    3730544 bits [Y 99.9900 dB    U 99.9900 dB    V 99.9900 dB] [ET     8 ] [L0 ] [L1 ]
POC  314 TId: 0 ( I-SLICE, nQP 26 QP 26 )    3734480 bits [Y 99.9900 dB    U 99.9900 dB    V 99.9900 dB] [ET     8 ] [L0 ] [L1 ]
POC  315 TId: 0 ( I-SLICE, nQP 26 QP 26 )    3719640 bits [Y 99.9900 dB    U 99.9900 dB    V 99.9900 dB] [ET     8 ] [L0 ] [L1 ]
POC  316 TId: 0 ( I-SLICE, nQP 26 QP 26 )    3727552 bits [Y 99.9900 dB    U 99.9900 dB    V 99.9900 dB] [ET     8 ] [L0 ] [L1 ]
POC  317 TId: 0 ( I-SLICE, nQP 26 QP 26 )    3729992 bits [Y 99.9900 dB    U 99.9900 dB    V 99.9900 dB] [ET     8 ] [L0 ] [L1 ]
POC  318 TId: 0 ( I-SLICE, nQP 26 QP 26 )    3733376 bits [Y 99.9900 dB    U 99.9900 dB    V 99.9900 dB] [ET     8 ] [L0 ] [L1 ]
POC  319 TId: 0 ( I-SLICE, nQP 26 QP 26 )    3724672 bits [Y 99.9900 dB    U 99.9900 dB    V 99.9900 dB] [ET     8 ] [L0 ] [L1 ]
POC  320 TId: 0 ( I-SLICE, nQP 26 QP 26 )    3727432 bits [Y 99.9900 dB    U 99.9900 dB    V 99.9900 dB] [ET     8 ] [L0 ] [L1 ]
POC  321 TId: 0 ( I-SLICE, nQP 26 QP 26 )    3730568 bits [Y 99.9900 dB    U 99.9900 dB    V 99.9900 dB] [ET     8 ] [L0 ] [L1 ]
POC  322 TId: 0 ( I-SLICE, nQP 26 QP 26 )    3731240 bits [Y 99.9900 dB    U 99.9900 dB    V 99.9900 dB] [ET     8 ] [L0 ] [L1 ]
POC  323 TId: 0 ( I-SLICE, nQP 26 QP 26 )    3720424 bits [Y 99.9900 dB    U 99.9900 dB    V 99.9900 dB] [ET     8 ] [L0 ] [L1 ]
POC  324 TId: 0 ( I-SLICE, nQP 26 QP 26 )    3728040 bits [Y 99.9900 dB    U 99.9900 dB    V 99.9900 dB] [ET     8 ] [L0 ] [L1 ]
POC  325 TId: 0 ( I-SLICE, nQP 26 QP 26 )    3727920 bits [Y 99.9900 dB    U 99.9900 dB    V 99.9900 dB] [ET     8 ] [L0 ] [L1 ]
POC  326 TId: 0 ( I-SLICE, nQP 26 QP 26 )    3735168 bits [Y 99.9900 dB    U 99.9900 dB    V 99.9900 dB] [ET     8 ] [L0 ] [L1 ]
POC  327 TId: 0 ( I-SLICE, nQP 26 QP 26 )    3723032 bits [Y 99.9900 dB    U 99.9900 dB    V 99.9900 dB] [ET     8 ] [L0 ] [L1 ]
POC  328 TId: 0 ( I-SLICE, nQP 26 QP 26 )    3728744 bits [Y 99.9900 dB    U 99.9900 dB    V 99.9900 dB] [ET     8 ] [L0 ] [L1 ]
POC  329 TId: 0 ( I-SLICE, nQP 26 QP 26 )    3731240 bits [Y 99.9900 dB    U 99.9900 dB    V 99.9900 dB] [ET     8 ] [L0 ] [L1 ]
POC  330 TId: 0 ( I-SLICE, nQP 26 QP 26 )    3726184 bits [Y 99.9900 dB    U 99.9900 dB    V 99.9900 dB] [ET     8 ] [L0 ] [L1 ]
POC  331 TId: 0 ( I-SLICE, nQP 26 QP 26 )    3712920 bits [Y 99.9900 dB    U 99.9900 dB    V 99.9900 dB] [ET     8 ] [L0 ] [L1 ]
POC  332 TId: 0 ( I-SLICE, nQP 26 QP 26 )    3714304 bits [Y 99.9900 dB    U 99.9900 dB    V 99.9900 dB] [ET     8 ] [L0 ] [L1 ]
POC  333 TId: 0 ( I-SLICE, nQP 26 QP 26 )    3714416 bits [Y 99.9900 dB    U 99.9900 dB    V 99.9900 dB] [ET     8 ] [L0 ] [L1 ]
POC  334 TId: 0 ( I-SLICE, nQP 26 QP 26 )    3719376 bits [Y 99.9900 dB    U 99.9900 dB    V 99.9900 dB] [ET     8 ] [L0 ] [L1 ]
POC  335 TId: 0 ( I-SLICE, nQP 26 QP 26 )    3716632 bits [Y 99.9900 dB    U 99.9900 dB    V 99.9900 dB] [ET     8 ] [L0 ] [L1 ]
POC  336 TId: 0 ( I-SLICE, nQP 26 QP 26 )    3717504 bits [Y 99.9900 dB    U 99.9900 dB    V 99.9900 dB] [ET     8 ] [L0 ] [L1 ]
POC  337 TId: 0 ( I-SLICE, nQP 26 QP 26 )    3719792 bits [Y 99.9900 dB    U 99.9900 dB    V 99.9900 dB] [ET     8 ] [L0 ] [L1 ]
POC  338 TId: 0 ( I-SLICE, nQP 26 QP 26 )    3720168 bits [Y 99.9900 dB    U 99.9900 dB    V 99.9900 dB] [ET     8 ] [L0 ] [L1 ]
POC  339 TId: 0 ( I-SLICE, nQP 26 QP 26 )    3714624 bits [Y 99.9900 dB    U 99.9900 dB    V 99.9900 dB] [ET     8 ] [L0 ] [L1 ]
POC  340 TId: 0 ( I-SLICE, nQP 26 QP 26 )    3720408 bits [Y 99.9900 dB    U 99.9900 dB    V 99.9900 dB] [ET     8 ] [L0 ] [L1 ]
POC  341 TId: 0 ( I-SLICE, nQP 26 QP 26 )    3721184 bits [Y 99.9900 dB    U 99.9900 dB    V 99.9900 dB] [ET     8 ] [L0 ] [L1 ]
POC  342 TId: 0 ( I-SLICE, nQP 26 QP 26 )    3723272 bits [Y 99.9900 dB    U 99.9900 dB    V 99.9900 dB] [ET     8 ] [L0 ] [L1 ]
POC  343 TId: 0 ( I-SLICE, nQP 26 QP 26 )    3718176 bits [Y 99.9900 dB    U 99.9900 dB    V 99.9900 dB] [ET     8 ] [L0 ] [L1 ]
POC  344 TId: 0 ( I-SLICE, nQP 26 QP 26 )    3720816 bits [Y 99.9900 dB    U 99.9900 dB    V 99.9900 dB] [ET     8 ] [L0 ] [L1 ]
POC  345 TId: 0 ( I-SLICE, nQP 26 QP 26 )    3721968 bits [Y 99.9900 dB    U 99.9900 dB    V 99.9900 dB] [ET     8 ] [L0 ] [L1 ]
POC  346 TId: 0 ( I-SLICE, nQP 26 QP 26 )    3718312 bits [Y 99.9900 dB    U 99.9900 dB    V 99.9900 dB] [ET     8 ] [L0 ] [L1 ]
POC  347 TId: 0 ( I-SLICE, nQP 26 QP 26 )    3720920 bits [Y 99.9900 dB    U 99.9900 dB    V 99.9900 dB] [ET     8 ] [L0 ] [L1 ]
POC  348 TId: 0 ( I-SLICE, nQP 26 QP 26 )    3716704 bits [Y 99.9900 dB    U 99.9900 dB    V 99.9900 dB] [ET     8 ] [L0 ] [L1 ]
POC  349 TId: 0 ( I-SLICE, nQP 26 QP 26 )    3714096 bits [Y 99.9900 dB    U 99.9900 dB    V 99.9900 dB] [ET     8 ] [L0 ] [L1 ]
POC  350 TId: 0 ( I-SLICE, nQP 26 QP 26 )    3714072 bits [Y 99.9900 dB    U 99.9900 dB    V 99.9900 dB] [ET     8 ] [L0 ] [L1 ]
POC  351 TId: 0 ( I-SLICE, nQP 26 QP 26 )    3715008 bits [Y 99.9900 dB    U 99.9900 dB    V 99.9900 dB] [ET     8 ] [L0 ] [L1 ]
POC  352 TId: 0 ( I-SLICE, nQP 26 QP 26 )    3717848 bits [Y 99.9900 dB    U 99.9900 dB    V 99.9900 dB] [ET     8 ] [L0 ] [L1 ]
POC  353 TId: 0 ( I-SLICE, nQP 26 QP 26 )    3718520 bits [Y 99.9900 dB    U 99.9900 dB    V 99.9900 dB] [ET     8 ] [L0 ] [L1 ]
POC  354 TId: 0 ( I-SLICE, nQP 26 QP 26 )    3722328 bits [Y 99.9900 dB    U 99.9900 dB    V 99.9900 dB] [ET     8 ] [L0 ] [L1 ]
POC  355 TId: 0 ( I-SLICE, nQP 26 QP 26 )    3721688 bits [Y 99.9900 dB    U 99.9900 dB    V 99.9900 dB] [ET     8 ] [L0 ] [L1 ]
POC  356 TId: 0 ( I-SLICE, nQP 26 QP 26 )    3720168 bits [Y 99.9900 dB    U 99.9900 dB    V 99.9900 dB] [ET     8 ] [L0 ] [L1 ]
POC  357 TId: 0 ( I-SLICE, nQP 26 QP 26 )    3723432 bits [Y 99.9900 dB    U 99.9900 dB    V 99.9900 dB] [ET     8 ] [L0 ] [L1 ]
POC  358 TId: 0 ( I-SLICE, nQP 26 QP 26 )    3719032 bits [Y 99.9900 dB    U 99.9900 dB    V 99.9900 dB] [ET     8 ] [L0 ] [L1 ]
POC  359 TId: 0 ( I-SLICE, nQP 26 QP 26 )    3721960 bits [Y 99.9900 dB    U 99.9900 dB    V 99.9900 dB] [ET     8 ] [L0 ] [L1 ]
POC  360 TId: 0 ( I-SLICE, nQP 26 QP 26 )    3726648 bits [Y 99.9900 dB    U 99.9900 dB    V 99.9900 dB] [ET     8 ] [L0 ] [L1 ]
POC  361 TId: 0 ( I-SLICE, nQP 26 QP 26 )    3724504 bits [Y 99.9900 dB    U 99.9900 dB    V 99.9900 dB] [ET     8 ] [L0 ] [L1 ]
POC  362 TId: 0 ( I-SLICE, nQP 26 QP 26 )    3722208 bits [Y 99.9900 dB    U 99.9900 dB    V 99.9900 dB] [ET     8 ] [L0 ] [L1 ]
POC  363 TId: 0 ( I-SLICE, nQP 26 QP 26 )    3719784 bits [Y 99.9900 dB    U 99.9900 dB    V 99.9900 dB] [ET     8 ] [L0 ] [L1 ]
POC  364 TId: 0 ( I-SLICE, nQP 26 QP 26 )    3720000 bits [Y 99.9900 dB    U 99.9900 dB    V 99.9900 dB] [ET     8 ] [L0 ] [L1 ]
POC  365 TId: 0 ( I-SLICE, nQP 26 QP 26 )    3717944 bits [Y 99.9900 dB    U 99.9900 dB    V 99.9900 dB] [ET     8 ] [L0 ] [L1 ]
POC  366 TId: 0 ( I-SLICE, nQP 26 QP 26 )    3719536 bits [Y 99.9900 dB    U 99.9900 dB    V 99.9900 dB] [ET     8 ] [L0 ] [L1 ]
POC  367 TId: 0 ( I-SLICE, nQP 26 QP 26 )    3717736 bits [Y 99.9900 dB    U 99.9900 dB    V 99.9900 dB] [ET     8 ] [L0 ] [L1 ]
POC  368 TId: 0 ( I-SLICE, nQP 26 QP 26 )    3715056 bits [Y 99.9900 dB    U 99.9900 dB    V 99.9900 dB] [ET     8 ] [L0 ] [L1 ]
POC  369 TId: 0 ( I-SLICE, nQP 26 QP 26 )    3713624 bits [Y 99.9900 dB    U 99.9900 dB    V 99.9900 dB] [ET     8 ] [L0 ] [L1 ]
POC  370 TId: 0 ( I-SLICE, nQP 26 QP 26 )    3714720 bits [Y 99.9900 dB    U 99.9900 dB    V 99.9900 dB] [ET     8 ] [L0 ] [L1 ]
POC  371 TId: 0 ( I-SLICE, nQP 26 QP 26 )    3714336 bits [Y 99.9900 dB    U 99.9900 dB    V 99.9900 dB] [ET     8 ] [L0 ] [L1 ]
POC  372 TId: 0 ( I-SLICE, nQP 26 QP 26 )    3716184 bits [Y 99.9900 dB    U 99.9900 dB    V 99.9900 dB] [ET     8 ] [L0 ] [L1 ]
POC  373 TId: 0 ( I-SLICE, nQP 26 QP 26 )    3716856 bits [Y 99.9900 dB    U 99.9900 dB    V 99.9900 dB] [ET     8 ] [L0 ] [L1 ]
POC  374 TId: 0 ( I-SLICE, nQP 26 QP 26 )    3720000 bits [Y 99.9900 dB    U 99.9900 dB    V 99.9900 dB] [ET     8 ] [L0 ] [L1 ]
POC  375 TId: 0 ( I-SLICE, nQP 26 QP 26 )    3725600 bits [Y 99.9900 dB    U 99.9900 dB    V 99.9900 dB] [ET     8 ] [L0 ] [L1 ]
POC  376 TId: 0 ( I-SLICE, nQP 26 QP 26 )    3727480 bits [Y 99.9900 dB    U 99.9900 dB    V 99.9900 dB] [ET     8 ] [L0 ] [L1 ]
POC  377 TId: 0 ( I-SLICE, nQP 26 QP 26 )    3721784 bits [Y 99.9900 dB    U 99.9900 dB    V 99.9900 dB] [ET     8 ] [L0 ] [L1 ]
POC  378 TId: 0 ( I-SLICE, nQP 26 QP 26 )    3724872 bits [Y 99.9900 dB    U 99.9900 dB    V 99.9900 dB] [ET     8 ] [L0 ] [L1 ]
POC  379 TId: 0 ( I-SLICE, nQP 26 QP 26 )    3724760 bits [Y 99.9900 dB    U 99.9900 dB    V 99.9900 dB] [ET     8 ] [L0 ] [L1 ]
POC  380 TId: 0 ( I-SLICE, nQP 26 QP 26 )    3724888 bits [Y 99.9900 dB    U 99.9900 dB    V 99.9900 dB] [ET     8 ] [L0 ] [L1 ]
POC  381 TId: 0 ( I-SLICE, nQP 26 QP 26 )    3732128 bits [Y 99.9900 dB    U 99.9900 dB    V 99.9900 dB] [ET     8 ] [L0 ] [L1 ]
POC  382 TId: 0 ( I-SLICE, nQP 26 QP 26 )    3732040 bits [Y 99.9900 dB    U 99.9900 dB    V 99.9900 dB] [ET     8 ] [L0 ] [L1 ]
POC  383 TId: 0 ( I-SLICE, nQP 26 QP 26 )    3729288 bits [Y 99.9900 dB    U 99.9900 dB    V 99.9900 dB] [ET     8 ] [L0 ] [L1 ]
POC  384 TId: 0 ( I-SLICE, nQP 26 QP 26 )    3729368 bits [Y 99.9900 dB    U 99.9900 dB    V 99.9900 dB] [ET     8 ] [L0 ] [L1 ]
POC  385 TId: 0 ( I-SLICE, nQP 26 QP 26 )    3725680 bits [Y 99.9900 dB    U 99.9900 dB    V 99.9900 dB] [ET     8 ] [L0 ] [L1 ]
POC  386 TId: 0 ( I-SLICE, nQP 26 QP 26 )    3721040 bits [Y 99.9900 dB    U 99.9900 dB    V 99.9900 dB] [ET     8 ] [L0 ] [L1 ]
POC  387 TId: 0 ( I-SLICE, nQP 26 QP 26 )    3723296 bits [Y 99.9900 dB    U 99.9900 dB    V 99.9900 dB] [ET     8 ] [L0 ] [L1 ]
POC  388 TId: 0 ( I-SLICE, nQP 26 QP 26 )    3723864 bits [Y 99.9900 dB    U 99.9900 dB    V 99.9900 dB] [ET     8 ] [L0 ] [L1 ]
POC  389 TId: 0 ( I-SLICE, nQP 26 QP 26 )    3723592 bits [Y 99.9900 dB    U 99.9900 dB    V 99.9900 dB] [ET     8 ] [L0 ] [L1 ]
POC  390 TId: 0 ( I-SLICE, nQP 26 QP 26 )    3724280 bits [Y 99.9900 dB    U 99.9900 dB    V 99.9900 dB] [ET     8 ] [L0 ] [L1 ]
POC  391 TId: 0 ( I-SLICE, nQP 26 QP 26 )    3727872 bits [Y 99.9900 dB    U 99.9900 dB    V 99.9900 dB] [ET     8 ] [L0 ] [L1 ]
POC  392 TId: 0 ( I-SLICE, nQP 26 QP 26 )    3726048 bits [Y 99.9900 dB    U 99.9900 dB    V 99.9900 dB] [ET     8 ] [L0 ] [L1 ]
POC  393 TId: 0 ( I-SLICE, nQP 26 QP 26 )    3726456 bits [Y 99.9900 dB    U 99.9900 dB    V 99.9900 dB] [ET     8 ] [L0 ] [L1 ]
POC  394 TId: 0 ( I-SLICE, nQP 26 QP 26 )    3728152 bits [Y 99.9900 dB    U 99.9900 dB    V 99.9900 dB] [ET     8 ] [L0 ] [L1 ]
POC  395 TId: 0 ( I-SLICE, nQP 26 QP 26 )    3721528 bits [Y 99.9900 dB    U 99.9900 dB    V 99.9900 dB] [ET     8 ] [L0 ] [L1 ]
POC  396 TId: 0 ( I-SLICE, nQP 26 QP 26 )    3723048 bits [Y 99.9900 dB    U 99.9900 dB    V 99.9900 dB] [ET     8 ] [L0 ] [L1 ]
POC  397 TId: 0 ( I-SLICE, nQP 26 QP 26 )    3724008 bits [Y 99.9900 dB    U 99.9900 dB    V 99.9900 dB] [ET     8 ] [L0 ] [L1 ]
POC  398 TId: 0 ( I-SLICE, nQP 26 QP 26 )    3718056 bits [Y 99.9900 dB    U 99.9900 dB    V 99.9900 dB] [ET     8 ] [L0 ] [L1 ]
POC  399 TId: 0 ( I-SLICE, nQP 26 QP 26 )    3714824 bits [Y 99.9900 dB    U 99.9900 dB    V 99.9900 dB] [ET     8 ] [L0 ] [L1 ]
POC  400 TId: 0 ( I-SLICE, nQP 26 QP 26 )    3715496 bits [Y 99.9900 dB    U 99.9900 dB    V 99.9900 dB] [ET     8 ] [L0 ] [L1 ]
POC  401 TId: 0 ( I-SLICE, nQP 26 QP 26 )    3720160 bits [Y 99.9900 dB    U 99.9900 dB    V 99.9900 dB] [ET     8 ] [L0 ] [L1 ]
POC  402 TId: 0 ( I-SLICE, nQP 26 QP 26 )    3723936 bits [Y 99.9900 dB    U 99.9900 dB    V 99.9900 dB] [ET     8 ] [L0 ] [L1 ]
POC  403 TId: 0 ( I-SLICE, nQP 26 QP 26 )    3727920 bits [Y 99.9900 dB    U 99.9900 dB    V 99.9900 dB] [ET     8 ] [L0 ] [L1 ]
POC  404 TId: 0 ( I-SLICE, nQP 26 QP 26 )    3724560 bits [Y 99.9900 dB    U 99.9900 dB    V 99.9900 dB] [ET     8 ] [L0 ] [L1 ]
POC  405 TId: 0 ( I-SLICE, nQP 26 QP 26 )    3729096 bits [Y 99.9900 dB    U 99.9900 dB    V 99.9900 dB] [ET     8 ] [L0 ] [L1 ]
POC  406 TId: 0 ( I-SLICE, nQP 26 QP 26 )    3726648 bits [Y 99.9900 dB    U 99.9900 dB    V 99.9900 dB] [ET     8 ] [L0 ] [L1 ]
POC  407 TId: 0 ( I-SLICE, nQP 26 QP 26 )    3729928 bits [Y 99.9900 dB    U 99.9900 dB    V 99.9900 dB] [ET     8 ] [L0 ] [L1 ]
POC  408 TId: 0 ( I-SLICE, nQP 26 QP 26 )    3731952 bits [Y 99.9900 dB    U 99.9900 dB    V 99.9900 dB] [ET     8 ] [L0 ] [L1 ]
POC  409 TId: 0 ( I-SLICE, nQP 26 QP 26 )    3732856 bits [Y 99.9900 dB    U 99.9900 dB    V 99.9900 dB] [ET     8 ] [L0 ] [L1 ]
POC  410 TId: 0 ( I-SLICE, nQP 26 QP 26 )    3726320 bits [Y 99.9900 dB    U 99.9900 dB    V 99.9900 dB] [ET     8 ] [L0 ] [L1 ]
POC  411 TId: 0 ( I-SLICE, nQP 26 QP 26 )    3728520 bits [Y 99.9900 dB    U 99.9900 dB    V 99.9900 dB] [ET     8 ] [L0 ] [L1 ]
POC  412 TId: 0 ( I-SLICE, nQP 26 QP 26 )    3725576 bits [Y 99.9900 dB    U 99.9900 dB    V 99.9900 dB] [ET     8 ] [L0 ] [L1 ]
POC  413 TId: 0 ( I-SLICE, nQP 26 QP 26 )    3718648 bits [Y 99.9900 dB    U 99.9900 dB    V 99.9900 dB] [ET     8 ] [L0 ] [L1 ]
POC  414 TId: 0 ( I-SLICE, nQP 26 QP 26 )    3716512 bits [Y 99.9900 dB    U 99.9900 dB    V 99.9900 dB] [ET     8 ] [L0 ] [L1 ]
POC  415 TId: 0 ( I-SLICE, nQP 26 QP 26 )    3716728 bits [Y 99.9900 dB    U 99.9900 dB    V 99.9900 dB] [ET     8 ] [L0 ] [L1 ]
POC  416 TId: 0 ( I-SLICE, nQP 26 QP 26 )    3720960 bits [Y 99.9900 dB    U 99.9900 dB    V 99.9900 dB] [ET     8 ] [L0 ] [L1 ]
POC  417 TId: 0 ( I-SLICE, nQP 26 QP 26 )    3722144 bits [Y 99.9900 dB    U 99.9900 dB    V 99.9900 dB] [ET     8 ] [L0 ] [L1 ]
POC  418 TId: 0 ( I-SLICE, nQP 26 QP 26 )    3718992 bits [Y 99.9900 dB    U 99.9900 dB    V 99.9900 dB] [ET     8 ] [L0 ] [L1 ]
POC  419 TId: 0 ( I-SLICE, nQP 26 QP 26 )    3717136 bits [Y 99.9900 dB    U 99.9900 dB    V 99.9900 dB] [ET     8 ] [L0 ] [L1 ]
POC  420 TId: 0 ( I-SLICE, nQP 26 QP 26 )    3721280 bits [Y 99.9900 dB    U 99.9900 dB    V 99.9900 dB] [ET     8 ] [L0 ] [L1 ]
POC  421 TId: 0 ( I-SLICE, nQP 26 QP 26 )    3724960 bits [Y 99.9900 dB    U 99.9900 dB    V 99.9900 dB] [ET     8 ] [L0 ] [L1 ]
POC  422 TId: 0 ( I-SLICE, nQP 26 QP 26 )    3723960 bits [Y 99.9900 dB    U 99.9900 dB    V 99.9900 dB] [ET     8 ] [L0 ] [L1 ]
POC  423 TId: 0 ( I-SLICE, nQP 26 QP 26 )    3724568 bits [Y 99.9900 dB    U 99.9900 dB    V 99.9900 dB] [ET     8 ] [L0 ] [L1 ]
POC  424 TId: 0 ( I-SLICE, nQP 26 QP 26 )    3720192 bits [Y 99.9900 dB    U 99.9900 dB    V 99.9900 dB] [ET     8 ] [L0 ] [L1 ]
POC  425 TId: 0 ( I-SLICE, nQP 26 QP 26 )    3718512 bits [Y 99.9900 dB    U 99.9900 dB    V 99.9900 dB] [ET     8 ] [L0 ] [L1 ]
POC  426 TId: 0 ( I-SLICE, nQP 26 QP 26 )    3714736 bits [Y 99.9900 dB    U 99.9900 dB    V 99.9900 dB] [ET     8 ] [L0 ] [L1 ]
POC  427 TId: 0 ( I-SLICE, nQP 26 QP 26 )    3714560 bits [Y 99.9900 dB    U 99.9900 dB    V 99.9900 dB] [ET     8 ] [L0 ] [L1 ]
POC  428 TId: 0 ( I-SLICE, nQP 26 QP 26 )    3713280 bits [Y 99.9900 dB    U 99.9900 dB    V 99.9900 dB] [ET     8 ] [L0 ] [L1 ]
POC  429 TId: 0 ( I-SLICE, nQP 26 QP 26 )    3718400 bits [Y 99.9900 dB    U 99.9900 dB    V 99.9900 dB] [ET     8 ] [L0 ] [L1 ]
POC  430 TId: 0 ( I-SLICE, nQP 26 QP 26 )    3720072 bits [Y 99.9900 dB    U 99.9900 dB    V 99.9900 dB] [ET     8 ] [L0 ] [L1 ]
POC  431 TId: 0 ( I-SLICE, nQP 26 QP 26 )    3726168 bits [Y 99.9900 dB    U 99.9900 dB    V 99.9900 dB] [ET     8 ] [L0 ] [L1 ]
POC  432 TId: 0 ( I-SLICE, nQP 26 QP 26 )    3728048 bits [Y 99.9900 dB    U 99.9900 dB    V 99.9900 dB] [ET     8 ] [L0 ] [L1 ]
POC  433 TId: 0 ( I-SLICE, nQP 26 QP 26 )    3726584 bits [Y 99.9900 dB    U 99.9900 dB    V 99.9900 dB] [ET     8 ] [L0 ] [L1 ]
POC  434 TId: 0 ( I-SLICE, nQP 26 QP 26 )    3722648 bits [Y 99.9900 dB    U 99.9900 dB    V 99.9900 dB] [ET     8 ] [L0 ] [L1 ]
POC  435 TId: 0 ( I-SLICE, nQP 26 QP 26 )    3723328 bits [Y 99.9900 dB    U 99.9900 dB    V 99.9900 dB] [ET     8 ] [L0 ] [L1 ]
POC  436 TId: 0 ( I-SLICE, nQP 26 QP 26 )    3717784 bits [Y 99.9900 dB    U 99.9900 dB    V 99.9900 dB] [ET     8 ] [L0 ] [L1 ]
POC  437 TId: 0 ( I-SLICE, nQP 26 QP 26 )    3723928 bits [Y 99.9900 dB    U 99.9900 dB    V 99.9900 dB] [ET     8 ] [L0 ] [L1 ]
POC  438 TId: 0 ( I-SLICE, nQP 26 QP 26 )    3727720 bits [Y 99.9900 dB    U 99.9900 dB    V 99.9900 dB] [ET     8 ] [L0 ] [L1 ]
POC  439 TId: 0 ( I-SLICE, nQP 26 QP 26 )    3726232 bits [Y 99.9900 dB    U 99.9900 dB    V 99.9900 dB] [ET     8 ] [L0 ] [L1 ]
POC  440 TId: 0 ( I-SLICE, nQP 26 QP 26 )    3723560 bits [Y 99.9900 dB    U 99.9900 dB    V 99.9900 dB] [ET     8 ] [L0 ] [L1 ]
POC  441 TId: 0 ( I-SLICE, nQP 26 QP 26 )    3719816 bits [Y 99.9900 dB    U 99.9900 dB    V 99.9900 dB] [ET     8 ] [L0 ] [L1 ]
POC  442 TId: 0 ( I-SLICE, nQP 26 QP 26 )    3720352 bits [Y 99.9900 dB    U 99.9900 dB    V 99.9900 dB] [ET     8 ] [L0 ] [L1 ]
POC  443 TId: 0 ( I-SLICE, nQP 26 QP 26 )    3719000 bits [Y 99.9900 dB    U 99.9900 dB    V 99.9900 dB] [ET     8 ] [L0 ] [L1 ]
POC  444 TId: 0 ( I-SLICE, nQP 26 QP 26 )    3721136 bits [Y 99.9900 dB    U 99.9900 dB    V 99.9900 dB] [ET     8 ] [L0 ] [L1 ]
POC  445 TId: 0 ( I-SLICE, nQP 26 QP 26 )    3720832 bits [Y 99.9900 dB    U 99.9900 dB    V 99.9900 dB] [ET     8 ] [L0 ] [L1 ]
POC  446 TId: 0 ( I-SLICE, nQP 26 QP 26 )    3721392 bits [Y 99.9900 dB    U 99.9900 dB    V 99.9900 dB] [ET     8 ] [L0 ] [L1 ]
POC  447 TId: 0 ( I-SLICE, nQP 26 QP 26 )    3722496 bits [Y 99.9900 dB    U 99.9900 dB    V 99.9900 dB] [ET     8 ] [L0 ] [L1 ]
POC  448 TId: 0 ( I-SLICE, nQP 26 QP 26 )    3719704 bits [Y 99.9900 dB    U 99.9900 dB    V 99.9900 dB] [ET     8 ] [L0 ] [L1 ]
POC  449 TId: 0 ( I-SLICE, nQP 26 QP 26 )    3723008 bits [Y 99.9900 dB    U 99.9900 dB    V 99.9900 dB] [ET     8 ] [L0 ] [L1 ]
POC  450 TId: 0 ( I-SLICE, nQP 26 QP 26 )    3718256 bits [Y 99.9900 dB    U 99.9900 dB    V 99.9900 dB] [ET     8 ] [L0 ] [L1 ]
POC  451 TId: 0 ( I-SLICE, nQP 26 QP 26 )    3720824 bits [Y 99.9900 dB    U 99.9900 dB    V 99.9900 dB] [ET     8 ] [L0 ] [L1 ]
POC  452 TId: 0 ( I-SLICE, nQP 26 QP 26 )    3717048 bits [Y 99.9900 dB    U 99.9900 dB    V 99.9900 dB] [ET     8 ] [L0 ] [L1 ]
POC  453 TId: 0 ( I-SLICE, nQP 26 QP 26 )    3719704 bits [Y 99.9900 dB    U 99.9900 dB    V 99.9900 dB] [ET     8 ] [L0 ] [L1 ]
POC  454 TId: 0 ( I-SLICE, nQP 26 QP 26 )    3717144 bits [Y 99.9900 dB    U 99.9900 dB    V 99.9900 dB] [ET     8 ] [L0 ] [L1 ]
POC  455 TId: 0 ( I-SLICE, nQP 26 QP 26 )    3717952 bits [Y 99.9900 dB    U 99.9900 dB    V 99.9900 dB] [ET     8 ] [L0 ] [L1 ]
POC  456 TId: 0 ( I-SLICE, nQP 26 QP 26 )    3717928 bits [Y 99.9900 dB    U 99.9900 dB    V 99.9900 dB] [ET     8 ] [L0 ] [L1 ]
POC  457 TId: 0 ( I-SLICE, nQP 26 QP 26 )    3721272 bits [Y 99.9900 dB    U 99.9900 dB    V 99.9900 dB] [ET     8 ] [L0 ] [L1 ]
POC  458 TId: 0 ( I-SLICE, nQP 26 QP 26 )    3721008 bits [Y 99.9900 dB    U 99.9900 dB    V 99.9900 dB] [ET     8 ] [L0 ] [L1 ]
POC  459 TId: 0 ( I-SLICE, nQP 26 QP 26 )    3719976 bits [Y 99.9900 dB    U 99.9900 dB    V 99.9900 dB] [ET     8 ] [L0 ] [L1 ]
POC  460 TId: 0 ( I-SLICE, nQP 26 QP 26 )    3718576 bits [Y 99.9900 dB    U 99.9900 dB    V 99.9900 dB] [ET     8 ] [L0 ] [L1 ]
POC  461 TId: 0 ( I-SLICE, nQP 26 QP 26 )    3714416 bits [Y 99.9900 dB    U 99.9900 dB    V 99.9900 dB] [ET     8 ] [L0 ] [L1 ]
POC  462 TId: 0 ( I-SLICE, nQP 26 QP 26 )    3715952 bits [Y 99.9900 dB    U 99.9900 dB    V 99.9900 dB] [ET     8 ] [L0 ] [L1 ]
POC  463 TId: 0 ( I-SLICE, nQP 26 QP 26 )    3721840 bits [Y 99.9900 dB    U 99.9900 dB    V 99.9900 dB] [ET     8 ] [L0 ] [L1 ]
POC  464 TId: 0 ( I-SLICE, nQP 26 QP 26 )    3723472 bits [Y 99.9900 dB    U 99.9900 dB    V 99.9900 dB] [ET     8 ] [L0 ] [L1 ]
POC  465 TId: 0 ( I-SLICE, nQP 26 QP 26 )    3723720 bits [Y 99.9900 dB    U 99.9900 dB    V 99.9900 dB] [ET     8 ] [L0 ] [L1 ]
POC  466 TId: 0 ( I-SLICE, nQP 26 QP 26 )    3719896 bits [Y 99.9900 dB    U 99.9900 dB    V 99.9900 dB] [ET     8 ] [L0 ] [L1 ]
POC  467 TId: 0 ( I-SLICE, nQP 26 QP 26 )    3721608 bits [Y 99.9900 dB    U 99.9900 dB    V 99.9900 dB] [ET     8 ] [L0 ] [L1 ]
POC  468 TId: 0 ( I-SLICE, nQP 26 QP 26 )    3718016 bits [Y 99.9900 dB    U 99.9900 dB    V 99.9900 dB] [ET     8 ] [L0 ] [L1 ]
POC  469 TId: 0 ( I-SLICE, nQP 26 QP 26 )    3720856 bits [Y 99.9900 dB    U 99.9900 dB    V 99.9900 dB] [ET     8 ] [L0 ] [L1 ]
POC  470 TId: 0 ( I-SLICE, nQP 26 QP 26 )    3723840 bits [Y 99.9900 dB    U 99.9900 dB    V 99.9900 dB] [ET     8 ] [L0 ] [L1 ]
POC  471 TId: 0 ( I-SLICE, nQP 26 QP 26 )    3730664 bits [Y 99.9900 dB    U 99.9900 dB    V 99.9900 dB] [ET     8 ] [L0 ] [L1 ]
POC  472 TId: 0 ( I-SLICE, nQP 26 QP 26 )    3734648 bits [Y 99.9900 dB    U 99.9900 dB    V 99.9900 dB] [ET     8 ] [L0 ] [L1 ]
POC  473 TId: 0 ( I-SLICE, nQP 26 QP 26 )    3729592 bits [Y 99.9900 dB    U 99.9900 dB    V 99.9900 dB] [ET     8 ] [L0 ] [L1 ]
POC  474 TId: 0 ( I-SLICE, nQP 26 QP 26 )    3728080 bits [Y 99.9900 dB    U 99.9900 dB    V 99.9900 dB] [ET     8 ] [L0 ] [L1 ]
POC  475 TId: 0 ( I-SLICE, nQP 26 QP 26 )    3724352 bits [Y 99.9900 dB    U 99.9900 dB    V 99.9900 dB] [ET     8 ] [L0 ] [L1 ]
POC  476 TId: 0 ( I-SLICE, nQP 26 QP 26 )    3720920 bits [Y 99.9900 dB    U 99.9900 dB    V 99.9900 dB] [ET     8 ] [L0 ] [L1 ]
POC  477 TId: 0 ( I-SLICE, nQP 26 QP 26 )    3719512 bits [Y 99.9900 dB    U 99.9900 dB    V 99.9900 dB] [ET     8 ] [L0 ] [L1 ]
POC  478 TId: 0 ( I-SLICE, nQP 26 QP 26 )    3716672 bits [Y 99.9900 dB    U 99.9900 dB    V 99.9900 dB] [ET     8 ] [L0 ] [L1 ]
POC  479 TId: 0 ( I-SLICE, nQP 26 QP 26 )    3722448 bits [Y 99.9900 dB    U 99.9900 dB    V 99.9900 dB] [ET     8 ] [L0 ] [L1 ]
POC  480 TId: 0 ( I-SLICE, nQP 26 QP 26 )    3717792 bits [Y 99.9900 dB    U 99.9900 dB    V 99.9900 dB] [ET     8 ] [L0 ] [L1 ]
POC  481 TId: 0 ( I-SLICE, nQP 26 QP 26 )    3717344 bits [Y 99.9900 dB    U 99.9900 dB    V 99.9900 dB] [ET     8 ] [L0 ] [L1 ]
POC  482 TId: 0 ( I-SLICE, nQP 26 QP 26 )    3717608 bits [Y 99.9900 dB    U 99.9900 dB    V 99.9900 dB] [ET     8 ] [L0 ] [L1 ]
POC  483 TId: 0 ( I-SLICE, nQP 26 QP 26 )    3717512 bits [Y 99.9900 dB    U 99.9900 dB    V 99.9900 dB] [ET     8 ] [L0 ] [L1 ]
POC  484 TId: 0 ( I-SLICE, nQP 26 QP 26 )    3724680 bits [Y 99.9900 dB    U 99.9900 dB    V 99.9900 dB] [ET     8 ] [L0 ] [L1 ]
POC  485 TId: 0 ( I-SLICE, nQP 26 QP 26 )    3726376 bits [Y 99.9900 dB    U 99.9900 dB    V 99.9900 dB] [ET     8 ] [L0 ] [L1 ]
POC  486 TId: 0 ( I-SLICE, nQP 26 QP 26 )    3720672 bits [Y 99.9900 dB    U 99.9900 dB    V 99.9900 dB] [ET     8 ] [L0 ] [L1 ]
POC  487 TId: 0 ( I-SLICE, nQP 26 QP 26 )    3718368 bits [Y 99.9900 dB    U 99.9900 dB    V 99.9900 dB] [ET     8 ] [L0 ] [L1 ]
POC  488 TId: 0 ( I-SLICE, nQP 26 QP 26 )    3713696 bits [Y 99.9900 dB    U 99.9900 dB    V 99.9900 dB] [ET     8 ] [L0 ] [L1 ]
POC  489 TId: 0 ( I-SLICE, nQP 26 QP 26 )    3711352 bits [Y 99.9900 dB    U 99.9900 dB    V 99.9900 dB] [ET     8 ] [L0 ] [L1 ]
POC  490 TId: 0 ( I-SLICE, nQP 26 QP 26 )    3713832 bits [Y 99.9900 dB    U 99.9900 dB    V 99.9900 dB] [ET     8 ] [L0 ] [L1 ]
POC  491 TId: 0 ( I-SLICE, nQP 26 QP 26 )    3719200 bits [Y 99.9900 dB    U 99.9900 dB    V 99.9900 dB] [ET     8 ] [L0 ] [L1 ]
POC  492 TId: 0 ( I-SLICE, nQP 26 QP 26 )    3712208 bits [Y 99.9900 dB    U 99.9900 dB    V 99.9900 dB] [ET     8 ] [L0 ] [L1 ]
POC  493 TId: 0 ( I-SLICE, nQP 26 QP 26 )    3711904 bits [Y 99.9900 dB    U 99.9900 dB    V 99.9900 dB] [ET     8 ] [L0 ] [L1 ]
POC  494 TId: 0 ( I-SLICE, nQP 26 QP 26 )    3718904 bits [Y 99.9900 dB    U 99.9900 dB    V 99.9900 dB] [ET     8 ] [L0 ] [L1 ]
POC  495 TId: 0 ( I-SLICE, nQP 26 QP 26 )    3723528 bits [Y 99.9900 dB    U 99.9900 dB    V 99.9900 dB] [ET     8 ] [L0 ] [L1 ]
POC  496 TId: 0 ( I-SLICE, nQP 26 QP 26 )    3727512 bits [Y 99.9900 dB    U 99.9900 dB    V 99.9900 dB] [ET     8 ] [L0 ] [L1 ]
POC  497 TId: 0 ( I-SLICE, nQP 26 QP 26 )    3730192 bits [Y 99.9900 dB    U 99.9900 dB    V 99.9900 dB] [ET     8 ] [L0 ] [L1 ]
POC  498 TId: 0 ( I-SLICE, nQP 26 QP 26 )    3728600 bits [Y 99.9900 dB    U 99.9900 dB    V 99.9900 dB] [ET     8 ] [L0 ] [L1 ]
POC  499 TId: 0 ( I-SLICE, nQP 26 QP 26 )    3728392 bits [Y 99.9900 dB    U 99.9900 dB    V 99.9900 dB] [ET     8 ] [L0 ] [L1 ]
POC  500 TId: 0 ( I-SLICE, nQP 26 QP 26 )    3728232 bits [Y 99.9900 dB    U 99.9900 dB    V 99.9900 dB] [ET     8 ] [L0 ] [L1 ]
POC  501 TId: 0 ( I-SLICE, nQP 26 QP 26 )    3736272 bits [Y 99.9900 dB    U 99.9900 dB    V 99.9900 dB] [ET     8 ] [L0 ] [L1 ]
POC  502 TId: 0 ( I-SLICE, nQP 26 QP 26 )    3742552 bits [Y 99.9900 dB    U 99.9900 dB    V 99.9900 dB] [ET     8 ] [L0 ] [L1 ]
POC  503 TId: 0 ( I-SLICE, nQP 26 QP 26 )    3742208 bits [Y 99.9900 dB    U 99.9900 dB    V 99.9900 dB] [ET     8 ] [L0 ] [L1 ]
POC  504 TId: 0 ( I-SLICE, nQP 26 QP 26 )    3748744 bits [Y 99.9900 dB    U 99.9900 dB    V 99.9900 dB] [ET     8 ] [L0 ] [L1 ]
POC  505 TId: 0 ( I-SLICE, nQP 26 QP 26 )    3746864 bits [Y 99.9900 dB    U 99.9900 dB    V 99.9900 dB] [ET     8 ] [L0 ] [L1 ]
POC  506 TId: 0 ( I-SLICE, nQP 26 QP 26 )    3743112 bits [Y 99.9900 dB    U 99.9900 dB    V 99.9900 dB] [ET     8 ] [L0 ] [L1 ]
POC  507 TId: 0 ( I-SLICE, nQP 26 QP 26 )    3743488 bits [Y 99.9900 dB    U 99.9900 dB    V 99.9900 dB] [ET     8 ] [L0 ] [L1 ]
POC  508 TId: 0 ( I-SLICE, nQP 26 QP 26 )    3745440 bits [Y 99.9900 dB    U 99.9900 dB    V 99.9900 dB] [ET     8 ] [L0 ] [L1 ]
POC  509 TId: 0 ( I-SLICE, nQP 26 QP 26 )    3739352 bits [Y 99.9900 dB    U 99.9900 dB    V 99.9900 dB] [ET     8 ] [L0 ] [L1 ]
POC  510 TId: 0 ( I-SLICE, nQP 26 QP 26 )    3737128 bits [Y 99.9900 dB    U 99.9900 dB    V 99.9900 dB] [ET     8 ] [L0 ] [L1 ]
POC  511 TId: 0 ( I-SLICE, nQP 26 QP 26 )    3737472 bits [Y 99.9900 dB    U 99.9900 dB    V 99.9900 dB] [ET     8 ] [L0 ] [L1 ]
POC  512 TId: 0 ( I-SLICE, nQP 26 QP 26 )    3734160 bits [Y 99.9900 dB    U 99.9900 dB    V 99.9900 dB] [ET     8 ] [L0 ] [L1 ]
POC  513 TId: 0 ( I-SLICE, nQP 26 QP 26 )    3732944 bits [Y 99.9900 dB    U 99.9900 dB    V 99.9900 dB] [ET     8 ] [L0 ] [L1 ]
POC  514 TId: 0 ( I-SLICE, nQP 26 QP 26 )    3732880 bits [Y 99.9900 dB    U 99.9900 dB    V 99.9900 dB] [ET     8 ] [L0 ] [L1 ]
POC  515 TId: 0 ( I-SLICE, nQP 26 QP 26 )    3734280 bits [Y 99.9900 dB    U 99.9900 dB    V 99.9900 dB] [ET     8 ] [L0 ] [L1 ]
POC  516 TId: 0 ( I-SLICE, nQP 26 QP 26 )    3730256 bits [Y 99.9900 dB    U 99.9900 dB    V 99.9900 dB] [ET     8 ] [L0 ] [L1 ]
POC  517 TId: 0 ( I-SLICE, nQP 26 QP 26 )    3727200 bits [Y 99.9900 dB    U 99.9900 dB    V 99.9900 dB] [ET     8 ] [L0 ] [L1 ]
POC  518 TId: 0 ( I-SLICE, nQP 26 QP 26 )    3724936 bits [Y 99.9900 dB    U 99.9900 dB    V 99.9900 dB] [ET     8 ] [L0 ] [L1 ]
POC  519 TId: 0 ( I-SLICE, nQP 26 QP 26 )    3721544 bits [Y 99.9900 dB    U 99.9900 dB    V 99.9900 dB] [ET     8 ] [L0 ] [L1 ]
POC  520 TId: 0 ( I-SLICE, nQP 26 QP 26 )    3718760 bits [Y 99.9900 dB    U 99.9900 dB    V 99.9900 dB] [ET     8 ] [L0 ] [L1 ]
POC  521 TId: 0 ( I-SLICE, nQP 26 QP 26 )    3719016 bits [Y 99.9900 dB    U 99.9900 dB    V 99.9900 dB] [ET     8 ] [L0 ] [L1 ]
POC  522 TId: 0 ( I-SLICE, nQP 26 QP 26 )    3717760 bits [Y 99.9900 dB    U 99.9900 dB    V 99.9900 dB] [ET     8 ] [L0 ] [L1 ]
POC  523 TId: 0 ( I-SLICE, nQP 26 QP 26 )    3722248 bits [Y 99.9900 dB    U 99.9900 dB    V 99.9900 dB] [ET     8 ] [L0 ] [L1 ]
POC  524 TId: 0 ( I-SLICE, nQP 26 QP 26 )    3720432 bits [Y 99.9900 dB    U 99.9900 dB    V 99.9900 dB] [ET     8 ] [L0 ] [L1 ]
POC  525 TId: 0 ( I-SLICE, nQP 26 QP 26 )    3718368 bits [Y 99.9900 dB    U 99.9900 dB    V 99.9900 dB] [ET     8 ] [L0 ] [L1 ]
POC  526 TId: 0 ( I-SLICE, nQP 26 QP 26 )    3720032 bits [Y 99.9900 dB    U 99.9900 dB    V 99.9900 dB] [ET     8 ] [L0 ] [L1 ]
POC  527 TId: 0 ( I-SLICE, nQP 26 QP 26 )    3718408 bits [Y 99.9900 dB    U 99.9900 dB    V 99.9900 dB] [ET     8 ] [L0 ] [L1 ]
POC  528 TId: 0 ( I-SLICE, nQP 26 QP 26 )    3720248 bits [Y 99.9900 dB    U 99.9900 dB    V 99.9900 dB] [ET     8 ] [L0 ] [L1 ]
POC  529 TId: 0 ( I-SLICE, nQP 26 QP 26 )    3727376 bits [Y 99.9900 dB    U 99.9900 dB    V 99.9900 dB] [ET     8 ] [L0 ] [L1 ]
POC  530 TId: 0 ( I-SLICE, nQP 26 QP 26 )    3724600 bits [Y 99.9900 dB    U 99.9900 dB    V 99.9900 dB] [ET     8 ] [L0 ] [L1 ]
POC  531 TId: 0 ( I-SLICE, nQP 26 QP 26 )    3721264 bits [Y 99.9900 dB    U 99.9900 dB    V 99.9900 dB] [ET     8 ] [L0 ] [L1 ]
POC  532 TId: 0 ( I-SLICE, nQP 26 QP 26 )    3717976 bits [Y 99.9900 dB    U 99.9900 dB    V 99.9900 dB] [ET     8 ] [L0 ] [L1 ]
POC  533 TId: 0 ( I-SLICE, nQP 26 QP 26 )    3717816 bits [Y 99.9900 dB    U 99.9900 dB    V 99.9900 dB] [ET     8 ] [L0 ] [L1 ]
POC  534 TId: 0 ( I-SLICE, nQP 26 QP 26 )    3724776 bits [Y 99.9900 dB    U 99.9900 dB    V 99.9900 dB] [ET     8 ] [L0 ] [L1 ]
POC  535 TId: 0 ( I-SLICE, nQP 26 QP 26 )    3726840 bits [Y 99.9900 dB    U 99.9900 dB    V 99.9900 dB] [ET     8 ] [L0 ] [L1 ]
POC  536 TId: 0 ( I-SLICE, nQP 26 QP 26 )    3721720 bits [Y 99.9900 dB    U 99.9900 dB    V 99.9900 dB] [ET     8 ] [L0 ] [L1 ]
POC  537 TId: 0 ( I-SLICE, nQP 26 QP 26 )    3719304 bits [Y 99.9900 dB    U 99.9900 dB    V 99.9900 dB] [ET     8 ] [L0 ] [L1 ]
POC  538 TId: 0 ( I-SLICE, nQP 26 QP 26 )    3712496 bits [Y 99.9900 dB    U 99.9900 dB    V 99.9900 dB] [ET     8 ] [L0 ] [L1 ]
POC  539 TId: 0 ( I-SLICE, nQP 26 QP 26 )    3714376 bits [Y 99.9900 dB    U 99.9900 dB    V 99.9900 dB] [ET     8 ] [L0 ] [L1 ]
POC  540 TId: 0 ( I-SLICE, nQP 26 QP 26 )    3714544 bits [Y 99.9900 dB    U 99.9900 dB    V 99.9900 dB] [ET     8 ] [L0 ] [L1 ]
POC  541 TId: 0 ( I-SLICE, nQP 26 QP 26 )    3718824 bits [Y 99.9900 dB    U 99.9900 dB    V 99.9900 dB] [ET     8 ] [L0 ] [L1 ]
POC  542 TId: 0 ( I-SLICE, nQP 26 QP 26 )    3719256 bits [Y 99.9900 dB    U 99.9900 dB    V 99.9900 dB] [ET     8 ] [L0 ] [L1 ]
POC  543 TId: 0 ( I-SLICE, nQP 26 QP 26 )    3715888 bits [Y 99.9900 dB    U 99.9900 dB    V 99.9900 dB] [ET     8 ] [L0 ] [L1 ]
POC  544 TId: 0 ( I-SLICE, nQP 26 QP 26 )    3717888 bits [Y 99.9900 dB    U 99.9900 dB    V 99.9900 dB] [ET     8 ] [L0 ] [L1 ]
POC  545 TId: 0 ( I-SLICE, nQP 26 QP 26 )    3715632 bits [Y 99.9900 dB    U 99.9900 dB    V 99.9900 dB] [ET     8 ] [L0 ] [L1 ]
POC  546 TId: 0 ( I-SLICE, nQP 26 QP 26 )    3716384 bits [Y 99.9900 dB    U 99.9900 dB    V 99.9900 dB] [ET     8 ] [L0 ] [L1 ]
POC  547 TId: 0 ( I-SLICE, nQP 26 QP 26 )    3713104 bits [Y 99.9900 dB    U 99.9900 dB    V 99.9900 dB] [ET     8 ] [L0 ] [L1 ]
POC  548 TId: 0 ( I-SLICE, nQP 26 QP 26 )    3718184 bits [Y 99.9900 dB    U 99.9900 dB    V 99.9900 dB] [ET     8 ] [L0 ] [L1 ]
POC  549 TId: 0 ( I-SLICE, nQP 26 QP 26 )    3721248 bits [Y 99.9900 dB    U 99.9900 dB    V 99.9900 dB] [ET     8 ] [L0 ] [L1 ]
POC  550 TId: 0 ( I-SLICE, nQP 26 QP 26 )    3719624 bits [Y 99.9900 dB    U 99.9900 dB    V 99.9900 dB] [ET     8 ] [L0 ] [L1 ]
POC  551 TId: 0 ( I-SLICE, nQP 26 QP 26 )    3722816 bits [Y 99.9900 dB    U 99.9900 dB    V 99.9900 dB] [ET     8 ] [L0 ] [L1 ]
POC  552 TId: 0 ( I-SLICE, nQP 26 QP 26 )    3729888 bits [Y 99.9900 dB    U 99.9900 dB    V 99.9900 dB] [ET     8 ] [L0 ] [L1 ]
POC  553 TId: 0 ( I-SLICE, nQP 26 QP 26 )    3724344 bits [Y 99.9900 dB    U 99.9900 dB    V 99.9900 dB] [ET     8 ] [L0 ] [L1 ]
POC  554 TId: 0 ( I-SLICE, nQP 26 QP 26 )    3725392 bits [Y 99.9900 dB    U 99.9900 dB    V 99.9900 dB] [ET     8 ] [L0 ] [L1 ]
POC  555 TId: 0 ( I-SLICE, nQP 26 QP 26 )    3723384 bits [Y 99.9900 dB    U 99.9900 dB    V 99.9900 dB] [ET     8 ] [L0 ] [L1 ]
POC  556 TId: 0 ( I-SLICE, nQP 26 QP 26 )    3718632 bits [Y 99.9900 dB    U 99.9900 dB    V 99.9900 dB] [ET     8 ] [L0 ] [L1 ]
POC  557 TId: 0 ( I-SLICE, nQP 26 QP 26 )    3722056 bits [Y 99.9900 dB    U 99.9900 dB    V 99.9900 dB] [ET     8 ] [L0 ] [L1 ]
POC  558 TId: 0 ( I-SLICE, nQP 26 QP 26 )    3718504 bits [Y 99.9900 dB    U 99.9900 dB    V 99.9900 dB] [ET     8 ] [L0 ] [L1 ]
POC  559 TId: 0 ( I-SLICE, nQP 26 QP 26 )    3712312 bits [Y 99.9900 dB    U 99.9900 dB    V 99.9900 dB] [ET     8 ] [L0 ] [L1 ]
POC  560 TId: 0 ( I-SLICE, nQP 26 QP 26 )    3713800 bits [Y 99.9900 dB    U 99.9900 dB    V 99.9900 dB] [ET     8 ] [L0 ] [L1 ]
POC  561 TId: 0 ( I-SLICE, nQP 26 QP 26 )    3712264 bits [Y 99.9900 dB    U 99.9900 dB    V 99.9900 dB] [ET     8 ] [L0 ] [L1 ]
POC  562 TId: 0 ( I-SLICE, nQP 26 QP 26 )    3708272 bits [Y 99.9900 dB    U 99.9900 dB    V 99.9900 dB] [ET     8 ] [L0 ] [L1 ]
POC  563 TId: 0 ( I-SLICE, nQP 26 QP 26 )    3715456 bits [Y 99.9900 dB    U 99.9900 dB    V 99.9900 dB] [ET     8 ] [L0 ] [L1 ]
POC  564 TId: 0 ( I-SLICE, nQP 26 QP 26 )    3714128 bits [Y 99.9900 dB    U 99.9900 dB    V 99.9900 dB] [ET     8 ] [L0 ] [L1 ]
POC  565 TId: 0 ( I-SLICE, nQP 26 QP 26 )    3715288 bits [Y 99.9900 dB    U 99.9900 dB    V 99.9900 dB] [ET     8 ] [L0 ] [L1 ]
POC  566 TId: 0 ( I-SLICE, nQP 26 QP 26 )    3714296 bits [Y 99.9900 dB    U 99.9900 dB    V 99.9900 dB] [ET     8 ] [L0 ] [L1 ]
POC  567 TId: 0 ( I-SLICE, nQP 26 QP 26 )    3713400 bits [Y 99.9900 dB    U 99.9900 dB    V 99.9900 dB] [ET     8 ] [L0 ] [L1 ]
POC  568 TId: 0 ( I-SLICE, nQP 26 QP 26 )    3714288 bits [Y 99.9900 dB    U 99.9900 dB    V 99.9900 dB] [ET     8 ] [L0 ] [L1 ]
POC  569 TId: 0 ( I-SLICE, nQP 26 QP 26 )    3713984 bits [Y 99.9900 dB    U 99.9900 dB    V 99.9900 dB] [ET     8 ] [L0 ] [L1 ]
POC  570 TId: 0 ( I-SLICE, nQP 26 QP 26 )    3711536 bits [Y 99.9900 dB    U 99.9900 dB    V 99.9900 dB] [ET     8 ] [L0 ] [L1 ]
POC  571 TId: 0 ( I-SLICE, nQP 26 QP 26 )    3709880 bits [Y 99.9900 dB    U 99.9900 dB    V 99.9900 dB] [ET     8 ] [L0 ] [L1 ]
POC  572 TId: 0 ( I-SLICE, nQP 26 QP 26 )    3712840 bits [Y 99.9900 dB    U 99.9900 dB    V 99.9900 dB] [ET     8 ] [L0 ] [L1 ]
POC  573 TId: 0 ( I-SLICE, nQP 26 QP 26 )    3709776 bits [Y 99.9900 dB    U 99.9900 dB    V 99.9900 dB] [ET     8 ] [L0 ] [L1 ]
POC  574 TId: 0 ( I-SLICE, nQP 26 QP 26 )    3712792 bits [Y 99.9900 dB    U 99.9900 dB    V 99.9900 dB] [ET     8 ] [L0 ] [L1 ]
POC  575 TId: 0 ( I-SLICE, nQP 26 QP 26 )    3712200 bits [Y 99.9900 dB    U 99.9900 dB    V 99.9900 dB] [ET     8 ] [L0 ] [L1 ]
POC  576 TId: 0 ( I-SLICE, nQP 26 QP 26 )    3710104 bits [Y 99.9900 dB    U 99.9900 dB    V 99.9900 dB] [ET     8 ] [L0 ] [L1 ]
POC  577 TId: 0 ( I-SLICE, nQP 26 QP 26 )    3715648 bits [Y 99.9900 dB    U 99.9900 dB    V 99.9900 dB] [ET     8 ] [L0 ] [L1 ]
POC  578 TId: 0 ( I-SLICE, nQP 26 QP 26 )    3718152 bits [Y 99.9900 dB    U 99.9900 dB    V 99.9900 dB] [ET     8 ] [L0 ] [L1 ]
POC  579 TId: 0 ( I-SLICE, nQP 26 QP 26 )    3718544 bits [Y 99.9900 dB    U 99.9900 dB    V 99.9900 dB] [ET     8 ] [L0 ] [L1 ]
POC  580 TId: 0 ( I-SLICE, nQP 26 QP 26 )    3724312 bits [Y 99.9900 dB    U 99.9900 dB    V 99.9900 dB] [ET     8 ] [L0 ] [L1 ]
POC  581 TId: 0 ( I-SLICE, nQP 26 QP 26 )    3720824 bits [Y 99.9900 dB    U 99.9900 dB    V 99.9900 dB] [ET     8 ] [L0 ] [L1 ]
POC  582 TId: 0 ( I-SLICE, nQP 26 QP 26 )    3723952 bits [Y 99.9900 dB    U 99.9900 dB    V 99.9900 dB] [ET     8 ] [L0 ] [L1 ]
POC  583 TId: 0 ( I-SLICE, nQP 26 QP 26 )    3721256 bits [Y 99.9900 dB    U 99.9900 dB    V 99.9900 dB] [ET     8 ] [L0 ] [L1 ]
POC  584 TId: 0 ( I-SLICE, nQP 26 QP 26 )    3725976 bits [Y 99.9900 dB    U 99.9900 dB    V 99.9900 dB] [ET     8 ] [L0 ] [L1 ]
POC  585 TId: 0 ( I-SLICE, nQP 26 QP 26 )    3733128 bits [Y 99.9900 dB    U 99.9900 dB    V 99.9900 dB] [ET     8 ] [L0 ] [L1 ]
POC  586 TId: 0 ( I-SLICE, nQP 26 QP 26 )    3730752 bits [Y 99.9900 dB    U 99.9900 dB    V 99.9900 dB] [ET     8 ] [L0 ] [L1 ]
POC  587 TId: 0 ( I-SLICE, nQP 26 QP 26 )    3730784 bits [Y 99.9900 dB    U 99.9900 dB    V 99.9900 dB] [ET     8 ] [L0 ] [L1 ]
POC  588 TId: 0 ( I-SLICE, nQP 26 QP 26 )    3730848 bits [Y 99.9900 dB    U 99.9900 dB    V 99.9900 dB] [ET     8 ] [L0 ] [L1 ]
POC  589 TId: 0 ( I-SLICE, nQP 26 QP 26 )    3726792 bits [Y 99.9900 dB    U 99.9900 dB    V 99.9900 dB] [ET     8 ] [L0 ] [L1 ]
POC  590 TId: 0 ( I-SLICE, nQP 26 QP 26 )    3731976 bits [Y 99.9900 dB    U 99.9900 dB    V 99.9900 dB] [ET     8 ] [L0 ] [L1 ]
POC  591 TId: 0 ( I-SLICE, nQP 26 QP 26 )    3731952 bits [Y 99.9900 dB    U 99.9900 dB    V 99.9900 dB] [ET     8 ] [L0 ] [L1 ]
POC  592 TId: 0 ( I-SLICE, nQP 26 QP 26 )    3730584 bits [Y 99.9900 dB    U 99.9900 dB    V 99.9900 dB] [ET     8 ] [L0 ] [L1 ]
POC  593 TId: 0 ( I-SLICE, nQP 26 QP 26 )    3728488 bits [Y 99.9900 dB    U 99.9900 dB    V 99.9900 dB] [ET     8 ] [L0 ] [L1 ]
POC  594 TId: 0 ( I-SLICE, nQP 26 QP 26 )    3718488 bits [Y 99.9900 dB    U 99.9900 dB    V 99.9900 dB] [ET     8 ] [L0 ] [L1 ]
POC  595 TId: 0 ( I-SLICE, nQP 26 QP 26 )    3713664 bits [Y 99.9900 dB    U 99.9900 dB    V 99.9900 dB] [ET     8 ] [L0 ] [L1 ]
POC  596 TId: 0 ( I-SLICE, nQP 26 QP 26 )    3711160 bits [Y 99.9900 dB    U 99.9900 dB    V 99.9900 dB] [ET     8 ] [L0 ] [L1 ]
POC  597 TId: 0 ( I-SLICE, nQP 26 QP 26 )    3712672 bits [Y 99.9900 dB    U 99.9900 dB    V 99.9900 dB] [ET     8 ] [L0 ] [L1 ]
POC  598 TId: 0 ( I-SLICE, nQP 26 QP 26 )    3713384 bits [Y 99.9900 dB    U 99.9900 dB    V 99.9900 dB] [ET     8 ] [L0 ] [L1 ]
POC  599 TId: 0 ( I-SLICE, nQP 26 QP 26 )    3716512 bits [Y 99.9900 dB    U 99.9900 dB    V 99.9900 dB] [ET     8 ] [L0 ] [L1 ]


SUMMARY --------------------------------------------------------
	Total Frames |  Bitrate    Y-PSNR    U-PSNR    V-PSNR 
	      600    a 223055.3664   99.9900   99.9900   99.9900


I Slices--------------------------------------------------------
	Total Frames |  Bitrate    Y-PSNR    U-PSNR    V-PSNR 
	      600    i 223055.3664   99.9900   99.9900   99.9900


P Slices--------------------------------------------------------
	Total Frames |  Bitrate    Y-PSNR    U-PSNR    V-PSNR 
	        0    p        -nan      -nan      -nan      -nan


B Slices--------------------------------------------------------
	Total Frames |  Bitrate    Y-PSNR    U-PSNR    V-PSNR 
	        0    b        -nan      -nan      -nan      -nan

RVM: 0.000
Bytes written to file: 278821619 (223057.295 kbps)

 Total Time:     4653.297 sec.
