
HM software: Encoder Version [15.0][Linux][GCC 4.8.5][64 bit] 

Input          File          : ../../HEVC_test_sequence/ClassB/Kimono1_1920x1080_24.yuv
Bitstream      File          : Kimono.bin
Reconstruction File          : Kimono.yuv
Real     Format              : 1920x1080 24Hz
Internal Format              : 1920x1080 24Hz
Frame/Field                  : Frame based coding
Frame index                  : 0 - 239 (240 frames)
CU size / depth              : 64 / 4
RQT trans. size (min / max)  : 4 / 32
Max RQT depth inter          : 3
Max RQT depth intra          : 3
Min PCM size                 : 8
Motion search range          : 64
Intra period                 : 1
Decoding refresh type        : 0
QP                           : 26.00
Max dQP signaling depth      : 0
Cb QP Offset                 : 0
Cr QP Offset                 : 0
QP adaptation                : 0 (range=0)
GOP size                     : 1
Internal bit depth           : (Y:8, C:8)
PCM sample bit depth         : (Y:8, C:8)
RateControl                  : 0
Max Num Merge Candidates     : 5

TOOL CFG: IBD:0 HAD:0 RDQ:0 RDQTS:0 RDpenalty:0 SQP:0 ASR:0 FEN:0 ECU:0 FDM:0 CFM:0 ESD:0 RQT:1 TransformSkip:0 TransformSkipFast:0 Slice: M=0 SliceSegment: M=0 CIP:0 SAO:0 PCM:0 TransQuantBypassEnabled: =1 WPP:0 WPB:0 PME:2  WaveFrontSynchro:0 WaveFrontSubstreams:1 ScalingList:0 TMVPMode:1 AQpS:0 SignBitHidingFlag:1 RecalQP:0

POC    0 TId: 0 ( I-SLICE, nQP 26 QP 26 )   10543840 bits [Y 99.9900 dB    U 99.9900 dB    V 99.9900 dB] [ET    18 ] [L0 ] [L1 ]
POC    1 TId: 0 ( I-SLICE, nQP 26 QP 26 )   10540824 bits [Y 99.9900 dB    U 99.9900 dB    V 99.9900 dB] [ET    18 ] [L0 ] [L1 ]
POC    2 TId: 0 ( I-SLICE, nQP 26 QP 26 )   10587944 bits [Y 99.9900 dB    U 99.9900 dB    V 99.9900 dB] [ET    18 ] [L0 ] [L1 ]
POC    3 TId: 0 ( I-SLICE, nQP 26 QP 26 )   10631576 bits [Y 99.9900 dB    U 99.9900 dB    V 99.9900 dB] [ET    18 ] [L0 ] [L1 ]
POC    4 TId: 0 ( I-SLICE, nQP 26 QP 26 )   10653736 bits [Y 99.9900 dB    U 99.9900 dB    V 99.9900 dB] [ET    18 ] [L0 ] [L1 ]
POC    5 TId: 0 ( I-SLICE, nQP 26 QP 26 )   10673848 bits [Y 99.9900 dB    U 99.9900 dB    V 99.9900 dB] [ET    18 ] [L0 ] [L1 ]
POC    6 TId: 0 ( I-SLICE, nQP 26 QP 26 )   10655296 bits [Y 99.9900 dB    U 99.9900 dB    V 99.9900 dB] [ET    18 ] [L0 ] [L1 ]
POC    7 TId: 0 ( I-SLICE, nQP 26 QP 26 )   10628232 bits [Y 99.9900 dB    U 99.9900 dB    V 99.9900 dB] [ET    18 ] [L0 ] [L1 ]
POC    8 TId: 0 ( I-SLICE, nQP 26 QP 26 )   10579768 bits [Y 99.9900 dB    U 99.9900 dB    V 99.9900 dB] [ET    18 ] [L0 ] [L1 ]
POC    9 TId: 0 ( I-SLICE, nQP 26 QP 26 )   10571160 bits [Y 99.9900 dB    U 99.9900 dB    V 99.9900 dB] [ET    18 ] [L0 ] [L1 ]
POC   10 TId: 0 ( I-SLICE, nQP 26 QP 26 )   10609080 bits [Y 99.9900 dB    U 99.9900 dB    V 99.9900 dB] [ET    18 ] [L0 ] [L1 ]
POC   11 TId: 0 ( I-SLICE, nQP 26 QP 26 )   10646272 bits [Y 99.9900 dB    U 99.9900 dB    V 99.9900 dB] [ET    18 ] [L0 ] [L1 ]
POC   12 TId: 0 ( I-SLICE, nQP 26 QP 26 )   10691552 bits [Y 99.9900 dB    U 99.9900 dB    V 99.9900 dB] [ET    18 ] [L0 ] [L1 ]
POC   13 TId: 0 ( I-SLICE, nQP 26 QP 26 )   10684400 bits [Y 99.9900 dB    U 99.9900 dB    V 99.9900 dB] [ET    18 ] [L0 ] [L1 ]
POC   14 TId: 0 ( I-SLICE, nQP 26 QP 26 )   10668376 bits [Y 99.9900 dB    U 99.9900 dB    V 99.9900 dB] [ET    18 ] [L0 ] [L1 ]
POC   15 TId: 0 ( I-SLICE, nQP 26 QP 26 )   10642280 bits [Y 99.9900 dB    U 99.9900 dB    V 99.9900 dB] [ET    18 ] [L0 ] [L1 ]
POC   16 TId: 0 ( I-SLICE, nQP 26 QP 26 )   10645992 bits [Y 99.9900 dB    U 99.9900 dB    V 99.9900 dB] [ET    18 ] [L0 ] [L1 ]
POC   17 TId: 0 ( I-SLICE, nQP 26 QP 26 )   10623312 bits [Y 99.9900 dB    U 99.9900 dB    V 99.9900 dB] [ET    18 ] [L0 ] [L1 ]
POC   18 TId: 0 ( I-SLICE, nQP 26 QP 26 )   10593104 bits [Y 99.9900 dB    U 99.9900 dB    V 99.9900 dB] [ET    18 ] [L0 ] [L1 ]
POC   19 TId: 0 ( I-SLICE, nQP 26 QP 26 )   10577152 bits [Y 99.9900 dB    U 99.9900 dB    V 99.9900 dB] [ET    18 ] [L0 ] [L1 ]
POC   20 TId: 0 ( I-SLICE, nQP 26 QP 26 )   10566408 bits [Y 99.9900 dB    U 99.9900 dB    V 99.9900 dB] [ET    18 ] [L0 ] [L1 ]
POC   21 TId: 0 ( I-SLICE, nQP 26 QP 26 )   10556416 bits [Y 99.9900 dB    U 99.9900 dB    V 99.9900 dB] [ET    18 ] [L0 ] [L1 ]
POC   22 TId: 0 ( I-SLICE, nQP 26 QP 26 )   10532400 bits [Y 99.9900 dB    U 99.9900 dB    V 99.9900 dB] [ET    18 ] [L0 ] [L1 ]
POC   23 TId: 0 ( I-SLICE, nQP 26 QP 26 )   10463480 bits [Y 99.9900 dB    U 99.9900 dB    V 99.9900 dB] [ET    18 ] [L0 ] [L1 ]
POC   24 TId: 0 ( I-SLICE, nQP 26 QP 26 )   10427896 bits [Y 99.9900 dB    U 99.9900 dB    V 99.9900 dB] [ET    18 ] [L0 ] [L1 ]
POC   25 TId: 0 ( I-SLICE, nQP 26 QP 26 )   10380496 bits [Y 99.9900 dB    U 99.9900 dB    V 99.9900 dB] [ET    18 ] [L0 ] [L1 ]
POC   26 TId: 0 ( I-SLICE, nQP 26 QP 26 )   10364416 bits [Y 99.9900 dB    U 99.9900 dB    V 99.9900 dB] [ET    18 ] [L0 ] [L1 ]
POC   27 TId: 0 ( I-SLICE, nQP 26 QP 26 )   10393032 bits [Y 99.9900 dB    U 99.9900 dB    V 99.9900 dB] [ET    18 ] [L0 ] [L1 ]
POC   28 TId: 0 ( I-SLICE, nQP 26 QP 26 )   10401752 bits [Y 99.9900 dB    U 99.9900 dB    V 99.9900 dB] [ET    18 ] [L0 ] [L1 ]
POC   29 TId: 0 ( I-SLICE, nQP 26 QP 26 )   10414384 bits [Y 99.9900 dB    U 99.9900 dB    V 99.9900 dB] [ET    18 ] [L0 ] [L1 ]
POC   30 TId: 0 ( I-SLICE, nQP 26 QP 26 )   10436848 bits [Y 99.9900 dB    U 99.9900 dB    V 99.9900 dB] [ET    18 ] [L0 ] [L1 ]
POC   31 TId: 0 ( I-SLICE, nQP 26 QP 26 )   10442136 bits [Y 99.9900 dB    U 99.9900 dB    V 99.9900 dB] [ET    18 ] [L0 ] [L1 ]
POC   32 TId: 0 ( I-SLICE, nQP 26 QP 26 )   10469016 bits [Y 99.9900 dB    U 99.9900 dB    V 99.9900 dB] [ET    18 ] [L0 ] [L1 ]
POC   33 TId: 0 ( I-SLICE, nQP 26 QP 26 )   10509680 bits [Y 99.9900 dB    U 99.9900 dB    V 99.9900 dB] [ET    18 ] [L0 ] [L1 ]
POC   34 TId: 0 ( I-SLICE, nQP 26 QP 26 )   10548792 bits [Y 99.9900 dB    U 99.9900 dB    V 99.9900 dB] [ET    18 ] [L0 ] [L1 ]
POC   35 TId: 0 ( I-SLICE, nQP 26 QP 26 )   10521152 bits [Y 99.9900 dB    U 99.9900 dB    V 99.9900 dB] [ET    18 ] [L0 ] [L1 ]
POC   36 TId: 0 ( I-SLICE, nQP 26 QP 26 )   10540120 bits [Y 99.9900 dB    U 99.9900 dB    V 99.9900 dB] [ET    18 ] [L0 ] [L1 ]
POC   37 TId: 0 ( I-SLICE, nQP 26 QP 26 )   10535248 bits [Y 99.9900 dB    U 99.9900 dB    V 99.9900 dB] [ET    18 ] [L0 ] [L1 ]
POC   38 TId: 0 ( I-SLICE, nQP 26 QP 26 )   10499752 bits [Y 99.9900 dB    U 99.9900 dB    V 99.9900 dB] [ET    18 ] [L0 ] [L1 ]
POC   39 TId: 0 ( I-SLICE, nQP 26 QP 26 )   10483640 bits [Y 99.9900 dB    U 99.9900 dB    V 99.9900 dB] [ET    18 ] [L0 ] [L1 ]
POC   40 TId: 0 ( I-SLICE, nQP 26 QP 26 )   10512200 bits [Y 99.9900 dB    U 99.9900 dB    V 99.9900 dB] [ET    18 ] [L0 ] [L1 ]
POC   41 TId: 0 ( I-SLICE, nQP 26 QP 26 )   10510520 bits [Y 99.9900 dB    U 99.9900 dB    V 99.9900 dB] [ET    18 ] [L0 ] [L1 ]
POC   42 TId: 0 ( I-SLICE, nQP 26 QP 26 )   10502424 bits [Y 99.9900 dB    U 99.9900 dB    V 99.9900 dB] [ET    18 ] [L0 ] [L1 ]
POC   43 TId: 0 ( I-SLICE, nQP 26 QP 26 )   10487104 bits [Y 99.9900 dB    U 99.9900 dB    V 99.9900 dB] [ET    18 ] [L0 ] [L1 ]
POC   44 TId: 0 ( I-SLICE, nQP 26 QP 26 )   10519280 bits [Y 99.9900 dB    U 99.9900 dB    V 99.9900 dB] [ET    18 ] [L0 ] [L1 ]
POC   45 TId: 0 ( I-SLICE, nQP 26 QP 26 )   10530592 bits [Y 99.9900 dB    U 99.9900 dB    V 99.9900 dB] [ET    18 ] [L0 ] [L1 ]
POC   46 TId: 0 ( I-SLICE, nQP 26 QP 26 )   10482904 bits [Y 99.9900 dB    U 99.9900 dB    V 99.9900 dB] [ET    18 ] [L0 ] [L1 ]
POC   47 TId: 0 ( I-SLICE, nQP 26 QP 26 )   10450264 bits [Y 99.9900 dB    U 99.9900 dB    V 99.9900 dB] [ET    18 ] [L0 ] [L1 ]
POC   48 TId: 0 ( I-SLICE, nQP 26 QP 26 )   10459408 bits [Y 99.9900 dB    U 99.9900 dB    V 99.9900 dB] [ET    18 ] [L0 ] [L1 ]
POC   49 TId: 0 ( I-SLICE, nQP 26 QP 26 )   10528752 bits [Y 99.9900 dB    U 99.9900 dB    V 99.9900 dB] [ET    18 ] [L0 ] [L1 ]
POC   50 TId: 0 ( I-SLICE, nQP 26 QP 26 )   10555984 bits [Y 99.9900 dB    U 99.9900 dB    V 99.9900 dB] [ET    18 ] [L0 ] [L1 ]
POC   51 TId: 0 ( I-SLICE, nQP 26 QP 26 )   10543760 bits [Y 99.9900 dB    U 99.9900 dB    V 99.9900 dB] [ET    18 ] [L0 ] [L1 ]
POC   52 TId: 0 ( I-SLICE, nQP 26 QP 26 )   10545096 bits [Y 99.9900 dB    U 99.9900 dB    V 99.9900 dB] [ET    18 ] [L0 ] [L1 ]
POC   53 TId: 0 ( I-SLICE, nQP 26 QP 26 )   10545304 bits [Y 99.9900 dB    U 99.9900 dB    V 99.9900 dB] [ET    18 ] [L0 ] [L1 ]
POC   54 TId: 0 ( I-SLICE, nQP 26 QP 26 )   10554552 bits [Y 99.9900 dB    U 99.9900 dB    V 99.9900 dB] [ET    18 ] [L0 ] [L1 ]
POC   55 TId: 0 ( I-SLICE, nQP 26 QP 26 )   10584104 bits [Y 99.9900 dB    U 99.9900 dB    V 99.9900 dB] [ET    18 ] [L0 ] [L1 ]
POC   56 TId: 0 ( I-SLICE, nQP 26 QP 26 )   10573040 bits [Y 99.9900 dB    U 99.9900 dB    V 99.9900 dB] [ET    18 ] [L0 ] [L1 ]
POC   57 TId: 0 ( I-SLICE, nQP 26 QP 26 )   10519080 bits [Y 99.9900 dB    U 99.9900 dB    V 99.9900 dB] [ET    18 ] [L0 ] [L1 ]
POC   58 TId: 0 ( I-SLICE, nQP 26 QP 26 )   10499600 bits [Y 99.9900 dB    U 99.9900 dB    V 99.9900 dB] [ET    18 ] [L0 ] [L1 ]
POC   59 TId: 0 ( I-SLICE, nQP 26 QP 26 )   10484560 bits [Y 99.9900 dB    U 99.9900 dB    V 99.9900 dB] [ET    18 ] [L0 ] [L1 ]
POC   60 TId: 0 ( I-SLICE, nQP 26 QP 26 )   10486712 bits [Y 99.9900 dB    U 99.9900 dB    V 99.9900 dB] [ET    18 ] [L0 ] [L1 ]
POC   61 TId: 0 ( I-SLICE, nQP 26 QP 26 )   10500928 bits [Y 99.9900 dB    U 99.9900 dB    V 99.9900 dB] [ET    18 ] [L0 ] [L1 ]
POC   62 TId: 0 ( I-SLICE, nQP 26 QP 26 )   10501560 bits [Y 99.9900 dB    U 99.9900 dB    V 99.9900 dB] [ET    18 ] [L0 ] [L1 ]
POC   63 TId: 0 ( I-SLICE, nQP 26 QP 26 )   10502152 bits [Y 99.9900 dB    U 99.9900 dB    V 99.9900 dB] [ET    18 ] [L0 ] [L1 ]
POC   64 TId: 0 ( I-SLICE, nQP 26 QP 26 )   10501416 bits [Y 99.9900 dB    U 99.9900 dB    V 99.9900 dB] [ET    18 ] [L0 ] [L1 ]
POC   65 TId: 0 ( I-SLICE, nQP 26 QP 26 )   10474480 bits [Y 99.9900 dB    U 99.9900 dB    V 99.9900 dB] [ET    18 ] [L0 ] [L1 ]
POC   66 TId: 0 ( I-SLICE, nQP 26 QP 26 )   10454184 bits [Y 99.9900 dB    U 99.9900 dB    V 99.9900 dB] [ET    18 ] [L0 ] [L1 ]
POC   67 TId: 0 ( I-SLICE, nQP 26 QP 26 )   10461160 bits [Y 99.9900 dB    U 99.9900 dB    V 99.9900 dB] [ET    18 ] [L0 ] [L1 ]
POC   68 TId: 0 ( I-SLICE, nQP 26 QP 26 )   10500112 bits [Y 99.9900 dB    U 99.9900 dB    V 99.9900 dB] [ET    18 ] [L0 ] [L1 ]
POC   69 TId: 0 ( I-SLICE, nQP 26 QP 26 )   10508824 bits [Y 99.9900 dB    U 99.9900 dB    V 99.9900 dB] [ET    18 ] [L0 ] [L1 ]
POC   70 TId: 0 ( I-SLICE, nQP 26 QP 26 )   10507392 bits [Y 99.9900 dB    U 99.9900 dB    V 99.9900 dB] [ET    18 ] [L0 ] [L1 ]
POC   71 TId: 0 ( I-SLICE, nQP 26 QP 26 )   10479616 bits [Y 99.9900 dB    U 99.9900 dB    V 99.9900 dB] [ET    18 ] [L0 ] [L1 ]
POC   72 TId: 0 ( I-SLICE, nQP 26 QP 26 )   10483488 bits [Y 99.9900 dB    U 99.9900 dB    V 99.9900 dB] [ET    18 ] [L0 ] [L1 ]
POC   73 TId: 0 ( I-SLICE, nQP 26 QP 26 )   10470408 bits [Y 99.9900 dB    U 99.9900 dB    V 99.9900 dB] [ET    18 ] [L0 ] [L1 ]
POC   74 TId: 0 ( I-SLICE, nQP 26 QP 26 )   10471904 bits [Y 99.9900 dB    U 99.9900 dB    V 99.9900 dB] [ET    18 ] [L0 ] [L1 ]
POC   75 TId: 0 ( I-SLICE, nQP 26 QP 26 )   10467352 bits [Y 99.9900 dB    U 99.9900 dB    V 99.9900 dB] [ET    18 ] [L0 ] [L1 ]
POC   76 TId: 0 ( I-SLICE, nQP 26 QP 26 )   10458192 bits [Y 99.9900 dB    U 99.9900 dB    V 99.9900 dB] [ET    18 ] [L0 ] [L1 ]
POC   77 TId: 0 ( I-SLICE, nQP 26 QP 26 )   10490424 bits [Y 99.9900 dB    U 99.9900 dB    V 99.9900 dB] [ET    18 ] [L0 ] [L1 ]
POC   78 TId: 0 ( I-SLICE, nQP 26 QP 26 )   10477592 bits [Y 99.9900 dB    U 99.9900 dB    V 99.9900 dB] [ET    18 ] [L0 ] [L1 ]
POC   79 TId: 0 ( I-SLICE, nQP 26 QP 26 )   10435272 bits [Y 99.9900 dB    U 99.9900 dB    V 99.9900 dB] [ET    18 ] [L0 ] [L1 ]
POC   80 TId: 0 ( I-SLICE, nQP 26 QP 26 )   10458424 bits [Y 99.9900 dB    U 99.9900 dB    V 99.9900 dB] [ET    18 ] [L0 ] [L1 ]
POC   81 TId: 0 ( I-SLICE, nQP 26 QP 26 )   10458784 bits [Y 99.9900 dB    U 99.9900 dB    V 99.9900 dB] [ET    18 ] [L0 ] [L1 ]
POC   82 TId: 0 ( I-SLICE, nQP 26 QP 26 )   10451896 bits [Y 99.9900 dB    U 99.9900 dB    V 99.9900 dB] [ET    18 ] [L0 ] [L1 ]
POC   83 TId: 0 ( I-SLICE, nQP 26 QP 26 )   10466488 bits [Y 99.9900 dB    U 99.9900 dB    V 99.9900 dB] [ET    18 ] [L0 ] [L1 ]
POC   84 TId: 0 ( I-SLICE, nQP 26 QP 26 )   10475584 bits [Y 99.9900 dB    U 99.9900 dB    V 99.9900 dB] [ET    18 ] [L0 ] [L1 ]
POC   85 TId: 0 ( I-SLICE, nQP 26 QP 26 )   10487608 bits [Y 99.9900 dB    U 99.9900 dB    V 99.9900 dB] [ET    18 ] [L0 ] [L1 ]
POC   86 TId: 0 ( I-SLICE, nQP 26 QP 26 )   10493656 bits [Y 99.9900 dB    U 99.9900 dB    V 99.9900 dB] [ET    18 ] [L0 ] [L1 ]
POC   87 TId: 0 ( I-SLICE, nQP 26 QP 26 )   10527936 bits [Y 99.9900 dB    U 99.9900 dB    V 99.9900 dB] [ET    18 ] [L0 ] [L1 ]
POC   88 TId: 0 ( I-SLICE, nQP 26 QP 26 )   10503480 bits [Y 99.9900 dB    U 99.9900 dB    V 99.9900 dB] [ET    18 ] [L0 ] [L1 ]
POC   89 TId: 0 ( I-SLICE, nQP 26 QP 26 )   10484768 bits [Y 99.9900 dB    U 99.9900 dB    V 99.9900 dB] [ET    18 ] [L0 ] [L1 ]
POC   90 TId: 0 ( I-SLICE, nQP 26 QP 26 )   10466008 bits [Y 99.9900 dB    U 99.9900 dB    V 99.9900 dB] [ET    18 ] [L0 ] [L1 ]
POC   91 TId: 0 ( I-SLICE, nQP 26 QP 26 )   10443472 bits [Y 99.9900 dB    U 99.9900 dB    V 99.9900 dB] [ET    18 ] [L0 ] [L1 ]
POC   92 TId: 0 ( I-SLICE, nQP 26 QP 26 )   10432416 bits [Y 99.9900 dB    U 99.9900 dB    V 99.9900 dB] [ET    18 ] [L0 ] [L1 ]
POC   93 TId: 0 ( I-SLICE, nQP 26 QP 26 )   10440792 bits [Y 99.9900 dB    U 99.9900 dB    V 99.9900 dB] [ET    18 ] [L0 ] [L1 ]
POC   94 TId: 0 ( I-SLICE, nQP 26 QP 26 )   10460992 bits [Y 99.9900 dB    U 99.9900 dB    V 99.9900 dB] [ET    18 ] [L0 ] [L1 ]
POC   95 TId: 0 ( I-SLICE, nQP 26 QP 26 )   10484872 bits [Y 99.9900 dB    U 99.9900 dB    V 99.9900 dB] [ET    18 ] [L0 ] [L1 ]
POC   96 TId: 0 ( I-SLICE, nQP 26 QP 26 )   10472864 bits [Y 99.9900 dB    U 99.9900 dB    V 99.9900 dB] [ET    18 ] [L0 ] [L1 ]
POC   97 TId: 0 ( I-SLICE, nQP 26 QP 26 )   10440176 bits [Y 99.9900 dB    U 99.9900 dB    V 99.9900 dB] [ET    18 ] [L0 ] [L1 ]
POC   98 TId: 0 ( I-SLICE, nQP 26 QP 26 )   10459032 bits [Y 99.9900 dB    U 99.9900 dB    V 99.9900 dB] [ET    18 ] [L0 ] [L1 ]
POC   99 TId: 0 ( I-SLICE, nQP 26 QP 26 )   10423584 bits [Y 99.9900 dB    U 99.9900 dB    V 99.9900 dB] [ET    18 ] [L0 ] [L1 ]
POC  100 TId: 0 ( I-SLICE, nQP 26 QP 26 )   10419640 bits [Y 99.9900 dB    U 99.9900 dB    V 99.9900 dB] [ET    18 ] [L0 ] [L1 ]
POC  101 TId: 0 ( I-SLICE, nQP 26 QP 26 )   10451872 bits [Y 99.9900 dB    U 99.9900 dB    V 99.9900 dB] [ET    18 ] [L0 ] [L1 ]
POC  102 TId: 0 ( I-SLICE, nQP 26 QP 26 )   10453448 bits [Y 99.9900 dB    U 99.9900 dB    V 99.9900 dB] [ET    18 ] [L0 ] [L1 ]
POC  103 TId: 0 ( I-SLICE, nQP 26 QP 26 )   10459696 bits [Y 99.9900 dB    U 99.9900 dB    V 99.9900 dB] [ET    18 ] [L0 ] [L1 ]
POC  104 TId: 0 ( I-SLICE, nQP 26 QP 26 )   10448528 bits [Y 99.9900 dB    U 99.9900 dB    V 99.9900 dB] [ET    18 ] [L0 ] [L1 ]
POC  105 TId: 0 ( I-SLICE, nQP 26 QP 26 )   10432416 bits [Y 99.9900 dB    U 99.9900 dB    V 99.9900 dB] [ET    18 ] [L0 ] [L1 ]
POC  106 TId: 0 ( I-SLICE, nQP 26 QP 26 )   10418048 bits [Y 99.9900 dB    U 99.9900 dB    V 99.9900 dB] [ET    18 ] [L0 ] [L1 ]
POC  107 TId: 0 ( I-SLICE, nQP 26 QP 26 )   10435816 bits [Y 99.9900 dB    U 99.9900 dB    V 99.9900 dB] [ET    18 ] [L0 ] [L1 ]
POC  108 TId: 0 ( I-SLICE, nQP 26 QP 26 )   10449072 bits [Y 99.9900 dB    U 99.9900 dB    V 99.9900 dB] [ET    17 ] [L0 ] [L1 ]
POC  109 TId: 0 ( I-SLICE, nQP 26 QP 26 )   10459024 bits [Y 99.9900 dB    U 99.9900 dB    V 99.9900 dB] [ET    18 ] [L0 ] [L1 ]
POC  110 TId: 0 ( I-SLICE, nQP 26 QP 26 )   10420592 bits [Y 99.9900 dB    U 99.9900 dB    V 99.9900 dB] [ET    18 ] [L0 ] [L1 ]
POC  111 TId: 0 ( I-SLICE, nQP 26 QP 26 )   10391760 bits [Y 99.9900 dB    U 99.9900 dB    V 99.9900 dB] [ET    18 ] [L0 ] [L1 ]
POC  112 TId: 0 ( I-SLICE, nQP 26 QP 26 )   10398208 bits [Y 99.9900 dB    U 99.9900 dB    V 99.9900 dB] [ET    18 ] [L0 ] [L1 ]
POC  113 TId: 0 ( I-SLICE, nQP 26 QP 26 )   10377952 bits [Y 99.9900 dB    U 99.9900 dB    V 99.9900 dB] [ET    18 ] [L0 ] [L1 ]
POC  114 TId: 0 ( I-SLICE, nQP 26 QP 26 )   10399184 bits [Y 99.9900 dB    U 99.9900 dB    V 99.9900 dB] [ET    18 ] [L0 ] [L1 ]
POC  115 TId: 0 ( I-SLICE, nQP 26 QP 26 )   10391912 bits [Y 99.9900 dB    U 99.9900 dB    V 99.9900 dB] [ET    18 ] [L0 ] [L1 ]
POC  116 TId: 0 ( I-SLICE, nQP 26 QP 26 )   10390112 bits [Y 99.9900 dB    U 99.9900 dB    V 99.9900 dB] [ET    18 ] [L0 ] [L1 ]
POC  117 TId: 0 ( I-SLICE, nQP 26 QP 26 )   10395272 bits [Y 99.9900 dB    U 99.9900 dB    V 99.9900 dB] [ET    18 ] [L0 ] [L1 ]
POC  118 TId: 0 ( I-SLICE, nQP 26 QP 26 )   10408960 bits [Y 99.9900 dB    U 99.9900 dB    V 99.9900 dB] [ET    18 ] [L0 ] [L1 ]
POC  119 TId: 0 ( I-SLICE, nQP 26 QP 26 )   10389328 bits [Y 99.9900 dB    U 99.9900 dB    V 99.9900 dB] [ET    18 ] [L0 ] [L1 ]
POC  120 TId: 0 ( I-SLICE, nQP 26 QP 26 )   10390272 bits [Y 99.9900 dB    U 99.9900 dB    V 99.9900 dB] [ET    18 ] [L0 ] [L1 ]
POC  121 TId: 0 ( I-SLICE, nQP 26 QP 26 )   10364608 bits [Y 99.9900 dB    U 99.9900 dB    V 99.9900 dB] [ET    18 ] [L0 ] [L1 ]
POC  122 TId: 0 ( I-SLICE, nQP 26 QP 26 )   10348368 bits [Y 99.9900 dB    U 99.9900 dB    V 99.9900 dB] [ET    18 ] [L0 ] [L1 ]
POC  123 TId: 0 ( I-SLICE, nQP 26 QP 26 )   10351880 bits [Y 99.9900 dB    U 99.9900 dB    V 99.9900 dB] [ET    18 ] [L0 ] [L1 ]
POC  124 TId: 0 ( I-SLICE, nQP 26 QP 26 )   10337464 bits [Y 99.9900 dB    U 99.9900 dB    V 99.9900 dB] [ET    18 ] [L0 ] [L1 ]
POC  125 TId: 0 ( I-SLICE, nQP 26 QP 26 )   10339296 bits [Y 99.9900 dB    U 99.9900 dB    V 99.9900 dB] [ET    18 ] [L0 ] [L1 ]
POC  126 TId: 0 ( I-SLICE, nQP 26 QP 26 )   10347816 bits [Y 99.9900 dB    U 99.9900 dB    V 99.9900 dB] [ET    18 ] [L0 ] [L1 ]
POC  127 TId: 0 ( I-SLICE, nQP 26 QP 26 )   10377616 bits [Y 99.9900 dB    U 99.9900 dB    V 99.9900 dB] [ET    18 ] [L0 ] [L1 ]
POC  128 TId: 0 ( I-SLICE, nQP 26 QP 26 )   10399552 bits [Y 99.9900 dB    U 99.9900 dB    V 99.9900 dB] [ET    18 ] [L0 ] [L1 ]
POC  129 TId: 0 ( I-SLICE, nQP 26 QP 26 )   10406360 bits [Y 99.9900 dB    U 99.9900 dB    V 99.9900 dB] [ET    18 ] [L0 ] [L1 ]
POC  130 TId: 0 ( I-SLICE, nQP 26 QP 26 )   10408336 bits [Y 99.9900 dB    U 99.9900 dB    V 99.9900 dB] [ET    18 ] [L0 ] [L1 ]
POC  131 TId: 0 ( I-SLICE, nQP 26 QP 26 )   10402648 bits [Y 99.9900 dB    U 99.9900 dB    V 99.9900 dB] [ET    18 ] [L0 ] [L1 ]
POC  132 TId: 0 ( I-SLICE, nQP 26 QP 26 )   10407328 bits [Y 99.9900 dB    U 99.9900 dB    V 99.9900 dB] [ET    18 ] [L0 ] [L1 ]
POC  133 TId: 0 ( I-SLICE, nQP 26 QP 26 )   10399584 bits [Y 99.9900 dB    U 99.9900 dB    V 99.9900 dB] [ET    18 ] [L0 ] [L1 ]
POC  134 TId: 0 ( I-SLICE, nQP 26 QP 26 )   10390616 bits [Y 99.9900 dB    U 99.9900 dB    V 99.9900 dB] [ET    18 ] [L0 ] [L1 ]
POC  135 TId: 0 ( I-SLICE, nQP 26 QP 26 )   10378808 bits [Y 99.9900 dB    U 99.9900 dB    V 99.9900 dB] [ET    18 ] [L0 ] [L1 ]
POC  136 TId: 0 ( I-SLICE, nQP 26 QP 26 )   10343408 bits [Y 99.9900 dB    U 99.9900 dB    V 99.9900 dB] [ET    18 ] [L0 ] [L1 ]
POC  137 TId: 0 ( I-SLICE, nQP 26 QP 26 )   10342936 bits [Y 99.9900 dB    U 99.9900 dB    V 99.9900 dB] [ET    18 ] [L0 ] [L1 ]
POC  138 TId: 0 ( I-SLICE, nQP 26 QP 26 )   10352248 bits [Y 99.9900 dB    U 99.9900 dB    V 99.9900 dB] [ET    18 ] [L0 ] [L1 ]
POC  139 TId: 0 ( I-SLICE, nQP 26 QP 26 )   10325456 bits [Y 99.9900 dB    U 99.9900 dB    V 99.9900 dB] [ET    18 ] [L0 ] [L1 ]
POC  140 TId: 0 ( I-SLICE, nQP 26 QP 26 )   11133712 bits [Y 99.9900 dB    U 99.9900 dB    V 99.9900 dB] [ET    17 ] [L0 ] [L1 ]
POC  141 TId: 0 ( I-SLICE, nQP 26 QP 26 )   11134080 bits [Y 99.9900 dB    U 99.9900 dB    V 99.9900 dB] [ET    17 ] [L0 ] [L1 ]
POC  142 TId: 0 ( I-SLICE, nQP 26 QP 26 )   11128056 bits [Y 99.9900 dB    U 99.9900 dB    V 99.9900 dB] [ET    17 ] [L0 ] [L1 ]
POC  143 TId: 0 ( I-SLICE, nQP 26 QP 26 )   11128640 bits [Y 99.9900 dB    U 99.9900 dB    V 99.9900 dB] [ET    18 ] [L0 ] [L1 ]
POC  144 TId: 0 ( I-SLICE, nQP 26 QP 26 )   11120664 bits [Y 99.9900 dB    U 99.9900 dB    V 99.9900 dB] [ET    18 ] [L0 ] [L1 ]
POC  145 TId: 0 ( I-SLICE, nQP 26 QP 26 )   11125192 bits [Y 99.9900 dB    U 99.9900 dB    V 99.9900 dB] [ET    18 ] [L0 ] [L1 ]
POC  146 TId: 0 ( I-SLICE, nQP 26 QP 26 )   11124920 bits [Y 99.9900 dB    U 99.9900 dB    V 99.9900 dB] [ET    17 ] [L0 ] [L1 ]
POC  147 TId: 0 ( I-SLICE, nQP 26 QP 26 )   11127568 bits [Y 99.9900 dB    U 99.9900 dB    V 99.9900 dB] [ET    17 ] [L0 ] [L1 ]
POC  148 TId: 0 ( I-SLICE, nQP 26 QP 26 )   11125696 bits [Y 99.9900 dB    U 99.9900 dB    V 99.9900 dB] [ET    17 ] [L0 ] [L1 ]
POC  149 TId: 0 ( I-SLICE, nQP 26 QP 26 )   11109888 bits [Y 99.9900 dB    U 99.9900 dB    V 99.9900 dB] [ET    17 ] [L0 ] [L1 ]
POC  150 TId: 0 ( I-SLICE, nQP 26 QP 26 )   11108576 bits [Y 99.9900 dB    U 99.9900 dB    V 99.9900 dB] [ET    17 ] [L0 ] [L1 ]
POC  151 TId: 0 ( I-SLICE, nQP 26 QP 26 )   11108640 bits [Y 99.9900 dB    U 99.9900 dB    V 99.9900 dB] [ET    17 ] [L0 ] [L1 ]
POC  152 TId: 0 ( I-SLICE, nQP 26 QP 26 )   11106992 bits [Y 99.9900 dB    U 99.9900 dB    V 99.9900 dB] [ET    17 ] [L0 ] [L1 ]
POC  153 TId: 0 ( I-SLICE, nQP 26 QP 26 )   11104840 bits [Y 99.9900 dB    U 99.9900 dB    V 99.9900 dB] [ET    17 ] [L0 ] [L1 ]
POC  154 TId: 0 ( I-SLICE, nQP 26 QP 26 )   11108616 bits [Y 99.9900 dB    U 99.9900 dB    V 99.9900 dB] [ET    18 ] [L0 ] [L1 ]
POC  155 TId: 0 ( I-SLICE, nQP 26 QP 26 )   11111112 bits [Y 99.9900 dB    U 99.9900 dB    V 99.9900 dB] [ET    17 ] [L0 ] [L1 ]
POC  156 TId: 0 ( I-SLICE, nQP 26 QP 26 )   11114104 bits [Y 99.9900 dB    U 99.9900 dB    V 99.9900 dB] [ET    17 ] [L0 ] [L1 ]
POC  157 TId: 0 ( I-SLICE, nQP 26 QP 26 )   11112792 bits [Y 99.9900 dB    U 99.9900 dB    V 99.9900 dB] [ET    17 ] [L0 ] [L1 ]
POC  158 TId: 0 ( I-SLICE, nQP 26 QP 26 )   11117584 bits [Y 99.9900 dB    U 99.9900 dB    V 99.9900 dB] [ET    18 ] [L0 ] [L1 ]
POC  159 TId: 0 ( I-SLICE, nQP 26 QP 26 )   11108712 bits [Y 99.9900 dB    U 99.9900 dB    V 99.9900 dB] [ET    18 ] [L0 ] [L1 ]
POC  160 TId: 0 ( I-SLICE, nQP 26 QP 26 )   11110360 bits [Y 99.9900 dB    U 99.9900 dB    V 99.9900 dB] [ET    17 ] [L0 ] [L1 ]
POC  161 TId: 0 ( I-SLICE, nQP 26 QP 26 )   11112512 bits [Y 99.9900 dB    U 99.9900 dB    V 99.9900 dB] [ET    17 ] [L0 ] [L1 ]
POC  162 TId: 0 ( I-SLICE, nQP 26 QP 26 )   11108992 bits [Y 99.9900 dB    U 99.9900 dB    V 99.9900 dB] [ET    18 ] [L0 ] [L1 ]
POC  163 TId: 0 ( I-SLICE, nQP 26 QP 26 )   11092808 bits [Y 99.9900 dB    U 99.9900 dB    V 99.9900 dB] [ET    17 ] [L0 ] [L1 ]
POC  164 TId: 0 ( I-SLICE, nQP 26 QP 26 )   11090632 bits [Y 99.9900 dB    U 99.9900 dB    V 99.9900 dB] [ET    17 ] [L0 ] [L1 ]
POC  165 TId: 0 ( I-SLICE, nQP 26 QP 26 )   11097704 bits [Y 99.9900 dB    U 99.9900 dB    V 99.9900 dB] [ET    17 ] [L0 ] [L1 ]
POC  166 TId: 0 ( I-SLICE, nQP 26 QP 26 )   11090928 bits [Y 99.9900 dB    U 99.9900 dB    V 99.9900 dB] [ET    17 ] [L0 ] [L1 ]
POC  167 TId: 0 ( I-SLICE, nQP 26 QP 26 )   11086896 bits [Y 99.9900 dB    U 99.9900 dB    V 99.9900 dB] [ET    17 ] [L0 ] [L1 ]
POC  168 TId: 0 ( I-SLICE, nQP 26 QP 26 )   11088944 bits [Y 99.9900 dB    U 99.9900 dB    V 99.9900 dB] [ET    17 ] [L0 ] [L1 ]
POC  169 TId: 0 ( I-SLICE, nQP 26 QP 26 )   11094832 bits [Y 99.9900 dB    U 99.9900 dB    V 99.9900 dB] [ET    17 ] [L0 ] [L1 ]
POC  170 TId: 0 ( I-SLICE, nQP 26 QP 26 )   11088368 bits [Y 99.9900 dB    U 99.9900 dB    V 99.9900 dB] [ET    18 ] [L0 ] [L1 ]
POC  171 TId: 0 ( I-SLICE, nQP 26 QP 26 )   11081784 bits [Y 99.9900 dB    U 99.9900 dB    V 99.9900 dB] [ET    17 ] [L0 ] [L1 ]
POC  172 TId: 0 ( I-SLICE, nQP 26 QP 26 )   11068296 bits [Y 99.9900 dB    U 99.9900 dB    V 99.9900 dB] [ET    17 ] [L0 ] [L1 ]
POC  173 TId: 0 ( I-SLICE, nQP 26 QP 26 )   11066368 bits [Y 99.9900 dB    U 99.9900 dB    V 99.9900 dB] [ET    17 ] [L0 ] [L1 ]
POC  174 TId: 0 ( I-SLICE, nQP 26 QP 26 )   11062184 bits [Y 99.9900 dB    U 99.9900 dB    V 99.9900 dB] [ET    17 ] [L0 ] [L1 ]
POC  175 TId: 0 ( I-SLICE, nQP 26 QP 26 )   11062936 bits [Y 99.9900 dB    U 99.9900 dB    V 99.9900 dB] [ET    17 ] [L0 ] [L1 ]
POC  176 TId: 0 ( I-SLICE, nQP 26 QP 26 )   11056080 bits [Y 99.9900 dB    U 99.9900 dB    V 99.9900 dB] [ET    17 ] [L0 ] [L1 ]
POC  177 TId: 0 ( I-SLICE, nQP 26 QP 26 )   11049616 bits [Y 99.9900 dB    U 99.9900 dB    V 99.9900 dB] [ET    18 ] [L0 ] [L1 ]
POC  178 TId: 0 ( I-SLICE, nQP 26 QP 26 )   11046304 bits [Y 99.9900 dB    U 99.9900 dB    V 99.9900 dB] [ET    17 ] [L0 ] [L1 ]
POC  179 TId: 0 ( I-SLICE, nQP 26 QP 26 )   11035320 bits [Y 99.9900 dB    U 99.9900 dB    V 99.9900 dB] [ET    17 ] [L0 ] [L1 ]
POC  180 TId: 0 ( I-SLICE, nQP 26 QP 26 )   11035824 bits [Y 99.9900 dB    U 99.9900 dB    V 99.9900 dB] [ET    17 ] [L0 ] [L1 ]
POC  181 TId: 0 ( I-SLICE, nQP 26 QP 26 )   11030208 bits [Y 99.9900 dB    U 99.9900 dB    V 99.9900 dB] [ET    17 ] [L0 ] [L1 ]
POC  182 TId: 0 ( I-SLICE, nQP 26 QP 26 )   11035984 bits [Y 99.9900 dB    U 99.9900 dB    V 99.9900 dB] [ET    17 ] [L0 ] [L1 ]
POC  183 TId: 0 ( I-SLICE, nQP 26 QP 26 )   11034032 bits [Y 99.9900 dB    U 99.9900 dB    V 99.9900 dB] [ET    17 ] [L0 ] [L1 ]
POC  184 TId: 0 ( I-SLICE, nQP 26 QP 26 )   11023872 bits [Y 99.9900 dB    U 99.9900 dB    V 99.9900 dB] [ET    17 ] [L0 ] [L1 ]
POC  185 TId: 0 ( I-SLICE, nQP 26 QP 26 )   11015856 bits [Y 99.9900 dB    U 99.9900 dB    V 99.9900 dB] [ET    17 ] [L0 ] [L1 ]
POC  186 TId: 0 ( I-SLICE, nQP 26 QP 26 )   11014808 bits [Y 99.9900 dB    U 99.9900 dB    V 99.9900 dB] [ET    17 ] [L0 ] [L1 ]
POC  187 TId: 0 ( I-SLICE, nQP 26 QP 26 )   11019424 bits [Y 99.9900 dB    U 99.9900 dB    V 99.9900 dB] [ET    17 ] [L0 ] [L1 ]
POC  188 TId: 0 ( I-SLICE, nQP 26 QP 26 )   11014816 bits [Y 99.9900 dB    U 99.9900 dB    V 99.9900 dB] [ET    17 ] [L0 ] [L1 ]
POC  189 TId: 0 ( I-SLICE, nQP 26 QP 26 )   11019112 bits [Y 99.9900 dB    U 99.9900 dB    V 99.9900 dB] [ET    17 ] [L0 ] [L1 ]
POC  190 TId: 0 ( I-SLICE, nQP 26 QP 26 )   11016192 bits [Y 99.9900 dB    U 99.9900 dB    V 99.9900 dB] [ET    17 ] [L0 ] [L1 ]
POC  191 TId: 0 ( I-SLICE, nQP 26 QP 26 )   11020184 bits [Y 99.9900 dB    U 99.9900 dB    V 99.9900 dB] [ET    18 ] [L0 ] [L1 ]
POC  192 TId: 0 ( I-SLICE, nQP 26 QP 26 )   11013648 bits [Y 99.9900 dB    U 99.9900 dB    V 99.9900 dB] [ET    17 ] [L0 ] [L1 ]
POC  193 TId: 0 ( I-SLICE, nQP 26 QP 26 )   11012376 bits [Y 99.9900 dB    U 99.9900 dB    V 99.9900 dB] [ET    18 ] [L0 ] [L1 ]
POC  194 TId: 0 ( I-SLICE, nQP 26 QP 26 )   11017208 bits [Y 99.9900 dB    U 99.9900 dB    V 99.9900 dB] [ET    18 ] [L0 ] [L1 ]
POC  195 TId: 0 ( I-SLICE, nQP 26 QP 26 )   11012920 bits [Y 99.9900 dB    U 99.9900 dB    V 99.9900 dB] [ET    17 ] [L0 ] [L1 ]
POC  196 TId: 0 ( I-SLICE, nQP 26 QP 26 )   11012464 bits [Y 99.9900 dB    U 99.9900 dB    V 99.9900 dB] [ET    17 ] [L0 ] [L1 ]
POC  197 TId: 0 ( I-SLICE, nQP 26 QP 26 )   11012744 bits [Y 99.9900 dB    U 99.9900 dB    V 99.9900 dB] [ET    17 ] [L0 ] [L1 ]
POC  198 TId: 0 ( I-SLICE, nQP 26 QP 26 )   11008640 bits [Y 99.9900 dB    U 99.9900 dB    V 99.9900 dB] [ET    17 ] [L0 ] [L1 ]
POC  199 TId: 0 ( I-SLICE, nQP 26 QP 26 )   11000136 bits [Y 99.9900 dB    U 99.9900 dB    V 99.9900 dB] [ET    17 ] [L0 ] [L1 ]
POC  200 TId: 0 ( I-SLICE, nQP 26 QP 26 )   11012144 bits [Y 99.9900 dB    U 99.9900 dB    V 99.9900 dB] [ET    17 ] [L0 ] [L1 ]
POC  201 TId: 0 ( I-SLICE, nQP 26 QP 26 )   10997584 bits [Y 99.9900 dB    U 99.9900 dB    V 99.9900 dB] [ET    17 ] [L0 ] [L1 ]
POC  202 TId: 0 ( I-SLICE, nQP 26 QP 26 )   10994144 bits [Y 99.9900 dB    U 99.9900 dB    V 99.9900 dB] [ET    17 ] [L0 ] [L1 ]
POC  203 TId: 0 ( I-SLICE, nQP 26 QP 26 )   10985256 bits [Y 99.9900 dB    U 99.9900 dB    V 99.9900 dB] [ET    17 ] [L0 ] [L1 ]
POC  204 TId: 0 ( I-SLICE, nQP 26 QP 26 )   10978976 bits [Y 99.9900 dB    U 99.9900 dB    V 99.9900 dB] [ET    17 ] [L0 ] [L1 ]
POC  205 TId: 0 ( I-SLICE, nQP 26 QP 26 )   10976088 bits [Y 99.9900 dB    U 99.9900 dB    V 99.9900 dB] [ET    17 ] [L0 ] [L1 ]
POC  206 TId: 0 ( I-SLICE, nQP 26 QP 26 )   10976096 bits [Y 99.9900 dB    U 99.9900 dB    V 99.9900 dB] [ET    17 ] [L0 ] [L1 ]
POC  207 TId: 0 ( I-SLICE, nQP 26 QP 26 )   10973152 bits [Y 99.9900 dB    U 99.9900 dB    V 99.9900 dB] [ET    17 ] [L0 ] [L1 ]
POC  208 TId: 0 ( I-SLICE, nQP 26 QP 26 )   10958432 bits [Y 99.9900 dB    U 99.9900 dB    V 99.9900 dB] [ET    17 ] [L0 ] [L1 ]
POC  209 TId: 0 ( I-SLICE, nQP 26 QP 26 )   10949000 bits [Y 99.9900 dB    U 99.9900 dB    V 99.9900 dB] [ET    17 ] [L0 ] [L1 ]
POC  210 TId: 0 ( I-SLICE, nQP 26 QP 26 )   10949896 bits [Y 99.9900 dB    U 99.9900 dB    V 99.9900 dB] [ET    17 ] [L0 ] [L1 ]
POC  211 TId: 0 ( I-SLICE, nQP 26 QP 26 )   10944008 bits [Y 99.9900 dB    U 99.9900 dB    V 99.9900 dB] [ET    17 ] [L0 ] [L1 ]
POC  212 TId: 0 ( I-SLICE, nQP 26 QP 26 )   10935696 bits [Y 99.9900 dB    U 99.9900 dB    V 99.9900 dB] [ET    17 ] [L0 ] [L1 ]
POC  213 TId: 0 ( I-SLICE, nQP 26 QP 26 )   10939840 bits [Y 99.9900 dB    U 99.9900 dB    V 99.9900 dB] [ET    17 ] [L0 ] [L1 ]
POC  214 TId: 0 ( I-SLICE, nQP 26 QP 26 )   10926296 bits [Y 99.9900 dB    U 99.9900 dB    V 99.9900 dB] [ET    17 ] [L0 ] [L1 ]
POC  215 TId: 0 ( I-SLICE, nQP 26 QP 26 )   10923784 bits [Y 99.9900 dB    U 99.9900 dB    V 99.9900 dB] [ET    17 ] [L0 ] [L1 ]
POC  216 TId: 0 ( I-SLICE, nQP 26 QP 26 )   10915592 bits [Y 99.9900 dB    U 99.9900 dB    V 99.9900 dB] [ET    17 ] [L0 ] [L1 ]
POC  217 TId: 0 ( I-SLICE, nQP 26 QP 26 )   10918792 bits [Y 99.9900 dB    U 99.9900 dB    V 99.9900 dB] [ET    17 ] [L0 ] [L1 ]
POC  218 TId: 0 ( I-SLICE, nQP 26 QP 26 )   10912064 bits [Y 99.9900 dB    U 99.9900 dB    V 99.9900 dB] [ET    17 ] [L0 ] [L1 ]
POC  219 TId: 0 ( I-SLICE, nQP 26 QP 26 )   10907840 bits [Y 99.9900 dB    U 99.9900 dB    V 99.9900 dB] [ET    17 ] [L0 ] [L1 ]
POC  220 TId: 0 ( I-SLICE, nQP 26 QP 26 )   10906240 bits [Y 99.9900 dB    U 99.9900 dB    V 99.9900 dB] [ET    17 ] [L0 ] [L1 ]
POC  221 TId: 0 ( I-SLICE, nQP 26 QP 26 )   10906144 bits [Y 99.9900 dB    U 99.9900 dB    V 99.9900 dB] [ET    17 ] [L0 ] [L1 ]
POC  222 TId: 0 ( I-SLICE, nQP 26 QP 26 )   10896696 bits [Y 99.9900 dB    U 99.9900 dB    V 99.9900 dB] [ET    18 ] [L0 ] [L1 ]
POC  223 TId: 0 ( I-SLICE, nQP 26 QP 26 )   10899680 bits [Y 99.9900 dB    U 99.9900 dB    V 99.9900 dB] [ET    17 ] [L0 ] [L1 ]
POC  224 TId: 0 ( I-SLICE, nQP 26 QP 26 )   10894488 bits [Y 99.9900 dB    U 99.9900 dB    V 99.9900 dB] [ET    17 ] [L0 ] [L1 ]
POC  225 TId: 0 ( I-SLICE, nQP 26 QP 26 )   10890984 bits [Y 99.9900 dB    U 99.9900 dB    V 99.9900 dB] [ET    17 ] [L0 ] [L1 ]
POC  226 TId: 0 ( I-SLICE, nQP 26 QP 26 )   10887080 bits [Y 99.9900 dB    U 99.9900 dB    V 99.9900 dB] [ET    17 ] [L0 ] [L1 ]
POC  227 TId: 0 ( I-SLICE, nQP 26 QP 26 )   10882160 bits [Y 99.9900 dB    U 99.9900 dB    V 99.9900 dB] [ET    17 ] [L0 ] [L1 ]
POC  228 TId: 0 ( I-SLICE, nQP 26 QP 26 )   10868368 bits [Y 99.9900 dB    U 99.9900 dB    V 99.9900 dB] [ET    17 ] [L0 ] [L1 ]
POC  229 TId: 0 ( I-SLICE, nQP 26 QP 26 )   10870144 bits [Y 99.9900 dB    U 99.9900 dB    V 99.9900 dB] [ET    17 ] [L0 ] [L1 ]
POC  230 TId: 0 ( I-SLICE, nQP 26 QP 26 )   10864152 bits [Y 99.9900 dB    U 99.9900 dB    V 99.9900 dB] [ET    17 ] [L0 ] [L1 ]
POC  231 TId: 0 ( I-SLICE, nQP 26 QP 26 )   10864880 bits [Y 99.9900 dB    U 99.9900 dB    V 99.9900 dB] [ET    17 ] [L0 ] [L1 ]
POC  232 TId: 0 ( I-SLICE, nQP 26 QP 26 )   10861656 bits [Y 99.9900 dB    U 99.9900 dB    V 99.9900 dB] [ET    17 ] [L0 ] [L1 ]
POC  233 TId: 0 ( I-SLICE, nQP 26 QP 26 )   10857216 bits [Y 99.9900 dB    U 99.9900 dB    V 99.9900 dB] [ET    17 ] [L0 ] [L1 ]
POC  234 TId: 0 ( I-SLICE, nQP 26 QP 26 )   10856224 bits [Y 99.9900 dB    U 99.9900 dB    V 99.9900 dB] [ET    17 ] [L0 ] [L1 ]
POC  235 TId: 0 ( I-SLICE, nQP 26 QP 26 )   10852528 bits [Y 99.9900 dB    U 99.9900 dB    V 99.9900 dB] [ET    17 ] [L0 ] [L1 ]
POC  236 TId: 0 ( I-SLICE, nQP 26 QP 26 )   10853352 bits [Y 99.9900 dB    U 99.9900 dB    V 99.9900 dB] [ET    17 ] [L0 ] [L1 ]
POC  237 TId: 0 ( I-SLICE, nQP 26 QP 26 )   10855776 bits [Y 99.9900 dB    U 99.9900 dB    V 99.9900 dB] [ET    17 ] [L0 ] [L1 ]
POC  238 TId: 0 ( I-SLICE, nQP 26 QP 26 )   10853072 bits [Y 99.9900 dB    U 99.9900 dB    V 99.9900 dB] [ET    17 ] [L0 ] [L1 ]
POC  239 TId: 0 ( I-SLICE, nQP 26 QP 26 )   10856240 bits [Y 99.9900 dB    U 99.9900 dB    V 99.9900 dB] [ET    17 ] [L0 ] [L1 ]


SUMMARY --------------------------------------------------------
	Total Frames |  Bitrate    Y-PSNR    U-PSNR    V-PSNR 
	      240    a 256796.9232   99.9900   99.9900   99.9900


I Slices--------------------------------------------------------
	Total Frames |  Bitrate    Y-PSNR    U-PSNR    V-PSNR 
	      240    i 256796.9232   99.9900   99.9900   99.9900


P Slices--------------------------------------------------------
	Total Frames |  Bitrate    Y-PSNR    U-PSNR    V-PSNR 
	        0    p        -nan      -nan      -nan      -nan


B Slices--------------------------------------------------------
	Total Frames |  Bitrate    Y-PSNR    U-PSNR    V-PSNR 
	        0    b        -nan      -nan      -nan      -nan

RVM: 0.000
Bytes written to file: 320997125 (256797.700 kbps)

 Total Time:     4224.094 sec.
