
HM software: Encoder Version [15.0][Linux][GCC 4.8.5][64 bit] 

Input          File          : ../../HEVC_test_sequence/ClassA/PeopleOnStreet_2560x1600_30_crop.yuv
Bitstream      File          : PeopleOnStreet.bin
Reconstruction File          : PeopleOnStreet.yuv
Real     Format              : 2560x1600 30Hz
Internal Format              : 2560x1600 30Hz
Frame/Field                  : Frame based coding
Frame index                  : 0 - 149 (150 frames)
CU size / depth              : 64 / 4
RQT trans. size (min / max)  : 4 / 32
Max RQT depth inter          : 3
Max RQT depth intra          : 3
Min PCM size                 : 8
Motion search range          : 64
Intra period                 : 1
Decoding refresh type        : 0
QP                           : 26.00
Max dQP signaling depth      : 0
Cb QP Offset                 : 0
Cr QP Offset                 : 0
QP adaptation                : 0 (range=0)
GOP size                     : 1
Internal bit depth           : (Y:8, C:8)
PCM sample bit depth         : (Y:8, C:8)
RateControl                  : 0
Max Num Merge Candidates     : 5

TOOL CFG: IBD:0 HAD:0 RDQ:0 RDQTS:0 RDpenalty:0 SQP:0 ASR:0 FEN:0 ECU:0 FDM:0 CFM:0 ESD:0 RQT:1 TransformSkip:0 TransformSkipFast:0 Slice: M=0 SliceSegment: M=0 CIP:0 SAO:0 PCM:0 TransQuantBypassEnabled: =1 WPP:0 WPB:0 PME:2  WaveFrontSynchro:0 WaveFrontSubstreams:1 ScalingList:0 TMVPMode:1 AQpS:0 SignBitHidingFlag:1 RecalQP:0

POC    0 TId: 0 ( I-SLICE, nQP 26 QP 26 )   19520424 bits [Y 99.9900 dB    U 99.9900 dB    V 99.9900 dB] [ET    36 ] [L0 ] [L1 ]
POC    1 TId: 0 ( I-SLICE, nQP 26 QP 26 )   19534400 bits [Y 99.9900 dB    U 99.9900 dB    V 99.9900 dB] [ET    36 ] [L0 ] [L1 ]
POC    2 TId: 0 ( I-SLICE, nQP 26 QP 26 )   19511720 bits [Y 99.9900 dB    U 99.9900 dB    V 99.9900 dB] [ET    36 ] [L0 ] [L1 ]
POC    3 TId: 0 ( I-SLICE, nQP 26 QP 26 )   19523392 bits [Y 99.9900 dB    U 99.9900 dB    V 99.9900 dB] [ET    36 ] [L0 ] [L1 ]
POC    4 TId: 0 ( I-SLICE, nQP 26 QP 26 )   19519136 bits [Y 99.9900 dB    U 99.9900 dB    V 99.9900 dB] [ET    35 ] [L0 ] [L1 ]
POC    5 TId: 0 ( I-SLICE, nQP 26 QP 26 )   19543872 bits [Y 99.9900 dB    U 99.9900 dB    V 99.9900 dB] [ET    35 ] [L0 ] [L1 ]
POC    6 TId: 0 ( I-SLICE, nQP 26 QP 26 )   19547592 bits [Y 99.9900 dB    U 99.9900 dB    V 99.9900 dB] [ET    36 ] [L0 ] [L1 ]
POC    7 TId: 0 ( I-SLICE, nQP 26 QP 26 )   19548688 bits [Y 99.9900 dB    U 99.9900 dB    V 99.9900 dB] [ET    35 ] [L0 ] [L1 ]
POC    8 TId: 0 ( I-SLICE, nQP 26 QP 26 )   19559608 bits [Y 99.9900 dB    U 99.9900 dB    V 99.9900 dB] [ET    35 ] [L0 ] [L1 ]
POC    9 TId: 0 ( I-SLICE, nQP 26 QP 26 )   19575936 bits [Y 99.9900 dB    U 99.9900 dB    V 99.9900 dB] [ET    35 ] [L0 ] [L1 ]
POC   10 TId: 0 ( I-SLICE, nQP 26 QP 26 )   19572800 bits [Y 99.9900 dB    U 99.9900 dB    V 99.9900 dB] [ET    36 ] [L0 ] [L1 ]
POC   11 TId: 0 ( I-SLICE, nQP 26 QP 26 )   19551640 bits [Y 99.9900 dB    U 99.9900 dB    V 99.9900 dB] [ET    35 ] [L0 ] [L1 ]
POC   12 TId: 0 ( I-SLICE, nQP 26 QP 26 )   19560104 bits [Y 99.9900 dB    U 99.9900 dB    V 99.9900 dB] [ET    36 ] [L0 ] [L1 ]
POC   13 TId: 0 ( I-SLICE, nQP 26 QP 26 )   19576336 bits [Y 99.9900 dB    U 99.9900 dB    V 99.9900 dB] [ET    35 ] [L0 ] [L1 ]
POC   14 TId: 0 ( I-SLICE, nQP 26 QP 26 )   19563080 bits [Y 99.9900 dB    U 99.9900 dB    V 99.9900 dB] [ET    35 ] [L0 ] [L1 ]
POC   15 TId: 0 ( I-SLICE, nQP 26 QP 26 )   19568432 bits [Y 99.9900 dB    U 99.9900 dB    V 99.9900 dB] [ET    35 ] [L0 ] [L1 ]
POC   16 TId: 0 ( I-SLICE, nQP 26 QP 26 )   19554648 bits [Y 99.9900 dB    U 99.9900 dB    V 99.9900 dB] [ET    36 ] [L0 ] [L1 ]
POC   17 TId: 0 ( I-SLICE, nQP 26 QP 26 )   19556808 bits [Y 99.9900 dB    U 99.9900 dB    V 99.9900 dB] [ET    35 ] [L0 ] [L1 ]
POC   18 TId: 0 ( I-SLICE, nQP 26 QP 26 )   19548248 bits [Y 99.9900 dB    U 99.9900 dB    V 99.9900 dB] [ET    35 ] [L0 ] [L1 ]
POC   19 TId: 0 ( I-SLICE, nQP 26 QP 26 )   19546072 bits [Y 99.9900 dB    U 99.9900 dB    V 99.9900 dB] [ET    36 ] [L0 ] [L1 ]
POC   20 TId: 0 ( I-SLICE, nQP 26 QP 26 )   19517952 bits [Y 99.9900 dB    U 99.9900 dB    V 99.9900 dB] [ET    36 ] [L0 ] [L1 ]
POC   21 TId: 0 ( I-SLICE, nQP 26 QP 26 )   19515864 bits [Y 99.9900 dB    U 99.9900 dB    V 99.9900 dB] [ET    36 ] [L0 ] [L1 ]
POC   22 TId: 0 ( I-SLICE, nQP 26 QP 26 )   19504872 bits [Y 99.9900 dB    U 99.9900 dB    V 99.9900 dB] [ET    36 ] [L0 ] [L1 ]
POC   23 TId: 0 ( I-SLICE, nQP 26 QP 26 )   19518320 bits [Y 99.9900 dB    U 99.9900 dB    V 99.9900 dB] [ET    35 ] [L0 ] [L1 ]
POC   24 TId: 0 ( I-SLICE, nQP 26 QP 26 )   19498048 bits [Y 99.9900 dB    U 99.9900 dB    V 99.9900 dB] [ET    36 ] [L0 ] [L1 ]
POC   25 TId: 0 ( I-SLICE, nQP 26 QP 26 )   19515192 bits [Y 99.9900 dB    U 99.9900 dB    V 99.9900 dB] [ET    36 ] [L0 ] [L1 ]
POC   26 TId: 0 ( I-SLICE, nQP 26 QP 26 )   19501456 bits [Y 99.9900 dB    U 99.9900 dB    V 99.9900 dB] [ET    35 ] [L0 ] [L1 ]
POC   27 TId: 0 ( I-SLICE, nQP 26 QP 26 )   19534408 bits [Y 99.9900 dB    U 99.9900 dB    V 99.9900 dB] [ET    35 ] [L0 ] [L1 ]
POC   28 TId: 0 ( I-SLICE, nQP 26 QP 26 )   19509016 bits [Y 99.9900 dB    U 99.9900 dB    V 99.9900 dB] [ET    35 ] [L0 ] [L1 ]
POC   29 TId: 0 ( I-SLICE, nQP 26 QP 26 )   19547344 bits [Y 99.9900 dB    U 99.9900 dB    V 99.9900 dB] [ET    36 ] [L0 ] [L1 ]
POC   30 TId: 0 ( I-SLICE, nQP 26 QP 26 )   19530680 bits [Y 99.9900 dB    U 99.9900 dB    V 99.9900 dB] [ET    36 ] [L0 ] [L1 ]
POC   31 TId: 0 ( I-SLICE, nQP 26 QP 26 )   19505376 bits [Y 99.9900 dB    U 99.9900 dB    V 99.9900 dB] [ET    35 ] [L0 ] [L1 ]
POC   32 TId: 0 ( I-SLICE, nQP 26 QP 26 )   19559864 bits [Y 99.9900 dB    U 99.9900 dB    V 99.9900 dB] [ET    36 ] [L0 ] [L1 ]
POC   33 TId: 0 ( I-SLICE, nQP 26 QP 26 )   19569256 bits [Y 99.9900 dB    U 99.9900 dB    V 99.9900 dB] [ET    36 ] [L0 ] [L1 ]
POC   34 TId: 0 ( I-SLICE, nQP 26 QP 26 )   19549648 bits [Y 99.9900 dB    U 99.9900 dB    V 99.9900 dB] [ET    36 ] [L0 ] [L1 ]
POC   35 TId: 0 ( I-SLICE, nQP 26 QP 26 )   19536160 bits [Y 99.9900 dB    U 99.9900 dB    V 99.9900 dB] [ET    35 ] [L0 ] [L1 ]
POC   36 TId: 0 ( I-SLICE, nQP 26 QP 26 )   19541488 bits [Y 99.9900 dB    U 99.9900 dB    V 99.9900 dB] [ET    35 ] [L0 ] [L1 ]
POC   37 TId: 0 ( I-SLICE, nQP 26 QP 26 )   19582408 bits [Y 99.9900 dB    U 99.9900 dB    V 99.9900 dB] [ET    35 ] [L0 ] [L1 ]
POC   38 TId: 0 ( I-SLICE, nQP 26 QP 26 )   19542560 bits [Y 99.9900 dB    U 99.9900 dB    V 99.9900 dB] [ET    36 ] [L0 ] [L1 ]
POC   39 TId: 0 ( I-SLICE, nQP 26 QP 26 )   19543616 bits [Y 99.9900 dB    U 99.9900 dB    V 99.9900 dB] [ET    36 ] [L0 ] [L1 ]
POC   40 TId: 0 ( I-SLICE, nQP 26 QP 26 )   19551800 bits [Y 99.9900 dB    U 99.9900 dB    V 99.9900 dB] [ET    35 ] [L0 ] [L1 ]
POC   41 TId: 0 ( I-SLICE, nQP 26 QP 26 )   19599112 bits [Y 99.9900 dB    U 99.9900 dB    V 99.9900 dB] [ET    35 ] [L0 ] [L1 ]
POC   42 TId: 0 ( I-SLICE, nQP 26 QP 26 )   19620824 bits [Y 99.9900 dB    U 99.9900 dB    V 99.9900 dB] [ET    35 ] [L0 ] [L1 ]
POC   43 TId: 0 ( I-SLICE, nQP 26 QP 26 )   19619376 bits [Y 99.9900 dB    U 99.9900 dB    V 99.9900 dB] [ET    36 ] [L0 ] [L1 ]
POC   44 TId: 0 ( I-SLICE, nQP 26 QP 26 )   19621200 bits [Y 99.9900 dB    U 99.9900 dB    V 99.9900 dB] [ET    36 ] [L0 ] [L1 ]
POC   45 TId: 0 ( I-SLICE, nQP 26 QP 26 )   19631816 bits [Y 99.9900 dB    U 99.9900 dB    V 99.9900 dB] [ET    36 ] [L0 ] [L1 ]
POC   46 TId: 0 ( I-SLICE, nQP 26 QP 26 )   19605136 bits [Y 99.9900 dB    U 99.9900 dB    V 99.9900 dB] [ET    36 ] [L0 ] [L1 ]
POC   47 TId: 0 ( I-SLICE, nQP 26 QP 26 )   19647224 bits [Y 99.9900 dB    U 99.9900 dB    V 99.9900 dB] [ET    36 ] [L0 ] [L1 ]
POC   48 TId: 0 ( I-SLICE, nQP 26 QP 26 )   19671072 bits [Y 99.9900 dB    U 99.9900 dB    V 99.9900 dB] [ET    36 ] [L0 ] [L1 ]
POC   49 TId: 0 ( I-SLICE, nQP 26 QP 26 )   19676896 bits [Y 99.9900 dB    U 99.9900 dB    V 99.9900 dB] [ET    36 ] [L0 ] [L1 ]
POC   50 TId: 0 ( I-SLICE, nQP 26 QP 26 )   19648488 bits [Y 99.9900 dB    U 99.9900 dB    V 99.9900 dB] [ET    36 ] [L0 ] [L1 ]
POC   51 TId: 0 ( I-SLICE, nQP 26 QP 26 )   19625624 bits [Y 99.9900 dB    U 99.9900 dB    V 99.9900 dB] [ET    35 ] [L0 ] [L1 ]
POC   52 TId: 0 ( I-SLICE, nQP 26 QP 26 )   19610960 bits [Y 99.9900 dB    U 99.9900 dB    V 99.9900 dB] [ET    35 ] [L0 ] [L1 ]
POC   53 TId: 0 ( I-SLICE, nQP 26 QP 26 )   19598752 bits [Y 99.9900 dB    U 99.9900 dB    V 99.9900 dB] [ET    36 ] [L0 ] [L1 ]
POC   54 TId: 0 ( I-SLICE, nQP 26 QP 26 )   19592904 bits [Y 99.9900 dB    U 99.9900 dB    V 99.9900 dB] [ET    36 ] [L0 ] [L1 ]
POC   55 TId: 0 ( I-SLICE, nQP 26 QP 26 )   19584808 bits [Y 99.9900 dB    U 99.9900 dB    V 99.9900 dB] [ET    36 ] [L0 ] [L1 ]
POC   56 TId: 0 ( I-SLICE, nQP 26 QP 26 )   19583456 bits [Y 99.9900 dB    U 99.9900 dB    V 99.9900 dB] [ET    36 ] [L0 ] [L1 ]
POC   57 TId: 0 ( I-SLICE, nQP 26 QP 26 )   19592784 bits [Y 99.9900 dB    U 99.9900 dB    V 99.9900 dB] [ET    36 ] [L0 ] [L1 ]
POC   58 TId: 0 ( I-SLICE, nQP 26 QP 26 )   19605736 bits [Y 99.9900 dB    U 99.9900 dB    V 99.9900 dB] [ET    36 ] [L0 ] [L1 ]
POC   59 TId: 0 ( I-SLICE, nQP 26 QP 26 )   19618704 bits [Y 99.9900 dB    U 99.9900 dB    V 99.9900 dB] [ET    36 ] [L0 ] [L1 ]
POC   60 TId: 0 ( I-SLICE, nQP 26 QP 26 )   19599408 bits [Y 99.9900 dB    U 99.9900 dB    V 99.9900 dB] [ET    36 ] [L0 ] [L1 ]
POC   61 TId: 0 ( I-SLICE, nQP 26 QP 26 )   19584400 bits [Y 99.9900 dB    U 99.9900 dB    V 99.9900 dB] [ET    36 ] [L0 ] [L1 ]
POC   62 TId: 0 ( I-SLICE, nQP 26 QP 26 )   19555728 bits [Y 99.9900 dB    U 99.9900 dB    V 99.9900 dB] [ET    36 ] [L0 ] [L1 ]
POC   63 TId: 0 ( I-SLICE, nQP 26 QP 26 )   19574984 bits [Y 99.9900 dB    U 99.9900 dB    V 99.9900 dB] [ET    36 ] [L0 ] [L1 ]
POC   64 TId: 0 ( I-SLICE, nQP 26 QP 26 )   19549904 bits [Y 99.9900 dB    U 99.9900 dB    V 99.9900 dB] [ET    35 ] [L0 ] [L1 ]
POC   65 TId: 0 ( I-SLICE, nQP 26 QP 26 )   19543816 bits [Y 99.9900 dB    U 99.9900 dB    V 99.9900 dB] [ET    36 ] [L0 ] [L1 ]
POC   66 TId: 0 ( I-SLICE, nQP 26 QP 26 )   19557808 bits [Y 99.9900 dB    U 99.9900 dB    V 99.9900 dB] [ET    36 ] [L0 ] [L1 ]
POC   67 TId: 0 ( I-SLICE, nQP 26 QP 26 )   19551824 bits [Y 99.9900 dB    U 99.9900 dB    V 99.9900 dB] [ET    35 ] [L0 ] [L1 ]
POC   68 TId: 0 ( I-SLICE, nQP 26 QP 26 )   19516248 bits [Y 99.9900 dB    U 99.9900 dB    V 99.9900 dB] [ET    36 ] [L0 ] [L1 ]
POC   69 TId: 0 ( I-SLICE, nQP 26 QP 26 )   19520800 bits [Y 99.9900 dB    U 99.9900 dB    V 99.9900 dB] [ET    36 ] [L0 ] [L1 ]
POC   70 TId: 0 ( I-SLICE, nQP 26 QP 26 )   19510720 bits [Y 99.9900 dB    U 99.9900 dB    V 99.9900 dB] [ET    36 ] [L0 ] [L1 ]
POC   71 TId: 0 ( I-SLICE, nQP 26 QP 26 )   19538720 bits [Y 99.9900 dB    U 99.9900 dB    V 99.9900 dB] [ET    36 ] [L0 ] [L1 ]
POC   72 TId: 0 ( I-SLICE, nQP 26 QP 26 )   19532864 bits [Y 99.9900 dB    U 99.9900 dB    V 99.9900 dB] [ET    35 ] [L0 ] [L1 ]
POC   73 TId: 0 ( I-SLICE, nQP 26 QP 26 )   19560784 bits [Y 99.9900 dB    U 99.9900 dB    V 99.9900 dB] [ET    35 ] [L0 ] [L1 ]
POC   74 TId: 0 ( I-SLICE, nQP 26 QP 26 )   19558584 bits [Y 99.9900 dB    U 99.9900 dB    V 99.9900 dB] [ET    36 ] [L0 ] [L1 ]
POC   75 TId: 0 ( I-SLICE, nQP 26 QP 26 )   19572176 bits [Y 99.9900 dB    U 99.9900 dB    V 99.9900 dB] [ET    36 ] [L0 ] [L1 ]
POC   76 TId: 0 ( I-SLICE, nQP 26 QP 26 )   19581160 bits [Y 99.9900 dB    U 99.9900 dB    V 99.9900 dB] [ET    36 ] [L0 ] [L1 ]
POC   77 TId: 0 ( I-SLICE, nQP 26 QP 26 )   19606456 bits [Y 99.9900 dB    U 99.9900 dB    V 99.9900 dB] [ET    36 ] [L0 ] [L1 ]
POC   78 TId: 0 ( I-SLICE, nQP 26 QP 26 )   19600416 bits [Y 99.9900 dB    U 99.9900 dB    V 99.9900 dB] [ET    36 ] [L0 ] [L1 ]
POC   79 TId: 0 ( I-SLICE, nQP 26 QP 26 )   19592264 bits [Y 99.9900 dB    U 99.9900 dB    V 99.9900 dB] [ET    36 ] [L0 ] [L1 ]
POC   80 TId: 0 ( I-SLICE, nQP 26 QP 26 )   19582320 bits [Y 99.9900 dB    U 99.9900 dB    V 99.9900 dB] [ET    36 ] [L0 ] [L1 ]
POC   81 TId: 0 ( I-SLICE, nQP 26 QP 26 )   19610272 bits [Y 99.9900 dB    U 99.9900 dB    V 99.9900 dB] [ET    36 ] [L0 ] [L1 ]
POC   82 TId: 0 ( I-SLICE, nQP 26 QP 26 )   19589280 bits [Y 99.9900 dB    U 99.9900 dB    V 99.9900 dB] [ET    36 ] [L0 ] [L1 ]
POC   83 TId: 0 ( I-SLICE, nQP 26 QP 26 )   19613216 bits [Y 99.9900 dB    U 99.9900 dB    V 99.9900 dB] [ET    36 ] [L0 ] [L1 ]
POC   84 TId: 0 ( I-SLICE, nQP 26 QP 26 )   19612376 bits [Y 99.9900 dB    U 99.9900 dB    V 99.9900 dB] [ET    36 ] [L0 ] [L1 ]
POC   85 TId: 0 ( I-SLICE, nQP 26 QP 26 )   19649304 bits [Y 99.9900 dB    U 99.9900 dB    V 99.9900 dB] [ET    36 ] [L0 ] [L1 ]
POC   86 TId: 0 ( I-SLICE, nQP 26 QP 26 )   19647728 bits [Y 99.9900 dB    U 99.9900 dB    V 99.9900 dB] [ET    36 ] [L0 ] [L1 ]
POC   87 TId: 0 ( I-SLICE, nQP 26 QP 26 )   19651592 bits [Y 99.9900 dB    U 99.9900 dB    V 99.9900 dB] [ET    36 ] [L0 ] [L1 ]
POC   88 TId: 0 ( I-SLICE, nQP 26 QP 26 )   19604240 bits [Y 99.9900 dB    U 99.9900 dB    V 99.9900 dB] [ET    36 ] [L0 ] [L1 ]
POC   89 TId: 0 ( I-SLICE, nQP 26 QP 26 )   19609952 bits [Y 99.9900 dB    U 99.9900 dB    V 99.9900 dB] [ET    36 ] [L0 ] [L1 ]
POC   90 TId: 0 ( I-SLICE, nQP 26 QP 26 )   19588792 bits [Y 99.9900 dB    U 99.9900 dB    V 99.9900 dB] [ET    36 ] [L0 ] [L1 ]
POC   91 TId: 0 ( I-SLICE, nQP 26 QP 26 )   19596696 bits [Y 99.9900 dB    U 99.9900 dB    V 99.9900 dB] [ET    36 ] [L0 ] [L1 ]
POC   92 TId: 0 ( I-SLICE, nQP 26 QP 26 )   19582896 bits [Y 99.9900 dB    U 99.9900 dB    V 99.9900 dB] [ET    36 ] [L0 ] [L1 ]
POC   93 TId: 0 ( I-SLICE, nQP 26 QP 26 )   19553648 bits [Y 99.9900 dB    U 99.9900 dB    V 99.9900 dB] [ET    36 ] [L0 ] [L1 ]
POC   94 TId: 0 ( I-SLICE, nQP 26 QP 26 )   19575744 bits [Y 99.9900 dB    U 99.9900 dB    V 99.9900 dB] [ET    36 ] [L0 ] [L1 ]
POC   95 TId: 0 ( I-SLICE, nQP 26 QP 26 )   19599584 bits [Y 99.9900 dB    U 99.9900 dB    V 99.9900 dB] [ET    36 ] [L0 ] [L1 ]
POC   96 TId: 0 ( I-SLICE, nQP 26 QP 26 )   19582376 bits [Y 99.9900 dB    U 99.9900 dB    V 99.9900 dB] [ET    35 ] [L0 ] [L1 ]
POC   97 TId: 0 ( I-SLICE, nQP 26 QP 26 )   19577208 bits [Y 99.9900 dB    U 99.9900 dB    V 99.9900 dB] [ET    36 ] [L0 ] [L1 ]
POC   98 TId: 0 ( I-SLICE, nQP 26 QP 26 )   19590088 bits [Y 99.9900 dB    U 99.9900 dB    V 99.9900 dB] [ET    36 ] [L0 ] [L1 ]
POC   99 TId: 0 ( I-SLICE, nQP 26 QP 26 )   19615096 bits [Y 99.9900 dB    U 99.9900 dB    V 99.9900 dB] [ET    36 ] [L0 ] [L1 ]
POC  100 TId: 0 ( I-SLICE, nQP 26 QP 26 )   19614720 bits [Y 99.9900 dB    U 99.9900 dB    V 99.9900 dB] [ET    36 ] [L0 ] [L1 ]
POC  101 TId: 0 ( I-SLICE, nQP 26 QP 26 )   19595776 bits [Y 99.9900 dB    U 99.9900 dB    V 99.9900 dB] [ET    35 ] [L0 ] [L1 ]
POC  102 TId: 0 ( I-SLICE, nQP 26 QP 26 )   19615168 bits [Y 99.9900 dB    U 99.9900 dB    V 99.9900 dB] [ET    36 ] [L0 ] [L1 ]
POC  103 TId: 0 ( I-SLICE, nQP 26 QP 26 )   19623176 bits [Y 99.9900 dB    U 99.9900 dB    V 99.9900 dB] [ET    36 ] [L0 ] [L1 ]
POC  104 TId: 0 ( I-SLICE, nQP 26 QP 26 )   19605176 bits [Y 99.9900 dB    U 99.9900 dB    V 99.9900 dB] [ET    36 ] [L0 ] [L1 ]
POC  105 TId: 0 ( I-SLICE, nQP 26 QP 26 )   19573080 bits [Y 99.9900 dB    U 99.9900 dB    V 99.9900 dB] [ET    35 ] [L0 ] [L1 ]
POC  106 TId: 0 ( I-SLICE, nQP 26 QP 26 )   19583880 bits [Y 99.9900 dB    U 99.9900 dB    V 99.9900 dB] [ET    36 ] [L0 ] [L1 ]
POC  107 TId: 0 ( I-SLICE, nQP 26 QP 26 )   19591784 bits [Y 99.9900 dB    U 99.9900 dB    V 99.9900 dB] [ET    36 ] [L0 ] [L1 ]
POC  108 TId: 0 ( I-SLICE, nQP 26 QP 26 )   19629640 bits [Y 99.9900 dB    U 99.9900 dB    V 99.9900 dB] [ET    36 ] [L0 ] [L1 ]
POC  109 TId: 0 ( I-SLICE, nQP 26 QP 26 )   19633968 bits [Y 99.9900 dB    U 99.9900 dB    V 99.9900 dB] [ET    36 ] [L0 ] [L1 ]
POC  110 TId: 0 ( I-SLICE, nQP 26 QP 26 )   19648096 bits [Y 99.9900 dB    U 99.9900 dB    V 99.9900 dB] [ET    36 ] [L0 ] [L1 ]
POC  111 TId: 0 ( I-SLICE, nQP 26 QP 26 )   19652368 bits [Y 99.9900 dB    U 99.9900 dB    V 99.9900 dB] [ET    36 ] [L0 ] [L1 ]
POC  112 TId: 0 ( I-SLICE, nQP 26 QP 26 )   19663936 bits [Y 99.9900 dB    U 99.9900 dB    V 99.9900 dB] [ET    36 ] [L0 ] [L1 ]
POC  113 TId: 0 ( I-SLICE, nQP 26 QP 26 )   19634256 bits [Y 99.9900 dB    U 99.9900 dB    V 99.9900 dB] [ET    36 ] [L0 ] [L1 ]
POC  114 TId: 0 ( I-SLICE, nQP 26 QP 26 )   19674504 bits [Y 99.9900 dB    U 99.9900 dB    V 99.9900 dB] [ET    36 ] [L0 ] [L1 ]
POC  115 TId: 0 ( I-SLICE, nQP 26 QP 26 )   19656152 bits [Y 99.9900 dB    U 99.9900 dB    V 99.9900 dB] [ET    36 ] [L0 ] [L1 ]
POC  116 TId: 0 ( I-SLICE, nQP 26 QP 26 )   19651104 bits [Y 99.9900 dB    U 99.9900 dB    V 99.9900 dB] [ET    35 ] [L0 ] [L1 ]
POC  117 TId: 0 ( I-SLICE, nQP 26 QP 26 )   19646584 bits [Y 99.9900 dB    U 99.9900 dB    V 99.9900 dB] [ET    36 ] [L0 ] [L1 ]
POC  118 TId: 0 ( I-SLICE, nQP 26 QP 26 )   19642448 bits [Y 99.9900 dB    U 99.9900 dB    V 99.9900 dB] [ET    36 ] [L0 ] [L1 ]
POC  119 TId: 0 ( I-SLICE, nQP 26 QP 26 )   19645936 bits [Y 99.9900 dB    U 99.9900 dB    V 99.9900 dB] [ET    35 ] [L0 ] [L1 ]
POC  120 TId: 0 ( I-SLICE, nQP 26 QP 26 )   19686320 bits [Y 99.9900 dB    U 99.9900 dB    V 99.9900 dB] [ET    36 ] [L0 ] [L1 ]
POC  121 TId: 0 ( I-SLICE, nQP 26 QP 26 )   19685200 bits [Y 99.9900 dB    U 99.9900 dB    V 99.9900 dB] [ET    36 ] [L0 ] [L1 ]
POC  122 TId: 0 ( I-SLICE, nQP 26 QP 26 )   19696488 bits [Y 99.9900 dB    U 99.9900 dB    V 99.9900 dB] [ET    36 ] [L0 ] [L1 ]
POC  123 TId: 0 ( I-SLICE, nQP 26 QP 26 )   19702024 bits [Y 99.9900 dB    U 99.9900 dB    V 99.9900 dB] [ET    36 ] [L0 ] [L1 ]
POC  124 TId: 0 ( I-SLICE, nQP 26 QP 26 )   19692736 bits [Y 99.9900 dB    U 99.9900 dB    V 99.9900 dB] [ET    36 ] [L0 ] [L1 ]
POC  125 TId: 0 ( I-SLICE, nQP 26 QP 26 )   19698504 bits [Y 99.9900 dB    U 99.9900 dB    V 99.9900 dB] [ET    36 ] [L0 ] [L1 ]
POC  126 TId: 0 ( I-SLICE, nQP 26 QP 26 )   19687040 bits [Y 99.9900 dB    U 99.9900 dB    V 99.9900 dB] [ET    35 ] [L0 ] [L1 ]
POC  127 TId: 0 ( I-SLICE, nQP 26 QP 26 )   19686376 bits [Y 99.9900 dB    U 99.9900 dB    V 99.9900 dB] [ET    36 ] [L0 ] [L1 ]
POC  128 TId: 0 ( I-SLICE, nQP 26 QP 26 )   19718424 bits [Y 99.9900 dB    U 99.9900 dB    V 99.9900 dB] [ET    35 ] [L0 ] [L1 ]
POC  129 TId: 0 ( I-SLICE, nQP 26 QP 26 )   19726688 bits [Y 99.9900 dB    U 99.9900 dB    V 99.9900 dB] [ET    36 ] [L0 ] [L1 ]
POC  130 TId: 0 ( I-SLICE, nQP 26 QP 26 )   19724200 bits [Y 99.9900 dB    U 99.9900 dB    V 99.9900 dB] [ET    36 ] [L0 ] [L1 ]
POC  131 TId: 0 ( I-SLICE, nQP 26 QP 26 )   19724184 bits [Y 99.9900 dB    U 99.9900 dB    V 99.9900 dB] [ET    36 ] [L0 ] [L1 ]
POC  132 TId: 0 ( I-SLICE, nQP 26 QP 26 )   19712136 bits [Y 99.9900 dB    U 99.9900 dB    V 99.9900 dB] [ET    36 ] [L0 ] [L1 ]
POC  133 TId: 0 ( I-SLICE, nQP 26 QP 26 )   19699624 bits [Y 99.9900 dB    U 99.9900 dB    V 99.9900 dB] [ET    36 ] [L0 ] [L1 ]
POC  134 TId: 0 ( I-SLICE, nQP 26 QP 26 )   19696936 bits [Y 99.9900 dB    U 99.9900 dB    V 99.9900 dB] [ET    36 ] [L0 ] [L1 ]
POC  135 TId: 0 ( I-SLICE, nQP 26 QP 26 )   19689904 bits [Y 99.9900 dB    U 99.9900 dB    V 99.9900 dB] [ET    36 ] [L0 ] [L1 ]
POC  136 TId: 0 ( I-SLICE, nQP 26 QP 26 )   19671768 bits [Y 99.9900 dB    U 99.9900 dB    V 99.9900 dB] [ET    36 ] [L0 ] [L1 ]
POC  137 TId: 0 ( I-SLICE, nQP 26 QP 26 )   19692504 bits [Y 99.9900 dB    U 99.9900 dB    V 99.9900 dB] [ET    36 ] [L0 ] [L1 ]
POC  138 TId: 0 ( I-SLICE, nQP 26 QP 26 )   19696016 bits [Y 99.9900 dB    U 99.9900 dB    V 99.9900 dB] [ET    36 ] [L0 ] [L1 ]
POC  139 TId: 0 ( I-SLICE, nQP 26 QP 26 )   19663112 bits [Y 99.9900 dB    U 99.9900 dB    V 99.9900 dB] [ET    36 ] [L0 ] [L1 ]
POC  140 TId: 0 ( I-SLICE, nQP 26 QP 26 )   19650296 bits [Y 99.9900 dB    U 99.9900 dB    V 99.9900 dB] [ET    36 ] [L0 ] [L1 ]
POC  141 TId: 0 ( I-SLICE, nQP 26 QP 26 )   19634008 bits [Y 99.9900 dB    U 99.9900 dB    V 99.9900 dB] [ET    36 ] [L0 ] [L1 ]
POC  142 TId: 0 ( I-SLICE, nQP 26 QP 26 )   19645568 bits [Y 99.9900 dB    U 99.9900 dB    V 99.9900 dB] [ET    36 ] [L0 ] [L1 ]
POC  143 TId: 0 ( I-SLICE, nQP 26 QP 26 )   19671776 bits [Y 99.9900 dB    U 99.9900 dB    V 99.9900 dB] [ET    36 ] [L0 ] [L1 ]
POC  144 TId: 0 ( I-SLICE, nQP 26 QP 26 )   19680480 bits [Y 99.9900 dB    U 99.9900 dB    V 99.9900 dB] [ET    36 ] [L0 ] [L1 ]
POC  145 TId: 0 ( I-SLICE, nQP 26 QP 26 )   19684536 bits [Y 99.9900 dB    U 99.9900 dB    V 99.9900 dB] [ET    35 ] [L0 ] [L1 ]
POC  146 TId: 0 ( I-SLICE, nQP 26 QP 26 )   19678312 bits [Y 99.9900 dB    U 99.9900 dB    V 99.9900 dB] [ET    36 ] [L0 ] [L1 ]
POC  147 TId: 0 ( I-SLICE, nQP 26 QP 26 )   19670520 bits [Y 99.9900 dB    U 99.9900 dB    V 99.9900 dB] [ET    36 ] [L0 ] [L1 ]
POC  148 TId: 0 ( I-SLICE, nQP 26 QP 26 )   19673520 bits [Y 99.9900 dB    U 99.9900 dB    V 99.9900 dB] [ET    36 ] [L0 ] [L1 ]
POC  149 TId: 0 ( I-SLICE, nQP 26 QP 26 )   19697968 bits [Y 99.9900 dB    U 99.9900 dB    V 99.9900 dB] [ET    36 ] [L0 ] [L1 ]


SUMMARY --------------------------------------------------------
	Total Frames |  Bitrate    Y-PSNR    U-PSNR    V-PSNR 
	      150    a 588074.7056   99.9900   99.9900   99.9900


I Slices--------------------------------------------------------
	Total Frames |  Bitrate    Y-PSNR    U-PSNR    V-PSNR 
	      150    i 588074.7056   99.9900   99.9900   99.9900


P Slices--------------------------------------------------------
	Total Frames |  Bitrate    Y-PSNR    U-PSNR    V-PSNR 
	        0    p        -nan      -nan      -nan      -nan


B Slices--------------------------------------------------------
	Total Frames |  Bitrate    Y-PSNR    U-PSNR    V-PSNR 
	        0    b        -nan      -nan      -nan      -nan

RVM: 0.000
Bytes written to file: 367547302 (588075.683 kbps)

 Total Time:     5347.938 sec.
