
HM software: Encoder Version [15.0][Linux][GCC 4.8.5][64 bit] 

Input          File          : ../../HEVC_test_sequence/ClassF/SlideEditing_1280x720_30.yuv
Bitstream      File          : SlideEditing.bin
Reconstruction File          : SlideEditing.yuv
Real     Format              : 1280x720 30Hz
Internal Format              : 1280x720 30Hz
Frame/Field                  : Frame based coding
Frame index                  : 0 - 299 (300 frames)
CU size / depth              : 64 / 4
RQT trans. size (min / max)  : 4 / 32
Max RQT depth inter          : 3
Max RQT depth intra          : 3
Min PCM size                 : 8
Motion search range          : 64
Intra period                 : 1
Decoding refresh type        : 0
QP                           : 26.00
Max dQP signaling depth      : 0
Cb QP Offset                 : 0
Cr QP Offset                 : 0
QP adaptation                : 0 (range=0)
GOP size                     : 1
Internal bit depth           : (Y:8, C:8)
PCM sample bit depth         : (Y:8, C:8)
RateControl                  : 0
Max Num Merge Candidates     : 5

TOOL CFG: IBD:0 HAD:0 RDQ:0 RDQTS:0 RDpenalty:0 SQP:0 ASR:0 FEN:0 ECU:0 FDM:0 CFM:0 ESD:0 RQT:1 TransformSkip:0 TransformSkipFast:0 Slice: M=0 SliceSegment: M=0 CIP:0 SAO:0 PCM:0 TransQuantBypassEnabled: =1 WPP:0 WPB:0 PME:2  WaveFrontSynchro:0 WaveFrontSubstreams:1 ScalingList:0 TMVPMode:1 AQpS:0 SignBitHidingFlag:1 RecalQP:0

POC    0 TId: 0 ( I-SLICE, nQP 26 QP 26 )    2744872 bits [Y 99.9900 dB    U 99.9900 dB    V 99.9900 dB] [ET     6 ] [L0 ] [L1 ]
POC    1 TId: 0 ( I-SLICE, nQP 26 QP 26 )    2745624 bits [Y 99.9900 dB    U 99.9900 dB    V 99.9900 dB] [ET     6 ] [L0 ] [L1 ]
POC    2 TId: 0 ( I-SLICE, nQP 26 QP 26 )    2746376 bits [Y 99.9900 dB    U 99.9900 dB    V 99.9900 dB] [ET     7 ] [L0 ] [L1 ]
POC    3 TId: 0 ( I-SLICE, nQP 26 QP 26 )    2746336 bits [Y 99.9900 dB    U 99.9900 dB    V 99.9900 dB] [ET     6 ] [L0 ] [L1 ]
POC    4 TId: 0 ( I-SLICE, nQP 26 QP 26 )    2754560 bits [Y 99.9900 dB    U 99.9900 dB    V 99.9900 dB] [ET     6 ] [L0 ] [L1 ]
POC    5 TId: 0 ( I-SLICE, nQP 26 QP 26 )    2772632 bits [Y 99.9900 dB    U 99.9900 dB    V 99.9900 dB] [ET     6 ] [L0 ] [L1 ]
POC    6 TId: 0 ( I-SLICE, nQP 26 QP 26 )    2796208 bits [Y 99.9900 dB    U 99.9900 dB    V 99.9900 dB] [ET     7 ] [L0 ] [L1 ]
POC    7 TId: 0 ( I-SLICE, nQP 26 QP 26 )    2776880 bits [Y 99.9900 dB    U 99.9900 dB    V 99.9900 dB] [ET     6 ] [L0 ] [L1 ]
POC    8 TId: 0 ( I-SLICE, nQP 26 QP 26 )    2782560 bits [Y 99.9900 dB    U 99.9900 dB    V 99.9900 dB] [ET     7 ] [L0 ] [L1 ]
POC    9 TId: 0 ( I-SLICE, nQP 26 QP 26 )    2810872 bits [Y 99.9900 dB    U 99.9900 dB    V 99.9900 dB] [ET     7 ] [L0 ] [L1 ]
POC   10 TId: 0 ( I-SLICE, nQP 26 QP 26 )    2794048 bits [Y 99.9900 dB    U 99.9900 dB    V 99.9900 dB] [ET     6 ] [L0 ] [L1 ]
POC   11 TId: 0 ( I-SLICE, nQP 26 QP 26 )    2832296 bits [Y 99.9900 dB    U 99.9900 dB    V 99.9900 dB] [ET     6 ] [L0 ] [L1 ]
POC   12 TId: 0 ( I-SLICE, nQP 26 QP 26 )    2836544 bits [Y 99.9900 dB    U 99.9900 dB    V 99.9900 dB] [ET     6 ] [L0 ] [L1 ]
POC   13 TId: 0 ( I-SLICE, nQP 26 QP 26 )    2825832 bits [Y 99.9900 dB    U 99.9900 dB    V 99.9900 dB] [ET     6 ] [L0 ] [L1 ]
POC   14 TId: 0 ( I-SLICE, nQP 26 QP 26 )    2803664 bits [Y 99.9900 dB    U 99.9900 dB    V 99.9900 dB] [ET     6 ] [L0 ] [L1 ]
POC   15 TId: 0 ( I-SLICE, nQP 26 QP 26 )    2799600 bits [Y 99.9900 dB    U 99.9900 dB    V 99.9900 dB] [ET     6 ] [L0 ] [L1 ]
POC   16 TId: 0 ( I-SLICE, nQP 26 QP 26 )    2798848 bits [Y 99.9900 dB    U 99.9900 dB    V 99.9900 dB] [ET     6 ] [L0 ] [L1 ]
POC   17 TId: 0 ( I-SLICE, nQP 26 QP 26 )    2798656 bits [Y 99.9900 dB    U 99.9900 dB    V 99.9900 dB] [ET     6 ] [L0 ] [L1 ]
POC   18 TId: 0 ( I-SLICE, nQP 26 QP 26 )    2798576 bits [Y 99.9900 dB    U 99.9900 dB    V 99.9900 dB] [ET     6 ] [L0 ] [L1 ]
POC   19 TId: 0 ( I-SLICE, nQP 26 QP 26 )    2799968 bits [Y 99.9900 dB    U 99.9900 dB    V 99.9900 dB] [ET     6 ] [L0 ] [L1 ]
POC   20 TId: 0 ( I-SLICE, nQP 26 QP 26 )    2799896 bits [Y 99.9900 dB    U 99.9900 dB    V 99.9900 dB] [ET     6 ] [L0 ] [L1 ]
POC   21 TId: 0 ( I-SLICE, nQP 26 QP 26 )    2802320 bits [Y 99.9900 dB    U 99.9900 dB    V 99.9900 dB] [ET     6 ] [L0 ] [L1 ]
POC   22 TId: 0 ( I-SLICE, nQP 26 QP 26 )    2802480 bits [Y 99.9900 dB    U 99.9900 dB    V 99.9900 dB] [ET     7 ] [L0 ] [L1 ]
POC   23 TId: 0 ( I-SLICE, nQP 26 QP 26 )    2798488 bits [Y 99.9900 dB    U 99.9900 dB    V 99.9900 dB] [ET     6 ] [L0 ] [L1 ]
POC   24 TId: 0 ( I-SLICE, nQP 26 QP 26 )    2812072 bits [Y 99.9900 dB    U 99.9900 dB    V 99.9900 dB] [ET     7 ] [L0 ] [L1 ]
POC   25 TId: 0 ( I-SLICE, nQP 26 QP 26 )    2811792 bits [Y 99.9900 dB    U 99.9900 dB    V 99.9900 dB] [ET     6 ] [L0 ] [L1 ]
POC   26 TId: 0 ( I-SLICE, nQP 26 QP 26 )    2811696 bits [Y 99.9900 dB    U 99.9900 dB    V 99.9900 dB] [ET     7 ] [L0 ] [L1 ]
POC   27 TId: 0 ( I-SLICE, nQP 26 QP 26 )    2811072 bits [Y 99.9900 dB    U 99.9900 dB    V 99.9900 dB] [ET     6 ] [L0 ] [L1 ]
POC   28 TId: 0 ( I-SLICE, nQP 26 QP 26 )    2811832 bits [Y 99.9900 dB    U 99.9900 dB    V 99.9900 dB] [ET     6 ] [L0 ] [L1 ]
POC   29 TId: 0 ( I-SLICE, nQP 26 QP 26 )    2814280 bits [Y 99.9900 dB    U 99.9900 dB    V 99.9900 dB] [ET     6 ] [L0 ] [L1 ]
POC   30 TId: 0 ( I-SLICE, nQP 26 QP 26 )    2821272 bits [Y 99.9900 dB    U 99.9900 dB    V 99.9900 dB] [ET     6 ] [L0 ] [L1 ]
POC   31 TId: 0 ( I-SLICE, nQP 26 QP 26 )    2813696 bits [Y 99.9900 dB    U 99.9900 dB    V 99.9900 dB] [ET     6 ] [L0 ] [L1 ]
POC   32 TId: 0 ( I-SLICE, nQP 26 QP 26 )    2820424 bits [Y 99.9900 dB    U 99.9900 dB    V 99.9900 dB] [ET     6 ] [L0 ] [L1 ]
POC   33 TId: 0 ( I-SLICE, nQP 26 QP 26 )    2816840 bits [Y 99.9900 dB    U 99.9900 dB    V 99.9900 dB] [ET     6 ] [L0 ] [L1 ]
POC   34 TId: 0 ( I-SLICE, nQP 26 QP 26 )    2818312 bits [Y 99.9900 dB    U 99.9900 dB    V 99.9900 dB] [ET     6 ] [L0 ] [L1 ]
POC   35 TId: 0 ( I-SLICE, nQP 26 QP 26 )    2818136 bits [Y 99.9900 dB    U 99.9900 dB    V 99.9900 dB] [ET     6 ] [L0 ] [L1 ]
POC   36 TId: 0 ( I-SLICE, nQP 26 QP 26 )    2817296 bits [Y 99.9900 dB    U 99.9900 dB    V 99.9900 dB] [ET     6 ] [L0 ] [L1 ]
POC   37 TId: 0 ( I-SLICE, nQP 26 QP 26 )    2817520 bits [Y 99.9900 dB    U 99.9900 dB    V 99.9900 dB] [ET     6 ] [L0 ] [L1 ]
POC   38 TId: 0 ( I-SLICE, nQP 26 QP 26 )    2832464 bits [Y 99.9900 dB    U 99.9900 dB    V 99.9900 dB] [ET     6 ] [L0 ] [L1 ]
POC   39 TId: 0 ( I-SLICE, nQP 26 QP 26 )    2827544 bits [Y 99.9900 dB    U 99.9900 dB    V 99.9900 dB] [ET     6 ] [L0 ] [L1 ]
POC   40 TId: 0 ( I-SLICE, nQP 26 QP 26 )    2824984 bits [Y 99.9900 dB    U 99.9900 dB    V 99.9900 dB] [ET     6 ] [L0 ] [L1 ]
POC   41 TId: 0 ( I-SLICE, nQP 26 QP 26 )    2825272 bits [Y 99.9900 dB    U 99.9900 dB    V 99.9900 dB] [ET     6 ] [L0 ] [L1 ]
POC   42 TId: 0 ( I-SLICE, nQP 26 QP 26 )    2818376 bits [Y 99.9900 dB    U 99.9900 dB    V 99.9900 dB] [ET     7 ] [L0 ] [L1 ]
POC   43 TId: 0 ( I-SLICE, nQP 26 QP 26 )    2818568 bits [Y 99.9900 dB    U 99.9900 dB    V 99.9900 dB] [ET     6 ] [L0 ] [L1 ]
POC   44 TId: 0 ( I-SLICE, nQP 26 QP 26 )    2820176 bits [Y 99.9900 dB    U 99.9900 dB    V 99.9900 dB] [ET     7 ] [L0 ] [L1 ]
POC   45 TId: 0 ( I-SLICE, nQP 26 QP 26 )    2820016 bits [Y 99.9900 dB    U 99.9900 dB    V 99.9900 dB] [ET     6 ] [L0 ] [L1 ]
POC   46 TId: 0 ( I-SLICE, nQP 26 QP 26 )    2817992 bits [Y 99.9900 dB    U 99.9900 dB    V 99.9900 dB] [ET     7 ] [L0 ] [L1 ]
POC   47 TId: 0 ( I-SLICE, nQP 26 QP 26 )    2819824 bits [Y 99.9900 dB    U 99.9900 dB    V 99.9900 dB] [ET     6 ] [L0 ] [L1 ]
POC   48 TId: 0 ( I-SLICE, nQP 26 QP 26 )    2822600 bits [Y 99.9900 dB    U 99.9900 dB    V 99.9900 dB] [ET     6 ] [L0 ] [L1 ]
POC   49 TId: 0 ( I-SLICE, nQP 26 QP 26 )    2827520 bits [Y 99.9900 dB    U 99.9900 dB    V 99.9900 dB] [ET     6 ] [L0 ] [L1 ]
POC   50 TId: 0 ( I-SLICE, nQP 26 QP 26 )    2843960 bits [Y 99.9900 dB    U 99.9900 dB    V 99.9900 dB] [ET     6 ] [L0 ] [L1 ]
POC   51 TId: 0 ( I-SLICE, nQP 26 QP 26 )    2829656 bits [Y 99.9900 dB    U 99.9900 dB    V 99.9900 dB] [ET     7 ] [L0 ] [L1 ]
POC   52 TId: 0 ( I-SLICE, nQP 26 QP 26 )    2828136 bits [Y 99.9900 dB    U 99.9900 dB    V 99.9900 dB] [ET     6 ] [L0 ] [L1 ]
POC   53 TId: 0 ( I-SLICE, nQP 26 QP 26 )    2828704 bits [Y 99.9900 dB    U 99.9900 dB    V 99.9900 dB] [ET     6 ] [L0 ] [L1 ]
POC   54 TId: 0 ( I-SLICE, nQP 26 QP 26 )    2816072 bits [Y 99.9900 dB    U 99.9900 dB    V 99.9900 dB] [ET     7 ] [L0 ] [L1 ]
POC   55 TId: 0 ( I-SLICE, nQP 26 QP 26 )    2815160 bits [Y 99.9900 dB    U 99.9900 dB    V 99.9900 dB] [ET     6 ] [L0 ] [L1 ]
POC   56 TId: 0 ( I-SLICE, nQP 26 QP 26 )    2813720 bits [Y 99.9900 dB    U 99.9900 dB    V 99.9900 dB] [ET     6 ] [L0 ] [L1 ]
POC   57 TId: 0 ( I-SLICE, nQP 26 QP 26 )    2815016 bits [Y 99.9900 dB    U 99.9900 dB    V 99.9900 dB] [ET     6 ] [L0 ] [L1 ]
POC   58 TId: 0 ( I-SLICE, nQP 26 QP 26 )    2814352 bits [Y 99.9900 dB    U 99.9900 dB    V 99.9900 dB] [ET     6 ] [L0 ] [L1 ]
POC   59 TId: 0 ( I-SLICE, nQP 26 QP 26 )    2812384 bits [Y 99.9900 dB    U 99.9900 dB    V 99.9900 dB] [ET     6 ] [L0 ] [L1 ]
POC   60 TId: 0 ( I-SLICE, nQP 26 QP 26 )    2812296 bits [Y 99.9900 dB    U 99.9900 dB    V 99.9900 dB] [ET     7 ] [L0 ] [L1 ]
POC   61 TId: 0 ( I-SLICE, nQP 26 QP 26 )    2816512 bits [Y 99.9900 dB    U 99.9900 dB    V 99.9900 dB] [ET     6 ] [L0 ] [L1 ]
POC   62 TId: 0 ( I-SLICE, nQP 26 QP 26 )    2817032 bits [Y 99.9900 dB    U 99.9900 dB    V 99.9900 dB] [ET     6 ] [L0 ] [L1 ]
POC   63 TId: 0 ( I-SLICE, nQP 26 QP 26 )    2817072 bits [Y 99.9900 dB    U 99.9900 dB    V 99.9900 dB] [ET     6 ] [L0 ] [L1 ]
POC   64 TId: 0 ( I-SLICE, nQP 26 QP 26 )    2815272 bits [Y 99.9900 dB    U 99.9900 dB    V 99.9900 dB] [ET     6 ] [L0 ] [L1 ]
POC   65 TId: 0 ( I-SLICE, nQP 26 QP 26 )    2814712 bits [Y 99.9900 dB    U 99.9900 dB    V 99.9900 dB] [ET     6 ] [L0 ] [L1 ]
POC   66 TId: 0 ( I-SLICE, nQP 26 QP 26 )    2818992 bits [Y 99.9900 dB    U 99.9900 dB    V 99.9900 dB] [ET     6 ] [L0 ] [L1 ]
POC   67 TId: 0 ( I-SLICE, nQP 26 QP 26 )    2855592 bits [Y 99.9900 dB    U 99.9900 dB    V 99.9900 dB] [ET     6 ] [L0 ] [L1 ]
POC   68 TId: 0 ( I-SLICE, nQP 26 QP 26 )    2855432 bits [Y 99.9900 dB    U 99.9900 dB    V 99.9900 dB] [ET     6 ] [L0 ] [L1 ]
POC   69 TId: 0 ( I-SLICE, nQP 26 QP 26 )    2854000 bits [Y 99.9900 dB    U 99.9900 dB    V 99.9900 dB] [ET     6 ] [L0 ] [L1 ]
POC   70 TId: 0 ( I-SLICE, nQP 26 QP 26 )    2854144 bits [Y 99.9900 dB    U 99.9900 dB    V 99.9900 dB] [ET     7 ] [L0 ] [L1 ]
POC   71 TId: 0 ( I-SLICE, nQP 26 QP 26 )    2849536 bits [Y 99.9900 dB    U 99.9900 dB    V 99.9900 dB] [ET     7 ] [L0 ] [L1 ]
POC   72 TId: 0 ( I-SLICE, nQP 26 QP 26 )    2850360 bits [Y 99.9900 dB    U 99.9900 dB    V 99.9900 dB] [ET     6 ] [L0 ] [L1 ]
POC   73 TId: 0 ( I-SLICE, nQP 26 QP 26 )    2849240 bits [Y 99.9900 dB    U 99.9900 dB    V 99.9900 dB] [ET     6 ] [L0 ] [L1 ]
POC   74 TId: 0 ( I-SLICE, nQP 26 QP 26 )    2848992 bits [Y 99.9900 dB    U 99.9900 dB    V 99.9900 dB] [ET     6 ] [L0 ] [L1 ]
POC   75 TId: 0 ( I-SLICE, nQP 26 QP 26 )    2849040 bits [Y 99.9900 dB    U 99.9900 dB    V 99.9900 dB] [ET     6 ] [L0 ] [L1 ]
POC   76 TId: 0 ( I-SLICE, nQP 26 QP 26 )    2850360 bits [Y 99.9900 dB    U 99.9900 dB    V 99.9900 dB] [ET     7 ] [L0 ] [L1 ]
POC   77 TId: 0 ( I-SLICE, nQP 26 QP 26 )    2849720 bits [Y 99.9900 dB    U 99.9900 dB    V 99.9900 dB] [ET     7 ] [L0 ] [L1 ]
POC   78 TId: 0 ( I-SLICE, nQP 26 QP 26 )    2850128 bits [Y 99.9900 dB    U 99.9900 dB    V 99.9900 dB] [ET     6 ] [L0 ] [L1 ]
POC   79 TId: 0 ( I-SLICE, nQP 26 QP 26 )    2855312 bits [Y 99.9900 dB    U 99.9900 dB    V 99.9900 dB] [ET     6 ] [L0 ] [L1 ]
POC   80 TId: 0 ( I-SLICE, nQP 26 QP 26 )    2855000 bits [Y 99.9900 dB    U 99.9900 dB    V 99.9900 dB] [ET     6 ] [L0 ] [L1 ]
POC   81 TId: 0 ( I-SLICE, nQP 26 QP 26 )    2851432 bits [Y 99.9900 dB    U 99.9900 dB    V 99.9900 dB] [ET     7 ] [L0 ] [L1 ]
POC   82 TId: 0 ( I-SLICE, nQP 26 QP 26 )    2852176 bits [Y 99.9900 dB    U 99.9900 dB    V 99.9900 dB] [ET     6 ] [L0 ] [L1 ]
POC   83 TId: 0 ( I-SLICE, nQP 26 QP 26 )    2851272 bits [Y 99.9900 dB    U 99.9900 dB    V 99.9900 dB] [ET     6 ] [L0 ] [L1 ]
POC   84 TId: 0 ( I-SLICE, nQP 26 QP 26 )    2851584 bits [Y 99.9900 dB    U 99.9900 dB    V 99.9900 dB] [ET     6 ] [L0 ] [L1 ]
POC   85 TId: 0 ( I-SLICE, nQP 26 QP 26 )    2851072 bits [Y 99.9900 dB    U 99.9900 dB    V 99.9900 dB] [ET     7 ] [L0 ] [L1 ]
POC   86 TId: 0 ( I-SLICE, nQP 26 QP 26 )    2849312 bits [Y 99.9900 dB    U 99.9900 dB    V 99.9900 dB] [ET     6 ] [L0 ] [L1 ]
POC   87 TId: 0 ( I-SLICE, nQP 26 QP 26 )    2849112 bits [Y 99.9900 dB    U 99.9900 dB    V 99.9900 dB] [ET     6 ] [L0 ] [L1 ]
POC   88 TId: 0 ( I-SLICE, nQP 26 QP 26 )    2848976 bits [Y 99.9900 dB    U 99.9900 dB    V 99.9900 dB] [ET     6 ] [L0 ] [L1 ]
POC   89 TId: 0 ( I-SLICE, nQP 26 QP 26 )    2852032 bits [Y 99.9900 dB    U 99.9900 dB    V 99.9900 dB] [ET     6 ] [L0 ] [L1 ]
POC   90 TId: 0 ( I-SLICE, nQP 26 QP 26 )    2852000 bits [Y 99.9900 dB    U 99.9900 dB    V 99.9900 dB] [ET     6 ] [L0 ] [L1 ]
POC   91 TId: 0 ( I-SLICE, nQP 26 QP 26 )    2851760 bits [Y 99.9900 dB    U 99.9900 dB    V 99.9900 dB] [ET     6 ] [L0 ] [L1 ]
POC   92 TId: 0 ( I-SLICE, nQP 26 QP 26 )    2851808 bits [Y 99.9900 dB    U 99.9900 dB    V 99.9900 dB] [ET     7 ] [L0 ] [L1 ]
POC   93 TId: 0 ( I-SLICE, nQP 26 QP 26 )    2851752 bits [Y 99.9900 dB    U 99.9900 dB    V 99.9900 dB] [ET     6 ] [L0 ] [L1 ]
POC   94 TId: 0 ( I-SLICE, nQP 26 QP 26 )    2848848 bits [Y 99.9900 dB    U 99.9900 dB    V 99.9900 dB] [ET     6 ] [L0 ] [L1 ]
POC   95 TId: 0 ( I-SLICE, nQP 26 QP 26 )    2849264 bits [Y 99.9900 dB    U 99.9900 dB    V 99.9900 dB] [ET     6 ] [L0 ] [L1 ]
POC   96 TId: 0 ( I-SLICE, nQP 26 QP 26 )    2848848 bits [Y 99.9900 dB    U 99.9900 dB    V 99.9900 dB] [ET     7 ] [L0 ] [L1 ]
POC   97 TId: 0 ( I-SLICE, nQP 26 QP 26 )    2848872 bits [Y 99.9900 dB    U 99.9900 dB    V 99.9900 dB] [ET     6 ] [L0 ] [L1 ]
POC   98 TId: 0 ( I-SLICE, nQP 26 QP 26 )    2848704 bits [Y 99.9900 dB    U 99.9900 dB    V 99.9900 dB] [ET     6 ] [L0 ] [L1 ]
POC   99 TId: 0 ( I-SLICE, nQP 26 QP 26 )    2848824 bits [Y 99.9900 dB    U 99.9900 dB    V 99.9900 dB] [ET     7 ] [L0 ] [L1 ]
POC  100 TId: 0 ( I-SLICE, nQP 26 QP 26 )    2848824 bits [Y 99.9900 dB    U 99.9900 dB    V 99.9900 dB] [ET     6 ] [L0 ] [L1 ]
POC  101 TId: 0 ( I-SLICE, nQP 26 QP 26 )    2848984 bits [Y 99.9900 dB    U 99.9900 dB    V 99.9900 dB] [ET     7 ] [L0 ] [L1 ]
POC  102 TId: 0 ( I-SLICE, nQP 26 QP 26 )    2848920 bits [Y 99.9900 dB    U 99.9900 dB    V 99.9900 dB] [ET     6 ] [L0 ] [L1 ]
POC  103 TId: 0 ( I-SLICE, nQP 26 QP 26 )    2849224 bits [Y 99.9900 dB    U 99.9900 dB    V 99.9900 dB] [ET     6 ] [L0 ] [L1 ]
POC  104 TId: 0 ( I-SLICE, nQP 26 QP 26 )    2852064 bits [Y 99.9900 dB    U 99.9900 dB    V 99.9900 dB] [ET     6 ] [L0 ] [L1 ]
POC  105 TId: 0 ( I-SLICE, nQP 26 QP 26 )    2851696 bits [Y 99.9900 dB    U 99.9900 dB    V 99.9900 dB] [ET     6 ] [L0 ] [L1 ]
POC  106 TId: 0 ( I-SLICE, nQP 26 QP 26 )    2848944 bits [Y 99.9900 dB    U 99.9900 dB    V 99.9900 dB] [ET     7 ] [L0 ] [L1 ]
POC  107 TId: 0 ( I-SLICE, nQP 26 QP 26 )    2848624 bits [Y 99.9900 dB    U 99.9900 dB    V 99.9900 dB] [ET     7 ] [L0 ] [L1 ]
POC  108 TId: 0 ( I-SLICE, nQP 26 QP 26 )    2848808 bits [Y 99.9900 dB    U 99.9900 dB    V 99.9900 dB] [ET     6 ] [L0 ] [L1 ]
POC  109 TId: 0 ( I-SLICE, nQP 26 QP 26 )    2851384 bits [Y 99.9900 dB    U 99.9900 dB    V 99.9900 dB] [ET     6 ] [L0 ] [L1 ]
POC  110 TId: 0 ( I-SLICE, nQP 26 QP 26 )    2851704 bits [Y 99.9900 dB    U 99.9900 dB    V 99.9900 dB] [ET     6 ] [L0 ] [L1 ]
POC  111 TId: 0 ( I-SLICE, nQP 26 QP 26 )    2851720 bits [Y 99.9900 dB    U 99.9900 dB    V 99.9900 dB] [ET     7 ] [L0 ] [L1 ]
POC  112 TId: 0 ( I-SLICE, nQP 26 QP 26 )    2851640 bits [Y 99.9900 dB    U 99.9900 dB    V 99.9900 dB] [ET     6 ] [L0 ] [L1 ]
POC  113 TId: 0 ( I-SLICE, nQP 26 QP 26 )    2852080 bits [Y 99.9900 dB    U 99.9900 dB    V 99.9900 dB] [ET     6 ] [L0 ] [L1 ]
POC  114 TId: 0 ( I-SLICE, nQP 26 QP 26 )    2848944 bits [Y 99.9900 dB    U 99.9900 dB    V 99.9900 dB] [ET     6 ] [L0 ] [L1 ]
POC  115 TId: 0 ( I-SLICE, nQP 26 QP 26 )    2849008 bits [Y 99.9900 dB    U 99.9900 dB    V 99.9900 dB] [ET     7 ] [L0 ] [L1 ]
POC  116 TId: 0 ( I-SLICE, nQP 26 QP 26 )    2849064 bits [Y 99.9900 dB    U 99.9900 dB    V 99.9900 dB] [ET     6 ] [L0 ] [L1 ]
POC  117 TId: 0 ( I-SLICE, nQP 26 QP 26 )    2848800 bits [Y 99.9900 dB    U 99.9900 dB    V 99.9900 dB] [ET     6 ] [L0 ] [L1 ]
POC  118 TId: 0 ( I-SLICE, nQP 26 QP 26 )    2848848 bits [Y 99.9900 dB    U 99.9900 dB    V 99.9900 dB] [ET     6 ] [L0 ] [L1 ]
POC  119 TId: 0 ( I-SLICE, nQP 26 QP 26 )    2848760 bits [Y 99.9900 dB    U 99.9900 dB    V 99.9900 dB] [ET     6 ] [L0 ] [L1 ]
POC  120 TId: 0 ( I-SLICE, nQP 26 QP 26 )    2849080 bits [Y 99.9900 dB    U 99.9900 dB    V 99.9900 dB] [ET     6 ] [L0 ] [L1 ]
POC  121 TId: 0 ( I-SLICE, nQP 26 QP 26 )    2848896 bits [Y 99.9900 dB    U 99.9900 dB    V 99.9900 dB] [ET     6 ] [L0 ] [L1 ]
POC  122 TId: 0 ( I-SLICE, nQP 26 QP 26 )    2848704 bits [Y 99.9900 dB    U 99.9900 dB    V 99.9900 dB] [ET     6 ] [L0 ] [L1 ]
POC  123 TId: 0 ( I-SLICE, nQP 26 QP 26 )    2954208 bits [Y 99.9900 dB    U 99.9900 dB    V 99.9900 dB] [ET     7 ] [L0 ] [L1 ]
POC  124 TId: 0 ( I-SLICE, nQP 26 QP 26 )    2957872 bits [Y 99.9900 dB    U 99.9900 dB    V 99.9900 dB] [ET     6 ] [L0 ] [L1 ]
POC  125 TId: 0 ( I-SLICE, nQP 26 QP 26 )    2958440 bits [Y 99.9900 dB    U 99.9900 dB    V 99.9900 dB] [ET     7 ] [L0 ] [L1 ]
POC  126 TId: 0 ( I-SLICE, nQP 26 QP 26 )    2955128 bits [Y 99.9900 dB    U 99.9900 dB    V 99.9900 dB] [ET     7 ] [L0 ] [L1 ]
POC  127 TId: 0 ( I-SLICE, nQP 26 QP 26 )    2955840 bits [Y 99.9900 dB    U 99.9900 dB    V 99.9900 dB] [ET     7 ] [L0 ] [L1 ]
POC  128 TId: 0 ( I-SLICE, nQP 26 QP 26 )    2958088 bits [Y 99.9900 dB    U 99.9900 dB    V 99.9900 dB] [ET     7 ] [L0 ] [L1 ]
POC  129 TId: 0 ( I-SLICE, nQP 26 QP 26 )    2959600 bits [Y 99.9900 dB    U 99.9900 dB    V 99.9900 dB] [ET     7 ] [L0 ] [L1 ]
POC  130 TId: 0 ( I-SLICE, nQP 26 QP 26 )    2963632 bits [Y 99.9900 dB    U 99.9900 dB    V 99.9900 dB] [ET     7 ] [L0 ] [L1 ]
POC  131 TId: 0 ( I-SLICE, nQP 26 QP 26 )    2967176 bits [Y 99.9900 dB    U 99.9900 dB    V 99.9900 dB] [ET     7 ] [L0 ] [L1 ]
POC  132 TId: 0 ( I-SLICE, nQP 26 QP 26 )    2966672 bits [Y 99.9900 dB    U 99.9900 dB    V 99.9900 dB] [ET     7 ] [L0 ] [L1 ]
POC  133 TId: 0 ( I-SLICE, nQP 26 QP 26 )    2966936 bits [Y 99.9900 dB    U 99.9900 dB    V 99.9900 dB] [ET     6 ] [L0 ] [L1 ]
POC  134 TId: 0 ( I-SLICE, nQP 26 QP 26 )    2968328 bits [Y 99.9900 dB    U 99.9900 dB    V 99.9900 dB] [ET     6 ] [L0 ] [L1 ]
POC  135 TId: 0 ( I-SLICE, nQP 26 QP 26 )    2968640 bits [Y 99.9900 dB    U 99.9900 dB    V 99.9900 dB] [ET     6 ] [L0 ] [L1 ]
POC  136 TId: 0 ( I-SLICE, nQP 26 QP 26 )    2967024 bits [Y 99.9900 dB    U 99.9900 dB    V 99.9900 dB] [ET     7 ] [L0 ] [L1 ]
POC  137 TId: 0 ( I-SLICE, nQP 26 QP 26 )    2967416 bits [Y 99.9900 dB    U 99.9900 dB    V 99.9900 dB] [ET     6 ] [L0 ] [L1 ]
POC  138 TId: 0 ( I-SLICE, nQP 26 QP 26 )    2967480 bits [Y 99.9900 dB    U 99.9900 dB    V 99.9900 dB] [ET     7 ] [L0 ] [L1 ]
POC  139 TId: 0 ( I-SLICE, nQP 26 QP 26 )    2967472 bits [Y 99.9900 dB    U 99.9900 dB    V 99.9900 dB] [ET     7 ] [L0 ] [L1 ]
POC  140 TId: 0 ( I-SLICE, nQP 26 QP 26 )    2965992 bits [Y 99.9900 dB    U 99.9900 dB    V 99.9900 dB] [ET     7 ] [L0 ] [L1 ]
POC  141 TId: 0 ( I-SLICE, nQP 26 QP 26 )    2965224 bits [Y 99.9900 dB    U 99.9900 dB    V 99.9900 dB] [ET     7 ] [L0 ] [L1 ]
POC  142 TId: 0 ( I-SLICE, nQP 26 QP 26 )    2828144 bits [Y 99.9900 dB    U 99.9900 dB    V 99.9900 dB] [ET     7 ] [L0 ] [L1 ]
POC  143 TId: 0 ( I-SLICE, nQP 26 QP 26 )    2831480 bits [Y 99.9900 dB    U 99.9900 dB    V 99.9900 dB] [ET     6 ] [L0 ] [L1 ]
POC  144 TId: 0 ( I-SLICE, nQP 26 QP 26 )    2831272 bits [Y 99.9900 dB    U 99.9900 dB    V 99.9900 dB] [ET     6 ] [L0 ] [L1 ]
POC  145 TId: 0 ( I-SLICE, nQP 26 QP 26 )    2832936 bits [Y 99.9900 dB    U 99.9900 dB    V 99.9900 dB] [ET     7 ] [L0 ] [L1 ]
POC  146 TId: 0 ( I-SLICE, nQP 26 QP 26 )    2832088 bits [Y 99.9900 dB    U 99.9900 dB    V 99.9900 dB] [ET     7 ] [L0 ] [L1 ]
POC  147 TId: 0 ( I-SLICE, nQP 26 QP 26 )    2832040 bits [Y 99.9900 dB    U 99.9900 dB    V 99.9900 dB] [ET     6 ] [L0 ] [L1 ]
POC  148 TId: 0 ( I-SLICE, nQP 26 QP 26 )    2829216 bits [Y 99.9900 dB    U 99.9900 dB    V 99.9900 dB] [ET     7 ] [L0 ] [L1 ]
POC  149 TId: 0 ( I-SLICE, nQP 26 QP 26 )    2829176 bits [Y 99.9900 dB    U 99.9900 dB    V 99.9900 dB] [ET     6 ] [L0 ] [L1 ]
POC  150 TId: 0 ( I-SLICE, nQP 26 QP 26 )    2829440 bits [Y 99.9900 dB    U 99.9900 dB    V 99.9900 dB] [ET     7 ] [L0 ] [L1 ]
POC  151 TId: 0 ( I-SLICE, nQP 26 QP 26 )    2826728 bits [Y 99.9900 dB    U 99.9900 dB    V 99.9900 dB] [ET     6 ] [L0 ] [L1 ]
POC  152 TId: 0 ( I-SLICE, nQP 26 QP 26 )    2826696 bits [Y 99.9900 dB    U 99.9900 dB    V 99.9900 dB] [ET     6 ] [L0 ] [L1 ]
POC  153 TId: 0 ( I-SLICE, nQP 26 QP 26 )    2827920 bits [Y 99.9900 dB    U 99.9900 dB    V 99.9900 dB] [ET     6 ] [L0 ] [L1 ]
POC  154 TId: 0 ( I-SLICE, nQP 26 QP 26 )    2827832 bits [Y 99.9900 dB    U 99.9900 dB    V 99.9900 dB] [ET     6 ] [L0 ] [L1 ]
POC  155 TId: 0 ( I-SLICE, nQP 26 QP 26 )    2833120 bits [Y 99.9900 dB    U 99.9900 dB    V 99.9900 dB] [ET     6 ] [L0 ] [L1 ]
POC  156 TId: 0 ( I-SLICE, nQP 26 QP 26 )    2833536 bits [Y 99.9900 dB    U 99.9900 dB    V 99.9900 dB] [ET     6 ] [L0 ] [L1 ]
POC  157 TId: 0 ( I-SLICE, nQP 26 QP 26 )    2833456 bits [Y 99.9900 dB    U 99.9900 dB    V 99.9900 dB] [ET     6 ] [L0 ] [L1 ]
POC  158 TId: 0 ( I-SLICE, nQP 26 QP 26 )    2831672 bits [Y 99.9900 dB    U 99.9900 dB    V 99.9900 dB] [ET     6 ] [L0 ] [L1 ]
POC  159 TId: 0 ( I-SLICE, nQP 26 QP 26 )    2616448 bits [Y 99.9900 dB    U 99.9900 dB    V 99.9900 dB] [ET     6 ] [L0 ] [L1 ]
POC  160 TId: 0 ( I-SLICE, nQP 26 QP 26 )    2616408 bits [Y 99.9900 dB    U 99.9900 dB    V 99.9900 dB] [ET     6 ] [L0 ] [L1 ]
POC  161 TId: 0 ( I-SLICE, nQP 26 QP 26 )    2583216 bits [Y 99.9900 dB    U 99.9900 dB    V 99.9900 dB] [ET     7 ] [L0 ] [L1 ]
POC  162 TId: 0 ( I-SLICE, nQP 26 QP 26 )    2582864 bits [Y 99.9900 dB    U 99.9900 dB    V 99.9900 dB] [ET     6 ] [L0 ] [L1 ]
POC  163 TId: 0 ( I-SLICE, nQP 26 QP 26 )    2580840 bits [Y 99.9900 dB    U 99.9900 dB    V 99.9900 dB] [ET     6 ] [L0 ] [L1 ]
POC  164 TId: 0 ( I-SLICE, nQP 26 QP 26 )    2580960 bits [Y 99.9900 dB    U 99.9900 dB    V 99.9900 dB] [ET     6 ] [L0 ] [L1 ]
POC  165 TId: 0 ( I-SLICE, nQP 26 QP 26 )    2580968 bits [Y 99.9900 dB    U 99.9900 dB    V 99.9900 dB] [ET     6 ] [L0 ] [L1 ]
POC  166 TId: 0 ( I-SLICE, nQP 26 QP 26 )    2579096 bits [Y 99.9900 dB    U 99.9900 dB    V 99.9900 dB] [ET     6 ] [L0 ] [L1 ]
POC  167 TId: 0 ( I-SLICE, nQP 26 QP 26 )    2578944 bits [Y 99.9900 dB    U 99.9900 dB    V 99.9900 dB] [ET     6 ] [L0 ] [L1 ]
POC  168 TId: 0 ( I-SLICE, nQP 26 QP 26 )    2582128 bits [Y 99.9900 dB    U 99.9900 dB    V 99.9900 dB] [ET     6 ] [L0 ] [L1 ]
POC  169 TId: 0 ( I-SLICE, nQP 26 QP 26 )    2582160 bits [Y 99.9900 dB    U 99.9900 dB    V 99.9900 dB] [ET     7 ] [L0 ] [L1 ]
POC  170 TId: 0 ( I-SLICE, nQP 26 QP 26 )    2580960 bits [Y 99.9900 dB    U 99.9900 dB    V 99.9900 dB] [ET     6 ] [L0 ] [L1 ]
POC  171 TId: 0 ( I-SLICE, nQP 26 QP 26 )    2581248 bits [Y 99.9900 dB    U 99.9900 dB    V 99.9900 dB] [ET     7 ] [L0 ] [L1 ]
POC  172 TId: 0 ( I-SLICE, nQP 26 QP 26 )    2583992 bits [Y 99.9900 dB    U 99.9900 dB    V 99.9900 dB] [ET     6 ] [L0 ] [L1 ]
POC  173 TId: 0 ( I-SLICE, nQP 26 QP 26 )    2585040 bits [Y 99.9900 dB    U 99.9900 dB    V 99.9900 dB] [ET     6 ] [L0 ] [L1 ]
POC  174 TId: 0 ( I-SLICE, nQP 26 QP 26 )    2584872 bits [Y 99.9900 dB    U 99.9900 dB    V 99.9900 dB] [ET     6 ] [L0 ] [L1 ]
POC  175 TId: 0 ( I-SLICE, nQP 26 QP 26 )    2582488 bits [Y 99.9900 dB    U 99.9900 dB    V 99.9900 dB] [ET     6 ] [L0 ] [L1 ]
POC  176 TId: 0 ( I-SLICE, nQP 26 QP 26 )    2583824 bits [Y 99.9900 dB    U 99.9900 dB    V 99.9900 dB] [ET     7 ] [L0 ] [L1 ]
POC  177 TId: 0 ( I-SLICE, nQP 26 QP 26 )    2582768 bits [Y 99.9900 dB    U 99.9900 dB    V 99.9900 dB] [ET     6 ] [L0 ] [L1 ]
POC  178 TId: 0 ( I-SLICE, nQP 26 QP 26 )    2583816 bits [Y 99.9900 dB    U 99.9900 dB    V 99.9900 dB] [ET     6 ] [L0 ] [L1 ]
POC  179 TId: 0 ( I-SLICE, nQP 26 QP 26 )    2583968 bits [Y 99.9900 dB    U 99.9900 dB    V 99.9900 dB] [ET     6 ] [L0 ] [L1 ]
POC  180 TId: 0 ( I-SLICE, nQP 26 QP 26 )    2582792 bits [Y 99.9900 dB    U 99.9900 dB    V 99.9900 dB] [ET     6 ] [L0 ] [L1 ]
POC  181 TId: 0 ( I-SLICE, nQP 26 QP 26 )    2586752 bits [Y 99.9900 dB    U 99.9900 dB    V 99.9900 dB] [ET     6 ] [L0 ] [L1 ]
POC  182 TId: 0 ( I-SLICE, nQP 26 QP 26 )    2586728 bits [Y 99.9900 dB    U 99.9900 dB    V 99.9900 dB] [ET     6 ] [L0 ] [L1 ]
POC  183 TId: 0 ( I-SLICE, nQP 26 QP 26 )    2583232 bits [Y 99.9900 dB    U 99.9900 dB    V 99.9900 dB] [ET     6 ] [L0 ] [L1 ]
POC  184 TId: 0 ( I-SLICE, nQP 26 QP 26 )    2582392 bits [Y 99.9900 dB    U 99.9900 dB    V 99.9900 dB] [ET     6 ] [L0 ] [L1 ]
POC  185 TId: 0 ( I-SLICE, nQP 26 QP 26 )    2583376 bits [Y 99.9900 dB    U 99.9900 dB    V 99.9900 dB] [ET     6 ] [L0 ] [L1 ]
POC  186 TId: 0 ( I-SLICE, nQP 26 QP 26 )    2582424 bits [Y 99.9900 dB    U 99.9900 dB    V 99.9900 dB] [ET     6 ] [L0 ] [L1 ]
POC  187 TId: 0 ( I-SLICE, nQP 26 QP 26 )    2583240 bits [Y 99.9900 dB    U 99.9900 dB    V 99.9900 dB] [ET     6 ] [L0 ] [L1 ]
POC  188 TId: 0 ( I-SLICE, nQP 26 QP 26 )    2587376 bits [Y 99.9900 dB    U 99.9900 dB    V 99.9900 dB] [ET     6 ] [L0 ] [L1 ]
POC  189 TId: 0 ( I-SLICE, nQP 26 QP 26 )    2587440 bits [Y 99.9900 dB    U 99.9900 dB    V 99.9900 dB] [ET     6 ] [L0 ] [L1 ]
POC  190 TId: 0 ( I-SLICE, nQP 26 QP 26 )    2586768 bits [Y 99.9900 dB    U 99.9900 dB    V 99.9900 dB] [ET     6 ] [L0 ] [L1 ]
POC  191 TId: 0 ( I-SLICE, nQP 26 QP 26 )    2583520 bits [Y 99.9900 dB    U 99.9900 dB    V 99.9900 dB] [ET     6 ] [L0 ] [L1 ]
POC  192 TId: 0 ( I-SLICE, nQP 26 QP 26 )    2583648 bits [Y 99.9900 dB    U 99.9900 dB    V 99.9900 dB] [ET     6 ] [L0 ] [L1 ]
POC  193 TId: 0 ( I-SLICE, nQP 26 QP 26 )    2596408 bits [Y 99.9900 dB    U 99.9900 dB    V 99.9900 dB] [ET     6 ] [L0 ] [L1 ]
POC  194 TId: 0 ( I-SLICE, nQP 26 QP 26 )    2596944 bits [Y 99.9900 dB    U 99.9900 dB    V 99.9900 dB] [ET     6 ] [L0 ] [L1 ]
POC  195 TId: 0 ( I-SLICE, nQP 26 QP 26 )    2596664 bits [Y 99.9900 dB    U 99.9900 dB    V 99.9900 dB] [ET     6 ] [L0 ] [L1 ]
POC  196 TId: 0 ( I-SLICE, nQP 26 QP 26 )    2597272 bits [Y 99.9900 dB    U 99.9900 dB    V 99.9900 dB] [ET     6 ] [L0 ] [L1 ]
POC  197 TId: 0 ( I-SLICE, nQP 26 QP 26 )    2593808 bits [Y 99.9900 dB    U 99.9900 dB    V 99.9900 dB] [ET     6 ] [L0 ] [L1 ]
POC  198 TId: 0 ( I-SLICE, nQP 26 QP 26 )    2598568 bits [Y 99.9900 dB    U 99.9900 dB    V 99.9900 dB] [ET     6 ] [L0 ] [L1 ]
POC  199 TId: 0 ( I-SLICE, nQP 26 QP 26 )    2599584 bits [Y 99.9900 dB    U 99.9900 dB    V 99.9900 dB] [ET     6 ] [L0 ] [L1 ]
POC  200 TId: 0 ( I-SLICE, nQP 26 QP 26 )    2596080 bits [Y 99.9900 dB    U 99.9900 dB    V 99.9900 dB] [ET     6 ] [L0 ] [L1 ]
POC  201 TId: 0 ( I-SLICE, nQP 26 QP 26 )    2599992 bits [Y 99.9900 dB    U 99.9900 dB    V 99.9900 dB] [ET     6 ] [L0 ] [L1 ]
POC  202 TId: 0 ( I-SLICE, nQP 26 QP 26 )    2598616 bits [Y 99.9900 dB    U 99.9900 dB    V 99.9900 dB] [ET     6 ] [L0 ] [L1 ]
POC  203 TId: 0 ( I-SLICE, nQP 26 QP 26 )    2601656 bits [Y 99.9900 dB    U 99.9900 dB    V 99.9900 dB] [ET     6 ] [L0 ] [L1 ]
POC  204 TId: 0 ( I-SLICE, nQP 26 QP 26 )    2601288 bits [Y 99.9900 dB    U 99.9900 dB    V 99.9900 dB] [ET     6 ] [L0 ] [L1 ]
POC  205 TId: 0 ( I-SLICE, nQP 26 QP 26 )    2601392 bits [Y 99.9900 dB    U 99.9900 dB    V 99.9900 dB] [ET     6 ] [L0 ] [L1 ]
POC  206 TId: 0 ( I-SLICE, nQP 26 QP 26 )    2604472 bits [Y 99.9900 dB    U 99.9900 dB    V 99.9900 dB] [ET     6 ] [L0 ] [L1 ]
POC  207 TId: 0 ( I-SLICE, nQP 26 QP 26 )    2604704 bits [Y 99.9900 dB    U 99.9900 dB    V 99.9900 dB] [ET     6 ] [L0 ] [L1 ]
POC  208 TId: 0 ( I-SLICE, nQP 26 QP 26 )    2605168 bits [Y 99.9900 dB    U 99.9900 dB    V 99.9900 dB] [ET     6 ] [L0 ] [L1 ]
POC  209 TId: 0 ( I-SLICE, nQP 26 QP 26 )    2604960 bits [Y 99.9900 dB    U 99.9900 dB    V 99.9900 dB] [ET     6 ] [L0 ] [L1 ]
POC  210 TId: 0 ( I-SLICE, nQP 26 QP 26 )    2604960 bits [Y 99.9900 dB    U 99.9900 dB    V 99.9900 dB] [ET     6 ] [L0 ] [L1 ]
POC  211 TId: 0 ( I-SLICE, nQP 26 QP 26 )    2603824 bits [Y 99.9900 dB    U 99.9900 dB    V 99.9900 dB] [ET     6 ] [L0 ] [L1 ]
POC  212 TId: 0 ( I-SLICE, nQP 26 QP 26 )    2603824 bits [Y 99.9900 dB    U 99.9900 dB    V 99.9900 dB] [ET     6 ] [L0 ] [L1 ]
POC  213 TId: 0 ( I-SLICE, nQP 26 QP 26 )    2602776 bits [Y 99.9900 dB    U 99.9900 dB    V 99.9900 dB] [ET     6 ] [L0 ] [L1 ]
POC  214 TId: 0 ( I-SLICE, nQP 26 QP 26 )    2602776 bits [Y 99.9900 dB    U 99.9900 dB    V 99.9900 dB] [ET     6 ] [L0 ] [L1 ]
POC  215 TId: 0 ( I-SLICE, nQP 26 QP 26 )    2602776 bits [Y 99.9900 dB    U 99.9900 dB    V 99.9900 dB] [ET     6 ] [L0 ] [L1 ]
POC  216 TId: 0 ( I-SLICE, nQP 26 QP 26 )    2603608 bits [Y 99.9900 dB    U 99.9900 dB    V 99.9900 dB] [ET     6 ] [L0 ] [L1 ]
POC  217 TId: 0 ( I-SLICE, nQP 26 QP 26 )    2603592 bits [Y 99.9900 dB    U 99.9900 dB    V 99.9900 dB] [ET     6 ] [L0 ] [L1 ]
POC  218 TId: 0 ( I-SLICE, nQP 26 QP 26 )    2600536 bits [Y 99.9900 dB    U 99.9900 dB    V 99.9900 dB] [ET     6 ] [L0 ] [L1 ]
POC  219 TId: 0 ( I-SLICE, nQP 26 QP 26 )    2600568 bits [Y 99.9900 dB    U 99.9900 dB    V 99.9900 dB] [ET     6 ] [L0 ] [L1 ]
POC  220 TId: 0 ( I-SLICE, nQP 26 QP 26 )    2600136 bits [Y 99.9900 dB    U 99.9900 dB    V 99.9900 dB] [ET     6 ] [L0 ] [L1 ]
POC  221 TId: 0 ( I-SLICE, nQP 26 QP 26 )    2602664 bits [Y 99.9900 dB    U 99.9900 dB    V 99.9900 dB] [ET     6 ] [L0 ] [L1 ]
POC  222 TId: 0 ( I-SLICE, nQP 26 QP 26 )    2604072 bits [Y 99.9900 dB    U 99.9900 dB    V 99.9900 dB] [ET     6 ] [L0 ] [L1 ]
POC  223 TId: 0 ( I-SLICE, nQP 26 QP 26 )    2599888 bits [Y 99.9900 dB    U 99.9900 dB    V 99.9900 dB] [ET     6 ] [L0 ] [L1 ]
POC  224 TId: 0 ( I-SLICE, nQP 26 QP 26 )    2602448 bits [Y 99.9900 dB    U 99.9900 dB    V 99.9900 dB] [ET     6 ] [L0 ] [L1 ]
POC  225 TId: 0 ( I-SLICE, nQP 26 QP 26 )    2605896 bits [Y 99.9900 dB    U 99.9900 dB    V 99.9900 dB] [ET     6 ] [L0 ] [L1 ]
POC  226 TId: 0 ( I-SLICE, nQP 26 QP 26 )    2603472 bits [Y 99.9900 dB    U 99.9900 dB    V 99.9900 dB] [ET     6 ] [L0 ] [L1 ]
POC  227 TId: 0 ( I-SLICE, nQP 26 QP 26 )    2603688 bits [Y 99.9900 dB    U 99.9900 dB    V 99.9900 dB] [ET     6 ] [L0 ] [L1 ]
POC  228 TId: 0 ( I-SLICE, nQP 26 QP 26 )    2603960 bits [Y 99.9900 dB    U 99.9900 dB    V 99.9900 dB] [ET     6 ] [L0 ] [L1 ]
POC  229 TId: 0 ( I-SLICE, nQP 26 QP 26 )    2603912 bits [Y 99.9900 dB    U 99.9900 dB    V 99.9900 dB] [ET     6 ] [L0 ] [L1 ]
POC  230 TId: 0 ( I-SLICE, nQP 26 QP 26 )    2603520 bits [Y 99.9900 dB    U 99.9900 dB    V 99.9900 dB] [ET     6 ] [L0 ] [L1 ]
POC  231 TId: 0 ( I-SLICE, nQP 26 QP 26 )    2603840 bits [Y 99.9900 dB    U 99.9900 dB    V 99.9900 dB] [ET     6 ] [L0 ] [L1 ]
POC  232 TId: 0 ( I-SLICE, nQP 26 QP 26 )    2604720 bits [Y 99.9900 dB    U 99.9900 dB    V 99.9900 dB] [ET     6 ] [L0 ] [L1 ]
POC  233 TId: 0 ( I-SLICE, nQP 26 QP 26 )    2603064 bits [Y 99.9900 dB    U 99.9900 dB    V 99.9900 dB] [ET     6 ] [L0 ] [L1 ]
POC  234 TId: 0 ( I-SLICE, nQP 26 QP 26 )    2603936 bits [Y 99.9900 dB    U 99.9900 dB    V 99.9900 dB] [ET     6 ] [L0 ] [L1 ]
POC  235 TId: 0 ( I-SLICE, nQP 26 QP 26 )    2603936 bits [Y 99.9900 dB    U 99.9900 dB    V 99.9900 dB] [ET     6 ] [L0 ] [L1 ]
POC  236 TId: 0 ( I-SLICE, nQP 26 QP 26 )    2605064 bits [Y 99.9900 dB    U 99.9900 dB    V 99.9900 dB] [ET     6 ] [L0 ] [L1 ]
POC  237 TId: 0 ( I-SLICE, nQP 26 QP 26 )    2605136 bits [Y 99.9900 dB    U 99.9900 dB    V 99.9900 dB] [ET     6 ] [L0 ] [L1 ]
POC  238 TId: 0 ( I-SLICE, nQP 26 QP 26 )    2605104 bits [Y 99.9900 dB    U 99.9900 dB    V 99.9900 dB] [ET     6 ] [L0 ] [L1 ]
POC  239 TId: 0 ( I-SLICE, nQP 26 QP 26 )    2605080 bits [Y 99.9900 dB    U 99.9900 dB    V 99.9900 dB] [ET     6 ] [L0 ] [L1 ]
POC  240 TId: 0 ( I-SLICE, nQP 26 QP 26 )    2604448 bits [Y 99.9900 dB    U 99.9900 dB    V 99.9900 dB] [ET     6 ] [L0 ] [L1 ]
POC  241 TId: 0 ( I-SLICE, nQP 26 QP 26 )    2601928 bits [Y 99.9900 dB    U 99.9900 dB    V 99.9900 dB] [ET     6 ] [L0 ] [L1 ]
POC  242 TId: 0 ( I-SLICE, nQP 26 QP 26 )    2601872 bits [Y 99.9900 dB    U 99.9900 dB    V 99.9900 dB] [ET     6 ] [L0 ] [L1 ]
POC  243 TId: 0 ( I-SLICE, nQP 26 QP 26 )    2601160 bits [Y 99.9900 dB    U 99.9900 dB    V 99.9900 dB] [ET     6 ] [L0 ] [L1 ]
POC  244 TId: 0 ( I-SLICE, nQP 26 QP 26 )    2600312 bits [Y 99.9900 dB    U 99.9900 dB    V 99.9900 dB] [ET     6 ] [L0 ] [L1 ]
POC  245 TId: 0 ( I-SLICE, nQP 26 QP 26 )    2600648 bits [Y 99.9900 dB    U 99.9900 dB    V 99.9900 dB] [ET     6 ] [L0 ] [L1 ]
POC  246 TId: 0 ( I-SLICE, nQP 26 QP 26 )    2601680 bits [Y 99.9900 dB    U 99.9900 dB    V 99.9900 dB] [ET     6 ] [L0 ] [L1 ]
POC  247 TId: 0 ( I-SLICE, nQP 26 QP 26 )    2601552 bits [Y 99.9900 dB    U 99.9900 dB    V 99.9900 dB] [ET     6 ] [L0 ] [L1 ]
POC  248 TId: 0 ( I-SLICE, nQP 26 QP 26 )    2602472 bits [Y 99.9900 dB    U 99.9900 dB    V 99.9900 dB] [ET     6 ] [L0 ] [L1 ]
POC  249 TId: 0 ( I-SLICE, nQP 26 QP 26 )    2602504 bits [Y 99.9900 dB    U 99.9900 dB    V 99.9900 dB] [ET     6 ] [L0 ] [L1 ]
POC  250 TId: 0 ( I-SLICE, nQP 26 QP 26 )    2587944 bits [Y 99.9900 dB    U 99.9900 dB    V 99.9900 dB] [ET     6 ] [L0 ] [L1 ]
POC  251 TId: 0 ( I-SLICE, nQP 26 QP 26 )    2583320 bits [Y 99.9900 dB    U 99.9900 dB    V 99.9900 dB] [ET     6 ] [L0 ] [L1 ]
POC  252 TId: 0 ( I-SLICE, nQP 26 QP 26 )    2589640 bits [Y 99.9900 dB    U 99.9900 dB    V 99.9900 dB] [ET     6 ] [L0 ] [L1 ]
POC  253 TId: 0 ( I-SLICE, nQP 26 QP 26 )    2589440 bits [Y 99.9900 dB    U 99.9900 dB    V 99.9900 dB] [ET     6 ] [L0 ] [L1 ]
POC  254 TId: 0 ( I-SLICE, nQP 26 QP 26 )    2590064 bits [Y 99.9900 dB    U 99.9900 dB    V 99.9900 dB] [ET     6 ] [L0 ] [L1 ]
POC  255 TId: 0 ( I-SLICE, nQP 26 QP 26 )    2591544 bits [Y 99.9900 dB    U 99.9900 dB    V 99.9900 dB] [ET     6 ] [L0 ] [L1 ]
POC  256 TId: 0 ( I-SLICE, nQP 26 QP 26 )    2592160 bits [Y 99.9900 dB    U 99.9900 dB    V 99.9900 dB] [ET     6 ] [L0 ] [L1 ]
POC  257 TId: 0 ( I-SLICE, nQP 26 QP 26 )    2590496 bits [Y 99.9900 dB    U 99.9900 dB    V 99.9900 dB] [ET     7 ] [L0 ] [L1 ]
POC  258 TId: 0 ( I-SLICE, nQP 26 QP 26 )    2592424 bits [Y 99.9900 dB    U 99.9900 dB    V 99.9900 dB] [ET     6 ] [L0 ] [L1 ]
POC  259 TId: 0 ( I-SLICE, nQP 26 QP 26 )    2590968 bits [Y 99.9900 dB    U 99.9900 dB    V 99.9900 dB] [ET     6 ] [L0 ] [L1 ]
POC  260 TId: 0 ( I-SLICE, nQP 26 QP 26 )    2592632 bits [Y 99.9900 dB    U 99.9900 dB    V 99.9900 dB] [ET     6 ] [L0 ] [L1 ]
POC  261 TId: 0 ( I-SLICE, nQP 26 QP 26 )    2590904 bits [Y 99.9900 dB    U 99.9900 dB    V 99.9900 dB] [ET     6 ] [L0 ] [L1 ]
POC  262 TId: 0 ( I-SLICE, nQP 26 QP 26 )    2590368 bits [Y 99.9900 dB    U 99.9900 dB    V 99.9900 dB] [ET     6 ] [L0 ] [L1 ]
POC  263 TId: 0 ( I-SLICE, nQP 26 QP 26 )    2590560 bits [Y 99.9900 dB    U 99.9900 dB    V 99.9900 dB] [ET     6 ] [L0 ] [L1 ]
POC  264 TId: 0 ( I-SLICE, nQP 26 QP 26 )    2591056 bits [Y 99.9900 dB    U 99.9900 dB    V 99.9900 dB] [ET     6 ] [L0 ] [L1 ]
POC  265 TId: 0 ( I-SLICE, nQP 26 QP 26 )    2590776 bits [Y 99.9900 dB    U 99.9900 dB    V 99.9900 dB] [ET     6 ] [L0 ] [L1 ]
POC  266 TId: 0 ( I-SLICE, nQP 26 QP 26 )    2584552 bits [Y 99.9900 dB    U 99.9900 dB    V 99.9900 dB] [ET     6 ] [L0 ] [L1 ]
POC  267 TId: 0 ( I-SLICE, nQP 26 QP 26 )    2584536 bits [Y 99.9900 dB    U 99.9900 dB    V 99.9900 dB] [ET     6 ] [L0 ] [L1 ]
POC  268 TId: 0 ( I-SLICE, nQP 26 QP 26 )    2584264 bits [Y 99.9900 dB    U 99.9900 dB    V 99.9900 dB] [ET     6 ] [L0 ] [L1 ]
POC  269 TId: 0 ( I-SLICE, nQP 26 QP 26 )    2584328 bits [Y 99.9900 dB    U 99.9900 dB    V 99.9900 dB] [ET     6 ] [L0 ] [L1 ]
POC  270 TId: 0 ( I-SLICE, nQP 26 QP 26 )    2584328 bits [Y 99.9900 dB    U 99.9900 dB    V 99.9900 dB] [ET     6 ] [L0 ] [L1 ]
POC  271 TId: 0 ( I-SLICE, nQP 26 QP 26 )    2583352 bits [Y 99.9900 dB    U 99.9900 dB    V 99.9900 dB] [ET     6 ] [L0 ] [L1 ]
POC  272 TId: 0 ( I-SLICE, nQP 26 QP 26 )    2583272 bits [Y 99.9900 dB    U 99.9900 dB    V 99.9900 dB] [ET     6 ] [L0 ] [L1 ]
POC  273 TId: 0 ( I-SLICE, nQP 26 QP 26 )    2590960 bits [Y 99.9900 dB    U 99.9900 dB    V 99.9900 dB] [ET     6 ] [L0 ] [L1 ]
POC  274 TId: 0 ( I-SLICE, nQP 26 QP 26 )    2590832 bits [Y 99.9900 dB    U 99.9900 dB    V 99.9900 dB] [ET     6 ] [L0 ] [L1 ]
POC  275 TId: 0 ( I-SLICE, nQP 26 QP 26 )    2591064 bits [Y 99.9900 dB    U 99.9900 dB    V 99.9900 dB] [ET     7 ] [L0 ] [L1 ]
POC  276 TId: 0 ( I-SLICE, nQP 26 QP 26 )    2582424 bits [Y 99.9900 dB    U 99.9900 dB    V 99.9900 dB] [ET     6 ] [L0 ] [L1 ]
POC  277 TId: 0 ( I-SLICE, nQP 26 QP 26 )    2583104 bits [Y 99.9900 dB    U 99.9900 dB    V 99.9900 dB] [ET     6 ] [L0 ] [L1 ]
POC  278 TId: 0 ( I-SLICE, nQP 26 QP 26 )    2582312 bits [Y 99.9900 dB    U 99.9900 dB    V 99.9900 dB] [ET     6 ] [L0 ] [L1 ]
POC  279 TId: 0 ( I-SLICE, nQP 26 QP 26 )    2582904 bits [Y 99.9900 dB    U 99.9900 dB    V 99.9900 dB] [ET     6 ] [L0 ] [L1 ]
POC  280 TId: 0 ( I-SLICE, nQP 26 QP 26 )    2582936 bits [Y 99.9900 dB    U 99.9900 dB    V 99.9900 dB] [ET     6 ] [L0 ] [L1 ]
POC  281 TId: 0 ( I-SLICE, nQP 26 QP 26 )    2582768 bits [Y 99.9900 dB    U 99.9900 dB    V 99.9900 dB] [ET     6 ] [L0 ] [L1 ]
POC  282 TId: 0 ( I-SLICE, nQP 26 QP 26 )    2582560 bits [Y 99.9900 dB    U 99.9900 dB    V 99.9900 dB] [ET     6 ] [L0 ] [L1 ]
POC  283 TId: 0 ( I-SLICE, nQP 26 QP 26 )    2582912 bits [Y 99.9900 dB    U 99.9900 dB    V 99.9900 dB] [ET     6 ] [L0 ] [L1 ]
POC  284 TId: 0 ( I-SLICE, nQP 26 QP 26 )    2619040 bits [Y 99.9900 dB    U 99.9900 dB    V 99.9900 dB] [ET     6 ] [L0 ] [L1 ]
POC  285 TId: 0 ( I-SLICE, nQP 26 QP 26 )    2617160 bits [Y 99.9900 dB    U 99.9900 dB    V 99.9900 dB] [ET     6 ] [L0 ] [L1 ]
POC  286 TId: 0 ( I-SLICE, nQP 26 QP 26 )    2796512 bits [Y 99.9900 dB    U 99.9900 dB    V 99.9900 dB] [ET     6 ] [L0 ] [L1 ]
POC  287 TId: 0 ( I-SLICE, nQP 26 QP 26 )    2795928 bits [Y 99.9900 dB    U 99.9900 dB    V 99.9900 dB] [ET     6 ] [L0 ] [L1 ]
POC  288 TId: 0 ( I-SLICE, nQP 26 QP 26 )    2795312 bits [Y 99.9900 dB    U 99.9900 dB    V 99.9900 dB] [ET     6 ] [L0 ] [L1 ]
POC  289 TId: 0 ( I-SLICE, nQP 26 QP 26 )    2794408 bits [Y 99.9900 dB    U 99.9900 dB    V 99.9900 dB] [ET     7 ] [L0 ] [L1 ]
POC  290 TId: 0 ( I-SLICE, nQP 26 QP 26 )    2802712 bits [Y 99.9900 dB    U 99.9900 dB    V 99.9900 dB] [ET     6 ] [L0 ] [L1 ]
POC  291 TId: 0 ( I-SLICE, nQP 26 QP 26 )    2802864 bits [Y 99.9900 dB    U 99.9900 dB    V 99.9900 dB] [ET     7 ] [L0 ] [L1 ]
POC  292 TId: 0 ( I-SLICE, nQP 26 QP 26 )    2801712 bits [Y 99.9900 dB    U 99.9900 dB    V 99.9900 dB] [ET     6 ] [L0 ] [L1 ]
POC  293 TId: 0 ( I-SLICE, nQP 26 QP 26 )    2802416 bits [Y 99.9900 dB    U 99.9900 dB    V 99.9900 dB] [ET     6 ] [L0 ] [L1 ]
POC  294 TId: 0 ( I-SLICE, nQP 26 QP 26 )    2806400 bits [Y 99.9900 dB    U 99.9900 dB    V 99.9900 dB] [ET     7 ] [L0 ] [L1 ]
POC  295 TId: 0 ( I-SLICE, nQP 26 QP 26 )    2807552 bits [Y 99.9900 dB    U 99.9900 dB    V 99.9900 dB] [ET     6 ] [L0 ] [L1 ]
POC  296 TId: 0 ( I-SLICE, nQP 26 QP 26 )    2807160 bits [Y 99.9900 dB    U 99.9900 dB    V 99.9900 dB] [ET     6 ] [L0 ] [L1 ]
POC  297 TId: 0 ( I-SLICE, nQP 26 QP 26 )    2806536 bits [Y 99.9900 dB    U 99.9900 dB    V 99.9900 dB] [ET     6 ] [L0 ] [L1 ]
POC  298 TId: 0 ( I-SLICE, nQP 26 QP 26 )    2807096 bits [Y 99.9900 dB    U 99.9900 dB    V 99.9900 dB] [ET     6 ] [L0 ] [L1 ]
POC  299 TId: 0 ( I-SLICE, nQP 26 QP 26 )    2803864 bits [Y 99.9900 dB    U 99.9900 dB    V 99.9900 dB] [ET     6 ] [L0 ] [L1 ]


SUMMARY --------------------------------------------------------
	Total Frames |  Bitrate    Y-PSNR    U-PSNR    V-PSNR 
	      300    a  82088.5904   99.9900   99.9900   99.9900


I Slices--------------------------------------------------------
	Total Frames |  Bitrate    Y-PSNR    U-PSNR    V-PSNR 
	      300    i  82088.5904   99.9900   99.9900   99.9900


P Slices--------------------------------------------------------
	Total Frames |  Bitrate    Y-PSNR    U-PSNR    V-PSNR 
	        0    p        -nan      -nan      -nan      -nan


B Slices--------------------------------------------------------
	Total Frames |  Bitrate    Y-PSNR    U-PSNR    V-PSNR 
	        0    b        -nan      -nan      -nan      -nan

RVM: 0.000
Bytes written to file: 102611949 (82089.559 kbps)

 Total Time:     1929.484 sec.
