
HM software: Encoder Version [15.0][Linux][GCC 4.8.5][64 bit] 

Input          File          : ../../HEVC_test_sequence/ClassF/SlideEditing_1280x720_30.yuv
Bitstream      File          : SlideEditing.bin
Reconstruction File          : SlideEditing.yuv
Real     Format              : 1280x720 30Hz
Internal Format              : 1280x720 30Hz
Frame/Field                  : Frame based coding
Frame index                  : 0 - 299 (300 frames)
CU size / depth              : 64 / 4
RQT trans. size (min / max)  : 4 / 32
Max RQT depth inter          : 3
Max RQT depth intra          : 3
Min PCM size                 : 8
Motion search range          : 64
Intra period                 : 1
Decoding refresh type        : 0
QP                           : 26.00
Max dQP signaling depth      : 0
Cb QP Offset                 : 0
Cr QP Offset                 : 0
QP adaptation                : 0 (range=0)
GOP size                     : 1
Internal bit depth           : (Y:8, C:8)
PCM sample bit depth         : (Y:8, C:8)
RateControl                  : 0
Max Num Merge Candidates     : 5

TOOL CFG: IBD:0 HAD:0 RDQ:0 RDQTS:0 RDpenalty:0 SQP:0 ASR:0 FEN:0 ECU:0 FDM:0 CFM:0 ESD:0 RQT:1 TransformSkip:0 TransformSkipFast:0 Slice: M=0 SliceSegment: M=0 CIP:0 SAO:0 PCM:0 TransQuantBypassEnabled: =1 WPP:0 WPB:0 PME:2  WaveFrontSynchro:0 WaveFrontSubstreams:1 ScalingList:0 TMVPMode:1 AQpS:0 SignBitHidingFlag:1 RecalQP:0

POC    0 TId: 0 ( I-SLICE, nQP 26 QP 26 )    2841720 bits [Y 99.9900 dB    U 99.9900 dB    V 99.9900 dB] [ET     7 ] [L0 ] [L1 ]
POC    1 TId: 0 ( I-SLICE, nQP 26 QP 26 )    2840352 bits [Y 99.9900 dB    U 99.9900 dB    V 99.9900 dB] [ET     6 ] [L0 ] [L1 ]
POC    2 TId: 0 ( I-SLICE, nQP 26 QP 26 )    2840128 bits [Y 99.9900 dB    U 99.9900 dB    V 99.9900 dB] [ET     6 ] [L0 ] [L1 ]
POC    3 TId: 0 ( I-SLICE, nQP 26 QP 26 )    2840688 bits [Y 99.9900 dB    U 99.9900 dB    V 99.9900 dB] [ET     6 ] [L0 ] [L1 ]
POC    4 TId: 0 ( I-SLICE, nQP 26 QP 26 )    2847088 bits [Y 99.9900 dB    U 99.9900 dB    V 99.9900 dB] [ET     6 ] [L0 ] [L1 ]
POC    5 TId: 0 ( I-SLICE, nQP 26 QP 26 )    2864208 bits [Y 99.9900 dB    U 99.9900 dB    V 99.9900 dB] [ET     7 ] [L0 ] [L1 ]
POC    6 TId: 0 ( I-SLICE, nQP 26 QP 26 )    2886432 bits [Y 99.9900 dB    U 99.9900 dB    V 99.9900 dB] [ET     6 ] [L0 ] [L1 ]
POC    7 TId: 0 ( I-SLICE, nQP 26 QP 26 )    2871856 bits [Y 99.9900 dB    U 99.9900 dB    V 99.9900 dB] [ET     6 ] [L0 ] [L1 ]
POC    8 TId: 0 ( I-SLICE, nQP 26 QP 26 )    2879480 bits [Y 99.9900 dB    U 99.9900 dB    V 99.9900 dB] [ET     7 ] [L0 ] [L1 ]
POC    9 TId: 0 ( I-SLICE, nQP 26 QP 26 )    2904352 bits [Y 99.9900 dB    U 99.9900 dB    V 99.9900 dB] [ET     6 ] [L0 ] [L1 ]
POC   10 TId: 0 ( I-SLICE, nQP 26 QP 26 )    2891440 bits [Y 99.9900 dB    U 99.9900 dB    V 99.9900 dB] [ET     6 ] [L0 ] [L1 ]
POC   11 TId: 0 ( I-SLICE, nQP 26 QP 26 )    2930600 bits [Y 99.9900 dB    U 99.9900 dB    V 99.9900 dB] [ET     6 ] [L0 ] [L1 ]
POC   12 TId: 0 ( I-SLICE, nQP 26 QP 26 )    2930360 bits [Y 99.9900 dB    U 99.9900 dB    V 99.9900 dB] [ET     6 ] [L0 ] [L1 ]
POC   13 TId: 0 ( I-SLICE, nQP 26 QP 26 )    2921216 bits [Y 99.9900 dB    U 99.9900 dB    V 99.9900 dB] [ET     6 ] [L0 ] [L1 ]
POC   14 TId: 0 ( I-SLICE, nQP 26 QP 26 )    2897128 bits [Y 99.9900 dB    U 99.9900 dB    V 99.9900 dB] [ET     6 ] [L0 ] [L1 ]
POC   15 TId: 0 ( I-SLICE, nQP 26 QP 26 )    2895208 bits [Y 99.9900 dB    U 99.9900 dB    V 99.9900 dB] [ET     6 ] [L0 ] [L1 ]
POC   16 TId: 0 ( I-SLICE, nQP 26 QP 26 )    2894704 bits [Y 99.9900 dB    U 99.9900 dB    V 99.9900 dB] [ET     6 ] [L0 ] [L1 ]
POC   17 TId: 0 ( I-SLICE, nQP 26 QP 26 )    2894752 bits [Y 99.9900 dB    U 99.9900 dB    V 99.9900 dB] [ET     6 ] [L0 ] [L1 ]
POC   18 TId: 0 ( I-SLICE, nQP 26 QP 26 )    2894720 bits [Y 99.9900 dB    U 99.9900 dB    V 99.9900 dB] [ET     6 ] [L0 ] [L1 ]
POC   19 TId: 0 ( I-SLICE, nQP 26 QP 26 )    2894880 bits [Y 99.9900 dB    U 99.9900 dB    V 99.9900 dB] [ET     6 ] [L0 ] [L1 ]
POC   20 TId: 0 ( I-SLICE, nQP 26 QP 26 )    2894800 bits [Y 99.9900 dB    U 99.9900 dB    V 99.9900 dB] [ET     6 ] [L0 ] [L1 ]
POC   21 TId: 0 ( I-SLICE, nQP 26 QP 26 )    2898336 bits [Y 99.9900 dB    U 99.9900 dB    V 99.9900 dB] [ET     6 ] [L0 ] [L1 ]
POC   22 TId: 0 ( I-SLICE, nQP 26 QP 26 )    2898456 bits [Y 99.9900 dB    U 99.9900 dB    V 99.9900 dB] [ET     6 ] [L0 ] [L1 ]
POC   23 TId: 0 ( I-SLICE, nQP 26 QP 26 )    2898072 bits [Y 99.9900 dB    U 99.9900 dB    V 99.9900 dB] [ET     6 ] [L0 ] [L1 ]
POC   24 TId: 0 ( I-SLICE, nQP 26 QP 26 )    2904472 bits [Y 99.9900 dB    U 99.9900 dB    V 99.9900 dB] [ET     7 ] [L0 ] [L1 ]
POC   25 TId: 0 ( I-SLICE, nQP 26 QP 26 )    2904672 bits [Y 99.9900 dB    U 99.9900 dB    V 99.9900 dB] [ET     6 ] [L0 ] [L1 ]
POC   26 TId: 0 ( I-SLICE, nQP 26 QP 26 )    2907200 bits [Y 99.9900 dB    U 99.9900 dB    V 99.9900 dB] [ET     6 ] [L0 ] [L1 ]
POC   27 TId: 0 ( I-SLICE, nQP 26 QP 26 )    2907336 bits [Y 99.9900 dB    U 99.9900 dB    V 99.9900 dB] [ET     6 ] [L0 ] [L1 ]
POC   28 TId: 0 ( I-SLICE, nQP 26 QP 26 )    2907176 bits [Y 99.9900 dB    U 99.9900 dB    V 99.9900 dB] [ET     6 ] [L0 ] [L1 ]
POC   29 TId: 0 ( I-SLICE, nQP 26 QP 26 )    2911544 bits [Y 99.9900 dB    U 99.9900 dB    V 99.9900 dB] [ET     6 ] [L0 ] [L1 ]
POC   30 TId: 0 ( I-SLICE, nQP 26 QP 26 )    2915544 bits [Y 99.9900 dB    U 99.9900 dB    V 99.9900 dB] [ET     6 ] [L0 ] [L1 ]
POC   31 TId: 0 ( I-SLICE, nQP 26 QP 26 )    2910696 bits [Y 99.9900 dB    U 99.9900 dB    V 99.9900 dB] [ET     6 ] [L0 ] [L1 ]
POC   32 TId: 0 ( I-SLICE, nQP 26 QP 26 )    2920080 bits [Y 99.9900 dB    U 99.9900 dB    V 99.9900 dB] [ET     6 ] [L0 ] [L1 ]
POC   33 TId: 0 ( I-SLICE, nQP 26 QP 26 )    2919280 bits [Y 99.9900 dB    U 99.9900 dB    V 99.9900 dB] [ET     7 ] [L0 ] [L1 ]
POC   34 TId: 0 ( I-SLICE, nQP 26 QP 26 )    2917312 bits [Y 99.9900 dB    U 99.9900 dB    V 99.9900 dB] [ET     7 ] [L0 ] [L1 ]
POC   35 TId: 0 ( I-SLICE, nQP 26 QP 26 )    2917760 bits [Y 99.9900 dB    U 99.9900 dB    V 99.9900 dB] [ET     7 ] [L0 ] [L1 ]
POC   36 TId: 0 ( I-SLICE, nQP 26 QP 26 )    2918120 bits [Y 99.9900 dB    U 99.9900 dB    V 99.9900 dB] [ET     6 ] [L0 ] [L1 ]
POC   37 TId: 0 ( I-SLICE, nQP 26 QP 26 )    2917952 bits [Y 99.9900 dB    U 99.9900 dB    V 99.9900 dB] [ET     6 ] [L0 ] [L1 ]
POC   38 TId: 0 ( I-SLICE, nQP 26 QP 26 )    2930368 bits [Y 99.9900 dB    U 99.9900 dB    V 99.9900 dB] [ET     6 ] [L0 ] [L1 ]
POC   39 TId: 0 ( I-SLICE, nQP 26 QP 26 )    2926904 bits [Y 99.9900 dB    U 99.9900 dB    V 99.9900 dB] [ET     6 ] [L0 ] [L1 ]
POC   40 TId: 0 ( I-SLICE, nQP 26 QP 26 )    2922904 bits [Y 99.9900 dB    U 99.9900 dB    V 99.9900 dB] [ET     6 ] [L0 ] [L1 ]
POC   41 TId: 0 ( I-SLICE, nQP 26 QP 26 )    2927520 bits [Y 99.9900 dB    U 99.9900 dB    V 99.9900 dB] [ET     6 ] [L0 ] [L1 ]
POC   42 TId: 0 ( I-SLICE, nQP 26 QP 26 )    2916848 bits [Y 99.9900 dB    U 99.9900 dB    V 99.9900 dB] [ET     6 ] [L0 ] [L1 ]
POC   43 TId: 0 ( I-SLICE, nQP 26 QP 26 )    2916920 bits [Y 99.9900 dB    U 99.9900 dB    V 99.9900 dB] [ET     6 ] [L0 ] [L1 ]
POC   44 TId: 0 ( I-SLICE, nQP 26 QP 26 )    2919424 bits [Y 99.9900 dB    U 99.9900 dB    V 99.9900 dB] [ET     6 ] [L0 ] [L1 ]
POC   45 TId: 0 ( I-SLICE, nQP 26 QP 26 )    2919008 bits [Y 99.9900 dB    U 99.9900 dB    V 99.9900 dB] [ET     6 ] [L0 ] [L1 ]
POC   46 TId: 0 ( I-SLICE, nQP 26 QP 26 )    2915136 bits [Y 99.9900 dB    U 99.9900 dB    V 99.9900 dB] [ET     7 ] [L0 ] [L1 ]
POC   47 TId: 0 ( I-SLICE, nQP 26 QP 26 )    2919336 bits [Y 99.9900 dB    U 99.9900 dB    V 99.9900 dB] [ET     7 ] [L0 ] [L1 ]
POC   48 TId: 0 ( I-SLICE, nQP 26 QP 26 )    2921504 bits [Y 99.9900 dB    U 99.9900 dB    V 99.9900 dB] [ET     6 ] [L0 ] [L1 ]
POC   49 TId: 0 ( I-SLICE, nQP 26 QP 26 )    2924120 bits [Y 99.9900 dB    U 99.9900 dB    V 99.9900 dB] [ET     7 ] [L0 ] [L1 ]
POC   50 TId: 0 ( I-SLICE, nQP 26 QP 26 )    2939632 bits [Y 99.9900 dB    U 99.9900 dB    V 99.9900 dB] [ET     7 ] [L0 ] [L1 ]
POC   51 TId: 0 ( I-SLICE, nQP 26 QP 26 )    2927120 bits [Y 99.9900 dB    U 99.9900 dB    V 99.9900 dB] [ET     7 ] [L0 ] [L1 ]
POC   52 TId: 0 ( I-SLICE, nQP 26 QP 26 )    2927904 bits [Y 99.9900 dB    U 99.9900 dB    V 99.9900 dB] [ET     6 ] [L0 ] [L1 ]
POC   53 TId: 0 ( I-SLICE, nQP 26 QP 26 )    2927672 bits [Y 99.9900 dB    U 99.9900 dB    V 99.9900 dB] [ET     6 ] [L0 ] [L1 ]
POC   54 TId: 0 ( I-SLICE, nQP 26 QP 26 )    2913744 bits [Y 99.9900 dB    U 99.9900 dB    V 99.9900 dB] [ET     6 ] [L0 ] [L1 ]
POC   55 TId: 0 ( I-SLICE, nQP 26 QP 26 )    2913008 bits [Y 99.9900 dB    U 99.9900 dB    V 99.9900 dB] [ET     6 ] [L0 ] [L1 ]
POC   56 TId: 0 ( I-SLICE, nQP 26 QP 26 )    2912096 bits [Y 99.9900 dB    U 99.9900 dB    V 99.9900 dB] [ET     6 ] [L0 ] [L1 ]
POC   57 TId: 0 ( I-SLICE, nQP 26 QP 26 )    2913392 bits [Y 99.9900 dB    U 99.9900 dB    V 99.9900 dB] [ET     7 ] [L0 ] [L1 ]
POC   58 TId: 0 ( I-SLICE, nQP 26 QP 26 )    2912688 bits [Y 99.9900 dB    U 99.9900 dB    V 99.9900 dB] [ET     6 ] [L0 ] [L1 ]
POC   59 TId: 0 ( I-SLICE, nQP 26 QP 26 )    2909968 bits [Y 99.9900 dB    U 99.9900 dB    V 99.9900 dB] [ET     6 ] [L0 ] [L1 ]
POC   60 TId: 0 ( I-SLICE, nQP 26 QP 26 )    2910080 bits [Y 99.9900 dB    U 99.9900 dB    V 99.9900 dB] [ET     6 ] [L0 ] [L1 ]
POC   61 TId: 0 ( I-SLICE, nQP 26 QP 26 )    2913576 bits [Y 99.9900 dB    U 99.9900 dB    V 99.9900 dB] [ET     6 ] [L0 ] [L1 ]
POC   62 TId: 0 ( I-SLICE, nQP 26 QP 26 )    2913864 bits [Y 99.9900 dB    U 99.9900 dB    V 99.9900 dB] [ET     6 ] [L0 ] [L1 ]
POC   63 TId: 0 ( I-SLICE, nQP 26 QP 26 )    2913664 bits [Y 99.9900 dB    U 99.9900 dB    V 99.9900 dB] [ET     6 ] [L0 ] [L1 ]
POC   64 TId: 0 ( I-SLICE, nQP 26 QP 26 )    2913832 bits [Y 99.9900 dB    U 99.9900 dB    V 99.9900 dB] [ET     6 ] [L0 ] [L1 ]
POC   65 TId: 0 ( I-SLICE, nQP 26 QP 26 )    2914032 bits [Y 99.9900 dB    U 99.9900 dB    V 99.9900 dB] [ET     6 ] [L0 ] [L1 ]
POC   66 TId: 0 ( I-SLICE, nQP 26 QP 26 )    2915808 bits [Y 99.9900 dB    U 99.9900 dB    V 99.9900 dB] [ET     6 ] [L0 ] [L1 ]
POC   67 TId: 0 ( I-SLICE, nQP 26 QP 26 )    2950680 bits [Y 99.9900 dB    U 99.9900 dB    V 99.9900 dB] [ET     6 ] [L0 ] [L1 ]
POC   68 TId: 0 ( I-SLICE, nQP 26 QP 26 )    2950576 bits [Y 99.9900 dB    U 99.9900 dB    V 99.9900 dB] [ET     6 ] [L0 ] [L1 ]
POC   69 TId: 0 ( I-SLICE, nQP 26 QP 26 )    2949584 bits [Y 99.9900 dB    U 99.9900 dB    V 99.9900 dB] [ET     7 ] [L0 ] [L1 ]
POC   70 TId: 0 ( I-SLICE, nQP 26 QP 26 )    2949400 bits [Y 99.9900 dB    U 99.9900 dB    V 99.9900 dB] [ET     6 ] [L0 ] [L1 ]
POC   71 TId: 0 ( I-SLICE, nQP 26 QP 26 )    2944168 bits [Y 99.9900 dB    U 99.9900 dB    V 99.9900 dB] [ET     6 ] [L0 ] [L1 ]
POC   72 TId: 0 ( I-SLICE, nQP 26 QP 26 )    2944720 bits [Y 99.9900 dB    U 99.9900 dB    V 99.9900 dB] [ET     7 ] [L0 ] [L1 ]
POC   73 TId: 0 ( I-SLICE, nQP 26 QP 26 )    2944128 bits [Y 99.9900 dB    U 99.9900 dB    V 99.9900 dB] [ET     6 ] [L0 ] [L1 ]
POC   74 TId: 0 ( I-SLICE, nQP 26 QP 26 )    2943272 bits [Y 99.9900 dB    U 99.9900 dB    V 99.9900 dB] [ET     6 ] [L0 ] [L1 ]
POC   75 TId: 0 ( I-SLICE, nQP 26 QP 26 )    2943800 bits [Y 99.9900 dB    U 99.9900 dB    V 99.9900 dB] [ET     6 ] [L0 ] [L1 ]
POC   76 TId: 0 ( I-SLICE, nQP 26 QP 26 )    2944856 bits [Y 99.9900 dB    U 99.9900 dB    V 99.9900 dB] [ET     7 ] [L0 ] [L1 ]
POC   77 TId: 0 ( I-SLICE, nQP 26 QP 26 )    2944904 bits [Y 99.9900 dB    U 99.9900 dB    V 99.9900 dB] [ET     6 ] [L0 ] [L1 ]
POC   78 TId: 0 ( I-SLICE, nQP 26 QP 26 )    2944664 bits [Y 99.9900 dB    U 99.9900 dB    V 99.9900 dB] [ET     6 ] [L0 ] [L1 ]
POC   79 TId: 0 ( I-SLICE, nQP 26 QP 26 )    2949912 bits [Y 99.9900 dB    U 99.9900 dB    V 99.9900 dB] [ET     6 ] [L0 ] [L1 ]
POC   80 TId: 0 ( I-SLICE, nQP 26 QP 26 )    2949424 bits [Y 99.9900 dB    U 99.9900 dB    V 99.9900 dB] [ET     6 ] [L0 ] [L1 ]
POC   81 TId: 0 ( I-SLICE, nQP 26 QP 26 )    2945832 bits [Y 99.9900 dB    U 99.9900 dB    V 99.9900 dB] [ET     6 ] [L0 ] [L1 ]
POC   82 TId: 0 ( I-SLICE, nQP 26 QP 26 )    2945784 bits [Y 99.9900 dB    U 99.9900 dB    V 99.9900 dB] [ET     6 ] [L0 ] [L1 ]
POC   83 TId: 0 ( I-SLICE, nQP 26 QP 26 )    2945160 bits [Y 99.9900 dB    U 99.9900 dB    V 99.9900 dB] [ET     6 ] [L0 ] [L1 ]
POC   84 TId: 0 ( I-SLICE, nQP 26 QP 26 )    2945816 bits [Y 99.9900 dB    U 99.9900 dB    V 99.9900 dB] [ET     6 ] [L0 ] [L1 ]
POC   85 TId: 0 ( I-SLICE, nQP 26 QP 26 )    2945424 bits [Y 99.9900 dB    U 99.9900 dB    V 99.9900 dB] [ET     6 ] [L0 ] [L1 ]
POC   86 TId: 0 ( I-SLICE, nQP 26 QP 26 )    2944624 bits [Y 99.9900 dB    U 99.9900 dB    V 99.9900 dB] [ET     6 ] [L0 ] [L1 ]
POC   87 TId: 0 ( I-SLICE, nQP 26 QP 26 )    2943944 bits [Y 99.9900 dB    U 99.9900 dB    V 99.9900 dB] [ET     6 ] [L0 ] [L1 ]
POC   88 TId: 0 ( I-SLICE, nQP 26 QP 26 )    2943936 bits [Y 99.9900 dB    U 99.9900 dB    V 99.9900 dB] [ET     6 ] [L0 ] [L1 ]
POC   89 TId: 0 ( I-SLICE, nQP 26 QP 26 )    2945632 bits [Y 99.9900 dB    U 99.9900 dB    V 99.9900 dB] [ET     7 ] [L0 ] [L1 ]
POC   90 TId: 0 ( I-SLICE, nQP 26 QP 26 )    2946248 bits [Y 99.9900 dB    U 99.9900 dB    V 99.9900 dB] [ET     6 ] [L0 ] [L1 ]
POC   91 TId: 0 ( I-SLICE, nQP 26 QP 26 )    2946064 bits [Y 99.9900 dB    U 99.9900 dB    V 99.9900 dB] [ET     6 ] [L0 ] [L1 ]
POC   92 TId: 0 ( I-SLICE, nQP 26 QP 26 )    2945880 bits [Y 99.9900 dB    U 99.9900 dB    V 99.9900 dB] [ET     7 ] [L0 ] [L1 ]
POC   93 TId: 0 ( I-SLICE, nQP 26 QP 26 )    2945440 bits [Y 99.9900 dB    U 99.9900 dB    V 99.9900 dB] [ET     6 ] [L0 ] [L1 ]
POC   94 TId: 0 ( I-SLICE, nQP 26 QP 26 )    2943880 bits [Y 99.9900 dB    U 99.9900 dB    V 99.9900 dB] [ET     7 ] [L0 ] [L1 ]
POC   95 TId: 0 ( I-SLICE, nQP 26 QP 26 )    2944296 bits [Y 99.9900 dB    U 99.9900 dB    V 99.9900 dB] [ET     6 ] [L0 ] [L1 ]
POC   96 TId: 0 ( I-SLICE, nQP 26 QP 26 )    2944112 bits [Y 99.9900 dB    U 99.9900 dB    V 99.9900 dB] [ET     6 ] [L0 ] [L1 ]
POC   97 TId: 0 ( I-SLICE, nQP 26 QP 26 )    2943664 bits [Y 99.9900 dB    U 99.9900 dB    V 99.9900 dB] [ET     6 ] [L0 ] [L1 ]
POC   98 TId: 0 ( I-SLICE, nQP 26 QP 26 )    2943760 bits [Y 99.9900 dB    U 99.9900 dB    V 99.9900 dB] [ET     6 ] [L0 ] [L1 ]
POC   99 TId: 0 ( I-SLICE, nQP 26 QP 26 )    2943944 bits [Y 99.9900 dB    U 99.9900 dB    V 99.9900 dB] [ET     6 ] [L0 ] [L1 ]
POC  100 TId: 0 ( I-SLICE, nQP 26 QP 26 )    2943928 bits [Y 99.9900 dB    U 99.9900 dB    V 99.9900 dB] [ET     6 ] [L0 ] [L1 ]
POC  101 TId: 0 ( I-SLICE, nQP 26 QP 26 )    2944096 bits [Y 99.9900 dB    U 99.9900 dB    V 99.9900 dB] [ET     6 ] [L0 ] [L1 ]
POC  102 TId: 0 ( I-SLICE, nQP 26 QP 26 )    2943952 bits [Y 99.9900 dB    U 99.9900 dB    V 99.9900 dB] [ET     6 ] [L0 ] [L1 ]
POC  103 TId: 0 ( I-SLICE, nQP 26 QP 26 )    2944392 bits [Y 99.9900 dB    U 99.9900 dB    V 99.9900 dB] [ET     6 ] [L0 ] [L1 ]
POC  104 TId: 0 ( I-SLICE, nQP 26 QP 26 )    2945808 bits [Y 99.9900 dB    U 99.9900 dB    V 99.9900 dB] [ET     6 ] [L0 ] [L1 ]
POC  105 TId: 0 ( I-SLICE, nQP 26 QP 26 )    2946112 bits [Y 99.9900 dB    U 99.9900 dB    V 99.9900 dB] [ET     6 ] [L0 ] [L1 ]
POC  106 TId: 0 ( I-SLICE, nQP 26 QP 26 )    2943832 bits [Y 99.9900 dB    U 99.9900 dB    V 99.9900 dB] [ET     6 ] [L0 ] [L1 ]
POC  107 TId: 0 ( I-SLICE, nQP 26 QP 26 )    2943984 bits [Y 99.9900 dB    U 99.9900 dB    V 99.9900 dB] [ET     6 ] [L0 ] [L1 ]
POC  108 TId: 0 ( I-SLICE, nQP 26 QP 26 )    2943944 bits [Y 99.9900 dB    U 99.9900 dB    V 99.9900 dB] [ET     6 ] [L0 ] [L1 ]
POC  109 TId: 0 ( I-SLICE, nQP 26 QP 26 )    2945624 bits [Y 99.9900 dB    U 99.9900 dB    V 99.9900 dB] [ET     7 ] [L0 ] [L1 ]
POC  110 TId: 0 ( I-SLICE, nQP 26 QP 26 )    2945608 bits [Y 99.9900 dB    U 99.9900 dB    V 99.9900 dB] [ET     7 ] [L0 ] [L1 ]
POC  111 TId: 0 ( I-SLICE, nQP 26 QP 26 )    2945680 bits [Y 99.9900 dB    U 99.9900 dB    V 99.9900 dB] [ET     6 ] [L0 ] [L1 ]
POC  112 TId: 0 ( I-SLICE, nQP 26 QP 26 )    2945864 bits [Y 99.9900 dB    U 99.9900 dB    V 99.9900 dB] [ET     6 ] [L0 ] [L1 ]
POC  113 TId: 0 ( I-SLICE, nQP 26 QP 26 )    2946040 bits [Y 99.9900 dB    U 99.9900 dB    V 99.9900 dB] [ET     6 ] [L0 ] [L1 ]
POC  114 TId: 0 ( I-SLICE, nQP 26 QP 26 )    2943864 bits [Y 99.9900 dB    U 99.9900 dB    V 99.9900 dB] [ET     6 ] [L0 ] [L1 ]
POC  115 TId: 0 ( I-SLICE, nQP 26 QP 26 )    2943880 bits [Y 99.9900 dB    U 99.9900 dB    V 99.9900 dB] [ET     6 ] [L0 ] [L1 ]
POC  116 TId: 0 ( I-SLICE, nQP 26 QP 26 )    2943808 bits [Y 99.9900 dB    U 99.9900 dB    V 99.9900 dB] [ET     6 ] [L0 ] [L1 ]
POC  117 TId: 0 ( I-SLICE, nQP 26 QP 26 )    2944016 bits [Y 99.9900 dB    U 99.9900 dB    V 99.9900 dB] [ET     6 ] [L0 ] [L1 ]
POC  118 TId: 0 ( I-SLICE, nQP 26 QP 26 )    2943872 bits [Y 99.9900 dB    U 99.9900 dB    V 99.9900 dB] [ET     7 ] [L0 ] [L1 ]
POC  119 TId: 0 ( I-SLICE, nQP 26 QP 26 )    2943888 bits [Y 99.9900 dB    U 99.9900 dB    V 99.9900 dB] [ET     6 ] [L0 ] [L1 ]
POC  120 TId: 0 ( I-SLICE, nQP 26 QP 26 )    2944080 bits [Y 99.9900 dB    U 99.9900 dB    V 99.9900 dB] [ET     6 ] [L0 ] [L1 ]
POC  121 TId: 0 ( I-SLICE, nQP 26 QP 26 )    2944104 bits [Y 99.9900 dB    U 99.9900 dB    V 99.9900 dB] [ET     6 ] [L0 ] [L1 ]
POC  122 TId: 0 ( I-SLICE, nQP 26 QP 26 )    2943752 bits [Y 99.9900 dB    U 99.9900 dB    V 99.9900 dB] [ET     6 ] [L0 ] [L1 ]
POC  123 TId: 0 ( I-SLICE, nQP 26 QP 26 )    3041232 bits [Y 99.9900 dB    U 99.9900 dB    V 99.9900 dB] [ET     7 ] [L0 ] [L1 ]
POC  124 TId: 0 ( I-SLICE, nQP 26 QP 26 )    3048976 bits [Y 99.9900 dB    U 99.9900 dB    V 99.9900 dB] [ET     7 ] [L0 ] [L1 ]
POC  125 TId: 0 ( I-SLICE, nQP 26 QP 26 )    3049000 bits [Y 99.9900 dB    U 99.9900 dB    V 99.9900 dB] [ET     7 ] [L0 ] [L1 ]
POC  126 TId: 0 ( I-SLICE, nQP 26 QP 26 )    3045328 bits [Y 99.9900 dB    U 99.9900 dB    V 99.9900 dB] [ET     7 ] [L0 ] [L1 ]
POC  127 TId: 0 ( I-SLICE, nQP 26 QP 26 )    3046408 bits [Y 99.9900 dB    U 99.9900 dB    V 99.9900 dB] [ET     7 ] [L0 ] [L1 ]
POC  128 TId: 0 ( I-SLICE, nQP 26 QP 26 )    3052384 bits [Y 99.9900 dB    U 99.9900 dB    V 99.9900 dB] [ET     6 ] [L0 ] [L1 ]
POC  129 TId: 0 ( I-SLICE, nQP 26 QP 26 )    3053752 bits [Y 99.9900 dB    U 99.9900 dB    V 99.9900 dB] [ET     6 ] [L0 ] [L1 ]
POC  130 TId: 0 ( I-SLICE, nQP 26 QP 26 )    3057648 bits [Y 99.9900 dB    U 99.9900 dB    V 99.9900 dB] [ET     7 ] [L0 ] [L1 ]
POC  131 TId: 0 ( I-SLICE, nQP 26 QP 26 )    3059232 bits [Y 99.9900 dB    U 99.9900 dB    V 99.9900 dB] [ET     6 ] [L0 ] [L1 ]
POC  132 TId: 0 ( I-SLICE, nQP 26 QP 26 )    3058832 bits [Y 99.9900 dB    U 99.9900 dB    V 99.9900 dB] [ET     6 ] [L0 ] [L1 ]
POC  133 TId: 0 ( I-SLICE, nQP 26 QP 26 )    3058504 bits [Y 99.9900 dB    U 99.9900 dB    V 99.9900 dB] [ET     6 ] [L0 ] [L1 ]
POC  134 TId: 0 ( I-SLICE, nQP 26 QP 26 )    3061904 bits [Y 99.9900 dB    U 99.9900 dB    V 99.9900 dB] [ET     7 ] [L0 ] [L1 ]
POC  135 TId: 0 ( I-SLICE, nQP 26 QP 26 )    3062696 bits [Y 99.9900 dB    U 99.9900 dB    V 99.9900 dB] [ET     6 ] [L0 ] [L1 ]
POC  136 TId: 0 ( I-SLICE, nQP 26 QP 26 )    3061656 bits [Y 99.9900 dB    U 99.9900 dB    V 99.9900 dB] [ET     6 ] [L0 ] [L1 ]
POC  137 TId: 0 ( I-SLICE, nQP 26 QP 26 )    3061704 bits [Y 99.9900 dB    U 99.9900 dB    V 99.9900 dB] [ET     7 ] [L0 ] [L1 ]
POC  138 TId: 0 ( I-SLICE, nQP 26 QP 26 )    3061352 bits [Y 99.9900 dB    U 99.9900 dB    V 99.9900 dB] [ET     6 ] [L0 ] [L1 ]
POC  139 TId: 0 ( I-SLICE, nQP 26 QP 26 )    3061328 bits [Y 99.9900 dB    U 99.9900 dB    V 99.9900 dB] [ET     6 ] [L0 ] [L1 ]
POC  140 TId: 0 ( I-SLICE, nQP 26 QP 26 )    3060672 bits [Y 99.9900 dB    U 99.9900 dB    V 99.9900 dB] [ET     7 ] [L0 ] [L1 ]
POC  141 TId: 0 ( I-SLICE, nQP 26 QP 26 )    3059704 bits [Y 99.9900 dB    U 99.9900 dB    V 99.9900 dB] [ET     6 ] [L0 ] [L1 ]
POC  142 TId: 0 ( I-SLICE, nQP 26 QP 26 )    2907912 bits [Y 99.9900 dB    U 99.9900 dB    V 99.9900 dB] [ET     6 ] [L0 ] [L1 ]
POC  143 TId: 0 ( I-SLICE, nQP 26 QP 26 )    2909760 bits [Y 99.9900 dB    U 99.9900 dB    V 99.9900 dB] [ET     7 ] [L0 ] [L1 ]
POC  144 TId: 0 ( I-SLICE, nQP 26 QP 26 )    2909832 bits [Y 99.9900 dB    U 99.9900 dB    V 99.9900 dB] [ET     6 ] [L0 ] [L1 ]
POC  145 TId: 0 ( I-SLICE, nQP 26 QP 26 )    2911080 bits [Y 99.9900 dB    U 99.9900 dB    V 99.9900 dB] [ET     6 ] [L0 ] [L1 ]
POC  146 TId: 0 ( I-SLICE, nQP 26 QP 26 )    2913296 bits [Y 99.9900 dB    U 99.9900 dB    V 99.9900 dB] [ET     6 ] [L0 ] [L1 ]
POC  147 TId: 0 ( I-SLICE, nQP 26 QP 26 )    2913312 bits [Y 99.9900 dB    U 99.9900 dB    V 99.9900 dB] [ET     6 ] [L0 ] [L1 ]
POC  148 TId: 0 ( I-SLICE, nQP 26 QP 26 )    2911896 bits [Y 99.9900 dB    U 99.9900 dB    V 99.9900 dB] [ET     7 ] [L0 ] [L1 ]
POC  149 TId: 0 ( I-SLICE, nQP 26 QP 26 )    2911976 bits [Y 99.9900 dB    U 99.9900 dB    V 99.9900 dB] [ET     7 ] [L0 ] [L1 ]
POC  150 TId: 0 ( I-SLICE, nQP 26 QP 26 )    2911992 bits [Y 99.9900 dB    U 99.9900 dB    V 99.9900 dB] [ET     6 ] [L0 ] [L1 ]
POC  151 TId: 0 ( I-SLICE, nQP 26 QP 26 )    2910208 bits [Y 99.9900 dB    U 99.9900 dB    V 99.9900 dB] [ET     6 ] [L0 ] [L1 ]
POC  152 TId: 0 ( I-SLICE, nQP 26 QP 26 )    2910176 bits [Y 99.9900 dB    U 99.9900 dB    V 99.9900 dB] [ET     6 ] [L0 ] [L1 ]
POC  153 TId: 0 ( I-SLICE, nQP 26 QP 26 )    2914432 bits [Y 99.9900 dB    U 99.9900 dB    V 99.9900 dB] [ET     6 ] [L0 ] [L1 ]
POC  154 TId: 0 ( I-SLICE, nQP 26 QP 26 )    2914432 bits [Y 99.9900 dB    U 99.9900 dB    V 99.9900 dB] [ET     6 ] [L0 ] [L1 ]
POC  155 TId: 0 ( I-SLICE, nQP 26 QP 26 )    2919928 bits [Y 99.9900 dB    U 99.9900 dB    V 99.9900 dB] [ET     7 ] [L0 ] [L1 ]
POC  156 TId: 0 ( I-SLICE, nQP 26 QP 26 )    2917520 bits [Y 99.9900 dB    U 99.9900 dB    V 99.9900 dB] [ET     7 ] [L0 ] [L1 ]
POC  157 TId: 0 ( I-SLICE, nQP 26 QP 26 )    2917472 bits [Y 99.9900 dB    U 99.9900 dB    V 99.9900 dB] [ET     6 ] [L0 ] [L1 ]
POC  158 TId: 0 ( I-SLICE, nQP 26 QP 26 )    2915264 bits [Y 99.9900 dB    U 99.9900 dB    V 99.9900 dB] [ET     6 ] [L0 ] [L1 ]
POC  159 TId: 0 ( I-SLICE, nQP 26 QP 26 )    2691288 bits [Y 99.9900 dB    U 99.9900 dB    V 99.9900 dB] [ET     6 ] [L0 ] [L1 ]
POC  160 TId: 0 ( I-SLICE, nQP 26 QP 26 )    2691336 bits [Y 99.9900 dB    U 99.9900 dB    V 99.9900 dB] [ET     6 ] [L0 ] [L1 ]
POC  161 TId: 0 ( I-SLICE, nQP 26 QP 26 )    2616400 bits [Y 99.9900 dB    U 99.9900 dB    V 99.9900 dB] [ET     6 ] [L0 ] [L1 ]
POC  162 TId: 0 ( I-SLICE, nQP 26 QP 26 )    2616280 bits [Y 99.9900 dB    U 99.9900 dB    V 99.9900 dB] [ET     6 ] [L0 ] [L1 ]
POC  163 TId: 0 ( I-SLICE, nQP 26 QP 26 )    2614784 bits [Y 99.9900 dB    U 99.9900 dB    V 99.9900 dB] [ET     6 ] [L0 ] [L1 ]
POC  164 TId: 0 ( I-SLICE, nQP 26 QP 26 )    2614808 bits [Y 99.9900 dB    U 99.9900 dB    V 99.9900 dB] [ET     6 ] [L0 ] [L1 ]
POC  165 TId: 0 ( I-SLICE, nQP 26 QP 26 )    2614928 bits [Y 99.9900 dB    U 99.9900 dB    V 99.9900 dB] [ET     6 ] [L0 ] [L1 ]
POC  166 TId: 0 ( I-SLICE, nQP 26 QP 26 )    2615008 bits [Y 99.9900 dB    U 99.9900 dB    V 99.9900 dB] [ET     6 ] [L0 ] [L1 ]
POC  167 TId: 0 ( I-SLICE, nQP 26 QP 26 )    2614888 bits [Y 99.9900 dB    U 99.9900 dB    V 99.9900 dB] [ET     6 ] [L0 ] [L1 ]
POC  168 TId: 0 ( I-SLICE, nQP 26 QP 26 )    2617664 bits [Y 99.9900 dB    U 99.9900 dB    V 99.9900 dB] [ET     6 ] [L0 ] [L1 ]
POC  169 TId: 0 ( I-SLICE, nQP 26 QP 26 )    2617784 bits [Y 99.9900 dB    U 99.9900 dB    V 99.9900 dB] [ET     6 ] [L0 ] [L1 ]
POC  170 TId: 0 ( I-SLICE, nQP 26 QP 26 )    2616984 bits [Y 99.9900 dB    U 99.9900 dB    V 99.9900 dB] [ET     6 ] [L0 ] [L1 ]
POC  171 TId: 0 ( I-SLICE, nQP 26 QP 26 )    2617224 bits [Y 99.9900 dB    U 99.9900 dB    V 99.9900 dB] [ET     6 ] [L0 ] [L1 ]
POC  172 TId: 0 ( I-SLICE, nQP 26 QP 26 )    2619160 bits [Y 99.9900 dB    U 99.9900 dB    V 99.9900 dB] [ET     6 ] [L0 ] [L1 ]
POC  173 TId: 0 ( I-SLICE, nQP 26 QP 26 )    2619400 bits [Y 99.9900 dB    U 99.9900 dB    V 99.9900 dB] [ET     6 ] [L0 ] [L1 ]
POC  174 TId: 0 ( I-SLICE, nQP 26 QP 26 )    2619832 bits [Y 99.9900 dB    U 99.9900 dB    V 99.9900 dB] [ET     6 ] [L0 ] [L1 ]
POC  175 TId: 0 ( I-SLICE, nQP 26 QP 26 )    2618176 bits [Y 99.9900 dB    U 99.9900 dB    V 99.9900 dB] [ET     6 ] [L0 ] [L1 ]
POC  176 TId: 0 ( I-SLICE, nQP 26 QP 26 )    2618696 bits [Y 99.9900 dB    U 99.9900 dB    V 99.9900 dB] [ET     6 ] [L0 ] [L1 ]
POC  177 TId: 0 ( I-SLICE, nQP 26 QP 26 )    2618224 bits [Y 99.9900 dB    U 99.9900 dB    V 99.9900 dB] [ET     6 ] [L0 ] [L1 ]
POC  178 TId: 0 ( I-SLICE, nQP 26 QP 26 )    2618160 bits [Y 99.9900 dB    U 99.9900 dB    V 99.9900 dB] [ET     6 ] [L0 ] [L1 ]
POC  179 TId: 0 ( I-SLICE, nQP 26 QP 26 )    2618888 bits [Y 99.9900 dB    U 99.9900 dB    V 99.9900 dB] [ET     6 ] [L0 ] [L1 ]
POC  180 TId: 0 ( I-SLICE, nQP 26 QP 26 )    2618496 bits [Y 99.9900 dB    U 99.9900 dB    V 99.9900 dB] [ET     6 ] [L0 ] [L1 ]
POC  181 TId: 0 ( I-SLICE, nQP 26 QP 26 )    2622216 bits [Y 99.9900 dB    U 99.9900 dB    V 99.9900 dB] [ET     6 ] [L0 ] [L1 ]
POC  182 TId: 0 ( I-SLICE, nQP 26 QP 26 )    2621560 bits [Y 99.9900 dB    U 99.9900 dB    V 99.9900 dB] [ET     6 ] [L0 ] [L1 ]
POC  183 TId: 0 ( I-SLICE, nQP 26 QP 26 )    2619056 bits [Y 99.9900 dB    U 99.9900 dB    V 99.9900 dB] [ET     6 ] [L0 ] [L1 ]
POC  184 TId: 0 ( I-SLICE, nQP 26 QP 26 )    2618872 bits [Y 99.9900 dB    U 99.9900 dB    V 99.9900 dB] [ET     6 ] [L0 ] [L1 ]
POC  185 TId: 0 ( I-SLICE, nQP 26 QP 26 )    2618984 bits [Y 99.9900 dB    U 99.9900 dB    V 99.9900 dB] [ET     6 ] [L0 ] [L1 ]
POC  186 TId: 0 ( I-SLICE, nQP 26 QP 26 )    2619088 bits [Y 99.9900 dB    U 99.9900 dB    V 99.9900 dB] [ET     6 ] [L0 ] [L1 ]
POC  187 TId: 0 ( I-SLICE, nQP 26 QP 26 )    2619016 bits [Y 99.9900 dB    U 99.9900 dB    V 99.9900 dB] [ET     6 ] [L0 ] [L1 ]
POC  188 TId: 0 ( I-SLICE, nQP 26 QP 26 )    2621024 bits [Y 99.9900 dB    U 99.9900 dB    V 99.9900 dB] [ET     6 ] [L0 ] [L1 ]
POC  189 TId: 0 ( I-SLICE, nQP 26 QP 26 )    2621928 bits [Y 99.9900 dB    U 99.9900 dB    V 99.9900 dB] [ET     6 ] [L0 ] [L1 ]
POC  190 TId: 0 ( I-SLICE, nQP 26 QP 26 )    2621320 bits [Y 99.9900 dB    U 99.9900 dB    V 99.9900 dB] [ET     6 ] [L0 ] [L1 ]
POC  191 TId: 0 ( I-SLICE, nQP 26 QP 26 )    2620200 bits [Y 99.9900 dB    U 99.9900 dB    V 99.9900 dB] [ET     6 ] [L0 ] [L1 ]
POC  192 TId: 0 ( I-SLICE, nQP 26 QP 26 )    2618584 bits [Y 99.9900 dB    U 99.9900 dB    V 99.9900 dB] [ET     6 ] [L0 ] [L1 ]
POC  193 TId: 0 ( I-SLICE, nQP 26 QP 26 )    2656928 bits [Y 99.9900 dB    U 99.9900 dB    V 99.9900 dB] [ET     6 ] [L0 ] [L1 ]
POC  194 TId: 0 ( I-SLICE, nQP 26 QP 26 )    2657880 bits [Y 99.9900 dB    U 99.9900 dB    V 99.9900 dB] [ET     6 ] [L0 ] [L1 ]
POC  195 TId: 0 ( I-SLICE, nQP 26 QP 26 )    2656848 bits [Y 99.9900 dB    U 99.9900 dB    V 99.9900 dB] [ET     6 ] [L0 ] [L1 ]
POC  196 TId: 0 ( I-SLICE, nQP 26 QP 26 )    2656728 bits [Y 99.9900 dB    U 99.9900 dB    V 99.9900 dB] [ET     6 ] [L0 ] [L1 ]
POC  197 TId: 0 ( I-SLICE, nQP 26 QP 26 )    2652568 bits [Y 99.9900 dB    U 99.9900 dB    V 99.9900 dB] [ET     6 ] [L0 ] [L1 ]
POC  198 TId: 0 ( I-SLICE, nQP 26 QP 26 )    2658520 bits [Y 99.9900 dB    U 99.9900 dB    V 99.9900 dB] [ET     6 ] [L0 ] [L1 ]
POC  199 TId: 0 ( I-SLICE, nQP 26 QP 26 )    2660280 bits [Y 99.9900 dB    U 99.9900 dB    V 99.9900 dB] [ET     6 ] [L0 ] [L1 ]
POC  200 TId: 0 ( I-SLICE, nQP 26 QP 26 )    2657368 bits [Y 99.9900 dB    U 99.9900 dB    V 99.9900 dB] [ET     6 ] [L0 ] [L1 ]
POC  201 TId: 0 ( I-SLICE, nQP 26 QP 26 )    2661864 bits [Y 99.9900 dB    U 99.9900 dB    V 99.9900 dB] [ET     6 ] [L0 ] [L1 ]
POC  202 TId: 0 ( I-SLICE, nQP 26 QP 26 )    2661504 bits [Y 99.9900 dB    U 99.9900 dB    V 99.9900 dB] [ET     6 ] [L0 ] [L1 ]
POC  203 TId: 0 ( I-SLICE, nQP 26 QP 26 )    2663592 bits [Y 99.9900 dB    U 99.9900 dB    V 99.9900 dB] [ET     6 ] [L0 ] [L1 ]
POC  204 TId: 0 ( I-SLICE, nQP 26 QP 26 )    2662624 bits [Y 99.9900 dB    U 99.9900 dB    V 99.9900 dB] [ET     6 ] [L0 ] [L1 ]
POC  205 TId: 0 ( I-SLICE, nQP 26 QP 26 )    2662192 bits [Y 99.9900 dB    U 99.9900 dB    V 99.9900 dB] [ET     6 ] [L0 ] [L1 ]
POC  206 TId: 0 ( I-SLICE, nQP 26 QP 26 )    2665680 bits [Y 99.9900 dB    U 99.9900 dB    V 99.9900 dB] [ET     6 ] [L0 ] [L1 ]
POC  207 TId: 0 ( I-SLICE, nQP 26 QP 26 )    2665696 bits [Y 99.9900 dB    U 99.9900 dB    V 99.9900 dB] [ET     6 ] [L0 ] [L1 ]
POC  208 TId: 0 ( I-SLICE, nQP 26 QP 26 )    2664264 bits [Y 99.9900 dB    U 99.9900 dB    V 99.9900 dB] [ET     6 ] [L0 ] [L1 ]
POC  209 TId: 0 ( I-SLICE, nQP 26 QP 26 )    2665528 bits [Y 99.9900 dB    U 99.9900 dB    V 99.9900 dB] [ET     6 ] [L0 ] [L1 ]
POC  210 TId: 0 ( I-SLICE, nQP 26 QP 26 )    2665528 bits [Y 99.9900 dB    U 99.9900 dB    V 99.9900 dB] [ET     6 ] [L0 ] [L1 ]
POC  211 TId: 0 ( I-SLICE, nQP 26 QP 26 )    2665248 bits [Y 99.9900 dB    U 99.9900 dB    V 99.9900 dB] [ET     6 ] [L0 ] [L1 ]
POC  212 TId: 0 ( I-SLICE, nQP 26 QP 26 )    2665248 bits [Y 99.9900 dB    U 99.9900 dB    V 99.9900 dB] [ET     6 ] [L0 ] [L1 ]
POC  213 TId: 0 ( I-SLICE, nQP 26 QP 26 )    2663344 bits [Y 99.9900 dB    U 99.9900 dB    V 99.9900 dB] [ET     6 ] [L0 ] [L1 ]
POC  214 TId: 0 ( I-SLICE, nQP 26 QP 26 )    2663344 bits [Y 99.9900 dB    U 99.9900 dB    V 99.9900 dB] [ET     6 ] [L0 ] [L1 ]
POC  215 TId: 0 ( I-SLICE, nQP 26 QP 26 )    2663344 bits [Y 99.9900 dB    U 99.9900 dB    V 99.9900 dB] [ET     6 ] [L0 ] [L1 ]
POC  216 TId: 0 ( I-SLICE, nQP 26 QP 26 )    2665688 bits [Y 99.9900 dB    U 99.9900 dB    V 99.9900 dB] [ET     6 ] [L0 ] [L1 ]
POC  217 TId: 0 ( I-SLICE, nQP 26 QP 26 )    2665248 bits [Y 99.9900 dB    U 99.9900 dB    V 99.9900 dB] [ET     6 ] [L0 ] [L1 ]
POC  218 TId: 0 ( I-SLICE, nQP 26 QP 26 )    2662072 bits [Y 99.9900 dB    U 99.9900 dB    V 99.9900 dB] [ET     6 ] [L0 ] [L1 ]
POC  219 TId: 0 ( I-SLICE, nQP 26 QP 26 )    2661760 bits [Y 99.9900 dB    U 99.9900 dB    V 99.9900 dB] [ET     6 ] [L0 ] [L1 ]
POC  220 TId: 0 ( I-SLICE, nQP 26 QP 26 )    2661592 bits [Y 99.9900 dB    U 99.9900 dB    V 99.9900 dB] [ET     6 ] [L0 ] [L1 ]
POC  221 TId: 0 ( I-SLICE, nQP 26 QP 26 )    2664440 bits [Y 99.9900 dB    U 99.9900 dB    V 99.9900 dB] [ET     6 ] [L0 ] [L1 ]
POC  222 TId: 0 ( I-SLICE, nQP 26 QP 26 )    2664696 bits [Y 99.9900 dB    U 99.9900 dB    V 99.9900 dB] [ET     6 ] [L0 ] [L1 ]
POC  223 TId: 0 ( I-SLICE, nQP 26 QP 26 )    2661648 bits [Y 99.9900 dB    U 99.9900 dB    V 99.9900 dB] [ET     6 ] [L0 ] [L1 ]
POC  224 TId: 0 ( I-SLICE, nQP 26 QP 26 )    2664712 bits [Y 99.9900 dB    U 99.9900 dB    V 99.9900 dB] [ET     6 ] [L0 ] [L1 ]
POC  225 TId: 0 ( I-SLICE, nQP 26 QP 26 )    2669600 bits [Y 99.9900 dB    U 99.9900 dB    V 99.9900 dB] [ET     6 ] [L0 ] [L1 ]
POC  226 TId: 0 ( I-SLICE, nQP 26 QP 26 )    2664072 bits [Y 99.9900 dB    U 99.9900 dB    V 99.9900 dB] [ET     6 ] [L0 ] [L1 ]
POC  227 TId: 0 ( I-SLICE, nQP 26 QP 26 )    2664104 bits [Y 99.9900 dB    U 99.9900 dB    V 99.9900 dB] [ET     6 ] [L0 ] [L1 ]
POC  228 TId: 0 ( I-SLICE, nQP 26 QP 26 )    2663696 bits [Y 99.9900 dB    U 99.9900 dB    V 99.9900 dB] [ET     6 ] [L0 ] [L1 ]
POC  229 TId: 0 ( I-SLICE, nQP 26 QP 26 )    2665176 bits [Y 99.9900 dB    U 99.9900 dB    V 99.9900 dB] [ET     6 ] [L0 ] [L1 ]
POC  230 TId: 0 ( I-SLICE, nQP 26 QP 26 )    2663664 bits [Y 99.9900 dB    U 99.9900 dB    V 99.9900 dB] [ET     6 ] [L0 ] [L1 ]
POC  231 TId: 0 ( I-SLICE, nQP 26 QP 26 )    2664776 bits [Y 99.9900 dB    U 99.9900 dB    V 99.9900 dB] [ET     6 ] [L0 ] [L1 ]
POC  232 TId: 0 ( I-SLICE, nQP 26 QP 26 )    2665416 bits [Y 99.9900 dB    U 99.9900 dB    V 99.9900 dB] [ET     6 ] [L0 ] [L1 ]
POC  233 TId: 0 ( I-SLICE, nQP 26 QP 26 )    2664832 bits [Y 99.9900 dB    U 99.9900 dB    V 99.9900 dB] [ET     6 ] [L0 ] [L1 ]
POC  234 TId: 0 ( I-SLICE, nQP 26 QP 26 )    2664792 bits [Y 99.9900 dB    U 99.9900 dB    V 99.9900 dB] [ET     6 ] [L0 ] [L1 ]
POC  235 TId: 0 ( I-SLICE, nQP 26 QP 26 )    2664848 bits [Y 99.9900 dB    U 99.9900 dB    V 99.9900 dB] [ET     6 ] [L0 ] [L1 ]
POC  236 TId: 0 ( I-SLICE, nQP 26 QP 26 )    2666496 bits [Y 99.9900 dB    U 99.9900 dB    V 99.9900 dB] [ET     6 ] [L0 ] [L1 ]
POC  237 TId: 0 ( I-SLICE, nQP 26 QP 26 )    2666664 bits [Y 99.9900 dB    U 99.9900 dB    V 99.9900 dB] [ET     6 ] [L0 ] [L1 ]
POC  238 TId: 0 ( I-SLICE, nQP 26 QP 26 )    2665944 bits [Y 99.9900 dB    U 99.9900 dB    V 99.9900 dB] [ET     6 ] [L0 ] [L1 ]
POC  239 TId: 0 ( I-SLICE, nQP 26 QP 26 )    2665840 bits [Y 99.9900 dB    U 99.9900 dB    V 99.9900 dB] [ET     6 ] [L0 ] [L1 ]
POC  240 TId: 0 ( I-SLICE, nQP 26 QP 26 )    2666072 bits [Y 99.9900 dB    U 99.9900 dB    V 99.9900 dB] [ET     6 ] [L0 ] [L1 ]
POC  241 TId: 0 ( I-SLICE, nQP 26 QP 26 )    2664328 bits [Y 99.9900 dB    U 99.9900 dB    V 99.9900 dB] [ET     6 ] [L0 ] [L1 ]
POC  242 TId: 0 ( I-SLICE, nQP 26 QP 26 )    2664224 bits [Y 99.9900 dB    U 99.9900 dB    V 99.9900 dB] [ET     6 ] [L0 ] [L1 ]
POC  243 TId: 0 ( I-SLICE, nQP 26 QP 26 )    2663320 bits [Y 99.9900 dB    U 99.9900 dB    V 99.9900 dB] [ET     6 ] [L0 ] [L1 ]
POC  244 TId: 0 ( I-SLICE, nQP 26 QP 26 )    2663152 bits [Y 99.9900 dB    U 99.9900 dB    V 99.9900 dB] [ET     6 ] [L0 ] [L1 ]
POC  245 TId: 0 ( I-SLICE, nQP 26 QP 26 )    2662832 bits [Y 99.9900 dB    U 99.9900 dB    V 99.9900 dB] [ET     6 ] [L0 ] [L1 ]
POC  246 TId: 0 ( I-SLICE, nQP 26 QP 26 )    2663224 bits [Y 99.9900 dB    U 99.9900 dB    V 99.9900 dB] [ET     6 ] [L0 ] [L1 ]
POC  247 TId: 0 ( I-SLICE, nQP 26 QP 26 )    2662320 bits [Y 99.9900 dB    U 99.9900 dB    V 99.9900 dB] [ET     6 ] [L0 ] [L1 ]
POC  248 TId: 0 ( I-SLICE, nQP 26 QP 26 )    2663752 bits [Y 99.9900 dB    U 99.9900 dB    V 99.9900 dB] [ET     6 ] [L0 ] [L1 ]
POC  249 TId: 0 ( I-SLICE, nQP 26 QP 26 )    2663728 bits [Y 99.9900 dB    U 99.9900 dB    V 99.9900 dB] [ET     6 ] [L0 ] [L1 ]
POC  250 TId: 0 ( I-SLICE, nQP 26 QP 26 )    2623120 bits [Y 99.9900 dB    U 99.9900 dB    V 99.9900 dB] [ET     6 ] [L0 ] [L1 ]
POC  251 TId: 0 ( I-SLICE, nQP 26 QP 26 )    2619960 bits [Y 99.9900 dB    U 99.9900 dB    V 99.9900 dB] [ET     6 ] [L0 ] [L1 ]
POC  252 TId: 0 ( I-SLICE, nQP 26 QP 26 )    2625520 bits [Y 99.9900 dB    U 99.9900 dB    V 99.9900 dB] [ET     6 ] [L0 ] [L1 ]
POC  253 TId: 0 ( I-SLICE, nQP 26 QP 26 )    2625704 bits [Y 99.9900 dB    U 99.9900 dB    V 99.9900 dB] [ET     6 ] [L0 ] [L1 ]
POC  254 TId: 0 ( I-SLICE, nQP 26 QP 26 )    2624456 bits [Y 99.9900 dB    U 99.9900 dB    V 99.9900 dB] [ET     6 ] [L0 ] [L1 ]
POC  255 TId: 0 ( I-SLICE, nQP 26 QP 26 )    2625848 bits [Y 99.9900 dB    U 99.9900 dB    V 99.9900 dB] [ET     6 ] [L0 ] [L1 ]
POC  256 TId: 0 ( I-SLICE, nQP 26 QP 26 )    2625080 bits [Y 99.9900 dB    U 99.9900 dB    V 99.9900 dB] [ET     6 ] [L0 ] [L1 ]
POC  257 TId: 0 ( I-SLICE, nQP 26 QP 26 )    2623976 bits [Y 99.9900 dB    U 99.9900 dB    V 99.9900 dB] [ET     6 ] [L0 ] [L1 ]
POC  258 TId: 0 ( I-SLICE, nQP 26 QP 26 )    2624472 bits [Y 99.9900 dB    U 99.9900 dB    V 99.9900 dB] [ET     6 ] [L0 ] [L1 ]
POC  259 TId: 0 ( I-SLICE, nQP 26 QP 26 )    2624912 bits [Y 99.9900 dB    U 99.9900 dB    V 99.9900 dB] [ET     6 ] [L0 ] [L1 ]
POC  260 TId: 0 ( I-SLICE, nQP 26 QP 26 )    2625088 bits [Y 99.9900 dB    U 99.9900 dB    V 99.9900 dB] [ET     6 ] [L0 ] [L1 ]
POC  261 TId: 0 ( I-SLICE, nQP 26 QP 26 )    2626360 bits [Y 99.9900 dB    U 99.9900 dB    V 99.9900 dB] [ET     6 ] [L0 ] [L1 ]
POC  262 TId: 0 ( I-SLICE, nQP 26 QP 26 )    2626264 bits [Y 99.9900 dB    U 99.9900 dB    V 99.9900 dB] [ET     6 ] [L0 ] [L1 ]
POC  263 TId: 0 ( I-SLICE, nQP 26 QP 26 )    2627328 bits [Y 99.9900 dB    U 99.9900 dB    V 99.9900 dB] [ET     6 ] [L0 ] [L1 ]
POC  264 TId: 0 ( I-SLICE, nQP 26 QP 26 )    2627440 bits [Y 99.9900 dB    U 99.9900 dB    V 99.9900 dB] [ET     6 ] [L0 ] [L1 ]
POC  265 TId: 0 ( I-SLICE, nQP 26 QP 26 )    2627512 bits [Y 99.9900 dB    U 99.9900 dB    V 99.9900 dB] [ET     6 ] [L0 ] [L1 ]
POC  266 TId: 0 ( I-SLICE, nQP 26 QP 26 )    2618744 bits [Y 99.9900 dB    U 99.9900 dB    V 99.9900 dB] [ET     6 ] [L0 ] [L1 ]
POC  267 TId: 0 ( I-SLICE, nQP 26 QP 26 )    2618824 bits [Y 99.9900 dB    U 99.9900 dB    V 99.9900 dB] [ET     6 ] [L0 ] [L1 ]
POC  268 TId: 0 ( I-SLICE, nQP 26 QP 26 )    2618632 bits [Y 99.9900 dB    U 99.9900 dB    V 99.9900 dB] [ET     6 ] [L0 ] [L1 ]
POC  269 TId: 0 ( I-SLICE, nQP 26 QP 26 )    2617744 bits [Y 99.9900 dB    U 99.9900 dB    V 99.9900 dB] [ET     6 ] [L0 ] [L1 ]
POC  270 TId: 0 ( I-SLICE, nQP 26 QP 26 )    2617744 bits [Y 99.9900 dB    U 99.9900 dB    V 99.9900 dB] [ET     6 ] [L0 ] [L1 ]
POC  271 TId: 0 ( I-SLICE, nQP 26 QP 26 )    2619184 bits [Y 99.9900 dB    U 99.9900 dB    V 99.9900 dB] [ET     6 ] [L0 ] [L1 ]
POC  272 TId: 0 ( I-SLICE, nQP 26 QP 26 )    2619040 bits [Y 99.9900 dB    U 99.9900 dB    V 99.9900 dB] [ET     6 ] [L0 ] [L1 ]
POC  273 TId: 0 ( I-SLICE, nQP 26 QP 26 )    2627472 bits [Y 99.9900 dB    U 99.9900 dB    V 99.9900 dB] [ET     6 ] [L0 ] [L1 ]
POC  274 TId: 0 ( I-SLICE, nQP 26 QP 26 )    2627656 bits [Y 99.9900 dB    U 99.9900 dB    V 99.9900 dB] [ET     6 ] [L0 ] [L1 ]
POC  275 TId: 0 ( I-SLICE, nQP 26 QP 26 )    2627504 bits [Y 99.9900 dB    U 99.9900 dB    V 99.9900 dB] [ET     6 ] [L0 ] [L1 ]
POC  276 TId: 0 ( I-SLICE, nQP 26 QP 26 )    2617144 bits [Y 99.9900 dB    U 99.9900 dB    V 99.9900 dB] [ET     6 ] [L0 ] [L1 ]
POC  277 TId: 0 ( I-SLICE, nQP 26 QP 26 )    2617552 bits [Y 99.9900 dB    U 99.9900 dB    V 99.9900 dB] [ET     6 ] [L0 ] [L1 ]
POC  278 TId: 0 ( I-SLICE, nQP 26 QP 26 )    2617560 bits [Y 99.9900 dB    U 99.9900 dB    V 99.9900 dB] [ET     6 ] [L0 ] [L1 ]
POC  279 TId: 0 ( I-SLICE, nQP 26 QP 26 )    2617448 bits [Y 99.9900 dB    U 99.9900 dB    V 99.9900 dB] [ET     6 ] [L0 ] [L1 ]
POC  280 TId: 0 ( I-SLICE, nQP 26 QP 26 )    2617288 bits [Y 99.9900 dB    U 99.9900 dB    V 99.9900 dB] [ET     6 ] [L0 ] [L1 ]
POC  281 TId: 0 ( I-SLICE, nQP 26 QP 26 )    2617464 bits [Y 99.9900 dB    U 99.9900 dB    V 99.9900 dB] [ET     6 ] [L0 ] [L1 ]
POC  282 TId: 0 ( I-SLICE, nQP 26 QP 26 )    2617240 bits [Y 99.9900 dB    U 99.9900 dB    V 99.9900 dB] [ET     6 ] [L0 ] [L1 ]
POC  283 TId: 0 ( I-SLICE, nQP 26 QP 26 )    2617600 bits [Y 99.9900 dB    U 99.9900 dB    V 99.9900 dB] [ET     6 ] [L0 ] [L1 ]
POC  284 TId: 0 ( I-SLICE, nQP 26 QP 26 )    2704208 bits [Y 99.9900 dB    U 99.9900 dB    V 99.9900 dB] [ET     6 ] [L0 ] [L1 ]
POC  285 TId: 0 ( I-SLICE, nQP 26 QP 26 )    2702240 bits [Y 99.9900 dB    U 99.9900 dB    V 99.9900 dB] [ET     6 ] [L0 ] [L1 ]
POC  286 TId: 0 ( I-SLICE, nQP 26 QP 26 )    2854784 bits [Y 99.9900 dB    U 99.9900 dB    V 99.9900 dB] [ET     7 ] [L0 ] [L1 ]
POC  287 TId: 0 ( I-SLICE, nQP 26 QP 26 )    2854888 bits [Y 99.9900 dB    U 99.9900 dB    V 99.9900 dB] [ET     6 ] [L0 ] [L1 ]
POC  288 TId: 0 ( I-SLICE, nQP 26 QP 26 )    2855248 bits [Y 99.9900 dB    U 99.9900 dB    V 99.9900 dB] [ET     7 ] [L0 ] [L1 ]
POC  289 TId: 0 ( I-SLICE, nQP 26 QP 26 )    2855272 bits [Y 99.9900 dB    U 99.9900 dB    V 99.9900 dB] [ET     7 ] [L0 ] [L1 ]
POC  290 TId: 0 ( I-SLICE, nQP 26 QP 26 )    2865112 bits [Y 99.9900 dB    U 99.9900 dB    V 99.9900 dB] [ET     7 ] [L0 ] [L1 ]
POC  291 TId: 0 ( I-SLICE, nQP 26 QP 26 )    2865128 bits [Y 99.9900 dB    U 99.9900 dB    V 99.9900 dB] [ET     6 ] [L0 ] [L1 ]
POC  292 TId: 0 ( I-SLICE, nQP 26 QP 26 )    2864360 bits [Y 99.9900 dB    U 99.9900 dB    V 99.9900 dB] [ET     6 ] [L0 ] [L1 ]
POC  293 TId: 0 ( I-SLICE, nQP 26 QP 26 )    2865208 bits [Y 99.9900 dB    U 99.9900 dB    V 99.9900 dB] [ET     7 ] [L0 ] [L1 ]
POC  294 TId: 0 ( I-SLICE, nQP 26 QP 26 )    2869272 bits [Y 99.9900 dB    U 99.9900 dB    V 99.9900 dB] [ET     6 ] [L0 ] [L1 ]
POC  295 TId: 0 ( I-SLICE, nQP 26 QP 26 )    2870248 bits [Y 99.9900 dB    U 99.9900 dB    V 99.9900 dB] [ET     6 ] [L0 ] [L1 ]
POC  296 TId: 0 ( I-SLICE, nQP 26 QP 26 )    2870048 bits [Y 99.9900 dB    U 99.9900 dB    V 99.9900 dB] [ET     6 ] [L0 ] [L1 ]
POC  297 TId: 0 ( I-SLICE, nQP 26 QP 26 )    2869936 bits [Y 99.9900 dB    U 99.9900 dB    V 99.9900 dB] [ET     6 ] [L0 ] [L1 ]
POC  298 TId: 0 ( I-SLICE, nQP 26 QP 26 )    2870040 bits [Y 99.9900 dB    U 99.9900 dB    V 99.9900 dB] [ET     6 ] [L0 ] [L1 ]
POC  299 TId: 0 ( I-SLICE, nQP 26 QP 26 )    2866896 bits [Y 99.9900 dB    U 99.9900 dB    V 99.9900 dB] [ET     6 ] [L0 ] [L1 ]


SUMMARY --------------------------------------------------------
	Total Frames |  Bitrate    Y-PSNR    U-PSNR    V-PSNR 
	      300    a  84282.9520   99.9900   99.9900   99.9900


I Slices--------------------------------------------------------
	Total Frames |  Bitrate    Y-PSNR    U-PSNR    V-PSNR 
	      300    i  84282.9520   99.9900   99.9900   99.9900


P Slices--------------------------------------------------------
	Total Frames |  Bitrate    Y-PSNR    U-PSNR    V-PSNR 
	        0    p        -nan      -nan      -nan      -nan


B Slices--------------------------------------------------------
	Total Frames |  Bitrate    Y-PSNR    U-PSNR    V-PSNR 
	        0    b        -nan      -nan      -nan      -nan

RVM: 0.000
Bytes written to file: 105354901 (84283.921 kbps)

 Total Time:     1921.547 sec.
