
HM software: Encoder Version [15.0][Linux][GCC 4.8.5][64 bit] 

Input          File          : ../../HEVC_test_sequence/ClassA/Traffic_2560x1600_30_crop.yuv
Bitstream      File          : Traffic.bin
Reconstruction File          : Traffic.yuv
Real     Format              : 2560x1600 30Hz
Internal Format              : 2560x1600 30Hz
Frame/Field                  : Frame based coding
Frame index                  : 0 - 149 (150 frames)
CU size / depth              : 64 / 4
RQT trans. size (min / max)  : 4 / 32
Max RQT depth inter          : 3
Max RQT depth intra          : 3
Min PCM size                 : 8
Motion search range          : 64
Intra period                 : 1
Decoding refresh type        : 0
QP                           : 26.00
Max dQP signaling depth      : 0
Cb QP Offset                 : 0
Cr QP Offset                 : 0
QP adaptation                : 0 (range=0)
GOP size                     : 1
Internal bit depth           : (Y:8, C:8)
PCM sample bit depth         : (Y:8, C:8)
RateControl                  : 0
Max Num Merge Candidates     : 5

TOOL CFG: IBD:0 HAD:0 RDQ:0 RDQTS:0 RDpenalty:0 SQP:0 ASR:0 FEN:0 ECU:0 FDM:0 CFM:0 ESD:0 RQT:1 TransformSkip:0 TransformSkipFast:0 Slice: M=0 SliceSegment: M=0 CIP:0 SAO:0 PCM:0 TransQuantBypassEnabled: =1 WPP:0 WPB:0 PME:2  WaveFrontSynchro:0 WaveFrontSubstreams:1 ScalingList:0 TMVPMode:1 AQpS:0 SignBitHidingFlag:1 RecalQP:0

POC    0 TId: 0 ( I-SLICE, nQP 26 QP 26 )   20286936 bits [Y 99.9900 dB    U 99.9900 dB    V 99.9900 dB] [ET    36 ] [L0 ] [L1 ]
POC    1 TId: 0 ( I-SLICE, nQP 26 QP 26 )   20302528 bits [Y 99.9900 dB    U 99.9900 dB    V 99.9900 dB] [ET    36 ] [L0 ] [L1 ]
POC    2 TId: 0 ( I-SLICE, nQP 26 QP 26 )   20298280 bits [Y 99.9900 dB    U 99.9900 dB    V 99.9900 dB] [ET    36 ] [L0 ] [L1 ]
POC    3 TId: 0 ( I-SLICE, nQP 26 QP 26 )   20298784 bits [Y 99.9900 dB    U 99.9900 dB    V 99.9900 dB] [ET    36 ] [L0 ] [L1 ]
POC    4 TId: 0 ( I-SLICE, nQP 26 QP 26 )   20311176 bits [Y 99.9900 dB    U 99.9900 dB    V 99.9900 dB] [ET    36 ] [L0 ] [L1 ]
POC    5 TId: 0 ( I-SLICE, nQP 26 QP 26 )   20298624 bits [Y 99.9900 dB    U 99.9900 dB    V 99.9900 dB] [ET    36 ] [L0 ] [L1 ]
POC    6 TId: 0 ( I-SLICE, nQP 26 QP 26 )   20303064 bits [Y 99.9900 dB    U 99.9900 dB    V 99.9900 dB] [ET    36 ] [L0 ] [L1 ]
POC    7 TId: 0 ( I-SLICE, nQP 26 QP 26 )   20303544 bits [Y 99.9900 dB    U 99.9900 dB    V 99.9900 dB] [ET    36 ] [L0 ] [L1 ]
POC    8 TId: 0 ( I-SLICE, nQP 26 QP 26 )   20307216 bits [Y 99.9900 dB    U 99.9900 dB    V 99.9900 dB] [ET    36 ] [L0 ] [L1 ]
POC    9 TId: 0 ( I-SLICE, nQP 26 QP 26 )   20307192 bits [Y 99.9900 dB    U 99.9900 dB    V 99.9900 dB] [ET    36 ] [L0 ] [L1 ]
POC   10 TId: 0 ( I-SLICE, nQP 26 QP 26 )   20306704 bits [Y 99.9900 dB    U 99.9900 dB    V 99.9900 dB] [ET    36 ] [L0 ] [L1 ]
POC   11 TId: 0 ( I-SLICE, nQP 26 QP 26 )   20310992 bits [Y 99.9900 dB    U 99.9900 dB    V 99.9900 dB] [ET    36 ] [L0 ] [L1 ]
POC   12 TId: 0 ( I-SLICE, nQP 26 QP 26 )   20302000 bits [Y 99.9900 dB    U 99.9900 dB    V 99.9900 dB] [ET    36 ] [L0 ] [L1 ]
POC   13 TId: 0 ( I-SLICE, nQP 26 QP 26 )   20280048 bits [Y 99.9900 dB    U 99.9900 dB    V 99.9900 dB] [ET    36 ] [L0 ] [L1 ]
POC   14 TId: 0 ( I-SLICE, nQP 26 QP 26 )   20296152 bits [Y 99.9900 dB    U 99.9900 dB    V 99.9900 dB] [ET    36 ] [L0 ] [L1 ]
POC   15 TId: 0 ( I-SLICE, nQP 26 QP 26 )   20294704 bits [Y 99.9900 dB    U 99.9900 dB    V 99.9900 dB] [ET    36 ] [L0 ] [L1 ]
POC   16 TId: 0 ( I-SLICE, nQP 26 QP 26 )   20298304 bits [Y 99.9900 dB    U 99.9900 dB    V 99.9900 dB] [ET    36 ] [L0 ] [L1 ]
POC   17 TId: 0 ( I-SLICE, nQP 26 QP 26 )   20305824 bits [Y 99.9900 dB    U 99.9900 dB    V 99.9900 dB] [ET    36 ] [L0 ] [L1 ]
POC   18 TId: 0 ( I-SLICE, nQP 26 QP 26 )   20290336 bits [Y 99.9900 dB    U 99.9900 dB    V 99.9900 dB] [ET    36 ] [L0 ] [L1 ]
POC   19 TId: 0 ( I-SLICE, nQP 26 QP 26 )   20293280 bits [Y 99.9900 dB    U 99.9900 dB    V 99.9900 dB] [ET    36 ] [L0 ] [L1 ]
POC   20 TId: 0 ( I-SLICE, nQP 26 QP 26 )   20289696 bits [Y 99.9900 dB    U 99.9900 dB    V 99.9900 dB] [ET    36 ] [L0 ] [L1 ]
POC   21 TId: 0 ( I-SLICE, nQP 26 QP 26 )   20294272 bits [Y 99.9900 dB    U 99.9900 dB    V 99.9900 dB] [ET    36 ] [L0 ] [L1 ]
POC   22 TId: 0 ( I-SLICE, nQP 26 QP 26 )   20292200 bits [Y 99.9900 dB    U 99.9900 dB    V 99.9900 dB] [ET    36 ] [L0 ] [L1 ]
POC   23 TId: 0 ( I-SLICE, nQP 26 QP 26 )   20282472 bits [Y 99.9900 dB    U 99.9900 dB    V 99.9900 dB] [ET    36 ] [L0 ] [L1 ]
POC   24 TId: 0 ( I-SLICE, nQP 26 QP 26 )   20275072 bits [Y 99.9900 dB    U 99.9900 dB    V 99.9900 dB] [ET    36 ] [L0 ] [L1 ]
POC   25 TId: 0 ( I-SLICE, nQP 26 QP 26 )   20281488 bits [Y 99.9900 dB    U 99.9900 dB    V 99.9900 dB] [ET    36 ] [L0 ] [L1 ]
POC   26 TId: 0 ( I-SLICE, nQP 26 QP 26 )   20271800 bits [Y 99.9900 dB    U 99.9900 dB    V 99.9900 dB] [ET    36 ] [L0 ] [L1 ]
POC   27 TId: 0 ( I-SLICE, nQP 26 QP 26 )   20275744 bits [Y 99.9900 dB    U 99.9900 dB    V 99.9900 dB] [ET    36 ] [L0 ] [L1 ]
POC   28 TId: 0 ( I-SLICE, nQP 26 QP 26 )   20273944 bits [Y 99.9900 dB    U 99.9900 dB    V 99.9900 dB] [ET    35 ] [L0 ] [L1 ]
POC   29 TId: 0 ( I-SLICE, nQP 26 QP 26 )   20273856 bits [Y 99.9900 dB    U 99.9900 dB    V 99.9900 dB] [ET    36 ] [L0 ] [L1 ]
POC   30 TId: 0 ( I-SLICE, nQP 26 QP 26 )   20276232 bits [Y 99.9900 dB    U 99.9900 dB    V 99.9900 dB] [ET    36 ] [L0 ] [L1 ]
POC   31 TId: 0 ( I-SLICE, nQP 26 QP 26 )   20280856 bits [Y 99.9900 dB    U 99.9900 dB    V 99.9900 dB] [ET    36 ] [L0 ] [L1 ]
POC   32 TId: 0 ( I-SLICE, nQP 26 QP 26 )   20280648 bits [Y 99.9900 dB    U 99.9900 dB    V 99.9900 dB] [ET    35 ] [L0 ] [L1 ]
POC   33 TId: 0 ( I-SLICE, nQP 26 QP 26 )   20277920 bits [Y 99.9900 dB    U 99.9900 dB    V 99.9900 dB] [ET    36 ] [L0 ] [L1 ]
POC   34 TId: 0 ( I-SLICE, nQP 26 QP 26 )   20279224 bits [Y 99.9900 dB    U 99.9900 dB    V 99.9900 dB] [ET    36 ] [L0 ] [L1 ]
POC   35 TId: 0 ( I-SLICE, nQP 26 QP 26 )   20281568 bits [Y 99.9900 dB    U 99.9900 dB    V 99.9900 dB] [ET    36 ] [L0 ] [L1 ]
POC   36 TId: 0 ( I-SLICE, nQP 26 QP 26 )   20294184 bits [Y 99.9900 dB    U 99.9900 dB    V 99.9900 dB] [ET    36 ] [L0 ] [L1 ]
POC   37 TId: 0 ( I-SLICE, nQP 26 QP 26 )   20304528 bits [Y 99.9900 dB    U 99.9900 dB    V 99.9900 dB] [ET    36 ] [L0 ] [L1 ]
POC   38 TId: 0 ( I-SLICE, nQP 26 QP 26 )   20318816 bits [Y 99.9900 dB    U 99.9900 dB    V 99.9900 dB] [ET    36 ] [L0 ] [L1 ]
POC   39 TId: 0 ( I-SLICE, nQP 26 QP 26 )   20329520 bits [Y 99.9900 dB    U 99.9900 dB    V 99.9900 dB] [ET    36 ] [L0 ] [L1 ]
POC   40 TId: 0 ( I-SLICE, nQP 26 QP 26 )   20291664 bits [Y 99.9900 dB    U 99.9900 dB    V 99.9900 dB] [ET    36 ] [L0 ] [L1 ]
POC   41 TId: 0 ( I-SLICE, nQP 26 QP 26 )   20302328 bits [Y 99.9900 dB    U 99.9900 dB    V 99.9900 dB] [ET    36 ] [L0 ] [L1 ]
POC   42 TId: 0 ( I-SLICE, nQP 26 QP 26 )   20304400 bits [Y 99.9900 dB    U 99.9900 dB    V 99.9900 dB] [ET    36 ] [L0 ] [L1 ]
POC   43 TId: 0 ( I-SLICE, nQP 26 QP 26 )   20327712 bits [Y 99.9900 dB    U 99.9900 dB    V 99.9900 dB] [ET    36 ] [L0 ] [L1 ]
POC   44 TId: 0 ( I-SLICE, nQP 26 QP 26 )   20325408 bits [Y 99.9900 dB    U 99.9900 dB    V 99.9900 dB] [ET    35 ] [L0 ] [L1 ]
POC   45 TId: 0 ( I-SLICE, nQP 26 QP 26 )   20315416 bits [Y 99.9900 dB    U 99.9900 dB    V 99.9900 dB] [ET    36 ] [L0 ] [L1 ]
POC   46 TId: 0 ( I-SLICE, nQP 26 QP 26 )   20326024 bits [Y 99.9900 dB    U 99.9900 dB    V 99.9900 dB] [ET    36 ] [L0 ] [L1 ]
POC   47 TId: 0 ( I-SLICE, nQP 26 QP 26 )   20318888 bits [Y 99.9900 dB    U 99.9900 dB    V 99.9900 dB] [ET    36 ] [L0 ] [L1 ]
POC   48 TId: 0 ( I-SLICE, nQP 26 QP 26 )   20312160 bits [Y 99.9900 dB    U 99.9900 dB    V 99.9900 dB] [ET    36 ] [L0 ] [L1 ]
POC   49 TId: 0 ( I-SLICE, nQP 26 QP 26 )   20315216 bits [Y 99.9900 dB    U 99.9900 dB    V 99.9900 dB] [ET    36 ] [L0 ] [L1 ]
POC   50 TId: 0 ( I-SLICE, nQP 26 QP 26 )   20297744 bits [Y 99.9900 dB    U 99.9900 dB    V 99.9900 dB] [ET    36 ] [L0 ] [L1 ]
POC   51 TId: 0 ( I-SLICE, nQP 26 QP 26 )   20311768 bits [Y 99.9900 dB    U 99.9900 dB    V 99.9900 dB] [ET    36 ] [L0 ] [L1 ]
POC   52 TId: 0 ( I-SLICE, nQP 26 QP 26 )   20285120 bits [Y 99.9900 dB    U 99.9900 dB    V 99.9900 dB] [ET    36 ] [L0 ] [L1 ]
POC   53 TId: 0 ( I-SLICE, nQP 26 QP 26 )   20308856 bits [Y 99.9900 dB    U 99.9900 dB    V 99.9900 dB] [ET    36 ] [L0 ] [L1 ]
POC   54 TId: 0 ( I-SLICE, nQP 26 QP 26 )   20293584 bits [Y 99.9900 dB    U 99.9900 dB    V 99.9900 dB] [ET    36 ] [L0 ] [L1 ]
POC   55 TId: 0 ( I-SLICE, nQP 26 QP 26 )   20288648 bits [Y 99.9900 dB    U 99.9900 dB    V 99.9900 dB] [ET    36 ] [L0 ] [L1 ]
POC   56 TId: 0 ( I-SLICE, nQP 26 QP 26 )   20302904 bits [Y 99.9900 dB    U 99.9900 dB    V 99.9900 dB] [ET    36 ] [L0 ] [L1 ]
POC   57 TId: 0 ( I-SLICE, nQP 26 QP 26 )   20315424 bits [Y 99.9900 dB    U 99.9900 dB    V 99.9900 dB] [ET    36 ] [L0 ] [L1 ]
POC   58 TId: 0 ( I-SLICE, nQP 26 QP 26 )   20326096 bits [Y 99.9900 dB    U 99.9900 dB    V 99.9900 dB] [ET    36 ] [L0 ] [L1 ]
POC   59 TId: 0 ( I-SLICE, nQP 26 QP 26 )   20323024 bits [Y 99.9900 dB    U 99.9900 dB    V 99.9900 dB] [ET    36 ] [L0 ] [L1 ]
POC   60 TId: 0 ( I-SLICE, nQP 26 QP 26 )   20309240 bits [Y 99.9900 dB    U 99.9900 dB    V 99.9900 dB] [ET    36 ] [L0 ] [L1 ]
POC   61 TId: 0 ( I-SLICE, nQP 26 QP 26 )   20296968 bits [Y 99.9900 dB    U 99.9900 dB    V 99.9900 dB] [ET    36 ] [L0 ] [L1 ]
POC   62 TId: 0 ( I-SLICE, nQP 26 QP 26 )   20285488 bits [Y 99.9900 dB    U 99.9900 dB    V 99.9900 dB] [ET    36 ] [L0 ] [L1 ]
POC   63 TId: 0 ( I-SLICE, nQP 26 QP 26 )   20306656 bits [Y 99.9900 dB    U 99.9900 dB    V 99.9900 dB] [ET    36 ] [L0 ] [L1 ]
POC   64 TId: 0 ( I-SLICE, nQP 26 QP 26 )   20323072 bits [Y 99.9900 dB    U 99.9900 dB    V 99.9900 dB] [ET    36 ] [L0 ] [L1 ]
POC   65 TId: 0 ( I-SLICE, nQP 26 QP 26 )   20312080 bits [Y 99.9900 dB    U 99.9900 dB    V 99.9900 dB] [ET    36 ] [L0 ] [L1 ]
POC   66 TId: 0 ( I-SLICE, nQP 26 QP 26 )   20292872 bits [Y 99.9900 dB    U 99.9900 dB    V 99.9900 dB] [ET    36 ] [L0 ] [L1 ]
POC   67 TId: 0 ( I-SLICE, nQP 26 QP 26 )   20301656 bits [Y 99.9900 dB    U 99.9900 dB    V 99.9900 dB] [ET    36 ] [L0 ] [L1 ]
POC   68 TId: 0 ( I-SLICE, nQP 26 QP 26 )   20301872 bits [Y 99.9900 dB    U 99.9900 dB    V 99.9900 dB] [ET    36 ] [L0 ] [L1 ]
POC   69 TId: 0 ( I-SLICE, nQP 26 QP 26 )   20300072 bits [Y 99.9900 dB    U 99.9900 dB    V 99.9900 dB] [ET    36 ] [L0 ] [L1 ]
POC   70 TId: 0 ( I-SLICE, nQP 26 QP 26 )   20297208 bits [Y 99.9900 dB    U 99.9900 dB    V 99.9900 dB] [ET    36 ] [L0 ] [L1 ]
POC   71 TId: 0 ( I-SLICE, nQP 26 QP 26 )   20293280 bits [Y 99.9900 dB    U 99.9900 dB    V 99.9900 dB] [ET    36 ] [L0 ] [L1 ]
POC   72 TId: 0 ( I-SLICE, nQP 26 QP 26 )   20285552 bits [Y 99.9900 dB    U 99.9900 dB    V 99.9900 dB] [ET    36 ] [L0 ] [L1 ]
POC   73 TId: 0 ( I-SLICE, nQP 26 QP 26 )   20292808 bits [Y 99.9900 dB    U 99.9900 dB    V 99.9900 dB] [ET    36 ] [L0 ] [L1 ]
POC   74 TId: 0 ( I-SLICE, nQP 26 QP 26 )   20282520 bits [Y 99.9900 dB    U 99.9900 dB    V 99.9900 dB] [ET    36 ] [L0 ] [L1 ]
POC   75 TId: 0 ( I-SLICE, nQP 26 QP 26 )   20283168 bits [Y 99.9900 dB    U 99.9900 dB    V 99.9900 dB] [ET    36 ] [L0 ] [L1 ]
POC   76 TId: 0 ( I-SLICE, nQP 26 QP 26 )   20266840 bits [Y 99.9900 dB    U 99.9900 dB    V 99.9900 dB] [ET    36 ] [L0 ] [L1 ]
POC   77 TId: 0 ( I-SLICE, nQP 26 QP 26 )   20273704 bits [Y 99.9900 dB    U 99.9900 dB    V 99.9900 dB] [ET    36 ] [L0 ] [L1 ]
POC   78 TId: 0 ( I-SLICE, nQP 26 QP 26 )   20275864 bits [Y 99.9900 dB    U 99.9900 dB    V 99.9900 dB] [ET    36 ] [L0 ] [L1 ]
POC   79 TId: 0 ( I-SLICE, nQP 26 QP 26 )   20276968 bits [Y 99.9900 dB    U 99.9900 dB    V 99.9900 dB] [ET    36 ] [L0 ] [L1 ]
POC   80 TId: 0 ( I-SLICE, nQP 26 QP 26 )   20255976 bits [Y 99.9900 dB    U 99.9900 dB    V 99.9900 dB] [ET    36 ] [L0 ] [L1 ]
POC   81 TId: 0 ( I-SLICE, nQP 26 QP 26 )   20283640 bits [Y 99.9900 dB    U 99.9900 dB    V 99.9900 dB] [ET    36 ] [L0 ] [L1 ]
POC   82 TId: 0 ( I-SLICE, nQP 26 QP 26 )   20266752 bits [Y 99.9900 dB    U 99.9900 dB    V 99.9900 dB] [ET    36 ] [L0 ] [L1 ]
POC   83 TId: 0 ( I-SLICE, nQP 26 QP 26 )   20271328 bits [Y 99.9900 dB    U 99.9900 dB    V 99.9900 dB] [ET    36 ] [L0 ] [L1 ]
POC   84 TId: 0 ( I-SLICE, nQP 26 QP 26 )   20263280 bits [Y 99.9900 dB    U 99.9900 dB    V 99.9900 dB] [ET    36 ] [L0 ] [L1 ]
POC   85 TId: 0 ( I-SLICE, nQP 26 QP 26 )   20271872 bits [Y 99.9900 dB    U 99.9900 dB    V 99.9900 dB] [ET    36 ] [L0 ] [L1 ]
POC   86 TId: 0 ( I-SLICE, nQP 26 QP 26 )   20267160 bits [Y 99.9900 dB    U 99.9900 dB    V 99.9900 dB] [ET    36 ] [L0 ] [L1 ]
POC   87 TId: 0 ( I-SLICE, nQP 26 QP 26 )   20281752 bits [Y 99.9900 dB    U 99.9900 dB    V 99.9900 dB] [ET    36 ] [L0 ] [L1 ]
POC   88 TId: 0 ( I-SLICE, nQP 26 QP 26 )   20275360 bits [Y 99.9900 dB    U 99.9900 dB    V 99.9900 dB] [ET    36 ] [L0 ] [L1 ]
POC   89 TId: 0 ( I-SLICE, nQP 26 QP 26 )   20276352 bits [Y 99.9900 dB    U 99.9900 dB    V 99.9900 dB] [ET    36 ] [L0 ] [L1 ]
POC   90 TId: 0 ( I-SLICE, nQP 26 QP 26 )   20266960 bits [Y 99.9900 dB    U 99.9900 dB    V 99.9900 dB] [ET    36 ] [L0 ] [L1 ]
POC   91 TId: 0 ( I-SLICE, nQP 26 QP 26 )   20270536 bits [Y 99.9900 dB    U 99.9900 dB    V 99.9900 dB] [ET    36 ] [L0 ] [L1 ]
POC   92 TId: 0 ( I-SLICE, nQP 26 QP 26 )   20272984 bits [Y 99.9900 dB    U 99.9900 dB    V 99.9900 dB] [ET    36 ] [L0 ] [L1 ]
POC   93 TId: 0 ( I-SLICE, nQP 26 QP 26 )   20257440 bits [Y 99.9900 dB    U 99.9900 dB    V 99.9900 dB] [ET    36 ] [L0 ] [L1 ]
POC   94 TId: 0 ( I-SLICE, nQP 26 QP 26 )   20272944 bits [Y 99.9900 dB    U 99.9900 dB    V 99.9900 dB] [ET    36 ] [L0 ] [L1 ]
POC   95 TId: 0 ( I-SLICE, nQP 26 QP 26 )   20270560 bits [Y 99.9900 dB    U 99.9900 dB    V 99.9900 dB] [ET    36 ] [L0 ] [L1 ]
POC   96 TId: 0 ( I-SLICE, nQP 26 QP 26 )   20258912 bits [Y 99.9900 dB    U 99.9900 dB    V 99.9900 dB] [ET    35 ] [L0 ] [L1 ]
POC   97 TId: 0 ( I-SLICE, nQP 26 QP 26 )   20259232 bits [Y 99.9900 dB    U 99.9900 dB    V 99.9900 dB] [ET    36 ] [L0 ] [L1 ]
POC   98 TId: 0 ( I-SLICE, nQP 26 QP 26 )   20261544 bits [Y 99.9900 dB    U 99.9900 dB    V 99.9900 dB] [ET    36 ] [L0 ] [L1 ]
POC   99 TId: 0 ( I-SLICE, nQP 26 QP 26 )   20263952 bits [Y 99.9900 dB    U 99.9900 dB    V 99.9900 dB] [ET    36 ] [L0 ] [L1 ]
POC  100 TId: 0 ( I-SLICE, nQP 26 QP 26 )   20267168 bits [Y 99.9900 dB    U 99.9900 dB    V 99.9900 dB] [ET    36 ] [L0 ] [L1 ]
POC  101 TId: 0 ( I-SLICE, nQP 26 QP 26 )   20262944 bits [Y 99.9900 dB    U 99.9900 dB    V 99.9900 dB] [ET    36 ] [L0 ] [L1 ]
POC  102 TId: 0 ( I-SLICE, nQP 26 QP 26 )   20271856 bits [Y 99.9900 dB    U 99.9900 dB    V 99.9900 dB] [ET    36 ] [L0 ] [L1 ]
POC  103 TId: 0 ( I-SLICE, nQP 26 QP 26 )   20272400 bits [Y 99.9900 dB    U 99.9900 dB    V 99.9900 dB] [ET    36 ] [L0 ] [L1 ]
POC  104 TId: 0 ( I-SLICE, nQP 26 QP 26 )   20271880 bits [Y 99.9900 dB    U 99.9900 dB    V 99.9900 dB] [ET    36 ] [L0 ] [L1 ]
POC  105 TId: 0 ( I-SLICE, nQP 26 QP 26 )   20266168 bits [Y 99.9900 dB    U 99.9900 dB    V 99.9900 dB] [ET    36 ] [L0 ] [L1 ]
POC  106 TId: 0 ( I-SLICE, nQP 26 QP 26 )   20266608 bits [Y 99.9900 dB    U 99.9900 dB    V 99.9900 dB] [ET    36 ] [L0 ] [L1 ]
POC  107 TId: 0 ( I-SLICE, nQP 26 QP 26 )   20263952 bits [Y 99.9900 dB    U 99.9900 dB    V 99.9900 dB] [ET    36 ] [L0 ] [L1 ]
POC  108 TId: 0 ( I-SLICE, nQP 26 QP 26 )   20265656 bits [Y 99.9900 dB    U 99.9900 dB    V 99.9900 dB] [ET    36 ] [L0 ] [L1 ]
POC  109 TId: 0 ( I-SLICE, nQP 26 QP 26 )   20276448 bits [Y 99.9900 dB    U 99.9900 dB    V 99.9900 dB] [ET    36 ] [L0 ] [L1 ]
POC  110 TId: 0 ( I-SLICE, nQP 26 QP 26 )   20281240 bits [Y 99.9900 dB    U 99.9900 dB    V 99.9900 dB] [ET    36 ] [L0 ] [L1 ]
POC  111 TId: 0 ( I-SLICE, nQP 26 QP 26 )   20283768 bits [Y 99.9900 dB    U 99.9900 dB    V 99.9900 dB] [ET    36 ] [L0 ] [L1 ]
POC  112 TId: 0 ( I-SLICE, nQP 26 QP 26 )   20296672 bits [Y 99.9900 dB    U 99.9900 dB    V 99.9900 dB] [ET    36 ] [L0 ] [L1 ]
POC  113 TId: 0 ( I-SLICE, nQP 26 QP 26 )   20307712 bits [Y 99.9900 dB    U 99.9900 dB    V 99.9900 dB] [ET    36 ] [L0 ] [L1 ]
POC  114 TId: 0 ( I-SLICE, nQP 26 QP 26 )   20310304 bits [Y 99.9900 dB    U 99.9900 dB    V 99.9900 dB] [ET    36 ] [L0 ] [L1 ]
POC  115 TId: 0 ( I-SLICE, nQP 26 QP 26 )   20325856 bits [Y 99.9900 dB    U 99.9900 dB    V 99.9900 dB] [ET    36 ] [L0 ] [L1 ]
POC  116 TId: 0 ( I-SLICE, nQP 26 QP 26 )   20333112 bits [Y 99.9900 dB    U 99.9900 dB    V 99.9900 dB] [ET    36 ] [L0 ] [L1 ]
POC  117 TId: 0 ( I-SLICE, nQP 26 QP 26 )   20332960 bits [Y 99.9900 dB    U 99.9900 dB    V 99.9900 dB] [ET    36 ] [L0 ] [L1 ]
POC  118 TId: 0 ( I-SLICE, nQP 26 QP 26 )   20350168 bits [Y 99.9900 dB    U 99.9900 dB    V 99.9900 dB] [ET    36 ] [L0 ] [L1 ]
POC  119 TId: 0 ( I-SLICE, nQP 26 QP 26 )   20343480 bits [Y 99.9900 dB    U 99.9900 dB    V 99.9900 dB] [ET    36 ] [L0 ] [L1 ]
POC  120 TId: 0 ( I-SLICE, nQP 26 QP 26 )   20354496 bits [Y 99.9900 dB    U 99.9900 dB    V 99.9900 dB] [ET    36 ] [L0 ] [L1 ]
POC  121 TId: 0 ( I-SLICE, nQP 26 QP 26 )   20357104 bits [Y 99.9900 dB    U 99.9900 dB    V 99.9900 dB] [ET    36 ] [L0 ] [L1 ]
POC  122 TId: 0 ( I-SLICE, nQP 26 QP 26 )   20368184 bits [Y 99.9900 dB    U 99.9900 dB    V 99.9900 dB] [ET    36 ] [L0 ] [L1 ]
POC  123 TId: 0 ( I-SLICE, nQP 26 QP 26 )   20375984 bits [Y 99.9900 dB    U 99.9900 dB    V 99.9900 dB] [ET    36 ] [L0 ] [L1 ]
POC  124 TId: 0 ( I-SLICE, nQP 26 QP 26 )   20373488 bits [Y 99.9900 dB    U 99.9900 dB    V 99.9900 dB] [ET    36 ] [L0 ] [L1 ]
POC  125 TId: 0 ( I-SLICE, nQP 26 QP 26 )   20366552 bits [Y 99.9900 dB    U 99.9900 dB    V 99.9900 dB] [ET    36 ] [L0 ] [L1 ]
POC  126 TId: 0 ( I-SLICE, nQP 26 QP 26 )   20356936 bits [Y 99.9900 dB    U 99.9900 dB    V 99.9900 dB] [ET    36 ] [L0 ] [L1 ]
POC  127 TId: 0 ( I-SLICE, nQP 26 QP 26 )   20353240 bits [Y 99.9900 dB    U 99.9900 dB    V 99.9900 dB] [ET    36 ] [L0 ] [L1 ]
POC  128 TId: 0 ( I-SLICE, nQP 26 QP 26 )   20353816 bits [Y 99.9900 dB    U 99.9900 dB    V 99.9900 dB] [ET    36 ] [L0 ] [L1 ]
POC  129 TId: 0 ( I-SLICE, nQP 26 QP 26 )   20353736 bits [Y 99.9900 dB    U 99.9900 dB    V 99.9900 dB] [ET    36 ] [L0 ] [L1 ]
POC  130 TId: 0 ( I-SLICE, nQP 26 QP 26 )   20354760 bits [Y 99.9900 dB    U 99.9900 dB    V 99.9900 dB] [ET    36 ] [L0 ] [L1 ]
POC  131 TId: 0 ( I-SLICE, nQP 26 QP 26 )   20359464 bits [Y 99.9900 dB    U 99.9900 dB    V 99.9900 dB] [ET    36 ] [L0 ] [L1 ]
POC  132 TId: 0 ( I-SLICE, nQP 26 QP 26 )   20361408 bits [Y 99.9900 dB    U 99.9900 dB    V 99.9900 dB] [ET    36 ] [L0 ] [L1 ]
POC  133 TId: 0 ( I-SLICE, nQP 26 QP 26 )   20363096 bits [Y 99.9900 dB    U 99.9900 dB    V 99.9900 dB] [ET    36 ] [L0 ] [L1 ]
POC  134 TId: 0 ( I-SLICE, nQP 26 QP 26 )   20349072 bits [Y 99.9900 dB    U 99.9900 dB    V 99.9900 dB] [ET    36 ] [L0 ] [L1 ]
POC  135 TId: 0 ( I-SLICE, nQP 26 QP 26 )   20349584 bits [Y 99.9900 dB    U 99.9900 dB    V 99.9900 dB] [ET    36 ] [L0 ] [L1 ]
POC  136 TId: 0 ( I-SLICE, nQP 26 QP 26 )   20348808 bits [Y 99.9900 dB    U 99.9900 dB    V 99.9900 dB] [ET    36 ] [L0 ] [L1 ]
POC  137 TId: 0 ( I-SLICE, nQP 26 QP 26 )   20339008 bits [Y 99.9900 dB    U 99.9900 dB    V 99.9900 dB] [ET    36 ] [L0 ] [L1 ]
POC  138 TId: 0 ( I-SLICE, nQP 26 QP 26 )   20340264 bits [Y 99.9900 dB    U 99.9900 dB    V 99.9900 dB] [ET    36 ] [L0 ] [L1 ]
POC  139 TId: 0 ( I-SLICE, nQP 26 QP 26 )   20343480 bits [Y 99.9900 dB    U 99.9900 dB    V 99.9900 dB] [ET    36 ] [L0 ] [L1 ]
POC  140 TId: 0 ( I-SLICE, nQP 26 QP 26 )   20342544 bits [Y 99.9900 dB    U 99.9900 dB    V 99.9900 dB] [ET    36 ] [L0 ] [L1 ]
POC  141 TId: 0 ( I-SLICE, nQP 26 QP 26 )   20328392 bits [Y 99.9900 dB    U 99.9900 dB    V 99.9900 dB] [ET    36 ] [L0 ] [L1 ]
POC  142 TId: 0 ( I-SLICE, nQP 26 QP 26 )   20336400 bits [Y 99.9900 dB    U 99.9900 dB    V 99.9900 dB] [ET    36 ] [L0 ] [L1 ]
POC  143 TId: 0 ( I-SLICE, nQP 26 QP 26 )   20337648 bits [Y 99.9900 dB    U 99.9900 dB    V 99.9900 dB] [ET    36 ] [L0 ] [L1 ]
POC  144 TId: 0 ( I-SLICE, nQP 26 QP 26 )   20328168 bits [Y 99.9900 dB    U 99.9900 dB    V 99.9900 dB] [ET    36 ] [L0 ] [L1 ]
POC  145 TId: 0 ( I-SLICE, nQP 26 QP 26 )   20335992 bits [Y 99.9900 dB    U 99.9900 dB    V 99.9900 dB] [ET    36 ] [L0 ] [L1 ]
POC  146 TId: 0 ( I-SLICE, nQP 26 QP 26 )   20335816 bits [Y 99.9900 dB    U 99.9900 dB    V 99.9900 dB] [ET    36 ] [L0 ] [L1 ]
POC  147 TId: 0 ( I-SLICE, nQP 26 QP 26 )   20340768 bits [Y 99.9900 dB    U 99.9900 dB    V 99.9900 dB] [ET    36 ] [L0 ] [L1 ]
POC  148 TId: 0 ( I-SLICE, nQP 26 QP 26 )   20341768 bits [Y 99.9900 dB    U 99.9900 dB    V 99.9900 dB] [ET    36 ] [L0 ] [L1 ]
POC  149 TId: 0 ( I-SLICE, nQP 26 QP 26 )   20334944 bits [Y 99.9900 dB    U 99.9900 dB    V 99.9900 dB] [ET    35 ] [L0 ] [L1 ]


SUMMARY --------------------------------------------------------
	Total Frames |  Bitrate    Y-PSNR    U-PSNR    V-PSNR 
	      150    a 609096.7616   99.9900   99.9900   99.9900


I Slices--------------------------------------------------------
	Total Frames |  Bitrate    Y-PSNR    U-PSNR    V-PSNR 
	      150    i 609096.7616   99.9900   99.9900   99.9900


P Slices--------------------------------------------------------
	Total Frames |  Bitrate    Y-PSNR    U-PSNR    V-PSNR 
	        0    p        -nan      -nan      -nan      -nan


B Slices--------------------------------------------------------
	Total Frames |  Bitrate    Y-PSNR    U-PSNR    V-PSNR 
	        0    b        -nan      -nan      -nan      -nan

RVM: 0.000
Bytes written to file: 380686087 (609097.739 kbps)

 Total Time:     5375.344 sec.
