
HM software: Encoder Version [15.0][Linux][GCC 4.8.5][64 bit] 

Input          File          : ../../HEVC_test_sequence/ClassC/BasketballDrill_832x480_50.yuv
Bitstream      File          : BasketballDrill.bin
Reconstruction File          : BasketballDrill.yuv
Real     Format              : 832x480 50Hz
Internal Format              : 832x480 50Hz
Frame/Field                  : Frame based coding
Frame index                  : 0 - 9 (10 frames)
CU size / depth              : 32 / 3
RQT trans. size (min / max)  : 4 / 32
Max RQT depth inter          : 3
Max RQT depth intra          : 1
Min PCM size                 : 8
Motion search range          : 64
Intra period                 : 1
Decoding refresh type        : 0
QP                           : 26.00
Max dQP signaling depth      : 0
Cb QP Offset                 : 0
Cr QP Offset                 : 0
QP adaptation                : 0 (range=0)
GOP size                     : 1
Internal bit depth           : (Y:8, C:8)
PCM sample bit depth         : (Y:8, C:8)
RateControl                  : 0
Max Num Merge Candidates     : 5

TOOL CFG: IBD:0 HAD:0 RDQ:0 RDQTS:0 RDpenalty:0 SQP:0 ASR:0 FEN:0 ECU:0 FDM:0 CFM:0 ESD:0 RQT:1 TransformSkip:0 TransformSkipFast:0 Slice: M=0 SliceSegment: M=0 CIP:0 SAO:0 PCM:0 TransQuantBypassEnabled: =1 WPP:0 WPB:0 PME:2  WaveFrontSynchro:0 WaveFrontSubstreams:1 ScalingList:0 TMVPMode:1  SignBitHidingFlag:1 RecalQP:0

***    VPS numBytesInNALunit: 24
***    SPS numBytesInNALunit: 30
***    PPS numBytesInNALunit: 7
*** IDR_W_RADL numBytesInNALunit: 206775
POC    0 TId: 0 ( I-SLICE, QP 26 )    1654688 bits [Y 99.9900 dB    U 7.8475 dB    V 4.6169 dB] [ET  4.35 ] [L0 ] [L1 ]
*** TRAIL_R numBytesInNALunit: 206776
POC    1 TId: 0 ( I-SLICE, QP 26 )    1654208 bits [Y 99.9900 dB    U 7.8475 dB    V 4.6169 dB] [ET  4.60 ] [L0 ] [L1 ]
*** TRAIL_R numBytesInNALunit: 206883
POC    2 TId: 0 ( I-SLICE, QP 26 )    1655064 bits [Y 99.9900 dB    U 7.8585 dB    V 4.6128 dB] [ET  4.44 ] [L0 ] [L1 ]
*** TRAIL_R numBytesInNALunit: 206590
POC    3 TId: 0 ( I-SLICE, QP 26 )    1652720 bits [Y 99.9900 dB    U 7.8685 dB    V 4.6090 dB] [ET  4.42 ] [L0 ] [L1 ]
*** TRAIL_R numBytesInNALunit: 206662
POC    4 TId: 0 ( I-SLICE, QP 26 )    1653296 bits [Y 99.9900 dB    U 7.8817 dB    V 4.6070 dB] [ET  4.34 ] [L0 ] [L1 ]
*** TRAIL_R numBytesInNALunit: 206463
POC    5 TId: 0 ( I-SLICE, QP 26 )    1651704 bits [Y 99.9900 dB    U 7.9012 dB    V 4.6041 dB] [ET  4.55 ] [L0 ] [L1 ]
*** TRAIL_R numBytesInNALunit: 206324
POC    6 TId: 0 ( I-SLICE, QP 26 )    1650592 bits [Y 99.9900 dB    U 7.9051 dB    V 4.6046 dB] [ET  4.58 ] [L0 ] [L1 ]
*** TRAIL_R numBytesInNALunit: 206467
POC    7 TId: 0 ( I-SLICE, QP 26 )    1651736 bits [Y 99.9900 dB    U 7.9047 dB    V 4.6074 dB] [ET  4.60 ] [L0 ] [L1 ]
*** TRAIL_R numBytesInNALunit: 206590
POC    8 TId: 0 ( I-SLICE, QP 26 )    1652720 bits [Y 99.9900 dB    U 7.9177 dB    V 4.6089 dB] [ET  4.50 ] [L0 ] [L1 ]
*** TRAIL_R numBytesInNALunit: 205521
POC    9 TId: 0 ( I-SLICE, QP 26 )    1644168 bits [Y 99.9900 dB    U 7.9126 dB    V 4.6001 dB] [ET  4.47 ] [L0 ] [L1 ]


I Slices--------------------------------------------------------
	Total Frames |  Bitrate    Y-PSNR    U-PSNR    V-PSNR 
	       10    i  82604.4800   99.9900    7.8845    4.6088
Bytes written to file: 2065163 (82606.520 kbps)
Bytes for SPS/PPS/Slice (Incl. Annex B): 2065163 (82606.520 kbps)

 Total Time:       45.000 sec.
