
HM software: Encoder Version [15.0][Linux][GCC 4.8.5][64 bit] 

Input          File          : ../../HEVC_test_sequence/ClassB/ParkScene_1920x1080_24.yuv
Bitstream      File          : ParkScene.bin
Reconstruction File          : ParkScene.yuv
Real     Format              : 1920x1080 24Hz
Internal Format              : 1920x1080 24Hz
Frame/Field                  : Frame based coding
Frame index                  : 0 - 9 (10 frames)
CU size / depth              : 32 / 3
RQT trans. size (min / max)  : 4 / 32
Max RQT depth inter          : 3
Max RQT depth intra          : 1
Min PCM size                 : 8
Motion search range          : 64
Intra period                 : 1
Decoding refresh type        : 0
QP                           : 26.00
Max dQP signaling depth      : 0
Cb QP Offset                 : 0
Cr QP Offset                 : 0
QP adaptation                : 0 (range=0)
GOP size                     : 1
Internal bit depth           : (Y:8, C:8)
PCM sample bit depth         : (Y:8, C:8)
RateControl                  : 0
Max Num Merge Candidates     : 5

TOOL CFG: IBD:0 HAD:0 RDQ:0 RDQTS:0 RDpenalty:0 SQP:0 ASR:0 FEN:0 ECU:0 FDM:0 CFM:0 ESD:0 RQT:1 TransformSkip:0 TransformSkipFast:0 Slice: M=0 SliceSegment: M=0 CIP:0 SAO:0 PCM:0 TransQuantBypassEnabled: =1 WPP:0 WPB:0 PME:2  WaveFrontSynchro:0 WaveFrontSubstreams:1 ScalingList:0 TMVPMode:1  SignBitHidingFlag:1 RecalQP:0

***    VPS numBytesInNALunit: 24
***    SPS numBytesInNALunit: 31
***    PPS numBytesInNALunit: 7
*** IDR_W_RADL numBytesInNALunit: 1142654
POC    0 TId: 0 ( I-SLICE, QP 26 )    9141728 bits [Y 99.9900 dB    U 99.9900 dB    V 99.9900 dB] [ET 40.11 ] [L0 ] [L1 ]
*** TRAIL_R numBytesInNALunit: 1142644
POC    1 TId: 0 ( I-SLICE, QP 26 )    9141152 bits [Y 99.9900 dB    U 99.9900 dB    V 99.9900 dB] [ET 39.62 ] [L0 ] [L1 ]
*** TRAIL_R numBytesInNALunit: 1143759
POC    2 TId: 0 ( I-SLICE, QP 26 )    9150072 bits [Y 99.9900 dB    U 99.9900 dB    V 99.9900 dB] [ET 39.67 ] [L0 ] [L1 ]
*** TRAIL_R numBytesInNALunit: 1144578
POC    3 TId: 0 ( I-SLICE, QP 26 )    9156624 bits [Y 99.9900 dB    U 99.9900 dB    V 99.9900 dB] [ET 39.92 ] [L0 ] [L1 ]
*** TRAIL_R numBytesInNALunit: 1143967
POC    4 TId: 0 ( I-SLICE, QP 26 )    9151736 bits [Y 99.9900 dB    U 99.9900 dB    V 99.9900 dB] [ET 40.47 ] [L0 ] [L1 ]
*** TRAIL_R numBytesInNALunit: 1144128
POC    5 TId: 0 ( I-SLICE, QP 26 )    9153024 bits [Y 99.9900 dB    U 99.9900 dB    V 99.9900 dB] [ET 40.02 ] [L0 ] [L1 ]
*** TRAIL_R numBytesInNALunit: 1144273
POC    6 TId: 0 ( I-SLICE, QP 26 )    9154184 bits [Y 99.9900 dB    U 99.9900 dB    V 99.9900 dB] [ET 39.55 ] [L0 ] [L1 ]
*** TRAIL_R numBytesInNALunit: 1145147
POC    7 TId: 0 ( I-SLICE, QP 26 )    9161176 bits [Y 99.9900 dB    U 99.9900 dB    V 99.9900 dB] [ET 40.03 ] [L0 ] [L1 ]
*** TRAIL_R numBytesInNALunit: 1144576
POC    8 TId: 0 ( I-SLICE, QP 26 )    9156608 bits [Y 99.9900 dB    U 99.9900 dB    V 99.9900 dB] [ET 39.88 ] [L0 ] [L1 ]
*** TRAIL_R numBytesInNALunit: 1144659
POC    9 TId: 0 ( I-SLICE, QP 26 )    9157272 bits [Y 99.9900 dB    U 99.9900 dB    V 99.9900 dB] [ET 40.22 ] [L0 ] [L1 ]


I Slices--------------------------------------------------------
	Total Frames |  Bitrate    Y-PSNR    U-PSNR    V-PSNR 
	       10    i 219656.5824   99.9900   99.9900   99.9900
Bytes written to file: 11440498 (219657.562 kbps)
Bytes for SPS/PPS/Slice (Incl. Annex B): 11440498 (219657.562 kbps)

 Total Time:      400.453 sec.
