
HM software: Encoder Version [15.0][Linux][GCC 4.8.5][64 bit] 

Input          File          : ../../HEVC_test_sequence/ClassF/SlideEditing_1280x720_30.yuv
Bitstream      File          : SlideEditing.bin
Reconstruction File          : SlideEditing.yuv
Real     Format              : 1280x720 30Hz
Internal Format              : 1280x720 30Hz
Frame/Field                  : Frame based coding
Frame index                  : 0 - 9 (10 frames)
CU size / depth              : 32 / 3
RQT trans. size (min / max)  : 4 / 32
Max RQT depth inter          : 3
Max RQT depth intra          : 1
Min PCM size                 : 8
Motion search range          : 64
Intra period                 : 1
Decoding refresh type        : 0
QP                           : 26.00
Max dQP signaling depth      : 0
Cb QP Offset                 : 0
Cr QP Offset                 : 0
QP adaptation                : 0 (range=0)
GOP size                     : 1
Internal bit depth           : (Y:8, C:8)
PCM sample bit depth         : (Y:8, C:8)
RateControl                  : 0
Max Num Merge Candidates     : 5

TOOL CFG: IBD:0 HAD:0 RDQ:0 RDQTS:0 RDpenalty:0 SQP:0 ASR:0 FEN:0 ECU:0 FDM:0 CFM:0 ESD:0 RQT:1 TransformSkip:0 TransformSkipFast:0 Slice: M=0 SliceSegment: M=0 CIP:0 SAO:0 PCM:0 TransQuantBypassEnabled: =1 WPP:0 WPB:0 PME:2  WaveFrontSynchro:0 WaveFrontSubstreams:1 ScalingList:0 TMVPMode:1  SignBitHidingFlag:1 RecalQP:0

***    VPS numBytesInNALunit: 24
***    SPS numBytesInNALunit: 31
***    PPS numBytesInNALunit: 7
*** IDR_W_RADL numBytesInNALunit: 255463
POC    0 TId: 0 ( I-SLICE, QP 26 )    2044200 bits [Y 99.9900 dB    U 99.9900 dB    V 99.9900 dB] [ET 15.02 ] [L0 ] [L1 ]
*** TRAIL_R numBytesInNALunit: 255508
POC    1 TId: 0 ( I-SLICE, QP 26 )    2044064 bits [Y 99.9900 dB    U 99.9900 dB    V 99.9900 dB] [ET 14.98 ] [L0 ] [L1 ]
*** TRAIL_R numBytesInNALunit: 255460
POC    2 TId: 0 ( I-SLICE, QP 26 )    2043680 bits [Y 99.9900 dB    U 99.9900 dB    V 99.9900 dB] [ET 15.27 ] [L0 ] [L1 ]
*** TRAIL_R numBytesInNALunit: 255483
POC    3 TId: 0 ( I-SLICE, QP 26 )    2043864 bits [Y 99.9900 dB    U 99.9900 dB    V 99.9900 dB] [ET 15.17 ] [L0 ] [L1 ]
*** TRAIL_R numBytesInNALunit: 255669
POC    4 TId: 0 ( I-SLICE, QP 26 )    2045352 bits [Y 99.9900 dB    U 99.9900 dB    V 99.9900 dB] [ET 15.02 ] [L0 ] [L1 ]
*** TRAIL_R numBytesInNALunit: 257534
POC    5 TId: 0 ( I-SLICE, QP 26 )    2060272 bits [Y 99.9900 dB    U 99.9900 dB    V 99.9900 dB] [ET 14.91 ] [L0 ] [L1 ]
*** TRAIL_R numBytesInNALunit: 259391
POC    6 TId: 0 ( I-SLICE, QP 26 )    2075128 bits [Y 99.9900 dB    U 99.9900 dB    V 99.9900 dB] [ET 14.98 ] [L0 ] [L1 ]
*** TRAIL_R numBytesInNALunit: 257767
POC    7 TId: 0 ( I-SLICE, QP 26 )    2062136 bits [Y 99.9900 dB    U 99.9900 dB    V 99.9900 dB] [ET 15.12 ] [L0 ] [L1 ]
*** TRAIL_R numBytesInNALunit: 258455
POC    8 TId: 0 ( I-SLICE, QP 26 )    2067640 bits [Y 99.9900 dB    U 99.9900 dB    V 99.9900 dB] [ET 14.97 ] [L0 ] [L1 ]
*** TRAIL_R numBytesInNALunit: 261237
POC    9 TId: 0 ( I-SLICE, QP 26 )    2089896 bits [Y 99.9900 dB    U 99.9900 dB    V 99.9900 dB] [ET 15.11 ] [L0 ] [L1 ]


I Slices--------------------------------------------------------
	Total Frames |  Bitrate    Y-PSNR    U-PSNR    V-PSNR 
	       10    i  61728.6960   99.9900   99.9900   99.9900
Bytes written to file: 2572080 (61729.920 kbps)
Bytes for SPS/PPS/Slice (Incl. Annex B): 2572080 (61729.920 kbps)

 Total Time:      150.953 sec.
