
HM software: Encoder Version [15.0][Linux][GCC 4.8.5][64 bit] 

Input          File          : ../../HEVC_test_sequence/ClassB/BQTerrace_1920x1080_60.yuv
Bitstream      File          : BQTerrace.bin
Reconstruction File          : BQTerrace.yuv
Real     Format              : 1920x1080 60Hz
Internal Format              : 1920x1080 60Hz
Frame/Field                  : Frame based coding
Frame index                  : 0 - 9 (10 frames)
CU size / depth              : 32 / 3
RQT trans. size (min / max)  : 4 / 32
Max RQT depth inter          : 3
Max RQT depth intra          : 1
Min PCM size                 : 8
Motion search range          : 64
Intra period                 : 1
Decoding refresh type        : 0
QP                           : 26.00
Max dQP signaling depth      : 0
Cb QP Offset                 : 0
Cr QP Offset                 : 0
QP adaptation                : 0 (range=0)
GOP size                     : 1
Internal bit depth           : (Y:8, C:8)
PCM sample bit depth         : (Y:8, C:8)
RateControl                  : 0
Max Num Merge Candidates     : 5

TOOL CFG: IBD:0 HAD:0 RDQ:0 RDQTS:0 RDpenalty:0 SQP:0 ASR:0 FEN:0 ECU:0 FDM:0 CFM:0 ESD:0 RQT:1 TransformSkip:0 TransformSkipFast:0 Slice: M=0 SliceSegment: M=0 CIP:0 SAO:0 PCM:0 TransQuantBypassEnabled: =1 WPP:0 WPB:0 PME:2  WaveFrontSynchro:0 WaveFrontSubstreams:1 ScalingList:0 TMVPMode:1  SignBitHidingFlag:1 RecalQP:0

***    VPS numBytesInNALunit: 24
***    SPS numBytesInNALunit: 31
***    PPS numBytesInNALunit: 7
*** IDR_W_RADL numBytesInNALunit: 200027
POC    0 TId: 0 ( I-SLICE, QP 26 )    1600712 bits [Y 99.9900 dB    U 99.9900 dB    V 5.9447 dB] [ET 21.27 ] [L0 ] [L1 ]
*** TRAIL_R numBytesInNALunit: 200240
POC    1 TId: 0 ( I-SLICE, QP 26 )    1601920 bits [Y 99.9900 dB    U 99.9900 dB    V 5.9442 dB] [ET 21.14 ] [L0 ] [L1 ]
*** TRAIL_R numBytesInNALunit: 199778
POC    2 TId: 0 ( I-SLICE, QP 26 )    1598224 bits [Y 99.9900 dB    U 99.9900 dB    V 5.9444 dB] [ET 21.75 ] [L0 ] [L1 ]
*** TRAIL_R numBytesInNALunit: 200063
POC    3 TId: 0 ( I-SLICE, QP 26 )    1600504 bits [Y 99.9900 dB    U 99.9900 dB    V 5.9450 dB] [ET 21.15 ] [L0 ] [L1 ]
*** TRAIL_R numBytesInNALunit: 199941
POC    4 TId: 0 ( I-SLICE, QP 26 )    1599528 bits [Y 99.9900 dB    U 99.9900 dB    V 5.9436 dB] [ET 21.05 ] [L0 ] [L1 ]
*** TRAIL_R numBytesInNALunit: 199985
POC    5 TId: 0 ( I-SLICE, QP 26 )    1599880 bits [Y 99.9900 dB    U 99.9900 dB    V 5.9443 dB] [ET 21.44 ] [L0 ] [L1 ]
*** TRAIL_R numBytesInNALunit: 199971
POC    6 TId: 0 ( I-SLICE, QP 26 )    1599768 bits [Y 99.9900 dB    U 99.9900 dB    V 5.9438 dB] [ET 21.86 ] [L0 ] [L1 ]
*** TRAIL_R numBytesInNALunit: 199830
POC    7 TId: 0 ( I-SLICE, QP 26 )    1598640 bits [Y 99.9900 dB    U 99.9900 dB    V 5.9448 dB] [ET 21.58 ] [L0 ] [L1 ]
*** TRAIL_R numBytesInNALunit: 199939
POC    8 TId: 0 ( I-SLICE, QP 26 )    1599512 bits [Y 99.9900 dB    U 99.9900 dB    V 5.9442 dB] [ET 21.18 ] [L0 ] [L1 ]
*** TRAIL_R numBytesInNALunit: 199879
POC    9 TId: 0 ( I-SLICE, QP 26 )    1599032 bits [Y 99.9900 dB    U 99.9900 dB    V 5.9450 dB] [ET 21.20 ] [L0 ] [L1 ]


I Slices--------------------------------------------------------
	Total Frames |  Bitrate    Y-PSNR    U-PSNR    V-PSNR 
	       10    i  95986.3200   99.9900   99.9900    5.9444
Bytes written to file: 1999766 (95988.768 kbps)
Bytes for SPS/PPS/Slice (Incl. Annex B): 1999766 (95988.768 kbps)

 Total Time:      214.310 sec.
