
HM software: Encoder Version [15.0][Linux][GCC 4.8.5][64 bit] 

Input          File          : ../../HEVC_test_sequence/ClassB/Cactus_1920x1080_50.yuv
Bitstream      File          : Cactus.bin
Reconstruction File          : Cactus.yuv
Real     Format              : 1920x1080 50Hz
Internal Format              : 1920x1080 50Hz
Frame/Field                  : Frame based coding
Frame index                  : 0 - 9 (10 frames)
CU size / depth              : 32 / 3
RQT trans. size (min / max)  : 4 / 32
Max RQT depth inter          : 3
Max RQT depth intra          : 1
Min PCM size                 : 8
Motion search range          : 64
Intra period                 : 1
Decoding refresh type        : 0
QP                           : 26.00
Max dQP signaling depth      : 0
Cb QP Offset                 : 0
Cr QP Offset                 : 0
QP adaptation                : 0 (range=0)
GOP size                     : 1
Internal bit depth           : (Y:8, C:8)
PCM sample bit depth         : (Y:8, C:8)
RateControl                  : 0
Max Num Merge Candidates     : 5

TOOL CFG: IBD:0 HAD:0 RDQ:0 RDQTS:0 RDpenalty:0 SQP:0 ASR:0 FEN:0 ECU:0 FDM:0 CFM:0 ESD:0 RQT:1 TransformSkip:0 TransformSkipFast:0 Slice: M=0 SliceSegment: M=0 CIP:0 SAO:0 PCM:0 TransQuantBypassEnabled: =1 WPP:0 WPB:0 PME:2  WaveFrontSynchro:0 WaveFrontSubstreams:1 ScalingList:0 TMVPMode:1  SignBitHidingFlag:1 RecalQP:0

***    VPS numBytesInNALunit: 24
***    SPS numBytesInNALunit: 31
***    PPS numBytesInNALunit: 7
*** IDR_W_RADL numBytesInNALunit: 241798
POC    0 TId: 0 ( I-SLICE, QP 26 )    1934880 bits [Y 99.9900 dB    U 99.9900 dB    V 5.4017 dB] [ET 22.12 ] [L0 ] [L1 ]
*** TRAIL_R numBytesInNALunit: 241893
POC    1 TId: 0 ( I-SLICE, QP 26 )    1935144 bits [Y 99.9900 dB    U 99.9900 dB    V 5.4044 dB] [ET 21.29 ] [L0 ] [L1 ]
*** TRAIL_R numBytesInNALunit: 242124
POC    2 TId: 0 ( I-SLICE, QP 26 )    1936992 bits [Y 99.9900 dB    U 99.9900 dB    V 5.4031 dB] [ET 21.76 ] [L0 ] [L1 ]
*** TRAIL_R numBytesInNALunit: 242017
POC    3 TId: 0 ( I-SLICE, QP 26 )    1936136 bits [Y 99.9900 dB    U 99.9900 dB    V 5.4018 dB] [ET 22.16 ] [L0 ] [L1 ]
*** TRAIL_R numBytesInNALunit: 242522
POC    4 TId: 0 ( I-SLICE, QP 26 )    1940176 bits [Y 99.9900 dB    U 99.9900 dB    V 5.4038 dB] [ET 22.06 ] [L0 ] [L1 ]
*** TRAIL_R numBytesInNALunit: 242581
POC    5 TId: 0 ( I-SLICE, QP 26 )    1940648 bits [Y 99.9900 dB    U 99.9900 dB    V 5.4029 dB] [ET 21.80 ] [L0 ] [L1 ]
*** TRAIL_R numBytesInNALunit: 243075
POC    6 TId: 0 ( I-SLICE, QP 26 )    1944600 bits [Y 99.9900 dB    U 99.9900 dB    V 5.4023 dB] [ET 21.33 ] [L0 ] [L1 ]
*** TRAIL_R numBytesInNALunit: 243201
POC    7 TId: 0 ( I-SLICE, QP 26 )    1945608 bits [Y 99.9900 dB    U 99.9900 dB    V 5.4006 dB] [ET 20.32 ] [L0 ] [L1 ]
*** TRAIL_R numBytesInNALunit: 242686
POC    8 TId: 0 ( I-SLICE, QP 26 )    1941488 bits [Y 99.9900 dB    U 99.9900 dB    V 5.4018 dB] [ET 19.88 ] [L0 ] [L1 ]
*** TRAIL_R numBytesInNALunit: 242780
POC    9 TId: 0 ( I-SLICE, QP 26 )    1942240 bits [Y 99.9900 dB    U 99.9900 dB    V 5.4026 dB] [ET 18.29 ] [L0 ] [L1 ]


I Slices--------------------------------------------------------
	Total Frames |  Bitrate    Y-PSNR    U-PSNR    V-PSNR 
	       10    i  96989.5600   99.9900   99.9900    5.4025
Bytes written to file: 2424790 (96991.600 kbps)
Bytes for SPS/PPS/Slice (Incl. Annex B): 2424790 (96991.600 kbps)

 Total Time:      211.810 sec.
