
HM software: Encoder Version [15.0][Linux][GCC 4.8.5][64 bit] 

Input          File          : ../../HEVC_test_sequence/ClassB/Kimono1_1920x1080_24.yuv
Bitstream      File          : Kimono.bin
Reconstruction File          : Kimono.yuv
Real     Format              : 1920x1080 24Hz
Internal Format              : 1920x1080 24Hz
Frame/Field                  : Frame based coding
Frame index                  : 0 - 9 (10 frames)
CU size / depth              : 32 / 3
RQT trans. size (min / max)  : 4 / 32
Max RQT depth inter          : 3
Max RQT depth intra          : 1
Min PCM size                 : 8
Motion search range          : 64
Intra period                 : 1
Decoding refresh type        : 0
QP                           : 26.00
Max dQP signaling depth      : 0
Cb QP Offset                 : 0
Cr QP Offset                 : 0
QP adaptation                : 0 (range=0)
GOP size                     : 1
Internal bit depth           : (Y:8, C:8)
PCM sample bit depth         : (Y:8, C:8)
RateControl                  : 0
Max Num Merge Candidates     : 5

TOOL CFG: IBD:0 HAD:0 RDQ:0 RDQTS:0 RDpenalty:0 SQP:0 ASR:0 FEN:0 ECU:0 FDM:0 CFM:0 ESD:0 RQT:1 TransformSkip:0 TransformSkipFast:0 Slice: M=0 SliceSegment: M=0 CIP:0 SAO:0 PCM:0 TransQuantBypassEnabled: =1 WPP:0 WPB:0 PME:2  WaveFrontSynchro:0 WaveFrontSubstreams:1 ScalingList:0 TMVPMode:1  SignBitHidingFlag:1 RecalQP:0

***    VPS numBytesInNALunit: 24
***    SPS numBytesInNALunit: 31
***    PPS numBytesInNALunit: 7
*** IDR_W_RADL numBytesInNALunit: 192703
POC    0 TId: 0 ( I-SLICE, QP 26 )    1542120 bits [Y 99.9900 dB    U 99.9900 dB    V 6.0077 dB] [ET 21.22 ] [L0 ] [L1 ]
*** TRAIL_R numBytesInNALunit: 192363
POC    1 TId: 0 ( I-SLICE, QP 26 )    1538904 bits [Y 99.9900 dB    U 99.9900 dB    V 6.0088 dB] [ET 21.72 ] [L0 ] [L1 ]
*** TRAIL_R numBytesInNALunit: 192845
POC    2 TId: 0 ( I-SLICE, QP 26 )    1542760 bits [Y 99.9900 dB    U 99.9900 dB    V 6.0077 dB] [ET 22.01 ] [L0 ] [L1 ]
*** TRAIL_R numBytesInNALunit: 193047
POC    3 TId: 0 ( I-SLICE, QP 26 )    1544376 bits [Y 99.9900 dB    U 99.9900 dB    V 6.0081 dB] [ET 21.72 ] [L0 ] [L1 ]
*** TRAIL_R numBytesInNALunit: 193366
POC    4 TId: 0 ( I-SLICE, QP 26 )    1546928 bits [Y 99.9900 dB    U 99.9900 dB    V 6.0100 dB] [ET 21.74 ] [L0 ] [L1 ]
*** TRAIL_R numBytesInNALunit: 193169
POC    5 TId: 0 ( I-SLICE, QP 26 )    1545352 bits [Y 99.9900 dB    U 99.9900 dB    V 6.0105 dB] [ET 21.21 ] [L0 ] [L1 ]
*** TRAIL_R numBytesInNALunit: 193066
POC    6 TId: 0 ( I-SLICE, QP 26 )    1544528 bits [Y 99.9900 dB    U 99.9900 dB    V 6.0109 dB] [ET 19.96 ] [L0 ] [L1 ]
*** TRAIL_R numBytesInNALunit: 192816
POC    7 TId: 0 ( I-SLICE, QP 26 )    1542528 bits [Y 99.9900 dB    U 99.9900 dB    V 6.0118 dB] [ET 19.00 ] [L0 ] [L1 ]
*** TRAIL_R numBytesInNALunit: 192554
POC    8 TId: 0 ( I-SLICE, QP 26 )    1540432 bits [Y 99.9900 dB    U 99.9900 dB    V 6.0133 dB] [ET 17.97 ] [L0 ] [L1 ]
*** TRAIL_R numBytesInNALunit: 192288
POC    9 TId: 0 ( I-SLICE, QP 26 )    1538304 bits [Y 99.9900 dB    U 99.9900 dB    V 6.0143 dB] [ET 15.43 ] [L0 ] [L1 ]


I Slices--------------------------------------------------------
	Total Frames |  Bitrate    Y-PSNR    U-PSNR    V-PSNR 
	       10    i  37022.9568   99.9900   99.9900    6.0103
Bytes written to file: 1928330 (37023.936 kbps)
Bytes for SPS/PPS/Slice (Incl. Annex B): 1928330 (37023.936 kbps)

 Total Time:      202.770 sec.
