
HM software: Encoder Version [15.0][Linux][GCC 4.8.5][64 bit] 

Input          File          : ../../HEVC_test_sequence/ClassC/PartyScene_832x480_50.yuv
Bitstream      File          : PartyScene.bin
Reconstruction File          : PartyScene.yuv
Real     Format              : 832x480 50Hz
Internal Format              : 832x480 50Hz
Frame/Field                  : Frame based coding
Frame index                  : 0 - 9 (10 frames)
CU size / depth              : 32 / 3
RQT trans. size (min / max)  : 4 / 32
Max RQT depth inter          : 3
Max RQT depth intra          : 1
Min PCM size                 : 8
Motion search range          : 64
Intra period                 : 1
Decoding refresh type        : 0
QP                           : 26.00
Max dQP signaling depth      : 0
Cb QP Offset                 : 0
Cr QP Offset                 : 0
QP adaptation                : 0 (range=0)
GOP size                     : 1
Internal bit depth           : (Y:8, C:8)
PCM sample bit depth         : (Y:8, C:8)
RateControl                  : 0
Max Num Merge Candidates     : 5

TOOL CFG: IBD:0 HAD:0 RDQ:0 RDQTS:0 RDpenalty:0 SQP:0 ASR:0 FEN:0 ECU:0 FDM:0 CFM:0 ESD:0 RQT:1 TransformSkip:0 TransformSkipFast:0 Slice: M=0 SliceSegment: M=0 CIP:0 SAO:0 PCM:0 TransQuantBypassEnabled: =1 WPP:0 WPB:0 PME:2  WaveFrontSynchro:0 WaveFrontSubstreams:1 ScalingList:0 TMVPMode:1  SignBitHidingFlag:1 RecalQP:0

***    VPS numBytesInNALunit: 24
***    SPS numBytesInNALunit: 30
***    PPS numBytesInNALunit: 7
*** IDR_W_RADL numBytesInNALunit: 48750
POC    0 TId: 0 ( I-SLICE, QP 26 )     390488 bits [Y 99.9900 dB    U 99.9900 dB    V 4.6262 dB] [ET  4.36 ] [L0 ] [L1 ]
*** TRAIL_R numBytesInNALunit: 48751
POC    1 TId: 0 ( I-SLICE, QP 26 )     390008 bits [Y 99.9900 dB    U 99.9900 dB    V 4.6262 dB] [ET  4.38 ] [L0 ] [L1 ]
*** TRAIL_R numBytesInNALunit: 48751
POC    2 TId: 0 ( I-SLICE, QP 26 )     390008 bits [Y 99.9900 dB    U 99.9900 dB    V 4.6262 dB] [ET  4.43 ] [L0 ] [L1 ]
*** TRAIL_R numBytesInNALunit: 48721
POC    3 TId: 0 ( I-SLICE, QP 26 )     389768 bits [Y 99.9900 dB    U 99.9900 dB    V 4.6208 dB] [ET  4.49 ] [L0 ] [L1 ]
*** TRAIL_R numBytesInNALunit: 48233
POC    4 TId: 0 ( I-SLICE, QP 26 )     385864 bits [Y 99.9900 dB    U 99.9900 dB    V 4.6012 dB] [ET  4.39 ] [L0 ] [L1 ]
*** TRAIL_R numBytesInNALunit: 48135
POC    5 TId: 0 ( I-SLICE, QP 26 )     385080 bits [Y 99.9900 dB    U 99.9900 dB    V 4.5968 dB] [ET  4.40 ] [L0 ] [L1 ]
*** TRAIL_R numBytesInNALunit: 48008
POC    6 TId: 0 ( I-SLICE, QP 26 )     384064 bits [Y 99.9900 dB    U 99.9900 dB    V 4.5939 dB] [ET  4.46 ] [L0 ] [L1 ]
*** TRAIL_R numBytesInNALunit: 48004
POC    7 TId: 0 ( I-SLICE, QP 26 )     384032 bits [Y 99.9900 dB    U 99.9900 dB    V 4.5850 dB] [ET  4.33 ] [L0 ] [L1 ]
*** TRAIL_R numBytesInNALunit: 48132
POC    8 TId: 0 ( I-SLICE, QP 26 )     385056 bits [Y 99.9900 dB    U 99.9900 dB    V 4.5798 dB] [ET  4.31 ] [L0 ] [L1 ]
*** TRAIL_R numBytesInNALunit: 47886
POC    9 TId: 0 ( I-SLICE, QP 26 )     383088 bits [Y 99.9900 dB    U 99.9900 dB    V 4.5614 dB] [ET  4.45 ] [L0 ] [L1 ]


I Slices--------------------------------------------------------
	Total Frames |  Bitrate    Y-PSNR    U-PSNR    V-PSNR 
	       10    i  19337.2800   99.9900   99.9900    4.6018
Bytes written to file: 483483 (19339.320 kbps)
Bytes for SPS/PPS/Slice (Incl. Annex B): 483483 (19339.320 kbps)

 Total Time:       44.140 sec.
