
HM software: Encoder Version [15.0][Linux][GCC 4.8.5][64 bit] 

Input          File          : ../../HEVC_test_sequence/ClassB/ParkScene_1920x1080_24.yuv
Bitstream      File          : ParkScene.bin
Reconstruction File          : ParkScene.yuv
Real     Format              : 1920x1080 24Hz
Internal Format              : 1920x1080 24Hz
Frame/Field                  : Frame based coding
Frame index                  : 0 - 9 (10 frames)
CU size / depth              : 32 / 3
RQT trans. size (min / max)  : 4 / 32
Max RQT depth inter          : 3
Max RQT depth intra          : 1
Min PCM size                 : 8
Motion search range          : 64
Intra period                 : 1
Decoding refresh type        : 0
QP                           : 26.00
Max dQP signaling depth      : 0
Cb QP Offset                 : 0
Cr QP Offset                 : 0
QP adaptation                : 0 (range=0)
GOP size                     : 1
Internal bit depth           : (Y:8, C:8)
PCM sample bit depth         : (Y:8, C:8)
RateControl                  : 0
Max Num Merge Candidates     : 5

TOOL CFG: IBD:0 HAD:0 RDQ:0 RDQTS:0 RDpenalty:0 SQP:0 ASR:0 FEN:0 ECU:0 FDM:0 CFM:0 ESD:0 RQT:1 TransformSkip:0 TransformSkipFast:0 Slice: M=0 SliceSegment: M=0 CIP:0 SAO:0 PCM:0 TransQuantBypassEnabled: =1 WPP:0 WPB:0 PME:2  WaveFrontSynchro:0 WaveFrontSubstreams:1 ScalingList:0 TMVPMode:1  SignBitHidingFlag:1 RecalQP:0

***    VPS numBytesInNALunit: 24
***    SPS numBytesInNALunit: 31
***    PPS numBytesInNALunit: 7
*** IDR_W_RADL numBytesInNALunit: 224042
POC    0 TId: 0 ( I-SLICE, QP 26 )    1792832 bits [Y 99.9900 dB    U 99.9900 dB    V 5.8906 dB] [ET 15.40 ] [L0 ] [L1 ]
*** TRAIL_R numBytesInNALunit: 224122
POC    1 TId: 0 ( I-SLICE, QP 26 )    1792976 bits [Y 99.9900 dB    U 99.9900 dB    V 5.8901 dB] [ET 15.50 ] [L0 ] [L1 ]
*** TRAIL_R numBytesInNALunit: 224066
POC    2 TId: 0 ( I-SLICE, QP 26 )    1792528 bits [Y 99.9900 dB    U 99.9900 dB    V 5.8895 dB] [ET 15.65 ] [L0 ] [L1 ]
*** TRAIL_R numBytesInNALunit: 223944
POC    3 TId: 0 ( I-SLICE, QP 26 )    1791552 bits [Y 99.9900 dB    U 99.9900 dB    V 5.8881 dB] [ET 15.51 ] [L0 ] [L1 ]
*** TRAIL_R numBytesInNALunit: 223970
POC    4 TId: 0 ( I-SLICE, QP 26 )    1791760 bits [Y 99.9900 dB    U 99.9900 dB    V 5.8876 dB] [ET 15.50 ] [L0 ] [L1 ]
*** TRAIL_R numBytesInNALunit: 224074
POC    5 TId: 0 ( I-SLICE, QP 26 )    1792592 bits [Y 99.9900 dB    U 99.9900 dB    V 5.8893 dB] [ET 15.64 ] [L0 ] [L1 ]
*** TRAIL_R numBytesInNALunit: 224170
POC    6 TId: 0 ( I-SLICE, QP 26 )    1793360 bits [Y 99.9900 dB    U 99.9900 dB    V 5.8869 dB] [ET 15.39 ] [L0 ] [L1 ]
*** TRAIL_R numBytesInNALunit: 223967
POC    7 TId: 0 ( I-SLICE, QP 26 )    1791736 bits [Y 99.9900 dB    U 99.9900 dB    V 5.8880 dB] [ET 15.64 ] [L0 ] [L1 ]
*** TRAIL_R numBytesInNALunit: 224019
POC    8 TId: 0 ( I-SLICE, QP 26 )    1792152 bits [Y 99.9900 dB    U 99.9900 dB    V 5.8876 dB] [ET 15.35 ] [L0 ] [L1 ]
*** TRAIL_R numBytesInNALunit: 223870
POC    9 TId: 0 ( I-SLICE, QP 26 )    1790960 bits [Y 99.9900 dB    U 99.9900 dB    V 5.8870 dB] [ET 15.42 ] [L0 ] [L1 ]


I Slices--------------------------------------------------------
	Total Frames |  Bitrate    Y-PSNR    U-PSNR    V-PSNR 
	       10    i  43013.8752   99.9900   99.9900    5.8885
Bytes written to file: 2240357 (43014.854 kbps)
Bytes for SPS/PPS/Slice (Incl. Annex B): 2240357 (43014.854 kbps)

 Total Time:      155.850 sec.
