
HM software: Encoder Version [15.0][Linux][GCC 4.8.5][64 bit] 

Input          File          : ../../HEVC_test_sequence/ClassA/PeopleOnStreet_2560x1600_30_crop.yuv
Bitstream      File          : PeopleOnStreet.bin
Reconstruction File          : PeopleOnStreet.yuv
Real     Format              : 2560x1600 30Hz
Internal Format              : 2560x1600 30Hz
Frame/Field                  : Frame based coding
Frame index                  : 0 - 9 (10 frames)
CU size / depth              : 32 / 3
RQT trans. size (min / max)  : 4 / 32
Max RQT depth inter          : 3
Max RQT depth intra          : 1
Min PCM size                 : 8
Motion search range          : 64
Intra period                 : 1
Decoding refresh type        : 0
QP                           : 26.00
Max dQP signaling depth      : 0
Cb QP Offset                 : 0
Cr QP Offset                 : 0
QP adaptation                : 0 (range=0)
GOP size                     : 1
Internal bit depth           : (Y:8, C:8)
PCM sample bit depth         : (Y:8, C:8)
RateControl                  : 0
Max Num Merge Candidates     : 5

TOOL CFG: IBD:0 HAD:0 RDQ:0 RDQTS:0 RDpenalty:0 SQP:0 ASR:0 FEN:0 ECU:0 FDM:0 CFM:0 ESD:0 RQT:1 TransformSkip:0 TransformSkipFast:0 Slice: M=0 SliceSegment: M=0 CIP:0 SAO:0 PCM:0 TransQuantBypassEnabled: =1 WPP:0 WPB:0 PME:2  WaveFrontSynchro:0 WaveFrontSubstreams:1 ScalingList:0 TMVPMode:1  SignBitHidingFlag:1 RecalQP:0

***    VPS numBytesInNALunit: 24
***    SPS numBytesInNALunit: 31
***    PPS numBytesInNALunit: 7
*** IDR_W_RADL numBytesInNALunit: 345513
POC    0 TId: 0 ( I-SLICE, QP 26 )    2764600 bits [Y 99.9900 dB    U 99.9900 dB    V 99.9900 dB] [ET 77.66 ] [L0 ] [L1 ]
*** TRAIL_R numBytesInNALunit: 345918
POC    1 TId: 0 ( I-SLICE, QP 26 )    2767344 bits [Y 99.9900 dB    U 99.9900 dB    V 99.9900 dB] [ET 77.67 ] [L0 ] [L1 ]
*** TRAIL_R numBytesInNALunit: 345957
POC    2 TId: 0 ( I-SLICE, QP 26 )    2767656 bits [Y 99.9900 dB    U 99.9900 dB    V 99.9900 dB] [ET 78.16 ] [L0 ] [L1 ]
*** TRAIL_R numBytesInNALunit: 345700
POC    3 TId: 0 ( I-SLICE, QP 26 )    2765600 bits [Y 99.9900 dB    U 99.9900 dB    V 99.9900 dB] [ET 77.80 ] [L0 ] [L1 ]
*** TRAIL_R numBytesInNALunit: 345805
POC    4 TId: 0 ( I-SLICE, QP 26 )    2766440 bits [Y 99.9900 dB    U 99.9900 dB    V 99.9900 dB] [ET 78.08 ] [L0 ] [L1 ]
*** TRAIL_R numBytesInNALunit: 345744
POC    5 TId: 0 ( I-SLICE, QP 26 )    2765952 bits [Y 99.9900 dB    U 99.9900 dB    V 99.9900 dB] [ET 78.20 ] [L0 ] [L1 ]
*** TRAIL_R numBytesInNALunit: 345775
POC    6 TId: 0 ( I-SLICE, QP 26 )    2766200 bits [Y 99.9900 dB    U 99.9900 dB    V 99.9900 dB] [ET 78.25 ] [L0 ] [L1 ]
*** TRAIL_R numBytesInNALunit: 346189
POC    7 TId: 0 ( I-SLICE, QP 26 )    2769512 bits [Y 99.9900 dB    U 99.9900 dB    V 99.9900 dB] [ET 77.73 ] [L0 ] [L1 ]
*** TRAIL_R numBytesInNALunit: 346201
POC    8 TId: 0 ( I-SLICE, QP 26 )    2769608 bits [Y 99.9900 dB    U 99.9900 dB    V 99.9900 dB] [ET 72.58 ] [L0 ] [L1 ]
*** TRAIL_R numBytesInNALunit: 346200
POC    9 TId: 0 ( I-SLICE, QP 26 )    2769600 bits [Y 99.9900 dB    U 99.9900 dB    V 99.9900 dB] [ET 66.34 ] [L0 ] [L1 ]


I Slices--------------------------------------------------------
	Total Frames |  Bitrate    Y-PSNR    U-PSNR    V-PSNR 
	       10    i  83017.5360   99.9900   99.9900   99.9900
Bytes written to file: 3459115 (83018.760 kbps)
Bytes for SPS/PPS/Slice (Incl. Annex B): 3459115 (83018.760 kbps)

 Total Time:      764.266 sec.
