
HM software: Encoder Version [15.0][Linux][GCC 4.8.5][64 bit] 

Input          File          : ../../HEVC_test_sequence/ClassB/BQTerrace_1920x1080_60.yuv
Bitstream      File          : BQTerrace.bin
Reconstruction File          : BQTerrace.yuv
Real     Format              : 1920x1080 60Hz
Internal Format              : 1920x1080 60Hz
Frame/Field                  : Frame based coding
Frame index                  : 0 - 599 (600 frames)
CU size / depth              : 32 / 3
RQT trans. size (min / max)  : 4 / 32
Max RQT depth inter          : 3
Max RQT depth intra          : 1
Min PCM size                 : 8
Motion search range          : 64
Intra period                 : 1
Decoding refresh type        : 0
QP                           : 26.00
Max dQP signaling depth      : 0
Cb QP Offset                 : 0
Cr QP Offset                 : 0
QP adaptation                : 0 (range=0)
GOP size                     : 1
Internal bit depth           : (Y:8, C:8)
PCM sample bit depth         : (Y:8, C:8)
RateControl                  : 0
Max Num Merge Candidates     : 5

TOOL CFG: IBD:0 HAD:0 RDQ:0 RDQTS:0 RDpenalty:0 SQP:0 ASR:0 FEN:0 ECU:0 FDM:0 CFM:0 ESD:0 RQT:1 TransformSkip:0 TransformSkipFast:0 Slice: M=0 SliceSegment: M=0 CIP:0 SAO:0 PCM:0 TransQuantBypassEnabled: =1 WPP:0 WPB:0 PME:2  WaveFrontSynchro:0 WaveFrontSubstreams:1 ScalingList:0 TMVPMode:1  SignBitHidingFlag:1 RecalQP:0

***    VPS numBytesInNALunit: 24
***    SPS numBytesInNALunit: 31
***    PPS numBytesInNALunit: 7
*** IDR_W_RADL numBytesInNALunit: 1572756
POC    0 TId: 0 ( I-SLICE, QP 26 )   12582544 bits [Y 99.9900 dB    U 99.9900 dB    V 99.9900 dB] [ET 22.22 ] [L0 ] [L1 ]
*** TRAIL_R numBytesInNALunit: 1572106
POC    1 TId: 0 ( I-SLICE, QP 26 )   12576848 bits [Y 99.9900 dB    U 99.9900 dB    V 99.9900 dB] [ET 22.22 ] [L0 ] [L1 ]
*** TRAIL_R numBytesInNALunit: 1571256
POC    2 TId: 0 ( I-SLICE, QP 26 )   12570048 bits [Y 99.9900 dB    U 99.9900 dB    V 99.9900 dB] [ET 22.64 ] [L0 ] [L1 ]
*** TRAIL_R numBytesInNALunit: 1571765
POC    3 TId: 0 ( I-SLICE, QP 26 )   12574120 bits [Y 99.9900 dB    U 99.9900 dB    V 99.9900 dB] [ET 22.08 ] [L0 ] [L1 ]
*** TRAIL_R numBytesInNALunit: 1572307
POC    4 TId: 0 ( I-SLICE, QP 26 )   12578456 bits [Y 99.9900 dB    U 99.9900 dB    V 99.9900 dB] [ET 22.39 ] [L0 ] [L1 ]
*** TRAIL_R numBytesInNALunit: 1571847
POC    5 TId: 0 ( I-SLICE, QP 26 )   12574776 bits [Y 99.9900 dB    U 99.9900 dB    V 99.9900 dB] [ET 22.31 ] [L0 ] [L1 ]
*** TRAIL_R numBytesInNALunit: 1572932
POC    6 TId: 0 ( I-SLICE, QP 26 )   12583456 bits [Y 99.9900 dB    U 99.9900 dB    V 99.9900 dB] [ET 22.14 ] [L0 ] [L1 ]
*** TRAIL_R numBytesInNALunit: 1572595
POC    7 TId: 0 ( I-SLICE, QP 26 )   12580760 bits [Y 99.9900 dB    U 99.9900 dB    V 99.9900 dB] [ET 22.00 ] [L0 ] [L1 ]
*** TRAIL_R numBytesInNALunit: 1571776
POC    8 TId: 0 ( I-SLICE, QP 26 )   12574208 bits [Y 99.9900 dB    U 99.9900 dB    V 99.9900 dB] [ET 22.23 ] [L0 ] [L1 ]
*** TRAIL_R numBytesInNALunit: 1570981
POC    9 TId: 0 ( I-SLICE, QP 26 )   12567848 bits [Y 99.9900 dB    U 99.9900 dB    V 99.9900 dB] [ET 22.12 ] [L0 ] [L1 ]
*** TRAIL_R numBytesInNALunit: 1571332
POC   10 TId: 0 ( I-SLICE, QP 26 )   12570656 bits [Y 99.9900 dB    U 99.9900 dB    V 99.9900 dB] [ET 22.05 ] [L0 ] [L1 ]
*** TRAIL_R numBytesInNALunit: 1572433
POC   11 TId: 0 ( I-SLICE, QP 26 )   12579464 bits [Y 99.9900 dB    U 99.9900 dB    V 99.9900 dB] [ET 22.06 ] [L0 ] [L1 ]
*** TRAIL_R numBytesInNALunit: 1571545
POC   12 TId: 0 ( I-SLICE, QP 26 )   12572360 bits [Y 99.9900 dB    U 99.9900 dB    V 99.9900 dB] [ET 22.48 ] [L0 ] [L1 ]
*** TRAIL_R numBytesInNALunit: 1572060
POC   13 TId: 0 ( I-SLICE, QP 26 )   12576480 bits [Y 99.9900 dB    U 99.9900 dB    V 99.9900 dB] [ET 22.66 ] [L0 ] [L1 ]
*** TRAIL_R numBytesInNALunit: 1571996
POC   14 TId: 0 ( I-SLICE, QP 26 )   12575968 bits [Y 99.9900 dB    U 99.9900 dB    V 99.9900 dB] [ET 22.39 ] [L0 ] [L1 ]
*** TRAIL_R numBytesInNALunit: 1571505
POC   15 TId: 0 ( I-SLICE, QP 26 )   12572040 bits [Y 99.9900 dB    U 99.9900 dB    V 99.9900 dB] [ET 22.78 ] [L0 ] [L1 ]
*** TRAIL_R numBytesInNALunit: 1570158
POC   16 TId: 0 ( I-SLICE, QP 26 )   12561264 bits [Y 99.9900 dB    U 99.9900 dB    V 99.9900 dB] [ET 22.52 ] [L0 ] [L1 ]
*** TRAIL_R numBytesInNALunit: 1568950
POC   17 TId: 0 ( I-SLICE, QP 26 )   12551600 bits [Y 99.9900 dB    U 99.9900 dB    V 99.9900 dB] [ET 22.88 ] [L0 ] [L1 ]
*** TRAIL_R numBytesInNALunit: 1569364
POC   18 TId: 0 ( I-SLICE, QP 26 )   12554912 bits [Y 99.9900 dB    U 99.9900 dB    V 99.9900 dB] [ET 22.72 ] [L0 ] [L1 ]
*** TRAIL_R numBytesInNALunit: 1571103
POC   19 TId: 0 ( I-SLICE, QP 26 )   12568824 bits [Y 99.9900 dB    U 99.9900 dB    V 99.9900 dB] [ET 22.50 ] [L0 ] [L1 ]
*** TRAIL_R numBytesInNALunit: 1570740
POC   20 TId: 0 ( I-SLICE, QP 26 )   12565920 bits [Y 99.9900 dB    U 99.9900 dB    V 99.9900 dB] [ET 22.44 ] [L0 ] [L1 ]
*** TRAIL_R numBytesInNALunit: 1571035
POC   21 TId: 0 ( I-SLICE, QP 26 )   12568280 bits [Y 99.9900 dB    U 99.9900 dB    V 99.9900 dB] [ET 22.59 ] [L0 ] [L1 ]
*** TRAIL_R numBytesInNALunit: 1570694
POC   22 TId: 0 ( I-SLICE, QP 26 )   12565552 bits [Y 99.9900 dB    U 99.9900 dB    V 99.9900 dB] [ET 22.72 ] [L0 ] [L1 ]
*** TRAIL_R numBytesInNALunit: 1568782
POC   23 TId: 0 ( I-SLICE, QP 26 )   12550256 bits [Y 99.9900 dB    U 99.9900 dB    V 99.9900 dB] [ET 22.44 ] [L0 ] [L1 ]
*** TRAIL_R numBytesInNALunit: 1568866
POC   24 TId: 0 ( I-SLICE, QP 26 )   12550928 bits [Y 99.9900 dB    U 99.9900 dB    V 99.9900 dB] [ET 22.19 ] [L0 ] [L1 ]
*** TRAIL_R numBytesInNALunit: 1567888
POC   25 TId: 0 ( I-SLICE, QP 26 )   12543104 bits [Y 99.9900 dB    U 99.9900 dB    V 99.9900 dB] [ET 22.19 ] [L0 ] [L1 ]
*** TRAIL_R numBytesInNALunit: 1570293
POC   26 TId: 0 ( I-SLICE, QP 26 )   12562344 bits [Y 99.9900 dB    U 99.9900 dB    V 99.9900 dB] [ET 22.78 ] [L0 ] [L1 ]
*** TRAIL_R numBytesInNALunit: 1569986
POC   27 TId: 0 ( I-SLICE, QP 26 )   12559888 bits [Y 99.9900 dB    U 99.9900 dB    V 99.9900 dB] [ET 22.66 ] [L0 ] [L1 ]
*** TRAIL_R numBytesInNALunit: 1569827
POC   28 TId: 0 ( I-SLICE, QP 26 )   12558616 bits [Y 99.9900 dB    U 99.9900 dB    V 99.9900 dB] [ET 22.03 ] [L0 ] [L1 ]
*** TRAIL_R numBytesInNALunit: 1568757
POC   29 TId: 0 ( I-SLICE, QP 26 )   12550056 bits [Y 99.9900 dB    U 99.9900 dB    V 99.9900 dB] [ET 22.44 ] [L0 ] [L1 ]
*** TRAIL_R numBytesInNALunit: 1568723
POC   30 TId: 0 ( I-SLICE, QP 26 )   12549784 bits [Y 99.9900 dB    U 99.9900 dB    V 99.9900 dB] [ET 22.12 ] [L0 ] [L1 ]
*** TRAIL_R numBytesInNALunit: 1567224
POC   31 TId: 0 ( I-SLICE, QP 26 )   12537792 bits [Y 99.9900 dB    U 99.9900 dB    V 99.9900 dB] [ET 22.08 ] [L0 ] [L1 ]
*** TRAIL_R numBytesInNALunit: 1570199
POC   32 TId: 0 ( I-SLICE, QP 26 )   12561592 bits [Y 99.9900 dB    U 99.9900 dB    V 99.9900 dB] [ET 22.27 ] [L0 ] [L1 ]
*** TRAIL_R numBytesInNALunit: 1569664
POC   33 TId: 0 ( I-SLICE, QP 26 )   12557312 bits [Y 99.9900 dB    U 99.9900 dB    V 99.9900 dB] [ET 22.55 ] [L0 ] [L1 ]
*** TRAIL_R numBytesInNALunit: 1569857
POC   34 TId: 0 ( I-SLICE, QP 26 )   12558856 bits [Y 99.9900 dB    U 99.9900 dB    V 99.9900 dB] [ET 22.27 ] [L0 ] [L1 ]
*** TRAIL_R numBytesInNALunit: 1567091
POC   35 TId: 0 ( I-SLICE, QP 26 )   12536728 bits [Y 99.9900 dB    U 99.9900 dB    V 99.9900 dB] [ET 22.25 ] [L0 ] [L1 ]
*** TRAIL_R numBytesInNALunit: 1565862
POC   36 TId: 0 ( I-SLICE, QP 26 )   12526896 bits [Y 99.9900 dB    U 99.9900 dB    V 99.9900 dB] [ET 22.58 ] [L0 ] [L1 ]
*** TRAIL_R numBytesInNALunit: 1565048
POC   37 TId: 0 ( I-SLICE, QP 26 )   12520384 bits [Y 99.9900 dB    U 99.9900 dB    V 99.9900 dB] [ET 22.39 ] [L0 ] [L1 ]
*** TRAIL_R numBytesInNALunit: 1565279
POC   38 TId: 0 ( I-SLICE, QP 26 )   12522232 bits [Y 99.9900 dB    U 99.9900 dB    V 99.9900 dB] [ET 21.91 ] [L0 ] [L1 ]
*** TRAIL_R numBytesInNALunit: 1565718
POC   39 TId: 0 ( I-SLICE, QP 26 )   12525744 bits [Y 99.9900 dB    U 99.9900 dB    V 99.9900 dB] [ET 22.50 ] [L0 ] [L1 ]
*** TRAIL_R numBytesInNALunit: 1568533
POC   40 TId: 0 ( I-SLICE, QP 26 )   12548264 bits [Y 99.9900 dB    U 99.9900 dB    V 99.9900 dB] [ET 22.05 ] [L0 ] [L1 ]
*** TRAIL_R numBytesInNALunit: 1567070
POC   41 TId: 0 ( I-SLICE, QP 26 )   12536560 bits [Y 99.9900 dB    U 99.9900 dB    V 99.9900 dB] [ET 21.86 ] [L0 ] [L1 ]
*** TRAIL_R numBytesInNALunit: 1565541
POC   42 TId: 0 ( I-SLICE, QP 26 )   12524328 bits [Y 99.9900 dB    U 99.9900 dB    V 99.9900 dB] [ET 22.17 ] [L0 ] [L1 ]
*** TRAIL_R numBytesInNALunit: 1562278
POC   43 TId: 0 ( I-SLICE, QP 26 )   12498224 bits [Y 99.9900 dB    U 99.9900 dB    V 99.9900 dB] [ET 22.19 ] [L0 ] [L1 ]
*** TRAIL_R numBytesInNALunit: 1566861
POC   44 TId: 0 ( I-SLICE, QP 26 )   12534888 bits [Y 99.9900 dB    U 99.9900 dB    V 99.9900 dB] [ET 22.12 ] [L0 ] [L1 ]
*** TRAIL_R numBytesInNALunit: 1568723
POC   45 TId: 0 ( I-SLICE, QP 26 )   12549784 bits [Y 99.9900 dB    U 99.9900 dB    V 99.9900 dB] [ET 22.09 ] [L0 ] [L1 ]
*** TRAIL_R numBytesInNALunit: 1571420
POC   46 TId: 0 ( I-SLICE, QP 26 )   12571360 bits [Y 99.9900 dB    U 99.9900 dB    V 99.9900 dB] [ET 22.19 ] [L0 ] [L1 ]
*** TRAIL_R numBytesInNALunit: 1569476
POC   47 TId: 0 ( I-SLICE, QP 26 )   12555808 bits [Y 99.9900 dB    U 99.9900 dB    V 99.9900 dB] [ET 21.84 ] [L0 ] [L1 ]
*** TRAIL_R numBytesInNALunit: 1567182
POC   48 TId: 0 ( I-SLICE, QP 26 )   12537456 bits [Y 99.9900 dB    U 99.9900 dB    V 99.9900 dB] [ET 22.25 ] [L0 ] [L1 ]
*** TRAIL_R numBytesInNALunit: 1564104
POC   49 TId: 0 ( I-SLICE, QP 26 )   12512832 bits [Y 99.9900 dB    U 99.9900 dB    V 99.9900 dB] [ET 21.89 ] [L0 ] [L1 ]
*** TRAIL_R numBytesInNALunit: 1563772
POC   50 TId: 0 ( I-SLICE, QP 26 )   12510176 bits [Y 99.9900 dB    U 99.9900 dB    V 99.9900 dB] [ET 22.39 ] [L0 ] [L1 ]
*** TRAIL_R numBytesInNALunit: 1564967
POC   51 TId: 0 ( I-SLICE, QP 26 )   12519736 bits [Y 99.9900 dB    U 99.9900 dB    V 99.9900 dB] [ET 22.47 ] [L0 ] [L1 ]
*** TRAIL_R numBytesInNALunit: 1565171
POC   52 TId: 0 ( I-SLICE, QP 26 )   12521368 bits [Y 99.9900 dB    U 99.9900 dB    V 99.9900 dB] [ET 21.75 ] [L0 ] [L1 ]
*** TRAIL_R numBytesInNALunit: 1564328
POC   53 TId: 0 ( I-SLICE, QP 26 )   12514624 bits [Y 99.9900 dB    U 99.9900 dB    V 99.9900 dB] [ET 21.97 ] [L0 ] [L1 ]
*** TRAIL_R numBytesInNALunit: 1560194
POC   54 TId: 0 ( I-SLICE, QP 26 )   12481552 bits [Y 99.9900 dB    U 99.9900 dB    V 99.9900 dB] [ET 22.17 ] [L0 ] [L1 ]
*** TRAIL_R numBytesInNALunit: 1557798
POC   55 TId: 0 ( I-SLICE, QP 26 )   12462384 bits [Y 99.9900 dB    U 99.9900 dB    V 99.9900 dB] [ET 22.06 ] [L0 ] [L1 ]
*** TRAIL_R numBytesInNALunit: 1555722
POC   56 TId: 0 ( I-SLICE, QP 26 )   12445776 bits [Y 99.9900 dB    U 99.9900 dB    V 99.9900 dB] [ET 22.28 ] [L0 ] [L1 ]
*** TRAIL_R numBytesInNALunit: 1556662
POC   57 TId: 0 ( I-SLICE, QP 26 )   12453296 bits [Y 99.9900 dB    U 99.9900 dB    V 99.9900 dB] [ET 22.16 ] [L0 ] [L1 ]
*** TRAIL_R numBytesInNALunit: 1562785
POC   58 TId: 0 ( I-SLICE, QP 26 )   12502280 bits [Y 99.9900 dB    U 99.9900 dB    V 99.9900 dB] [ET 21.64 ] [L0 ] [L1 ]
*** TRAIL_R numBytesInNALunit: 1564569
POC   59 TId: 0 ( I-SLICE, QP 26 )   12516552 bits [Y 99.9900 dB    U 99.9900 dB    V 99.9900 dB] [ET 21.98 ] [L0 ] [L1 ]
*** TRAIL_R numBytesInNALunit: 1561838
POC   60 TId: 0 ( I-SLICE, QP 26 )   12494704 bits [Y 99.9900 dB    U 99.9900 dB    V 99.9900 dB] [ET 22.08 ] [L0 ] [L1 ]
*** TRAIL_R numBytesInNALunit: 1557321
POC   61 TId: 0 ( I-SLICE, QP 26 )   12458568 bits [Y 99.9900 dB    U 99.9900 dB    V 99.9900 dB] [ET 22.62 ] [L0 ] [L1 ]
*** TRAIL_R numBytesInNALunit: 1557467
POC   62 TId: 0 ( I-SLICE, QP 26 )   12459736 bits [Y 99.9900 dB    U 99.9900 dB    V 99.9900 dB] [ET 22.56 ] [L0 ] [L1 ]
*** TRAIL_R numBytesInNALunit: 1559537
POC   63 TId: 0 ( I-SLICE, QP 26 )   12476296 bits [Y 99.9900 dB    U 99.9900 dB    V 99.9900 dB] [ET 22.41 ] [L0 ] [L1 ]
*** TRAIL_R numBytesInNALunit: 1561389
POC   64 TId: 0 ( I-SLICE, QP 26 )   12491112 bits [Y 99.9900 dB    U 99.9900 dB    V 99.9900 dB] [ET 22.23 ] [L0 ] [L1 ]
*** TRAIL_R numBytesInNALunit: 1561733
POC   65 TId: 0 ( I-SLICE, QP 26 )   12493864 bits [Y 99.9900 dB    U 99.9900 dB    V 99.9900 dB] [ET 22.14 ] [L0 ] [L1 ]
*** TRAIL_R numBytesInNALunit: 1560819
POC   66 TId: 0 ( I-SLICE, QP 26 )   12486552 bits [Y 99.9900 dB    U 99.9900 dB    V 99.9900 dB] [ET 22.03 ] [L0 ] [L1 ]
*** TRAIL_R numBytesInNALunit: 1559470
POC   67 TId: 0 ( I-SLICE, QP 26 )   12475760 bits [Y 99.9900 dB    U 99.9900 dB    V 99.9900 dB] [ET 22.70 ] [L0 ] [L1 ]
*** TRAIL_R numBytesInNALunit: 1558841
POC   68 TId: 0 ( I-SLICE, QP 26 )   12470728 bits [Y 99.9900 dB    U 99.9900 dB    V 99.9900 dB] [ET 22.39 ] [L0 ] [L1 ]
*** TRAIL_R numBytesInNALunit: 1558078
POC   69 TId: 0 ( I-SLICE, QP 26 )   12464624 bits [Y 99.9900 dB    U 99.9900 dB    V 99.9900 dB] [ET 22.38 ] [L0 ] [L1 ]
*** TRAIL_R numBytesInNALunit: 1557336
POC   70 TId: 0 ( I-SLICE, QP 26 )   12458688 bits [Y 99.9900 dB    U 99.9900 dB    V 99.9900 dB] [ET 21.72 ] [L0 ] [L1 ]
*** TRAIL_R numBytesInNALunit: 1558309
POC   71 TId: 0 ( I-SLICE, QP 26 )   12466472 bits [Y 99.9900 dB    U 99.9900 dB    V 99.9900 dB] [ET 22.02 ] [L0 ] [L1 ]
*** TRAIL_R numBytesInNALunit: 1559059
POC   72 TId: 0 ( I-SLICE, QP 26 )   12472472 bits [Y 99.9900 dB    U 99.9900 dB    V 99.9900 dB] [ET 22.28 ] [L0 ] [L1 ]
*** TRAIL_R numBytesInNALunit: 1557573
POC   73 TId: 0 ( I-SLICE, QP 26 )   12460584 bits [Y 99.9900 dB    U 99.9900 dB    V 99.9900 dB] [ET 22.20 ] [L0 ] [L1 ]
*** TRAIL_R numBytesInNALunit: 1557045
POC   74 TId: 0 ( I-SLICE, QP 26 )   12456360 bits [Y 99.9900 dB    U 99.9900 dB    V 99.9900 dB] [ET 22.75 ] [L0 ] [L1 ]
*** TRAIL_R numBytesInNALunit: 1557219
POC   75 TId: 0 ( I-SLICE, QP 26 )   12457752 bits [Y 99.9900 dB    U 99.9900 dB    V 99.9900 dB] [ET 22.20 ] [L0 ] [L1 ]
*** TRAIL_R numBytesInNALunit: 1560445
POC   76 TId: 0 ( I-SLICE, QP 26 )   12483560 bits [Y 99.9900 dB    U 99.9900 dB    V 99.9900 dB] [ET 22.28 ] [L0 ] [L1 ]
*** TRAIL_R numBytesInNALunit: 1557893
POC   77 TId: 0 ( I-SLICE, QP 26 )   12463144 bits [Y 99.9900 dB    U 99.9900 dB    V 99.9900 dB] [ET 22.38 ] [L0 ] [L1 ]
*** TRAIL_R numBytesInNALunit: 1551984
POC   78 TId: 0 ( I-SLICE, QP 26 )   12415872 bits [Y 99.9900 dB    U 99.9900 dB    V 99.9900 dB] [ET 22.05 ] [L0 ] [L1 ]
*** TRAIL_R numBytesInNALunit: 1555404
POC   79 TId: 0 ( I-SLICE, QP 26 )   12443232 bits [Y 99.9900 dB    U 99.9900 dB    V 99.9900 dB] [ET 22.00 ] [L0 ] [L1 ]
*** TRAIL_R numBytesInNALunit: 1557139
POC   80 TId: 0 ( I-SLICE, QP 26 )   12457112 bits [Y 99.9900 dB    U 99.9900 dB    V 99.9900 dB] [ET 22.16 ] [L0 ] [L1 ]
*** TRAIL_R numBytesInNALunit: 1558455
POC   81 TId: 0 ( I-SLICE, QP 26 )   12467640 bits [Y 99.9900 dB    U 99.9900 dB    V 99.9900 dB] [ET 22.11 ] [L0 ] [L1 ]
*** TRAIL_R numBytesInNALunit: 1556992
POC   82 TId: 0 ( I-SLICE, QP 26 )   12455936 bits [Y 99.9900 dB    U 99.9900 dB    V 99.9900 dB] [ET 22.39 ] [L0 ] [L1 ]
*** TRAIL_R numBytesInNALunit: 1553222
POC   83 TId: 0 ( I-SLICE, QP 26 )   12425776 bits [Y 99.9900 dB    U 99.9900 dB    V 99.9900 dB] [ET 21.98 ] [L0 ] [L1 ]
*** TRAIL_R numBytesInNALunit: 1550019
POC   84 TId: 0 ( I-SLICE, QP 26 )   12400152 bits [Y 99.9900 dB    U 99.9900 dB    V 99.9900 dB] [ET 22.30 ] [L0 ] [L1 ]
*** TRAIL_R numBytesInNALunit: 1552013
POC   85 TId: 0 ( I-SLICE, QP 26 )   12416104 bits [Y 99.9900 dB    U 99.9900 dB    V 99.9900 dB] [ET 22.38 ] [L0 ] [L1 ]
*** TRAIL_R numBytesInNALunit: 1553038
POC   86 TId: 0 ( I-SLICE, QP 26 )   12424304 bits [Y 99.9900 dB    U 99.9900 dB    V 99.9900 dB] [ET 22.48 ] [L0 ] [L1 ]
*** TRAIL_R numBytesInNALunit: 1553644
POC   87 TId: 0 ( I-SLICE, QP 26 )   12429152 bits [Y 99.9900 dB    U 99.9900 dB    V 99.9900 dB] [ET 22.31 ] [L0 ] [L1 ]
*** TRAIL_R numBytesInNALunit: 1553932
POC   88 TId: 0 ( I-SLICE, QP 26 )   12431456 bits [Y 99.9900 dB    U 99.9900 dB    V 99.9900 dB] [ET 22.66 ] [L0 ] [L1 ]
*** TRAIL_R numBytesInNALunit: 1548973
POC   89 TId: 0 ( I-SLICE, QP 26 )   12391784 bits [Y 99.9900 dB    U 99.9900 dB    V 99.9900 dB] [ET 22.25 ] [L0 ] [L1 ]
*** TRAIL_R numBytesInNALunit: 1545786
POC   90 TId: 0 ( I-SLICE, QP 26 )   12366288 bits [Y 99.9900 dB    U 99.9900 dB    V 99.9900 dB] [ET 22.39 ] [L0 ] [L1 ]
*** TRAIL_R numBytesInNALunit: 1546808
POC   91 TId: 0 ( I-SLICE, QP 26 )   12374464 bits [Y 99.9900 dB    U 99.9900 dB    V 99.9900 dB] [ET 22.62 ] [L0 ] [L1 ]
*** TRAIL_R numBytesInNALunit: 1549450
POC   92 TId: 0 ( I-SLICE, QP 26 )   12395600 bits [Y 99.9900 dB    U 99.9900 dB    V 99.9900 dB] [ET 22.31 ] [L0 ] [L1 ]
*** TRAIL_R numBytesInNALunit: 1552019
POC   93 TId: 0 ( I-SLICE, QP 26 )   12416152 bits [Y 99.9900 dB    U 99.9900 dB    V 99.9900 dB] [ET 22.16 ] [L0 ] [L1 ]
*** TRAIL_R numBytesInNALunit: 1546895
POC   94 TId: 0 ( I-SLICE, QP 26 )   12375160 bits [Y 99.9900 dB    U 99.9900 dB    V 99.9900 dB] [ET 22.36 ] [L0 ] [L1 ]
*** TRAIL_R numBytesInNALunit: 1541541
POC   95 TId: 0 ( I-SLICE, QP 26 )   12332328 bits [Y 99.9900 dB    U 99.9900 dB    V 99.9900 dB] [ET 22.14 ] [L0 ] [L1 ]
*** TRAIL_R numBytesInNALunit: 1540718
POC   96 TId: 0 ( I-SLICE, QP 26 )   12325744 bits [Y 99.9900 dB    U 99.9900 dB    V 99.9900 dB] [ET 22.12 ] [L0 ] [L1 ]
*** TRAIL_R numBytesInNALunit: 1543574
POC   97 TId: 0 ( I-SLICE, QP 26 )   12348592 bits [Y 99.9900 dB    U 99.9900 dB    V 99.9900 dB] [ET 22.38 ] [L0 ] [L1 ]
*** TRAIL_R numBytesInNALunit: 1546362
POC   98 TId: 0 ( I-SLICE, QP 26 )   12370896 bits [Y 99.9900 dB    U 99.9900 dB    V 99.9900 dB] [ET 22.48 ] [L0 ] [L1 ]
*** TRAIL_R numBytesInNALunit: 1548505
POC   99 TId: 0 ( I-SLICE, QP 26 )   12388040 bits [Y 99.9900 dB    U 99.9900 dB    V 99.9900 dB] [ET 22.42 ] [L0 ] [L1 ]
*** TRAIL_R numBytesInNALunit: 1549277
POC  100 TId: 0 ( I-SLICE, QP 26 )   12394216 bits [Y 99.9900 dB    U 99.9900 dB    V 99.9900 dB] [ET 22.42 ] [L0 ] [L1 ]
*** TRAIL_R numBytesInNALunit: 1550360
POC  101 TId: 0 ( I-SLICE, QP 26 )   12402880 bits [Y 99.9900 dB    U 99.9900 dB    V 99.9900 dB] [ET 22.23 ] [L0 ] [L1 ]
*** TRAIL_R numBytesInNALunit: 1546447
POC  102 TId: 0 ( I-SLICE, QP 26 )   12371576 bits [Y 99.9900 dB    U 99.9900 dB    V 99.9900 dB] [ET 22.56 ] [L0 ] [L1 ]
*** TRAIL_R numBytesInNALunit: 1544597
POC  103 TId: 0 ( I-SLICE, QP 26 )   12356776 bits [Y 99.9900 dB    U 99.9900 dB    V 99.9900 dB] [ET 22.09 ] [L0 ] [L1 ]
*** TRAIL_R numBytesInNALunit: 1548802
POC  104 TId: 0 ( I-SLICE, QP 26 )   12390416 bits [Y 99.9900 dB    U 99.9900 dB    V 99.9900 dB] [ET 22.25 ] [L0 ] [L1 ]
*** TRAIL_R numBytesInNALunit: 1558351
POC  105 TId: 0 ( I-SLICE, QP 26 )   12466808 bits [Y 99.9900 dB    U 99.9900 dB    V 99.9900 dB] [ET 22.17 ] [L0 ] [L1 ]
*** TRAIL_R numBytesInNALunit: 1562331
POC  106 TId: 0 ( I-SLICE, QP 26 )   12498648 bits [Y 99.9900 dB    U 99.9900 dB    V 99.9900 dB] [ET 22.14 ] [L0 ] [L1 ]
*** TRAIL_R numBytesInNALunit: 1560226
POC  107 TId: 0 ( I-SLICE, QP 26 )   12481808 bits [Y 99.9900 dB    U 99.9900 dB    V 99.9900 dB] [ET 22.34 ] [L0 ] [L1 ]
*** TRAIL_R numBytesInNALunit: 1558121
POC  108 TId: 0 ( I-SLICE, QP 26 )   12464968 bits [Y 99.9900 dB    U 99.9900 dB    V 99.9900 dB] [ET 22.23 ] [L0 ] [L1 ]
*** TRAIL_R numBytesInNALunit: 1555495
POC  109 TId: 0 ( I-SLICE, QP 26 )   12443960 bits [Y 99.9900 dB    U 99.9900 dB    V 99.9900 dB] [ET 22.53 ] [L0 ] [L1 ]
*** TRAIL_R numBytesInNALunit: 1556044
POC  110 TId: 0 ( I-SLICE, QP 26 )   12448352 bits [Y 99.9900 dB    U 99.9900 dB    V 99.9900 dB] [ET 22.34 ] [L0 ] [L1 ]
*** TRAIL_R numBytesInNALunit: 1555924
POC  111 TId: 0 ( I-SLICE, QP 26 )   12447392 bits [Y 99.9900 dB    U 99.9900 dB    V 99.9900 dB] [ET 22.38 ] [L0 ] [L1 ]
*** TRAIL_R numBytesInNALunit: 1556861
POC  112 TId: 0 ( I-SLICE, QP 26 )   12454888 bits [Y 99.9900 dB    U 99.9900 dB    V 99.9900 dB] [ET 22.59 ] [L0 ] [L1 ]
*** TRAIL_R numBytesInNALunit: 1556774
POC  113 TId: 0 ( I-SLICE, QP 26 )   12454192 bits [Y 99.9900 dB    U 99.9900 dB    V 99.9900 dB] [ET 22.34 ] [L0 ] [L1 ]
*** TRAIL_R numBytesInNALunit: 1559807
POC  114 TId: 0 ( I-SLICE, QP 26 )   12478456 bits [Y 99.9900 dB    U 99.9900 dB    V 99.9900 dB] [ET 22.19 ] [L0 ] [L1 ]
*** TRAIL_R numBytesInNALunit: 1557717
POC  115 TId: 0 ( I-SLICE, QP 26 )   12461736 bits [Y 99.9900 dB    U 99.9900 dB    V 99.9900 dB] [ET 22.31 ] [L0 ] [L1 ]
*** TRAIL_R numBytesInNALunit: 1554959
POC  116 TId: 0 ( I-SLICE, QP 26 )   12439672 bits [Y 99.9900 dB    U 99.9900 dB    V 99.9900 dB] [ET 22.22 ] [L0 ] [L1 ]
*** TRAIL_R numBytesInNALunit: 1552240
POC  117 TId: 0 ( I-SLICE, QP 26 )   12417920 bits [Y 99.9900 dB    U 99.9900 dB    V 99.9900 dB] [ET 22.06 ] [L0 ] [L1 ]
*** TRAIL_R numBytesInNALunit: 1549768
POC  118 TId: 0 ( I-SLICE, QP 26 )   12398144 bits [Y 99.9900 dB    U 99.9900 dB    V 99.9900 dB] [ET 22.20 ] [L0 ] [L1 ]
*** TRAIL_R numBytesInNALunit: 1547343
POC  119 TId: 0 ( I-SLICE, QP 26 )   12378744 bits [Y 99.9900 dB    U 99.9900 dB    V 99.9900 dB] [ET 22.30 ] [L0 ] [L1 ]
*** TRAIL_R numBytesInNALunit: 1548695
POC  120 TId: 0 ( I-SLICE, QP 26 )   12389560 bits [Y 99.9900 dB    U 99.9900 dB    V 99.9900 dB] [ET 22.36 ] [L0 ] [L1 ]
*** TRAIL_R numBytesInNALunit: 1549311
POC  121 TId: 0 ( I-SLICE, QP 26 )   12394488 bits [Y 99.9900 dB    U 99.9900 dB    V 99.9900 dB] [ET 22.44 ] [L0 ] [L1 ]
*** TRAIL_R numBytesInNALunit: 1549322
POC  122 TId: 0 ( I-SLICE, QP 26 )   12394576 bits [Y 99.9900 dB    U 99.9900 dB    V 99.9900 dB] [ET 22.41 ] [L0 ] [L1 ]
*** TRAIL_R numBytesInNALunit: 1550620
POC  123 TId: 0 ( I-SLICE, QP 26 )   12404960 bits [Y 99.9900 dB    U 99.9900 dB    V 99.9900 dB] [ET 22.14 ] [L0 ] [L1 ]
*** TRAIL_R numBytesInNALunit: 1549847
POC  124 TId: 0 ( I-SLICE, QP 26 )   12398776 bits [Y 99.9900 dB    U 99.9900 dB    V 99.9900 dB] [ET 22.42 ] [L0 ] [L1 ]
*** TRAIL_R numBytesInNALunit: 1547420
POC  125 TId: 0 ( I-SLICE, QP 26 )   12379360 bits [Y 99.9900 dB    U 99.9900 dB    V 99.9900 dB] [ET 22.17 ] [L0 ] [L1 ]
*** TRAIL_R numBytesInNALunit: 1545524
POC  126 TId: 0 ( I-SLICE, QP 26 )   12364192 bits [Y 99.9900 dB    U 99.9900 dB    V 99.9900 dB] [ET 21.88 ] [L0 ] [L1 ]
*** TRAIL_R numBytesInNALunit: 1550152
POC  127 TId: 0 ( I-SLICE, QP 26 )   12401216 bits [Y 99.9900 dB    U 99.9900 dB    V 99.9900 dB] [ET 22.11 ] [L0 ] [L1 ]
*** TRAIL_R numBytesInNALunit: 1554577
POC  128 TId: 0 ( I-SLICE, QP 26 )   12436616 bits [Y 99.9900 dB    U 99.9900 dB    V 99.9900 dB] [ET 22.41 ] [L0 ] [L1 ]
*** TRAIL_R numBytesInNALunit: 1558707
POC  129 TId: 0 ( I-SLICE, QP 26 )   12469656 bits [Y 99.9900 dB    U 99.9900 dB    V 99.9900 dB] [ET 22.34 ] [L0 ] [L1 ]
*** TRAIL_R numBytesInNALunit: 1556352
POC  130 TId: 0 ( I-SLICE, QP 26 )   12450816 bits [Y 99.9900 dB    U 99.9900 dB    V 99.9900 dB] [ET 22.36 ] [L0 ] [L1 ]
*** TRAIL_R numBytesInNALunit: 1551424
POC  131 TId: 0 ( I-SLICE, QP 26 )   12411392 bits [Y 99.9900 dB    U 99.9900 dB    V 99.9900 dB] [ET 22.12 ] [L0 ] [L1 ]
*** TRAIL_R numBytesInNALunit: 1552141
POC  132 TId: 0 ( I-SLICE, QP 26 )   12417128 bits [Y 99.9900 dB    U 99.9900 dB    V 99.9900 dB] [ET 22.47 ] [L0 ] [L1 ]
*** TRAIL_R numBytesInNALunit: 1553363
POC  133 TId: 0 ( I-SLICE, QP 26 )   12426904 bits [Y 99.9900 dB    U 99.9900 dB    V 99.9900 dB] [ET 22.30 ] [L0 ] [L1 ]
*** TRAIL_R numBytesInNALunit: 1553652
POC  134 TId: 0 ( I-SLICE, QP 26 )   12429216 bits [Y 99.9900 dB    U 99.9900 dB    V 99.9900 dB] [ET 22.16 ] [L0 ] [L1 ]
*** TRAIL_R numBytesInNALunit: 1555613
POC  135 TId: 0 ( I-SLICE, QP 26 )   12444904 bits [Y 99.9900 dB    U 99.9900 dB    V 99.9900 dB] [ET 22.45 ] [L0 ] [L1 ]
*** TRAIL_R numBytesInNALunit: 1552232
POC  136 TId: 0 ( I-SLICE, QP 26 )   12417856 bits [Y 99.9900 dB    U 99.9900 dB    V 99.9900 dB] [ET 22.27 ] [L0 ] [L1 ]
*** TRAIL_R numBytesInNALunit: 1549023
POC  137 TId: 0 ( I-SLICE, QP 26 )   12392184 bits [Y 99.9900 dB    U 99.9900 dB    V 99.9900 dB] [ET 22.58 ] [L0 ] [L1 ]
*** TRAIL_R numBytesInNALunit: 1549116
POC  138 TId: 0 ( I-SLICE, QP 26 )   12392928 bits [Y 99.9900 dB    U 99.9900 dB    V 99.9900 dB] [ET 22.50 ] [L0 ] [L1 ]
*** TRAIL_R numBytesInNALunit: 1547986
POC  139 TId: 0 ( I-SLICE, QP 26 )   12383888 bits [Y 99.9900 dB    U 99.9900 dB    V 99.9900 dB] [ET 22.08 ] [L0 ] [L1 ]
*** TRAIL_R numBytesInNALunit: 1548854
POC  140 TId: 0 ( I-SLICE, QP 26 )   12390832 bits [Y 99.9900 dB    U 99.9900 dB    V 99.9900 dB] [ET 21.98 ] [L0 ] [L1 ]
*** TRAIL_R numBytesInNALunit: 1546178
POC  141 TId: 0 ( I-SLICE, QP 26 )   12369424 bits [Y 99.9900 dB    U 99.9900 dB    V 99.9900 dB] [ET 22.42 ] [L0 ] [L1 ]
*** TRAIL_R numBytesInNALunit: 1545612
POC  142 TId: 0 ( I-SLICE, QP 26 )   12364896 bits [Y 99.9900 dB    U 99.9900 dB    V 99.9900 dB] [ET 22.36 ] [L0 ] [L1 ]
*** TRAIL_R numBytesInNALunit: 1544285
POC  143 TId: 0 ( I-SLICE, QP 26 )   12354280 bits [Y 99.9900 dB    U 99.9900 dB    V 99.9900 dB] [ET 22.39 ] [L0 ] [L1 ]
*** TRAIL_R numBytesInNALunit: 1540211
POC  144 TId: 0 ( I-SLICE, QP 26 )   12321688 bits [Y 99.9900 dB    U 99.9900 dB    V 99.9900 dB] [ET 22.34 ] [L0 ] [L1 ]
*** TRAIL_R numBytesInNALunit: 1540002
POC  145 TId: 0 ( I-SLICE, QP 26 )   12320016 bits [Y 99.9900 dB    U 99.9900 dB    V 99.9900 dB] [ET 22.58 ] [L0 ] [L1 ]
*** TRAIL_R numBytesInNALunit: 1542263
POC  146 TId: 0 ( I-SLICE, QP 26 )   12338104 bits [Y 99.9900 dB    U 99.9900 dB    V 99.9900 dB] [ET 22.45 ] [L0 ] [L1 ]
*** TRAIL_R numBytesInNALunit: 1545248
POC  147 TId: 0 ( I-SLICE, QP 26 )   12361984 bits [Y 99.9900 dB    U 99.9900 dB    V 99.9900 dB] [ET 22.39 ] [L0 ] [L1 ]
*** TRAIL_R numBytesInNALunit: 1545893
POC  148 TId: 0 ( I-SLICE, QP 26 )   12367144 bits [Y 99.9900 dB    U 99.9900 dB    V 99.9900 dB] [ET 22.09 ] [L0 ] [L1 ]
*** TRAIL_R numBytesInNALunit: 1546131
POC  149 TId: 0 ( I-SLICE, QP 26 )   12369048 bits [Y 99.9900 dB    U 99.9900 dB    V 99.9900 dB] [ET 22.11 ] [L0 ] [L1 ]
*** TRAIL_R numBytesInNALunit: 1544846
POC  150 TId: 0 ( I-SLICE, QP 26 )   12358768 bits [Y 99.9900 dB    U 99.9900 dB    V 99.9900 dB] [ET 22.08 ] [L0 ] [L1 ]
*** TRAIL_R numBytesInNALunit: 1543039
POC  151 TId: 0 ( I-SLICE, QP 26 )   12344312 bits [Y 99.9900 dB    U 99.9900 dB    V 99.9900 dB] [ET 22.09 ] [L0 ] [L1 ]
*** TRAIL_R numBytesInNALunit: 1543383
POC  152 TId: 0 ( I-SLICE, QP 26 )   12347064 bits [Y 99.9900 dB    U 99.9900 dB    V 99.9900 dB] [ET 22.45 ] [L0 ] [L1 ]
*** TRAIL_R numBytesInNALunit: 1546194
POC  153 TId: 0 ( I-SLICE, QP 26 )   12369552 bits [Y 99.9900 dB    U 99.9900 dB    V 99.9900 dB] [ET 22.36 ] [L0 ] [L1 ]
*** TRAIL_R numBytesInNALunit: 1547741
POC  154 TId: 0 ( I-SLICE, QP 26 )   12381928 bits [Y 99.9900 dB    U 99.9900 dB    V 99.9900 dB] [ET 22.23 ] [L0 ] [L1 ]
*** TRAIL_R numBytesInNALunit: 1546732
POC  155 TId: 0 ( I-SLICE, QP 26 )   12373856 bits [Y 99.9900 dB    U 99.9900 dB    V 99.9900 dB] [ET 22.36 ] [L0 ] [L1 ]
*** TRAIL_R numBytesInNALunit: 1542315
POC  156 TId: 0 ( I-SLICE, QP 26 )   12338520 bits [Y 99.9900 dB    U 99.9900 dB    V 99.9900 dB] [ET 22.55 ] [L0 ] [L1 ]
*** TRAIL_R numBytesInNALunit: 1541070
POC  157 TId: 0 ( I-SLICE, QP 26 )   12328560 bits [Y 99.9900 dB    U 99.9900 dB    V 99.9900 dB] [ET 22.23 ] [L0 ] [L1 ]
*** TRAIL_R numBytesInNALunit: 1541654
POC  158 TId: 0 ( I-SLICE, QP 26 )   12333232 bits [Y 99.9900 dB    U 99.9900 dB    V 99.9900 dB] [ET 22.77 ] [L0 ] [L1 ]
*** TRAIL_R numBytesInNALunit: 1543941
POC  159 TId: 0 ( I-SLICE, QP 26 )   12351528 bits [Y 99.9900 dB    U 99.9900 dB    V 99.9900 dB] [ET 22.53 ] [L0 ] [L1 ]
*** TRAIL_R numBytesInNALunit: 1543997
POC  160 TId: 0 ( I-SLICE, QP 26 )   12351976 bits [Y 99.9900 dB    U 99.9900 dB    V 99.9900 dB] [ET 22.44 ] [L0 ] [L1 ]
*** TRAIL_R numBytesInNALunit: 1542792
POC  161 TId: 0 ( I-SLICE, QP 26 )   12342336 bits [Y 99.9900 dB    U 99.9900 dB    V 99.9900 dB] [ET 22.20 ] [L0 ] [L1 ]
*** TRAIL_R numBytesInNALunit: 1538501
POC  162 TId: 0 ( I-SLICE, QP 26 )   12308008 bits [Y 99.9900 dB    U 99.9900 dB    V 99.9900 dB] [ET 22.91 ] [L0 ] [L1 ]
*** TRAIL_R numBytesInNALunit: 1538206
POC  163 TId: 0 ( I-SLICE, QP 26 )   12305648 bits [Y 99.9900 dB    U 99.9900 dB    V 99.9900 dB] [ET 22.64 ] [L0 ] [L1 ]
*** TRAIL_R numBytesInNALunit: 1539324
POC  164 TId: 0 ( I-SLICE, QP 26 )   12314592 bits [Y 99.9900 dB    U 99.9900 dB    V 99.9900 dB] [ET 22.38 ] [L0 ] [L1 ]
*** TRAIL_R numBytesInNALunit: 1535760
POC  165 TId: 0 ( I-SLICE, QP 26 )   12286080 bits [Y 99.9900 dB    U 99.9900 dB    V 99.9900 dB] [ET 22.56 ] [L0 ] [L1 ]
*** TRAIL_R numBytesInNALunit: 1532631
POC  166 TId: 0 ( I-SLICE, QP 26 )   12261048 bits [Y 99.9900 dB    U 99.9900 dB    V 99.9900 dB] [ET 22.70 ] [L0 ] [L1 ]
*** TRAIL_R numBytesInNALunit: 1532876
POC  167 TId: 0 ( I-SLICE, QP 26 )   12263008 bits [Y 99.9900 dB    U 99.9900 dB    V 99.9900 dB] [ET 22.66 ] [L0 ] [L1 ]
*** TRAIL_R numBytesInNALunit: 1535122
POC  168 TId: 0 ( I-SLICE, QP 26 )   12280976 bits [Y 99.9900 dB    U 99.9900 dB    V 99.9900 dB] [ET 22.59 ] [L0 ] [L1 ]
*** TRAIL_R numBytesInNALunit: 1534509
POC  169 TId: 0 ( I-SLICE, QP 26 )   12276072 bits [Y 99.9900 dB    U 99.9900 dB    V 99.9900 dB] [ET 22.61 ] [L0 ] [L1 ]
*** TRAIL_R numBytesInNALunit: 1532073
POC  170 TId: 0 ( I-SLICE, QP 26 )   12256584 bits [Y 99.9900 dB    U 99.9900 dB    V 99.9900 dB] [ET 22.34 ] [L0 ] [L1 ]
*** TRAIL_R numBytesInNALunit: 1530862
POC  171 TId: 0 ( I-SLICE, QP 26 )   12246896 bits [Y 99.9900 dB    U 99.9900 dB    V 99.9900 dB] [ET 22.28 ] [L0 ] [L1 ]
*** TRAIL_R numBytesInNALunit: 1529634
POC  172 TId: 0 ( I-SLICE, QP 26 )   12237072 bits [Y 99.9900 dB    U 99.9900 dB    V 99.9900 dB] [ET 22.39 ] [L0 ] [L1 ]
*** TRAIL_R numBytesInNALunit: 1527233
POC  173 TId: 0 ( I-SLICE, QP 26 )   12217864 bits [Y 99.9900 dB    U 99.9900 dB    V 99.9900 dB] [ET 22.28 ] [L0 ] [L1 ]
*** TRAIL_R numBytesInNALunit: 1526422
POC  174 TId: 0 ( I-SLICE, QP 26 )   12211376 bits [Y 99.9900 dB    U 99.9900 dB    V 99.9900 dB] [ET 22.20 ] [L0 ] [L1 ]
*** TRAIL_R numBytesInNALunit: 1528194
POC  175 TId: 0 ( I-SLICE, QP 26 )   12225552 bits [Y 99.9900 dB    U 99.9900 dB    V 99.9900 dB] [ET 22.39 ] [L0 ] [L1 ]
*** TRAIL_R numBytesInNALunit: 1528026
POC  176 TId: 0 ( I-SLICE, QP 26 )   12224208 bits [Y 99.9900 dB    U 99.9900 dB    V 99.9900 dB] [ET 22.00 ] [L0 ] [L1 ]
*** TRAIL_R numBytesInNALunit: 1527227
POC  177 TId: 0 ( I-SLICE, QP 26 )   12217816 bits [Y 99.9900 dB    U 99.9900 dB    V 99.9900 dB] [ET 22.50 ] [L0 ] [L1 ]
*** TRAIL_R numBytesInNALunit: 1523655
POC  178 TId: 0 ( I-SLICE, QP 26 )   12189240 bits [Y 99.9900 dB    U 99.9900 dB    V 99.9900 dB] [ET 22.47 ] [L0 ] [L1 ]
*** TRAIL_R numBytesInNALunit: 1523257
POC  179 TId: 0 ( I-SLICE, QP 26 )   12186056 bits [Y 99.9900 dB    U 99.9900 dB    V 99.9900 dB] [ET 22.58 ] [L0 ] [L1 ]
*** TRAIL_R numBytesInNALunit: 1522640
POC  180 TId: 0 ( I-SLICE, QP 26 )   12181120 bits [Y 99.9900 dB    U 99.9900 dB    V 99.9900 dB] [ET 22.88 ] [L0 ] [L1 ]
*** TRAIL_R numBytesInNALunit: 1523943
POC  181 TId: 0 ( I-SLICE, QP 26 )   12191544 bits [Y 99.9900 dB    U 99.9900 dB    V 99.9900 dB] [ET 22.45 ] [L0 ] [L1 ]
*** TRAIL_R numBytesInNALunit: 1523758
POC  182 TId: 0 ( I-SLICE, QP 26 )   12190064 bits [Y 99.9900 dB    U 99.9900 dB    V 99.9900 dB] [ET 22.31 ] [L0 ] [L1 ]
*** TRAIL_R numBytesInNALunit: 1523114
POC  183 TId: 0 ( I-SLICE, QP 26 )   12184912 bits [Y 99.9900 dB    U 99.9900 dB    V 99.9900 dB] [ET 22.45 ] [L0 ] [L1 ]
*** TRAIL_R numBytesInNALunit: 1521269
POC  184 TId: 0 ( I-SLICE, QP 26 )   12170152 bits [Y 99.9900 dB    U 99.9900 dB    V 99.9900 dB] [ET 22.66 ] [L0 ] [L1 ]
*** TRAIL_R numBytesInNALunit: 1521296
POC  185 TId: 0 ( I-SLICE, QP 26 )   12170368 bits [Y 99.9900 dB    U 99.9900 dB    V 99.9900 dB] [ET 22.58 ] [L0 ] [L1 ]
*** TRAIL_R numBytesInNALunit: 1519966
POC  186 TId: 0 ( I-SLICE, QP 26 )   12159728 bits [Y 99.9900 dB    U 99.9900 dB    V 99.9900 dB] [ET 22.58 ] [L0 ] [L1 ]
*** TRAIL_R numBytesInNALunit: 1520671
POC  187 TId: 0 ( I-SLICE, QP 26 )   12165368 bits [Y 99.9900 dB    U 99.9900 dB    V 99.9900 dB] [ET 22.34 ] [L0 ] [L1 ]
*** TRAIL_R numBytesInNALunit: 1521843
POC  188 TId: 0 ( I-SLICE, QP 26 )   12174744 bits [Y 99.9900 dB    U 99.9900 dB    V 99.9900 dB] [ET 22.50 ] [L0 ] [L1 ]
*** TRAIL_R numBytesInNALunit: 1522028
POC  189 TId: 0 ( I-SLICE, QP 26 )   12176224 bits [Y 99.9900 dB    U 99.9900 dB    V 99.9900 dB] [ET 22.31 ] [L0 ] [L1 ]
*** TRAIL_R numBytesInNALunit: 1520025
POC  190 TId: 0 ( I-SLICE, QP 26 )   12160200 bits [Y 99.9900 dB    U 99.9900 dB    V 99.9900 dB] [ET 22.47 ] [L0 ] [L1 ]
*** TRAIL_R numBytesInNALunit: 1519327
POC  191 TId: 0 ( I-SLICE, QP 26 )   12154616 bits [Y 99.9900 dB    U 99.9900 dB    V 99.9900 dB] [ET 22.64 ] [L0 ] [L1 ]
*** TRAIL_R numBytesInNALunit: 1518308
POC  192 TId: 0 ( I-SLICE, QP 26 )   12146464 bits [Y 99.9900 dB    U 99.9900 dB    V 99.9900 dB] [ET 22.62 ] [L0 ] [L1 ]
*** TRAIL_R numBytesInNALunit: 1518121
POC  193 TId: 0 ( I-SLICE, QP 26 )   12144968 bits [Y 99.9900 dB    U 99.9900 dB    V 99.9900 dB] [ET 22.61 ] [L0 ] [L1 ]
*** TRAIL_R numBytesInNALunit: 1517537
POC  194 TId: 0 ( I-SLICE, QP 26 )   12140296 bits [Y 99.9900 dB    U 99.9900 dB    V 99.9900 dB] [ET 22.58 ] [L0 ] [L1 ]
*** TRAIL_R numBytesInNALunit: 1514638
POC  195 TId: 0 ( I-SLICE, QP 26 )   12117104 bits [Y 99.9900 dB    U 99.9900 dB    V 99.9900 dB] [ET 22.27 ] [L0 ] [L1 ]
*** TRAIL_R numBytesInNALunit: 1513396
POC  196 TId: 0 ( I-SLICE, QP 26 )   12107168 bits [Y 99.9900 dB    U 99.9900 dB    V 99.9900 dB] [ET 22.25 ] [L0 ] [L1 ]
*** TRAIL_R numBytesInNALunit: 1514031
POC  197 TId: 0 ( I-SLICE, QP 26 )   12112248 bits [Y 99.9900 dB    U 99.9900 dB    V 99.9900 dB] [ET 22.39 ] [L0 ] [L1 ]
*** TRAIL_R numBytesInNALunit: 1514541
POC  198 TId: 0 ( I-SLICE, QP 26 )   12116328 bits [Y 99.9900 dB    U 99.9900 dB    V 99.9900 dB] [ET 22.23 ] [L0 ] [L1 ]
*** TRAIL_R numBytesInNALunit: 1514774
POC  199 TId: 0 ( I-SLICE, QP 26 )   12118192 bits [Y 99.9900 dB    U 99.9900 dB    V 99.9900 dB] [ET 22.39 ] [L0 ] [L1 ]
*** TRAIL_R numBytesInNALunit: 1511850
POC  200 TId: 0 ( I-SLICE, QP 26 )   12094800 bits [Y 99.9900 dB    U 99.9900 dB    V 99.9900 dB] [ET 22.62 ] [L0 ] [L1 ]
*** TRAIL_R numBytesInNALunit: 1512027
POC  201 TId: 0 ( I-SLICE, QP 26 )   12096216 bits [Y 99.9900 dB    U 99.9900 dB    V 99.9900 dB] [ET 22.69 ] [L0 ] [L1 ]
*** TRAIL_R numBytesInNALunit: 1510548
POC  202 TId: 0 ( I-SLICE, QP 26 )   12084384 bits [Y 99.9900 dB    U 99.9900 dB    V 99.9900 dB] [ET 22.69 ] [L0 ] [L1 ]
*** TRAIL_R numBytesInNALunit: 1509981
POC  203 TId: 0 ( I-SLICE, QP 26 )   12079848 bits [Y 99.9900 dB    U 99.9900 dB    V 99.9900 dB] [ET 22.50 ] [L0 ] [L1 ]
*** TRAIL_R numBytesInNALunit: 1510015
POC  204 TId: 0 ( I-SLICE, QP 26 )   12080120 bits [Y 99.9900 dB    U 99.9900 dB    V 99.9900 dB] [ET 22.28 ] [L0 ] [L1 ]
*** TRAIL_R numBytesInNALunit: 1510825
POC  205 TId: 0 ( I-SLICE, QP 26 )   12086600 bits [Y 99.9900 dB    U 99.9900 dB    V 99.9900 dB] [ET 22.83 ] [L0 ] [L1 ]
*** TRAIL_R numBytesInNALunit: 1512120
POC  206 TId: 0 ( I-SLICE, QP 26 )   12096960 bits [Y 99.9900 dB    U 99.9900 dB    V 99.9900 dB] [ET 22.31 ] [L0 ] [L1 ]
*** TRAIL_R numBytesInNALunit: 1512393
POC  207 TId: 0 ( I-SLICE, QP 26 )   12099144 bits [Y 99.9900 dB    U 99.9900 dB    V 99.9900 dB] [ET 22.38 ] [L0 ] [L1 ]
*** TRAIL_R numBytesInNALunit: 1513331
POC  208 TId: 0 ( I-SLICE, QP 26 )   12106648 bits [Y 99.9900 dB    U 99.9900 dB    V 99.9900 dB] [ET 22.41 ] [L0 ] [L1 ]
*** TRAIL_R numBytesInNALunit: 1511495
POC  209 TId: 0 ( I-SLICE, QP 26 )   12091960 bits [Y 99.9900 dB    U 99.9900 dB    V 99.9900 dB] [ET 22.50 ] [L0 ] [L1 ]
*** TRAIL_R numBytesInNALunit: 1511166
POC  210 TId: 0 ( I-SLICE, QP 26 )   12089328 bits [Y 99.9900 dB    U 99.9900 dB    V 99.9900 dB] [ET 22.56 ] [L0 ] [L1 ]
*** TRAIL_R numBytesInNALunit: 1513545
POC  211 TId: 0 ( I-SLICE, QP 26 )   12108360 bits [Y 99.9900 dB    U 99.9900 dB    V 99.9900 dB] [ET 22.41 ] [L0 ] [L1 ]
*** TRAIL_R numBytesInNALunit: 1515006
POC  212 TId: 0 ( I-SLICE, QP 26 )   12120048 bits [Y 99.9900 dB    U 99.9900 dB    V 99.9900 dB] [ET 22.59 ] [L0 ] [L1 ]
*** TRAIL_R numBytesInNALunit: 1515929
POC  213 TId: 0 ( I-SLICE, QP 26 )   12127432 bits [Y 99.9900 dB    U 99.9900 dB    V 99.9900 dB] [ET 22.83 ] [L0 ] [L1 ]
*** TRAIL_R numBytesInNALunit: 1512500
POC  214 TId: 0 ( I-SLICE, QP 26 )   12100000 bits [Y 99.9900 dB    U 99.9900 dB    V 99.9900 dB] [ET 34.11 ] [L0 ] [L1 ]
*** TRAIL_R numBytesInNALunit: 1511479
POC  215 TId: 0 ( I-SLICE, QP 26 )   12091832 bits [Y 99.9900 dB    U 99.9900 dB    V 99.9900 dB] [ET 53.33 ] [L0 ] [L1 ]
*** TRAIL_R numBytesInNALunit: 1514224
POC  216 TId: 0 ( I-SLICE, QP 26 )   12113792 bits [Y 99.9900 dB    U 99.9900 dB    V 99.9900 dB] [ET 53.34 ] [L0 ] [L1 ]
*** TRAIL_R numBytesInNALunit: 1517061
POC  217 TId: 0 ( I-SLICE, QP 26 )   12136488 bits [Y 99.9900 dB    U 99.9900 dB    V 99.9900 dB] [ET 53.30 ] [L0 ] [L1 ]
*** TRAIL_R numBytesInNALunit: 1516673
POC  218 TId: 0 ( I-SLICE, QP 26 )   12133384 bits [Y 99.9900 dB    U 99.9900 dB    V 99.9900 dB] [ET 52.75 ] [L0 ] [L1 ]
*** TRAIL_R numBytesInNALunit: 1516599
POC  219 TId: 0 ( I-SLICE, QP 26 )   12132792 bits [Y 99.9900 dB    U 99.9900 dB    V 99.9900 dB] [ET 53.11 ] [L0 ] [L1 ]
*** TRAIL_R numBytesInNALunit: 1514506
POC  220 TId: 0 ( I-SLICE, QP 26 )   12116048 bits [Y 99.9900 dB    U 99.9900 dB    V 99.9900 dB] [ET 52.48 ] [L0 ] [L1 ]
*** TRAIL_R numBytesInNALunit: 1516456
POC  221 TId: 0 ( I-SLICE, QP 26 )   12131648 bits [Y 99.9900 dB    U 99.9900 dB    V 99.9900 dB] [ET 53.61 ] [L0 ] [L1 ]
*** TRAIL_R numBytesInNALunit: 1517212
POC  222 TId: 0 ( I-SLICE, QP 26 )   12137696 bits [Y 99.9900 dB    U 99.9900 dB    V 99.9900 dB] [ET 52.81 ] [L0 ] [L1 ]
*** TRAIL_R numBytesInNALunit: 1517749
POC  223 TId: 0 ( I-SLICE, QP 26 )   12141992 bits [Y 99.9900 dB    U 99.9900 dB    V 99.9900 dB] [ET 52.53 ] [L0 ] [L1 ]
*** TRAIL_R numBytesInNALunit: 1516989
POC  224 TId: 0 ( I-SLICE, QP 26 )   12135912 bits [Y 99.9900 dB    U 99.9900 dB    V 99.9900 dB] [ET 52.61 ] [L0 ] [L1 ]
*** TRAIL_R numBytesInNALunit: 1518904
POC  225 TId: 0 ( I-SLICE, QP 26 )   12151232 bits [Y 99.9900 dB    U 99.9900 dB    V 99.9900 dB] [ET 52.23 ] [L0 ] [L1 ]
*** TRAIL_R numBytesInNALunit: 1520271
POC  226 TId: 0 ( I-SLICE, QP 26 )   12162168 bits [Y 99.9900 dB    U 99.9900 dB    V 99.9900 dB] [ET 53.20 ] [L0 ] [L1 ]
*** TRAIL_R numBytesInNALunit: 1519757
POC  227 TId: 0 ( I-SLICE, QP 26 )   12158056 bits [Y 99.9900 dB    U 99.9900 dB    V 99.9900 dB] [ET 53.23 ] [L0 ] [L1 ]
*** TRAIL_R numBytesInNALunit: 1516792
POC  228 TId: 0 ( I-SLICE, QP 26 )   12134336 bits [Y 99.9900 dB    U 99.9900 dB    V 99.9900 dB] [ET 52.38 ] [L0 ] [L1 ]
*** TRAIL_R numBytesInNALunit: 1517812
POC  229 TId: 0 ( I-SLICE, QP 26 )   12142496 bits [Y 99.9900 dB    U 99.9900 dB    V 99.9900 dB] [ET 52.64 ] [L0 ] [L1 ]
*** TRAIL_R numBytesInNALunit: 1520250
POC  230 TId: 0 ( I-SLICE, QP 26 )   12162000 bits [Y 99.9900 dB    U 99.9900 dB    V 99.9900 dB] [ET 53.45 ] [L0 ] [L1 ]
*** TRAIL_R numBytesInNALunit: 1521392
POC  231 TId: 0 ( I-SLICE, QP 26 )   12171136 bits [Y 99.9900 dB    U 99.9900 dB    V 99.9900 dB] [ET 53.08 ] [L0 ] [L1 ]
*** TRAIL_R numBytesInNALunit: 1521284
POC  232 TId: 0 ( I-SLICE, QP 26 )   12170272 bits [Y 99.9900 dB    U 99.9900 dB    V 99.9900 dB] [ET 44.58 ] [L0 ] [L1 ]
*** TRAIL_R numBytesInNALunit: 1521633
POC  233 TId: 0 ( I-SLICE, QP 26 )   12173064 bits [Y 99.9900 dB    U 99.9900 dB    V 99.9900 dB] [ET 22.16 ] [L0 ] [L1 ]
*** TRAIL_R numBytesInNALunit: 1524720
POC  234 TId: 0 ( I-SLICE, QP 26 )   12197760 bits [Y 99.9900 dB    U 99.9900 dB    V 99.9900 dB] [ET 22.61 ] [L0 ] [L1 ]
*** TRAIL_R numBytesInNALunit: 1525559
POC  235 TId: 0 ( I-SLICE, QP 26 )   12204472 bits [Y 99.9900 dB    U 99.9900 dB    V 99.9900 dB] [ET 23.20 ] [L0 ] [L1 ]
*** TRAIL_R numBytesInNALunit: 1524403
POC  236 TId: 0 ( I-SLICE, QP 26 )   12195224 bits [Y 99.9900 dB    U 99.9900 dB    V 99.9900 dB] [ET 22.47 ] [L0 ] [L1 ]
*** TRAIL_R numBytesInNALunit: 1525440
POC  237 TId: 0 ( I-SLICE, QP 26 )   12203520 bits [Y 99.9900 dB    U 99.9900 dB    V 99.9900 dB] [ET 22.44 ] [L0 ] [L1 ]
*** TRAIL_R numBytesInNALunit: 1524610
POC  238 TId: 0 ( I-SLICE, QP 26 )   12196880 bits [Y 99.9900 dB    U 99.9900 dB    V 99.9900 dB] [ET 22.53 ] [L0 ] [L1 ]
*** TRAIL_R numBytesInNALunit: 1525856
POC  239 TId: 0 ( I-SLICE, QP 26 )   12206848 bits [Y 99.9900 dB    U 99.9900 dB    V 99.9900 dB] [ET 22.25 ] [L0 ] [L1 ]
*** TRAIL_R numBytesInNALunit: 1526593
POC  240 TId: 0 ( I-SLICE, QP 26 )   12212744 bits [Y 99.9900 dB    U 99.9900 dB    V 99.9900 dB] [ET 22.25 ] [L0 ] [L1 ]
*** TRAIL_R numBytesInNALunit: 1528654
POC  241 TId: 0 ( I-SLICE, QP 26 )   12229232 bits [Y 99.9900 dB    U 99.9900 dB    V 99.9900 dB] [ET 22.39 ] [L0 ] [L1 ]
*** TRAIL_R numBytesInNALunit: 1529982
POC  242 TId: 0 ( I-SLICE, QP 26 )   12239856 bits [Y 99.9900 dB    U 99.9900 dB    V 99.9900 dB] [ET 23.05 ] [L0 ] [L1 ]
*** TRAIL_R numBytesInNALunit: 1531257
POC  243 TId: 0 ( I-SLICE, QP 26 )   12250056 bits [Y 99.9900 dB    U 99.9900 dB    V 99.9900 dB] [ET 22.86 ] [L0 ] [L1 ]
*** TRAIL_R numBytesInNALunit: 1531362
POC  244 TId: 0 ( I-SLICE, QP 26 )   12250896 bits [Y 99.9900 dB    U 99.9900 dB    V 99.9900 dB] [ET 22.69 ] [L0 ] [L1 ]
*** TRAIL_R numBytesInNALunit: 1535446
POC  245 TId: 0 ( I-SLICE, QP 26 )   12283568 bits [Y 99.9900 dB    U 99.9900 dB    V 99.9900 dB] [ET 22.91 ] [L0 ] [L1 ]
*** TRAIL_R numBytesInNALunit: 1536319
POC  246 TId: 0 ( I-SLICE, QP 26 )   12290552 bits [Y 99.9900 dB    U 99.9900 dB    V 99.9900 dB] [ET 22.52 ] [L0 ] [L1 ]
*** TRAIL_R numBytesInNALunit: 1537153
POC  247 TId: 0 ( I-SLICE, QP 26 )   12297224 bits [Y 99.9900 dB    U 99.9900 dB    V 99.9900 dB] [ET 22.58 ] [L0 ] [L1 ]
*** TRAIL_R numBytesInNALunit: 1538666
POC  248 TId: 0 ( I-SLICE, QP 26 )   12309328 bits [Y 99.9900 dB    U 99.9900 dB    V 99.9900 dB] [ET 22.47 ] [L0 ] [L1 ]
*** TRAIL_R numBytesInNALunit: 1541604
POC  249 TId: 0 ( I-SLICE, QP 26 )   12332832 bits [Y 99.9900 dB    U 99.9900 dB    V 99.9900 dB] [ET 22.41 ] [L0 ] [L1 ]
*** TRAIL_R numBytesInNALunit: 1543606
POC  250 TId: 0 ( I-SLICE, QP 26 )   12348848 bits [Y 99.9900 dB    U 99.9900 dB    V 99.9900 dB] [ET 22.36 ] [L0 ] [L1 ]
*** TRAIL_R numBytesInNALunit: 1543656
POC  251 TId: 0 ( I-SLICE, QP 26 )   12349248 bits [Y 99.9900 dB    U 99.9900 dB    V 99.9900 dB] [ET 22.33 ] [L0 ] [L1 ]
*** TRAIL_R numBytesInNALunit: 1544035
POC  252 TId: 0 ( I-SLICE, QP 26 )   12352280 bits [Y 99.9900 dB    U 99.9900 dB    V 99.9900 dB] [ET 22.69 ] [L0 ] [L1 ]
*** TRAIL_R numBytesInNALunit: 1547506
POC  253 TId: 0 ( I-SLICE, QP 26 )   12380048 bits [Y 99.9900 dB    U 99.9900 dB    V 99.9900 dB] [ET 22.45 ] [L0 ] [L1 ]
*** TRAIL_R numBytesInNALunit: 1550249
POC  254 TId: 0 ( I-SLICE, QP 26 )   12401992 bits [Y 99.9900 dB    U 99.9900 dB    V 99.9900 dB] [ET 22.42 ] [L0 ] [L1 ]
*** TRAIL_R numBytesInNALunit: 1550672
POC  255 TId: 0 ( I-SLICE, QP 26 )   12405376 bits [Y 99.9900 dB    U 99.9900 dB    V 99.9900 dB] [ET 22.66 ] [L0 ] [L1 ]
*** TRAIL_R numBytesInNALunit: 1549159
POC  256 TId: 0 ( I-SLICE, QP 26 )   12393272 bits [Y 99.9900 dB    U 99.9900 dB    V 99.9900 dB] [ET 22.67 ] [L0 ] [L1 ]
*** TRAIL_R numBytesInNALunit: 1550524
POC  257 TId: 0 ( I-SLICE, QP 26 )   12404192 bits [Y 99.9900 dB    U 99.9900 dB    V 99.9900 dB] [ET 22.27 ] [L0 ] [L1 ]
*** TRAIL_R numBytesInNALunit: 1554400
POC  258 TId: 0 ( I-SLICE, QP 26 )   12435200 bits [Y 99.9900 dB    U 99.9900 dB    V 99.9900 dB] [ET 22.45 ] [L0 ] [L1 ]
*** TRAIL_R numBytesInNALunit: 1556435
POC  259 TId: 0 ( I-SLICE, QP 26 )   12451480 bits [Y 99.9900 dB    U 99.9900 dB    V 99.9900 dB] [ET 22.53 ] [L0 ] [L1 ]
*** TRAIL_R numBytesInNALunit: 1556484
POC  260 TId: 0 ( I-SLICE, QP 26 )   12451872 bits [Y 99.9900 dB    U 99.9900 dB    V 99.9900 dB] [ET 22.48 ] [L0 ] [L1 ]
*** TRAIL_R numBytesInNALunit: 1556342
POC  261 TId: 0 ( I-SLICE, QP 26 )   12450736 bits [Y 99.9900 dB    U 99.9900 dB    V 99.9900 dB] [ET 22.66 ] [L0 ] [L1 ]
*** TRAIL_R numBytesInNALunit: 1557690
POC  262 TId: 0 ( I-SLICE, QP 26 )   12461520 bits [Y 99.9900 dB    U 99.9900 dB    V 99.9900 dB] [ET 22.41 ] [L0 ] [L1 ]
*** TRAIL_R numBytesInNALunit: 1560386
POC  263 TId: 0 ( I-SLICE, QP 26 )   12483088 bits [Y 99.9900 dB    U 99.9900 dB    V 99.9900 dB] [ET 22.64 ] [L0 ] [L1 ]
*** TRAIL_R numBytesInNALunit: 1561218
POC  264 TId: 0 ( I-SLICE, QP 26 )   12489744 bits [Y 99.9900 dB    U 99.9900 dB    V 99.9900 dB] [ET 22.17 ] [L0 ] [L1 ]
*** TRAIL_R numBytesInNALunit: 1560767
POC  265 TId: 0 ( I-SLICE, QP 26 )   12486136 bits [Y 99.9900 dB    U 99.9900 dB    V 99.9900 dB] [ET 22.53 ] [L0 ] [L1 ]
*** TRAIL_R numBytesInNALunit: 1562357
POC  266 TId: 0 ( I-SLICE, QP 26 )   12498856 bits [Y 99.9900 dB    U 99.9900 dB    V 99.9900 dB] [ET 22.81 ] [L0 ] [L1 ]
*** TRAIL_R numBytesInNALunit: 1564661
POC  267 TId: 0 ( I-SLICE, QP 26 )   12517288 bits [Y 99.9900 dB    U 99.9900 dB    V 99.9900 dB] [ET 22.61 ] [L0 ] [L1 ]
*** TRAIL_R numBytesInNALunit: 1566655
POC  268 TId: 0 ( I-SLICE, QP 26 )   12533240 bits [Y 99.9900 dB    U 99.9900 dB    V 99.9900 dB] [ET 22.30 ] [L0 ] [L1 ]
*** TRAIL_R numBytesInNALunit: 1568190
POC  269 TId: 0 ( I-SLICE, QP 26 )   12545520 bits [Y 99.9900 dB    U 99.9900 dB    V 99.9900 dB] [ET 22.66 ] [L0 ] [L1 ]
*** TRAIL_R numBytesInNALunit: 1566662
POC  270 TId: 0 ( I-SLICE, QP 26 )   12533296 bits [Y 99.9900 dB    U 99.9900 dB    V 99.9900 dB] [ET 22.48 ] [L0 ] [L1 ]
*** TRAIL_R numBytesInNALunit: 1566682
POC  271 TId: 0 ( I-SLICE, QP 26 )   12533456 bits [Y 99.9900 dB    U 99.9900 dB    V 99.9900 dB] [ET 22.70 ] [L0 ] [L1 ]
*** TRAIL_R numBytesInNALunit: 1568123
POC  272 TId: 0 ( I-SLICE, QP 26 )   12544984 bits [Y 99.9900 dB    U 99.9900 dB    V 99.9900 dB] [ET 22.44 ] [L0 ] [L1 ]
*** TRAIL_R numBytesInNALunit: 1570654
POC  273 TId: 0 ( I-SLICE, QP 26 )   12565232 bits [Y 99.9900 dB    U 99.9900 dB    V 99.9900 dB] [ET 22.67 ] [L0 ] [L1 ]
*** TRAIL_R numBytesInNALunit: 1575780
POC  274 TId: 0 ( I-SLICE, QP 26 )   12606240 bits [Y 99.9900 dB    U 99.9900 dB    V 99.9900 dB] [ET 22.66 ] [L0 ] [L1 ]
*** TRAIL_R numBytesInNALunit: 1576203
POC  275 TId: 0 ( I-SLICE, QP 26 )   12609624 bits [Y 99.9900 dB    U 99.9900 dB    V 99.9900 dB] [ET 22.97 ] [L0 ] [L1 ]
*** TRAIL_R numBytesInNALunit: 1576279
POC  276 TId: 0 ( I-SLICE, QP 26 )   12610232 bits [Y 99.9900 dB    U 99.9900 dB    V 99.9900 dB] [ET 22.61 ] [L0 ] [L1 ]
*** TRAIL_R numBytesInNALunit: 1576432
POC  277 TId: 0 ( I-SLICE, QP 26 )   12611456 bits [Y 99.9900 dB    U 99.9900 dB    V 99.9900 dB] [ET 22.64 ] [L0 ] [L1 ]
*** TRAIL_R numBytesInNALunit: 1578065
POC  278 TId: 0 ( I-SLICE, QP 26 )   12624520 bits [Y 99.9900 dB    U 99.9900 dB    V 99.9900 dB] [ET 22.56 ] [L0 ] [L1 ]
*** TRAIL_R numBytesInNALunit: 1581430
POC  279 TId: 0 ( I-SLICE, QP 26 )   12651440 bits [Y 99.9900 dB    U 99.9900 dB    V 99.9900 dB] [ET 22.92 ] [L0 ] [L1 ]
*** TRAIL_R numBytesInNALunit: 1582542
POC  280 TId: 0 ( I-SLICE, QP 26 )   12660336 bits [Y 99.9900 dB    U 99.9900 dB    V 99.9900 dB] [ET 22.34 ] [L0 ] [L1 ]
*** TRAIL_R numBytesInNALunit: 1581583
POC  281 TId: 0 ( I-SLICE, QP 26 )   12652664 bits [Y 99.9900 dB    U 99.9900 dB    V 99.9900 dB] [ET 22.81 ] [L0 ] [L1 ]
*** TRAIL_R numBytesInNALunit: 1582435
POC  282 TId: 0 ( I-SLICE, QP 26 )   12659480 bits [Y 99.9900 dB    U 99.9900 dB    V 99.9900 dB] [ET 22.83 ] [L0 ] [L1 ]
*** TRAIL_R numBytesInNALunit: 1584618
POC  283 TId: 0 ( I-SLICE, QP 26 )   12676944 bits [Y 99.9900 dB    U 99.9900 dB    V 99.9900 dB] [ET 22.98 ] [L0 ] [L1 ]
*** TRAIL_R numBytesInNALunit: 1586711
POC  284 TId: 0 ( I-SLICE, QP 26 )   12693688 bits [Y 99.9900 dB    U 99.9900 dB    V 99.9900 dB] [ET 22.70 ] [L0 ] [L1 ]
*** TRAIL_R numBytesInNALunit: 1588424
POC  285 TId: 0 ( I-SLICE, QP 26 )   12707392 bits [Y 99.9900 dB    U 99.9900 dB    V 99.9900 dB] [ET 22.53 ] [L0 ] [L1 ]
*** TRAIL_R numBytesInNALunit: 1589146
POC  286 TId: 0 ( I-SLICE, QP 26 )   12713168 bits [Y 99.9900 dB    U 99.9900 dB    V 99.9900 dB] [ET 22.48 ] [L0 ] [L1 ]
*** TRAIL_R numBytesInNALunit: 1590646
POC  287 TId: 0 ( I-SLICE, QP 26 )   12725168 bits [Y 99.9900 dB    U 99.9900 dB    V 99.9900 dB] [ET 22.78 ] [L0 ] [L1 ]
*** TRAIL_R numBytesInNALunit: 1593707
POC  288 TId: 0 ( I-SLICE, QP 26 )   12749656 bits [Y 99.9900 dB    U 99.9900 dB    V 99.9900 dB] [ET 22.81 ] [L0 ] [L1 ]
*** TRAIL_R numBytesInNALunit: 1595384
POC  289 TId: 0 ( I-SLICE, QP 26 )   12763072 bits [Y 99.9900 dB    U 99.9900 dB    V 99.9900 dB] [ET 22.25 ] [L0 ] [L1 ]
*** TRAIL_R numBytesInNALunit: 1595514
POC  290 TId: 0 ( I-SLICE, QP 26 )   12764112 bits [Y 99.9900 dB    U 99.9900 dB    V 99.9900 dB] [ET 22.53 ] [L0 ] [L1 ]
*** TRAIL_R numBytesInNALunit: 1596623
POC  291 TId: 0 ( I-SLICE, QP 26 )   12772984 bits [Y 99.9900 dB    U 99.9900 dB    V 99.9900 dB] [ET 22.17 ] [L0 ] [L1 ]
*** TRAIL_R numBytesInNALunit: 1598860
POC  292 TId: 0 ( I-SLICE, QP 26 )   12790880 bits [Y 99.9900 dB    U 99.9900 dB    V 99.9900 dB] [ET 22.69 ] [L0 ] [L1 ]
*** TRAIL_R numBytesInNALunit: 1601535
POC  293 TId: 0 ( I-SLICE, QP 26 )   12812280 bits [Y 99.9900 dB    U 99.9900 dB    V 99.9900 dB] [ET 22.69 ] [L0 ] [L1 ]
*** TRAIL_R numBytesInNALunit: 1602902
POC  294 TId: 0 ( I-SLICE, QP 26 )   12823216 bits [Y 99.9900 dB    U 99.9900 dB    V 99.9900 dB] [ET 22.66 ] [L0 ] [L1 ]
*** TRAIL_R numBytesInNALunit: 1604124
POC  295 TId: 0 ( I-SLICE, QP 26 )   12832992 bits [Y 99.9900 dB    U 99.9900 dB    V 99.9900 dB] [ET 22.73 ] [L0 ] [L1 ]
*** TRAIL_R numBytesInNALunit: 1606341
POC  296 TId: 0 ( I-SLICE, QP 26 )   12850728 bits [Y 99.9900 dB    U 99.9900 dB    V 99.9900 dB] [ET 22.23 ] [L0 ] [L1 ]
*** TRAIL_R numBytesInNALunit: 1609037
POC  297 TId: 0 ( I-SLICE, QP 26 )   12872296 bits [Y 99.9900 dB    U 99.9900 dB    V 99.9900 dB] [ET 22.48 ] [L0 ] [L1 ]
*** TRAIL_R numBytesInNALunit: 1610492
POC  298 TId: 0 ( I-SLICE, QP 26 )   12883936 bits [Y 99.9900 dB    U 99.9900 dB    V 99.9900 dB] [ET 22.50 ] [L0 ] [L1 ]
*** TRAIL_R numBytesInNALunit: 1613903
POC  299 TId: 0 ( I-SLICE, QP 26 )   12911224 bits [Y 99.9900 dB    U 99.9900 dB    V 99.9900 dB] [ET 22.97 ] [L0 ] [L1 ]
*** TRAIL_R numBytesInNALunit: 1617323
POC  300 TId: 0 ( I-SLICE, QP 26 )   12938584 bits [Y 99.9900 dB    U 99.9900 dB    V 99.9900 dB] [ET 22.77 ] [L0 ] [L1 ]
*** TRAIL_R numBytesInNALunit: 1620945
POC  301 TId: 0 ( I-SLICE, QP 26 )   12967560 bits [Y 99.9900 dB    U 99.9900 dB    V 99.9900 dB] [ET 22.69 ] [L0 ] [L1 ]
*** TRAIL_R numBytesInNALunit: 1622045
POC  302 TId: 0 ( I-SLICE, QP 26 )   12976360 bits [Y 99.9900 dB    U 99.9900 dB    V 99.9900 dB] [ET 22.58 ] [L0 ] [L1 ]
*** TRAIL_R numBytesInNALunit: 1625186
POC  303 TId: 0 ( I-SLICE, QP 26 )   13001488 bits [Y 99.9900 dB    U 99.9900 dB    V 99.9900 dB] [ET 22.38 ] [L0 ] [L1 ]
*** TRAIL_R numBytesInNALunit: 1630723
POC  304 TId: 0 ( I-SLICE, QP 26 )   13045784 bits [Y 99.9900 dB    U 99.9900 dB    V 99.9900 dB] [ET 22.41 ] [L0 ] [L1 ]
*** TRAIL_R numBytesInNALunit: 1631367
POC  305 TId: 0 ( I-SLICE, QP 26 )   13050936 bits [Y 99.9900 dB    U 99.9900 dB    V 99.9900 dB] [ET 22.55 ] [L0 ] [L1 ]
*** TRAIL_R numBytesInNALunit: 1629164
POC  306 TId: 0 ( I-SLICE, QP 26 )   13033312 bits [Y 99.9900 dB    U 99.9900 dB    V 99.9900 dB] [ET 22.67 ] [L0 ] [L1 ]
*** TRAIL_R numBytesInNALunit: 1628880
POC  307 TId: 0 ( I-SLICE, QP 26 )   13031040 bits [Y 99.9900 dB    U 99.9900 dB    V 99.9900 dB] [ET 22.73 ] [L0 ] [L1 ]
*** TRAIL_R numBytesInNALunit: 1632927
POC  308 TId: 0 ( I-SLICE, QP 26 )   13063416 bits [Y 99.9900 dB    U 99.9900 dB    V 99.9900 dB] [ET 22.70 ] [L0 ] [L1 ]
*** TRAIL_R numBytesInNALunit: 1637120
POC  309 TId: 0 ( I-SLICE, QP 26 )   13096960 bits [Y 99.9900 dB    U 99.9900 dB    V 99.9900 dB] [ET 22.42 ] [L0 ] [L1 ]
*** TRAIL_R numBytesInNALunit: 1637319
POC  310 TId: 0 ( I-SLICE, QP 26 )   13098552 bits [Y 99.9900 dB    U 99.9900 dB    V 99.9900 dB] [ET 22.61 ] [L0 ] [L1 ]
*** TRAIL_R numBytesInNALunit: 1639259
POC  311 TId: 0 ( I-SLICE, QP 26 )   13114072 bits [Y 99.9900 dB    U 99.9900 dB    V 99.9900 dB] [ET 22.52 ] [L0 ] [L1 ]
*** TRAIL_R numBytesInNALunit: 1640002
POC  312 TId: 0 ( I-SLICE, QP 26 )   13120016 bits [Y 99.9900 dB    U 99.9900 dB    V 99.9900 dB] [ET 22.77 ] [L0 ] [L1 ]
*** TRAIL_R numBytesInNALunit: 1643860
POC  313 TId: 0 ( I-SLICE, QP 26 )   13150880 bits [Y 99.9900 dB    U 99.9900 dB    V 99.9900 dB] [ET 22.50 ] [L0 ] [L1 ]
*** TRAIL_R numBytesInNALunit: 1648600
POC  314 TId: 0 ( I-SLICE, QP 26 )   13188800 bits [Y 99.9900 dB    U 99.9900 dB    V 99.9900 dB] [ET 22.92 ] [L0 ] [L1 ]
*** TRAIL_R numBytesInNALunit: 1651852
POC  315 TId: 0 ( I-SLICE, QP 26 )   13214816 bits [Y 99.9900 dB    U 99.9900 dB    V 99.9900 dB] [ET 22.45 ] [L0 ] [L1 ]
*** TRAIL_R numBytesInNALunit: 1653999
POC  316 TId: 0 ( I-SLICE, QP 26 )   13231992 bits [Y 99.9900 dB    U 99.9900 dB    V 99.9900 dB] [ET 22.77 ] [L0 ] [L1 ]
*** TRAIL_R numBytesInNALunit: 1654149
POC  317 TId: 0 ( I-SLICE, QP 26 )   13233192 bits [Y 99.9900 dB    U 99.9900 dB    V 99.9900 dB] [ET 22.70 ] [L0 ] [L1 ]
*** TRAIL_R numBytesInNALunit: 1655061
POC  318 TId: 0 ( I-SLICE, QP 26 )   13240488 bits [Y 99.9900 dB    U 99.9900 dB    V 99.9900 dB] [ET 22.66 ] [L0 ] [L1 ]
*** TRAIL_R numBytesInNALunit: 1658096
POC  319 TId: 0 ( I-SLICE, QP 26 )   13264768 bits [Y 99.9900 dB    U 99.9900 dB    V 99.9900 dB] [ET 22.77 ] [L0 ] [L1 ]
*** TRAIL_R numBytesInNALunit: 1660888
POC  320 TId: 0 ( I-SLICE, QP 26 )   13287104 bits [Y 99.9900 dB    U 99.9900 dB    V 99.9900 dB] [ET 22.33 ] [L0 ] [L1 ]
*** TRAIL_R numBytesInNALunit: 1663258
POC  321 TId: 0 ( I-SLICE, QP 26 )   13306064 bits [Y 99.9900 dB    U 99.9900 dB    V 99.9900 dB] [ET 22.47 ] [L0 ] [L1 ]
*** TRAIL_R numBytesInNALunit: 1665543
POC  322 TId: 0 ( I-SLICE, QP 26 )   13324344 bits [Y 99.9900 dB    U 99.9900 dB    V 99.9900 dB] [ET 22.56 ] [L0 ] [L1 ]
*** TRAIL_R numBytesInNALunit: 1667560
POC  323 TId: 0 ( I-SLICE, QP 26 )   13340480 bits [Y 99.9900 dB    U 99.9900 dB    V 99.9900 dB] [ET 22.55 ] [L0 ] [L1 ]
*** TRAIL_R numBytesInNALunit: 1669086
POC  324 TId: 0 ( I-SLICE, QP 26 )   13352688 bits [Y 99.9900 dB    U 99.9900 dB    V 99.9900 dB] [ET 22.67 ] [L0 ] [L1 ]
*** TRAIL_R numBytesInNALunit: 1670364
POC  325 TId: 0 ( I-SLICE, QP 26 )   13362912 bits [Y 99.9900 dB    U 99.9900 dB    V 99.9900 dB] [ET 22.66 ] [L0 ] [L1 ]
*** TRAIL_R numBytesInNALunit: 1671749
POC  326 TId: 0 ( I-SLICE, QP 26 )   13373992 bits [Y 99.9900 dB    U 99.9900 dB    V 99.9900 dB] [ET 22.73 ] [L0 ] [L1 ]
*** TRAIL_R numBytesInNALunit: 1673562
POC  327 TId: 0 ( I-SLICE, QP 26 )   13388496 bits [Y 99.9900 dB    U 99.9900 dB    V 99.9900 dB] [ET 22.66 ] [L0 ] [L1 ]
*** TRAIL_R numBytesInNALunit: 1674556
POC  328 TId: 0 ( I-SLICE, QP 26 )   13396448 bits [Y 99.9900 dB    U 99.9900 dB    V 99.9900 dB] [ET 22.69 ] [L0 ] [L1 ]
*** TRAIL_R numBytesInNALunit: 1676721
POC  329 TId: 0 ( I-SLICE, QP 26 )   13413768 bits [Y 99.9900 dB    U 99.9900 dB    V 99.9900 dB] [ET 22.91 ] [L0 ] [L1 ]
*** TRAIL_R numBytesInNALunit: 1678582
POC  330 TId: 0 ( I-SLICE, QP 26 )   13428656 bits [Y 99.9900 dB    U 99.9900 dB    V 99.9900 dB] [ET 22.88 ] [L0 ] [L1 ]
*** TRAIL_R numBytesInNALunit: 1680336
POC  331 TId: 0 ( I-SLICE, QP 26 )   13442688 bits [Y 99.9900 dB    U 99.9900 dB    V 99.9900 dB] [ET 22.78 ] [L0 ] [L1 ]
*** TRAIL_R numBytesInNALunit: 1678970
POC  332 TId: 0 ( I-SLICE, QP 26 )   13431760 bits [Y 99.9900 dB    U 99.9900 dB    V 99.9900 dB] [ET 23.08 ] [L0 ] [L1 ]
*** TRAIL_R numBytesInNALunit: 1677471
POC  333 TId: 0 ( I-SLICE, QP 26 )   13419768 bits [Y 99.9900 dB    U 99.9900 dB    V 99.9900 dB] [ET 22.72 ] [L0 ] [L1 ]
*** TRAIL_R numBytesInNALunit: 1682873
POC  334 TId: 0 ( I-SLICE, QP 26 )   13462984 bits [Y 99.9900 dB    U 99.9900 dB    V 99.9900 dB] [ET 22.34 ] [L0 ] [L1 ]
*** TRAIL_R numBytesInNALunit: 1686254
POC  335 TId: 0 ( I-SLICE, QP 26 )   13490032 bits [Y 99.9900 dB    U 99.9900 dB    V 99.9900 dB] [ET 22.66 ] [L0 ] [L1 ]
*** TRAIL_R numBytesInNALunit: 1685562
POC  336 TId: 0 ( I-SLICE, QP 26 )   13484496 bits [Y 99.9900 dB    U 99.9900 dB    V 99.9900 dB] [ET 22.59 ] [L0 ] [L1 ]
*** TRAIL_R numBytesInNALunit: 1682284
POC  337 TId: 0 ( I-SLICE, QP 26 )   13458272 bits [Y 99.9900 dB    U 99.9900 dB    V 99.9900 dB] [ET 22.41 ] [L0 ] [L1 ]
*** TRAIL_R numBytesInNALunit: 1680464
POC  338 TId: 0 ( I-SLICE, QP 26 )   13443712 bits [Y 99.9900 dB    U 99.9900 dB    V 99.9900 dB] [ET 22.66 ] [L0 ] [L1 ]
*** TRAIL_R numBytesInNALunit: 1683456
POC  339 TId: 0 ( I-SLICE, QP 26 )   13467648 bits [Y 99.9900 dB    U 99.9900 dB    V 99.9900 dB] [ET 22.48 ] [L0 ] [L1 ]
*** TRAIL_R numBytesInNALunit: 1686169
POC  340 TId: 0 ( I-SLICE, QP 26 )   13489352 bits [Y 99.9900 dB    U 99.9900 dB    V 99.9900 dB] [ET 23.09 ] [L0 ] [L1 ]
*** TRAIL_R numBytesInNALunit: 1687664
POC  341 TId: 0 ( I-SLICE, QP 26 )   13501312 bits [Y 99.9900 dB    U 99.9900 dB    V 99.9900 dB] [ET 23.03 ] [L0 ] [L1 ]
*** TRAIL_R numBytesInNALunit: 1688786
POC  342 TId: 0 ( I-SLICE, QP 26 )   13510288 bits [Y 99.9900 dB    U 99.9900 dB    V 99.9900 dB] [ET 22.97 ] [L0 ] [L1 ]
*** TRAIL_R numBytesInNALunit: 1688712
POC  343 TId: 0 ( I-SLICE, QP 26 )   13509696 bits [Y 99.9900 dB    U 99.9900 dB    V 99.9900 dB] [ET 22.84 ] [L0 ] [L1 ]
*** TRAIL_R numBytesInNALunit: 1688622
POC  344 TId: 0 ( I-SLICE, QP 26 )   13508976 bits [Y 99.9900 dB    U 99.9900 dB    V 99.9900 dB] [ET 22.72 ] [L0 ] [L1 ]
*** TRAIL_R numBytesInNALunit: 1687881
POC  345 TId: 0 ( I-SLICE, QP 26 )   13503048 bits [Y 99.9900 dB    U 99.9900 dB    V 99.9900 dB] [ET 22.69 ] [L0 ] [L1 ]
*** TRAIL_R numBytesInNALunit: 1689723
POC  346 TId: 0 ( I-SLICE, QP 26 )   13517784 bits [Y 99.9900 dB    U 99.9900 dB    V 99.9900 dB] [ET 22.75 ] [L0 ] [L1 ]
*** TRAIL_R numBytesInNALunit: 1691112
POC  347 TId: 0 ( I-SLICE, QP 26 )   13528896 bits [Y 99.9900 dB    U 99.9900 dB    V 99.9900 dB] [ET 22.72 ] [L0 ] [L1 ]
*** TRAIL_R numBytesInNALunit: 1688004
POC  348 TId: 0 ( I-SLICE, QP 26 )   13504032 bits [Y 99.9900 dB    U 99.9900 dB    V 99.9900 dB] [ET 22.84 ] [L0 ] [L1 ]
*** TRAIL_R numBytesInNALunit: 1685742
POC  349 TId: 0 ( I-SLICE, QP 26 )   13485936 bits [Y 99.9900 dB    U 99.9900 dB    V 99.9900 dB] [ET 22.55 ] [L0 ] [L1 ]
*** TRAIL_R numBytesInNALunit: 1687495
POC  350 TId: 0 ( I-SLICE, QP 26 )   13499960 bits [Y 99.9900 dB    U 99.9900 dB    V 99.9900 dB] [ET 22.67 ] [L0 ] [L1 ]
*** TRAIL_R numBytesInNALunit: 1690589
POC  351 TId: 0 ( I-SLICE, QP 26 )   13524712 bits [Y 99.9900 dB    U 99.9900 dB    V 99.9900 dB] [ET 22.44 ] [L0 ] [L1 ]
*** TRAIL_R numBytesInNALunit: 1690833
POC  352 TId: 0 ( I-SLICE, QP 26 )   13526664 bits [Y 99.9900 dB    U 99.9900 dB    V 99.9900 dB] [ET 22.06 ] [L0 ] [L1 ]
*** TRAIL_R numBytesInNALunit: 1689277
POC  353 TId: 0 ( I-SLICE, QP 26 )   13514216 bits [Y 99.9900 dB    U 99.9900 dB    V 99.9900 dB] [ET 22.83 ] [L0 ] [L1 ]
*** TRAIL_R numBytesInNALunit: 1687594
POC  354 TId: 0 ( I-SLICE, QP 26 )   13500752 bits [Y 99.9900 dB    U 99.9900 dB    V 99.9900 dB] [ET 22.95 ] [L0 ] [L1 ]
*** TRAIL_R numBytesInNALunit: 1688771
POC  355 TId: 0 ( I-SLICE, QP 26 )   13510168 bits [Y 99.9900 dB    U 99.9900 dB    V 99.9900 dB] [ET 22.67 ] [L0 ] [L1 ]
*** TRAIL_R numBytesInNALunit: 1690697
POC  356 TId: 0 ( I-SLICE, QP 26 )   13525576 bits [Y 99.9900 dB    U 99.9900 dB    V 99.9900 dB] [ET 23.08 ] [L0 ] [L1 ]
*** TRAIL_R numBytesInNALunit: 1692393
POC  357 TId: 0 ( I-SLICE, QP 26 )   13539144 bits [Y 99.9900 dB    U 99.9900 dB    V 99.9900 dB] [ET 22.77 ] [L0 ] [L1 ]
*** TRAIL_R numBytesInNALunit: 1691384
POC  358 TId: 0 ( I-SLICE, QP 26 )   13531072 bits [Y 99.9900 dB    U 99.9900 dB    V 99.9900 dB] [ET 23.00 ] [L0 ] [L1 ]
*** TRAIL_R numBytesInNALunit: 1691230
POC  359 TId: 0 ( I-SLICE, QP 26 )   13529840 bits [Y 99.9900 dB    U 99.9900 dB    V 99.9900 dB] [ET 23.02 ] [L0 ] [L1 ]
*** TRAIL_R numBytesInNALunit: 1692082
POC  360 TId: 0 ( I-SLICE, QP 26 )   13536656 bits [Y 99.9900 dB    U 99.9900 dB    V 99.9900 dB] [ET 22.77 ] [L0 ] [L1 ]
*** TRAIL_R numBytesInNALunit: 1693561
POC  361 TId: 0 ( I-SLICE, QP 26 )   13548488 bits [Y 99.9900 dB    U 99.9900 dB    V 99.9900 dB] [ET 22.30 ] [L0 ] [L1 ]
*** TRAIL_R numBytesInNALunit: 1693505
POC  362 TId: 0 ( I-SLICE, QP 26 )   13548040 bits [Y 99.9900 dB    U 99.9900 dB    V 99.9900 dB] [ET 22.83 ] [L0 ] [L1 ]
*** TRAIL_R numBytesInNALunit: 1693341
POC  363 TId: 0 ( I-SLICE, QP 26 )   13546728 bits [Y 99.9900 dB    U 99.9900 dB    V 99.9900 dB] [ET 22.75 ] [L0 ] [L1 ]
*** TRAIL_R numBytesInNALunit: 1694521
POC  364 TId: 0 ( I-SLICE, QP 26 )   13556168 bits [Y 99.9900 dB    U 99.9900 dB    V 99.9900 dB] [ET 22.72 ] [L0 ] [L1 ]
*** TRAIL_R numBytesInNALunit: 1692929
POC  365 TId: 0 ( I-SLICE, QP 26 )   13543432 bits [Y 99.9900 dB    U 99.9900 dB    V 99.9900 dB] [ET 22.30 ] [L0 ] [L1 ]
*** TRAIL_R numBytesInNALunit: 1693479
POC  366 TId: 0 ( I-SLICE, QP 26 )   13547832 bits [Y 99.9900 dB    U 99.9900 dB    V 99.9900 dB] [ET 22.78 ] [L0 ] [L1 ]
*** TRAIL_R numBytesInNALunit: 1695345
POC  367 TId: 0 ( I-SLICE, QP 26 )   13562760 bits [Y 99.9900 dB    U 99.9900 dB    V 99.9900 dB] [ET 23.03 ] [L0 ] [L1 ]
*** TRAIL_R numBytesInNALunit: 1697148
POC  368 TId: 0 ( I-SLICE, QP 26 )   13577184 bits [Y 99.9900 dB    U 99.9900 dB    V 99.9900 dB] [ET 22.52 ] [L0 ] [L1 ]
*** TRAIL_R numBytesInNALunit: 1694677
POC  369 TId: 0 ( I-SLICE, QP 26 )   13557416 bits [Y 99.9900 dB    U 99.9900 dB    V 99.9900 dB] [ET 22.69 ] [L0 ] [L1 ]
*** TRAIL_R numBytesInNALunit: 1693884
POC  370 TId: 0 ( I-SLICE, QP 26 )   13551072 bits [Y 99.9900 dB    U 99.9900 dB    V 99.9900 dB] [ET 23.00 ] [L0 ] [L1 ]
*** TRAIL_R numBytesInNALunit: 1696317
POC  371 TId: 0 ( I-SLICE, QP 26 )   13570536 bits [Y 99.9900 dB    U 99.9900 dB    V 99.9900 dB] [ET 22.97 ] [L0 ] [L1 ]
*** TRAIL_R numBytesInNALunit: 1696885
POC  372 TId: 0 ( I-SLICE, QP 26 )   13575080 bits [Y 99.9900 dB    U 99.9900 dB    V 99.9900 dB] [ET 22.72 ] [L0 ] [L1 ]
*** TRAIL_R numBytesInNALunit: 1697350
POC  373 TId: 0 ( I-SLICE, QP 26 )   13578800 bits [Y 99.9900 dB    U 99.9900 dB    V 99.9900 dB] [ET 22.67 ] [L0 ] [L1 ]
*** TRAIL_R numBytesInNALunit: 1698391
POC  374 TId: 0 ( I-SLICE, QP 26 )   13587128 bits [Y 99.9900 dB    U 99.9900 dB    V 99.9900 dB] [ET 22.55 ] [L0 ] [L1 ]
*** TRAIL_R numBytesInNALunit: 1698045
POC  375 TId: 0 ( I-SLICE, QP 26 )   13584360 bits [Y 99.9900 dB    U 99.9900 dB    V 99.9900 dB] [ET 23.12 ] [L0 ] [L1 ]
*** TRAIL_R numBytesInNALunit: 1698147
POC  376 TId: 0 ( I-SLICE, QP 26 )   13585176 bits [Y 99.9900 dB    U 99.9900 dB    V 99.9900 dB] [ET 22.66 ] [L0 ] [L1 ]
*** TRAIL_R numBytesInNALunit: 1698830
POC  377 TId: 0 ( I-SLICE, QP 26 )   13590640 bits [Y 99.9900 dB    U 99.9900 dB    V 99.9900 dB] [ET 22.66 ] [L0 ] [L1 ]
*** TRAIL_R numBytesInNALunit: 1699341
POC  378 TId: 0 ( I-SLICE, QP 26 )   13594728 bits [Y 99.9900 dB    U 99.9900 dB    V 99.9900 dB] [ET 23.05 ] [L0 ] [L1 ]
*** TRAIL_R numBytesInNALunit: 1700418
POC  379 TId: 0 ( I-SLICE, QP 26 )   13603344 bits [Y 99.9900 dB    U 99.9900 dB    V 99.9900 dB] [ET 23.00 ] [L0 ] [L1 ]
*** TRAIL_R numBytesInNALunit: 1700374
POC  380 TId: 0 ( I-SLICE, QP 26 )   13602992 bits [Y 99.9900 dB    U 99.9900 dB    V 99.9900 dB] [ET 22.80 ] [L0 ] [L1 ]
*** TRAIL_R numBytesInNALunit: 1701861
POC  381 TId: 0 ( I-SLICE, QP 26 )   13614888 bits [Y 99.9900 dB    U 99.9900 dB    V 99.9900 dB] [ET 22.64 ] [L0 ] [L1 ]
*** TRAIL_R numBytesInNALunit: 1699876
POC  382 TId: 0 ( I-SLICE, QP 26 )   13599008 bits [Y 99.9900 dB    U 99.9900 dB    V 99.9900 dB] [ET 22.53 ] [L0 ] [L1 ]
*** TRAIL_R numBytesInNALunit: 1701390
POC  383 TId: 0 ( I-SLICE, QP 26 )   13611120 bits [Y 99.9900 dB    U 99.9900 dB    V 99.9900 dB] [ET 22.61 ] [L0 ] [L1 ]
*** TRAIL_R numBytesInNALunit: 1702029
POC  384 TId: 0 ( I-SLICE, QP 26 )   13616232 bits [Y 99.9900 dB    U 99.9900 dB    V 99.9900 dB] [ET 22.83 ] [L0 ] [L1 ]
*** TRAIL_R numBytesInNALunit: 1702515
POC  385 TId: 0 ( I-SLICE, QP 26 )   13620120 bits [Y 99.9900 dB    U 99.9900 dB    V 99.9900 dB] [ET 23.00 ] [L0 ] [L1 ]
*** TRAIL_R numBytesInNALunit: 1703055
POC  386 TId: 0 ( I-SLICE, QP 26 )   13624440 bits [Y 99.9900 dB    U 99.9900 dB    V 99.9900 dB] [ET 23.08 ] [L0 ] [L1 ]
*** TRAIL_R numBytesInNALunit: 1702198
POC  387 TId: 0 ( I-SLICE, QP 26 )   13617584 bits [Y 99.9900 dB    U 99.9900 dB    V 99.9900 dB] [ET 22.59 ] [L0 ] [L1 ]
*** TRAIL_R numBytesInNALunit: 1702853
POC  388 TId: 0 ( I-SLICE, QP 26 )   13622824 bits [Y 99.9900 dB    U 99.9900 dB    V 99.9900 dB] [ET 22.53 ] [L0 ] [L1 ]
*** TRAIL_R numBytesInNALunit: 1702302
POC  389 TId: 0 ( I-SLICE, QP 26 )   13618416 bits [Y 99.9900 dB    U 99.9900 dB    V 99.9900 dB] [ET 22.58 ] [L0 ] [L1 ]
*** TRAIL_R numBytesInNALunit: 1703215
POC  390 TId: 0 ( I-SLICE, QP 26 )   13625720 bits [Y 99.9900 dB    U 99.9900 dB    V 99.9900 dB] [ET 22.53 ] [L0 ] [L1 ]
*** TRAIL_R numBytesInNALunit: 1703744
POC  391 TId: 0 ( I-SLICE, QP 26 )   13629952 bits [Y 99.9900 dB    U 99.9900 dB    V 99.9900 dB] [ET 22.80 ] [L0 ] [L1 ]
*** TRAIL_R numBytesInNALunit: 1703052
POC  392 TId: 0 ( I-SLICE, QP 26 )   13624416 bits [Y 99.9900 dB    U 99.9900 dB    V 99.9900 dB] [ET 22.70 ] [L0 ] [L1 ]
*** TRAIL_R numBytesInNALunit: 1704328
POC  393 TId: 0 ( I-SLICE, QP 26 )   13634624 bits [Y 99.9900 dB    U 99.9900 dB    V 99.9900 dB] [ET 23.11 ] [L0 ] [L1 ]
*** TRAIL_R numBytesInNALunit: 1703349
POC  394 TId: 0 ( I-SLICE, QP 26 )   13626792 bits [Y 99.9900 dB    U 99.9900 dB    V 99.9900 dB] [ET 22.73 ] [L0 ] [L1 ]
*** TRAIL_R numBytesInNALunit: 1704465
POC  395 TId: 0 ( I-SLICE, QP 26 )   13635720 bits [Y 99.9900 dB    U 99.9900 dB    V 99.9900 dB] [ET 22.88 ] [L0 ] [L1 ]
*** TRAIL_R numBytesInNALunit: 1702987
POC  396 TId: 0 ( I-SLICE, QP 26 )   13623896 bits [Y 99.9900 dB    U 99.9900 dB    V 99.9900 dB] [ET 22.44 ] [L0 ] [L1 ]
*** TRAIL_R numBytesInNALunit: 1705614
POC  397 TId: 0 ( I-SLICE, QP 26 )   13644912 bits [Y 99.9900 dB    U 99.9900 dB    V 99.9900 dB] [ET 20.44 ] [L0 ] [L1 ]
*** TRAIL_R numBytesInNALunit: 1705697
POC  398 TId: 0 ( I-SLICE, QP 26 )   13645576 bits [Y 99.9900 dB    U 99.9900 dB    V 99.9900 dB] [ET 18.84 ] [L0 ] [L1 ]
*** TRAIL_R numBytesInNALunit: 1704750
POC  399 TId: 0 ( I-SLICE, QP 26 )   13638000 bits [Y 99.9900 dB    U 99.9900 dB    V 99.9900 dB] [ET 19.02 ] [L0 ] [L1 ]
*** TRAIL_R numBytesInNALunit: 1704637
POC  400 TId: 0 ( I-SLICE, QP 26 )   13637096 bits [Y 99.9900 dB    U 99.9900 dB    V 99.9900 dB] [ET 19.16 ] [L0 ] [L1 ]
*** TRAIL_R numBytesInNALunit: 1705707
POC  401 TId: 0 ( I-SLICE, QP 26 )   13645656 bits [Y 99.9900 dB    U 99.9900 dB    V 99.9900 dB] [ET 19.53 ] [L0 ] [L1 ]
*** TRAIL_R numBytesInNALunit: 1706486
POC  402 TId: 0 ( I-SLICE, QP 26 )   13651888 bits [Y 99.9900 dB    U 99.9900 dB    V 99.9900 dB] [ET 22.45 ] [L0 ] [L1 ]
*** TRAIL_R numBytesInNALunit: 1706839
POC  403 TId: 0 ( I-SLICE, QP 26 )   13654712 bits [Y 99.9900 dB    U 99.9900 dB    V 99.9900 dB] [ET 22.45 ] [L0 ] [L1 ]
*** TRAIL_R numBytesInNALunit: 1705217
POC  404 TId: 0 ( I-SLICE, QP 26 )   13641736 bits [Y 99.9900 dB    U 99.9900 dB    V 99.9900 dB] [ET 22.39 ] [L0 ] [L1 ]
*** TRAIL_R numBytesInNALunit: 1705368
POC  405 TId: 0 ( I-SLICE, QP 26 )   13642944 bits [Y 99.9900 dB    U 99.9900 dB    V 99.9900 dB] [ET 22.75 ] [L0 ] [L1 ]
*** TRAIL_R numBytesInNALunit: 1706408
POC  406 TId: 0 ( I-SLICE, QP 26 )   13651264 bits [Y 99.9900 dB    U 99.9900 dB    V 99.9900 dB] [ET 22.67 ] [L0 ] [L1 ]
*** TRAIL_R numBytesInNALunit: 1708338
POC  407 TId: 0 ( I-SLICE, QP 26 )   13666704 bits [Y 99.9900 dB    U 99.9900 dB    V 99.9900 dB] [ET 22.53 ] [L0 ] [L1 ]
*** TRAIL_R numBytesInNALunit: 1708508
POC  408 TId: 0 ( I-SLICE, QP 26 )   13668064 bits [Y 99.9900 dB    U 99.9900 dB    V 99.9900 dB] [ET 22.66 ] [L0 ] [L1 ]
*** TRAIL_R numBytesInNALunit: 1707024
POC  409 TId: 0 ( I-SLICE, QP 26 )   13656192 bits [Y 99.9900 dB    U 99.9900 dB    V 99.9900 dB] [ET 22.70 ] [L0 ] [L1 ]
*** TRAIL_R numBytesInNALunit: 1706260
POC  410 TId: 0 ( I-SLICE, QP 26 )   13650080 bits [Y 99.9900 dB    U 99.9900 dB    V 99.9900 dB] [ET 22.39 ] [L0 ] [L1 ]
*** TRAIL_R numBytesInNALunit: 1707874
POC  411 TId: 0 ( I-SLICE, QP 26 )   13662992 bits [Y 99.9900 dB    U 99.9900 dB    V 99.9900 dB] [ET 22.45 ] [L0 ] [L1 ]
*** TRAIL_R numBytesInNALunit: 1708939
POC  412 TId: 0 ( I-SLICE, QP 26 )   13671512 bits [Y 99.9900 dB    U 99.9900 dB    V 99.9900 dB] [ET 22.52 ] [L0 ] [L1 ]
*** TRAIL_R numBytesInNALunit: 1709459
POC  413 TId: 0 ( I-SLICE, QP 26 )   13675672 bits [Y 99.9900 dB    U 99.9900 dB    V 99.9900 dB] [ET 22.69 ] [L0 ] [L1 ]
*** TRAIL_R numBytesInNALunit: 1707215
POC  414 TId: 0 ( I-SLICE, QP 26 )   13657720 bits [Y 99.9900 dB    U 99.9900 dB    V 99.9900 dB] [ET 22.72 ] [L0 ] [L1 ]
*** TRAIL_R numBytesInNALunit: 1707639
POC  415 TId: 0 ( I-SLICE, QP 26 )   13661112 bits [Y 99.9900 dB    U 99.9900 dB    V 99.9900 dB] [ET 23.22 ] [L0 ] [L1 ]
*** TRAIL_R numBytesInNALunit: 1709815
POC  416 TId: 0 ( I-SLICE, QP 26 )   13678520 bits [Y 99.9900 dB    U 99.9900 dB    V 99.9900 dB] [ET 23.08 ] [L0 ] [L1 ]
*** TRAIL_R numBytesInNALunit: 1709205
POC  417 TId: 0 ( I-SLICE, QP 26 )   13673640 bits [Y 99.9900 dB    U 99.9900 dB    V 99.9900 dB] [ET 22.22 ] [L0 ] [L1 ]
*** TRAIL_R numBytesInNALunit: 1709687
POC  418 TId: 0 ( I-SLICE, QP 26 )   13677496 bits [Y 99.9900 dB    U 99.9900 dB    V 99.9900 dB] [ET 22.97 ] [L0 ] [L1 ]
*** TRAIL_R numBytesInNALunit: 1710576
POC  419 TId: 0 ( I-SLICE, QP 26 )   13684608 bits [Y 99.9900 dB    U 99.9900 dB    V 99.9900 dB] [ET 22.47 ] [L0 ] [L1 ]
*** TRAIL_R numBytesInNALunit: 1710514
POC  420 TId: 0 ( I-SLICE, QP 26 )   13684112 bits [Y 99.9900 dB    U 99.9900 dB    V 99.9900 dB] [ET 22.72 ] [L0 ] [L1 ]
*** TRAIL_R numBytesInNALunit: 1710015
POC  421 TId: 0 ( I-SLICE, QP 26 )   13680120 bits [Y 99.9900 dB    U 99.9900 dB    V 99.9900 dB] [ET 22.48 ] [L0 ] [L1 ]
*** TRAIL_R numBytesInNALunit: 1711402
POC  422 TId: 0 ( I-SLICE, QP 26 )   13691216 bits [Y 99.9900 dB    U 99.9900 dB    V 99.9900 dB] [ET 22.25 ] [L0 ] [L1 ]
*** TRAIL_R numBytesInNALunit: 1709866
POC  423 TId: 0 ( I-SLICE, QP 26 )   13678928 bits [Y 99.9900 dB    U 99.9900 dB    V 99.9900 dB] [ET 22.55 ] [L0 ] [L1 ]
*** TRAIL_R numBytesInNALunit: 1710319
POC  424 TId: 0 ( I-SLICE, QP 26 )   13682552 bits [Y 99.9900 dB    U 99.9900 dB    V 99.9900 dB] [ET 22.77 ] [L0 ] [L1 ]
*** TRAIL_R numBytesInNALunit: 1710834
POC  425 TId: 0 ( I-SLICE, QP 26 )   13686672 bits [Y 99.9900 dB    U 99.9900 dB    V 99.9900 dB] [ET 22.42 ] [L0 ] [L1 ]
*** TRAIL_R numBytesInNALunit: 1711406
POC  426 TId: 0 ( I-SLICE, QP 26 )   13691248 bits [Y 99.9900 dB    U 99.9900 dB    V 99.9900 dB] [ET 22.41 ] [L0 ] [L1 ]
*** TRAIL_R numBytesInNALunit: 1710950
POC  427 TId: 0 ( I-SLICE, QP 26 )   13687600 bits [Y 99.9900 dB    U 99.9900 dB    V 99.9900 dB] [ET 22.73 ] [L0 ] [L1 ]
*** TRAIL_R numBytesInNALunit: 1710618
POC  428 TId: 0 ( I-SLICE, QP 26 )   13684944 bits [Y 99.9900 dB    U 99.9900 dB    V 99.9900 dB] [ET 22.89 ] [L0 ] [L1 ]
*** TRAIL_R numBytesInNALunit: 1710164
POC  429 TId: 0 ( I-SLICE, QP 26 )   13681312 bits [Y 99.9900 dB    U 99.9900 dB    V 99.9900 dB] [ET 22.59 ] [L0 ] [L1 ]
*** TRAIL_R numBytesInNALunit: 1710976
POC  430 TId: 0 ( I-SLICE, QP 26 )   13687808 bits [Y 99.9900 dB    U 99.9900 dB    V 99.9900 dB] [ET 22.48 ] [L0 ] [L1 ]
*** TRAIL_R numBytesInNALunit: 1712534
POC  431 TId: 0 ( I-SLICE, QP 26 )   13700272 bits [Y 99.9900 dB    U 99.9900 dB    V 99.9900 dB] [ET 22.39 ] [L0 ] [L1 ]
*** TRAIL_R numBytesInNALunit: 1711238
POC  432 TId: 0 ( I-SLICE, QP 26 )   13689904 bits [Y 99.9900 dB    U 99.9900 dB    V 99.9900 dB] [ET 22.33 ] [L0 ] [L1 ]
*** TRAIL_R numBytesInNALunit: 1711115
POC  433 TId: 0 ( I-SLICE, QP 26 )   13688920 bits [Y 99.9900 dB    U 99.9900 dB    V 99.9900 dB] [ET 22.67 ] [L0 ] [L1 ]
*** TRAIL_R numBytesInNALunit: 1712457
POC  434 TId: 0 ( I-SLICE, QP 26 )   13699656 bits [Y 99.9900 dB    U 99.9900 dB    V 99.9900 dB] [ET 22.53 ] [L0 ] [L1 ]
*** TRAIL_R numBytesInNALunit: 1711545
POC  435 TId: 0 ( I-SLICE, QP 26 )   13692360 bits [Y 99.9900 dB    U 99.9900 dB    V 99.9900 dB] [ET 22.30 ] [L0 ] [L1 ]
*** TRAIL_R numBytesInNALunit: 1711878
POC  436 TId: 0 ( I-SLICE, QP 26 )   13695024 bits [Y 99.9900 dB    U 99.9900 dB    V 99.9900 dB] [ET 22.34 ] [L0 ] [L1 ]
*** TRAIL_R numBytesInNALunit: 1711835
POC  437 TId: 0 ( I-SLICE, QP 26 )   13694680 bits [Y 99.9900 dB    U 99.9900 dB    V 99.9900 dB] [ET 22.91 ] [L0 ] [L1 ]
*** TRAIL_R numBytesInNALunit: 1712413
POC  438 TId: 0 ( I-SLICE, QP 26 )   13699304 bits [Y 99.9900 dB    U 99.9900 dB    V 99.9900 dB] [ET 22.56 ] [L0 ] [L1 ]
*** TRAIL_R numBytesInNALunit: 1712242
POC  439 TId: 0 ( I-SLICE, QP 26 )   13697936 bits [Y 99.9900 dB    U 99.9900 dB    V 99.9900 dB] [ET 22.61 ] [L0 ] [L1 ]
*** TRAIL_R numBytesInNALunit: 1711330
POC  440 TId: 0 ( I-SLICE, QP 26 )   13690640 bits [Y 99.9900 dB    U 99.9900 dB    V 99.9900 dB] [ET 22.53 ] [L0 ] [L1 ]
*** TRAIL_R numBytesInNALunit: 1712540
POC  441 TId: 0 ( I-SLICE, QP 26 )   13700320 bits [Y 99.9900 dB    U 99.9900 dB    V 99.9900 dB] [ET 22.48 ] [L0 ] [L1 ]
*** TRAIL_R numBytesInNALunit: 1712749
POC  442 TId: 0 ( I-SLICE, QP 26 )   13701992 bits [Y 99.9900 dB    U 99.9900 dB    V 99.9900 dB] [ET 22.59 ] [L0 ] [L1 ]
*** TRAIL_R numBytesInNALunit: 1712253
POC  443 TId: 0 ( I-SLICE, QP 26 )   13698024 bits [Y 99.9900 dB    U 99.9900 dB    V 99.9900 dB] [ET 22.25 ] [L0 ] [L1 ]
*** TRAIL_R numBytesInNALunit: 1712982
POC  444 TId: 0 ( I-SLICE, QP 26 )   13703856 bits [Y 99.9900 dB    U 99.9900 dB    V 99.9900 dB] [ET 22.58 ] [L0 ] [L1 ]
*** TRAIL_R numBytesInNALunit: 1712638
POC  445 TId: 0 ( I-SLICE, QP 26 )   13701104 bits [Y 99.9900 dB    U 99.9900 dB    V 99.9900 dB] [ET 22.67 ] [L0 ] [L1 ]
*** TRAIL_R numBytesInNALunit: 1713088
POC  446 TId: 0 ( I-SLICE, QP 26 )   13704704 bits [Y 99.9900 dB    U 99.9900 dB    V 99.9900 dB] [ET 22.67 ] [L0 ] [L1 ]
*** TRAIL_R numBytesInNALunit: 1713503
POC  447 TId: 0 ( I-SLICE, QP 26 )   13708024 bits [Y 99.9900 dB    U 99.9900 dB    V 99.9900 dB] [ET 22.50 ] [L0 ] [L1 ]
*** TRAIL_R numBytesInNALunit: 1712809
POC  448 TId: 0 ( I-SLICE, QP 26 )   13702472 bits [Y 99.9900 dB    U 99.9900 dB    V 99.9900 dB] [ET 22.69 ] [L0 ] [L1 ]
*** TRAIL_R numBytesInNALunit: 1712288
POC  449 TId: 0 ( I-SLICE, QP 26 )   13698304 bits [Y 99.9900 dB    U 99.9900 dB    V 99.9900 dB] [ET 22.47 ] [L0 ] [L1 ]
*** TRAIL_R numBytesInNALunit: 1712531
POC  450 TId: 0 ( I-SLICE, QP 26 )   13700248 bits [Y 99.9900 dB    U 99.9900 dB    V 99.9900 dB] [ET 22.94 ] [L0 ] [L1 ]
*** TRAIL_R numBytesInNALunit: 1713101
POC  451 TId: 0 ( I-SLICE, QP 26 )   13704808 bits [Y 99.9900 dB    U 99.9900 dB    V 99.9900 dB] [ET 22.59 ] [L0 ] [L1 ]
*** TRAIL_R numBytesInNALunit: 1711663
POC  452 TId: 0 ( I-SLICE, QP 26 )   13693304 bits [Y 99.9900 dB    U 99.9900 dB    V 99.9900 dB] [ET 22.77 ] [L0 ] [L1 ]
*** TRAIL_R numBytesInNALunit: 1712983
POC  453 TId: 0 ( I-SLICE, QP 26 )   13703864 bits [Y 99.9900 dB    U 99.9900 dB    V 99.9900 dB] [ET 23.03 ] [L0 ] [L1 ]
*** TRAIL_R numBytesInNALunit: 1712984
POC  454 TId: 0 ( I-SLICE, QP 26 )   13703872 bits [Y 99.9900 dB    U 99.9900 dB    V 99.9900 dB] [ET 22.52 ] [L0 ] [L1 ]
*** TRAIL_R numBytesInNALunit: 1712598
POC  455 TId: 0 ( I-SLICE, QP 26 )   13700784 bits [Y 99.9900 dB    U 99.9900 dB    V 99.9900 dB] [ET 23.05 ] [L0 ] [L1 ]
*** TRAIL_R numBytesInNALunit: 1712842
POC  456 TId: 0 ( I-SLICE, QP 26 )   13702736 bits [Y 99.9900 dB    U 99.9900 dB    V 99.9900 dB] [ET 22.83 ] [L0 ] [L1 ]
*** TRAIL_R numBytesInNALunit: 1712806
POC  457 TId: 0 ( I-SLICE, QP 26 )   13702448 bits [Y 99.9900 dB    U 99.9900 dB    V 99.9900 dB] [ET 22.52 ] [L0 ] [L1 ]
*** TRAIL_R numBytesInNALunit: 1713154
POC  458 TId: 0 ( I-SLICE, QP 26 )   13705232 bits [Y 99.9900 dB    U 99.9900 dB    V 99.9900 dB] [ET 22.84 ] [L0 ] [L1 ]
*** TRAIL_R numBytesInNALunit: 1713637
POC  459 TId: 0 ( I-SLICE, QP 26 )   13709096 bits [Y 99.9900 dB    U 99.9900 dB    V 99.9900 dB] [ET 23.00 ] [L0 ] [L1 ]
*** TRAIL_R numBytesInNALunit: 1712334
POC  460 TId: 0 ( I-SLICE, QP 26 )   13698672 bits [Y 99.9900 dB    U 99.9900 dB    V 99.9900 dB] [ET 22.97 ] [L0 ] [L1 ]
*** TRAIL_R numBytesInNALunit: 1714726
POC  461 TId: 0 ( I-SLICE, QP 26 )   13717808 bits [Y 99.9900 dB    U 99.9900 dB    V 99.9900 dB] [ET 22.56 ] [L0 ] [L1 ]
*** TRAIL_R numBytesInNALunit: 1712836
POC  462 TId: 0 ( I-SLICE, QP 26 )   13702688 bits [Y 99.9900 dB    U 99.9900 dB    V 99.9900 dB] [ET 22.78 ] [L0 ] [L1 ]
*** TRAIL_R numBytesInNALunit: 1713387
POC  463 TId: 0 ( I-SLICE, QP 26 )   13707096 bits [Y 99.9900 dB    U 99.9900 dB    V 99.9900 dB] [ET 22.72 ] [L0 ] [L1 ]
*** TRAIL_R numBytesInNALunit: 1713700
POC  464 TId: 0 ( I-SLICE, QP 26 )   13709600 bits [Y 99.9900 dB    U 99.9900 dB    V 99.9900 dB] [ET 21.94 ] [L0 ] [L1 ]
*** TRAIL_R numBytesInNALunit: 1712790
POC  465 TId: 0 ( I-SLICE, QP 26 )   13702320 bits [Y 99.9900 dB    U 99.9900 dB    V 99.9900 dB] [ET 22.36 ] [L0 ] [L1 ]
*** TRAIL_R numBytesInNALunit: 1713450
POC  466 TId: 0 ( I-SLICE, QP 26 )   13707600 bits [Y 99.9900 dB    U 99.9900 dB    V 99.9900 dB] [ET 22.34 ] [L0 ] [L1 ]
*** TRAIL_R numBytesInNALunit: 1714083
POC  467 TId: 0 ( I-SLICE, QP 26 )   13712664 bits [Y 99.9900 dB    U 99.9900 dB    V 99.9900 dB] [ET 22.72 ] [L0 ] [L1 ]
*** TRAIL_R numBytesInNALunit: 1713232
POC  468 TId: 0 ( I-SLICE, QP 26 )   13705856 bits [Y 99.9900 dB    U 99.9900 dB    V 99.9900 dB] [ET 22.91 ] [L0 ] [L1 ]
*** TRAIL_R numBytesInNALunit: 1714087
POC  469 TId: 0 ( I-SLICE, QP 26 )   13712696 bits [Y 99.9900 dB    U 99.9900 dB    V 99.9900 dB] [ET 23.16 ] [L0 ] [L1 ]
*** TRAIL_R numBytesInNALunit: 1714900
POC  470 TId: 0 ( I-SLICE, QP 26 )   13719200 bits [Y 99.9900 dB    U 99.9900 dB    V 99.9900 dB] [ET 22.53 ] [L0 ] [L1 ]
*** TRAIL_R numBytesInNALunit: 1714293
POC  471 TId: 0 ( I-SLICE, QP 26 )   13714344 bits [Y 99.9900 dB    U 99.9900 dB    V 99.9900 dB] [ET 22.69 ] [L0 ] [L1 ]
*** TRAIL_R numBytesInNALunit: 1714312
POC  472 TId: 0 ( I-SLICE, QP 26 )   13714496 bits [Y 99.9900 dB    U 99.9900 dB    V 99.9900 dB] [ET 22.78 ] [L0 ] [L1 ]
*** TRAIL_R numBytesInNALunit: 1715409
POC  473 TId: 0 ( I-SLICE, QP 26 )   13723272 bits [Y 99.9900 dB    U 99.9900 dB    V 99.9900 dB] [ET 22.42 ] [L0 ] [L1 ]
*** TRAIL_R numBytesInNALunit: 1715246
POC  474 TId: 0 ( I-SLICE, QP 26 )   13721968 bits [Y 99.9900 dB    U 99.9900 dB    V 99.9900 dB] [ET 22.48 ] [L0 ] [L1 ]
*** TRAIL_R numBytesInNALunit: 1715914
POC  475 TId: 0 ( I-SLICE, QP 26 )   13727312 bits [Y 99.9900 dB    U 99.9900 dB    V 99.9900 dB] [ET 22.50 ] [L0 ] [L1 ]
*** TRAIL_R numBytesInNALunit: 1715610
POC  476 TId: 0 ( I-SLICE, QP 26 )   13724880 bits [Y 99.9900 dB    U 99.9900 dB    V 99.9900 dB] [ET 22.97 ] [L0 ] [L1 ]
*** TRAIL_R numBytesInNALunit: 1715358
POC  477 TId: 0 ( I-SLICE, QP 26 )   13722864 bits [Y 99.9900 dB    U 99.9900 dB    V 99.9900 dB] [ET 22.45 ] [L0 ] [L1 ]
*** TRAIL_R numBytesInNALunit: 1716253
POC  478 TId: 0 ( I-SLICE, QP 26 )   13730024 bits [Y 99.9900 dB    U 99.9900 dB    V 99.9900 dB] [ET 22.69 ] [L0 ] [L1 ]
*** TRAIL_R numBytesInNALunit: 1716202
POC  479 TId: 0 ( I-SLICE, QP 26 )   13729616 bits [Y 99.9900 dB    U 99.9900 dB    V 99.9900 dB] [ET 23.02 ] [L0 ] [L1 ]
*** TRAIL_R numBytesInNALunit: 1716603
POC  480 TId: 0 ( I-SLICE, QP 26 )   13732824 bits [Y 99.9900 dB    U 99.9900 dB    V 99.9900 dB] [ET 23.05 ] [L0 ] [L1 ]
*** TRAIL_R numBytesInNALunit: 1716608
POC  481 TId: 0 ( I-SLICE, QP 26 )   13732864 bits [Y 99.9900 dB    U 99.9900 dB    V 99.9900 dB] [ET 22.38 ] [L0 ] [L1 ]
*** TRAIL_R numBytesInNALunit: 1715493
POC  482 TId: 0 ( I-SLICE, QP 26 )   13723944 bits [Y 99.9900 dB    U 99.9900 dB    V 99.9900 dB] [ET 23.14 ] [L0 ] [L1 ]
*** TRAIL_R numBytesInNALunit: 1716993
POC  483 TId: 0 ( I-SLICE, QP 26 )   13735944 bits [Y 99.9900 dB    U 99.9900 dB    V 99.9900 dB] [ET 22.05 ] [L0 ] [L1 ]
*** TRAIL_R numBytesInNALunit: 1716036
POC  484 TId: 0 ( I-SLICE, QP 26 )   13728288 bits [Y 99.9900 dB    U 99.9900 dB    V 99.9900 dB] [ET 22.50 ] [L0 ] [L1 ]
*** TRAIL_R numBytesInNALunit: 1716038
POC  485 TId: 0 ( I-SLICE, QP 26 )   13728304 bits [Y 99.9900 dB    U 99.9900 dB    V 99.9900 dB] [ET 23.25 ] [L0 ] [L1 ]
*** TRAIL_R numBytesInNALunit: 1716157
POC  486 TId: 0 ( I-SLICE, QP 26 )   13729256 bits [Y 99.9900 dB    U 99.9900 dB    V 99.9900 dB] [ET 22.59 ] [L0 ] [L1 ]
*** TRAIL_R numBytesInNALunit: 1716177
POC  487 TId: 0 ( I-SLICE, QP 26 )   13729416 bits [Y 99.9900 dB    U 99.9900 dB    V 99.9900 dB] [ET 22.41 ] [L0 ] [L1 ]
*** TRAIL_R numBytesInNALunit: 1717486
POC  488 TId: 0 ( I-SLICE, QP 26 )   13739888 bits [Y 99.9900 dB    U 99.9900 dB    V 99.9900 dB] [ET 22.53 ] [L0 ] [L1 ]
*** TRAIL_R numBytesInNALunit: 1716840
POC  489 TId: 0 ( I-SLICE, QP 26 )   13734720 bits [Y 99.9900 dB    U 99.9900 dB    V 99.9900 dB] [ET 22.48 ] [L0 ] [L1 ]
*** TRAIL_R numBytesInNALunit: 1716753
POC  490 TId: 0 ( I-SLICE, QP 26 )   13734024 bits [Y 99.9900 dB    U 99.9900 dB    V 99.9900 dB] [ET 22.89 ] [L0 ] [L1 ]
*** TRAIL_R numBytesInNALunit: 1716000
POC  491 TId: 0 ( I-SLICE, QP 26 )   13728000 bits [Y 99.9900 dB    U 99.9900 dB    V 99.9900 dB] [ET 22.59 ] [L0 ] [L1 ]
*** TRAIL_R numBytesInNALunit: 1717194
POC  492 TId: 0 ( I-SLICE, QP 26 )   13737552 bits [Y 99.9900 dB    U 99.9900 dB    V 99.9900 dB] [ET 22.69 ] [L0 ] [L1 ]
*** TRAIL_R numBytesInNALunit: 1717350
POC  493 TId: 0 ( I-SLICE, QP 26 )   13738800 bits [Y 99.9900 dB    U 99.9900 dB    V 99.9900 dB] [ET 22.23 ] [L0 ] [L1 ]
*** TRAIL_R numBytesInNALunit: 1717321
POC  494 TId: 0 ( I-SLICE, QP 26 )   13738568 bits [Y 99.9900 dB    U 99.9900 dB    V 99.9900 dB] [ET 22.48 ] [L0 ] [L1 ]
*** TRAIL_R numBytesInNALunit: 1716943
POC  495 TId: 0 ( I-SLICE, QP 26 )   13735544 bits [Y 99.9900 dB    U 99.9900 dB    V 99.9900 dB] [ET 22.89 ] [L0 ] [L1 ]
*** TRAIL_R numBytesInNALunit: 1716372
POC  496 TId: 0 ( I-SLICE, QP 26 )   13730976 bits [Y 99.9900 dB    U 99.9900 dB    V 99.9900 dB] [ET 22.61 ] [L0 ] [L1 ]
*** TRAIL_R numBytesInNALunit: 1715447
POC  497 TId: 0 ( I-SLICE, QP 26 )   13723576 bits [Y 99.9900 dB    U 99.9900 dB    V 99.9900 dB] [ET 22.48 ] [L0 ] [L1 ]
*** TRAIL_R numBytesInNALunit: 1717065
POC  498 TId: 0 ( I-SLICE, QP 26 )   13736520 bits [Y 99.9900 dB    U 99.9900 dB    V 99.9900 dB] [ET 22.53 ] [L0 ] [L1 ]
*** TRAIL_R numBytesInNALunit: 1716045
POC  499 TId: 0 ( I-SLICE, QP 26 )   13728360 bits [Y 99.9900 dB    U 99.9900 dB    V 99.9900 dB] [ET 22.39 ] [L0 ] [L1 ]
*** TRAIL_R numBytesInNALunit: 1716623
POC  500 TId: 0 ( I-SLICE, QP 26 )   13732984 bits [Y 99.9900 dB    U 99.9900 dB    V 99.9900 dB] [ET 22.22 ] [L0 ] [L1 ]
*** TRAIL_R numBytesInNALunit: 1716897
POC  501 TId: 0 ( I-SLICE, QP 26 )   13735176 bits [Y 99.9900 dB    U 99.9900 dB    V 99.9900 dB] [ET 22.77 ] [L0 ] [L1 ]
*** TRAIL_R numBytesInNALunit: 1715906
POC  502 TId: 0 ( I-SLICE, QP 26 )   13727248 bits [Y 99.9900 dB    U 99.9900 dB    V 99.9900 dB] [ET 22.83 ] [L0 ] [L1 ]
*** TRAIL_R numBytesInNALunit: 1717059
POC  503 TId: 0 ( I-SLICE, QP 26 )   13736472 bits [Y 99.9900 dB    U 99.9900 dB    V 99.9900 dB] [ET 22.67 ] [L0 ] [L1 ]
*** TRAIL_R numBytesInNALunit: 1716695
POC  504 TId: 0 ( I-SLICE, QP 26 )   13733560 bits [Y 99.9900 dB    U 99.9900 dB    V 99.9900 dB] [ET 22.73 ] [L0 ] [L1 ]
*** TRAIL_R numBytesInNALunit: 1717289
POC  505 TId: 0 ( I-SLICE, QP 26 )   13738312 bits [Y 99.9900 dB    U 99.9900 dB    V 99.9900 dB] [ET 22.59 ] [L0 ] [L1 ]
*** TRAIL_R numBytesInNALunit: 1717018
POC  506 TId: 0 ( I-SLICE, QP 26 )   13736144 bits [Y 99.9900 dB    U 99.9900 dB    V 99.9900 dB] [ET 22.48 ] [L0 ] [L1 ]
*** TRAIL_R numBytesInNALunit: 1717693
POC  507 TId: 0 ( I-SLICE, QP 26 )   13741544 bits [Y 99.9900 dB    U 99.9900 dB    V 99.9900 dB] [ET 22.38 ] [L0 ] [L1 ]
*** TRAIL_R numBytesInNALunit: 1716863
POC  508 TId: 0 ( I-SLICE, QP 26 )   13734904 bits [Y 99.9900 dB    U 99.9900 dB    V 99.9900 dB] [ET 22.58 ] [L0 ] [L1 ]
*** TRAIL_R numBytesInNALunit: 1716912
POC  509 TId: 0 ( I-SLICE, QP 26 )   13735296 bits [Y 99.9900 dB    U 99.9900 dB    V 99.9900 dB] [ET 22.55 ] [L0 ] [L1 ]
*** TRAIL_R numBytesInNALunit: 1717768
POC  510 TId: 0 ( I-SLICE, QP 26 )   13742144 bits [Y 99.9900 dB    U 99.9900 dB    V 99.9900 dB] [ET 22.94 ] [L0 ] [L1 ]
*** TRAIL_R numBytesInNALunit: 1717843
POC  511 TId: 0 ( I-SLICE, QP 26 )   13742744 bits [Y 99.9900 dB    U 99.9900 dB    V 99.9900 dB] [ET 22.50 ] [L0 ] [L1 ]
*** TRAIL_R numBytesInNALunit: 1717430
POC  512 TId: 0 ( I-SLICE, QP 26 )   13739440 bits [Y 99.9900 dB    U 99.9900 dB    V 99.9900 dB] [ET 22.70 ] [L0 ] [L1 ]
*** TRAIL_R numBytesInNALunit: 1717122
POC  513 TId: 0 ( I-SLICE, QP 26 )   13736976 bits [Y 99.9900 dB    U 99.9900 dB    V 99.9900 dB] [ET 22.67 ] [L0 ] [L1 ]
*** TRAIL_R numBytesInNALunit: 1715571
POC  514 TId: 0 ( I-SLICE, QP 26 )   13724568 bits [Y 99.9900 dB    U 99.9900 dB    V 99.9900 dB] [ET 22.77 ] [L0 ] [L1 ]
*** TRAIL_R numBytesInNALunit: 1716364
POC  515 TId: 0 ( I-SLICE, QP 26 )   13730912 bits [Y 99.9900 dB    U 99.9900 dB    V 99.9900 dB] [ET 22.52 ] [L0 ] [L1 ]
*** TRAIL_R numBytesInNALunit: 1716173
POC  516 TId: 0 ( I-SLICE, QP 26 )   13729384 bits [Y 99.9900 dB    U 99.9900 dB    V 99.9900 dB] [ET 22.67 ] [L0 ] [L1 ]
*** TRAIL_R numBytesInNALunit: 1714584
POC  517 TId: 0 ( I-SLICE, QP 26 )   13716672 bits [Y 99.9900 dB    U 99.9900 dB    V 99.9900 dB] [ET 22.23 ] [L0 ] [L1 ]
*** TRAIL_R numBytesInNALunit: 1714880
POC  518 TId: 0 ( I-SLICE, QP 26 )   13719040 bits [Y 99.9900 dB    U 99.9900 dB    V 99.9900 dB] [ET 22.67 ] [L0 ] [L1 ]
*** TRAIL_R numBytesInNALunit: 1714377
POC  519 TId: 0 ( I-SLICE, QP 26 )   13715016 bits [Y 99.9900 dB    U 99.9900 dB    V 99.9900 dB] [ET 22.81 ] [L0 ] [L1 ]
*** TRAIL_R numBytesInNALunit: 1714757
POC  520 TId: 0 ( I-SLICE, QP 26 )   13718056 bits [Y 99.9900 dB    U 99.9900 dB    V 99.9900 dB] [ET 22.75 ] [L0 ] [L1 ]
*** TRAIL_R numBytesInNALunit: 1714140
POC  521 TId: 0 ( I-SLICE, QP 26 )   13713120 bits [Y 99.9900 dB    U 99.9900 dB    V 99.9900 dB] [ET 22.67 ] [L0 ] [L1 ]
*** TRAIL_R numBytesInNALunit: 1713884
POC  522 TId: 0 ( I-SLICE, QP 26 )   13711072 bits [Y 99.9900 dB    U 99.9900 dB    V 99.9900 dB] [ET 22.84 ] [L0 ] [L1 ]
*** TRAIL_R numBytesInNALunit: 1714288
POC  523 TId: 0 ( I-SLICE, QP 26 )   13714304 bits [Y 99.9900 dB    U 99.9900 dB    V 99.9900 dB] [ET 22.94 ] [L0 ] [L1 ]
*** TRAIL_R numBytesInNALunit: 1713012
POC  524 TId: 0 ( I-SLICE, QP 26 )   13704096 bits [Y 99.9900 dB    U 99.9900 dB    V 99.9900 dB] [ET 23.00 ] [L0 ] [L1 ]
*** TRAIL_R numBytesInNALunit: 1713216
POC  525 TId: 0 ( I-SLICE, QP 26 )   13705728 bits [Y 99.9900 dB    U 99.9900 dB    V 99.9900 dB] [ET 22.83 ] [L0 ] [L1 ]
*** TRAIL_R numBytesInNALunit: 1713342
POC  526 TId: 0 ( I-SLICE, QP 26 )   13706736 bits [Y 99.9900 dB    U 99.9900 dB    V 99.9900 dB] [ET 22.47 ] [L0 ] [L1 ]
*** TRAIL_R numBytesInNALunit: 1713137
POC  527 TId: 0 ( I-SLICE, QP 26 )   13705096 bits [Y 99.9900 dB    U 99.9900 dB    V 99.9900 dB] [ET 22.48 ] [L0 ] [L1 ]
*** TRAIL_R numBytesInNALunit: 1712869
POC  528 TId: 0 ( I-SLICE, QP 26 )   13702952 bits [Y 99.9900 dB    U 99.9900 dB    V 99.9900 dB] [ET 22.53 ] [L0 ] [L1 ]
*** TRAIL_R numBytesInNALunit: 1713137
POC  529 TId: 0 ( I-SLICE, QP 26 )   13705096 bits [Y 99.9900 dB    U 99.9900 dB    V 99.9900 dB] [ET 22.22 ] [L0 ] [L1 ]
*** TRAIL_R numBytesInNALunit: 1711910
POC  530 TId: 0 ( I-SLICE, QP 26 )   13695280 bits [Y 99.9900 dB    U 99.9900 dB    V 99.9900 dB] [ET 22.45 ] [L0 ] [L1 ]
*** TRAIL_R numBytesInNALunit: 1711948
POC  531 TId: 0 ( I-SLICE, QP 26 )   13695584 bits [Y 99.9900 dB    U 99.9900 dB    V 99.9900 dB] [ET 22.52 ] [L0 ] [L1 ]
*** TRAIL_R numBytesInNALunit: 1712894
POC  532 TId: 0 ( I-SLICE, QP 26 )   13703152 bits [Y 99.9900 dB    U 99.9900 dB    V 99.9900 dB] [ET 22.36 ] [L0 ] [L1 ]
*** TRAIL_R numBytesInNALunit: 1711670
POC  533 TId: 0 ( I-SLICE, QP 26 )   13693360 bits [Y 99.9900 dB    U 99.9900 dB    V 99.9900 dB] [ET 23.02 ] [L0 ] [L1 ]
*** TRAIL_R numBytesInNALunit: 1712820
POC  534 TId: 0 ( I-SLICE, QP 26 )   13702560 bits [Y 99.9900 dB    U 99.9900 dB    V 99.9900 dB] [ET 22.58 ] [L0 ] [L1 ]
*** TRAIL_R numBytesInNALunit: 1712140
POC  535 TId: 0 ( I-SLICE, QP 26 )   13697120 bits [Y 99.9900 dB    U 99.9900 dB    V 99.9900 dB] [ET 22.64 ] [L0 ] [L1 ]
*** TRAIL_R numBytesInNALunit: 1711921
POC  536 TId: 0 ( I-SLICE, QP 26 )   13695368 bits [Y 99.9900 dB    U 99.9900 dB    V 99.9900 dB] [ET 22.80 ] [L0 ] [L1 ]
*** TRAIL_R numBytesInNALunit: 1711925
POC  537 TId: 0 ( I-SLICE, QP 26 )   13695400 bits [Y 99.9900 dB    U 99.9900 dB    V 99.9900 dB] [ET 22.55 ] [L0 ] [L1 ]
*** TRAIL_R numBytesInNALunit: 1710725
POC  538 TId: 0 ( I-SLICE, QP 26 )   13685800 bits [Y 99.9900 dB    U 99.9900 dB    V 99.9900 dB] [ET 22.61 ] [L0 ] [L1 ]
*** TRAIL_R numBytesInNALunit: 1711151
POC  539 TId: 0 ( I-SLICE, QP 26 )   13689208 bits [Y 99.9900 dB    U 99.9900 dB    V 99.9900 dB] [ET 22.67 ] [L0 ] [L1 ]
*** TRAIL_R numBytesInNALunit: 1711567
POC  540 TId: 0 ( I-SLICE, QP 26 )   13692536 bits [Y 99.9900 dB    U 99.9900 dB    V 99.9900 dB] [ET 21.89 ] [L0 ] [L1 ]
*** TRAIL_R numBytesInNALunit: 1711309
POC  541 TId: 0 ( I-SLICE, QP 26 )   13690472 bits [Y 99.9900 dB    U 99.9900 dB    V 99.9900 dB] [ET 22.00 ] [L0 ] [L1 ]
*** TRAIL_R numBytesInNALunit: 1711596
POC  542 TId: 0 ( I-SLICE, QP 26 )   13692768 bits [Y 99.9900 dB    U 99.9900 dB    V 99.9900 dB] [ET 21.64 ] [L0 ] [L1 ]
*** TRAIL_R numBytesInNALunit: 1711610
POC  543 TId: 0 ( I-SLICE, QP 26 )   13692880 bits [Y 99.9900 dB    U 99.9900 dB    V 99.9900 dB] [ET 21.92 ] [L0 ] [L1 ]
*** TRAIL_R numBytesInNALunit: 1711927
POC  544 TId: 0 ( I-SLICE, QP 26 )   13695416 bits [Y 99.9900 dB    U 99.9900 dB    V 99.9900 dB] [ET 22.00 ] [L0 ] [L1 ]
*** TRAIL_R numBytesInNALunit: 1712549
POC  545 TId: 0 ( I-SLICE, QP 26 )   13700392 bits [Y 99.9900 dB    U 99.9900 dB    V 99.9900 dB] [ET 21.83 ] [L0 ] [L1 ]
*** TRAIL_R numBytesInNALunit: 1711609
POC  546 TId: 0 ( I-SLICE, QP 26 )   13692872 bits [Y 99.9900 dB    U 99.9900 dB    V 99.9900 dB] [ET 21.48 ] [L0 ] [L1 ]
*** TRAIL_R numBytesInNALunit: 1711777
POC  547 TId: 0 ( I-SLICE, QP 26 )   13694216 bits [Y 99.9900 dB    U 99.9900 dB    V 99.9900 dB] [ET 21.88 ] [L0 ] [L1 ]
*** TRAIL_R numBytesInNALunit: 1711220
POC  548 TId: 0 ( I-SLICE, QP 26 )   13689760 bits [Y 99.9900 dB    U 99.9900 dB    V 99.9900 dB] [ET 21.55 ] [L0 ] [L1 ]
*** TRAIL_R numBytesInNALunit: 1711414
POC  549 TId: 0 ( I-SLICE, QP 26 )   13691312 bits [Y 99.9900 dB    U 99.9900 dB    V 99.9900 dB] [ET 21.92 ] [L0 ] [L1 ]
*** TRAIL_R numBytesInNALunit: 1711922
POC  550 TId: 0 ( I-SLICE, QP 26 )   13695376 bits [Y 99.9900 dB    U 99.9900 dB    V 99.9900 dB] [ET 21.98 ] [L0 ] [L1 ]
*** TRAIL_R numBytesInNALunit: 1711887
POC  551 TId: 0 ( I-SLICE, QP 26 )   13695096 bits [Y 99.9900 dB    U 99.9900 dB    V 99.9900 dB] [ET 21.72 ] [L0 ] [L1 ]
*** TRAIL_R numBytesInNALunit: 1710835
POC  552 TId: 0 ( I-SLICE, QP 26 )   13686680 bits [Y 99.9900 dB    U 99.9900 dB    V 99.9900 dB] [ET 21.41 ] [L0 ] [L1 ]
*** TRAIL_R numBytesInNALunit: 1711360
POC  553 TId: 0 ( I-SLICE, QP 26 )   13690880 bits [Y 99.9900 dB    U 99.9900 dB    V 99.9900 dB] [ET 21.38 ] [L0 ] [L1 ]
*** TRAIL_R numBytesInNALunit: 1711722
POC  554 TId: 0 ( I-SLICE, QP 26 )   13693776 bits [Y 99.9900 dB    U 99.9900 dB    V 99.9900 dB] [ET 21.33 ] [L0 ] [L1 ]
*** TRAIL_R numBytesInNALunit: 1712543
POC  555 TId: 0 ( I-SLICE, QP 26 )   13700344 bits [Y 99.9900 dB    U 99.9900 dB    V 99.9900 dB] [ET 21.53 ] [L0 ] [L1 ]
*** TRAIL_R numBytesInNALunit: 1713188
POC  556 TId: 0 ( I-SLICE, QP 26 )   13705504 bits [Y 99.9900 dB    U 99.9900 dB    V 99.9900 dB] [ET 21.61 ] [L0 ] [L1 ]
*** TRAIL_R numBytesInNALunit: 1713352
POC  557 TId: 0 ( I-SLICE, QP 26 )   13706816 bits [Y 99.9900 dB    U 99.9900 dB    V 99.9900 dB] [ET 21.58 ] [L0 ] [L1 ]
*** TRAIL_R numBytesInNALunit: 1712709
POC  558 TId: 0 ( I-SLICE, QP 26 )   13701672 bits [Y 99.9900 dB    U 99.9900 dB    V 99.9900 dB] [ET 21.64 ] [L0 ] [L1 ]
*** TRAIL_R numBytesInNALunit: 1712226
POC  559 TId: 0 ( I-SLICE, QP 26 )   13697808 bits [Y 99.9900 dB    U 99.9900 dB    V 99.9900 dB] [ET 21.86 ] [L0 ] [L1 ]
*** TRAIL_R numBytesInNALunit: 1712675
POC  560 TId: 0 ( I-SLICE, QP 26 )   13701400 bits [Y 99.9900 dB    U 99.9900 dB    V 99.9900 dB] [ET 21.72 ] [L0 ] [L1 ]
*** TRAIL_R numBytesInNALunit: 1713169
POC  561 TId: 0 ( I-SLICE, QP 26 )   13705352 bits [Y 99.9900 dB    U 99.9900 dB    V 99.9900 dB] [ET 21.52 ] [L0 ] [L1 ]
*** TRAIL_R numBytesInNALunit: 1713132
POC  562 TId: 0 ( I-SLICE, QP 26 )   13705056 bits [Y 99.9900 dB    U 99.9900 dB    V 99.9900 dB] [ET 21.28 ] [L0 ] [L1 ]
*** TRAIL_R numBytesInNALunit: 1712846
POC  563 TId: 0 ( I-SLICE, QP 26 )   13702768 bits [Y 99.9900 dB    U 99.9900 dB    V 99.9900 dB] [ET 21.47 ] [L0 ] [L1 ]
*** TRAIL_R numBytesInNALunit: 1714460
POC  564 TId: 0 ( I-SLICE, QP 26 )   13715680 bits [Y 99.9900 dB    U 99.9900 dB    V 99.9900 dB] [ET 21.47 ] [L0 ] [L1 ]
*** TRAIL_R numBytesInNALunit: 1713793
POC  565 TId: 0 ( I-SLICE, QP 26 )   13710344 bits [Y 99.9900 dB    U 99.9900 dB    V 99.9900 dB] [ET 21.78 ] [L0 ] [L1 ]
*** TRAIL_R numBytesInNALunit: 1713803
POC  566 TId: 0 ( I-SLICE, QP 26 )   13710424 bits [Y 99.9900 dB    U 99.9900 dB    V 99.9900 dB] [ET 21.84 ] [L0 ] [L1 ]
*** TRAIL_R numBytesInNALunit: 1713423
POC  567 TId: 0 ( I-SLICE, QP 26 )   13707384 bits [Y 99.9900 dB    U 99.9900 dB    V 99.9900 dB] [ET 21.92 ] [L0 ] [L1 ]
*** TRAIL_R numBytesInNALunit: 1715009
POC  568 TId: 0 ( I-SLICE, QP 26 )   13720072 bits [Y 99.9900 dB    U 99.9900 dB    V 99.9900 dB] [ET 22.06 ] [L0 ] [L1 ]
*** TRAIL_R numBytesInNALunit: 1713254
POC  569 TId: 0 ( I-SLICE, QP 26 )   13706032 bits [Y 99.9900 dB    U 99.9900 dB    V 99.9900 dB] [ET 22.03 ] [L0 ] [L1 ]
*** TRAIL_R numBytesInNALunit: 1714318
POC  570 TId: 0 ( I-SLICE, QP 26 )   13714544 bits [Y 99.9900 dB    U 99.9900 dB    V 99.9900 dB] [ET 21.38 ] [L0 ] [L1 ]
*** TRAIL_R numBytesInNALunit: 1714539
POC  571 TId: 0 ( I-SLICE, QP 26 )   13716312 bits [Y 99.9900 dB    U 99.9900 dB    V 99.9900 dB] [ET 21.73 ] [L0 ] [L1 ]
*** TRAIL_R numBytesInNALunit: 1714911
POC  572 TId: 0 ( I-SLICE, QP 26 )   13719288 bits [Y 99.9900 dB    U 99.9900 dB    V 99.9900 dB] [ET 21.77 ] [L0 ] [L1 ]
*** TRAIL_R numBytesInNALunit: 1713973
POC  573 TId: 0 ( I-SLICE, QP 26 )   13711784 bits [Y 99.9900 dB    U 99.9900 dB    V 99.9900 dB] [ET 21.48 ] [L0 ] [L1 ]
*** TRAIL_R numBytesInNALunit: 1715300
POC  574 TId: 0 ( I-SLICE, QP 26 )   13722400 bits [Y 99.9900 dB    U 99.9900 dB    V 99.9900 dB] [ET 21.84 ] [L0 ] [L1 ]
*** TRAIL_R numBytesInNALunit: 1715620
POC  575 TId: 0 ( I-SLICE, QP 26 )   13724960 bits [Y 99.9900 dB    U 99.9900 dB    V 99.9900 dB] [ET 21.80 ] [L0 ] [L1 ]
*** TRAIL_R numBytesInNALunit: 1716008
POC  576 TId: 0 ( I-SLICE, QP 26 )   13728064 bits [Y 99.9900 dB    U 99.9900 dB    V 99.9900 dB] [ET 21.45 ] [L0 ] [L1 ]
*** TRAIL_R numBytesInNALunit: 1714198
POC  577 TId: 0 ( I-SLICE, QP 26 )   13713584 bits [Y 99.9900 dB    U 99.9900 dB    V 99.9900 dB] [ET 21.42 ] [L0 ] [L1 ]
*** TRAIL_R numBytesInNALunit: 1715245
POC  578 TId: 0 ( I-SLICE, QP 26 )   13721960 bits [Y 99.9900 dB    U 99.9900 dB    V 99.9900 dB] [ET 21.27 ] [L0 ] [L1 ]
*** TRAIL_R numBytesInNALunit: 1714964
POC  579 TId: 0 ( I-SLICE, QP 26 )   13719712 bits [Y 99.9900 dB    U 99.9900 dB    V 99.9900 dB] [ET 21.23 ] [L0 ] [L1 ]
*** TRAIL_R numBytesInNALunit: 1714098
POC  580 TId: 0 ( I-SLICE, QP 26 )   13712784 bits [Y 99.9900 dB    U 99.9900 dB    V 99.9900 dB] [ET 21.19 ] [L0 ] [L1 ]
*** TRAIL_R numBytesInNALunit: 1713825
POC  581 TId: 0 ( I-SLICE, QP 26 )   13710600 bits [Y 99.9900 dB    U 99.9900 dB    V 99.9900 dB] [ET 21.20 ] [L0 ] [L1 ]
*** TRAIL_R numBytesInNALunit: 1714190
POC  582 TId: 0 ( I-SLICE, QP 26 )   13713520 bits [Y 99.9900 dB    U 99.9900 dB    V 99.9900 dB] [ET 21.30 ] [L0 ] [L1 ]
*** TRAIL_R numBytesInNALunit: 1714363
POC  583 TId: 0 ( I-SLICE, QP 26 )   13714904 bits [Y 99.9900 dB    U 99.9900 dB    V 99.9900 dB] [ET 21.17 ] [L0 ] [L1 ]
*** TRAIL_R numBytesInNALunit: 1714381
POC  584 TId: 0 ( I-SLICE, QP 26 )   13715048 bits [Y 99.9900 dB    U 99.9900 dB    V 99.9900 dB] [ET 21.45 ] [L0 ] [L1 ]
*** TRAIL_R numBytesInNALunit: 1713016
POC  585 TId: 0 ( I-SLICE, QP 26 )   13704128 bits [Y 99.9900 dB    U 99.9900 dB    V 99.9900 dB] [ET 21.44 ] [L0 ] [L1 ]
*** TRAIL_R numBytesInNALunit: 1713958
POC  586 TId: 0 ( I-SLICE, QP 26 )   13711664 bits [Y 99.9900 dB    U 99.9900 dB    V 99.9900 dB] [ET 21.27 ] [L0 ] [L1 ]
*** TRAIL_R numBytesInNALunit: 1715444
POC  587 TId: 0 ( I-SLICE, QP 26 )   13723552 bits [Y 99.9900 dB    U 99.9900 dB    V 99.9900 dB] [ET 21.25 ] [L0 ] [L1 ]
*** TRAIL_R numBytesInNALunit: 1714511
POC  588 TId: 0 ( I-SLICE, QP 26 )   13716088 bits [Y 99.9900 dB    U 99.9900 dB    V 99.9900 dB] [ET 21.38 ] [L0 ] [L1 ]
*** TRAIL_R numBytesInNALunit: 1714208
POC  589 TId: 0 ( I-SLICE, QP 26 )   13713664 bits [Y 99.9900 dB    U 99.9900 dB    V 99.9900 dB] [ET 21.33 ] [L0 ] [L1 ]
*** TRAIL_R numBytesInNALunit: 1714719
POC  590 TId: 0 ( I-SLICE, QP 26 )   13717752 bits [Y 99.9900 dB    U 99.9900 dB    V 99.9900 dB] [ET 21.80 ] [L0 ] [L1 ]
*** TRAIL_R numBytesInNALunit: 1714482
POC  591 TId: 0 ( I-SLICE, QP 26 )   13715856 bits [Y 99.9900 dB    U 99.9900 dB    V 99.9900 dB] [ET 21.58 ] [L0 ] [L1 ]
*** TRAIL_R numBytesInNALunit: 1714898
POC  592 TId: 0 ( I-SLICE, QP 26 )   13719184 bits [Y 99.9900 dB    U 99.9900 dB    V 99.9900 dB] [ET 21.50 ] [L0 ] [L1 ]
*** TRAIL_R numBytesInNALunit: 1714760
POC  593 TId: 0 ( I-SLICE, QP 26 )   13718080 bits [Y 99.9900 dB    U 99.9900 dB    V 99.9900 dB] [ET 21.77 ] [L0 ] [L1 ]
*** TRAIL_R numBytesInNALunit: 1715200
POC  594 TId: 0 ( I-SLICE, QP 26 )   13721600 bits [Y 99.9900 dB    U 99.9900 dB    V 99.9900 dB] [ET 21.89 ] [L0 ] [L1 ]
*** TRAIL_R numBytesInNALunit: 1715010
POC  595 TId: 0 ( I-SLICE, QP 26 )   13720080 bits [Y 99.9900 dB    U 99.9900 dB    V 99.9900 dB] [ET 21.70 ] [L0 ] [L1 ]
*** TRAIL_R numBytesInNALunit: 1715767
POC  596 TId: 0 ( I-SLICE, QP 26 )   13726136 bits [Y 99.9900 dB    U 99.9900 dB    V 99.9900 dB] [ET 21.03 ] [L0 ] [L1 ]
*** TRAIL_R numBytesInNALunit: 1714810
POC  597 TId: 0 ( I-SLICE, QP 26 )   13718480 bits [Y 99.9900 dB    U 99.9900 dB    V 99.9900 dB] [ET 21.48 ] [L0 ] [L1 ]
*** TRAIL_R numBytesInNALunit: 1714947
POC  598 TId: 0 ( I-SLICE, QP 26 )   13719576 bits [Y 99.9900 dB    U 99.9900 dB    V 99.9900 dB] [ET 21.38 ] [L0 ] [L1 ]
*** TRAIL_R numBytesInNALunit: 1715720
POC  599 TId: 0 ( I-SLICE, QP 26 )   13725760 bits [Y 99.9900 dB    U 99.9900 dB    V 99.9900 dB] [ET 21.50 ] [L0 ] [L1 ]


I Slices--------------------------------------------------------
	Total Frames |  Bitrate    Y-PSNR    U-PSNR    V-PSNR 
	      600    i 780581.1520   99.9900   99.9900   99.9900
Bytes written to file: 975728851 (780583.081 kbps)
Bytes for SPS/PPS/Slice (Incl. Annex B): 975728851 (780583.081 kbps)

 Total Time:    14000.531 sec.
