
HM software: Encoder Version [15.0][Linux][GCC 4.8.5][64 bit] 

Input          File          : ../../HEVC_test_sequence/ClassB/Cactus_1920x1080_50.yuv
Bitstream      File          : Cactus.bin
Reconstruction File          : Cactus.yuv
Real     Format              : 1920x1080 50Hz
Internal Format              : 1920x1080 50Hz
Frame/Field                  : Frame based coding
Frame index                  : 0 - 499 (500 frames)
CU size / depth              : 32 / 3
RQT trans. size (min / max)  : 4 / 32
Max RQT depth inter          : 3
Max RQT depth intra          : 1
Min PCM size                 : 8
Motion search range          : 64
Intra period                 : 1
Decoding refresh type        : 0
QP                           : 26.00
Max dQP signaling depth      : 0
Cb QP Offset                 : 0
Cr QP Offset                 : 0
QP adaptation                : 0 (range=0)
GOP size                     : 1
Internal bit depth           : (Y:8, C:8)
PCM sample bit depth         : (Y:8, C:8)
RateControl                  : 0
Max Num Merge Candidates     : 5

TOOL CFG: IBD:0 HAD:0 RDQ:0 RDQTS:0 RDpenalty:0 SQP:0 ASR:0 FEN:0 ECU:0 FDM:0 CFM:0 ESD:0 RQT:1 TransformSkip:0 TransformSkipFast:0 Slice: M=0 SliceSegment: M=0 CIP:0 SAO:0 PCM:0 TransQuantBypassEnabled: =1 WPP:0 WPB:0 PME:2  WaveFrontSynchro:0 WaveFrontSubstreams:1 ScalingList:0 TMVPMode:1  SignBitHidingFlag:1 RecalQP:0

***    VPS numBytesInNALunit: 24
***    SPS numBytesInNALunit: 31
***    PPS numBytesInNALunit: 7
*** IDR_W_RADL numBytesInNALunit: 1618415
POC    0 TId: 0 ( I-SLICE, QP 26 )   12947816 bits [Y 99.9900 dB    U 99.9900 dB    V 99.9900 dB] [ET 22.19 ] [L0 ] [L1 ]
*** TRAIL_R numBytesInNALunit: 1619005
POC    1 TId: 0 ( I-SLICE, QP 26 )   12952040 bits [Y 99.9900 dB    U 99.9900 dB    V 99.9900 dB] [ET 25.36 ] [L0 ] [L1 ]
*** TRAIL_R numBytesInNALunit: 1619692
POC    2 TId: 0 ( I-SLICE, QP 26 )   12957536 bits [Y 99.9900 dB    U 99.9900 dB    V 99.9900 dB] [ET 25.34 ] [L0 ] [L1 ]
*** TRAIL_R numBytesInNALunit: 1621164
POC    3 TId: 0 ( I-SLICE, QP 26 )   12969312 bits [Y 99.9900 dB    U 99.9900 dB    V 99.9900 dB] [ET 24.77 ] [L0 ] [L1 ]
*** TRAIL_R numBytesInNALunit: 1623256
POC    4 TId: 0 ( I-SLICE, QP 26 )   12986048 bits [Y 99.9900 dB    U 99.9900 dB    V 99.9900 dB] [ET 24.97 ] [L0 ] [L1 ]
*** TRAIL_R numBytesInNALunit: 1626809
POC    5 TId: 0 ( I-SLICE, QP 26 )   13014472 bits [Y 99.9900 dB    U 99.9900 dB    V 99.9900 dB] [ET 25.08 ] [L0 ] [L1 ]
*** TRAIL_R numBytesInNALunit: 1628984
POC    6 TId: 0 ( I-SLICE, QP 26 )   13031872 bits [Y 99.9900 dB    U 99.9900 dB    V 99.9900 dB] [ET 24.94 ] [L0 ] [L1 ]
*** TRAIL_R numBytesInNALunit: 1628014
POC    7 TId: 0 ( I-SLICE, QP 26 )   13024112 bits [Y 99.9900 dB    U 99.9900 dB    V 99.9900 dB] [ET 25.52 ] [L0 ] [L1 ]
*** TRAIL_R numBytesInNALunit: 1625418
POC    8 TId: 0 ( I-SLICE, QP 26 )   13003344 bits [Y 99.9900 dB    U 99.9900 dB    V 99.9900 dB] [ET 24.86 ] [L0 ] [L1 ]
*** TRAIL_R numBytesInNALunit: 1624869
POC    9 TId: 0 ( I-SLICE, QP 26 )   12998952 bits [Y 99.9900 dB    U 99.9900 dB    V 99.9900 dB] [ET 26.91 ] [L0 ] [L1 ]
*** TRAIL_R numBytesInNALunit: 1623181
POC   10 TId: 0 ( I-SLICE, QP 26 )   12985448 bits [Y 99.9900 dB    U 99.9900 dB    V 99.9900 dB] [ET 27.00 ] [L0 ] [L1 ]
*** TRAIL_R numBytesInNALunit: 1622482
POC   11 TId: 0 ( I-SLICE, QP 26 )   12979856 bits [Y 99.9900 dB    U 99.9900 dB    V 99.9900 dB] [ET 26.64 ] [L0 ] [L1 ]
*** TRAIL_R numBytesInNALunit: 1621692
POC   12 TId: 0 ( I-SLICE, QP 26 )   12973536 bits [Y 99.9900 dB    U 99.9900 dB    V 99.9900 dB] [ET 26.38 ] [L0 ] [L1 ]
*** TRAIL_R numBytesInNALunit: 1621919
POC   13 TId: 0 ( I-SLICE, QP 26 )   12975352 bits [Y 99.9900 dB    U 99.9900 dB    V 99.9900 dB] [ET 26.91 ] [L0 ] [L1 ]
*** TRAIL_R numBytesInNALunit: 1621357
POC   14 TId: 0 ( I-SLICE, QP 26 )   12970856 bits [Y 99.9900 dB    U 99.9900 dB    V 99.9900 dB] [ET 26.44 ] [L0 ] [L1 ]
*** TRAIL_R numBytesInNALunit: 1620547
POC   15 TId: 0 ( I-SLICE, QP 26 )   12964376 bits [Y 99.9900 dB    U 99.9900 dB    V 99.9900 dB] [ET 26.64 ] [L0 ] [L1 ]
*** TRAIL_R numBytesInNALunit: 1619600
POC   16 TId: 0 ( I-SLICE, QP 26 )   12956800 bits [Y 99.9900 dB    U 99.9900 dB    V 99.9900 dB] [ET 26.72 ] [L0 ] [L1 ]
*** TRAIL_R numBytesInNALunit: 1619426
POC   17 TId: 0 ( I-SLICE, QP 26 )   12955408 bits [Y 99.9900 dB    U 99.9900 dB    V 99.9900 dB] [ET 26.48 ] [L0 ] [L1 ]
*** TRAIL_R numBytesInNALunit: 1619787
POC   18 TId: 0 ( I-SLICE, QP 26 )   12958296 bits [Y 99.9900 dB    U 99.9900 dB    V 99.9900 dB] [ET 26.58 ] [L0 ] [L1 ]
*** TRAIL_R numBytesInNALunit: 1621922
POC   19 TId: 0 ( I-SLICE, QP 26 )   12975376 bits [Y 99.9900 dB    U 99.9900 dB    V 99.9900 dB] [ET 26.30 ] [L0 ] [L1 ]
*** TRAIL_R numBytesInNALunit: 1620849
POC   20 TId: 0 ( I-SLICE, QP 26 )   12966792 bits [Y 99.9900 dB    U 99.9900 dB    V 99.9900 dB] [ET 26.67 ] [L0 ] [L1 ]
*** TRAIL_R numBytesInNALunit: 1619483
POC   21 TId: 0 ( I-SLICE, QP 26 )   12955864 bits [Y 99.9900 dB    U 99.9900 dB    V 99.9900 dB] [ET 26.20 ] [L0 ] [L1 ]
*** TRAIL_R numBytesInNALunit: 1619651
POC   22 TId: 0 ( I-SLICE, QP 26 )   12957208 bits [Y 99.9900 dB    U 99.9900 dB    V 99.9900 dB] [ET 26.28 ] [L0 ] [L1 ]
*** TRAIL_R numBytesInNALunit: 1620207
POC   23 TId: 0 ( I-SLICE, QP 26 )   12961656 bits [Y 99.9900 dB    U 99.9900 dB    V 99.9900 dB] [ET 26.11 ] [L0 ] [L1 ]
*** TRAIL_R numBytesInNALunit: 1619509
POC   24 TId: 0 ( I-SLICE, QP 26 )   12956072 bits [Y 99.9900 dB    U 99.9900 dB    V 99.9900 dB] [ET 26.30 ] [L0 ] [L1 ]
*** TRAIL_R numBytesInNALunit: 1619537
POC   25 TId: 0 ( I-SLICE, QP 26 )   12956296 bits [Y 99.9900 dB    U 99.9900 dB    V 99.9900 dB] [ET 26.11 ] [L0 ] [L1 ]
*** TRAIL_R numBytesInNALunit: 1619861
POC   26 TId: 0 ( I-SLICE, QP 26 )   12958888 bits [Y 99.9900 dB    U 99.9900 dB    V 99.9900 dB] [ET 25.48 ] [L0 ] [L1 ]
*** TRAIL_R numBytesInNALunit: 1619957
POC   27 TId: 0 ( I-SLICE, QP 26 )   12959656 bits [Y 99.9900 dB    U 99.9900 dB    V 99.9900 dB] [ET 26.05 ] [L0 ] [L1 ]
*** TRAIL_R numBytesInNALunit: 1618749
POC   28 TId: 0 ( I-SLICE, QP 26 )   12949992 bits [Y 99.9900 dB    U 99.9900 dB    V 99.9900 dB] [ET 26.45 ] [L0 ] [L1 ]
*** TRAIL_R numBytesInNALunit: 1619502
POC   29 TId: 0 ( I-SLICE, QP 26 )   12956016 bits [Y 99.9900 dB    U 99.9900 dB    V 99.9900 dB] [ET 26.95 ] [L0 ] [L1 ]
*** TRAIL_R numBytesInNALunit: 1618722
POC   30 TId: 0 ( I-SLICE, QP 26 )   12949776 bits [Y 99.9900 dB    U 99.9900 dB    V 99.9900 dB] [ET 26.61 ] [L0 ] [L1 ]
*** TRAIL_R numBytesInNALunit: 1619608
POC   31 TId: 0 ( I-SLICE, QP 26 )   12956864 bits [Y 99.9900 dB    U 99.9900 dB    V 99.9900 dB] [ET 26.53 ] [L0 ] [L1 ]
*** TRAIL_R numBytesInNALunit: 1621075
POC   32 TId: 0 ( I-SLICE, QP 26 )   12968600 bits [Y 99.9900 dB    U 99.9900 dB    V 99.9900 dB] [ET 27.28 ] [L0 ] [L1 ]
*** TRAIL_R numBytesInNALunit: 1622023
POC   33 TId: 0 ( I-SLICE, QP 26 )   12976184 bits [Y 99.9900 dB    U 99.9900 dB    V 99.9900 dB] [ET 26.62 ] [L0 ] [L1 ]
*** TRAIL_R numBytesInNALunit: 1622817
POC   34 TId: 0 ( I-SLICE, QP 26 )   12982536 bits [Y 99.9900 dB    U 99.9900 dB    V 99.9900 dB] [ET 26.34 ] [L0 ] [L1 ]
*** TRAIL_R numBytesInNALunit: 1622149
POC   35 TId: 0 ( I-SLICE, QP 26 )   12977192 bits [Y 99.9900 dB    U 99.9900 dB    V 99.9900 dB] [ET 26.48 ] [L0 ] [L1 ]
*** TRAIL_R numBytesInNALunit: 1622398
POC   36 TId: 0 ( I-SLICE, QP 26 )   12979184 bits [Y 99.9900 dB    U 99.9900 dB    V 99.9900 dB] [ET 26.95 ] [L0 ] [L1 ]
*** TRAIL_R numBytesInNALunit: 1623491
POC   37 TId: 0 ( I-SLICE, QP 26 )   12987928 bits [Y 99.9900 dB    U 99.9900 dB    V 99.9900 dB] [ET 25.84 ] [L0 ] [L1 ]
*** TRAIL_R numBytesInNALunit: 1623725
POC   38 TId: 0 ( I-SLICE, QP 26 )   12989800 bits [Y 99.9900 dB    U 99.9900 dB    V 99.9900 dB] [ET 26.41 ] [L0 ] [L1 ]
*** TRAIL_R numBytesInNALunit: 1624178
POC   39 TId: 0 ( I-SLICE, QP 26 )   12993424 bits [Y 99.9900 dB    U 99.9900 dB    V 99.9900 dB] [ET 26.98 ] [L0 ] [L1 ]
*** TRAIL_R numBytesInNALunit: 1623632
POC   40 TId: 0 ( I-SLICE, QP 26 )   12989056 bits [Y 99.9900 dB    U 99.9900 dB    V 99.9900 dB] [ET 26.88 ] [L0 ] [L1 ]
*** TRAIL_R numBytesInNALunit: 1622425
POC   41 TId: 0 ( I-SLICE, QP 26 )   12979400 bits [Y 99.9900 dB    U 99.9900 dB    V 99.9900 dB] [ET 26.47 ] [L0 ] [L1 ]
*** TRAIL_R numBytesInNALunit: 1621037
POC   42 TId: 0 ( I-SLICE, QP 26 )   12968296 bits [Y 99.9900 dB    U 99.9900 dB    V 99.9900 dB] [ET 26.78 ] [L0 ] [L1 ]
*** TRAIL_R numBytesInNALunit: 1620287
POC   43 TId: 0 ( I-SLICE, QP 26 )   12962296 bits [Y 99.9900 dB    U 99.9900 dB    V 99.9900 dB] [ET 26.17 ] [L0 ] [L1 ]
*** TRAIL_R numBytesInNALunit: 1618527
POC   44 TId: 0 ( I-SLICE, QP 26 )   12948216 bits [Y 99.9900 dB    U 99.9900 dB    V 99.9900 dB] [ET 26.22 ] [L0 ] [L1 ]
*** TRAIL_R numBytesInNALunit: 1620015
POC   45 TId: 0 ( I-SLICE, QP 26 )   12960120 bits [Y 99.9900 dB    U 99.9900 dB    V 99.9900 dB] [ET 26.23 ] [L0 ] [L1 ]
*** TRAIL_R numBytesInNALunit: 1621010
POC   46 TId: 0 ( I-SLICE, QP 26 )   12968080 bits [Y 99.9900 dB    U 99.9900 dB    V 99.9900 dB] [ET 26.78 ] [L0 ] [L1 ]
*** TRAIL_R numBytesInNALunit: 1621253
POC   47 TId: 0 ( I-SLICE, QP 26 )   12970024 bits [Y 99.9900 dB    U 99.9900 dB    V 99.9900 dB] [ET 26.19 ] [L0 ] [L1 ]
*** TRAIL_R numBytesInNALunit: 1620870
POC   48 TId: 0 ( I-SLICE, QP 26 )   12966960 bits [Y 99.9900 dB    U 99.9900 dB    V 99.9900 dB] [ET 26.52 ] [L0 ] [L1 ]
*** TRAIL_R numBytesInNALunit: 1620542
POC   49 TId: 0 ( I-SLICE, QP 26 )   12964336 bits [Y 99.9900 dB    U 99.9900 dB    V 99.9900 dB] [ET 26.89 ] [L0 ] [L1 ]
*** TRAIL_R numBytesInNALunit: 1619640
POC   50 TId: 0 ( I-SLICE, QP 26 )   12957120 bits [Y 99.9900 dB    U 99.9900 dB    V 99.9900 dB] [ET 26.25 ] [L0 ] [L1 ]
*** TRAIL_R numBytesInNALunit: 1622166
POC   51 TId: 0 ( I-SLICE, QP 26 )   12977328 bits [Y 99.9900 dB    U 99.9900 dB    V 99.9900 dB] [ET 26.58 ] [L0 ] [L1 ]
*** TRAIL_R numBytesInNALunit: 1621762
POC   52 TId: 0 ( I-SLICE, QP 26 )   12974096 bits [Y 99.9900 dB    U 99.9900 dB    V 99.9900 dB] [ET 26.16 ] [L0 ] [L1 ]
*** TRAIL_R numBytesInNALunit: 1621178
POC   53 TId: 0 ( I-SLICE, QP 26 )   12969424 bits [Y 99.9900 dB    U 99.9900 dB    V 99.9900 dB] [ET 26.56 ] [L0 ] [L1 ]
*** TRAIL_R numBytesInNALunit: 1622345
POC   54 TId: 0 ( I-SLICE, QP 26 )   12978760 bits [Y 99.9900 dB    U 99.9900 dB    V 99.9900 dB] [ET 26.23 ] [L0 ] [L1 ]
*** TRAIL_R numBytesInNALunit: 1622542
POC   55 TId: 0 ( I-SLICE, QP 26 )   12980336 bits [Y 99.9900 dB    U 99.9900 dB    V 99.9900 dB] [ET 26.34 ] [L0 ] [L1 ]
*** TRAIL_R numBytesInNALunit: 1622947
POC   56 TId: 0 ( I-SLICE, QP 26 )   12983576 bits [Y 99.9900 dB    U 99.9900 dB    V 99.9900 dB] [ET 26.19 ] [L0 ] [L1 ]
*** TRAIL_R numBytesInNALunit: 1624648
POC   57 TId: 0 ( I-SLICE, QP 26 )   12997184 bits [Y 99.9900 dB    U 99.9900 dB    V 99.9900 dB] [ET 26.33 ] [L0 ] [L1 ]
*** TRAIL_R numBytesInNALunit: 1626123
POC   58 TId: 0 ( I-SLICE, QP 26 )   13008984 bits [Y 99.9900 dB    U 99.9900 dB    V 99.9900 dB] [ET 26.94 ] [L0 ] [L1 ]
*** TRAIL_R numBytesInNALunit: 1626391
POC   59 TId: 0 ( I-SLICE, QP 26 )   13011128 bits [Y 99.9900 dB    U 99.9900 dB    V 99.9900 dB] [ET 26.22 ] [L0 ] [L1 ]
*** TRAIL_R numBytesInNALunit: 1627837
POC   60 TId: 0 ( I-SLICE, QP 26 )   13022696 bits [Y 99.9900 dB    U 99.9900 dB    V 99.9900 dB] [ET 26.75 ] [L0 ] [L1 ]
*** TRAIL_R numBytesInNALunit: 1627994
POC   61 TId: 0 ( I-SLICE, QP 26 )   13023952 bits [Y 99.9900 dB    U 99.9900 dB    V 99.9900 dB] [ET 26.27 ] [L0 ] [L1 ]
*** TRAIL_R numBytesInNALunit: 1627201
POC   62 TId: 0 ( I-SLICE, QP 26 )   13017608 bits [Y 99.9900 dB    U 99.9900 dB    V 99.9900 dB] [ET 26.09 ] [L0 ] [L1 ]
*** TRAIL_R numBytesInNALunit: 1627849
POC   63 TId: 0 ( I-SLICE, QP 26 )   13022792 bits [Y 99.9900 dB    U 99.9900 dB    V 99.9900 dB] [ET 26.92 ] [L0 ] [L1 ]
*** TRAIL_R numBytesInNALunit: 1625531
POC   64 TId: 0 ( I-SLICE, QP 26 )   13004248 bits [Y 99.9900 dB    U 99.9900 dB    V 99.9900 dB] [ET 27.09 ] [L0 ] [L1 ]
*** TRAIL_R numBytesInNALunit: 1624541
POC   65 TId: 0 ( I-SLICE, QP 26 )   12996328 bits [Y 99.9900 dB    U 99.9900 dB    V 99.9900 dB] [ET 26.66 ] [L0 ] [L1 ]
*** TRAIL_R numBytesInNALunit: 1623035
POC   66 TId: 0 ( I-SLICE, QP 26 )   12984280 bits [Y 99.9900 dB    U 99.9900 dB    V 99.9900 dB] [ET 27.09 ] [L0 ] [L1 ]
*** TRAIL_R numBytesInNALunit: 1621859
POC   67 TId: 0 ( I-SLICE, QP 26 )   12974872 bits [Y 99.9900 dB    U 99.9900 dB    V 99.9900 dB] [ET 26.61 ] [L0 ] [L1 ]
*** TRAIL_R numBytesInNALunit: 1619617
POC   68 TId: 0 ( I-SLICE, QP 26 )   12956936 bits [Y 99.9900 dB    U 99.9900 dB    V 99.9900 dB] [ET 26.61 ] [L0 ] [L1 ]
*** TRAIL_R numBytesInNALunit: 1617979
POC   69 TId: 0 ( I-SLICE, QP 26 )   12943832 bits [Y 99.9900 dB    U 99.9900 dB    V 99.9900 dB] [ET 26.33 ] [L0 ] [L1 ]
*** TRAIL_R numBytesInNALunit: 1616439
POC   70 TId: 0 ( I-SLICE, QP 26 )   12931512 bits [Y 99.9900 dB    U 99.9900 dB    V 99.9900 dB] [ET 27.59 ] [L0 ] [L1 ]
*** TRAIL_R numBytesInNALunit: 1616920
POC   71 TId: 0 ( I-SLICE, QP 26 )   12935360 bits [Y 99.9900 dB    U 99.9900 dB    V 99.9900 dB] [ET 27.05 ] [L0 ] [L1 ]
*** TRAIL_R numBytesInNALunit: 1615454
POC   72 TId: 0 ( I-SLICE, QP 26 )   12923632 bits [Y 99.9900 dB    U 99.9900 dB    V 99.9900 dB] [ET 27.22 ] [L0 ] [L1 ]
*** TRAIL_R numBytesInNALunit: 1614581
POC   73 TId: 0 ( I-SLICE, QP 26 )   12916648 bits [Y 99.9900 dB    U 99.9900 dB    V 99.9900 dB] [ET 27.28 ] [L0 ] [L1 ]
*** TRAIL_R numBytesInNALunit: 1614980
POC   74 TId: 0 ( I-SLICE, QP 26 )   12919840 bits [Y 99.9900 dB    U 99.9900 dB    V 99.9900 dB] [ET 26.58 ] [L0 ] [L1 ]
*** TRAIL_R numBytesInNALunit: 1613697
POC   75 TId: 0 ( I-SLICE, QP 26 )   12909576 bits [Y 99.9900 dB    U 99.9900 dB    V 99.9900 dB] [ET 26.88 ] [L0 ] [L1 ]
*** TRAIL_R numBytesInNALunit: 1613698
POC   76 TId: 0 ( I-SLICE, QP 26 )   12909584 bits [Y 99.9900 dB    U 99.9900 dB    V 99.9900 dB] [ET 26.34 ] [L0 ] [L1 ]
*** TRAIL_R numBytesInNALunit: 1614678
POC   77 TId: 0 ( I-SLICE, QP 26 )   12917424 bits [Y 99.9900 dB    U 99.9900 dB    V 99.9900 dB] [ET 26.78 ] [L0 ] [L1 ]
*** TRAIL_R numBytesInNALunit: 1612835
POC   78 TId: 0 ( I-SLICE, QP 26 )   12902680 bits [Y 99.9900 dB    U 99.9900 dB    V 99.9900 dB] [ET 27.02 ] [L0 ] [L1 ]
*** TRAIL_R numBytesInNALunit: 1612184
POC   79 TId: 0 ( I-SLICE, QP 26 )   12897472 bits [Y 99.9900 dB    U 99.9900 dB    V 99.9900 dB] [ET 26.78 ] [L0 ] [L1 ]
*** TRAIL_R numBytesInNALunit: 1612278
POC   80 TId: 0 ( I-SLICE, QP 26 )   12898224 bits [Y 99.9900 dB    U 99.9900 dB    V 99.9900 dB] [ET 27.03 ] [L0 ] [L1 ]
*** TRAIL_R numBytesInNALunit: 1612171
POC   81 TId: 0 ( I-SLICE, QP 26 )   12897368 bits [Y 99.9900 dB    U 99.9900 dB    V 99.9900 dB] [ET 26.55 ] [L0 ] [L1 ]
*** TRAIL_R numBytesInNALunit: 1612789
POC   82 TId: 0 ( I-SLICE, QP 26 )   12902312 bits [Y 99.9900 dB    U 99.9900 dB    V 99.9900 dB] [ET 26.53 ] [L0 ] [L1 ]
*** TRAIL_R numBytesInNALunit: 1613821
POC   83 TId: 0 ( I-SLICE, QP 26 )   12910568 bits [Y 99.9900 dB    U 99.9900 dB    V 99.9900 dB] [ET 27.11 ] [L0 ] [L1 ]
*** TRAIL_R numBytesInNALunit: 1615103
POC   84 TId: 0 ( I-SLICE, QP 26 )   12920824 bits [Y 99.9900 dB    U 99.9900 dB    V 99.9900 dB] [ET 26.69 ] [L0 ] [L1 ]
*** TRAIL_R numBytesInNALunit: 1615217
POC   85 TId: 0 ( I-SLICE, QP 26 )   12921736 bits [Y 99.9900 dB    U 99.9900 dB    V 99.9900 dB] [ET 26.73 ] [L0 ] [L1 ]
*** TRAIL_R numBytesInNALunit: 1615174
POC   86 TId: 0 ( I-SLICE, QP 26 )   12921392 bits [Y 99.9900 dB    U 99.9900 dB    V 99.9900 dB] [ET 26.42 ] [L0 ] [L1 ]
*** TRAIL_R numBytesInNALunit: 1614580
POC   87 TId: 0 ( I-SLICE, QP 26 )   12916640 bits [Y 99.9900 dB    U 99.9900 dB    V 99.9900 dB] [ET 25.08 ] [L0 ] [L1 ]
*** TRAIL_R numBytesInNALunit: 1611753
POC   88 TId: 0 ( I-SLICE, QP 26 )   12894024 bits [Y 99.9900 dB    U 99.9900 dB    V 99.9900 dB] [ET 25.48 ] [L0 ] [L1 ]
*** TRAIL_R numBytesInNALunit: 1611982
POC   89 TId: 0 ( I-SLICE, QP 26 )   12895856 bits [Y 99.9900 dB    U 99.9900 dB    V 99.9900 dB] [ET 24.98 ] [L0 ] [L1 ]
*** TRAIL_R numBytesInNALunit: 1611528
POC   90 TId: 0 ( I-SLICE, QP 26 )   12892224 bits [Y 99.9900 dB    U 99.9900 dB    V 99.9900 dB] [ET 25.23 ] [L0 ] [L1 ]
*** TRAIL_R numBytesInNALunit: 1611145
POC   91 TId: 0 ( I-SLICE, QP 26 )   12889160 bits [Y 99.9900 dB    U 99.9900 dB    V 99.9900 dB] [ET 25.45 ] [L0 ] [L1 ]
*** TRAIL_R numBytesInNALunit: 1610380
POC   92 TId: 0 ( I-SLICE, QP 26 )   12883040 bits [Y 99.9900 dB    U 99.9900 dB    V 99.9900 dB] [ET 25.81 ] [L0 ] [L1 ]
*** TRAIL_R numBytesInNALunit: 1608564
POC   93 TId: 0 ( I-SLICE, QP 26 )   12868512 bits [Y 99.9900 dB    U 99.9900 dB    V 99.9900 dB] [ET 25.58 ] [L0 ] [L1 ]
*** TRAIL_R numBytesInNALunit: 1608885
POC   94 TId: 0 ( I-SLICE, QP 26 )   12871080 bits [Y 99.9900 dB    U 99.9900 dB    V 99.9900 dB] [ET 25.42 ] [L0 ] [L1 ]
*** TRAIL_R numBytesInNALunit: 1607697
POC   95 TId: 0 ( I-SLICE, QP 26 )   12861576 bits [Y 99.9900 dB    U 99.9900 dB    V 99.9900 dB] [ET 25.23 ] [L0 ] [L1 ]
*** TRAIL_R numBytesInNALunit: 1609301
POC   96 TId: 0 ( I-SLICE, QP 26 )   12874408 bits [Y 99.9900 dB    U 99.9900 dB    V 99.9900 dB] [ET 24.62 ] [L0 ] [L1 ]
*** TRAIL_R numBytesInNALunit: 1610157
POC   97 TId: 0 ( I-SLICE, QP 26 )   12881256 bits [Y 99.9900 dB    U 99.9900 dB    V 99.9900 dB] [ET 24.41 ] [L0 ] [L1 ]
*** TRAIL_R numBytesInNALunit: 1609317
POC   98 TId: 0 ( I-SLICE, QP 26 )   12874536 bits [Y 99.9900 dB    U 99.9900 dB    V 99.9900 dB] [ET 24.47 ] [L0 ] [L1 ]
*** TRAIL_R numBytesInNALunit: 1611424
POC   99 TId: 0 ( I-SLICE, QP 26 )   12891392 bits [Y 99.9900 dB    U 99.9900 dB    V 99.9900 dB] [ET 24.66 ] [L0 ] [L1 ]
*** TRAIL_R numBytesInNALunit: 1610764
POC  100 TId: 0 ( I-SLICE, QP 26 )   12886112 bits [Y 99.9900 dB    U 99.9900 dB    V 99.9900 dB] [ET 25.06 ] [L0 ] [L1 ]
*** TRAIL_R numBytesInNALunit: 1610823
POC  101 TId: 0 ( I-SLICE, QP 26 )   12886584 bits [Y 99.9900 dB    U 99.9900 dB    V 99.9900 dB] [ET 24.83 ] [L0 ] [L1 ]
*** TRAIL_R numBytesInNALunit: 1609908
POC  102 TId: 0 ( I-SLICE, QP 26 )   12879264 bits [Y 99.9900 dB    U 99.9900 dB    V 99.9900 dB] [ET 24.98 ] [L0 ] [L1 ]
*** TRAIL_R numBytesInNALunit: 1610708
POC  103 TId: 0 ( I-SLICE, QP 26 )   12885664 bits [Y 99.9900 dB    U 99.9900 dB    V 99.9900 dB] [ET 24.58 ] [L0 ] [L1 ]
*** TRAIL_R numBytesInNALunit: 1610996
POC  104 TId: 0 ( I-SLICE, QP 26 )   12887968 bits [Y 99.9900 dB    U 99.9900 dB    V 99.9900 dB] [ET 24.67 ] [L0 ] [L1 ]
*** TRAIL_R numBytesInNALunit: 1609954
POC  105 TId: 0 ( I-SLICE, QP 26 )   12879632 bits [Y 99.9900 dB    U 99.9900 dB    V 99.9900 dB] [ET 24.69 ] [L0 ] [L1 ]
*** TRAIL_R numBytesInNALunit: 1609328
POC  106 TId: 0 ( I-SLICE, QP 26 )   12874624 bits [Y 99.9900 dB    U 99.9900 dB    V 99.9900 dB] [ET 25.28 ] [L0 ] [L1 ]
*** TRAIL_R numBytesInNALunit: 1609122
POC  107 TId: 0 ( I-SLICE, QP 26 )   12872976 bits [Y 99.9900 dB    U 99.9900 dB    V 99.9900 dB] [ET 24.61 ] [L0 ] [L1 ]
*** TRAIL_R numBytesInNALunit: 1609537
POC  108 TId: 0 ( I-SLICE, QP 26 )   12876296 bits [Y 99.9900 dB    U 99.9900 dB    V 99.9900 dB] [ET 24.03 ] [L0 ] [L1 ]
*** TRAIL_R numBytesInNALunit: 1610819
POC  109 TId: 0 ( I-SLICE, QP 26 )   12886552 bits [Y 99.9900 dB    U 99.9900 dB    V 99.9900 dB] [ET 23.19 ] [L0 ] [L1 ]
*** TRAIL_R numBytesInNALunit: 1611563
POC  110 TId: 0 ( I-SLICE, QP 26 )   12892504 bits [Y 99.9900 dB    U 99.9900 dB    V 99.9900 dB] [ET 24.86 ] [L0 ] [L1 ]
*** TRAIL_R numBytesInNALunit: 1613407
POC  111 TId: 0 ( I-SLICE, QP 26 )   12907256 bits [Y 99.9900 dB    U 99.9900 dB    V 99.9900 dB] [ET 26.97 ] [L0 ] [L1 ]
*** TRAIL_R numBytesInNALunit: 1613079
POC  112 TId: 0 ( I-SLICE, QP 26 )   12904632 bits [Y 99.9900 dB    U 99.9900 dB    V 99.9900 dB] [ET 27.30 ] [L0 ] [L1 ]
*** TRAIL_R numBytesInNALunit: 1613800
POC  113 TId: 0 ( I-SLICE, QP 26 )   12910400 bits [Y 99.9900 dB    U 99.9900 dB    V 99.9900 dB] [ET 27.27 ] [L0 ] [L1 ]
*** TRAIL_R numBytesInNALunit: 1615901
POC  114 TId: 0 ( I-SLICE, QP 26 )   12927208 bits [Y 99.9900 dB    U 99.9900 dB    V 99.9900 dB] [ET 26.80 ] [L0 ] [L1 ]
*** TRAIL_R numBytesInNALunit: 1616943
POC  115 TId: 0 ( I-SLICE, QP 26 )   12935544 bits [Y 99.9900 dB    U 99.9900 dB    V 99.9900 dB] [ET 27.31 ] [L0 ] [L1 ]
*** TRAIL_R numBytesInNALunit: 1617381
POC  116 TId: 0 ( I-SLICE, QP 26 )   12939048 bits [Y 99.9900 dB    U 99.9900 dB    V 99.9900 dB] [ET 27.17 ] [L0 ] [L1 ]
*** TRAIL_R numBytesInNALunit: 1616864
POC  117 TId: 0 ( I-SLICE, QP 26 )   12934912 bits [Y 99.9900 dB    U 99.9900 dB    V 99.9900 dB] [ET 26.88 ] [L0 ] [L1 ]
*** TRAIL_R numBytesInNALunit: 1615458
POC  118 TId: 0 ( I-SLICE, QP 26 )   12923664 bits [Y 99.9900 dB    U 99.9900 dB    V 99.9900 dB] [ET 26.64 ] [L0 ] [L1 ]
*** TRAIL_R numBytesInNALunit: 1614179
POC  119 TId: 0 ( I-SLICE, QP 26 )   12913432 bits [Y 99.9900 dB    U 99.9900 dB    V 99.9900 dB] [ET 26.70 ] [L0 ] [L1 ]
*** TRAIL_R numBytesInNALunit: 1611914
POC  120 TId: 0 ( I-SLICE, QP 26 )   12895312 bits [Y 99.9900 dB    U 99.9900 dB    V 99.9900 dB] [ET 26.95 ] [L0 ] [L1 ]
*** TRAIL_R numBytesInNALunit: 1610331
POC  121 TId: 0 ( I-SLICE, QP 26 )   12882648 bits [Y 99.9900 dB    U 99.9900 dB    V 99.9900 dB] [ET 27.55 ] [L0 ] [L1 ]
*** TRAIL_R numBytesInNALunit: 1608737
POC  122 TId: 0 ( I-SLICE, QP 26 )   12869896 bits [Y 99.9900 dB    U 99.9900 dB    V 99.9900 dB] [ET 26.83 ] [L0 ] [L1 ]
*** TRAIL_R numBytesInNALunit: 1607688
POC  123 TId: 0 ( I-SLICE, QP 26 )   12861504 bits [Y 99.9900 dB    U 99.9900 dB    V 99.9900 dB] [ET 27.00 ] [L0 ] [L1 ]
*** TRAIL_R numBytesInNALunit: 1605652
POC  124 TId: 0 ( I-SLICE, QP 26 )   12845216 bits [Y 99.9900 dB    U 99.9900 dB    V 99.9900 dB] [ET 26.77 ] [L0 ] [L1 ]
*** TRAIL_R numBytesInNALunit: 1603306
POC  125 TId: 0 ( I-SLICE, QP 26 )   12826448 bits [Y 99.9900 dB    U 99.9900 dB    V 99.9900 dB] [ET 27.38 ] [L0 ] [L1 ]
*** TRAIL_R numBytesInNALunit: 1603039
POC  126 TId: 0 ( I-SLICE, QP 26 )   12824312 bits [Y 99.9900 dB    U 99.9900 dB    V 99.9900 dB] [ET 27.52 ] [L0 ] [L1 ]
*** TRAIL_R numBytesInNALunit: 1602383
POC  127 TId: 0 ( I-SLICE, QP 26 )   12819064 bits [Y 99.9900 dB    U 99.9900 dB    V 99.9900 dB] [ET 27.03 ] [L0 ] [L1 ]
*** TRAIL_R numBytesInNALunit: 1601744
POC  128 TId: 0 ( I-SLICE, QP 26 )   12813952 bits [Y 99.9900 dB    U 99.9900 dB    V 99.9900 dB] [ET 27.02 ] [L0 ] [L1 ]
*** TRAIL_R numBytesInNALunit: 1600354
POC  129 TId: 0 ( I-SLICE, QP 26 )   12802832 bits [Y 99.9900 dB    U 99.9900 dB    V 99.9900 dB] [ET 26.81 ] [L0 ] [L1 ]
*** TRAIL_R numBytesInNALunit: 1599034
POC  130 TId: 0 ( I-SLICE, QP 26 )   12792272 bits [Y 99.9900 dB    U 99.9900 dB    V 99.9900 dB] [ET 26.92 ] [L0 ] [L1 ]
*** TRAIL_R numBytesInNALunit: 1595420
POC  131 TId: 0 ( I-SLICE, QP 26 )   12763360 bits [Y 99.9900 dB    U 99.9900 dB    V 99.9900 dB] [ET 27.31 ] [L0 ] [L1 ]
*** TRAIL_R numBytesInNALunit: 1593533
POC  132 TId: 0 ( I-SLICE, QP 26 )   12748264 bits [Y 99.9900 dB    U 99.9900 dB    V 99.9900 dB] [ET 27.27 ] [L0 ] [L1 ]
*** TRAIL_R numBytesInNALunit: 1592171
POC  133 TId: 0 ( I-SLICE, QP 26 )   12737368 bits [Y 99.9900 dB    U 99.9900 dB    V 99.9900 dB] [ET 27.05 ] [L0 ] [L1 ]
*** TRAIL_R numBytesInNALunit: 1592854
POC  134 TId: 0 ( I-SLICE, QP 26 )   12742832 bits [Y 99.9900 dB    U 99.9900 dB    V 99.9900 dB] [ET 27.47 ] [L0 ] [L1 ]
*** TRAIL_R numBytesInNALunit: 1591559
POC  135 TId: 0 ( I-SLICE, QP 26 )   12732472 bits [Y 99.9900 dB    U 99.9900 dB    V 99.9900 dB] [ET 25.72 ] [L0 ] [L1 ]
*** TRAIL_R numBytesInNALunit: 1590264
POC  136 TId: 0 ( I-SLICE, QP 26 )   12722112 bits [Y 99.9900 dB    U 99.9900 dB    V 99.9900 dB] [ET 25.23 ] [L0 ] [L1 ]
*** TRAIL_R numBytesInNALunit: 1588371
POC  137 TId: 0 ( I-SLICE, QP 26 )   12706968 bits [Y 99.9900 dB    U 99.9900 dB    V 99.9900 dB] [ET 24.88 ] [L0 ] [L1 ]
*** TRAIL_R numBytesInNALunit: 1587042
POC  138 TId: 0 ( I-SLICE, QP 26 )   12696336 bits [Y 99.9900 dB    U 99.9900 dB    V 99.9900 dB] [ET 24.75 ] [L0 ] [L1 ]
*** TRAIL_R numBytesInNALunit: 1586398
POC  139 TId: 0 ( I-SLICE, QP 26 )   12691184 bits [Y 99.9900 dB    U 99.9900 dB    V 99.9900 dB] [ET 25.28 ] [L0 ] [L1 ]
*** TRAIL_R numBytesInNALunit: 1584647
POC  140 TId: 0 ( I-SLICE, QP 26 )   12677176 bits [Y 99.9900 dB    U 99.9900 dB    V 99.9900 dB] [ET 25.30 ] [L0 ] [L1 ]
*** TRAIL_R numBytesInNALunit: 1584840
POC  141 TId: 0 ( I-SLICE, QP 26 )   12678720 bits [Y 99.9900 dB    U 99.9900 dB    V 99.9900 dB] [ET 24.59 ] [L0 ] [L1 ]
*** TRAIL_R numBytesInNALunit: 1585607
POC  142 TId: 0 ( I-SLICE, QP 26 )   12684856 bits [Y 99.9900 dB    U 99.9900 dB    V 99.9900 dB] [ET 24.86 ] [L0 ] [L1 ]
*** TRAIL_R numBytesInNALunit: 1585895
POC  143 TId: 0 ( I-SLICE, QP 26 )   12687160 bits [Y 99.9900 dB    U 99.9900 dB    V 99.9900 dB] [ET 24.81 ] [L0 ] [L1 ]
*** TRAIL_R numBytesInNALunit: 1585644
POC  144 TId: 0 ( I-SLICE, QP 26 )   12685152 bits [Y 99.9900 dB    U 99.9900 dB    V 99.9900 dB] [ET 24.88 ] [L0 ] [L1 ]
*** TRAIL_R numBytesInNALunit: 1585508
POC  145 TId: 0 ( I-SLICE, QP 26 )   12684064 bits [Y 99.9900 dB    U 99.9900 dB    V 99.9900 dB] [ET 25.17 ] [L0 ] [L1 ]
*** TRAIL_R numBytesInNALunit: 1585494
POC  146 TId: 0 ( I-SLICE, QP 26 )   12683952 bits [Y 99.9900 dB    U 99.9900 dB    V 99.9900 dB] [ET 24.80 ] [L0 ] [L1 ]
*** TRAIL_R numBytesInNALunit: 1585545
POC  147 TId: 0 ( I-SLICE, QP 26 )   12684360 bits [Y 99.9900 dB    U 99.9900 dB    V 99.9900 dB] [ET 25.12 ] [L0 ] [L1 ]
*** TRAIL_R numBytesInNALunit: 1585335
POC  148 TId: 0 ( I-SLICE, QP 26 )   12682680 bits [Y 99.9900 dB    U 99.9900 dB    V 99.9900 dB] [ET 25.12 ] [L0 ] [L1 ]
*** TRAIL_R numBytesInNALunit: 1585236
POC  149 TId: 0 ( I-SLICE, QP 26 )   12681888 bits [Y 99.9900 dB    U 99.9900 dB    V 99.9900 dB] [ET 25.20 ] [L0 ] [L1 ]
*** TRAIL_R numBytesInNALunit: 1584625
POC  150 TId: 0 ( I-SLICE, QP 26 )   12677000 bits [Y 99.9900 dB    U 99.9900 dB    V 99.9900 dB] [ET 24.72 ] [L0 ] [L1 ]
*** TRAIL_R numBytesInNALunit: 1582885
POC  151 TId: 0 ( I-SLICE, QP 26 )   12663080 bits [Y 99.9900 dB    U 99.9900 dB    V 99.9900 dB] [ET 24.67 ] [L0 ] [L1 ]
*** TRAIL_R numBytesInNALunit: 1581929
POC  152 TId: 0 ( I-SLICE, QP 26 )   12655432 bits [Y 99.9900 dB    U 99.9900 dB    V 99.9900 dB] [ET 25.19 ] [L0 ] [L1 ]
*** TRAIL_R numBytesInNALunit: 1579858
POC  153 TId: 0 ( I-SLICE, QP 26 )   12638864 bits [Y 99.9900 dB    U 99.9900 dB    V 99.9900 dB] [ET 24.95 ] [L0 ] [L1 ]
*** TRAIL_R numBytesInNALunit: 1579452
POC  154 TId: 0 ( I-SLICE, QP 26 )   12635616 bits [Y 99.9900 dB    U 99.9900 dB    V 99.9900 dB] [ET 25.16 ] [L0 ] [L1 ]
*** TRAIL_R numBytesInNALunit: 1577822
POC  155 TId: 0 ( I-SLICE, QP 26 )   12622576 bits [Y 99.9900 dB    U 99.9900 dB    V 99.9900 dB] [ET 25.44 ] [L0 ] [L1 ]
*** TRAIL_R numBytesInNALunit: 1577786
POC  156 TId: 0 ( I-SLICE, QP 26 )   12622288 bits [Y 99.9900 dB    U 99.9900 dB    V 99.9900 dB] [ET 25.69 ] [L0 ] [L1 ]
*** TRAIL_R numBytesInNALunit: 1578195
POC  157 TId: 0 ( I-SLICE, QP 26 )   12625560 bits [Y 99.9900 dB    U 99.9900 dB    V 99.9900 dB] [ET 24.72 ] [L0 ] [L1 ]
*** TRAIL_R numBytesInNALunit: 1578818
POC  158 TId: 0 ( I-SLICE, QP 26 )   12630544 bits [Y 99.9900 dB    U 99.9900 dB    V 99.9900 dB] [ET 25.30 ] [L0 ] [L1 ]
*** TRAIL_R numBytesInNALunit: 1579100
POC  159 TId: 0 ( I-SLICE, QP 26 )   12632800 bits [Y 99.9900 dB    U 99.9900 dB    V 99.9900 dB] [ET 24.41 ] [L0 ] [L1 ]
*** TRAIL_R numBytesInNALunit: 1578721
POC  160 TId: 0 ( I-SLICE, QP 26 )   12629768 bits [Y 99.9900 dB    U 99.9900 dB    V 99.9900 dB] [ET 25.02 ] [L0 ] [L1 ]
*** TRAIL_R numBytesInNALunit: 1579532
POC  161 TId: 0 ( I-SLICE, QP 26 )   12636256 bits [Y 99.9900 dB    U 99.9900 dB    V 99.9900 dB] [ET 25.03 ] [L0 ] [L1 ]
*** TRAIL_R numBytesInNALunit: 1580758
POC  162 TId: 0 ( I-SLICE, QP 26 )   12646064 bits [Y 99.9900 dB    U 99.9900 dB    V 99.9900 dB] [ET 25.02 ] [L0 ] [L1 ]
*** TRAIL_R numBytesInNALunit: 1580560
POC  163 TId: 0 ( I-SLICE, QP 26 )   12644480 bits [Y 99.9900 dB    U 99.9900 dB    V 99.9900 dB] [ET 26.00 ] [L0 ] [L1 ]
*** TRAIL_R numBytesInNALunit: 1580843
POC  164 TId: 0 ( I-SLICE, QP 26 )   12646744 bits [Y 99.9900 dB    U 99.9900 dB    V 99.9900 dB] [ET 25.97 ] [L0 ] [L1 ]
*** TRAIL_R numBytesInNALunit: 1582493
POC  165 TId: 0 ( I-SLICE, QP 26 )   12659944 bits [Y 99.9900 dB    U 99.9900 dB    V 99.9900 dB] [ET 25.27 ] [L0 ] [L1 ]
*** TRAIL_R numBytesInNALunit: 1583296
POC  166 TId: 0 ( I-SLICE, QP 26 )   12666368 bits [Y 99.9900 dB    U 99.9900 dB    V 99.9900 dB] [ET 25.28 ] [L0 ] [L1 ]
*** TRAIL_R numBytesInNALunit: 1584556
POC  167 TId: 0 ( I-SLICE, QP 26 )   12676448 bits [Y 99.9900 dB    U 99.9900 dB    V 99.9900 dB] [ET 25.38 ] [L0 ] [L1 ]
*** TRAIL_R numBytesInNALunit: 1585797
POC  168 TId: 0 ( I-SLICE, QP 26 )   12686376 bits [Y 99.9900 dB    U 99.9900 dB    V 99.9900 dB] [ET 24.62 ] [L0 ] [L1 ]
*** TRAIL_R numBytesInNALunit: 1587544
POC  169 TId: 0 ( I-SLICE, QP 26 )   12700352 bits [Y 99.9900 dB    U 99.9900 dB    V 99.9900 dB] [ET 25.52 ] [L0 ] [L1 ]
*** TRAIL_R numBytesInNALunit: 1588994
POC  170 TId: 0 ( I-SLICE, QP 26 )   12711952 bits [Y 99.9900 dB    U 99.9900 dB    V 99.9900 dB] [ET 25.39 ] [L0 ] [L1 ]
*** TRAIL_R numBytesInNALunit: 1590398
POC  171 TId: 0 ( I-SLICE, QP 26 )   12723184 bits [Y 99.9900 dB    U 99.9900 dB    V 99.9900 dB] [ET 25.42 ] [L0 ] [L1 ]
*** TRAIL_R numBytesInNALunit: 1590916
POC  172 TId: 0 ( I-SLICE, QP 26 )   12727328 bits [Y 99.9900 dB    U 99.9900 dB    V 99.9900 dB] [ET 25.64 ] [L0 ] [L1 ]
*** TRAIL_R numBytesInNALunit: 1590936
POC  173 TId: 0 ( I-SLICE, QP 26 )   12727488 bits [Y 99.9900 dB    U 99.9900 dB    V 99.9900 dB] [ET 25.39 ] [L0 ] [L1 ]
*** TRAIL_R numBytesInNALunit: 1589042
POC  174 TId: 0 ( I-SLICE, QP 26 )   12712336 bits [Y 99.9900 dB    U 99.9900 dB    V 99.9900 dB] [ET 25.14 ] [L0 ] [L1 ]
*** TRAIL_R numBytesInNALunit: 1588255
POC  175 TId: 0 ( I-SLICE, QP 26 )   12706040 bits [Y 99.9900 dB    U 99.9900 dB    V 99.9900 dB] [ET 25.53 ] [L0 ] [L1 ]
*** TRAIL_R numBytesInNALunit: 1587644
POC  176 TId: 0 ( I-SLICE, QP 26 )   12701152 bits [Y 99.9900 dB    U 99.9900 dB    V 99.9900 dB] [ET 25.59 ] [L0 ] [L1 ]
*** TRAIL_R numBytesInNALunit: 1587108
POC  177 TId: 0 ( I-SLICE, QP 26 )   12696864 bits [Y 99.9900 dB    U 99.9900 dB    V 99.9900 dB] [ET 25.73 ] [L0 ] [L1 ]
*** TRAIL_R numBytesInNALunit: 1584614
POC  178 TId: 0 ( I-SLICE, QP 26 )   12676912 bits [Y 99.9900 dB    U 99.9900 dB    V 99.9900 dB] [ET 25.56 ] [L0 ] [L1 ]
*** TRAIL_R numBytesInNALunit: 1583256
POC  179 TId: 0 ( I-SLICE, QP 26 )   12666048 bits [Y 99.9900 dB    U 99.9900 dB    V 99.9900 dB] [ET 25.00 ] [L0 ] [L1 ]
*** TRAIL_R numBytesInNALunit: 1581137
POC  180 TId: 0 ( I-SLICE, QP 26 )   12649096 bits [Y 99.9900 dB    U 99.9900 dB    V 99.9900 dB] [ET 25.27 ] [L0 ] [L1 ]
*** TRAIL_R numBytesInNALunit: 1581100
POC  181 TId: 0 ( I-SLICE, QP 26 )   12648800 bits [Y 99.9900 dB    U 99.9900 dB    V 99.9900 dB] [ET 25.45 ] [L0 ] [L1 ]
*** TRAIL_R numBytesInNALunit: 1580308
POC  182 TId: 0 ( I-SLICE, QP 26 )   12642464 bits [Y 99.9900 dB    U 99.9900 dB    V 99.9900 dB] [ET 25.77 ] [L0 ] [L1 ]
*** TRAIL_R numBytesInNALunit: 1580038
POC  183 TId: 0 ( I-SLICE, QP 26 )   12640304 bits [Y 99.9900 dB    U 99.9900 dB    V 99.9900 dB] [ET 25.38 ] [L0 ] [L1 ]
*** TRAIL_R numBytesInNALunit: 1580717
POC  184 TId: 0 ( I-SLICE, QP 26 )   12645736 bits [Y 99.9900 dB    U 99.9900 dB    V 99.9900 dB] [ET 24.75 ] [L0 ] [L1 ]
*** TRAIL_R numBytesInNALunit: 1580369
POC  185 TId: 0 ( I-SLICE, QP 26 )   12642952 bits [Y 99.9900 dB    U 99.9900 dB    V 99.9900 dB] [ET 24.84 ] [L0 ] [L1 ]
*** TRAIL_R numBytesInNALunit: 1579647
POC  186 TId: 0 ( I-SLICE, QP 26 )   12637176 bits [Y 99.9900 dB    U 99.9900 dB    V 99.9900 dB] [ET 24.72 ] [L0 ] [L1 ]
*** TRAIL_R numBytesInNALunit: 1579413
POC  187 TId: 0 ( I-SLICE, QP 26 )   12635304 bits [Y 99.9900 dB    U 99.9900 dB    V 99.9900 dB] [ET 24.30 ] [L0 ] [L1 ]
*** TRAIL_R numBytesInNALunit: 1578359
POC  188 TId: 0 ( I-SLICE, QP 26 )   12626872 bits [Y 99.9900 dB    U 99.9900 dB    V 99.9900 dB] [ET 24.86 ] [L0 ] [L1 ]
*** TRAIL_R numBytesInNALunit: 1579171
POC  189 TId: 0 ( I-SLICE, QP 26 )   12633368 bits [Y 99.9900 dB    U 99.9900 dB    V 99.9900 dB] [ET 24.75 ] [L0 ] [L1 ]
*** TRAIL_R numBytesInNALunit: 1580006
POC  190 TId: 0 ( I-SLICE, QP 26 )   12640048 bits [Y 99.9900 dB    U 99.9900 dB    V 99.9900 dB] [ET 24.61 ] [L0 ] [L1 ]
*** TRAIL_R numBytesInNALunit: 1580453
POC  191 TId: 0 ( I-SLICE, QP 26 )   12643624 bits [Y 99.9900 dB    U 99.9900 dB    V 99.9900 dB] [ET 25.11 ] [L0 ] [L1 ]
*** TRAIL_R numBytesInNALunit: 1581035
POC  192 TId: 0 ( I-SLICE, QP 26 )   12648280 bits [Y 99.9900 dB    U 99.9900 dB    V 99.9900 dB] [ET 24.83 ] [L0 ] [L1 ]
*** TRAIL_R numBytesInNALunit: 1580873
POC  193 TId: 0 ( I-SLICE, QP 26 )   12646984 bits [Y 99.9900 dB    U 99.9900 dB    V 99.9900 dB] [ET 24.16 ] [L0 ] [L1 ]
*** TRAIL_R numBytesInNALunit: 1580982
POC  194 TId: 0 ( I-SLICE, QP 26 )   12647856 bits [Y 99.9900 dB    U 99.9900 dB    V 99.9900 dB] [ET 24.41 ] [L0 ] [L1 ]
*** TRAIL_R numBytesInNALunit: 1580804
POC  195 TId: 0 ( I-SLICE, QP 26 )   12646432 bits [Y 99.9900 dB    U 99.9900 dB    V 99.9900 dB] [ET 24.89 ] [L0 ] [L1 ]
*** TRAIL_R numBytesInNALunit: 1582057
POC  196 TId: 0 ( I-SLICE, QP 26 )   12656456 bits [Y 99.9900 dB    U 99.9900 dB    V 99.9900 dB] [ET 24.61 ] [L0 ] [L1 ]
*** TRAIL_R numBytesInNALunit: 1582116
POC  197 TId: 0 ( I-SLICE, QP 26 )   12656928 bits [Y 99.9900 dB    U 99.9900 dB    V 99.9900 dB] [ET 24.75 ] [L0 ] [L1 ]
*** TRAIL_R numBytesInNALunit: 1581897
POC  198 TId: 0 ( I-SLICE, QP 26 )   12655176 bits [Y 99.9900 dB    U 99.9900 dB    V 99.9900 dB] [ET 24.31 ] [L0 ] [L1 ]
*** TRAIL_R numBytesInNALunit: 1582092
POC  199 TId: 0 ( I-SLICE, QP 26 )   12656736 bits [Y 99.9900 dB    U 99.9900 dB    V 99.9900 dB] [ET 25.14 ] [L0 ] [L1 ]
*** TRAIL_R numBytesInNALunit: 1581619
POC  200 TId: 0 ( I-SLICE, QP 26 )   12652952 bits [Y 99.9900 dB    U 99.9900 dB    V 99.9900 dB] [ET 24.84 ] [L0 ] [L1 ]
*** TRAIL_R numBytesInNALunit: 1581868
POC  201 TId: 0 ( I-SLICE, QP 26 )   12654944 bits [Y 99.9900 dB    U 99.9900 dB    V 99.9900 dB] [ET 24.64 ] [L0 ] [L1 ]
*** TRAIL_R numBytesInNALunit: 1580847
POC  202 TId: 0 ( I-SLICE, QP 26 )   12646776 bits [Y 99.9900 dB    U 99.9900 dB    V 99.9900 dB] [ET 24.62 ] [L0 ] [L1 ]
*** TRAIL_R numBytesInNALunit: 1581249
POC  203 TId: 0 ( I-SLICE, QP 26 )   12649992 bits [Y 99.9900 dB    U 99.9900 dB    V 99.9900 dB] [ET 24.72 ] [L0 ] [L1 ]
*** TRAIL_R numBytesInNALunit: 1582720
POC  204 TId: 0 ( I-SLICE, QP 26 )   12661760 bits [Y 99.9900 dB    U 99.9900 dB    V 99.9900 dB] [ET 24.80 ] [L0 ] [L1 ]
*** TRAIL_R numBytesInNALunit: 1582241
POC  205 TId: 0 ( I-SLICE, QP 26 )   12657928 bits [Y 99.9900 dB    U 99.9900 dB    V 99.9900 dB] [ET 24.92 ] [L0 ] [L1 ]
*** TRAIL_R numBytesInNALunit: 1583541
POC  206 TId: 0 ( I-SLICE, QP 26 )   12668328 bits [Y 99.9900 dB    U 99.9900 dB    V 99.9900 dB] [ET 25.33 ] [L0 ] [L1 ]
*** TRAIL_R numBytesInNALunit: 1586325
POC  207 TId: 0 ( I-SLICE, QP 26 )   12690600 bits [Y 99.9900 dB    U 99.9900 dB    V 99.9900 dB] [ET 25.56 ] [L0 ] [L1 ]
*** TRAIL_R numBytesInNALunit: 1587171
POC  208 TId: 0 ( I-SLICE, QP 26 )   12697368 bits [Y 99.9900 dB    U 99.9900 dB    V 99.9900 dB] [ET 24.61 ] [L0 ] [L1 ]
*** TRAIL_R numBytesInNALunit: 1587961
POC  209 TId: 0 ( I-SLICE, QP 26 )   12703688 bits [Y 99.9900 dB    U 99.9900 dB    V 99.9900 dB] [ET 24.70 ] [L0 ] [L1 ]
*** TRAIL_R numBytesInNALunit: 1590029
POC  210 TId: 0 ( I-SLICE, QP 26 )   12720232 bits [Y 99.9900 dB    U 99.9900 dB    V 99.9900 dB] [ET 24.56 ] [L0 ] [L1 ]
*** TRAIL_R numBytesInNALunit: 1589485
POC  211 TId: 0 ( I-SLICE, QP 26 )   12715880 bits [Y 99.9900 dB    U 99.9900 dB    V 99.9900 dB] [ET 24.27 ] [L0 ] [L1 ]
*** TRAIL_R numBytesInNALunit: 1591348
POC  212 TId: 0 ( I-SLICE, QP 26 )   12730784 bits [Y 99.9900 dB    U 99.9900 dB    V 99.9900 dB] [ET 25.05 ] [L0 ] [L1 ]
*** TRAIL_R numBytesInNALunit: 1593738
POC  213 TId: 0 ( I-SLICE, QP 26 )   12749904 bits [Y 99.9900 dB    U 99.9900 dB    V 99.9900 dB] [ET 24.12 ] [L0 ] [L1 ]
*** TRAIL_R numBytesInNALunit: 1594747
POC  214 TId: 0 ( I-SLICE, QP 26 )   12757976 bits [Y 99.9900 dB    U 99.9900 dB    V 99.9900 dB] [ET 23.84 ] [L0 ] [L1 ]
*** TRAIL_R numBytesInNALunit: 1597945
POC  215 TId: 0 ( I-SLICE, QP 26 )   12783560 bits [Y 99.9900 dB    U 99.9900 dB    V 99.9900 dB] [ET 22.88 ] [L0 ] [L1 ]
*** TRAIL_R numBytesInNALunit: 1596702
POC  216 TId: 0 ( I-SLICE, QP 26 )   12773616 bits [Y 99.9900 dB    U 99.9900 dB    V 99.9900 dB] [ET 23.27 ] [L0 ] [L1 ]
*** TRAIL_R numBytesInNALunit: 1598569
POC  217 TId: 0 ( I-SLICE, QP 26 )   12788552 bits [Y 99.9900 dB    U 99.9900 dB    V 99.9900 dB] [ET 22.98 ] [L0 ] [L1 ]
*** TRAIL_R numBytesInNALunit: 1599495
POC  218 TId: 0 ( I-SLICE, QP 26 )   12795960 bits [Y 99.9900 dB    U 99.9900 dB    V 99.9900 dB] [ET 23.28 ] [L0 ] [L1 ]
*** TRAIL_R numBytesInNALunit: 1599361
POC  219 TId: 0 ( I-SLICE, QP 26 )   12794888 bits [Y 99.9900 dB    U 99.9900 dB    V 99.9900 dB] [ET 22.88 ] [L0 ] [L1 ]
*** TRAIL_R numBytesInNALunit: 1601855
POC  220 TId: 0 ( I-SLICE, QP 26 )   12814840 bits [Y 99.9900 dB    U 99.9900 dB    V 99.9900 dB] [ET 23.19 ] [L0 ] [L1 ]
*** TRAIL_R numBytesInNALunit: 1603895
POC  221 TId: 0 ( I-SLICE, QP 26 )   12831160 bits [Y 99.9900 dB    U 99.9900 dB    V 99.9900 dB] [ET 23.66 ] [L0 ] [L1 ]
*** TRAIL_R numBytesInNALunit: 1605419
POC  222 TId: 0 ( I-SLICE, QP 26 )   12843352 bits [Y 99.9900 dB    U 99.9900 dB    V 99.9900 dB] [ET 23.11 ] [L0 ] [L1 ]
*** TRAIL_R numBytesInNALunit: 1608807
POC  223 TId: 0 ( I-SLICE, QP 26 )   12870456 bits [Y 99.9900 dB    U 99.9900 dB    V 99.9900 dB] [ET 23.14 ] [L0 ] [L1 ]
*** TRAIL_R numBytesInNALunit: 1610521
POC  224 TId: 0 ( I-SLICE, QP 26 )   12884168 bits [Y 99.9900 dB    U 99.9900 dB    V 99.9900 dB] [ET 22.84 ] [L0 ] [L1 ]
*** TRAIL_R numBytesInNALunit: 1610183
POC  225 TId: 0 ( I-SLICE, QP 26 )   12881464 bits [Y 99.9900 dB    U 99.9900 dB    V 99.9900 dB] [ET 22.84 ] [L0 ] [L1 ]
*** TRAIL_R numBytesInNALunit: 1613263
POC  226 TId: 0 ( I-SLICE, QP 26 )   12906104 bits [Y 99.9900 dB    U 99.9900 dB    V 99.9900 dB] [ET 20.78 ] [L0 ] [L1 ]
*** TRAIL_R numBytesInNALunit: 1614265
POC  227 TId: 0 ( I-SLICE, QP 26 )   12914120 bits [Y 99.9900 dB    U 99.9900 dB    V 99.9900 dB] [ET 21.19 ] [L0 ] [L1 ]
*** TRAIL_R numBytesInNALunit: 1612367
POC  228 TId: 0 ( I-SLICE, QP 26 )   12898936 bits [Y 99.9900 dB    U 99.9900 dB    V 99.9900 dB] [ET 21.58 ] [L0 ] [L1 ]
*** TRAIL_R numBytesInNALunit: 1612515
POC  229 TId: 0 ( I-SLICE, QP 26 )   12900120 bits [Y 99.9900 dB    U 99.9900 dB    V 99.9900 dB] [ET 21.20 ] [L0 ] [L1 ]
*** TRAIL_R numBytesInNALunit: 1610826
POC  230 TId: 0 ( I-SLICE, QP 26 )   12886608 bits [Y 99.9900 dB    U 99.9900 dB    V 99.9900 dB] [ET 20.59 ] [L0 ] [L1 ]
*** TRAIL_R numBytesInNALunit: 1608472
POC  231 TId: 0 ( I-SLICE, QP 26 )   12867776 bits [Y 99.9900 dB    U 99.9900 dB    V 99.9900 dB] [ET 21.47 ] [L0 ] [L1 ]
*** TRAIL_R numBytesInNALunit: 1608507
POC  232 TId: 0 ( I-SLICE, QP 26 )   12868056 bits [Y 99.9900 dB    U 99.9900 dB    V 99.9900 dB] [ET 20.75 ] [L0 ] [L1 ]
*** TRAIL_R numBytesInNALunit: 1606874
POC  233 TId: 0 ( I-SLICE, QP 26 )   12854992 bits [Y 99.9900 dB    U 99.9900 dB    V 99.9900 dB] [ET 21.09 ] [L0 ] [L1 ]
*** TRAIL_R numBytesInNALunit: 1608055
POC  234 TId: 0 ( I-SLICE, QP 26 )   12864440 bits [Y 99.9900 dB    U 99.9900 dB    V 99.9900 dB] [ET 20.97 ] [L0 ] [L1 ]
*** TRAIL_R numBytesInNALunit: 1609003
POC  235 TId: 0 ( I-SLICE, QP 26 )   12872024 bits [Y 99.9900 dB    U 99.9900 dB    V 99.9900 dB] [ET 20.98 ] [L0 ] [L1 ]
*** TRAIL_R numBytesInNALunit: 1608250
POC  236 TId: 0 ( I-SLICE, QP 26 )   12866000 bits [Y 99.9900 dB    U 99.9900 dB    V 99.9900 dB] [ET 21.66 ] [L0 ] [L1 ]
*** TRAIL_R numBytesInNALunit: 1608579
POC  237 TId: 0 ( I-SLICE, QP 26 )   12868632 bits [Y 99.9900 dB    U 99.9900 dB    V 99.9900 dB] [ET 21.55 ] [L0 ] [L1 ]
*** TRAIL_R numBytesInNALunit: 1608846
POC  238 TId: 0 ( I-SLICE, QP 26 )   12870768 bits [Y 99.9900 dB    U 99.9900 dB    V 99.9900 dB] [ET 21.31 ] [L0 ] [L1 ]
*** TRAIL_R numBytesInNALunit: 1608392
POC  239 TId: 0 ( I-SLICE, QP 26 )   12867136 bits [Y 99.9900 dB    U 99.9900 dB    V 99.9900 dB] [ET 20.67 ] [L0 ] [L1 ]
*** TRAIL_R numBytesInNALunit: 1608372
POC  240 TId: 0 ( I-SLICE, QP 26 )   12866976 bits [Y 99.9900 dB    U 99.9900 dB    V 99.9900 dB] [ET 19.62 ] [L0 ] [L1 ]
*** TRAIL_R numBytesInNALunit: 1608269
POC  241 TId: 0 ( I-SLICE, QP 26 )   12866152 bits [Y 99.9900 dB    U 99.9900 dB    V 99.9900 dB] [ET 19.55 ] [L0 ] [L1 ]
*** TRAIL_R numBytesInNALunit: 1606764
POC  242 TId: 0 ( I-SLICE, QP 26 )   12854112 bits [Y 99.9900 dB    U 99.9900 dB    V 99.9900 dB] [ET 19.89 ] [L0 ] [L1 ]
*** TRAIL_R numBytesInNALunit: 1606655
POC  243 TId: 0 ( I-SLICE, QP 26 )   12853240 bits [Y 99.9900 dB    U 99.9900 dB    V 99.9900 dB] [ET 24.45 ] [L0 ] [L1 ]
*** TRAIL_R numBytesInNALunit: 1606576
POC  244 TId: 0 ( I-SLICE, QP 26 )   12852608 bits [Y 99.9900 dB    U 99.9900 dB    V 99.9900 dB] [ET 25.11 ] [L0 ] [L1 ]
*** TRAIL_R numBytesInNALunit: 1605847
POC  245 TId: 0 ( I-SLICE, QP 26 )   12846776 bits [Y 99.9900 dB    U 99.9900 dB    V 99.9900 dB] [ET 24.52 ] [L0 ] [L1 ]
*** TRAIL_R numBytesInNALunit: 1606430
POC  246 TId: 0 ( I-SLICE, QP 26 )   12851440 bits [Y 99.9900 dB    U 99.9900 dB    V 99.9900 dB] [ET 24.31 ] [L0 ] [L1 ]
*** TRAIL_R numBytesInNALunit: 1605841
POC  247 TId: 0 ( I-SLICE, QP 26 )   12846728 bits [Y 99.9900 dB    U 99.9900 dB    V 99.9900 dB] [ET 24.61 ] [L0 ] [L1 ]
*** TRAIL_R numBytesInNALunit: 1606689
POC  248 TId: 0 ( I-SLICE, QP 26 )   12853512 bits [Y 99.9900 dB    U 99.9900 dB    V 99.9900 dB] [ET 25.08 ] [L0 ] [L1 ]
*** TRAIL_R numBytesInNALunit: 1609054
POC  249 TId: 0 ( I-SLICE, QP 26 )   12872432 bits [Y 99.9900 dB    U 99.9900 dB    V 99.9900 dB] [ET 25.05 ] [L0 ] [L1 ]
*** TRAIL_R numBytesInNALunit: 1609139
POC  250 TId: 0 ( I-SLICE, QP 26 )   12873112 bits [Y 99.9900 dB    U 99.9900 dB    V 99.9900 dB] [ET 25.00 ] [L0 ] [L1 ]
*** TRAIL_R numBytesInNALunit: 1609017
POC  251 TId: 0 ( I-SLICE, QP 26 )   12872136 bits [Y 99.9900 dB    U 99.9900 dB    V 99.9900 dB] [ET 25.11 ] [L0 ] [L1 ]
*** TRAIL_R numBytesInNALunit: 1610736
POC  252 TId: 0 ( I-SLICE, QP 26 )   12885888 bits [Y 99.9900 dB    U 99.9900 dB    V 99.9900 dB] [ET 25.53 ] [L0 ] [L1 ]
*** TRAIL_R numBytesInNALunit: 1610866
POC  253 TId: 0 ( I-SLICE, QP 26 )   12886928 bits [Y 99.9900 dB    U 99.9900 dB    V 99.9900 dB] [ET 25.52 ] [L0 ] [L1 ]
*** TRAIL_R numBytesInNALunit: 1614594
POC  254 TId: 0 ( I-SLICE, QP 26 )   12916752 bits [Y 99.9900 dB    U 99.9900 dB    V 99.9900 dB] [ET 25.47 ] [L0 ] [L1 ]
*** TRAIL_R numBytesInNALunit: 1615741
POC  255 TId: 0 ( I-SLICE, QP 26 )   12925928 bits [Y 99.9900 dB    U 99.9900 dB    V 99.9900 dB] [ET 25.38 ] [L0 ] [L1 ]
*** TRAIL_R numBytesInNALunit: 1615334
POC  256 TId: 0 ( I-SLICE, QP 26 )   12922672 bits [Y 99.9900 dB    U 99.9900 dB    V 99.9900 dB] [ET 25.52 ] [L0 ] [L1 ]
*** TRAIL_R numBytesInNALunit: 1616014
POC  257 TId: 0 ( I-SLICE, QP 26 )   12928112 bits [Y 99.9900 dB    U 99.9900 dB    V 99.9900 dB] [ET 25.23 ] [L0 ] [L1 ]
*** TRAIL_R numBytesInNALunit: 1614375
POC  258 TId: 0 ( I-SLICE, QP 26 )   12915000 bits [Y 99.9900 dB    U 99.9900 dB    V 99.9900 dB] [ET 24.98 ] [L0 ] [L1 ]
*** TRAIL_R numBytesInNALunit: 1614714
POC  259 TId: 0 ( I-SLICE, QP 26 )   12917712 bits [Y 99.9900 dB    U 99.9900 dB    V 99.9900 dB] [ET 24.67 ] [L0 ] [L1 ]
*** TRAIL_R numBytesInNALunit: 1613961
POC  260 TId: 0 ( I-SLICE, QP 26 )   12911688 bits [Y 99.9900 dB    U 99.9900 dB    V 99.9900 dB] [ET 25.14 ] [L0 ] [L1 ]
*** TRAIL_R numBytesInNALunit: 1613833
POC  261 TId: 0 ( I-SLICE, QP 26 )   12910664 bits [Y 99.9900 dB    U 99.9900 dB    V 99.9900 dB] [ET 25.02 ] [L0 ] [L1 ]
*** TRAIL_R numBytesInNALunit: 1612918
POC  262 TId: 0 ( I-SLICE, QP 26 )   12903344 bits [Y 99.9900 dB    U 99.9900 dB    V 99.9900 dB] [ET 25.62 ] [L0 ] [L1 ]
*** TRAIL_R numBytesInNALunit: 1612579
POC  263 TId: 0 ( I-SLICE, QP 26 )   12900632 bits [Y 99.9900 dB    U 99.9900 dB    V 99.9900 dB] [ET 25.55 ] [L0 ] [L1 ]
*** TRAIL_R numBytesInNALunit: 1611560
POC  264 TId: 0 ( I-SLICE, QP 26 )   12892480 bits [Y 99.9900 dB    U 99.9900 dB    V 99.9900 dB] [ET 25.17 ] [L0 ] [L1 ]
*** TRAIL_R numBytesInNALunit: 1610307
POC  265 TId: 0 ( I-SLICE, QP 26 )   12882456 bits [Y 99.9900 dB    U 99.9900 dB    V 99.9900 dB] [ET 25.84 ] [L0 ] [L1 ]
*** TRAIL_R numBytesInNALunit: 1611967
POC  266 TId: 0 ( I-SLICE, QP 26 )   12895736 bits [Y 99.9900 dB    U 99.9900 dB    V 99.9900 dB] [ET 25.16 ] [L0 ] [L1 ]
*** TRAIL_R numBytesInNALunit: 1612593
POC  267 TId: 0 ( I-SLICE, QP 26 )   12900744 bits [Y 99.9900 dB    U 99.9900 dB    V 99.9900 dB] [ET 25.58 ] [L0 ] [L1 ]
*** TRAIL_R numBytesInNALunit: 1614693
POC  268 TId: 0 ( I-SLICE, QP 26 )   12917544 bits [Y 99.9900 dB    U 99.9900 dB    V 99.9900 dB] [ET 25.86 ] [L0 ] [L1 ]
*** TRAIL_R numBytesInNALunit: 1616860
POC  269 TId: 0 ( I-SLICE, QP 26 )   12934880 bits [Y 99.9900 dB    U 99.9900 dB    V 99.9900 dB] [ET 25.95 ] [L0 ] [L1 ]
*** TRAIL_R numBytesInNALunit: 1616559
POC  270 TId: 0 ( I-SLICE, QP 26 )   12932472 bits [Y 99.9900 dB    U 99.9900 dB    V 99.9900 dB] [ET 25.33 ] [L0 ] [L1 ]
*** TRAIL_R numBytesInNALunit: 1615394
POC  271 TId: 0 ( I-SLICE, QP 26 )   12923152 bits [Y 99.9900 dB    U 99.9900 dB    V 99.9900 dB] [ET 25.72 ] [L0 ] [L1 ]
*** TRAIL_R numBytesInNALunit: 1615360
POC  272 TId: 0 ( I-SLICE, QP 26 )   12922880 bits [Y 99.9900 dB    U 99.9900 dB    V 99.9900 dB] [ET 25.53 ] [L0 ] [L1 ]
*** TRAIL_R numBytesInNALunit: 1615891
POC  273 TId: 0 ( I-SLICE, QP 26 )   12927128 bits [Y 99.9900 dB    U 99.9900 dB    V 99.9900 dB] [ET 25.62 ] [L0 ] [L1 ]
*** TRAIL_R numBytesInNALunit: 1617520
POC  274 TId: 0 ( I-SLICE, QP 26 )   12940160 bits [Y 99.9900 dB    U 99.9900 dB    V 99.9900 dB] [ET 25.28 ] [L0 ] [L1 ]
*** TRAIL_R numBytesInNALunit: 1620422
POC  275 TId: 0 ( I-SLICE, QP 26 )   12963376 bits [Y 99.9900 dB    U 99.9900 dB    V 99.9900 dB] [ET 24.92 ] [L0 ] [L1 ]
*** TRAIL_R numBytesInNALunit: 1621880
POC  276 TId: 0 ( I-SLICE, QP 26 )   12975040 bits [Y 99.9900 dB    U 99.9900 dB    V 99.9900 dB] [ET 25.28 ] [L0 ] [L1 ]
*** TRAIL_R numBytesInNALunit: 1622511
POC  277 TId: 0 ( I-SLICE, QP 26 )   12980088 bits [Y 99.9900 dB    U 99.9900 dB    V 99.9900 dB] [ET 24.72 ] [L0 ] [L1 ]
*** TRAIL_R numBytesInNALunit: 1624345
POC  278 TId: 0 ( I-SLICE, QP 26 )   12994760 bits [Y 99.9900 dB    U 99.9900 dB    V 99.9900 dB] [ET 25.00 ] [L0 ] [L1 ]
*** TRAIL_R numBytesInNALunit: 1625530
POC  279 TId: 0 ( I-SLICE, QP 26 )   13004240 bits [Y 99.9900 dB    U 99.9900 dB    V 99.9900 dB] [ET 24.67 ] [L0 ] [L1 ]
*** TRAIL_R numBytesInNALunit: 1625620
POC  280 TId: 0 ( I-SLICE, QP 26 )   13004960 bits [Y 99.9900 dB    U 99.9900 dB    V 99.9900 dB] [ET 24.53 ] [L0 ] [L1 ]
*** TRAIL_R numBytesInNALunit: 1625183
POC  281 TId: 0 ( I-SLICE, QP 26 )   13001464 bits [Y 99.9900 dB    U 99.9900 dB    V 99.9900 dB] [ET 24.78 ] [L0 ] [L1 ]
*** TRAIL_R numBytesInNALunit: 1624130
POC  282 TId: 0 ( I-SLICE, QP 26 )   12993040 bits [Y 99.9900 dB    U 99.9900 dB    V 99.9900 dB] [ET 24.83 ] [L0 ] [L1 ]
*** TRAIL_R numBytesInNALunit: 1625608
POC  283 TId: 0 ( I-SLICE, QP 26 )   13004864 bits [Y 99.9900 dB    U 99.9900 dB    V 99.9900 dB] [ET 25.62 ] [L0 ] [L1 ]
*** TRAIL_R numBytesInNALunit: 1625717
POC  284 TId: 0 ( I-SLICE, QP 26 )   13005736 bits [Y 99.9900 dB    U 99.9900 dB    V 99.9900 dB] [ET 25.78 ] [L0 ] [L1 ]
*** TRAIL_R numBytesInNALunit: 1624425
POC  285 TId: 0 ( I-SLICE, QP 26 )   12995400 bits [Y 99.9900 dB    U 99.9900 dB    V 99.9900 dB] [ET 25.08 ] [L0 ] [L1 ]
*** TRAIL_R numBytesInNALunit: 1622182
POC  286 TId: 0 ( I-SLICE, QP 26 )   12977456 bits [Y 99.9900 dB    U 99.9900 dB    V 99.9900 dB] [ET 25.09 ] [L0 ] [L1 ]
*** TRAIL_R numBytesInNALunit: 1619695
POC  287 TId: 0 ( I-SLICE, QP 26 )   12957560 bits [Y 99.9900 dB    U 99.9900 dB    V 99.9900 dB] [ET 25.56 ] [L0 ] [L1 ]
*** TRAIL_R numBytesInNALunit: 1618074
POC  288 TId: 0 ( I-SLICE, QP 26 )   12944592 bits [Y 99.9900 dB    U 99.9900 dB    V 99.9900 dB] [ET 25.41 ] [L0 ] [L1 ]
*** TRAIL_R numBytesInNALunit: 1615656
POC  289 TId: 0 ( I-SLICE, QP 26 )   12925248 bits [Y 99.9900 dB    U 99.9900 dB    V 99.9900 dB] [ET 25.92 ] [L0 ] [L1 ]
*** TRAIL_R numBytesInNALunit: 1613725
POC  290 TId: 0 ( I-SLICE, QP 26 )   12909800 bits [Y 99.9900 dB    U 99.9900 dB    V 99.9900 dB] [ET 31.34 ] [L0 ] [L1 ]
*** TRAIL_R numBytesInNALunit: 1613520
POC  291 TId: 0 ( I-SLICE, QP 26 )   12908160 bits [Y 99.9900 dB    U 99.9900 dB    V 99.9900 dB] [ET 31.50 ] [L0 ] [L1 ]
*** TRAIL_R numBytesInNALunit: 1616242
POC  292 TId: 0 ( I-SLICE, QP 26 )   12929936 bits [Y 99.9900 dB    U 99.9900 dB    V 99.9900 dB] [ET 31.42 ] [L0 ] [L1 ]
*** TRAIL_R numBytesInNALunit: 1615481
POC  293 TId: 0 ( I-SLICE, QP 26 )   12923848 bits [Y 99.9900 dB    U 99.9900 dB    V 99.9900 dB] [ET 31.42 ] [L0 ] [L1 ]
*** TRAIL_R numBytesInNALunit: 1616463
POC  294 TId: 0 ( I-SLICE, QP 26 )   12931704 bits [Y 99.9900 dB    U 99.9900 dB    V 99.9900 dB] [ET 31.31 ] [L0 ] [L1 ]
*** TRAIL_R numBytesInNALunit: 1614226
POC  295 TId: 0 ( I-SLICE, QP 26 )   12913808 bits [Y 99.9900 dB    U 99.9900 dB    V 99.9900 dB] [ET 31.33 ] [L0 ] [L1 ]
*** TRAIL_R numBytesInNALunit: 1611513
POC  296 TId: 0 ( I-SLICE, QP 26 )   12892104 bits [Y 99.9900 dB    U 99.9900 dB    V 99.9900 dB] [ET 31.31 ] [L0 ] [L1 ]
*** TRAIL_R numBytesInNALunit: 1612423
POC  297 TId: 0 ( I-SLICE, QP 26 )   12899384 bits [Y 99.9900 dB    U 99.9900 dB    V 99.9900 dB] [ET 31.36 ] [L0 ] [L1 ]
*** TRAIL_R numBytesInNALunit: 1613119
POC  298 TId: 0 ( I-SLICE, QP 26 )   12904952 bits [Y 99.9900 dB    U 99.9900 dB    V 99.9900 dB] [ET 31.58 ] [L0 ] [L1 ]
*** TRAIL_R numBytesInNALunit: 1614013
POC  299 TId: 0 ( I-SLICE, QP 26 )   12912104 bits [Y 99.9900 dB    U 99.9900 dB    V 99.9900 dB] [ET 31.77 ] [L0 ] [L1 ]
*** TRAIL_R numBytesInNALunit: 1615333
POC  300 TId: 0 ( I-SLICE, QP 26 )   12922664 bits [Y 99.9900 dB    U 99.9900 dB    V 99.9900 dB] [ET 31.48 ] [L0 ] [L1 ]
*** TRAIL_R numBytesInNALunit: 1615927
POC  301 TId: 0 ( I-SLICE, QP 26 )   12927416 bits [Y 99.9900 dB    U 99.9900 dB    V 99.9900 dB] [ET 31.38 ] [L0 ] [L1 ]
*** TRAIL_R numBytesInNALunit: 1617348
POC  302 TId: 0 ( I-SLICE, QP 26 )   12938784 bits [Y 99.9900 dB    U 99.9900 dB    V 99.9900 dB] [ET 31.50 ] [L0 ] [L1 ]
*** TRAIL_R numBytesInNALunit: 1617738
POC  303 TId: 0 ( I-SLICE, QP 26 )   12941904 bits [Y 99.9900 dB    U 99.9900 dB    V 99.9900 dB] [ET 31.31 ] [L0 ] [L1 ]
*** TRAIL_R numBytesInNALunit: 1617446
POC  304 TId: 0 ( I-SLICE, QP 26 )   12939568 bits [Y 99.9900 dB    U 99.9900 dB    V 99.9900 dB] [ET 31.38 ] [L0 ] [L1 ]
*** TRAIL_R numBytesInNALunit: 1617475
POC  305 TId: 0 ( I-SLICE, QP 26 )   12939800 bits [Y 99.9900 dB    U 99.9900 dB    V 99.9900 dB] [ET 31.47 ] [L0 ] [L1 ]
*** TRAIL_R numBytesInNALunit: 1617139
POC  306 TId: 0 ( I-SLICE, QP 26 )   12937112 bits [Y 99.9900 dB    U 99.9900 dB    V 99.9900 dB] [ET 31.45 ] [L0 ] [L1 ]
*** TRAIL_R numBytesInNALunit: 1616850
POC  307 TId: 0 ( I-SLICE, QP 26 )   12934800 bits [Y 99.9900 dB    U 99.9900 dB    V 99.9900 dB] [ET 31.55 ] [L0 ] [L1 ]
*** TRAIL_R numBytesInNALunit: 1616629
POC  308 TId: 0 ( I-SLICE, QP 26 )   12933032 bits [Y 99.9900 dB    U 99.9900 dB    V 99.9900 dB] [ET 31.44 ] [L0 ] [L1 ]
*** TRAIL_R numBytesInNALunit: 1615497
POC  309 TId: 0 ( I-SLICE, QP 26 )   12923976 bits [Y 99.9900 dB    U 99.9900 dB    V 99.9900 dB] [ET 31.48 ] [L0 ] [L1 ]
*** TRAIL_R numBytesInNALunit: 1615680
POC  310 TId: 0 ( I-SLICE, QP 26 )   12925440 bits [Y 99.9900 dB    U 99.9900 dB    V 99.9900 dB] [ET 31.34 ] [L0 ] [L1 ]
*** TRAIL_R numBytesInNALunit: 1615521
POC  311 TId: 0 ( I-SLICE, QP 26 )   12924168 bits [Y 99.9900 dB    U 99.9900 dB    V 99.9900 dB] [ET 31.56 ] [L0 ] [L1 ]
*** TRAIL_R numBytesInNALunit: 1615666
POC  312 TId: 0 ( I-SLICE, QP 26 )   12925328 bits [Y 99.9900 dB    U 99.9900 dB    V 99.9900 dB] [ET 31.33 ] [L0 ] [L1 ]
*** TRAIL_R numBytesInNALunit: 1615443
POC  313 TId: 0 ( I-SLICE, QP 26 )   12923544 bits [Y 99.9900 dB    U 99.9900 dB    V 99.9900 dB] [ET 31.39 ] [L0 ] [L1 ]
*** TRAIL_R numBytesInNALunit: 1615606
POC  314 TId: 0 ( I-SLICE, QP 26 )   12924848 bits [Y 99.9900 dB    U 99.9900 dB    V 99.9900 dB] [ET 31.38 ] [L0 ] [L1 ]
*** TRAIL_R numBytesInNALunit: 1615173
POC  315 TId: 0 ( I-SLICE, QP 26 )   12921384 bits [Y 99.9900 dB    U 99.9900 dB    V 99.9900 dB] [ET 31.50 ] [L0 ] [L1 ]
*** TRAIL_R numBytesInNALunit: 1614742
POC  316 TId: 0 ( I-SLICE, QP 26 )   12917936 bits [Y 99.9900 dB    U 99.9900 dB    V 99.9900 dB] [ET 31.66 ] [L0 ] [L1 ]
*** TRAIL_R numBytesInNALunit: 1616937
POC  317 TId: 0 ( I-SLICE, QP 26 )   12935496 bits [Y 99.9900 dB    U 99.9900 dB    V 99.9900 dB] [ET 31.16 ] [L0 ] [L1 ]
*** TRAIL_R numBytesInNALunit: 1618246
POC  318 TId: 0 ( I-SLICE, QP 26 )   12945968 bits [Y 99.9900 dB    U 99.9900 dB    V 99.9900 dB] [ET 31.41 ] [L0 ] [L1 ]
*** TRAIL_R numBytesInNALunit: 1619605
POC  319 TId: 0 ( I-SLICE, QP 26 )   12956840 bits [Y 99.9900 dB    U 99.9900 dB    V 99.9900 dB] [ET 31.62 ] [L0 ] [L1 ]
*** TRAIL_R numBytesInNALunit: 1619285
POC  320 TId: 0 ( I-SLICE, QP 26 )   12954280 bits [Y 99.9900 dB    U 99.9900 dB    V 99.9900 dB] [ET 31.39 ] [L0 ] [L1 ]
*** TRAIL_R numBytesInNALunit: 1619580
POC  321 TId: 0 ( I-SLICE, QP 26 )   12956640 bits [Y 99.9900 dB    U 99.9900 dB    V 99.9900 dB] [ET 31.39 ] [L0 ] [L1 ]
*** TRAIL_R numBytesInNALunit: 1619630
POC  322 TId: 0 ( I-SLICE, QP 26 )   12957040 bits [Y 99.9900 dB    U 99.9900 dB    V 99.9900 dB] [ET 31.27 ] [L0 ] [L1 ]
*** TRAIL_R numBytesInNALunit: 1621289
POC  323 TId: 0 ( I-SLICE, QP 26 )   12970312 bits [Y 99.9900 dB    U 99.9900 dB    V 99.9900 dB] [ET 31.58 ] [L0 ] [L1 ]
*** TRAIL_R numBytesInNALunit: 1622549
POC  324 TId: 0 ( I-SLICE, QP 26 )   12980392 bits [Y 99.9900 dB    U 99.9900 dB    V 99.9900 dB] [ET 31.19 ] [L0 ] [L1 ]
*** TRAIL_R numBytesInNALunit: 1622758
POC  325 TId: 0 ( I-SLICE, QP 26 )   12982064 bits [Y 99.9900 dB    U 99.9900 dB    V 99.9900 dB] [ET 31.45 ] [L0 ] [L1 ]
*** TRAIL_R numBytesInNALunit: 1622324
POC  326 TId: 0 ( I-SLICE, QP 26 )   12978592 bits [Y 99.9900 dB    U 99.9900 dB    V 99.9900 dB] [ET 31.55 ] [L0 ] [L1 ]
*** TRAIL_R numBytesInNALunit: 1622911
POC  327 TId: 0 ( I-SLICE, QP 26 )   12983288 bits [Y 99.9900 dB    U 99.9900 dB    V 99.9900 dB] [ET 31.22 ] [L0 ] [L1 ]
*** TRAIL_R numBytesInNALunit: 1622607
POC  328 TId: 0 ( I-SLICE, QP 26 )   12980856 bits [Y 99.9900 dB    U 99.9900 dB    V 99.9900 dB] [ET 31.42 ] [L0 ] [L1 ]
*** TRAIL_R numBytesInNALunit: 1622941
POC  329 TId: 0 ( I-SLICE, QP 26 )   12983528 bits [Y 99.9900 dB    U 99.9900 dB    V 99.9900 dB] [ET 31.50 ] [L0 ] [L1 ]
*** TRAIL_R numBytesInNALunit: 1623754
POC  330 TId: 0 ( I-SLICE, QP 26 )   12990032 bits [Y 99.9900 dB    U 99.9900 dB    V 99.9900 dB] [ET 31.12 ] [L0 ] [L1 ]
*** TRAIL_R numBytesInNALunit: 1625825
POC  331 TId: 0 ( I-SLICE, QP 26 )   13006600 bits [Y 99.9900 dB    U 99.9900 dB    V 99.9900 dB] [ET 29.84 ] [L0 ] [L1 ]
*** TRAIL_R numBytesInNALunit: 1626461
POC  332 TId: 0 ( I-SLICE, QP 26 )   13011688 bits [Y 99.9900 dB    U 99.9900 dB    V 99.9900 dB] [ET 29.86 ] [L0 ] [L1 ]
*** TRAIL_R numBytesInNALunit: 1626896
POC  333 TId: 0 ( I-SLICE, QP 26 )   13015168 bits [Y 99.9900 dB    U 99.9900 dB    V 99.9900 dB] [ET 29.86 ] [L0 ] [L1 ]
*** TRAIL_R numBytesInNALunit: 1628562
POC  334 TId: 0 ( I-SLICE, QP 26 )   13028496 bits [Y 99.9900 dB    U 99.9900 dB    V 99.9900 dB] [ET 29.97 ] [L0 ] [L1 ]
*** TRAIL_R numBytesInNALunit: 1629062
POC  335 TId: 0 ( I-SLICE, QP 26 )   13032496 bits [Y 99.9900 dB    U 99.9900 dB    V 99.9900 dB] [ET 30.00 ] [L0 ] [L1 ]
*** TRAIL_R numBytesInNALunit: 1630132
POC  336 TId: 0 ( I-SLICE, QP 26 )   13041056 bits [Y 99.9900 dB    U 99.9900 dB    V 99.9900 dB] [ET 30.05 ] [L0 ] [L1 ]
*** TRAIL_R numBytesInNALunit: 1631234
POC  337 TId: 0 ( I-SLICE, QP 26 )   13049872 bits [Y 99.9900 dB    U 99.9900 dB    V 99.9900 dB] [ET 29.95 ] [L0 ] [L1 ]
*** TRAIL_R numBytesInNALunit: 1630514
POC  338 TId: 0 ( I-SLICE, QP 26 )   13044112 bits [Y 99.9900 dB    U 99.9900 dB    V 99.9900 dB] [ET 30.02 ] [L0 ] [L1 ]
*** TRAIL_R numBytesInNALunit: 1630559
POC  339 TId: 0 ( I-SLICE, QP 26 )   13044472 bits [Y 99.9900 dB    U 99.9900 dB    V 99.9900 dB] [ET 29.78 ] [L0 ] [L1 ]
*** TRAIL_R numBytesInNALunit: 1628399
POC  340 TId: 0 ( I-SLICE, QP 26 )   13027192 bits [Y 99.9900 dB    U 99.9900 dB    V 99.9900 dB] [ET 28.70 ] [L0 ] [L1 ]
*** TRAIL_R numBytesInNALunit: 1627868
POC  341 TId: 0 ( I-SLICE, QP 26 )   13022944 bits [Y 99.9900 dB    U 99.9900 dB    V 99.9900 dB] [ET 28.23 ] [L0 ] [L1 ]
*** TRAIL_R numBytesInNALunit: 1626425
POC  342 TId: 0 ( I-SLICE, QP 26 )   13011400 bits [Y 99.9900 dB    U 99.9900 dB    V 99.9900 dB] [ET 26.77 ] [L0 ] [L1 ]
*** TRAIL_R numBytesInNALunit: 1626131
POC  343 TId: 0 ( I-SLICE, QP 26 )   13009048 bits [Y 99.9900 dB    U 99.9900 dB    V 99.9900 dB] [ET 27.27 ] [L0 ] [L1 ]
*** TRAIL_R numBytesInNALunit: 1625414
POC  344 TId: 0 ( I-SLICE, QP 26 )   13003312 bits [Y 99.9900 dB    U 99.9900 dB    V 99.9900 dB] [ET 26.69 ] [L0 ] [L1 ]
*** TRAIL_R numBytesInNALunit: 1624652
POC  345 TId: 0 ( I-SLICE, QP 26 )   12997216 bits [Y 99.9900 dB    U 99.9900 dB    V 99.9900 dB] [ET 26.64 ] [L0 ] [L1 ]
*** TRAIL_R numBytesInNALunit: 1623515
POC  346 TId: 0 ( I-SLICE, QP 26 )   12988120 bits [Y 99.9900 dB    U 99.9900 dB    V 99.9900 dB] [ET 27.38 ] [L0 ] [L1 ]
*** TRAIL_R numBytesInNALunit: 1622750
POC  347 TId: 0 ( I-SLICE, QP 26 )   12982000 bits [Y 99.9900 dB    U 99.9900 dB    V 99.9900 dB] [ET 25.12 ] [L0 ] [L1 ]
*** TRAIL_R numBytesInNALunit: 1622793
POC  348 TId: 0 ( I-SLICE, QP 26 )   12982344 bits [Y 99.9900 dB    U 99.9900 dB    V 99.9900 dB] [ET 25.16 ] [L0 ] [L1 ]
*** TRAIL_R numBytesInNALunit: 1622709
POC  349 TId: 0 ( I-SLICE, QP 26 )   12981672 bits [Y 99.9900 dB    U 99.9900 dB    V 99.9900 dB] [ET 24.84 ] [L0 ] [L1 ]
*** TRAIL_R numBytesInNALunit: 1622054
POC  350 TId: 0 ( I-SLICE, QP 26 )   12976432 bits [Y 99.9900 dB    U 99.9900 dB    V 99.9900 dB] [ET 24.52 ] [L0 ] [L1 ]
*** TRAIL_R numBytesInNALunit: 1620783
POC  351 TId: 0 ( I-SLICE, QP 26 )   12966264 bits [Y 99.9900 dB    U 99.9900 dB    V 99.9900 dB] [ET 24.22 ] [L0 ] [L1 ]
*** TRAIL_R numBytesInNALunit: 1619590
POC  352 TId: 0 ( I-SLICE, QP 26 )   12956720 bits [Y 99.9900 dB    U 99.9900 dB    V 99.9900 dB] [ET 22.94 ] [L0 ] [L1 ]
*** TRAIL_R numBytesInNALunit: 1619429
POC  353 TId: 0 ( I-SLICE, QP 26 )   12955432 bits [Y 99.9900 dB    U 99.9900 dB    V 99.9900 dB] [ET 22.95 ] [L0 ] [L1 ]
*** TRAIL_R numBytesInNALunit: 1619233
POC  354 TId: 0 ( I-SLICE, QP 26 )   12953864 bits [Y 99.9900 dB    U 99.9900 dB    V 99.9900 dB] [ET 20.25 ] [L0 ] [L1 ]
*** TRAIL_R numBytesInNALunit: 1617282
POC  355 TId: 0 ( I-SLICE, QP 26 )   12938256 bits [Y 99.9900 dB    U 99.9900 dB    V 99.9900 dB] [ET 23.61 ] [L0 ] [L1 ]
*** TRAIL_R numBytesInNALunit: 1615836
POC  356 TId: 0 ( I-SLICE, QP 26 )   12926688 bits [Y 99.9900 dB    U 99.9900 dB    V 99.9900 dB] [ET 24.28 ] [L0 ] [L1 ]
*** TRAIL_R numBytesInNALunit: 1614784
POC  357 TId: 0 ( I-SLICE, QP 26 )   12918272 bits [Y 99.9900 dB    U 99.9900 dB    V 99.9900 dB] [ET 24.64 ] [L0 ] [L1 ]
*** TRAIL_R numBytesInNALunit: 1613361
POC  358 TId: 0 ( I-SLICE, QP 26 )   12906888 bits [Y 99.9900 dB    U 99.9900 dB    V 99.9900 dB] [ET 24.56 ] [L0 ] [L1 ]
*** TRAIL_R numBytesInNALunit: 1611709
POC  359 TId: 0 ( I-SLICE, QP 26 )   12893672 bits [Y 99.9900 dB    U 99.9900 dB    V 99.9900 dB] [ET 24.81 ] [L0 ] [L1 ]
*** TRAIL_R numBytesInNALunit: 1610491
POC  360 TId: 0 ( I-SLICE, QP 26 )   12883928 bits [Y 99.9900 dB    U 99.9900 dB    V 99.9900 dB] [ET 25.42 ] [L0 ] [L1 ]
*** TRAIL_R numBytesInNALunit: 1610642
POC  361 TId: 0 ( I-SLICE, QP 26 )   12885136 bits [Y 99.9900 dB    U 99.9900 dB    V 99.9900 dB] [ET 25.00 ] [L0 ] [L1 ]
*** TRAIL_R numBytesInNALunit: 1611923
POC  362 TId: 0 ( I-SLICE, QP 26 )   12895384 bits [Y 99.9900 dB    U 99.9900 dB    V 99.9900 dB] [ET 24.52 ] [L0 ] [L1 ]
*** TRAIL_R numBytesInNALunit: 1613100
POC  363 TId: 0 ( I-SLICE, QP 26 )   12904800 bits [Y 99.9900 dB    U 99.9900 dB    V 99.9900 dB] [ET 25.28 ] [L0 ] [L1 ]
*** TRAIL_R numBytesInNALunit: 1615532
POC  364 TId: 0 ( I-SLICE, QP 26 )   12924256 bits [Y 99.9900 dB    U 99.9900 dB    V 99.9900 dB] [ET 25.23 ] [L0 ] [L1 ]
*** TRAIL_R numBytesInNALunit: 1615711
POC  365 TId: 0 ( I-SLICE, QP 26 )   12925688 bits [Y 99.9900 dB    U 99.9900 dB    V 99.9900 dB] [ET 24.83 ] [L0 ] [L1 ]
*** TRAIL_R numBytesInNALunit: 1615793
POC  366 TId: 0 ( I-SLICE, QP 26 )   12926344 bits [Y 99.9900 dB    U 99.9900 dB    V 99.9900 dB] [ET 25.20 ] [L0 ] [L1 ]
*** TRAIL_R numBytesInNALunit: 1615115
POC  367 TId: 0 ( I-SLICE, QP 26 )   12920920 bits [Y 99.9900 dB    U 99.9900 dB    V 99.9900 dB] [ET 25.89 ] [L0 ] [L1 ]
*** TRAIL_R numBytesInNALunit: 1612745
POC  368 TId: 0 ( I-SLICE, QP 26 )   12901960 bits [Y 99.9900 dB    U 99.9900 dB    V 99.9900 dB] [ET 25.41 ] [L0 ] [L1 ]
*** TRAIL_R numBytesInNALunit: 1612356
POC  369 TId: 0 ( I-SLICE, QP 26 )   12898848 bits [Y 99.9900 dB    U 99.9900 dB    V 99.9900 dB] [ET 25.03 ] [L0 ] [L1 ]
*** TRAIL_R numBytesInNALunit: 1612543
POC  370 TId: 0 ( I-SLICE, QP 26 )   12900344 bits [Y 99.9900 dB    U 99.9900 dB    V 99.9900 dB] [ET 25.67 ] [L0 ] [L1 ]
*** TRAIL_R numBytesInNALunit: 1613813
POC  371 TId: 0 ( I-SLICE, QP 26 )   12910504 bits [Y 99.9900 dB    U 99.9900 dB    V 99.9900 dB] [ET 25.16 ] [L0 ] [L1 ]
*** TRAIL_R numBytesInNALunit: 1613771
POC  372 TId: 0 ( I-SLICE, QP 26 )   12910168 bits [Y 99.9900 dB    U 99.9900 dB    V 99.9900 dB] [ET 26.23 ] [L0 ] [L1 ]
*** TRAIL_R numBytesInNALunit: 1613297
POC  373 TId: 0 ( I-SLICE, QP 26 )   12906376 bits [Y 99.9900 dB    U 99.9900 dB    V 99.9900 dB] [ET 25.58 ] [L0 ] [L1 ]
*** TRAIL_R numBytesInNALunit: 1611105
POC  374 TId: 0 ( I-SLICE, QP 26 )   12888840 bits [Y 99.9900 dB    U 99.9900 dB    V 99.9900 dB] [ET 25.02 ] [L0 ] [L1 ]
*** TRAIL_R numBytesInNALunit: 1609739
POC  375 TId: 0 ( I-SLICE, QP 26 )   12877912 bits [Y 99.9900 dB    U 99.9900 dB    V 99.9900 dB] [ET 24.88 ] [L0 ] [L1 ]
*** TRAIL_R numBytesInNALunit: 1607854
POC  376 TId: 0 ( I-SLICE, QP 26 )   12862832 bits [Y 99.9900 dB    U 99.9900 dB    V 99.9900 dB] [ET 23.28 ] [L0 ] [L1 ]
*** TRAIL_R numBytesInNALunit: 1606981
POC  377 TId: 0 ( I-SLICE, QP 26 )   12855848 bits [Y 99.9900 dB    U 99.9900 dB    V 99.9900 dB] [ET 23.16 ] [L0 ] [L1 ]
*** TRAIL_R numBytesInNALunit: 1607314
POC  378 TId: 0 ( I-SLICE, QP 26 )   12858512 bits [Y 99.9900 dB    U 99.9900 dB    V 99.9900 dB] [ET 21.53 ] [L0 ] [L1 ]
*** TRAIL_R numBytesInNALunit: 1608523
POC  379 TId: 0 ( I-SLICE, QP 26 )   12868184 bits [Y 99.9900 dB    U 99.9900 dB    V 99.9900 dB] [ET 21.31 ] [L0 ] [L1 ]
*** TRAIL_R numBytesInNALunit: 1610090
POC  380 TId: 0 ( I-SLICE, QP 26 )   12880720 bits [Y 99.9900 dB    U 99.9900 dB    V 99.9900 dB] [ET 21.22 ] [L0 ] [L1 ]
*** TRAIL_R numBytesInNALunit: 1610534
POC  381 TId: 0 ( I-SLICE, QP 26 )   12884272 bits [Y 99.9900 dB    U 99.9900 dB    V 99.9900 dB] [ET 23.25 ] [L0 ] [L1 ]
*** TRAIL_R numBytesInNALunit: 1611330
POC  382 TId: 0 ( I-SLICE, QP 26 )   12890640 bits [Y 99.9900 dB    U 99.9900 dB    V 99.9900 dB] [ET 24.59 ] [L0 ] [L1 ]
*** TRAIL_R numBytesInNALunit: 1610561
POC  383 TId: 0 ( I-SLICE, QP 26 )   12884488 bits [Y 99.9900 dB    U 99.9900 dB    V 99.9900 dB] [ET 24.73 ] [L0 ] [L1 ]
*** TRAIL_R numBytesInNALunit: 1608977
POC  384 TId: 0 ( I-SLICE, QP 26 )   12871816 bits [Y 99.9900 dB    U 99.9900 dB    V 99.9900 dB] [ET 24.66 ] [L0 ] [L1 ]
*** TRAIL_R numBytesInNALunit: 1610244
POC  385 TId: 0 ( I-SLICE, QP 26 )   12881952 bits [Y 99.9900 dB    U 99.9900 dB    V 99.9900 dB] [ET 24.56 ] [L0 ] [L1 ]
*** TRAIL_R numBytesInNALunit: 1611370
POC  386 TId: 0 ( I-SLICE, QP 26 )   12890960 bits [Y 99.9900 dB    U 99.9900 dB    V 99.9900 dB] [ET 25.00 ] [L0 ] [L1 ]
*** TRAIL_R numBytesInNALunit: 1612807
POC  387 TId: 0 ( I-SLICE, QP 26 )   12902456 bits [Y 99.9900 dB    U 99.9900 dB    V 99.9900 dB] [ET 24.64 ] [L0 ] [L1 ]
*** TRAIL_R numBytesInNALunit: 1613993
POC  388 TId: 0 ( I-SLICE, QP 26 )   12911944 bits [Y 99.9900 dB    U 99.9900 dB    V 99.9900 dB] [ET 25.02 ] [L0 ] [L1 ]
*** TRAIL_R numBytesInNALunit: 1616172
POC  389 TId: 0 ( I-SLICE, QP 26 )   12929376 bits [Y 99.9900 dB    U 99.9900 dB    V 99.9900 dB] [ET 25.27 ] [L0 ] [L1 ]
*** TRAIL_R numBytesInNALunit: 1618338
POC  390 TId: 0 ( I-SLICE, QP 26 )   12946704 bits [Y 99.9900 dB    U 99.9900 dB    V 99.9900 dB] [ET 25.23 ] [L0 ] [L1 ]
*** TRAIL_R numBytesInNALunit: 1620491
POC  391 TId: 0 ( I-SLICE, QP 26 )   12963928 bits [Y 99.9900 dB    U 99.9900 dB    V 99.9900 dB] [ET 25.02 ] [L0 ] [L1 ]
*** TRAIL_R numBytesInNALunit: 1621232
POC  392 TId: 0 ( I-SLICE, QP 26 )   12969856 bits [Y 99.9900 dB    U 99.9900 dB    V 99.9900 dB] [ET 24.98 ] [L0 ] [L1 ]
*** TRAIL_R numBytesInNALunit: 1620555
POC  393 TId: 0 ( I-SLICE, QP 26 )   12964440 bits [Y 99.9900 dB    U 99.9900 dB    V 99.9900 dB] [ET 25.09 ] [L0 ] [L1 ]
*** TRAIL_R numBytesInNALunit: 1618032
POC  394 TId: 0 ( I-SLICE, QP 26 )   12944256 bits [Y 99.9900 dB    U 99.9900 dB    V 99.9900 dB] [ET 25.30 ] [L0 ] [L1 ]
*** TRAIL_R numBytesInNALunit: 1614790
POC  395 TId: 0 ( I-SLICE, QP 26 )   12918320 bits [Y 99.9900 dB    U 99.9900 dB    V 99.9900 dB] [ET 25.42 ] [L0 ] [L1 ]
*** TRAIL_R numBytesInNALunit: 1611742
POC  396 TId: 0 ( I-SLICE, QP 26 )   12893936 bits [Y 99.9900 dB    U 99.9900 dB    V 99.9900 dB] [ET 25.66 ] [L0 ] [L1 ]
*** TRAIL_R numBytesInNALunit: 1611074
POC  397 TId: 0 ( I-SLICE, QP 26 )   12888592 bits [Y 99.9900 dB    U 99.9900 dB    V 99.9900 dB] [ET 25.48 ] [L0 ] [L1 ]
*** TRAIL_R numBytesInNALunit: 1609582
POC  398 TId: 0 ( I-SLICE, QP 26 )   12876656 bits [Y 99.9900 dB    U 99.9900 dB    V 99.9900 dB] [ET 25.17 ] [L0 ] [L1 ]
*** TRAIL_R numBytesInNALunit: 1608264
POC  399 TId: 0 ( I-SLICE, QP 26 )   12866112 bits [Y 99.9900 dB    U 99.9900 dB    V 99.9900 dB] [ET 24.64 ] [L0 ] [L1 ]
*** TRAIL_R numBytesInNALunit: 1606644
POC  400 TId: 0 ( I-SLICE, QP 26 )   12853152 bits [Y 99.9900 dB    U 99.9900 dB    V 99.9900 dB] [ET 24.47 ] [L0 ] [L1 ]
*** TRAIL_R numBytesInNALunit: 1606092
POC  401 TId: 0 ( I-SLICE, QP 26 )   12848736 bits [Y 99.9900 dB    U 99.9900 dB    V 99.9900 dB] [ET 24.53 ] [L0 ] [L1 ]
*** TRAIL_R numBytesInNALunit: 1604748
POC  402 TId: 0 ( I-SLICE, QP 26 )   12837984 bits [Y 99.9900 dB    U 99.9900 dB    V 99.9900 dB] [ET 24.30 ] [L0 ] [L1 ]
*** TRAIL_R numBytesInNALunit: 1604383
POC  403 TId: 0 ( I-SLICE, QP 26 )   12835064 bits [Y 99.9900 dB    U 99.9900 dB    V 99.9900 dB] [ET 22.97 ] [L0 ] [L1 ]
*** TRAIL_R numBytesInNALunit: 1602883
POC  404 TId: 0 ( I-SLICE, QP 26 )   12823064 bits [Y 99.9900 dB    U 99.9900 dB    V 99.9900 dB] [ET 22.84 ] [L0 ] [L1 ]
*** TRAIL_R numBytesInNALunit: 1601847
POC  405 TId: 0 ( I-SLICE, QP 26 )   12814776 bits [Y 99.9900 dB    U 99.9900 dB    V 99.9900 dB] [ET 22.58 ] [L0 ] [L1 ]
*** TRAIL_R numBytesInNALunit: 1601239
POC  406 TId: 0 ( I-SLICE, QP 26 )   12809912 bits [Y 99.9900 dB    U 99.9900 dB    V 99.9900 dB] [ET 21.58 ] [L0 ] [L1 ]
*** TRAIL_R numBytesInNALunit: 1600549
POC  407 TId: 0 ( I-SLICE, QP 26 )   12804392 bits [Y 99.9900 dB    U 99.9900 dB    V 99.9900 dB] [ET 21.34 ] [L0 ] [L1 ]
*** TRAIL_R numBytesInNALunit: 1599135
POC  408 TId: 0 ( I-SLICE, QP 26 )   12793080 bits [Y 99.9900 dB    U 99.9900 dB    V 99.9900 dB] [ET 20.62 ] [L0 ] [L1 ]
*** TRAIL_R numBytesInNALunit: 1599269
POC  409 TId: 0 ( I-SLICE, QP 26 )   12794152 bits [Y 99.9900 dB    U 99.9900 dB    V 99.9900 dB] [ET 19.30 ] [L0 ] [L1 ]
*** TRAIL_R numBytesInNALunit: 1599174
POC  410 TId: 0 ( I-SLICE, QP 26 )   12793392 bits [Y 99.9900 dB    U 99.9900 dB    V 99.9900 dB] [ET 19.08 ] [L0 ] [L1 ]
*** TRAIL_R numBytesInNALunit: 1598384
POC  411 TId: 0 ( I-SLICE, QP 26 )   12787072 bits [Y 99.9900 dB    U 99.9900 dB    V 99.9900 dB] [ET 18.91 ] [L0 ] [L1 ]
*** TRAIL_R numBytesInNALunit: 1599026
POC  412 TId: 0 ( I-SLICE, QP 26 )   12792208 bits [Y 99.9900 dB    U 99.9900 dB    V 99.9900 dB] [ET 19.05 ] [L0 ] [L1 ]
*** TRAIL_R numBytesInNALunit: 1600251
POC  413 TId: 0 ( I-SLICE, QP 26 )   12802008 bits [Y 99.9900 dB    U 99.9900 dB    V 99.9900 dB] [ET 18.97 ] [L0 ] [L1 ]
*** TRAIL_R numBytesInNALunit: 1600489
POC  414 TId: 0 ( I-SLICE, QP 26 )   12803912 bits [Y 99.9900 dB    U 99.9900 dB    V 99.9900 dB] [ET 19.09 ] [L0 ] [L1 ]
*** TRAIL_R numBytesInNALunit: 1601610
POC  415 TId: 0 ( I-SLICE, QP 26 )   12812880 bits [Y 99.9900 dB    U 99.9900 dB    V 99.9900 dB] [ET 19.05 ] [L0 ] [L1 ]
*** TRAIL_R numBytesInNALunit: 1601408
POC  416 TId: 0 ( I-SLICE, QP 26 )   12811264 bits [Y 99.9900 dB    U 99.9900 dB    V 99.9900 dB] [ET 18.97 ] [L0 ] [L1 ]
*** TRAIL_R numBytesInNALunit: 1601312
POC  417 TId: 0 ( I-SLICE, QP 26 )   12810496 bits [Y 99.9900 dB    U 99.9900 dB    V 99.9900 dB] [ET 19.00 ] [L0 ] [L1 ]
*** TRAIL_R numBytesInNALunit: 1598926
POC  418 TId: 0 ( I-SLICE, QP 26 )   12791408 bits [Y 99.9900 dB    U 99.9900 dB    V 99.9900 dB] [ET 18.89 ] [L0 ] [L1 ]
*** TRAIL_R numBytesInNALunit: 1597913
POC  419 TId: 0 ( I-SLICE, QP 26 )   12783304 bits [Y 99.9900 dB    U 99.9900 dB    V 99.9900 dB] [ET 19.16 ] [L0 ] [L1 ]
*** TRAIL_R numBytesInNALunit: 1597770
POC  420 TId: 0 ( I-SLICE, QP 26 )   12782160 bits [Y 99.9900 dB    U 99.9900 dB    V 99.9900 dB] [ET 18.86 ] [L0 ] [L1 ]
*** TRAIL_R numBytesInNALunit: 1597110
POC  421 TId: 0 ( I-SLICE, QP 26 )   12776880 bits [Y 99.9900 dB    U 99.9900 dB    V 99.9900 dB] [ET 18.98 ] [L0 ] [L1 ]
*** TRAIL_R numBytesInNALunit: 1596283
POC  422 TId: 0 ( I-SLICE, QP 26 )   12770264 bits [Y 99.9900 dB    U 99.9900 dB    V 99.9900 dB] [ET 18.95 ] [L0 ] [L1 ]
*** TRAIL_R numBytesInNALunit: 1595589
POC  423 TId: 0 ( I-SLICE, QP 26 )   12764712 bits [Y 99.9900 dB    U 99.9900 dB    V 99.9900 dB] [ET 18.95 ] [L0 ] [L1 ]
*** TRAIL_R numBytesInNALunit: 1597078
POC  424 TId: 0 ( I-SLICE, QP 26 )   12776624 bits [Y 99.9900 dB    U 99.9900 dB    V 99.9900 dB] [ET 18.95 ] [L0 ] [L1 ]
*** TRAIL_R numBytesInNALunit: 1596577
POC  425 TId: 0 ( I-SLICE, QP 26 )   12772616 bits [Y 99.9900 dB    U 99.9900 dB    V 99.9900 dB] [ET 18.91 ] [L0 ] [L1 ]
*** TRAIL_R numBytesInNALunit: 1596952
POC  426 TId: 0 ( I-SLICE, QP 26 )   12775616 bits [Y 99.9900 dB    U 99.9900 dB    V 99.9900 dB] [ET 18.72 ] [L0 ] [L1 ]
*** TRAIL_R numBytesInNALunit: 1598562
POC  427 TId: 0 ( I-SLICE, QP 26 )   12788496 bits [Y 99.9900 dB    U 99.9900 dB    V 99.9900 dB] [ET 18.91 ] [L0 ] [L1 ]
*** TRAIL_R numBytesInNALunit: 1597243
POC  428 TId: 0 ( I-SLICE, QP 26 )   12777944 bits [Y 99.9900 dB    U 99.9900 dB    V 99.9900 dB] [ET 18.88 ] [L0 ] [L1 ]
*** TRAIL_R numBytesInNALunit: 1596736
POC  429 TId: 0 ( I-SLICE, QP 26 )   12773888 bits [Y 99.9900 dB    U 99.9900 dB    V 99.9900 dB] [ET 18.78 ] [L0 ] [L1 ]
*** TRAIL_R numBytesInNALunit: 1597266
POC  430 TId: 0 ( I-SLICE, QP 26 )   12778128 bits [Y 99.9900 dB    U 99.9900 dB    V 99.9900 dB] [ET 18.62 ] [L0 ] [L1 ]
*** TRAIL_R numBytesInNALunit: 1596393
POC  431 TId: 0 ( I-SLICE, QP 26 )   12771144 bits [Y 99.9900 dB    U 99.9900 dB    V 99.9900 dB] [ET 18.95 ] [L0 ] [L1 ]
*** TRAIL_R numBytesInNALunit: 1595255
POC  432 TId: 0 ( I-SLICE, QP 26 )   12762040 bits [Y 99.9900 dB    U 99.9900 dB    V 99.9900 dB] [ET 18.86 ] [L0 ] [L1 ]
*** TRAIL_R numBytesInNALunit: 1596458
POC  433 TId: 0 ( I-SLICE, QP 26 )   12771664 bits [Y 99.9900 dB    U 99.9900 dB    V 99.9900 dB] [ET 18.97 ] [L0 ] [L1 ]
*** TRAIL_R numBytesInNALunit: 1597663
POC  434 TId: 0 ( I-SLICE, QP 26 )   12781304 bits [Y 99.9900 dB    U 99.9900 dB    V 99.9900 dB] [ET 19.25 ] [L0 ] [L1 ]
*** TRAIL_R numBytesInNALunit: 1598690
POC  435 TId: 0 ( I-SLICE, QP 26 )   12789520 bits [Y 99.9900 dB    U 99.9900 dB    V 99.9900 dB] [ET 18.84 ] [L0 ] [L1 ]
*** TRAIL_R numBytesInNALunit: 1598799
POC  436 TId: 0 ( I-SLICE, QP 26 )   12790392 bits [Y 99.9900 dB    U 99.9900 dB    V 99.9900 dB] [ET 18.86 ] [L0 ] [L1 ]
*** TRAIL_R numBytesInNALunit: 1598627
POC  437 TId: 0 ( I-SLICE, QP 26 )   12789016 bits [Y 99.9900 dB    U 99.9900 dB    V 99.9900 dB] [ET 18.91 ] [L0 ] [L1 ]
*** TRAIL_R numBytesInNALunit: 1598224
POC  438 TId: 0 ( I-SLICE, QP 26 )   12785792 bits [Y 99.9900 dB    U 99.9900 dB    V 99.9900 dB] [ET 19.00 ] [L0 ] [L1 ]
*** TRAIL_R numBytesInNALunit: 1599479
POC  439 TId: 0 ( I-SLICE, QP 26 )   12795832 bits [Y 99.9900 dB    U 99.9900 dB    V 99.9900 dB] [ET 18.86 ] [L0 ] [L1 ]
*** TRAIL_R numBytesInNALunit: 1600114
POC  440 TId: 0 ( I-SLICE, QP 26 )   12800912 bits [Y 99.9900 dB    U 99.9900 dB    V 99.9900 dB] [ET 19.09 ] [L0 ] [L1 ]
*** TRAIL_R numBytesInNALunit: 1600539
POC  441 TId: 0 ( I-SLICE, QP 26 )   12804312 bits [Y 99.9900 dB    U 99.9900 dB    V 99.9900 dB] [ET 18.81 ] [L0 ] [L1 ]
*** TRAIL_R numBytesInNALunit: 1601330
POC  442 TId: 0 ( I-SLICE, QP 26 )   12810640 bits [Y 99.9900 dB    U 99.9900 dB    V 99.9900 dB] [ET 19.14 ] [L0 ] [L1 ]
*** TRAIL_R numBytesInNALunit: 1602933
POC  443 TId: 0 ( I-SLICE, QP 26 )   12823464 bits [Y 99.9900 dB    U 99.9900 dB    V 99.9900 dB] [ET 19.09 ] [L0 ] [L1 ]
*** TRAIL_R numBytesInNALunit: 1605287
POC  444 TId: 0 ( I-SLICE, QP 26 )   12842296 bits [Y 99.9900 dB    U 99.9900 dB    V 99.9900 dB] [ET 18.91 ] [L0 ] [L1 ]
*** TRAIL_R numBytesInNALunit: 1606686
POC  445 TId: 0 ( I-SLICE, QP 26 )   12853488 bits [Y 99.9900 dB    U 99.9900 dB    V 99.9900 dB] [ET 18.86 ] [L0 ] [L1 ]
*** TRAIL_R numBytesInNALunit: 1608502
POC  446 TId: 0 ( I-SLICE, QP 26 )   12868016 bits [Y 99.9900 dB    U 99.9900 dB    V 99.9900 dB] [ET 18.84 ] [L0 ] [L1 ]
*** TRAIL_R numBytesInNALunit: 1609741
POC  447 TId: 0 ( I-SLICE, QP 26 )   12877928 bits [Y 99.9900 dB    U 99.9900 dB    V 99.9900 dB] [ET 18.42 ] [L0 ] [L1 ]
*** TRAIL_R numBytesInNALunit: 1608425
POC  448 TId: 0 ( I-SLICE, QP 26 )   12867400 bits [Y 99.9900 dB    U 99.9900 dB    V 99.9900 dB] [ET 18.39 ] [L0 ] [L1 ]
*** TRAIL_R numBytesInNALunit: 1606513
POC  449 TId: 0 ( I-SLICE, QP 26 )   12852104 bits [Y 99.9900 dB    U 99.9900 dB    V 99.9900 dB] [ET 18.33 ] [L0 ] [L1 ]
*** TRAIL_R numBytesInNALunit: 1605209
POC  450 TId: 0 ( I-SLICE, QP 26 )   12841672 bits [Y 99.9900 dB    U 99.9900 dB    V 99.9900 dB] [ET 18.23 ] [L0 ] [L1 ]
*** TRAIL_R numBytesInNALunit: 1604405
POC  451 TId: 0 ( I-SLICE, QP 26 )   12835240 bits [Y 99.9900 dB    U 99.9900 dB    V 99.9900 dB] [ET 18.33 ] [L0 ] [L1 ]
*** TRAIL_R numBytesInNALunit: 1601793
POC  452 TId: 0 ( I-SLICE, QP 26 )   12814344 bits [Y 99.9900 dB    U 99.9900 dB    V 99.9900 dB] [ET 18.23 ] [L0 ] [L1 ]
*** TRAIL_R numBytesInNALunit: 1599752
POC  453 TId: 0 ( I-SLICE, QP 26 )   12798016 bits [Y 99.9900 dB    U 99.9900 dB    V 99.9900 dB] [ET 18.25 ] [L0 ] [L1 ]
*** TRAIL_R numBytesInNALunit: 1598909
POC  454 TId: 0 ( I-SLICE, QP 26 )   12791272 bits [Y 99.9900 dB    U 99.9900 dB    V 99.9900 dB] [ET 18.48 ] [L0 ] [L1 ]
*** TRAIL_R numBytesInNALunit: 1596943
POC  455 TId: 0 ( I-SLICE, QP 26 )   12775544 bits [Y 99.9900 dB    U 99.9900 dB    V 99.9900 dB] [ET 18.28 ] [L0 ] [L1 ]
*** TRAIL_R numBytesInNALunit: 1594975
POC  456 TId: 0 ( I-SLICE, QP 26 )   12759800 bits [Y 99.9900 dB    U 99.9900 dB    V 99.9900 dB] [ET 18.53 ] [L0 ] [L1 ]
*** TRAIL_R numBytesInNALunit: 1595028
POC  457 TId: 0 ( I-SLICE, QP 26 )   12760224 bits [Y 99.9900 dB    U 99.9900 dB    V 99.9900 dB] [ET 20.94 ] [L0 ] [L1 ]
*** TRAIL_R numBytesInNALunit: 1594848
POC  458 TId: 0 ( I-SLICE, QP 26 )   12758784 bits [Y 99.9900 dB    U 99.9900 dB    V 99.9900 dB] [ET 24.36 ] [L0 ] [L1 ]
*** TRAIL_R numBytesInNALunit: 1595486
POC  459 TId: 0 ( I-SLICE, QP 26 )   12763888 bits [Y 99.9900 dB    U 99.9900 dB    V 99.9900 dB] [ET 23.08 ] [L0 ] [L1 ]
*** TRAIL_R numBytesInNALunit: 1594752
POC  460 TId: 0 ( I-SLICE, QP 26 )   12758016 bits [Y 99.9900 dB    U 99.9900 dB    V 99.9900 dB] [ET 23.25 ] [L0 ] [L1 ]
*** TRAIL_R numBytesInNALunit: 1594547
POC  461 TId: 0 ( I-SLICE, QP 26 )   12756376 bits [Y 99.9900 dB    U 99.9900 dB    V 99.9900 dB] [ET 29.05 ] [L0 ] [L1 ]
*** TRAIL_R numBytesInNALunit: 1593895
POC  462 TId: 0 ( I-SLICE, QP 26 )   12751160 bits [Y 99.9900 dB    U 99.9900 dB    V 99.9900 dB] [ET 29.88 ] [L0 ] [L1 ]
*** TRAIL_R numBytesInNALunit: 1594026
POC  463 TId: 0 ( I-SLICE, QP 26 )   12752208 bits [Y 99.9900 dB    U 99.9900 dB    V 99.9900 dB] [ET 29.88 ] [L0 ] [L1 ]
*** TRAIL_R numBytesInNALunit: 1593477
POC  464 TId: 0 ( I-SLICE, QP 26 )   12747816 bits [Y 99.9900 dB    U 99.9900 dB    V 99.9900 dB] [ET 30.09 ] [L0 ] [L1 ]
*** TRAIL_R numBytesInNALunit: 1592371
POC  465 TId: 0 ( I-SLICE, QP 26 )   12738968 bits [Y 99.9900 dB    U 99.9900 dB    V 99.9900 dB] [ET 29.91 ] [L0 ] [L1 ]
*** TRAIL_R numBytesInNALunit: 1590466
POC  466 TId: 0 ( I-SLICE, QP 26 )   12723728 bits [Y 99.9900 dB    U 99.9900 dB    V 99.9900 dB] [ET 30.11 ] [L0 ] [L1 ]
*** TRAIL_R numBytesInNALunit: 1588962
POC  467 TId: 0 ( I-SLICE, QP 26 )   12711696 bits [Y 99.9900 dB    U 99.9900 dB    V 99.9900 dB] [ET 29.66 ] [L0 ] [L1 ]
*** TRAIL_R numBytesInNALunit: 1587806
POC  468 TId: 0 ( I-SLICE, QP 26 )   12702448 bits [Y 99.9900 dB    U 99.9900 dB    V 99.9900 dB] [ET 29.88 ] [L0 ] [L1 ]
*** TRAIL_R numBytesInNALunit: 1587137
POC  469 TId: 0 ( I-SLICE, QP 26 )   12697096 bits [Y 99.9900 dB    U 99.9900 dB    V 99.9900 dB] [ET 29.97 ] [L0 ] [L1 ]
*** TRAIL_R numBytesInNALunit: 1587276
POC  470 TId: 0 ( I-SLICE, QP 26 )   12698208 bits [Y 99.9900 dB    U 99.9900 dB    V 99.9900 dB] [ET 29.39 ] [L0 ] [L1 ]
*** TRAIL_R numBytesInNALunit: 1588626
POC  471 TId: 0 ( I-SLICE, QP 26 )   12709008 bits [Y 99.9900 dB    U 99.9900 dB    V 99.9900 dB] [ET 29.42 ] [L0 ] [L1 ]
*** TRAIL_R numBytesInNALunit: 1589303
POC  472 TId: 0 ( I-SLICE, QP 26 )   12714424 bits [Y 99.9900 dB    U 99.9900 dB    V 99.9900 dB] [ET 29.45 ] [L0 ] [L1 ]
*** TRAIL_R numBytesInNALunit: 1590832
POC  473 TId: 0 ( I-SLICE, QP 26 )   12726656 bits [Y 99.9900 dB    U 99.9900 dB    V 99.9900 dB] [ET 29.47 ] [L0 ] [L1 ]
*** TRAIL_R numBytesInNALunit: 1591394
POC  474 TId: 0 ( I-SLICE, QP 26 )   12731152 bits [Y 99.9900 dB    U 99.9900 dB    V 99.9900 dB] [ET 29.75 ] [L0 ] [L1 ]
*** TRAIL_R numBytesInNALunit: 1592461
POC  475 TId: 0 ( I-SLICE, QP 26 )   12739688 bits [Y 99.9900 dB    U 99.9900 dB    V 99.9900 dB] [ET 29.56 ] [L0 ] [L1 ]
*** TRAIL_R numBytesInNALunit: 1591102
POC  476 TId: 0 ( I-SLICE, QP 26 )   12728816 bits [Y 99.9900 dB    U 99.9900 dB    V 99.9900 dB] [ET 29.83 ] [L0 ] [L1 ]
*** TRAIL_R numBytesInNALunit: 1591546
POC  477 TId: 0 ( I-SLICE, QP 26 )   12732368 bits [Y 99.9900 dB    U 99.9900 dB    V 99.9900 dB] [ET 29.75 ] [L0 ] [L1 ]
*** TRAIL_R numBytesInNALunit: 1590026
POC  478 TId: 0 ( I-SLICE, QP 26 )   12720208 bits [Y 99.9900 dB    U 99.9900 dB    V 99.9900 dB] [ET 29.61 ] [L0 ] [L1 ]
*** TRAIL_R numBytesInNALunit: 1589183
POC  479 TId: 0 ( I-SLICE, QP 26 )   12713464 bits [Y 99.9900 dB    U 99.9900 dB    V 99.9900 dB] [ET 29.86 ] [L0 ] [L1 ]
*** TRAIL_R numBytesInNALunit: 1588050
POC  480 TId: 0 ( I-SLICE, QP 26 )   12704400 bits [Y 99.9900 dB    U 99.9900 dB    V 99.9900 dB] [ET 29.81 ] [L0 ] [L1 ]
*** TRAIL_R numBytesInNALunit: 1587798
POC  481 TId: 0 ( I-SLICE, QP 26 )   12702384 bits [Y 99.9900 dB    U 99.9900 dB    V 99.9900 dB] [ET 29.80 ] [L0 ] [L1 ]
*** TRAIL_R numBytesInNALunit: 1587312
POC  482 TId: 0 ( I-SLICE, QP 26 )   12698496 bits [Y 99.9900 dB    U 99.9900 dB    V 99.9900 dB] [ET 29.75 ] [L0 ] [L1 ]
*** TRAIL_R numBytesInNALunit: 1585191
POC  483 TId: 0 ( I-SLICE, QP 26 )   12681528 bits [Y 99.9900 dB    U 99.9900 dB    V 99.9900 dB] [ET 28.67 ] [L0 ] [L1 ]
*** TRAIL_R numBytesInNALunit: 1584692
POC  484 TId: 0 ( I-SLICE, QP 26 )   12677536 bits [Y 99.9900 dB    U 99.9900 dB    V 99.9900 dB] [ET 27.80 ] [L0 ] [L1 ]
*** TRAIL_R numBytesInNALunit: 1584742
POC  485 TId: 0 ( I-SLICE, QP 26 )   12677936 bits [Y 99.9900 dB    U 99.9900 dB    V 99.9900 dB] [ET 28.06 ] [L0 ] [L1 ]
*** TRAIL_R numBytesInNALunit: 1586307
POC  486 TId: 0 ( I-SLICE, QP 26 )   12690456 bits [Y 99.9900 dB    U 99.9900 dB    V 99.9900 dB] [ET 26.83 ] [L0 ] [L1 ]
*** TRAIL_R numBytesInNALunit: 1588110
POC  487 TId: 0 ( I-SLICE, QP 26 )   12704880 bits [Y 99.9900 dB    U 99.9900 dB    V 99.9900 dB] [ET 26.89 ] [L0 ] [L1 ]
*** TRAIL_R numBytesInNALunit: 1588671
POC  488 TId: 0 ( I-SLICE, QP 26 )   12709368 bits [Y 99.9900 dB    U 99.9900 dB    V 99.9900 dB] [ET 26.95 ] [L0 ] [L1 ]
*** TRAIL_R numBytesInNALunit: 1589665
POC  489 TId: 0 ( I-SLICE, QP 26 )   12717320 bits [Y 99.9900 dB    U 99.9900 dB    V 99.9900 dB] [ET 26.34 ] [L0 ] [L1 ]
*** TRAIL_R numBytesInNALunit: 1589272
POC  490 TId: 0 ( I-SLICE, QP 26 )   12714176 bits [Y 99.9900 dB    U 99.9900 dB    V 99.9900 dB] [ET 27.38 ] [L0 ] [L1 ]
*** TRAIL_R numBytesInNALunit: 1588826
POC  491 TId: 0 ( I-SLICE, QP 26 )   12710608 bits [Y 99.9900 dB    U 99.9900 dB    V 99.9900 dB] [ET 30.00 ] [L0 ] [L1 ]
*** TRAIL_R numBytesInNALunit: 1589354
POC  492 TId: 0 ( I-SLICE, QP 26 )   12714832 bits [Y 99.9900 dB    U 99.9900 dB    V 99.9900 dB] [ET 29.91 ] [L0 ] [L1 ]
*** TRAIL_R numBytesInNALunit: 1589323
POC  493 TId: 0 ( I-SLICE, QP 26 )   12714584 bits [Y 99.9900 dB    U 99.9900 dB    V 99.9900 dB] [ET 29.89 ] [L0 ] [L1 ]
*** TRAIL_R numBytesInNALunit: 1589903
POC  494 TId: 0 ( I-SLICE, QP 26 )   12719224 bits [Y 99.9900 dB    U 99.9900 dB    V 99.9900 dB] [ET 29.67 ] [L0 ] [L1 ]
*** TRAIL_R numBytesInNALunit: 1590244
POC  495 TId: 0 ( I-SLICE, QP 26 )   12721952 bits [Y 99.9900 dB    U 99.9900 dB    V 99.9900 dB] [ET 30.05 ] [L0 ] [L1 ]
*** TRAIL_R numBytesInNALunit: 1592353
POC  496 TId: 0 ( I-SLICE, QP 26 )   12738824 bits [Y 99.9900 dB    U 99.9900 dB    V 99.9900 dB] [ET 29.64 ] [L0 ] [L1 ]
*** TRAIL_R numBytesInNALunit: 1592973
POC  497 TId: 0 ( I-SLICE, QP 26 )   12743784 bits [Y 99.9900 dB    U 99.9900 dB    V 99.9900 dB] [ET 30.03 ] [L0 ] [L1 ]
*** TRAIL_R numBytesInNALunit: 1594249
POC  498 TId: 0 ( I-SLICE, QP 26 )   12753992 bits [Y 99.9900 dB    U 99.9900 dB    V 99.9900 dB] [ET 29.91 ] [L0 ] [L1 ]
*** TRAIL_R numBytesInNALunit: 1594898
POC  499 TId: 0 ( I-SLICE, QP 26 )   12759184 bits [Y 99.9900 dB    U 99.9900 dB    V 99.9900 dB] [ET 29.73 ] [L0 ] [L1 ]


I Slices--------------------------------------------------------
	Total Frames |  Bitrate    Y-PSNR    U-PSNR    V-PSNR 
	      500    i 642683.4120   99.9900   99.9900   99.9900
Bytes written to file: 803356276 (642685.021 kbps)
Bytes for SPS/PPS/Slice (Incl. Annex B): 803356276 (642685.021 kbps)

 Total Time:    12740.031 sec.
