
HM software: Encoder Version [15.0][Linux][GCC 4.8.5][64 bit] 

Input          File          : ../../HEVC_test_sequence/ClassE/FourPeople_1280x720_60.yuv
Bitstream      File          : FourPeople.bin
Reconstruction File          : FourPeople.yuv
Real     Format              : 1280x720 60Hz
Internal Format              : 1280x720 60Hz
Frame/Field                  : Frame based coding
Frame index                  : 0 - 599 (600 frames)
CU size / depth              : 32 / 3
RQT trans. size (min / max)  : 4 / 32
Max RQT depth inter          : 3
Max RQT depth intra          : 1
Min PCM size                 : 8
Motion search range          : 64
Intra period                 : 1
Decoding refresh type        : 0
QP                           : 26.00
Max dQP signaling depth      : 0
Cb QP Offset                 : 0
Cr QP Offset                 : 0
QP adaptation                : 0 (range=0)
GOP size                     : 1
Internal bit depth           : (Y:8, C:8)
PCM sample bit depth         : (Y:8, C:8)
RateControl                  : 0
Max Num Merge Candidates     : 5

TOOL CFG: IBD:0 HAD:0 RDQ:0 RDQTS:0 RDpenalty:0 SQP:0 ASR:0 FEN:0 ECU:0 FDM:0 CFM:0 ESD:0 RQT:1 TransformSkip:0 TransformSkipFast:0 Slice: M=0 SliceSegment: M=0 CIP:0 SAO:0 PCM:0 TransQuantBypassEnabled: =1 WPP:0 WPB:0 PME:2  WaveFrontSynchro:0 WaveFrontSubstreams:1 ScalingList:0 TMVPMode:1  SignBitHidingFlag:1 RecalQP:0

***    VPS numBytesInNALunit: 24
***    SPS numBytesInNALunit: 31
***    PPS numBytesInNALunit: 7
*** IDR_W_RADL numBytesInNALunit: 538008
POC    0 TId: 0 ( I-SLICE, QP 26 )    4304560 bits [Y 99.9900 dB    U 99.9900 dB    V 99.9900 dB] [ET 12.28 ] [L0 ] [L1 ]
*** TRAIL_R numBytesInNALunit: 537817
POC    1 TId: 0 ( I-SLICE, QP 26 )    4302536 bits [Y 99.9900 dB    U 99.9900 dB    V 99.9900 dB] [ET 12.00 ] [L0 ] [L1 ]
*** TRAIL_R numBytesInNALunit: 537809
POC    2 TId: 0 ( I-SLICE, QP 26 )    4302472 bits [Y 99.9900 dB    U 99.9900 dB    V 99.9900 dB] [ET 12.50 ] [L0 ] [L1 ]
*** TRAIL_R numBytesInNALunit: 538043
POC    3 TId: 0 ( I-SLICE, QP 26 )    4304344 bits [Y 99.9900 dB    U 99.9900 dB    V 99.9900 dB] [ET 12.12 ] [L0 ] [L1 ]
*** TRAIL_R numBytesInNALunit: 538493
POC    4 TId: 0 ( I-SLICE, QP 26 )    4307944 bits [Y 99.9900 dB    U 99.9900 dB    V 99.9900 dB] [ET 11.94 ] [L0 ] [L1 ]
*** TRAIL_R numBytesInNALunit: 538374
POC    5 TId: 0 ( I-SLICE, QP 26 )    4306992 bits [Y 99.9900 dB    U 99.9900 dB    V 99.9900 dB] [ET 12.34 ] [L0 ] [L1 ]
*** TRAIL_R numBytesInNALunit: 537998
POC    6 TId: 0 ( I-SLICE, QP 26 )    4303984 bits [Y 99.9900 dB    U 99.9900 dB    V 99.9900 dB] [ET 12.06 ] [L0 ] [L1 ]
*** TRAIL_R numBytesInNALunit: 537942
POC    7 TId: 0 ( I-SLICE, QP 26 )    4303536 bits [Y 99.9900 dB    U 99.9900 dB    V 99.9900 dB] [ET 12.00 ] [L0 ] [L1 ]
*** TRAIL_R numBytesInNALunit: 538287
POC    8 TId: 0 ( I-SLICE, QP 26 )    4306296 bits [Y 99.9900 dB    U 99.9900 dB    V 99.9900 dB] [ET 12.03 ] [L0 ] [L1 ]
*** TRAIL_R numBytesInNALunit: 538785
POC    9 TId: 0 ( I-SLICE, QP 26 )    4310280 bits [Y 99.9900 dB    U 99.9900 dB    V 99.9900 dB] [ET 12.31 ] [L0 ] [L1 ]
*** TRAIL_R numBytesInNALunit: 538970
POC   10 TId: 0 ( I-SLICE, QP 26 )    4311760 bits [Y 99.9900 dB    U 99.9900 dB    V 99.9900 dB] [ET 12.19 ] [L0 ] [L1 ]
*** TRAIL_R numBytesInNALunit: 537951
POC   11 TId: 0 ( I-SLICE, QP 26 )    4303608 bits [Y 99.9900 dB    U 99.9900 dB    V 99.9900 dB] [ET 11.94 ] [L0 ] [L1 ]
*** TRAIL_R numBytesInNALunit: 538895
POC   12 TId: 0 ( I-SLICE, QP 26 )    4311160 bits [Y 99.9900 dB    U 99.9900 dB    V 99.9900 dB] [ET 12.09 ] [L0 ] [L1 ]
*** TRAIL_R numBytesInNALunit: 538415
POC   13 TId: 0 ( I-SLICE, QP 26 )    4307320 bits [Y 99.9900 dB    U 99.9900 dB    V 99.9900 dB] [ET 12.14 ] [L0 ] [L1 ]
*** TRAIL_R numBytesInNALunit: 538281
POC   14 TId: 0 ( I-SLICE, QP 26 )    4306248 bits [Y 99.9900 dB    U 99.9900 dB    V 99.9900 dB] [ET 12.42 ] [L0 ] [L1 ]
*** TRAIL_R numBytesInNALunit: 538573
POC   15 TId: 0 ( I-SLICE, QP 26 )    4308584 bits [Y 99.9900 dB    U 99.9900 dB    V 99.9900 dB] [ET 11.91 ] [L0 ] [L1 ]
*** TRAIL_R numBytesInNALunit: 538912
POC   16 TId: 0 ( I-SLICE, QP 26 )    4311296 bits [Y 99.9900 dB    U 99.9900 dB    V 99.9900 dB] [ET 12.02 ] [L0 ] [L1 ]
*** TRAIL_R numBytesInNALunit: 538096
POC   17 TId: 0 ( I-SLICE, QP 26 )    4304768 bits [Y 99.9900 dB    U 99.9900 dB    V 99.9900 dB] [ET 12.02 ] [L0 ] [L1 ]
*** TRAIL_R numBytesInNALunit: 538712
POC   18 TId: 0 ( I-SLICE, QP 26 )    4309696 bits [Y 99.9900 dB    U 99.9900 dB    V 99.9900 dB] [ET 12.41 ] [L0 ] [L1 ]
*** TRAIL_R numBytesInNALunit: 538155
POC   19 TId: 0 ( I-SLICE, QP 26 )    4305240 bits [Y 99.9900 dB    U 99.9900 dB    V 99.9900 dB] [ET 12.27 ] [L0 ] [L1 ]
*** TRAIL_R numBytesInNALunit: 538181
POC   20 TId: 0 ( I-SLICE, QP 26 )    4305448 bits [Y 99.9900 dB    U 99.9900 dB    V 99.9900 dB] [ET 12.34 ] [L0 ] [L1 ]
*** TRAIL_R numBytesInNALunit: 538481
POC   21 TId: 0 ( I-SLICE, QP 26 )    4307848 bits [Y 99.9900 dB    U 99.9900 dB    V 99.9900 dB] [ET 11.97 ] [L0 ] [L1 ]
*** TRAIL_R numBytesInNALunit: 538941
POC   22 TId: 0 ( I-SLICE, QP 26 )    4311528 bits [Y 99.9900 dB    U 99.9900 dB    V 99.9900 dB] [ET 12.25 ] [L0 ] [L1 ]
*** TRAIL_R numBytesInNALunit: 537768
POC   23 TId: 0 ( I-SLICE, QP 26 )    4302144 bits [Y 99.9900 dB    U 99.9900 dB    V 99.9900 dB] [ET 11.91 ] [L0 ] [L1 ]
*** TRAIL_R numBytesInNALunit: 537907
POC   24 TId: 0 ( I-SLICE, QP 26 )    4303256 bits [Y 99.9900 dB    U 99.9900 dB    V 99.9900 dB] [ET 12.02 ] [L0 ] [L1 ]
*** TRAIL_R numBytesInNALunit: 537246
POC   25 TId: 0 ( I-SLICE, QP 26 )    4297968 bits [Y 99.9900 dB    U 99.9900 dB    V 99.9900 dB] [ET 11.80 ] [L0 ] [L1 ]
*** TRAIL_R numBytesInNALunit: 538186
POC   26 TId: 0 ( I-SLICE, QP 26 )    4305488 bits [Y 99.9900 dB    U 99.9900 dB    V 99.9900 dB] [ET 11.97 ] [L0 ] [L1 ]
*** TRAIL_R numBytesInNALunit: 537734
POC   27 TId: 0 ( I-SLICE, QP 26 )    4301872 bits [Y 99.9900 dB    U 99.9900 dB    V 99.9900 dB] [ET 12.22 ] [L0 ] [L1 ]
*** TRAIL_R numBytesInNALunit: 537293
POC   28 TId: 0 ( I-SLICE, QP 26 )    4298344 bits [Y 99.9900 dB    U 99.9900 dB    V 99.9900 dB] [ET 11.94 ] [L0 ] [L1 ]
*** TRAIL_R numBytesInNALunit: 537470
POC   29 TId: 0 ( I-SLICE, QP 26 )    4299760 bits [Y 99.9900 dB    U 99.9900 dB    V 99.9900 dB] [ET 12.36 ] [L0 ] [L1 ]
*** TRAIL_R numBytesInNALunit: 538325
POC   30 TId: 0 ( I-SLICE, QP 26 )    4306600 bits [Y 99.9900 dB    U 99.9900 dB    V 99.9900 dB] [ET 12.44 ] [L0 ] [L1 ]
*** TRAIL_R numBytesInNALunit: 537169
POC   31 TId: 0 ( I-SLICE, QP 26 )    4297352 bits [Y 99.9900 dB    U 99.9900 dB    V 99.9900 dB] [ET 12.39 ] [L0 ] [L1 ]
*** TRAIL_R numBytesInNALunit: 537757
POC   32 TId: 0 ( I-SLICE, QP 26 )    4302056 bits [Y 99.9900 dB    U 99.9900 dB    V 99.9900 dB] [ET 12.34 ] [L0 ] [L1 ]
*** TRAIL_R numBytesInNALunit: 537402
POC   33 TId: 0 ( I-SLICE, QP 26 )    4299216 bits [Y 99.9900 dB    U 99.9900 dB    V 99.9900 dB] [ET 12.28 ] [L0 ] [L1 ]
*** TRAIL_R numBytesInNALunit: 537874
POC   34 TId: 0 ( I-SLICE, QP 26 )    4302992 bits [Y 99.9900 dB    U 99.9900 dB    V 99.9900 dB] [ET 12.08 ] [L0 ] [L1 ]
*** TRAIL_R numBytesInNALunit: 538136
POC   35 TId: 0 ( I-SLICE, QP 26 )    4305088 bits [Y 99.9900 dB    U 99.9900 dB    V 99.9900 dB] [ET 12.23 ] [L0 ] [L1 ]
*** TRAIL_R numBytesInNALunit: 538218
POC   36 TId: 0 ( I-SLICE, QP 26 )    4305744 bits [Y 99.9900 dB    U 99.9900 dB    V 99.9900 dB] [ET 12.20 ] [L0 ] [L1 ]
*** TRAIL_R numBytesInNALunit: 537902
POC   37 TId: 0 ( I-SLICE, QP 26 )    4303216 bits [Y 99.9900 dB    U 99.9900 dB    V 99.9900 dB] [ET 11.94 ] [L0 ] [L1 ]
*** TRAIL_R numBytesInNALunit: 537797
POC   38 TId: 0 ( I-SLICE, QP 26 )    4302376 bits [Y 99.9900 dB    U 99.9900 dB    V 99.9900 dB] [ET 11.88 ] [L0 ] [L1 ]
*** TRAIL_R numBytesInNALunit: 537828
POC   39 TId: 0 ( I-SLICE, QP 26 )    4302624 bits [Y 99.9900 dB    U 99.9900 dB    V 99.9900 dB] [ET 12.22 ] [L0 ] [L1 ]
*** TRAIL_R numBytesInNALunit: 538616
POC   40 TId: 0 ( I-SLICE, QP 26 )    4308928 bits [Y 99.9900 dB    U 99.9900 dB    V 99.9900 dB] [ET 12.27 ] [L0 ] [L1 ]
*** TRAIL_R numBytesInNALunit: 537467
POC   41 TId: 0 ( I-SLICE, QP 26 )    4299736 bits [Y 99.9900 dB    U 99.9900 dB    V 99.9900 dB] [ET 12.20 ] [L0 ] [L1 ]
*** TRAIL_R numBytesInNALunit: 537529
POC   42 TId: 0 ( I-SLICE, QP 26 )    4300232 bits [Y 99.9900 dB    U 99.9900 dB    V 99.9900 dB] [ET 12.33 ] [L0 ] [L1 ]
*** TRAIL_R numBytesInNALunit: 537557
POC   43 TId: 0 ( I-SLICE, QP 26 )    4300456 bits [Y 99.9900 dB    U 99.9900 dB    V 99.9900 dB] [ET 12.23 ] [L0 ] [L1 ]
*** TRAIL_R numBytesInNALunit: 538848
POC   44 TId: 0 ( I-SLICE, QP 26 )    4310784 bits [Y 99.9900 dB    U 99.9900 dB    V 99.9900 dB] [ET 12.34 ] [L0 ] [L1 ]
*** TRAIL_R numBytesInNALunit: 538146
POC   45 TId: 0 ( I-SLICE, QP 26 )    4305168 bits [Y 99.9900 dB    U 99.9900 dB    V 99.9900 dB] [ET 12.27 ] [L0 ] [L1 ]
*** TRAIL_R numBytesInNALunit: 537668
POC   46 TId: 0 ( I-SLICE, QP 26 )    4301344 bits [Y 99.9900 dB    U 99.9900 dB    V 99.9900 dB] [ET 12.17 ] [L0 ] [L1 ]
*** TRAIL_R numBytesInNALunit: 537578
POC   47 TId: 0 ( I-SLICE, QP 26 )    4300624 bits [Y 99.9900 dB    U 99.9900 dB    V 99.9900 dB] [ET 12.00 ] [L0 ] [L1 ]
*** TRAIL_R numBytesInNALunit: 539049
POC   48 TId: 0 ( I-SLICE, QP 26 )    4312392 bits [Y 99.9900 dB    U 99.9900 dB    V 99.9900 dB] [ET 11.83 ] [L0 ] [L1 ]
*** TRAIL_R numBytesInNALunit: 537643
POC   49 TId: 0 ( I-SLICE, QP 26 )    4301144 bits [Y 99.9900 dB    U 99.9900 dB    V 99.9900 dB] [ET 12.00 ] [L0 ] [L1 ]
*** TRAIL_R numBytesInNALunit: 537288
POC   50 TId: 0 ( I-SLICE, QP 26 )    4298304 bits [Y 99.9900 dB    U 99.9900 dB    V 99.9900 dB] [ET 12.28 ] [L0 ] [L1 ]
*** TRAIL_R numBytesInNALunit: 537764
POC   51 TId: 0 ( I-SLICE, QP 26 )    4302112 bits [Y 99.9900 dB    U 99.9900 dB    V 99.9900 dB] [ET 11.91 ] [L0 ] [L1 ]
*** TRAIL_R numBytesInNALunit: 538189
POC   52 TId: 0 ( I-SLICE, QP 26 )    4305512 bits [Y 99.9900 dB    U 99.9900 dB    V 99.9900 dB] [ET 12.22 ] [L0 ] [L1 ]
*** TRAIL_R numBytesInNALunit: 537736
POC   53 TId: 0 ( I-SLICE, QP 26 )    4301888 bits [Y 99.9900 dB    U 99.9900 dB    V 99.9900 dB] [ET 12.44 ] [L0 ] [L1 ]
*** TRAIL_R numBytesInNALunit: 537144
POC   54 TId: 0 ( I-SLICE, QP 26 )    4297152 bits [Y 99.9900 dB    U 99.9900 dB    V 99.9900 dB] [ET 12.19 ] [L0 ] [L1 ]
*** TRAIL_R numBytesInNALunit: 537516
POC   55 TId: 0 ( I-SLICE, QP 26 )    4300128 bits [Y 99.9900 dB    U 99.9900 dB    V 99.9900 dB] [ET 12.30 ] [L0 ] [L1 ]
*** TRAIL_R numBytesInNALunit: 538284
POC   56 TId: 0 ( I-SLICE, QP 26 )    4306272 bits [Y 99.9900 dB    U 99.9900 dB    V 99.9900 dB] [ET 12.38 ] [L0 ] [L1 ]
*** TRAIL_R numBytesInNALunit: 538001
POC   57 TId: 0 ( I-SLICE, QP 26 )    4304008 bits [Y 99.9900 dB    U 99.9900 dB    V 99.9900 dB] [ET 12.02 ] [L0 ] [L1 ]
*** TRAIL_R numBytesInNALunit: 538658
POC   58 TId: 0 ( I-SLICE, QP 26 )    4309264 bits [Y 99.9900 dB    U 99.9900 dB    V 99.9900 dB] [ET 12.89 ] [L0 ] [L1 ]
*** TRAIL_R numBytesInNALunit: 538516
POC   59 TId: 0 ( I-SLICE, QP 26 )    4308128 bits [Y 99.9900 dB    U 99.9900 dB    V 99.9900 dB] [ET 12.23 ] [L0 ] [L1 ]
*** TRAIL_R numBytesInNALunit: 538724
POC   60 TId: 0 ( I-SLICE, QP 26 )    4309792 bits [Y 99.9900 dB    U 99.9900 dB    V 99.9900 dB] [ET 12.08 ] [L0 ] [L1 ]
*** TRAIL_R numBytesInNALunit: 537702
POC   61 TId: 0 ( I-SLICE, QP 26 )    4301616 bits [Y 99.9900 dB    U 99.9900 dB    V 99.9900 dB] [ET 11.91 ] [L0 ] [L1 ]
*** TRAIL_R numBytesInNALunit: 538307
POC   62 TId: 0 ( I-SLICE, QP 26 )    4306456 bits [Y 99.9900 dB    U 99.9900 dB    V 99.9900 dB] [ET 12.00 ] [L0 ] [L1 ]
*** TRAIL_R numBytesInNALunit: 538061
POC   63 TId: 0 ( I-SLICE, QP 26 )    4304488 bits [Y 99.9900 dB    U 99.9900 dB    V 99.9900 dB] [ET 12.05 ] [L0 ] [L1 ]
*** TRAIL_R numBytesInNALunit: 536820
POC   64 TId: 0 ( I-SLICE, QP 26 )    4294560 bits [Y 99.9900 dB    U 99.9900 dB    V 99.9900 dB] [ET 11.64 ] [L0 ] [L1 ]
*** TRAIL_R numBytesInNALunit: 536425
POC   65 TId: 0 ( I-SLICE, QP 26 )    4291400 bits [Y 99.9900 dB    U 99.9900 dB    V 99.9900 dB] [ET 12.09 ] [L0 ] [L1 ]
*** TRAIL_R numBytesInNALunit: 537683
POC   66 TId: 0 ( I-SLICE, QP 26 )    4301464 bits [Y 99.9900 dB    U 99.9900 dB    V 99.9900 dB] [ET 12.31 ] [L0 ] [L1 ]
*** TRAIL_R numBytesInNALunit: 536820
POC   67 TId: 0 ( I-SLICE, QP 26 )    4294560 bits [Y 99.9900 dB    U 99.9900 dB    V 99.9900 dB] [ET 12.28 ] [L0 ] [L1 ]
*** TRAIL_R numBytesInNALunit: 536799
POC   68 TId: 0 ( I-SLICE, QP 26 )    4294392 bits [Y 99.9900 dB    U 99.9900 dB    V 99.9900 dB] [ET 12.42 ] [L0 ] [L1 ]
*** TRAIL_R numBytesInNALunit: 537284
POC   69 TId: 0 ( I-SLICE, QP 26 )    4298272 bits [Y 99.9900 dB    U 99.9900 dB    V 99.9900 dB] [ET 12.27 ] [L0 ] [L1 ]
*** TRAIL_R numBytesInNALunit: 538182
POC   70 TId: 0 ( I-SLICE, QP 26 )    4305456 bits [Y 99.9900 dB    U 99.9900 dB    V 99.9900 dB] [ET 12.16 ] [L0 ] [L1 ]
*** TRAIL_R numBytesInNALunit: 536434
POC   71 TId: 0 ( I-SLICE, QP 26 )    4291472 bits [Y 99.9900 dB    U 99.9900 dB    V 99.9900 dB] [ET 12.25 ] [L0 ] [L1 ]
*** TRAIL_R numBytesInNALunit: 536902
POC   72 TId: 0 ( I-SLICE, QP 26 )    4295216 bits [Y 99.9900 dB    U 99.9900 dB    V 99.9900 dB] [ET 12.16 ] [L0 ] [L1 ]
*** TRAIL_R numBytesInNALunit: 536823
POC   73 TId: 0 ( I-SLICE, QP 26 )    4294584 bits [Y 99.9900 dB    U 99.9900 dB    V 99.9900 dB] [ET 12.00 ] [L0 ] [L1 ]
*** TRAIL_R numBytesInNALunit: 537628
POC   74 TId: 0 ( I-SLICE, QP 26 )    4301024 bits [Y 99.9900 dB    U 99.9900 dB    V 99.9900 dB] [ET 12.27 ] [L0 ] [L1 ]
*** TRAIL_R numBytesInNALunit: 536734
POC   75 TId: 0 ( I-SLICE, QP 26 )    4293872 bits [Y 99.9900 dB    U 99.9900 dB    V 99.9900 dB] [ET 11.88 ] [L0 ] [L1 ]
*** TRAIL_R numBytesInNALunit: 536948
POC   76 TId: 0 ( I-SLICE, QP 26 )    4295584 bits [Y 99.9900 dB    U 99.9900 dB    V 99.9900 dB] [ET 12.14 ] [L0 ] [L1 ]
*** TRAIL_R numBytesInNALunit: 537468
POC   77 TId: 0 ( I-SLICE, QP 26 )    4299744 bits [Y 99.9900 dB    U 99.9900 dB    V 99.9900 dB] [ET 12.06 ] [L0 ] [L1 ]
*** TRAIL_R numBytesInNALunit: 538715
POC   78 TId: 0 ( I-SLICE, QP 26 )    4309720 bits [Y 99.9900 dB    U 99.9900 dB    V 99.9900 dB] [ET 12.09 ] [L0 ] [L1 ]
*** TRAIL_R numBytesInNALunit: 537393
POC   79 TId: 0 ( I-SLICE, QP 26 )    4299144 bits [Y 99.9900 dB    U 99.9900 dB    V 99.9900 dB] [ET 11.98 ] [L0 ] [L1 ]
*** TRAIL_R numBytesInNALunit: 537656
POC   80 TId: 0 ( I-SLICE, QP 26 )    4301248 bits [Y 99.9900 dB    U 99.9900 dB    V 99.9900 dB] [ET 12.06 ] [L0 ] [L1 ]
*** TRAIL_R numBytesInNALunit: 537105
POC   81 TId: 0 ( I-SLICE, QP 26 )    4296840 bits [Y 99.9900 dB    U 99.9900 dB    V 99.9900 dB] [ET 12.03 ] [L0 ] [L1 ]
*** TRAIL_R numBytesInNALunit: 538358
POC   82 TId: 0 ( I-SLICE, QP 26 )    4306864 bits [Y 99.9900 dB    U 99.9900 dB    V 99.9900 dB] [ET 12.16 ] [L0 ] [L1 ]
*** TRAIL_R numBytesInNALunit: 537675
POC   83 TId: 0 ( I-SLICE, QP 26 )    4301400 bits [Y 99.9900 dB    U 99.9900 dB    V 99.9900 dB] [ET 11.86 ] [L0 ] [L1 ]
*** TRAIL_R numBytesInNALunit: 537616
POC   84 TId: 0 ( I-SLICE, QP 26 )    4300928 bits [Y 99.9900 dB    U 99.9900 dB    V 99.9900 dB] [ET 12.06 ] [L0 ] [L1 ]
*** TRAIL_R numBytesInNALunit: 538319
POC   85 TId: 0 ( I-SLICE, QP 26 )    4306552 bits [Y 99.9900 dB    U 99.9900 dB    V 99.9900 dB] [ET 12.19 ] [L0 ] [L1 ]
*** TRAIL_R numBytesInNALunit: 539244
POC   86 TId: 0 ( I-SLICE, QP 26 )    4313952 bits [Y 99.9900 dB    U 99.9900 dB    V 99.9900 dB] [ET 11.94 ] [L0 ] [L1 ]
*** TRAIL_R numBytesInNALunit: 538358
POC   87 TId: 0 ( I-SLICE, QP 26 )    4306864 bits [Y 99.9900 dB    U 99.9900 dB    V 99.9900 dB] [ET 12.34 ] [L0 ] [L1 ]
*** TRAIL_R numBytesInNALunit: 537375
POC   88 TId: 0 ( I-SLICE, QP 26 )    4299000 bits [Y 99.9900 dB    U 99.9900 dB    V 99.9900 dB] [ET 12.14 ] [L0 ] [L1 ]
*** TRAIL_R numBytesInNALunit: 537533
POC   89 TId: 0 ( I-SLICE, QP 26 )    4300264 bits [Y 99.9900 dB    U 99.9900 dB    V 99.9900 dB] [ET 12.33 ] [L0 ] [L1 ]
*** TRAIL_R numBytesInNALunit: 539053
POC   90 TId: 0 ( I-SLICE, QP 26 )    4312424 bits [Y 99.9900 dB    U 99.9900 dB    V 99.9900 dB] [ET 12.00 ] [L0 ] [L1 ]
*** TRAIL_R numBytesInNALunit: 538299
POC   91 TId: 0 ( I-SLICE, QP 26 )    4306392 bits [Y 99.9900 dB    U 99.9900 dB    V 99.9900 dB] [ET 12.33 ] [L0 ] [L1 ]
*** TRAIL_R numBytesInNALunit: 538636
POC   92 TId: 0 ( I-SLICE, QP 26 )    4309088 bits [Y 99.9900 dB    U 99.9900 dB    V 99.9900 dB] [ET 12.02 ] [L0 ] [L1 ]
*** TRAIL_R numBytesInNALunit: 538845
POC   93 TId: 0 ( I-SLICE, QP 26 )    4310760 bits [Y 99.9900 dB    U 99.9900 dB    V 99.9900 dB] [ET 11.84 ] [L0 ] [L1 ]
*** TRAIL_R numBytesInNALunit: 539453
POC   94 TId: 0 ( I-SLICE, QP 26 )    4315624 bits [Y 99.9900 dB    U 99.9900 dB    V 99.9900 dB] [ET 11.77 ] [L0 ] [L1 ]
*** TRAIL_R numBytesInNALunit: 539056
POC   95 TId: 0 ( I-SLICE, QP 26 )    4312448 bits [Y 99.9900 dB    U 99.9900 dB    V 99.9900 dB] [ET 12.61 ] [L0 ] [L1 ]
*** TRAIL_R numBytesInNALunit: 540012
POC   96 TId: 0 ( I-SLICE, QP 26 )    4320096 bits [Y 99.9900 dB    U 99.9900 dB    V 99.9900 dB] [ET 12.02 ] [L0 ] [L1 ]
*** TRAIL_R numBytesInNALunit: 538939
POC   97 TId: 0 ( I-SLICE, QP 26 )    4311512 bits [Y 99.9900 dB    U 99.9900 dB    V 99.9900 dB] [ET 11.95 ] [L0 ] [L1 ]
*** TRAIL_R numBytesInNALunit: 540232
POC   98 TId: 0 ( I-SLICE, QP 26 )    4321856 bits [Y 99.9900 dB    U 99.9900 dB    V 99.9900 dB] [ET 12.25 ] [L0 ] [L1 ]
*** TRAIL_R numBytesInNALunit: 540011
POC   99 TId: 0 ( I-SLICE, QP 26 )    4320088 bits [Y 99.9900 dB    U 99.9900 dB    V 99.9900 dB] [ET 11.86 ] [L0 ] [L1 ]
*** TRAIL_R numBytesInNALunit: 540362
POC  100 TId: 0 ( I-SLICE, QP 26 )    4322896 bits [Y 99.9900 dB    U 99.9900 dB    V 99.9900 dB] [ET 11.97 ] [L0 ] [L1 ]
*** TRAIL_R numBytesInNALunit: 539939
POC  101 TId: 0 ( I-SLICE, QP 26 )    4319512 bits [Y 99.9900 dB    U 99.9900 dB    V 99.9900 dB] [ET 11.83 ] [L0 ] [L1 ]
*** TRAIL_R numBytesInNALunit: 540043
POC  102 TId: 0 ( I-SLICE, QP 26 )    4320344 bits [Y 99.9900 dB    U 99.9900 dB    V 99.9900 dB] [ET 12.11 ] [L0 ] [L1 ]
*** TRAIL_R numBytesInNALunit: 540300
POC  103 TId: 0 ( I-SLICE, QP 26 )    4322400 bits [Y 99.9900 dB    U 99.9900 dB    V 99.9900 dB] [ET 12.19 ] [L0 ] [L1 ]
*** TRAIL_R numBytesInNALunit: 540722
POC  104 TId: 0 ( I-SLICE, QP 26 )    4325776 bits [Y 99.9900 dB    U 99.9900 dB    V 99.9900 dB] [ET 12.20 ] [L0 ] [L1 ]
*** TRAIL_R numBytesInNALunit: 540271
POC  105 TId: 0 ( I-SLICE, QP 26 )    4322168 bits [Y 99.9900 dB    U 99.9900 dB    V 99.9900 dB] [ET 12.09 ] [L0 ] [L1 ]
*** TRAIL_R numBytesInNALunit: 539666
POC  106 TId: 0 ( I-SLICE, QP 26 )    4317328 bits [Y 99.9900 dB    U 99.9900 dB    V 99.9900 dB] [ET 11.81 ] [L0 ] [L1 ]
*** TRAIL_R numBytesInNALunit: 539166
POC  107 TId: 0 ( I-SLICE, QP 26 )    4313328 bits [Y 99.9900 dB    U 99.9900 dB    V 99.9900 dB] [ET 11.97 ] [L0 ] [L1 ]
*** TRAIL_R numBytesInNALunit: 540185
POC  108 TId: 0 ( I-SLICE, QP 26 )    4321480 bits [Y 99.9900 dB    U 99.9900 dB    V 99.9900 dB] [ET 11.97 ] [L0 ] [L1 ]
*** TRAIL_R numBytesInNALunit: 538583
POC  109 TId: 0 ( I-SLICE, QP 26 )    4308664 bits [Y 99.9900 dB    U 99.9900 dB    V 99.9900 dB] [ET 11.84 ] [L0 ] [L1 ]
*** TRAIL_R numBytesInNALunit: 538099
POC  110 TId: 0 ( I-SLICE, QP 26 )    4304792 bits [Y 99.9900 dB    U 99.9900 dB    V 99.9900 dB] [ET 12.20 ] [L0 ] [L1 ]
*** TRAIL_R numBytesInNALunit: 538227
POC  111 TId: 0 ( I-SLICE, QP 26 )    4305816 bits [Y 99.9900 dB    U 99.9900 dB    V 99.9900 dB] [ET 12.14 ] [L0 ] [L1 ]
*** TRAIL_R numBytesInNALunit: 538394
POC  112 TId: 0 ( I-SLICE, QP 26 )    4307152 bits [Y 99.9900 dB    U 99.9900 dB    V 99.9900 dB] [ET 12.22 ] [L0 ] [L1 ]
*** TRAIL_R numBytesInNALunit: 537740
POC  113 TId: 0 ( I-SLICE, QP 26 )    4301920 bits [Y 99.9900 dB    U 99.9900 dB    V 99.9900 dB] [ET 11.83 ] [L0 ] [L1 ]
*** TRAIL_R numBytesInNALunit: 537813
POC  114 TId: 0 ( I-SLICE, QP 26 )    4302504 bits [Y 99.9900 dB    U 99.9900 dB    V 99.9900 dB] [ET 12.23 ] [L0 ] [L1 ]
*** TRAIL_R numBytesInNALunit: 538274
POC  115 TId: 0 ( I-SLICE, QP 26 )    4306192 bits [Y 99.9900 dB    U 99.9900 dB    V 99.9900 dB] [ET 11.88 ] [L0 ] [L1 ]
*** TRAIL_R numBytesInNALunit: 538147
POC  116 TId: 0 ( I-SLICE, QP 26 )    4305176 bits [Y 99.9900 dB    U 99.9900 dB    V 99.9900 dB] [ET 12.20 ] [L0 ] [L1 ]
*** TRAIL_R numBytesInNALunit: 538211
POC  117 TId: 0 ( I-SLICE, QP 26 )    4305688 bits [Y 99.9900 dB    U 99.9900 dB    V 99.9900 dB] [ET 11.91 ] [L0 ] [L1 ]
*** TRAIL_R numBytesInNALunit: 537360
POC  118 TId: 0 ( I-SLICE, QP 26 )    4298880 bits [Y 99.9900 dB    U 99.9900 dB    V 99.9900 dB] [ET 12.16 ] [L0 ] [L1 ]
*** TRAIL_R numBytesInNALunit: 537379
POC  119 TId: 0 ( I-SLICE, QP 26 )    4299032 bits [Y 99.9900 dB    U 99.9900 dB    V 99.9900 dB] [ET 12.03 ] [L0 ] [L1 ]
*** TRAIL_R numBytesInNALunit: 536985
POC  120 TId: 0 ( I-SLICE, QP 26 )    4295880 bits [Y 99.9900 dB    U 99.9900 dB    V 99.9900 dB] [ET 12.05 ] [L0 ] [L1 ]
*** TRAIL_R numBytesInNALunit: 537226
POC  121 TId: 0 ( I-SLICE, QP 26 )    4297808 bits [Y 99.9900 dB    U 99.9900 dB    V 99.9900 dB] [ET 12.06 ] [L0 ] [L1 ]
*** TRAIL_R numBytesInNALunit: 536961
POC  122 TId: 0 ( I-SLICE, QP 26 )    4295688 bits [Y 99.9900 dB    U 99.9900 dB    V 99.9900 dB] [ET 12.48 ] [L0 ] [L1 ]
*** TRAIL_R numBytesInNALunit: 537347
POC  123 TId: 0 ( I-SLICE, QP 26 )    4298776 bits [Y 99.9900 dB    U 99.9900 dB    V 99.9900 dB] [ET 12.03 ] [L0 ] [L1 ]
*** TRAIL_R numBytesInNALunit: 537256
POC  124 TId: 0 ( I-SLICE, QP 26 )    4298048 bits [Y 99.9900 dB    U 99.9900 dB    V 99.9900 dB] [ET 12.20 ] [L0 ] [L1 ]
*** TRAIL_R numBytesInNALunit: 537125
POC  125 TId: 0 ( I-SLICE, QP 26 )    4297000 bits [Y 99.9900 dB    U 99.9900 dB    V 99.9900 dB] [ET 12.08 ] [L0 ] [L1 ]
*** TRAIL_R numBytesInNALunit: 536933
POC  126 TId: 0 ( I-SLICE, QP 26 )    4295464 bits [Y 99.9900 dB    U 99.9900 dB    V 99.9900 dB] [ET 12.48 ] [L0 ] [L1 ]
*** TRAIL_R numBytesInNALunit: 536735
POC  127 TId: 0 ( I-SLICE, QP 26 )    4293880 bits [Y 99.9900 dB    U 99.9900 dB    V 99.9900 dB] [ET 12.23 ] [L0 ] [L1 ]
*** TRAIL_R numBytesInNALunit: 536815
POC  128 TId: 0 ( I-SLICE, QP 26 )    4294520 bits [Y 99.9900 dB    U 99.9900 dB    V 99.9900 dB] [ET 12.27 ] [L0 ] [L1 ]
*** TRAIL_R numBytesInNALunit: 536636
POC  129 TId: 0 ( I-SLICE, QP 26 )    4293088 bits [Y 99.9900 dB    U 99.9900 dB    V 99.9900 dB] [ET 11.27 ] [L0 ] [L1 ]
*** TRAIL_R numBytesInNALunit: 537590
POC  130 TId: 0 ( I-SLICE, QP 26 )    4300720 bits [Y 99.9900 dB    U 99.9900 dB    V 99.9900 dB] [ET 11.70 ] [L0 ] [L1 ]
*** TRAIL_R numBytesInNALunit: 537328
POC  131 TId: 0 ( I-SLICE, QP 26 )    4298624 bits [Y 99.9900 dB    U 99.9900 dB    V 99.9900 dB] [ET 11.97 ] [L0 ] [L1 ]
*** TRAIL_R numBytesInNALunit: 536801
POC  132 TId: 0 ( I-SLICE, QP 26 )    4294408 bits [Y 99.9900 dB    U 99.9900 dB    V 99.9900 dB] [ET 11.62 ] [L0 ] [L1 ]
*** TRAIL_R numBytesInNALunit: 536804
POC  133 TId: 0 ( I-SLICE, QP 26 )    4294432 bits [Y 99.9900 dB    U 99.9900 dB    V 99.9900 dB] [ET 11.66 ] [L0 ] [L1 ]
*** TRAIL_R numBytesInNALunit: 536799
POC  134 TId: 0 ( I-SLICE, QP 26 )    4294392 bits [Y 99.9900 dB    U 99.9900 dB    V 99.9900 dB] [ET 11.41 ] [L0 ] [L1 ]
*** TRAIL_R numBytesInNALunit: 537391
POC  135 TId: 0 ( I-SLICE, QP 26 )    4299128 bits [Y 99.9900 dB    U 99.9900 dB    V 99.9900 dB] [ET 11.36 ] [L0 ] [L1 ]
*** TRAIL_R numBytesInNALunit: 536744
POC  136 TId: 0 ( I-SLICE, QP 26 )    4293952 bits [Y 99.9900 dB    U 99.9900 dB    V 99.9900 dB] [ET 11.47 ] [L0 ] [L1 ]
*** TRAIL_R numBytesInNALunit: 537350
POC  137 TId: 0 ( I-SLICE, QP 26 )    4298800 bits [Y 99.9900 dB    U 99.9900 dB    V 99.9900 dB] [ET 11.38 ] [L0 ] [L1 ]
*** TRAIL_R numBytesInNALunit: 537410
POC  138 TId: 0 ( I-SLICE, QP 26 )    4299280 bits [Y 99.9900 dB    U 99.9900 dB    V 99.9900 dB] [ET 11.41 ] [L0 ] [L1 ]
*** TRAIL_R numBytesInNALunit: 537110
POC  139 TId: 0 ( I-SLICE, QP 26 )    4296880 bits [Y 99.9900 dB    U 99.9900 dB    V 99.9900 dB] [ET 11.36 ] [L0 ] [L1 ]
*** TRAIL_R numBytesInNALunit: 536749
POC  140 TId: 0 ( I-SLICE, QP 26 )    4293992 bits [Y 99.9900 dB    U 99.9900 dB    V 99.9900 dB] [ET 11.45 ] [L0 ] [L1 ]
*** TRAIL_R numBytesInNALunit: 536657
POC  141 TId: 0 ( I-SLICE, QP 26 )    4293256 bits [Y 99.9900 dB    U 99.9900 dB    V 99.9900 dB] [ET 11.44 ] [L0 ] [L1 ]
*** TRAIL_R numBytesInNALunit: 536489
POC  142 TId: 0 ( I-SLICE, QP 26 )    4291912 bits [Y 99.9900 dB    U 99.9900 dB    V 99.9900 dB] [ET 11.39 ] [L0 ] [L1 ]
*** TRAIL_R numBytesInNALunit: 536556
POC  143 TId: 0 ( I-SLICE, QP 26 )    4292448 bits [Y 99.9900 dB    U 99.9900 dB    V 99.9900 dB] [ET 11.36 ] [L0 ] [L1 ]
*** TRAIL_R numBytesInNALunit: 536500
POC  144 TId: 0 ( I-SLICE, QP 26 )    4292000 bits [Y 99.9900 dB    U 99.9900 dB    V 99.9900 dB] [ET 11.47 ] [L0 ] [L1 ]
*** TRAIL_R numBytesInNALunit: 537508
POC  145 TId: 0 ( I-SLICE, QP 26 )    4300064 bits [Y 99.9900 dB    U 99.9900 dB    V 99.9900 dB] [ET 11.47 ] [L0 ] [L1 ]
*** TRAIL_R numBytesInNALunit: 537197
POC  146 TId: 0 ( I-SLICE, QP 26 )    4297576 bits [Y 99.9900 dB    U 99.9900 dB    V 99.9900 dB] [ET 11.50 ] [L0 ] [L1 ]
*** TRAIL_R numBytesInNALunit: 537057
POC  147 TId: 0 ( I-SLICE, QP 26 )    4296456 bits [Y 99.9900 dB    U 99.9900 dB    V 99.9900 dB] [ET 11.50 ] [L0 ] [L1 ]
*** TRAIL_R numBytesInNALunit: 537400
POC  148 TId: 0 ( I-SLICE, QP 26 )    4299200 bits [Y 99.9900 dB    U 99.9900 dB    V 99.9900 dB] [ET 10.97 ] [L0 ] [L1 ]
*** TRAIL_R numBytesInNALunit: 537831
POC  149 TId: 0 ( I-SLICE, QP 26 )    4302648 bits [Y 99.9900 dB    U 99.9900 dB    V 99.9900 dB] [ET 11.48 ] [L0 ] [L1 ]
*** TRAIL_R numBytesInNALunit: 537832
POC  150 TId: 0 ( I-SLICE, QP 26 )    4302656 bits [Y 99.9900 dB    U 99.9900 dB    V 99.9900 dB] [ET 11.16 ] [L0 ] [L1 ]
*** TRAIL_R numBytesInNALunit: 538129
POC  151 TId: 0 ( I-SLICE, QP 26 )    4305032 bits [Y 99.9900 dB    U 99.9900 dB    V 99.9900 dB] [ET 11.16 ] [L0 ] [L1 ]
*** TRAIL_R numBytesInNALunit: 537711
POC  152 TId: 0 ( I-SLICE, QP 26 )    4301688 bits [Y 99.9900 dB    U 99.9900 dB    V 99.9900 dB] [ET 11.12 ] [L0 ] [L1 ]
*** TRAIL_R numBytesInNALunit: 537618
POC  153 TId: 0 ( I-SLICE, QP 26 )    4300944 bits [Y 99.9900 dB    U 99.9900 dB    V 99.9900 dB] [ET 11.20 ] [L0 ] [L1 ]
*** TRAIL_R numBytesInNALunit: 537326
POC  154 TId: 0 ( I-SLICE, QP 26 )    4298608 bits [Y 99.9900 dB    U 99.9900 dB    V 99.9900 dB] [ET 11.67 ] [L0 ] [L1 ]
*** TRAIL_R numBytesInNALunit: 538027
POC  155 TId: 0 ( I-SLICE, QP 26 )    4304216 bits [Y 99.9900 dB    U 99.9900 dB    V 99.9900 dB] [ET 11.41 ] [L0 ] [L1 ]
*** TRAIL_R numBytesInNALunit: 537623
POC  156 TId: 0 ( I-SLICE, QP 26 )    4300984 bits [Y 99.9900 dB    U 99.9900 dB    V 99.9900 dB] [ET 11.16 ] [L0 ] [L1 ]
*** TRAIL_R numBytesInNALunit: 537831
POC  157 TId: 0 ( I-SLICE, QP 26 )    4302648 bits [Y 99.9900 dB    U 99.9900 dB    V 99.9900 dB] [ET 12.84 ] [L0 ] [L1 ]
*** TRAIL_R numBytesInNALunit: 538185
POC  158 TId: 0 ( I-SLICE, QP 26 )    4305480 bits [Y 99.9900 dB    U 99.9900 dB    V 99.9900 dB] [ET 13.33 ] [L0 ] [L1 ]
*** TRAIL_R numBytesInNALunit: 538297
POC  159 TId: 0 ( I-SLICE, QP 26 )    4306376 bits [Y 99.9900 dB    U 99.9900 dB    V 99.9900 dB] [ET 13.53 ] [L0 ] [L1 ]
*** TRAIL_R numBytesInNALunit: 538339
POC  160 TId: 0 ( I-SLICE, QP 26 )    4306712 bits [Y 99.9900 dB    U 99.9900 dB    V 99.9900 dB] [ET 13.27 ] [L0 ] [L1 ]
*** TRAIL_R numBytesInNALunit: 538376
POC  161 TId: 0 ( I-SLICE, QP 26 )    4307008 bits [Y 99.9900 dB    U 99.9900 dB    V 99.9900 dB] [ET 13.45 ] [L0 ] [L1 ]
*** TRAIL_R numBytesInNALunit: 539044
POC  162 TId: 0 ( I-SLICE, QP 26 )    4312352 bits [Y 99.9900 dB    U 99.9900 dB    V 99.9900 dB] [ET 13.53 ] [L0 ] [L1 ]
*** TRAIL_R numBytesInNALunit: 539248
POC  163 TId: 0 ( I-SLICE, QP 26 )    4313984 bits [Y 99.9900 dB    U 99.9900 dB    V 99.9900 dB] [ET 13.45 ] [L0 ] [L1 ]
*** TRAIL_R numBytesInNALunit: 539005
POC  164 TId: 0 ( I-SLICE, QP 26 )    4312040 bits [Y 99.9900 dB    U 99.9900 dB    V 99.9900 dB] [ET 13.58 ] [L0 ] [L1 ]
*** TRAIL_R numBytesInNALunit: 539366
POC  165 TId: 0 ( I-SLICE, QP 26 )    4314928 bits [Y 99.9900 dB    U 99.9900 dB    V 99.9900 dB] [ET 13.61 ] [L0 ] [L1 ]
*** TRAIL_R numBytesInNALunit: 538924
POC  166 TId: 0 ( I-SLICE, QP 26 )    4311392 bits [Y 99.9900 dB    U 99.9900 dB    V 99.9900 dB] [ET 13.55 ] [L0 ] [L1 ]
*** TRAIL_R numBytesInNALunit: 539829
POC  167 TId: 0 ( I-SLICE, QP 26 )    4318632 bits [Y 99.9900 dB    U 99.9900 dB    V 99.9900 dB] [ET 13.66 ] [L0 ] [L1 ]
*** TRAIL_R numBytesInNALunit: 539256
POC  168 TId: 0 ( I-SLICE, QP 26 )    4314048 bits [Y 99.9900 dB    U 99.9900 dB    V 99.9900 dB] [ET 13.55 ] [L0 ] [L1 ]
*** TRAIL_R numBytesInNALunit: 539443
POC  169 TId: 0 ( I-SLICE, QP 26 )    4315544 bits [Y 99.9900 dB    U 99.9900 dB    V 99.9900 dB] [ET 13.55 ] [L0 ] [L1 ]
*** TRAIL_R numBytesInNALunit: 539315
POC  170 TId: 0 ( I-SLICE, QP 26 )    4314520 bits [Y 99.9900 dB    U 99.9900 dB    V 99.9900 dB] [ET 13.61 ] [L0 ] [L1 ]
*** TRAIL_R numBytesInNALunit: 538572
POC  171 TId: 0 ( I-SLICE, QP 26 )    4308576 bits [Y 99.9900 dB    U 99.9900 dB    V 99.9900 dB] [ET 13.41 ] [L0 ] [L1 ]
*** TRAIL_R numBytesInNALunit: 538268
POC  172 TId: 0 ( I-SLICE, QP 26 )    4306144 bits [Y 99.9900 dB    U 99.9900 dB    V 99.9900 dB] [ET 13.61 ] [L0 ] [L1 ]
*** TRAIL_R numBytesInNALunit: 538444
POC  173 TId: 0 ( I-SLICE, QP 26 )    4307552 bits [Y 99.9900 dB    U 99.9900 dB    V 99.9900 dB] [ET 13.55 ] [L0 ] [L1 ]
*** TRAIL_R numBytesInNALunit: 538855
POC  174 TId: 0 ( I-SLICE, QP 26 )    4310840 bits [Y 99.9900 dB    U 99.9900 dB    V 99.9900 dB] [ET 13.52 ] [L0 ] [L1 ]
*** TRAIL_R numBytesInNALunit: 538992
POC  175 TId: 0 ( I-SLICE, QP 26 )    4311936 bits [Y 99.9900 dB    U 99.9900 dB    V 99.9900 dB] [ET 13.47 ] [L0 ] [L1 ]
*** TRAIL_R numBytesInNALunit: 539252
POC  176 TId: 0 ( I-SLICE, QP 26 )    4314016 bits [Y 99.9900 dB    U 99.9900 dB    V 99.9900 dB] [ET 13.61 ] [L0 ] [L1 ]
*** TRAIL_R numBytesInNALunit: 539489
POC  177 TId: 0 ( I-SLICE, QP 26 )    4315912 bits [Y 99.9900 dB    U 99.9900 dB    V 99.9900 dB] [ET 13.53 ] [L0 ] [L1 ]
*** TRAIL_R numBytesInNALunit: 539888
POC  178 TId: 0 ( I-SLICE, QP 26 )    4319104 bits [Y 99.9900 dB    U 99.9900 dB    V 99.9900 dB] [ET 13.45 ] [L0 ] [L1 ]
*** TRAIL_R numBytesInNALunit: 539620
POC  179 TId: 0 ( I-SLICE, QP 26 )    4316960 bits [Y 99.9900 dB    U 99.9900 dB    V 99.9900 dB] [ET 13.42 ] [L0 ] [L1 ]
*** TRAIL_R numBytesInNALunit: 540821
POC  180 TId: 0 ( I-SLICE, QP 26 )    4326568 bits [Y 99.9900 dB    U 99.9900 dB    V 99.9900 dB] [ET 13.53 ] [L0 ] [L1 ]
*** TRAIL_R numBytesInNALunit: 539925
POC  181 TId: 0 ( I-SLICE, QP 26 )    4319400 bits [Y 99.9900 dB    U 99.9900 dB    V 99.9900 dB] [ET 13.53 ] [L0 ] [L1 ]
*** TRAIL_R numBytesInNALunit: 540575
POC  182 TId: 0 ( I-SLICE, QP 26 )    4324600 bits [Y 99.9900 dB    U 99.9900 dB    V 99.9900 dB] [ET 13.58 ] [L0 ] [L1 ]
*** TRAIL_R numBytesInNALunit: 541054
POC  183 TId: 0 ( I-SLICE, QP 26 )    4328432 bits [Y 99.9900 dB    U 99.9900 dB    V 99.9900 dB] [ET 13.55 ] [L0 ] [L1 ]
*** TRAIL_R numBytesInNALunit: 541227
POC  184 TId: 0 ( I-SLICE, QP 26 )    4329816 bits [Y 99.9900 dB    U 99.9900 dB    V 99.9900 dB] [ET 13.53 ] [L0 ] [L1 ]
*** TRAIL_R numBytesInNALunit: 541008
POC  185 TId: 0 ( I-SLICE, QP 26 )    4328064 bits [Y 99.9900 dB    U 99.9900 dB    V 99.9900 dB] [ET 13.55 ] [L0 ] [L1 ]
*** TRAIL_R numBytesInNALunit: 540899
POC  186 TId: 0 ( I-SLICE, QP 26 )    4327192 bits [Y 99.9900 dB    U 99.9900 dB    V 99.9900 dB] [ET 13.62 ] [L0 ] [L1 ]
*** TRAIL_R numBytesInNALunit: 540884
POC  187 TId: 0 ( I-SLICE, QP 26 )    4327072 bits [Y 99.9900 dB    U 99.9900 dB    V 99.9900 dB] [ET 13.64 ] [L0 ] [L1 ]
*** TRAIL_R numBytesInNALunit: 541139
POC  188 TId: 0 ( I-SLICE, QP 26 )    4329112 bits [Y 99.9900 dB    U 99.9900 dB    V 99.9900 dB] [ET 13.64 ] [L0 ] [L1 ]
*** TRAIL_R numBytesInNALunit: 541000
POC  189 TId: 0 ( I-SLICE, QP 26 )    4328000 bits [Y 99.9900 dB    U 99.9900 dB    V 99.9900 dB] [ET 13.58 ] [L0 ] [L1 ]
*** TRAIL_R numBytesInNALunit: 541031
POC  190 TId: 0 ( I-SLICE, QP 26 )    4328248 bits [Y 99.9900 dB    U 99.9900 dB    V 99.9900 dB] [ET 13.47 ] [L0 ] [L1 ]
*** TRAIL_R numBytesInNALunit: 541273
POC  191 TId: 0 ( I-SLICE, QP 26 )    4330184 bits [Y 99.9900 dB    U 99.9900 dB    V 99.9900 dB] [ET 13.56 ] [L0 ] [L1 ]
*** TRAIL_R numBytesInNALunit: 541045
POC  192 TId: 0 ( I-SLICE, QP 26 )    4328360 bits [Y 99.9900 dB    U 99.9900 dB    V 99.9900 dB] [ET 13.53 ] [L0 ] [L1 ]
*** TRAIL_R numBytesInNALunit: 540681
POC  193 TId: 0 ( I-SLICE, QP 26 )    4325448 bits [Y 99.9900 dB    U 99.9900 dB    V 99.9900 dB] [ET 13.62 ] [L0 ] [L1 ]
*** TRAIL_R numBytesInNALunit: 540208
POC  194 TId: 0 ( I-SLICE, QP 26 )    4321664 bits [Y 99.9900 dB    U 99.9900 dB    V 99.9900 dB] [ET 13.61 ] [L0 ] [L1 ]
*** TRAIL_R numBytesInNALunit: 540467
POC  195 TId: 0 ( I-SLICE, QP 26 )    4323736 bits [Y 99.9900 dB    U 99.9900 dB    V 99.9900 dB] [ET 13.48 ] [L0 ] [L1 ]
*** TRAIL_R numBytesInNALunit: 541177
POC  196 TId: 0 ( I-SLICE, QP 26 )    4329416 bits [Y 99.9900 dB    U 99.9900 dB    V 99.9900 dB] [ET 13.44 ] [L0 ] [L1 ]
*** TRAIL_R numBytesInNALunit: 540433
POC  197 TId: 0 ( I-SLICE, QP 26 )    4323464 bits [Y 99.9900 dB    U 99.9900 dB    V 99.9900 dB] [ET 13.56 ] [L0 ] [L1 ]
*** TRAIL_R numBytesInNALunit: 540081
POC  198 TId: 0 ( I-SLICE, QP 26 )    4320648 bits [Y 99.9900 dB    U 99.9900 dB    V 99.9900 dB] [ET 13.53 ] [L0 ] [L1 ]
*** TRAIL_R numBytesInNALunit: 540147
POC  199 TId: 0 ( I-SLICE, QP 26 )    4321176 bits [Y 99.9900 dB    U 99.9900 dB    V 99.9900 dB] [ET 13.61 ] [L0 ] [L1 ]
*** TRAIL_R numBytesInNALunit: 540980
POC  200 TId: 0 ( I-SLICE, QP 26 )    4327840 bits [Y 99.9900 dB    U 99.9900 dB    V 99.9900 dB] [ET 13.72 ] [L0 ] [L1 ]
*** TRAIL_R numBytesInNALunit: 540753
POC  201 TId: 0 ( I-SLICE, QP 26 )    4326024 bits [Y 99.9900 dB    U 99.9900 dB    V 99.9900 dB] [ET 13.66 ] [L0 ] [L1 ]
*** TRAIL_R numBytesInNALunit: 540592
POC  202 TId: 0 ( I-SLICE, QP 26 )    4324736 bits [Y 99.9900 dB    U 99.9900 dB    V 99.9900 dB] [ET 13.56 ] [L0 ] [L1 ]
*** TRAIL_R numBytesInNALunit: 540251
POC  203 TId: 0 ( I-SLICE, QP 26 )    4322008 bits [Y 99.9900 dB    U 99.9900 dB    V 99.9900 dB] [ET 13.64 ] [L0 ] [L1 ]
*** TRAIL_R numBytesInNALunit: 541032
POC  204 TId: 0 ( I-SLICE, QP 26 )    4328256 bits [Y 99.9900 dB    U 99.9900 dB    V 99.9900 dB] [ET 13.50 ] [L0 ] [L1 ]
*** TRAIL_R numBytesInNALunit: 540843
POC  205 TId: 0 ( I-SLICE, QP 26 )    4326744 bits [Y 99.9900 dB    U 99.9900 dB    V 99.9900 dB] [ET 13.45 ] [L0 ] [L1 ]
*** TRAIL_R numBytesInNALunit: 541561
POC  206 TId: 0 ( I-SLICE, QP 26 )    4332488 bits [Y 99.9900 dB    U 99.9900 dB    V 99.9900 dB] [ET 13.42 ] [L0 ] [L1 ]
*** TRAIL_R numBytesInNALunit: 540805
POC  207 TId: 0 ( I-SLICE, QP 26 )    4326440 bits [Y 99.9900 dB    U 99.9900 dB    V 99.9900 dB] [ET 13.59 ] [L0 ] [L1 ]
*** TRAIL_R numBytesInNALunit: 541877
POC  208 TId: 0 ( I-SLICE, QP 26 )    4335016 bits [Y 99.9900 dB    U 99.9900 dB    V 99.9900 dB] [ET 13.52 ] [L0 ] [L1 ]
*** TRAIL_R numBytesInNALunit: 541030
POC  209 TId: 0 ( I-SLICE, QP 26 )    4328240 bits [Y 99.9900 dB    U 99.9900 dB    V 99.9900 dB] [ET 13.61 ] [L0 ] [L1 ]
*** TRAIL_R numBytesInNALunit: 541272
POC  210 TId: 0 ( I-SLICE, QP 26 )    4330176 bits [Y 99.9900 dB    U 99.9900 dB    V 99.9900 dB] [ET 13.59 ] [L0 ] [L1 ]
*** TRAIL_R numBytesInNALunit: 540962
POC  211 TId: 0 ( I-SLICE, QP 26 )    4327696 bits [Y 99.9900 dB    U 99.9900 dB    V 99.9900 dB] [ET 13.45 ] [L0 ] [L1 ]
*** TRAIL_R numBytesInNALunit: 541561
POC  212 TId: 0 ( I-SLICE, QP 26 )    4332488 bits [Y 99.9900 dB    U 99.9900 dB    V 99.9900 dB] [ET 13.45 ] [L0 ] [L1 ]
*** TRAIL_R numBytesInNALunit: 540737
POC  213 TId: 0 ( I-SLICE, QP 26 )    4325896 bits [Y 99.9900 dB    U 99.9900 dB    V 99.9900 dB] [ET 13.59 ] [L0 ] [L1 ]
*** TRAIL_R numBytesInNALunit: 541577
POC  214 TId: 0 ( I-SLICE, QP 26 )    4332616 bits [Y 99.9900 dB    U 99.9900 dB    V 99.9900 dB] [ET 13.66 ] [L0 ] [L1 ]
*** TRAIL_R numBytesInNALunit: 540614
POC  215 TId: 0 ( I-SLICE, QP 26 )    4324912 bits [Y 99.9900 dB    U 99.9900 dB    V 99.9900 dB] [ET 13.95 ] [L0 ] [L1 ]
*** TRAIL_R numBytesInNALunit: 541797
POC  216 TId: 0 ( I-SLICE, QP 26 )    4334376 bits [Y 99.9900 dB    U 99.9900 dB    V 99.9900 dB] [ET 13.94 ] [L0 ] [L1 ]
*** TRAIL_R numBytesInNALunit: 541600
POC  217 TId: 0 ( I-SLICE, QP 26 )    4332800 bits [Y 99.9900 dB    U 99.9900 dB    V 99.9900 dB] [ET 14.05 ] [L0 ] [L1 ]
*** TRAIL_R numBytesInNALunit: 541779
POC  218 TId: 0 ( I-SLICE, QP 26 )    4334232 bits [Y 99.9900 dB    U 99.9900 dB    V 99.9900 dB] [ET 14.09 ] [L0 ] [L1 ]
*** TRAIL_R numBytesInNALunit: 540954
POC  219 TId: 0 ( I-SLICE, QP 26 )    4327632 bits [Y 99.9900 dB    U 99.9900 dB    V 99.9900 dB] [ET 14.02 ] [L0 ] [L1 ]
*** TRAIL_R numBytesInNALunit: 541296
POC  220 TId: 0 ( I-SLICE, QP 26 )    4330368 bits [Y 99.9900 dB    U 99.9900 dB    V 99.9900 dB] [ET 13.91 ] [L0 ] [L1 ]
*** TRAIL_R numBytesInNALunit: 540329
POC  221 TId: 0 ( I-SLICE, QP 26 )    4322632 bits [Y 99.9900 dB    U 99.9900 dB    V 99.9900 dB] [ET 13.95 ] [L0 ] [L1 ]
*** TRAIL_R numBytesInNALunit: 540749
POC  222 TId: 0 ( I-SLICE, QP 26 )    4325992 bits [Y 99.9900 dB    U 99.9900 dB    V 99.9900 dB] [ET 14.00 ] [L0 ] [L1 ]
*** TRAIL_R numBytesInNALunit: 540040
POC  223 TId: 0 ( I-SLICE, QP 26 )    4320320 bits [Y 99.9900 dB    U 99.9900 dB    V 99.9900 dB] [ET 13.84 ] [L0 ] [L1 ]
*** TRAIL_R numBytesInNALunit: 540519
POC  224 TId: 0 ( I-SLICE, QP 26 )    4324152 bits [Y 99.9900 dB    U 99.9900 dB    V 99.9900 dB] [ET 13.91 ] [L0 ] [L1 ]
*** TRAIL_R numBytesInNALunit: 539764
POC  225 TId: 0 ( I-SLICE, QP 26 )    4318112 bits [Y 99.9900 dB    U 99.9900 dB    V 99.9900 dB] [ET 14.00 ] [L0 ] [L1 ]
*** TRAIL_R numBytesInNALunit: 539628
POC  226 TId: 0 ( I-SLICE, QP 26 )    4317024 bits [Y 99.9900 dB    U 99.9900 dB    V 99.9900 dB] [ET 14.06 ] [L0 ] [L1 ]
*** TRAIL_R numBytesInNALunit: 538966
POC  227 TId: 0 ( I-SLICE, QP 26 )    4311728 bits [Y 99.9900 dB    U 99.9900 dB    V 99.9900 dB] [ET 13.97 ] [L0 ] [L1 ]
*** TRAIL_R numBytesInNALunit: 539037
POC  228 TId: 0 ( I-SLICE, QP 26 )    4312296 bits [Y 99.9900 dB    U 99.9900 dB    V 99.9900 dB] [ET 13.92 ] [L0 ] [L1 ]
*** TRAIL_R numBytesInNALunit: 538435
POC  229 TId: 0 ( I-SLICE, QP 26 )    4307480 bits [Y 99.9900 dB    U 99.9900 dB    V 99.9900 dB] [ET 13.95 ] [L0 ] [L1 ]
*** TRAIL_R numBytesInNALunit: 538712
POC  230 TId: 0 ( I-SLICE, QP 26 )    4309696 bits [Y 99.9900 dB    U 99.9900 dB    V 99.9900 dB] [ET 13.98 ] [L0 ] [L1 ]
*** TRAIL_R numBytesInNALunit: 538406
POC  231 TId: 0 ( I-SLICE, QP 26 )    4307248 bits [Y 99.9900 dB    U 99.9900 dB    V 99.9900 dB] [ET 14.02 ] [L0 ] [L1 ]
*** TRAIL_R numBytesInNALunit: 538526
POC  232 TId: 0 ( I-SLICE, QP 26 )    4308208 bits [Y 99.9900 dB    U 99.9900 dB    V 99.9900 dB] [ET 14.02 ] [L0 ] [L1 ]
*** TRAIL_R numBytesInNALunit: 537887
POC  233 TId: 0 ( I-SLICE, QP 26 )    4303096 bits [Y 99.9900 dB    U 99.9900 dB    V 99.9900 dB] [ET 13.95 ] [L0 ] [L1 ]
*** TRAIL_R numBytesInNALunit: 537269
POC  234 TId: 0 ( I-SLICE, QP 26 )    4298152 bits [Y 99.9900 dB    U 99.9900 dB    V 99.9900 dB] [ET 13.89 ] [L0 ] [L1 ]
*** TRAIL_R numBytesInNALunit: 537145
POC  235 TId: 0 ( I-SLICE, QP 26 )    4297160 bits [Y 99.9900 dB    U 99.9900 dB    V 99.9900 dB] [ET 14.03 ] [L0 ] [L1 ]
*** TRAIL_R numBytesInNALunit: 537263
POC  236 TId: 0 ( I-SLICE, QP 26 )    4298104 bits [Y 99.9900 dB    U 99.9900 dB    V 99.9900 dB] [ET 14.06 ] [L0 ] [L1 ]
*** TRAIL_R numBytesInNALunit: 536854
POC  237 TId: 0 ( I-SLICE, QP 26 )    4294832 bits [Y 99.9900 dB    U 99.9900 dB    V 99.9900 dB] [ET 13.88 ] [L0 ] [L1 ]
*** TRAIL_R numBytesInNALunit: 536782
POC  238 TId: 0 ( I-SLICE, QP 26 )    4294256 bits [Y 99.9900 dB    U 99.9900 dB    V 99.9900 dB] [ET 13.92 ] [L0 ] [L1 ]
*** TRAIL_R numBytesInNALunit: 536563
POC  239 TId: 0 ( I-SLICE, QP 26 )    4292504 bits [Y 99.9900 dB    U 99.9900 dB    V 99.9900 dB] [ET 13.97 ] [L0 ] [L1 ]
*** TRAIL_R numBytesInNALunit: 537135
POC  240 TId: 0 ( I-SLICE, QP 26 )    4297080 bits [Y 99.9900 dB    U 99.9900 dB    V 99.9900 dB] [ET 14.02 ] [L0 ] [L1 ]
*** TRAIL_R numBytesInNALunit: 536066
POC  241 TId: 0 ( I-SLICE, QP 26 )    4288528 bits [Y 99.9900 dB    U 99.9900 dB    V 99.9900 dB] [ET 13.86 ] [L0 ] [L1 ]
*** TRAIL_R numBytesInNALunit: 536089
POC  242 TId: 0 ( I-SLICE, QP 26 )    4288712 bits [Y 99.9900 dB    U 99.9900 dB    V 99.9900 dB] [ET 13.88 ] [L0 ] [L1 ]
*** TRAIL_R numBytesInNALunit: 535994
POC  243 TId: 0 ( I-SLICE, QP 26 )    4287952 bits [Y 99.9900 dB    U 99.9900 dB    V 99.9900 dB] [ET 13.97 ] [L0 ] [L1 ]
*** TRAIL_R numBytesInNALunit: 536912
POC  244 TId: 0 ( I-SLICE, QP 26 )    4295296 bits [Y 99.9900 dB    U 99.9900 dB    V 99.9900 dB] [ET 14.00 ] [L0 ] [L1 ]
*** TRAIL_R numBytesInNALunit: 537281
POC  245 TId: 0 ( I-SLICE, QP 26 )    4298248 bits [Y 99.9900 dB    U 99.9900 dB    V 99.9900 dB] [ET 13.92 ] [L0 ] [L1 ]
*** TRAIL_R numBytesInNALunit: 537369
POC  246 TId: 0 ( I-SLICE, QP 26 )    4298952 bits [Y 99.9900 dB    U 99.9900 dB    V 99.9900 dB] [ET 13.89 ] [L0 ] [L1 ]
*** TRAIL_R numBytesInNALunit: 537848
POC  247 TId: 0 ( I-SLICE, QP 26 )    4302784 bits [Y 99.9900 dB    U 99.9900 dB    V 99.9900 dB] [ET 13.89 ] [L0 ] [L1 ]
*** TRAIL_R numBytesInNALunit: 538134
POC  248 TId: 0 ( I-SLICE, QP 26 )    4305072 bits [Y 99.9900 dB    U 99.9900 dB    V 99.9900 dB] [ET 13.97 ] [L0 ] [L1 ]
*** TRAIL_R numBytesInNALunit: 537515
POC  249 TId: 0 ( I-SLICE, QP 26 )    4300120 bits [Y 99.9900 dB    U 99.9900 dB    V 99.9900 dB] [ET 13.98 ] [L0 ] [L1 ]
*** TRAIL_R numBytesInNALunit: 537893
POC  250 TId: 0 ( I-SLICE, QP 26 )    4303144 bits [Y 99.9900 dB    U 99.9900 dB    V 99.9900 dB] [ET 14.06 ] [L0 ] [L1 ]
*** TRAIL_R numBytesInNALunit: 537237
POC  251 TId: 0 ( I-SLICE, QP 26 )    4297896 bits [Y 99.9900 dB    U 99.9900 dB    V 99.9900 dB] [ET 13.98 ] [L0 ] [L1 ]
*** TRAIL_R numBytesInNALunit: 537751
POC  252 TId: 0 ( I-SLICE, QP 26 )    4302008 bits [Y 99.9900 dB    U 99.9900 dB    V 99.9900 dB] [ET 13.98 ] [L0 ] [L1 ]
*** TRAIL_R numBytesInNALunit: 538130
POC  253 TId: 0 ( I-SLICE, QP 26 )    4305040 bits [Y 99.9900 dB    U 99.9900 dB    V 99.9900 dB] [ET 14.16 ] [L0 ] [L1 ]
*** TRAIL_R numBytesInNALunit: 538576
POC  254 TId: 0 ( I-SLICE, QP 26 )    4308608 bits [Y 99.9900 dB    U 99.9900 dB    V 99.9900 dB] [ET 14.16 ] [L0 ] [L1 ]
*** TRAIL_R numBytesInNALunit: 538015
POC  255 TId: 0 ( I-SLICE, QP 26 )    4304120 bits [Y 99.9900 dB    U 99.9900 dB    V 99.9900 dB] [ET 13.97 ] [L0 ] [L1 ]
*** TRAIL_R numBytesInNALunit: 538560
POC  256 TId: 0 ( I-SLICE, QP 26 )    4308480 bits [Y 99.9900 dB    U 99.9900 dB    V 99.9900 dB] [ET 13.98 ] [L0 ] [L1 ]
*** TRAIL_R numBytesInNALunit: 538714
POC  257 TId: 0 ( I-SLICE, QP 26 )    4309712 bits [Y 99.9900 dB    U 99.9900 dB    V 99.9900 dB] [ET 13.78 ] [L0 ] [L1 ]
*** TRAIL_R numBytesInNALunit: 538452
POC  258 TId: 0 ( I-SLICE, QP 26 )    4307616 bits [Y 99.9900 dB    U 99.9900 dB    V 99.9900 dB] [ET 13.80 ] [L0 ] [L1 ]
*** TRAIL_R numBytesInNALunit: 538291
POC  259 TId: 0 ( I-SLICE, QP 26 )    4306328 bits [Y 99.9900 dB    U 99.9900 dB    V 99.9900 dB] [ET 13.97 ] [L0 ] [L1 ]
*** TRAIL_R numBytesInNALunit: 538774
POC  260 TId: 0 ( I-SLICE, QP 26 )    4310192 bits [Y 99.9900 dB    U 99.9900 dB    V 99.9900 dB] [ET 13.92 ] [L0 ] [L1 ]
*** TRAIL_R numBytesInNALunit: 538662
POC  261 TId: 0 ( I-SLICE, QP 26 )    4309296 bits [Y 99.9900 dB    U 99.9900 dB    V 99.9900 dB] [ET 14.02 ] [L0 ] [L1 ]
*** TRAIL_R numBytesInNALunit: 539124
POC  262 TId: 0 ( I-SLICE, QP 26 )    4312992 bits [Y 99.9900 dB    U 99.9900 dB    V 99.9900 dB] [ET 14.02 ] [L0 ] [L1 ]
*** TRAIL_R numBytesInNALunit: 538762
POC  263 TId: 0 ( I-SLICE, QP 26 )    4310096 bits [Y 99.9900 dB    U 99.9900 dB    V 99.9900 dB] [ET 13.97 ] [L0 ] [L1 ]
*** TRAIL_R numBytesInNALunit: 538584
POC  264 TId: 0 ( I-SLICE, QP 26 )    4308672 bits [Y 99.9900 dB    U 99.9900 dB    V 99.9900 dB] [ET 13.94 ] [L0 ] [L1 ]
*** TRAIL_R numBytesInNALunit: 537887
POC  265 TId: 0 ( I-SLICE, QP 26 )    4303096 bits [Y 99.9900 dB    U 99.9900 dB    V 99.9900 dB] [ET 13.98 ] [L0 ] [L1 ]
*** TRAIL_R numBytesInNALunit: 538713
POC  266 TId: 0 ( I-SLICE, QP 26 )    4309704 bits [Y 99.9900 dB    U 99.9900 dB    V 99.9900 dB] [ET 14.09 ] [L0 ] [L1 ]
*** TRAIL_R numBytesInNALunit: 538585
POC  267 TId: 0 ( I-SLICE, QP 26 )    4308680 bits [Y 99.9900 dB    U 99.9900 dB    V 99.9900 dB] [ET 13.98 ] [L0 ] [L1 ]
*** TRAIL_R numBytesInNALunit: 538037
POC  268 TId: 0 ( I-SLICE, QP 26 )    4304296 bits [Y 99.9900 dB    U 99.9900 dB    V 99.9900 dB] [ET 13.92 ] [L0 ] [L1 ]
*** TRAIL_R numBytesInNALunit: 538482
POC  269 TId: 0 ( I-SLICE, QP 26 )    4307856 bits [Y 99.9900 dB    U 99.9900 dB    V 99.9900 dB] [ET 14.00 ] [L0 ] [L1 ]
*** TRAIL_R numBytesInNALunit: 538486
POC  270 TId: 0 ( I-SLICE, QP 26 )    4307888 bits [Y 99.9900 dB    U 99.9900 dB    V 99.9900 dB] [ET 14.06 ] [L0 ] [L1 ]
*** TRAIL_R numBytesInNALunit: 537754
POC  271 TId: 0 ( I-SLICE, QP 26 )    4302032 bits [Y 99.9900 dB    U 99.9900 dB    V 99.9900 dB] [ET 13.88 ] [L0 ] [L1 ]
*** TRAIL_R numBytesInNALunit: 537651
POC  272 TId: 0 ( I-SLICE, QP 26 )    4301208 bits [Y 99.9900 dB    U 99.9900 dB    V 99.9900 dB] [ET 13.95 ] [L0 ] [L1 ]
*** TRAIL_R numBytesInNALunit: 537576
POC  273 TId: 0 ( I-SLICE, QP 26 )    4300608 bits [Y 99.9900 dB    U 99.9900 dB    V 99.9900 dB] [ET 14.00 ] [L0 ] [L1 ]
*** TRAIL_R numBytesInNALunit: 538060
POC  274 TId: 0 ( I-SLICE, QP 26 )    4304480 bits [Y 99.9900 dB    U 99.9900 dB    V 99.9900 dB] [ET 14.06 ] [L0 ] [L1 ]
*** TRAIL_R numBytesInNALunit: 537464
POC  275 TId: 0 ( I-SLICE, QP 26 )    4299712 bits [Y 99.9900 dB    U 99.9900 dB    V 99.9900 dB] [ET 13.91 ] [L0 ] [L1 ]
*** TRAIL_R numBytesInNALunit: 537927
POC  276 TId: 0 ( I-SLICE, QP 26 )    4303416 bits [Y 99.9900 dB    U 99.9900 dB    V 99.9900 dB] [ET 13.97 ] [L0 ] [L1 ]
*** TRAIL_R numBytesInNALunit: 537400
POC  277 TId: 0 ( I-SLICE, QP 26 )    4299200 bits [Y 99.9900 dB    U 99.9900 dB    V 99.9900 dB] [ET 13.91 ] [L0 ] [L1 ]
*** TRAIL_R numBytesInNALunit: 537804
POC  278 TId: 0 ( I-SLICE, QP 26 )    4302432 bits [Y 99.9900 dB    U 99.9900 dB    V 99.9900 dB] [ET 13.92 ] [L0 ] [L1 ]
*** TRAIL_R numBytesInNALunit: 538293
POC  279 TId: 0 ( I-SLICE, QP 26 )    4306344 bits [Y 99.9900 dB    U 99.9900 dB    V 99.9900 dB] [ET 13.89 ] [L0 ] [L1 ]
*** TRAIL_R numBytesInNALunit: 538786
POC  280 TId: 0 ( I-SLICE, QP 26 )    4310288 bits [Y 99.9900 dB    U 99.9900 dB    V 99.9900 dB] [ET 14.03 ] [L0 ] [L1 ]
*** TRAIL_R numBytesInNALunit: 537853
POC  281 TId: 0 ( I-SLICE, QP 26 )    4302824 bits [Y 99.9900 dB    U 99.9900 dB    V 99.9900 dB] [ET 13.94 ] [L0 ] [L1 ]
*** TRAIL_R numBytesInNALunit: 537892
POC  282 TId: 0 ( I-SLICE, QP 26 )    4303136 bits [Y 99.9900 dB    U 99.9900 dB    V 99.9900 dB] [ET 14.03 ] [L0 ] [L1 ]
*** TRAIL_R numBytesInNALunit: 538262
POC  283 TId: 0 ( I-SLICE, QP 26 )    4306096 bits [Y 99.9900 dB    U 99.9900 dB    V 99.9900 dB] [ET 14.02 ] [L0 ] [L1 ]
*** TRAIL_R numBytesInNALunit: 539139
POC  284 TId: 0 ( I-SLICE, QP 26 )    4313112 bits [Y 99.9900 dB    U 99.9900 dB    V 99.9900 dB] [ET 14.05 ] [L0 ] [L1 ]
*** TRAIL_R numBytesInNALunit: 539176
POC  285 TId: 0 ( I-SLICE, QP 26 )    4313408 bits [Y 99.9900 dB    U 99.9900 dB    V 99.9900 dB] [ET 13.97 ] [L0 ] [L1 ]
*** TRAIL_R numBytesInNALunit: 539831
POC  286 TId: 0 ( I-SLICE, QP 26 )    4318648 bits [Y 99.9900 dB    U 99.9900 dB    V 99.9900 dB] [ET 13.83 ] [L0 ] [L1 ]
*** TRAIL_R numBytesInNALunit: 539182
POC  287 TId: 0 ( I-SLICE, QP 26 )    4313456 bits [Y 99.9900 dB    U 99.9900 dB    V 99.9900 dB] [ET 14.08 ] [L0 ] [L1 ]
*** TRAIL_R numBytesInNALunit: 539580
POC  288 TId: 0 ( I-SLICE, QP 26 )    4316640 bits [Y 99.9900 dB    U 99.9900 dB    V 99.9900 dB] [ET 13.91 ] [L0 ] [L1 ]
*** TRAIL_R numBytesInNALunit: 539564
POC  289 TId: 0 ( I-SLICE, QP 26 )    4316512 bits [Y 99.9900 dB    U 99.9900 dB    V 99.9900 dB] [ET 13.94 ] [L0 ] [L1 ]
*** TRAIL_R numBytesInNALunit: 540046
POC  290 TId: 0 ( I-SLICE, QP 26 )    4320368 bits [Y 99.9900 dB    U 99.9900 dB    V 99.9900 dB] [ET 13.83 ] [L0 ] [L1 ]
*** TRAIL_R numBytesInNALunit: 539347
POC  291 TId: 0 ( I-SLICE, QP 26 )    4314776 bits [Y 99.9900 dB    U 99.9900 dB    V 99.9900 dB] [ET 13.91 ] [L0 ] [L1 ]
*** TRAIL_R numBytesInNALunit: 540308
POC  292 TId: 0 ( I-SLICE, QP 26 )    4322464 bits [Y 99.9900 dB    U 99.9900 dB    V 99.9900 dB] [ET 13.98 ] [L0 ] [L1 ]
*** TRAIL_R numBytesInNALunit: 540054
POC  293 TId: 0 ( I-SLICE, QP 26 )    4320432 bits [Y 99.9900 dB    U 99.9900 dB    V 99.9900 dB] [ET 14.06 ] [L0 ] [L1 ]
*** TRAIL_R numBytesInNALunit: 540635
POC  294 TId: 0 ( I-SLICE, QP 26 )    4325080 bits [Y 99.9900 dB    U 99.9900 dB    V 99.9900 dB] [ET 14.14 ] [L0 ] [L1 ]
*** TRAIL_R numBytesInNALunit: 540103
POC  295 TId: 0 ( I-SLICE, QP 26 )    4320824 bits [Y 99.9900 dB    U 99.9900 dB    V 99.9900 dB] [ET 14.03 ] [L0 ] [L1 ]
*** TRAIL_R numBytesInNALunit: 540261
POC  296 TId: 0 ( I-SLICE, QP 26 )    4322088 bits [Y 99.9900 dB    U 99.9900 dB    V 99.9900 dB] [ET 14.17 ] [L0 ] [L1 ]
*** TRAIL_R numBytesInNALunit: 540381
POC  297 TId: 0 ( I-SLICE, QP 26 )    4323048 bits [Y 99.9900 dB    U 99.9900 dB    V 99.9900 dB] [ET 14.00 ] [L0 ] [L1 ]
*** TRAIL_R numBytesInNALunit: 540294
POC  298 TId: 0 ( I-SLICE, QP 26 )    4322352 bits [Y 99.9900 dB    U 99.9900 dB    V 99.9900 dB] [ET 14.02 ] [L0 ] [L1 ]
*** TRAIL_R numBytesInNALunit: 540326
POC  299 TId: 0 ( I-SLICE, QP 26 )    4322608 bits [Y 99.9900 dB    U 99.9900 dB    V 99.9900 dB] [ET 13.94 ] [L0 ] [L1 ]
*** TRAIL_R numBytesInNALunit: 539859
POC  300 TId: 0 ( I-SLICE, QP 26 )    4318872 bits [Y 99.9900 dB    U 99.9900 dB    V 99.9900 dB] [ET 14.00 ] [L0 ] [L1 ]
*** TRAIL_R numBytesInNALunit: 539689
POC  301 TId: 0 ( I-SLICE, QP 26 )    4317512 bits [Y 99.9900 dB    U 99.9900 dB    V 99.9900 dB] [ET 13.84 ] [L0 ] [L1 ]
*** TRAIL_R numBytesInNALunit: 539155
POC  302 TId: 0 ( I-SLICE, QP 26 )    4313240 bits [Y 99.9900 dB    U 99.9900 dB    V 99.9900 dB] [ET 13.84 ] [L0 ] [L1 ]
*** TRAIL_R numBytesInNALunit: 539176
POC  303 TId: 0 ( I-SLICE, QP 26 )    4313408 bits [Y 99.9900 dB    U 99.9900 dB    V 99.9900 dB] [ET 13.89 ] [L0 ] [L1 ]
*** TRAIL_R numBytesInNALunit: 538642
POC  304 TId: 0 ( I-SLICE, QP 26 )    4309136 bits [Y 99.9900 dB    U 99.9900 dB    V 99.9900 dB] [ET 14.12 ] [L0 ] [L1 ]
*** TRAIL_R numBytesInNALunit: 538767
POC  305 TId: 0 ( I-SLICE, QP 26 )    4310136 bits [Y 99.9900 dB    U 99.9900 dB    V 99.9900 dB] [ET 14.00 ] [L0 ] [L1 ]
*** TRAIL_R numBytesInNALunit: 539221
POC  306 TId: 0 ( I-SLICE, QP 26 )    4313768 bits [Y 99.9900 dB    U 99.9900 dB    V 99.9900 dB] [ET 14.06 ] [L0 ] [L1 ]
*** TRAIL_R numBytesInNALunit: 539839
POC  307 TId: 0 ( I-SLICE, QP 26 )    4318712 bits [Y 99.9900 dB    U 99.9900 dB    V 99.9900 dB] [ET 13.92 ] [L0 ] [L1 ]
*** TRAIL_R numBytesInNALunit: 540257
POC  308 TId: 0 ( I-SLICE, QP 26 )    4322056 bits [Y 99.9900 dB    U 99.9900 dB    V 99.9900 dB] [ET 14.03 ] [L0 ] [L1 ]
*** TRAIL_R numBytesInNALunit: 540605
POC  309 TId: 0 ( I-SLICE, QP 26 )    4324840 bits [Y 99.9900 dB    U 99.9900 dB    V 99.9900 dB] [ET 14.08 ] [L0 ] [L1 ]
*** TRAIL_R numBytesInNALunit: 541022
POC  310 TId: 0 ( I-SLICE, QP 26 )    4328176 bits [Y 99.9900 dB    U 99.9900 dB    V 99.9900 dB] [ET 13.91 ] [L0 ] [L1 ]
*** TRAIL_R numBytesInNALunit: 540867
POC  311 TId: 0 ( I-SLICE, QP 26 )    4326936 bits [Y 99.9900 dB    U 99.9900 dB    V 99.9900 dB] [ET 13.92 ] [L0 ] [L1 ]
*** TRAIL_R numBytesInNALunit: 541173
POC  312 TId: 0 ( I-SLICE, QP 26 )    4329384 bits [Y 99.9900 dB    U 99.9900 dB    V 99.9900 dB] [ET 14.00 ] [L0 ] [L1 ]
*** TRAIL_R numBytesInNALunit: 540746
POC  313 TId: 0 ( I-SLICE, QP 26 )    4325968 bits [Y 99.9900 dB    U 99.9900 dB    V 99.9900 dB] [ET 13.97 ] [L0 ] [L1 ]
*** TRAIL_R numBytesInNALunit: 541558
POC  314 TId: 0 ( I-SLICE, QP 26 )    4332464 bits [Y 99.9900 dB    U 99.9900 dB    V 99.9900 dB] [ET 13.98 ] [L0 ] [L1 ]
*** TRAIL_R numBytesInNALunit: 541953
POC  315 TId: 0 ( I-SLICE, QP 26 )    4335624 bits [Y 99.9900 dB    U 99.9900 dB    V 99.9900 dB] [ET 14.11 ] [L0 ] [L1 ]
*** TRAIL_R numBytesInNALunit: 541695
POC  316 TId: 0 ( I-SLICE, QP 26 )    4333560 bits [Y 99.9900 dB    U 99.9900 dB    V 99.9900 dB] [ET 14.09 ] [L0 ] [L1 ]
*** TRAIL_R numBytesInNALunit: 541397
POC  317 TId: 0 ( I-SLICE, QP 26 )    4331176 bits [Y 99.9900 dB    U 99.9900 dB    V 99.9900 dB] [ET 14.05 ] [L0 ] [L1 ]
*** TRAIL_R numBytesInNALunit: 541831
POC  318 TId: 0 ( I-SLICE, QP 26 )    4334648 bits [Y 99.9900 dB    U 99.9900 dB    V 99.9900 dB] [ET 14.14 ] [L0 ] [L1 ]
*** TRAIL_R numBytesInNALunit: 541749
POC  319 TId: 0 ( I-SLICE, QP 26 )    4333992 bits [Y 99.9900 dB    U 99.9900 dB    V 99.9900 dB] [ET 14.03 ] [L0 ] [L1 ]
*** TRAIL_R numBytesInNALunit: 541342
POC  320 TId: 0 ( I-SLICE, QP 26 )    4330736 bits [Y 99.9900 dB    U 99.9900 dB    V 99.9900 dB] [ET 14.06 ] [L0 ] [L1 ]
*** TRAIL_R numBytesInNALunit: 541162
POC  321 TId: 0 ( I-SLICE, QP 26 )    4329296 bits [Y 99.9900 dB    U 99.9900 dB    V 99.9900 dB] [ET 13.98 ] [L0 ] [L1 ]
*** TRAIL_R numBytesInNALunit: 541388
POC  322 TId: 0 ( I-SLICE, QP 26 )    4331104 bits [Y 99.9900 dB    U 99.9900 dB    V 99.9900 dB] [ET 14.09 ] [L0 ] [L1 ]
*** TRAIL_R numBytesInNALunit: 541809
POC  323 TId: 0 ( I-SLICE, QP 26 )    4334472 bits [Y 99.9900 dB    U 99.9900 dB    V 99.9900 dB] [ET 14.00 ] [L0 ] [L1 ]
*** TRAIL_R numBytesInNALunit: 542002
POC  324 TId: 0 ( I-SLICE, QP 26 )    4336016 bits [Y 99.9900 dB    U 99.9900 dB    V 99.9900 dB] [ET 13.81 ] [L0 ] [L1 ]
*** TRAIL_R numBytesInNALunit: 541065
POC  325 TId: 0 ( I-SLICE, QP 26 )    4328520 bits [Y 99.9900 dB    U 99.9900 dB    V 99.9900 dB] [ET 13.83 ] [L0 ] [L1 ]
*** TRAIL_R numBytesInNALunit: 541353
POC  326 TId: 0 ( I-SLICE, QP 26 )    4330824 bits [Y 99.9900 dB    U 99.9900 dB    V 99.9900 dB] [ET 13.78 ] [L0 ] [L1 ]
*** TRAIL_R numBytesInNALunit: 540947
POC  327 TId: 0 ( I-SLICE, QP 26 )    4327576 bits [Y 99.9900 dB    U 99.9900 dB    V 99.9900 dB] [ET 13.98 ] [L0 ] [L1 ]
*** TRAIL_R numBytesInNALunit: 541457
POC  328 TId: 0 ( I-SLICE, QP 26 )    4331656 bits [Y 99.9900 dB    U 99.9900 dB    V 99.9900 dB] [ET 14.08 ] [L0 ] [L1 ]
*** TRAIL_R numBytesInNALunit: 541599
POC  329 TId: 0 ( I-SLICE, QP 26 )    4332792 bits [Y 99.9900 dB    U 99.9900 dB    V 99.9900 dB] [ET 13.98 ] [L0 ] [L1 ]
*** TRAIL_R numBytesInNALunit: 540646
POC  330 TId: 0 ( I-SLICE, QP 26 )    4325168 bits [Y 99.9900 dB    U 99.9900 dB    V 99.9900 dB] [ET 13.91 ] [L0 ] [L1 ]
*** TRAIL_R numBytesInNALunit: 540930
POC  331 TId: 0 ( I-SLICE, QP 26 )    4327440 bits [Y 99.9900 dB    U 99.9900 dB    V 99.9900 dB] [ET 13.92 ] [L0 ] [L1 ]
*** TRAIL_R numBytesInNALunit: 541719
POC  332 TId: 0 ( I-SLICE, QP 26 )    4333752 bits [Y 99.9900 dB    U 99.9900 dB    V 99.9900 dB] [ET 14.05 ] [L0 ] [L1 ]
*** TRAIL_R numBytesInNALunit: 541578
POC  333 TId: 0 ( I-SLICE, QP 26 )    4332624 bits [Y 99.9900 dB    U 99.9900 dB    V 99.9900 dB] [ET 13.84 ] [L0 ] [L1 ]
*** TRAIL_R numBytesInNALunit: 541685
POC  334 TId: 0 ( I-SLICE, QP 26 )    4333480 bits [Y 99.9900 dB    U 99.9900 dB    V 99.9900 dB] [ET 13.81 ] [L0 ] [L1 ]
*** TRAIL_R numBytesInNALunit: 541256
POC  335 TId: 0 ( I-SLICE, QP 26 )    4330048 bits [Y 99.9900 dB    U 99.9900 dB    V 99.9900 dB] [ET 13.95 ] [L0 ] [L1 ]
*** TRAIL_R numBytesInNALunit: 541788
POC  336 TId: 0 ( I-SLICE, QP 26 )    4334304 bits [Y 99.9900 dB    U 99.9900 dB    V 99.9900 dB] [ET 13.97 ] [L0 ] [L1 ]
*** TRAIL_R numBytesInNALunit: 540789
POC  337 TId: 0 ( I-SLICE, QP 26 )    4326312 bits [Y 99.9900 dB    U 99.9900 dB    V 99.9900 dB] [ET 13.98 ] [L0 ] [L1 ]
*** TRAIL_R numBytesInNALunit: 541284
POC  338 TId: 0 ( I-SLICE, QP 26 )    4330272 bits [Y 99.9900 dB    U 99.9900 dB    V 99.9900 dB] [ET 13.95 ] [L0 ] [L1 ]
*** TRAIL_R numBytesInNALunit: 541056
POC  339 TId: 0 ( I-SLICE, QP 26 )    4328448 bits [Y 99.9900 dB    U 99.9900 dB    V 99.9900 dB] [ET 13.94 ] [L0 ] [L1 ]
*** TRAIL_R numBytesInNALunit: 541069
POC  340 TId: 0 ( I-SLICE, QP 26 )    4328552 bits [Y 99.9900 dB    U 99.9900 dB    V 99.9900 dB] [ET 13.95 ] [L0 ] [L1 ]
*** TRAIL_R numBytesInNALunit: 541015
POC  341 TId: 0 ( I-SLICE, QP 26 )    4328120 bits [Y 99.9900 dB    U 99.9900 dB    V 99.9900 dB] [ET 13.97 ] [L0 ] [L1 ]
*** TRAIL_R numBytesInNALunit: 541330
POC  342 TId: 0 ( I-SLICE, QP 26 )    4330640 bits [Y 99.9900 dB    U 99.9900 dB    V 99.9900 dB] [ET 14.09 ] [L0 ] [L1 ]
*** TRAIL_R numBytesInNALunit: 540648
POC  343 TId: 0 ( I-SLICE, QP 26 )    4325184 bits [Y 99.9900 dB    U 99.9900 dB    V 99.9900 dB] [ET 14.08 ] [L0 ] [L1 ]
*** TRAIL_R numBytesInNALunit: 540445
POC  344 TId: 0 ( I-SLICE, QP 26 )    4323560 bits [Y 99.9900 dB    U 99.9900 dB    V 99.9900 dB] [ET 13.92 ] [L0 ] [L1 ]
*** TRAIL_R numBytesInNALunit: 539991
POC  345 TId: 0 ( I-SLICE, QP 26 )    4319928 bits [Y 99.9900 dB    U 99.9900 dB    V 99.9900 dB] [ET 13.98 ] [L0 ] [L1 ]
*** TRAIL_R numBytesInNALunit: 541048
POC  346 TId: 0 ( I-SLICE, QP 26 )    4328384 bits [Y 99.9900 dB    U 99.9900 dB    V 99.9900 dB] [ET 14.05 ] [L0 ] [L1 ]
*** TRAIL_R numBytesInNALunit: 539928
POC  347 TId: 0 ( I-SLICE, QP 26 )    4319424 bits [Y 99.9900 dB    U 99.9900 dB    V 99.9900 dB] [ET 14.02 ] [L0 ] [L1 ]
*** TRAIL_R numBytesInNALunit: 539569
POC  348 TId: 0 ( I-SLICE, QP 26 )    4316552 bits [Y 99.9900 dB    U 99.9900 dB    V 99.9900 dB] [ET 14.00 ] [L0 ] [L1 ]
*** TRAIL_R numBytesInNALunit: 539669
POC  349 TId: 0 ( I-SLICE, QP 26 )    4317352 bits [Y 99.9900 dB    U 99.9900 dB    V 99.9900 dB] [ET 14.11 ] [L0 ] [L1 ]
*** TRAIL_R numBytesInNALunit: 539873
POC  350 TId: 0 ( I-SLICE, QP 26 )    4318984 bits [Y 99.9900 dB    U 99.9900 dB    V 99.9900 dB] [ET 13.98 ] [L0 ] [L1 ]
*** TRAIL_R numBytesInNALunit: 539638
POC  351 TId: 0 ( I-SLICE, QP 26 )    4317104 bits [Y 99.9900 dB    U 99.9900 dB    V 99.9900 dB] [ET 14.08 ] [L0 ] [L1 ]
*** TRAIL_R numBytesInNALunit: 539930
POC  352 TId: 0 ( I-SLICE, QP 26 )    4319440 bits [Y 99.9900 dB    U 99.9900 dB    V 99.9900 dB] [ET 14.05 ] [L0 ] [L1 ]
*** TRAIL_R numBytesInNALunit: 540197
POC  353 TId: 0 ( I-SLICE, QP 26 )    4321576 bits [Y 99.9900 dB    U 99.9900 dB    V 99.9900 dB] [ET 13.94 ] [L0 ] [L1 ]
*** TRAIL_R numBytesInNALunit: 539750
POC  354 TId: 0 ( I-SLICE, QP 26 )    4318000 bits [Y 99.9900 dB    U 99.9900 dB    V 99.9900 dB] [ET 13.95 ] [L0 ] [L1 ]
*** TRAIL_R numBytesInNALunit: 539082
POC  355 TId: 0 ( I-SLICE, QP 26 )    4312656 bits [Y 99.9900 dB    U 99.9900 dB    V 99.9900 dB] [ET 14.05 ] [L0 ] [L1 ]
*** TRAIL_R numBytesInNALunit: 539099
POC  356 TId: 0 ( I-SLICE, QP 26 )    4312792 bits [Y 99.9900 dB    U 99.9900 dB    V 99.9900 dB] [ET 14.00 ] [L0 ] [L1 ]
*** TRAIL_R numBytesInNALunit: 539312
POC  357 TId: 0 ( I-SLICE, QP 26 )    4314496 bits [Y 99.9900 dB    U 99.9900 dB    V 99.9900 dB] [ET 13.98 ] [L0 ] [L1 ]
*** TRAIL_R numBytesInNALunit: 538793
POC  358 TId: 0 ( I-SLICE, QP 26 )    4310344 bits [Y 99.9900 dB    U 99.9900 dB    V 99.9900 dB] [ET 13.83 ] [L0 ] [L1 ]
*** TRAIL_R numBytesInNALunit: 538887
POC  359 TId: 0 ( I-SLICE, QP 26 )    4311096 bits [Y 99.9900 dB    U 99.9900 dB    V 99.9900 dB] [ET 13.92 ] [L0 ] [L1 ]
*** TRAIL_R numBytesInNALunit: 538460
POC  360 TId: 0 ( I-SLICE, QP 26 )    4307680 bits [Y 99.9900 dB    U 99.9900 dB    V 99.9900 dB] [ET 13.92 ] [L0 ] [L1 ]
*** TRAIL_R numBytesInNALunit: 538368
POC  361 TId: 0 ( I-SLICE, QP 26 )    4306944 bits [Y 99.9900 dB    U 99.9900 dB    V 99.9900 dB] [ET 13.78 ] [L0 ] [L1 ]
*** TRAIL_R numBytesInNALunit: 538199
POC  362 TId: 0 ( I-SLICE, QP 26 )    4305592 bits [Y 99.9900 dB    U 99.9900 dB    V 99.9900 dB] [ET 13.86 ] [L0 ] [L1 ]
*** TRAIL_R numBytesInNALunit: 538367
POC  363 TId: 0 ( I-SLICE, QP 26 )    4306936 bits [Y 99.9900 dB    U 99.9900 dB    V 99.9900 dB] [ET 13.88 ] [L0 ] [L1 ]
*** TRAIL_R numBytesInNALunit: 538435
POC  364 TId: 0 ( I-SLICE, QP 26 )    4307480 bits [Y 99.9900 dB    U 99.9900 dB    V 99.9900 dB] [ET 13.89 ] [L0 ] [L1 ]
*** TRAIL_R numBytesInNALunit: 538600
POC  365 TId: 0 ( I-SLICE, QP 26 )    4308800 bits [Y 99.9900 dB    U 99.9900 dB    V 99.9900 dB] [ET 13.92 ] [L0 ] [L1 ]
*** TRAIL_R numBytesInNALunit: 538253
POC  366 TId: 0 ( I-SLICE, QP 26 )    4306024 bits [Y 99.9900 dB    U 99.9900 dB    V 99.9900 dB] [ET 13.95 ] [L0 ] [L1 ]
*** TRAIL_R numBytesInNALunit: 537868
POC  367 TId: 0 ( I-SLICE, QP 26 )    4302944 bits [Y 99.9900 dB    U 99.9900 dB    V 99.9900 dB] [ET 14.00 ] [L0 ] [L1 ]
*** TRAIL_R numBytesInNALunit: 538084
POC  368 TId: 0 ( I-SLICE, QP 26 )    4304672 bits [Y 99.9900 dB    U 99.9900 dB    V 99.9900 dB] [ET 14.00 ] [L0 ] [L1 ]
*** TRAIL_R numBytesInNALunit: 538283
POC  369 TId: 0 ( I-SLICE, QP 26 )    4306264 bits [Y 99.9900 dB    U 99.9900 dB    V 99.9900 dB] [ET 14.03 ] [L0 ] [L1 ]
*** TRAIL_R numBytesInNALunit: 538160
POC  370 TId: 0 ( I-SLICE, QP 26 )    4305280 bits [Y 99.9900 dB    U 99.9900 dB    V 99.9900 dB] [ET 13.98 ] [L0 ] [L1 ]
*** TRAIL_R numBytesInNALunit: 537867
POC  371 TId: 0 ( I-SLICE, QP 26 )    4302936 bits [Y 99.9900 dB    U 99.9900 dB    V 99.9900 dB] [ET 14.00 ] [L0 ] [L1 ]
*** TRAIL_R numBytesInNALunit: 537979
POC  372 TId: 0 ( I-SLICE, QP 26 )    4303832 bits [Y 99.9900 dB    U 99.9900 dB    V 99.9900 dB] [ET 14.03 ] [L0 ] [L1 ]
*** TRAIL_R numBytesInNALunit: 537039
POC  373 TId: 0 ( I-SLICE, QP 26 )    4296312 bits [Y 99.9900 dB    U 99.9900 dB    V 99.9900 dB] [ET 14.02 ] [L0 ] [L1 ]
*** TRAIL_R numBytesInNALunit: 537670
POC  374 TId: 0 ( I-SLICE, QP 26 )    4301360 bits [Y 99.9900 dB    U 99.9900 dB    V 99.9900 dB] [ET 14.03 ] [L0 ] [L1 ]
*** TRAIL_R numBytesInNALunit: 537317
POC  375 TId: 0 ( I-SLICE, QP 26 )    4298536 bits [Y 99.9900 dB    U 99.9900 dB    V 99.9900 dB] [ET 14.05 ] [L0 ] [L1 ]
*** TRAIL_R numBytesInNALunit: 537412
POC  376 TId: 0 ( I-SLICE, QP 26 )    4299296 bits [Y 99.9900 dB    U 99.9900 dB    V 99.9900 dB] [ET 13.92 ] [L0 ] [L1 ]
*** TRAIL_R numBytesInNALunit: 537738
POC  377 TId: 0 ( I-SLICE, QP 26 )    4301904 bits [Y 99.9900 dB    U 99.9900 dB    V 99.9900 dB] [ET 14.02 ] [L0 ] [L1 ]
*** TRAIL_R numBytesInNALunit: 537095
POC  378 TId: 0 ( I-SLICE, QP 26 )    4296760 bits [Y 99.9900 dB    U 99.9900 dB    V 99.9900 dB] [ET 13.92 ] [L0 ] [L1 ]
*** TRAIL_R numBytesInNALunit: 537515
POC  379 TId: 0 ( I-SLICE, QP 26 )    4300120 bits [Y 99.9900 dB    U 99.9900 dB    V 99.9900 dB] [ET 14.03 ] [L0 ] [L1 ]
*** TRAIL_R numBytesInNALunit: 538301
POC  380 TId: 0 ( I-SLICE, QP 26 )    4306408 bits [Y 99.9900 dB    U 99.9900 dB    V 99.9900 dB] [ET 14.02 ] [L0 ] [L1 ]
*** TRAIL_R numBytesInNALunit: 537805
POC  381 TId: 0 ( I-SLICE, QP 26 )    4302440 bits [Y 99.9900 dB    U 99.9900 dB    V 99.9900 dB] [ET 14.02 ] [L0 ] [L1 ]
*** TRAIL_R numBytesInNALunit: 537754
POC  382 TId: 0 ( I-SLICE, QP 26 )    4302032 bits [Y 99.9900 dB    U 99.9900 dB    V 99.9900 dB] [ET 14.16 ] [L0 ] [L1 ]
*** TRAIL_R numBytesInNALunit: 537259
POC  383 TId: 0 ( I-SLICE, QP 26 )    4298072 bits [Y 99.9900 dB    U 99.9900 dB    V 99.9900 dB] [ET 13.97 ] [L0 ] [L1 ]
*** TRAIL_R numBytesInNALunit: 537860
POC  384 TId: 0 ( I-SLICE, QP 26 )    4302880 bits [Y 99.9900 dB    U 99.9900 dB    V 99.9900 dB] [ET 13.94 ] [L0 ] [L1 ]
*** TRAIL_R numBytesInNALunit: 537544
POC  385 TId: 0 ( I-SLICE, QP 26 )    4300352 bits [Y 99.9900 dB    U 99.9900 dB    V 99.9900 dB] [ET 14.19 ] [L0 ] [L1 ]
*** TRAIL_R numBytesInNALunit: 537949
POC  386 TId: 0 ( I-SLICE, QP 26 )    4303592 bits [Y 99.9900 dB    U 99.9900 dB    V 99.9900 dB] [ET 14.06 ] [L0 ] [L1 ]
*** TRAIL_R numBytesInNALunit: 537533
POC  387 TId: 0 ( I-SLICE, QP 26 )    4300264 bits [Y 99.9900 dB    U 99.9900 dB    V 99.9900 dB] [ET 13.94 ] [L0 ] [L1 ]
*** TRAIL_R numBytesInNALunit: 537672
POC  388 TId: 0 ( I-SLICE, QP 26 )    4301376 bits [Y 99.9900 dB    U 99.9900 dB    V 99.9900 dB] [ET 13.97 ] [L0 ] [L1 ]
*** TRAIL_R numBytesInNALunit: 537121
POC  389 TId: 0 ( I-SLICE, QP 26 )    4296968 bits [Y 99.9900 dB    U 99.9900 dB    V 99.9900 dB] [ET 13.98 ] [L0 ] [L1 ]
*** TRAIL_R numBytesInNALunit: 537721
POC  390 TId: 0 ( I-SLICE, QP 26 )    4301768 bits [Y 99.9900 dB    U 99.9900 dB    V 99.9900 dB] [ET 13.94 ] [L0 ] [L1 ]
*** TRAIL_R numBytesInNALunit: 537229
POC  391 TId: 0 ( I-SLICE, QP 26 )    4297832 bits [Y 99.9900 dB    U 99.9900 dB    V 99.9900 dB] [ET 13.92 ] [L0 ] [L1 ]
*** TRAIL_R numBytesInNALunit: 537629
POC  392 TId: 0 ( I-SLICE, QP 26 )    4301032 bits [Y 99.9900 dB    U 99.9900 dB    V 99.9900 dB] [ET 13.89 ] [L0 ] [L1 ]
*** TRAIL_R numBytesInNALunit: 537573
POC  393 TId: 0 ( I-SLICE, QP 26 )    4300584 bits [Y 99.9900 dB    U 99.9900 dB    V 99.9900 dB] [ET 13.94 ] [L0 ] [L1 ]
*** TRAIL_R numBytesInNALunit: 538096
POC  394 TId: 0 ( I-SLICE, QP 26 )    4304768 bits [Y 99.9900 dB    U 99.9900 dB    V 99.9900 dB] [ET 13.80 ] [L0 ] [L1 ]
*** TRAIL_R numBytesInNALunit: 537372
POC  395 TId: 0 ( I-SLICE, QP 26 )    4298976 bits [Y 99.9900 dB    U 99.9900 dB    V 99.9900 dB] [ET 13.73 ] [L0 ] [L1 ]
*** TRAIL_R numBytesInNALunit: 537529
POC  396 TId: 0 ( I-SLICE, QP 26 )    4300232 bits [Y 99.9900 dB    U 99.9900 dB    V 99.9900 dB] [ET 13.97 ] [L0 ] [L1 ]
*** TRAIL_R numBytesInNALunit: 538197
POC  397 TId: 0 ( I-SLICE, QP 26 )    4305576 bits [Y 99.9900 dB    U 99.9900 dB    V 99.9900 dB] [ET 13.98 ] [L0 ] [L1 ]
*** TRAIL_R numBytesInNALunit: 537399
POC  398 TId: 0 ( I-SLICE, QP 26 )    4299192 bits [Y 99.9900 dB    U 99.9900 dB    V 99.9900 dB] [ET 13.91 ] [L0 ] [L1 ]
*** TRAIL_R numBytesInNALunit: 537753
POC  399 TId: 0 ( I-SLICE, QP 26 )    4302024 bits [Y 99.9900 dB    U 99.9900 dB    V 99.9900 dB] [ET 14.08 ] [L0 ] [L1 ]
*** TRAIL_R numBytesInNALunit: 537769
POC  400 TId: 0 ( I-SLICE, QP 26 )    4302152 bits [Y 99.9900 dB    U 99.9900 dB    V 99.9900 dB] [ET 14.00 ] [L0 ] [L1 ]
*** TRAIL_R numBytesInNALunit: 538540
POC  401 TId: 0 ( I-SLICE, QP 26 )    4308320 bits [Y 99.9900 dB    U 99.9900 dB    V 99.9900 dB] [ET 13.95 ] [L0 ] [L1 ]
*** TRAIL_R numBytesInNALunit: 538484
POC  402 TId: 0 ( I-SLICE, QP 26 )    4307872 bits [Y 99.9900 dB    U 99.9900 dB    V 99.9900 dB] [ET 14.05 ] [L0 ] [L1 ]
*** TRAIL_R numBytesInNALunit: 538160
POC  403 TId: 0 ( I-SLICE, QP 26 )    4305280 bits [Y 99.9900 dB    U 99.9900 dB    V 99.9900 dB] [ET 13.97 ] [L0 ] [L1 ]
*** TRAIL_R numBytesInNALunit: 538298
POC  404 TId: 0 ( I-SLICE, QP 26 )    4306384 bits [Y 99.9900 dB    U 99.9900 dB    V 99.9900 dB] [ET 13.94 ] [L0 ] [L1 ]
*** TRAIL_R numBytesInNALunit: 538188
POC  405 TId: 0 ( I-SLICE, QP 26 )    4305504 bits [Y 99.9900 dB    U 99.9900 dB    V 99.9900 dB] [ET 13.98 ] [L0 ] [L1 ]
*** TRAIL_R numBytesInNALunit: 538150
POC  406 TId: 0 ( I-SLICE, QP 26 )    4305200 bits [Y 99.9900 dB    U 99.9900 dB    V 99.9900 dB] [ET 13.98 ] [L0 ] [L1 ]
*** TRAIL_R numBytesInNALunit: 538376
POC  407 TId: 0 ( I-SLICE, QP 26 )    4307008 bits [Y 99.9900 dB    U 99.9900 dB    V 99.9900 dB] [ET 14.14 ] [L0 ] [L1 ]
*** TRAIL_R numBytesInNALunit: 538406
POC  408 TId: 0 ( I-SLICE, QP 26 )    4307248 bits [Y 99.9900 dB    U 99.9900 dB    V 99.9900 dB] [ET 14.00 ] [L0 ] [L1 ]
*** TRAIL_R numBytesInNALunit: 538235
POC  409 TId: 0 ( I-SLICE, QP 26 )    4305880 bits [Y 99.9900 dB    U 99.9900 dB    V 99.9900 dB] [ET 14.03 ] [L0 ] [L1 ]
*** TRAIL_R numBytesInNALunit: 538602
POC  410 TId: 0 ( I-SLICE, QP 26 )    4308816 bits [Y 99.9900 dB    U 99.9900 dB    V 99.9900 dB] [ET 14.19 ] [L0 ] [L1 ]
*** TRAIL_R numBytesInNALunit: 538766
POC  411 TId: 0 ( I-SLICE, QP 26 )    4310128 bits [Y 99.9900 dB    U 99.9900 dB    V 99.9900 dB] [ET 14.05 ] [L0 ] [L1 ]
*** TRAIL_R numBytesInNALunit: 537959
POC  412 TId: 0 ( I-SLICE, QP 26 )    4303672 bits [Y 99.9900 dB    U 99.9900 dB    V 99.9900 dB] [ET 14.06 ] [L0 ] [L1 ]
*** TRAIL_R numBytesInNALunit: 538916
POC  413 TId: 0 ( I-SLICE, QP 26 )    4311328 bits [Y 99.9900 dB    U 99.9900 dB    V 99.9900 dB] [ET 14.08 ] [L0 ] [L1 ]
*** TRAIL_R numBytesInNALunit: 539103
POC  414 TId: 0 ( I-SLICE, QP 26 )    4312824 bits [Y 99.9900 dB    U 99.9900 dB    V 99.9900 dB] [ET 14.03 ] [L0 ] [L1 ]
*** TRAIL_R numBytesInNALunit: 539652
POC  415 TId: 0 ( I-SLICE, QP 26 )    4317216 bits [Y 99.9900 dB    U 99.9900 dB    V 99.9900 dB] [ET 14.08 ] [L0 ] [L1 ]
*** TRAIL_R numBytesInNALunit: 538581
POC  416 TId: 0 ( I-SLICE, QP 26 )    4308648 bits [Y 99.9900 dB    U 99.9900 dB    V 99.9900 dB] [ET 13.98 ] [L0 ] [L1 ]
*** TRAIL_R numBytesInNALunit: 538598
POC  417 TId: 0 ( I-SLICE, QP 26 )    4308784 bits [Y 99.9900 dB    U 99.9900 dB    V 99.9900 dB] [ET 14.02 ] [L0 ] [L1 ]
*** TRAIL_R numBytesInNALunit: 539007
POC  418 TId: 0 ( I-SLICE, QP 26 )    4312056 bits [Y 99.9900 dB    U 99.9900 dB    V 99.9900 dB] [ET 13.97 ] [L0 ] [L1 ]
*** TRAIL_R numBytesInNALunit: 539340
POC  419 TId: 0 ( I-SLICE, QP 26 )    4314720 bits [Y 99.9900 dB    U 99.9900 dB    V 99.9900 dB] [ET 14.02 ] [L0 ] [L1 ]
*** TRAIL_R numBytesInNALunit: 539781
POC  420 TId: 0 ( I-SLICE, QP 26 )    4318248 bits [Y 99.9900 dB    U 99.9900 dB    V 99.9900 dB] [ET 14.02 ] [L0 ] [L1 ]
*** TRAIL_R numBytesInNALunit: 539985
POC  421 TId: 0 ( I-SLICE, QP 26 )    4319880 bits [Y 99.9900 dB    U 99.9900 dB    V 99.9900 dB] [ET 13.95 ] [L0 ] [L1 ]
*** TRAIL_R numBytesInNALunit: 540306
POC  422 TId: 0 ( I-SLICE, QP 26 )    4322448 bits [Y 99.9900 dB    U 99.9900 dB    V 99.9900 dB] [ET 13.95 ] [L0 ] [L1 ]
*** TRAIL_R numBytesInNALunit: 540182
POC  423 TId: 0 ( I-SLICE, QP 26 )    4321456 bits [Y 99.9900 dB    U 99.9900 dB    V 99.9900 dB] [ET 13.94 ] [L0 ] [L1 ]
*** TRAIL_R numBytesInNALunit: 540098
POC  424 TId: 0 ( I-SLICE, QP 26 )    4320784 bits [Y 99.9900 dB    U 99.9900 dB    V 99.9900 dB] [ET 13.92 ] [L0 ] [L1 ]
*** TRAIL_R numBytesInNALunit: 540688
POC  425 TId: 0 ( I-SLICE, QP 26 )    4325504 bits [Y 99.9900 dB    U 99.9900 dB    V 99.9900 dB] [ET 13.92 ] [L0 ] [L1 ]
*** TRAIL_R numBytesInNALunit: 541092
POC  426 TId: 0 ( I-SLICE, QP 26 )    4328736 bits [Y 99.9900 dB    U 99.9900 dB    V 99.9900 dB] [ET 13.91 ] [L0 ] [L1 ]
*** TRAIL_R numBytesInNALunit: 540914
POC  427 TId: 0 ( I-SLICE, QP 26 )    4327312 bits [Y 99.9900 dB    U 99.9900 dB    V 99.9900 dB] [ET 13.94 ] [L0 ] [L1 ]
*** TRAIL_R numBytesInNALunit: 540803
POC  428 TId: 0 ( I-SLICE, QP 26 )    4326424 bits [Y 99.9900 dB    U 99.9900 dB    V 99.9900 dB] [ET 14.00 ] [L0 ] [L1 ]
*** TRAIL_R numBytesInNALunit: 540450
POC  429 TId: 0 ( I-SLICE, QP 26 )    4323600 bits [Y 99.9900 dB    U 99.9900 dB    V 99.9900 dB] [ET 13.97 ] [L0 ] [L1 ]
*** TRAIL_R numBytesInNALunit: 540127
POC  430 TId: 0 ( I-SLICE, QP 26 )    4321016 bits [Y 99.9900 dB    U 99.9900 dB    V 99.9900 dB] [ET 13.98 ] [L0 ] [L1 ]
*** TRAIL_R numBytesInNALunit: 540920
POC  431 TId: 0 ( I-SLICE, QP 26 )    4327360 bits [Y 99.9900 dB    U 99.9900 dB    V 99.9900 dB] [ET 13.94 ] [L0 ] [L1 ]
*** TRAIL_R numBytesInNALunit: 541139
POC  432 TId: 0 ( I-SLICE, QP 26 )    4329112 bits [Y 99.9900 dB    U 99.9900 dB    V 99.9900 dB] [ET 13.75 ] [L0 ] [L1 ]
*** TRAIL_R numBytesInNALunit: 541728
POC  433 TId: 0 ( I-SLICE, QP 26 )    4333824 bits [Y 99.9900 dB    U 99.9900 dB    V 99.9900 dB] [ET 14.02 ] [L0 ] [L1 ]
*** TRAIL_R numBytesInNALunit: 541464
POC  434 TId: 0 ( I-SLICE, QP 26 )    4331712 bits [Y 99.9900 dB    U 99.9900 dB    V 99.9900 dB] [ET 14.05 ] [L0 ] [L1 ]
*** TRAIL_R numBytesInNALunit: 540899
POC  435 TId: 0 ( I-SLICE, QP 26 )    4327192 bits [Y 99.9900 dB    U 99.9900 dB    V 99.9900 dB] [ET 13.88 ] [L0 ] [L1 ]
*** TRAIL_R numBytesInNALunit: 541716
POC  436 TId: 0 ( I-SLICE, QP 26 )    4333728 bits [Y 99.9900 dB    U 99.9900 dB    V 99.9900 dB] [ET 13.89 ] [L0 ] [L1 ]
*** TRAIL_R numBytesInNALunit: 541092
POC  437 TId: 0 ( I-SLICE, QP 26 )    4328736 bits [Y 99.9900 dB    U 99.9900 dB    V 99.9900 dB] [ET 13.98 ] [L0 ] [L1 ]
*** TRAIL_R numBytesInNALunit: 541638
POC  438 TId: 0 ( I-SLICE, QP 26 )    4333104 bits [Y 99.9900 dB    U 99.9900 dB    V 99.9900 dB] [ET 14.08 ] [L0 ] [L1 ]
*** TRAIL_R numBytesInNALunit: 540901
POC  439 TId: 0 ( I-SLICE, QP 26 )    4327208 bits [Y 99.9900 dB    U 99.9900 dB    V 99.9900 dB] [ET 14.05 ] [L0 ] [L1 ]
*** TRAIL_R numBytesInNALunit: 541559
POC  440 TId: 0 ( I-SLICE, QP 26 )    4332472 bits [Y 99.9900 dB    U 99.9900 dB    V 99.9900 dB] [ET 13.84 ] [L0 ] [L1 ]
*** TRAIL_R numBytesInNALunit: 541130
POC  441 TId: 0 ( I-SLICE, QP 26 )    4329040 bits [Y 99.9900 dB    U 99.9900 dB    V 99.9900 dB] [ET 13.66 ] [L0 ] [L1 ]
*** TRAIL_R numBytesInNALunit: 540930
POC  442 TId: 0 ( I-SLICE, QP 26 )    4327440 bits [Y 99.9900 dB    U 99.9900 dB    V 99.9900 dB] [ET 13.14 ] [L0 ] [L1 ]
*** TRAIL_R numBytesInNALunit: 540965
POC  443 TId: 0 ( I-SLICE, QP 26 )    4327720 bits [Y 99.9900 dB    U 99.9900 dB    V 99.9900 dB] [ET 13.41 ] [L0 ] [L1 ]
*** TRAIL_R numBytesInNALunit: 541865
POC  444 TId: 0 ( I-SLICE, QP 26 )    4334920 bits [Y 99.9900 dB    U 99.9900 dB    V 99.9900 dB] [ET 13.36 ] [L0 ] [L1 ]
*** TRAIL_R numBytesInNALunit: 540227
POC  445 TId: 0 ( I-SLICE, QP 26 )    4321816 bits [Y 99.9900 dB    U 99.9900 dB    V 99.9900 dB] [ET 13.02 ] [L0 ] [L1 ]
*** TRAIL_R numBytesInNALunit: 540713
POC  446 TId: 0 ( I-SLICE, QP 26 )    4325704 bits [Y 99.9900 dB    U 99.9900 dB    V 99.9900 dB] [ET 13.31 ] [L0 ] [L1 ]
*** TRAIL_R numBytesInNALunit: 540615
POC  447 TId: 0 ( I-SLICE, QP 26 )    4324920 bits [Y 99.9900 dB    U 99.9900 dB    V 99.9900 dB] [ET 13.14 ] [L0 ] [L1 ]
*** TRAIL_R numBytesInNALunit: 540446
POC  448 TId: 0 ( I-SLICE, QP 26 )    4323568 bits [Y 99.9900 dB    U 99.9900 dB    V 99.9900 dB] [ET 13.06 ] [L0 ] [L1 ]
*** TRAIL_R numBytesInNALunit: 540056
POC  449 TId: 0 ( I-SLICE, QP 26 )    4320448 bits [Y 99.9900 dB    U 99.9900 dB    V 99.9900 dB] [ET 13.30 ] [L0 ] [L1 ]
*** TRAIL_R numBytesInNALunit: 541015
POC  450 TId: 0 ( I-SLICE, QP 26 )    4328120 bits [Y 99.9900 dB    U 99.9900 dB    V 99.9900 dB] [ET 13.00 ] [L0 ] [L1 ]
*** TRAIL_R numBytesInNALunit: 540502
POC  451 TId: 0 ( I-SLICE, QP 26 )    4324016 bits [Y 99.9900 dB    U 99.9900 dB    V 99.9900 dB] [ET 13.23 ] [L0 ] [L1 ]
*** TRAIL_R numBytesInNALunit: 540712
POC  452 TId: 0 ( I-SLICE, QP 26 )    4325696 bits [Y 99.9900 dB    U 99.9900 dB    V 99.9900 dB] [ET 13.28 ] [L0 ] [L1 ]
*** TRAIL_R numBytesInNALunit: 541523
POC  453 TId: 0 ( I-SLICE, QP 26 )    4332184 bits [Y 99.9900 dB    U 99.9900 dB    V 99.9900 dB] [ET 13.31 ] [L0 ] [L1 ]
*** TRAIL_R numBytesInNALunit: 540977
POC  454 TId: 0 ( I-SLICE, QP 26 )    4327816 bits [Y 99.9900 dB    U 99.9900 dB    V 99.9900 dB] [ET 13.09 ] [L0 ] [L1 ]
*** TRAIL_R numBytesInNALunit: 540971
POC  455 TId: 0 ( I-SLICE, QP 26 )    4327768 bits [Y 99.9900 dB    U 99.9900 dB    V 99.9900 dB] [ET 12.94 ] [L0 ] [L1 ]
*** TRAIL_R numBytesInNALunit: 541051
POC  456 TId: 0 ( I-SLICE, QP 26 )    4328408 bits [Y 99.9900 dB    U 99.9900 dB    V 99.9900 dB] [ET 13.45 ] [L0 ] [L1 ]
*** TRAIL_R numBytesInNALunit: 541162
POC  457 TId: 0 ( I-SLICE, QP 26 )    4329296 bits [Y 99.9900 dB    U 99.9900 dB    V 99.9900 dB] [ET 13.48 ] [L0 ] [L1 ]
*** TRAIL_R numBytesInNALunit: 542016
POC  458 TId: 0 ( I-SLICE, QP 26 )    4336128 bits [Y 99.9900 dB    U 99.9900 dB    V 99.9900 dB] [ET 13.45 ] [L0 ] [L1 ]
*** TRAIL_R numBytesInNALunit: 541336
POC  459 TId: 0 ( I-SLICE, QP 26 )    4330688 bits [Y 99.9900 dB    U 99.9900 dB    V 99.9900 dB] [ET 13.25 ] [L0 ] [L1 ]
*** TRAIL_R numBytesInNALunit: 542407
POC  460 TId: 0 ( I-SLICE, QP 26 )    4339256 bits [Y 99.9900 dB    U 99.9900 dB    V 99.9900 dB] [ET 13.30 ] [L0 ] [L1 ]
*** TRAIL_R numBytesInNALunit: 541646
POC  461 TId: 0 ( I-SLICE, QP 26 )    4333168 bits [Y 99.9900 dB    U 99.9900 dB    V 99.9900 dB] [ET 13.06 ] [L0 ] [L1 ]
*** TRAIL_R numBytesInNALunit: 542196
POC  462 TId: 0 ( I-SLICE, QP 26 )    4337568 bits [Y 99.9900 dB    U 99.9900 dB    V 99.9900 dB] [ET 13.14 ] [L0 ] [L1 ]
*** TRAIL_R numBytesInNALunit: 542480
POC  463 TId: 0 ( I-SLICE, QP 26 )    4339840 bits [Y 99.9900 dB    U 99.9900 dB    V 99.9900 dB] [ET 13.17 ] [L0 ] [L1 ]
*** TRAIL_R numBytesInNALunit: 542313
POC  464 TId: 0 ( I-SLICE, QP 26 )    4338504 bits [Y 99.9900 dB    U 99.9900 dB    V 99.9900 dB] [ET 13.41 ] [L0 ] [L1 ]
*** TRAIL_R numBytesInNALunit: 542332
POC  465 TId: 0 ( I-SLICE, QP 26 )    4338656 bits [Y 99.9900 dB    U 99.9900 dB    V 99.9900 dB] [ET 13.09 ] [L0 ] [L1 ]
*** TRAIL_R numBytesInNALunit: 542291
POC  466 TId: 0 ( I-SLICE, QP 26 )    4338328 bits [Y 99.9900 dB    U 99.9900 dB    V 99.9900 dB] [ET 13.31 ] [L0 ] [L1 ]
*** TRAIL_R numBytesInNALunit: 542216
POC  467 TId: 0 ( I-SLICE, QP 26 )    4337728 bits [Y 99.9900 dB    U 99.9900 dB    V 99.9900 dB] [ET 13.31 ] [L0 ] [L1 ]
*** TRAIL_R numBytesInNALunit: 542585
POC  468 TId: 0 ( I-SLICE, QP 26 )    4340680 bits [Y 99.9900 dB    U 99.9900 dB    V 99.9900 dB] [ET 13.09 ] [L0 ] [L1 ]
*** TRAIL_R numBytesInNALunit: 542498
POC  469 TId: 0 ( I-SLICE, QP 26 )    4339984 bits [Y 99.9900 dB    U 99.9900 dB    V 99.9900 dB] [ET 13.16 ] [L0 ] [L1 ]
*** TRAIL_R numBytesInNALunit: 542886
POC  470 TId: 0 ( I-SLICE, QP 26 )    4343088 bits [Y 99.9900 dB    U 99.9900 dB    V 99.9900 dB] [ET 13.28 ] [L0 ] [L1 ]
*** TRAIL_R numBytesInNALunit: 542813
POC  471 TId: 0 ( I-SLICE, QP 26 )    4342504 bits [Y 99.9900 dB    U 99.9900 dB    V 99.9900 dB] [ET 13.03 ] [L0 ] [L1 ]
*** TRAIL_R numBytesInNALunit: 543261
POC  472 TId: 0 ( I-SLICE, QP 26 )    4346088 bits [Y 99.9900 dB    U 99.9900 dB    V 99.9900 dB] [ET 13.16 ] [L0 ] [L1 ]
*** TRAIL_R numBytesInNALunit: 542679
POC  473 TId: 0 ( I-SLICE, QP 26 )    4341432 bits [Y 99.9900 dB    U 99.9900 dB    V 99.9900 dB] [ET 13.02 ] [L0 ] [L1 ]
*** TRAIL_R numBytesInNALunit: 543013
POC  474 TId: 0 ( I-SLICE, QP 26 )    4344104 bits [Y 99.9900 dB    U 99.9900 dB    V 99.9900 dB] [ET 13.28 ] [L0 ] [L1 ]
*** TRAIL_R numBytesInNALunit: 542457
POC  475 TId: 0 ( I-SLICE, QP 26 )    4339656 bits [Y 99.9900 dB    U 99.9900 dB    V 99.9900 dB] [ET 13.48 ] [L0 ] [L1 ]
*** TRAIL_R numBytesInNALunit: 543527
POC  476 TId: 0 ( I-SLICE, QP 26 )    4348216 bits [Y 99.9900 dB    U 99.9900 dB    V 99.9900 dB] [ET 13.28 ] [L0 ] [L1 ]
*** TRAIL_R numBytesInNALunit: 542821
POC  477 TId: 0 ( I-SLICE, QP 26 )    4342568 bits [Y 99.9900 dB    U 99.9900 dB    V 99.9900 dB] [ET 13.17 ] [L0 ] [L1 ]
*** TRAIL_R numBytesInNALunit: 543452
POC  478 TId: 0 ( I-SLICE, QP 26 )    4347616 bits [Y 99.9900 dB    U 99.9900 dB    V 99.9900 dB] [ET 13.19 ] [L0 ] [L1 ]
*** TRAIL_R numBytesInNALunit: 543052
POC  479 TId: 0 ( I-SLICE, QP 26 )    4344416 bits [Y 99.9900 dB    U 99.9900 dB    V 99.9900 dB] [ET 13.19 ] [L0 ] [L1 ]
*** TRAIL_R numBytesInNALunit: 543236
POC  480 TId: 0 ( I-SLICE, QP 26 )    4345888 bits [Y 99.9900 dB    U 99.9900 dB    V 99.9900 dB] [ET 13.22 ] [L0 ] [L1 ]
*** TRAIL_R numBytesInNALunit: 543376
POC  481 TId: 0 ( I-SLICE, QP 26 )    4347008 bits [Y 99.9900 dB    U 99.9900 dB    V 99.9900 dB] [ET 13.11 ] [L0 ] [L1 ]
*** TRAIL_R numBytesInNALunit: 542886
POC  482 TId: 0 ( I-SLICE, QP 26 )    4343088 bits [Y 99.9900 dB    U 99.9900 dB    V 99.9900 dB] [ET 13.03 ] [L0 ] [L1 ]
*** TRAIL_R numBytesInNALunit: 542250
POC  483 TId: 0 ( I-SLICE, QP 26 )    4338000 bits [Y 99.9900 dB    U 99.9900 dB    V 99.9900 dB] [ET 13.27 ] [L0 ] [L1 ]
*** TRAIL_R numBytesInNALunit: 542320
POC  484 TId: 0 ( I-SLICE, QP 26 )    4338560 bits [Y 99.9900 dB    U 99.9900 dB    V 99.9900 dB] [ET 13.33 ] [L0 ] [L1 ]
*** TRAIL_R numBytesInNALunit: 541894
POC  485 TId: 0 ( I-SLICE, QP 26 )    4335152 bits [Y 99.9900 dB    U 99.9900 dB    V 99.9900 dB] [ET 13.31 ] [L0 ] [L1 ]
*** TRAIL_R numBytesInNALunit: 541928
POC  486 TId: 0 ( I-SLICE, QP 26 )    4335424 bits [Y 99.9900 dB    U 99.9900 dB    V 99.9900 dB] [ET 13.17 ] [L0 ] [L1 ]
*** TRAIL_R numBytesInNALunit: 541834
POC  487 TId: 0 ( I-SLICE, QP 26 )    4334672 bits [Y 99.9900 dB    U 99.9900 dB    V 99.9900 dB] [ET 13.23 ] [L0 ] [L1 ]
*** TRAIL_R numBytesInNALunit: 541681
POC  488 TId: 0 ( I-SLICE, QP 26 )    4333448 bits [Y 99.9900 dB    U 99.9900 dB    V 99.9900 dB] [ET 13.39 ] [L0 ] [L1 ]
*** TRAIL_R numBytesInNALunit: 541355
POC  489 TId: 0 ( I-SLICE, QP 26 )    4330840 bits [Y 99.9900 dB    U 99.9900 dB    V 99.9900 dB] [ET 12.81 ] [L0 ] [L1 ]
*** TRAIL_R numBytesInNALunit: 541028
POC  490 TId: 0 ( I-SLICE, QP 26 )    4328224 bits [Y 99.9900 dB    U 99.9900 dB    V 99.9900 dB] [ET 12.67 ] [L0 ] [L1 ]
*** TRAIL_R numBytesInNALunit: 540805
POC  491 TId: 0 ( I-SLICE, QP 26 )    4326440 bits [Y 99.9900 dB    U 99.9900 dB    V 99.9900 dB] [ET 12.34 ] [L0 ] [L1 ]
*** TRAIL_R numBytesInNALunit: 541285
POC  492 TId: 0 ( I-SLICE, QP 26 )    4330280 bits [Y 99.9900 dB    U 99.9900 dB    V 99.9900 dB] [ET 12.52 ] [L0 ] [L1 ]
*** TRAIL_R numBytesInNALunit: 540935
POC  493 TId: 0 ( I-SLICE, QP 26 )    4327480 bits [Y 99.9900 dB    U 99.9900 dB    V 99.9900 dB] [ET 12.67 ] [L0 ] [L1 ]
*** TRAIL_R numBytesInNALunit: 541197
POC  494 TId: 0 ( I-SLICE, QP 26 )    4329576 bits [Y 99.9900 dB    U 99.9900 dB    V 99.9900 dB] [ET 12.53 ] [L0 ] [L1 ]
*** TRAIL_R numBytesInNALunit: 541347
POC  495 TId: 0 ( I-SLICE, QP 26 )    4330776 bits [Y 99.9900 dB    U 99.9900 dB    V 99.9900 dB] [ET 12.77 ] [L0 ] [L1 ]
*** TRAIL_R numBytesInNALunit: 541569
POC  496 TId: 0 ( I-SLICE, QP 26 )    4332552 bits [Y 99.9900 dB    U 99.9900 dB    V 99.9900 dB] [ET 12.58 ] [L0 ] [L1 ]
*** TRAIL_R numBytesInNALunit: 540990
POC  497 TId: 0 ( I-SLICE, QP 26 )    4327920 bits [Y 99.9900 dB    U 99.9900 dB    V 99.9900 dB] [ET 12.55 ] [L0 ] [L1 ]
*** TRAIL_R numBytesInNALunit: 541653
POC  498 TId: 0 ( I-SLICE, QP 26 )    4333224 bits [Y 99.9900 dB    U 99.9900 dB    V 99.9900 dB] [ET 12.70 ] [L0 ] [L1 ]
*** TRAIL_R numBytesInNALunit: 540752
POC  499 TId: 0 ( I-SLICE, QP 26 )    4326016 bits [Y 99.9900 dB    U 99.9900 dB    V 99.9900 dB] [ET 12.52 ] [L0 ] [L1 ]
*** TRAIL_R numBytesInNALunit: 541801
POC  500 TId: 0 ( I-SLICE, QP 26 )    4334408 bits [Y 99.9900 dB    U 99.9900 dB    V 99.9900 dB] [ET 12.73 ] [L0 ] [L1 ]
*** TRAIL_R numBytesInNALunit: 540802
POC  501 TId: 0 ( I-SLICE, QP 26 )    4326416 bits [Y 99.9900 dB    U 99.9900 dB    V 99.9900 dB] [ET 12.56 ] [L0 ] [L1 ]
*** TRAIL_R numBytesInNALunit: 541517
POC  502 TId: 0 ( I-SLICE, QP 26 )    4332136 bits [Y 99.9900 dB    U 99.9900 dB    V 99.9900 dB] [ET 12.34 ] [L0 ] [L1 ]
*** TRAIL_R numBytesInNALunit: 540560
POC  503 TId: 0 ( I-SLICE, QP 26 )    4324480 bits [Y 99.9900 dB    U 99.9900 dB    V 99.9900 dB] [ET 12.47 ] [L0 ] [L1 ]
*** TRAIL_R numBytesInNALunit: 540997
POC  504 TId: 0 ( I-SLICE, QP 26 )    4327976 bits [Y 99.9900 dB    U 99.9900 dB    V 99.9900 dB] [ET 12.47 ] [L0 ] [L1 ]
*** TRAIL_R numBytesInNALunit: 540850
POC  505 TId: 0 ( I-SLICE, QP 26 )    4326800 bits [Y 99.9900 dB    U 99.9900 dB    V 99.9900 dB] [ET 12.53 ] [L0 ] [L1 ]
*** TRAIL_R numBytesInNALunit: 540807
POC  506 TId: 0 ( I-SLICE, QP 26 )    4326456 bits [Y 99.9900 dB    U 99.9900 dB    V 99.9900 dB] [ET 12.42 ] [L0 ] [L1 ]
*** TRAIL_R numBytesInNALunit: 540586
POC  507 TId: 0 ( I-SLICE, QP 26 )    4324688 bits [Y 99.9900 dB    U 99.9900 dB    V 99.9900 dB] [ET 12.47 ] [L0 ] [L1 ]
*** TRAIL_R numBytesInNALunit: 540788
POC  508 TId: 0 ( I-SLICE, QP 26 )    4326304 bits [Y 99.9900 dB    U 99.9900 dB    V 99.9900 dB] [ET 12.59 ] [L0 ] [L1 ]
*** TRAIL_R numBytesInNALunit: 540615
POC  509 TId: 0 ( I-SLICE, QP 26 )    4324920 bits [Y 99.9900 dB    U 99.9900 dB    V 99.9900 dB] [ET 12.94 ] [L0 ] [L1 ]
*** TRAIL_R numBytesInNALunit: 540787
POC  510 TId: 0 ( I-SLICE, QP 26 )    4326296 bits [Y 99.9900 dB    U 99.9900 dB    V 99.9900 dB] [ET 12.84 ] [L0 ] [L1 ]
*** TRAIL_R numBytesInNALunit: 540891
POC  511 TId: 0 ( I-SLICE, QP 26 )    4327128 bits [Y 99.9900 dB    U 99.9900 dB    V 99.9900 dB] [ET 12.34 ] [L0 ] [L1 ]
*** TRAIL_R numBytesInNALunit: 541406
POC  512 TId: 0 ( I-SLICE, QP 26 )    4331248 bits [Y 99.9900 dB    U 99.9900 dB    V 99.9900 dB] [ET 12.83 ] [L0 ] [L1 ]
*** TRAIL_R numBytesInNALunit: 540758
POC  513 TId: 0 ( I-SLICE, QP 26 )    4326064 bits [Y 99.9900 dB    U 99.9900 dB    V 99.9900 dB] [ET 12.45 ] [L0 ] [L1 ]
*** TRAIL_R numBytesInNALunit: 541111
POC  514 TId: 0 ( I-SLICE, QP 26 )    4328888 bits [Y 99.9900 dB    U 99.9900 dB    V 99.9900 dB] [ET 12.33 ] [L0 ] [L1 ]
*** TRAIL_R numBytesInNALunit: 540673
POC  515 TId: 0 ( I-SLICE, QP 26 )    4325384 bits [Y 99.9900 dB    U 99.9900 dB    V 99.9900 dB] [ET 12.62 ] [L0 ] [L1 ]
*** TRAIL_R numBytesInNALunit: 540886
POC  516 TId: 0 ( I-SLICE, QP 26 )    4327088 bits [Y 99.9900 dB    U 99.9900 dB    V 99.9900 dB] [ET 12.58 ] [L0 ] [L1 ]
*** TRAIL_R numBytesInNALunit: 541076
POC  517 TId: 0 ( I-SLICE, QP 26 )    4328608 bits [Y 99.9900 dB    U 99.9900 dB    V 99.9900 dB] [ET 12.45 ] [L0 ] [L1 ]
*** TRAIL_R numBytesInNALunit: 540673
POC  518 TId: 0 ( I-SLICE, QP 26 )    4325384 bits [Y 99.9900 dB    U 99.9900 dB    V 99.9900 dB] [ET 12.41 ] [L0 ] [L1 ]
*** TRAIL_R numBytesInNALunit: 540296
POC  519 TId: 0 ( I-SLICE, QP 26 )    4322368 bits [Y 99.9900 dB    U 99.9900 dB    V 99.9900 dB] [ET 12.42 ] [L0 ] [L1 ]
*** TRAIL_R numBytesInNALunit: 541257
POC  520 TId: 0 ( I-SLICE, QP 26 )    4330056 bits [Y 99.9900 dB    U 99.9900 dB    V 99.9900 dB] [ET 12.66 ] [L0 ] [L1 ]
*** TRAIL_R numBytesInNALunit: 540369
POC  521 TId: 0 ( I-SLICE, QP 26 )    4322952 bits [Y 99.9900 dB    U 99.9900 dB    V 99.9900 dB] [ET 12.52 ] [L0 ] [L1 ]
*** TRAIL_R numBytesInNALunit: 540424
POC  522 TId: 0 ( I-SLICE, QP 26 )    4323392 bits [Y 99.9900 dB    U 99.9900 dB    V 99.9900 dB] [ET 12.61 ] [L0 ] [L1 ]
*** TRAIL_R numBytesInNALunit: 540952
POC  523 TId: 0 ( I-SLICE, QP 26 )    4327616 bits [Y 99.9900 dB    U 99.9900 dB    V 99.9900 dB] [ET 12.38 ] [L0 ] [L1 ]
*** TRAIL_R numBytesInNALunit: 541133
POC  524 TId: 0 ( I-SLICE, QP 26 )    4329064 bits [Y 99.9900 dB    U 99.9900 dB    V 99.9900 dB] [ET 12.36 ] [L0 ] [L1 ]
*** TRAIL_R numBytesInNALunit: 540760
POC  525 TId: 0 ( I-SLICE, QP 26 )    4326080 bits [Y 99.9900 dB    U 99.9900 dB    V 99.9900 dB] [ET 12.30 ] [L0 ] [L1 ]
*** TRAIL_R numBytesInNALunit: 541191
POC  526 TId: 0 ( I-SLICE, QP 26 )    4329528 bits [Y 99.9900 dB    U 99.9900 dB    V 99.9900 dB] [ET 12.52 ] [L0 ] [L1 ]
*** TRAIL_R numBytesInNALunit: 540597
POC  527 TId: 0 ( I-SLICE, QP 26 )    4324776 bits [Y 99.9900 dB    U 99.9900 dB    V 99.9900 dB] [ET 12.53 ] [L0 ] [L1 ]
*** TRAIL_R numBytesInNALunit: 540813
POC  528 TId: 0 ( I-SLICE, QP 26 )    4326504 bits [Y 99.9900 dB    U 99.9900 dB    V 99.9900 dB] [ET 12.77 ] [L0 ] [L1 ]
*** TRAIL_R numBytesInNALunit: 541358
POC  529 TId: 0 ( I-SLICE, QP 26 )    4330864 bits [Y 99.9900 dB    U 99.9900 dB    V 99.9900 dB] [ET 12.67 ] [L0 ] [L1 ]
*** TRAIL_R numBytesInNALunit: 541188
POC  530 TId: 0 ( I-SLICE, QP 26 )    4329504 bits [Y 99.9900 dB    U 99.9900 dB    V 99.9900 dB] [ET 12.39 ] [L0 ] [L1 ]
*** TRAIL_R numBytesInNALunit: 541822
POC  531 TId: 0 ( I-SLICE, QP 26 )    4334576 bits [Y 99.9900 dB    U 99.9900 dB    V 99.9900 dB] [ET 12.23 ] [L0 ] [L1 ]
*** TRAIL_R numBytesInNALunit: 541600
POC  532 TId: 0 ( I-SLICE, QP 26 )    4332800 bits [Y 99.9900 dB    U 99.9900 dB    V 99.9900 dB] [ET 12.52 ] [L0 ] [L1 ]
*** TRAIL_R numBytesInNALunit: 541979
POC  533 TId: 0 ( I-SLICE, QP 26 )    4335832 bits [Y 99.9900 dB    U 99.9900 dB    V 99.9900 dB] [ET 12.52 ] [L0 ] [L1 ]
*** TRAIL_R numBytesInNALunit: 541903
POC  534 TId: 0 ( I-SLICE, QP 26 )    4335224 bits [Y 99.9900 dB    U 99.9900 dB    V 99.9900 dB] [ET 12.52 ] [L0 ] [L1 ]
*** TRAIL_R numBytesInNALunit: 541900
POC  535 TId: 0 ( I-SLICE, QP 26 )    4335200 bits [Y 99.9900 dB    U 99.9900 dB    V 99.9900 dB] [ET 12.47 ] [L0 ] [L1 ]
*** TRAIL_R numBytesInNALunit: 542160
POC  536 TId: 0 ( I-SLICE, QP 26 )    4337280 bits [Y 99.9900 dB    U 99.9900 dB    V 99.9900 dB] [ET 12.22 ] [L0 ] [L1 ]
*** TRAIL_R numBytesInNALunit: 541564
POC  537 TId: 0 ( I-SLICE, QP 26 )    4332512 bits [Y 99.9900 dB    U 99.9900 dB    V 99.9900 dB] [ET 12.48 ] [L0 ] [L1 ]
*** TRAIL_R numBytesInNALunit: 541735
POC  538 TId: 0 ( I-SLICE, QP 26 )    4333880 bits [Y 99.9900 dB    U 99.9900 dB    V 99.9900 dB] [ET 12.48 ] [L0 ] [L1 ]
*** TRAIL_R numBytesInNALunit: 542281
POC  539 TId: 0 ( I-SLICE, QP 26 )    4338248 bits [Y 99.9900 dB    U 99.9900 dB    V 99.9900 dB] [ET 12.59 ] [L0 ] [L1 ]
*** TRAIL_R numBytesInNALunit: 542079
POC  540 TId: 0 ( I-SLICE, QP 26 )    4336632 bits [Y 99.9900 dB    U 99.9900 dB    V 99.9900 dB] [ET 12.75 ] [L0 ] [L1 ]
*** TRAIL_R numBytesInNALunit: 542032
POC  541 TId: 0 ( I-SLICE, QP 26 )    4336256 bits [Y 99.9900 dB    U 99.9900 dB    V 99.9900 dB] [ET 12.61 ] [L0 ] [L1 ]
*** TRAIL_R numBytesInNALunit: 542680
POC  542 TId: 0 ( I-SLICE, QP 26 )    4341440 bits [Y 99.9900 dB    U 99.9900 dB    V 99.9900 dB] [ET 12.12 ] [L0 ] [L1 ]
*** TRAIL_R numBytesInNALunit: 541454
POC  543 TId: 0 ( I-SLICE, QP 26 )    4331632 bits [Y 99.9900 dB    U 99.9900 dB    V 99.9900 dB] [ET 12.23 ] [L0 ] [L1 ]
*** TRAIL_R numBytesInNALunit: 542045
POC  544 TId: 0 ( I-SLICE, QP 26 )    4336360 bits [Y 99.9900 dB    U 99.9900 dB    V 99.9900 dB] [ET 12.30 ] [L0 ] [L1 ]
*** TRAIL_R numBytesInNALunit: 541622
POC  545 TId: 0 ( I-SLICE, QP 26 )    4332976 bits [Y 99.9900 dB    U 99.9900 dB    V 99.9900 dB] [ET 12.50 ] [L0 ] [L1 ]
*** TRAIL_R numBytesInNALunit: 541464
POC  546 TId: 0 ( I-SLICE, QP 26 )    4331712 bits [Y 99.9900 dB    U 99.9900 dB    V 99.9900 dB] [ET 12.17 ] [L0 ] [L1 ]
*** TRAIL_R numBytesInNALunit: 541727
POC  547 TId: 0 ( I-SLICE, QP 26 )    4333816 bits [Y 99.9900 dB    U 99.9900 dB    V 99.9900 dB] [ET 12.34 ] [L0 ] [L1 ]
*** TRAIL_R numBytesInNALunit: 542140
POC  548 TId: 0 ( I-SLICE, QP 26 )    4337120 bits [Y 99.9900 dB    U 99.9900 dB    V 99.9900 dB] [ET 12.38 ] [L0 ] [L1 ]
*** TRAIL_R numBytesInNALunit: 541853
POC  549 TId: 0 ( I-SLICE, QP 26 )    4334824 bits [Y 99.9900 dB    U 99.9900 dB    V 99.9900 dB] [ET 12.73 ] [L0 ] [L1 ]
*** TRAIL_R numBytesInNALunit: 541885
POC  550 TId: 0 ( I-SLICE, QP 26 )    4335080 bits [Y 99.9900 dB    U 99.9900 dB    V 99.9900 dB] [ET 12.08 ] [L0 ] [L1 ]
*** TRAIL_R numBytesInNALunit: 542034
POC  551 TId: 0 ( I-SLICE, QP 26 )    4336272 bits [Y 99.9900 dB    U 99.9900 dB    V 99.9900 dB] [ET 12.05 ] [L0 ] [L1 ]
*** TRAIL_R numBytesInNALunit: 541947
POC  552 TId: 0 ( I-SLICE, QP 26 )    4335576 bits [Y 99.9900 dB    U 99.9900 dB    V 99.9900 dB] [ET 12.19 ] [L0 ] [L1 ]
*** TRAIL_R numBytesInNALunit: 541840
POC  553 TId: 0 ( I-SLICE, QP 26 )    4334720 bits [Y 99.9900 dB    U 99.9900 dB    V 99.9900 dB] [ET 11.78 ] [L0 ] [L1 ]
*** TRAIL_R numBytesInNALunit: 541953
POC  554 TId: 0 ( I-SLICE, QP 26 )    4335624 bits [Y 99.9900 dB    U 99.9900 dB    V 99.9900 dB] [ET 11.42 ] [L0 ] [L1 ]
*** TRAIL_R numBytesInNALunit: 541911
POC  555 TId: 0 ( I-SLICE, QP 26 )    4335288 bits [Y 99.9900 dB    U 99.9900 dB    V 99.9900 dB] [ET 11.77 ] [L0 ] [L1 ]
*** TRAIL_R numBytesInNALunit: 542199
POC  556 TId: 0 ( I-SLICE, QP 26 )    4337592 bits [Y 99.9900 dB    U 99.9900 dB    V 99.9900 dB] [ET 11.53 ] [L0 ] [L1 ]
*** TRAIL_R numBytesInNALunit: 542183
POC  557 TId: 0 ( I-SLICE, QP 26 )    4337464 bits [Y 99.9900 dB    U 99.9900 dB    V 99.9900 dB] [ET 12.02 ] [L0 ] [L1 ]
*** TRAIL_R numBytesInNALunit: 542684
POC  558 TId: 0 ( I-SLICE, QP 26 )    4341472 bits [Y 99.9900 dB    U 99.9900 dB    V 99.9900 dB] [ET 12.06 ] [L0 ] [L1 ]
*** TRAIL_R numBytesInNALunit: 542363
POC  559 TId: 0 ( I-SLICE, QP 26 )    4338904 bits [Y 99.9900 dB    U 99.9900 dB    V 99.9900 dB] [ET 12.09 ] [L0 ] [L1 ]
*** TRAIL_R numBytesInNALunit: 542571
POC  560 TId: 0 ( I-SLICE, QP 26 )    4340568 bits [Y 99.9900 dB    U 99.9900 dB    V 99.9900 dB] [ET 11.52 ] [L0 ] [L1 ]
*** TRAIL_R numBytesInNALunit: 542846
POC  561 TId: 0 ( I-SLICE, QP 26 )    4342768 bits [Y 99.9900 dB    U 99.9900 dB    V 99.9900 dB] [ET 12.00 ] [L0 ] [L1 ]
*** TRAIL_R numBytesInNALunit: 542622
POC  562 TId: 0 ( I-SLICE, QP 26 )    4340976 bits [Y 99.9900 dB    U 99.9900 dB    V 99.9900 dB] [ET 11.80 ] [L0 ] [L1 ]
*** TRAIL_R numBytesInNALunit: 543243
POC  563 TId: 0 ( I-SLICE, QP 26 )    4345944 bits [Y 99.9900 dB    U 99.9900 dB    V 99.9900 dB] [ET 12.12 ] [L0 ] [L1 ]
*** TRAIL_R numBytesInNALunit: 543031
POC  564 TId: 0 ( I-SLICE, QP 26 )    4344248 bits [Y 99.9900 dB    U 99.9900 dB    V 99.9900 dB] [ET 11.30 ] [L0 ] [L1 ]
*** TRAIL_R numBytesInNALunit: 542521
POC  565 TId: 0 ( I-SLICE, QP 26 )    4340168 bits [Y 99.9900 dB    U 99.9900 dB    V 99.9900 dB] [ET 11.02 ] [L0 ] [L1 ]
*** TRAIL_R numBytesInNALunit: 542520
POC  566 TId: 0 ( I-SLICE, QP 26 )    4340160 bits [Y 99.9900 dB    U 99.9900 dB    V 99.9900 dB] [ET 11.12 ] [L0 ] [L1 ]
*** TRAIL_R numBytesInNALunit: 542813
POC  567 TId: 0 ( I-SLICE, QP 26 )    4342504 bits [Y 99.9900 dB    U 99.9900 dB    V 99.9900 dB] [ET 11.12 ] [L0 ] [L1 ]
*** TRAIL_R numBytesInNALunit: 542476
POC  568 TId: 0 ( I-SLICE, QP 26 )    4339808 bits [Y 99.9900 dB    U 99.9900 dB    V 99.9900 dB] [ET 10.70 ] [L0 ] [L1 ]
*** TRAIL_R numBytesInNALunit: 542733
POC  569 TId: 0 ( I-SLICE, QP 26 )    4341864 bits [Y 99.9900 dB    U 99.9900 dB    V 99.9900 dB] [ET 10.44 ] [L0 ] [L1 ]
*** TRAIL_R numBytesInNALunit: 542540
POC  570 TId: 0 ( I-SLICE, QP 26 )    4340320 bits [Y 99.9900 dB    U 99.9900 dB    V 99.9900 dB] [ET 10.83 ] [L0 ] [L1 ]
*** TRAIL_R numBytesInNALunit: 542152
POC  571 TId: 0 ( I-SLICE, QP 26 )    4337216 bits [Y 99.9900 dB    U 99.9900 dB    V 99.9900 dB] [ET 10.56 ] [L0 ] [L1 ]
*** TRAIL_R numBytesInNALunit: 542524
POC  572 TId: 0 ( I-SLICE, QP 26 )    4340192 bits [Y 99.9900 dB    U 99.9900 dB    V 99.9900 dB] [ET 10.69 ] [L0 ] [L1 ]
*** TRAIL_R numBytesInNALunit: 541882
POC  573 TId: 0 ( I-SLICE, QP 26 )    4335056 bits [Y 99.9900 dB    U 99.9900 dB    V 99.9900 dB] [ET 10.70 ] [L0 ] [L1 ]
*** TRAIL_R numBytesInNALunit: 542556
POC  574 TId: 0 ( I-SLICE, QP 26 )    4340448 bits [Y 99.9900 dB    U 99.9900 dB    V 99.9900 dB] [ET 10.98 ] [L0 ] [L1 ]
*** TRAIL_R numBytesInNALunit: 541521
POC  575 TId: 0 ( I-SLICE, QP 26 )    4332168 bits [Y 99.9900 dB    U 99.9900 dB    V 99.9900 dB] [ET 10.83 ] [L0 ] [L1 ]
*** TRAIL_R numBytesInNALunit: 542531
POC  576 TId: 0 ( I-SLICE, QP 26 )    4340248 bits [Y 99.9900 dB    U 99.9900 dB    V 99.9900 dB] [ET 12.09 ] [L0 ] [L1 ]
*** TRAIL_R numBytesInNALunit: 542336
POC  577 TId: 0 ( I-SLICE, QP 26 )    4338688 bits [Y 99.9900 dB    U 99.9900 dB    V 99.9900 dB] [ET 12.83 ] [L0 ] [L1 ]
*** TRAIL_R numBytesInNALunit: 542512
POC  578 TId: 0 ( I-SLICE, QP 26 )    4340096 bits [Y 99.9900 dB    U 99.9900 dB    V 99.9900 dB] [ET 13.31 ] [L0 ] [L1 ]
*** TRAIL_R numBytesInNALunit: 542445
POC  579 TId: 0 ( I-SLICE, QP 26 )    4339560 bits [Y 99.9900 dB    U 99.9900 dB    V 99.9900 dB] [ET 13.19 ] [L0 ] [L1 ]
*** TRAIL_R numBytesInNALunit: 542693
POC  580 TId: 0 ( I-SLICE, QP 26 )    4341544 bits [Y 99.9900 dB    U 99.9900 dB    V 99.9900 dB] [ET 13.23 ] [L0 ] [L1 ]
*** TRAIL_R numBytesInNALunit: 542069
POC  581 TId: 0 ( I-SLICE, QP 26 )    4336552 bits [Y 99.9900 dB    U 99.9900 dB    V 99.9900 dB] [ET 13.47 ] [L0 ] [L1 ]
*** TRAIL_R numBytesInNALunit: 541900
POC  582 TId: 0 ( I-SLICE, QP 26 )    4335200 bits [Y 99.9900 dB    U 99.9900 dB    V 99.9900 dB] [ET 13.17 ] [L0 ] [L1 ]
*** TRAIL_R numBytesInNALunit: 541471
POC  583 TId: 0 ( I-SLICE, QP 26 )    4331768 bits [Y 99.9900 dB    U 99.9900 dB    V 99.9900 dB] [ET 13.31 ] [L0 ] [L1 ]
*** TRAIL_R numBytesInNALunit: 541533
POC  584 TId: 0 ( I-SLICE, QP 26 )    4332264 bits [Y 99.9900 dB    U 99.9900 dB    V 99.9900 dB] [ET 13.03 ] [L0 ] [L1 ]
*** TRAIL_R numBytesInNALunit: 541309
POC  585 TId: 0 ( I-SLICE, QP 26 )    4330472 bits [Y 99.9900 dB    U 99.9900 dB    V 99.9900 dB] [ET 13.31 ] [L0 ] [L1 ]
*** TRAIL_R numBytesInNALunit: 541186
POC  586 TId: 0 ( I-SLICE, QP 26 )    4329488 bits [Y 99.9900 dB    U 99.9900 dB    V 99.9900 dB] [ET 13.47 ] [L0 ] [L1 ]
*** TRAIL_R numBytesInNALunit: 540669
POC  587 TId: 0 ( I-SLICE, QP 26 )    4325352 bits [Y 99.9900 dB    U 99.9900 dB    V 99.9900 dB] [ET 13.45 ] [L0 ] [L1 ]
*** TRAIL_R numBytesInNALunit: 540641
POC  588 TId: 0 ( I-SLICE, QP 26 )    4325128 bits [Y 99.9900 dB    U 99.9900 dB    V 99.9900 dB] [ET 13.22 ] [L0 ] [L1 ]
*** TRAIL_R numBytesInNALunit: 540453
POC  589 TId: 0 ( I-SLICE, QP 26 )    4323624 bits [Y 99.9900 dB    U 99.9900 dB    V 99.9900 dB] [ET 13.31 ] [L0 ] [L1 ]
*** TRAIL_R numBytesInNALunit: 540979
POC  590 TId: 0 ( I-SLICE, QP 26 )    4327832 bits [Y 99.9900 dB    U 99.9900 dB    V 99.9900 dB] [ET 13.17 ] [L0 ] [L1 ]
*** TRAIL_R numBytesInNALunit: 540585
POC  591 TId: 0 ( I-SLICE, QP 26 )    4324680 bits [Y 99.9900 dB    U 99.9900 dB    V 99.9900 dB] [ET 13.30 ] [L0 ] [L1 ]
*** TRAIL_R numBytesInNALunit: 540749
POC  592 TId: 0 ( I-SLICE, QP 26 )    4325992 bits [Y 99.9900 dB    U 99.9900 dB    V 99.9900 dB] [ET 13.06 ] [L0 ] [L1 ]
*** TRAIL_R numBytesInNALunit: 540940
POC  593 TId: 0 ( I-SLICE, QP 26 )    4327520 bits [Y 99.9900 dB    U 99.9900 dB    V 99.9900 dB] [ET 13.17 ] [L0 ] [L1 ]
*** TRAIL_R numBytesInNALunit: 540340
POC  594 TId: 0 ( I-SLICE, QP 26 )    4322720 bits [Y 99.9900 dB    U 99.9900 dB    V 99.9900 dB] [ET 13.30 ] [L0 ] [L1 ]
*** TRAIL_R numBytesInNALunit: 541019
POC  595 TId: 0 ( I-SLICE, QP 26 )    4328152 bits [Y 99.9900 dB    U 99.9900 dB    V 99.9900 dB] [ET 13.19 ] [L0 ] [L1 ]
*** TRAIL_R numBytesInNALunit: 540794
POC  596 TId: 0 ( I-SLICE, QP 26 )    4326352 bits [Y 99.9900 dB    U 99.9900 dB    V 99.9900 dB] [ET 13.20 ] [L0 ] [L1 ]
*** TRAIL_R numBytesInNALunit: 541444
POC  597 TId: 0 ( I-SLICE, QP 26 )    4331552 bits [Y 99.9900 dB    U 99.9900 dB    V 99.9900 dB] [ET 13.08 ] [L0 ] [L1 ]
*** TRAIL_R numBytesInNALunit: 541572
POC  598 TId: 0 ( I-SLICE, QP 26 )    4332576 bits [Y 99.9900 dB    U 99.9900 dB    V 99.9900 dB] [ET 13.45 ] [L0 ] [L1 ]
*** TRAIL_R numBytesInNALunit: 540843
POC  599 TId: 0 ( I-SLICE, QP 26 )    4326744 bits [Y 99.9900 dB    U 99.9900 dB    V 99.9900 dB] [ET 13.34 ] [L0 ] [L1 ]


I Slices--------------------------------------------------------
	Total Frames |  Bitrate    Y-PSNR    U-PSNR    V-PSNR 
	      600    i 259017.6400   99.9900   99.9900   99.9900
Bytes written to file: 323774461 (259019.569 kbps)
Bytes for SPS/PPS/Slice (Incl. Annex B): 323774461 (259019.569 kbps)

 Total Time:     7846.219 sec.
