
HM software: Encoder Version [15.0][Linux][GCC 4.8.5][64 bit] 

Input          File          : ../../HEVC_test_sequence/ClassE/KristenAndSara_1280x720_60.yuv
Bitstream      File          : KristenAndSara.bin
Reconstruction File          : KristenAndSara.yuv
Real     Format              : 1280x720 60Hz
Internal Format              : 1280x720 60Hz
Frame/Field                  : Frame based coding
Frame index                  : 0 - 599 (600 frames)
CU size / depth              : 32 / 3
RQT trans. size (min / max)  : 4 / 32
Max RQT depth inter          : 3
Max RQT depth intra          : 1
Min PCM size                 : 8
Motion search range          : 64
Intra period                 : 1
Decoding refresh type        : 0
QP                           : 26.00
Max dQP signaling depth      : 0
Cb QP Offset                 : 0
Cr QP Offset                 : 0
QP adaptation                : 0 (range=0)
GOP size                     : 1
Internal bit depth           : (Y:8, C:8)
PCM sample bit depth         : (Y:8, C:8)
RateControl                  : 0
Max Num Merge Candidates     : 5

TOOL CFG: IBD:0 HAD:0 RDQ:0 RDQTS:0 RDpenalty:0 SQP:0 ASR:0 FEN:0 ECU:0 FDM:0 CFM:0 ESD:0 RQT:1 TransformSkip:0 TransformSkipFast:0 Slice: M=0 SliceSegment: M=0 CIP:0 SAO:0 PCM:0 TransQuantBypassEnabled: =1 WPP:0 WPB:0 PME:2  WaveFrontSynchro:0 WaveFrontSubstreams:1 ScalingList:0 TMVPMode:1  SignBitHidingFlag:1 RecalQP:0

***    VPS numBytesInNALunit: 24
***    SPS numBytesInNALunit: 31
***    PPS numBytesInNALunit: 7
*** IDR_W_RADL numBytesInNALunit: 490046
POC    0 TId: 0 ( I-SLICE, QP 26 )    3920864 bits [Y 99.9900 dB    U 99.9900 dB    V 99.9900 dB] [ET 13.11 ] [L0 ] [L1 ]
*** TRAIL_R numBytesInNALunit: 490136
POC    1 TId: 0 ( I-SLICE, QP 26 )    3921088 bits [Y 99.9900 dB    U 99.9900 dB    V 99.9900 dB] [ET 13.09 ] [L0 ] [L1 ]
*** TRAIL_R numBytesInNALunit: 489711
POC    2 TId: 0 ( I-SLICE, QP 26 )    3917688 bits [Y 99.9900 dB    U 99.9900 dB    V 99.9900 dB] [ET 13.25 ] [L0 ] [L1 ]
*** TRAIL_R numBytesInNALunit: 489756
POC    3 TId: 0 ( I-SLICE, QP 26 )    3918048 bits [Y 99.9900 dB    U 99.9900 dB    V 99.9900 dB] [ET 13.03 ] [L0 ] [L1 ]
*** TRAIL_R numBytesInNALunit: 489511
POC    4 TId: 0 ( I-SLICE, QP 26 )    3916088 bits [Y 99.9900 dB    U 99.9900 dB    V 99.9900 dB] [ET 13.38 ] [L0 ] [L1 ]
*** TRAIL_R numBytesInNALunit: 489528
POC    5 TId: 0 ( I-SLICE, QP 26 )    3916224 bits [Y 99.9900 dB    U 99.9900 dB    V 99.9900 dB] [ET 13.28 ] [L0 ] [L1 ]
*** TRAIL_R numBytesInNALunit: 489387
POC    6 TId: 0 ( I-SLICE, QP 26 )    3915096 bits [Y 99.9900 dB    U 99.9900 dB    V 99.9900 dB] [ET 13.38 ] [L0 ] [L1 ]
*** TRAIL_R numBytesInNALunit: 489868
POC    7 TId: 0 ( I-SLICE, QP 26 )    3918944 bits [Y 99.9900 dB    U 99.9900 dB    V 99.9900 dB] [ET 13.11 ] [L0 ] [L1 ]
*** TRAIL_R numBytesInNALunit: 489504
POC    8 TId: 0 ( I-SLICE, QP 26 )    3916032 bits [Y 99.9900 dB    U 99.9900 dB    V 99.9900 dB] [ET 12.84 ] [L0 ] [L1 ]
*** TRAIL_R numBytesInNALunit: 489707
POC    9 TId: 0 ( I-SLICE, QP 26 )    3917656 bits [Y 99.9900 dB    U 99.9900 dB    V 99.9900 dB] [ET 12.95 ] [L0 ] [L1 ]
*** TRAIL_R numBytesInNALunit: 488885
POC   10 TId: 0 ( I-SLICE, QP 26 )    3911080 bits [Y 99.9900 dB    U 99.9900 dB    V 99.9900 dB] [ET 13.06 ] [L0 ] [L1 ]
*** TRAIL_R numBytesInNALunit: 488857
POC   11 TId: 0 ( I-SLICE, QP 26 )    3910856 bits [Y 99.9900 dB    U 99.9900 dB    V 99.9900 dB] [ET 13.00 ] [L0 ] [L1 ]
*** TRAIL_R numBytesInNALunit: 488314
POC   12 TId: 0 ( I-SLICE, QP 26 )    3906512 bits [Y 99.9900 dB    U 99.9900 dB    V 99.9900 dB] [ET 13.06 ] [L0 ] [L1 ]
*** TRAIL_R numBytesInNALunit: 489501
POC   13 TId: 0 ( I-SLICE, QP 26 )    3916008 bits [Y 99.9900 dB    U 99.9900 dB    V 99.9900 dB] [ET 12.94 ] [L0 ] [L1 ]
*** TRAIL_R numBytesInNALunit: 489154
POC   14 TId: 0 ( I-SLICE, QP 26 )    3913232 bits [Y 99.9900 dB    U 99.9900 dB    V 99.9900 dB] [ET 13.05 ] [L0 ] [L1 ]
*** TRAIL_R numBytesInNALunit: 489611
POC   15 TId: 0 ( I-SLICE, QP 26 )    3916888 bits [Y 99.9900 dB    U 99.9900 dB    V 99.9900 dB] [ET 13.19 ] [L0 ] [L1 ]
*** TRAIL_R numBytesInNALunit: 489125
POC   16 TId: 0 ( I-SLICE, QP 26 )    3913000 bits [Y 99.9900 dB    U 99.9900 dB    V 99.9900 dB] [ET 13.25 ] [L0 ] [L1 ]
*** TRAIL_R numBytesInNALunit: 490081
POC   17 TId: 0 ( I-SLICE, QP 26 )    3920648 bits [Y 99.9900 dB    U 99.9900 dB    V 99.9900 dB] [ET 13.14 ] [L0 ] [L1 ]
*** TRAIL_R numBytesInNALunit: 489349
POC   18 TId: 0 ( I-SLICE, QP 26 )    3914792 bits [Y 99.9900 dB    U 99.9900 dB    V 99.9900 dB] [ET 13.03 ] [L0 ] [L1 ]
*** TRAIL_R numBytesInNALunit: 489868
POC   19 TId: 0 ( I-SLICE, QP 26 )    3918944 bits [Y 99.9900 dB    U 99.9900 dB    V 99.9900 dB] [ET 13.02 ] [L0 ] [L1 ]
*** TRAIL_R numBytesInNALunit: 489920
POC   20 TId: 0 ( I-SLICE, QP 26 )    3919360 bits [Y 99.9900 dB    U 99.9900 dB    V 99.9900 dB] [ET 13.45 ] [L0 ] [L1 ]
*** TRAIL_R numBytesInNALunit: 489999
POC   21 TId: 0 ( I-SLICE, QP 26 )    3919992 bits [Y 99.9900 dB    U 99.9900 dB    V 99.9900 dB] [ET 13.12 ] [L0 ] [L1 ]
*** TRAIL_R numBytesInNALunit: 490046
POC   22 TId: 0 ( I-SLICE, QP 26 )    3920368 bits [Y 99.9900 dB    U 99.9900 dB    V 99.9900 dB] [ET 13.02 ] [L0 ] [L1 ]
*** TRAIL_R numBytesInNALunit: 491107
POC   23 TId: 0 ( I-SLICE, QP 26 )    3928856 bits [Y 99.9900 dB    U 99.9900 dB    V 99.9900 dB] [ET 13.05 ] [L0 ] [L1 ]
*** TRAIL_R numBytesInNALunit: 491390
POC   24 TId: 0 ( I-SLICE, QP 26 )    3931120 bits [Y 99.9900 dB    U 99.9900 dB    V 99.9900 dB] [ET 12.19 ] [L0 ] [L1 ]
*** TRAIL_R numBytesInNALunit: 491629
POC   25 TId: 0 ( I-SLICE, QP 26 )    3933032 bits [Y 99.9900 dB    U 99.9900 dB    V 99.9900 dB] [ET 12.39 ] [L0 ] [L1 ]
*** TRAIL_R numBytesInNALunit: 492280
POC   26 TId: 0 ( I-SLICE, QP 26 )    3938240 bits [Y 99.9900 dB    U 99.9900 dB    V 99.9900 dB] [ET 12.78 ] [L0 ] [L1 ]
*** TRAIL_R numBytesInNALunit: 492349
POC   27 TId: 0 ( I-SLICE, QP 26 )    3938792 bits [Y 99.9900 dB    U 99.9900 dB    V 99.9900 dB] [ET 12.33 ] [L0 ] [L1 ]
*** TRAIL_R numBytesInNALunit: 492260
POC   28 TId: 0 ( I-SLICE, QP 26 )    3938080 bits [Y 99.9900 dB    U 99.9900 dB    V 99.9900 dB] [ET 12.28 ] [L0 ] [L1 ]
*** TRAIL_R numBytesInNALunit: 492157
POC   29 TId: 0 ( I-SLICE, QP 26 )    3937256 bits [Y 99.9900 dB    U 99.9900 dB    V 99.9900 dB] [ET 12.36 ] [L0 ] [L1 ]
*** TRAIL_R numBytesInNALunit: 492872
POC   30 TId: 0 ( I-SLICE, QP 26 )    3942976 bits [Y 99.9900 dB    U 99.9900 dB    V 99.9900 dB] [ET 12.30 ] [L0 ] [L1 ]
*** TRAIL_R numBytesInNALunit: 492237
POC   31 TId: 0 ( I-SLICE, QP 26 )    3937896 bits [Y 99.9900 dB    U 99.9900 dB    V 99.9900 dB] [ET 12.53 ] [L0 ] [L1 ]
*** TRAIL_R numBytesInNALunit: 492578
POC   32 TId: 0 ( I-SLICE, QP 26 )    3940624 bits [Y 99.9900 dB    U 99.9900 dB    V 99.9900 dB] [ET 12.38 ] [L0 ] [L1 ]
*** TRAIL_R numBytesInNALunit: 492812
POC   33 TId: 0 ( I-SLICE, QP 26 )    3942496 bits [Y 99.9900 dB    U 99.9900 dB    V 99.9900 dB] [ET 12.72 ] [L0 ] [L1 ]
*** TRAIL_R numBytesInNALunit: 493024
POC   34 TId: 0 ( I-SLICE, QP 26 )    3944192 bits [Y 99.9900 dB    U 99.9900 dB    V 99.9900 dB] [ET 12.16 ] [L0 ] [L1 ]
*** TRAIL_R numBytesInNALunit: 492652
POC   35 TId: 0 ( I-SLICE, QP 26 )    3941216 bits [Y 99.9900 dB    U 99.9900 dB    V 99.9900 dB] [ET 12.19 ] [L0 ] [L1 ]
*** TRAIL_R numBytesInNALunit: 493161
POC   36 TId: 0 ( I-SLICE, QP 26 )    3945288 bits [Y 99.9900 dB    U 99.9900 dB    V 99.9900 dB] [ET 12.05 ] [L0 ] [L1 ]
*** TRAIL_R numBytesInNALunit: 493262
POC   37 TId: 0 ( I-SLICE, QP 26 )    3946096 bits [Y 99.9900 dB    U 99.9900 dB    V 99.9900 dB] [ET 12.17 ] [L0 ] [L1 ]
*** TRAIL_R numBytesInNALunit: 493498
POC   38 TId: 0 ( I-SLICE, QP 26 )    3947984 bits [Y 99.9900 dB    U 99.9900 dB    V 99.9900 dB] [ET 12.17 ] [L0 ] [L1 ]
*** TRAIL_R numBytesInNALunit: 493401
POC   39 TId: 0 ( I-SLICE, QP 26 )    3947208 bits [Y 99.9900 dB    U 99.9900 dB    V 99.9900 dB] [ET 12.31 ] [L0 ] [L1 ]
*** TRAIL_R numBytesInNALunit: 493160
POC   40 TId: 0 ( I-SLICE, QP 26 )    3945280 bits [Y 99.9900 dB    U 99.9900 dB    V 99.9900 dB] [ET 12.06 ] [L0 ] [L1 ]
*** TRAIL_R numBytesInNALunit: 493245
POC   41 TId: 0 ( I-SLICE, QP 26 )    3945960 bits [Y 99.9900 dB    U 99.9900 dB    V 99.9900 dB] [ET 12.45 ] [L0 ] [L1 ]
*** TRAIL_R numBytesInNALunit: 493238
POC   42 TId: 0 ( I-SLICE, QP 26 )    3945904 bits [Y 99.9900 dB    U 99.9900 dB    V 99.9900 dB] [ET 12.14 ] [L0 ] [L1 ]
*** TRAIL_R numBytesInNALunit: 493273
POC   43 TId: 0 ( I-SLICE, QP 26 )    3946184 bits [Y 99.9900 dB    U 99.9900 dB    V 99.9900 dB] [ET 12.56 ] [L0 ] [L1 ]
*** TRAIL_R numBytesInNALunit: 492004
POC   44 TId: 0 ( I-SLICE, QP 26 )    3936032 bits [Y 99.9900 dB    U 99.9900 dB    V 99.9900 dB] [ET 12.41 ] [L0 ] [L1 ]
*** TRAIL_R numBytesInNALunit: 492508
POC   45 TId: 0 ( I-SLICE, QP 26 )    3940064 bits [Y 99.9900 dB    U 99.9900 dB    V 99.9900 dB] [ET 12.44 ] [L0 ] [L1 ]
*** TRAIL_R numBytesInNALunit: 492478
POC   46 TId: 0 ( I-SLICE, QP 26 )    3939824 bits [Y 99.9900 dB    U 99.9900 dB    V 99.9900 dB] [ET 12.44 ] [L0 ] [L1 ]
*** TRAIL_R numBytesInNALunit: 493594
POC   47 TId: 0 ( I-SLICE, QP 26 )    3948752 bits [Y 99.9900 dB    U 99.9900 dB    V 99.9900 dB] [ET 12.33 ] [L0 ] [L1 ]
*** TRAIL_R numBytesInNALunit: 493594
POC   48 TId: 0 ( I-SLICE, QP 26 )    3948752 bits [Y 99.9900 dB    U 99.9900 dB    V 99.9900 dB] [ET 12.89 ] [L0 ] [L1 ]
*** TRAIL_R numBytesInNALunit: 493937
POC   49 TId: 0 ( I-SLICE, QP 26 )    3951496 bits [Y 99.9900 dB    U 99.9900 dB    V 99.9900 dB] [ET 12.73 ] [L0 ] [L1 ]
*** TRAIL_R numBytesInNALunit: 493862
POC   50 TId: 0 ( I-SLICE, QP 26 )    3950896 bits [Y 99.9900 dB    U 99.9900 dB    V 99.9900 dB] [ET 12.41 ] [L0 ] [L1 ]
*** TRAIL_R numBytesInNALunit: 493832
POC   51 TId: 0 ( I-SLICE, QP 26 )    3950656 bits [Y 99.9900 dB    U 99.9900 dB    V 99.9900 dB] [ET 12.22 ] [L0 ] [L1 ]
*** TRAIL_R numBytesInNALunit: 493565
POC   52 TId: 0 ( I-SLICE, QP 26 )    3948520 bits [Y 99.9900 dB    U 99.9900 dB    V 99.9900 dB] [ET 12.30 ] [L0 ] [L1 ]
*** TRAIL_R numBytesInNALunit: 493624
POC   53 TId: 0 ( I-SLICE, QP 26 )    3948992 bits [Y 99.9900 dB    U 99.9900 dB    V 99.9900 dB] [ET 12.14 ] [L0 ] [L1 ]
*** TRAIL_R numBytesInNALunit: 492971
POC   54 TId: 0 ( I-SLICE, QP 26 )    3943768 bits [Y 99.9900 dB    U 99.9900 dB    V 99.9900 dB] [ET 12.38 ] [L0 ] [L1 ]
*** TRAIL_R numBytesInNALunit: 493321
POC   55 TId: 0 ( I-SLICE, QP 26 )    3946568 bits [Y 99.9900 dB    U 99.9900 dB    V 99.9900 dB] [ET 12.39 ] [L0 ] [L1 ]
*** TRAIL_R numBytesInNALunit: 492871
POC   56 TId: 0 ( I-SLICE, QP 26 )    3942968 bits [Y 99.9900 dB    U 99.9900 dB    V 99.9900 dB] [ET 12.52 ] [L0 ] [L1 ]
*** TRAIL_R numBytesInNALunit: 492617
POC   57 TId: 0 ( I-SLICE, QP 26 )    3940936 bits [Y 99.9900 dB    U 99.9900 dB    V 99.9900 dB] [ET 12.70 ] [L0 ] [L1 ]
*** TRAIL_R numBytesInNALunit: 492399
POC   58 TId: 0 ( I-SLICE, QP 26 )    3939192 bits [Y 99.9900 dB    U 99.9900 dB    V 99.9900 dB] [ET 11.95 ] [L0 ] [L1 ]
*** TRAIL_R numBytesInNALunit: 492746
POC   59 TId: 0 ( I-SLICE, QP 26 )    3941968 bits [Y 99.9900 dB    U 99.9900 dB    V 99.9900 dB] [ET 12.38 ] [L0 ] [L1 ]
*** TRAIL_R numBytesInNALunit: 492870
POC   60 TId: 0 ( I-SLICE, QP 26 )    3942960 bits [Y 99.9900 dB    U 99.9900 dB    V 99.9900 dB] [ET 12.53 ] [L0 ] [L1 ]
*** TRAIL_R numBytesInNALunit: 493068
POC   61 TId: 0 ( I-SLICE, QP 26 )    3944544 bits [Y 99.9900 dB    U 99.9900 dB    V 99.9900 dB] [ET 12.31 ] [L0 ] [L1 ]
*** TRAIL_R numBytesInNALunit: 492892
POC   62 TId: 0 ( I-SLICE, QP 26 )    3943136 bits [Y 99.9900 dB    U 99.9900 dB    V 99.9900 dB] [ET 12.38 ] [L0 ] [L1 ]
*** TRAIL_R numBytesInNALunit: 492620
POC   63 TId: 0 ( I-SLICE, QP 26 )    3940960 bits [Y 99.9900 dB    U 99.9900 dB    V 99.9900 dB] [ET 12.61 ] [L0 ] [L1 ]
*** TRAIL_R numBytesInNALunit: 491999
POC   64 TId: 0 ( I-SLICE, QP 26 )    3935992 bits [Y 99.9900 dB    U 99.9900 dB    V 99.9900 dB] [ET 12.61 ] [L0 ] [L1 ]
*** TRAIL_R numBytesInNALunit: 492314
POC   65 TId: 0 ( I-SLICE, QP 26 )    3938512 bits [Y 99.9900 dB    U 99.9900 dB    V 99.9900 dB] [ET 12.14 ] [L0 ] [L1 ]
*** TRAIL_R numBytesInNALunit: 492592
POC   66 TId: 0 ( I-SLICE, QP 26 )    3940736 bits [Y 99.9900 dB    U 99.9900 dB    V 99.9900 dB] [ET 12.05 ] [L0 ] [L1 ]
*** TRAIL_R numBytesInNALunit: 491682
POC   67 TId: 0 ( I-SLICE, QP 26 )    3933456 bits [Y 99.9900 dB    U 99.9900 dB    V 99.9900 dB] [ET 12.45 ] [L0 ] [L1 ]
*** TRAIL_R numBytesInNALunit: 491678
POC   68 TId: 0 ( I-SLICE, QP 26 )    3933424 bits [Y 99.9900 dB    U 99.9900 dB    V 99.9900 dB] [ET 12.44 ] [L0 ] [L1 ]
*** TRAIL_R numBytesInNALunit: 491717
POC   69 TId: 0 ( I-SLICE, QP 26 )    3933736 bits [Y 99.9900 dB    U 99.9900 dB    V 99.9900 dB] [ET 12.20 ] [L0 ] [L1 ]
*** TRAIL_R numBytesInNALunit: 491227
POC   70 TId: 0 ( I-SLICE, QP 26 )    3929816 bits [Y 99.9900 dB    U 99.9900 dB    V 99.9900 dB] [ET 12.55 ] [L0 ] [L1 ]
*** TRAIL_R numBytesInNALunit: 491313
POC   71 TId: 0 ( I-SLICE, QP 26 )    3930504 bits [Y 99.9900 dB    U 99.9900 dB    V 99.9900 dB] [ET 12.34 ] [L0 ] [L1 ]
*** TRAIL_R numBytesInNALunit: 490772
POC   72 TId: 0 ( I-SLICE, QP 26 )    3926176 bits [Y 99.9900 dB    U 99.9900 dB    V 99.9900 dB] [ET 12.33 ] [L0 ] [L1 ]
*** TRAIL_R numBytesInNALunit: 491004
POC   73 TId: 0 ( I-SLICE, QP 26 )    3928032 bits [Y 99.9900 dB    U 99.9900 dB    V 99.9900 dB] [ET 12.28 ] [L0 ] [L1 ]
*** TRAIL_R numBytesInNALunit: 491069
POC   74 TId: 0 ( I-SLICE, QP 26 )    3928552 bits [Y 99.9900 dB    U 99.9900 dB    V 99.9900 dB] [ET 12.03 ] [L0 ] [L1 ]
*** TRAIL_R numBytesInNALunit: 491206
POC   75 TId: 0 ( I-SLICE, QP 26 )    3929648 bits [Y 99.9900 dB    U 99.9900 dB    V 99.9900 dB] [ET 12.08 ] [L0 ] [L1 ]
*** TRAIL_R numBytesInNALunit: 491800
POC   76 TId: 0 ( I-SLICE, QP 26 )    3934400 bits [Y 99.9900 dB    U 99.9900 dB    V 99.9900 dB] [ET 12.36 ] [L0 ] [L1 ]
*** TRAIL_R numBytesInNALunit: 491675
POC   77 TId: 0 ( I-SLICE, QP 26 )    3933400 bits [Y 99.9900 dB    U 99.9900 dB    V 99.9900 dB] [ET 12.14 ] [L0 ] [L1 ]
*** TRAIL_R numBytesInNALunit: 491579
POC   78 TId: 0 ( I-SLICE, QP 26 )    3932632 bits [Y 99.9900 dB    U 99.9900 dB    V 99.9900 dB] [ET 12.08 ] [L0 ] [L1 ]
*** TRAIL_R numBytesInNALunit: 491676
POC   79 TId: 0 ( I-SLICE, QP 26 )    3933408 bits [Y 99.9900 dB    U 99.9900 dB    V 99.9900 dB] [ET 12.08 ] [L0 ] [L1 ]
*** TRAIL_R numBytesInNALunit: 491940
POC   80 TId: 0 ( I-SLICE, QP 26 )    3935520 bits [Y 99.9900 dB    U 99.9900 dB    V 99.9900 dB] [ET 11.78 ] [L0 ] [L1 ]
*** TRAIL_R numBytesInNALunit: 492171
POC   81 TId: 0 ( I-SLICE, QP 26 )    3937368 bits [Y 99.9900 dB    U 99.9900 dB    V 99.9900 dB] [ET 12.05 ] [L0 ] [L1 ]
*** TRAIL_R numBytesInNALunit: 492098
POC   82 TId: 0 ( I-SLICE, QP 26 )    3936784 bits [Y 99.9900 dB    U 99.9900 dB    V 99.9900 dB] [ET 12.00 ] [L0 ] [L1 ]
*** TRAIL_R numBytesInNALunit: 492432
POC   83 TId: 0 ( I-SLICE, QP 26 )    3939456 bits [Y 99.9900 dB    U 99.9900 dB    V 99.9900 dB] [ET 11.86 ] [L0 ] [L1 ]
*** TRAIL_R numBytesInNALunit: 492846
POC   84 TId: 0 ( I-SLICE, QP 26 )    3942768 bits [Y 99.9900 dB    U 99.9900 dB    V 99.9900 dB] [ET 12.03 ] [L0 ] [L1 ]
*** TRAIL_R numBytesInNALunit: 492626
POC   85 TId: 0 ( I-SLICE, QP 26 )    3941008 bits [Y 99.9900 dB    U 99.9900 dB    V 99.9900 dB] [ET 11.80 ] [L0 ] [L1 ]
*** TRAIL_R numBytesInNALunit: 493239
POC   86 TId: 0 ( I-SLICE, QP 26 )    3945912 bits [Y 99.9900 dB    U 99.9900 dB    V 99.9900 dB] [ET 11.89 ] [L0 ] [L1 ]
*** TRAIL_R numBytesInNALunit: 494041
POC   87 TId: 0 ( I-SLICE, QP 26 )    3952328 bits [Y 99.9900 dB    U 99.9900 dB    V 99.9900 dB] [ET 11.95 ] [L0 ] [L1 ]
*** TRAIL_R numBytesInNALunit: 495037
POC   88 TId: 0 ( I-SLICE, QP 26 )    3960296 bits [Y 99.9900 dB    U 99.9900 dB    V 99.9900 dB] [ET 12.14 ] [L0 ] [L1 ]
*** TRAIL_R numBytesInNALunit: 495463
POC   89 TId: 0 ( I-SLICE, QP 26 )    3963704 bits [Y 99.9900 dB    U 99.9900 dB    V 99.9900 dB] [ET 11.92 ] [L0 ] [L1 ]
*** TRAIL_R numBytesInNALunit: 495527
POC   90 TId: 0 ( I-SLICE, QP 26 )    3964216 bits [Y 99.9900 dB    U 99.9900 dB    V 99.9900 dB] [ET 12.05 ] [L0 ] [L1 ]
*** TRAIL_R numBytesInNALunit: 495870
POC   91 TId: 0 ( I-SLICE, QP 26 )    3966960 bits [Y 99.9900 dB    U 99.9900 dB    V 99.9900 dB] [ET 11.94 ] [L0 ] [L1 ]
*** TRAIL_R numBytesInNALunit: 496256
POC   92 TId: 0 ( I-SLICE, QP 26 )    3970048 bits [Y 99.9900 dB    U 99.9900 dB    V 99.9900 dB] [ET 12.34 ] [L0 ] [L1 ]
*** TRAIL_R numBytesInNALunit: 495974
POC   93 TId: 0 ( I-SLICE, QP 26 )    3967792 bits [Y 99.9900 dB    U 99.9900 dB    V 99.9900 dB] [ET 12.08 ] [L0 ] [L1 ]
*** TRAIL_R numBytesInNALunit: 496261
POC   94 TId: 0 ( I-SLICE, QP 26 )    3970088 bits [Y 99.9900 dB    U 99.9900 dB    V 99.9900 dB] [ET 12.31 ] [L0 ] [L1 ]
*** TRAIL_R numBytesInNALunit: 496001
POC   95 TId: 0 ( I-SLICE, QP 26 )    3968008 bits [Y 99.9900 dB    U 99.9900 dB    V 99.9900 dB] [ET 12.06 ] [L0 ] [L1 ]
*** TRAIL_R numBytesInNALunit: 496160
POC   96 TId: 0 ( I-SLICE, QP 26 )    3969280 bits [Y 99.9900 dB    U 99.9900 dB    V 99.9900 dB] [ET 12.09 ] [L0 ] [L1 ]
*** TRAIL_R numBytesInNALunit: 496082
POC   97 TId: 0 ( I-SLICE, QP 26 )    3968656 bits [Y 99.9900 dB    U 99.9900 dB    V 99.9900 dB] [ET 12.41 ] [L0 ] [L1 ]
*** TRAIL_R numBytesInNALunit: 495433
POC   98 TId: 0 ( I-SLICE, QP 26 )    3963464 bits [Y 99.9900 dB    U 99.9900 dB    V 99.9900 dB] [ET 12.06 ] [L0 ] [L1 ]
*** TRAIL_R numBytesInNALunit: 495805
POC   99 TId: 0 ( I-SLICE, QP 26 )    3966440 bits [Y 99.9900 dB    U 99.9900 dB    V 99.9900 dB] [ET 12.36 ] [L0 ] [L1 ]
*** TRAIL_R numBytesInNALunit: 495899
POC  100 TId: 0 ( I-SLICE, QP 26 )    3967192 bits [Y 99.9900 dB    U 99.9900 dB    V 99.9900 dB] [ET 11.48 ] [L0 ] [L1 ]
*** TRAIL_R numBytesInNALunit: 495701
POC  101 TId: 0 ( I-SLICE, QP 26 )    3965608 bits [Y 99.9900 dB    U 99.9900 dB    V 99.9900 dB] [ET 11.59 ] [L0 ] [L1 ]
*** TRAIL_R numBytesInNALunit: 495266
POC  102 TId: 0 ( I-SLICE, QP 26 )    3962128 bits [Y 99.9900 dB    U 99.9900 dB    V 99.9900 dB] [ET 11.47 ] [L0 ] [L1 ]
*** TRAIL_R numBytesInNALunit: 495039
POC  103 TId: 0 ( I-SLICE, QP 26 )    3960312 bits [Y 99.9900 dB    U 99.9900 dB    V 99.9900 dB] [ET 11.52 ] [L0 ] [L1 ]
*** TRAIL_R numBytesInNALunit: 494905
POC  104 TId: 0 ( I-SLICE, QP 26 )    3959240 bits [Y 99.9900 dB    U 99.9900 dB    V 99.9900 dB] [ET 11.66 ] [L0 ] [L1 ]
*** TRAIL_R numBytesInNALunit: 495497
POC  105 TId: 0 ( I-SLICE, QP 26 )    3963976 bits [Y 99.9900 dB    U 99.9900 dB    V 99.9900 dB] [ET 11.59 ] [L0 ] [L1 ]
*** TRAIL_R numBytesInNALunit: 494975
POC  106 TId: 0 ( I-SLICE, QP 26 )    3959800 bits [Y 99.9900 dB    U 99.9900 dB    V 99.9900 dB] [ET 11.72 ] [L0 ] [L1 ]
*** TRAIL_R numBytesInNALunit: 494842
POC  107 TId: 0 ( I-SLICE, QP 26 )    3958736 bits [Y 99.9900 dB    U 99.9900 dB    V 99.9900 dB] [ET 11.59 ] [L0 ] [L1 ]
*** TRAIL_R numBytesInNALunit: 494762
POC  108 TId: 0 ( I-SLICE, QP 26 )    3958096 bits [Y 99.9900 dB    U 99.9900 dB    V 99.9900 dB] [ET 11.75 ] [L0 ] [L1 ]
*** TRAIL_R numBytesInNALunit: 495216
POC  109 TId: 0 ( I-SLICE, QP 26 )    3961728 bits [Y 99.9900 dB    U 99.9900 dB    V 99.9900 dB] [ET 11.27 ] [L0 ] [L1 ]
*** TRAIL_R numBytesInNALunit: 494275
POC  110 TId: 0 ( I-SLICE, QP 26 )    3954200 bits [Y 99.9900 dB    U 99.9900 dB    V 99.9900 dB] [ET 11.78 ] [L0 ] [L1 ]
*** TRAIL_R numBytesInNALunit: 493976
POC  111 TId: 0 ( I-SLICE, QP 26 )    3951808 bits [Y 99.9900 dB    U 99.9900 dB    V 99.9900 dB] [ET 11.80 ] [L0 ] [L1 ]
*** TRAIL_R numBytesInNALunit: 494151
POC  112 TId: 0 ( I-SLICE, QP 26 )    3953208 bits [Y 99.9900 dB    U 99.9900 dB    V 99.9900 dB] [ET 11.39 ] [L0 ] [L1 ]
*** TRAIL_R numBytesInNALunit: 493741
POC  113 TId: 0 ( I-SLICE, QP 26 )    3949928 bits [Y 99.9900 dB    U 99.9900 dB    V 99.9900 dB] [ET 11.41 ] [L0 ] [L1 ]
*** TRAIL_R numBytesInNALunit: 493447
POC  114 TId: 0 ( I-SLICE, QP 26 )    3947576 bits [Y 99.9900 dB    U 99.9900 dB    V 99.9900 dB] [ET 11.17 ] [L0 ] [L1 ]
*** TRAIL_R numBytesInNALunit: 492794
POC  115 TId: 0 ( I-SLICE, QP 26 )    3942352 bits [Y 99.9900 dB    U 99.9900 dB    V 99.9900 dB] [ET 11.17 ] [L0 ] [L1 ]
*** TRAIL_R numBytesInNALunit: 493194
POC  116 TId: 0 ( I-SLICE, QP 26 )    3945552 bits [Y 99.9900 dB    U 99.9900 dB    V 99.9900 dB] [ET 10.94 ] [L0 ] [L1 ]
*** TRAIL_R numBytesInNALunit: 492663
POC  117 TId: 0 ( I-SLICE, QP 26 )    3941304 bits [Y 99.9900 dB    U 99.9900 dB    V 99.9900 dB] [ET 11.02 ] [L0 ] [L1 ]
*** TRAIL_R numBytesInNALunit: 492208
POC  118 TId: 0 ( I-SLICE, QP 26 )    3937664 bits [Y 99.9900 dB    U 99.9900 dB    V 99.9900 dB] [ET 11.14 ] [L0 ] [L1 ]
*** TRAIL_R numBytesInNALunit: 491406
POC  119 TId: 0 ( I-SLICE, QP 26 )    3931248 bits [Y 99.9900 dB    U 99.9900 dB    V 99.9900 dB] [ET 11.17 ] [L0 ] [L1 ]
*** TRAIL_R numBytesInNALunit: 491302
POC  120 TId: 0 ( I-SLICE, QP 26 )    3930416 bits [Y 99.9900 dB    U 99.9900 dB    V 99.9900 dB] [ET 11.08 ] [L0 ] [L1 ]
*** TRAIL_R numBytesInNALunit: 490899
POC  121 TId: 0 ( I-SLICE, QP 26 )    3927192 bits [Y 99.9900 dB    U 99.9900 dB    V 99.9900 dB] [ET 11.12 ] [L0 ] [L1 ]
*** TRAIL_R numBytesInNALunit: 490685
POC  122 TId: 0 ( I-SLICE, QP 26 )    3925480 bits [Y 99.9900 dB    U 99.9900 dB    V 99.9900 dB] [ET 11.05 ] [L0 ] [L1 ]
*** TRAIL_R numBytesInNALunit: 489960
POC  123 TId: 0 ( I-SLICE, QP 26 )    3919680 bits [Y 99.9900 dB    U 99.9900 dB    V 99.9900 dB] [ET 11.17 ] [L0 ] [L1 ]
*** TRAIL_R numBytesInNALunit: 489607
POC  124 TId: 0 ( I-SLICE, QP 26 )    3916856 bits [Y 99.9900 dB    U 99.9900 dB    V 99.9900 dB] [ET 11.30 ] [L0 ] [L1 ]
*** TRAIL_R numBytesInNALunit: 489142
POC  125 TId: 0 ( I-SLICE, QP 26 )    3913136 bits [Y 99.9900 dB    U 99.9900 dB    V 99.9900 dB] [ET 11.19 ] [L0 ] [L1 ]
*** TRAIL_R numBytesInNALunit: 488436
POC  126 TId: 0 ( I-SLICE, QP 26 )    3907488 bits [Y 99.9900 dB    U 99.9900 dB    V 99.9900 dB] [ET 11.08 ] [L0 ] [L1 ]
*** TRAIL_R numBytesInNALunit: 487690
POC  127 TId: 0 ( I-SLICE, QP 26 )    3901520 bits [Y 99.9900 dB    U 99.9900 dB    V 99.9900 dB] [ET 11.22 ] [L0 ] [L1 ]
*** TRAIL_R numBytesInNALunit: 487741
POC  128 TId: 0 ( I-SLICE, QP 26 )    3901928 bits [Y 99.9900 dB    U 99.9900 dB    V 99.9900 dB] [ET 11.27 ] [L0 ] [L1 ]
*** TRAIL_R numBytesInNALunit: 487736
POC  129 TId: 0 ( I-SLICE, QP 26 )    3901888 bits [Y 99.9900 dB    U 99.9900 dB    V 99.9900 dB] [ET 11.22 ] [L0 ] [L1 ]
*** TRAIL_R numBytesInNALunit: 486454
POC  130 TId: 0 ( I-SLICE, QP 26 )    3891632 bits [Y 99.9900 dB    U 99.9900 dB    V 99.9900 dB] [ET 11.17 ] [L0 ] [L1 ]
*** TRAIL_R numBytesInNALunit: 485746
POC  131 TId: 0 ( I-SLICE, QP 26 )    3885968 bits [Y 99.9900 dB    U 99.9900 dB    V 99.9900 dB] [ET 11.23 ] [L0 ] [L1 ]
*** TRAIL_R numBytesInNALunit: 484468
POC  132 TId: 0 ( I-SLICE, QP 26 )    3875744 bits [Y 99.9900 dB    U 99.9900 dB    V 99.9900 dB] [ET 10.73 ] [L0 ] [L1 ]
*** TRAIL_R numBytesInNALunit: 484145
POC  133 TId: 0 ( I-SLICE, QP 26 )    3873160 bits [Y 99.9900 dB    U 99.9900 dB    V 99.9900 dB] [ET 10.81 ] [L0 ] [L1 ]
*** TRAIL_R numBytesInNALunit: 483730
POC  134 TId: 0 ( I-SLICE, QP 26 )    3869840 bits [Y 99.9900 dB    U 99.9900 dB    V 99.9900 dB] [ET 10.81 ] [L0 ] [L1 ]
*** TRAIL_R numBytesInNALunit: 483897
POC  135 TId: 0 ( I-SLICE, QP 26 )    3871176 bits [Y 99.9900 dB    U 99.9900 dB    V 99.9900 dB] [ET 10.64 ] [L0 ] [L1 ]
*** TRAIL_R numBytesInNALunit: 483932
POC  136 TId: 0 ( I-SLICE, QP 26 )    3871456 bits [Y 99.9900 dB    U 99.9900 dB    V 99.9900 dB] [ET 10.61 ] [L0 ] [L1 ]
*** TRAIL_R numBytesInNALunit: 483332
POC  137 TId: 0 ( I-SLICE, QP 26 )    3866656 bits [Y 99.9900 dB    U 99.9900 dB    V 99.9900 dB] [ET 10.48 ] [L0 ] [L1 ]
*** TRAIL_R numBytesInNALunit: 482978
POC  138 TId: 0 ( I-SLICE, QP 26 )    3863824 bits [Y 99.9900 dB    U 99.9900 dB    V 99.9900 dB] [ET 10.56 ] [L0 ] [L1 ]
*** TRAIL_R numBytesInNALunit: 482691
POC  139 TId: 0 ( I-SLICE, QP 26 )    3861528 bits [Y 99.9900 dB    U 99.9900 dB    V 99.9900 dB] [ET 10.62 ] [L0 ] [L1 ]
*** TRAIL_R numBytesInNALunit: 482476
POC  140 TId: 0 ( I-SLICE, QP 26 )    3859808 bits [Y 99.9900 dB    U 99.9900 dB    V 99.9900 dB] [ET 10.66 ] [L0 ] [L1 ]
*** TRAIL_R numBytesInNALunit: 483170
POC  141 TId: 0 ( I-SLICE, QP 26 )    3865360 bits [Y 99.9900 dB    U 99.9900 dB    V 99.9900 dB] [ET 10.70 ] [L0 ] [L1 ]
*** TRAIL_R numBytesInNALunit: 484059
POC  142 TId: 0 ( I-SLICE, QP 26 )    3872472 bits [Y 99.9900 dB    U 99.9900 dB    V 99.9900 dB] [ET 10.64 ] [L0 ] [L1 ]
*** TRAIL_R numBytesInNALunit: 485618
POC  143 TId: 0 ( I-SLICE, QP 26 )    3884944 bits [Y 99.9900 dB    U 99.9900 dB    V 99.9900 dB] [ET 10.64 ] [L0 ] [L1 ]
*** TRAIL_R numBytesInNALunit: 485909
POC  144 TId: 0 ( I-SLICE, QP 26 )    3887272 bits [Y 99.9900 dB    U 99.9900 dB    V 99.9900 dB] [ET 10.64 ] [L0 ] [L1 ]
*** TRAIL_R numBytesInNALunit: 486128
POC  145 TId: 0 ( I-SLICE, QP 26 )    3889024 bits [Y 99.9900 dB    U 99.9900 dB    V 99.9900 dB] [ET 10.62 ] [L0 ] [L1 ]
*** TRAIL_R numBytesInNALunit: 485596
POC  146 TId: 0 ( I-SLICE, QP 26 )    3884768 bits [Y 99.9900 dB    U 99.9900 dB    V 99.9900 dB] [ET 10.47 ] [L0 ] [L1 ]
*** TRAIL_R numBytesInNALunit: 485747
POC  147 TId: 0 ( I-SLICE, QP 26 )    3885976 bits [Y 99.9900 dB    U 99.9900 dB    V 99.9900 dB] [ET 10.58 ] [L0 ] [L1 ]
*** TRAIL_R numBytesInNALunit: 485664
POC  148 TId: 0 ( I-SLICE, QP 26 )    3885312 bits [Y 99.9900 dB    U 99.9900 dB    V 99.9900 dB] [ET 10.59 ] [L0 ] [L1 ]
*** TRAIL_R numBytesInNALunit: 486308
POC  149 TId: 0 ( I-SLICE, QP 26 )    3890464 bits [Y 99.9900 dB    U 99.9900 dB    V 99.9900 dB] [ET 10.50 ] [L0 ] [L1 ]
*** TRAIL_R numBytesInNALunit: 486121
POC  150 TId: 0 ( I-SLICE, QP 26 )    3888968 bits [Y 99.9900 dB    U 99.9900 dB    V 99.9900 dB] [ET 10.75 ] [L0 ] [L1 ]
*** TRAIL_R numBytesInNALunit: 485846
POC  151 TId: 0 ( I-SLICE, QP 26 )    3886768 bits [Y 99.9900 dB    U 99.9900 dB    V 99.9900 dB] [ET 10.84 ] [L0 ] [L1 ]
*** TRAIL_R numBytesInNALunit: 485486
POC  152 TId: 0 ( I-SLICE, QP 26 )    3883888 bits [Y 99.9900 dB    U 99.9900 dB    V 99.9900 dB] [ET 10.47 ] [L0 ] [L1 ]
*** TRAIL_R numBytesInNALunit: 485350
POC  153 TId: 0 ( I-SLICE, QP 26 )    3882800 bits [Y 99.9900 dB    U 99.9900 dB    V 99.9900 dB] [ET 10.55 ] [L0 ] [L1 ]
*** TRAIL_R numBytesInNALunit: 486145
POC  154 TId: 0 ( I-SLICE, QP 26 )    3889160 bits [Y 99.9900 dB    U 99.9900 dB    V 99.9900 dB] [ET 10.62 ] [L0 ] [L1 ]
*** TRAIL_R numBytesInNALunit: 485707
POC  155 TId: 0 ( I-SLICE, QP 26 )    3885656 bits [Y 99.9900 dB    U 99.9900 dB    V 99.9900 dB] [ET 10.55 ] [L0 ] [L1 ]
*** TRAIL_R numBytesInNALunit: 486539
POC  156 TId: 0 ( I-SLICE, QP 26 )    3892312 bits [Y 99.9900 dB    U 99.9900 dB    V 99.9900 dB] [ET 10.62 ] [L0 ] [L1 ]
*** TRAIL_R numBytesInNALunit: 486488
POC  157 TId: 0 ( I-SLICE, QP 26 )    3891904 bits [Y 99.9900 dB    U 99.9900 dB    V 99.9900 dB] [ET 10.47 ] [L0 ] [L1 ]
*** TRAIL_R numBytesInNALunit: 486238
POC  158 TId: 0 ( I-SLICE, QP 26 )    3889904 bits [Y 99.9900 dB    U 99.9900 dB    V 99.9900 dB] [ET 10.25 ] [L0 ] [L1 ]
*** TRAIL_R numBytesInNALunit: 486406
POC  159 TId: 0 ( I-SLICE, QP 26 )    3891248 bits [Y 99.9900 dB    U 99.9900 dB    V 99.9900 dB] [ET 10.52 ] [L0 ] [L1 ]
*** TRAIL_R numBytesInNALunit: 486336
POC  160 TId: 0 ( I-SLICE, QP 26 )    3890688 bits [Y 99.9900 dB    U 99.9900 dB    V 99.9900 dB] [ET 10.66 ] [L0 ] [L1 ]
*** TRAIL_R numBytesInNALunit: 486742
POC  161 TId: 0 ( I-SLICE, QP 26 )    3893936 bits [Y 99.9900 dB    U 99.9900 dB    V 99.9900 dB] [ET 10.64 ] [L0 ] [L1 ]
*** TRAIL_R numBytesInNALunit: 487144
POC  162 TId: 0 ( I-SLICE, QP 26 )    3897152 bits [Y 99.9900 dB    U 99.9900 dB    V 99.9900 dB] [ET 10.55 ] [L0 ] [L1 ]
*** TRAIL_R numBytesInNALunit: 487212
POC  163 TId: 0 ( I-SLICE, QP 26 )    3897696 bits [Y 99.9900 dB    U 99.9900 dB    V 99.9900 dB] [ET 10.39 ] [L0 ] [L1 ]
*** TRAIL_R numBytesInNALunit: 487421
POC  164 TId: 0 ( I-SLICE, QP 26 )    3899368 bits [Y 99.9900 dB    U 99.9900 dB    V 99.9900 dB] [ET 10.33 ] [L0 ] [L1 ]
*** TRAIL_R numBytesInNALunit: 487076
POC  165 TId: 0 ( I-SLICE, QP 26 )    3896608 bits [Y 99.9900 dB    U 99.9900 dB    V 99.9900 dB] [ET 10.42 ] [L0 ] [L1 ]
*** TRAIL_R numBytesInNALunit: 486967
POC  166 TId: 0 ( I-SLICE, QP 26 )    3895736 bits [Y 99.9900 dB    U 99.9900 dB    V 99.9900 dB] [ET 10.50 ] [L0 ] [L1 ]
*** TRAIL_R numBytesInNALunit: 487566
POC  167 TId: 0 ( I-SLICE, QP 26 )    3900528 bits [Y 99.9900 dB    U 99.9900 dB    V 99.9900 dB] [ET 10.36 ] [L0 ] [L1 ]
*** TRAIL_R numBytesInNALunit: 488044
POC  168 TId: 0 ( I-SLICE, QP 26 )    3904352 bits [Y 99.9900 dB    U 99.9900 dB    V 99.9900 dB] [ET 10.47 ] [L0 ] [L1 ]
*** TRAIL_R numBytesInNALunit: 487848
POC  169 TId: 0 ( I-SLICE, QP 26 )    3902784 bits [Y 99.9900 dB    U 99.9900 dB    V 99.9900 dB] [ET 10.92 ] [L0 ] [L1 ]
*** TRAIL_R numBytesInNALunit: 488062
POC  170 TId: 0 ( I-SLICE, QP 26 )    3904496 bits [Y 99.9900 dB    U 99.9900 dB    V 99.9900 dB] [ET 10.78 ] [L0 ] [L1 ]
*** TRAIL_R numBytesInNALunit: 487964
POC  171 TId: 0 ( I-SLICE, QP 26 )    3903712 bits [Y 99.9900 dB    U 99.9900 dB    V 99.9900 dB] [ET 10.30 ] [L0 ] [L1 ]
*** TRAIL_R numBytesInNALunit: 487673
POC  172 TId: 0 ( I-SLICE, QP 26 )    3901384 bits [Y 99.9900 dB    U 99.9900 dB    V 99.9900 dB] [ET 10.56 ] [L0 ] [L1 ]
*** TRAIL_R numBytesInNALunit: 487639
POC  173 TId: 0 ( I-SLICE, QP 26 )    3901112 bits [Y 99.9900 dB    U 99.9900 dB    V 99.9900 dB] [ET 10.73 ] [L0 ] [L1 ]
*** TRAIL_R numBytesInNALunit: 486981
POC  174 TId: 0 ( I-SLICE, QP 26 )    3895848 bits [Y 99.9900 dB    U 99.9900 dB    V 99.9900 dB] [ET 10.50 ] [L0 ] [L1 ]
*** TRAIL_R numBytesInNALunit: 486933
POC  175 TId: 0 ( I-SLICE, QP 26 )    3895464 bits [Y 99.9900 dB    U 99.9900 dB    V 99.9900 dB] [ET 10.59 ] [L0 ] [L1 ]
*** TRAIL_R numBytesInNALunit: 486358
POC  176 TId: 0 ( I-SLICE, QP 26 )    3890864 bits [Y 99.9900 dB    U 99.9900 dB    V 99.9900 dB] [ET 10.52 ] [L0 ] [L1 ]
*** TRAIL_R numBytesInNALunit: 486182
POC  177 TId: 0 ( I-SLICE, QP 26 )    3889456 bits [Y 99.9900 dB    U 99.9900 dB    V 99.9900 dB] [ET 10.38 ] [L0 ] [L1 ]
*** TRAIL_R numBytesInNALunit: 486425
POC  178 TId: 0 ( I-SLICE, QP 26 )    3891400 bits [Y 99.9900 dB    U 99.9900 dB    V 99.9900 dB] [ET 10.72 ] [L0 ] [L1 ]
*** TRAIL_R numBytesInNALunit: 486514
POC  179 TId: 0 ( I-SLICE, QP 26 )    3892112 bits [Y 99.9900 dB    U 99.9900 dB    V 99.9900 dB] [ET 10.73 ] [L0 ] [L1 ]
*** TRAIL_R numBytesInNALunit: 485684
POC  180 TId: 0 ( I-SLICE, QP 26 )    3885472 bits [Y 99.9900 dB    U 99.9900 dB    V 99.9900 dB] [ET 10.66 ] [L0 ] [L1 ]
*** TRAIL_R numBytesInNALunit: 485573
POC  181 TId: 0 ( I-SLICE, QP 26 )    3884584 bits [Y 99.9900 dB    U 99.9900 dB    V 99.9900 dB] [ET 10.66 ] [L0 ] [L1 ]
*** TRAIL_R numBytesInNALunit: 485214
POC  182 TId: 0 ( I-SLICE, QP 26 )    3881712 bits [Y 99.9900 dB    U 99.9900 dB    V 99.9900 dB] [ET 10.70 ] [L0 ] [L1 ]
*** TRAIL_R numBytesInNALunit: 484409
POC  183 TId: 0 ( I-SLICE, QP 26 )    3875272 bits [Y 99.9900 dB    U 99.9900 dB    V 99.9900 dB] [ET 10.66 ] [L0 ] [L1 ]
*** TRAIL_R numBytesInNALunit: 483767
POC  184 TId: 0 ( I-SLICE, QP 26 )    3870136 bits [Y 99.9900 dB    U 99.9900 dB    V 99.9900 dB] [ET 10.55 ] [L0 ] [L1 ]
*** TRAIL_R numBytesInNALunit: 484336
POC  185 TId: 0 ( I-SLICE, QP 26 )    3874688 bits [Y 99.9900 dB    U 99.9900 dB    V 99.9900 dB] [ET 11.05 ] [L0 ] [L1 ]
*** TRAIL_R numBytesInNALunit: 484522
POC  186 TId: 0 ( I-SLICE, QP 26 )    3876176 bits [Y 99.9900 dB    U 99.9900 dB    V 99.9900 dB] [ET 10.73 ] [L0 ] [L1 ]
*** TRAIL_R numBytesInNALunit: 485011
POC  187 TId: 0 ( I-SLICE, QP 26 )    3880088 bits [Y 99.9900 dB    U 99.9900 dB    V 99.9900 dB] [ET 10.83 ] [L0 ] [L1 ]
*** TRAIL_R numBytesInNALunit: 484927
POC  188 TId: 0 ( I-SLICE, QP 26 )    3879416 bits [Y 99.9900 dB    U 99.9900 dB    V 99.9900 dB] [ET 10.83 ] [L0 ] [L1 ]
*** TRAIL_R numBytesInNALunit: 486829
POC  189 TId: 0 ( I-SLICE, QP 26 )    3894632 bits [Y 99.9900 dB    U 99.9900 dB    V 99.9900 dB] [ET 10.75 ] [L0 ] [L1 ]
*** TRAIL_R numBytesInNALunit: 486894
POC  190 TId: 0 ( I-SLICE, QP 26 )    3895152 bits [Y 99.9900 dB    U 99.9900 dB    V 99.9900 dB] [ET 10.78 ] [L0 ] [L1 ]
*** TRAIL_R numBytesInNALunit: 487852
POC  191 TId: 0 ( I-SLICE, QP 26 )    3902816 bits [Y 99.9900 dB    U 99.9900 dB    V 99.9900 dB] [ET 10.77 ] [L0 ] [L1 ]
*** TRAIL_R numBytesInNALunit: 488528
POC  192 TId: 0 ( I-SLICE, QP 26 )    3908224 bits [Y 99.9900 dB    U 99.9900 dB    V 99.9900 dB] [ET 10.64 ] [L0 ] [L1 ]
*** TRAIL_R numBytesInNALunit: 488750
POC  193 TId: 0 ( I-SLICE, QP 26 )    3910000 bits [Y 99.9900 dB    U 99.9900 dB    V 99.9900 dB] [ET 10.77 ] [L0 ] [L1 ]
*** TRAIL_R numBytesInNALunit: 489426
POC  194 TId: 0 ( I-SLICE, QP 26 )    3915408 bits [Y 99.9900 dB    U 99.9900 dB    V 99.9900 dB] [ET 10.56 ] [L0 ] [L1 ]
*** TRAIL_R numBytesInNALunit: 489207
POC  195 TId: 0 ( I-SLICE, QP 26 )    3913656 bits [Y 99.9900 dB    U 99.9900 dB    V 99.9900 dB] [ET 10.55 ] [L0 ] [L1 ]
*** TRAIL_R numBytesInNALunit: 490695
POC  196 TId: 0 ( I-SLICE, QP 26 )    3925560 bits [Y 99.9900 dB    U 99.9900 dB    V 99.9900 dB] [ET 10.48 ] [L0 ] [L1 ]
*** TRAIL_R numBytesInNALunit: 490940
POC  197 TId: 0 ( I-SLICE, QP 26 )    3927520 bits [Y 99.9900 dB    U 99.9900 dB    V 99.9900 dB] [ET 10.84 ] [L0 ] [L1 ]
*** TRAIL_R numBytesInNALunit: 491640
POC  198 TId: 0 ( I-SLICE, QP 26 )    3933120 bits [Y 99.9900 dB    U 99.9900 dB    V 99.9900 dB] [ET 10.61 ] [L0 ] [L1 ]
*** TRAIL_R numBytesInNALunit: 492248
POC  199 TId: 0 ( I-SLICE, QP 26 )    3937984 bits [Y 99.9900 dB    U 99.9900 dB    V 99.9900 dB] [ET 11.02 ] [L0 ] [L1 ]
*** TRAIL_R numBytesInNALunit: 491673
POC  200 TId: 0 ( I-SLICE, QP 26 )    3933384 bits [Y 99.9900 dB    U 99.9900 dB    V 99.9900 dB] [ET 10.70 ] [L0 ] [L1 ]
*** TRAIL_R numBytesInNALunit: 492451
POC  201 TId: 0 ( I-SLICE, QP 26 )    3939608 bits [Y 99.9900 dB    U 99.9900 dB    V 99.9900 dB] [ET 10.69 ] [L0 ] [L1 ]
*** TRAIL_R numBytesInNALunit: 491978
POC  202 TId: 0 ( I-SLICE, QP 26 )    3935824 bits [Y 99.9900 dB    U 99.9900 dB    V 99.9900 dB] [ET 10.52 ] [L0 ] [L1 ]
*** TRAIL_R numBytesInNALunit: 491542
POC  203 TId: 0 ( I-SLICE, QP 26 )    3932336 bits [Y 99.9900 dB    U 99.9900 dB    V 99.9900 dB] [ET  9.98 ] [L0 ] [L1 ]
*** TRAIL_R numBytesInNALunit: 492094
POC  204 TId: 0 ( I-SLICE, QP 26 )    3936752 bits [Y 99.9900 dB    U 99.9900 dB    V 99.9900 dB] [ET 10.14 ] [L0 ] [L1 ]
*** TRAIL_R numBytesInNALunit: 492655
POC  205 TId: 0 ( I-SLICE, QP 26 )    3941240 bits [Y 99.9900 dB    U 99.9900 dB    V 99.9900 dB] [ET 10.23 ] [L0 ] [L1 ]
*** TRAIL_R numBytesInNALunit: 492354
POC  206 TId: 0 ( I-SLICE, QP 26 )    3938832 bits [Y 99.9900 dB    U 99.9900 dB    V 99.9900 dB] [ET  9.97 ] [L0 ] [L1 ]
*** TRAIL_R numBytesInNALunit: 492555
POC  207 TId: 0 ( I-SLICE, QP 26 )    3940440 bits [Y 99.9900 dB    U 99.9900 dB    V 99.9900 dB] [ET  9.89 ] [L0 ] [L1 ]
*** TRAIL_R numBytesInNALunit: 492255
POC  208 TId: 0 ( I-SLICE, QP 26 )    3938040 bits [Y 99.9900 dB    U 99.9900 dB    V 99.9900 dB] [ET 10.30 ] [L0 ] [L1 ]
*** TRAIL_R numBytesInNALunit: 493116
POC  209 TId: 0 ( I-SLICE, QP 26 )    3944928 bits [Y 99.9900 dB    U 99.9900 dB    V 99.9900 dB] [ET 10.20 ] [L0 ] [L1 ]
*** TRAIL_R numBytesInNALunit: 492918
POC  210 TId: 0 ( I-SLICE, QP 26 )    3943344 bits [Y 99.9900 dB    U 99.9900 dB    V 99.9900 dB] [ET 10.94 ] [L0 ] [L1 ]
*** TRAIL_R numBytesInNALunit: 492812
POC  211 TId: 0 ( I-SLICE, QP 26 )    3942496 bits [Y 99.9900 dB    U 99.9900 dB    V 99.9900 dB] [ET 11.89 ] [L0 ] [L1 ]
*** TRAIL_R numBytesInNALunit: 492287
POC  212 TId: 0 ( I-SLICE, QP 26 )    3938296 bits [Y 99.9900 dB    U 99.9900 dB    V 99.9900 dB] [ET 11.81 ] [L0 ] [L1 ]
*** TRAIL_R numBytesInNALunit: 492262
POC  213 TId: 0 ( I-SLICE, QP 26 )    3938096 bits [Y 99.9900 dB    U 99.9900 dB    V 99.9900 dB] [ET 11.80 ] [L0 ] [L1 ]
*** TRAIL_R numBytesInNALunit: 491885
POC  214 TId: 0 ( I-SLICE, QP 26 )    3935080 bits [Y 99.9900 dB    U 99.9900 dB    V 99.9900 dB] [ET 11.72 ] [L0 ] [L1 ]
*** TRAIL_R numBytesInNALunit: 492080
POC  215 TId: 0 ( I-SLICE, QP 26 )    3936640 bits [Y 99.9900 dB    U 99.9900 dB    V 99.9900 dB] [ET 11.73 ] [L0 ] [L1 ]
*** TRAIL_R numBytesInNALunit: 491617
POC  216 TId: 0 ( I-SLICE, QP 26 )    3932936 bits [Y 99.9900 dB    U 99.9900 dB    V 99.9900 dB] [ET 11.95 ] [L0 ] [L1 ]
*** TRAIL_R numBytesInNALunit: 491998
POC  217 TId: 0 ( I-SLICE, QP 26 )    3935984 bits [Y 99.9900 dB    U 99.9900 dB    V 99.9900 dB] [ET 11.78 ] [L0 ] [L1 ]
*** TRAIL_R numBytesInNALunit: 491728
POC  218 TId: 0 ( I-SLICE, QP 26 )    3933824 bits [Y 99.9900 dB    U 99.9900 dB    V 99.9900 dB] [ET 11.88 ] [L0 ] [L1 ]
*** TRAIL_R numBytesInNALunit: 492565
POC  219 TId: 0 ( I-SLICE, QP 26 )    3940520 bits [Y 99.9900 dB    U 99.9900 dB    V 99.9900 dB] [ET 12.08 ] [L0 ] [L1 ]
*** TRAIL_R numBytesInNALunit: 492177
POC  220 TId: 0 ( I-SLICE, QP 26 )    3937416 bits [Y 99.9900 dB    U 99.9900 dB    V 99.9900 dB] [ET 11.83 ] [L0 ] [L1 ]
*** TRAIL_R numBytesInNALunit: 492664
POC  221 TId: 0 ( I-SLICE, QP 26 )    3941312 bits [Y 99.9900 dB    U 99.9900 dB    V 99.9900 dB] [ET 11.80 ] [L0 ] [L1 ]
*** TRAIL_R numBytesInNALunit: 491910
POC  222 TId: 0 ( I-SLICE, QP 26 )    3935280 bits [Y 99.9900 dB    U 99.9900 dB    V 99.9900 dB] [ET 11.86 ] [L0 ] [L1 ]
*** TRAIL_R numBytesInNALunit: 492074
POC  223 TId: 0 ( I-SLICE, QP 26 )    3936592 bits [Y 99.9900 dB    U 99.9900 dB    V 99.9900 dB] [ET 12.28 ] [L0 ] [L1 ]
*** TRAIL_R numBytesInNALunit: 492093
POC  224 TId: 0 ( I-SLICE, QP 26 )    3936744 bits [Y 99.9900 dB    U 99.9900 dB    V 99.9900 dB] [ET 11.88 ] [L0 ] [L1 ]
*** TRAIL_R numBytesInNALunit: 492448
POC  225 TId: 0 ( I-SLICE, QP 26 )    3939584 bits [Y 99.9900 dB    U 99.9900 dB    V 99.9900 dB] [ET 11.89 ] [L0 ] [L1 ]
*** TRAIL_R numBytesInNALunit: 491979
POC  226 TId: 0 ( I-SLICE, QP 26 )    3935832 bits [Y 99.9900 dB    U 99.9900 dB    V 99.9900 dB] [ET 12.12 ] [L0 ] [L1 ]
*** TRAIL_R numBytesInNALunit: 492573
POC  227 TId: 0 ( I-SLICE, QP 26 )    3940584 bits [Y 99.9900 dB    U 99.9900 dB    V 99.9900 dB] [ET 12.16 ] [L0 ] [L1 ]
*** TRAIL_R numBytesInNALunit: 492416
POC  228 TId: 0 ( I-SLICE, QP 26 )    3939328 bits [Y 99.9900 dB    U 99.9900 dB    V 99.9900 dB] [ET 12.19 ] [L0 ] [L1 ]
*** TRAIL_R numBytesInNALunit: 492607
POC  229 TId: 0 ( I-SLICE, QP 26 )    3940856 bits [Y 99.9900 dB    U 99.9900 dB    V 99.9900 dB] [ET 11.58 ] [L0 ] [L1 ]
*** TRAIL_R numBytesInNALunit: 493145
POC  230 TId: 0 ( I-SLICE, QP 26 )    3945160 bits [Y 99.9900 dB    U 99.9900 dB    V 99.9900 dB] [ET 11.95 ] [L0 ] [L1 ]
*** TRAIL_R numBytesInNALunit: 493812
POC  231 TId: 0 ( I-SLICE, QP 26 )    3950496 bits [Y 99.9900 dB    U 99.9900 dB    V 99.9900 dB] [ET 11.75 ] [L0 ] [L1 ]
*** TRAIL_R numBytesInNALunit: 493827
POC  232 TId: 0 ( I-SLICE, QP 26 )    3950616 bits [Y 99.9900 dB    U 99.9900 dB    V 99.9900 dB] [ET 11.62 ] [L0 ] [L1 ]
*** TRAIL_R numBytesInNALunit: 493528
POC  233 TId: 0 ( I-SLICE, QP 26 )    3948224 bits [Y 99.9900 dB    U 99.9900 dB    V 99.9900 dB] [ET 12.02 ] [L0 ] [L1 ]
*** TRAIL_R numBytesInNALunit: 493472
POC  234 TId: 0 ( I-SLICE, QP 26 )    3947776 bits [Y 99.9900 dB    U 99.9900 dB    V 99.9900 dB] [ET 11.98 ] [L0 ] [L1 ]
*** TRAIL_R numBytesInNALunit: 493931
POC  235 TId: 0 ( I-SLICE, QP 26 )    3951448 bits [Y 99.9900 dB    U 99.9900 dB    V 99.9900 dB] [ET 11.64 ] [L0 ] [L1 ]
*** TRAIL_R numBytesInNALunit: 493755
POC  236 TId: 0 ( I-SLICE, QP 26 )    3950040 bits [Y 99.9900 dB    U 99.9900 dB    V 99.9900 dB] [ET 11.62 ] [L0 ] [L1 ]
*** TRAIL_R numBytesInNALunit: 493242
POC  237 TId: 0 ( I-SLICE, QP 26 )    3945936 bits [Y 99.9900 dB    U 99.9900 dB    V 99.9900 dB] [ET 12.23 ] [L0 ] [L1 ]
*** TRAIL_R numBytesInNALunit: 492414
POC  238 TId: 0 ( I-SLICE, QP 26 )    3939312 bits [Y 99.9900 dB    U 99.9900 dB    V 99.9900 dB] [ET 11.86 ] [L0 ] [L1 ]
*** TRAIL_R numBytesInNALunit: 493273
POC  239 TId: 0 ( I-SLICE, QP 26 )    3946184 bits [Y 99.9900 dB    U 99.9900 dB    V 99.9900 dB] [ET 11.73 ] [L0 ] [L1 ]
*** TRAIL_R numBytesInNALunit: 493021
POC  240 TId: 0 ( I-SLICE, QP 26 )    3944168 bits [Y 99.9900 dB    U 99.9900 dB    V 99.9900 dB] [ET 11.66 ] [L0 ] [L1 ]
*** TRAIL_R numBytesInNALunit: 494019
POC  241 TId: 0 ( I-SLICE, QP 26 )    3952152 bits [Y 99.9900 dB    U 99.9900 dB    V 99.9900 dB] [ET 11.70 ] [L0 ] [L1 ]
*** TRAIL_R numBytesInNALunit: 494121
POC  242 TId: 0 ( I-SLICE, QP 26 )    3952968 bits [Y 99.9900 dB    U 99.9900 dB    V 99.9900 dB] [ET 12.00 ] [L0 ] [L1 ]
*** TRAIL_R numBytesInNALunit: 494644
POC  243 TId: 0 ( I-SLICE, QP 26 )    3957152 bits [Y 99.9900 dB    U 99.9900 dB    V 99.9900 dB] [ET 12.03 ] [L0 ] [L1 ]
*** TRAIL_R numBytesInNALunit: 494541
POC  244 TId: 0 ( I-SLICE, QP 26 )    3956328 bits [Y 99.9900 dB    U 99.9900 dB    V 99.9900 dB] [ET 11.55 ] [L0 ] [L1 ]
*** TRAIL_R numBytesInNALunit: 495706
POC  245 TId: 0 ( I-SLICE, QP 26 )    3965648 bits [Y 99.9900 dB    U 99.9900 dB    V 99.9900 dB] [ET 12.31 ] [L0 ] [L1 ]
*** TRAIL_R numBytesInNALunit: 495791
POC  246 TId: 0 ( I-SLICE, QP 26 )    3966328 bits [Y 99.9900 dB    U 99.9900 dB    V 99.9900 dB] [ET 11.92 ] [L0 ] [L1 ]
*** TRAIL_R numBytesInNALunit: 496661
POC  247 TId: 0 ( I-SLICE, QP 26 )    3973288 bits [Y 99.9900 dB    U 99.9900 dB    V 99.9900 dB] [ET 11.86 ] [L0 ] [L1 ]
*** TRAIL_R numBytesInNALunit: 496996
POC  248 TId: 0 ( I-SLICE, QP 26 )    3975968 bits [Y 99.9900 dB    U 99.9900 dB    V 99.9900 dB] [ET 11.77 ] [L0 ] [L1 ]
*** TRAIL_R numBytesInNALunit: 497220
POC  249 TId: 0 ( I-SLICE, QP 26 )    3977760 bits [Y 99.9900 dB    U 99.9900 dB    V 99.9900 dB] [ET 11.78 ] [L0 ] [L1 ]
*** TRAIL_R numBytesInNALunit: 496994
POC  250 TId: 0 ( I-SLICE, QP 26 )    3975952 bits [Y 99.9900 dB    U 99.9900 dB    V 99.9900 dB] [ET 11.73 ] [L0 ] [L1 ]
*** TRAIL_R numBytesInNALunit: 497652
POC  251 TId: 0 ( I-SLICE, QP 26 )    3981216 bits [Y 99.9900 dB    U 99.9900 dB    V 99.9900 dB] [ET 11.78 ] [L0 ] [L1 ]
*** TRAIL_R numBytesInNALunit: 498151
POC  252 TId: 0 ( I-SLICE, QP 26 )    3985208 bits [Y 99.9900 dB    U 99.9900 dB    V 99.9900 dB] [ET 12.06 ] [L0 ] [L1 ]
*** TRAIL_R numBytesInNALunit: 497885
POC  253 TId: 0 ( I-SLICE, QP 26 )    3983080 bits [Y 99.9900 dB    U 99.9900 dB    V 99.9900 dB] [ET 11.83 ] [L0 ] [L1 ]
*** TRAIL_R numBytesInNALunit: 497832
POC  254 TId: 0 ( I-SLICE, QP 26 )    3982656 bits [Y 99.9900 dB    U 99.9900 dB    V 99.9900 dB] [ET 11.84 ] [L0 ] [L1 ]
*** TRAIL_R numBytesInNALunit: 497541
POC  255 TId: 0 ( I-SLICE, QP 26 )    3980328 bits [Y 99.9900 dB    U 99.9900 dB    V 99.9900 dB] [ET 11.77 ] [L0 ] [L1 ]
*** TRAIL_R numBytesInNALunit: 497280
POC  256 TId: 0 ( I-SLICE, QP 26 )    3978240 bits [Y 99.9900 dB    U 99.9900 dB    V 99.9900 dB] [ET 11.86 ] [L0 ] [L1 ]
*** TRAIL_R numBytesInNALunit: 497321
POC  257 TId: 0 ( I-SLICE, QP 26 )    3978568 bits [Y 99.9900 dB    U 99.9900 dB    V 99.9900 dB] [ET 12.14 ] [L0 ] [L1 ]
*** TRAIL_R numBytesInNALunit: 496868
POC  258 TId: 0 ( I-SLICE, QP 26 )    3974944 bits [Y 99.9900 dB    U 99.9900 dB    V 99.9900 dB] [ET 11.92 ] [L0 ] [L1 ]
*** TRAIL_R numBytesInNALunit: 496543
POC  259 TId: 0 ( I-SLICE, QP 26 )    3972344 bits [Y 99.9900 dB    U 99.9900 dB    V 99.9900 dB] [ET 11.89 ] [L0 ] [L1 ]
*** TRAIL_R numBytesInNALunit: 496284
POC  260 TId: 0 ( I-SLICE, QP 26 )    3970272 bits [Y 99.9900 dB    U 99.9900 dB    V 99.9900 dB] [ET 11.88 ] [L0 ] [L1 ]
*** TRAIL_R numBytesInNALunit: 495965
POC  261 TId: 0 ( I-SLICE, QP 26 )    3967720 bits [Y 99.9900 dB    U 99.9900 dB    V 99.9900 dB] [ET 11.77 ] [L0 ] [L1 ]
*** TRAIL_R numBytesInNALunit: 496033
POC  262 TId: 0 ( I-SLICE, QP 26 )    3968264 bits [Y 99.9900 dB    U 99.9900 dB    V 99.9900 dB] [ET 12.03 ] [L0 ] [L1 ]
*** TRAIL_R numBytesInNALunit: 496109
POC  263 TId: 0 ( I-SLICE, QP 26 )    3968872 bits [Y 99.9900 dB    U 99.9900 dB    V 99.9900 dB] [ET 11.47 ] [L0 ] [L1 ]
*** TRAIL_R numBytesInNALunit: 496073
POC  264 TId: 0 ( I-SLICE, QP 26 )    3968584 bits [Y 99.9900 dB    U 99.9900 dB    V 99.9900 dB] [ET 11.73 ] [L0 ] [L1 ]
*** TRAIL_R numBytesInNALunit: 495570
POC  265 TId: 0 ( I-SLICE, QP 26 )    3964560 bits [Y 99.9900 dB    U 99.9900 dB    V 99.9900 dB] [ET 11.91 ] [L0 ] [L1 ]
*** TRAIL_R numBytesInNALunit: 495242
POC  266 TId: 0 ( I-SLICE, QP 26 )    3961936 bits [Y 99.9900 dB    U 99.9900 dB    V 99.9900 dB] [ET 12.12 ] [L0 ] [L1 ]
*** TRAIL_R numBytesInNALunit: 494803
POC  267 TId: 0 ( I-SLICE, QP 26 )    3958424 bits [Y 99.9900 dB    U 99.9900 dB    V 99.9900 dB] [ET 11.91 ] [L0 ] [L1 ]
*** TRAIL_R numBytesInNALunit: 493965
POC  268 TId: 0 ( I-SLICE, QP 26 )    3951720 bits [Y 99.9900 dB    U 99.9900 dB    V 99.9900 dB] [ET 11.95 ] [L0 ] [L1 ]
*** TRAIL_R numBytesInNALunit: 493847
POC  269 TId: 0 ( I-SLICE, QP 26 )    3950776 bits [Y 99.9900 dB    U 99.9900 dB    V 99.9900 dB] [ET 12.19 ] [L0 ] [L1 ]
*** TRAIL_R numBytesInNALunit: 493450
POC  270 TId: 0 ( I-SLICE, QP 26 )    3947600 bits [Y 99.9900 dB    U 99.9900 dB    V 99.9900 dB] [ET 11.89 ] [L0 ] [L1 ]
*** TRAIL_R numBytesInNALunit: 492475
POC  271 TId: 0 ( I-SLICE, QP 26 )    3939800 bits [Y 99.9900 dB    U 99.9900 dB    V 99.9900 dB] [ET 11.98 ] [L0 ] [L1 ]
*** TRAIL_R numBytesInNALunit: 492946
POC  272 TId: 0 ( I-SLICE, QP 26 )    3943568 bits [Y 99.9900 dB    U 99.9900 dB    V 99.9900 dB] [ET 11.72 ] [L0 ] [L1 ]
*** TRAIL_R numBytesInNALunit: 492427
POC  273 TId: 0 ( I-SLICE, QP 26 )    3939416 bits [Y 99.9900 dB    U 99.9900 dB    V 99.9900 dB] [ET 12.14 ] [L0 ] [L1 ]
*** TRAIL_R numBytesInNALunit: 492533
POC  274 TId: 0 ( I-SLICE, QP 26 )    3940264 bits [Y 99.9900 dB    U 99.9900 dB    V 99.9900 dB] [ET 11.95 ] [L0 ] [L1 ]
*** TRAIL_R numBytesInNALunit: 492251
POC  275 TId: 0 ( I-SLICE, QP 26 )    3938008 bits [Y 99.9900 dB    U 99.9900 dB    V 99.9900 dB] [ET 12.02 ] [L0 ] [L1 ]
*** TRAIL_R numBytesInNALunit: 492296
POC  276 TId: 0 ( I-SLICE, QP 26 )    3938368 bits [Y 99.9900 dB    U 99.9900 dB    V 99.9900 dB] [ET 12.00 ] [L0 ] [L1 ]
*** TRAIL_R numBytesInNALunit: 491563
POC  277 TId: 0 ( I-SLICE, QP 26 )    3932504 bits [Y 99.9900 dB    U 99.9900 dB    V 99.9900 dB] [ET 12.36 ] [L0 ] [L1 ]
*** TRAIL_R numBytesInNALunit: 491753
POC  278 TId: 0 ( I-SLICE, QP 26 )    3934024 bits [Y 99.9900 dB    U 99.9900 dB    V 99.9900 dB] [ET 11.89 ] [L0 ] [L1 ]
*** TRAIL_R numBytesInNALunit: 492100
POC  279 TId: 0 ( I-SLICE, QP 26 )    3936800 bits [Y 99.9900 dB    U 99.9900 dB    V 99.9900 dB] [ET 12.00 ] [L0 ] [L1 ]
*** TRAIL_R numBytesInNALunit: 492458
POC  280 TId: 0 ( I-SLICE, QP 26 )    3939664 bits [Y 99.9900 dB    U 99.9900 dB    V 99.9900 dB] [ET 12.17 ] [L0 ] [L1 ]
*** TRAIL_R numBytesInNALunit: 492174
POC  281 TId: 0 ( I-SLICE, QP 26 )    3937392 bits [Y 99.9900 dB    U 99.9900 dB    V 99.9900 dB] [ET 12.00 ] [L0 ] [L1 ]
*** TRAIL_R numBytesInNALunit: 491914
POC  282 TId: 0 ( I-SLICE, QP 26 )    3935312 bits [Y 99.9900 dB    U 99.9900 dB    V 99.9900 dB] [ET 12.05 ] [L0 ] [L1 ]
*** TRAIL_R numBytesInNALunit: 492658
POC  283 TId: 0 ( I-SLICE, QP 26 )    3941264 bits [Y 99.9900 dB    U 99.9900 dB    V 99.9900 dB] [ET 12.14 ] [L0 ] [L1 ]
*** TRAIL_R numBytesInNALunit: 491709
POC  284 TId: 0 ( I-SLICE, QP 26 )    3933672 bits [Y 99.9900 dB    U 99.9900 dB    V 99.9900 dB] [ET 12.19 ] [L0 ] [L1 ]
*** TRAIL_R numBytesInNALunit: 492058
POC  285 TId: 0 ( I-SLICE, QP 26 )    3936464 bits [Y 99.9900 dB    U 99.9900 dB    V 99.9900 dB] [ET 12.03 ] [L0 ] [L1 ]
*** TRAIL_R numBytesInNALunit: 491735
POC  286 TId: 0 ( I-SLICE, QP 26 )    3933880 bits [Y 99.9900 dB    U 99.9900 dB    V 99.9900 dB] [ET 12.25 ] [L0 ] [L1 ]
*** TRAIL_R numBytesInNALunit: 491521
POC  287 TId: 0 ( I-SLICE, QP 26 )    3932168 bits [Y 99.9900 dB    U 99.9900 dB    V 99.9900 dB] [ET 12.08 ] [L0 ] [L1 ]
*** TRAIL_R numBytesInNALunit: 491660
POC  288 TId: 0 ( I-SLICE, QP 26 )    3933280 bits [Y 99.9900 dB    U 99.9900 dB    V 99.9900 dB] [ET 12.23 ] [L0 ] [L1 ]
*** TRAIL_R numBytesInNALunit: 491318
POC  289 TId: 0 ( I-SLICE, QP 26 )    3930544 bits [Y 99.9900 dB    U 99.9900 dB    V 99.9900 dB] [ET 12.19 ] [L0 ] [L1 ]
*** TRAIL_R numBytesInNALunit: 490930
POC  290 TId: 0 ( I-SLICE, QP 26 )    3927440 bits [Y 99.9900 dB    U 99.9900 dB    V 99.9900 dB] [ET 12.16 ] [L0 ] [L1 ]
*** TRAIL_R numBytesInNALunit: 491201
POC  291 TId: 0 ( I-SLICE, QP 26 )    3929608 bits [Y 99.9900 dB    U 99.9900 dB    V 99.9900 dB] [ET 12.12 ] [L0 ] [L1 ]
*** TRAIL_R numBytesInNALunit: 491121
POC  292 TId: 0 ( I-SLICE, QP 26 )    3928968 bits [Y 99.9900 dB    U 99.9900 dB    V 99.9900 dB] [ET 12.00 ] [L0 ] [L1 ]
*** TRAIL_R numBytesInNALunit: 491260
POC  293 TId: 0 ( I-SLICE, QP 26 )    3930080 bits [Y 99.9900 dB    U 99.9900 dB    V 99.9900 dB] [ET 12.20 ] [L0 ] [L1 ]
*** TRAIL_R numBytesInNALunit: 490866
POC  294 TId: 0 ( I-SLICE, QP 26 )    3926928 bits [Y 99.9900 dB    U 99.9900 dB    V 99.9900 dB] [ET 12.39 ] [L0 ] [L1 ]
*** TRAIL_R numBytesInNALunit: 492281
POC  295 TId: 0 ( I-SLICE, QP 26 )    3938248 bits [Y 99.9900 dB    U 99.9900 dB    V 99.9900 dB] [ET 12.05 ] [L0 ] [L1 ]
*** TRAIL_R numBytesInNALunit: 492060
POC  296 TId: 0 ( I-SLICE, QP 26 )    3936480 bits [Y 99.9900 dB    U 99.9900 dB    V 99.9900 dB] [ET 12.22 ] [L0 ] [L1 ]
*** TRAIL_R numBytesInNALunit: 491620
POC  297 TId: 0 ( I-SLICE, QP 26 )    3932960 bits [Y 99.9900 dB    U 99.9900 dB    V 99.9900 dB] [ET 12.30 ] [L0 ] [L1 ]
*** TRAIL_R numBytesInNALunit: 491303
POC  298 TId: 0 ( I-SLICE, QP 26 )    3930424 bits [Y 99.9900 dB    U 99.9900 dB    V 99.9900 dB] [ET 11.86 ] [L0 ] [L1 ]
*** TRAIL_R numBytesInNALunit: 492249
POC  299 TId: 0 ( I-SLICE, QP 26 )    3937992 bits [Y 99.9900 dB    U 99.9900 dB    V 99.9900 dB] [ET 12.38 ] [L0 ] [L1 ]
*** TRAIL_R numBytesInNALunit: 492204
POC  300 TId: 0 ( I-SLICE, QP 26 )    3937632 bits [Y 99.9900 dB    U 99.9900 dB    V 99.9900 dB] [ET 12.17 ] [L0 ] [L1 ]
*** TRAIL_R numBytesInNALunit: 493087
POC  301 TId: 0 ( I-SLICE, QP 26 )    3944696 bits [Y 99.9900 dB    U 99.9900 dB    V 99.9900 dB] [ET 12.34 ] [L0 ] [L1 ]
*** TRAIL_R numBytesInNALunit: 492998
POC  302 TId: 0 ( I-SLICE, QP 26 )    3943984 bits [Y 99.9900 dB    U 99.9900 dB    V 99.9900 dB] [ET 12.03 ] [L0 ] [L1 ]
*** TRAIL_R numBytesInNALunit: 493176
POC  303 TId: 0 ( I-SLICE, QP 26 )    3945408 bits [Y 99.9900 dB    U 99.9900 dB    V 99.9900 dB] [ET 12.31 ] [L0 ] [L1 ]
*** TRAIL_R numBytesInNALunit: 494085
POC  304 TId: 0 ( I-SLICE, QP 26 )    3952680 bits [Y 99.9900 dB    U 99.9900 dB    V 99.9900 dB] [ET 12.42 ] [L0 ] [L1 ]
*** TRAIL_R numBytesInNALunit: 493809
POC  305 TId: 0 ( I-SLICE, QP 26 )    3950472 bits [Y 99.9900 dB    U 99.9900 dB    V 99.9900 dB] [ET 12.11 ] [L0 ] [L1 ]
*** TRAIL_R numBytesInNALunit: 493693
POC  306 TId: 0 ( I-SLICE, QP 26 )    3949544 bits [Y 99.9900 dB    U 99.9900 dB    V 99.9900 dB] [ET 12.20 ] [L0 ] [L1 ]
*** TRAIL_R numBytesInNALunit: 493976
POC  307 TId: 0 ( I-SLICE, QP 26 )    3951808 bits [Y 99.9900 dB    U 99.9900 dB    V 99.9900 dB] [ET 12.02 ] [L0 ] [L1 ]
*** TRAIL_R numBytesInNALunit: 494237
POC  308 TId: 0 ( I-SLICE, QP 26 )    3953896 bits [Y 99.9900 dB    U 99.9900 dB    V 99.9900 dB] [ET 12.02 ] [L0 ] [L1 ]
*** TRAIL_R numBytesInNALunit: 493852
POC  309 TId: 0 ( I-SLICE, QP 26 )    3950816 bits [Y 99.9900 dB    U 99.9900 dB    V 99.9900 dB] [ET 12.44 ] [L0 ] [L1 ]
*** TRAIL_R numBytesInNALunit: 493713
POC  310 TId: 0 ( I-SLICE, QP 26 )    3949704 bits [Y 99.9900 dB    U 99.9900 dB    V 99.9900 dB] [ET 12.25 ] [L0 ] [L1 ]
*** TRAIL_R numBytesInNALunit: 493910
POC  311 TId: 0 ( I-SLICE, QP 26 )    3951280 bits [Y 99.9900 dB    U 99.9900 dB    V 99.9900 dB] [ET 12.33 ] [L0 ] [L1 ]
*** TRAIL_R numBytesInNALunit: 494387
POC  312 TId: 0 ( I-SLICE, QP 26 )    3955096 bits [Y 99.9900 dB    U 99.9900 dB    V 99.9900 dB] [ET 12.19 ] [L0 ] [L1 ]
*** TRAIL_R numBytesInNALunit: 495152
POC  313 TId: 0 ( I-SLICE, QP 26 )    3961216 bits [Y 99.9900 dB    U 99.9900 dB    V 99.9900 dB] [ET 12.44 ] [L0 ] [L1 ]
*** TRAIL_R numBytesInNALunit: 495200
POC  314 TId: 0 ( I-SLICE, QP 26 )    3961600 bits [Y 99.9900 dB    U 99.9900 dB    V 99.9900 dB] [ET 12.27 ] [L0 ] [L1 ]
*** TRAIL_R numBytesInNALunit: 495809
POC  315 TId: 0 ( I-SLICE, QP 26 )    3966472 bits [Y 99.9900 dB    U 99.9900 dB    V 99.9900 dB] [ET 12.41 ] [L0 ] [L1 ]
*** TRAIL_R numBytesInNALunit: 495456
POC  316 TId: 0 ( I-SLICE, QP 26 )    3963648 bits [Y 99.9900 dB    U 99.9900 dB    V 99.9900 dB] [ET 12.05 ] [L0 ] [L1 ]
*** TRAIL_R numBytesInNALunit: 496045
POC  317 TId: 0 ( I-SLICE, QP 26 )    3968360 bits [Y 99.9900 dB    U 99.9900 dB    V 99.9900 dB] [ET 12.08 ] [L0 ] [L1 ]
*** TRAIL_R numBytesInNALunit: 496072
POC  318 TId: 0 ( I-SLICE, QP 26 )    3968576 bits [Y 99.9900 dB    U 99.9900 dB    V 99.9900 dB] [ET 12.12 ] [L0 ] [L1 ]
*** TRAIL_R numBytesInNALunit: 497006
POC  319 TId: 0 ( I-SLICE, QP 26 )    3976048 bits [Y 99.9900 dB    U 99.9900 dB    V 99.9900 dB] [ET 12.22 ] [L0 ] [L1 ]
*** TRAIL_R numBytesInNALunit: 496968
POC  320 TId: 0 ( I-SLICE, QP 26 )    3975744 bits [Y 99.9900 dB    U 99.9900 dB    V 99.9900 dB] [ET 12.17 ] [L0 ] [L1 ]
*** TRAIL_R numBytesInNALunit: 496813
POC  321 TId: 0 ( I-SLICE, QP 26 )    3974504 bits [Y 99.9900 dB    U 99.9900 dB    V 99.9900 dB] [ET 12.25 ] [L0 ] [L1 ]
*** TRAIL_R numBytesInNALunit: 497143
POC  322 TId: 0 ( I-SLICE, QP 26 )    3977144 bits [Y 99.9900 dB    U 99.9900 dB    V 99.9900 dB] [ET 11.95 ] [L0 ] [L1 ]
*** TRAIL_R numBytesInNALunit: 497608
POC  323 TId: 0 ( I-SLICE, QP 26 )    3980864 bits [Y 99.9900 dB    U 99.9900 dB    V 99.9900 dB] [ET 12.39 ] [L0 ] [L1 ]
*** TRAIL_R numBytesInNALunit: 497453
POC  324 TId: 0 ( I-SLICE, QP 26 )    3979624 bits [Y 99.9900 dB    U 99.9900 dB    V 99.9900 dB] [ET 12.30 ] [L0 ] [L1 ]
*** TRAIL_R numBytesInNALunit: 497208
POC  325 TId: 0 ( I-SLICE, QP 26 )    3977664 bits [Y 99.9900 dB    U 99.9900 dB    V 99.9900 dB] [ET 12.02 ] [L0 ] [L1 ]
*** TRAIL_R numBytesInNALunit: 497120
POC  326 TId: 0 ( I-SLICE, QP 26 )    3976960 bits [Y 99.9900 dB    U 99.9900 dB    V 99.9900 dB] [ET 12.33 ] [L0 ] [L1 ]
*** TRAIL_R numBytesInNALunit: 497322
POC  327 TId: 0 ( I-SLICE, QP 26 )    3978576 bits [Y 99.9900 dB    U 99.9900 dB    V 99.9900 dB] [ET 12.56 ] [L0 ] [L1 ]
*** TRAIL_R numBytesInNALunit: 497793
POC  328 TId: 0 ( I-SLICE, QP 26 )    3982344 bits [Y 99.9900 dB    U 99.9900 dB    V 99.9900 dB] [ET 12.45 ] [L0 ] [L1 ]
*** TRAIL_R numBytesInNALunit: 497521
POC  329 TId: 0 ( I-SLICE, QP 26 )    3980168 bits [Y 99.9900 dB    U 99.9900 dB    V 99.9900 dB] [ET 12.34 ] [L0 ] [L1 ]
*** TRAIL_R numBytesInNALunit: 497595
POC  330 TId: 0 ( I-SLICE, QP 26 )    3980760 bits [Y 99.9900 dB    U 99.9900 dB    V 99.9900 dB] [ET 12.33 ] [L0 ] [L1 ]
*** TRAIL_R numBytesInNALunit: 497889
POC  331 TId: 0 ( I-SLICE, QP 26 )    3983112 bits [Y 99.9900 dB    U 99.9900 dB    V 99.9900 dB] [ET 12.27 ] [L0 ] [L1 ]
*** TRAIL_R numBytesInNALunit: 497936
POC  332 TId: 0 ( I-SLICE, QP 26 )    3983488 bits [Y 99.9900 dB    U 99.9900 dB    V 99.9900 dB] [ET 12.33 ] [L0 ] [L1 ]
*** TRAIL_R numBytesInNALunit: 497350
POC  333 TId: 0 ( I-SLICE, QP 26 )    3978800 bits [Y 99.9900 dB    U 99.9900 dB    V 99.9900 dB] [ET 12.22 ] [L0 ] [L1 ]
*** TRAIL_R numBytesInNALunit: 497702
POC  334 TId: 0 ( I-SLICE, QP 26 )    3981616 bits [Y 99.9900 dB    U 99.9900 dB    V 99.9900 dB] [ET 12.06 ] [L0 ] [L1 ]
*** TRAIL_R numBytesInNALunit: 498004
POC  335 TId: 0 ( I-SLICE, QP 26 )    3984032 bits [Y 99.9900 dB    U 99.9900 dB    V 99.9900 dB] [ET 12.14 ] [L0 ] [L1 ]
*** TRAIL_R numBytesInNALunit: 497448
POC  336 TId: 0 ( I-SLICE, QP 26 )    3979584 bits [Y 99.9900 dB    U 99.9900 dB    V 99.9900 dB] [ET 12.16 ] [L0 ] [L1 ]
*** TRAIL_R numBytesInNALunit: 497107
POC  337 TId: 0 ( I-SLICE, QP 26 )    3976856 bits [Y 99.9900 dB    U 99.9900 dB    V 99.9900 dB] [ET 12.00 ] [L0 ] [L1 ]
*** TRAIL_R numBytesInNALunit: 496921
POC  338 TId: 0 ( I-SLICE, QP 26 )    3975368 bits [Y 99.9900 dB    U 99.9900 dB    V 99.9900 dB] [ET 12.05 ] [L0 ] [L1 ]
*** TRAIL_R numBytesInNALunit: 497287
POC  339 TId: 0 ( I-SLICE, QP 26 )    3978296 bits [Y 99.9900 dB    U 99.9900 dB    V 99.9900 dB] [ET 12.38 ] [L0 ] [L1 ]
*** TRAIL_R numBytesInNALunit: 496746
POC  340 TId: 0 ( I-SLICE, QP 26 )    3973968 bits [Y 99.9900 dB    U 99.9900 dB    V 99.9900 dB] [ET 12.20 ] [L0 ] [L1 ]
*** TRAIL_R numBytesInNALunit: 496839
POC  341 TId: 0 ( I-SLICE, QP 26 )    3974712 bits [Y 99.9900 dB    U 99.9900 dB    V 99.9900 dB] [ET 12.06 ] [L0 ] [L1 ]
*** TRAIL_R numBytesInNALunit: 496876
POC  342 TId: 0 ( I-SLICE, QP 26 )    3975008 bits [Y 99.9900 dB    U 99.9900 dB    V 99.9900 dB] [ET 12.45 ] [L0 ] [L1 ]
*** TRAIL_R numBytesInNALunit: 497075
POC  343 TId: 0 ( I-SLICE, QP 26 )    3976600 bits [Y 99.9900 dB    U 99.9900 dB    V 99.9900 dB] [ET 12.38 ] [L0 ] [L1 ]
*** TRAIL_R numBytesInNALunit: 497199
POC  344 TId: 0 ( I-SLICE, QP 26 )    3977592 bits [Y 99.9900 dB    U 99.9900 dB    V 99.9900 dB] [ET 12.53 ] [L0 ] [L1 ]
*** TRAIL_R numBytesInNALunit: 497466
POC  345 TId: 0 ( I-SLICE, QP 26 )    3979728 bits [Y 99.9900 dB    U 99.9900 dB    V 99.9900 dB] [ET 12.20 ] [L0 ] [L1 ]
*** TRAIL_R numBytesInNALunit: 497682
POC  346 TId: 0 ( I-SLICE, QP 26 )    3981456 bits [Y 99.9900 dB    U 99.9900 dB    V 99.9900 dB] [ET 12.39 ] [L0 ] [L1 ]
*** TRAIL_R numBytesInNALunit: 497903
POC  347 TId: 0 ( I-SLICE, QP 26 )    3983224 bits [Y 99.9900 dB    U 99.9900 dB    V 99.9900 dB] [ET 12.28 ] [L0 ] [L1 ]
*** TRAIL_R numBytesInNALunit: 498062
POC  348 TId: 0 ( I-SLICE, QP 26 )    3984496 bits [Y 99.9900 dB    U 99.9900 dB    V 99.9900 dB] [ET 12.02 ] [L0 ] [L1 ]
*** TRAIL_R numBytesInNALunit: 498225
POC  349 TId: 0 ( I-SLICE, QP 26 )    3985800 bits [Y 99.9900 dB    U 99.9900 dB    V 99.9900 dB] [ET 12.27 ] [L0 ] [L1 ]
*** TRAIL_R numBytesInNALunit: 497740
POC  350 TId: 0 ( I-SLICE, QP 26 )    3981920 bits [Y 99.9900 dB    U 99.9900 dB    V 99.9900 dB] [ET 12.12 ] [L0 ] [L1 ]
*** TRAIL_R numBytesInNALunit: 498370
POC  351 TId: 0 ( I-SLICE, QP 26 )    3986960 bits [Y 99.9900 dB    U 99.9900 dB    V 99.9900 dB] [ET 12.28 ] [L0 ] [L1 ]
*** TRAIL_R numBytesInNALunit: 497977
POC  352 TId: 0 ( I-SLICE, QP 26 )    3983816 bits [Y 99.9900 dB    U 99.9900 dB    V 99.9900 dB] [ET 12.16 ] [L0 ] [L1 ]
*** TRAIL_R numBytesInNALunit: 499149
POC  353 TId: 0 ( I-SLICE, QP 26 )    3993192 bits [Y 99.9900 dB    U 99.9900 dB    V 99.9900 dB] [ET 12.31 ] [L0 ] [L1 ]
*** TRAIL_R numBytesInNALunit: 497666
POC  354 TId: 0 ( I-SLICE, QP 26 )    3981328 bits [Y 99.9900 dB    U 99.9900 dB    V 99.9900 dB] [ET 12.23 ] [L0 ] [L1 ]
*** TRAIL_R numBytesInNALunit: 498062
POC  355 TId: 0 ( I-SLICE, QP 26 )    3984496 bits [Y 99.9900 dB    U 99.9900 dB    V 99.9900 dB] [ET 12.11 ] [L0 ] [L1 ]
*** TRAIL_R numBytesInNALunit: 497644
POC  356 TId: 0 ( I-SLICE, QP 26 )    3981152 bits [Y 99.9900 dB    U 99.9900 dB    V 99.9900 dB] [ET 12.34 ] [L0 ] [L1 ]
*** TRAIL_R numBytesInNALunit: 497873
POC  357 TId: 0 ( I-SLICE, QP 26 )    3982984 bits [Y 99.9900 dB    U 99.9900 dB    V 99.9900 dB] [ET 12.06 ] [L0 ] [L1 ]
*** TRAIL_R numBytesInNALunit: 498101
POC  358 TId: 0 ( I-SLICE, QP 26 )    3984808 bits [Y 99.9900 dB    U 99.9900 dB    V 99.9900 dB] [ET 12.45 ] [L0 ] [L1 ]
*** TRAIL_R numBytesInNALunit: 498235
POC  359 TId: 0 ( I-SLICE, QP 26 )    3985880 bits [Y 99.9900 dB    U 99.9900 dB    V 99.9900 dB] [ET 12.25 ] [L0 ] [L1 ]
*** TRAIL_R numBytesInNALunit: 497731
POC  360 TId: 0 ( I-SLICE, QP 26 )    3981848 bits [Y 99.9900 dB    U 99.9900 dB    V 99.9900 dB] [ET 12.31 ] [L0 ] [L1 ]
*** TRAIL_R numBytesInNALunit: 498550
POC  361 TId: 0 ( I-SLICE, QP 26 )    3988400 bits [Y 99.9900 dB    U 99.9900 dB    V 99.9900 dB] [ET 12.31 ] [L0 ] [L1 ]
*** TRAIL_R numBytesInNALunit: 497381
POC  362 TId: 0 ( I-SLICE, QP 26 )    3979048 bits [Y 99.9900 dB    U 99.9900 dB    V 99.9900 dB] [ET 12.59 ] [L0 ] [L1 ]
*** TRAIL_R numBytesInNALunit: 497574
POC  363 TId: 0 ( I-SLICE, QP 26 )    3980592 bits [Y 99.9900 dB    U 99.9900 dB    V 99.9900 dB] [ET 12.28 ] [L0 ] [L1 ]
*** TRAIL_R numBytesInNALunit: 496266
POC  364 TId: 0 ( I-SLICE, QP 26 )    3970128 bits [Y 99.9900 dB    U 99.9900 dB    V 99.9900 dB] [ET 12.61 ] [L0 ] [L1 ]
*** TRAIL_R numBytesInNALunit: 496350
POC  365 TId: 0 ( I-SLICE, QP 26 )    3970800 bits [Y 99.9900 dB    U 99.9900 dB    V 99.9900 dB] [ET 12.80 ] [L0 ] [L1 ]
*** TRAIL_R numBytesInNALunit: 496051
POC  366 TId: 0 ( I-SLICE, QP 26 )    3968408 bits [Y 99.9900 dB    U 99.9900 dB    V 99.9900 dB] [ET 12.39 ] [L0 ] [L1 ]
*** TRAIL_R numBytesInNALunit: 495820
POC  367 TId: 0 ( I-SLICE, QP 26 )    3966560 bits [Y 99.9900 dB    U 99.9900 dB    V 99.9900 dB] [ET 12.50 ] [L0 ] [L1 ]
*** TRAIL_R numBytesInNALunit: 495823
POC  368 TId: 0 ( I-SLICE, QP 26 )    3966584 bits [Y 99.9900 dB    U 99.9900 dB    V 99.9900 dB] [ET 15.50 ] [L0 ] [L1 ]
*** TRAIL_R numBytesInNALunit: 495503
POC  369 TId: 0 ( I-SLICE, QP 26 )    3964024 bits [Y 99.9900 dB    U 99.9900 dB    V 99.9900 dB] [ET 25.00 ] [L0 ] [L1 ]
*** TRAIL_R numBytesInNALunit: 495175
POC  370 TId: 0 ( I-SLICE, QP 26 )    3961400 bits [Y 99.9900 dB    U 99.9900 dB    V 99.9900 dB] [ET 24.86 ] [L0 ] [L1 ]
*** TRAIL_R numBytesInNALunit: 495433
POC  371 TId: 0 ( I-SLICE, QP 26 )    3963464 bits [Y 99.9900 dB    U 99.9900 dB    V 99.9900 dB] [ET 25.17 ] [L0 ] [L1 ]
*** TRAIL_R numBytesInNALunit: 494872
POC  372 TId: 0 ( I-SLICE, QP 26 )    3958976 bits [Y 99.9900 dB    U 99.9900 dB    V 99.9900 dB] [ET 24.31 ] [L0 ] [L1 ]
*** TRAIL_R numBytesInNALunit: 495401
POC  373 TId: 0 ( I-SLICE, QP 26 )    3963208 bits [Y 99.9900 dB    U 99.9900 dB    V 99.9900 dB] [ET 24.89 ] [L0 ] [L1 ]
*** TRAIL_R numBytesInNALunit: 494879
POC  374 TId: 0 ( I-SLICE, QP 26 )    3959032 bits [Y 99.9900 dB    U 99.9900 dB    V 99.9900 dB] [ET 24.72 ] [L0 ] [L1 ]
*** TRAIL_R numBytesInNALunit: 494753
POC  375 TId: 0 ( I-SLICE, QP 26 )    3958024 bits [Y 99.9900 dB    U 99.9900 dB    V 99.9900 dB] [ET 24.78 ] [L0 ] [L1 ]
*** TRAIL_R numBytesInNALunit: 494236
POC  376 TId: 0 ( I-SLICE, QP 26 )    3953888 bits [Y 99.9900 dB    U 99.9900 dB    V 99.9900 dB] [ET 24.52 ] [L0 ] [L1 ]
*** TRAIL_R numBytesInNALunit: 494751
POC  377 TId: 0 ( I-SLICE, QP 26 )    3958008 bits [Y 99.9900 dB    U 99.9900 dB    V 99.9900 dB] [ET 24.67 ] [L0 ] [L1 ]
*** TRAIL_R numBytesInNALunit: 494749
POC  378 TId: 0 ( I-SLICE, QP 26 )    3957992 bits [Y 99.9900 dB    U 99.9900 dB    V 99.9900 dB] [ET 24.39 ] [L0 ] [L1 ]
*** TRAIL_R numBytesInNALunit: 495138
POC  379 TId: 0 ( I-SLICE, QP 26 )    3961104 bits [Y 99.9900 dB    U 99.9900 dB    V 99.9900 dB] [ET 25.02 ] [L0 ] [L1 ]
*** TRAIL_R numBytesInNALunit: 494610
POC  380 TId: 0 ( I-SLICE, QP 26 )    3956880 bits [Y 99.9900 dB    U 99.9900 dB    V 99.9900 dB] [ET 24.81 ] [L0 ] [L1 ]
*** TRAIL_R numBytesInNALunit: 494609
POC  381 TId: 0 ( I-SLICE, QP 26 )    3956872 bits [Y 99.9900 dB    U 99.9900 dB    V 99.9900 dB] [ET 24.64 ] [L0 ] [L1 ]
*** TRAIL_R numBytesInNALunit: 494501
POC  382 TId: 0 ( I-SLICE, QP 26 )    3956008 bits [Y 99.9900 dB    U 99.9900 dB    V 99.9900 dB] [ET 24.86 ] [L0 ] [L1 ]
*** TRAIL_R numBytesInNALunit: 495229
POC  383 TId: 0 ( I-SLICE, QP 26 )    3961832 bits [Y 99.9900 dB    U 99.9900 dB    V 99.9900 dB] [ET 24.94 ] [L0 ] [L1 ]
*** TRAIL_R numBytesInNALunit: 494931
POC  384 TId: 0 ( I-SLICE, QP 26 )    3959448 bits [Y 99.9900 dB    U 99.9900 dB    V 99.9900 dB] [ET 24.44 ] [L0 ] [L1 ]
*** TRAIL_R numBytesInNALunit: 494647
POC  385 TId: 0 ( I-SLICE, QP 26 )    3957176 bits [Y 99.9900 dB    U 99.9900 dB    V 99.9900 dB] [ET 24.22 ] [L0 ] [L1 ]
*** TRAIL_R numBytesInNALunit: 494482
POC  386 TId: 0 ( I-SLICE, QP 26 )    3955856 bits [Y 99.9900 dB    U 99.9900 dB    V 99.9900 dB] [ET 24.25 ] [L0 ] [L1 ]
*** TRAIL_R numBytesInNALunit: 494225
POC  387 TId: 0 ( I-SLICE, QP 26 )    3953800 bits [Y 99.9900 dB    U 99.9900 dB    V 99.9900 dB] [ET 24.81 ] [L0 ] [L1 ]
*** TRAIL_R numBytesInNALunit: 493656
POC  388 TId: 0 ( I-SLICE, QP 26 )    3949248 bits [Y 99.9900 dB    U 99.9900 dB    V 99.9900 dB] [ET 24.77 ] [L0 ] [L1 ]
*** TRAIL_R numBytesInNALunit: 493850
POC  389 TId: 0 ( I-SLICE, QP 26 )    3950800 bits [Y 99.9900 dB    U 99.9900 dB    V 99.9900 dB] [ET 24.39 ] [L0 ] [L1 ]
*** TRAIL_R numBytesInNALunit: 493529
POC  390 TId: 0 ( I-SLICE, QP 26 )    3948232 bits [Y 99.9900 dB    U 99.9900 dB    V 99.9900 dB] [ET 25.23 ] [L0 ] [L1 ]
*** TRAIL_R numBytesInNALunit: 494123
POC  391 TId: 0 ( I-SLICE, QP 26 )    3952984 bits [Y 99.9900 dB    U 99.9900 dB    V 99.9900 dB] [ET 24.56 ] [L0 ] [L1 ]
*** TRAIL_R numBytesInNALunit: 493762
POC  392 TId: 0 ( I-SLICE, QP 26 )    3950096 bits [Y 99.9900 dB    U 99.9900 dB    V 99.9900 dB] [ET 25.05 ] [L0 ] [L1 ]
*** TRAIL_R numBytesInNALunit: 494026
POC  393 TId: 0 ( I-SLICE, QP 26 )    3952208 bits [Y 99.9900 dB    U 99.9900 dB    V 99.9900 dB] [ET 24.67 ] [L0 ] [L1 ]
*** TRAIL_R numBytesInNALunit: 493513
POC  394 TId: 0 ( I-SLICE, QP 26 )    3948104 bits [Y 99.9900 dB    U 99.9900 dB    V 99.9900 dB] [ET 24.89 ] [L0 ] [L1 ]
*** TRAIL_R numBytesInNALunit: 493692
POC  395 TId: 0 ( I-SLICE, QP 26 )    3949536 bits [Y 99.9900 dB    U 99.9900 dB    V 99.9900 dB] [ET 24.72 ] [L0 ] [L1 ]
*** TRAIL_R numBytesInNALunit: 493598
POC  396 TId: 0 ( I-SLICE, QP 26 )    3948784 bits [Y 99.9900 dB    U 99.9900 dB    V 99.9900 dB] [ET 24.69 ] [L0 ] [L1 ]
*** TRAIL_R numBytesInNALunit: 493511
POC  397 TId: 0 ( I-SLICE, QP 26 )    3948088 bits [Y 99.9900 dB    U 99.9900 dB    V 99.9900 dB] [ET 24.36 ] [L0 ] [L1 ]
*** TRAIL_R numBytesInNALunit: 493131
POC  398 TId: 0 ( I-SLICE, QP 26 )    3945048 bits [Y 99.9900 dB    U 99.9900 dB    V 99.9900 dB] [ET 24.48 ] [L0 ] [L1 ]
*** TRAIL_R numBytesInNALunit: 493255
POC  399 TId: 0 ( I-SLICE, QP 26 )    3946040 bits [Y 99.9900 dB    U 99.9900 dB    V 99.9900 dB] [ET 24.94 ] [L0 ] [L1 ]
*** TRAIL_R numBytesInNALunit: 493020
POC  400 TId: 0 ( I-SLICE, QP 26 )    3944160 bits [Y 99.9900 dB    U 99.9900 dB    V 99.9900 dB] [ET 24.72 ] [L0 ] [L1 ]
*** TRAIL_R numBytesInNALunit: 493145
POC  401 TId: 0 ( I-SLICE, QP 26 )    3945160 bits [Y 99.9900 dB    U 99.9900 dB    V 99.9900 dB] [ET 24.50 ] [L0 ] [L1 ]
*** TRAIL_R numBytesInNALunit: 492076
POC  402 TId: 0 ( I-SLICE, QP 26 )    3936608 bits [Y 99.9900 dB    U 99.9900 dB    V 99.9900 dB] [ET 24.64 ] [L0 ] [L1 ]
*** TRAIL_R numBytesInNALunit: 492404
POC  403 TId: 0 ( I-SLICE, QP 26 )    3939232 bits [Y 99.9900 dB    U 99.9900 dB    V 99.9900 dB] [ET 24.52 ] [L0 ] [L1 ]
*** TRAIL_R numBytesInNALunit: 492264
POC  404 TId: 0 ( I-SLICE, QP 26 )    3938112 bits [Y 99.9900 dB    U 99.9900 dB    V 99.9900 dB] [ET 24.42 ] [L0 ] [L1 ]
*** TRAIL_R numBytesInNALunit: 492382
POC  405 TId: 0 ( I-SLICE, QP 26 )    3939056 bits [Y 99.9900 dB    U 99.9900 dB    V 99.9900 dB] [ET 24.88 ] [L0 ] [L1 ]
*** TRAIL_R numBytesInNALunit: 492612
POC  406 TId: 0 ( I-SLICE, QP 26 )    3940896 bits [Y 99.9900 dB    U 99.9900 dB    V 99.9900 dB] [ET 24.88 ] [L0 ] [L1 ]
*** TRAIL_R numBytesInNALunit: 492159
POC  407 TId: 0 ( I-SLICE, QP 26 )    3937272 bits [Y 99.9900 dB    U 99.9900 dB    V 99.9900 dB] [ET 24.84 ] [L0 ] [L1 ]
*** TRAIL_R numBytesInNALunit: 492818
POC  408 TId: 0 ( I-SLICE, QP 26 )    3942544 bits [Y 99.9900 dB    U 99.9900 dB    V 99.9900 dB] [ET 24.81 ] [L0 ] [L1 ]
*** TRAIL_R numBytesInNALunit: 492320
POC  409 TId: 0 ( I-SLICE, QP 26 )    3938560 bits [Y 99.9900 dB    U 99.9900 dB    V 99.9900 dB] [ET 24.70 ] [L0 ] [L1 ]
*** TRAIL_R numBytesInNALunit: 492692
POC  410 TId: 0 ( I-SLICE, QP 26 )    3941536 bits [Y 99.9900 dB    U 99.9900 dB    V 99.9900 dB] [ET 24.75 ] [L0 ] [L1 ]
*** TRAIL_R numBytesInNALunit: 492067
POC  411 TId: 0 ( I-SLICE, QP 26 )    3936536 bits [Y 99.9900 dB    U 99.9900 dB    V 99.9900 dB] [ET 24.86 ] [L0 ] [L1 ]
*** TRAIL_R numBytesInNALunit: 492311
POC  412 TId: 0 ( I-SLICE, QP 26 )    3938488 bits [Y 99.9900 dB    U 99.9900 dB    V 99.9900 dB] [ET 24.77 ] [L0 ] [L1 ]
*** TRAIL_R numBytesInNALunit: 493044
POC  413 TId: 0 ( I-SLICE, QP 26 )    3944352 bits [Y 99.9900 dB    U 99.9900 dB    V 99.9900 dB] [ET 24.69 ] [L0 ] [L1 ]
*** TRAIL_R numBytesInNALunit: 492716
POC  414 TId: 0 ( I-SLICE, QP 26 )    3941728 bits [Y 99.9900 dB    U 99.9900 dB    V 99.9900 dB] [ET 24.69 ] [L0 ] [L1 ]
*** TRAIL_R numBytesInNALunit: 493135
POC  415 TId: 0 ( I-SLICE, QP 26 )    3945080 bits [Y 99.9900 dB    U 99.9900 dB    V 99.9900 dB] [ET 24.59 ] [L0 ] [L1 ]
*** TRAIL_R numBytesInNALunit: 492241
POC  416 TId: 0 ( I-SLICE, QP 26 )    3937928 bits [Y 99.9900 dB    U 99.9900 dB    V 99.9900 dB] [ET 24.59 ] [L0 ] [L1 ]
*** TRAIL_R numBytesInNALunit: 492922
POC  417 TId: 0 ( I-SLICE, QP 26 )    3943376 bits [Y 99.9900 dB    U 99.9900 dB    V 99.9900 dB] [ET 24.91 ] [L0 ] [L1 ]
*** TRAIL_R numBytesInNALunit: 491621
POC  418 TId: 0 ( I-SLICE, QP 26 )    3932968 bits [Y 99.9900 dB    U 99.9900 dB    V 99.9900 dB] [ET 24.44 ] [L0 ] [L1 ]
*** TRAIL_R numBytesInNALunit: 491970
POC  419 TId: 0 ( I-SLICE, QP 26 )    3935760 bits [Y 99.9900 dB    U 99.9900 dB    V 99.9900 dB] [ET 24.45 ] [L0 ] [L1 ]
*** TRAIL_R numBytesInNALunit: 492648
POC  420 TId: 0 ( I-SLICE, QP 26 )    3941184 bits [Y 99.9900 dB    U 99.9900 dB    V 99.9900 dB] [ET 24.91 ] [L0 ] [L1 ]
*** TRAIL_R numBytesInNALunit: 492204
POC  421 TId: 0 ( I-SLICE, QP 26 )    3937632 bits [Y 99.9900 dB    U 99.9900 dB    V 99.9900 dB] [ET 24.94 ] [L0 ] [L1 ]
*** TRAIL_R numBytesInNALunit: 492255
POC  422 TId: 0 ( I-SLICE, QP 26 )    3938040 bits [Y 99.9900 dB    U 99.9900 dB    V 99.9900 dB] [ET 24.72 ] [L0 ] [L1 ]
*** TRAIL_R numBytesInNALunit: 491651
POC  423 TId: 0 ( I-SLICE, QP 26 )    3933208 bits [Y 99.9900 dB    U 99.9900 dB    V 99.9900 dB] [ET 25.05 ] [L0 ] [L1 ]
*** TRAIL_R numBytesInNALunit: 492100
POC  424 TId: 0 ( I-SLICE, QP 26 )    3936800 bits [Y 99.9900 dB    U 99.9900 dB    V 99.9900 dB] [ET 25.03 ] [L0 ] [L1 ]
*** TRAIL_R numBytesInNALunit: 492129
POC  425 TId: 0 ( I-SLICE, QP 26 )    3937032 bits [Y 99.9900 dB    U 99.9900 dB    V 99.9900 dB] [ET 24.34 ] [L0 ] [L1 ]
*** TRAIL_R numBytesInNALunit: 492110
POC  426 TId: 0 ( I-SLICE, QP 26 )    3936880 bits [Y 99.9900 dB    U 99.9900 dB    V 99.9900 dB] [ET 24.30 ] [L0 ] [L1 ]
*** TRAIL_R numBytesInNALunit: 491123
POC  427 TId: 0 ( I-SLICE, QP 26 )    3928984 bits [Y 99.9900 dB    U 99.9900 dB    V 99.9900 dB] [ET 24.73 ] [L0 ] [L1 ]
*** TRAIL_R numBytesInNALunit: 491299
POC  428 TId: 0 ( I-SLICE, QP 26 )    3930392 bits [Y 99.9900 dB    U 99.9900 dB    V 99.9900 dB] [ET 24.86 ] [L0 ] [L1 ]
*** TRAIL_R numBytesInNALunit: 491152
POC  429 TId: 0 ( I-SLICE, QP 26 )    3929216 bits [Y 99.9900 dB    U 99.9900 dB    V 99.9900 dB] [ET 24.73 ] [L0 ] [L1 ]
*** TRAIL_R numBytesInNALunit: 490941
POC  430 TId: 0 ( I-SLICE, QP 26 )    3927528 bits [Y 99.9900 dB    U 99.9900 dB    V 99.9900 dB] [ET 24.64 ] [L0 ] [L1 ]
*** TRAIL_R numBytesInNALunit: 491190
POC  431 TId: 0 ( I-SLICE, QP 26 )    3929520 bits [Y 99.9900 dB    U 99.9900 dB    V 99.9900 dB] [ET 24.55 ] [L0 ] [L1 ]
*** TRAIL_R numBytesInNALunit: 491120
POC  432 TId: 0 ( I-SLICE, QP 26 )    3928960 bits [Y 99.9900 dB    U 99.9900 dB    V 99.9900 dB] [ET 11.30 ] [L0 ] [L1 ]
*** TRAIL_R numBytesInNALunit: 491490
POC  433 TId: 0 ( I-SLICE, QP 26 )    3931920 bits [Y 99.9900 dB    U 99.9900 dB    V 99.9900 dB] [ET 11.48 ] [L0 ] [L1 ]
*** TRAIL_R numBytesInNALunit: 491567
POC  434 TId: 0 ( I-SLICE, QP 26 )    3932536 bits [Y 99.9900 dB    U 99.9900 dB    V 99.9900 dB] [ET 11.23 ] [L0 ] [L1 ]
*** TRAIL_R numBytesInNALunit: 492335
POC  435 TId: 0 ( I-SLICE, QP 26 )    3938680 bits [Y 99.9900 dB    U 99.9900 dB    V 99.9900 dB] [ET 11.67 ] [L0 ] [L1 ]
*** TRAIL_R numBytesInNALunit: 492256
POC  436 TId: 0 ( I-SLICE, QP 26 )    3938048 bits [Y 99.9900 dB    U 99.9900 dB    V 99.9900 dB] [ET 11.55 ] [L0 ] [L1 ]
*** TRAIL_R numBytesInNALunit: 492979
POC  437 TId: 0 ( I-SLICE, QP 26 )    3943832 bits [Y 99.9900 dB    U 99.9900 dB    V 99.9900 dB] [ET 11.45 ] [L0 ] [L1 ]
*** TRAIL_R numBytesInNALunit: 492231
POC  438 TId: 0 ( I-SLICE, QP 26 )    3937848 bits [Y 99.9900 dB    U 99.9900 dB    V 99.9900 dB] [ET 11.52 ] [L0 ] [L1 ]
*** TRAIL_R numBytesInNALunit: 492707
POC  439 TId: 0 ( I-SLICE, QP 26 )    3941656 bits [Y 99.9900 dB    U 99.9900 dB    V 99.9900 dB] [ET 11.19 ] [L0 ] [L1 ]
*** TRAIL_R numBytesInNALunit: 492729
POC  440 TId: 0 ( I-SLICE, QP 26 )    3941832 bits [Y 99.9900 dB    U 99.9900 dB    V 99.9900 dB] [ET 11.31 ] [L0 ] [L1 ]
*** TRAIL_R numBytesInNALunit: 492660
POC  441 TId: 0 ( I-SLICE, QP 26 )    3941280 bits [Y 99.9900 dB    U 99.9900 dB    V 99.9900 dB] [ET 11.56 ] [L0 ] [L1 ]
*** TRAIL_R numBytesInNALunit: 492871
POC  442 TId: 0 ( I-SLICE, QP 26 )    3942968 bits [Y 99.9900 dB    U 99.9900 dB    V 99.9900 dB] [ET 11.52 ] [L0 ] [L1 ]
*** TRAIL_R numBytesInNALunit: 492966
POC  443 TId: 0 ( I-SLICE, QP 26 )    3943728 bits [Y 99.9900 dB    U 99.9900 dB    V 99.9900 dB] [ET 11.52 ] [L0 ] [L1 ]
*** TRAIL_R numBytesInNALunit: 492474
POC  444 TId: 0 ( I-SLICE, QP 26 )    3939792 bits [Y 99.9900 dB    U 99.9900 dB    V 99.9900 dB] [ET 11.59 ] [L0 ] [L1 ]
*** TRAIL_R numBytesInNALunit: 492132
POC  445 TId: 0 ( I-SLICE, QP 26 )    3937056 bits [Y 99.9900 dB    U 99.9900 dB    V 99.9900 dB] [ET 11.48 ] [L0 ] [L1 ]
*** TRAIL_R numBytesInNALunit: 492387
POC  446 TId: 0 ( I-SLICE, QP 26 )    3939096 bits [Y 99.9900 dB    U 99.9900 dB    V 99.9900 dB] [ET 11.77 ] [L0 ] [L1 ]
*** TRAIL_R numBytesInNALunit: 492722
POC  447 TId: 0 ( I-SLICE, QP 26 )    3941776 bits [Y 99.9900 dB    U 99.9900 dB    V 99.9900 dB] [ET 11.73 ] [L0 ] [L1 ]
*** TRAIL_R numBytesInNALunit: 491918
POC  448 TId: 0 ( I-SLICE, QP 26 )    3935344 bits [Y 99.9900 dB    U 99.9900 dB    V 99.9900 dB] [ET 11.78 ] [L0 ] [L1 ]
*** TRAIL_R numBytesInNALunit: 492574
POC  449 TId: 0 ( I-SLICE, QP 26 )    3940592 bits [Y 99.9900 dB    U 99.9900 dB    V 99.9900 dB] [ET 11.50 ] [L0 ] [L1 ]
*** TRAIL_R numBytesInNALunit: 492115
POC  450 TId: 0 ( I-SLICE, QP 26 )    3936920 bits [Y 99.9900 dB    U 99.9900 dB    V 99.9900 dB] [ET 11.67 ] [L0 ] [L1 ]
*** TRAIL_R numBytesInNALunit: 491826
POC  451 TId: 0 ( I-SLICE, QP 26 )    3934608 bits [Y 99.9900 dB    U 99.9900 dB    V 99.9900 dB] [ET 11.53 ] [L0 ] [L1 ]
*** TRAIL_R numBytesInNALunit: 492041
POC  452 TId: 0 ( I-SLICE, QP 26 )    3936328 bits [Y 99.9900 dB    U 99.9900 dB    V 99.9900 dB] [ET 11.48 ] [L0 ] [L1 ]
*** TRAIL_R numBytesInNALunit: 492109
POC  453 TId: 0 ( I-SLICE, QP 26 )    3936872 bits [Y 99.9900 dB    U 99.9900 dB    V 99.9900 dB] [ET 11.48 ] [L0 ] [L1 ]
*** TRAIL_R numBytesInNALunit: 491546
POC  454 TId: 0 ( I-SLICE, QP 26 )    3932368 bits [Y 99.9900 dB    U 99.9900 dB    V 99.9900 dB] [ET 11.48 ] [L0 ] [L1 ]
*** TRAIL_R numBytesInNALunit: 491969
POC  455 TId: 0 ( I-SLICE, QP 26 )    3935752 bits [Y 99.9900 dB    U 99.9900 dB    V 99.9900 dB] [ET 11.27 ] [L0 ] [L1 ]
*** TRAIL_R numBytesInNALunit: 491587
POC  456 TId: 0 ( I-SLICE, QP 26 )    3932696 bits [Y 99.9900 dB    U 99.9900 dB    V 99.9900 dB] [ET 11.47 ] [L0 ] [L1 ]
*** TRAIL_R numBytesInNALunit: 491341
POC  457 TId: 0 ( I-SLICE, QP 26 )    3930728 bits [Y 99.9900 dB    U 99.9900 dB    V 99.9900 dB] [ET 11.34 ] [L0 ] [L1 ]
*** TRAIL_R numBytesInNALunit: 490874
POC  458 TId: 0 ( I-SLICE, QP 26 )    3926992 bits [Y 99.9900 dB    U 99.9900 dB    V 99.9900 dB] [ET 11.31 ] [L0 ] [L1 ]
*** TRAIL_R numBytesInNALunit: 491551
POC  459 TId: 0 ( I-SLICE, QP 26 )    3932408 bits [Y 99.9900 dB    U 99.9900 dB    V 99.9900 dB] [ET 11.44 ] [L0 ] [L1 ]
*** TRAIL_R numBytesInNALunit: 491156
POC  460 TId: 0 ( I-SLICE, QP 26 )    3929248 bits [Y 99.9900 dB    U 99.9900 dB    V 99.9900 dB] [ET 11.25 ] [L0 ] [L1 ]
*** TRAIL_R numBytesInNALunit: 491262
POC  461 TId: 0 ( I-SLICE, QP 26 )    3930096 bits [Y 99.9900 dB    U 99.9900 dB    V 99.9900 dB] [ET 11.22 ] [L0 ] [L1 ]
*** TRAIL_R numBytesInNALunit: 490842
POC  462 TId: 0 ( I-SLICE, QP 26 )    3926736 bits [Y 99.9900 dB    U 99.9900 dB    V 99.9900 dB] [ET 11.16 ] [L0 ] [L1 ]
*** TRAIL_R numBytesInNALunit: 491182
POC  463 TId: 0 ( I-SLICE, QP 26 )    3929456 bits [Y 99.9900 dB    U 99.9900 dB    V 99.9900 dB] [ET 11.25 ] [L0 ] [L1 ]
*** TRAIL_R numBytesInNALunit: 490170
POC  464 TId: 0 ( I-SLICE, QP 26 )    3921360 bits [Y 99.9900 dB    U 99.9900 dB    V 99.9900 dB] [ET 11.45 ] [L0 ] [L1 ]
*** TRAIL_R numBytesInNALunit: 490593
POC  465 TId: 0 ( I-SLICE, QP 26 )    3924744 bits [Y 99.9900 dB    U 99.9900 dB    V 99.9900 dB] [ET 11.47 ] [L0 ] [L1 ]
*** TRAIL_R numBytesInNALunit: 490545
POC  466 TId: 0 ( I-SLICE, QP 26 )    3924360 bits [Y 99.9900 dB    U 99.9900 dB    V 99.9900 dB] [ET 11.42 ] [L0 ] [L1 ]
*** TRAIL_R numBytesInNALunit: 490287
POC  467 TId: 0 ( I-SLICE, QP 26 )    3922296 bits [Y 99.9900 dB    U 99.9900 dB    V 99.9900 dB] [ET 11.45 ] [L0 ] [L1 ]
*** TRAIL_R numBytesInNALunit: 489957
POC  468 TId: 0 ( I-SLICE, QP 26 )    3919656 bits [Y 99.9900 dB    U 99.9900 dB    V 99.9900 dB] [ET 11.28 ] [L0 ] [L1 ]
*** TRAIL_R numBytesInNALunit: 490518
POC  469 TId: 0 ( I-SLICE, QP 26 )    3924144 bits [Y 99.9900 dB    U 99.9900 dB    V 99.9900 dB] [ET 11.53 ] [L0 ] [L1 ]
*** TRAIL_R numBytesInNALunit: 490363
POC  470 TId: 0 ( I-SLICE, QP 26 )    3922904 bits [Y 99.9900 dB    U 99.9900 dB    V 99.9900 dB] [ET 11.59 ] [L0 ] [L1 ]
*** TRAIL_R numBytesInNALunit: 490316
POC  471 TId: 0 ( I-SLICE, QP 26 )    3922528 bits [Y 99.9900 dB    U 99.9900 dB    V 99.9900 dB] [ET 11.36 ] [L0 ] [L1 ]
*** TRAIL_R numBytesInNALunit: 490070
POC  472 TId: 0 ( I-SLICE, QP 26 )    3920560 bits [Y 99.9900 dB    U 99.9900 dB    V 99.9900 dB] [ET 11.52 ] [L0 ] [L1 ]
*** TRAIL_R numBytesInNALunit: 489443
POC  473 TId: 0 ( I-SLICE, QP 26 )    3915544 bits [Y 99.9900 dB    U 99.9900 dB    V 99.9900 dB] [ET 11.50 ] [L0 ] [L1 ]
*** TRAIL_R numBytesInNALunit: 489487
POC  474 TId: 0 ( I-SLICE, QP 26 )    3915896 bits [Y 99.9900 dB    U 99.9900 dB    V 99.9900 dB] [ET 11.27 ] [L0 ] [L1 ]
*** TRAIL_R numBytesInNALunit: 489780
POC  475 TId: 0 ( I-SLICE, QP 26 )    3918240 bits [Y 99.9900 dB    U 99.9900 dB    V 99.9900 dB] [ET 10.98 ] [L0 ] [L1 ]
*** TRAIL_R numBytesInNALunit: 489351
POC  476 TId: 0 ( I-SLICE, QP 26 )    3914808 bits [Y 99.9900 dB    U 99.9900 dB    V 99.9900 dB] [ET 11.23 ] [L0 ] [L1 ]
*** TRAIL_R numBytesInNALunit: 490538
POC  477 TId: 0 ( I-SLICE, QP 26 )    3924304 bits [Y 99.9900 dB    U 99.9900 dB    V 99.9900 dB] [ET 10.92 ] [L0 ] [L1 ]
*** TRAIL_R numBytesInNALunit: 489616
POC  478 TId: 0 ( I-SLICE, QP 26 )    3916928 bits [Y 99.9900 dB    U 99.9900 dB    V 99.9900 dB] [ET 11.36 ] [L0 ] [L1 ]
*** TRAIL_R numBytesInNALunit: 490557
POC  479 TId: 0 ( I-SLICE, QP 26 )    3924456 bits [Y 99.9900 dB    U 99.9900 dB    V 99.9900 dB] [ET 11.23 ] [L0 ] [L1 ]
*** TRAIL_R numBytesInNALunit: 489993
POC  480 TId: 0 ( I-SLICE, QP 26 )    3919944 bits [Y 99.9900 dB    U 99.9900 dB    V 99.9900 dB] [ET 11.38 ] [L0 ] [L1 ]
*** TRAIL_R numBytesInNALunit: 490658
POC  481 TId: 0 ( I-SLICE, QP 26 )    3925264 bits [Y 99.9900 dB    U 99.9900 dB    V 99.9900 dB] [ET 11.47 ] [L0 ] [L1 ]
*** TRAIL_R numBytesInNALunit: 490723
POC  482 TId: 0 ( I-SLICE, QP 26 )    3925784 bits [Y 99.9900 dB    U 99.9900 dB    V 99.9900 dB] [ET 11.23 ] [L0 ] [L1 ]
*** TRAIL_R numBytesInNALunit: 490898
POC  483 TId: 0 ( I-SLICE, QP 26 )    3927184 bits [Y 99.9900 dB    U 99.9900 dB    V 99.9900 dB] [ET 11.44 ] [L0 ] [L1 ]
*** TRAIL_R numBytesInNALunit: 490851
POC  484 TId: 0 ( I-SLICE, QP 26 )    3926808 bits [Y 99.9900 dB    U 99.9900 dB    V 99.9900 dB] [ET 11.14 ] [L0 ] [L1 ]
*** TRAIL_R numBytesInNALunit: 491258
POC  485 TId: 0 ( I-SLICE, QP 26 )    3930064 bits [Y 99.9900 dB    U 99.9900 dB    V 99.9900 dB] [ET 11.17 ] [L0 ] [L1 ]
*** TRAIL_R numBytesInNALunit: 491574
POC  486 TId: 0 ( I-SLICE, QP 26 )    3932592 bits [Y 99.9900 dB    U 99.9900 dB    V 99.9900 dB] [ET 11.45 ] [L0 ] [L1 ]
*** TRAIL_R numBytesInNALunit: 491513
POC  487 TId: 0 ( I-SLICE, QP 26 )    3932104 bits [Y 99.9900 dB    U 99.9900 dB    V 99.9900 dB] [ET 11.22 ] [L0 ] [L1 ]
*** TRAIL_R numBytesInNALunit: 491717
POC  488 TId: 0 ( I-SLICE, QP 26 )    3933736 bits [Y 99.9900 dB    U 99.9900 dB    V 99.9900 dB] [ET 11.70 ] [L0 ] [L1 ]
*** TRAIL_R numBytesInNALunit: 491496
POC  489 TId: 0 ( I-SLICE, QP 26 )    3931968 bits [Y 99.9900 dB    U 99.9900 dB    V 99.9900 dB] [ET 11.33 ] [L0 ] [L1 ]
*** TRAIL_R numBytesInNALunit: 491898
POC  490 TId: 0 ( I-SLICE, QP 26 )    3935184 bits [Y 99.9900 dB    U 99.9900 dB    V 99.9900 dB] [ET 11.48 ] [L0 ] [L1 ]
*** TRAIL_R numBytesInNALunit: 492166
POC  491 TId: 0 ( I-SLICE, QP 26 )    3937328 bits [Y 99.9900 dB    U 99.9900 dB    V 99.9900 dB] [ET 11.47 ] [L0 ] [L1 ]
*** TRAIL_R numBytesInNALunit: 491091
POC  492 TId: 0 ( I-SLICE, QP 26 )    3928728 bits [Y 99.9900 dB    U 99.9900 dB    V 99.9900 dB] [ET 11.55 ] [L0 ] [L1 ]
*** TRAIL_R numBytesInNALunit: 492344
POC  493 TId: 0 ( I-SLICE, QP 26 )    3938752 bits [Y 99.9900 dB    U 99.9900 dB    V 99.9900 dB] [ET 11.62 ] [L0 ] [L1 ]
*** TRAIL_R numBytesInNALunit: 491911
POC  494 TId: 0 ( I-SLICE, QP 26 )    3935288 bits [Y 99.9900 dB    U 99.9900 dB    V 99.9900 dB] [ET 11.55 ] [L0 ] [L1 ]
*** TRAIL_R numBytesInNALunit: 491753
POC  495 TId: 0 ( I-SLICE, QP 26 )    3934024 bits [Y 99.9900 dB    U 99.9900 dB    V 99.9900 dB] [ET 11.30 ] [L0 ] [L1 ]
*** TRAIL_R numBytesInNALunit: 492014
POC  496 TId: 0 ( I-SLICE, QP 26 )    3936112 bits [Y 99.9900 dB    U 99.9900 dB    V 99.9900 dB] [ET 11.17 ] [L0 ] [L1 ]
*** TRAIL_R numBytesInNALunit: 491287
POC  497 TId: 0 ( I-SLICE, QP 26 )    3930296 bits [Y 99.9900 dB    U 99.9900 dB    V 99.9900 dB] [ET 11.25 ] [L0 ] [L1 ]
*** TRAIL_R numBytesInNALunit: 492170
POC  498 TId: 0 ( I-SLICE, QP 26 )    3937360 bits [Y 99.9900 dB    U 99.9900 dB    V 99.9900 dB] [ET 11.20 ] [L0 ] [L1 ]
*** TRAIL_R numBytesInNALunit: 492101
POC  499 TId: 0 ( I-SLICE, QP 26 )    3936808 bits [Y 99.9900 dB    U 99.9900 dB    V 99.9900 dB] [ET 11.52 ] [L0 ] [L1 ]
*** TRAIL_R numBytesInNALunit: 491893
POC  500 TId: 0 ( I-SLICE, QP 26 )    3935144 bits [Y 99.9900 dB    U 99.9900 dB    V 99.9900 dB] [ET 11.59 ] [L0 ] [L1 ]
*** TRAIL_R numBytesInNALunit: 491983
POC  501 TId: 0 ( I-SLICE, QP 26 )    3935864 bits [Y 99.9900 dB    U 99.9900 dB    V 99.9900 dB] [ET 11.14 ] [L0 ] [L1 ]
*** TRAIL_R numBytesInNALunit: 491139
POC  502 TId: 0 ( I-SLICE, QP 26 )    3929112 bits [Y 99.9900 dB    U 99.9900 dB    V 99.9900 dB] [ET 11.41 ] [L0 ] [L1 ]
*** TRAIL_R numBytesInNALunit: 492093
POC  503 TId: 0 ( I-SLICE, QP 26 )    3936744 bits [Y 99.9900 dB    U 99.9900 dB    V 99.9900 dB] [ET 11.73 ] [L0 ] [L1 ]
*** TRAIL_R numBytesInNALunit: 491421
POC  504 TId: 0 ( I-SLICE, QP 26 )    3931368 bits [Y 99.9900 dB    U 99.9900 dB    V 99.9900 dB] [ET 11.36 ] [L0 ] [L1 ]
*** TRAIL_R numBytesInNALunit: 491982
POC  505 TId: 0 ( I-SLICE, QP 26 )    3935856 bits [Y 99.9900 dB    U 99.9900 dB    V 99.9900 dB] [ET 11.66 ] [L0 ] [L1 ]
*** TRAIL_R numBytesInNALunit: 491530
POC  506 TId: 0 ( I-SLICE, QP 26 )    3932240 bits [Y 99.9900 dB    U 99.9900 dB    V 99.9900 dB] [ET 11.73 ] [L0 ] [L1 ]
*** TRAIL_R numBytesInNALunit: 491583
POC  507 TId: 0 ( I-SLICE, QP 26 )    3932664 bits [Y 99.9900 dB    U 99.9900 dB    V 99.9900 dB] [ET 11.55 ] [L0 ] [L1 ]
*** TRAIL_R numBytesInNALunit: 491295
POC  508 TId: 0 ( I-SLICE, QP 26 )    3930360 bits [Y 99.9900 dB    U 99.9900 dB    V 99.9900 dB] [ET 11.33 ] [L0 ] [L1 ]
*** TRAIL_R numBytesInNALunit: 490592
POC  509 TId: 0 ( I-SLICE, QP 26 )    3924736 bits [Y 99.9900 dB    U 99.9900 dB    V 99.9900 dB] [ET 11.19 ] [L0 ] [L1 ]
*** TRAIL_R numBytesInNALunit: 491344
POC  510 TId: 0 ( I-SLICE, QP 26 )    3930752 bits [Y 99.9900 dB    U 99.9900 dB    V 99.9900 dB] [ET 11.38 ] [L0 ] [L1 ]
*** TRAIL_R numBytesInNALunit: 491355
POC  511 TId: 0 ( I-SLICE, QP 26 )    3930840 bits [Y 99.9900 dB    U 99.9900 dB    V 99.9900 dB] [ET 11.23 ] [L0 ] [L1 ]
*** TRAIL_R numBytesInNALunit: 491537
POC  512 TId: 0 ( I-SLICE, QP 26 )    3932296 bits [Y 99.9900 dB    U 99.9900 dB    V 99.9900 dB] [ET 11.27 ] [L0 ] [L1 ]
*** TRAIL_R numBytesInNALunit: 492088
POC  513 TId: 0 ( I-SLICE, QP 26 )    3936704 bits [Y 99.9900 dB    U 99.9900 dB    V 99.9900 dB] [ET 11.45 ] [L0 ] [L1 ]
*** TRAIL_R numBytesInNALunit: 491882
POC  514 TId: 0 ( I-SLICE, QP 26 )    3935056 bits [Y 99.9900 dB    U 99.9900 dB    V 99.9900 dB] [ET 11.42 ] [L0 ] [L1 ]
*** TRAIL_R numBytesInNALunit: 492579
POC  515 TId: 0 ( I-SLICE, QP 26 )    3940632 bits [Y 99.9900 dB    U 99.9900 dB    V 99.9900 dB] [ET 11.42 ] [L0 ] [L1 ]
*** TRAIL_R numBytesInNALunit: 492523
POC  516 TId: 0 ( I-SLICE, QP 26 )    3940184 bits [Y 99.9900 dB    U 99.9900 dB    V 99.9900 dB] [ET 11.42 ] [L0 ] [L1 ]
*** TRAIL_R numBytesInNALunit: 493043
POC  517 TId: 0 ( I-SLICE, QP 26 )    3944344 bits [Y 99.9900 dB    U 99.9900 dB    V 99.9900 dB] [ET 10.88 ] [L0 ] [L1 ]
*** TRAIL_R numBytesInNALunit: 492836
POC  518 TId: 0 ( I-SLICE, QP 26 )    3942688 bits [Y 99.9900 dB    U 99.9900 dB    V 99.9900 dB] [ET 11.25 ] [L0 ] [L1 ]
*** TRAIL_R numBytesInNALunit: 492869
POC  519 TId: 0 ( I-SLICE, QP 26 )    3942952 bits [Y 99.9900 dB    U 99.9900 dB    V 99.9900 dB] [ET 11.16 ] [L0 ] [L1 ]
*** TRAIL_R numBytesInNALunit: 493046
POC  520 TId: 0 ( I-SLICE, QP 26 )    3944368 bits [Y 99.9900 dB    U 99.9900 dB    V 99.9900 dB] [ET 11.30 ] [L0 ] [L1 ]
*** TRAIL_R numBytesInNALunit: 492739
POC  521 TId: 0 ( I-SLICE, QP 26 )    3941912 bits [Y 99.9900 dB    U 99.9900 dB    V 99.9900 dB] [ET 11.53 ] [L0 ] [L1 ]
*** TRAIL_R numBytesInNALunit: 493314
POC  522 TId: 0 ( I-SLICE, QP 26 )    3946512 bits [Y 99.9900 dB    U 99.9900 dB    V 99.9900 dB] [ET 11.22 ] [L0 ] [L1 ]
*** TRAIL_R numBytesInNALunit: 493706
POC  523 TId: 0 ( I-SLICE, QP 26 )    3949648 bits [Y 99.9900 dB    U 99.9900 dB    V 99.9900 dB] [ET 11.28 ] [L0 ] [L1 ]
*** TRAIL_R numBytesInNALunit: 492800
POC  524 TId: 0 ( I-SLICE, QP 26 )    3942400 bits [Y 99.9900 dB    U 99.9900 dB    V 99.9900 dB] [ET 11.39 ] [L0 ] [L1 ]
*** TRAIL_R numBytesInNALunit: 493458
POC  525 TId: 0 ( I-SLICE, QP 26 )    3947664 bits [Y 99.9900 dB    U 99.9900 dB    V 99.9900 dB] [ET 11.06 ] [L0 ] [L1 ]
*** TRAIL_R numBytesInNALunit: 493878
POC  526 TId: 0 ( I-SLICE, QP 26 )    3951024 bits [Y 99.9900 dB    U 99.9900 dB    V 99.9900 dB] [ET 11.02 ] [L0 ] [L1 ]
*** TRAIL_R numBytesInNALunit: 493699
POC  527 TId: 0 ( I-SLICE, QP 26 )    3949592 bits [Y 99.9900 dB    U 99.9900 dB    V 99.9900 dB] [ET 11.16 ] [L0 ] [L1 ]
*** TRAIL_R numBytesInNALunit: 493579
POC  528 TId: 0 ( I-SLICE, QP 26 )    3948632 bits [Y 99.9900 dB    U 99.9900 dB    V 99.9900 dB] [ET 11.14 ] [L0 ] [L1 ]
*** TRAIL_R numBytesInNALunit: 494264
POC  529 TId: 0 ( I-SLICE, QP 26 )    3954112 bits [Y 99.9900 dB    U 99.9900 dB    V 99.9900 dB] [ET 11.44 ] [L0 ] [L1 ]
*** TRAIL_R numBytesInNALunit: 493658
POC  530 TId: 0 ( I-SLICE, QP 26 )    3949264 bits [Y 99.9900 dB    U 99.9900 dB    V 99.9900 dB] [ET 11.62 ] [L0 ] [L1 ]
*** TRAIL_R numBytesInNALunit: 495042
POC  531 TId: 0 ( I-SLICE, QP 26 )    3960336 bits [Y 99.9900 dB    U 99.9900 dB    V 99.9900 dB] [ET 11.23 ] [L0 ] [L1 ]
*** TRAIL_R numBytesInNALunit: 494090
POC  532 TId: 0 ( I-SLICE, QP 26 )    3952720 bits [Y 99.9900 dB    U 99.9900 dB    V 99.9900 dB] [ET 11.42 ] [L0 ] [L1 ]
*** TRAIL_R numBytesInNALunit: 494797
POC  533 TId: 0 ( I-SLICE, QP 26 )    3958376 bits [Y 99.9900 dB    U 99.9900 dB    V 99.9900 dB] [ET 11.97 ] [L0 ] [L1 ]
*** TRAIL_R numBytesInNALunit: 494723
POC  534 TId: 0 ( I-SLICE, QP 26 )    3957784 bits [Y 99.9900 dB    U 99.9900 dB    V 99.9900 dB] [ET 11.22 ] [L0 ] [L1 ]
*** TRAIL_R numBytesInNALunit: 494917
POC  535 TId: 0 ( I-SLICE, QP 26 )    3959336 bits [Y 99.9900 dB    U 99.9900 dB    V 99.9900 dB] [ET 11.41 ] [L0 ] [L1 ]
*** TRAIL_R numBytesInNALunit: 494596
POC  536 TId: 0 ( I-SLICE, QP 26 )    3956768 bits [Y 99.9900 dB    U 99.9900 dB    V 99.9900 dB] [ET 11.64 ] [L0 ] [L1 ]
*** TRAIL_R numBytesInNALunit: 494231
POC  537 TId: 0 ( I-SLICE, QP 26 )    3953848 bits [Y 99.9900 dB    U 99.9900 dB    V 99.9900 dB] [ET 11.64 ] [L0 ] [L1 ]
*** TRAIL_R numBytesInNALunit: 494875
POC  538 TId: 0 ( I-SLICE, QP 26 )    3959000 bits [Y 99.9900 dB    U 99.9900 dB    V 99.9900 dB] [ET 11.38 ] [L0 ] [L1 ]
*** TRAIL_R numBytesInNALunit: 495284
POC  539 TId: 0 ( I-SLICE, QP 26 )    3962272 bits [Y 99.9900 dB    U 99.9900 dB    V 99.9900 dB] [ET 11.31 ] [L0 ] [L1 ]
*** TRAIL_R numBytesInNALunit: 495536
POC  540 TId: 0 ( I-SLICE, QP 26 )    3964288 bits [Y 99.9900 dB    U 99.9900 dB    V 99.9900 dB] [ET 11.45 ] [L0 ] [L1 ]
*** TRAIL_R numBytesInNALunit: 496649
POC  541 TId: 0 ( I-SLICE, QP 26 )    3973192 bits [Y 99.9900 dB    U 99.9900 dB    V 99.9900 dB] [ET 11.61 ] [L0 ] [L1 ]
*** TRAIL_R numBytesInNALunit: 498082
POC  542 TId: 0 ( I-SLICE, QP 26 )    3984656 bits [Y 99.9900 dB    U 99.9900 dB    V 99.9900 dB] [ET 11.09 ] [L0 ] [L1 ]
*** TRAIL_R numBytesInNALunit: 499222
POC  543 TId: 0 ( I-SLICE, QP 26 )    3993776 bits [Y 99.9900 dB    U 99.9900 dB    V 99.9900 dB] [ET 11.83 ] [L0 ] [L1 ]
*** TRAIL_R numBytesInNALunit: 499850
POC  544 TId: 0 ( I-SLICE, QP 26 )    3998800 bits [Y 99.9900 dB    U 99.9900 dB    V 99.9900 dB] [ET 11.55 ] [L0 ] [L1 ]
*** TRAIL_R numBytesInNALunit: 499954
POC  545 TId: 0 ( I-SLICE, QP 26 )    3999632 bits [Y 99.9900 dB    U 99.9900 dB    V 99.9900 dB] [ET 11.25 ] [L0 ] [L1 ]
*** TRAIL_R numBytesInNALunit: 500216
POC  546 TId: 0 ( I-SLICE, QP 26 )    4001728 bits [Y 99.9900 dB    U 99.9900 dB    V 99.9900 dB] [ET 11.23 ] [L0 ] [L1 ]
*** TRAIL_R numBytesInNALunit: 500828
POC  547 TId: 0 ( I-SLICE, QP 26 )    4006624 bits [Y 99.9900 dB    U 99.9900 dB    V 99.9900 dB] [ET 11.30 ] [L0 ] [L1 ]
*** TRAIL_R numBytesInNALunit: 500125
POC  548 TId: 0 ( I-SLICE, QP 26 )    4001000 bits [Y 99.9900 dB    U 99.9900 dB    V 99.9900 dB] [ET 11.39 ] [L0 ] [L1 ]
*** TRAIL_R numBytesInNALunit: 500320
POC  549 TId: 0 ( I-SLICE, QP 26 )    4002560 bits [Y 99.9900 dB    U 99.9900 dB    V 99.9900 dB] [ET 11.56 ] [L0 ] [L1 ]
*** TRAIL_R numBytesInNALunit: 500428
POC  550 TId: 0 ( I-SLICE, QP 26 )    4003424 bits [Y 99.9900 dB    U 99.9900 dB    V 99.9900 dB] [ET 10.81 ] [L0 ] [L1 ]
*** TRAIL_R numBytesInNALunit: 500929
POC  551 TId: 0 ( I-SLICE, QP 26 )    4007432 bits [Y 99.9900 dB    U 99.9900 dB    V 99.9900 dB] [ET 10.66 ] [L0 ] [L1 ]
*** TRAIL_R numBytesInNALunit: 503779
POC  552 TId: 0 ( I-SLICE, QP 26 )    4030232 bits [Y 99.9900 dB    U 99.9900 dB    V 99.9900 dB] [ET 10.80 ] [L0 ] [L1 ]
*** TRAIL_R numBytesInNALunit: 501420
POC  553 TId: 0 ( I-SLICE, QP 26 )    4011360 bits [Y 99.9900 dB    U 99.9900 dB    V 99.9900 dB] [ET 11.41 ] [L0 ] [L1 ]
*** TRAIL_R numBytesInNALunit: 502200
POC  554 TId: 0 ( I-SLICE, QP 26 )    4017600 bits [Y 99.9900 dB    U 99.9900 dB    V 99.9900 dB] [ET 10.73 ] [L0 ] [L1 ]
*** TRAIL_R numBytesInNALunit: 500717
POC  555 TId: 0 ( I-SLICE, QP 26 )    4005736 bits [Y 99.9900 dB    U 99.9900 dB    V 99.9900 dB] [ET 10.73 ] [L0 ] [L1 ]
*** TRAIL_R numBytesInNALunit: 501107
POC  556 TId: 0 ( I-SLICE, QP 26 )    4008856 bits [Y 99.9900 dB    U 99.9900 dB    V 99.9900 dB] [ET 11.12 ] [L0 ] [L1 ]
*** TRAIL_R numBytesInNALunit: 500468
POC  557 TId: 0 ( I-SLICE, QP 26 )    4003744 bits [Y 99.9900 dB    U 99.9900 dB    V 99.9900 dB] [ET 10.88 ] [L0 ] [L1 ]
*** TRAIL_R numBytesInNALunit: 499655
POC  558 TId: 0 ( I-SLICE, QP 26 )    3997240 bits [Y 99.9900 dB    U 99.9900 dB    V 99.9900 dB] [ET 10.95 ] [L0 ] [L1 ]
*** TRAIL_R numBytesInNALunit: 500477
POC  559 TId: 0 ( I-SLICE, QP 26 )    4003816 bits [Y 99.9900 dB    U 99.9900 dB    V 99.9900 dB] [ET 11.00 ] [L0 ] [L1 ]
*** TRAIL_R numBytesInNALunit: 500130
POC  560 TId: 0 ( I-SLICE, QP 26 )    4001040 bits [Y 99.9900 dB    U 99.9900 dB    V 99.9900 dB] [ET 10.72 ] [L0 ] [L1 ]
*** TRAIL_R numBytesInNALunit: 499867
POC  561 TId: 0 ( I-SLICE, QP 26 )    3998936 bits [Y 99.9900 dB    U 99.9900 dB    V 99.9900 dB] [ET 10.81 ] [L0 ] [L1 ]
*** TRAIL_R numBytesInNALunit: 499833
POC  562 TId: 0 ( I-SLICE, QP 26 )    3998664 bits [Y 99.9900 dB    U 99.9900 dB    V 99.9900 dB] [ET 10.94 ] [L0 ] [L1 ]
*** TRAIL_R numBytesInNALunit: 499462
POC  563 TId: 0 ( I-SLICE, QP 26 )    3995696 bits [Y 99.9900 dB    U 99.9900 dB    V 99.9900 dB] [ET 11.11 ] [L0 ] [L1 ]
*** TRAIL_R numBytesInNALunit: 498990
POC  564 TId: 0 ( I-SLICE, QP 26 )    3991920 bits [Y 99.9900 dB    U 99.9900 dB    V 99.9900 dB] [ET 11.22 ] [L0 ] [L1 ]
*** TRAIL_R numBytesInNALunit: 498552
POC  565 TId: 0 ( I-SLICE, QP 26 )    3988416 bits [Y 99.9900 dB    U 99.9900 dB    V 99.9900 dB] [ET 11.12 ] [L0 ] [L1 ]
*** TRAIL_R numBytesInNALunit: 498047
POC  566 TId: 0 ( I-SLICE, QP 26 )    3984376 bits [Y 99.9900 dB    U 99.9900 dB    V 99.9900 dB] [ET 11.00 ] [L0 ] [L1 ]
*** TRAIL_R numBytesInNALunit: 497744
POC  567 TId: 0 ( I-SLICE, QP 26 )    3981952 bits [Y 99.9900 dB    U 99.9900 dB    V 99.9900 dB] [ET 11.03 ] [L0 ] [L1 ]
*** TRAIL_R numBytesInNALunit: 497088
POC  568 TId: 0 ( I-SLICE, QP 26 )    3976704 bits [Y 99.9900 dB    U 99.9900 dB    V 99.9900 dB] [ET 11.00 ] [L0 ] [L1 ]
*** TRAIL_R numBytesInNALunit: 497541
POC  569 TId: 0 ( I-SLICE, QP 26 )    3980328 bits [Y 99.9900 dB    U 99.9900 dB    V 99.9900 dB] [ET 11.02 ] [L0 ] [L1 ]
*** TRAIL_R numBytesInNALunit: 497467
POC  570 TId: 0 ( I-SLICE, QP 26 )    3979736 bits [Y 99.9900 dB    U 99.9900 dB    V 99.9900 dB] [ET 10.89 ] [L0 ] [L1 ]
*** TRAIL_R numBytesInNALunit: 496625
POC  571 TId: 0 ( I-SLICE, QP 26 )    3973000 bits [Y 99.9900 dB    U 99.9900 dB    V 99.9900 dB] [ET 11.02 ] [L0 ] [L1 ]
*** TRAIL_R numBytesInNALunit: 497154
POC  572 TId: 0 ( I-SLICE, QP 26 )    3977232 bits [Y 99.9900 dB    U 99.9900 dB    V 99.9900 dB] [ET 11.00 ] [L0 ] [L1 ]
*** TRAIL_R numBytesInNALunit: 497450
POC  573 TId: 0 ( I-SLICE, QP 26 )    3979600 bits [Y 99.9900 dB    U 99.9900 dB    V 99.9900 dB] [ET 11.20 ] [L0 ] [L1 ]
*** TRAIL_R numBytesInNALunit: 498092
POC  574 TId: 0 ( I-SLICE, QP 26 )    3984736 bits [Y 99.9900 dB    U 99.9900 dB    V 99.9900 dB] [ET 11.05 ] [L0 ] [L1 ]
*** TRAIL_R numBytesInNALunit: 497448
POC  575 TId: 0 ( I-SLICE, QP 26 )    3979584 bits [Y 99.9900 dB    U 99.9900 dB    V 99.9900 dB] [ET 11.06 ] [L0 ] [L1 ]
*** TRAIL_R numBytesInNALunit: 498124
POC  576 TId: 0 ( I-SLICE, QP 26 )    3984992 bits [Y 99.9900 dB    U 99.9900 dB    V 99.9900 dB] [ET 10.78 ] [L0 ] [L1 ]
*** TRAIL_R numBytesInNALunit: 497623
POC  577 TId: 0 ( I-SLICE, QP 26 )    3980984 bits [Y 99.9900 dB    U 99.9900 dB    V 99.9900 dB] [ET 10.98 ] [L0 ] [L1 ]
*** TRAIL_R numBytesInNALunit: 497657
POC  578 TId: 0 ( I-SLICE, QP 26 )    3981256 bits [Y 99.9900 dB    U 99.9900 dB    V 99.9900 dB] [ET 10.70 ] [L0 ] [L1 ]
*** TRAIL_R numBytesInNALunit: 497580
POC  579 TId: 0 ( I-SLICE, QP 26 )    3980640 bits [Y 99.9900 dB    U 99.9900 dB    V 99.9900 dB] [ET 10.83 ] [L0 ] [L1 ]
*** TRAIL_R numBytesInNALunit: 497534
POC  580 TId: 0 ( I-SLICE, QP 26 )    3980272 bits [Y 99.9900 dB    U 99.9900 dB    V 99.9900 dB] [ET 11.17 ] [L0 ] [L1 ]
*** TRAIL_R numBytesInNALunit: 497280
POC  581 TId: 0 ( I-SLICE, QP 26 )    3978240 bits [Y 99.9900 dB    U 99.9900 dB    V 99.9900 dB] [ET 10.98 ] [L0 ] [L1 ]
*** TRAIL_R numBytesInNALunit: 496707
POC  582 TId: 0 ( I-SLICE, QP 26 )    3973656 bits [Y 99.9900 dB    U 99.9900 dB    V 99.9900 dB] [ET 10.97 ] [L0 ] [L1 ]
*** TRAIL_R numBytesInNALunit: 496747
POC  583 TId: 0 ( I-SLICE, QP 26 )    3973976 bits [Y 99.9900 dB    U 99.9900 dB    V 99.9900 dB] [ET 11.25 ] [L0 ] [L1 ]
*** TRAIL_R numBytesInNALunit: 496410
POC  584 TId: 0 ( I-SLICE, QP 26 )    3971280 bits [Y 99.9900 dB    U 99.9900 dB    V 99.9900 dB] [ET 10.97 ] [L0 ] [L1 ]
*** TRAIL_R numBytesInNALunit: 497078
POC  585 TId: 0 ( I-SLICE, QP 26 )    3976624 bits [Y 99.9900 dB    U 99.9900 dB    V 99.9900 dB] [ET 11.06 ] [L0 ] [L1 ]
*** TRAIL_R numBytesInNALunit: 497074
POC  586 TId: 0 ( I-SLICE, QP 26 )    3976592 bits [Y 99.9900 dB    U 99.9900 dB    V 99.9900 dB] [ET 10.88 ] [L0 ] [L1 ]
*** TRAIL_R numBytesInNALunit: 496787
POC  587 TId: 0 ( I-SLICE, QP 26 )    3974296 bits [Y 99.9900 dB    U 99.9900 dB    V 99.9900 dB] [ET 11.20 ] [L0 ] [L1 ]
*** TRAIL_R numBytesInNALunit: 496436
POC  588 TId: 0 ( I-SLICE, QP 26 )    3971488 bits [Y 99.9900 dB    U 99.9900 dB    V 99.9900 dB] [ET 11.48 ] [L0 ] [L1 ]
*** TRAIL_R numBytesInNALunit: 496095
POC  589 TId: 0 ( I-SLICE, QP 26 )    3968760 bits [Y 99.9900 dB    U 99.9900 dB    V 99.9900 dB] [ET 10.64 ] [L0 ] [L1 ]
*** TRAIL_R numBytesInNALunit: 495816
POC  590 TId: 0 ( I-SLICE, QP 26 )    3966528 bits [Y 99.9900 dB    U 99.9900 dB    V 99.9900 dB] [ET 10.75 ] [L0 ] [L1 ]
*** TRAIL_R numBytesInNALunit: 496063
POC  591 TId: 0 ( I-SLICE, QP 26 )    3968504 bits [Y 99.9900 dB    U 99.9900 dB    V 99.9900 dB] [ET 10.69 ] [L0 ] [L1 ]
*** TRAIL_R numBytesInNALunit: 495556
POC  592 TId: 0 ( I-SLICE, QP 26 )    3964448 bits [Y 99.9900 dB    U 99.9900 dB    V 99.9900 dB] [ET 10.66 ] [L0 ] [L1 ]
*** TRAIL_R numBytesInNALunit: 495852
POC  593 TId: 0 ( I-SLICE, QP 26 )    3966816 bits [Y 99.9900 dB    U 99.9900 dB    V 99.9900 dB] [ET 10.92 ] [L0 ] [L1 ]
*** TRAIL_R numBytesInNALunit: 495506
POC  594 TId: 0 ( I-SLICE, QP 26 )    3964048 bits [Y 99.9900 dB    U 99.9900 dB    V 99.9900 dB] [ET 10.77 ] [L0 ] [L1 ]
*** TRAIL_R numBytesInNALunit: 495586
POC  595 TId: 0 ( I-SLICE, QP 26 )    3964688 bits [Y 99.9900 dB    U 99.9900 dB    V 99.9900 dB] [ET 10.84 ] [L0 ] [L1 ]
*** TRAIL_R numBytesInNALunit: 496050
POC  596 TId: 0 ( I-SLICE, QP 26 )    3968400 bits [Y 99.9900 dB    U 99.9900 dB    V 99.9900 dB] [ET 10.89 ] [L0 ] [L1 ]
*** TRAIL_R numBytesInNALunit: 495807
POC  597 TId: 0 ( I-SLICE, QP 26 )    3966456 bits [Y 99.9900 dB    U 99.9900 dB    V 99.9900 dB] [ET 11.17 ] [L0 ] [L1 ]
*** TRAIL_R numBytesInNALunit: 496334
POC  598 TId: 0 ( I-SLICE, QP 26 )    3970672 bits [Y 99.9900 dB    U 99.9900 dB    V 99.9900 dB] [ET 11.00 ] [L0 ] [L1 ]
*** TRAIL_R numBytesInNALunit: 496614
POC  599 TId: 0 ( I-SLICE, QP 26 )    3972912 bits [Y 99.9900 dB    U 99.9900 dB    V 99.9900 dB] [ET 11.14 ] [L0 ] [L1 ]


I Slices--------------------------------------------------------
	Total Frames |  Bitrate    Y-PSNR    U-PSNR    V-PSNR 
	      600    i 236597.4312   99.9900   99.9900   99.9900
Bytes written to file: 295749200 (236599.360 kbps)
Bytes for SPS/PPS/Slice (Incl. Annex B): 295749200 (236599.360 kbps)

 Total Time:     7815.406 sec.
