
HM software: Encoder Version [15.0][Linux][GCC 4.8.5][64 bit] 

Input          File          : ../../HEVC_test_sequence/ClassB/ParkScene_1920x1080_24.yuv
Bitstream      File          : ParkScene.bin
Reconstruction File          : ParkScene.yuv
Real     Format              : 1920x1080 24Hz
Internal Format              : 1920x1080 24Hz
Frame/Field                  : Frame based coding
Frame index                  : 0 - 239 (240 frames)
CU size / depth              : 32 / 3
RQT trans. size (min / max)  : 4 / 32
Max RQT depth inter          : 3
Max RQT depth intra          : 1
Min PCM size                 : 8
Motion search range          : 64
Intra period                 : 1
Decoding refresh type        : 0
QP                           : 26.00
Max dQP signaling depth      : 0
Cb QP Offset                 : 0
Cr QP Offset                 : 0
QP adaptation                : 0 (range=0)
GOP size                     : 1
Internal bit depth           : (Y:8, C:8)
PCM sample bit depth         : (Y:8, C:8)
RateControl                  : 0
Max Num Merge Candidates     : 5

TOOL CFG: IBD:0 HAD:0 RDQ:0 RDQTS:0 RDpenalty:0 SQP:0 ASR:0 FEN:0 ECU:0 FDM:0 CFM:0 ESD:0 RQT:1 TransformSkip:0 TransformSkipFast:0 Slice: M=0 SliceSegment: M=0 CIP:0 SAO:0 PCM:0 TransQuantBypassEnabled: =1 WPP:0 WPB:0 PME:2  WaveFrontSynchro:0 WaveFrontSubstreams:1 ScalingList:0 TMVPMode:1  SignBitHidingFlag:1 RecalQP:0

***    VPS numBytesInNALunit: 24
***    SPS numBytesInNALunit: 31
***    PPS numBytesInNALunit: 7
*** IDR_W_RADL numBytesInNALunit: 1556640
POC    0 TId: 0 ( I-SLICE, QP 26 )   12453616 bits [Y 99.9900 dB    U 99.9900 dB    V 99.9900 dB] [ET 27.08 ] [L0 ] [L1 ]
*** TRAIL_R numBytesInNALunit: 1556470
POC    1 TId: 0 ( I-SLICE, QP 26 )   12451760 bits [Y 99.9900 dB    U 99.9900 dB    V 99.9900 dB] [ET 28.06 ] [L0 ] [L1 ]
*** TRAIL_R numBytesInNALunit: 1557443
POC    2 TId: 0 ( I-SLICE, QP 26 )   12459544 bits [Y 99.9900 dB    U 99.9900 dB    V 99.9900 dB] [ET 28.00 ] [L0 ] [L1 ]
*** TRAIL_R numBytesInNALunit: 1558748
POC    3 TId: 0 ( I-SLICE, QP 26 )   12469984 bits [Y 99.9900 dB    U 99.9900 dB    V 99.9900 dB] [ET 28.06 ] [L0 ] [L1 ]
*** TRAIL_R numBytesInNALunit: 1558183
POC    4 TId: 0 ( I-SLICE, QP 26 )   12465464 bits [Y 99.9900 dB    U 99.9900 dB    V 99.9900 dB] [ET 27.55 ] [L0 ] [L1 ]
*** TRAIL_R numBytesInNALunit: 1558669
POC    5 TId: 0 ( I-SLICE, QP 26 )   12469352 bits [Y 99.9900 dB    U 99.9900 dB    V 99.9900 dB] [ET 27.30 ] [L0 ] [L1 ]
*** TRAIL_R numBytesInNALunit: 1558645
POC    6 TId: 0 ( I-SLICE, QP 26 )   12469160 bits [Y 99.9900 dB    U 99.9900 dB    V 99.9900 dB] [ET 27.61 ] [L0 ] [L1 ]
*** TRAIL_R numBytesInNALunit: 1559420
POC    7 TId: 0 ( I-SLICE, QP 26 )   12475360 bits [Y 99.9900 dB    U 99.9900 dB    V 99.9900 dB] [ET 27.34 ] [L0 ] [L1 ]
*** TRAIL_R numBytesInNALunit: 1558787
POC    8 TId: 0 ( I-SLICE, QP 26 )   12470296 bits [Y 99.9900 dB    U 99.9900 dB    V 99.9900 dB] [ET 27.58 ] [L0 ] [L1 ]
*** TRAIL_R numBytesInNALunit: 1558773
POC    9 TId: 0 ( I-SLICE, QP 26 )   12470184 bits [Y 99.9900 dB    U 99.9900 dB    V 99.9900 dB] [ET 27.42 ] [L0 ] [L1 ]
*** TRAIL_R numBytesInNALunit: 1558027
POC   10 TId: 0 ( I-SLICE, QP 26 )   12464216 bits [Y 99.9900 dB    U 99.9900 dB    V 99.9900 dB] [ET 27.56 ] [L0 ] [L1 ]
*** TRAIL_R numBytesInNALunit: 1558262
POC   11 TId: 0 ( I-SLICE, QP 26 )   12466096 bits [Y 99.9900 dB    U 99.9900 dB    V 99.9900 dB] [ET 27.77 ] [L0 ] [L1 ]
*** TRAIL_R numBytesInNALunit: 1558242
POC   12 TId: 0 ( I-SLICE, QP 26 )   12465936 bits [Y 99.9900 dB    U 99.9900 dB    V 99.9900 dB] [ET 28.08 ] [L0 ] [L1 ]
*** TRAIL_R numBytesInNALunit: 1557429
POC   13 TId: 0 ( I-SLICE, QP 26 )   12459432 bits [Y 99.9900 dB    U 99.9900 dB    V 99.9900 dB] [ET 27.42 ] [L0 ] [L1 ]
*** TRAIL_R numBytesInNALunit: 1557874
POC   14 TId: 0 ( I-SLICE, QP 26 )   12462992 bits [Y 99.9900 dB    U 99.9900 dB    V 99.9900 dB] [ET 27.70 ] [L0 ] [L1 ]
*** TRAIL_R numBytesInNALunit: 1555363
POC   15 TId: 0 ( I-SLICE, QP 26 )   12442904 bits [Y 99.9900 dB    U 99.9900 dB    V 99.9900 dB] [ET 27.84 ] [L0 ] [L1 ]
*** TRAIL_R numBytesInNALunit: 1555704
POC   16 TId: 0 ( I-SLICE, QP 26 )   12445632 bits [Y 99.9900 dB    U 99.9900 dB    V 99.9900 dB] [ET 27.81 ] [L0 ] [L1 ]
*** TRAIL_R numBytesInNALunit: 1553951
POC   17 TId: 0 ( I-SLICE, QP 26 )   12431608 bits [Y 99.9900 dB    U 99.9900 dB    V 99.9900 dB] [ET 28.44 ] [L0 ] [L1 ]
*** TRAIL_R numBytesInNALunit: 1553823
POC   18 TId: 0 ( I-SLICE, QP 26 )   12430584 bits [Y 99.9900 dB    U 99.9900 dB    V 99.9900 dB] [ET 27.84 ] [L0 ] [L1 ]
*** TRAIL_R numBytesInNALunit: 1555349
POC   19 TId: 0 ( I-SLICE, QP 26 )   12442792 bits [Y 99.9900 dB    U 99.9900 dB    V 99.9900 dB] [ET 26.75 ] [L0 ] [L1 ]
*** TRAIL_R numBytesInNALunit: 1553449
POC   20 TId: 0 ( I-SLICE, QP 26 )   12427592 bits [Y 99.9900 dB    U 99.9900 dB    V 99.9900 dB] [ET 26.92 ] [L0 ] [L1 ]
*** TRAIL_R numBytesInNALunit: 1553376
POC   21 TId: 0 ( I-SLICE, QP 26 )   12427008 bits [Y 99.9900 dB    U 99.9900 dB    V 99.9900 dB] [ET 27.95 ] [L0 ] [L1 ]
*** TRAIL_R numBytesInNALunit: 1553290
POC   22 TId: 0 ( I-SLICE, QP 26 )   12426320 bits [Y 99.9900 dB    U 99.9900 dB    V 99.9900 dB] [ET 27.30 ] [L0 ] [L1 ]
*** TRAIL_R numBytesInNALunit: 1553144
POC   23 TId: 0 ( I-SLICE, QP 26 )   12425152 bits [Y 99.9900 dB    U 99.9900 dB    V 99.9900 dB] [ET 27.31 ] [L0 ] [L1 ]
*** TRAIL_R numBytesInNALunit: 1553559
POC   24 TId: 0 ( I-SLICE, QP 26 )   12428472 bits [Y 99.9900 dB    U 99.9900 dB    V 99.9900 dB] [ET 27.45 ] [L0 ] [L1 ]
*** TRAIL_R numBytesInNALunit: 1552288
POC   25 TId: 0 ( I-SLICE, QP 26 )   12418304 bits [Y 99.9900 dB    U 99.9900 dB    V 99.9900 dB] [ET 27.45 ] [L0 ] [L1 ]
*** TRAIL_R numBytesInNALunit: 1554122
POC   26 TId: 0 ( I-SLICE, QP 26 )   12432976 bits [Y 99.9900 dB    U 99.9900 dB    V 99.9900 dB] [ET 27.88 ] [L0 ] [L1 ]
*** TRAIL_R numBytesInNALunit: 1555446
POC   27 TId: 0 ( I-SLICE, QP 26 )   12443568 bits [Y 99.9900 dB    U 99.9900 dB    V 99.9900 dB] [ET 28.34 ] [L0 ] [L1 ]
*** TRAIL_R numBytesInNALunit: 1557193
POC   28 TId: 0 ( I-SLICE, QP 26 )   12457544 bits [Y 99.9900 dB    U 99.9900 dB    V 99.9900 dB] [ET 28.52 ] [L0 ] [L1 ]
*** TRAIL_R numBytesInNALunit: 1558866
POC   29 TId: 0 ( I-SLICE, QP 26 )   12470928 bits [Y 99.9900 dB    U 99.9900 dB    V 99.9900 dB] [ET 28.41 ] [L0 ] [L1 ]
*** TRAIL_R numBytesInNALunit: 1561284
POC   30 TId: 0 ( I-SLICE, QP 26 )   12490272 bits [Y 99.9900 dB    U 99.9900 dB    V 99.9900 dB] [ET 28.80 ] [L0 ] [L1 ]
*** TRAIL_R numBytesInNALunit: 1562314
POC   31 TId: 0 ( I-SLICE, QP 26 )   12498512 bits [Y 99.9900 dB    U 99.9900 dB    V 99.9900 dB] [ET 28.86 ] [L0 ] [L1 ]
*** TRAIL_R numBytesInNALunit: 1564813
POC   32 TId: 0 ( I-SLICE, QP 26 )   12518504 bits [Y 99.9900 dB    U 99.9900 dB    V 99.9900 dB] [ET 28.19 ] [L0 ] [L1 ]
*** TRAIL_R numBytesInNALunit: 1565942
POC   33 TId: 0 ( I-SLICE, QP 26 )   12527536 bits [Y 99.9900 dB    U 99.9900 dB    V 99.9900 dB] [ET 27.89 ] [L0 ] [L1 ]
*** TRAIL_R numBytesInNALunit: 1567980
POC   34 TId: 0 ( I-SLICE, QP 26 )   12543840 bits [Y 99.9900 dB    U 99.9900 dB    V 99.9900 dB] [ET 28.06 ] [L0 ] [L1 ]
*** TRAIL_R numBytesInNALunit: 1569888
POC   35 TId: 0 ( I-SLICE, QP 26 )   12559104 bits [Y 99.9900 dB    U 99.9900 dB    V 99.9900 dB] [ET 28.64 ] [L0 ] [L1 ]
*** TRAIL_R numBytesInNALunit: 1572160
POC   36 TId: 0 ( I-SLICE, QP 26 )   12577280 bits [Y 99.9900 dB    U 99.9900 dB    V 99.9900 dB] [ET 28.42 ] [L0 ] [L1 ]
*** TRAIL_R numBytesInNALunit: 1576097
POC   37 TId: 0 ( I-SLICE, QP 26 )   12608776 bits [Y 99.9900 dB    U 99.9900 dB    V 99.9900 dB] [ET 28.67 ] [L0 ] [L1 ]
*** TRAIL_R numBytesInNALunit: 1577114
POC   38 TId: 0 ( I-SLICE, QP 26 )   12616912 bits [Y 99.9900 dB    U 99.9900 dB    V 99.9900 dB] [ET 28.09 ] [L0 ] [L1 ]
*** TRAIL_R numBytesInNALunit: 1581189
POC   39 TId: 0 ( I-SLICE, QP 26 )   12649512 bits [Y 99.9900 dB    U 99.9900 dB    V 99.9900 dB] [ET 28.31 ] [L0 ] [L1 ]
*** TRAIL_R numBytesInNALunit: 1583117
POC   40 TId: 0 ( I-SLICE, QP 26 )   12664936 bits [Y 99.9900 dB    U 99.9900 dB    V 99.9900 dB] [ET 28.30 ] [L0 ] [L1 ]
*** TRAIL_R numBytesInNALunit: 1586033
POC   41 TId: 0 ( I-SLICE, QP 26 )   12688264 bits [Y 99.9900 dB    U 99.9900 dB    V 99.9900 dB] [ET 28.20 ] [L0 ] [L1 ]
*** TRAIL_R numBytesInNALunit: 1588442
POC   42 TId: 0 ( I-SLICE, QP 26 )   12707536 bits [Y 99.9900 dB    U 99.9900 dB    V 99.9900 dB] [ET 27.86 ] [L0 ] [L1 ]
*** TRAIL_R numBytesInNALunit: 1592682
POC   43 TId: 0 ( I-SLICE, QP 26 )   12741456 bits [Y 99.9900 dB    U 99.9900 dB    V 99.9900 dB] [ET 28.56 ] [L0 ] [L1 ]
*** TRAIL_R numBytesInNALunit: 1594323
POC   44 TId: 0 ( I-SLICE, QP 26 )   12754584 bits [Y 99.9900 dB    U 99.9900 dB    V 99.9900 dB] [ET 28.83 ] [L0 ] [L1 ]
*** TRAIL_R numBytesInNALunit: 1597370
POC   45 TId: 0 ( I-SLICE, QP 26 )   12778960 bits [Y 99.9900 dB    U 99.9900 dB    V 99.9900 dB] [ET 28.25 ] [L0 ] [L1 ]
*** TRAIL_R numBytesInNALunit: 1599257
POC   46 TId: 0 ( I-SLICE, QP 26 )   12794056 bits [Y 99.9900 dB    U 99.9900 dB    V 99.9900 dB] [ET 27.95 ] [L0 ] [L1 ]
*** TRAIL_R numBytesInNALunit: 1600178
POC   47 TId: 0 ( I-SLICE, QP 26 )   12801424 bits [Y 99.9900 dB    U 99.9900 dB    V 99.9900 dB] [ET 27.95 ] [L0 ] [L1 ]
*** TRAIL_R numBytesInNALunit: 1601655
POC   48 TId: 0 ( I-SLICE, QP 26 )   12813240 bits [Y 99.9900 dB    U 99.9900 dB    V 99.9900 dB] [ET 28.72 ] [L0 ] [L1 ]
*** TRAIL_R numBytesInNALunit: 1601852
POC   49 TId: 0 ( I-SLICE, QP 26 )   12814816 bits [Y 99.9900 dB    U 99.9900 dB    V 99.9900 dB] [ET 28.42 ] [L0 ] [L1 ]
*** TRAIL_R numBytesInNALunit: 1598801
POC   50 TId: 0 ( I-SLICE, QP 26 )   12790408 bits [Y 99.9900 dB    U 99.9900 dB    V 99.9900 dB] [ET 28.67 ] [L0 ] [L1 ]
*** TRAIL_R numBytesInNALunit: 1596803
POC   51 TId: 0 ( I-SLICE, QP 26 )   12774424 bits [Y 99.9900 dB    U 99.9900 dB    V 99.9900 dB] [ET 28.16 ] [L0 ] [L1 ]
*** TRAIL_R numBytesInNALunit: 1595158
POC   52 TId: 0 ( I-SLICE, QP 26 )   12761264 bits [Y 99.9900 dB    U 99.9900 dB    V 99.9900 dB] [ET 28.52 ] [L0 ] [L1 ]
*** TRAIL_R numBytesInNALunit: 1594009
POC   53 TId: 0 ( I-SLICE, QP 26 )   12752072 bits [Y 99.9900 dB    U 99.9900 dB    V 99.9900 dB] [ET 28.12 ] [L0 ] [L1 ]
*** TRAIL_R numBytesInNALunit: 1594803
POC   54 TId: 0 ( I-SLICE, QP 26 )   12758424 bits [Y 99.9900 dB    U 99.9900 dB    V 99.9900 dB] [ET 28.11 ] [L0 ] [L1 ]
*** TRAIL_R numBytesInNALunit: 1596446
POC   55 TId: 0 ( I-SLICE, QP 26 )   12771568 bits [Y 99.9900 dB    U 99.9900 dB    V 99.9900 dB] [ET 28.06 ] [L0 ] [L1 ]
*** TRAIL_R numBytesInNALunit: 1596012
POC   56 TId: 0 ( I-SLICE, QP 26 )   12768096 bits [Y 99.9900 dB    U 99.9900 dB    V 99.9900 dB] [ET 28.44 ] [L0 ] [L1 ]
*** TRAIL_R numBytesInNALunit: 1595324
POC   57 TId: 0 ( I-SLICE, QP 26 )   12762592 bits [Y 99.9900 dB    U 99.9900 dB    V 99.9900 dB] [ET 29.39 ] [L0 ] [L1 ]
*** TRAIL_R numBytesInNALunit: 1597274
POC   58 TId: 0 ( I-SLICE, QP 26 )   12778192 bits [Y 99.9900 dB    U 99.9900 dB    V 99.9900 dB] [ET 28.50 ] [L0 ] [L1 ]
*** TRAIL_R numBytesInNALunit: 1597671
POC   59 TId: 0 ( I-SLICE, QP 26 )   12781368 bits [Y 99.9900 dB    U 99.9900 dB    V 99.9900 dB] [ET 28.39 ] [L0 ] [L1 ]
*** TRAIL_R numBytesInNALunit: 1600513
POC   60 TId: 0 ( I-SLICE, QP 26 )   12804104 bits [Y 99.9900 dB    U 99.9900 dB    V 99.9900 dB] [ET 28.14 ] [L0 ] [L1 ]
*** TRAIL_R numBytesInNALunit: 1599983
POC   61 TId: 0 ( I-SLICE, QP 26 )   12799864 bits [Y 99.9900 dB    U 99.9900 dB    V 99.9900 dB] [ET 28.28 ] [L0 ] [L1 ]
*** TRAIL_R numBytesInNALunit: 1601234
POC   62 TId: 0 ( I-SLICE, QP 26 )   12809872 bits [Y 99.9900 dB    U 99.9900 dB    V 99.9900 dB] [ET 27.95 ] [L0 ] [L1 ]
*** TRAIL_R numBytesInNALunit: 1603447
POC   63 TId: 0 ( I-SLICE, QP 26 )   12827576 bits [Y 99.9900 dB    U 99.9900 dB    V 99.9900 dB] [ET 28.45 ] [L0 ] [L1 ]
*** TRAIL_R numBytesInNALunit: 1602470
POC   64 TId: 0 ( I-SLICE, QP 26 )   12819760 bits [Y 99.9900 dB    U 99.9900 dB    V 99.9900 dB] [ET 28.62 ] [L0 ] [L1 ]
*** TRAIL_R numBytesInNALunit: 1602419
POC   65 TId: 0 ( I-SLICE, QP 26 )   12819352 bits [Y 99.9900 dB    U 99.9900 dB    V 99.9900 dB] [ET 28.48 ] [L0 ] [L1 ]
*** TRAIL_R numBytesInNALunit: 1602316
POC   66 TId: 0 ( I-SLICE, QP 26 )   12818528 bits [Y 99.9900 dB    U 99.9900 dB    V 99.9900 dB] [ET 29.86 ] [L0 ] [L1 ]
*** TRAIL_R numBytesInNALunit: 1599056
POC   67 TId: 0 ( I-SLICE, QP 26 )   12792448 bits [Y 99.9900 dB    U 99.9900 dB    V 99.9900 dB] [ET 28.81 ] [L0 ] [L1 ]
*** TRAIL_R numBytesInNALunit: 1599335
POC   68 TId: 0 ( I-SLICE, QP 26 )   12794680 bits [Y 99.9900 dB    U 99.9900 dB    V 99.9900 dB] [ET 54.67 ] [L0 ] [L1 ]
*** TRAIL_R numBytesInNALunit: 1600136
POC   69 TId: 0 ( I-SLICE, QP 26 )   12801088 bits [Y 99.9900 dB    U 99.9900 dB    V 99.9900 dB] [ET 57.73 ] [L0 ] [L1 ]
*** TRAIL_R numBytesInNALunit: 1599837
POC   70 TId: 0 ( I-SLICE, QP 26 )   12798696 bits [Y 99.9900 dB    U 99.9900 dB    V 99.9900 dB] [ET 56.78 ] [L0 ] [L1 ]
*** TRAIL_R numBytesInNALunit: 1600911
POC   71 TId: 0 ( I-SLICE, QP 26 )   12807288 bits [Y 99.9900 dB    U 99.9900 dB    V 99.9900 dB] [ET 57.59 ] [L0 ] [L1 ]
*** TRAIL_R numBytesInNALunit: 1601438
POC   72 TId: 0 ( I-SLICE, QP 26 )   12811504 bits [Y 99.9900 dB    U 99.9900 dB    V 99.9900 dB] [ET 57.80 ] [L0 ] [L1 ]
*** TRAIL_R numBytesInNALunit: 1599500
POC   73 TId: 0 ( I-SLICE, QP 26 )   12796000 bits [Y 99.9900 dB    U 99.9900 dB    V 99.9900 dB] [ET 57.45 ] [L0 ] [L1 ]
*** TRAIL_R numBytesInNALunit: 1597894
POC   74 TId: 0 ( I-SLICE, QP 26 )   12783152 bits [Y 99.9900 dB    U 99.9900 dB    V 99.9900 dB] [ET 56.84 ] [L0 ] [L1 ]
*** TRAIL_R numBytesInNALunit: 1599033
POC   75 TId: 0 ( I-SLICE, QP 26 )   12792264 bits [Y 99.9900 dB    U 99.9900 dB    V 99.9900 dB] [ET 58.22 ] [L0 ] [L1 ]
*** TRAIL_R numBytesInNALunit: 1595875
POC   76 TId: 0 ( I-SLICE, QP 26 )   12767000 bits [Y 99.9900 dB    U 99.9900 dB    V 99.9900 dB] [ET 57.28 ] [L0 ] [L1 ]
*** TRAIL_R numBytesInNALunit: 1597875
POC   77 TId: 0 ( I-SLICE, QP 26 )   12783000 bits [Y 99.9900 dB    U 99.9900 dB    V 99.9900 dB] [ET 56.95 ] [L0 ] [L1 ]
*** TRAIL_R numBytesInNALunit: 1596766
POC   78 TId: 0 ( I-SLICE, QP 26 )   12774128 bits [Y 99.9900 dB    U 99.9900 dB    V 99.9900 dB] [ET 57.45 ] [L0 ] [L1 ]
*** TRAIL_R numBytesInNALunit: 1598054
POC   79 TId: 0 ( I-SLICE, QP 26 )   12784432 bits [Y 99.9900 dB    U 99.9900 dB    V 99.9900 dB] [ET 57.34 ] [L0 ] [L1 ]
*** TRAIL_R numBytesInNALunit: 1597723
POC   80 TId: 0 ( I-SLICE, QP 26 )   12781784 bits [Y 99.9900 dB    U 99.9900 dB    V 99.9900 dB] [ET 56.97 ] [L0 ] [L1 ]
*** TRAIL_R numBytesInNALunit: 1595611
POC   81 TId: 0 ( I-SLICE, QP 26 )   12764888 bits [Y 99.9900 dB    U 99.9900 dB    V 99.9900 dB] [ET 57.22 ] [L0 ] [L1 ]
*** TRAIL_R numBytesInNALunit: 1597397
POC   82 TId: 0 ( I-SLICE, QP 26 )   12779176 bits [Y 99.9900 dB    U 99.9900 dB    V 99.9900 dB] [ET 57.59 ] [L0 ] [L1 ]
*** TRAIL_R numBytesInNALunit: 1597638
POC   83 TId: 0 ( I-SLICE, QP 26 )   12781104 bits [Y 99.9900 dB    U 99.9900 dB    V 99.9900 dB] [ET 56.61 ] [L0 ] [L1 ]
*** TRAIL_R numBytesInNALunit: 1597837
POC   84 TId: 0 ( I-SLICE, QP 26 )   12782696 bits [Y 99.9900 dB    U 99.9900 dB    V 99.9900 dB] [ET 57.34 ] [L0 ] [L1 ]
*** TRAIL_R numBytesInNALunit: 1597002
POC   85 TId: 0 ( I-SLICE, QP 26 )   12776016 bits [Y 99.9900 dB    U 99.9900 dB    V 99.9900 dB] [ET 57.09 ] [L0 ] [L1 ]
*** TRAIL_R numBytesInNALunit: 1595601
POC   86 TId: 0 ( I-SLICE, QP 26 )   12764808 bits [Y 99.9900 dB    U 99.9900 dB    V 99.9900 dB] [ET 57.53 ] [L0 ] [L1 ]
*** TRAIL_R numBytesInNALunit: 1594985
POC   87 TId: 0 ( I-SLICE, QP 26 )   12759880 bits [Y 99.9900 dB    U 99.9900 dB    V 99.9900 dB] [ET 56.72 ] [L0 ] [L1 ]
*** TRAIL_R numBytesInNALunit: 1596254
POC   88 TId: 0 ( I-SLICE, QP 26 )   12770032 bits [Y 99.9900 dB    U 99.9900 dB    V 99.9900 dB] [ET 57.52 ] [L0 ] [L1 ]
*** TRAIL_R numBytesInNALunit: 1594604
POC   89 TId: 0 ( I-SLICE, QP 26 )   12756832 bits [Y 99.9900 dB    U 99.9900 dB    V 99.9900 dB] [ET 57.61 ] [L0 ] [L1 ]
*** TRAIL_R numBytesInNALunit: 1595309
POC   90 TId: 0 ( I-SLICE, QP 26 )   12762472 bits [Y 99.9900 dB    U 99.9900 dB    V 99.9900 dB] [ET 57.62 ] [L0 ] [L1 ]
*** TRAIL_R numBytesInNALunit: 1595974
POC   91 TId: 0 ( I-SLICE, QP 26 )   12767792 bits [Y 99.9900 dB    U 99.9900 dB    V 99.9900 dB] [ET 57.23 ] [L0 ] [L1 ]
*** TRAIL_R numBytesInNALunit: 1595198
POC   92 TId: 0 ( I-SLICE, QP 26 )   12761584 bits [Y 99.9900 dB    U 99.9900 dB    V 99.9900 dB] [ET 57.20 ] [L0 ] [L1 ]
*** TRAIL_R numBytesInNALunit: 1592989
POC   93 TId: 0 ( I-SLICE, QP 26 )   12743912 bits [Y 99.9900 dB    U 99.9900 dB    V 99.9900 dB] [ET 57.55 ] [L0 ] [L1 ]
*** TRAIL_R numBytesInNALunit: 1593089
POC   94 TId: 0 ( I-SLICE, QP 26 )   12744712 bits [Y 99.9900 dB    U 99.9900 dB    V 99.9900 dB] [ET 57.27 ] [L0 ] [L1 ]
*** TRAIL_R numBytesInNALunit: 1592834
POC   95 TId: 0 ( I-SLICE, QP 26 )   12742672 bits [Y 99.9900 dB    U 99.9900 dB    V 99.9900 dB] [ET 37.09 ] [L0 ] [L1 ]
*** TRAIL_R numBytesInNALunit: 1592218
POC   96 TId: 0 ( I-SLICE, QP 26 )   12737744 bits [Y 99.9900 dB    U 99.9900 dB    V 99.9900 dB] [ET 26.52 ] [L0 ] [L1 ]
*** TRAIL_R numBytesInNALunit: 1591096
POC   97 TId: 0 ( I-SLICE, QP 26 )   12728768 bits [Y 99.9900 dB    U 99.9900 dB    V 99.9900 dB] [ET 26.23 ] [L0 ] [L1 ]
*** TRAIL_R numBytesInNALunit: 1590351
POC   98 TId: 0 ( I-SLICE, QP 26 )   12722808 bits [Y 99.9900 dB    U 99.9900 dB    V 99.9900 dB] [ET 26.50 ] [L0 ] [L1 ]
*** TRAIL_R numBytesInNALunit: 1587606
POC   99 TId: 0 ( I-SLICE, QP 26 )   12700848 bits [Y 99.9900 dB    U 99.9900 dB    V 99.9900 dB] [ET 27.41 ] [L0 ] [L1 ]
*** TRAIL_R numBytesInNALunit: 1588162
POC  100 TId: 0 ( I-SLICE, QP 26 )   12705296 bits [Y 99.9900 dB    U 99.9900 dB    V 99.9900 dB] [ET 26.80 ] [L0 ] [L1 ]
*** TRAIL_R numBytesInNALunit: 1589116
POC  101 TId: 0 ( I-SLICE, QP 26 )   12712928 bits [Y 99.9900 dB    U 99.9900 dB    V 99.9900 dB] [ET 26.94 ] [L0 ] [L1 ]
*** TRAIL_R numBytesInNALunit: 1588676
POC  102 TId: 0 ( I-SLICE, QP 26 )   12709408 bits [Y 99.9900 dB    U 99.9900 dB    V 99.9900 dB] [ET 26.59 ] [L0 ] [L1 ]
*** TRAIL_R numBytesInNALunit: 1587721
POC  103 TId: 0 ( I-SLICE, QP 26 )   12701768 bits [Y 99.9900 dB    U 99.9900 dB    V 99.9900 dB] [ET 26.23 ] [L0 ] [L1 ]
*** TRAIL_R numBytesInNALunit: 1586360
POC  104 TId: 0 ( I-SLICE, QP 26 )   12690880 bits [Y 99.9900 dB    U 99.9900 dB    V 99.9900 dB] [ET 26.97 ] [L0 ] [L1 ]
*** TRAIL_R numBytesInNALunit: 1586783
POC  105 TId: 0 ( I-SLICE, QP 26 )   12694264 bits [Y 99.9900 dB    U 99.9900 dB    V 99.9900 dB] [ET 26.56 ] [L0 ] [L1 ]
*** TRAIL_R numBytesInNALunit: 1586059
POC  106 TId: 0 ( I-SLICE, QP 26 )   12688472 bits [Y 99.9900 dB    U 99.9900 dB    V 99.9900 dB] [ET 26.83 ] [L0 ] [L1 ]
*** TRAIL_R numBytesInNALunit: 1585409
POC  107 TId: 0 ( I-SLICE, QP 26 )   12683272 bits [Y 99.9900 dB    U 99.9900 dB    V 99.9900 dB] [ET 26.00 ] [L0 ] [L1 ]
*** TRAIL_R numBytesInNALunit: 1586594
POC  108 TId: 0 ( I-SLICE, QP 26 )   12692752 bits [Y 99.9900 dB    U 99.9900 dB    V 99.9900 dB] [ET 26.84 ] [L0 ] [L1 ]
*** TRAIL_R numBytesInNALunit: 1584696
POC  109 TId: 0 ( I-SLICE, QP 26 )   12677568 bits [Y 99.9900 dB    U 99.9900 dB    V 99.9900 dB] [ET 25.86 ] [L0 ] [L1 ]
*** TRAIL_R numBytesInNALunit: 1584496
POC  110 TId: 0 ( I-SLICE, QP 26 )   12675968 bits [Y 99.9900 dB    U 99.9900 dB    V 99.9900 dB] [ET 26.09 ] [L0 ] [L1 ]
*** TRAIL_R numBytesInNALunit: 1583885
POC  111 TId: 0 ( I-SLICE, QP 26 )   12671080 bits [Y 99.9900 dB    U 99.9900 dB    V 99.9900 dB] [ET 26.83 ] [L0 ] [L1 ]
*** TRAIL_R numBytesInNALunit: 1582676
POC  112 TId: 0 ( I-SLICE, QP 26 )   12661408 bits [Y 99.9900 dB    U 99.9900 dB    V 99.9900 dB] [ET 26.55 ] [L0 ] [L1 ]
*** TRAIL_R numBytesInNALunit: 1582786
POC  113 TId: 0 ( I-SLICE, QP 26 )   12662288 bits [Y 99.9900 dB    U 99.9900 dB    V 99.9900 dB] [ET 26.62 ] [L0 ] [L1 ]
*** TRAIL_R numBytesInNALunit: 1582049
POC  114 TId: 0 ( I-SLICE, QP 26 )   12656392 bits [Y 99.9900 dB    U 99.9900 dB    V 99.9900 dB] [ET 27.11 ] [L0 ] [L1 ]
*** TRAIL_R numBytesInNALunit: 1582572
POC  115 TId: 0 ( I-SLICE, QP 26 )   12660576 bits [Y 99.9900 dB    U 99.9900 dB    V 99.9900 dB] [ET 26.06 ] [L0 ] [L1 ]
*** TRAIL_R numBytesInNALunit: 1580722
POC  116 TId: 0 ( I-SLICE, QP 26 )   12645776 bits [Y 99.9900 dB    U 99.9900 dB    V 99.9900 dB] [ET 26.30 ] [L0 ] [L1 ]
*** TRAIL_R numBytesInNALunit: 1580780
POC  117 TId: 0 ( I-SLICE, QP 26 )   12646240 bits [Y 99.9900 dB    U 99.9900 dB    V 99.9900 dB] [ET 26.67 ] [L0 ] [L1 ]
*** TRAIL_R numBytesInNALunit: 1580050
POC  118 TId: 0 ( I-SLICE, QP 26 )   12640400 bits [Y 99.9900 dB    U 99.9900 dB    V 99.9900 dB] [ET 26.86 ] [L0 ] [L1 ]
*** TRAIL_R numBytesInNALunit: 1579217
POC  119 TId: 0 ( I-SLICE, QP 26 )   12633736 bits [Y 99.9900 dB    U 99.9900 dB    V 99.9900 dB] [ET 26.17 ] [L0 ] [L1 ]
*** TRAIL_R numBytesInNALunit: 1579135
POC  120 TId: 0 ( I-SLICE, QP 26 )   12633080 bits [Y 99.9900 dB    U 99.9900 dB    V 99.9900 dB] [ET 26.27 ] [L0 ] [L1 ]
*** TRAIL_R numBytesInNALunit: 1578389
POC  121 TId: 0 ( I-SLICE, QP 26 )   12627112 bits [Y 99.9900 dB    U 99.9900 dB    V 99.9900 dB] [ET 26.70 ] [L0 ] [L1 ]
*** TRAIL_R numBytesInNALunit: 1578147
POC  122 TId: 0 ( I-SLICE, QP 26 )   12625176 bits [Y 99.9900 dB    U 99.9900 dB    V 99.9900 dB] [ET 26.52 ] [L0 ] [L1 ]
*** TRAIL_R numBytesInNALunit: 1577295
POC  123 TId: 0 ( I-SLICE, QP 26 )   12618360 bits [Y 99.9900 dB    U 99.9900 dB    V 99.9900 dB] [ET 26.47 ] [L0 ] [L1 ]
*** TRAIL_R numBytesInNALunit: 1576378
POC  124 TId: 0 ( I-SLICE, QP 26 )   12611024 bits [Y 99.9900 dB    U 99.9900 dB    V 99.9900 dB] [ET 26.30 ] [L0 ] [L1 ]
*** TRAIL_R numBytesInNALunit: 1576389
POC  125 TId: 0 ( I-SLICE, QP 26 )   12611112 bits [Y 99.9900 dB    U 99.9900 dB    V 99.9900 dB] [ET 26.72 ] [L0 ] [L1 ]
*** TRAIL_R numBytesInNALunit: 1576525
POC  126 TId: 0 ( I-SLICE, QP 26 )   12612200 bits [Y 99.9900 dB    U 99.9900 dB    V 99.9900 dB] [ET 26.64 ] [L0 ] [L1 ]
*** TRAIL_R numBytesInNALunit: 1574268
POC  127 TId: 0 ( I-SLICE, QP 26 )   12594144 bits [Y 99.9900 dB    U 99.9900 dB    V 99.9900 dB] [ET 26.73 ] [L0 ] [L1 ]
*** TRAIL_R numBytesInNALunit: 1575248
POC  128 TId: 0 ( I-SLICE, QP 26 )   12601984 bits [Y 99.9900 dB    U 99.9900 dB    V 99.9900 dB] [ET 26.44 ] [L0 ] [L1 ]
*** TRAIL_R numBytesInNALunit: 1574035
POC  129 TId: 0 ( I-SLICE, QP 26 )   12592280 bits [Y 99.9900 dB    U 99.9900 dB    V 99.9900 dB] [ET 26.50 ] [L0 ] [L1 ]
*** TRAIL_R numBytesInNALunit: 1573847
POC  130 TId: 0 ( I-SLICE, QP 26 )   12590776 bits [Y 99.9900 dB    U 99.9900 dB    V 99.9900 dB] [ET 25.55 ] [L0 ] [L1 ]
*** TRAIL_R numBytesInNALunit: 1575407
POC  131 TId: 0 ( I-SLICE, QP 26 )   12603256 bits [Y 99.9900 dB    U 99.9900 dB    V 99.9900 dB] [ET 26.17 ] [L0 ] [L1 ]
*** TRAIL_R numBytesInNALunit: 1574329
POC  132 TId: 0 ( I-SLICE, QP 26 )   12594632 bits [Y 99.9900 dB    U 99.9900 dB    V 99.9900 dB] [ET 26.34 ] [L0 ] [L1 ]
*** TRAIL_R numBytesInNALunit: 1573823
POC  133 TId: 0 ( I-SLICE, QP 26 )   12590584 bits [Y 99.9900 dB    U 99.9900 dB    V 99.9900 dB] [ET 26.72 ] [L0 ] [L1 ]
*** TRAIL_R numBytesInNALunit: 1573401
POC  134 TId: 0 ( I-SLICE, QP 26 )   12587208 bits [Y 99.9900 dB    U 99.9900 dB    V 99.9900 dB] [ET 26.08 ] [L0 ] [L1 ]
*** TRAIL_R numBytesInNALunit: 1569921
POC  135 TId: 0 ( I-SLICE, QP 26 )   12559368 bits [Y 99.9900 dB    U 99.9900 dB    V 99.9900 dB] [ET 26.33 ] [L0 ] [L1 ]
*** TRAIL_R numBytesInNALunit: 1572079
POC  136 TId: 0 ( I-SLICE, QP 26 )   12576632 bits [Y 99.9900 dB    U 99.9900 dB    V 99.9900 dB] [ET 26.62 ] [L0 ] [L1 ]
*** TRAIL_R numBytesInNALunit: 1571024
POC  137 TId: 0 ( I-SLICE, QP 26 )   12568192 bits [Y 99.9900 dB    U 99.9900 dB    V 99.9900 dB] [ET 26.28 ] [L0 ] [L1 ]
*** TRAIL_R numBytesInNALunit: 1567867
POC  138 TId: 0 ( I-SLICE, QP 26 )   12542936 bits [Y 99.9900 dB    U 99.9900 dB    V 99.9900 dB] [ET 26.36 ] [L0 ] [L1 ]
*** TRAIL_R numBytesInNALunit: 1568604
POC  139 TId: 0 ( I-SLICE, QP 26 )   12548832 bits [Y 99.9900 dB    U 99.9900 dB    V 99.9900 dB] [ET 26.22 ] [L0 ] [L1 ]
*** TRAIL_R numBytesInNALunit: 1569724
POC  140 TId: 0 ( I-SLICE, QP 26 )   12557792 bits [Y 99.9900 dB    U 99.9900 dB    V 99.9900 dB] [ET 26.48 ] [L0 ] [L1 ]
*** TRAIL_R numBytesInNALunit: 1567734
POC  141 TId: 0 ( I-SLICE, QP 26 )   12541872 bits [Y 99.9900 dB    U 99.9900 dB    V 99.9900 dB] [ET 26.88 ] [L0 ] [L1 ]
*** TRAIL_R numBytesInNALunit: 1568097
POC  142 TId: 0 ( I-SLICE, QP 26 )   12544776 bits [Y 99.9900 dB    U 99.9900 dB    V 99.9900 dB] [ET 26.59 ] [L0 ] [L1 ]
*** TRAIL_R numBytesInNALunit: 1568806
POC  143 TId: 0 ( I-SLICE, QP 26 )   12550448 bits [Y 99.9900 dB    U 99.9900 dB    V 99.9900 dB] [ET 26.53 ] [L0 ] [L1 ]
*** TRAIL_R numBytesInNALunit: 1569463
POC  144 TId: 0 ( I-SLICE, QP 26 )   12555704 bits [Y 99.9900 dB    U 99.9900 dB    V 99.9900 dB] [ET 26.39 ] [L0 ] [L1 ]
*** TRAIL_R numBytesInNALunit: 1570245
POC  145 TId: 0 ( I-SLICE, QP 26 )   12561960 bits [Y 99.9900 dB    U 99.9900 dB    V 99.9900 dB] [ET 26.09 ] [L0 ] [L1 ]
*** TRAIL_R numBytesInNALunit: 1570315
POC  146 TId: 0 ( I-SLICE, QP 26 )   12562520 bits [Y 99.9900 dB    U 99.9900 dB    V 99.9900 dB] [ET 25.06 ] [L0 ] [L1 ]
*** TRAIL_R numBytesInNALunit: 1570050
POC  147 TId: 0 ( I-SLICE, QP 26 )   12560400 bits [Y 99.9900 dB    U 99.9900 dB    V 99.9900 dB] [ET 24.91 ] [L0 ] [L1 ]
*** TRAIL_R numBytesInNALunit: 1570884
POC  148 TId: 0 ( I-SLICE, QP 26 )   12567072 bits [Y 99.9900 dB    U 99.9900 dB    V 99.9900 dB] [ET 25.52 ] [L0 ] [L1 ]
*** TRAIL_R numBytesInNALunit: 1569562
POC  149 TId: 0 ( I-SLICE, QP 26 )   12556496 bits [Y 99.9900 dB    U 99.9900 dB    V 99.9900 dB] [ET 25.59 ] [L0 ] [L1 ]
*** TRAIL_R numBytesInNALunit: 1568598
POC  150 TId: 0 ( I-SLICE, QP 26 )   12548784 bits [Y 99.9900 dB    U 99.9900 dB    V 99.9900 dB] [ET 25.41 ] [L0 ] [L1 ]
*** TRAIL_R numBytesInNALunit: 1568206
POC  151 TId: 0 ( I-SLICE, QP 26 )   12545648 bits [Y 99.9900 dB    U 99.9900 dB    V 99.9900 dB] [ET 25.75 ] [L0 ] [L1 ]
*** TRAIL_R numBytesInNALunit: 1568465
POC  152 TId: 0 ( I-SLICE, QP 26 )   12547720 bits [Y 99.9900 dB    U 99.9900 dB    V 99.9900 dB] [ET 25.48 ] [L0 ] [L1 ]
*** TRAIL_R numBytesInNALunit: 1567270
POC  153 TId: 0 ( I-SLICE, QP 26 )   12538160 bits [Y 99.9900 dB    U 99.9900 dB    V 99.9900 dB] [ET 25.72 ] [L0 ] [L1 ]
*** TRAIL_R numBytesInNALunit: 1567420
POC  154 TId: 0 ( I-SLICE, QP 26 )   12539360 bits [Y 99.9900 dB    U 99.9900 dB    V 99.9900 dB] [ET 25.50 ] [L0 ] [L1 ]
*** TRAIL_R numBytesInNALunit: 1566066
POC  155 TId: 0 ( I-SLICE, QP 26 )   12528528 bits [Y 99.9900 dB    U 99.9900 dB    V 99.9900 dB] [ET 25.48 ] [L0 ] [L1 ]
*** TRAIL_R numBytesInNALunit: 1566766
POC  156 TId: 0 ( I-SLICE, QP 26 )   12534128 bits [Y 99.9900 dB    U 99.9900 dB    V 99.9900 dB] [ET 25.34 ] [L0 ] [L1 ]
*** TRAIL_R numBytesInNALunit: 1565145
POC  157 TId: 0 ( I-SLICE, QP 26 )   12521160 bits [Y 99.9900 dB    U 99.9900 dB    V 99.9900 dB] [ET 26.05 ] [L0 ] [L1 ]
*** TRAIL_R numBytesInNALunit: 1564116
POC  158 TId: 0 ( I-SLICE, QP 26 )   12512928 bits [Y 99.9900 dB    U 99.9900 dB    V 99.9900 dB] [ET 25.27 ] [L0 ] [L1 ]
*** TRAIL_R numBytesInNALunit: 1563603
POC  159 TId: 0 ( I-SLICE, QP 26 )   12508824 bits [Y 99.9900 dB    U 99.9900 dB    V 99.9900 dB] [ET 25.34 ] [L0 ] [L1 ]
*** TRAIL_R numBytesInNALunit: 1563292
POC  160 TId: 0 ( I-SLICE, QP 26 )   12506336 bits [Y 99.9900 dB    U 99.9900 dB    V 99.9900 dB] [ET 25.42 ] [L0 ] [L1 ]
*** TRAIL_R numBytesInNALunit: 1563229
POC  161 TId: 0 ( I-SLICE, QP 26 )   12505832 bits [Y 99.9900 dB    U 99.9900 dB    V 99.9900 dB] [ET 25.56 ] [L0 ] [L1 ]
*** TRAIL_R numBytesInNALunit: 1565044
POC  162 TId: 0 ( I-SLICE, QP 26 )   12520352 bits [Y 99.9900 dB    U 99.9900 dB    V 99.9900 dB] [ET 25.61 ] [L0 ] [L1 ]
*** TRAIL_R numBytesInNALunit: 1564647
POC  163 TId: 0 ( I-SLICE, QP 26 )   12517176 bits [Y 99.9900 dB    U 99.9900 dB    V 99.9900 dB] [ET 25.95 ] [L0 ] [L1 ]
*** TRAIL_R numBytesInNALunit: 1564265
POC  164 TId: 0 ( I-SLICE, QP 26 )   12514120 bits [Y 99.9900 dB    U 99.9900 dB    V 99.9900 dB] [ET 25.78 ] [L0 ] [L1 ]
*** TRAIL_R numBytesInNALunit: 1565251
POC  165 TId: 0 ( I-SLICE, QP 26 )   12522008 bits [Y 99.9900 dB    U 99.9900 dB    V 99.9900 dB] [ET 25.42 ] [L0 ] [L1 ]
*** TRAIL_R numBytesInNALunit: 1564666
POC  166 TId: 0 ( I-SLICE, QP 26 )   12517328 bits [Y 99.9900 dB    U 99.9900 dB    V 99.9900 dB] [ET 25.14 ] [L0 ] [L1 ]
*** TRAIL_R numBytesInNALunit: 1563151
POC  167 TId: 0 ( I-SLICE, QP 26 )   12505208 bits [Y 99.9900 dB    U 99.9900 dB    V 99.9900 dB] [ET 25.27 ] [L0 ] [L1 ]
*** TRAIL_R numBytesInNALunit: 1564345
POC  168 TId: 0 ( I-SLICE, QP 26 )   12514760 bits [Y 99.9900 dB    U 99.9900 dB    V 99.9900 dB] [ET 24.64 ] [L0 ] [L1 ]
*** TRAIL_R numBytesInNALunit: 1564789
POC  169 TId: 0 ( I-SLICE, QP 26 )   12518312 bits [Y 99.9900 dB    U 99.9900 dB    V 99.9900 dB] [ET 24.17 ] [L0 ] [L1 ]
*** TRAIL_R numBytesInNALunit: 1567429
POC  170 TId: 0 ( I-SLICE, QP 26 )   12539432 bits [Y 99.9900 dB    U 99.9900 dB    V 99.9900 dB] [ET 25.00 ] [L0 ] [L1 ]
*** TRAIL_R numBytesInNALunit: 1569674
POC  171 TId: 0 ( I-SLICE, QP 26 )   12557392 bits [Y 99.9900 dB    U 99.9900 dB    V 99.9900 dB] [ET 24.41 ] [L0 ] [L1 ]
*** TRAIL_R numBytesInNALunit: 1571055
POC  172 TId: 0 ( I-SLICE, QP 26 )   12568440 bits [Y 99.9900 dB    U 99.9900 dB    V 99.9900 dB] [ET 24.66 ] [L0 ] [L1 ]
*** TRAIL_R numBytesInNALunit: 1570508
POC  173 TId: 0 ( I-SLICE, QP 26 )   12564064 bits [Y 99.9900 dB    U 99.9900 dB    V 99.9900 dB] [ET 24.53 ] [L0 ] [L1 ]
*** TRAIL_R numBytesInNALunit: 1571789
POC  174 TId: 0 ( I-SLICE, QP 26 )   12574312 bits [Y 99.9900 dB    U 99.9900 dB    V 99.9900 dB] [ET 24.34 ] [L0 ] [L1 ]
*** TRAIL_R numBytesInNALunit: 1572523
POC  175 TId: 0 ( I-SLICE, QP 26 )   12580184 bits [Y 99.9900 dB    U 99.9900 dB    V 99.9900 dB] [ET 24.72 ] [L0 ] [L1 ]
*** TRAIL_R numBytesInNALunit: 1572420
POC  176 TId: 0 ( I-SLICE, QP 26 )   12579360 bits [Y 99.9900 dB    U 99.9900 dB    V 99.9900 dB] [ET 24.39 ] [L0 ] [L1 ]
*** TRAIL_R numBytesInNALunit: 1572130
POC  177 TId: 0 ( I-SLICE, QP 26 )   12577040 bits [Y 99.9900 dB    U 99.9900 dB    V 99.9900 dB] [ET 24.50 ] [L0 ] [L1 ]
*** TRAIL_R numBytesInNALunit: 1573761
POC  178 TId: 0 ( I-SLICE, QP 26 )   12590088 bits [Y 99.9900 dB    U 99.9900 dB    V 99.9900 dB] [ET 24.25 ] [L0 ] [L1 ]
*** TRAIL_R numBytesInNALunit: 1574220
POC  179 TId: 0 ( I-SLICE, QP 26 )   12593760 bits [Y 99.9900 dB    U 99.9900 dB    V 99.9900 dB] [ET 24.38 ] [L0 ] [L1 ]
*** TRAIL_R numBytesInNALunit: 1574654
POC  180 TId: 0 ( I-SLICE, QP 26 )   12597232 bits [Y 99.9900 dB    U 99.9900 dB    V 99.9900 dB] [ET 24.48 ] [L0 ] [L1 ]
*** TRAIL_R numBytesInNALunit: 1575076
POC  181 TId: 0 ( I-SLICE, QP 26 )   12600608 bits [Y 99.9900 dB    U 99.9900 dB    V 99.9900 dB] [ET 24.30 ] [L0 ] [L1 ]
*** TRAIL_R numBytesInNALunit: 1575328
POC  182 TId: 0 ( I-SLICE, QP 26 )   12602624 bits [Y 99.9900 dB    U 99.9900 dB    V 99.9900 dB] [ET 24.67 ] [L0 ] [L1 ]
*** TRAIL_R numBytesInNALunit: 1575448
POC  183 TId: 0 ( I-SLICE, QP 26 )   12603584 bits [Y 99.9900 dB    U 99.9900 dB    V 99.9900 dB] [ET 23.94 ] [L0 ] [L1 ]
*** TRAIL_R numBytesInNALunit: 1574271
POC  184 TId: 0 ( I-SLICE, QP 26 )   12594168 bits [Y 99.9900 dB    U 99.9900 dB    V 99.9900 dB] [ET 24.91 ] [L0 ] [L1 ]
*** TRAIL_R numBytesInNALunit: 1574201
POC  185 TId: 0 ( I-SLICE, QP 26 )   12593608 bits [Y 99.9900 dB    U 99.9900 dB    V 99.9900 dB] [ET 24.61 ] [L0 ] [L1 ]
*** TRAIL_R numBytesInNALunit: 1571624
POC  186 TId: 0 ( I-SLICE, QP 26 )   12572992 bits [Y 99.9900 dB    U 99.9900 dB    V 99.9900 dB] [ET 24.36 ] [L0 ] [L1 ]
*** TRAIL_R numBytesInNALunit: 1564722
POC  187 TId: 0 ( I-SLICE, QP 26 )   12517776 bits [Y 99.9900 dB    U 99.9900 dB    V 99.9900 dB] [ET 24.48 ] [L0 ] [L1 ]
*** TRAIL_R numBytesInNALunit: 1566200
POC  188 TId: 0 ( I-SLICE, QP 26 )   12529600 bits [Y 99.9900 dB    U 99.9900 dB    V 99.9900 dB] [ET 23.83 ] [L0 ] [L1 ]
*** TRAIL_R numBytesInNALunit: 1570963
POC  189 TId: 0 ( I-SLICE, QP 26 )   12567704 bits [Y 99.9900 dB    U 99.9900 dB    V 99.9900 dB] [ET 24.28 ] [L0 ] [L1 ]
*** TRAIL_R numBytesInNALunit: 1570951
POC  190 TId: 0 ( I-SLICE, QP 26 )   12567608 bits [Y 99.9900 dB    U 99.9900 dB    V 99.9900 dB] [ET 24.41 ] [L0 ] [L1 ]
*** TRAIL_R numBytesInNALunit: 1570165
POC  191 TId: 0 ( I-SLICE, QP 26 )   12561320 bits [Y 99.9900 dB    U 99.9900 dB    V 99.9900 dB] [ET 24.77 ] [L0 ] [L1 ]
*** TRAIL_R numBytesInNALunit: 1573426
POC  192 TId: 0 ( I-SLICE, QP 26 )   12587408 bits [Y 99.9900 dB    U 99.9900 dB    V 99.9900 dB] [ET 24.33 ] [L0 ] [L1 ]
*** TRAIL_R numBytesInNALunit: 1572923
POC  193 TId: 0 ( I-SLICE, QP 26 )   12583384 bits [Y 99.9900 dB    U 99.9900 dB    V 99.9900 dB] [ET 24.64 ] [L0 ] [L1 ]
*** TRAIL_R numBytesInNALunit: 1572672
POC  194 TId: 0 ( I-SLICE, QP 26 )   12581376 bits [Y 99.9900 dB    U 99.9900 dB    V 99.9900 dB] [ET 24.14 ] [L0 ] [L1 ]
*** TRAIL_R numBytesInNALunit: 1574099
POC  195 TId: 0 ( I-SLICE, QP 26 )   12592792 bits [Y 99.9900 dB    U 99.9900 dB    V 99.9900 dB] [ET 24.50 ] [L0 ] [L1 ]
*** TRAIL_R numBytesInNALunit: 1570047
POC  196 TId: 0 ( I-SLICE, QP 26 )   12560376 bits [Y 99.9900 dB    U 99.9900 dB    V 99.9900 dB] [ET 24.80 ] [L0 ] [L1 ]
*** TRAIL_R numBytesInNALunit: 1573872
POC  197 TId: 0 ( I-SLICE, QP 26 )   12590976 bits [Y 99.9900 dB    U 99.9900 dB    V 99.9900 dB] [ET 24.78 ] [L0 ] [L1 ]
*** TRAIL_R numBytesInNALunit: 1572082
POC  198 TId: 0 ( I-SLICE, QP 26 )   12576656 bits [Y 99.9900 dB    U 99.9900 dB    V 99.9900 dB] [ET 24.33 ] [L0 ] [L1 ]
*** TRAIL_R numBytesInNALunit: 1573878
POC  199 TId: 0 ( I-SLICE, QP 26 )   12591024 bits [Y 99.9900 dB    U 99.9900 dB    V 99.9900 dB] [ET 24.23 ] [L0 ] [L1 ]
*** TRAIL_R numBytesInNALunit: 1573973
POC  200 TId: 0 ( I-SLICE, QP 26 )   12591784 bits [Y 99.9900 dB    U 99.9900 dB    V 99.9900 dB] [ET 23.58 ] [L0 ] [L1 ]
*** TRAIL_R numBytesInNALunit: 1573370
POC  201 TId: 0 ( I-SLICE, QP 26 )   12586960 bits [Y 99.9900 dB    U 99.9900 dB    V 99.9900 dB] [ET 23.22 ] [L0 ] [L1 ]
*** TRAIL_R numBytesInNALunit: 1573624
POC  202 TId: 0 ( I-SLICE, QP 26 )   12588992 bits [Y 99.9900 dB    U 99.9900 dB    V 99.9900 dB] [ET 23.05 ] [L0 ] [L1 ]
*** TRAIL_R numBytesInNALunit: 1571989
POC  203 TId: 0 ( I-SLICE, QP 26 )   12575912 bits [Y 99.9900 dB    U 99.9900 dB    V 99.9900 dB] [ET 23.30 ] [L0 ] [L1 ]
*** TRAIL_R numBytesInNALunit: 1573575
POC  204 TId: 0 ( I-SLICE, QP 26 )   12588600 bits [Y 99.9900 dB    U 99.9900 dB    V 99.9900 dB] [ET 23.23 ] [L0 ] [L1 ]
*** TRAIL_R numBytesInNALunit: 1574669
POC  205 TId: 0 ( I-SLICE, QP 26 )   12597352 bits [Y 99.9900 dB    U 99.9900 dB    V 99.9900 dB] [ET 23.20 ] [L0 ] [L1 ]
*** TRAIL_R numBytesInNALunit: 1573477
POC  206 TId: 0 ( I-SLICE, QP 26 )   12587816 bits [Y 99.9900 dB    U 99.9900 dB    V 99.9900 dB] [ET 23.06 ] [L0 ] [L1 ]
*** TRAIL_R numBytesInNALunit: 1572907
POC  207 TId: 0 ( I-SLICE, QP 26 )   12583256 bits [Y 99.9900 dB    U 99.9900 dB    V 99.9900 dB] [ET 22.69 ] [L0 ] [L1 ]
*** TRAIL_R numBytesInNALunit: 1573304
POC  208 TId: 0 ( I-SLICE, QP 26 )   12586432 bits [Y 99.9900 dB    U 99.9900 dB    V 99.9900 dB] [ET 22.36 ] [L0 ] [L1 ]
*** TRAIL_R numBytesInNALunit: 1572151
POC  209 TId: 0 ( I-SLICE, QP 26 )   12577208 bits [Y 99.9900 dB    U 99.9900 dB    V 99.9900 dB] [ET 22.38 ] [L0 ] [L1 ]
*** TRAIL_R numBytesInNALunit: 1572977
POC  210 TId: 0 ( I-SLICE, QP 26 )   12583816 bits [Y 99.9900 dB    U 99.9900 dB    V 99.9900 dB] [ET 23.00 ] [L0 ] [L1 ]
*** TRAIL_R numBytesInNALunit: 1573225
POC  211 TId: 0 ( I-SLICE, QP 26 )   12585800 bits [Y 99.9900 dB    U 99.9900 dB    V 99.9900 dB] [ET 22.94 ] [L0 ] [L1 ]
*** TRAIL_R numBytesInNALunit: 1572595
POC  212 TId: 0 ( I-SLICE, QP 26 )   12580760 bits [Y 99.9900 dB    U 99.9900 dB    V 99.9900 dB] [ET 22.62 ] [L0 ] [L1 ]
*** TRAIL_R numBytesInNALunit: 1572225
POC  213 TId: 0 ( I-SLICE, QP 26 )   12577800 bits [Y 99.9900 dB    U 99.9900 dB    V 99.9900 dB] [ET 22.95 ] [L0 ] [L1 ]
*** TRAIL_R numBytesInNALunit: 1571294
POC  214 TId: 0 ( I-SLICE, QP 26 )   12570352 bits [Y 99.9900 dB    U 99.9900 dB    V 99.9900 dB] [ET 22.92 ] [L0 ] [L1 ]
*** TRAIL_R numBytesInNALunit: 1570111
POC  215 TId: 0 ( I-SLICE, QP 26 )   12560888 bits [Y 99.9900 dB    U 99.9900 dB    V 99.9900 dB] [ET 22.02 ] [L0 ] [L1 ]
*** TRAIL_R numBytesInNALunit: 1570051
POC  216 TId: 0 ( I-SLICE, QP 26 )   12560408 bits [Y 99.9900 dB    U 99.9900 dB    V 99.9900 dB] [ET 21.77 ] [L0 ] [L1 ]
*** TRAIL_R numBytesInNALunit: 1570358
POC  217 TId: 0 ( I-SLICE, QP 26 )   12562864 bits [Y 99.9900 dB    U 99.9900 dB    V 99.9900 dB] [ET 21.53 ] [L0 ] [L1 ]
*** TRAIL_R numBytesInNALunit: 1568898
POC  218 TId: 0 ( I-SLICE, QP 26 )   12551184 bits [Y 99.9900 dB    U 99.9900 dB    V 99.9900 dB] [ET 21.77 ] [L0 ] [L1 ]
*** TRAIL_R numBytesInNALunit: 1569489
POC  219 TId: 0 ( I-SLICE, QP 26 )   12555912 bits [Y 99.9900 dB    U 99.9900 dB    V 99.9900 dB] [ET 21.75 ] [L0 ] [L1 ]
*** TRAIL_R numBytesInNALunit: 1568932
POC  220 TId: 0 ( I-SLICE, QP 26 )   12551456 bits [Y 99.9900 dB    U 99.9900 dB    V 99.9900 dB] [ET 21.52 ] [L0 ] [L1 ]
*** TRAIL_R numBytesInNALunit: 1569949
POC  221 TId: 0 ( I-SLICE, QP 26 )   12559592 bits [Y 99.9900 dB    U 99.9900 dB    V 99.9900 dB] [ET 21.88 ] [L0 ] [L1 ]
*** TRAIL_R numBytesInNALunit: 1570052
POC  222 TId: 0 ( I-SLICE, QP 26 )   12560416 bits [Y 99.9900 dB    U 99.9900 dB    V 99.9900 dB] [ET 21.98 ] [L0 ] [L1 ]
*** TRAIL_R numBytesInNALunit: 1568862
POC  223 TId: 0 ( I-SLICE, QP 26 )   12550896 bits [Y 99.9900 dB    U 99.9900 dB    V 99.9900 dB] [ET 21.83 ] [L0 ] [L1 ]
*** TRAIL_R numBytesInNALunit: 1568714
POC  224 TId: 0 ( I-SLICE, QP 26 )   12549712 bits [Y 99.9900 dB    U 99.9900 dB    V 99.9900 dB] [ET 21.67 ] [L0 ] [L1 ]
*** TRAIL_R numBytesInNALunit: 1568580
POC  225 TId: 0 ( I-SLICE, QP 26 )   12548640 bits [Y 99.9900 dB    U 99.9900 dB    V 99.9900 dB] [ET 21.92 ] [L0 ] [L1 ]
*** TRAIL_R numBytesInNALunit: 1568209
POC  226 TId: 0 ( I-SLICE, QP 26 )   12545672 bits [Y 99.9900 dB    U 99.9900 dB    V 99.9900 dB] [ET 22.23 ] [L0 ] [L1 ]
*** TRAIL_R numBytesInNALunit: 1568239
POC  227 TId: 0 ( I-SLICE, QP 26 )   12545912 bits [Y 99.9900 dB    U 99.9900 dB    V 99.9900 dB] [ET 21.80 ] [L0 ] [L1 ]
*** TRAIL_R numBytesInNALunit: 1568446
POC  228 TId: 0 ( I-SLICE, QP 26 )   12547568 bits [Y 99.9900 dB    U 99.9900 dB    V 99.9900 dB] [ET 21.83 ] [L0 ] [L1 ]
*** TRAIL_R numBytesInNALunit: 1568112
POC  229 TId: 0 ( I-SLICE, QP 26 )   12544896 bits [Y 99.9900 dB    U 99.9900 dB    V 99.9900 dB] [ET 21.91 ] [L0 ] [L1 ]
*** TRAIL_R numBytesInNALunit: 1568544
POC  230 TId: 0 ( I-SLICE, QP 26 )   12548352 bits [Y 99.9900 dB    U 99.9900 dB    V 99.9900 dB] [ET 21.66 ] [L0 ] [L1 ]
*** TRAIL_R numBytesInNALunit: 1570168
POC  231 TId: 0 ( I-SLICE, QP 26 )   12561344 bits [Y 99.9900 dB    U 99.9900 dB    V 99.9900 dB] [ET 22.05 ] [L0 ] [L1 ]
*** TRAIL_R numBytesInNALunit: 1571333
POC  232 TId: 0 ( I-SLICE, QP 26 )   12570664 bits [Y 99.9900 dB    U 99.9900 dB    V 99.9900 dB] [ET 22.06 ] [L0 ] [L1 ]
*** TRAIL_R numBytesInNALunit: 1573746
POC  233 TId: 0 ( I-SLICE, QP 26 )   12589968 bits [Y 99.9900 dB    U 99.9900 dB    V 99.9900 dB] [ET 21.80 ] [L0 ] [L1 ]
*** TRAIL_R numBytesInNALunit: 1575233
POC  234 TId: 0 ( I-SLICE, QP 26 )   12601864 bits [Y 99.9900 dB    U 99.9900 dB    V 99.9900 dB] [ET 22.03 ] [L0 ] [L1 ]
*** TRAIL_R numBytesInNALunit: 1576411
POC  235 TId: 0 ( I-SLICE, QP 26 )   12611288 bits [Y 99.9900 dB    U 99.9900 dB    V 99.9900 dB] [ET 21.81 ] [L0 ] [L1 ]
*** TRAIL_R numBytesInNALunit: 1578124
POC  236 TId: 0 ( I-SLICE, QP 26 )   12624992 bits [Y 99.9900 dB    U 99.9900 dB    V 99.9900 dB] [ET 21.67 ] [L0 ] [L1 ]
*** TRAIL_R numBytesInNALunit: 1578086
POC  237 TId: 0 ( I-SLICE, QP 26 )   12624688 bits [Y 99.9900 dB    U 99.9900 dB    V 99.9900 dB] [ET 22.14 ] [L0 ] [L1 ]
*** TRAIL_R numBytesInNALunit: 1577538
POC  238 TId: 0 ( I-SLICE, QP 26 )   12620304 bits [Y 99.9900 dB    U 99.9900 dB    V 99.9900 dB] [ET 22.12 ] [L0 ] [L1 ]
*** TRAIL_R numBytesInNALunit: 1577314
POC  239 TId: 0 ( I-SLICE, QP 26 )   12618512 bits [Y 99.9900 dB    U 99.9900 dB    V 99.9900 dB] [ET 22.41 ] [L0 ] [L1 ]


I Slices--------------------------------------------------------
	Total Frames |  Bitrate    Y-PSNR    U-PSNR    V-PSNR 
	      240    i 302724.0760   99.9900   99.9900   99.9900
Bytes written to file: 378406066 (302724.853 kbps)
Bytes for SPS/PPS/Slice (Incl. Annex B): 378406066 (302724.853 kbps)

 Total Time:     7058.031 sec.
