
HM software: Encoder Version [15.0][Linux][GCC 4.8.5][64 bit] 

Input          File          : ../../HEVC_test_sequence/ClassC/RaceHorses_832x480_30.yuv
Bitstream      File          : RaceHorsesC.bin
Reconstruction File          : RaceHorsesC.yuv
Real     Format              : 832x480 30Hz
Internal Format              : 832x480 30Hz
Frame/Field                  : Frame based coding
Frame index                  : 0 - 299 (300 frames)
CU size / depth              : 32 / 3
RQT trans. size (min / max)  : 4 / 32
Max RQT depth inter          : 3
Max RQT depth intra          : 1
Min PCM size                 : 8
Motion search range          : 64
Intra period                 : 1
Decoding refresh type        : 0
QP                           : 26.00
Max dQP signaling depth      : 0
Cb QP Offset                 : 0
Cr QP Offset                 : 0
QP adaptation                : 0 (range=0)
GOP size                     : 1
Internal bit depth           : (Y:8, C:8)
PCM sample bit depth         : (Y:8, C:8)
RateControl                  : 0
Max Num Merge Candidates     : 5

TOOL CFG: IBD:0 HAD:0 RDQ:0 RDQTS:0 RDpenalty:0 SQP:0 ASR:0 FEN:0 ECU:0 FDM:0 CFM:0 ESD:0 RQT:1 TransformSkip:0 TransformSkipFast:0 Slice: M=0 SliceSegment: M=0 CIP:0 SAO:0 PCM:0 TransQuantBypassEnabled: =1 WPP:0 WPB:0 PME:2  WaveFrontSynchro:0 WaveFrontSubstreams:1 ScalingList:0 TMVPMode:1  SignBitHidingFlag:1 RecalQP:0

***    VPS numBytesInNALunit: 24
***    SPS numBytesInNALunit: 30
***    PPS numBytesInNALunit: 7
*** IDR_W_RADL numBytesInNALunit: 308143
POC    0 TId: 0 ( I-SLICE, QP 26 )    2465632 bits [Y 99.9900 dB    U 99.9900 dB    V 99.9900 dB] [ET  5.94 ] [L0 ] [L1 ]
*** TRAIL_R numBytesInNALunit: 306517
POC    1 TId: 0 ( I-SLICE, QP 26 )    2452136 bits [Y 99.9900 dB    U 99.9900 dB    V 99.9900 dB] [ET  6.00 ] [L0 ] [L1 ]
*** TRAIL_R numBytesInNALunit: 304430
POC    2 TId: 0 ( I-SLICE, QP 26 )    2435440 bits [Y 99.9900 dB    U 99.9900 dB    V 99.9900 dB] [ET  5.94 ] [L0 ] [L1 ]
*** TRAIL_R numBytesInNALunit: 303856
POC    3 TId: 0 ( I-SLICE, QP 26 )    2430848 bits [Y 99.9900 dB    U 99.9900 dB    V 99.9900 dB] [ET  6.00 ] [L0 ] [L1 ]
*** TRAIL_R numBytesInNALunit: 303502
POC    4 TId: 0 ( I-SLICE, QP 26 )    2428016 bits [Y 99.9900 dB    U 99.9900 dB    V 99.9900 dB] [ET  6.03 ] [L0 ] [L1 ]
*** TRAIL_R numBytesInNALunit: 302907
POC    5 TId: 0 ( I-SLICE, QP 26 )    2423256 bits [Y 99.9900 dB    U 99.9900 dB    V 99.9900 dB] [ET  6.02 ] [L0 ] [L1 ]
*** TRAIL_R numBytesInNALunit: 303050
POC    6 TId: 0 ( I-SLICE, QP 26 )    2424400 bits [Y 99.9900 dB    U 99.9900 dB    V 99.9900 dB] [ET  5.98 ] [L0 ] [L1 ]
*** TRAIL_R numBytesInNALunit: 303885
POC    7 TId: 0 ( I-SLICE, QP 26 )    2431080 bits [Y 99.9900 dB    U 99.9900 dB    V 99.9900 dB] [ET  5.95 ] [L0 ] [L1 ]
*** TRAIL_R numBytesInNALunit: 304840
POC    8 TId: 0 ( I-SLICE, QP 26 )    2438720 bits [Y 99.9900 dB    U 99.9900 dB    V 99.9900 dB] [ET  5.94 ] [L0 ] [L1 ]
*** TRAIL_R numBytesInNALunit: 303173
POC    9 TId: 0 ( I-SLICE, QP 26 )    2425384 bits [Y 99.9900 dB    U 99.9900 dB    V 99.9900 dB] [ET  5.97 ] [L0 ] [L1 ]
*** TRAIL_R numBytesInNALunit: 302661
POC   10 TId: 0 ( I-SLICE, QP 26 )    2421288 bits [Y 99.9900 dB    U 99.9900 dB    V 99.9900 dB] [ET  5.92 ] [L0 ] [L1 ]
*** TRAIL_R numBytesInNALunit: 301041
POC   11 TId: 0 ( I-SLICE, QP 26 )    2408328 bits [Y 99.9900 dB    U 99.9900 dB    V 99.9900 dB] [ET  5.94 ] [L0 ] [L1 ]
*** TRAIL_R numBytesInNALunit: 300636
POC   12 TId: 0 ( I-SLICE, QP 26 )    2405088 bits [Y 99.9900 dB    U 99.9900 dB    V 99.9900 dB] [ET  5.92 ] [L0 ] [L1 ]
*** TRAIL_R numBytesInNALunit: 300452
POC   13 TId: 0 ( I-SLICE, QP 26 )    2403616 bits [Y 99.9900 dB    U 99.9900 dB    V 99.9900 dB] [ET  5.95 ] [L0 ] [L1 ]
*** TRAIL_R numBytesInNALunit: 300402
POC   14 TId: 0 ( I-SLICE, QP 26 )    2403216 bits [Y 99.9900 dB    U 99.9900 dB    V 99.9900 dB] [ET  5.97 ] [L0 ] [L1 ]
*** TRAIL_R numBytesInNALunit: 299854
POC   15 TId: 0 ( I-SLICE, QP 26 )    2398832 bits [Y 99.9900 dB    U 99.9900 dB    V 99.9900 dB] [ET  5.97 ] [L0 ] [L1 ]
*** TRAIL_R numBytesInNALunit: 299065
POC   16 TId: 0 ( I-SLICE, QP 26 )    2392520 bits [Y 99.9900 dB    U 99.9900 dB    V 99.9900 dB] [ET  5.94 ] [L0 ] [L1 ]
*** TRAIL_R numBytesInNALunit: 298327
POC   17 TId: 0 ( I-SLICE, QP 26 )    2386616 bits [Y 99.9900 dB    U 99.9900 dB    V 99.9900 dB] [ET  5.97 ] [L0 ] [L1 ]
*** TRAIL_R numBytesInNALunit: 297025
POC   18 TId: 0 ( I-SLICE, QP 26 )    2376200 bits [Y 99.9900 dB    U 99.9900 dB    V 99.9900 dB] [ET  6.00 ] [L0 ] [L1 ]
*** TRAIL_R numBytesInNALunit: 297305
POC   19 TId: 0 ( I-SLICE, QP 26 )    2378440 bits [Y 99.9900 dB    U 99.9900 dB    V 99.9900 dB] [ET  5.95 ] [L0 ] [L1 ]
*** TRAIL_R numBytesInNALunit: 298844
POC   20 TId: 0 ( I-SLICE, QP 26 )    2390752 bits [Y 99.9900 dB    U 99.9900 dB    V 99.9900 dB] [ET  5.98 ] [L0 ] [L1 ]
*** TRAIL_R numBytesInNALunit: 300061
POC   21 TId: 0 ( I-SLICE, QP 26 )    2400488 bits [Y 99.9900 dB    U 99.9900 dB    V 99.9900 dB] [ET  5.98 ] [L0 ] [L1 ]
*** TRAIL_R numBytesInNALunit: 301023
POC   22 TId: 0 ( I-SLICE, QP 26 )    2408184 bits [Y 99.9900 dB    U 99.9900 dB    V 99.9900 dB] [ET  6.03 ] [L0 ] [L1 ]
*** TRAIL_R numBytesInNALunit: 303328
POC   23 TId: 0 ( I-SLICE, QP 26 )    2426624 bits [Y 99.9900 dB    U 99.9900 dB    V 99.9900 dB] [ET  5.91 ] [L0 ] [L1 ]
*** TRAIL_R numBytesInNALunit: 305800
POC   24 TId: 0 ( I-SLICE, QP 26 )    2446400 bits [Y 99.9900 dB    U 99.9900 dB    V 99.9900 dB] [ET  5.94 ] [L0 ] [L1 ]
*** TRAIL_R numBytesInNALunit: 306674
POC   25 TId: 0 ( I-SLICE, QP 26 )    2453392 bits [Y 99.9900 dB    U 99.9900 dB    V 99.9900 dB] [ET  5.95 ] [L0 ] [L1 ]
*** TRAIL_R numBytesInNALunit: 305353
POC   26 TId: 0 ( I-SLICE, QP 26 )    2442824 bits [Y 99.9900 dB    U 99.9900 dB    V 99.9900 dB] [ET  5.95 ] [L0 ] [L1 ]
*** TRAIL_R numBytesInNALunit: 306093
POC   27 TId: 0 ( I-SLICE, QP 26 )    2448744 bits [Y 99.9900 dB    U 99.9900 dB    V 99.9900 dB] [ET  5.98 ] [L0 ] [L1 ]
*** TRAIL_R numBytesInNALunit: 308625
POC   28 TId: 0 ( I-SLICE, QP 26 )    2469000 bits [Y 99.9900 dB    U 99.9900 dB    V 99.9900 dB] [ET  5.98 ] [L0 ] [L1 ]
*** TRAIL_R numBytesInNALunit: 311056
POC   29 TId: 0 ( I-SLICE, QP 26 )    2488448 bits [Y 99.9900 dB    U 99.9900 dB    V 99.9900 dB] [ET  5.97 ] [L0 ] [L1 ]
*** TRAIL_R numBytesInNALunit: 311967
POC   30 TId: 0 ( I-SLICE, QP 26 )    2495736 bits [Y 99.9900 dB    U 99.9900 dB    V 99.9900 dB] [ET  5.91 ] [L0 ] [L1 ]
*** TRAIL_R numBytesInNALunit: 311957
POC   31 TId: 0 ( I-SLICE, QP 26 )    2495656 bits [Y 99.9900 dB    U 99.9900 dB    V 99.9900 dB] [ET  5.95 ] [L0 ] [L1 ]
*** TRAIL_R numBytesInNALunit: 311658
POC   32 TId: 0 ( I-SLICE, QP 26 )    2493264 bits [Y 99.9900 dB    U 99.9900 dB    V 99.9900 dB] [ET  5.91 ] [L0 ] [L1 ]
*** TRAIL_R numBytesInNALunit: 311857
POC   33 TId: 0 ( I-SLICE, QP 26 )    2494856 bits [Y 99.9900 dB    U 99.9900 dB    V 99.9900 dB] [ET  5.94 ] [L0 ] [L1 ]
*** TRAIL_R numBytesInNALunit: 312008
POC   34 TId: 0 ( I-SLICE, QP 26 )    2496064 bits [Y 99.9900 dB    U 99.9900 dB    V 99.9900 dB] [ET  5.97 ] [L0 ] [L1 ]
*** TRAIL_R numBytesInNALunit: 310527
POC   35 TId: 0 ( I-SLICE, QP 26 )    2484216 bits [Y 99.9900 dB    U 99.9900 dB    V 99.9900 dB] [ET  5.91 ] [L0 ] [L1 ]
*** TRAIL_R numBytesInNALunit: 308462
POC   36 TId: 0 ( I-SLICE, QP 26 )    2467696 bits [Y 99.9900 dB    U 99.9900 dB    V 99.9900 dB] [ET  5.98 ] [L0 ] [L1 ]
*** TRAIL_R numBytesInNALunit: 306093
POC   37 TId: 0 ( I-SLICE, QP 26 )    2448744 bits [Y 99.9900 dB    U 99.9900 dB    V 99.9900 dB] [ET  5.97 ] [L0 ] [L1 ]
*** TRAIL_R numBytesInNALunit: 303781
POC   38 TId: 0 ( I-SLICE, QP 26 )    2430248 bits [Y 99.9900 dB    U 99.9900 dB    V 99.9900 dB] [ET  6.02 ] [L0 ] [L1 ]
*** TRAIL_R numBytesInNALunit: 303240
POC   39 TId: 0 ( I-SLICE, QP 26 )    2425920 bits [Y 99.9900 dB    U 99.9900 dB    V 99.9900 dB] [ET  5.92 ] [L0 ] [L1 ]
*** TRAIL_R numBytesInNALunit: 304421
POC   40 TId: 0 ( I-SLICE, QP 26 )    2435368 bits [Y 99.9900 dB    U 99.9900 dB    V 99.9900 dB] [ET  5.97 ] [L0 ] [L1 ]
*** TRAIL_R numBytesInNALunit: 310603
POC   41 TId: 0 ( I-SLICE, QP 26 )    2484824 bits [Y 99.9900 dB    U 99.9900 dB    V 99.9900 dB] [ET  6.02 ] [L0 ] [L1 ]
*** TRAIL_R numBytesInNALunit: 304766
POC   42 TId: 0 ( I-SLICE, QP 26 )    2438128 bits [Y 99.9900 dB    U 99.9900 dB    V 99.9900 dB] [ET  5.95 ] [L0 ] [L1 ]
*** TRAIL_R numBytesInNALunit: 305331
POC   43 TId: 0 ( I-SLICE, QP 26 )    2442648 bits [Y 99.9900 dB    U 99.9900 dB    V 99.9900 dB] [ET  5.91 ] [L0 ] [L1 ]
*** TRAIL_R numBytesInNALunit: 306166
POC   44 TId: 0 ( I-SLICE, QP 26 )    2449328 bits [Y 99.9900 dB    U 99.9900 dB    V 99.9900 dB] [ET  5.94 ] [L0 ] [L1 ]
*** TRAIL_R numBytesInNALunit: 307783
POC   45 TId: 0 ( I-SLICE, QP 26 )    2462264 bits [Y 99.9900 dB    U 99.9900 dB    V 99.9900 dB] [ET  5.94 ] [L0 ] [L1 ]
*** TRAIL_R numBytesInNALunit: 308217
POC   46 TId: 0 ( I-SLICE, QP 26 )    2465736 bits [Y 99.9900 dB    U 99.9900 dB    V 99.9900 dB] [ET  5.98 ] [L0 ] [L1 ]
*** TRAIL_R numBytesInNALunit: 308699
POC   47 TId: 0 ( I-SLICE, QP 26 )    2469592 bits [Y 99.9900 dB    U 99.9900 dB    V 99.9900 dB] [ET  5.95 ] [L0 ] [L1 ]
*** TRAIL_R numBytesInNALunit: 308092
POC   48 TId: 0 ( I-SLICE, QP 26 )    2464736 bits [Y 99.9900 dB    U 99.9900 dB    V 99.9900 dB] [ET  6.02 ] [L0 ] [L1 ]
*** TRAIL_R numBytesInNALunit: 306619
POC   49 TId: 0 ( I-SLICE, QP 26 )    2452952 bits [Y 99.9900 dB    U 99.9900 dB    V 99.9900 dB] [ET  5.95 ] [L0 ] [L1 ]
*** TRAIL_R numBytesInNALunit: 305151
POC   50 TId: 0 ( I-SLICE, QP 26 )    2441208 bits [Y 99.9900 dB    U 99.9900 dB    V 99.9900 dB] [ET  6.06 ] [L0 ] [L1 ]
*** TRAIL_R numBytesInNALunit: 304172
POC   51 TId: 0 ( I-SLICE, QP 26 )    2433376 bits [Y 99.9900 dB    U 99.9900 dB    V 99.9900 dB] [ET  5.98 ] [L0 ] [L1 ]
*** TRAIL_R numBytesInNALunit: 301964
POC   52 TId: 0 ( I-SLICE, QP 26 )    2415712 bits [Y 99.9900 dB    U 99.9900 dB    V 99.9900 dB] [ET  6.00 ] [L0 ] [L1 ]
*** TRAIL_R numBytesInNALunit: 300212
POC   53 TId: 0 ( I-SLICE, QP 26 )    2401696 bits [Y 99.9900 dB    U 99.9900 dB    V 99.9900 dB] [ET  5.95 ] [L0 ] [L1 ]
*** TRAIL_R numBytesInNALunit: 298289
POC   54 TId: 0 ( I-SLICE, QP 26 )    2386312 bits [Y 99.9900 dB    U 99.9900 dB    V 99.9900 dB] [ET  6.00 ] [L0 ] [L1 ]
*** TRAIL_R numBytesInNALunit: 295737
POC   55 TId: 0 ( I-SLICE, QP 26 )    2365896 bits [Y 99.9900 dB    U 99.9900 dB    V 99.9900 dB] [ET  5.97 ] [L0 ] [L1 ]
*** TRAIL_R numBytesInNALunit: 294612
POC   56 TId: 0 ( I-SLICE, QP 26 )    2356896 bits [Y 99.9900 dB    U 99.9900 dB    V 99.9900 dB] [ET  5.94 ] [L0 ] [L1 ]
*** TRAIL_R numBytesInNALunit: 294443
POC   57 TId: 0 ( I-SLICE, QP 26 )    2355544 bits [Y 99.9900 dB    U 99.9900 dB    V 99.9900 dB] [ET  5.86 ] [L0 ] [L1 ]
*** TRAIL_R numBytesInNALunit: 292978
POC   58 TId: 0 ( I-SLICE, QP 26 )    2343824 bits [Y 99.9900 dB    U 99.9900 dB    V 99.9900 dB] [ET  5.88 ] [L0 ] [L1 ]
*** TRAIL_R numBytesInNALunit: 292285
POC   59 TId: 0 ( I-SLICE, QP 26 )    2338280 bits [Y 99.9900 dB    U 99.9900 dB    V 99.9900 dB] [ET  5.91 ] [L0 ] [L1 ]
*** TRAIL_R numBytesInNALunit: 293657
POC   60 TId: 0 ( I-SLICE, QP 26 )    2349256 bits [Y 99.9900 dB    U 99.9900 dB    V 99.9900 dB] [ET  6.00 ] [L0 ] [L1 ]
*** TRAIL_R numBytesInNALunit: 295470
POC   61 TId: 0 ( I-SLICE, QP 26 )    2363760 bits [Y 99.9900 dB    U 99.9900 dB    V 99.9900 dB] [ET  5.98 ] [L0 ] [L1 ]
*** TRAIL_R numBytesInNALunit: 297497
POC   62 TId: 0 ( I-SLICE, QP 26 )    2379976 bits [Y 99.9900 dB    U 99.9900 dB    V 99.9900 dB] [ET  6.08 ] [L0 ] [L1 ]
*** TRAIL_R numBytesInNALunit: 298413
POC   63 TId: 0 ( I-SLICE, QP 26 )    2387304 bits [Y 99.9900 dB    U 99.9900 dB    V 99.9900 dB] [ET  6.00 ] [L0 ] [L1 ]
*** TRAIL_R numBytesInNALunit: 299807
POC   64 TId: 0 ( I-SLICE, QP 26 )    2398456 bits [Y 99.9900 dB    U 99.9900 dB    V 99.9900 dB] [ET  5.98 ] [L0 ] [L1 ]
*** TRAIL_R numBytesInNALunit: 302068
POC   65 TId: 0 ( I-SLICE, QP 26 )    2416544 bits [Y 99.9900 dB    U 99.9900 dB    V 99.9900 dB] [ET  5.95 ] [L0 ] [L1 ]
*** TRAIL_R numBytesInNALunit: 304564
POC   66 TId: 0 ( I-SLICE, QP 26 )    2436512 bits [Y 99.9900 dB    U 99.9900 dB    V 99.9900 dB] [ET  5.91 ] [L0 ] [L1 ]
*** TRAIL_R numBytesInNALunit: 308810
POC   67 TId: 0 ( I-SLICE, QP 26 )    2470480 bits [Y 99.9900 dB    U 99.9900 dB    V 99.9900 dB] [ET  5.86 ] [L0 ] [L1 ]
*** TRAIL_R numBytesInNALunit: 308852
POC   68 TId: 0 ( I-SLICE, QP 26 )    2470816 bits [Y 99.9900 dB    U 99.9900 dB    V 99.9900 dB] [ET  5.92 ] [L0 ] [L1 ]
*** TRAIL_R numBytesInNALunit: 309468
POC   69 TId: 0 ( I-SLICE, QP 26 )    2475744 bits [Y 99.9900 dB    U 99.9900 dB    V 99.9900 dB] [ET  5.86 ] [L0 ] [L1 ]
*** TRAIL_R numBytesInNALunit: 307863
POC   70 TId: 0 ( I-SLICE, QP 26 )    2462904 bits [Y 99.9900 dB    U 99.9900 dB    V 99.9900 dB] [ET  5.89 ] [L0 ] [L1 ]
*** TRAIL_R numBytesInNALunit: 307353
POC   71 TId: 0 ( I-SLICE, QP 26 )    2458824 bits [Y 99.9900 dB    U 99.9900 dB    V 99.9900 dB] [ET  5.98 ] [L0 ] [L1 ]
*** TRAIL_R numBytesInNALunit: 305228
POC   72 TId: 0 ( I-SLICE, QP 26 )    2441824 bits [Y 99.9900 dB    U 99.9900 dB    V 99.9900 dB] [ET  5.94 ] [L0 ] [L1 ]
*** TRAIL_R numBytesInNALunit: 303887
POC   73 TId: 0 ( I-SLICE, QP 26 )    2431096 bits [Y 99.9900 dB    U 99.9900 dB    V 99.9900 dB] [ET  5.94 ] [L0 ] [L1 ]
*** TRAIL_R numBytesInNALunit: 301455
POC   74 TId: 0 ( I-SLICE, QP 26 )    2411640 bits [Y 99.9900 dB    U 99.9900 dB    V 99.9900 dB] [ET  5.94 ] [L0 ] [L1 ]
*** TRAIL_R numBytesInNALunit: 297698
POC   75 TId: 0 ( I-SLICE, QP 26 )    2381584 bits [Y 99.9900 dB    U 99.9900 dB    V 99.9900 dB] [ET  5.89 ] [L0 ] [L1 ]
*** TRAIL_R numBytesInNALunit: 294425
POC   76 TId: 0 ( I-SLICE, QP 26 )    2355400 bits [Y 99.9900 dB    U 99.9900 dB    V 99.9900 dB] [ET  5.94 ] [L0 ] [L1 ]
*** TRAIL_R numBytesInNALunit: 293488
POC   77 TId: 0 ( I-SLICE, QP 26 )    2347904 bits [Y 99.9900 dB    U 99.9900 dB    V 99.9900 dB] [ET  5.98 ] [L0 ] [L1 ]
*** TRAIL_R numBytesInNALunit: 292830
POC   78 TId: 0 ( I-SLICE, QP 26 )    2342640 bits [Y 99.9900 dB    U 99.9900 dB    V 99.9900 dB] [ET  5.95 ] [L0 ] [L1 ]
*** TRAIL_R numBytesInNALunit: 290759
POC   79 TId: 0 ( I-SLICE, QP 26 )    2326072 bits [Y 99.9900 dB    U 99.9900 dB    V 99.9900 dB] [ET  5.89 ] [L0 ] [L1 ]
*** TRAIL_R numBytesInNALunit: 290021
POC   80 TId: 0 ( I-SLICE, QP 26 )    2320168 bits [Y 99.9900 dB    U 99.9900 dB    V 99.9900 dB] [ET  5.95 ] [L0 ] [L1 ]
*** TRAIL_R numBytesInNALunit: 289741
POC   81 TId: 0 ( I-SLICE, QP 26 )    2317928 bits [Y 99.9900 dB    U 99.9900 dB    V 99.9900 dB] [ET  6.00 ] [L0 ] [L1 ]
*** TRAIL_R numBytesInNALunit: 288981
POC   82 TId: 0 ( I-SLICE, QP 26 )    2311848 bits [Y 99.9900 dB    U 99.9900 dB    V 99.9900 dB] [ET  5.89 ] [L0 ] [L1 ]
*** TRAIL_R numBytesInNALunit: 286818
POC   83 TId: 0 ( I-SLICE, QP 26 )    2294544 bits [Y 99.9900 dB    U 99.9900 dB    V 99.9900 dB] [ET  5.92 ] [L0 ] [L1 ]
*** TRAIL_R numBytesInNALunit: 284727
POC   84 TId: 0 ( I-SLICE, QP 26 )    2277816 bits [Y 99.9900 dB    U 99.9900 dB    V 99.9900 dB] [ET  5.91 ] [L0 ] [L1 ]
*** TRAIL_R numBytesInNALunit: 282734
POC   85 TId: 0 ( I-SLICE, QP 26 )    2261872 bits [Y 99.9900 dB    U 99.9900 dB    V 99.9900 dB] [ET  5.95 ] [L0 ] [L1 ]
*** TRAIL_R numBytesInNALunit: 280467
POC   86 TId: 0 ( I-SLICE, QP 26 )    2243736 bits [Y 99.9900 dB    U 99.9900 dB    V 99.9900 dB] [ET  5.89 ] [L0 ] [L1 ]
*** TRAIL_R numBytesInNALunit: 278812
POC   87 TId: 0 ( I-SLICE, QP 26 )    2230496 bits [Y 99.9900 dB    U 99.9900 dB    V 99.9900 dB] [ET  5.86 ] [L0 ] [L1 ]
*** TRAIL_R numBytesInNALunit: 277235
POC   88 TId: 0 ( I-SLICE, QP 26 )    2217880 bits [Y 99.9900 dB    U 99.9900 dB    V 99.9900 dB] [ET  5.91 ] [L0 ] [L1 ]
*** TRAIL_R numBytesInNALunit: 276377
POC   89 TId: 0 ( I-SLICE, QP 26 )    2211016 bits [Y 99.9900 dB    U 99.9900 dB    V 99.9900 dB] [ET  5.91 ] [L0 ] [L1 ]
*** TRAIL_R numBytesInNALunit: 277342
POC   90 TId: 0 ( I-SLICE, QP 26 )    2218736 bits [Y 99.9900 dB    U 99.9900 dB    V 99.9900 dB] [ET  5.88 ] [L0 ] [L1 ]
*** TRAIL_R numBytesInNALunit: 277361
POC   91 TId: 0 ( I-SLICE, QP 26 )    2218888 bits [Y 99.9900 dB    U 99.9900 dB    V 99.9900 dB] [ET  5.89 ] [L0 ] [L1 ]
*** TRAIL_R numBytesInNALunit: 279511
POC   92 TId: 0 ( I-SLICE, QP 26 )    2236088 bits [Y 99.9900 dB    U 99.9900 dB    V 99.9900 dB] [ET  5.95 ] [L0 ] [L1 ]
*** TRAIL_R numBytesInNALunit: 280911
POC   93 TId: 0 ( I-SLICE, QP 26 )    2247288 bits [Y 99.9900 dB    U 99.9900 dB    V 99.9900 dB] [ET  5.97 ] [L0 ] [L1 ]
*** TRAIL_R numBytesInNALunit: 282894
POC   94 TId: 0 ( I-SLICE, QP 26 )    2263152 bits [Y 99.9900 dB    U 99.9900 dB    V 99.9900 dB] [ET  5.98 ] [L0 ] [L1 ]
*** TRAIL_R numBytesInNALunit: 284789
POC   95 TId: 0 ( I-SLICE, QP 26 )    2278312 bits [Y 99.9900 dB    U 99.9900 dB    V 99.9900 dB] [ET  5.94 ] [L0 ] [L1 ]
*** TRAIL_R numBytesInNALunit: 288987
POC   96 TId: 0 ( I-SLICE, QP 26 )    2311896 bits [Y 99.9900 dB    U 99.9900 dB    V 99.9900 dB] [ET  5.95 ] [L0 ] [L1 ]
*** TRAIL_R numBytesInNALunit: 291420
POC   97 TId: 0 ( I-SLICE, QP 26 )    2331360 bits [Y 99.9900 dB    U 99.9900 dB    V 99.9900 dB] [ET  5.89 ] [L0 ] [L1 ]
*** TRAIL_R numBytesInNALunit: 295429
POC   98 TId: 0 ( I-SLICE, QP 26 )    2363432 bits [Y 99.9900 dB    U 99.9900 dB    V 99.9900 dB] [ET  5.94 ] [L0 ] [L1 ]
*** TRAIL_R numBytesInNALunit: 298947
POC   99 TId: 0 ( I-SLICE, QP 26 )    2391576 bits [Y 99.9900 dB    U 99.9900 dB    V 99.9900 dB] [ET  5.91 ] [L0 ] [L1 ]
*** TRAIL_R numBytesInNALunit: 301379
POC  100 TId: 0 ( I-SLICE, QP 26 )    2411032 bits [Y 99.9900 dB    U 99.9900 dB    V 99.9900 dB] [ET  5.92 ] [L0 ] [L1 ]
*** TRAIL_R numBytesInNALunit: 305383
POC  101 TId: 0 ( I-SLICE, QP 26 )    2443064 bits [Y 99.9900 dB    U 99.9900 dB    V 99.9900 dB] [ET  5.97 ] [L0 ] [L1 ]
*** TRAIL_R numBytesInNALunit: 310022
POC  102 TId: 0 ( I-SLICE, QP 26 )    2480176 bits [Y 99.9900 dB    U 99.9900 dB    V 99.9900 dB] [ET  5.94 ] [L0 ] [L1 ]
*** TRAIL_R numBytesInNALunit: 314625
POC  103 TId: 0 ( I-SLICE, QP 26 )    2517000 bits [Y 99.9900 dB    U 99.9900 dB    V 99.9900 dB] [ET  5.95 ] [L0 ] [L1 ]
*** TRAIL_R numBytesInNALunit: 320852
POC  104 TId: 0 ( I-SLICE, QP 26 )    2566816 bits [Y 99.9900 dB    U 99.9900 dB    V 99.9900 dB] [ET  6.00 ] [L0 ] [L1 ]
*** TRAIL_R numBytesInNALunit: 324281
POC  105 TId: 0 ( I-SLICE, QP 26 )    2594248 bits [Y 99.9900 dB    U 99.9900 dB    V 99.9900 dB] [ET  5.97 ] [L0 ] [L1 ]
*** TRAIL_R numBytesInNALunit: 329076
POC  106 TId: 0 ( I-SLICE, QP 26 )    2632608 bits [Y 99.9900 dB    U 99.9900 dB    V 99.9900 dB] [ET  5.88 ] [L0 ] [L1 ]
*** TRAIL_R numBytesInNALunit: 333751
POC  107 TId: 0 ( I-SLICE, QP 26 )    2670008 bits [Y 99.9900 dB    U 99.9900 dB    V 99.9900 dB] [ET  5.97 ] [L0 ] [L1 ]
*** TRAIL_R numBytesInNALunit: 337355
POC  108 TId: 0 ( I-SLICE, QP 26 )    2698840 bits [Y 99.9900 dB    U 99.9900 dB    V 99.9900 dB] [ET  6.05 ] [L0 ] [L1 ]
*** TRAIL_R numBytesInNALunit: 339941
POC  109 TId: 0 ( I-SLICE, QP 26 )    2719528 bits [Y 99.9900 dB    U 99.9900 dB    V 99.9900 dB] [ET  6.02 ] [L0 ] [L1 ]
*** TRAIL_R numBytesInNALunit: 343150
POC  110 TId: 0 ( I-SLICE, QP 26 )    2745200 bits [Y 99.9900 dB    U 99.9900 dB    V 99.9900 dB] [ET  5.97 ] [L0 ] [L1 ]
*** TRAIL_R numBytesInNALunit: 345976
POC  111 TId: 0 ( I-SLICE, QP 26 )    2767808 bits [Y 99.9900 dB    U 99.9900 dB    V 99.9900 dB] [ET  6.05 ] [L0 ] [L1 ]
*** TRAIL_R numBytesInNALunit: 349902
POC  112 TId: 0 ( I-SLICE, QP 26 )    2799216 bits [Y 99.9900 dB    U 99.9900 dB    V 99.9900 dB] [ET  6.00 ] [L0 ] [L1 ]
*** TRAIL_R numBytesInNALunit: 356710
POC  113 TId: 0 ( I-SLICE, QP 26 )    2853680 bits [Y 99.9900 dB    U 99.9900 dB    V 99.9900 dB] [ET  6.03 ] [L0 ] [L1 ]
*** TRAIL_R numBytesInNALunit: 363338
POC  114 TId: 0 ( I-SLICE, QP 26 )    2906704 bits [Y 99.9900 dB    U 99.9900 dB    V 99.9900 dB] [ET  5.97 ] [L0 ] [L1 ]
*** TRAIL_R numBytesInNALunit: 368552
POC  115 TId: 0 ( I-SLICE, QP 26 )    2948416 bits [Y 99.9900 dB    U 99.9900 dB    V 99.9900 dB] [ET  6.08 ] [L0 ] [L1 ]
*** TRAIL_R numBytesInNALunit: 371971
POC  116 TId: 0 ( I-SLICE, QP 26 )    2975768 bits [Y 99.9900 dB    U 99.9900 dB    V 99.9900 dB] [ET  6.03 ] [L0 ] [L1 ]
*** TRAIL_R numBytesInNALunit: 375865
POC  117 TId: 0 ( I-SLICE, QP 26 )    3006920 bits [Y 99.9900 dB    U 99.9900 dB    V 99.9900 dB] [ET  6.16 ] [L0 ] [L1 ]
*** TRAIL_R numBytesInNALunit: 377981
POC  118 TId: 0 ( I-SLICE, QP 26 )    3023848 bits [Y 99.9900 dB    U 99.9900 dB    V 99.9900 dB] [ET  6.06 ] [L0 ] [L1 ]
*** TRAIL_R numBytesInNALunit: 379835
POC  119 TId: 0 ( I-SLICE, QP 26 )    3038680 bits [Y 99.9900 dB    U 99.9900 dB    V 99.9900 dB] [ET  6.05 ] [L0 ] [L1 ]
*** TRAIL_R numBytesInNALunit: 379961
POC  120 TId: 0 ( I-SLICE, QP 26 )    3039688 bits [Y 99.9900 dB    U 99.9900 dB    V 99.9900 dB] [ET  6.12 ] [L0 ] [L1 ]
*** TRAIL_R numBytesInNALunit: 381089
POC  121 TId: 0 ( I-SLICE, QP 26 )    3048712 bits [Y 99.9900 dB    U 99.9900 dB    V 99.9900 dB] [ET  6.05 ] [L0 ] [L1 ]
*** TRAIL_R numBytesInNALunit: 379414
POC  122 TId: 0 ( I-SLICE, QP 26 )    3035312 bits [Y 99.9900 dB    U 99.9900 dB    V 99.9900 dB] [ET  6.14 ] [L0 ] [L1 ]
*** TRAIL_R numBytesInNALunit: 378891
POC  123 TId: 0 ( I-SLICE, QP 26 )    3031128 bits [Y 99.9900 dB    U 99.9900 dB    V 99.9900 dB] [ET  6.09 ] [L0 ] [L1 ]
*** TRAIL_R numBytesInNALunit: 378783
POC  124 TId: 0 ( I-SLICE, QP 26 )    3030264 bits [Y 99.9900 dB    U 99.9900 dB    V 99.9900 dB] [ET  6.03 ] [L0 ] [L1 ]
*** TRAIL_R numBytesInNALunit: 381490
POC  125 TId: 0 ( I-SLICE, QP 26 )    3051920 bits [Y 99.9900 dB    U 99.9900 dB    V 99.9900 dB] [ET  6.08 ] [L0 ] [L1 ]
*** TRAIL_R numBytesInNALunit: 381799
POC  126 TId: 0 ( I-SLICE, QP 26 )    3054392 bits [Y 99.9900 dB    U 99.9900 dB    V 99.9900 dB] [ET  6.03 ] [L0 ] [L1 ]
*** TRAIL_R numBytesInNALunit: 380201
POC  127 TId: 0 ( I-SLICE, QP 26 )    3041608 bits [Y 99.9900 dB    U 99.9900 dB    V 99.9900 dB] [ET  6.05 ] [L0 ] [L1 ]
*** TRAIL_R numBytesInNALunit: 376428
POC  128 TId: 0 ( I-SLICE, QP 26 )    3011424 bits [Y 99.9900 dB    U 99.9900 dB    V 99.9900 dB] [ET  6.03 ] [L0 ] [L1 ]
*** TRAIL_R numBytesInNALunit: 369969
POC  129 TId: 0 ( I-SLICE, QP 26 )    2959752 bits [Y 99.9900 dB    U 99.9900 dB    V 99.9900 dB] [ET  6.05 ] [L0 ] [L1 ]
*** TRAIL_R numBytesInNALunit: 364289
POC  130 TId: 0 ( I-SLICE, QP 26 )    2914312 bits [Y 99.9900 dB    U 99.9900 dB    V 99.9900 dB] [ET  6.08 ] [L0 ] [L1 ]
*** TRAIL_R numBytesInNALunit: 358767
POC  131 TId: 0 ( I-SLICE, QP 26 )    2870136 bits [Y 99.9900 dB    U 99.9900 dB    V 99.9900 dB] [ET  6.08 ] [L0 ] [L1 ]
*** TRAIL_R numBytesInNALunit: 352681
POC  132 TId: 0 ( I-SLICE, QP 26 )    2821448 bits [Y 99.9900 dB    U 99.9900 dB    V 99.9900 dB] [ET  6.11 ] [L0 ] [L1 ]
*** TRAIL_R numBytesInNALunit: 350549
POC  133 TId: 0 ( I-SLICE, QP 26 )    2804392 bits [Y 99.9900 dB    U 99.9900 dB    V 99.9900 dB] [ET  6.06 ] [L0 ] [L1 ]
*** TRAIL_R numBytesInNALunit: 344085
POC  134 TId: 0 ( I-SLICE, QP 26 )    2752680 bits [Y 99.9900 dB    U 99.9900 dB    V 99.9900 dB] [ET  6.08 ] [L0 ] [L1 ]
*** TRAIL_R numBytesInNALunit: 338803
POC  135 TId: 0 ( I-SLICE, QP 26 )    2710424 bits [Y 99.9900 dB    U 99.9900 dB    V 99.9900 dB] [ET  6.06 ] [L0 ] [L1 ]
*** TRAIL_R numBytesInNALunit: 336101
POC  136 TId: 0 ( I-SLICE, QP 26 )    2688808 bits [Y 99.9900 dB    U 99.9900 dB    V 99.9900 dB] [ET  6.08 ] [L0 ] [L1 ]
*** TRAIL_R numBytesInNALunit: 334108
POC  137 TId: 0 ( I-SLICE, QP 26 )    2672864 bits [Y 99.9900 dB    U 99.9900 dB    V 99.9900 dB] [ET  6.06 ] [L0 ] [L1 ]
*** TRAIL_R numBytesInNALunit: 332444
POC  138 TId: 0 ( I-SLICE, QP 26 )    2659552 bits [Y 99.9900 dB    U 99.9900 dB    V 99.9900 dB] [ET  6.09 ] [L0 ] [L1 ]
*** TRAIL_R numBytesInNALunit: 330518
POC  139 TId: 0 ( I-SLICE, QP 26 )    2644144 bits [Y 99.9900 dB    U 99.9900 dB    V 99.9900 dB] [ET  6.08 ] [L0 ] [L1 ]
*** TRAIL_R numBytesInNALunit: 329585
POC  140 TId: 0 ( I-SLICE, QP 26 )    2636680 bits [Y 99.9900 dB    U 99.9900 dB    V 99.9900 dB] [ET  6.06 ] [L0 ] [L1 ]
*** TRAIL_R numBytesInNALunit: 328592
POC  141 TId: 0 ( I-SLICE, QP 26 )    2628736 bits [Y 99.9900 dB    U 99.9900 dB    V 99.9900 dB] [ET  6.00 ] [L0 ] [L1 ]
*** TRAIL_R numBytesInNALunit: 325053
POC  142 TId: 0 ( I-SLICE, QP 26 )    2600424 bits [Y 99.9900 dB    U 99.9900 dB    V 99.9900 dB] [ET  6.03 ] [L0 ] [L1 ]
*** TRAIL_R numBytesInNALunit: 323785
POC  143 TId: 0 ( I-SLICE, QP 26 )    2590280 bits [Y 99.9900 dB    U 99.9900 dB    V 99.9900 dB] [ET  6.03 ] [L0 ] [L1 ]
*** TRAIL_R numBytesInNALunit: 323109
POC  144 TId: 0 ( I-SLICE, QP 26 )    2584872 bits [Y 99.9900 dB    U 99.9900 dB    V 99.9900 dB] [ET  6.03 ] [L0 ] [L1 ]
*** TRAIL_R numBytesInNALunit: 322295
POC  145 TId: 0 ( I-SLICE, QP 26 )    2578360 bits [Y 99.9900 dB    U 99.9900 dB    V 99.9900 dB] [ET  5.95 ] [L0 ] [L1 ]
*** TRAIL_R numBytesInNALunit: 321455
POC  146 TId: 0 ( I-SLICE, QP 26 )    2571640 bits [Y 99.9900 dB    U 99.9900 dB    V 99.9900 dB] [ET  6.02 ] [L0 ] [L1 ]
*** TRAIL_R numBytesInNALunit: 321787
POC  147 TId: 0 ( I-SLICE, QP 26 )    2574296 bits [Y 99.9900 dB    U 99.9900 dB    V 99.9900 dB] [ET  6.00 ] [L0 ] [L1 ]
*** TRAIL_R numBytesInNALunit: 320199
POC  148 TId: 0 ( I-SLICE, QP 26 )    2561592 bits [Y 99.9900 dB    U 99.9900 dB    V 99.9900 dB] [ET  6.02 ] [L0 ] [L1 ]
*** TRAIL_R numBytesInNALunit: 318587
POC  149 TId: 0 ( I-SLICE, QP 26 )    2548696 bits [Y 99.9900 dB    U 99.9900 dB    V 99.9900 dB] [ET  5.98 ] [L0 ] [L1 ]
*** TRAIL_R numBytesInNALunit: 317905
POC  150 TId: 0 ( I-SLICE, QP 26 )    2543240 bits [Y 99.9900 dB    U 99.9900 dB    V 99.9900 dB] [ET  6.03 ] [L0 ] [L1 ]
*** TRAIL_R numBytesInNALunit: 316862
POC  151 TId: 0 ( I-SLICE, QP 26 )    2534896 bits [Y 99.9900 dB    U 99.9900 dB    V 99.9900 dB] [ET  6.06 ] [L0 ] [L1 ]
*** TRAIL_R numBytesInNALunit: 315977
POC  152 TId: 0 ( I-SLICE, QP 26 )    2527816 bits [Y 99.9900 dB    U 99.9900 dB    V 99.9900 dB] [ET  6.11 ] [L0 ] [L1 ]
*** TRAIL_R numBytesInNALunit: 314677
POC  153 TId: 0 ( I-SLICE, QP 26 )    2517416 bits [Y 99.9900 dB    U 99.9900 dB    V 99.9900 dB] [ET  6.06 ] [L0 ] [L1 ]
*** TRAIL_R numBytesInNALunit: 313493
POC  154 TId: 0 ( I-SLICE, QP 26 )    2507944 bits [Y 99.9900 dB    U 99.9900 dB    V 99.9900 dB] [ET  6.02 ] [L0 ] [L1 ]
*** TRAIL_R numBytesInNALunit: 311918
POC  155 TId: 0 ( I-SLICE, QP 26 )    2495344 bits [Y 99.9900 dB    U 99.9900 dB    V 99.9900 dB] [ET  5.98 ] [L0 ] [L1 ]
*** TRAIL_R numBytesInNALunit: 310607
POC  156 TId: 0 ( I-SLICE, QP 26 )    2484856 bits [Y 99.9900 dB    U 99.9900 dB    V 99.9900 dB] [ET  6.03 ] [L0 ] [L1 ]
*** TRAIL_R numBytesInNALunit: 309557
POC  157 TId: 0 ( I-SLICE, QP 26 )    2476456 bits [Y 99.9900 dB    U 99.9900 dB    V 99.9900 dB] [ET  6.08 ] [L0 ] [L1 ]
*** TRAIL_R numBytesInNALunit: 309926
POC  158 TId: 0 ( I-SLICE, QP 26 )    2479408 bits [Y 99.9900 dB    U 99.9900 dB    V 99.9900 dB] [ET  6.03 ] [L0 ] [L1 ]
*** TRAIL_R numBytesInNALunit: 309585
POC  159 TId: 0 ( I-SLICE, QP 26 )    2476680 bits [Y 99.9900 dB    U 99.9900 dB    V 99.9900 dB] [ET  6.02 ] [L0 ] [L1 ]
*** TRAIL_R numBytesInNALunit: 308960
POC  160 TId: 0 ( I-SLICE, QP 26 )    2471680 bits [Y 99.9900 dB    U 99.9900 dB    V 99.9900 dB] [ET  5.98 ] [L0 ] [L1 ]
*** TRAIL_R numBytesInNALunit: 307097
POC  161 TId: 0 ( I-SLICE, QP 26 )    2456776 bits [Y 99.9900 dB    U 99.9900 dB    V 99.9900 dB] [ET  5.98 ] [L0 ] [L1 ]
*** TRAIL_R numBytesInNALunit: 305608
POC  162 TId: 0 ( I-SLICE, QP 26 )    2444864 bits [Y 99.9900 dB    U 99.9900 dB    V 99.9900 dB] [ET  6.05 ] [L0 ] [L1 ]
*** TRAIL_R numBytesInNALunit: 304342
POC  163 TId: 0 ( I-SLICE, QP 26 )    2434736 bits [Y 99.9900 dB    U 99.9900 dB    V 99.9900 dB] [ET  6.00 ] [L0 ] [L1 ]
*** TRAIL_R numBytesInNALunit: 303195
POC  164 TId: 0 ( I-SLICE, QP 26 )    2425560 bits [Y 99.9900 dB    U 99.9900 dB    V 99.9900 dB] [ET  6.03 ] [L0 ] [L1 ]
*** TRAIL_R numBytesInNALunit: 303192
POC  165 TId: 0 ( I-SLICE, QP 26 )    2425536 bits [Y 99.9900 dB    U 99.9900 dB    V 99.9900 dB] [ET  5.95 ] [L0 ] [L1 ]
*** TRAIL_R numBytesInNALunit: 302931
POC  166 TId: 0 ( I-SLICE, QP 26 )    2423448 bits [Y 99.9900 dB    U 99.9900 dB    V 99.9900 dB] [ET  6.03 ] [L0 ] [L1 ]
*** TRAIL_R numBytesInNALunit: 302573
POC  167 TId: 0 ( I-SLICE, QP 26 )    2420584 bits [Y 99.9900 dB    U 99.9900 dB    V 99.9900 dB] [ET  6.03 ] [L0 ] [L1 ]
*** TRAIL_R numBytesInNALunit: 302585
POC  168 TId: 0 ( I-SLICE, QP 26 )    2420680 bits [Y 99.9900 dB    U 99.9900 dB    V 99.9900 dB] [ET  6.06 ] [L0 ] [L1 ]
*** TRAIL_R numBytesInNALunit: 301500
POC  169 TId: 0 ( I-SLICE, QP 26 )    2412000 bits [Y 99.9900 dB    U 99.9900 dB    V 99.9900 dB] [ET  6.05 ] [L0 ] [L1 ]
*** TRAIL_R numBytesInNALunit: 300578
POC  170 TId: 0 ( I-SLICE, QP 26 )    2404624 bits [Y 99.9900 dB    U 99.9900 dB    V 99.9900 dB] [ET  6.03 ] [L0 ] [L1 ]
*** TRAIL_R numBytesInNALunit: 299326
POC  171 TId: 0 ( I-SLICE, QP 26 )    2394608 bits [Y 99.9900 dB    U 99.9900 dB    V 99.9900 dB] [ET  6.02 ] [L0 ] [L1 ]
*** TRAIL_R numBytesInNALunit: 297353
POC  172 TId: 0 ( I-SLICE, QP 26 )    2378824 bits [Y 99.9900 dB    U 99.9900 dB    V 99.9900 dB] [ET  6.00 ] [L0 ] [L1 ]
*** TRAIL_R numBytesInNALunit: 296275
POC  173 TId: 0 ( I-SLICE, QP 26 )    2370200 bits [Y 99.9900 dB    U 99.9900 dB    V 99.9900 dB] [ET  5.98 ] [L0 ] [L1 ]
*** TRAIL_R numBytesInNALunit: 295850
POC  174 TId: 0 ( I-SLICE, QP 26 )    2366800 bits [Y 99.9900 dB    U 99.9900 dB    V 99.9900 dB] [ET  5.94 ] [L0 ] [L1 ]
*** TRAIL_R numBytesInNALunit: 295687
POC  175 TId: 0 ( I-SLICE, QP 26 )    2365496 bits [Y 99.9900 dB    U 99.9900 dB    V 99.9900 dB] [ET  6.00 ] [L0 ] [L1 ]
*** TRAIL_R numBytesInNALunit: 296164
POC  176 TId: 0 ( I-SLICE, QP 26 )    2369312 bits [Y 99.9900 dB    U 99.9900 dB    V 99.9900 dB] [ET  6.03 ] [L0 ] [L1 ]
*** TRAIL_R numBytesInNALunit: 296734
POC  177 TId: 0 ( I-SLICE, QP 26 )    2373872 bits [Y 99.9900 dB    U 99.9900 dB    V 99.9900 dB] [ET  6.05 ] [L0 ] [L1 ]
*** TRAIL_R numBytesInNALunit: 296472
POC  178 TId: 0 ( I-SLICE, QP 26 )    2371776 bits [Y 99.9900 dB    U 99.9900 dB    V 99.9900 dB] [ET  6.05 ] [L0 ] [L1 ]
*** TRAIL_R numBytesInNALunit: 296341
POC  179 TId: 0 ( I-SLICE, QP 26 )    2370728 bits [Y 99.9900 dB    U 99.9900 dB    V 99.9900 dB] [ET  5.88 ] [L0 ] [L1 ]
*** TRAIL_R numBytesInNALunit: 296134
POC  180 TId: 0 ( I-SLICE, QP 26 )    2369072 bits [Y 99.9900 dB    U 99.9900 dB    V 99.9900 dB] [ET  5.94 ] [L0 ] [L1 ]
*** TRAIL_R numBytesInNALunit: 295240
POC  181 TId: 0 ( I-SLICE, QP 26 )    2361920 bits [Y 99.9900 dB    U 99.9900 dB    V 99.9900 dB] [ET  5.91 ] [L0 ] [L1 ]
*** TRAIL_R numBytesInNALunit: 294575
POC  182 TId: 0 ( I-SLICE, QP 26 )    2356600 bits [Y 99.9900 dB    U 99.9900 dB    V 99.9900 dB] [ET  5.94 ] [L0 ] [L1 ]
*** TRAIL_R numBytesInNALunit: 294097
POC  183 TId: 0 ( I-SLICE, QP 26 )    2352776 bits [Y 99.9900 dB    U 99.9900 dB    V 99.9900 dB] [ET  5.97 ] [L0 ] [L1 ]
*** TRAIL_R numBytesInNALunit: 293763
POC  184 TId: 0 ( I-SLICE, QP 26 )    2350104 bits [Y 99.9900 dB    U 99.9900 dB    V 99.9900 dB] [ET  5.95 ] [L0 ] [L1 ]
*** TRAIL_R numBytesInNALunit: 292520
POC  185 TId: 0 ( I-SLICE, QP 26 )    2340160 bits [Y 99.9900 dB    U 99.9900 dB    V 99.9900 dB] [ET  6.05 ] [L0 ] [L1 ]
*** TRAIL_R numBytesInNALunit: 291293
POC  186 TId: 0 ( I-SLICE, QP 26 )    2330344 bits [Y 99.9900 dB    U 99.9900 dB    V 99.9900 dB] [ET  6.00 ] [L0 ] [L1 ]
*** TRAIL_R numBytesInNALunit: 290956
POC  187 TId: 0 ( I-SLICE, QP 26 )    2327648 bits [Y 99.9900 dB    U 99.9900 dB    V 99.9900 dB] [ET  6.03 ] [L0 ] [L1 ]
*** TRAIL_R numBytesInNALunit: 291284
POC  188 TId: 0 ( I-SLICE, QP 26 )    2330272 bits [Y 99.9900 dB    U 99.9900 dB    V 99.9900 dB] [ET  6.03 ] [L0 ] [L1 ]
*** TRAIL_R numBytesInNALunit: 290295
POC  189 TId: 0 ( I-SLICE, QP 26 )    2322360 bits [Y 99.9900 dB    U 99.9900 dB    V 99.9900 dB] [ET  6.05 ] [L0 ] [L1 ]
*** TRAIL_R numBytesInNALunit: 291005
POC  190 TId: 0 ( I-SLICE, QP 26 )    2328040 bits [Y 99.9900 dB    U 99.9900 dB    V 99.9900 dB] [ET  5.98 ] [L0 ] [L1 ]
*** TRAIL_R numBytesInNALunit: 291029
POC  191 TId: 0 ( I-SLICE, QP 26 )    2328232 bits [Y 99.9900 dB    U 99.9900 dB    V 99.9900 dB] [ET  5.97 ] [L0 ] [L1 ]
*** TRAIL_R numBytesInNALunit: 290404
POC  192 TId: 0 ( I-SLICE, QP 26 )    2323232 bits [Y 99.9900 dB    U 99.9900 dB    V 99.9900 dB] [ET  5.91 ] [L0 ] [L1 ]
*** TRAIL_R numBytesInNALunit: 289775
POC  193 TId: 0 ( I-SLICE, QP 26 )    2318200 bits [Y 99.9900 dB    U 99.9900 dB    V 99.9900 dB] [ET  5.95 ] [L0 ] [L1 ]
*** TRAIL_R numBytesInNALunit: 289007
POC  194 TId: 0 ( I-SLICE, QP 26 )    2312056 bits [Y 99.9900 dB    U 99.9900 dB    V 99.9900 dB] [ET  6.02 ] [L0 ] [L1 ]
*** TRAIL_R numBytesInNALunit: 288882
POC  195 TId: 0 ( I-SLICE, QP 26 )    2311056 bits [Y 99.9900 dB    U 99.9900 dB    V 99.9900 dB] [ET  5.94 ] [L0 ] [L1 ]
*** TRAIL_R numBytesInNALunit: 287326
POC  196 TId: 0 ( I-SLICE, QP 26 )    2298608 bits [Y 99.9900 dB    U 99.9900 dB    V 99.9900 dB] [ET  5.86 ] [L0 ] [L1 ]
*** TRAIL_R numBytesInNALunit: 286282
POC  197 TId: 0 ( I-SLICE, QP 26 )    2290256 bits [Y 99.9900 dB    U 99.9900 dB    V 99.9900 dB] [ET  6.02 ] [L0 ] [L1 ]
*** TRAIL_R numBytesInNALunit: 285232
POC  198 TId: 0 ( I-SLICE, QP 26 )    2281856 bits [Y 99.9900 dB    U 99.9900 dB    V 99.9900 dB] [ET  6.08 ] [L0 ] [L1 ]
*** TRAIL_R numBytesInNALunit: 284004
POC  199 TId: 0 ( I-SLICE, QP 26 )    2272032 bits [Y 99.9900 dB    U 99.9900 dB    V 99.9900 dB] [ET  5.97 ] [L0 ] [L1 ]
*** TRAIL_R numBytesInNALunit: 282755
POC  200 TId: 0 ( I-SLICE, QP 26 )    2262040 bits [Y 99.9900 dB    U 99.9900 dB    V 99.9900 dB] [ET  5.97 ] [L0 ] [L1 ]
*** TRAIL_R numBytesInNALunit: 282331
POC  201 TId: 0 ( I-SLICE, QP 26 )    2258648 bits [Y 99.9900 dB    U 99.9900 dB    V 99.9900 dB] [ET  6.00 ] [L0 ] [L1 ]
*** TRAIL_R numBytesInNALunit: 282195
POC  202 TId: 0 ( I-SLICE, QP 26 )    2257560 bits [Y 99.9900 dB    U 99.9900 dB    V 99.9900 dB] [ET  5.98 ] [L0 ] [L1 ]
*** TRAIL_R numBytesInNALunit: 283260
POC  203 TId: 0 ( I-SLICE, QP 26 )    2266080 bits [Y 99.9900 dB    U 99.9900 dB    V 99.9900 dB] [ET  5.95 ] [L0 ] [L1 ]
*** TRAIL_R numBytesInNALunit: 283333
POC  204 TId: 0 ( I-SLICE, QP 26 )    2266664 bits [Y 99.9900 dB    U 99.9900 dB    V 99.9900 dB] [ET  5.97 ] [L0 ] [L1 ]
*** TRAIL_R numBytesInNALunit: 282523
POC  205 TId: 0 ( I-SLICE, QP 26 )    2260184 bits [Y 99.9900 dB    U 99.9900 dB    V 99.9900 dB] [ET  5.98 ] [L0 ] [L1 ]
*** TRAIL_R numBytesInNALunit: 281702
POC  206 TId: 0 ( I-SLICE, QP 26 )    2253616 bits [Y 99.9900 dB    U 99.9900 dB    V 99.9900 dB] [ET  6.00 ] [L0 ] [L1 ]
*** TRAIL_R numBytesInNALunit: 280474
POC  207 TId: 0 ( I-SLICE, QP 26 )    2243792 bits [Y 99.9900 dB    U 99.9900 dB    V 99.9900 dB] [ET  5.98 ] [L0 ] [L1 ]
*** TRAIL_R numBytesInNALunit: 279406
POC  208 TId: 0 ( I-SLICE, QP 26 )    2235248 bits [Y 99.9900 dB    U 99.9900 dB    V 99.9900 dB] [ET  5.91 ] [L0 ] [L1 ]
*** TRAIL_R numBytesInNALunit: 280351
POC  209 TId: 0 ( I-SLICE, QP 26 )    2242808 bits [Y 99.9900 dB    U 99.9900 dB    V 99.9900 dB] [ET  5.97 ] [L0 ] [L1 ]
*** TRAIL_R numBytesInNALunit: 281549
POC  210 TId: 0 ( I-SLICE, QP 26 )    2252392 bits [Y 99.9900 dB    U 99.9900 dB    V 99.9900 dB] [ET  6.00 ] [L0 ] [L1 ]
*** TRAIL_R numBytesInNALunit: 280375
POC  211 TId: 0 ( I-SLICE, QP 26 )    2243000 bits [Y 99.9900 dB    U 99.9900 dB    V 99.9900 dB] [ET  5.95 ] [L0 ] [L1 ]
*** TRAIL_R numBytesInNALunit: 279658
POC  212 TId: 0 ( I-SLICE, QP 26 )    2237264 bits [Y 99.9900 dB    U 99.9900 dB    V 99.9900 dB] [ET  5.97 ] [L0 ] [L1 ]
*** TRAIL_R numBytesInNALunit: 277616
POC  213 TId: 0 ( I-SLICE, QP 26 )    2220928 bits [Y 99.9900 dB    U 99.9900 dB    V 99.9900 dB] [ET  5.84 ] [L0 ] [L1 ]
*** TRAIL_R numBytesInNALunit: 276952
POC  214 TId: 0 ( I-SLICE, QP 26 )    2215616 bits [Y 99.9900 dB    U 99.9900 dB    V 99.9900 dB] [ET  5.70 ] [L0 ] [L1 ]
*** TRAIL_R numBytesInNALunit: 276948
POC  215 TId: 0 ( I-SLICE, QP 26 )    2215584 bits [Y 99.9900 dB    U 99.9900 dB    V 99.9900 dB] [ET  5.69 ] [L0 ] [L1 ]
*** TRAIL_R numBytesInNALunit: 276405
POC  216 TId: 0 ( I-SLICE, QP 26 )    2211240 bits [Y 99.9900 dB    U 99.9900 dB    V 99.9900 dB] [ET  5.69 ] [L0 ] [L1 ]
*** TRAIL_R numBytesInNALunit: 276500
POC  217 TId: 0 ( I-SLICE, QP 26 )    2212000 bits [Y 99.9900 dB    U 99.9900 dB    V 99.9900 dB] [ET  5.66 ] [L0 ] [L1 ]
*** TRAIL_R numBytesInNALunit: 275113
POC  218 TId: 0 ( I-SLICE, QP 26 )    2200904 bits [Y 99.9900 dB    U 99.9900 dB    V 99.9900 dB] [ET  5.69 ] [L0 ] [L1 ]
*** TRAIL_R numBytesInNALunit: 274472
POC  219 TId: 0 ( I-SLICE, QP 26 )    2195776 bits [Y 99.9900 dB    U 99.9900 dB    V 99.9900 dB] [ET  5.67 ] [L0 ] [L1 ]
*** TRAIL_R numBytesInNALunit: 275147
POC  220 TId: 0 ( I-SLICE, QP 26 )    2201176 bits [Y 99.9900 dB    U 99.9900 dB    V 99.9900 dB] [ET  5.50 ] [L0 ] [L1 ]
*** TRAIL_R numBytesInNALunit: 273786
POC  221 TId: 0 ( I-SLICE, QP 26 )    2190288 bits [Y 99.9900 dB    U 99.9900 dB    V 99.9900 dB] [ET  5.56 ] [L0 ] [L1 ]
*** TRAIL_R numBytesInNALunit: 273057
POC  222 TId: 0 ( I-SLICE, QP 26 )    2184456 bits [Y 99.9900 dB    U 99.9900 dB    V 99.9900 dB] [ET  5.75 ] [L0 ] [L1 ]
*** TRAIL_R numBytesInNALunit: 272799
POC  223 TId: 0 ( I-SLICE, QP 26 )    2182392 bits [Y 99.9900 dB    U 99.9900 dB    V 99.9900 dB] [ET  5.55 ] [L0 ] [L1 ]
*** TRAIL_R numBytesInNALunit: 273880
POC  224 TId: 0 ( I-SLICE, QP 26 )    2191040 bits [Y 99.9900 dB    U 99.9900 dB    V 99.9900 dB] [ET  5.58 ] [L0 ] [L1 ]
*** TRAIL_R numBytesInNALunit: 274993
POC  225 TId: 0 ( I-SLICE, QP 26 )    2199944 bits [Y 99.9900 dB    U 99.9900 dB    V 99.9900 dB] [ET  5.66 ] [L0 ] [L1 ]
*** TRAIL_R numBytesInNALunit: 275161
POC  226 TId: 0 ( I-SLICE, QP 26 )    2201288 bits [Y 99.9900 dB    U 99.9900 dB    V 99.9900 dB] [ET  5.42 ] [L0 ] [L1 ]
*** TRAIL_R numBytesInNALunit: 276312
POC  227 TId: 0 ( I-SLICE, QP 26 )    2210496 bits [Y 99.9900 dB    U 99.9900 dB    V 99.9900 dB] [ET  5.58 ] [L0 ] [L1 ]
*** TRAIL_R numBytesInNALunit: 276699
POC  228 TId: 0 ( I-SLICE, QP 26 )    2213592 bits [Y 99.9900 dB    U 99.9900 dB    V 99.9900 dB] [ET  5.67 ] [L0 ] [L1 ]
*** TRAIL_R numBytesInNALunit: 277510
POC  229 TId: 0 ( I-SLICE, QP 26 )    2220080 bits [Y 99.9900 dB    U 99.9900 dB    V 99.9900 dB] [ET  5.78 ] [L0 ] [L1 ]
*** TRAIL_R numBytesInNALunit: 277573
POC  230 TId: 0 ( I-SLICE, QP 26 )    2220584 bits [Y 99.9900 dB    U 99.9900 dB    V 99.9900 dB] [ET  5.64 ] [L0 ] [L1 ]
*** TRAIL_R numBytesInNALunit: 277463
POC  231 TId: 0 ( I-SLICE, QP 26 )    2219704 bits [Y 99.9900 dB    U 99.9900 dB    V 99.9900 dB] [ET  5.56 ] [L0 ] [L1 ]
*** TRAIL_R numBytesInNALunit: 276743
POC  232 TId: 0 ( I-SLICE, QP 26 )    2213944 bits [Y 99.9900 dB    U 99.9900 dB    V 99.9900 dB] [ET  5.70 ] [L0 ] [L1 ]
*** TRAIL_R numBytesInNALunit: 276481
POC  233 TId: 0 ( I-SLICE, QP 26 )    2211848 bits [Y 99.9900 dB    U 99.9900 dB    V 99.9900 dB] [ET  5.64 ] [L0 ] [L1 ]
*** TRAIL_R numBytesInNALunit: 275520
POC  234 TId: 0 ( I-SLICE, QP 26 )    2204160 bits [Y 99.9900 dB    U 99.9900 dB    V 99.9900 dB] [ET  5.70 ] [L0 ] [L1 ]
*** TRAIL_R numBytesInNALunit: 277524
POC  235 TId: 0 ( I-SLICE, QP 26 )    2220192 bits [Y 99.9900 dB    U 99.9900 dB    V 99.9900 dB] [ET  5.73 ] [L0 ] [L1 ]
*** TRAIL_R numBytesInNALunit: 278041
POC  236 TId: 0 ( I-SLICE, QP 26 )    2224328 bits [Y 99.9900 dB    U 99.9900 dB    V 99.9900 dB] [ET  5.62 ] [L0 ] [L1 ]
*** TRAIL_R numBytesInNALunit: 277867
POC  237 TId: 0 ( I-SLICE, QP 26 )    2222936 bits [Y 99.9900 dB    U 99.9900 dB    V 99.9900 dB] [ET  5.39 ] [L0 ] [L1 ]
*** TRAIL_R numBytesInNALunit: 278494
POC  238 TId: 0 ( I-SLICE, QP 26 )    2227952 bits [Y 99.9900 dB    U 99.9900 dB    V 99.9900 dB] [ET  5.58 ] [L0 ] [L1 ]
*** TRAIL_R numBytesInNALunit: 276521
POC  239 TId: 0 ( I-SLICE, QP 26 )    2212168 bits [Y 99.9900 dB    U 99.9900 dB    V 99.9900 dB] [ET  5.50 ] [L0 ] [L1 ]
*** TRAIL_R numBytesInNALunit: 275769
POC  240 TId: 0 ( I-SLICE, QP 26 )    2206152 bits [Y 99.9900 dB    U 99.9900 dB    V 99.9900 dB] [ET  5.69 ] [L0 ] [L1 ]
*** TRAIL_R numBytesInNALunit: 275270
POC  241 TId: 0 ( I-SLICE, QP 26 )    2202160 bits [Y 99.9900 dB    U 99.9900 dB    V 99.9900 dB] [ET  5.64 ] [L0 ] [L1 ]
*** TRAIL_R numBytesInNALunit: 274747
POC  242 TId: 0 ( I-SLICE, QP 26 )    2197976 bits [Y 99.9900 dB    U 99.9900 dB    V 99.9900 dB] [ET  5.75 ] [L0 ] [L1 ]
*** TRAIL_R numBytesInNALunit: 274525
POC  243 TId: 0 ( I-SLICE, QP 26 )    2196200 bits [Y 99.9900 dB    U 99.9900 dB    V 99.9900 dB] [ET  5.64 ] [L0 ] [L1 ]
*** TRAIL_R numBytesInNALunit: 275199
POC  244 TId: 0 ( I-SLICE, QP 26 )    2201592 bits [Y 99.9900 dB    U 99.9900 dB    V 99.9900 dB] [ET  5.61 ] [L0 ] [L1 ]
*** TRAIL_R numBytesInNALunit: 275091
POC  245 TId: 0 ( I-SLICE, QP 26 )    2200728 bits [Y 99.9900 dB    U 99.9900 dB    V 99.9900 dB] [ET  5.72 ] [L0 ] [L1 ]
*** TRAIL_R numBytesInNALunit: 275153
POC  246 TId: 0 ( I-SLICE, QP 26 )    2201224 bits [Y 99.9900 dB    U 99.9900 dB    V 99.9900 dB] [ET  5.62 ] [L0 ] [L1 ]
*** TRAIL_R numBytesInNALunit: 274256
POC  247 TId: 0 ( I-SLICE, QP 26 )    2194048 bits [Y 99.9900 dB    U 99.9900 dB    V 99.9900 dB] [ET  5.45 ] [L0 ] [L1 ]
*** TRAIL_R numBytesInNALunit: 271033
POC  248 TId: 0 ( I-SLICE, QP 26 )    2168264 bits [Y 99.9900 dB    U 99.9900 dB    V 99.9900 dB] [ET  5.77 ] [L0 ] [L1 ]
*** TRAIL_R numBytesInNALunit: 267743
POC  249 TId: 0 ( I-SLICE, QP 26 )    2141944 bits [Y 99.9900 dB    U 99.9900 dB    V 99.9900 dB] [ET  5.59 ] [L0 ] [L1 ]
*** TRAIL_R numBytesInNALunit: 266512
POC  250 TId: 0 ( I-SLICE, QP 26 )    2132096 bits [Y 99.9900 dB    U 99.9900 dB    V 99.9900 dB] [ET  5.72 ] [L0 ] [L1 ]
*** TRAIL_R numBytesInNALunit: 266072
POC  251 TId: 0 ( I-SLICE, QP 26 )    2128576 bits [Y 99.9900 dB    U 99.9900 dB    V 99.9900 dB] [ET  5.62 ] [L0 ] [L1 ]
*** TRAIL_R numBytesInNALunit: 266513
POC  252 TId: 0 ( I-SLICE, QP 26 )    2132104 bits [Y 99.9900 dB    U 99.9900 dB    V 99.9900 dB] [ET  5.72 ] [L0 ] [L1 ]
*** TRAIL_R numBytesInNALunit: 266183
POC  253 TId: 0 ( I-SLICE, QP 26 )    2129464 bits [Y 99.9900 dB    U 99.9900 dB    V 99.9900 dB] [ET  5.58 ] [L0 ] [L1 ]
*** TRAIL_R numBytesInNALunit: 265906
POC  254 TId: 0 ( I-SLICE, QP 26 )    2127248 bits [Y 99.9900 dB    U 99.9900 dB    V 99.9900 dB] [ET  5.61 ] [L0 ] [L1 ]
*** TRAIL_R numBytesInNALunit: 263731
POC  255 TId: 0 ( I-SLICE, QP 26 )    2109848 bits [Y 99.9900 dB    U 99.9900 dB    V 99.9900 dB] [ET  5.75 ] [L0 ] [L1 ]
*** TRAIL_R numBytesInNALunit: 262923
POC  256 TId: 0 ( I-SLICE, QP 26 )    2103384 bits [Y 99.9900 dB    U 99.9900 dB    V 99.9900 dB] [ET  5.66 ] [L0 ] [L1 ]
*** TRAIL_R numBytesInNALunit: 260349
POC  257 TId: 0 ( I-SLICE, QP 26 )    2082792 bits [Y 99.9900 dB    U 99.9900 dB    V 99.9900 dB] [ET  5.86 ] [L0 ] [L1 ]
*** TRAIL_R numBytesInNALunit: 259555
POC  258 TId: 0 ( I-SLICE, QP 26 )    2076440 bits [Y 99.9900 dB    U 99.9900 dB    V 99.9900 dB] [ET  5.59 ] [L0 ] [L1 ]
*** TRAIL_R numBytesInNALunit: 258135
POC  259 TId: 0 ( I-SLICE, QP 26 )    2065080 bits [Y 99.9900 dB    U 99.9900 dB    V 99.9900 dB] [ET  5.56 ] [L0 ] [L1 ]
*** TRAIL_R numBytesInNALunit: 258282
POC  260 TId: 0 ( I-SLICE, QP 26 )    2066256 bits [Y 99.9900 dB    U 99.9900 dB    V 99.9900 dB] [ET  5.59 ] [L0 ] [L1 ]
*** TRAIL_R numBytesInNALunit: 257619
POC  261 TId: 0 ( I-SLICE, QP 26 )    2060952 bits [Y 99.9900 dB    U 99.9900 dB    V 99.9900 dB] [ET  5.70 ] [L0 ] [L1 ]
*** TRAIL_R numBytesInNALunit: 257285
POC  262 TId: 0 ( I-SLICE, QP 26 )    2058280 bits [Y 99.9900 dB    U 99.9900 dB    V 99.9900 dB] [ET  5.59 ] [L0 ] [L1 ]
*** TRAIL_R numBytesInNALunit: 257263
POC  263 TId: 0 ( I-SLICE, QP 26 )    2058104 bits [Y 99.9900 dB    U 99.9900 dB    V 99.9900 dB] [ET  5.48 ] [L0 ] [L1 ]
*** TRAIL_R numBytesInNALunit: 256206
POC  264 TId: 0 ( I-SLICE, QP 26 )    2049648 bits [Y 99.9900 dB    U 99.9900 dB    V 99.9900 dB] [ET  5.17 ] [L0 ] [L1 ]
*** TRAIL_R numBytesInNALunit: 254033
POC  265 TId: 0 ( I-SLICE, QP 26 )    2032264 bits [Y 99.9900 dB    U 99.9900 dB    V 99.9900 dB] [ET  5.23 ] [L0 ] [L1 ]
*** TRAIL_R numBytesInNALunit: 253477
POC  266 TId: 0 ( I-SLICE, QP 26 )    2027816 bits [Y 99.9900 dB    U 99.9900 dB    V 99.9900 dB] [ET  5.38 ] [L0 ] [L1 ]
*** TRAIL_R numBytesInNALunit: 254311
POC  267 TId: 0 ( I-SLICE, QP 26 )    2034488 bits [Y 99.9900 dB    U 99.9900 dB    V 99.9900 dB] [ET  5.23 ] [L0 ] [L1 ]
*** TRAIL_R numBytesInNALunit: 255000
POC  268 TId: 0 ( I-SLICE, QP 26 )    2040000 bits [Y 99.9900 dB    U 99.9900 dB    V 99.9900 dB] [ET  5.22 ] [L0 ] [L1 ]
*** TRAIL_R numBytesInNALunit: 255998
POC  269 TId: 0 ( I-SLICE, QP 26 )    2047984 bits [Y 99.9900 dB    U 99.9900 dB    V 99.9900 dB] [ET  5.42 ] [L0 ] [L1 ]
*** TRAIL_R numBytesInNALunit: 258798
POC  270 TId: 0 ( I-SLICE, QP 26 )    2070384 bits [Y 99.9900 dB    U 99.9900 dB    V 99.9900 dB] [ET  5.28 ] [L0 ] [L1 ]
*** TRAIL_R numBytesInNALunit: 259708
POC  271 TId: 0 ( I-SLICE, QP 26 )    2077664 bits [Y 99.9900 dB    U 99.9900 dB    V 99.9900 dB] [ET  5.22 ] [L0 ] [L1 ]
*** TRAIL_R numBytesInNALunit: 260092
POC  272 TId: 0 ( I-SLICE, QP 26 )    2080736 bits [Y 99.9900 dB    U 99.9900 dB    V 99.9900 dB] [ET  5.19 ] [L0 ] [L1 ]
*** TRAIL_R numBytesInNALunit: 260396
POC  273 TId: 0 ( I-SLICE, QP 26 )    2083168 bits [Y 99.9900 dB    U 99.9900 dB    V 99.9900 dB] [ET  5.30 ] [L0 ] [L1 ]
*** TRAIL_R numBytesInNALunit: 259711
POC  274 TId: 0 ( I-SLICE, QP 26 )    2077688 bits [Y 99.9900 dB    U 99.9900 dB    V 99.9900 dB] [ET  4.97 ] [L0 ] [L1 ]
*** TRAIL_R numBytesInNALunit: 259827
POC  275 TId: 0 ( I-SLICE, QP 26 )    2078616 bits [Y 99.9900 dB    U 99.9900 dB    V 99.9900 dB] [ET  4.98 ] [L0 ] [L1 ]
*** TRAIL_R numBytesInNALunit: 260732
POC  276 TId: 0 ( I-SLICE, QP 26 )    2085856 bits [Y 99.9900 dB    U 99.9900 dB    V 99.9900 dB] [ET  5.20 ] [L0 ] [L1 ]
*** TRAIL_R numBytesInNALunit: 260800
POC  277 TId: 0 ( I-SLICE, QP 26 )    2086400 bits [Y 99.9900 dB    U 99.9900 dB    V 99.9900 dB] [ET  5.12 ] [L0 ] [L1 ]
*** TRAIL_R numBytesInNALunit: 261673
POC  278 TId: 0 ( I-SLICE, QP 26 )    2093384 bits [Y 99.9900 dB    U 99.9900 dB    V 99.9900 dB] [ET  5.16 ] [L0 ] [L1 ]
*** TRAIL_R numBytesInNALunit: 262185
POC  279 TId: 0 ( I-SLICE, QP 26 )    2097480 bits [Y 99.9900 dB    U 99.9900 dB    V 99.9900 dB] [ET  5.08 ] [L0 ] [L1 ]
*** TRAIL_R numBytesInNALunit: 262832
POC  280 TId: 0 ( I-SLICE, QP 26 )    2102656 bits [Y 99.9900 dB    U 99.9900 dB    V 99.9900 dB] [ET  4.95 ] [L0 ] [L1 ]
*** TRAIL_R numBytesInNALunit: 262610
POC  281 TId: 0 ( I-SLICE, QP 26 )    2100880 bits [Y 99.9900 dB    U 99.9900 dB    V 99.9900 dB] [ET  4.84 ] [L0 ] [L1 ]
*** TRAIL_R numBytesInNALunit: 262800
POC  282 TId: 0 ( I-SLICE, QP 26 )    2102400 bits [Y 99.9900 dB    U 99.9900 dB    V 99.9900 dB] [ET  5.00 ] [L0 ] [L1 ]
*** TRAIL_R numBytesInNALunit: 262489
POC  283 TId: 0 ( I-SLICE, QP 26 )    2099912 bits [Y 99.9900 dB    U 99.9900 dB    V 99.9900 dB] [ET  4.83 ] [L0 ] [L1 ]
*** TRAIL_R numBytesInNALunit: 262729
POC  284 TId: 0 ( I-SLICE, QP 26 )    2101832 bits [Y 99.9900 dB    U 99.9900 dB    V 99.9900 dB] [ET  4.91 ] [L0 ] [L1 ]
*** TRAIL_R numBytesInNALunit: 261975
POC  285 TId: 0 ( I-SLICE, QP 26 )    2095800 bits [Y 99.9900 dB    U 99.9900 dB    V 99.9900 dB] [ET  5.14 ] [L0 ] [L1 ]
*** TRAIL_R numBytesInNALunit: 261024
POC  286 TId: 0 ( I-SLICE, QP 26 )    2088192 bits [Y 99.9900 dB    U 99.9900 dB    V 99.9900 dB] [ET  4.92 ] [L0 ] [L1 ]
*** TRAIL_R numBytesInNALunit: 260898
POC  287 TId: 0 ( I-SLICE, QP 26 )    2087184 bits [Y 99.9900 dB    U 99.9900 dB    V 99.9900 dB] [ET  4.81 ] [L0 ] [L1 ]
*** TRAIL_R numBytesInNALunit: 261527
POC  288 TId: 0 ( I-SLICE, QP 26 )    2092216 bits [Y 99.9900 dB    U 99.9900 dB    V 99.9900 dB] [ET  4.91 ] [L0 ] [L1 ]
*** TRAIL_R numBytesInNALunit: 261308
POC  289 TId: 0 ( I-SLICE, QP 26 )    2090464 bits [Y 99.9900 dB    U 99.9900 dB    V 99.9900 dB] [ET  4.98 ] [L0 ] [L1 ]
*** TRAIL_R numBytesInNALunit: 260790
POC  290 TId: 0 ( I-SLICE, QP 26 )    2086320 bits [Y 99.9900 dB    U 99.9900 dB    V 99.9900 dB] [ET  5.08 ] [L0 ] [L1 ]
*** TRAIL_R numBytesInNALunit: 261604
POC  291 TId: 0 ( I-SLICE, QP 26 )    2092832 bits [Y 99.9900 dB    U 99.9900 dB    V 99.9900 dB] [ET  5.09 ] [L0 ] [L1 ]
*** TRAIL_R numBytesInNALunit: 261523
POC  292 TId: 0 ( I-SLICE, QP 26 )    2092184 bits [Y 99.9900 dB    U 99.9900 dB    V 99.9900 dB] [ET  4.98 ] [L0 ] [L1 ]
*** TRAIL_R numBytesInNALunit: 261612
POC  293 TId: 0 ( I-SLICE, QP 26 )    2092896 bits [Y 99.9900 dB    U 99.9900 dB    V 99.9900 dB] [ET  4.83 ] [L0 ] [L1 ]
*** TRAIL_R numBytesInNALunit: 262169
POC  294 TId: 0 ( I-SLICE, QP 26 )    2097352 bits [Y 99.9900 dB    U 99.9900 dB    V 99.9900 dB] [ET  4.91 ] [L0 ] [L1 ]
*** TRAIL_R numBytesInNALunit: 262338
POC  295 TId: 0 ( I-SLICE, QP 26 )    2098704 bits [Y 99.9900 dB    U 99.9900 dB    V 99.9900 dB] [ET  5.00 ] [L0 ] [L1 ]
*** TRAIL_R numBytesInNALunit: 262196
POC  296 TId: 0 ( I-SLICE, QP 26 )    2097568 bits [Y 99.9900 dB    U 99.9900 dB    V 99.9900 dB] [ET  4.92 ] [L0 ] [L1 ]
*** TRAIL_R numBytesInNALunit: 263606
POC  297 TId: 0 ( I-SLICE, QP 26 )    2108848 bits [Y 99.9900 dB    U 99.9900 dB    V 99.9900 dB] [ET  5.05 ] [L0 ] [L1 ]
*** TRAIL_R numBytesInNALunit: 263588
POC  298 TId: 0 ( I-SLICE, QP 26 )    2108704 bits [Y 99.9900 dB    U 99.9900 dB    V 99.9900 dB] [ET  4.94 ] [L0 ] [L1 ]
*** TRAIL_R numBytesInNALunit: 263365
POC  299 TId: 0 ( I-SLICE, QP 26 )    2106920 bits [Y 99.9900 dB    U 99.9900 dB    V 99.9900 dB] [ET  4.98 ] [L0 ] [L1 ]


I Slices--------------------------------------------------------
	Total Frames |  Bitrate    Y-PSNR    U-PSNR    V-PSNR 
	      300    i  71283.8744   99.9900   99.9900   99.9900
Bytes written to file: 89106054 (71284.843 kbps)
Bytes for SPS/PPS/Slice (Incl. Annex B): 89106054 (71284.843 kbps)

 Total Time:     1745.453 sec.
