
HM software: Encoder Version [15.0][Linux][GCC 4.8.5][64 bit] 

Input          File          : ../../HEVC_test_sequence/ClassF/SlideEditing_1280x720_30.yuv
Bitstream      File          : SlideEditing.bin
Reconstruction File          : SlideEditing.yuv
Real     Format              : 1280x720 30Hz
Internal Format              : 1280x720 30Hz
Frame/Field                  : Frame based coding
Frame index                  : 0 - 299 (300 frames)
CU size / depth              : 32 / 3
RQT trans. size (min / max)  : 4 / 32
Max RQT depth inter          : 3
Max RQT depth intra          : 1
Min PCM size                 : 8
Motion search range          : 64
Intra period                 : 1
Decoding refresh type        : 0
QP                           : 26.00
Max dQP signaling depth      : 0
Cb QP Offset                 : 0
Cr QP Offset                 : 0
QP adaptation                : 0 (range=0)
GOP size                     : 1
Internal bit depth           : (Y:8, C:8)
PCM sample bit depth         : (Y:8, C:8)
RateControl                  : 0
Max Num Merge Candidates     : 5

TOOL CFG: IBD:0 HAD:0 RDQ:0 RDQTS:0 RDpenalty:0 SQP:0 ASR:0 FEN:0 ECU:0 FDM:0 CFM:0 ESD:0 RQT:1 TransformSkip:0 TransformSkipFast:0 Slice: M=0 SliceSegment: M=0 CIP:0 SAO:0 PCM:0 TransQuantBypassEnabled: =1 WPP:0 WPB:0 PME:2  WaveFrontSynchro:0 WaveFrontSubstreams:1 ScalingList:0 TMVPMode:1  SignBitHidingFlag:1 RecalQP:0

***    VPS numBytesInNALunit: 24
***    SPS numBytesInNALunit: 31
***    PPS numBytesInNALunit: 7
*** IDR_W_RADL numBytesInNALunit: 356131
POC    0 TId: 0 ( I-SLICE, QP 26 )    2849544 bits [Y 99.9900 dB    U 99.9900 dB    V 99.9900 dB] [ET 10.75 ] [L0 ] [L1 ]
*** TRAIL_R numBytesInNALunit: 356153
POC    1 TId: 0 ( I-SLICE, QP 26 )    2849224 bits [Y 99.9900 dB    U 99.9900 dB    V 99.9900 dB] [ET 11.42 ] [L0 ] [L1 ]
*** TRAIL_R numBytesInNALunit: 355930
POC    2 TId: 0 ( I-SLICE, QP 26 )    2847440 bits [Y 99.9900 dB    U 99.9900 dB    V 99.9900 dB] [ET 11.55 ] [L0 ] [L1 ]
*** TRAIL_R numBytesInNALunit: 356248
POC    3 TId: 0 ( I-SLICE, QP 26 )    2849984 bits [Y 99.9900 dB    U 99.9900 dB    V 99.9900 dB] [ET 11.58 ] [L0 ] [L1 ]
*** TRAIL_R numBytesInNALunit: 356680
POC    4 TId: 0 ( I-SLICE, QP 26 )    2853440 bits [Y 99.9900 dB    U 99.9900 dB    V 99.9900 dB] [ET 11.75 ] [L0 ] [L1 ]
*** TRAIL_R numBytesInNALunit: 358870
POC    5 TId: 0 ( I-SLICE, QP 26 )    2870960 bits [Y 99.9900 dB    U 99.9900 dB    V 99.9900 dB] [ET 11.48 ] [L0 ] [L1 ]
*** TRAIL_R numBytesInNALunit: 361675
POC    6 TId: 0 ( I-SLICE, QP 26 )    2893400 bits [Y 99.9900 dB    U 99.9900 dB    V 99.9900 dB] [ET 11.73 ] [L0 ] [L1 ]
*** TRAIL_R numBytesInNALunit: 359402
POC    7 TId: 0 ( I-SLICE, QP 26 )    2875216 bits [Y 99.9900 dB    U 99.9900 dB    V 99.9900 dB] [ET 11.48 ] [L0 ] [L1 ]
*** TRAIL_R numBytesInNALunit: 360369
POC    8 TId: 0 ( I-SLICE, QP 26 )    2882952 bits [Y 99.9900 dB    U 99.9900 dB    V 99.9900 dB] [ET 11.58 ] [L0 ] [L1 ]
*** TRAIL_R numBytesInNALunit: 363645
POC    9 TId: 0 ( I-SLICE, QP 26 )    2909160 bits [Y 99.9900 dB    U 99.9900 dB    V 99.9900 dB] [ET 11.70 ] [L0 ] [L1 ]
*** TRAIL_R numBytesInNALunit: 362021
POC   10 TId: 0 ( I-SLICE, QP 26 )    2896168 bits [Y 99.9900 dB    U 99.9900 dB    V 99.9900 dB] [ET 11.78 ] [L0 ] [L1 ]
*** TRAIL_R numBytesInNALunit: 366287
POC   11 TId: 0 ( I-SLICE, QP 26 )    2930296 bits [Y 99.9900 dB    U 99.9900 dB    V 99.9900 dB] [ET 11.61 ] [L0 ] [L1 ]
*** TRAIL_R numBytesInNALunit: 366283
POC   12 TId: 0 ( I-SLICE, QP 26 )    2930264 bits [Y 99.9900 dB    U 99.9900 dB    V 99.9900 dB] [ET 11.67 ] [L0 ] [L1 ]
*** TRAIL_R numBytesInNALunit: 365098
POC   13 TId: 0 ( I-SLICE, QP 26 )    2920784 bits [Y 99.9900 dB    U 99.9900 dB    V 99.9900 dB] [ET 11.62 ] [L0 ] [L1 ]
*** TRAIL_R numBytesInNALunit: 362686
POC   14 TId: 0 ( I-SLICE, QP 26 )    2901488 bits [Y 99.9900 dB    U 99.9900 dB    V 99.9900 dB] [ET 11.62 ] [L0 ] [L1 ]
*** TRAIL_R numBytesInNALunit: 362412
POC   15 TId: 0 ( I-SLICE, QP 26 )    2899296 bits [Y 99.9900 dB    U 99.9900 dB    V 99.9900 dB] [ET 11.58 ] [L0 ] [L1 ]
*** TRAIL_R numBytesInNALunit: 362267
POC   16 TId: 0 ( I-SLICE, QP 26 )    2898136 bits [Y 99.9900 dB    U 99.9900 dB    V 99.9900 dB] [ET 11.77 ] [L0 ] [L1 ]
*** TRAIL_R numBytesInNALunit: 362277
POC   17 TId: 0 ( I-SLICE, QP 26 )    2898216 bits [Y 99.9900 dB    U 99.9900 dB    V 99.9900 dB] [ET 11.70 ] [L0 ] [L1 ]
*** TRAIL_R numBytesInNALunit: 362245
POC   18 TId: 0 ( I-SLICE, QP 26 )    2897960 bits [Y 99.9900 dB    U 99.9900 dB    V 99.9900 dB] [ET 11.62 ] [L0 ] [L1 ]
*** TRAIL_R numBytesInNALunit: 362522
POC   19 TId: 0 ( I-SLICE, QP 26 )    2900176 bits [Y 99.9900 dB    U 99.9900 dB    V 99.9900 dB] [ET 11.59 ] [L0 ] [L1 ]
*** TRAIL_R numBytesInNALunit: 362557
POC   20 TId: 0 ( I-SLICE, QP 26 )    2900456 bits [Y 99.9900 dB    U 99.9900 dB    V 99.9900 dB] [ET 11.52 ] [L0 ] [L1 ]
*** TRAIL_R numBytesInNALunit: 362764
POC   21 TId: 0 ( I-SLICE, QP 26 )    2902112 bits [Y 99.9900 dB    U 99.9900 dB    V 99.9900 dB] [ET 11.64 ] [L0 ] [L1 ]
*** TRAIL_R numBytesInNALunit: 362724
POC   22 TId: 0 ( I-SLICE, QP 26 )    2901792 bits [Y 99.9900 dB    U 99.9900 dB    V 99.9900 dB] [ET 11.58 ] [L0 ] [L1 ]
*** TRAIL_R numBytesInNALunit: 362745
POC   23 TId: 0 ( I-SLICE, QP 26 )    2901960 bits [Y 99.9900 dB    U 99.9900 dB    V 99.9900 dB] [ET 11.62 ] [L0 ] [L1 ]
*** TRAIL_R numBytesInNALunit: 363400
POC   24 TId: 0 ( I-SLICE, QP 26 )    2907200 bits [Y 99.9900 dB    U 99.9900 dB    V 99.9900 dB] [ET 11.72 ] [L0 ] [L1 ]
*** TRAIL_R numBytesInNALunit: 363478
POC   25 TId: 0 ( I-SLICE, QP 26 )    2907824 bits [Y 99.9900 dB    U 99.9900 dB    V 99.9900 dB] [ET 11.66 ] [L0 ] [L1 ]
*** TRAIL_R numBytesInNALunit: 363441
POC   26 TId: 0 ( I-SLICE, QP 26 )    2907528 bits [Y 99.9900 dB    U 99.9900 dB    V 99.9900 dB] [ET 11.62 ] [L0 ] [L1 ]
*** TRAIL_R numBytesInNALunit: 363452
POC   27 TId: 0 ( I-SLICE, QP 26 )    2907616 bits [Y 99.9900 dB    U 99.9900 dB    V 99.9900 dB] [ET 11.73 ] [L0 ] [L1 ]
*** TRAIL_R numBytesInNALunit: 363414
POC   28 TId: 0 ( I-SLICE, QP 26 )    2907312 bits [Y 99.9900 dB    U 99.9900 dB    V 99.9900 dB] [ET 11.95 ] [L0 ] [L1 ]
*** TRAIL_R numBytesInNALunit: 364297
POC   29 TId: 0 ( I-SLICE, QP 26 )    2914376 bits [Y 99.9900 dB    U 99.9900 dB    V 99.9900 dB] [ET 11.64 ] [L0 ] [L1 ]
*** TRAIL_R numBytesInNALunit: 364445
POC   30 TId: 0 ( I-SLICE, QP 26 )    2915560 bits [Y 99.9900 dB    U 99.9900 dB    V 99.9900 dB] [ET 11.83 ] [L0 ] [L1 ]
*** TRAIL_R numBytesInNALunit: 364382
POC   31 TId: 0 ( I-SLICE, QP 26 )    2915056 bits [Y 99.9900 dB    U 99.9900 dB    V 99.9900 dB] [ET 11.67 ] [L0 ] [L1 ]
*** TRAIL_R numBytesInNALunit: 365616
POC   32 TId: 0 ( I-SLICE, QP 26 )    2924928 bits [Y 99.9900 dB    U 99.9900 dB    V 99.9900 dB] [ET 11.88 ] [L0 ] [L1 ]
*** TRAIL_R numBytesInNALunit: 365221
POC   33 TId: 0 ( I-SLICE, QP 26 )    2921768 bits [Y 99.9900 dB    U 99.9900 dB    V 99.9900 dB] [ET 11.92 ] [L0 ] [L1 ]
*** TRAIL_R numBytesInNALunit: 365229
POC   34 TId: 0 ( I-SLICE, QP 26 )    2921832 bits [Y 99.9900 dB    U 99.9900 dB    V 99.9900 dB] [ET 11.83 ] [L0 ] [L1 ]
*** TRAIL_R numBytesInNALunit: 365208
POC   35 TId: 0 ( I-SLICE, QP 26 )    2921664 bits [Y 99.9900 dB    U 99.9900 dB    V 99.9900 dB] [ET 11.77 ] [L0 ] [L1 ]
*** TRAIL_R numBytesInNALunit: 365264
POC   36 TId: 0 ( I-SLICE, QP 26 )    2922112 bits [Y 99.9900 dB    U 99.9900 dB    V 99.9900 dB] [ET 11.67 ] [L0 ] [L1 ]
*** TRAIL_R numBytesInNALunit: 365319
POC   37 TId: 0 ( I-SLICE, QP 26 )    2922552 bits [Y 99.9900 dB    U 99.9900 dB    V 99.9900 dB] [ET 11.69 ] [L0 ] [L1 ]
*** TRAIL_R numBytesInNALunit: 366256
POC   38 TId: 0 ( I-SLICE, QP 26 )    2930048 bits [Y 99.9900 dB    U 99.9900 dB    V 99.9900 dB] [ET 11.78 ] [L0 ] [L1 ]
*** TRAIL_R numBytesInNALunit: 366023
POC   39 TId: 0 ( I-SLICE, QP 26 )    2928184 bits [Y 99.9900 dB    U 99.9900 dB    V 99.9900 dB] [ET 11.92 ] [L0 ] [L1 ]
*** TRAIL_R numBytesInNALunit: 365869
POC   40 TId: 0 ( I-SLICE, QP 26 )    2926952 bits [Y 99.9900 dB    U 99.9900 dB    V 99.9900 dB] [ET 11.78 ] [L0 ] [L1 ]
*** TRAIL_R numBytesInNALunit: 366009
POC   41 TId: 0 ( I-SLICE, QP 26 )    2928072 bits [Y 99.9900 dB    U 99.9900 dB    V 99.9900 dB] [ET 11.72 ] [L0 ] [L1 ]
*** TRAIL_R numBytesInNALunit: 364806
POC   42 TId: 0 ( I-SLICE, QP 26 )    2918448 bits [Y 99.9900 dB    U 99.9900 dB    V 99.9900 dB] [ET 11.78 ] [L0 ] [L1 ]
*** TRAIL_R numBytesInNALunit: 364798
POC   43 TId: 0 ( I-SLICE, QP 26 )    2918384 bits [Y 99.9900 dB    U 99.9900 dB    V 99.9900 dB] [ET 11.72 ] [L0 ] [L1 ]
*** TRAIL_R numBytesInNALunit: 365031
POC   44 TId: 0 ( I-SLICE, QP 26 )    2920248 bits [Y 99.9900 dB    U 99.9900 dB    V 99.9900 dB] [ET 11.69 ] [L0 ] [L1 ]
*** TRAIL_R numBytesInNALunit: 364951
POC   45 TId: 0 ( I-SLICE, QP 26 )    2919608 bits [Y 99.9900 dB    U 99.9900 dB    V 99.9900 dB] [ET 11.80 ] [L0 ] [L1 ]
*** TRAIL_R numBytesInNALunit: 364522
POC   46 TId: 0 ( I-SLICE, QP 26 )    2916176 bits [Y 99.9900 dB    U 99.9900 dB    V 99.9900 dB] [ET 11.61 ] [L0 ] [L1 ]
*** TRAIL_R numBytesInNALunit: 365211
POC   47 TId: 0 ( I-SLICE, QP 26 )    2921688 bits [Y 99.9900 dB    U 99.9900 dB    V 99.9900 dB] [ET 11.78 ] [L0 ] [L1 ]
*** TRAIL_R numBytesInNALunit: 365101
POC   48 TId: 0 ( I-SLICE, QP 26 )    2920808 bits [Y 99.9900 dB    U 99.9900 dB    V 99.9900 dB] [ET 11.73 ] [L0 ] [L1 ]
*** TRAIL_R numBytesInNALunit: 365570
POC   49 TId: 0 ( I-SLICE, QP 26 )    2924560 bits [Y 99.9900 dB    U 99.9900 dB    V 99.9900 dB] [ET 11.83 ] [L0 ] [L1 ]
*** TRAIL_R numBytesInNALunit: 368129
POC   50 TId: 0 ( I-SLICE, QP 26 )    2945032 bits [Y 99.9900 dB    U 99.9900 dB    V 99.9900 dB] [ET 11.86 ] [L0 ] [L1 ]
*** TRAIL_R numBytesInNALunit: 366445
POC   51 TId: 0 ( I-SLICE, QP 26 )    2931560 bits [Y 99.9900 dB    U 99.9900 dB    V 99.9900 dB] [ET 11.67 ] [L0 ] [L1 ]
*** TRAIL_R numBytesInNALunit: 366073
POC   52 TId: 0 ( I-SLICE, QP 26 )    2928584 bits [Y 99.9900 dB    U 99.9900 dB    V 99.9900 dB] [ET 11.84 ] [L0 ] [L1 ]
*** TRAIL_R numBytesInNALunit: 366552
POC   53 TId: 0 ( I-SLICE, QP 26 )    2932416 bits [Y 99.9900 dB    U 99.9900 dB    V 99.9900 dB] [ET 11.92 ] [L0 ] [L1 ]
*** TRAIL_R numBytesInNALunit: 364597
POC   54 TId: 0 ( I-SLICE, QP 26 )    2916776 bits [Y 99.9900 dB    U 99.9900 dB    V 99.9900 dB] [ET 11.78 ] [L0 ] [L1 ]
*** TRAIL_R numBytesInNALunit: 364592
POC   55 TId: 0 ( I-SLICE, QP 26 )    2916736 bits [Y 99.9900 dB    U 99.9900 dB    V 99.9900 dB] [ET 11.83 ] [L0 ] [L1 ]
*** TRAIL_R numBytesInNALunit: 364092
POC   56 TId: 0 ( I-SLICE, QP 26 )    2912736 bits [Y 99.9900 dB    U 99.9900 dB    V 99.9900 dB] [ET 11.88 ] [L0 ] [L1 ]
*** TRAIL_R numBytesInNALunit: 364210
POC   57 TId: 0 ( I-SLICE, QP 26 )    2913680 bits [Y 99.9900 dB    U 99.9900 dB    V 99.9900 dB] [ET 12.00 ] [L0 ] [L1 ]
*** TRAIL_R numBytesInNALunit: 364163
POC   58 TId: 0 ( I-SLICE, QP 26 )    2913304 bits [Y 99.9900 dB    U 99.9900 dB    V 99.9900 dB] [ET 11.55 ] [L0 ] [L1 ]
*** TRAIL_R numBytesInNALunit: 363854
POC   59 TId: 0 ( I-SLICE, QP 26 )    2910832 bits [Y 99.9900 dB    U 99.9900 dB    V 99.9900 dB] [ET 11.62 ] [L0 ] [L1 ]
*** TRAIL_R numBytesInNALunit: 363791
POC   60 TId: 0 ( I-SLICE, QP 26 )    2910328 bits [Y 99.9900 dB    U 99.9900 dB    V 99.9900 dB] [ET 11.59 ] [L0 ] [L1 ]
*** TRAIL_R numBytesInNALunit: 364174
POC   61 TId: 0 ( I-SLICE, QP 26 )    2913392 bits [Y 99.9900 dB    U 99.9900 dB    V 99.9900 dB] [ET 11.64 ] [L0 ] [L1 ]
*** TRAIL_R numBytesInNALunit: 364149
POC   62 TId: 0 ( I-SLICE, QP 26 )    2913192 bits [Y 99.9900 dB    U 99.9900 dB    V 99.9900 dB] [ET 11.91 ] [L0 ] [L1 ]
*** TRAIL_R numBytesInNALunit: 364130
POC   63 TId: 0 ( I-SLICE, QP 26 )    2913040 bits [Y 99.9900 dB    U 99.9900 dB    V 99.9900 dB] [ET 11.72 ] [L0 ] [L1 ]
*** TRAIL_R numBytesInNALunit: 364185
POC   64 TId: 0 ( I-SLICE, QP 26 )    2913480 bits [Y 99.9900 dB    U 99.9900 dB    V 99.9900 dB] [ET 11.81 ] [L0 ] [L1 ]
*** TRAIL_R numBytesInNALunit: 364197
POC   65 TId: 0 ( I-SLICE, QP 26 )    2913576 bits [Y 99.9900 dB    U 99.9900 dB    V 99.9900 dB] [ET 11.58 ] [L0 ] [L1 ]
*** TRAIL_R numBytesInNALunit: 364432
POC   66 TId: 0 ( I-SLICE, QP 26 )    2915456 bits [Y 99.9900 dB    U 99.9900 dB    V 99.9900 dB] [ET 11.73 ] [L0 ] [L1 ]
*** TRAIL_R numBytesInNALunit: 368724
POC   67 TId: 0 ( I-SLICE, QP 26 )    2949792 bits [Y 99.9900 dB    U 99.9900 dB    V 99.9900 dB] [ET 11.69 ] [L0 ] [L1 ]
*** TRAIL_R numBytesInNALunit: 368719
POC   68 TId: 0 ( I-SLICE, QP 26 )    2949752 bits [Y 99.9900 dB    U 99.9900 dB    V 99.9900 dB] [ET 11.66 ] [L0 ] [L1 ]
*** TRAIL_R numBytesInNALunit: 368587
POC   69 TId: 0 ( I-SLICE, QP 26 )    2948696 bits [Y 99.9900 dB    U 99.9900 dB    V 99.9900 dB] [ET 11.80 ] [L0 ] [L1 ]
*** TRAIL_R numBytesInNALunit: 368526
POC   70 TId: 0 ( I-SLICE, QP 26 )    2948208 bits [Y 99.9900 dB    U 99.9900 dB    V 99.9900 dB] [ET 11.72 ] [L0 ] [L1 ]
*** TRAIL_R numBytesInNALunit: 368188
POC   71 TId: 0 ( I-SLICE, QP 26 )    2945504 bits [Y 99.9900 dB    U 99.9900 dB    V 99.9900 dB] [ET 11.75 ] [L0 ] [L1 ]
*** TRAIL_R numBytesInNALunit: 368266
POC   72 TId: 0 ( I-SLICE, QP 26 )    2946128 bits [Y 99.9900 dB    U 99.9900 dB    V 99.9900 dB] [ET 11.92 ] [L0 ] [L1 ]
*** TRAIL_R numBytesInNALunit: 368185
POC   73 TId: 0 ( I-SLICE, QP 26 )    2945480 bits [Y 99.9900 dB    U 99.9900 dB    V 99.9900 dB] [ET 11.70 ] [L0 ] [L1 ]
*** TRAIL_R numBytesInNALunit: 368081
POC   74 TId: 0 ( I-SLICE, QP 26 )    2944648 bits [Y 99.9900 dB    U 99.9900 dB    V 99.9900 dB] [ET 11.91 ] [L0 ] [L1 ]
*** TRAIL_R numBytesInNALunit: 367991
POC   75 TId: 0 ( I-SLICE, QP 26 )    2943928 bits [Y 99.9900 dB    U 99.9900 dB    V 99.9900 dB] [ET 11.86 ] [L0 ] [L1 ]
*** TRAIL_R numBytesInNALunit: 368004
POC   76 TId: 0 ( I-SLICE, QP 26 )    2944032 bits [Y 99.9900 dB    U 99.9900 dB    V 99.9900 dB] [ET 12.06 ] [L0 ] [L1 ]
*** TRAIL_R numBytesInNALunit: 367952
POC   77 TId: 0 ( I-SLICE, QP 26 )    2943616 bits [Y 99.9900 dB    U 99.9900 dB    V 99.9900 dB] [ET 11.80 ] [L0 ] [L1 ]
*** TRAIL_R numBytesInNALunit: 367999
POC   78 TId: 0 ( I-SLICE, QP 26 )    2943992 bits [Y 99.9900 dB    U 99.9900 dB    V 99.9900 dB] [ET 11.81 ] [L0 ] [L1 ]
*** TRAIL_R numBytesInNALunit: 368551
POC   79 TId: 0 ( I-SLICE, QP 26 )    2948408 bits [Y 99.9900 dB    U 99.9900 dB    V 99.9900 dB] [ET 11.78 ] [L0 ] [L1 ]
*** TRAIL_R numBytesInNALunit: 368560
POC   80 TId: 0 ( I-SLICE, QP 26 )    2948480 bits [Y 99.9900 dB    U 99.9900 dB    V 99.9900 dB] [ET 11.80 ] [L0 ] [L1 ]
*** TRAIL_R numBytesInNALunit: 368293
POC   81 TId: 0 ( I-SLICE, QP 26 )    2946344 bits [Y 99.9900 dB    U 99.9900 dB    V 99.9900 dB] [ET 11.80 ] [L0 ] [L1 ]
*** TRAIL_R numBytesInNALunit: 368199
POC   82 TId: 0 ( I-SLICE, QP 26 )    2945592 bits [Y 99.9900 dB    U 99.9900 dB    V 99.9900 dB] [ET 11.86 ] [L0 ] [L1 ]
*** TRAIL_R numBytesInNALunit: 368235
POC   83 TId: 0 ( I-SLICE, QP 26 )    2945880 bits [Y 99.9900 dB    U 99.9900 dB    V 99.9900 dB] [ET 11.88 ] [L0 ] [L1 ]
*** TRAIL_R numBytesInNALunit: 368260
POC   84 TId: 0 ( I-SLICE, QP 26 )    2946080 bits [Y 99.9900 dB    U 99.9900 dB    V 99.9900 dB] [ET 11.89 ] [L0 ] [L1 ]
*** TRAIL_R numBytesInNALunit: 368187
POC   85 TId: 0 ( I-SLICE, QP 26 )    2945496 bits [Y 99.9900 dB    U 99.9900 dB    V 99.9900 dB] [ET 11.58 ] [L0 ] [L1 ]
*** TRAIL_R numBytesInNALunit: 368056
POC   86 TId: 0 ( I-SLICE, QP 26 )    2944448 bits [Y 99.9900 dB    U 99.9900 dB    V 99.9900 dB] [ET 11.73 ] [L0 ] [L1 ]
*** TRAIL_R numBytesInNALunit: 368020
POC   87 TId: 0 ( I-SLICE, QP 26 )    2944160 bits [Y 99.9900 dB    U 99.9900 dB    V 99.9900 dB] [ET 11.80 ] [L0 ] [L1 ]
*** TRAIL_R numBytesInNALunit: 368035
POC   88 TId: 0 ( I-SLICE, QP 26 )    2944280 bits [Y 99.9900 dB    U 99.9900 dB    V 99.9900 dB] [ET 11.61 ] [L0 ] [L1 ]
*** TRAIL_R numBytesInNALunit: 368243
POC   89 TId: 0 ( I-SLICE, QP 26 )    2945944 bits [Y 99.9900 dB    U 99.9900 dB    V 99.9900 dB] [ET 11.69 ] [L0 ] [L1 ]
*** TRAIL_R numBytesInNALunit: 368229
POC   90 TId: 0 ( I-SLICE, QP 26 )    2945832 bits [Y 99.9900 dB    U 99.9900 dB    V 99.9900 dB] [ET 11.98 ] [L0 ] [L1 ]
*** TRAIL_R numBytesInNALunit: 368220
POC   91 TId: 0 ( I-SLICE, QP 26 )    2945760 bits [Y 99.9900 dB    U 99.9900 dB    V 99.9900 dB] [ET 11.81 ] [L0 ] [L1 ]
*** TRAIL_R numBytesInNALunit: 368204
POC   92 TId: 0 ( I-SLICE, QP 26 )    2945632 bits [Y 99.9900 dB    U 99.9900 dB    V 99.9900 dB] [ET 11.92 ] [L0 ] [L1 ]
*** TRAIL_R numBytesInNALunit: 368186
POC   93 TId: 0 ( I-SLICE, QP 26 )    2945488 bits [Y 99.9900 dB    U 99.9900 dB    V 99.9900 dB] [ET 11.66 ] [L0 ] [L1 ]
*** TRAIL_R numBytesInNALunit: 368005
POC   94 TId: 0 ( I-SLICE, QP 26 )    2944040 bits [Y 99.9900 dB    U 99.9900 dB    V 99.9900 dB] [ET 11.86 ] [L0 ] [L1 ]
*** TRAIL_R numBytesInNALunit: 368059
POC   95 TId: 0 ( I-SLICE, QP 26 )    2944472 bits [Y 99.9900 dB    U 99.9900 dB    V 99.9900 dB] [ET 11.75 ] [L0 ] [L1 ]
*** TRAIL_R numBytesInNALunit: 368053
POC   96 TId: 0 ( I-SLICE, QP 26 )    2944424 bits [Y 99.9900 dB    U 99.9900 dB    V 99.9900 dB] [ET 11.97 ] [L0 ] [L1 ]
*** TRAIL_R numBytesInNALunit: 368038
POC   97 TId: 0 ( I-SLICE, QP 26 )    2944304 bits [Y 99.9900 dB    U 99.9900 dB    V 99.9900 dB] [ET 11.67 ] [L0 ] [L1 ]
*** TRAIL_R numBytesInNALunit: 368030
POC   98 TId: 0 ( I-SLICE, QP 26 )    2944240 bits [Y 99.9900 dB    U 99.9900 dB    V 99.9900 dB] [ET 11.94 ] [L0 ] [L1 ]
*** TRAIL_R numBytesInNALunit: 368015
POC   99 TId: 0 ( I-SLICE, QP 26 )    2944120 bits [Y 99.9900 dB    U 99.9900 dB    V 99.9900 dB] [ET 11.86 ] [L0 ] [L1 ]
*** TRAIL_R numBytesInNALunit: 368040
POC  100 TId: 0 ( I-SLICE, QP 26 )    2944320 bits [Y 99.9900 dB    U 99.9900 dB    V 99.9900 dB] [ET 11.83 ] [L0 ] [L1 ]
*** TRAIL_R numBytesInNALunit: 367999
POC  101 TId: 0 ( I-SLICE, QP 26 )    2943992 bits [Y 99.9900 dB    U 99.9900 dB    V 99.9900 dB] [ET 11.72 ] [L0 ] [L1 ]
*** TRAIL_R numBytesInNALunit: 368027
POC  102 TId: 0 ( I-SLICE, QP 26 )    2944216 bits [Y 99.9900 dB    U 99.9900 dB    V 99.9900 dB] [ET 11.91 ] [L0 ] [L1 ]
*** TRAIL_R numBytesInNALunit: 368090
POC  103 TId: 0 ( I-SLICE, QP 26 )    2944720 bits [Y 99.9900 dB    U 99.9900 dB    V 99.9900 dB] [ET 11.92 ] [L0 ] [L1 ]
*** TRAIL_R numBytesInNALunit: 368273
POC  104 TId: 0 ( I-SLICE, QP 26 )    2946184 bits [Y 99.9900 dB    U 99.9900 dB    V 99.9900 dB] [ET 11.89 ] [L0 ] [L1 ]
*** TRAIL_R numBytesInNALunit: 368305
POC  105 TId: 0 ( I-SLICE, QP 26 )    2946440 bits [Y 99.9900 dB    U 99.9900 dB    V 99.9900 dB] [ET 11.67 ] [L0 ] [L1 ]
*** TRAIL_R numBytesInNALunit: 368012
POC  106 TId: 0 ( I-SLICE, QP 26 )    2944096 bits [Y 99.9900 dB    U 99.9900 dB    V 99.9900 dB] [ET 11.77 ] [L0 ] [L1 ]
*** TRAIL_R numBytesInNALunit: 368036
POC  107 TId: 0 ( I-SLICE, QP 26 )    2944288 bits [Y 99.9900 dB    U 99.9900 dB    V 99.9900 dB] [ET 11.88 ] [L0 ] [L1 ]
*** TRAIL_R numBytesInNALunit: 367999
POC  108 TId: 0 ( I-SLICE, QP 26 )    2943992 bits [Y 99.9900 dB    U 99.9900 dB    V 99.9900 dB] [ET 11.94 ] [L0 ] [L1 ]
*** TRAIL_R numBytesInNALunit: 368204
POC  109 TId: 0 ( I-SLICE, QP 26 )    2945632 bits [Y 99.9900 dB    U 99.9900 dB    V 99.9900 dB] [ET 11.81 ] [L0 ] [L1 ]
*** TRAIL_R numBytesInNALunit: 368297
POC  110 TId: 0 ( I-SLICE, QP 26 )    2946376 bits [Y 99.9900 dB    U 99.9900 dB    V 99.9900 dB] [ET 11.94 ] [L0 ] [L1 ]
*** TRAIL_R numBytesInNALunit: 368215
POC  111 TId: 0 ( I-SLICE, QP 26 )    2945720 bits [Y 99.9900 dB    U 99.9900 dB    V 99.9900 dB] [ET 11.91 ] [L0 ] [L1 ]
*** TRAIL_R numBytesInNALunit: 368304
POC  112 TId: 0 ( I-SLICE, QP 26 )    2946432 bits [Y 99.9900 dB    U 99.9900 dB    V 99.9900 dB] [ET 11.89 ] [L0 ] [L1 ]
*** TRAIL_R numBytesInNALunit: 368211
POC  113 TId: 0 ( I-SLICE, QP 26 )    2945688 bits [Y 99.9900 dB    U 99.9900 dB    V 99.9900 dB] [ET 11.86 ] [L0 ] [L1 ]
*** TRAIL_R numBytesInNALunit: 368030
POC  114 TId: 0 ( I-SLICE, QP 26 )    2944240 bits [Y 99.9900 dB    U 99.9900 dB    V 99.9900 dB] [ET 11.75 ] [L0 ] [L1 ]
*** TRAIL_R numBytesInNALunit: 368032
POC  115 TId: 0 ( I-SLICE, QP 26 )    2944256 bits [Y 99.9900 dB    U 99.9900 dB    V 99.9900 dB] [ET 11.89 ] [L0 ] [L1 ]
*** TRAIL_R numBytesInNALunit: 368042
POC  116 TId: 0 ( I-SLICE, QP 26 )    2944336 bits [Y 99.9900 dB    U 99.9900 dB    V 99.9900 dB] [ET 11.70 ] [L0 ] [L1 ]
*** TRAIL_R numBytesInNALunit: 367992
POC  117 TId: 0 ( I-SLICE, QP 26 )    2943936 bits [Y 99.9900 dB    U 99.9900 dB    V 99.9900 dB] [ET 11.95 ] [L0 ] [L1 ]
*** TRAIL_R numBytesInNALunit: 368032
POC  118 TId: 0 ( I-SLICE, QP 26 )    2944256 bits [Y 99.9900 dB    U 99.9900 dB    V 99.9900 dB] [ET 11.88 ] [L0 ] [L1 ]
*** TRAIL_R numBytesInNALunit: 368032
POC  119 TId: 0 ( I-SLICE, QP 26 )    2944256 bits [Y 99.9900 dB    U 99.9900 dB    V 99.9900 dB] [ET 11.92 ] [L0 ] [L1 ]
*** TRAIL_R numBytesInNALunit: 368001
POC  120 TId: 0 ( I-SLICE, QP 26 )    2944008 bits [Y 99.9900 dB    U 99.9900 dB    V 99.9900 dB] [ET 11.98 ] [L0 ] [L1 ]
*** TRAIL_R numBytesInNALunit: 368005
POC  121 TId: 0 ( I-SLICE, QP 26 )    2944040 bits [Y 99.9900 dB    U 99.9900 dB    V 99.9900 dB] [ET 11.72 ] [L0 ] [L1 ]
*** TRAIL_R numBytesInNALunit: 368048
POC  122 TId: 0 ( I-SLICE, QP 26 )    2944384 bits [Y 99.9900 dB    U 99.9900 dB    V 99.9900 dB] [ET 11.70 ] [L0 ] [L1 ]
*** TRAIL_R numBytesInNALunit: 381354
POC  123 TId: 0 ( I-SLICE, QP 26 )    3050832 bits [Y 99.9900 dB    U 99.9900 dB    V 99.9900 dB] [ET 12.02 ] [L0 ] [L1 ]
*** TRAIL_R numBytesInNALunit: 382380
POC  124 TId: 0 ( I-SLICE, QP 26 )    3059040 bits [Y 99.9900 dB    U 99.9900 dB    V 99.9900 dB] [ET 11.84 ] [L0 ] [L1 ]
*** TRAIL_R numBytesInNALunit: 382402
POC  125 TId: 0 ( I-SLICE, QP 26 )    3059216 bits [Y 99.9900 dB    U 99.9900 dB    V 99.9900 dB] [ET 11.88 ] [L0 ] [L1 ]
*** TRAIL_R numBytesInNALunit: 382027
POC  126 TId: 0 ( I-SLICE, QP 26 )    3056216 bits [Y 99.9900 dB    U 99.9900 dB    V 99.9900 dB] [ET 11.91 ] [L0 ] [L1 ]
*** TRAIL_R numBytesInNALunit: 382137
POC  127 TId: 0 ( I-SLICE, QP 26 )    3057096 bits [Y 99.9900 dB    U 99.9900 dB    V 99.9900 dB] [ET 11.91 ] [L0 ] [L1 ]
*** TRAIL_R numBytesInNALunit: 382951
POC  128 TId: 0 ( I-SLICE, QP 26 )    3063608 bits [Y 99.9900 dB    U 99.9900 dB    V 99.9900 dB] [ET 11.88 ] [L0 ] [L1 ]
*** TRAIL_R numBytesInNALunit: 383130
POC  129 TId: 0 ( I-SLICE, QP 26 )    3065040 bits [Y 99.9900 dB    U 99.9900 dB    V 99.9900 dB] [ET 11.95 ] [L0 ] [L1 ]
*** TRAIL_R numBytesInNALunit: 383654
POC  130 TId: 0 ( I-SLICE, QP 26 )    3069232 bits [Y 99.9900 dB    U 99.9900 dB    V 99.9900 dB] [ET 11.80 ] [L0 ] [L1 ]
*** TRAIL_R numBytesInNALunit: 383936
POC  131 TId: 0 ( I-SLICE, QP 26 )    3071488 bits [Y 99.9900 dB    U 99.9900 dB    V 99.9900 dB] [ET 11.92 ] [L0 ] [L1 ]
*** TRAIL_R numBytesInNALunit: 383897
POC  132 TId: 0 ( I-SLICE, QP 26 )    3071176 bits [Y 99.9900 dB    U 99.9900 dB    V 99.9900 dB] [ET 11.92 ] [L0 ] [L1 ]
*** TRAIL_R numBytesInNALunit: 383731
POC  133 TId: 0 ( I-SLICE, QP 26 )    3069848 bits [Y 99.9900 dB    U 99.9900 dB    V 99.9900 dB] [ET 11.91 ] [L0 ] [L1 ]
*** TRAIL_R numBytesInNALunit: 384177
POC  134 TId: 0 ( I-SLICE, QP 26 )    3073416 bits [Y 99.9900 dB    U 99.9900 dB    V 99.9900 dB] [ET 11.95 ] [L0 ] [L1 ]
*** TRAIL_R numBytesInNALunit: 384254
POC  135 TId: 0 ( I-SLICE, QP 26 )    3074032 bits [Y 99.9900 dB    U 99.9900 dB    V 99.9900 dB] [ET 11.77 ] [L0 ] [L1 ]
*** TRAIL_R numBytesInNALunit: 384229
POC  136 TId: 0 ( I-SLICE, QP 26 )    3073832 bits [Y 99.9900 dB    U 99.9900 dB    V 99.9900 dB] [ET 11.89 ] [L0 ] [L1 ]
*** TRAIL_R numBytesInNALunit: 384226
POC  137 TId: 0 ( I-SLICE, QP 26 )    3073808 bits [Y 99.9900 dB    U 99.9900 dB    V 99.9900 dB] [ET 11.81 ] [L0 ] [L1 ]
*** TRAIL_R numBytesInNALunit: 384207
POC  138 TId: 0 ( I-SLICE, QP 26 )    3073656 bits [Y 99.9900 dB    U 99.9900 dB    V 99.9900 dB] [ET 11.89 ] [L0 ] [L1 ]
*** TRAIL_R numBytesInNALunit: 384224
POC  139 TId: 0 ( I-SLICE, QP 26 )    3073792 bits [Y 99.9900 dB    U 99.9900 dB    V 99.9900 dB] [ET 12.08 ] [L0 ] [L1 ]
*** TRAIL_R numBytesInNALunit: 384126
POC  140 TId: 0 ( I-SLICE, QP 26 )    3073008 bits [Y 99.9900 dB    U 99.9900 dB    V 99.9900 dB] [ET 12.03 ] [L0 ] [L1 ]
*** TRAIL_R numBytesInNALunit: 383967
POC  141 TId: 0 ( I-SLICE, QP 26 )    3071736 bits [Y 99.9900 dB    U 99.9900 dB    V 99.9900 dB] [ET 11.86 ] [L0 ] [L1 ]
*** TRAIL_R numBytesInNALunit: 366212
POC  142 TId: 0 ( I-SLICE, QP 26 )    2929696 bits [Y 99.9900 dB    U 99.9900 dB    V 99.9900 dB] [ET 11.80 ] [L0 ] [L1 ]
*** TRAIL_R numBytesInNALunit: 366483
POC  143 TId: 0 ( I-SLICE, QP 26 )    2931864 bits [Y 99.9900 dB    U 99.9900 dB    V 99.9900 dB] [ET 11.81 ] [L0 ] [L1 ]
*** TRAIL_R numBytesInNALunit: 366470
POC  144 TId: 0 ( I-SLICE, QP 26 )    2931760 bits [Y 99.9900 dB    U 99.9900 dB    V 99.9900 dB] [ET 11.77 ] [L0 ] [L1 ]
*** TRAIL_R numBytesInNALunit: 366648
POC  145 TId: 0 ( I-SLICE, QP 26 )    2933184 bits [Y 99.9900 dB    U 99.9900 dB    V 99.9900 dB] [ET 11.80 ] [L0 ] [L1 ]
*** TRAIL_R numBytesInNALunit: 366865
POC  146 TId: 0 ( I-SLICE, QP 26 )    2934920 bits [Y 99.9900 dB    U 99.9900 dB    V 99.9900 dB] [ET 11.92 ] [L0 ] [L1 ]
*** TRAIL_R numBytesInNALunit: 366817
POC  147 TId: 0 ( I-SLICE, QP 26 )    2934536 bits [Y 99.9900 dB    U 99.9900 dB    V 99.9900 dB] [ET 11.91 ] [L0 ] [L1 ]
*** TRAIL_R numBytesInNALunit: 366514
POC  148 TId: 0 ( I-SLICE, QP 26 )    2932112 bits [Y 99.9900 dB    U 99.9900 dB    V 99.9900 dB] [ET 11.77 ] [L0 ] [L1 ]
*** TRAIL_R numBytesInNALunit: 366510
POC  149 TId: 0 ( I-SLICE, QP 26 )    2932080 bits [Y 99.9900 dB    U 99.9900 dB    V 99.9900 dB] [ET 11.97 ] [L0 ] [L1 ]
*** TRAIL_R numBytesInNALunit: 366547
POC  150 TId: 0 ( I-SLICE, QP 26 )    2932376 bits [Y 99.9900 dB    U 99.9900 dB    V 99.9900 dB] [ET 11.78 ] [L0 ] [L1 ]
*** TRAIL_R numBytesInNALunit: 366415
POC  151 TId: 0 ( I-SLICE, QP 26 )    2931320 bits [Y 99.9900 dB    U 99.9900 dB    V 99.9900 dB] [ET 11.97 ] [L0 ] [L1 ]
*** TRAIL_R numBytesInNALunit: 366449
POC  152 TId: 0 ( I-SLICE, QP 26 )    2931592 bits [Y 99.9900 dB    U 99.9900 dB    V 99.9900 dB] [ET 11.77 ] [L0 ] [L1 ]
*** TRAIL_R numBytesInNALunit: 366888
POC  153 TId: 0 ( I-SLICE, QP 26 )    2935104 bits [Y 99.9900 dB    U 99.9900 dB    V 99.9900 dB] [ET 12.03 ] [L0 ] [L1 ]
*** TRAIL_R numBytesInNALunit: 366882
POC  154 TId: 0 ( I-SLICE, QP 26 )    2935056 bits [Y 99.9900 dB    U 99.9900 dB    V 99.9900 dB] [ET 11.88 ] [L0 ] [L1 ]
*** TRAIL_R numBytesInNALunit: 367561
POC  155 TId: 0 ( I-SLICE, QP 26 )    2940488 bits [Y 99.9900 dB    U 99.9900 dB    V 99.9900 dB] [ET 11.94 ] [L0 ] [L1 ]
*** TRAIL_R numBytesInNALunit: 367199
POC  156 TId: 0 ( I-SLICE, QP 26 )    2937592 bits [Y 99.9900 dB    U 99.9900 dB    V 99.9900 dB] [ET 11.83 ] [L0 ] [L1 ]
*** TRAIL_R numBytesInNALunit: 367160
POC  157 TId: 0 ( I-SLICE, QP 26 )    2937280 bits [Y 99.9900 dB    U 99.9900 dB    V 99.9900 dB] [ET 11.98 ] [L0 ] [L1 ]
*** TRAIL_R numBytesInNALunit: 367025
POC  158 TId: 0 ( I-SLICE, QP 26 )    2936200 bits [Y 99.9900 dB    U 99.9900 dB    V 99.9900 dB] [ET 11.77 ] [L0 ] [L1 ]
*** TRAIL_R numBytesInNALunit: 339073
POC  159 TId: 0 ( I-SLICE, QP 26 )    2712584 bits [Y 99.9900 dB    U 99.9900 dB    V 99.9900 dB] [ET 11.47 ] [L0 ] [L1 ]
*** TRAIL_R numBytesInNALunit: 339064
POC  160 TId: 0 ( I-SLICE, QP 26 )    2712512 bits [Y 99.9900 dB    U 99.9900 dB    V 99.9900 dB] [ET 11.45 ] [L0 ] [L1 ]
*** TRAIL_R numBytesInNALunit: 329948
POC  161 TId: 0 ( I-SLICE, QP 26 )    2639584 bits [Y 99.9900 dB    U 99.9900 dB    V 99.9900 dB] [ET 11.69 ] [L0 ] [L1 ]
*** TRAIL_R numBytesInNALunit: 329950
POC  162 TId: 0 ( I-SLICE, QP 26 )    2639600 bits [Y 99.9900 dB    U 99.9900 dB    V 99.9900 dB] [ET 11.97 ] [L0 ] [L1 ]
*** TRAIL_R numBytesInNALunit: 329523
POC  163 TId: 0 ( I-SLICE, QP 26 )    2636184 bits [Y 99.9900 dB    U 99.9900 dB    V 99.9900 dB] [ET 11.83 ] [L0 ] [L1 ]
*** TRAIL_R numBytesInNALunit: 329528
POC  164 TId: 0 ( I-SLICE, QP 26 )    2636224 bits [Y 99.9900 dB    U 99.9900 dB    V 99.9900 dB] [ET 11.80 ] [L0 ] [L1 ]
*** TRAIL_R numBytesInNALunit: 329549
POC  165 TId: 0 ( I-SLICE, QP 26 )    2636392 bits [Y 99.9900 dB    U 99.9900 dB    V 99.9900 dB] [ET 11.67 ] [L0 ] [L1 ]
*** TRAIL_R numBytesInNALunit: 329659
POC  166 TId: 0 ( I-SLICE, QP 26 )    2637272 bits [Y 99.9900 dB    U 99.9900 dB    V 99.9900 dB] [ET 11.83 ] [L0 ] [L1 ]
*** TRAIL_R numBytesInNALunit: 329655
POC  167 TId: 0 ( I-SLICE, QP 26 )    2637240 bits [Y 99.9900 dB    U 99.9900 dB    V 99.9900 dB] [ET 11.66 ] [L0 ] [L1 ]
*** TRAIL_R numBytesInNALunit: 330014
POC  168 TId: 0 ( I-SLICE, QP 26 )    2640112 bits [Y 99.9900 dB    U 99.9900 dB    V 99.9900 dB] [ET 11.75 ] [L0 ] [L1 ]
*** TRAIL_R numBytesInNALunit: 330008
POC  169 TId: 0 ( I-SLICE, QP 26 )    2640064 bits [Y 99.9900 dB    U 99.9900 dB    V 99.9900 dB] [ET 11.86 ] [L0 ] [L1 ]
*** TRAIL_R numBytesInNALunit: 329889
POC  170 TId: 0 ( I-SLICE, QP 26 )    2639112 bits [Y 99.9900 dB    U 99.9900 dB    V 99.9900 dB] [ET 11.86 ] [L0 ] [L1 ]
*** TRAIL_R numBytesInNALunit: 329793
POC  171 TId: 0 ( I-SLICE, QP 26 )    2638344 bits [Y 99.9900 dB    U 99.9900 dB    V 99.9900 dB] [ET 11.69 ] [L0 ] [L1 ]
*** TRAIL_R numBytesInNALunit: 330122
POC  172 TId: 0 ( I-SLICE, QP 26 )    2640976 bits [Y 99.9900 dB    U 99.9900 dB    V 99.9900 dB] [ET 11.75 ] [L0 ] [L1 ]
*** TRAIL_R numBytesInNALunit: 330173
POC  173 TId: 0 ( I-SLICE, QP 26 )    2641384 bits [Y 99.9900 dB    U 99.9900 dB    V 99.9900 dB] [ET 11.50 ] [L0 ] [L1 ]
*** TRAIL_R numBytesInNALunit: 330201
POC  174 TId: 0 ( I-SLICE, QP 26 )    2641608 bits [Y 99.9900 dB    U 99.9900 dB    V 99.9900 dB] [ET 11.78 ] [L0 ] [L1 ]
*** TRAIL_R numBytesInNALunit: 329927
POC  175 TId: 0 ( I-SLICE, QP 26 )    2639416 bits [Y 99.9900 dB    U 99.9900 dB    V 99.9900 dB] [ET 11.81 ] [L0 ] [L1 ]
*** TRAIL_R numBytesInNALunit: 329951
POC  176 TId: 0 ( I-SLICE, QP 26 )    2639608 bits [Y 99.9900 dB    U 99.9900 dB    V 99.9900 dB] [ET 11.75 ] [L0 ] [L1 ]
*** TRAIL_R numBytesInNALunit: 329930
POC  177 TId: 0 ( I-SLICE, QP 26 )    2639440 bits [Y 99.9900 dB    U 99.9900 dB    V 99.9900 dB] [ET 11.73 ] [L0 ] [L1 ]
*** TRAIL_R numBytesInNALunit: 330046
POC  178 TId: 0 ( I-SLICE, QP 26 )    2640368 bits [Y 99.9900 dB    U 99.9900 dB    V 99.9900 dB] [ET 11.80 ] [L0 ] [L1 ]
*** TRAIL_R numBytesInNALunit: 330090
POC  179 TId: 0 ( I-SLICE, QP 26 )    2640720 bits [Y 99.9900 dB    U 99.9900 dB    V 99.9900 dB] [ET 11.72 ] [L0 ] [L1 ]
*** TRAIL_R numBytesInNALunit: 330089
POC  180 TId: 0 ( I-SLICE, QP 26 )    2640712 bits [Y 99.9900 dB    U 99.9900 dB    V 99.9900 dB] [ET 11.89 ] [L0 ] [L1 ]
*** TRAIL_R numBytesInNALunit: 330520
POC  181 TId: 0 ( I-SLICE, QP 26 )    2644160 bits [Y 99.9900 dB    U 99.9900 dB    V 99.9900 dB] [ET 11.89 ] [L0 ] [L1 ]
*** TRAIL_R numBytesInNALunit: 330526
POC  182 TId: 0 ( I-SLICE, QP 26 )    2644208 bits [Y 99.9900 dB    U 99.9900 dB    V 99.9900 dB] [ET 11.83 ] [L0 ] [L1 ]
*** TRAIL_R numBytesInNALunit: 329888
POC  183 TId: 0 ( I-SLICE, QP 26 )    2639104 bits [Y 99.9900 dB    U 99.9900 dB    V 99.9900 dB] [ET 11.89 ] [L0 ] [L1 ]
*** TRAIL_R numBytesInNALunit: 330031
POC  184 TId: 0 ( I-SLICE, QP 26 )    2640248 bits [Y 99.9900 dB    U 99.9900 dB    V 99.9900 dB] [ET 11.67 ] [L0 ] [L1 ]
*** TRAIL_R numBytesInNALunit: 329889
POC  185 TId: 0 ( I-SLICE, QP 26 )    2639112 bits [Y 99.9900 dB    U 99.9900 dB    V 99.9900 dB] [ET 11.78 ] [L0 ] [L1 ]
*** TRAIL_R numBytesInNALunit: 330029
POC  186 TId: 0 ( I-SLICE, QP 26 )    2640232 bits [Y 99.9900 dB    U 99.9900 dB    V 99.9900 dB] [ET 11.70 ] [L0 ] [L1 ]
*** TRAIL_R numBytesInNALunit: 330110
POC  187 TId: 0 ( I-SLICE, QP 26 )    2640880 bits [Y 99.9900 dB    U 99.9900 dB    V 99.9900 dB] [ET 11.58 ] [L0 ] [L1 ]
*** TRAIL_R numBytesInNALunit: 330562
POC  188 TId: 0 ( I-SLICE, QP 26 )    2644496 bits [Y 99.9900 dB    U 99.9900 dB    V 99.9900 dB] [ET 11.83 ] [L0 ] [L1 ]
*** TRAIL_R numBytesInNALunit: 330520
POC  189 TId: 0 ( I-SLICE, QP 26 )    2644160 bits [Y 99.9900 dB    U 99.9900 dB    V 99.9900 dB] [ET 11.84 ] [L0 ] [L1 ]
*** TRAIL_R numBytesInNALunit: 330497
POC  190 TId: 0 ( I-SLICE, QP 26 )    2643976 bits [Y 99.9900 dB    U 99.9900 dB    V 99.9900 dB] [ET 11.88 ] [L0 ] [L1 ]
*** TRAIL_R numBytesInNALunit: 330264
POC  191 TId: 0 ( I-SLICE, QP 26 )    2642112 bits [Y 99.9900 dB    U 99.9900 dB    V 99.9900 dB] [ET 11.73 ] [L0 ] [L1 ]
*** TRAIL_R numBytesInNALunit: 330153
POC  192 TId: 0 ( I-SLICE, QP 26 )    2641224 bits [Y 99.9900 dB    U 99.9900 dB    V 99.9900 dB] [ET 11.77 ] [L0 ] [L1 ]
*** TRAIL_R numBytesInNALunit: 333865
POC  193 TId: 0 ( I-SLICE, QP 26 )    2670920 bits [Y 99.9900 dB    U 99.9900 dB    V 99.9900 dB] [ET 11.44 ] [L0 ] [L1 ]
*** TRAIL_R numBytesInNALunit: 333818
POC  194 TId: 0 ( I-SLICE, QP 26 )    2670544 bits [Y 99.9900 dB    U 99.9900 dB    V 99.9900 dB] [ET 11.38 ] [L0 ] [L1 ]
*** TRAIL_R numBytesInNALunit: 333896
POC  195 TId: 0 ( I-SLICE, QP 26 )    2671168 bits [Y 99.9900 dB    U 99.9900 dB    V 99.9900 dB] [ET 11.28 ] [L0 ] [L1 ]
*** TRAIL_R numBytesInNALunit: 333983
POC  196 TId: 0 ( I-SLICE, QP 26 )    2671864 bits [Y 99.9900 dB    U 99.9900 dB    V 99.9900 dB] [ET 11.38 ] [L0 ] [L1 ]
*** TRAIL_R numBytesInNALunit: 333449
POC  197 TId: 0 ( I-SLICE, QP 26 )    2667592 bits [Y 99.9900 dB    U 99.9900 dB    V 99.9900 dB] [ET 11.44 ] [L0 ] [L1 ]
*** TRAIL_R numBytesInNALunit: 333722
POC  198 TId: 0 ( I-SLICE, QP 26 )    2669776 bits [Y 99.9900 dB    U 99.9900 dB    V 99.9900 dB] [ET 11.38 ] [L0 ] [L1 ]
*** TRAIL_R numBytesInNALunit: 333962
POC  199 TId: 0 ( I-SLICE, QP 26 )    2671696 bits [Y 99.9900 dB    U 99.9900 dB    V 99.9900 dB] [ET 11.48 ] [L0 ] [L1 ]
*** TRAIL_R numBytesInNALunit: 333617
POC  200 TId: 0 ( I-SLICE, QP 26 )    2668936 bits [Y 99.9900 dB    U 99.9900 dB    V 99.9900 dB] [ET 11.41 ] [L0 ] [L1 ]
*** TRAIL_R numBytesInNALunit: 334224
POC  201 TId: 0 ( I-SLICE, QP 26 )    2673792 bits [Y 99.9900 dB    U 99.9900 dB    V 99.9900 dB] [ET 11.62 ] [L0 ] [L1 ]
*** TRAIL_R numBytesInNALunit: 334296
POC  202 TId: 0 ( I-SLICE, QP 26 )    2674368 bits [Y 99.9900 dB    U 99.9900 dB    V 99.9900 dB] [ET 11.45 ] [L0 ] [L1 ]
*** TRAIL_R numBytesInNALunit: 334345
POC  203 TId: 0 ( I-SLICE, QP 26 )    2674760 bits [Y 99.9900 dB    U 99.9900 dB    V 99.9900 dB] [ET 11.42 ] [L0 ] [L1 ]
*** TRAIL_R numBytesInNALunit: 334300
POC  204 TId: 0 ( I-SLICE, QP 26 )    2674400 bits [Y 99.9900 dB    U 99.9900 dB    V 99.9900 dB] [ET 11.53 ] [L0 ] [L1 ]
*** TRAIL_R numBytesInNALunit: 334352
POC  205 TId: 0 ( I-SLICE, QP 26 )    2674816 bits [Y 99.9900 dB    U 99.9900 dB    V 99.9900 dB] [ET 11.56 ] [L0 ] [L1 ]
*** TRAIL_R numBytesInNALunit: 334620
POC  206 TId: 0 ( I-SLICE, QP 26 )    2676960 bits [Y 99.9900 dB    U 99.9900 dB    V 99.9900 dB] [ET 11.44 ] [L0 ] [L1 ]
*** TRAIL_R numBytesInNALunit: 334620
POC  207 TId: 0 ( I-SLICE, QP 26 )    2676960 bits [Y 99.9900 dB    U 99.9900 dB    V 99.9900 dB] [ET 11.52 ] [L0 ] [L1 ]
*** TRAIL_R numBytesInNALunit: 334591
POC  208 TId: 0 ( I-SLICE, QP 26 )    2676728 bits [Y 99.9900 dB    U 99.9900 dB    V 99.9900 dB] [ET 11.42 ] [L0 ] [L1 ]
*** TRAIL_R numBytesInNALunit: 334571
POC  209 TId: 0 ( I-SLICE, QP 26 )    2676568 bits [Y 99.9900 dB    U 99.9900 dB    V 99.9900 dB] [ET 11.48 ] [L0 ] [L1 ]
*** TRAIL_R numBytesInNALunit: 334571
POC  210 TId: 0 ( I-SLICE, QP 26 )    2676568 bits [Y 99.9900 dB    U 99.9900 dB    V 99.9900 dB] [ET 11.55 ] [L0 ] [L1 ]
*** TRAIL_R numBytesInNALunit: 334505
POC  211 TId: 0 ( I-SLICE, QP 26 )    2676040 bits [Y 99.9900 dB    U 99.9900 dB    V 99.9900 dB] [ET 11.38 ] [L0 ] [L1 ]
*** TRAIL_R numBytesInNALunit: 334505
POC  212 TId: 0 ( I-SLICE, QP 26 )    2676040 bits [Y 99.9900 dB    U 99.9900 dB    V 99.9900 dB] [ET 11.48 ] [L0 ] [L1 ]
*** TRAIL_R numBytesInNALunit: 334491
POC  213 TId: 0 ( I-SLICE, QP 26 )    2675928 bits [Y 99.9900 dB    U 99.9900 dB    V 99.9900 dB] [ET 11.58 ] [L0 ] [L1 ]
*** TRAIL_R numBytesInNALunit: 334491
POC  214 TId: 0 ( I-SLICE, QP 26 )    2675928 bits [Y 99.9900 dB    U 99.9900 dB    V 99.9900 dB] [ET 11.48 ] [L0 ] [L1 ]
*** TRAIL_R numBytesInNALunit: 334491
POC  215 TId: 0 ( I-SLICE, QP 26 )    2675928 bits [Y 99.9900 dB    U 99.9900 dB    V 99.9900 dB] [ET 11.52 ] [L0 ] [L1 ]
*** TRAIL_R numBytesInNALunit: 334578
POC  216 TId: 0 ( I-SLICE, QP 26 )    2676624 bits [Y 99.9900 dB    U 99.9900 dB    V 99.9900 dB] [ET 11.47 ] [L0 ] [L1 ]
*** TRAIL_R numBytesInNALunit: 334582
POC  217 TId: 0 ( I-SLICE, QP 26 )    2676656 bits [Y 99.9900 dB    U 99.9900 dB    V 99.9900 dB] [ET 11.59 ] [L0 ] [L1 ]
*** TRAIL_R numBytesInNALunit: 334276
POC  218 TId: 0 ( I-SLICE, QP 26 )    2674208 bits [Y 99.9900 dB    U 99.9900 dB    V 99.9900 dB] [ET 11.42 ] [L0 ] [L1 ]
*** TRAIL_R numBytesInNALunit: 334296
POC  219 TId: 0 ( I-SLICE, QP 26 )    2674368 bits [Y 99.9900 dB    U 99.9900 dB    V 99.9900 dB] [ET 11.45 ] [L0 ] [L1 ]
*** TRAIL_R numBytesInNALunit: 334363
POC  220 TId: 0 ( I-SLICE, QP 26 )    2674904 bits [Y 99.9900 dB    U 99.9900 dB    V 99.9900 dB] [ET 11.53 ] [L0 ] [L1 ]
*** TRAIL_R numBytesInNALunit: 334636
POC  221 TId: 0 ( I-SLICE, QP 26 )    2677088 bits [Y 99.9900 dB    U 99.9900 dB    V 99.9900 dB] [ET 11.58 ] [L0 ] [L1 ]
*** TRAIL_R numBytesInNALunit: 334783
POC  222 TId: 0 ( I-SLICE, QP 26 )    2678264 bits [Y 99.9900 dB    U 99.9900 dB    V 99.9900 dB] [ET 11.42 ] [L0 ] [L1 ]
*** TRAIL_R numBytesInNALunit: 334333
POC  223 TId: 0 ( I-SLICE, QP 26 )    2674664 bits [Y 99.9900 dB    U 99.9900 dB    V 99.9900 dB] [ET 11.47 ] [L0 ] [L1 ]
*** TRAIL_R numBytesInNALunit: 334660
POC  224 TId: 0 ( I-SLICE, QP 26 )    2677280 bits [Y 99.9900 dB    U 99.9900 dB    V 99.9900 dB] [ET 11.58 ] [L0 ] [L1 ]
*** TRAIL_R numBytesInNALunit: 335219
POC  225 TId: 0 ( I-SLICE, QP 26 )    2681752 bits [Y 99.9900 dB    U 99.9900 dB    V 99.9900 dB] [ET 11.53 ] [L0 ] [L1 ]
*** TRAIL_R numBytesInNALunit: 334579
POC  226 TId: 0 ( I-SLICE, QP 26 )    2676632 bits [Y 99.9900 dB    U 99.9900 dB    V 99.9900 dB] [ET 11.45 ] [L0 ] [L1 ]
*** TRAIL_R numBytesInNALunit: 334520
POC  227 TId: 0 ( I-SLICE, QP 26 )    2676160 bits [Y 99.9900 dB    U 99.9900 dB    V 99.9900 dB] [ET 11.38 ] [L0 ] [L1 ]
*** TRAIL_R numBytesInNALunit: 334545
POC  228 TId: 0 ( I-SLICE, QP 26 )    2676360 bits [Y 99.9900 dB    U 99.9900 dB    V 99.9900 dB] [ET 11.44 ] [L0 ] [L1 ]
*** TRAIL_R numBytesInNALunit: 334539
POC  229 TId: 0 ( I-SLICE, QP 26 )    2676312 bits [Y 99.9900 dB    U 99.9900 dB    V 99.9900 dB] [ET 11.34 ] [L0 ] [L1 ]
*** TRAIL_R numBytesInNALunit: 334443
POC  230 TId: 0 ( I-SLICE, QP 26 )    2675544 bits [Y 99.9900 dB    U 99.9900 dB    V 99.9900 dB] [ET 11.64 ] [L0 ] [L1 ]
*** TRAIL_R numBytesInNALunit: 334455
POC  231 TId: 0 ( I-SLICE, QP 26 )    2675640 bits [Y 99.9900 dB    U 99.9900 dB    V 99.9900 dB] [ET 11.39 ] [L0 ] [L1 ]
*** TRAIL_R numBytesInNALunit: 334662
POC  232 TId: 0 ( I-SLICE, QP 26 )    2677296 bits [Y 99.9900 dB    U 99.9900 dB    V 99.9900 dB] [ET 11.31 ] [L0 ] [L1 ]
*** TRAIL_R numBytesInNALunit: 334423
POC  233 TId: 0 ( I-SLICE, QP 26 )    2675384 bits [Y 99.9900 dB    U 99.9900 dB    V 99.9900 dB] [ET 11.47 ] [L0 ] [L1 ]
*** TRAIL_R numBytesInNALunit: 334526
POC  234 TId: 0 ( I-SLICE, QP 26 )    2676208 bits [Y 99.9900 dB    U 99.9900 dB    V 99.9900 dB] [ET 11.58 ] [L0 ] [L1 ]
*** TRAIL_R numBytesInNALunit: 334581
POC  235 TId: 0 ( I-SLICE, QP 26 )    2676648 bits [Y 99.9900 dB    U 99.9900 dB    V 99.9900 dB] [ET 11.48 ] [L0 ] [L1 ]
*** TRAIL_R numBytesInNALunit: 334701
POC  236 TId: 0 ( I-SLICE, QP 26 )    2677608 bits [Y 99.9900 dB    U 99.9900 dB    V 99.9900 dB] [ET 11.41 ] [L0 ] [L1 ]
*** TRAIL_R numBytesInNALunit: 334705
POC  237 TId: 0 ( I-SLICE, QP 26 )    2677640 bits [Y 99.9900 dB    U 99.9900 dB    V 99.9900 dB] [ET 11.61 ] [L0 ] [L1 ]
*** TRAIL_R numBytesInNALunit: 334662
POC  238 TId: 0 ( I-SLICE, QP 26 )    2677296 bits [Y 99.9900 dB    U 99.9900 dB    V 99.9900 dB] [ET 11.42 ] [L0 ] [L1 ]
*** TRAIL_R numBytesInNALunit: 334677
POC  239 TId: 0 ( I-SLICE, QP 26 )    2677416 bits [Y 99.9900 dB    U 99.9900 dB    V 99.9900 dB] [ET 11.39 ] [L0 ] [L1 ]
*** TRAIL_R numBytesInNALunit: 334741
POC  240 TId: 0 ( I-SLICE, QP 26 )    2677928 bits [Y 99.9900 dB    U 99.9900 dB    V 99.9900 dB] [ET 11.45 ] [L0 ] [L1 ]
*** TRAIL_R numBytesInNALunit: 334576
POC  241 TId: 0 ( I-SLICE, QP 26 )    2676608 bits [Y 99.9900 dB    U 99.9900 dB    V 99.9900 dB] [ET 11.47 ] [L0 ] [L1 ]
*** TRAIL_R numBytesInNALunit: 334626
POC  242 TId: 0 ( I-SLICE, QP 26 )    2677008 bits [Y 99.9900 dB    U 99.9900 dB    V 99.9900 dB] [ET 11.62 ] [L0 ] [L1 ]
*** TRAIL_R numBytesInNALunit: 334608
POC  243 TId: 0 ( I-SLICE, QP 26 )    2676864 bits [Y 99.9900 dB    U 99.9900 dB    V 99.9900 dB] [ET 11.56 ] [L0 ] [L1 ]
*** TRAIL_R numBytesInNALunit: 334551
POC  244 TId: 0 ( I-SLICE, QP 26 )    2676408 bits [Y 99.9900 dB    U 99.9900 dB    V 99.9900 dB] [ET 11.64 ] [L0 ] [L1 ]
*** TRAIL_R numBytesInNALunit: 334344
POC  245 TId: 0 ( I-SLICE, QP 26 )    2674752 bits [Y 99.9900 dB    U 99.9900 dB    V 99.9900 dB] [ET 11.44 ] [L0 ] [L1 ]
*** TRAIL_R numBytesInNALunit: 334480
POC  246 TId: 0 ( I-SLICE, QP 26 )    2675840 bits [Y 99.9900 dB    U 99.9900 dB    V 99.9900 dB] [ET 11.56 ] [L0 ] [L1 ]
*** TRAIL_R numBytesInNALunit: 334579
POC  247 TId: 0 ( I-SLICE, QP 26 )    2676632 bits [Y 99.9900 dB    U 99.9900 dB    V 99.9900 dB] [ET 11.48 ] [L0 ] [L1 ]
*** TRAIL_R numBytesInNALunit: 334554
POC  248 TId: 0 ( I-SLICE, QP 26 )    2676432 bits [Y 99.9900 dB    U 99.9900 dB    V 99.9900 dB] [ET 11.48 ] [L0 ] [L1 ]
*** TRAIL_R numBytesInNALunit: 334553
POC  249 TId: 0 ( I-SLICE, QP 26 )    2676424 bits [Y 99.9900 dB    U 99.9900 dB    V 99.9900 dB] [ET 11.39 ] [L0 ] [L1 ]
*** TRAIL_R numBytesInNALunit: 330782
POC  250 TId: 0 ( I-SLICE, QP 26 )    2646256 bits [Y 99.9900 dB    U 99.9900 dB    V 99.9900 dB] [ET 11.80 ] [L0 ] [L1 ]
*** TRAIL_R numBytesInNALunit: 330208
POC  251 TId: 0 ( I-SLICE, QP 26 )    2641664 bits [Y 99.9900 dB    U 99.9900 dB    V 99.9900 dB] [ET 11.80 ] [L0 ] [L1 ]
*** TRAIL_R numBytesInNALunit: 331166
POC  252 TId: 0 ( I-SLICE, QP 26 )    2649328 bits [Y 99.9900 dB    U 99.9900 dB    V 99.9900 dB] [ET 11.78 ] [L0 ] [L1 ]
*** TRAIL_R numBytesInNALunit: 330962
POC  253 TId: 0 ( I-SLICE, QP 26 )    2647696 bits [Y 99.9900 dB    U 99.9900 dB    V 99.9900 dB] [ET 11.88 ] [L0 ] [L1 ]
*** TRAIL_R numBytesInNALunit: 330899
POC  254 TId: 0 ( I-SLICE, QP 26 )    2647192 bits [Y 99.9900 dB    U 99.9900 dB    V 99.9900 dB] [ET 11.81 ] [L0 ] [L1 ]
*** TRAIL_R numBytesInNALunit: 331042
POC  255 TId: 0 ( I-SLICE, QP 26 )    2648336 bits [Y 99.9900 dB    U 99.9900 dB    V 99.9900 dB] [ET 11.84 ] [L0 ] [L1 ]
*** TRAIL_R numBytesInNALunit: 331339
POC  256 TId: 0 ( I-SLICE, QP 26 )    2650712 bits [Y 99.9900 dB    U 99.9900 dB    V 99.9900 dB] [ET 11.75 ] [L0 ] [L1 ]
*** TRAIL_R numBytesInNALunit: 330976
POC  257 TId: 0 ( I-SLICE, QP 26 )    2647808 bits [Y 99.9900 dB    U 99.9900 dB    V 99.9900 dB] [ET 11.81 ] [L0 ] [L1 ]
*** TRAIL_R numBytesInNALunit: 330851
POC  258 TId: 0 ( I-SLICE, QP 26 )    2646808 bits [Y 99.9900 dB    U 99.9900 dB    V 99.9900 dB] [ET 11.77 ] [L0 ] [L1 ]
*** TRAIL_R numBytesInNALunit: 330874
POC  259 TId: 0 ( I-SLICE, QP 26 )    2646992 bits [Y 99.9900 dB    U 99.9900 dB    V 99.9900 dB] [ET 11.81 ] [L0 ] [L1 ]
*** TRAIL_R numBytesInNALunit: 330959
POC  260 TId: 0 ( I-SLICE, QP 26 )    2647672 bits [Y 99.9900 dB    U 99.9900 dB    V 99.9900 dB] [ET 11.77 ] [L0 ] [L1 ]
*** TRAIL_R numBytesInNALunit: 330995
POC  261 TId: 0 ( I-SLICE, QP 26 )    2647960 bits [Y 99.9900 dB    U 99.9900 dB    V 99.9900 dB] [ET 11.97 ] [L0 ] [L1 ]
*** TRAIL_R numBytesInNALunit: 330882
POC  262 TId: 0 ( I-SLICE, QP 26 )    2647056 bits [Y 99.9900 dB    U 99.9900 dB    V 99.9900 dB] [ET 12.09 ] [L0 ] [L1 ]
*** TRAIL_R numBytesInNALunit: 331043
POC  263 TId: 0 ( I-SLICE, QP 26 )    2648344 bits [Y 99.9900 dB    U 99.9900 dB    V 99.9900 dB] [ET 12.14 ] [L0 ] [L1 ]
*** TRAIL_R numBytesInNALunit: 331007
POC  264 TId: 0 ( I-SLICE, QP 26 )    2648056 bits [Y 99.9900 dB    U 99.9900 dB    V 99.9900 dB] [ET 12.17 ] [L0 ] [L1 ]
*** TRAIL_R numBytesInNALunit: 330874
POC  265 TId: 0 ( I-SLICE, QP 26 )    2646992 bits [Y 99.9900 dB    U 99.9900 dB    V 99.9900 dB] [ET 12.25 ] [L0 ] [L1 ]
*** TRAIL_R numBytesInNALunit: 330016
POC  266 TId: 0 ( I-SLICE, QP 26 )    2640128 bits [Y 99.9900 dB    U 99.9900 dB    V 99.9900 dB] [ET 12.12 ] [L0 ] [L1 ]
*** TRAIL_R numBytesInNALunit: 330024
POC  267 TId: 0 ( I-SLICE, QP 26 )    2640192 bits [Y 99.9900 dB    U 99.9900 dB    V 99.9900 dB] [ET 12.22 ] [L0 ] [L1 ]
*** TRAIL_R numBytesInNALunit: 330185
POC  268 TId: 0 ( I-SLICE, QP 26 )    2641480 bits [Y 99.9900 dB    U 99.9900 dB    V 99.9900 dB] [ET 12.14 ] [L0 ] [L1 ]
*** TRAIL_R numBytesInNALunit: 329984
POC  269 TId: 0 ( I-SLICE, QP 26 )    2639872 bits [Y 99.9900 dB    U 99.9900 dB    V 99.9900 dB] [ET 12.05 ] [L0 ] [L1 ]
*** TRAIL_R numBytesInNALunit: 329984
POC  270 TId: 0 ( I-SLICE, QP 26 )    2639872 bits [Y 99.9900 dB    U 99.9900 dB    V 99.9900 dB] [ET 12.16 ] [L0 ] [L1 ]
*** TRAIL_R numBytesInNALunit: 330103
POC  271 TId: 0 ( I-SLICE, QP 26 )    2640824 bits [Y 99.9900 dB    U 99.9900 dB    V 99.9900 dB] [ET 12.03 ] [L0 ] [L1 ]
*** TRAIL_R numBytesInNALunit: 330103
POC  272 TId: 0 ( I-SLICE, QP 26 )    2640824 bits [Y 99.9900 dB    U 99.9900 dB    V 99.9900 dB] [ET 11.91 ] [L0 ] [L1 ]
*** TRAIL_R numBytesInNALunit: 330932
POC  273 TId: 0 ( I-SLICE, QP 26 )    2647456 bits [Y 99.9900 dB    U 99.9900 dB    V 99.9900 dB] [ET 12.19 ] [L0 ] [L1 ]
*** TRAIL_R numBytesInNALunit: 331035
POC  274 TId: 0 ( I-SLICE, QP 26 )    2648280 bits [Y 99.9900 dB    U 99.9900 dB    V 99.9900 dB] [ET 12.09 ] [L0 ] [L1 ]
*** TRAIL_R numBytesInNALunit: 331010
POC  275 TId: 0 ( I-SLICE, QP 26 )    2648080 bits [Y 99.9900 dB    U 99.9900 dB    V 99.9900 dB] [ET 12.11 ] [L0 ] [L1 ]
*** TRAIL_R numBytesInNALunit: 330023
POC  276 TId: 0 ( I-SLICE, QP 26 )    2640184 bits [Y 99.9900 dB    U 99.9900 dB    V 99.9900 dB] [ET 11.92 ] [L0 ] [L1 ]
*** TRAIL_R numBytesInNALunit: 329910
POC  277 TId: 0 ( I-SLICE, QP 26 )    2639280 bits [Y 99.9900 dB    U 99.9900 dB    V 99.9900 dB] [ET 12.06 ] [L0 ] [L1 ]
*** TRAIL_R numBytesInNALunit: 329885
POC  278 TId: 0 ( I-SLICE, QP 26 )    2639080 bits [Y 99.9900 dB    U 99.9900 dB    V 99.9900 dB] [ET 12.11 ] [L0 ] [L1 ]
*** TRAIL_R numBytesInNALunit: 329981
POC  279 TId: 0 ( I-SLICE, QP 26 )    2639848 bits [Y 99.9900 dB    U 99.9900 dB    V 99.9900 dB] [ET 12.11 ] [L0 ] [L1 ]
*** TRAIL_R numBytesInNALunit: 329894
POC  280 TId: 0 ( I-SLICE, QP 26 )    2639152 bits [Y 99.9900 dB    U 99.9900 dB    V 99.9900 dB] [ET 11.66 ] [L0 ] [L1 ]
*** TRAIL_R numBytesInNALunit: 330093
POC  281 TId: 0 ( I-SLICE, QP 26 )    2640744 bits [Y 99.9900 dB    U 99.9900 dB    V 99.9900 dB] [ET 11.45 ] [L0 ] [L1 ]
*** TRAIL_R numBytesInNALunit: 329871
POC  282 TId: 0 ( I-SLICE, QP 26 )    2638968 bits [Y 99.9900 dB    U 99.9900 dB    V 99.9900 dB] [ET 11.81 ] [L0 ] [L1 ]
*** TRAIL_R numBytesInNALunit: 330007
POC  283 TId: 0 ( I-SLICE, QP 26 )    2640056 bits [Y 99.9900 dB    U 99.9900 dB    V 99.9900 dB] [ET 11.75 ] [L0 ] [L1 ]
*** TRAIL_R numBytesInNALunit: 339377
POC  284 TId: 0 ( I-SLICE, QP 26 )    2715016 bits [Y 99.9900 dB    U 99.9900 dB    V 99.9900 dB] [ET 11.31 ] [L0 ] [L1 ]
*** TRAIL_R numBytesInNALunit: 339047
POC  285 TId: 0 ( I-SLICE, QP 26 )    2712376 bits [Y 99.9900 dB    U 99.9900 dB    V 99.9900 dB] [ET 11.31 ] [L0 ] [L1 ]
*** TRAIL_R numBytesInNALunit: 358808
POC  286 TId: 0 ( I-SLICE, QP 26 )    2870464 bits [Y 99.9900 dB    U 99.9900 dB    V 99.9900 dB] [ET 11.78 ] [L0 ] [L1 ]
*** TRAIL_R numBytesInNALunit: 358764
POC  287 TId: 0 ( I-SLICE, QP 26 )    2870112 bits [Y 99.9900 dB    U 99.9900 dB    V 99.9900 dB] [ET 11.89 ] [L0 ] [L1 ]
*** TRAIL_R numBytesInNALunit: 358977
POC  288 TId: 0 ( I-SLICE, QP 26 )    2871816 bits [Y 99.9900 dB    U 99.9900 dB    V 99.9900 dB] [ET 12.03 ] [L0 ] [L1 ]
*** TRAIL_R numBytesInNALunit: 358968
POC  289 TId: 0 ( I-SLICE, QP 26 )    2871744 bits [Y 99.9900 dB    U 99.9900 dB    V 99.9900 dB] [ET 11.92 ] [L0 ] [L1 ]
*** TRAIL_R numBytesInNALunit: 359967
POC  290 TId: 0 ( I-SLICE, QP 26 )    2879736 bits [Y 99.9900 dB    U 99.9900 dB    V 99.9900 dB] [ET 11.81 ] [L0 ] [L1 ]
*** TRAIL_R numBytesInNALunit: 360006
POC  291 TId: 0 ( I-SLICE, QP 26 )    2880048 bits [Y 99.9900 dB    U 99.9900 dB    V 99.9900 dB] [ET 11.81 ] [L0 ] [L1 ]
*** TRAIL_R numBytesInNALunit: 359887
POC  292 TId: 0 ( I-SLICE, QP 26 )    2879096 bits [Y 99.9900 dB    U 99.9900 dB    V 99.9900 dB] [ET 11.83 ] [L0 ] [L1 ]
*** TRAIL_R numBytesInNALunit: 359996
POC  293 TId: 0 ( I-SLICE, QP 26 )    2879968 bits [Y 99.9900 dB    U 99.9900 dB    V 99.9900 dB] [ET 11.89 ] [L0 ] [L1 ]
*** TRAIL_R numBytesInNALunit: 360384
POC  294 TId: 0 ( I-SLICE, QP 26 )    2883072 bits [Y 99.9900 dB    U 99.9900 dB    V 99.9900 dB] [ET 11.72 ] [L0 ] [L1 ]
*** TRAIL_R numBytesInNALunit: 360515
POC  295 TId: 0 ( I-SLICE, QP 26 )    2884120 bits [Y 99.9900 dB    U 99.9900 dB    V 99.9900 dB] [ET 11.67 ] [L0 ] [L1 ]
*** TRAIL_R numBytesInNALunit: 360498
POC  296 TId: 0 ( I-SLICE, QP 26 )    2883984 bits [Y 99.9900 dB    U 99.9900 dB    V 99.9900 dB] [ET 11.88 ] [L0 ] [L1 ]
*** TRAIL_R numBytesInNALunit: 360431
POC  297 TId: 0 ( I-SLICE, QP 26 )    2883448 bits [Y 99.9900 dB    U 99.9900 dB    V 99.9900 dB] [ET 11.84 ] [L0 ] [L1 ]
*** TRAIL_R numBytesInNALunit: 360482
POC  298 TId: 0 ( I-SLICE, QP 26 )    2883856 bits [Y 99.9900 dB    U 99.9900 dB    V 99.9900 dB] [ET 11.86 ] [L0 ] [L1 ]
*** TRAIL_R numBytesInNALunit: 360112
POC  299 TId: 0 ( I-SLICE, QP 26 )    2880896 bits [Y 99.9900 dB    U 99.9900 dB    V 99.9900 dB] [ET 11.91 ] [L0 ] [L1 ]


I Slices--------------------------------------------------------
	Total Frames |  Bitrate    Y-PSNR    U-PSNR    V-PSNR 
	      300    i  84600.6728   99.9900   99.9900   99.9900
Bytes written to file: 105752052 (84601.642 kbps)
Bytes for SPS/PPS/Slice (Incl. Annex B): 105752052 (84601.642 kbps)

 Total Time:     3525.188 sec.
