
HM software: Encoder Version [15.0][Linux][GCC 4.8.5][64 bit] 

Input          File          : ../../HEVC_test_sequence/ClassF/SlideShow_1280x720_20.yuv
Bitstream      File          : SlideShow.bin
Reconstruction File          : SlideShow.yuv
Real     Format              : 1280x720 20Hz
Internal Format              : 1280x720 20Hz
Frame/Field                  : Frame based coding
Frame index                  : 0 - 499 (500 frames)
CU size / depth              : 32 / 3
RQT trans. size (min / max)  : 4 / 32
Max RQT depth inter          : 3
Max RQT depth intra          : 1
Min PCM size                 : 8
Motion search range          : 64
Intra period                 : 1
Decoding refresh type        : 0
QP                           : 26.00
Max dQP signaling depth      : 0
Cb QP Offset                 : 0
Cr QP Offset                 : 0
QP adaptation                : 0 (range=0)
GOP size                     : 1
Internal bit depth           : (Y:8, C:8)
PCM sample bit depth         : (Y:8, C:8)
RateControl                  : 0
Max Num Merge Candidates     : 5

TOOL CFG: IBD:0 HAD:0 RDQ:0 RDQTS:0 RDpenalty:0 SQP:0 ASR:0 FEN:0 ECU:0 FDM:0 CFM:0 ESD:0 RQT:1 TransformSkip:0 TransformSkipFast:0 Slice: M=0 SliceSegment: M=0 CIP:0 SAO:0 PCM:0 TransQuantBypassEnabled: =1 WPP:0 WPB:0 PME:2  WaveFrontSynchro:0 WaveFrontSubstreams:1 ScalingList:0 TMVPMode:1  SignBitHidingFlag:1 RecalQP:0

***    VPS numBytesInNALunit: 24
***    SPS numBytesInNALunit: 31
***    PPS numBytesInNALunit: 7
*** IDR_W_RADL numBytesInNALunit: 232616
POC    0 TId: 0 ( I-SLICE, QP 26 )    1861424 bits [Y 99.9900 dB    U 99.9900 dB    V 99.9900 dB] [ET 10.12 ] [L0 ] [L1 ]
*** TRAIL_R numBytesInNALunit: 2801
POC    1 TId: 0 ( I-SLICE, QP 26 )      22408 bits [Y 99.9900 dB    U 99.9900 dB    V 99.9900 dB] [ET  5.89 ] [L0 ] [L1 ]
*** TRAIL_R numBytesInNALunit: 2434
POC    2 TId: 0 ( I-SLICE, QP 26 )      19472 bits [Y 99.9900 dB    U 99.9900 dB    V 99.9900 dB] [ET  5.81 ] [L0 ] [L1 ]
*** TRAIL_R numBytesInNALunit: 27402
POC    3 TId: 0 ( I-SLICE, QP 26 )     219216 bits [Y 99.9900 dB    U 99.9900 dB    V 99.9900 dB] [ET  6.44 ] [L0 ] [L1 ]
*** TRAIL_R numBytesInNALunit: 57354
POC    4 TId: 0 ( I-SLICE, QP 26 )     458832 bits [Y 99.9900 dB    U 99.9900 dB    V 99.9900 dB] [ET  7.14 ] [L0 ] [L1 ]
*** TRAIL_R numBytesInNALunit: 83815
POC    5 TId: 0 ( I-SLICE, QP 26 )     670520 bits [Y 99.9900 dB    U 99.9900 dB    V 99.9900 dB] [ET  7.53 ] [L0 ] [L1 ]
*** TRAIL_R numBytesInNALunit: 115722
POC    6 TId: 0 ( I-SLICE, QP 26 )     925776 bits [Y 99.9900 dB    U 99.9900 dB    V 99.9900 dB] [ET  8.11 ] [L0 ] [L1 ]
*** TRAIL_R numBytesInNALunit: 152147
POC    7 TId: 0 ( I-SLICE, QP 26 )    1217176 bits [Y 99.9900 dB    U 99.9900 dB    V 99.9900 dB] [ET  8.77 ] [L0 ] [L1 ]
*** TRAIL_R numBytesInNALunit: 180783
POC    8 TId: 0 ( I-SLICE, QP 26 )    1446264 bits [Y 99.9900 dB    U 99.9900 dB    V 99.9900 dB] [ET  9.31 ] [L0 ] [L1 ]
*** TRAIL_R numBytesInNALunit: 218108
POC    9 TId: 0 ( I-SLICE, QP 26 )    1744864 bits [Y 99.9900 dB    U 99.9900 dB    V 99.9900 dB] [ET 10.05 ] [L0 ] [L1 ]
*** TRAIL_R numBytesInNALunit: 255464
POC   10 TId: 0 ( I-SLICE, QP 26 )    2043712 bits [Y 99.9900 dB    U 99.9900 dB    V 99.9900 dB] [ET 10.61 ] [L0 ] [L1 ]
*** TRAIL_R numBytesInNALunit: 268021
POC   11 TId: 0 ( I-SLICE, QP 26 )    2144168 bits [Y 99.9900 dB    U 99.9900 dB    V 99.9900 dB] [ET 10.56 ] [L0 ] [L1 ]
*** TRAIL_R numBytesInNALunit: 268050
POC   12 TId: 0 ( I-SLICE, QP 26 )    2144400 bits [Y 99.9900 dB    U 99.9900 dB    V 99.9900 dB] [ET 10.78 ] [L0 ] [L1 ]
*** TRAIL_R numBytesInNALunit: 268071
POC   13 TId: 0 ( I-SLICE, QP 26 )    2144568 bits [Y 99.9900 dB    U 99.9900 dB    V 99.9900 dB] [ET 10.50 ] [L0 ] [L1 ]
*** TRAIL_R numBytesInNALunit: 268090
POC   14 TId: 0 ( I-SLICE, QP 26 )    2144720 bits [Y 99.9900 dB    U 99.9900 dB    V 99.9900 dB] [ET 10.59 ] [L0 ] [L1 ]
*** TRAIL_R numBytesInNALunit: 268064
POC   15 TId: 0 ( I-SLICE, QP 26 )    2144512 bits [Y 99.9900 dB    U 99.9900 dB    V 99.9900 dB] [ET 10.62 ] [L0 ] [L1 ]
*** TRAIL_R numBytesInNALunit: 268065
POC   16 TId: 0 ( I-SLICE, QP 26 )    2144520 bits [Y 99.9900 dB    U 99.9900 dB    V 99.9900 dB] [ET 10.73 ] [L0 ] [L1 ]
*** TRAIL_R numBytesInNALunit: 268065
POC   17 TId: 0 ( I-SLICE, QP 26 )    2144520 bits [Y 99.9900 dB    U 99.9900 dB    V 99.9900 dB] [ET 10.77 ] [L0 ] [L1 ]
*** TRAIL_R numBytesInNALunit: 268086
POC   18 TId: 0 ( I-SLICE, QP 26 )    2144688 bits [Y 99.9900 dB    U 99.9900 dB    V 99.9900 dB] [ET 10.73 ] [L0 ] [L1 ]
*** TRAIL_R numBytesInNALunit: 268073
POC   19 TId: 0 ( I-SLICE, QP 26 )    2144584 bits [Y 99.9900 dB    U 99.9900 dB    V 99.9900 dB] [ET 10.64 ] [L0 ] [L1 ]
*** TRAIL_R numBytesInNALunit: 268045
POC   20 TId: 0 ( I-SLICE, QP 26 )    2144360 bits [Y 99.9900 dB    U 99.9900 dB    V 99.9900 dB] [ET 10.72 ] [L0 ] [L1 ]
*** TRAIL_R numBytesInNALunit: 268045
POC   21 TId: 0 ( I-SLICE, QP 26 )    2144360 bits [Y 99.9900 dB    U 99.9900 dB    V 99.9900 dB] [ET 10.72 ] [L0 ] [L1 ]
*** TRAIL_R numBytesInNALunit: 268007
POC   22 TId: 0 ( I-SLICE, QP 26 )    2144056 bits [Y 99.9900 dB    U 99.9900 dB    V 99.9900 dB] [ET 10.62 ] [L0 ] [L1 ]
*** TRAIL_R numBytesInNALunit: 268003
POC   23 TId: 0 ( I-SLICE, QP 26 )    2144024 bits [Y 99.9900 dB    U 99.9900 dB    V 99.9900 dB] [ET 10.69 ] [L0 ] [L1 ]
*** TRAIL_R numBytesInNALunit: 268003
POC   24 TId: 0 ( I-SLICE, QP 26 )    2144024 bits [Y 99.9900 dB    U 99.9900 dB    V 99.9900 dB] [ET 10.67 ] [L0 ] [L1 ]
*** TRAIL_R numBytesInNALunit: 268003
POC   25 TId: 0 ( I-SLICE, QP 26 )    2144024 bits [Y 99.9900 dB    U 99.9900 dB    V 99.9900 dB] [ET 10.67 ] [L0 ] [L1 ]
*** TRAIL_R numBytesInNALunit: 268003
POC   26 TId: 0 ( I-SLICE, QP 26 )    2144024 bits [Y 99.9900 dB    U 99.9900 dB    V 99.9900 dB] [ET 10.75 ] [L0 ] [L1 ]
*** TRAIL_R numBytesInNALunit: 57707
POC   27 TId: 0 ( I-SLICE, QP 26 )     461656 bits [Y 99.9900 dB    U 99.9900 dB    V 99.9900 dB] [ET  7.03 ] [L0 ] [L1 ]
*** TRAIL_R numBytesInNALunit: 57828
POC   28 TId: 0 ( I-SLICE, QP 26 )     462624 bits [Y 99.9900 dB    U 99.9900 dB    V 99.9900 dB] [ET  7.02 ] [L0 ] [L1 ]
*** TRAIL_R numBytesInNALunit: 57954
POC   29 TId: 0 ( I-SLICE, QP 26 )     463632 bits [Y 99.9900 dB    U 99.9900 dB    V 99.9900 dB] [ET  7.11 ] [L0 ] [L1 ]
*** TRAIL_R numBytesInNALunit: 58638
POC   30 TId: 0 ( I-SLICE, QP 26 )     469104 bits [Y 99.9900 dB    U 99.9900 dB    V 99.9900 dB] [ET  7.08 ] [L0 ] [L1 ]
*** TRAIL_R numBytesInNALunit: 59395
POC   31 TId: 0 ( I-SLICE, QP 26 )     475160 bits [Y 99.9900 dB    U 99.9900 dB    V 99.9900 dB] [ET  7.19 ] [L0 ] [L1 ]
*** TRAIL_R numBytesInNALunit: 60795
POC   32 TId: 0 ( I-SLICE, QP 26 )     486360 bits [Y 99.9900 dB    U 99.9900 dB    V 99.9900 dB] [ET  7.14 ] [L0 ] [L1 ]
*** TRAIL_R numBytesInNALunit: 63714
POC   33 TId: 0 ( I-SLICE, QP 26 )     509712 bits [Y 99.9900 dB    U 99.9900 dB    V 99.9900 dB] [ET  7.19 ] [L0 ] [L1 ]
*** TRAIL_R numBytesInNALunit: 66722
POC   34 TId: 0 ( I-SLICE, QP 26 )     533776 bits [Y 99.9900 dB    U 99.9900 dB    V 99.9900 dB] [ET  7.09 ] [L0 ] [L1 ]
*** TRAIL_R numBytesInNALunit: 71331
POC   35 TId: 0 ( I-SLICE, QP 26 )     570648 bits [Y 99.9900 dB    U 99.9900 dB    V 99.9900 dB] [ET  7.33 ] [L0 ] [L1 ]
*** TRAIL_R numBytesInNALunit: 80405
POC   36 TId: 0 ( I-SLICE, QP 26 )     643240 bits [Y 99.9900 dB    U 99.9900 dB    V 99.9900 dB] [ET  7.45 ] [L0 ] [L1 ]
*** TRAIL_R numBytesInNALunit: 87383
POC   37 TId: 0 ( I-SLICE, QP 26 )     699064 bits [Y 99.9900 dB    U 99.9900 dB    V 99.9900 dB] [ET  7.45 ] [L0 ] [L1 ]
*** TRAIL_R numBytesInNALunit: 93115
POC   38 TId: 0 ( I-SLICE, QP 26 )     744920 bits [Y 99.9900 dB    U 99.9900 dB    V 99.9900 dB] [ET  7.48 ] [L0 ] [L1 ]
*** TRAIL_R numBytesInNALunit: 99419
POC   39 TId: 0 ( I-SLICE, QP 26 )     795352 bits [Y 99.9900 dB    U 99.9900 dB    V 99.9900 dB] [ET  7.59 ] [L0 ] [L1 ]
*** TRAIL_R numBytesInNALunit: 105373
POC   40 TId: 0 ( I-SLICE, QP 26 )     842984 bits [Y 99.9900 dB    U 99.9900 dB    V 99.9900 dB] [ET  7.64 ] [L0 ] [L1 ]
*** TRAIL_R numBytesInNALunit: 111706
POC   41 TId: 0 ( I-SLICE, QP 26 )     893648 bits [Y 99.9900 dB    U 99.9900 dB    V 99.9900 dB] [ET  7.81 ] [L0 ] [L1 ]
*** TRAIL_R numBytesInNALunit: 116995
POC   42 TId: 0 ( I-SLICE, QP 26 )     935960 bits [Y 99.9900 dB    U 99.9900 dB    V 99.9900 dB] [ET  7.78 ] [L0 ] [L1 ]
*** TRAIL_R numBytesInNALunit: 120790
POC   43 TId: 0 ( I-SLICE, QP 26 )     966320 bits [Y 99.9900 dB    U 99.9900 dB    V 99.9900 dB] [ET  7.80 ] [L0 ] [L1 ]
*** TRAIL_R numBytesInNALunit: 121566
POC   44 TId: 0 ( I-SLICE, QP 26 )     972528 bits [Y 99.9900 dB    U 99.9900 dB    V 99.9900 dB] [ET  7.84 ] [L0 ] [L1 ]
*** TRAIL_R numBytesInNALunit: 121566
POC   45 TId: 0 ( I-SLICE, QP 26 )     972528 bits [Y 99.9900 dB    U 99.9900 dB    V 99.9900 dB] [ET  7.88 ] [L0 ] [L1 ]
*** TRAIL_R numBytesInNALunit: 121566
POC   46 TId: 0 ( I-SLICE, QP 26 )     972528 bits [Y 99.9900 dB    U 99.9900 dB    V 99.9900 dB] [ET  7.81 ] [L0 ] [L1 ]
*** TRAIL_R numBytesInNALunit: 121566
POC   47 TId: 0 ( I-SLICE, QP 26 )     972528 bits [Y 99.9900 dB    U 99.9900 dB    V 99.9900 dB] [ET  7.83 ] [L0 ] [L1 ]
*** TRAIL_R numBytesInNALunit: 121566
POC   48 TId: 0 ( I-SLICE, QP 26 )     972528 bits [Y 99.9900 dB    U 99.9900 dB    V 99.9900 dB] [ET  7.86 ] [L0 ] [L1 ]
*** TRAIL_R numBytesInNALunit: 121566
POC   49 TId: 0 ( I-SLICE, QP 26 )     972528 bits [Y 99.9900 dB    U 99.9900 dB    V 99.9900 dB] [ET  7.80 ] [L0 ] [L1 ]
*** TRAIL_R numBytesInNALunit: 121566
POC   50 TId: 0 ( I-SLICE, QP 26 )     972528 bits [Y 99.9900 dB    U 99.9900 dB    V 99.9900 dB] [ET  7.70 ] [L0 ] [L1 ]
*** TRAIL_R numBytesInNALunit: 121566
POC   51 TId: 0 ( I-SLICE, QP 26 )     972528 bits [Y 99.9900 dB    U 99.9900 dB    V 99.9900 dB] [ET  7.75 ] [L0 ] [L1 ]
*** TRAIL_R numBytesInNALunit: 121566
POC   52 TId: 0 ( I-SLICE, QP 26 )     972528 bits [Y 99.9900 dB    U 99.9900 dB    V 99.9900 dB] [ET  7.83 ] [L0 ] [L1 ]
*** TRAIL_R numBytesInNALunit: 121566
POC   53 TId: 0 ( I-SLICE, QP 26 )     972528 bits [Y 99.9900 dB    U 99.9900 dB    V 99.9900 dB] [ET  7.80 ] [L0 ] [L1 ]
*** TRAIL_R numBytesInNALunit: 121566
POC   54 TId: 0 ( I-SLICE, QP 26 )     972528 bits [Y 99.9900 dB    U 99.9900 dB    V 99.9900 dB] [ET  7.80 ] [L0 ] [L1 ]
*** TRAIL_R numBytesInNALunit: 121566
POC   55 TId: 0 ( I-SLICE, QP 26 )     972528 bits [Y 99.9900 dB    U 99.9900 dB    V 99.9900 dB] [ET  7.80 ] [L0 ] [L1 ]
*** TRAIL_R numBytesInNALunit: 121566
POC   56 TId: 0 ( I-SLICE, QP 26 )     972528 bits [Y 99.9900 dB    U 99.9900 dB    V 99.9900 dB] [ET  7.88 ] [L0 ] [L1 ]
*** TRAIL_R numBytesInNALunit: 121566
POC   57 TId: 0 ( I-SLICE, QP 26 )     972528 bits [Y 99.9900 dB    U 99.9900 dB    V 99.9900 dB] [ET  7.77 ] [L0 ] [L1 ]
*** TRAIL_R numBytesInNALunit: 121566
POC   58 TId: 0 ( I-SLICE, QP 26 )     972528 bits [Y 99.9900 dB    U 99.9900 dB    V 99.9900 dB] [ET  7.88 ] [L0 ] [L1 ]
*** TRAIL_R numBytesInNALunit: 121566
POC   59 TId: 0 ( I-SLICE, QP 26 )     972528 bits [Y 99.9900 dB    U 99.9900 dB    V 99.9900 dB] [ET  7.66 ] [L0 ] [L1 ]
*** TRAIL_R numBytesInNALunit: 121566
POC   60 TId: 0 ( I-SLICE, QP 26 )     972528 bits [Y 99.9900 dB    U 99.9900 dB    V 99.9900 dB] [ET  7.73 ] [L0 ] [L1 ]
*** TRAIL_R numBytesInNALunit: 121566
POC   61 TId: 0 ( I-SLICE, QP 26 )     972528 bits [Y 99.9900 dB    U 99.9900 dB    V 99.9900 dB] [ET  7.75 ] [L0 ] [L1 ]
*** TRAIL_R numBytesInNALunit: 121566
POC   62 TId: 0 ( I-SLICE, QP 26 )     972528 bits [Y 99.9900 dB    U 99.9900 dB    V 99.9900 dB] [ET  7.77 ] [L0 ] [L1 ]
*** TRAIL_R numBytesInNALunit: 121566
POC   63 TId: 0 ( I-SLICE, QP 26 )     972528 bits [Y 99.9900 dB    U 99.9900 dB    V 99.9900 dB] [ET  7.84 ] [L0 ] [L1 ]
*** TRAIL_R numBytesInNALunit: 124814
POC   64 TId: 0 ( I-SLICE, QP 26 )     998512 bits [Y 99.9900 dB    U 99.9900 dB    V 99.9900 dB] [ET  7.81 ] [L0 ] [L1 ]
*** TRAIL_R numBytesInNALunit: 125070
POC   65 TId: 0 ( I-SLICE, QP 26 )    1000560 bits [Y 99.9900 dB    U 99.9900 dB    V 99.9900 dB] [ET  7.78 ] [L0 ] [L1 ]
*** TRAIL_R numBytesInNALunit: 130464
POC   66 TId: 0 ( I-SLICE, QP 26 )    1043712 bits [Y 99.9900 dB    U 99.9900 dB    V 99.9900 dB] [ET  7.69 ] [L0 ] [L1 ]
*** TRAIL_R numBytesInNALunit: 133249
POC   67 TId: 0 ( I-SLICE, QP 26 )    1065992 bits [Y 99.9900 dB    U 99.9900 dB    V 99.9900 dB] [ET  7.91 ] [L0 ] [L1 ]
*** TRAIL_R numBytesInNALunit: 133855
POC   68 TId: 0 ( I-SLICE, QP 26 )    1070840 bits [Y 99.9900 dB    U 99.9900 dB    V 99.9900 dB] [ET  7.70 ] [L0 ] [L1 ]
*** TRAIL_R numBytesInNALunit: 132387
POC   69 TId: 0 ( I-SLICE, QP 26 )    1059096 bits [Y 99.9900 dB    U 99.9900 dB    V 99.9900 dB] [ET  7.70 ] [L0 ] [L1 ]
*** TRAIL_R numBytesInNALunit: 130102
POC   70 TId: 0 ( I-SLICE, QP 26 )    1040816 bits [Y 99.9900 dB    U 99.9900 dB    V 99.9900 dB] [ET  7.72 ] [L0 ] [L1 ]
*** TRAIL_R numBytesInNALunit: 127078
POC   71 TId: 0 ( I-SLICE, QP 26 )    1016624 bits [Y 99.9900 dB    U 99.9900 dB    V 99.9900 dB] [ET  7.64 ] [L0 ] [L1 ]
*** TRAIL_R numBytesInNALunit: 123088
POC   72 TId: 0 ( I-SLICE, QP 26 )     984704 bits [Y 99.9900 dB    U 99.9900 dB    V 99.9900 dB] [ET  7.59 ] [L0 ] [L1 ]
*** TRAIL_R numBytesInNALunit: 121125
POC   73 TId: 0 ( I-SLICE, QP 26 )     969000 bits [Y 99.9900 dB    U 99.9900 dB    V 99.9900 dB] [ET  7.67 ] [L0 ] [L1 ]
*** TRAIL_R numBytesInNALunit: 118627
POC   74 TId: 0 ( I-SLICE, QP 26 )     949016 bits [Y 99.9900 dB    U 99.9900 dB    V 99.9900 dB] [ET  7.52 ] [L0 ] [L1 ]
*** TRAIL_R numBytesInNALunit: 121016
POC   75 TId: 0 ( I-SLICE, QP 26 )     968128 bits [Y 99.9900 dB    U 99.9900 dB    V 99.9900 dB] [ET  7.64 ] [L0 ] [L1 ]
*** TRAIL_R numBytesInNALunit: 131314
POC   76 TId: 0 ( I-SLICE, QP 26 )    1050512 bits [Y 99.9900 dB    U 99.9900 dB    V 99.9900 dB] [ET  7.88 ] [L0 ] [L1 ]
*** TRAIL_R numBytesInNALunit: 145777
POC   77 TId: 0 ( I-SLICE, QP 26 )    1166216 bits [Y 99.9900 dB    U 99.9900 dB    V 99.9900 dB] [ET  8.17 ] [L0 ] [L1 ]
*** TRAIL_R numBytesInNALunit: 143958
POC   78 TId: 0 ( I-SLICE, QP 26 )    1151664 bits [Y 99.9900 dB    U 99.9900 dB    V 99.9900 dB] [ET  8.00 ] [L0 ] [L1 ]
*** TRAIL_R numBytesInNALunit: 142945
POC   79 TId: 0 ( I-SLICE, QP 26 )    1143560 bits [Y 99.9900 dB    U 99.9900 dB    V 99.9900 dB] [ET  8.06 ] [L0 ] [L1 ]
*** TRAIL_R numBytesInNALunit: 141884
POC   80 TId: 0 ( I-SLICE, QP 26 )    1135072 bits [Y 99.9900 dB    U 99.9900 dB    V 99.9900 dB] [ET  8.00 ] [L0 ] [L1 ]
*** TRAIL_R numBytesInNALunit: 137378
POC   81 TId: 0 ( I-SLICE, QP 26 )    1099024 bits [Y 99.9900 dB    U 99.9900 dB    V 99.9900 dB] [ET  7.97 ] [L0 ] [L1 ]
*** TRAIL_R numBytesInNALunit: 134405
POC   82 TId: 0 ( I-SLICE, QP 26 )    1075240 bits [Y 99.9900 dB    U 99.9900 dB    V 99.9900 dB] [ET  7.84 ] [L0 ] [L1 ]
*** TRAIL_R numBytesInNALunit: 134032
POC   83 TId: 0 ( I-SLICE, QP 26 )    1072256 bits [Y 99.9900 dB    U 99.9900 dB    V 99.9900 dB] [ET  7.86 ] [L0 ] [L1 ]
*** TRAIL_R numBytesInNALunit: 131205
POC   84 TId: 0 ( I-SLICE, QP 26 )    1049640 bits [Y 99.9900 dB    U 99.9900 dB    V 99.9900 dB] [ET  7.80 ] [L0 ] [L1 ]
*** TRAIL_R numBytesInNALunit: 128324
POC   85 TId: 0 ( I-SLICE, QP 26 )    1026592 bits [Y 99.9900 dB    U 99.9900 dB    V 99.9900 dB] [ET  7.78 ] [L0 ] [L1 ]
*** TRAIL_R numBytesInNALunit: 124707
POC   86 TId: 0 ( I-SLICE, QP 26 )     997656 bits [Y 99.9900 dB    U 99.9900 dB    V 99.9900 dB] [ET  7.77 ] [L0 ] [L1 ]
*** TRAIL_R numBytesInNALunit: 120130
POC   87 TId: 0 ( I-SLICE, QP 26 )     961040 bits [Y 99.9900 dB    U 99.9900 dB    V 99.9900 dB] [ET  7.75 ] [L0 ] [L1 ]
*** TRAIL_R numBytesInNALunit: 114822
POC   88 TId: 0 ( I-SLICE, QP 26 )     918576 bits [Y 99.9900 dB    U 99.9900 dB    V 99.9900 dB] [ET  7.55 ] [L0 ] [L1 ]
*** TRAIL_R numBytesInNALunit: 109425
POC   89 TId: 0 ( I-SLICE, QP 26 )     875400 bits [Y 99.9900 dB    U 99.9900 dB    V 99.9900 dB] [ET  7.55 ] [L0 ] [L1 ]
*** TRAIL_R numBytesInNALunit: 103561
POC   90 TId: 0 ( I-SLICE, QP 26 )     828488 bits [Y 99.9900 dB    U 99.9900 dB    V 99.9900 dB] [ET  7.59 ] [L0 ] [L1 ]
*** TRAIL_R numBytesInNALunit: 101847
POC   91 TId: 0 ( I-SLICE, QP 26 )     814776 bits [Y 99.9900 dB    U 99.9900 dB    V 99.9900 dB] [ET  7.47 ] [L0 ] [L1 ]
*** TRAIL_R numBytesInNALunit: 100720
POC   92 TId: 0 ( I-SLICE, QP 26 )     805760 bits [Y 99.9900 dB    U 99.9900 dB    V 99.9900 dB] [ET  7.66 ] [L0 ] [L1 ]
*** TRAIL_R numBytesInNALunit: 100720
POC   93 TId: 0 ( I-SLICE, QP 26 )     805760 bits [Y 99.9900 dB    U 99.9900 dB    V 99.9900 dB] [ET  7.45 ] [L0 ] [L1 ]
*** TRAIL_R numBytesInNALunit: 100720
POC   94 TId: 0 ( I-SLICE, QP 26 )     805760 bits [Y 99.9900 dB    U 99.9900 dB    V 99.9900 dB] [ET  7.55 ] [L0 ] [L1 ]
*** TRAIL_R numBytesInNALunit: 100720
POC   95 TId: 0 ( I-SLICE, QP 26 )     805760 bits [Y 99.9900 dB    U 99.9900 dB    V 99.9900 dB] [ET  7.48 ] [L0 ] [L1 ]
*** TRAIL_R numBytesInNALunit: 100720
POC   96 TId: 0 ( I-SLICE, QP 26 )     805760 bits [Y 99.9900 dB    U 99.9900 dB    V 99.9900 dB] [ET  7.59 ] [L0 ] [L1 ]
*** TRAIL_R numBytesInNALunit: 100720
POC   97 TId: 0 ( I-SLICE, QP 26 )     805760 bits [Y 99.9900 dB    U 99.9900 dB    V 99.9900 dB] [ET  7.61 ] [L0 ] [L1 ]
*** TRAIL_R numBytesInNALunit: 100720
POC   98 TId: 0 ( I-SLICE, QP 26 )     805760 bits [Y 99.9900 dB    U 99.9900 dB    V 99.9900 dB] [ET  7.59 ] [L0 ] [L1 ]
*** TRAIL_R numBytesInNALunit: 100720
POC   99 TId: 0 ( I-SLICE, QP 26 )     805760 bits [Y 99.9900 dB    U 99.9900 dB    V 99.9900 dB] [ET  7.53 ] [L0 ] [L1 ]
*** TRAIL_R numBytesInNALunit: 100720
POC  100 TId: 0 ( I-SLICE, QP 26 )     805760 bits [Y 99.9900 dB    U 99.9900 dB    V 99.9900 dB] [ET  7.61 ] [L0 ] [L1 ]
*** TRAIL_R numBytesInNALunit: 100720
POC  101 TId: 0 ( I-SLICE, QP 26 )     805760 bits [Y 99.9900 dB    U 99.9900 dB    V 99.9900 dB] [ET  7.66 ] [L0 ] [L1 ]
*** TRAIL_R numBytesInNALunit: 100720
POC  102 TId: 0 ( I-SLICE, QP 26 )     805760 bits [Y 99.9900 dB    U 99.9900 dB    V 99.9900 dB] [ET  7.62 ] [L0 ] [L1 ]
*** TRAIL_R numBytesInNALunit: 100768
POC  103 TId: 0 ( I-SLICE, QP 26 )     806144 bits [Y 99.9900 dB    U 99.9900 dB    V 99.9900 dB] [ET  7.62 ] [L0 ] [L1 ]
*** TRAIL_R numBytesInNALunit: 102067
POC  104 TId: 0 ( I-SLICE, QP 26 )     816536 bits [Y 99.9900 dB    U 99.9900 dB    V 99.9900 dB] [ET  7.53 ] [L0 ] [L1 ]
*** TRAIL_R numBytesInNALunit: 103966
POC  105 TId: 0 ( I-SLICE, QP 26 )     831728 bits [Y 99.9900 dB    U 99.9900 dB    V 99.9900 dB] [ET  7.61 ] [L0 ] [L1 ]
*** TRAIL_R numBytesInNALunit: 107904
POC  106 TId: 0 ( I-SLICE, QP 26 )     863232 bits [Y 99.9900 dB    U 99.9900 dB    V 99.9900 dB] [ET  7.75 ] [L0 ] [L1 ]
*** TRAIL_R numBytesInNALunit: 113493
POC  107 TId: 0 ( I-SLICE, QP 26 )     907944 bits [Y 99.9900 dB    U 99.9900 dB    V 99.9900 dB] [ET  7.80 ] [L0 ] [L1 ]
*** TRAIL_R numBytesInNALunit: 118216
POC  108 TId: 0 ( I-SLICE, QP 26 )     945728 bits [Y 99.9900 dB    U 99.9900 dB    V 99.9900 dB] [ET  7.92 ] [L0 ] [L1 ]
*** TRAIL_R numBytesInNALunit: 126160
POC  109 TId: 0 ( I-SLICE, QP 26 )    1009280 bits [Y 99.9900 dB    U 99.9900 dB    V 99.9900 dB] [ET  8.09 ] [L0 ] [L1 ]
*** TRAIL_R numBytesInNALunit: 133070
POC  110 TId: 0 ( I-SLICE, QP 26 )    1064560 bits [Y 99.9900 dB    U 99.9900 dB    V 99.9900 dB] [ET  8.30 ] [L0 ] [L1 ]
*** TRAIL_R numBytesInNALunit: 139649
POC  111 TId: 0 ( I-SLICE, QP 26 )    1117192 bits [Y 99.9900 dB    U 99.9900 dB    V 99.9900 dB] [ET  8.48 ] [L0 ] [L1 ]
*** TRAIL_R numBytesInNALunit: 146109
POC  112 TId: 0 ( I-SLICE, QP 26 )    1168872 bits [Y 99.9900 dB    U 99.9900 dB    V 99.9900 dB] [ET  8.50 ] [L0 ] [L1 ]
*** TRAIL_R numBytesInNALunit: 154838
POC  113 TId: 0 ( I-SLICE, QP 26 )    1238704 bits [Y 99.9900 dB    U 99.9900 dB    V 99.9900 dB] [ET  8.59 ] [L0 ] [L1 ]
*** TRAIL_R numBytesInNALunit: 156649
POC  114 TId: 0 ( I-SLICE, QP 26 )    1253192 bits [Y 99.9900 dB    U 99.9900 dB    V 99.9900 dB] [ET  8.67 ] [L0 ] [L1 ]
*** TRAIL_R numBytesInNALunit: 154803
POC  115 TId: 0 ( I-SLICE, QP 26 )    1238424 bits [Y 99.9900 dB    U 99.9900 dB    V 99.9900 dB] [ET  8.70 ] [L0 ] [L1 ]
*** TRAIL_R numBytesInNALunit: 153230
POC  116 TId: 0 ( I-SLICE, QP 26 )    1225840 bits [Y 99.9900 dB    U 99.9900 dB    V 99.9900 dB] [ET  8.56 ] [L0 ] [L1 ]
*** TRAIL_R numBytesInNALunit: 149294
POC  117 TId: 0 ( I-SLICE, QP 26 )    1194352 bits [Y 99.9900 dB    U 99.9900 dB    V 99.9900 dB] [ET  8.59 ] [L0 ] [L1 ]
*** TRAIL_R numBytesInNALunit: 140950
POC  118 TId: 0 ( I-SLICE, QP 26 )    1127600 bits [Y 99.9900 dB    U 99.9900 dB    V 99.9900 dB] [ET  8.72 ] [L0 ] [L1 ]
*** TRAIL_R numBytesInNALunit: 124284
POC  119 TId: 0 ( I-SLICE, QP 26 )     994272 bits [Y 99.9900 dB    U 99.9900 dB    V 99.9900 dB] [ET  8.48 ] [L0 ] [L1 ]
*** TRAIL_R numBytesInNALunit: 112186
POC  120 TId: 0 ( I-SLICE, QP 26 )     897488 bits [Y 99.9900 dB    U 99.9900 dB    V 99.9900 dB] [ET  8.30 ] [L0 ] [L1 ]
*** TRAIL_R numBytesInNALunit: 100908
POC  121 TId: 0 ( I-SLICE, QP 26 )     807264 bits [Y 99.9900 dB    U 99.9900 dB    V 99.9900 dB] [ET  8.08 ] [L0 ] [L1 ]
*** TRAIL_R numBytesInNALunit: 89085
POC  122 TId: 0 ( I-SLICE, QP 26 )     712680 bits [Y 99.9900 dB    U 99.9900 dB    V 99.9900 dB] [ET  7.89 ] [L0 ] [L1 ]
*** TRAIL_R numBytesInNALunit: 80014
POC  123 TId: 0 ( I-SLICE, QP 26 )     640112 bits [Y 99.9900 dB    U 99.9900 dB    V 99.9900 dB] [ET  7.72 ] [L0 ] [L1 ]
*** TRAIL_R numBytesInNALunit: 70136
POC  124 TId: 0 ( I-SLICE, QP 26 )     561088 bits [Y 99.9900 dB    U 99.9900 dB    V 99.9900 dB] [ET  7.50 ] [L0 ] [L1 ]
*** TRAIL_R numBytesInNALunit: 53794
POC  125 TId: 0 ( I-SLICE, QP 26 )     430352 bits [Y 99.9900 dB    U 99.9900 dB    V 99.9900 dB] [ET  6.86 ] [L0 ] [L1 ]
*** TRAIL_R numBytesInNALunit: 43491
POC  126 TId: 0 ( I-SLICE, QP 26 )     347928 bits [Y 99.9900 dB    U 99.9900 dB    V 99.9900 dB] [ET  6.66 ] [L0 ] [L1 ]
*** TRAIL_R numBytesInNALunit: 52066
POC  127 TId: 0 ( I-SLICE, QP 26 )     416528 bits [Y 99.9900 dB    U 99.9900 dB    V 99.9900 dB] [ET  6.86 ] [L0 ] [L1 ]
*** TRAIL_R numBytesInNALunit: 62101
POC  128 TId: 0 ( I-SLICE, QP 26 )     496808 bits [Y 99.9900 dB    U 99.9900 dB    V 99.9900 dB] [ET  6.95 ] [L0 ] [L1 ]
*** TRAIL_R numBytesInNALunit: 72645
POC  129 TId: 0 ( I-SLICE, QP 26 )     581160 bits [Y 99.9900 dB    U 99.9900 dB    V 99.9900 dB] [ET  7.23 ] [L0 ] [L1 ]
*** TRAIL_R numBytesInNALunit: 86180
POC  130 TId: 0 ( I-SLICE, QP 26 )     689440 bits [Y 99.9900 dB    U 99.9900 dB    V 99.9900 dB] [ET  7.45 ] [L0 ] [L1 ]
*** TRAIL_R numBytesInNALunit: 102771
POC  131 TId: 0 ( I-SLICE, QP 26 )     822168 bits [Y 99.9900 dB    U 99.9900 dB    V 99.9900 dB] [ET  7.64 ] [L0 ] [L1 ]
*** TRAIL_R numBytesInNALunit: 117424
POC  132 TId: 0 ( I-SLICE, QP 26 )     939392 bits [Y 99.9900 dB    U 99.9900 dB    V 99.9900 dB] [ET  7.70 ] [L0 ] [L1 ]
*** TRAIL_R numBytesInNALunit: 120899
POC  133 TId: 0 ( I-SLICE, QP 26 )     967192 bits [Y 99.9900 dB    U 99.9900 dB    V 99.9900 dB] [ET  7.80 ] [L0 ] [L1 ]
*** TRAIL_R numBytesInNALunit: 121827
POC  134 TId: 0 ( I-SLICE, QP 26 )     974616 bits [Y 99.9900 dB    U 99.9900 dB    V 99.9900 dB] [ET  7.92 ] [L0 ] [L1 ]
*** TRAIL_R numBytesInNALunit: 121818
POC  135 TId: 0 ( I-SLICE, QP 26 )     974544 bits [Y 99.9900 dB    U 99.9900 dB    V 99.9900 dB] [ET  7.78 ] [L0 ] [L1 ]
*** TRAIL_R numBytesInNALunit: 121818
POC  136 TId: 0 ( I-SLICE, QP 26 )     974544 bits [Y 99.9900 dB    U 99.9900 dB    V 99.9900 dB] [ET  7.84 ] [L0 ] [L1 ]
*** TRAIL_R numBytesInNALunit: 121818
POC  137 TId: 0 ( I-SLICE, QP 26 )     974544 bits [Y 99.9900 dB    U 99.9900 dB    V 99.9900 dB] [ET  7.75 ] [L0 ] [L1 ]
*** TRAIL_R numBytesInNALunit: 121818
POC  138 TId: 0 ( I-SLICE, QP 26 )     974544 bits [Y 99.9900 dB    U 99.9900 dB    V 99.9900 dB] [ET  7.91 ] [L0 ] [L1 ]
*** TRAIL_R numBytesInNALunit: 121818
POC  139 TId: 0 ( I-SLICE, QP 26 )     974544 bits [Y 99.9900 dB    U 99.9900 dB    V 99.9900 dB] [ET  8.03 ] [L0 ] [L1 ]
*** TRAIL_R numBytesInNALunit: 121818
POC  140 TId: 0 ( I-SLICE, QP 26 )     974544 bits [Y 99.9900 dB    U 99.9900 dB    V 99.9900 dB] [ET  7.78 ] [L0 ] [L1 ]
*** TRAIL_R numBytesInNALunit: 121818
POC  141 TId: 0 ( I-SLICE, QP 26 )     974544 bits [Y 99.9900 dB    U 99.9900 dB    V 99.9900 dB] [ET  7.81 ] [L0 ] [L1 ]
*** TRAIL_R numBytesInNALunit: 121818
POC  142 TId: 0 ( I-SLICE, QP 26 )     974544 bits [Y 99.9900 dB    U 99.9900 dB    V 99.9900 dB] [ET  8.00 ] [L0 ] [L1 ]
*** TRAIL_R numBytesInNALunit: 121818
POC  143 TId: 0 ( I-SLICE, QP 26 )     974544 bits [Y 99.9900 dB    U 99.9900 dB    V 99.9900 dB] [ET  7.94 ] [L0 ] [L1 ]
*** TRAIL_R numBytesInNALunit: 125102
POC  144 TId: 0 ( I-SLICE, QP 26 )    1000816 bits [Y 99.9900 dB    U 99.9900 dB    V 99.9900 dB] [ET  8.03 ] [L0 ] [L1 ]
*** TRAIL_R numBytesInNALunit: 125751
POC  145 TId: 0 ( I-SLICE, QP 26 )    1006008 bits [Y 99.9900 dB    U 99.9900 dB    V 99.9900 dB] [ET  7.97 ] [L0 ] [L1 ]
*** TRAIL_R numBytesInNALunit: 124734
POC  146 TId: 0 ( I-SLICE, QP 26 )     997872 bits [Y 99.9900 dB    U 99.9900 dB    V 99.9900 dB] [ET  7.89 ] [L0 ] [L1 ]
*** TRAIL_R numBytesInNALunit: 122081
POC  147 TId: 0 ( I-SLICE, QP 26 )     976648 bits [Y 99.9900 dB    U 99.9900 dB    V 99.9900 dB] [ET  7.81 ] [L0 ] [L1 ]
*** TRAIL_R numBytesInNALunit: 117717
POC  148 TId: 0 ( I-SLICE, QP 26 )     941736 bits [Y 99.9900 dB    U 99.9900 dB    V 99.9900 dB] [ET  7.67 ] [L0 ] [L1 ]
*** TRAIL_R numBytesInNALunit: 113148
POC  149 TId: 0 ( I-SLICE, QP 26 )     905184 bits [Y 99.9900 dB    U 99.9900 dB    V 99.9900 dB] [ET  7.52 ] [L0 ] [L1 ]
*** TRAIL_R numBytesInNALunit: 108375
POC  150 TId: 0 ( I-SLICE, QP 26 )     867000 bits [Y 99.9900 dB    U 99.9900 dB    V 99.9900 dB] [ET  7.41 ] [L0 ] [L1 ]
*** TRAIL_R numBytesInNALunit: 100038
POC  151 TId: 0 ( I-SLICE, QP 26 )     800304 bits [Y 99.9900 dB    U 99.9900 dB    V 99.9900 dB] [ET  7.23 ] [L0 ] [L1 ]
*** TRAIL_R numBytesInNALunit: 90358
POC  152 TId: 0 ( I-SLICE, QP 26 )     722864 bits [Y 99.9900 dB    U 99.9900 dB    V 99.9900 dB] [ET  7.09 ] [L0 ] [L1 ]
*** TRAIL_R numBytesInNALunit: 83572
POC  153 TId: 0 ( I-SLICE, QP 26 )     668576 bits [Y 99.9900 dB    U 99.9900 dB    V 99.9900 dB] [ET  6.84 ] [L0 ] [L1 ]
*** TRAIL_R numBytesInNALunit: 77115
POC  154 TId: 0 ( I-SLICE, QP 26 )     616920 bits [Y 99.9900 dB    U 99.9900 dB    V 99.9900 dB] [ET  6.94 ] [L0 ] [L1 ]
*** TRAIL_R numBytesInNALunit: 71561
POC  155 TId: 0 ( I-SLICE, QP 26 )     572488 bits [Y 99.9900 dB    U 99.9900 dB    V 99.9900 dB] [ET  6.86 ] [L0 ] [L1 ]
*** TRAIL_R numBytesInNALunit: 66923
POC  156 TId: 0 ( I-SLICE, QP 26 )     535384 bits [Y 99.9900 dB    U 99.9900 dB    V 99.9900 dB] [ET  6.62 ] [L0 ] [L1 ]
*** TRAIL_R numBytesInNALunit: 63395
POC  157 TId: 0 ( I-SLICE, QP 26 )     507160 bits [Y 99.9900 dB    U 99.9900 dB    V 99.9900 dB] [ET  6.70 ] [L0 ] [L1 ]
*** TRAIL_R numBytesInNALunit: 59005
POC  158 TId: 0 ( I-SLICE, QP 26 )     472040 bits [Y 99.9900 dB    U 99.9900 dB    V 99.9900 dB] [ET  6.59 ] [L0 ] [L1 ]
*** TRAIL_R numBytesInNALunit: 55666
POC  159 TId: 0 ( I-SLICE, QP 26 )     445328 bits [Y 99.9900 dB    U 99.9900 dB    V 99.9900 dB] [ET  6.56 ] [L0 ] [L1 ]
*** TRAIL_R numBytesInNALunit: 54809
POC  160 TId: 0 ( I-SLICE, QP 26 )     438472 bits [Y 99.9900 dB    U 99.9900 dB    V 99.9900 dB] [ET  6.53 ] [L0 ] [L1 ]
*** TRAIL_R numBytesInNALunit: 53639
POC  161 TId: 0 ( I-SLICE, QP 26 )     429112 bits [Y 99.9900 dB    U 99.9900 dB    V 99.9900 dB] [ET  6.55 ] [L0 ] [L1 ]
*** TRAIL_R numBytesInNALunit: 52736
POC  162 TId: 0 ( I-SLICE, QP 26 )     421888 bits [Y 99.9900 dB    U 99.9900 dB    V 99.9900 dB] [ET  6.47 ] [L0 ] [L1 ]
*** TRAIL_R numBytesInNALunit: 50307
POC  163 TId: 0 ( I-SLICE, QP 26 )     402456 bits [Y 99.9900 dB    U 99.9900 dB    V 99.9900 dB] [ET  6.62 ] [L0 ] [L1 ]
*** TRAIL_R numBytesInNALunit: 45490
POC  164 TId: 0 ( I-SLICE, QP 26 )     363920 bits [Y 99.9900 dB    U 99.9900 dB    V 99.9900 dB] [ET  6.38 ] [L0 ] [L1 ]
*** TRAIL_R numBytesInNALunit: 38218
POC  165 TId: 0 ( I-SLICE, QP 26 )     305744 bits [Y 99.9900 dB    U 99.9900 dB    V 99.9900 dB] [ET  6.42 ] [L0 ] [L1 ]
*** TRAIL_R numBytesInNALunit: 27492
POC  166 TId: 0 ( I-SLICE, QP 26 )     219936 bits [Y 99.9900 dB    U 99.9900 dB    V 99.9900 dB] [ET  6.27 ] [L0 ] [L1 ]
*** TRAIL_R numBytesInNALunit: 16782
POC  167 TId: 0 ( I-SLICE, QP 26 )     134256 bits [Y 99.9900 dB    U 99.9900 dB    V 99.9900 dB] [ET  6.25 ] [L0 ] [L1 ]
*** TRAIL_R numBytesInNALunit: 26116
POC  168 TId: 0 ( I-SLICE, QP 26 )     208928 bits [Y 99.9900 dB    U 99.9900 dB    V 99.9900 dB] [ET  6.30 ] [L0 ] [L1 ]
*** TRAIL_R numBytesInNALunit: 41038
POC  169 TId: 0 ( I-SLICE, QP 26 )     328304 bits [Y 99.9900 dB    U 99.9900 dB    V 99.9900 dB] [ET  6.56 ] [L0 ] [L1 ]
*** TRAIL_R numBytesInNALunit: 59061
POC  170 TId: 0 ( I-SLICE, QP 26 )     472488 bits [Y 99.9900 dB    U 99.9900 dB    V 99.9900 dB] [ET  6.86 ] [L0 ] [L1 ]
*** TRAIL_R numBytesInNALunit: 79495
POC  171 TId: 0 ( I-SLICE, QP 26 )     635960 bits [Y 99.9900 dB    U 99.9900 dB    V 99.9900 dB] [ET  7.25 ] [L0 ] [L1 ]
*** TRAIL_R numBytesInNALunit: 96727
POC  172 TId: 0 ( I-SLICE, QP 26 )     773816 bits [Y 99.9900 dB    U 99.9900 dB    V 99.9900 dB] [ET  7.48 ] [L0 ] [L1 ]
*** TRAIL_R numBytesInNALunit: 107900
POC  173 TId: 0 ( I-SLICE, QP 26 )     863200 bits [Y 99.9900 dB    U 99.9900 dB    V 99.9900 dB] [ET  7.73 ] [L0 ] [L1 ]
*** TRAIL_R numBytesInNALunit: 115958
POC  174 TId: 0 ( I-SLICE, QP 26 )     927664 bits [Y 99.9900 dB    U 99.9900 dB    V 99.9900 dB] [ET  7.98 ] [L0 ] [L1 ]
*** TRAIL_R numBytesInNALunit: 113336
POC  175 TId: 0 ( I-SLICE, QP 26 )     906688 bits [Y 99.9900 dB    U 99.9900 dB    V 99.9900 dB] [ET  8.20 ] [L0 ] [L1 ]
*** TRAIL_R numBytesInNALunit: 108922
POC  176 TId: 0 ( I-SLICE, QP 26 )     871376 bits [Y 99.9900 dB    U 99.9900 dB    V 99.9900 dB] [ET  8.16 ] [L0 ] [L1 ]
*** TRAIL_R numBytesInNALunit: 108922
POC  177 TId: 0 ( I-SLICE, QP 26 )     871376 bits [Y 99.9900 dB    U 99.9900 dB    V 99.9900 dB] [ET  8.08 ] [L0 ] [L1 ]
*** TRAIL_R numBytesInNALunit: 108922
POC  178 TId: 0 ( I-SLICE, QP 26 )     871376 bits [Y 99.9900 dB    U 99.9900 dB    V 99.9900 dB] [ET  8.11 ] [L0 ] [L1 ]
*** TRAIL_R numBytesInNALunit: 108922
POC  179 TId: 0 ( I-SLICE, QP 26 )     871376 bits [Y 99.9900 dB    U 99.9900 dB    V 99.9900 dB] [ET  7.95 ] [L0 ] [L1 ]
*** TRAIL_R numBytesInNALunit: 108922
POC  180 TId: 0 ( I-SLICE, QP 26 )     871376 bits [Y 99.9900 dB    U 99.9900 dB    V 99.9900 dB] [ET  7.94 ] [L0 ] [L1 ]
*** TRAIL_R numBytesInNALunit: 108922
POC  181 TId: 0 ( I-SLICE, QP 26 )     871376 bits [Y 99.9900 dB    U 99.9900 dB    V 99.9900 dB] [ET  8.02 ] [L0 ] [L1 ]
*** TRAIL_R numBytesInNALunit: 108922
POC  182 TId: 0 ( I-SLICE, QP 26 )     871376 bits [Y 99.9900 dB    U 99.9900 dB    V 99.9900 dB] [ET  7.98 ] [L0 ] [L1 ]
*** TRAIL_R numBytesInNALunit: 108922
POC  183 TId: 0 ( I-SLICE, QP 26 )     871376 bits [Y 99.9900 dB    U 99.9900 dB    V 99.9900 dB] [ET  8.16 ] [L0 ] [L1 ]
*** TRAIL_R numBytesInNALunit: 108922
POC  184 TId: 0 ( I-SLICE, QP 26 )     871376 bits [Y 99.9900 dB    U 99.9900 dB    V 99.9900 dB] [ET  8.09 ] [L0 ] [L1 ]
*** TRAIL_R numBytesInNALunit: 108922
POC  185 TId: 0 ( I-SLICE, QP 26 )     871376 bits [Y 99.9900 dB    U 99.9900 dB    V 99.9900 dB] [ET  8.02 ] [L0 ] [L1 ]
*** TRAIL_R numBytesInNALunit: 108922
POC  186 TId: 0 ( I-SLICE, QP 26 )     871376 bits [Y 99.9900 dB    U 99.9900 dB    V 99.9900 dB] [ET  8.05 ] [L0 ] [L1 ]
*** TRAIL_R numBytesInNALunit: 108922
POC  187 TId: 0 ( I-SLICE, QP 26 )     871376 bits [Y 99.9900 dB    U 99.9900 dB    V 99.9900 dB] [ET  8.08 ] [L0 ] [L1 ]
*** TRAIL_R numBytesInNALunit: 108922
POC  188 TId: 0 ( I-SLICE, QP 26 )     871376 bits [Y 99.9900 dB    U 99.9900 dB    V 99.9900 dB] [ET  8.19 ] [L0 ] [L1 ]
*** TRAIL_R numBytesInNALunit: 108922
POC  189 TId: 0 ( I-SLICE, QP 26 )     871376 bits [Y 99.9900 dB    U 99.9900 dB    V 99.9900 dB] [ET  8.08 ] [L0 ] [L1 ]
*** TRAIL_R numBytesInNALunit: 108922
POC  190 TId: 0 ( I-SLICE, QP 26 )     871376 bits [Y 99.9900 dB    U 99.9900 dB    V 99.9900 dB] [ET  8.16 ] [L0 ] [L1 ]
*** TRAIL_R numBytesInNALunit: 116776
POC  191 TId: 0 ( I-SLICE, QP 26 )     934208 bits [Y 99.9900 dB    U 99.9900 dB    V 99.9900 dB] [ET  8.16 ] [L0 ] [L1 ]
*** TRAIL_R numBytesInNALunit: 127900
POC  192 TId: 0 ( I-SLICE, QP 26 )    1023200 bits [Y 99.9900 dB    U 99.9900 dB    V 99.9900 dB] [ET  8.27 ] [L0 ] [L1 ]
*** TRAIL_R numBytesInNALunit: 141988
POC  193 TId: 0 ( I-SLICE, QP 26 )    1135904 bits [Y 99.9900 dB    U 99.9900 dB    V 99.9900 dB] [ET  8.56 ] [L0 ] [L1 ]
*** TRAIL_R numBytesInNALunit: 154192
POC  194 TId: 0 ( I-SLICE, QP 26 )    1233536 bits [Y 99.9900 dB    U 99.9900 dB    V 99.9900 dB] [ET  8.75 ] [L0 ] [L1 ]
*** TRAIL_R numBytesInNALunit: 164245
POC  195 TId: 0 ( I-SLICE, QP 26 )    1313960 bits [Y 99.9900 dB    U 99.9900 dB    V 99.9900 dB] [ET  8.95 ] [L0 ] [L1 ]
*** TRAIL_R numBytesInNALunit: 176950
POC  196 TId: 0 ( I-SLICE, QP 26 )    1415600 bits [Y 99.9900 dB    U 99.9900 dB    V 99.9900 dB] [ET  9.08 ] [L0 ] [L1 ]
*** TRAIL_R numBytesInNALunit: 186718
POC  197 TId: 0 ( I-SLICE, QP 26 )    1493744 bits [Y 99.9900 dB    U 99.9900 dB    V 99.9900 dB] [ET  9.08 ] [L0 ] [L1 ]
*** TRAIL_R numBytesInNALunit: 192960
POC  198 TId: 0 ( I-SLICE, QP 26 )    1543680 bits [Y 99.9900 dB    U 99.9900 dB    V 99.9900 dB] [ET  9.22 ] [L0 ] [L1 ]
*** TRAIL_R numBytesInNALunit: 200255
POC  199 TId: 0 ( I-SLICE, QP 26 )    1602040 bits [Y 99.9900 dB    U 99.9900 dB    V 99.9900 dB] [ET  9.41 ] [L0 ] [L1 ]
*** TRAIL_R numBytesInNALunit: 208081
POC  200 TId: 0 ( I-SLICE, QP 26 )    1664648 bits [Y 99.9900 dB    U 99.9900 dB    V 99.9900 dB] [ET  9.39 ] [L0 ] [L1 ]
*** TRAIL_R numBytesInNALunit: 213742
POC  201 TId: 0 ( I-SLICE, QP 26 )    1709936 bits [Y 99.9900 dB    U 99.9900 dB    V 99.9900 dB] [ET  9.56 ] [L0 ] [L1 ]
*** TRAIL_R numBytesInNALunit: 219368
POC  202 TId: 0 ( I-SLICE, QP 26 )    1754944 bits [Y 99.9900 dB    U 99.9900 dB    V 99.9900 dB] [ET  9.69 ] [L0 ] [L1 ]
*** TRAIL_R numBytesInNALunit: 227029
POC  203 TId: 0 ( I-SLICE, QP 26 )    1816232 bits [Y 99.9900 dB    U 99.9900 dB    V 99.9900 dB] [ET  9.83 ] [L0 ] [L1 ]
*** TRAIL_R numBytesInNALunit: 233835
POC  204 TId: 0 ( I-SLICE, QP 26 )    1870680 bits [Y 99.9900 dB    U 99.9900 dB    V 99.9900 dB] [ET  9.66 ] [L0 ] [L1 ]
*** TRAIL_R numBytesInNALunit: 236439
POC  205 TId: 0 ( I-SLICE, QP 26 )    1891512 bits [Y 99.9900 dB    U 99.9900 dB    V 99.9900 dB] [ET  9.75 ] [L0 ] [L1 ]
*** TRAIL_R numBytesInNALunit: 238348
POC  206 TId: 0 ( I-SLICE, QP 26 )    1906784 bits [Y 99.9900 dB    U 99.9900 dB    V 99.9900 dB] [ET  9.69 ] [L0 ] [L1 ]
*** TRAIL_R numBytesInNALunit: 240729
POC  207 TId: 0 ( I-SLICE, QP 26 )    1925832 bits [Y 99.9900 dB    U 99.9900 dB    V 99.9900 dB] [ET  9.81 ] [L0 ] [L1 ]
*** TRAIL_R numBytesInNALunit: 241609
POC  208 TId: 0 ( I-SLICE, QP 26 )    1932872 bits [Y 99.9900 dB    U 99.9900 dB    V 99.9900 dB] [ET  9.81 ] [L0 ] [L1 ]
*** TRAIL_R numBytesInNALunit: 241763
POC  209 TId: 0 ( I-SLICE, QP 26 )    1934104 bits [Y 99.9900 dB    U 99.9900 dB    V 99.9900 dB] [ET  9.89 ] [L0 ] [L1 ]
*** TRAIL_R numBytesInNALunit: 240665
POC  210 TId: 0 ( I-SLICE, QP 26 )    1925320 bits [Y 99.9900 dB    U 99.9900 dB    V 99.9900 dB] [ET  9.72 ] [L0 ] [L1 ]
*** TRAIL_R numBytesInNALunit: 238422
POC  211 TId: 0 ( I-SLICE, QP 26 )    1907376 bits [Y 99.9900 dB    U 99.9900 dB    V 99.9900 dB] [ET  9.75 ] [L0 ] [L1 ]
*** TRAIL_R numBytesInNALunit: 234998
POC  212 TId: 0 ( I-SLICE, QP 26 )    1879984 bits [Y 99.9900 dB    U 99.9900 dB    V 99.9900 dB] [ET  9.67 ] [L0 ] [L1 ]
*** TRAIL_R numBytesInNALunit: 229778
POC  213 TId: 0 ( I-SLICE, QP 26 )    1838224 bits [Y 99.9900 dB    U 99.9900 dB    V 99.9900 dB] [ET  9.38 ] [L0 ] [L1 ]
*** TRAIL_R numBytesInNALunit: 227191
POC  214 TId: 0 ( I-SLICE, QP 26 )    1817528 bits [Y 99.9900 dB    U 99.9900 dB    V 99.9900 dB] [ET  9.41 ] [L0 ] [L1 ]
*** TRAIL_R numBytesInNALunit: 227191
POC  215 TId: 0 ( I-SLICE, QP 26 )    1817528 bits [Y 99.9900 dB    U 99.9900 dB    V 99.9900 dB] [ET  9.45 ] [L0 ] [L1 ]
*** TRAIL_R numBytesInNALunit: 227191
POC  216 TId: 0 ( I-SLICE, QP 26 )    1817528 bits [Y 99.9900 dB    U 99.9900 dB    V 99.9900 dB] [ET  9.42 ] [L0 ] [L1 ]
*** TRAIL_R numBytesInNALunit: 227191
POC  217 TId: 0 ( I-SLICE, QP 26 )    1817528 bits [Y 99.9900 dB    U 99.9900 dB    V 99.9900 dB] [ET  9.61 ] [L0 ] [L1 ]
*** TRAIL_R numBytesInNALunit: 227191
POC  218 TId: 0 ( I-SLICE, QP 26 )    1817528 bits [Y 99.9900 dB    U 99.9900 dB    V 99.9900 dB] [ET  9.48 ] [L0 ] [L1 ]
*** TRAIL_R numBytesInNALunit: 227191
POC  219 TId: 0 ( I-SLICE, QP 26 )    1817528 bits [Y 99.9900 dB    U 99.9900 dB    V 99.9900 dB] [ET  9.47 ] [L0 ] [L1 ]
*** TRAIL_R numBytesInNALunit: 227191
POC  220 TId: 0 ( I-SLICE, QP 26 )    1817528 bits [Y 99.9900 dB    U 99.9900 dB    V 99.9900 dB] [ET  9.42 ] [L0 ] [L1 ]
*** TRAIL_R numBytesInNALunit: 227191
POC  221 TId: 0 ( I-SLICE, QP 26 )    1817528 bits [Y 99.9900 dB    U 99.9900 dB    V 99.9900 dB] [ET  9.44 ] [L0 ] [L1 ]
*** TRAIL_R numBytesInNALunit: 248201
POC  222 TId: 0 ( I-SLICE, QP 26 )    1985608 bits [Y 99.9900 dB    U 99.9900 dB    V 99.9900 dB] [ET  9.72 ] [L0 ] [L1 ]
*** TRAIL_R numBytesInNALunit: 248201
POC  223 TId: 0 ( I-SLICE, QP 26 )    1985608 bits [Y 99.9900 dB    U 99.9900 dB    V 99.9900 dB] [ET  9.73 ] [L0 ] [L1 ]
*** TRAIL_R numBytesInNALunit: 248201
POC  224 TId: 0 ( I-SLICE, QP 26 )    1985608 bits [Y 99.9900 dB    U 99.9900 dB    V 99.9900 dB] [ET  9.73 ] [L0 ] [L1 ]
*** TRAIL_R numBytesInNALunit: 248201
POC  225 TId: 0 ( I-SLICE, QP 26 )    1985608 bits [Y 99.9900 dB    U 99.9900 dB    V 99.9900 dB] [ET  9.86 ] [L0 ] [L1 ]
*** TRAIL_R numBytesInNALunit: 248201
POC  226 TId: 0 ( I-SLICE, QP 26 )    1985608 bits [Y 99.9900 dB    U 99.9900 dB    V 99.9900 dB] [ET  9.80 ] [L0 ] [L1 ]
*** TRAIL_R numBytesInNALunit: 248201
POC  227 TId: 0 ( I-SLICE, QP 26 )    1985608 bits [Y 99.9900 dB    U 99.9900 dB    V 99.9900 dB] [ET  9.73 ] [L0 ] [L1 ]
*** TRAIL_R numBytesInNALunit: 248201
POC  228 TId: 0 ( I-SLICE, QP 26 )    1985608 bits [Y 99.9900 dB    U 99.9900 dB    V 99.9900 dB] [ET  9.75 ] [L0 ] [L1 ]
*** TRAIL_R numBytesInNALunit: 248201
POC  229 TId: 0 ( I-SLICE, QP 26 )    1985608 bits [Y 99.9900 dB    U 99.9900 dB    V 99.9900 dB] [ET  9.77 ] [L0 ] [L1 ]
*** TRAIL_R numBytesInNALunit: 248201
POC  230 TId: 0 ( I-SLICE, QP 26 )    1985608 bits [Y 99.9900 dB    U 99.9900 dB    V 99.9900 dB] [ET  9.78 ] [L0 ] [L1 ]
*** TRAIL_R numBytesInNALunit: 248201
POC  231 TId: 0 ( I-SLICE, QP 26 )    1985608 bits [Y 99.9900 dB    U 99.9900 dB    V 99.9900 dB] [ET  9.77 ] [L0 ] [L1 ]
*** TRAIL_R numBytesInNALunit: 248201
POC  232 TId: 0 ( I-SLICE, QP 26 )    1985608 bits [Y 99.9900 dB    U 99.9900 dB    V 99.9900 dB] [ET  9.62 ] [L0 ] [L1 ]
*** TRAIL_R numBytesInNALunit: 248201
POC  233 TId: 0 ( I-SLICE, QP 26 )    1985608 bits [Y 99.9900 dB    U 99.9900 dB    V 99.9900 dB] [ET  9.80 ] [L0 ] [L1 ]
*** TRAIL_R numBytesInNALunit: 248201
POC  234 TId: 0 ( I-SLICE, QP 26 )    1985608 bits [Y 99.9900 dB    U 99.9900 dB    V 99.9900 dB] [ET  9.75 ] [L0 ] [L1 ]
*** TRAIL_R numBytesInNALunit: 248201
POC  235 TId: 0 ( I-SLICE, QP 26 )    1985608 bits [Y 99.9900 dB    U 99.9900 dB    V 99.9900 dB] [ET  9.83 ] [L0 ] [L1 ]
*** TRAIL_R numBytesInNALunit: 248201
POC  236 TId: 0 ( I-SLICE, QP 26 )    1985608 bits [Y 99.9900 dB    U 99.9900 dB    V 99.9900 dB] [ET  9.80 ] [L0 ] [L1 ]
*** TRAIL_R numBytesInNALunit: 248201
POC  237 TId: 0 ( I-SLICE, QP 26 )    1985608 bits [Y 99.9900 dB    U 99.9900 dB    V 99.9900 dB] [ET  9.78 ] [L0 ] [L1 ]
*** TRAIL_R numBytesInNALunit: 248201
POC  238 TId: 0 ( I-SLICE, QP 26 )    1985608 bits [Y 99.9900 dB    U 99.9900 dB    V 99.9900 dB] [ET  9.75 ] [L0 ] [L1 ]
*** TRAIL_R numBytesInNALunit: 248201
POC  239 TId: 0 ( I-SLICE, QP 26 )    1985608 bits [Y 99.9900 dB    U 99.9900 dB    V 99.9900 dB] [ET  9.91 ] [L0 ] [L1 ]
*** TRAIL_R numBytesInNALunit: 248201
POC  240 TId: 0 ( I-SLICE, QP 26 )    1985608 bits [Y 99.9900 dB    U 99.9900 dB    V 99.9900 dB] [ET  9.88 ] [L0 ] [L1 ]
*** TRAIL_R numBytesInNALunit: 248201
POC  241 TId: 0 ( I-SLICE, QP 26 )    1985608 bits [Y 99.9900 dB    U 99.9900 dB    V 99.9900 dB] [ET  9.84 ] [L0 ] [L1 ]
*** TRAIL_R numBytesInNALunit: 248201
POC  242 TId: 0 ( I-SLICE, QP 26 )    1985608 bits [Y 99.9900 dB    U 99.9900 dB    V 99.9900 dB] [ET  9.80 ] [L0 ] [L1 ]
*** TRAIL_R numBytesInNALunit: 248201
POC  243 TId: 0 ( I-SLICE, QP 26 )    1985608 bits [Y 99.9900 dB    U 99.9900 dB    V 99.9900 dB] [ET  9.70 ] [L0 ] [L1 ]
*** TRAIL_R numBytesInNALunit: 248201
POC  244 TId: 0 ( I-SLICE, QP 26 )    1985608 bits [Y 99.9900 dB    U 99.9900 dB    V 99.9900 dB] [ET  9.77 ] [L0 ] [L1 ]
*** TRAIL_R numBytesInNALunit: 248201
POC  245 TId: 0 ( I-SLICE, QP 26 )    1985608 bits [Y 99.9900 dB    U 99.9900 dB    V 99.9900 dB] [ET  9.70 ] [L0 ] [L1 ]
*** TRAIL_R numBytesInNALunit: 248201
POC  246 TId: 0 ( I-SLICE, QP 26 )    1985608 bits [Y 99.9900 dB    U 99.9900 dB    V 99.9900 dB] [ET  9.81 ] [L0 ] [L1 ]
*** TRAIL_R numBytesInNALunit: 248201
POC  247 TId: 0 ( I-SLICE, QP 26 )    1985608 bits [Y 99.9900 dB    U 99.9900 dB    V 99.9900 dB] [ET  9.86 ] [L0 ] [L1 ]
*** TRAIL_R numBytesInNALunit: 248201
POC  248 TId: 0 ( I-SLICE, QP 26 )    1985608 bits [Y 99.9900 dB    U 99.9900 dB    V 99.9900 dB] [ET  9.78 ] [L0 ] [L1 ]
*** TRAIL_R numBytesInNALunit: 248201
POC  249 TId: 0 ( I-SLICE, QP 26 )    1985608 bits [Y 99.9900 dB    U 99.9900 dB    V 99.9900 dB] [ET  9.81 ] [L0 ] [L1 ]
*** TRAIL_R numBytesInNALunit: 248201
POC  250 TId: 0 ( I-SLICE, QP 26 )    1985608 bits [Y 99.9900 dB    U 99.9900 dB    V 99.9900 dB] [ET  9.86 ] [L0 ] [L1 ]
*** TRAIL_R numBytesInNALunit: 248201
POC  251 TId: 0 ( I-SLICE, QP 26 )    1985608 bits [Y 99.9900 dB    U 99.9900 dB    V 99.9900 dB] [ET  9.86 ] [L0 ] [L1 ]
*** TRAIL_R numBytesInNALunit: 248201
POC  252 TId: 0 ( I-SLICE, QP 26 )    1985608 bits [Y 99.9900 dB    U 99.9900 dB    V 99.9900 dB] [ET  9.77 ] [L0 ] [L1 ]
*** TRAIL_R numBytesInNALunit: 234569
POC  253 TId: 0 ( I-SLICE, QP 26 )    1876552 bits [Y 99.9900 dB    U 99.9900 dB    V 99.9900 dB] [ET  9.62 ] [L0 ] [L1 ]
*** TRAIL_R numBytesInNALunit: 224986
POC  254 TId: 0 ( I-SLICE, QP 26 )    1799888 bits [Y 99.9900 dB    U 99.9900 dB    V 99.9900 dB] [ET  9.48 ] [L0 ] [L1 ]
*** TRAIL_R numBytesInNALunit: 216045
POC  255 TId: 0 ( I-SLICE, QP 26 )    1728360 bits [Y 99.9900 dB    U 99.9900 dB    V 99.9900 dB] [ET  9.22 ] [L0 ] [L1 ]
*** TRAIL_R numBytesInNALunit: 208532
POC  256 TId: 0 ( I-SLICE, QP 26 )    1668256 bits [Y 99.9900 dB    U 99.9900 dB    V 99.9900 dB] [ET  9.17 ] [L0 ] [L1 ]
*** TRAIL_R numBytesInNALunit: 199203
POC  257 TId: 0 ( I-SLICE, QP 26 )    1593624 bits [Y 99.9900 dB    U 99.9900 dB    V 99.9900 dB] [ET  8.91 ] [L0 ] [L1 ]
*** TRAIL_R numBytesInNALunit: 193378
POC  258 TId: 0 ( I-SLICE, QP 26 )    1547024 bits [Y 99.9900 dB    U 99.9900 dB    V 99.9900 dB] [ET  8.86 ] [L0 ] [L1 ]
*** TRAIL_R numBytesInNALunit: 185861
POC  259 TId: 0 ( I-SLICE, QP 26 )    1486888 bits [Y 99.9900 dB    U 99.9900 dB    V 99.9900 dB] [ET  8.80 ] [L0 ] [L1 ]
*** TRAIL_R numBytesInNALunit: 180411
POC  260 TId: 0 ( I-SLICE, QP 26 )    1443288 bits [Y 99.9900 dB    U 99.9900 dB    V 99.9900 dB] [ET  8.69 ] [L0 ] [L1 ]
*** TRAIL_R numBytesInNALunit: 174325
POC  261 TId: 0 ( I-SLICE, QP 26 )    1394600 bits [Y 99.9900 dB    U 99.9900 dB    V 99.9900 dB] [ET  8.56 ] [L0 ] [L1 ]
*** TRAIL_R numBytesInNALunit: 172008
POC  262 TId: 0 ( I-SLICE, QP 26 )    1376064 bits [Y 99.9900 dB    U 99.9900 dB    V 99.9900 dB] [ET  8.52 ] [L0 ] [L1 ]
*** TRAIL_R numBytesInNALunit: 168909
POC  263 TId: 0 ( I-SLICE, QP 26 )    1351272 bits [Y 99.9900 dB    U 99.9900 dB    V 99.9900 dB] [ET  8.55 ] [L0 ] [L1 ]
*** TRAIL_R numBytesInNALunit: 174659
POC  264 TId: 0 ( I-SLICE, QP 26 )    1397272 bits [Y 99.9900 dB    U 99.9900 dB    V 99.9900 dB] [ET  8.61 ] [L0 ] [L1 ]
*** TRAIL_R numBytesInNALunit: 187565
POC  265 TId: 0 ( I-SLICE, QP 26 )    1500520 bits [Y 99.9900 dB    U 99.9900 dB    V 99.9900 dB] [ET  8.92 ] [L0 ] [L1 ]
*** TRAIL_R numBytesInNALunit: 180937
POC  266 TId: 0 ( I-SLICE, QP 26 )    1447496 bits [Y 99.9900 dB    U 99.9900 dB    V 99.9900 dB] [ET  8.67 ] [L0 ] [L1 ]
*** TRAIL_R numBytesInNALunit: 163880
POC  267 TId: 0 ( I-SLICE, QP 26 )    1311040 bits [Y 99.9900 dB    U 99.9900 dB    V 99.9900 dB] [ET  8.39 ] [L0 ] [L1 ]
*** TRAIL_R numBytesInNALunit: 153940
POC  268 TId: 0 ( I-SLICE, QP 26 )    1231520 bits [Y 99.9900 dB    U 99.9900 dB    V 99.9900 dB] [ET  8.30 ] [L0 ] [L1 ]
*** TRAIL_R numBytesInNALunit: 147911
POC  269 TId: 0 ( I-SLICE, QP 26 )    1183288 bits [Y 99.9900 dB    U 99.9900 dB    V 99.9900 dB] [ET  8.19 ] [L0 ] [L1 ]
*** TRAIL_R numBytesInNALunit: 143154
POC  270 TId: 0 ( I-SLICE, QP 26 )    1145232 bits [Y 99.9900 dB    U 99.9900 dB    V 99.9900 dB] [ET  8.11 ] [L0 ] [L1 ]
*** TRAIL_R numBytesInNALunit: 141164
POC  271 TId: 0 ( I-SLICE, QP 26 )    1129312 bits [Y 99.9900 dB    U 99.9900 dB    V 99.9900 dB] [ET  8.05 ] [L0 ] [L1 ]
*** TRAIL_R numBytesInNALunit: 137015
POC  272 TId: 0 ( I-SLICE, QP 26 )    1096120 bits [Y 99.9900 dB    U 99.9900 dB    V 99.9900 dB] [ET  7.94 ] [L0 ] [L1 ]
*** TRAIL_R numBytesInNALunit: 135781
POC  273 TId: 0 ( I-SLICE, QP 26 )    1086248 bits [Y 99.9900 dB    U 99.9900 dB    V 99.9900 dB] [ET  7.97 ] [L0 ] [L1 ]
*** TRAIL_R numBytesInNALunit: 133745
POC  274 TId: 0 ( I-SLICE, QP 26 )    1069960 bits [Y 99.9900 dB    U 99.9900 dB    V 99.9900 dB] [ET  7.92 ] [L0 ] [L1 ]
*** TRAIL_R numBytesInNALunit: 128467
POC  275 TId: 0 ( I-SLICE, QP 26 )    1027736 bits [Y 99.9900 dB    U 99.9900 dB    V 99.9900 dB] [ET  7.77 ] [L0 ] [L1 ]
*** TRAIL_R numBytesInNALunit: 121626
POC  276 TId: 0 ( I-SLICE, QP 26 )     973008 bits [Y 99.9900 dB    U 99.9900 dB    V 99.9900 dB] [ET  7.73 ] [L0 ] [L1 ]
*** TRAIL_R numBytesInNALunit: 113178
POC  277 TId: 0 ( I-SLICE, QP 26 )     905424 bits [Y 99.9900 dB    U 99.9900 dB    V 99.9900 dB] [ET  7.66 ] [L0 ] [L1 ]
*** TRAIL_R numBytesInNALunit: 107393
POC  278 TId: 0 ( I-SLICE, QP 26 )     859144 bits [Y 99.9900 dB    U 99.9900 dB    V 99.9900 dB] [ET  7.59 ] [L0 ] [L1 ]
*** TRAIL_R numBytesInNALunit: 104498
POC  279 TId: 0 ( I-SLICE, QP 26 )     835984 bits [Y 99.9900 dB    U 99.9900 dB    V 99.9900 dB] [ET  7.73 ] [L0 ] [L1 ]
*** TRAIL_R numBytesInNALunit: 103361
POC  280 TId: 0 ( I-SLICE, QP 26 )     826888 bits [Y 99.9900 dB    U 99.9900 dB    V 99.9900 dB] [ET  7.66 ] [L0 ] [L1 ]
*** TRAIL_R numBytesInNALunit: 103361
POC  281 TId: 0 ( I-SLICE, QP 26 )     826888 bits [Y 99.9900 dB    U 99.9900 dB    V 99.9900 dB] [ET  7.75 ] [L0 ] [L1 ]
*** TRAIL_R numBytesInNALunit: 103361
POC  282 TId: 0 ( I-SLICE, QP 26 )     826888 bits [Y 99.9900 dB    U 99.9900 dB    V 99.9900 dB] [ET  7.59 ] [L0 ] [L1 ]
*** TRAIL_R numBytesInNALunit: 103361
POC  283 TId: 0 ( I-SLICE, QP 26 )     826888 bits [Y 99.9900 dB    U 99.9900 dB    V 99.9900 dB] [ET  7.69 ] [L0 ] [L1 ]
*** TRAIL_R numBytesInNALunit: 103361
POC  284 TId: 0 ( I-SLICE, QP 26 )     826888 bits [Y 99.9900 dB    U 99.9900 dB    V 99.9900 dB] [ET  7.72 ] [L0 ] [L1 ]
*** TRAIL_R numBytesInNALunit: 103361
POC  285 TId: 0 ( I-SLICE, QP 26 )     826888 bits [Y 99.9900 dB    U 99.9900 dB    V 99.9900 dB] [ET  7.64 ] [L0 ] [L1 ]
*** TRAIL_R numBytesInNALunit: 103361
POC  286 TId: 0 ( I-SLICE, QP 26 )     826888 bits [Y 99.9900 dB    U 99.9900 dB    V 99.9900 dB] [ET  7.56 ] [L0 ] [L1 ]
*** TRAIL_R numBytesInNALunit: 103361
POC  287 TId: 0 ( I-SLICE, QP 26 )     826888 bits [Y 99.9900 dB    U 99.9900 dB    V 99.9900 dB] [ET  7.66 ] [L0 ] [L1 ]
*** TRAIL_R numBytesInNALunit: 103361
POC  288 TId: 0 ( I-SLICE, QP 26 )     826888 bits [Y 99.9900 dB    U 99.9900 dB    V 99.9900 dB] [ET  7.70 ] [L0 ] [L1 ]
*** TRAIL_R numBytesInNALunit: 103361
POC  289 TId: 0 ( I-SLICE, QP 26 )     826888 bits [Y 99.9900 dB    U 99.9900 dB    V 99.9900 dB] [ET  7.66 ] [L0 ] [L1 ]
*** TRAIL_R numBytesInNALunit: 103361
POC  290 TId: 0 ( I-SLICE, QP 26 )     826888 bits [Y 99.9900 dB    U 99.9900 dB    V 99.9900 dB] [ET  7.67 ] [L0 ] [L1 ]
*** TRAIL_R numBytesInNALunit: 103361
POC  291 TId: 0 ( I-SLICE, QP 26 )     826888 bits [Y 99.9900 dB    U 99.9900 dB    V 99.9900 dB] [ET  7.64 ] [L0 ] [L1 ]
*** TRAIL_R numBytesInNALunit: 103361
POC  292 TId: 0 ( I-SLICE, QP 26 )     826888 bits [Y 99.9900 dB    U 99.9900 dB    V 99.9900 dB] [ET  7.88 ] [L0 ] [L1 ]
*** TRAIL_R numBytesInNALunit: 103361
POC  293 TId: 0 ( I-SLICE, QP 26 )     826888 bits [Y 99.9900 dB    U 99.9900 dB    V 99.9900 dB] [ET  7.91 ] [L0 ] [L1 ]
*** TRAIL_R numBytesInNALunit: 103361
POC  294 TId: 0 ( I-SLICE, QP 26 )     826888 bits [Y 99.9900 dB    U 99.9900 dB    V 99.9900 dB] [ET  7.92 ] [L0 ] [L1 ]
*** TRAIL_R numBytesInNALunit: 103361
POC  295 TId: 0 ( I-SLICE, QP 26 )     826888 bits [Y 99.9900 dB    U 99.9900 dB    V 99.9900 dB] [ET  7.94 ] [L0 ] [L1 ]
*** TRAIL_R numBytesInNALunit: 103621
POC  296 TId: 0 ( I-SLICE, QP 26 )     828968 bits [Y 99.9900 dB    U 99.9900 dB    V 99.9900 dB] [ET  7.88 ] [L0 ] [L1 ]
*** TRAIL_R numBytesInNALunit: 104503
POC  297 TId: 0 ( I-SLICE, QP 26 )     836024 bits [Y 99.9900 dB    U 99.9900 dB    V 99.9900 dB] [ET  7.91 ] [L0 ] [L1 ]
*** TRAIL_R numBytesInNALunit: 105874
POC  298 TId: 0 ( I-SLICE, QP 26 )     846992 bits [Y 99.9900 dB    U 99.9900 dB    V 99.9900 dB] [ET  7.92 ] [L0 ] [L1 ]
*** TRAIL_R numBytesInNALunit: 107002
POC  299 TId: 0 ( I-SLICE, QP 26 )     856016 bits [Y 99.9900 dB    U 99.9900 dB    V 99.9900 dB] [ET  8.08 ] [L0 ] [L1 ]
*** TRAIL_R numBytesInNALunit: 108155
POC  300 TId: 0 ( I-SLICE, QP 26 )     865240 bits [Y 99.9900 dB    U 99.9900 dB    V 99.9900 dB] [ET  7.94 ] [L0 ] [L1 ]
*** TRAIL_R numBytesInNALunit: 109667
POC  301 TId: 0 ( I-SLICE, QP 26 )     877336 bits [Y 99.9900 dB    U 99.9900 dB    V 99.9900 dB] [ET  8.28 ] [L0 ] [L1 ]
*** TRAIL_R numBytesInNALunit: 111834
POC  302 TId: 0 ( I-SLICE, QP 26 )     894672 bits [Y 99.9900 dB    U 99.9900 dB    V 99.9900 dB] [ET  8.23 ] [L0 ] [L1 ]
*** TRAIL_R numBytesInNALunit: 112430
POC  303 TId: 0 ( I-SLICE, QP 26 )     899440 bits [Y 99.9900 dB    U 99.9900 dB    V 99.9900 dB] [ET  8.48 ] [L0 ] [L1 ]
*** TRAIL_R numBytesInNALunit: 111376
POC  304 TId: 0 ( I-SLICE, QP 26 )     891008 bits [Y 99.9900 dB    U 99.9900 dB    V 99.9900 dB] [ET  8.36 ] [L0 ] [L1 ]
*** TRAIL_R numBytesInNALunit: 109020
POC  305 TId: 0 ( I-SLICE, QP 26 )     872160 bits [Y 99.9900 dB    U 99.9900 dB    V 99.9900 dB] [ET  8.47 ] [L0 ] [L1 ]
*** TRAIL_R numBytesInNALunit: 103295
POC  306 TId: 0 ( I-SLICE, QP 26 )     826360 bits [Y 99.9900 dB    U 99.9900 dB    V 99.9900 dB] [ET  8.48 ] [L0 ] [L1 ]
*** TRAIL_R numBytesInNALunit: 95099
POC  307 TId: 0 ( I-SLICE, QP 26 )     760792 bits [Y 99.9900 dB    U 99.9900 dB    V 99.9900 dB] [ET  8.20 ] [L0 ] [L1 ]
*** TRAIL_R numBytesInNALunit: 87791
POC  308 TId: 0 ( I-SLICE, QP 26 )     702328 bits [Y 99.9900 dB    U 99.9900 dB    V 99.9900 dB] [ET  7.84 ] [L0 ] [L1 ]
*** TRAIL_R numBytesInNALunit: 77289
POC  309 TId: 0 ( I-SLICE, QP 26 )     618312 bits [Y 99.9900 dB    U 99.9900 dB    V 99.9900 dB] [ET  7.75 ] [L0 ] [L1 ]
*** TRAIL_R numBytesInNALunit: 66965
POC  310 TId: 0 ( I-SLICE, QP 26 )     535720 bits [Y 99.9900 dB    U 99.9900 dB    V 99.9900 dB] [ET  7.69 ] [L0 ] [L1 ]
*** TRAIL_R numBytesInNALunit: 58141
POC  311 TId: 0 ( I-SLICE, QP 26 )     465128 bits [Y 99.9900 dB    U 99.9900 dB    V 99.9900 dB] [ET  7.61 ] [L0 ] [L1 ]
*** TRAIL_R numBytesInNALunit: 49708
POC  312 TId: 0 ( I-SLICE, QP 26 )     397664 bits [Y 99.9900 dB    U 99.9900 dB    V 99.9900 dB] [ET  7.30 ] [L0 ] [L1 ]
*** TRAIL_R numBytesInNALunit: 42418
POC  313 TId: 0 ( I-SLICE, QP 26 )     339344 bits [Y 99.9900 dB    U 99.9900 dB    V 99.9900 dB] [ET  7.16 ] [L0 ] [L1 ]
*** TRAIL_R numBytesInNALunit: 39513
POC  314 TId: 0 ( I-SLICE, QP 26 )     316104 bits [Y 99.9900 dB    U 99.9900 dB    V 99.9900 dB] [ET  7.05 ] [L0 ] [L1 ]
*** TRAIL_R numBytesInNALunit: 35419
POC  315 TId: 0 ( I-SLICE, QP 26 )     283352 bits [Y 99.9900 dB    U 99.9900 dB    V 99.9900 dB] [ET  6.88 ] [L0 ] [L1 ]
*** TRAIL_R numBytesInNALunit: 32223
POC  316 TId: 0 ( I-SLICE, QP 26 )     257784 bits [Y 99.9900 dB    U 99.9900 dB    V 99.9900 dB] [ET  6.83 ] [L0 ] [L1 ]
*** TRAIL_R numBytesInNALunit: 29827
POC  317 TId: 0 ( I-SLICE, QP 26 )     238616 bits [Y 99.9900 dB    U 99.9900 dB    V 99.9900 dB] [ET  6.84 ] [L0 ] [L1 ]
*** TRAIL_R numBytesInNALunit: 28503
POC  318 TId: 0 ( I-SLICE, QP 26 )     228024 bits [Y 99.9900 dB    U 99.9900 dB    V 99.9900 dB] [ET  6.73 ] [L0 ] [L1 ]
*** TRAIL_R numBytesInNALunit: 26804
POC  319 TId: 0 ( I-SLICE, QP 26 )     214432 bits [Y 99.9900 dB    U 99.9900 dB    V 99.9900 dB] [ET  6.70 ] [L0 ] [L1 ]
*** TRAIL_R numBytesInNALunit: 25454
POC  320 TId: 0 ( I-SLICE, QP 26 )     203632 bits [Y 99.9900 dB    U 99.9900 dB    V 99.9900 dB] [ET  6.62 ] [L0 ] [L1 ]
*** TRAIL_R numBytesInNALunit: 24977
POC  321 TId: 0 ( I-SLICE, QP 26 )     199816 bits [Y 99.9900 dB    U 99.9900 dB    V 99.9900 dB] [ET  6.77 ] [L0 ] [L1 ]
*** TRAIL_R numBytesInNALunit: 24890
POC  322 TId: 0 ( I-SLICE, QP 26 )     199120 bits [Y 99.9900 dB    U 99.9900 dB    V 99.9900 dB] [ET  6.70 ] [L0 ] [L1 ]
*** TRAIL_R numBytesInNALunit: 24890
POC  323 TId: 0 ( I-SLICE, QP 26 )     199120 bits [Y 99.9900 dB    U 99.9900 dB    V 99.9900 dB] [ET  6.73 ] [L0 ] [L1 ]
*** TRAIL_R numBytesInNALunit: 24890
POC  324 TId: 0 ( I-SLICE, QP 26 )     199120 bits [Y 99.9900 dB    U 99.9900 dB    V 99.9900 dB] [ET  6.59 ] [L0 ] [L1 ]
*** TRAIL_R numBytesInNALunit: 24890
POC  325 TId: 0 ( I-SLICE, QP 26 )     199120 bits [Y 99.9900 dB    U 99.9900 dB    V 99.9900 dB] [ET  6.59 ] [L0 ] [L1 ]
*** TRAIL_R numBytesInNALunit: 24890
POC  326 TId: 0 ( I-SLICE, QP 26 )     199120 bits [Y 99.9900 dB    U 99.9900 dB    V 99.9900 dB] [ET  6.58 ] [L0 ] [L1 ]
*** TRAIL_R numBytesInNALunit: 24890
POC  327 TId: 0 ( I-SLICE, QP 26 )     199120 bits [Y 99.9900 dB    U 99.9900 dB    V 99.9900 dB] [ET  6.53 ] [L0 ] [L1 ]
*** TRAIL_R numBytesInNALunit: 24890
POC  328 TId: 0 ( I-SLICE, QP 26 )     199120 bits [Y 99.9900 dB    U 99.9900 dB    V 99.9900 dB] [ET  6.50 ] [L0 ] [L1 ]
*** TRAIL_R numBytesInNALunit: 24890
POC  329 TId: 0 ( I-SLICE, QP 26 )     199120 bits [Y 99.9900 dB    U 99.9900 dB    V 99.9900 dB] [ET  6.55 ] [L0 ] [L1 ]
*** TRAIL_R numBytesInNALunit: 24890
POC  330 TId: 0 ( I-SLICE, QP 26 )     199120 bits [Y 99.9900 dB    U 99.9900 dB    V 99.9900 dB] [ET  6.56 ] [L0 ] [L1 ]
*** TRAIL_R numBytesInNALunit: 24890
POC  331 TId: 0 ( I-SLICE, QP 26 )     199120 bits [Y 99.9900 dB    U 99.9900 dB    V 99.9900 dB] [ET  6.58 ] [L0 ] [L1 ]
*** TRAIL_R numBytesInNALunit: 24890
POC  332 TId: 0 ( I-SLICE, QP 26 )     199120 bits [Y 99.9900 dB    U 99.9900 dB    V 99.9900 dB] [ET  6.56 ] [L0 ] [L1 ]
*** TRAIL_R numBytesInNALunit: 24890
POC  333 TId: 0 ( I-SLICE, QP 26 )     199120 bits [Y 99.9900 dB    U 99.9900 dB    V 99.9900 dB] [ET  6.62 ] [L0 ] [L1 ]
*** TRAIL_R numBytesInNALunit: 24890
POC  334 TId: 0 ( I-SLICE, QP 26 )     199120 bits [Y 99.9900 dB    U 99.9900 dB    V 99.9900 dB] [ET  6.67 ] [L0 ] [L1 ]
*** TRAIL_R numBytesInNALunit: 26501
POC  335 TId: 0 ( I-SLICE, QP 26 )     212008 bits [Y 99.9900 dB    U 99.9900 dB    V 99.9900 dB] [ET  6.80 ] [L0 ] [L1 ]
*** TRAIL_R numBytesInNALunit: 28947
POC  336 TId: 0 ( I-SLICE, QP 26 )     231576 bits [Y 99.9900 dB    U 99.9900 dB    V 99.9900 dB] [ET  6.92 ] [L0 ] [L1 ]
*** TRAIL_R numBytesInNALunit: 30076
POC  337 TId: 0 ( I-SLICE, QP 26 )     240608 bits [Y 99.9900 dB    U 99.9900 dB    V 99.9900 dB] [ET  6.69 ] [L0 ] [L1 ]
*** TRAIL_R numBytesInNALunit: 31326
POC  338 TId: 0 ( I-SLICE, QP 26 )     250608 bits [Y 99.9900 dB    U 99.9900 dB    V 99.9900 dB] [ET  6.78 ] [L0 ] [L1 ]
*** TRAIL_R numBytesInNALunit: 32890
POC  339 TId: 0 ( I-SLICE, QP 26 )     263120 bits [Y 99.9900 dB    U 99.9900 dB    V 99.9900 dB] [ET  6.88 ] [L0 ] [L1 ]
*** TRAIL_R numBytesInNALunit: 34722
POC  340 TId: 0 ( I-SLICE, QP 26 )     277776 bits [Y 99.9900 dB    U 99.9900 dB    V 99.9900 dB] [ET  6.88 ] [L0 ] [L1 ]
*** TRAIL_R numBytesInNALunit: 36594
POC  341 TId: 0 ( I-SLICE, QP 26 )     292752 bits [Y 99.9900 dB    U 99.9900 dB    V 99.9900 dB] [ET  6.94 ] [L0 ] [L1 ]
*** TRAIL_R numBytesInNALunit: 38602
POC  342 TId: 0 ( I-SLICE, QP 26 )     308816 bits [Y 99.9900 dB    U 99.9900 dB    V 99.9900 dB] [ET  6.95 ] [L0 ] [L1 ]
*** TRAIL_R numBytesInNALunit: 40366
POC  343 TId: 0 ( I-SLICE, QP 26 )     322928 bits [Y 99.9900 dB    U 99.9900 dB    V 99.9900 dB] [ET  7.05 ] [L0 ] [L1 ]
*** TRAIL_R numBytesInNALunit: 40480
POC  344 TId: 0 ( I-SLICE, QP 26 )     323840 bits [Y 99.9900 dB    U 99.9900 dB    V 99.9900 dB] [ET  7.02 ] [L0 ] [L1 ]
*** TRAIL_R numBytesInNALunit: 40614
POC  345 TId: 0 ( I-SLICE, QP 26 )     324912 bits [Y 99.9900 dB    U 99.9900 dB    V 99.9900 dB] [ET  6.92 ] [L0 ] [L1 ]
*** TRAIL_R numBytesInNALunit: 40741
POC  346 TId: 0 ( I-SLICE, QP 26 )     325928 bits [Y 99.9900 dB    U 99.9900 dB    V 99.9900 dB] [ET  6.98 ] [L0 ] [L1 ]
*** TRAIL_R numBytesInNALunit: 40839
POC  347 TId: 0 ( I-SLICE, QP 26 )     326712 bits [Y 99.9900 dB    U 99.9900 dB    V 99.9900 dB] [ET  7.03 ] [L0 ] [L1 ]
*** TRAIL_R numBytesInNALunit: 40955
POC  348 TId: 0 ( I-SLICE, QP 26 )     327640 bits [Y 99.9900 dB    U 99.9900 dB    V 99.9900 dB] [ET  6.89 ] [L0 ] [L1 ]
*** TRAIL_R numBytesInNALunit: 41017
POC  349 TId: 0 ( I-SLICE, QP 26 )     328136 bits [Y 99.9900 dB    U 99.9900 dB    V 99.9900 dB] [ET  7.03 ] [L0 ] [L1 ]
*** TRAIL_R numBytesInNALunit: 41127
POC  350 TId: 0 ( I-SLICE, QP 26 )     329016 bits [Y 99.9900 dB    U 99.9900 dB    V 99.9900 dB] [ET  6.98 ] [L0 ] [L1 ]
*** TRAIL_R numBytesInNALunit: 41200
POC  351 TId: 0 ( I-SLICE, QP 26 )     329600 bits [Y 99.9900 dB    U 99.9900 dB    V 99.9900 dB] [ET  6.88 ] [L0 ] [L1 ]
*** TRAIL_R numBytesInNALunit: 41288
POC  352 TId: 0 ( I-SLICE, QP 26 )     330304 bits [Y 99.9900 dB    U 99.9900 dB    V 99.9900 dB] [ET  6.92 ] [L0 ] [L1 ]
*** TRAIL_R numBytesInNALunit: 41336
POC  353 TId: 0 ( I-SLICE, QP 26 )     330688 bits [Y 99.9900 dB    U 99.9900 dB    V 99.9900 dB] [ET  6.91 ] [L0 ] [L1 ]
*** TRAIL_R numBytesInNALunit: 41394
POC  354 TId: 0 ( I-SLICE, QP 26 )     331152 bits [Y 99.9900 dB    U 99.9900 dB    V 99.9900 dB] [ET  6.97 ] [L0 ] [L1 ]
*** TRAIL_R numBytesInNALunit: 41473
POC  355 TId: 0 ( I-SLICE, QP 26 )     331784 bits [Y 99.9900 dB    U 99.9900 dB    V 99.9900 dB] [ET  7.05 ] [L0 ] [L1 ]
*** TRAIL_R numBytesInNALunit: 41561
POC  356 TId: 0 ( I-SLICE, QP 26 )     332488 bits [Y 99.9900 dB    U 99.9900 dB    V 99.9900 dB] [ET  7.06 ] [L0 ] [L1 ]
*** TRAIL_R numBytesInNALunit: 41625
POC  357 TId: 0 ( I-SLICE, QP 26 )     333000 bits [Y 99.9900 dB    U 99.9900 dB    V 99.9900 dB] [ET  7.06 ] [L0 ] [L1 ]
*** TRAIL_R numBytesInNALunit: 41672
POC  358 TId: 0 ( I-SLICE, QP 26 )     333376 bits [Y 99.9900 dB    U 99.9900 dB    V 99.9900 dB] [ET  7.05 ] [L0 ] [L1 ]
*** TRAIL_R numBytesInNALunit: 41722
POC  359 TId: 0 ( I-SLICE, QP 26 )     333776 bits [Y 99.9900 dB    U 99.9900 dB    V 99.9900 dB] [ET  6.98 ] [L0 ] [L1 ]
*** TRAIL_R numBytesInNALunit: 41813
POC  360 TId: 0 ( I-SLICE, QP 26 )     334504 bits [Y 99.9900 dB    U 99.9900 dB    V 99.9900 dB] [ET  6.94 ] [L0 ] [L1 ]
*** TRAIL_R numBytesInNALunit: 41848
POC  361 TId: 0 ( I-SLICE, QP 26 )     334784 bits [Y 99.9900 dB    U 99.9900 dB    V 99.9900 dB] [ET  7.03 ] [L0 ] [L1 ]
*** TRAIL_R numBytesInNALunit: 41885
POC  362 TId: 0 ( I-SLICE, QP 26 )     335080 bits [Y 99.9900 dB    U 99.9900 dB    V 99.9900 dB] [ET  6.97 ] [L0 ] [L1 ]
*** TRAIL_R numBytesInNALunit: 41939
POC  363 TId: 0 ( I-SLICE, QP 26 )     335512 bits [Y 99.9900 dB    U 99.9900 dB    V 99.9900 dB] [ET  7.02 ] [L0 ] [L1 ]
*** TRAIL_R numBytesInNALunit: 41985
POC  364 TId: 0 ( I-SLICE, QP 26 )     335880 bits [Y 99.9900 dB    U 99.9900 dB    V 99.9900 dB] [ET  6.92 ] [L0 ] [L1 ]
*** TRAIL_R numBytesInNALunit: 42030
POC  365 TId: 0 ( I-SLICE, QP 26 )     336240 bits [Y 99.9900 dB    U 99.9900 dB    V 99.9900 dB] [ET  6.94 ] [L0 ] [L1 ]
*** TRAIL_R numBytesInNALunit: 42068
POC  366 TId: 0 ( I-SLICE, QP 26 )     336544 bits [Y 99.9900 dB    U 99.9900 dB    V 99.9900 dB] [ET  6.98 ] [L0 ] [L1 ]
*** TRAIL_R numBytesInNALunit: 42075
POC  367 TId: 0 ( I-SLICE, QP 26 )     336600 bits [Y 99.9900 dB    U 99.9900 dB    V 99.9900 dB] [ET  6.97 ] [L0 ] [L1 ]
*** TRAIL_R numBytesInNALunit: 42075
POC  368 TId: 0 ( I-SLICE, QP 26 )     336600 bits [Y 99.9900 dB    U 99.9900 dB    V 99.9900 dB] [ET  6.95 ] [L0 ] [L1 ]
*** TRAIL_R numBytesInNALunit: 42075
POC  369 TId: 0 ( I-SLICE, QP 26 )     336600 bits [Y 99.9900 dB    U 99.9900 dB    V 99.9900 dB] [ET  6.97 ] [L0 ] [L1 ]
*** TRAIL_R numBytesInNALunit: 42075
POC  370 TId: 0 ( I-SLICE, QP 26 )     336600 bits [Y 99.9900 dB    U 99.9900 dB    V 99.9900 dB] [ET  6.98 ] [L0 ] [L1 ]
*** TRAIL_R numBytesInNALunit: 42075
POC  371 TId: 0 ( I-SLICE, QP 26 )     336600 bits [Y 99.9900 dB    U 99.9900 dB    V 99.9900 dB] [ET  7.03 ] [L0 ] [L1 ]
*** TRAIL_R numBytesInNALunit: 42075
POC  372 TId: 0 ( I-SLICE, QP 26 )     336600 bits [Y 99.9900 dB    U 99.9900 dB    V 99.9900 dB] [ET  6.95 ] [L0 ] [L1 ]
*** TRAIL_R numBytesInNALunit: 42075
POC  373 TId: 0 ( I-SLICE, QP 26 )     336600 bits [Y 99.9900 dB    U 99.9900 dB    V 99.9900 dB] [ET  7.03 ] [L0 ] [L1 ]
*** TRAIL_R numBytesInNALunit: 42075
POC  374 TId: 0 ( I-SLICE, QP 26 )     336600 bits [Y 99.9900 dB    U 99.9900 dB    V 99.9900 dB] [ET  6.94 ] [L0 ] [L1 ]
*** TRAIL_R numBytesInNALunit: 42075
POC  375 TId: 0 ( I-SLICE, QP 26 )     336600 bits [Y 99.9900 dB    U 99.9900 dB    V 99.9900 dB] [ET  6.78 ] [L0 ] [L1 ]
*** TRAIL_R numBytesInNALunit: 42472
POC  376 TId: 0 ( I-SLICE, QP 26 )     339776 bits [Y 99.9900 dB    U 99.9900 dB    V 99.9900 dB] [ET  6.56 ] [L0 ] [L1 ]
*** TRAIL_R numBytesInNALunit: 45120
POC  377 TId: 0 ( I-SLICE, QP 26 )     360960 bits [Y 99.9900 dB    U 99.9900 dB    V 99.9900 dB] [ET  7.00 ] [L0 ] [L1 ]
*** TRAIL_R numBytesInNALunit: 51208
POC  378 TId: 0 ( I-SLICE, QP 26 )     409664 bits [Y 99.9900 dB    U 99.9900 dB    V 99.9900 dB] [ET  7.22 ] [L0 ] [L1 ]
*** TRAIL_R numBytesInNALunit: 59327
POC  379 TId: 0 ( I-SLICE, QP 26 )     474616 bits [Y 99.9900 dB    U 99.9900 dB    V 99.9900 dB] [ET  7.27 ] [L0 ] [L1 ]
*** TRAIL_R numBytesInNALunit: 69842
POC  380 TId: 0 ( I-SLICE, QP 26 )     558736 bits [Y 99.9900 dB    U 99.9900 dB    V 99.9900 dB] [ET  7.64 ] [L0 ] [L1 ]
*** TRAIL_R numBytesInNALunit: 83657
POC  381 TId: 0 ( I-SLICE, QP 26 )     669256 bits [Y 99.9900 dB    U 99.9900 dB    V 99.9900 dB] [ET  7.70 ] [L0 ] [L1 ]
*** TRAIL_R numBytesInNALunit: 95837
POC  382 TId: 0 ( I-SLICE, QP 26 )     766696 bits [Y 99.9900 dB    U 99.9900 dB    V 99.9900 dB] [ET  7.89 ] [L0 ] [L1 ]
*** TRAIL_R numBytesInNALunit: 111701
POC  383 TId: 0 ( I-SLICE, QP 26 )     893608 bits [Y 99.9900 dB    U 99.9900 dB    V 99.9900 dB] [ET  7.84 ] [L0 ] [L1 ]
*** TRAIL_R numBytesInNALunit: 126592
POC  384 TId: 0 ( I-SLICE, QP 26 )    1012736 bits [Y 99.9900 dB    U 99.9900 dB    V 99.9900 dB] [ET  7.75 ] [L0 ] [L1 ]
*** TRAIL_R numBytesInNALunit: 140355
POC  385 TId: 0 ( I-SLICE, QP 26 )    1122840 bits [Y 99.9900 dB    U 99.9900 dB    V 99.9900 dB] [ET  7.89 ] [L0 ] [L1 ]
*** TRAIL_R numBytesInNALunit: 157525
POC  386 TId: 0 ( I-SLICE, QP 26 )    1260200 bits [Y 99.9900 dB    U 99.9900 dB    V 99.9900 dB] [ET  7.98 ] [L0 ] [L1 ]
*** TRAIL_R numBytesInNALunit: 175053
POC  387 TId: 0 ( I-SLICE, QP 26 )    1400424 bits [Y 99.9900 dB    U 99.9900 dB    V 99.9900 dB] [ET  8.47 ] [L0 ] [L1 ]
*** TRAIL_R numBytesInNALunit: 187854
POC  388 TId: 0 ( I-SLICE, QP 26 )    1502832 bits [Y 99.9900 dB    U 99.9900 dB    V 99.9900 dB] [ET  8.58 ] [L0 ] [L1 ]
*** TRAIL_R numBytesInNALunit: 203740
POC  389 TId: 0 ( I-SLICE, QP 26 )    1629920 bits [Y 99.9900 dB    U 99.9900 dB    V 99.9900 dB] [ET  8.64 ] [L0 ] [L1 ]
*** TRAIL_R numBytesInNALunit: 220481
POC  390 TId: 0 ( I-SLICE, QP 26 )    1763848 bits [Y 99.9900 dB    U 99.9900 dB    V 99.9900 dB] [ET  8.75 ] [L0 ] [L1 ]
*** TRAIL_R numBytesInNALunit: 233532
POC  391 TId: 0 ( I-SLICE, QP 26 )    1868256 bits [Y 99.9900 dB    U 99.9900 dB    V 99.9900 dB] [ET  8.97 ] [L0 ] [L1 ]
*** TRAIL_R numBytesInNALunit: 243303
POC  392 TId: 0 ( I-SLICE, QP 26 )    1946424 bits [Y 99.9900 dB    U 99.9900 dB    V 99.9900 dB] [ET  9.17 ] [L0 ] [L1 ]
*** TRAIL_R numBytesInNALunit: 253824
POC  393 TId: 0 ( I-SLICE, QP 26 )    2030592 bits [Y 99.9900 dB    U 99.9900 dB    V 99.9900 dB] [ET  9.30 ] [L0 ] [L1 ]
*** TRAIL_R numBytesInNALunit: 261506
POC  394 TId: 0 ( I-SLICE, QP 26 )    2092048 bits [Y 99.9900 dB    U 99.9900 dB    V 99.9900 dB] [ET  9.25 ] [L0 ] [L1 ]
*** TRAIL_R numBytesInNALunit: 266612
POC  395 TId: 0 ( I-SLICE, QP 26 )    2132896 bits [Y 99.9900 dB    U 99.9900 dB    V 99.9900 dB] [ET  9.25 ] [L0 ] [L1 ]
*** TRAIL_R numBytesInNALunit: 271070
POC  396 TId: 0 ( I-SLICE, QP 26 )    2168560 bits [Y 99.9900 dB    U 99.9900 dB    V 99.9900 dB] [ET  9.28 ] [L0 ] [L1 ]
*** TRAIL_R numBytesInNALunit: 274420
POC  397 TId: 0 ( I-SLICE, QP 26 )    2195360 bits [Y 99.9900 dB    U 99.9900 dB    V 99.9900 dB] [ET  9.19 ] [L0 ] [L1 ]
*** TRAIL_R numBytesInNALunit: 276885
POC  398 TId: 0 ( I-SLICE, QP 26 )    2215080 bits [Y 99.9900 dB    U 99.9900 dB    V 99.9900 dB] [ET  9.20 ] [L0 ] [L1 ]
*** TRAIL_R numBytesInNALunit: 278350
POC  399 TId: 0 ( I-SLICE, QP 26 )    2226800 bits [Y 99.9900 dB    U 99.9900 dB    V 99.9900 dB] [ET  9.45 ] [L0 ] [L1 ]
*** TRAIL_R numBytesInNALunit: 279622
POC  400 TId: 0 ( I-SLICE, QP 26 )    2236976 bits [Y 99.9900 dB    U 99.9900 dB    V 99.9900 dB] [ET  9.41 ] [L0 ] [L1 ]
*** TRAIL_R numBytesInNALunit: 279819
POC  401 TId: 0 ( I-SLICE, QP 26 )    2238552 bits [Y 99.9900 dB    U 99.9900 dB    V 99.9900 dB] [ET  9.19 ] [L0 ] [L1 ]
*** TRAIL_R numBytesInNALunit: 279525
POC  402 TId: 0 ( I-SLICE, QP 26 )    2236200 bits [Y 99.9900 dB    U 99.9900 dB    V 99.9900 dB] [ET  8.69 ] [L0 ] [L1 ]
*** TRAIL_R numBytesInNALunit: 278780
POC  403 TId: 0 ( I-SLICE, QP 26 )    2230240 bits [Y 99.9900 dB    U 99.9900 dB    V 99.9900 dB] [ET  8.80 ] [L0 ] [L1 ]
*** TRAIL_R numBytesInNALunit: 278310
POC  404 TId: 0 ( I-SLICE, QP 26 )    2226480 bits [Y 99.9900 dB    U 99.9900 dB    V 99.9900 dB] [ET  8.45 ] [L0 ] [L1 ]
*** TRAIL_R numBytesInNALunit: 277078
POC  405 TId: 0 ( I-SLICE, QP 26 )    2216624 bits [Y 99.9900 dB    U 99.9900 dB    V 99.9900 dB] [ET  8.86 ] [L0 ] [L1 ]
*** TRAIL_R numBytesInNALunit: 276676
POC  406 TId: 0 ( I-SLICE, QP 26 )    2213408 bits [Y 99.9900 dB    U 99.9900 dB    V 99.9900 dB] [ET  8.58 ] [L0 ] [L1 ]
*** TRAIL_R numBytesInNALunit: 276673
POC  407 TId: 0 ( I-SLICE, QP 26 )    2213384 bits [Y 99.9900 dB    U 99.9900 dB    V 99.9900 dB] [ET  8.58 ] [L0 ] [L1 ]
*** TRAIL_R numBytesInNALunit: 276463
POC  408 TId: 0 ( I-SLICE, QP 26 )    2211704 bits [Y 99.9900 dB    U 99.9900 dB    V 99.9900 dB] [ET  8.64 ] [L0 ] [L1 ]
*** TRAIL_R numBytesInNALunit: 276167
POC  409 TId: 0 ( I-SLICE, QP 26 )    2209336 bits [Y 99.9900 dB    U 99.9900 dB    V 99.9900 dB] [ET  8.31 ] [L0 ] [L1 ]
*** TRAIL_R numBytesInNALunit: 276384
POC  410 TId: 0 ( I-SLICE, QP 26 )    2211072 bits [Y 99.9900 dB    U 99.9900 dB    V 99.9900 dB] [ET  8.41 ] [L0 ] [L1 ]
*** TRAIL_R numBytesInNALunit: 276418
POC  411 TId: 0 ( I-SLICE, QP 26 )    2211344 bits [Y 99.9900 dB    U 99.9900 dB    V 99.9900 dB] [ET  8.58 ] [L0 ] [L1 ]
*** TRAIL_R numBytesInNALunit: 276454
POC  412 TId: 0 ( I-SLICE, QP 26 )    2211632 bits [Y 99.9900 dB    U 99.9900 dB    V 99.9900 dB] [ET  8.56 ] [L0 ] [L1 ]
*** TRAIL_R numBytesInNALunit: 276280
POC  413 TId: 0 ( I-SLICE, QP 26 )    2210240 bits [Y 99.9900 dB    U 99.9900 dB    V 99.9900 dB] [ET  8.48 ] [L0 ] [L1 ]
*** TRAIL_R numBytesInNALunit: 276409
POC  414 TId: 0 ( I-SLICE, QP 26 )    2211272 bits [Y 99.9900 dB    U 99.9900 dB    V 99.9900 dB] [ET  8.36 ] [L0 ] [L1 ]
*** TRAIL_R numBytesInNALunit: 275978
POC  415 TId: 0 ( I-SLICE, QP 26 )    2207824 bits [Y 99.9900 dB    U 99.9900 dB    V 99.9900 dB] [ET  8.70 ] [L0 ] [L1 ]
*** TRAIL_R numBytesInNALunit: 276727
POC  416 TId: 0 ( I-SLICE, QP 26 )    2213816 bits [Y 99.9900 dB    U 99.9900 dB    V 99.9900 dB] [ET  8.31 ] [L0 ] [L1 ]
*** TRAIL_R numBytesInNALunit: 276417
POC  417 TId: 0 ( I-SLICE, QP 26 )    2211336 bits [Y 99.9900 dB    U 99.9900 dB    V 99.9900 dB] [ET  8.61 ] [L0 ] [L1 ]
*** TRAIL_R numBytesInNALunit: 277412
POC  418 TId: 0 ( I-SLICE, QP 26 )    2219296 bits [Y 99.9900 dB    U 99.9900 dB    V 99.9900 dB] [ET  8.12 ] [L0 ] [L1 ]
*** TRAIL_R numBytesInNALunit: 279206
POC  419 TId: 0 ( I-SLICE, QP 26 )    2233648 bits [Y 99.9900 dB    U 99.9900 dB    V 99.9900 dB] [ET  7.94 ] [L0 ] [L1 ]
*** TRAIL_R numBytesInNALunit: 280797
POC  420 TId: 0 ( I-SLICE, QP 26 )    2246376 bits [Y 99.9900 dB    U 99.9900 dB    V 99.9900 dB] [ET  8.02 ] [L0 ] [L1 ]
*** TRAIL_R numBytesInNALunit: 282954
POC  421 TId: 0 ( I-SLICE, QP 26 )    2263632 bits [Y 99.9900 dB    U 99.9900 dB    V 99.9900 dB] [ET  7.97 ] [L0 ] [L1 ]
*** TRAIL_R numBytesInNALunit: 284174
POC  422 TId: 0 ( I-SLICE, QP 26 )    2273392 bits [Y 99.9900 dB    U 99.9900 dB    V 99.9900 dB] [ET  7.86 ] [L0 ] [L1 ]
*** TRAIL_R numBytesInNALunit: 285013
POC  423 TId: 0 ( I-SLICE, QP 26 )    2280104 bits [Y 99.9900 dB    U 99.9900 dB    V 99.9900 dB] [ET  7.81 ] [L0 ] [L1 ]
*** TRAIL_R numBytesInNALunit: 285750
POC  424 TId: 0 ( I-SLICE, QP 26 )    2286000 bits [Y 99.9900 dB    U 99.9900 dB    V 99.9900 dB] [ET  8.02 ] [L0 ] [L1 ]
*** TRAIL_R numBytesInNALunit: 286230
POC  425 TId: 0 ( I-SLICE, QP 26 )    2289840 bits [Y 99.9900 dB    U 99.9900 dB    V 99.9900 dB] [ET  7.98 ] [L0 ] [L1 ]
*** TRAIL_R numBytesInNALunit: 286119
POC  426 TId: 0 ( I-SLICE, QP 26 )    2288952 bits [Y 99.9900 dB    U 99.9900 dB    V 99.9900 dB] [ET  8.19 ] [L0 ] [L1 ]
*** TRAIL_R numBytesInNALunit: 286176
POC  427 TId: 0 ( I-SLICE, QP 26 )    2289408 bits [Y 99.9900 dB    U 99.9900 dB    V 99.9900 dB] [ET  8.34 ] [L0 ] [L1 ]
*** TRAIL_R numBytesInNALunit: 286457
POC  428 TId: 0 ( I-SLICE, QP 26 )    2291656 bits [Y 99.9900 dB    U 99.9900 dB    V 99.9900 dB] [ET  8.05 ] [L0 ] [L1 ]
*** TRAIL_R numBytesInNALunit: 286401
POC  429 TId: 0 ( I-SLICE, QP 26 )    2291208 bits [Y 99.9900 dB    U 99.9900 dB    V 99.9900 dB] [ET  8.39 ] [L0 ] [L1 ]
*** TRAIL_R numBytesInNALunit: 286555
POC  430 TId: 0 ( I-SLICE, QP 26 )    2292440 bits [Y 99.9900 dB    U 99.9900 dB    V 99.9900 dB] [ET  8.05 ] [L0 ] [L1 ]
*** TRAIL_R numBytesInNALunit: 286884
POC  431 TId: 0 ( I-SLICE, QP 26 )    2295072 bits [Y 99.9900 dB    U 99.9900 dB    V 99.9900 dB] [ET  7.91 ] [L0 ] [L1 ]
*** TRAIL_R numBytesInNALunit: 286915
POC  432 TId: 0 ( I-SLICE, QP 26 )    2295320 bits [Y 99.9900 dB    U 99.9900 dB    V 99.9900 dB] [ET  8.28 ] [L0 ] [L1 ]
*** TRAIL_R numBytesInNALunit: 287341
POC  433 TId: 0 ( I-SLICE, QP 26 )    2298728 bits [Y 99.9900 dB    U 99.9900 dB    V 99.9900 dB] [ET  8.31 ] [L0 ] [L1 ]
*** TRAIL_R numBytesInNALunit: 287049
POC  434 TId: 0 ( I-SLICE, QP 26 )    2296392 bits [Y 99.9900 dB    U 99.9900 dB    V 99.9900 dB] [ET  8.25 ] [L0 ] [L1 ]
*** TRAIL_R numBytesInNALunit: 286682
POC  435 TId: 0 ( I-SLICE, QP 26 )    2293456 bits [Y 99.9900 dB    U 99.9900 dB    V 99.9900 dB] [ET  8.52 ] [L0 ] [L1 ]
*** TRAIL_R numBytesInNALunit: 286815
POC  436 TId: 0 ( I-SLICE, QP 26 )    2294520 bits [Y 99.9900 dB    U 99.9900 dB    V 99.9900 dB] [ET  8.98 ] [L0 ] [L1 ]
*** TRAIL_R numBytesInNALunit: 286929
POC  437 TId: 0 ( I-SLICE, QP 26 )    2295432 bits [Y 99.9900 dB    U 99.9900 dB    V 99.9900 dB] [ET  8.22 ] [L0 ] [L1 ]
*** TRAIL_R numBytesInNALunit: 286662
POC  438 TId: 0 ( I-SLICE, QP 26 )    2293296 bits [Y 99.9900 dB    U 99.9900 dB    V 99.9900 dB] [ET  7.78 ] [L0 ] [L1 ]
*** TRAIL_R numBytesInNALunit: 286731
POC  439 TId: 0 ( I-SLICE, QP 26 )    2293848 bits [Y 99.9900 dB    U 99.9900 dB    V 99.9900 dB] [ET  8.62 ] [L0 ] [L1 ]
*** TRAIL_R numBytesInNALunit: 287064
POC  440 TId: 0 ( I-SLICE, QP 26 )    2296512 bits [Y 99.9900 dB    U 99.9900 dB    V 99.9900 dB] [ET  9.36 ] [L0 ] [L1 ]
*** TRAIL_R numBytesInNALunit: 287294
POC  441 TId: 0 ( I-SLICE, QP 26 )    2298352 bits [Y 99.9900 dB    U 99.9900 dB    V 99.9900 dB] [ET  8.03 ] [L0 ] [L1 ]
*** TRAIL_R numBytesInNALunit: 287446
POC  442 TId: 0 ( I-SLICE, QP 26 )    2299568 bits [Y 99.9900 dB    U 99.9900 dB    V 99.9900 dB] [ET  8.14 ] [L0 ] [L1 ]
*** TRAIL_R numBytesInNALunit: 287582
POC  443 TId: 0 ( I-SLICE, QP 26 )    2300656 bits [Y 99.9900 dB    U 99.9900 dB    V 99.9900 dB] [ET  8.30 ] [L0 ] [L1 ]
*** TRAIL_R numBytesInNALunit: 287727
POC  444 TId: 0 ( I-SLICE, QP 26 )    2301816 bits [Y 99.9900 dB    U 99.9900 dB    V 99.9900 dB] [ET  8.09 ] [L0 ] [L1 ]
*** TRAIL_R numBytesInNALunit: 287880
POC  445 TId: 0 ( I-SLICE, QP 26 )    2303040 bits [Y 99.9900 dB    U 99.9900 dB    V 99.9900 dB] [ET  8.00 ] [L0 ] [L1 ]
*** TRAIL_R numBytesInNALunit: 288019
POC  446 TId: 0 ( I-SLICE, QP 26 )    2304152 bits [Y 99.9900 dB    U 99.9900 dB    V 99.9900 dB] [ET  7.94 ] [L0 ] [L1 ]
*** TRAIL_R numBytesInNALunit: 288120
POC  447 TId: 0 ( I-SLICE, QP 26 )    2304960 bits [Y 99.9900 dB    U 99.9900 dB    V 99.9900 dB] [ET  7.92 ] [L0 ] [L1 ]
*** TRAIL_R numBytesInNALunit: 288430
POC  448 TId: 0 ( I-SLICE, QP 26 )    2307440 bits [Y 99.9900 dB    U 99.9900 dB    V 99.9900 dB] [ET  8.23 ] [L0 ] [L1 ]
*** TRAIL_R numBytesInNALunit: 288416
POC  449 TId: 0 ( I-SLICE, QP 26 )    2307328 bits [Y 99.9900 dB    U 99.9900 dB    V 99.9900 dB] [ET  8.11 ] [L0 ] [L1 ]
*** TRAIL_R numBytesInNALunit: 288548
POC  450 TId: 0 ( I-SLICE, QP 26 )    2308384 bits [Y 99.9900 dB    U 99.9900 dB    V 99.9900 dB] [ET  8.05 ] [L0 ] [L1 ]
*** TRAIL_R numBytesInNALunit: 288613
POC  451 TId: 0 ( I-SLICE, QP 26 )    2308904 bits [Y 99.9900 dB    U 99.9900 dB    V 99.9900 dB] [ET  7.83 ] [L0 ] [L1 ]
*** TRAIL_R numBytesInNALunit: 288740
POC  452 TId: 0 ( I-SLICE, QP 26 )    2309920 bits [Y 99.9900 dB    U 99.9900 dB    V 99.9900 dB] [ET  7.86 ] [L0 ] [L1 ]
*** TRAIL_R numBytesInNALunit: 288805
POC  453 TId: 0 ( I-SLICE, QP 26 )    2310440 bits [Y 99.9900 dB    U 99.9900 dB    V 99.9900 dB] [ET  7.88 ] [L0 ] [L1 ]
*** TRAIL_R numBytesInNALunit: 289035
POC  454 TId: 0 ( I-SLICE, QP 26 )    2312280 bits [Y 99.9900 dB    U 99.9900 dB    V 99.9900 dB] [ET  8.30 ] [L0 ] [L1 ]
*** TRAIL_R numBytesInNALunit: 288925
POC  455 TId: 0 ( I-SLICE, QP 26 )    2311400 bits [Y 99.9900 dB    U 99.9900 dB    V 99.9900 dB] [ET  7.94 ] [L0 ] [L1 ]
*** TRAIL_R numBytesInNALunit: 288925
POC  456 TId: 0 ( I-SLICE, QP 26 )    2311400 bits [Y 99.9900 dB    U 99.9900 dB    V 99.9900 dB] [ET  8.08 ] [L0 ] [L1 ]
*** TRAIL_R numBytesInNALunit: 288925
POC  457 TId: 0 ( I-SLICE, QP 26 )    2311400 bits [Y 99.9900 dB    U 99.9900 dB    V 99.9900 dB] [ET  8.12 ] [L0 ] [L1 ]
*** TRAIL_R numBytesInNALunit: 288925
POC  458 TId: 0 ( I-SLICE, QP 26 )    2311400 bits [Y 99.9900 dB    U 99.9900 dB    V 99.9900 dB] [ET  8.12 ] [L0 ] [L1 ]
*** TRAIL_R numBytesInNALunit: 288925
POC  459 TId: 0 ( I-SLICE, QP 26 )    2311400 bits [Y 99.9900 dB    U 99.9900 dB    V 99.9900 dB] [ET  7.94 ] [L0 ] [L1 ]
*** TRAIL_R numBytesInNALunit: 288925
POC  460 TId: 0 ( I-SLICE, QP 26 )    2311400 bits [Y 99.9900 dB    U 99.9900 dB    V 99.9900 dB] [ET  8.06 ] [L0 ] [L1 ]
*** TRAIL_R numBytesInNALunit: 288925
POC  461 TId: 0 ( I-SLICE, QP 26 )    2311400 bits [Y 99.9900 dB    U 99.9900 dB    V 99.9900 dB] [ET  8.47 ] [L0 ] [L1 ]
*** TRAIL_R numBytesInNALunit: 288925
POC  462 TId: 0 ( I-SLICE, QP 26 )    2311400 bits [Y 99.9900 dB    U 99.9900 dB    V 99.9900 dB] [ET  8.06 ] [L0 ] [L1 ]
*** TRAIL_R numBytesInNALunit: 288925
POC  463 TId: 0 ( I-SLICE, QP 26 )    2311400 bits [Y 99.9900 dB    U 99.9900 dB    V 99.9900 dB] [ET  8.48 ] [L0 ] [L1 ]
*** TRAIL_R numBytesInNALunit: 288925
POC  464 TId: 0 ( I-SLICE, QP 26 )    2311400 bits [Y 99.9900 dB    U 99.9900 dB    V 99.9900 dB] [ET  8.27 ] [L0 ] [L1 ]
*** TRAIL_R numBytesInNALunit: 288925
POC  465 TId: 0 ( I-SLICE, QP 26 )    2311400 bits [Y 99.9900 dB    U 99.9900 dB    V 99.9900 dB] [ET  8.27 ] [L0 ] [L1 ]
*** TRAIL_R numBytesInNALunit: 288925
POC  466 TId: 0 ( I-SLICE, QP 26 )    2311400 bits [Y 99.9900 dB    U 99.9900 dB    V 99.9900 dB] [ET  8.31 ] [L0 ] [L1 ]
*** TRAIL_R numBytesInNALunit: 288925
POC  467 TId: 0 ( I-SLICE, QP 26 )    2311400 bits [Y 99.9900 dB    U 99.9900 dB    V 99.9900 dB] [ET  8.23 ] [L0 ] [L1 ]
*** TRAIL_R numBytesInNALunit: 288925
POC  468 TId: 0 ( I-SLICE, QP 26 )    2311400 bits [Y 99.9900 dB    U 99.9900 dB    V 99.9900 dB] [ET  8.55 ] [L0 ] [L1 ]
*** TRAIL_R numBytesInNALunit: 288925
POC  469 TId: 0 ( I-SLICE, QP 26 )    2311400 bits [Y 99.9900 dB    U 99.9900 dB    V 99.9900 dB] [ET  8.58 ] [L0 ] [L1 ]
*** TRAIL_R numBytesInNALunit: 288925
POC  470 TId: 0 ( I-SLICE, QP 26 )    2311400 bits [Y 99.9900 dB    U 99.9900 dB    V 99.9900 dB] [ET  8.44 ] [L0 ] [L1 ]
*** TRAIL_R numBytesInNALunit: 288925
POC  471 TId: 0 ( I-SLICE, QP 26 )    2311400 bits [Y 99.9900 dB    U 99.9900 dB    V 99.9900 dB] [ET  7.05 ] [L0 ] [L1 ]
*** TRAIL_R numBytesInNALunit: 288925
POC  472 TId: 0 ( I-SLICE, QP 26 )    2311400 bits [Y 99.9900 dB    U 99.9900 dB    V 99.9900 dB] [ET  7.33 ] [L0 ] [L1 ]
*** TRAIL_R numBytesInNALunit: 288925
POC  473 TId: 0 ( I-SLICE, QP 26 )    2311400 bits [Y 99.9900 dB    U 99.9900 dB    V 99.9900 dB] [ET  7.25 ] [L0 ] [L1 ]
*** TRAIL_R numBytesInNALunit: 106258
POC  474 TId: 0 ( I-SLICE, QP 26 )     850064 bits [Y 99.9900 dB    U 99.9900 dB    V 99.9900 dB] [ET  5.12 ] [L0 ] [L1 ]
*** TRAIL_R numBytesInNALunit: 106259
POC  475 TId: 0 ( I-SLICE, QP 26 )     850072 bits [Y 99.9900 dB    U 99.9900 dB    V 99.9900 dB] [ET  5.44 ] [L0 ] [L1 ]
*** TRAIL_R numBytesInNALunit: 106259
POC  476 TId: 0 ( I-SLICE, QP 26 )     850072 bits [Y 99.9900 dB    U 99.9900 dB    V 99.9900 dB] [ET  5.28 ] [L0 ] [L1 ]
*** TRAIL_R numBytesInNALunit: 106259
POC  477 TId: 0 ( I-SLICE, QP 26 )     850072 bits [Y 99.9900 dB    U 99.9900 dB    V 99.9900 dB] [ET  5.25 ] [L0 ] [L1 ]
*** TRAIL_R numBytesInNALunit: 107432
POC  478 TId: 0 ( I-SLICE, QP 26 )     859456 bits [Y 99.9900 dB    U 99.9900 dB    V 99.9900 dB] [ET  5.47 ] [L0 ] [L1 ]
*** TRAIL_R numBytesInNALunit: 108519
POC  479 TId: 0 ( I-SLICE, QP 26 )     868152 bits [Y 99.9900 dB    U 99.9900 dB    V 99.9900 dB] [ET  5.44 ] [L0 ] [L1 ]
*** TRAIL_R numBytesInNALunit: 109136
POC  480 TId: 0 ( I-SLICE, QP 26 )     873088 bits [Y 99.9900 dB    U 99.9900 dB    V 99.9900 dB] [ET  5.25 ] [L0 ] [L1 ]
*** TRAIL_R numBytesInNALunit: 109679
POC  481 TId: 0 ( I-SLICE, QP 26 )     877432 bits [Y 99.9900 dB    U 99.9900 dB    V 99.9900 dB] [ET  5.39 ] [L0 ] [L1 ]
*** TRAIL_R numBytesInNALunit: 110155
POC  482 TId: 0 ( I-SLICE, QP 26 )     881240 bits [Y 99.9900 dB    U 99.9900 dB    V 99.9900 dB] [ET  5.20 ] [L0 ] [L1 ]
*** TRAIL_R numBytesInNALunit: 110511
POC  483 TId: 0 ( I-SLICE, QP 26 )     884088 bits [Y 99.9900 dB    U 99.9900 dB    V 99.9900 dB] [ET  5.12 ] [L0 ] [L1 ]
*** TRAIL_R numBytesInNALunit: 110838
POC  484 TId: 0 ( I-SLICE, QP 26 )     886704 bits [Y 99.9900 dB    U 99.9900 dB    V 99.9900 dB] [ET  5.31 ] [L0 ] [L1 ]
*** TRAIL_R numBytesInNALunit: 111143
POC  485 TId: 0 ( I-SLICE, QP 26 )     889144 bits [Y 99.9900 dB    U 99.9900 dB    V 99.9900 dB] [ET  5.16 ] [L0 ] [L1 ]
*** TRAIL_R numBytesInNALunit: 111347
POC  486 TId: 0 ( I-SLICE, QP 26 )     890776 bits [Y 99.9900 dB    U 99.9900 dB    V 99.9900 dB] [ET  5.38 ] [L0 ] [L1 ]
*** TRAIL_R numBytesInNALunit: 111555
POC  487 TId: 0 ( I-SLICE, QP 26 )     892440 bits [Y 99.9900 dB    U 99.9900 dB    V 99.9900 dB] [ET  5.38 ] [L0 ] [L1 ]
*** TRAIL_R numBytesInNALunit: 111804
POC  488 TId: 0 ( I-SLICE, QP 26 )     894432 bits [Y 99.9900 dB    U 99.9900 dB    V 99.9900 dB] [ET  5.19 ] [L0 ] [L1 ]
*** TRAIL_R numBytesInNALunit: 112021
POC  489 TId: 0 ( I-SLICE, QP 26 )     896168 bits [Y 99.9900 dB    U 99.9900 dB    V 99.9900 dB] [ET  5.33 ] [L0 ] [L1 ]
*** TRAIL_R numBytesInNALunit: 112269
POC  490 TId: 0 ( I-SLICE, QP 26 )     898152 bits [Y 99.9900 dB    U 99.9900 dB    V 99.9900 dB] [ET  5.22 ] [L0 ] [L1 ]
*** TRAIL_R numBytesInNALunit: 112463
POC  491 TId: 0 ( I-SLICE, QP 26 )     899704 bits [Y 99.9900 dB    U 99.9900 dB    V 99.9900 dB] [ET  5.38 ] [L0 ] [L1 ]
*** TRAIL_R numBytesInNALunit: 112629
POC  492 TId: 0 ( I-SLICE, QP 26 )     901032 bits [Y 99.9900 dB    U 99.9900 dB    V 99.9900 dB] [ET  5.20 ] [L0 ] [L1 ]
*** TRAIL_R numBytesInNALunit: 112757
POC  493 TId: 0 ( I-SLICE, QP 26 )     902056 bits [Y 99.9900 dB    U 99.9900 dB    V 99.9900 dB] [ET  5.27 ] [L0 ] [L1 ]
*** TRAIL_R numBytesInNALunit: 112883
POC  494 TId: 0 ( I-SLICE, QP 26 )     903064 bits [Y 99.9900 dB    U 99.9900 dB    V 99.9900 dB] [ET  5.22 ] [L0 ] [L1 ]
*** TRAIL_R numBytesInNALunit: 112883
POC  495 TId: 0 ( I-SLICE, QP 26 )     903064 bits [Y 99.9900 dB    U 99.9900 dB    V 99.9900 dB] [ET  5.30 ] [L0 ] [L1 ]
*** TRAIL_R numBytesInNALunit: 113461
POC  496 TId: 0 ( I-SLICE, QP 26 )     907688 bits [Y 99.9900 dB    U 99.9900 dB    V 99.9900 dB] [ET  5.38 ] [L0 ] [L1 ]
*** TRAIL_R numBytesInNALunit: 114017
POC  497 TId: 0 ( I-SLICE, QP 26 )     912136 bits [Y 99.9900 dB    U 99.9900 dB    V 99.9900 dB] [ET  5.22 ] [L0 ] [L1 ]
*** TRAIL_R numBytesInNALunit: 113950
POC  498 TId: 0 ( I-SLICE, QP 26 )     911600 bits [Y 99.9900 dB    U 99.9900 dB    V 99.9900 dB] [ET  5.33 ] [L0 ] [L1 ]
*** TRAIL_R numBytesInNALunit: 113933
POC  499 TId: 0 ( I-SLICE, QP 26 )     911464 bits [Y 99.9900 dB    U 99.9900 dB    V 99.9900 dB] [ET  5.36 ] [L0 ] [L1 ]


I Slices--------------------------------------------------------
	Total Frames |  Bitrate    Y-PSNR    U-PSNR    V-PSNR 
	      500    i  24023.0339   99.9900   99.9900   99.9900
Bytes written to file: 75073992 (24023.677 kbps)
Bytes for SPS/PPS/Slice (Incl. Annex B): 75073992 (24023.677 kbps)

 Total Time:     3980.844 sec.
