
HM software: Encoder Version [15.0][Linux][GCC 4.8.5][64 bit] 

Input          File          : ../../HEVC_test_sequence/ClassB/BasketballDrive_1920x1080_50.yuv
Bitstream      File          : BasketballDrive.bin
Reconstruction File          : BasketballDrive.yuv
Real     Format              : 1920x1080 50Hz
Internal Format              : 1920x1080 50Hz
Frame/Field                  : Frame based coding
Frame index                  : 0 - 9 (10 frames)
CU size / depth              : 32 / 3
RQT trans. size (min / max)  : 4 / 32
Max RQT depth inter          : 3
Max RQT depth intra          : 1
Min PCM size                 : 8
Motion search range          : 64
Intra period                 : 1
Decoding refresh type        : 0
QP                           : 26.00
Max dQP signaling depth      : 0
Cb QP Offset                 : 0
Cr QP Offset                 : 0
QP adaptation                : 0 (range=0)
GOP size                     : 1
Internal bit depth           : (Y:8, C:8)
PCM sample bit depth         : (Y:8, C:8)
RateControl                  : 0
Max Num Merge Candidates     : 5

TOOL CFG: IBD:0 HAD:0 RDQ:0 RDQTS:0 RDpenalty:0 SQP:0 ASR:0 FEN:0 ECU:0 FDM:0 CFM:0 ESD:0 RQT:1 TransformSkip:0 TransformSkipFast:0 Slice: M=0 SliceSegment: M=0 CIP:0 SAO:0 PCM:0 TransQuantBypassEnabled: =1 WPP:0 WPB:0 PME:2  WaveFrontSynchro:0 WaveFrontSubstreams:1 ScalingList:0 TMVPMode:1  SignBitHidingFlag:1 RecalQP:0

***    VPS numBytesInNALunit: 24
***    SPS numBytesInNALunit: 31
***    PPS numBytesInNALunit: 7
*** IDR_W_RADL numBytesInNALunit: 153218
POC    0 TId: 0 ( I-SLICE, QP 26 )    1226240 bits [Y 99.9900 dB    U 7.2747 dB    V 99.9900 dB] [ET 21.16 ] [L0 ] [L1 ]
*** TRAIL_R numBytesInNALunit: 152634
POC    1 TId: 0 ( I-SLICE, QP 26 )    1221072 bits [Y 99.9900 dB    U 7.2683 dB    V 99.9900 dB] [ET 21.34 ] [L0 ] [L1 ]
*** TRAIL_R numBytesInNALunit: 152507
POC    2 TId: 0 ( I-SLICE, QP 26 )    1220056 bits [Y 99.9900 dB    U 7.2646 dB    V 99.9900 dB] [ET 22.25 ] [L0 ] [L1 ]
*** TRAIL_R numBytesInNALunit: 152581
POC    3 TId: 0 ( I-SLICE, QP 26 )    1220648 bits [Y 99.9900 dB    U 7.2471 dB    V 99.9900 dB] [ET 22.05 ] [L0 ] [L1 ]
*** TRAIL_R numBytesInNALunit: 152946
POC    4 TId: 0 ( I-SLICE, QP 26 )    1223568 bits [Y 99.9900 dB    U 7.2334 dB    V 99.9900 dB] [ET 20.83 ] [L0 ] [L1 ]
*** TRAIL_R numBytesInNALunit: 153252
POC    5 TId: 0 ( I-SLICE, QP 26 )    1226016 bits [Y 99.9900 dB    U 7.2209 dB    V 99.9900 dB] [ET 21.40 ] [L0 ] [L1 ]
*** TRAIL_R numBytesInNALunit: 153577
POC    6 TId: 0 ( I-SLICE, QP 26 )    1228616 bits [Y 99.9900 dB    U 7.2178 dB    V 99.9900 dB] [ET 20.74 ] [L0 ] [L1 ]
*** TRAIL_R numBytesInNALunit: 153178
POC    7 TId: 0 ( I-SLICE, QP 26 )    1225424 bits [Y 99.9900 dB    U 7.2196 dB    V 99.9900 dB] [ET 20.61 ] [L0 ] [L1 ]
*** TRAIL_R numBytesInNALunit: 153319
POC    8 TId: 0 ( I-SLICE, QP 26 )    1226552 bits [Y 99.9900 dB    U 7.2147 dB    V 99.9900 dB] [ET 20.96 ] [L0 ] [L1 ]
*** TRAIL_R numBytesInNALunit: 153302
POC    9 TId: 0 ( I-SLICE, QP 26 )    1226416 bits [Y 99.9900 dB    U 7.2046 dB    V 99.9900 dB] [ET 21.38 ] [L0 ] [L1 ]


I Slices--------------------------------------------------------
	Total Frames |  Bitrate    Y-PSNR    U-PSNR    V-PSNR 
	       10    i  61223.0400   99.9900    7.2366   99.9900
Bytes written to file: 1530627 (61225.080 kbps)
Bytes for SPS/PPS/Slice (Incl. Annex B): 1530627 (61225.080 kbps)

 Total Time:      213.520 sec.
