
HM software: Encoder Version [15.0][Linux][GCC 4.8.5][64 bit] 

Input          File          : ../../HEVC_test_sequence/ClassF/BasketballDrillText_832x480_50.yuv
Bitstream      File          : BasketballDrillText.bin
Reconstruction File          : BasketballDrillText.yuv
Real     Format              : 832x480 50Hz
Internal Format              : 832x480 50Hz
Frame/Field                  : Frame based coding
Frame index                  : 0 - 9 (10 frames)
CU size / depth              : 32 / 3
RQT trans. size (min / max)  : 4 / 32
Max RQT depth inter          : 3
Max RQT depth intra          : 1
Min PCM size                 : 8
Motion search range          : 64
Intra period                 : 1
Decoding refresh type        : 0
QP                           : 26.00
Max dQP signaling depth      : 0
Cb QP Offset                 : 0
Cr QP Offset                 : 0
QP adaptation                : 0 (range=0)
GOP size                     : 1
Internal bit depth           : (Y:8, C:8)
PCM sample bit depth         : (Y:8, C:8)
RateControl                  : 0
Max Num Merge Candidates     : 5

TOOL CFG: IBD:0 HAD:0 RDQ:0 RDQTS:0 RDpenalty:0 SQP:0 ASR:0 FEN:0 ECU:0 FDM:0 CFM:0 ESD:0 RQT:1 TransformSkip:0 TransformSkipFast:0 Slice: M=0 SliceSegment: M=0 CIP:0 SAO:0 PCM:0 TransQuantBypassEnabled: =1 WPP:0 WPB:0 PME:2  WaveFrontSynchro:0 WaveFrontSubstreams:1 ScalingList:0 TMVPMode:1  SignBitHidingFlag:1 RecalQP:0

***    VPS numBytesInNALunit: 24
***    SPS numBytesInNALunit: 30
***    PPS numBytesInNALunit: 7
*** IDR_W_RADL numBytesInNALunit: 37298
POC    0 TId: 0 ( I-SLICE, QP 26 )     298872 bits [Y 99.9900 dB    U 99.9900 dB    V 4.8355 dB] [ET  4.37 ] [L0 ] [L1 ]
*** TRAIL_R numBytesInNALunit: 37299
POC    1 TId: 0 ( I-SLICE, QP 26 )     298392 bits [Y 99.9900 dB    U 99.9900 dB    V 4.8355 dB] [ET  4.44 ] [L0 ] [L1 ]
*** TRAIL_R numBytesInNALunit: 37212
POC    2 TId: 0 ( I-SLICE, QP 26 )     297696 bits [Y 99.9900 dB    U 99.9900 dB    V 4.8303 dB] [ET  4.38 ] [L0 ] [L1 ]
*** TRAIL_R numBytesInNALunit: 37056
POC    3 TId: 0 ( I-SLICE, QP 26 )     296448 bits [Y 99.9900 dB    U 99.9900 dB    V 4.8270 dB] [ET  4.37 ] [L0 ] [L1 ]
*** TRAIL_R numBytesInNALunit: 37055
POC    4 TId: 0 ( I-SLICE, QP 26 )     296440 bits [Y 99.9900 dB    U 99.9900 dB    V 4.8238 dB] [ET  4.35 ] [L0 ] [L1 ]
*** TRAIL_R numBytesInNALunit: 37066
POC    5 TId: 0 ( I-SLICE, QP 26 )     296528 bits [Y 99.9900 dB    U 99.9900 dB    V 4.8204 dB] [ET  4.36 ] [L0 ] [L1 ]
*** TRAIL_R numBytesInNALunit: 36972
POC    6 TId: 0 ( I-SLICE, QP 26 )     295776 bits [Y 99.9900 dB    U 99.9900 dB    V 4.8187 dB] [ET  4.36 ] [L0 ] [L1 ]
*** TRAIL_R numBytesInNALunit: 37151
POC    7 TId: 0 ( I-SLICE, QP 26 )     297208 bits [Y 99.9900 dB    U 99.9900 dB    V 4.8168 dB] [ET  4.44 ] [L0 ] [L1 ]
*** TRAIL_R numBytesInNALunit: 37098
POC    8 TId: 0 ( I-SLICE, QP 26 )     296784 bits [Y 99.9900 dB    U 99.9900 dB    V 4.8142 dB] [ET  4.30 ] [L0 ] [L1 ]
*** TRAIL_R numBytesInNALunit: 37014
POC    9 TId: 0 ( I-SLICE, QP 26 )     296112 bits [Y 99.9900 dB    U 99.9900 dB    V 4.8119 dB] [ET  4.36 ] [L0 ] [L1 ]


I Slices--------------------------------------------------------
	Total Frames |  Bitrate    Y-PSNR    U-PSNR    V-PSNR 
	       10    i  14851.2800   99.9900   99.9900    4.8234
Bytes written to file: 371333 (14853.320 kbps)
Bytes for SPS/PPS/Slice (Incl. Annex B): 371333 (14853.320 kbps)

 Total Time:       43.910 sec.
