
HM software: Encoder Version [15.0][Linux][GCC 4.8.5][64 bit] 

Input          File          : ../../HEVC_test_sequence/ClassB/BQTerrace_1920x1080_60.yuv
Bitstream      File          : BQTerrace.bin
Reconstruction File          : BQTerrace.yuv
Real     Format              : 1920x1080 60Hz
Internal Format              : 1920x1080 60Hz
Frame/Field                  : Frame based coding
Frame index                  : 0 - 9 (10 frames)
CU size / depth              : 32 / 3
RQT trans. size (min / max)  : 4 / 32
Max RQT depth inter          : 3
Max RQT depth intra          : 1
Min PCM size                 : 8
Motion search range          : 64
Intra period                 : 1
Decoding refresh type        : 0
QP                           : 26.00
Max dQP signaling depth      : 0
Cb QP Offset                 : 0
Cr QP Offset                 : 0
QP adaptation                : 0 (range=0)
GOP size                     : 1
Internal bit depth           : (Y:8, C:8)
PCM sample bit depth         : (Y:8, C:8)
RateControl                  : 0
Max Num Merge Candidates     : 5

TOOL CFG: IBD:0 HAD:0 RDQ:0 RDQTS:0 RDpenalty:0 SQP:0 ASR:0 FEN:0 ECU:0 FDM:0 CFM:0 ESD:0 RQT:1 TransformSkip:0 TransformSkipFast:0 Slice: M=0 SliceSegment: M=0 CIP:0 SAO:0 PCM:0 TransQuantBypassEnabled: =1 WPP:0 WPB:0 PME:2  WaveFrontSynchro:0 WaveFrontSubstreams:1 ScalingList:0 TMVPMode:1  SignBitHidingFlag:1 RecalQP:0

***    VPS numBytesInNALunit: 24
***    SPS numBytesInNALunit: 31
***    PPS numBytesInNALunit: 7
*** IDR_W_RADL numBytesInNALunit: 194780
POC    0 TId: 0 ( I-SLICE, QP 26 )    1558736 bits [Y 99.9900 dB    U 99.9900 dB    V 99.9900 dB] [ET 45.94 ] [L0 ] [L1 ]
*** TRAIL_R numBytesInNALunit: 194555
POC    1 TId: 0 ( I-SLICE, QP 26 )    1556440 bits [Y 99.9900 dB    U 99.9900 dB    V 99.9900 dB] [ET 46.28 ] [L0 ] [L1 ]
*** TRAIL_R numBytesInNALunit: 194617
POC    2 TId: 0 ( I-SLICE, QP 26 )    1556936 bits [Y 99.9900 dB    U 99.9900 dB    V 99.9900 dB] [ET 45.91 ] [L0 ] [L1 ]
*** TRAIL_R numBytesInNALunit: 194707
POC    3 TId: 0 ( I-SLICE, QP 26 )    1557656 bits [Y 99.9900 dB    U 99.9900 dB    V 99.9900 dB] [ET 46.14 ] [L0 ] [L1 ]
*** TRAIL_R numBytesInNALunit: 194622
POC    4 TId: 0 ( I-SLICE, QP 26 )    1556976 bits [Y 99.9900 dB    U 99.9900 dB    V 99.9900 dB] [ET 46.20 ] [L0 ] [L1 ]
*** TRAIL_R numBytesInNALunit: 194740
POC    5 TId: 0 ( I-SLICE, QP 26 )    1557920 bits [Y 99.9900 dB    U 99.9900 dB    V 99.9900 dB] [ET 46.47 ] [L0 ] [L1 ]
*** TRAIL_R numBytesInNALunit: 194767
POC    6 TId: 0 ( I-SLICE, QP 26 )    1558136 bits [Y 99.9900 dB    U 99.9900 dB    V 99.9900 dB] [ET 46.45 ] [L0 ] [L1 ]
*** TRAIL_R numBytesInNALunit: 194650
POC    7 TId: 0 ( I-SLICE, QP 26 )    1557200 bits [Y 99.9900 dB    U 99.9900 dB    V 99.9900 dB] [ET 46.22 ] [L0 ] [L1 ]
*** TRAIL_R numBytesInNALunit: 194830
POC    8 TId: 0 ( I-SLICE, QP 26 )    1558640 bits [Y 99.9900 dB    U 99.9900 dB    V 99.9900 dB] [ET 46.22 ] [L0 ] [L1 ]
*** TRAIL_R numBytesInNALunit: 194476
POC    9 TId: 0 ( I-SLICE, QP 26 )    1555808 bits [Y 99.9900 dB    U 99.9900 dB    V 99.9900 dB] [ET 46.44 ] [L0 ] [L1 ]


I Slices--------------------------------------------------------
	Total Frames |  Bitrate    Y-PSNR    U-PSNR    V-PSNR 
	       10    i  93446.6880   99.9900   99.9900   99.9900
Bytes written to file: 1946857 (93449.136 kbps)
Bytes for SPS/PPS/Slice (Incl. Annex B): 1946857 (93449.136 kbps)

 Total Time:      463.203 sec.
