
HM software: Encoder Version [15.0][Linux][GCC 4.8.5][64 bit] 

Input          File          : ../../HEVC_test_sequence/ClassC/RaceHorses_832x480_30.yuv
Bitstream      File          : RaceHorsesC.bin
Reconstruction File          : RaceHorsesC.yuv
Real     Format              : 832x480 30Hz
Internal Format              : 832x480 30Hz
Frame/Field                  : Frame based coding
Frame index                  : 0 - 9 (10 frames)
CU size / depth              : 32 / 3
RQT trans. size (min / max)  : 4 / 32
Max RQT depth inter          : 3
Max RQT depth intra          : 1
Min PCM size                 : 8
Motion search range          : 64
Intra period                 : 1
Decoding refresh type        : 0
QP                           : 26.00
Max dQP signaling depth      : 0
Cb QP Offset                 : 0
Cr QP Offset                 : 0
QP adaptation                : 0 (range=0)
GOP size                     : 1
Internal bit depth           : (Y:8, C:8)
PCM sample bit depth         : (Y:8, C:8)
RateControl                  : 0
Max Num Merge Candidates     : 5

TOOL CFG: IBD:0 HAD:0 RDQ:0 RDQTS:0 RDpenalty:0 SQP:0 ASR:0 FEN:0 ECU:0 FDM:0 CFM:0 ESD:0 RQT:1 TransformSkip:0 TransformSkipFast:0 Slice: M=0 SliceSegment: M=0 CIP:0 SAO:0 PCM:0 TransQuantBypassEnabled: =1 WPP:0 WPB:0 PME:2  WaveFrontSynchro:0 WaveFrontSubstreams:1 ScalingList:0 TMVPMode:1  SignBitHidingFlag:1 RecalQP:0

***    VPS numBytesInNALunit: 24
***    SPS numBytesInNALunit: 30
***    PPS numBytesInNALunit: 7
*** IDR_W_RADL numBytesInNALunit: 41063
POC    0 TId: 0 ( I-SLICE, QP 26 )     328992 bits [Y 99.9900 dB    U 99.9900 dB    V 5.9983 dB] [ET  4.25 ] [L0 ] [L1 ]
*** TRAIL_R numBytesInNALunit: 40843
POC    1 TId: 0 ( I-SLICE, QP 26 )     326744 bits [Y 99.9900 dB    U 99.9900 dB    V 5.9998 dB] [ET  4.40 ] [L0 ] [L1 ]
*** TRAIL_R numBytesInNALunit: 40441
POC    2 TId: 0 ( I-SLICE, QP 26 )     323528 bits [Y 99.9900 dB    U 99.9900 dB    V 5.9940 dB] [ET  4.31 ] [L0 ] [L1 ]
*** TRAIL_R numBytesInNALunit: 40531
POC    3 TId: 0 ( I-SLICE, QP 26 )     324248 bits [Y 99.9900 dB    U 99.9900 dB    V 5.9965 dB] [ET  4.33 ] [L0 ] [L1 ]
*** TRAIL_R numBytesInNALunit: 40223
POC    4 TId: 0 ( I-SLICE, QP 26 )     321784 bits [Y 99.9900 dB    U 99.9900 dB    V 6.0035 dB] [ET  4.26 ] [L0 ] [L1 ]
*** TRAIL_R numBytesInNALunit: 40280
POC    5 TId: 0 ( I-SLICE, QP 26 )     322240 bits [Y 99.9900 dB    U 99.9900 dB    V 6.0069 dB] [ET  4.31 ] [L0 ] [L1 ]
*** TRAIL_R numBytesInNALunit: 40231
POC    6 TId: 0 ( I-SLICE, QP 26 )     321848 bits [Y 99.9900 dB    U 99.9900 dB    V 6.0090 dB] [ET  4.33 ] [L0 ] [L1 ]
*** TRAIL_R numBytesInNALunit: 40451
POC    7 TId: 0 ( I-SLICE, QP 26 )     323608 bits [Y 99.9900 dB    U 99.9900 dB    V 6.0106 dB] [ET  4.30 ] [L0 ] [L1 ]
*** TRAIL_R numBytesInNALunit: 40430
POC    8 TId: 0 ( I-SLICE, QP 26 )     323440 bits [Y 99.9900 dB    U 99.9900 dB    V 6.0089 dB] [ET  4.31 ] [L0 ] [L1 ]
*** TRAIL_R numBytesInNALunit: 39916
POC    9 TId: 0 ( I-SLICE, QP 26 )     319328 bits [Y 99.9900 dB    U 99.9900 dB    V 5.9985 dB] [ET  4.34 ] [L0 ] [L1 ]


I Slices--------------------------------------------------------
	Total Frames |  Bitrate    Y-PSNR    U-PSNR    V-PSNR 
	       10    i   9707.2800   99.9900   99.9900    6.0026
Bytes written to file: 404521 (9708.504 kbps)
Bytes for SPS/PPS/Slice (Incl. Annex B): 404521 (9708.504 kbps)

 Total Time:       43.320 sec.
