
HM software: Encoder Version [15.0][Linux][GCC 4.8.5][64 bit] 

Input          File          : ../../HEVC_test_sequence/ClassF/SlideEditing_1280x720_30.yuv
Bitstream      File          : SlideEditing.bin
Reconstruction File          : SlideEditing.yuv
Real     Format              : 1280x720 30Hz
Internal Format              : 1280x720 30Hz
Frame/Field                  : Frame based coding
Frame index                  : 0 - 9 (10 frames)
CU size / depth              : 32 / 3
RQT trans. size (min / max)  : 4 / 32
Max RQT depth inter          : 3
Max RQT depth intra          : 1
Min PCM size                 : 8
Motion search range          : 64
Intra period                 : 1
Decoding refresh type        : 0
QP                           : 26.00
Max dQP signaling depth      : 0
Cb QP Offset                 : 0
Cr QP Offset                 : 0
QP adaptation                : 0 (range=0)
GOP size                     : 1
Internal bit depth           : (Y:8, C:8)
PCM sample bit depth         : (Y:8, C:8)
RateControl                  : 0
Max Num Merge Candidates     : 5

TOOL CFG: IBD:0 HAD:0 RDQ:0 RDQTS:0 RDpenalty:0 SQP:0 ASR:0 FEN:0 ECU:0 FDM:0 CFM:0 ESD:0 RQT:1 TransformSkip:0 TransformSkipFast:0 Slice: M=0 SliceSegment: M=0 CIP:0 SAO:0 PCM:0 TransQuantBypassEnabled: =1 WPP:0 WPB:0 PME:2  WaveFrontSynchro:0 WaveFrontSubstreams:1 ScalingList:0 TMVPMode:1  SignBitHidingFlag:1 RecalQP:0

***    VPS numBytesInNALunit: 24
***    SPS numBytesInNALunit: 31
***    PPS numBytesInNALunit: 7
*** IDR_W_RADL numBytesInNALunit: 50966
POC    0 TId: 0 ( I-SLICE, QP 26 )     408224 bits [Y 99.9900 dB    U 99.9900 dB    V 6.7069 dB] [ET  9.43 ] [L0 ] [L1 ]
*** TRAIL_R numBytesInNALunit: 51088
POC    1 TId: 0 ( I-SLICE, QP 26 )     408704 bits [Y 99.9900 dB    U 99.9900 dB    V 6.7069 dB] [ET  9.25 ] [L0 ] [L1 ]
*** TRAIL_R numBytesInNALunit: 51104
POC    2 TId: 0 ( I-SLICE, QP 26 )     408832 bits [Y 99.9900 dB    U 99.9900 dB    V 6.7069 dB] [ET  9.37 ] [L0 ] [L1 ]
*** TRAIL_R numBytesInNALunit: 51084
POC    3 TId: 0 ( I-SLICE, QP 26 )     408672 bits [Y 99.9900 dB    U 99.9900 dB    V 6.7080 dB] [ET  9.42 ] [L0 ] [L1 ]
*** TRAIL_R numBytesInNALunit: 51084
POC    4 TId: 0 ( I-SLICE, QP 26 )     408672 bits [Y 99.9900 dB    U 99.9900 dB    V 6.7084 dB] [ET  9.44 ] [L0 ] [L1 ]
*** TRAIL_R numBytesInNALunit: 51560
POC    5 TId: 0 ( I-SLICE, QP 26 )     412480 bits [Y 99.9900 dB    U 99.9900 dB    V 6.7182 dB] [ET  9.48 ] [L0 ] [L1 ]
*** TRAIL_R numBytesInNALunit: 52009
POC    6 TId: 0 ( I-SLICE, QP 26 )     416072 bits [Y 99.9900 dB    U 99.9900 dB    V 6.7247 dB] [ET  9.44 ] [L0 ] [L1 ]
*** TRAIL_R numBytesInNALunit: 51668
POC    7 TId: 0 ( I-SLICE, QP 26 )     413344 bits [Y 99.9900 dB    U 99.9900 dB    V 6.7011 dB] [ET  9.40 ] [L0 ] [L1 ]
*** TRAIL_R numBytesInNALunit: 51724
POC    8 TId: 0 ( I-SLICE, QP 26 )     413792 bits [Y 99.9900 dB    U 99.9900 dB    V 6.6985 dB] [ET  9.50 ] [L0 ] [L1 ]
*** TRAIL_R numBytesInNALunit: 51932
POC    9 TId: 0 ( I-SLICE, QP 26 )     415456 bits [Y 99.9900 dB    U 99.9900 dB    V 6.7056 dB] [ET  9.51 ] [L0 ] [L1 ]


I Slices--------------------------------------------------------
	Total Frames |  Bitrate    Y-PSNR    U-PSNR    V-PSNR 
	       10    i  12342.7440   99.9900   99.9900    6.7085
Bytes written to file: 514332 (12343.968 kbps)
Bytes for SPS/PPS/Slice (Incl. Annex B): 514332 (12343.968 kbps)

 Total Time:       94.630 sec.
