
HM software: Encoder Version [15.0][Linux][GCC 4.8.5][64 bit] 

Input          File          : ../../HEVC_test_sequence/ClassB/ParkScene_1920x1080_24.yuv
Bitstream      File          : ParkScene.bin
Reconstruction File          : ParkScene.yuv
Real     Format              : 1920x1080 24Hz
Internal Format              : 1920x1080 24Hz
Frame/Field                  : Frame based coding
Frame index                  : 0 - 9 (10 frames)
CU size / depth              : 32 / 3
RQT trans. size (min / max)  : 4 / 32
Max RQT depth inter          : 3
Max RQT depth intra          : 1
Min PCM size                 : 8
Motion search range          : 64
Intra period                 : 1
Decoding refresh type        : 0
QP                           : 26.00
Max dQP signaling depth      : 0
Cb QP Offset                 : 0
Cr QP Offset                 : 0
QP adaptation                : 0 (range=0)
GOP size                     : 1
Internal bit depth           : (Y:8, C:8)
PCM sample bit depth         : (Y:8, C:8)
RateControl                  : 0
Max Num Merge Candidates     : 5

TOOL CFG: IBD:0 HAD:0 RDQ:0 RDQTS:0 RDpenalty:0 SQP:0 ASR:0 FEN:0 ECU:0 FDM:0 CFM:0 ESD:0 RQT:1 TransformSkip:0 TransformSkipFast:0 Slice: M=0 SliceSegment: M=0 CIP:0 SAO:0 PCM:0 TransQuantBypassEnabled: =1 WPP:0 WPB:0 PME:2  WaveFrontSynchro:0 WaveFrontSubstreams:1 ScalingList:0 TMVPMode:1  SignBitHidingFlag:1 RecalQP:0

***    VPS numBytesInNALunit: 24
***    SPS numBytesInNALunit: 31
***    PPS numBytesInNALunit: 7
*** IDR_W_RADL numBytesInNALunit: 196882
POC    0 TId: 0 ( I-SLICE, QP 26 )    1575552 bits [Y 99.9900 dB    U 99.9900 dB    V 99.9900 dB] [ET 30.17 ] [L0 ] [L1 ]
*** TRAIL_R numBytesInNALunit: 196958
POC    1 TId: 0 ( I-SLICE, QP 26 )    1575664 bits [Y 99.9900 dB    U 99.9900 dB    V 99.9900 dB] [ET 30.73 ] [L0 ] [L1 ]
*** TRAIL_R numBytesInNALunit: 196813
POC    2 TId: 0 ( I-SLICE, QP 26 )    1574504 bits [Y 99.9900 dB    U 99.9900 dB    V 99.9900 dB] [ET 30.77 ] [L0 ] [L1 ]
*** TRAIL_R numBytesInNALunit: 197211
POC    3 TId: 0 ( I-SLICE, QP 26 )    1577688 bits [Y 99.9900 dB    U 99.9900 dB    V 99.9900 dB] [ET 30.70 ] [L0 ] [L1 ]
*** TRAIL_R numBytesInNALunit: 197310
POC    4 TId: 0 ( I-SLICE, QP 26 )    1578480 bits [Y 99.9900 dB    U 99.9900 dB    V 99.9900 dB] [ET 30.89 ] [L0 ] [L1 ]
*** TRAIL_R numBytesInNALunit: 197155
POC    5 TId: 0 ( I-SLICE, QP 26 )    1577240 bits [Y 99.9900 dB    U 99.9900 dB    V 99.9900 dB] [ET 30.95 ] [L0 ] [L1 ]
*** TRAIL_R numBytesInNALunit: 197145
POC    6 TId: 0 ( I-SLICE, QP 26 )    1577160 bits [Y 99.9900 dB    U 99.9900 dB    V 99.9900 dB] [ET 30.86 ] [L0 ] [L1 ]
*** TRAIL_R numBytesInNALunit: 196952
POC    7 TId: 0 ( I-SLICE, QP 26 )    1575616 bits [Y 99.9900 dB    U 99.9900 dB    V 99.9900 dB] [ET 30.70 ] [L0 ] [L1 ]
*** TRAIL_R numBytesInNALunit: 196817
POC    8 TId: 0 ( I-SLICE, QP 26 )    1574536 bits [Y 99.9900 dB    U 99.9900 dB    V 99.9900 dB] [ET 30.75 ] [L0 ] [L1 ]
*** TRAIL_R numBytesInNALunit: 197090
POC    9 TId: 0 ( I-SLICE, QP 26 )    1576720 bits [Y 99.9900 dB    U 99.9900 dB    V 99.9900 dB] [ET 30.66 ] [L0 ] [L1 ]


I Slices--------------------------------------------------------
	Total Frames |  Bitrate    Y-PSNR    U-PSNR    V-PSNR 
	       10    i  37831.5840   99.9900   99.9900   99.9900
Bytes written to file: 1970446 (37832.563 kbps)
Bytes for SPS/PPS/Slice (Incl. Annex B): 1970446 (37832.563 kbps)

 Total Time:      307.969 sec.
