
HM software: Encoder Version [15.0][Linux][GCC 4.8.5][64 bit] 

Input          File          : ../../HEVC_test_sequence/ClassF/SlideShow_1280x720_20.yuv
Bitstream      File          : SlideShow.bin
Reconstruction File          : SlideShow.yuv
Real     Format              : 1280x720 20Hz
Internal Format              : 1280x720 20Hz
Frame/Field                  : Frame based coding
Frame index                  : 0 - 9 (10 frames)
CU size / depth              : 32 / 3
RQT trans. size (min / max)  : 4 / 32
Max RQT depth inter          : 3
Max RQT depth intra          : 1
Min PCM size                 : 8
Motion search range          : 64
Intra period                 : 1
Decoding refresh type        : 0
QP                           : 26.00
Max dQP signaling depth      : 0
Cb QP Offset                 : 0
Cr QP Offset                 : 0
QP adaptation                : 0 (range=0)
GOP size                     : 1
Internal bit depth           : (Y:8, C:8)
PCM sample bit depth         : (Y:8, C:8)
RateControl                  : 0
Max Num Merge Candidates     : 5

TOOL CFG: IBD:0 HAD:0 RDQ:0 RDQTS:0 RDpenalty:0 SQP:0 ASR:0 FEN:0 ECU:0 FDM:0 CFM:0 ESD:0 RQT:1 TransformSkip:0 TransformSkipFast:0 Slice: M=0 SliceSegment: M=0 CIP:0 SAO:0 PCM:0 TransQuantBypassEnabled: =1 WPP:0 WPB:0 PME:2  WaveFrontSynchro:0 WaveFrontSubstreams:1 ScalingList:0 TMVPMode:1  SignBitHidingFlag:1 RecalQP:0

***    VPS numBytesInNALunit: 24
***    SPS numBytesInNALunit: 31
***    PPS numBytesInNALunit: 7
*** IDR_W_RADL numBytesInNALunit: 25637
POC    0 TId: 0 ( I-SLICE, QP 26 )     205592 bits [Y 99.9900 dB    U 99.9900 dB    V 99.9900 dB] [ET 10.14 ] [L0 ] [L1 ]
*** TRAIL_R numBytesInNALunit: 1053
POC    1 TId: 0 ( I-SLICE, QP 26 )       8424 bits [Y 99.9900 dB    U 99.9900 dB    V 99.9900 dB] [ET  5.78 ] [L0 ] [L1 ]
*** TRAIL_R numBytesInNALunit: 953
POC    2 TId: 0 ( I-SLICE, QP 26 )       7624 bits [Y 99.9900 dB    U 99.9900 dB    V 99.9900 dB] [ET  5.73 ] [L0 ] [L1 ]
*** TRAIL_R numBytesInNALunit: 3661
POC    3 TId: 0 ( I-SLICE, QP 26 )      29288 bits [Y 99.9900 dB    U 99.9900 dB    V 99.9900 dB] [ET  6.47 ] [L0 ] [L1 ]
*** TRAIL_R numBytesInNALunit: 5341
POC    4 TId: 0 ( I-SLICE, QP 26 )      42728 bits [Y 99.9900 dB    U 99.9900 dB    V 99.9900 dB] [ET  7.22 ] [L0 ] [L1 ]
*** TRAIL_R numBytesInNALunit: 6879
POC    5 TId: 0 ( I-SLICE, QP 26 )      55032 bits [Y 99.9900 dB    U 99.9900 dB    V 99.9900 dB] [ET  7.56 ] [L0 ] [L1 ]
*** TRAIL_R numBytesInNALunit: 9244
POC    6 TId: 0 ( I-SLICE, QP 26 )      73952 bits [Y 99.9900 dB    U 99.9900 dB    V 99.9900 dB] [ET  8.19 ] [L0 ] [L1 ]
*** TRAIL_R numBytesInNALunit: 11580
POC    7 TId: 0 ( I-SLICE, QP 26 )      92640 bits [Y 99.9900 dB    U 99.9900 dB    V 99.9900 dB] [ET  8.77 ] [L0 ] [L1 ]
*** TRAIL_R numBytesInNALunit: 13688
POC    8 TId: 0 ( I-SLICE, QP 26 )     109504 bits [Y 99.9900 dB    U 99.9900 dB    V 99.9900 dB] [ET  9.20 ] [L0 ] [L1 ]
*** TRAIL_R numBytesInNALunit: 15879
POC    9 TId: 0 ( I-SLICE, QP 26 )     127032 bits [Y 99.9900 dB    U 99.9900 dB    V 99.9900 dB] [ET  9.94 ] [L0 ] [L1 ]


I Slices--------------------------------------------------------
	Total Frames |  Bitrate    Y-PSNR    U-PSNR    V-PSNR 
	       10    i   1503.6320   99.9900   99.9900   99.9900
Bytes written to file: 94028 (1504.448 kbps)
Bytes for SPS/PPS/Slice (Incl. Annex B): 94028 (1504.448 kbps)

 Total Time:       79.391 sec.
