
HM software: Encoder Version [15.0][Linux][GCC 4.8.5][64 bit] 

Input          File          : ../../HEVC_test_sequence/ClassD/BQSquare_416x240_60.yuv
Bitstream      File          : BQSquare.bin
Reconstruction File          : BQSquare.yuv
Real     Format              : 416x240 60Hz
Internal Format              : 416x240 60Hz
Frame/Field                  : Frame based coding
Frame index                  : 0 - 9 (10 frames)
CU size / depth              : 32 / 3
RQT trans. size (min / max)  : 4 / 32
Max RQT depth inter          : 3
Max RQT depth intra          : 1
Min PCM size                 : 8
Motion search range          : 64
Intra period                 : 1
Decoding refresh type        : 0
QP                           : 26.00
Max dQP signaling depth      : 0
Cb QP Offset                 : 0
Cr QP Offset                 : 0
QP adaptation                : 0 (range=0)
GOP size                     : 1
Internal bit depth           : (Y:8, C:8)
PCM sample bit depth         : (Y:8, C:8)
RateControl                  : 0
Max Num Merge Candidates     : 5

TOOL CFG: IBD:0 HAD:0 RDQ:0 RDQTS:0 RDpenalty:0 SQP:0 ASR:0 FEN:0 ECU:0 FDM:0 CFM:0 ESD:0 RQT:1 TransformSkip:0 TransformSkipFast:0 Slice: M=0 SliceSegment: M=0 CIP:0 SAO:0 PCM:0 TransQuantBypassEnabled: =1 WPP:0 WPB:0 PME:2  WaveFrontSynchro:0 WaveFrontSubstreams:1 ScalingList:0 TMVPMode:1  SignBitHidingFlag:1 RecalQP:0

***    VPS numBytesInNALunit: 24
***    SPS numBytesInNALunit: 30
***    PPS numBytesInNALunit: 7
*** IDR_W_RADL numBytesInNALunit: 65818
POC    0 TId: 0 ( I-SLICE, QP 26 )     527032 bits [Y 99.9900 dB    U 6.1561 dB    V 5.8175 dB] [ET  1.33 ] [L0 ] [L1 ]
*** TRAIL_R numBytesInNALunit: 65877
POC    1 TId: 0 ( I-SLICE, QP 26 )     527016 bits [Y 99.9900 dB    U 6.1542 dB    V 5.8191 dB] [ET  1.37 ] [L0 ] [L1 ]
*** TRAIL_R numBytesInNALunit: 65893
POC    2 TId: 0 ( I-SLICE, QP 26 )     527144 bits [Y 99.9900 dB    U 6.1550 dB    V 5.8186 dB] [ET  1.35 ] [L0 ] [L1 ]
*** TRAIL_R numBytesInNALunit: 65977
POC    3 TId: 0 ( I-SLICE, QP 26 )     527816 bits [Y 99.9900 dB    U 6.1581 dB    V 5.8167 dB] [ET  1.34 ] [L0 ] [L1 ]
*** TRAIL_R numBytesInNALunit: 65973
POC    4 TId: 0 ( I-SLICE, QP 26 )     527784 bits [Y 99.9900 dB    U 6.1568 dB    V 5.8181 dB] [ET  1.33 ] [L0 ] [L1 ]
*** TRAIL_R numBytesInNALunit: 65871
POC    5 TId: 0 ( I-SLICE, QP 26 )     526968 bits [Y 99.9900 dB    U 6.1556 dB    V 5.8184 dB] [ET  1.33 ] [L0 ] [L1 ]
*** TRAIL_R numBytesInNALunit: 65977
POC    6 TId: 0 ( I-SLICE, QP 26 )     527816 bits [Y 99.9900 dB    U 6.1559 dB    V 5.8174 dB] [ET  1.31 ] [L0 ] [L1 ]
*** TRAIL_R numBytesInNALunit: 65989
POC    7 TId: 0 ( I-SLICE, QP 26 )     527912 bits [Y 99.9900 dB    U 6.1569 dB    V 5.8150 dB] [ET  1.30 ] [L0 ] [L1 ]
*** TRAIL_R numBytesInNALunit: 65967
POC    8 TId: 0 ( I-SLICE, QP 26 )     527736 bits [Y 99.9900 dB    U 6.1565 dB    V 5.8165 dB] [ET  1.29 ] [L0 ] [L1 ]
*** TRAIL_R numBytesInNALunit: 66039
POC    9 TId: 0 ( I-SLICE, QP 26 )     528312 bits [Y 99.9900 dB    U 6.1569 dB    V 5.8149 dB] [ET  1.30 ] [L0 ] [L1 ]


I Slices--------------------------------------------------------
	Total Frames |  Bitrate    Y-PSNR    U-PSNR    V-PSNR 
	       10    i  31653.2160   99.9900    6.1562    5.8172
Bytes written to file: 659493 (31655.664 kbps)
Bytes for SPS/PPS/Slice (Incl. Annex B): 659493 (31655.664 kbps)

 Total Time:       13.270 sec.
