
HM software: Encoder Version [15.0][Linux][GCC 4.8.5][64 bit] 

Input          File          : ../../HEVC_test_sequence/ClassA/PeopleOnStreet_2560x1600_30_crop.yuv
Bitstream      File          : PeopleOnStreet.bin
Reconstruction File          : PeopleOnStreet.yuv
Real     Format              : 2560x1600 30Hz
Internal Format              : 2560x1600 30Hz
Frame/Field                  : Frame based coding
Frame index                  : 0 - 9 (10 frames)
CU size / depth              : 32 / 3
RQT trans. size (min / max)  : 4 / 32
Max RQT depth inter          : 3
Max RQT depth intra          : 1
Min PCM size                 : 8
Motion search range          : 64
Intra period                 : 1
Decoding refresh type        : 0
QP                           : 26.00
Max dQP signaling depth      : 0
Cb QP Offset                 : 0
Cr QP Offset                 : 0
QP adaptation                : 0 (range=0)
GOP size                     : 1
Internal bit depth           : (Y:8, C:8)
PCM sample bit depth         : (Y:8, C:8)
RateControl                  : 0
Max Num Merge Candidates     : 5

TOOL CFG: IBD:0 HAD:0 RDQ:0 RDQTS:0 RDpenalty:0 SQP:0 ASR:0 FEN:0 ECU:0 FDM:0 CFM:0 ESD:0 RQT:1 TransformSkip:0 TransformSkipFast:0 Slice: M=0 SliceSegment: M=0 CIP:0 SAO:0 PCM:0 TransQuantBypassEnabled: =1 WPP:0 WPB:0 PME:2  WaveFrontSynchro:0 WaveFrontSubstreams:1 ScalingList:0 TMVPMode:1  SignBitHidingFlag:1 RecalQP:0

***    VPS numBytesInNALunit: 24
***    SPS numBytesInNALunit: 31
***    PPS numBytesInNALunit: 7
*** IDR_W_RADL numBytesInNALunit: 2064810
POC    0 TId: 0 ( I-SLICE, QP 26 )   16518976 bits [Y 99.9900 dB    U 5.7167 dB    V 6.1971 dB] [ET 41.81 ] [L0 ] [L1 ]
*** TRAIL_R numBytesInNALunit: 2066142
POC    1 TId: 0 ( I-SLICE, QP 26 )   16529136 bits [Y 99.9900 dB    U 5.7165 dB    V 6.1994 dB] [ET 42.37 ] [L0 ] [L1 ]
*** TRAIL_R numBytesInNALunit: 2064396
POC    2 TId: 0 ( I-SLICE, QP 26 )   16515168 bits [Y 99.9900 dB    U 5.7169 dB    V 6.1992 dB] [ET 42.11 ] [L0 ] [L1 ]
*** TRAIL_R numBytesInNALunit: 2064649
POC    3 TId: 0 ( I-SLICE, QP 26 )   16517192 bits [Y 99.9900 dB    U 5.7170 dB    V 6.1977 dB] [ET 41.87 ] [L0 ] [L1 ]
*** TRAIL_R numBytesInNALunit: 2064345
POC    4 TId: 0 ( I-SLICE, QP 26 )   16514760 bits [Y 99.9900 dB    U 5.7180 dB    V 6.1944 dB] [ET 42.43 ] [L0 ] [L1 ]
*** TRAIL_R numBytesInNALunit: 2066965
POC    5 TId: 0 ( I-SLICE, QP 26 )   16535720 bits [Y 99.9900 dB    U 5.7181 dB    V 6.1938 dB] [ET 42.70 ] [L0 ] [L1 ]
*** TRAIL_R numBytesInNALunit: 2067109
POC    6 TId: 0 ( I-SLICE, QP 26 )   16536872 bits [Y 99.9900 dB    U 5.7172 dB    V 6.1919 dB] [ET 41.76 ] [L0 ] [L1 ]
*** TRAIL_R numBytesInNALunit: 2067338
POC    7 TId: 0 ( I-SLICE, QP 26 )   16538704 bits [Y 99.9900 dB    U 5.7186 dB    V 6.1901 dB] [ET 43.19 ] [L0 ] [L1 ]
*** TRAIL_R numBytesInNALunit: 2069529
POC    8 TId: 0 ( I-SLICE, QP 26 )   16556232 bits [Y 99.9900 dB    U 5.7186 dB    V 6.1869 dB] [ET 42.47 ] [L0 ] [L1 ]
*** TRAIL_R numBytesInNALunit: 2070941
POC    9 TId: 0 ( I-SLICE, QP 26 )   16567528 bits [Y 99.9900 dB    U 5.7193 dB    V 6.1879 dB] [ET 44.89 ] [L0 ] [L1 ]


I Slices--------------------------------------------------------
	Total Frames |  Bitrate    Y-PSNR    U-PSNR    V-PSNR 
	       10    i 495990.8640   99.9900    5.7177    6.1938
Bytes written to file: 20666337 (495992.088 kbps)
Bytes for SPS/PPS/Slice (Incl. Annex B): 20666337 (495992.088 kbps)

 Total Time:      427.100 sec.
