
HM software: Encoder Version [15.0][Linux][GCC 4.8.5][64 bit] 

Input          File          : ../../HEVC_test_sequence/ClassF/SlideShow_1280x720_20.yuv
Bitstream      File          : SlideShow.bin
Reconstruction File          : SlideShow.yuv
Real     Format              : 1280x720 20Hz
Internal Format              : 1280x720 20Hz
Frame/Field                  : Frame based coding
Frame index                  : 0 - 9 (10 frames)
CU size / depth              : 32 / 3
RQT trans. size (min / max)  : 4 / 32
Max RQT depth inter          : 3
Max RQT depth intra          : 1
Min PCM size                 : 8
Motion search range          : 64
Intra period                 : 1
Decoding refresh type        : 0
QP                           : 26.00
Max dQP signaling depth      : 0
Cb QP Offset                 : 0
Cr QP Offset                 : 0
QP adaptation                : 0 (range=0)
GOP size                     : 1
Internal bit depth           : (Y:8, C:8)
PCM sample bit depth         : (Y:8, C:8)
RateControl                  : 0
Max Num Merge Candidates     : 5

TOOL CFG: IBD:0 HAD:0 RDQ:0 RDQTS:0 RDpenalty:0 SQP:0 ASR:0 FEN:0 ECU:0 FDM:0 CFM:0 ESD:0 RQT:1 TransformSkip:0 TransformSkipFast:0 Slice: M=0 SliceSegment: M=0 CIP:0 SAO:0 PCM:0 TransQuantBypassEnabled: =1 WPP:0 WPB:0 PME:2  WaveFrontSynchro:0 WaveFrontSubstreams:1 ScalingList:0 TMVPMode:1  SignBitHidingFlag:1 RecalQP:0

***    VPS numBytesInNALunit: 24
***    SPS numBytesInNALunit: 31
***    PPS numBytesInNALunit: 7
*** IDR_W_RADL numBytesInNALunit: 181108
POC    0 TId: 0 ( I-SLICE, QP 26 )    1449360 bits [Y 99.9900 dB    U 5.7578 dB    V 6.3351 dB] [ET  8.21 ] [L0 ] [L1 ]
*** TRAIL_R numBytesInNALunit: 1674
POC    1 TId: 0 ( I-SLICE, QP 26 )      13392 bits [Y 99.9900 dB    U 5.9864 dB    V 5.9872 dB] [ET  3.72 ] [L0 ] [L1 ]
*** TRAIL_R numBytesInNALunit: 1456
POC    2 TId: 0 ( I-SLICE, QP 26 )      11648 bits [Y 99.9900 dB    U 5.9866 dB    V 5.9866 dB] [ET  3.96 ] [L0 ] [L1 ]
*** TRAIL_R numBytesInNALunit: 20722
POC    3 TId: 0 ( I-SLICE, QP 26 )     165776 bits [Y 99.9900 dB    U 6.0387 dB    V 6.0021 dB] [ET  4.41 ] [L0 ] [L1 ]
*** TRAIL_R numBytesInNALunit: 49345
POC    4 TId: 0 ( I-SLICE, QP 26 )     394760 bits [Y 99.9900 dB    U 6.1009 dB    V 6.0101 dB] [ET  5.14 ] [L0 ] [L1 ]
*** TRAIL_R numBytesInNALunit: 72737
POC    5 TId: 0 ( I-SLICE, QP 26 )     581896 bits [Y 99.9900 dB    U 6.1368 dB    V 6.0313 dB] [ET  5.46 ] [L0 ] [L1 ]
*** TRAIL_R numBytesInNALunit: 99664
POC    6 TId: 0 ( I-SLICE, QP 26 )     797312 bits [Y 99.9900 dB    U 6.1663 dB    V 6.0785 dB] [ET  5.98 ] [L0 ] [L1 ]
*** TRAIL_R numBytesInNALunit: 130347
POC    7 TId: 0 ( I-SLICE, QP 26 )    1042776 bits [Y 99.9900 dB    U 6.1793 dB    V 6.1444 dB] [ET  6.34 ] [L0 ] [L1 ]
*** TRAIL_R numBytesInNALunit: 153869
POC    8 TId: 0 ( I-SLICE, QP 26 )    1230952 bits [Y 99.9900 dB    U 6.1800 dB    V 6.2126 dB] [ET  7.05 ] [L0 ] [L1 ]
*** TRAIL_R numBytesInNALunit: 186222
POC    9 TId: 0 ( I-SLICE, QP 26 )    1489776 bits [Y 99.9900 dB    U 6.1695 dB    V 6.3098 dB] [ET  7.72 ] [L0 ] [L1 ]


I Slices--------------------------------------------------------
	Total Frames |  Bitrate    Y-PSNR    U-PSNR    V-PSNR 
	       10    i  14355.2960   99.9900    6.0702    6.1098
Bytes written to file: 897257 (14356.112 kbps)
Bytes for SPS/PPS/Slice (Incl. Annex B): 897257 (14356.112 kbps)

 Total Time:       58.380 sec.
