
HM software: Encoder Version [15.0][Linux][GCC 4.8.5][64 bit] 

Input          File          : ../../HEVC_test_sequence/ClassF/SlideShow_1280x720_20.yuv
Bitstream      File          : SlideShow.bin
Reconstruction File          : SlideShow.yuv
Real     Format              : 1280x720 20Hz
Internal Format              : 1280x720 20Hz
Frame/Field                  : Frame based coding
Frame index                  : 0 - 9 (10 frames)
CU size / depth              : 32 / 3
RQT trans. size (min / max)  : 4 / 32
Max RQT depth inter          : 3
Max RQT depth intra          : 1
Min PCM size                 : 8
Motion search range          : 64
Intra period                 : 1
Decoding refresh type        : 0
QP                           : 26.00
Max dQP signaling depth      : 0
Cb QP Offset                 : 0
Cr QP Offset                 : 0
QP adaptation                : 0 (range=0)
GOP size                     : 1
Internal bit depth           : (Y:8, C:8)
PCM sample bit depth         : (Y:8, C:8)
RateControl                  : 0
Max Num Merge Candidates     : 5

TOOL CFG: IBD:0 HAD:0 RDQ:0 RDQTS:0 RDpenalty:0 SQP:0 ASR:0 FEN:0 ECU:0 FDM:0 CFM:0 ESD:0 RQT:1 TransformSkip:0 TransformSkipFast:0 Slice: M=0 SliceSegment: M=0 CIP:0 SAO:0 PCM:0 TransQuantBypassEnabled: =1 WPP:0 WPB:0 PME:2  WaveFrontSynchro:0 WaveFrontSubstreams:1 ScalingList:0 TMVPMode:1  SignBitHidingFlag:1 RecalQP:0

***    VPS numBytesInNALunit: 24
***    SPS numBytesInNALunit: 31
***    PPS numBytesInNALunit: 7
*** IDR_W_RADL numBytesInNALunit: 223704
POC    0 TId: 0 ( I-SLICE, QP 26 )    1790128 bits [Y 99.9900 dB    U 99.9900 dB    V 99.9900 dB] [ET 16.93 ] [L0 ] [L1 ]
*** TRAIL_R numBytesInNALunit: 3114
POC    1 TId: 0 ( I-SLICE, QP 26 )      24912 bits [Y 99.9900 dB    U 99.9900 dB    V 99.9900 dB] [ET 10.16 ] [L0 ] [L1 ]
*** TRAIL_R numBytesInNALunit: 2767
POC    2 TId: 0 ( I-SLICE, QP 26 )      22136 bits [Y 99.9900 dB    U 99.9900 dB    V 99.9900 dB] [ET 10.17 ] [L0 ] [L1 ]
*** TRAIL_R numBytesInNALunit: 25971
POC    3 TId: 0 ( I-SLICE, QP 26 )     207768 bits [Y 99.9900 dB    U 99.9900 dB    V 99.9900 dB] [ET 11.23 ] [L0 ] [L1 ]
*** TRAIL_R numBytesInNALunit: 53026
POC    4 TId: 0 ( I-SLICE, QP 26 )     424208 bits [Y 99.9900 dB    U 99.9900 dB    V 99.9900 dB] [ET 11.97 ] [L0 ] [L1 ]
*** TRAIL_R numBytesInNALunit: 77209
POC    5 TId: 0 ( I-SLICE, QP 26 )     617672 bits [Y 99.9900 dB    U 99.9900 dB    V 99.9900 dB] [ET 12.67 ] [L0 ] [L1 ]
*** TRAIL_R numBytesInNALunit: 105745
POC    6 TId: 0 ( I-SLICE, QP 26 )     845960 bits [Y 99.9900 dB    U 99.9900 dB    V 99.9900 dB] [ET 13.35 ] [L0 ] [L1 ]
*** TRAIL_R numBytesInNALunit: 139060
POC    7 TId: 0 ( I-SLICE, QP 26 )    1112480 bits [Y 99.9900 dB    U 99.9900 dB    V 99.9900 dB] [ET 14.24 ] [L0 ] [L1 ]
*** TRAIL_R numBytesInNALunit: 165119
POC    8 TId: 0 ( I-SLICE, QP 26 )    1320952 bits [Y 99.9900 dB    U 99.9900 dB    V 99.9900 dB] [ET 15.00 ] [L0 ] [L1 ]
*** TRAIL_R numBytesInNALunit: 199178
POC    9 TId: 0 ( I-SLICE, QP 26 )    1593424 bits [Y 99.9900 dB    U 99.9900 dB    V 99.9900 dB] [ET 16.03 ] [L0 ] [L1 ]


I Slices--------------------------------------------------------
	Total Frames |  Bitrate    Y-PSNR    U-PSNR    V-PSNR 
	       10    i  15919.2800   99.9900   99.9900   99.9900
Bytes written to file: 995006 (15920.096 kbps)
Bytes for SPS/PPS/Slice (Incl. Annex B): 995006 (15920.096 kbps)

 Total Time:      132.130 sec.
