
HM software: Encoder Version [15.0][Linux][GCC 4.8.5][64 bit] 

Input          File          : ../../HEVC_test_sequence/ClassE/Johnny_1280x720_60.yuv
Bitstream      File          : Johnny.bin
Reconstruction File          : Johnny.yuv
Real     Format              : 1280x720 60Hz
Internal Format              : 1280x720 60Hz
Frame/Field                  : Frame based coding
Frame index                  : 0 - 9 (10 frames)
CU size / depth              : 32 / 3
RQT trans. size (min / max)  : 4 / 32
Max RQT depth inter          : 3
Max RQT depth intra          : 1
Min PCM size                 : 8
Motion search range          : 64
Intra period                 : 1
Decoding refresh type        : 0
QP                           : 26.00
Max dQP signaling depth      : 0
Cb QP Offset                 : 0
Cr QP Offset                 : 0
QP adaptation                : 0 (range=0)
GOP size                     : 1
Internal bit depth           : (Y:8, C:8)
PCM sample bit depth         : (Y:8, C:8)
RateControl                  : 0
Max Num Merge Candidates     : 5

TOOL CFG: IBD:0 HAD:0 RDQ:0 RDQTS:0 RDpenalty:0 SQP:0 ASR:0 FEN:0 ECU:0 FDM:0 CFM:0 ESD:0 RQT:1 TransformSkip:0 TransformSkipFast:0 Slice: M=0 SliceSegment: M=0 CIP:0 SAO:0 PCM:0 TransQuantBypassEnabled: =1 WPP:0 WPB:0 PME:2  WaveFrontSynchro:0 WaveFrontSubstreams:1 ScalingList:0 TMVPMode:1  SignBitHidingFlag:1 RecalQP:0

***    VPS numBytesInNALunit: 24
***    SPS numBytesInNALunit: 31
***    PPS numBytesInNALunit: 7
*** IDR_W_RADL numBytesInNALunit: 452741
POC    0 TId: 0 ( I-SLICE, QP 26 )    3622424 bits [Y 99.9900 dB    U 99.9900 dB    V 99.9900 dB] [ET 13.22 ] [L0 ] [L1 ]
*** TRAIL_R numBytesInNALunit: 453178
POC    1 TId: 0 ( I-SLICE, QP 26 )    3625424 bits [Y 99.9900 dB    U 99.9900 dB    V 99.9900 dB] [ET 13.69 ] [L0 ] [L1 ]
*** TRAIL_R numBytesInNALunit: 453160
POC    2 TId: 0 ( I-SLICE, QP 26 )    3625280 bits [Y 99.9900 dB    U 99.9900 dB    V 99.9900 dB] [ET 13.50 ] [L0 ] [L1 ]
*** TRAIL_R numBytesInNALunit: 453267
POC    3 TId: 0 ( I-SLICE, QP 26 )    3626136 bits [Y 99.9900 dB    U 99.9900 dB    V 99.9900 dB] [ET 13.52 ] [L0 ] [L1 ]
*** TRAIL_R numBytesInNALunit: 454440
POC    4 TId: 0 ( I-SLICE, QP 26 )    3635520 bits [Y 99.9900 dB    U 99.9900 dB    V 99.9900 dB] [ET 13.59 ] [L0 ] [L1 ]
*** TRAIL_R numBytesInNALunit: 453796
POC    5 TId: 0 ( I-SLICE, QP 26 )    3630368 bits [Y 99.9900 dB    U 99.9900 dB    V 99.9900 dB] [ET 13.52 ] [L0 ] [L1 ]
*** TRAIL_R numBytesInNALunit: 454584
POC    6 TId: 0 ( I-SLICE, QP 26 )    3636672 bits [Y 99.9900 dB    U 99.9900 dB    V 99.9900 dB] [ET 13.48 ] [L0 ] [L1 ]
*** TRAIL_R numBytesInNALunit: 454168
POC    7 TId: 0 ( I-SLICE, QP 26 )    3633344 bits [Y 99.9900 dB    U 99.9900 dB    V 99.9900 dB] [ET 13.09 ] [L0 ] [L1 ]
*** TRAIL_R numBytesInNALunit: 454719
POC    8 TId: 0 ( I-SLICE, QP 26 )    3637752 bits [Y 99.9900 dB    U 99.9900 dB    V 99.9900 dB] [ET 11.89 ] [L0 ] [L1 ]
*** TRAIL_R numBytesInNALunit: 454986
POC    9 TId: 0 ( I-SLICE, QP 26 )    3639888 bits [Y 99.9900 dB    U 99.9900 dB    V 99.9900 dB] [ET 11.55 ] [L0 ] [L1 ]


I Slices--------------------------------------------------------
	Total Frames |  Bitrate    Y-PSNR    U-PSNR    V-PSNR 
	       10    i 217876.8480   99.9900   99.9900   99.9900
Bytes written to file: 4539152 (217879.296 kbps)
Bytes for SPS/PPS/Slice (Incl. Annex B): 4539152 (217879.296 kbps)

 Total Time:      131.359 sec.
