
HM software: Encoder Version [15.0][Linux][GCC 4.8.5][64 bit] 

Input          File          : ../../HEVC_test_sequence/ClassB/Cactus_1920x1080_50.yuv
Bitstream      File          : Cactus.bin
Reconstruction File          : Cactus.yuv
Real     Format              : 1920x1080 50Hz
Internal Format              : 1920x1080 50Hz
Frame/Field                  : Frame based coding
Frame index                  : 0 - 9 (10 frames)
CU size / depth              : 32 / 3
RQT trans. size (min / max)  : 4 / 32
Max RQT depth inter          : 3
Max RQT depth intra          : 1
Min PCM size                 : 8
Motion search range          : 64
Intra period                 : 1
Decoding refresh type        : 0
QP                           : 26.00
Max dQP signaling depth      : 0
Cb QP Offset                 : 0
Cr QP Offset                 : 0
QP adaptation                : 0 (range=0)
GOP size                     : 1
Internal bit depth           : (Y:8, C:8)
PCM sample bit depth         : (Y:8, C:8)
RateControl                  : 0
Max Num Merge Candidates     : 5

TOOL CFG: IBD:0 HAD:0 RDQ:0 RDQTS:0 RDpenalty:0 SQP:0 ASR:0 FEN:0 ECU:0 FDM:0 CFM:0 ESD:0 RQT:1 TransformSkip:0 TransformSkipFast:0 Slice: M=0 SliceSegment: M=0 CIP:0 SAO:0 PCM:0 TransQuantBypassEnabled: =1 WPP:0 WPB:0 PME:2  WaveFrontSynchro:0 WaveFrontSubstreams:1 ScalingList:0 TMVPMode:1  SignBitHidingFlag:1 RecalQP:0

***    VPS numBytesInNALunit: 24
***    SPS numBytesInNALunit: 31
***    PPS numBytesInNALunit: 7
*** IDR_W_RADL numBytesInNALunit: 1585872
POC    0 TId: 0 ( I-SLICE, QP 26 )   12687472 bits [Y 99.9900 dB    U 99.9900 dB    V 99.9900 dB] [ET 48.40 ] [L0 ] [L1 ]
*** TRAIL_R numBytesInNALunit: 1584159
POC    1 TId: 0 ( I-SLICE, QP 26 )   12673272 bits [Y 99.9900 dB    U 99.9900 dB    V 99.9900 dB] [ET 48.47 ] [L0 ] [L1 ]
*** TRAIL_R numBytesInNALunit: 1585921
POC    2 TId: 0 ( I-SLICE, QP 26 )   12687368 bits [Y 99.9900 dB    U 99.9900 dB    V 99.9900 dB] [ET 48.62 ] [L0 ] [L1 ]
*** TRAIL_R numBytesInNALunit: 1587177
POC    3 TId: 0 ( I-SLICE, QP 26 )   12697416 bits [Y 99.9900 dB    U 99.9900 dB    V 99.9900 dB] [ET 48.79 ] [L0 ] [L1 ]
*** TRAIL_R numBytesInNALunit: 1590169
POC    4 TId: 0 ( I-SLICE, QP 26 )   12721352 bits [Y 99.9900 dB    U 99.9900 dB    V 99.9900 dB] [ET 49.33 ] [L0 ] [L1 ]
*** TRAIL_R numBytesInNALunit: 1592349
POC    5 TId: 0 ( I-SLICE, QP 26 )   12738792 bits [Y 99.9900 dB    U 99.9900 dB    V 99.9900 dB] [ET 48.63 ] [L0 ] [L1 ]
*** TRAIL_R numBytesInNALunit: 1594237
POC    6 TId: 0 ( I-SLICE, QP 26 )   12753896 bits [Y 99.9900 dB    U 99.9900 dB    V 99.9900 dB] [ET 48.96 ] [L0 ] [L1 ]
*** TRAIL_R numBytesInNALunit: 1593645
POC    7 TId: 0 ( I-SLICE, QP 26 )   12749160 bits [Y 99.9900 dB    U 99.9900 dB    V 99.9900 dB] [ET 48.27 ] [L0 ] [L1 ]
*** TRAIL_R numBytesInNALunit: 1591794
POC    8 TId: 0 ( I-SLICE, QP 26 )   12734352 bits [Y 99.9900 dB    U 99.9900 dB    V 99.9900 dB] [ET 45.31 ] [L0 ] [L1 ]
*** TRAIL_R numBytesInNALunit: 1590274
POC    9 TId: 0 ( I-SLICE, QP 26 )   12722192 bits [Y 99.9900 dB    U 99.9900 dB    V 99.9900 dB] [ET 45.94 ] [L0 ] [L1 ]


I Slices--------------------------------------------------------
	Total Frames |  Bitrate    Y-PSNR    U-PSNR    V-PSNR 
	       10    i 635826.3600   99.9900   99.9900   99.9900
Bytes written to file: 15895710 (635828.400 kbps)
Bytes for SPS/PPS/Slice (Incl. Annex B): 15895710 (635828.400 kbps)

 Total Time:      481.600 sec.
