
HM software: Encoder Version [15.0][Linux][GCC 4.8.5][64 bit] 

Input          File          : ../../HEVC_test_sequence/ClassD/RaceHorses_416x240_30.yuv
Bitstream      File          : RaceHorses.bin
Reconstruction File          : RaceHorses.yuv
Real     Format              : 416x240 30Hz
Internal Format              : 416x240 30Hz
Frame/Field                  : Frame based coding
Frame index                  : 0 - 9 (10 frames)
CU size / depth              : 32 / 3
RQT trans. size (min / max)  : 4 / 32
Max RQT depth inter          : 3
Max RQT depth intra          : 1
Min PCM size                 : 8
Motion search range          : 64
Intra period                 : 1
Decoding refresh type        : 0
QP                           : 26.00
Max dQP signaling depth      : 0
Cb QP Offset                 : 0
Cr QP Offset                 : 0
QP adaptation                : 0 (range=0)
GOP size                     : 1
Internal bit depth           : (Y:8, C:8)
PCM sample bit depth         : (Y:8, C:8)
RateControl                  : 0
Max Num Merge Candidates     : 5

TOOL CFG: IBD:0 HAD:0 RDQ:0 RDQTS:0 RDpenalty:0 SQP:0 ASR:0 FEN:0 ECU:0 FDM:0 CFM:0 ESD:0 RQT:1 TransformSkip:0 TransformSkipFast:0 Slice: M=0 SliceSegment: M=0 CIP:0 SAO:0 PCM:0 TransQuantBypassEnabled: =1 WPP:0 WPB:0 PME:2  WaveFrontSynchro:0 WaveFrontSubstreams:1 ScalingList:0 TMVPMode:1  SignBitHidingFlag:1 RecalQP:0

***    VPS numBytesInNALunit: 24
***    SPS numBytesInNALunit: 30
***    PPS numBytesInNALunit: 7
*** IDR_W_RADL numBytesInNALunit: 78347
POC    0 TId: 0 ( I-SLICE, QP 26 )     627264 bits [Y 99.9900 dB    U 99.9900 dB    V 99.9900 dB] [ET  2.34 ] [L0 ] [L1 ]
*** TRAIL_R numBytesInNALunit: 77600
POC    1 TId: 0 ( I-SLICE, QP 26 )     620800 bits [Y 99.9900 dB    U 99.9900 dB    V 99.9900 dB] [ET  2.36 ] [L0 ] [L1 ]
*** TRAIL_R numBytesInNALunit: 77290
POC    2 TId: 0 ( I-SLICE, QP 26 )     618320 bits [Y 99.9900 dB    U 99.9900 dB    V 99.9900 dB] [ET  2.32 ] [L0 ] [L1 ]
*** TRAIL_R numBytesInNALunit: 76983
POC    3 TId: 0 ( I-SLICE, QP 26 )     615864 bits [Y 99.9900 dB    U 99.9900 dB    V 99.9900 dB] [ET  2.29 ] [L0 ] [L1 ]
*** TRAIL_R numBytesInNALunit: 76965
POC    4 TId: 0 ( I-SLICE, QP 26 )     615720 bits [Y 99.9900 dB    U 99.9900 dB    V 99.9900 dB] [ET  2.38 ] [L0 ] [L1 ]
*** TRAIL_R numBytesInNALunit: 76829
POC    5 TId: 0 ( I-SLICE, QP 26 )     614632 bits [Y 99.9900 dB    U 99.9900 dB    V 99.9900 dB] [ET  2.40 ] [L0 ] [L1 ]
*** TRAIL_R numBytesInNALunit: 76846
POC    6 TId: 0 ( I-SLICE, QP 26 )     614768 bits [Y 99.9900 dB    U 99.9900 dB    V 99.9900 dB] [ET  2.33 ] [L0 ] [L1 ]
*** TRAIL_R numBytesInNALunit: 77265
POC    7 TId: 0 ( I-SLICE, QP 26 )     618120 bits [Y 99.9900 dB    U 99.9900 dB    V 99.9900 dB] [ET  2.32 ] [L0 ] [L1 ]
*** TRAIL_R numBytesInNALunit: 77475
POC    8 TId: 0 ( I-SLICE, QP 26 )     619800 bits [Y 99.9900 dB    U 99.9900 dB    V 99.9900 dB] [ET  2.26 ] [L0 ] [L1 ]
*** TRAIL_R numBytesInNALunit: 77113
POC    9 TId: 0 ( I-SLICE, QP 26 )     616904 bits [Y 99.9900 dB    U 99.9900 dB    V 99.9900 dB] [ET  2.21 ] [L0 ] [L1 ]


I Slices--------------------------------------------------------
	Total Frames |  Bitrate    Y-PSNR    U-PSNR    V-PSNR 
	       10    i  18546.5760   99.9900   99.9900   99.9900
Bytes written to file: 772825 (18547.800 kbps)
Bytes for SPS/PPS/Slice (Incl. Annex B): 772825 (18547.800 kbps)

 Total Time:       23.300 sec.
