
HM software: Encoder Version [15.0][Linux][GCC 4.8.5][64 bit] 

Input          File          : ../../HEVC_test_sequence/ClassE/Johnny_1280x720_60.yuv
Bitstream      File          : Johnny.bin
Reconstruction File          : Johnny.yuv
Real     Format              : 1280x720 60Hz
Internal Format              : 1280x720 60Hz
Frame/Field                  : Frame based coding
Frame index                  : 0 - 9 (10 frames)
CU size / depth              : 32 / 3
RQT trans. size (min / max)  : 4 / 32
Max RQT depth inter          : 3
Max RQT depth intra          : 1
Min PCM size                 : 8
Motion search range          : 64
Intra period                 : 1
Decoding refresh type        : 0
QP                           : 26.00
Max dQP signaling depth      : 0
Cb QP Offset                 : 0
Cr QP Offset                 : 0
QP adaptation                : 0 (range=0)
GOP size                     : 1
Internal bit depth           : (Y:8, C:8)
PCM sample bit depth         : (Y:8, C:8)
RateControl                  : 0
Max Num Merge Candidates     : 5

TOOL CFG: IBD:0 HAD:0 RDQ:0 RDQTS:0 RDpenalty:0 SQP:0 ASR:0 FEN:0 ECU:0 FDM:0 CFM:0 ESD:0 RQT:1 TransformSkip:0 TransformSkipFast:0 Slice: M=0 SliceSegment: M=0 CIP:0 SAO:0 PCM:0 TransQuantBypassEnabled: =1 WPP:0 WPB:0 PME:2  WaveFrontSynchro:0 WaveFrontSubstreams:1 ScalingList:0 TMVPMode:1  SignBitHidingFlag:1 RecalQP:0

***    VPS numBytesInNALunit: 24
***    SPS numBytesInNALunit: 31
***    PPS numBytesInNALunit: 7
*** IDR_W_RADL numBytesInNALunit: 457383
POC    0 TId: 0 ( I-SLICE, QP 26 )    3659560 bits [Y 99.9900 dB    U 99.9900 dB    V 99.9900 dB] [ET 15.16 ] [L0 ] [L1 ]
*** TRAIL_R numBytesInNALunit: 457687
POC    1 TId: 0 ( I-SLICE, QP 26 )    3661496 bits [Y 99.9900 dB    U 99.9900 dB    V 99.9900 dB] [ET 15.50 ] [L0 ] [L1 ]
*** TRAIL_R numBytesInNALunit: 457864
POC    2 TId: 0 ( I-SLICE, QP 26 )    3662912 bits [Y 99.9900 dB    U 99.9900 dB    V 99.9900 dB] [ET 15.56 ] [L0 ] [L1 ]
*** TRAIL_R numBytesInNALunit: 457843
POC    3 TId: 0 ( I-SLICE, QP 26 )    3662744 bits [Y 99.9900 dB    U 99.9900 dB    V 99.9900 dB] [ET 15.42 ] [L0 ] [L1 ]
*** TRAIL_R numBytesInNALunit: 459027
POC    4 TId: 0 ( I-SLICE, QP 26 )    3672216 bits [Y 99.9900 dB    U 99.9900 dB    V 99.9900 dB] [ET 15.39 ] [L0 ] [L1 ]
*** TRAIL_R numBytesInNALunit: 458379
POC    5 TId: 0 ( I-SLICE, QP 26 )    3667032 bits [Y 99.9900 dB    U 99.9900 dB    V 99.9900 dB] [ET 15.42 ] [L0 ] [L1 ]
*** TRAIL_R numBytesInNALunit: 459283
POC    6 TId: 0 ( I-SLICE, QP 26 )    3674264 bits [Y 99.9900 dB    U 99.9900 dB    V 99.9900 dB] [ET 15.47 ] [L0 ] [L1 ]
*** TRAIL_R numBytesInNALunit: 458844
POC    7 TId: 0 ( I-SLICE, QP 26 )    3670752 bits [Y 99.9900 dB    U 99.9900 dB    V 99.9900 dB] [ET 15.36 ] [L0 ] [L1 ]
*** TRAIL_R numBytesInNALunit: 459508
POC    8 TId: 0 ( I-SLICE, QP 26 )    3676064 bits [Y 99.9900 dB    U 99.9900 dB    V 99.9900 dB] [ET 15.45 ] [L0 ] [L1 ]
*** TRAIL_R numBytesInNALunit: 459733
POC    9 TId: 0 ( I-SLICE, QP 26 )    3677864 bits [Y 99.9900 dB    U 99.9900 dB    V 99.9900 dB] [ET 15.39 ] [L0 ] [L1 ]


I Slices--------------------------------------------------------
	Total Frames |  Bitrate    Y-PSNR    U-PSNR    V-PSNR 
	       10    i 220109.4240   99.9900   99.9900   99.9900
Bytes written to file: 4585664 (220111.872 kbps)
Bytes for SPS/PPS/Slice (Incl. Annex B): 4585664 (220111.872 kbps)

 Total Time:      154.469 sec.
