
HM software: Encoder Version [15.0][Linux][GCC 4.8.5][64 bit] 

Input          File          : ../../HEVC_test_sequence/ClassC/BQMall_832x480_60.yuv
Bitstream      File          : BQMall.bin
Reconstruction File          : BQMall.yuv
Real     Format              : 832x480 60Hz
Internal Format              : 832x480 60Hz
Frame/Field                  : Frame based coding
Frame index                  : 0 - 599 (600 frames)
CU size / depth              : 32 / 3
RQT trans. size (min / max)  : 4 / 32
Max RQT depth inter          : 3
Max RQT depth intra          : 1
Min PCM size                 : 8
Motion search range          : 64
Intra period                 : 1
Decoding refresh type        : 0
QP                           : 26.00
Max dQP signaling depth      : 0
Cb QP Offset                 : 0
Cr QP Offset                 : 0
QP adaptation                : 0 (range=0)
GOP size                     : 1
Internal bit depth           : (Y:8, C:8)
PCM sample bit depth         : (Y:8, C:8)
RateControl                  : 0
Max Num Merge Candidates     : 5

TOOL CFG: IBD:0 HAD:0 RDQ:0 RDQTS:0 RDpenalty:0 SQP:0 ASR:0 FEN:0 ECU:0 FDM:0 CFM:0 ESD:0 RQT:1 TransformSkip:0 TransformSkipFast:0 Slice: M=0 SliceSegment: M=0 CIP:0 SAO:0 PCM:0 TransQuantBypassEnabled: =1 WPP:0 WPB:0 PME:2  WaveFrontSynchro:0 WaveFrontSubstreams:1 ScalingList:0 TMVPMode:1  SignBitHidingFlag:1 RecalQP:0

POC    0 TId: 0 ( I-SLICE, QP 26 )    2446000 bits [Y 99.9900 dB    U 99.9900 dB    V 99.9900 dB] [ET     5 ] [L0 ] [L1 ]
POC    1 TId: 0 ( I-SLICE, QP 26 )    2448408 bits [Y 99.9900 dB    U 99.9900 dB    V 99.9900 dB] [ET     5 ] [L0 ] [L1 ]
POC    2 TId: 0 ( I-SLICE, QP 26 )    2447392 bits [Y 99.9900 dB    U 99.9900 dB    V 99.9900 dB] [ET     5 ] [L0 ] [L1 ]
POC    3 TId: 0 ( I-SLICE, QP 26 )    2446160 bits [Y 99.9900 dB    U 99.9900 dB    V 99.9900 dB] [ET     5 ] [L0 ] [L1 ]
POC    4 TId: 0 ( I-SLICE, QP 26 )    2444536 bits [Y 99.9900 dB    U 99.9900 dB    V 99.9900 dB] [ET     5 ] [L0 ] [L1 ]
POC    5 TId: 0 ( I-SLICE, QP 26 )    2443224 bits [Y 99.9900 dB    U 99.9900 dB    V 99.9900 dB] [ET     5 ] [L0 ] [L1 ]
POC    6 TId: 0 ( I-SLICE, QP 26 )    2440280 bits [Y 99.9900 dB    U 99.9900 dB    V 99.9900 dB] [ET     5 ] [L0 ] [L1 ]
POC    7 TId: 0 ( I-SLICE, QP 26 )    2440328 bits [Y 99.9900 dB    U 99.9900 dB    V 99.9900 dB] [ET     5 ] [L0 ] [L1 ]
POC    8 TId: 0 ( I-SLICE, QP 26 )    2439080 bits [Y 99.9900 dB    U 99.9900 dB    V 99.9900 dB] [ET     5 ] [L0 ] [L1 ]
POC    9 TId: 0 ( I-SLICE, QP 26 )    2439504 bits [Y 99.9900 dB    U 99.9900 dB    V 99.9900 dB] [ET     5 ] [L0 ] [L1 ]
POC   10 TId: 0 ( I-SLICE, QP 26 )    2437872 bits [Y 99.9900 dB    U 99.9900 dB    V 99.9900 dB] [ET     5 ] [L0 ] [L1 ]
POC   11 TId: 0 ( I-SLICE, QP 26 )    2440240 bits [Y 99.9900 dB    U 99.9900 dB    V 99.9900 dB] [ET     5 ] [L0 ] [L1 ]
POC   12 TId: 0 ( I-SLICE, QP 26 )    2437984 bits [Y 99.9900 dB    U 99.9900 dB    V 99.9900 dB] [ET     5 ] [L0 ] [L1 ]
POC   13 TId: 0 ( I-SLICE, QP 26 )    2441464 bits [Y 99.9900 dB    U 99.9900 dB    V 99.9900 dB] [ET     5 ] [L0 ] [L1 ]
POC   14 TId: 0 ( I-SLICE, QP 26 )    2440624 bits [Y 99.9900 dB    U 99.9900 dB    V 99.9900 dB] [ET     5 ] [L0 ] [L1 ]
POC   15 TId: 0 ( I-SLICE, QP 26 )    2441944 bits [Y 99.9900 dB    U 99.9900 dB    V 99.9900 dB] [ET     5 ] [L0 ] [L1 ]
POC   16 TId: 0 ( I-SLICE, QP 26 )    2444368 bits [Y 99.9900 dB    U 99.9900 dB    V 99.9900 dB] [ET     5 ] [L0 ] [L1 ]
POC   17 TId: 0 ( I-SLICE, QP 26 )    2444584 bits [Y 99.9900 dB    U 99.9900 dB    V 99.9900 dB] [ET     5 ] [L0 ] [L1 ]
POC   18 TId: 0 ( I-SLICE, QP 26 )    2441848 bits [Y 99.9900 dB    U 99.9900 dB    V 99.9900 dB] [ET     5 ] [L0 ] [L1 ]
POC   19 TId: 0 ( I-SLICE, QP 26 )    2440184 bits [Y 99.9900 dB    U 99.9900 dB    V 99.9900 dB] [ET     5 ] [L0 ] [L1 ]
POC   20 TId: 0 ( I-SLICE, QP 26 )    2442256 bits [Y 99.9900 dB    U 99.9900 dB    V 99.9900 dB] [ET     5 ] [L0 ] [L1 ]
POC   21 TId: 0 ( I-SLICE, QP 26 )    2446968 bits [Y 99.9900 dB    U 99.9900 dB    V 99.9900 dB] [ET     4 ] [L0 ] [L1 ]
POC   22 TId: 0 ( I-SLICE, QP 26 )    2450736 bits [Y 99.9900 dB    U 99.9900 dB    V 99.9900 dB] [ET     5 ] [L0 ] [L1 ]
POC   23 TId: 0 ( I-SLICE, QP 26 )    2454192 bits [Y 99.9900 dB    U 99.9900 dB    V 99.9900 dB] [ET     5 ] [L0 ] [L1 ]
POC   24 TId: 0 ( I-SLICE, QP 26 )    2455152 bits [Y 99.9900 dB    U 99.9900 dB    V 99.9900 dB] [ET     5 ] [L0 ] [L1 ]
POC   25 TId: 0 ( I-SLICE, QP 26 )    2454808 bits [Y 99.9900 dB    U 99.9900 dB    V 99.9900 dB] [ET     5 ] [L0 ] [L1 ]
POC   26 TId: 0 ( I-SLICE, QP 26 )    2460904 bits [Y 99.9900 dB    U 99.9900 dB    V 99.9900 dB] [ET     5 ] [L0 ] [L1 ]
POC   27 TId: 0 ( I-SLICE, QP 26 )    2471968 bits [Y 99.9900 dB    U 99.9900 dB    V 99.9900 dB] [ET     5 ] [L0 ] [L1 ]
POC   28 TId: 0 ( I-SLICE, QP 26 )    2478856 bits [Y 99.9900 dB    U 99.9900 dB    V 99.9900 dB] [ET     5 ] [L0 ] [L1 ]
POC   29 TId: 0 ( I-SLICE, QP 26 )    2480256 bits [Y 99.9900 dB    U 99.9900 dB    V 99.9900 dB] [ET     5 ] [L0 ] [L1 ]
POC   30 TId: 0 ( I-SLICE, QP 26 )    2480296 bits [Y 99.9900 dB    U 99.9900 dB    V 99.9900 dB] [ET     5 ] [L0 ] [L1 ]
POC   31 TId: 0 ( I-SLICE, QP 26 )    2474920 bits [Y 99.9900 dB    U 99.9900 dB    V 99.9900 dB] [ET     5 ] [L0 ] [L1 ]
POC   32 TId: 0 ( I-SLICE, QP 26 )    2469544 bits [Y 99.9900 dB    U 99.9900 dB    V 99.9900 dB] [ET     5 ] [L0 ] [L1 ]
POC   33 TId: 0 ( I-SLICE, QP 26 )    2464712 bits [Y 99.9900 dB    U 99.9900 dB    V 99.9900 dB] [ET     5 ] [L0 ] [L1 ]
POC   34 TId: 0 ( I-SLICE, QP 26 )    2464336 bits [Y 99.9900 dB    U 99.9900 dB    V 99.9900 dB] [ET     5 ] [L0 ] [L1 ]
POC   35 TId: 0 ( I-SLICE, QP 26 )    2463904 bits [Y 99.9900 dB    U 99.9900 dB    V 99.9900 dB] [ET     5 ] [L0 ] [L1 ]
POC   36 TId: 0 ( I-SLICE, QP 26 )    2467696 bits [Y 99.9900 dB    U 99.9900 dB    V 99.9900 dB] [ET     5 ] [L0 ] [L1 ]
POC   37 TId: 0 ( I-SLICE, QP 26 )    2472336 bits [Y 99.9900 dB    U 99.9900 dB    V 99.9900 dB] [ET     5 ] [L0 ] [L1 ]
POC   38 TId: 0 ( I-SLICE, QP 26 )    2478576 bits [Y 99.9900 dB    U 99.9900 dB    V 99.9900 dB] [ET     5 ] [L0 ] [L1 ]
POC   39 TId: 0 ( I-SLICE, QP 26 )    2490416 bits [Y 99.9900 dB    U 99.9900 dB    V 99.9900 dB] [ET     5 ] [L0 ] [L1 ]
POC   40 TId: 0 ( I-SLICE, QP 26 )    2500152 bits [Y 99.9900 dB    U 99.9900 dB    V 99.9900 dB] [ET     5 ] [L0 ] [L1 ]
POC   41 TId: 0 ( I-SLICE, QP 26 )    2511408 bits [Y 99.9900 dB    U 99.9900 dB    V 99.9900 dB] [ET     5 ] [L0 ] [L1 ]
POC   42 TId: 0 ( I-SLICE, QP 26 )    2515608 bits [Y 99.9900 dB    U 99.9900 dB    V 99.9900 dB] [ET     5 ] [L0 ] [L1 ]
POC   43 TId: 0 ( I-SLICE, QP 26 )    2522896 bits [Y 99.9900 dB    U 99.9900 dB    V 99.9900 dB] [ET     5 ] [L0 ] [L1 ]
POC   44 TId: 0 ( I-SLICE, QP 26 )    2527072 bits [Y 99.9900 dB    U 99.9900 dB    V 99.9900 dB] [ET     5 ] [L0 ] [L1 ]
POC   45 TId: 0 ( I-SLICE, QP 26 )    2527008 bits [Y 99.9900 dB    U 99.9900 dB    V 99.9900 dB] [ET     5 ] [L0 ] [L1 ]
POC   46 TId: 0 ( I-SLICE, QP 26 )    2526096 bits [Y 99.9900 dB    U 99.9900 dB    V 99.9900 dB] [ET     5 ] [L0 ] [L1 ]
POC   47 TId: 0 ( I-SLICE, QP 26 )    2524064 bits [Y 99.9900 dB    U 99.9900 dB    V 99.9900 dB] [ET     5 ] [L0 ] [L1 ]
POC   48 TId: 0 ( I-SLICE, QP 26 )    2519160 bits [Y 99.9900 dB    U 99.9900 dB    V 99.9900 dB] [ET     5 ] [L0 ] [L1 ]
POC   49 TId: 0 ( I-SLICE, QP 26 )    2515144 bits [Y 99.9900 dB    U 99.9900 dB    V 99.9900 dB] [ET     5 ] [L0 ] [L1 ]
POC   50 TId: 0 ( I-SLICE, QP 26 )    2512864 bits [Y 99.9900 dB    U 99.9900 dB    V 99.9900 dB] [ET     5 ] [L0 ] [L1 ]
POC   51 TId: 0 ( I-SLICE, QP 26 )    2509328 bits [Y 99.9900 dB    U 99.9900 dB    V 99.9900 dB] [ET     5 ] [L0 ] [L1 ]
POC   52 TId: 0 ( I-SLICE, QP 26 )    2498880 bits [Y 99.9900 dB    U 99.9900 dB    V 99.9900 dB] [ET     5 ] [L0 ] [L1 ]
POC   53 TId: 0 ( I-SLICE, QP 26 )    2491640 bits [Y 99.9900 dB    U 99.9900 dB    V 99.9900 dB] [ET     5 ] [L0 ] [L1 ]
POC   54 TId: 0 ( I-SLICE, QP 26 )    2478784 bits [Y 99.9900 dB    U 99.9900 dB    V 99.9900 dB] [ET     5 ] [L0 ] [L1 ]
POC   55 TId: 0 ( I-SLICE, QP 26 )    2466352 bits [Y 99.9900 dB    U 99.9900 dB    V 99.9900 dB] [ET     5 ] [L0 ] [L1 ]
POC   56 TId: 0 ( I-SLICE, QP 26 )    2456856 bits [Y 99.9900 dB    U 99.9900 dB    V 99.9900 dB] [ET     5 ] [L0 ] [L1 ]
POC   57 TId: 0 ( I-SLICE, QP 26 )    2453240 bits [Y 99.9900 dB    U 99.9900 dB    V 99.9900 dB] [ET     5 ] [L0 ] [L1 ]
POC   58 TId: 0 ( I-SLICE, QP 26 )    2447040 bits [Y 99.9900 dB    U 99.9900 dB    V 99.9900 dB] [ET     5 ] [L0 ] [L1 ]
POC   59 TId: 0 ( I-SLICE, QP 26 )    2448408 bits [Y 99.9900 dB    U 99.9900 dB    V 99.9900 dB] [ET     5 ] [L0 ] [L1 ]
POC   60 TId: 0 ( I-SLICE, QP 26 )    2449856 bits [Y 99.9900 dB    U 99.9900 dB    V 99.9900 dB] [ET     5 ] [L0 ] [L1 ]
POC   61 TId: 0 ( I-SLICE, QP 26 )    2447800 bits [Y 99.9900 dB    U 99.9900 dB    V 99.9900 dB] [ET     5 ] [L0 ] [L1 ]
POC   62 TId: 0 ( I-SLICE, QP 26 )    2449320 bits [Y 99.9900 dB    U 99.9900 dB    V 99.9900 dB] [ET     5 ] [L0 ] [L1 ]
POC   63 TId: 0 ( I-SLICE, QP 26 )    2448728 bits [Y 99.9900 dB    U 99.9900 dB    V 99.9900 dB] [ET     5 ] [L0 ] [L1 ]
POC   64 TId: 0 ( I-SLICE, QP 26 )    2453272 bits [Y 99.9900 dB    U 99.9900 dB    V 99.9900 dB] [ET     4 ] [L0 ] [L1 ]
POC   65 TId: 0 ( I-SLICE, QP 26 )    2461944 bits [Y 99.9900 dB    U 99.9900 dB    V 99.9900 dB] [ET     5 ] [L0 ] [L1 ]
POC   66 TId: 0 ( I-SLICE, QP 26 )    2465312 bits [Y 99.9900 dB    U 99.9900 dB    V 99.9900 dB] [ET     5 ] [L0 ] [L1 ]
POC   67 TId: 0 ( I-SLICE, QP 26 )    2466144 bits [Y 99.9900 dB    U 99.9900 dB    V 99.9900 dB] [ET     5 ] [L0 ] [L1 ]
POC   68 TId: 0 ( I-SLICE, QP 26 )    2462688 bits [Y 99.9900 dB    U 99.9900 dB    V 99.9900 dB] [ET     5 ] [L0 ] [L1 ]
POC   69 TId: 0 ( I-SLICE, QP 26 )    2462880 bits [Y 99.9900 dB    U 99.9900 dB    V 99.9900 dB] [ET     5 ] [L0 ] [L1 ]
POC   70 TId: 0 ( I-SLICE, QP 26 )    2460808 bits [Y 99.9900 dB    U 99.9900 dB    V 99.9900 dB] [ET     5 ] [L0 ] [L1 ]
POC   71 TId: 0 ( I-SLICE, QP 26 )    2458936 bits [Y 99.9900 dB    U 99.9900 dB    V 99.9900 dB] [ET     5 ] [L0 ] [L1 ]
POC   72 TId: 0 ( I-SLICE, QP 26 )    2457520 bits [Y 99.9900 dB    U 99.9900 dB    V 99.9900 dB] [ET     5 ] [L0 ] [L1 ]
POC   73 TId: 0 ( I-SLICE, QP 26 )    2461104 bits [Y 99.9900 dB    U 99.9900 dB    V 99.9900 dB] [ET     5 ] [L0 ] [L1 ]
POC   74 TId: 0 ( I-SLICE, QP 26 )    2464784 bits [Y 99.9900 dB    U 99.9900 dB    V 99.9900 dB] [ET     5 ] [L0 ] [L1 ]
POC   75 TId: 0 ( I-SLICE, QP 26 )    2462832 bits [Y 99.9900 dB    U 99.9900 dB    V 99.9900 dB] [ET     5 ] [L0 ] [L1 ]
POC   76 TId: 0 ( I-SLICE, QP 26 )    2454408 bits [Y 99.9900 dB    U 99.9900 dB    V 99.9900 dB] [ET     5 ] [L0 ] [L1 ]
POC   77 TId: 0 ( I-SLICE, QP 26 )    2446192 bits [Y 99.9900 dB    U 99.9900 dB    V 99.9900 dB] [ET     5 ] [L0 ] [L1 ]
POC   78 TId: 0 ( I-SLICE, QP 26 )    2438656 bits [Y 99.9900 dB    U 99.9900 dB    V 99.9900 dB] [ET     4 ] [L0 ] [L1 ]
POC   79 TId: 0 ( I-SLICE, QP 26 )    2432736 bits [Y 99.9900 dB    U 99.9900 dB    V 99.9900 dB] [ET     5 ] [L0 ] [L1 ]
POC   80 TId: 0 ( I-SLICE, QP 26 )    2423296 bits [Y 99.9900 dB    U 99.9900 dB    V 99.9900 dB] [ET     5 ] [L0 ] [L1 ]
POC   81 TId: 0 ( I-SLICE, QP 26 )    2408672 bits [Y 99.9900 dB    U 99.9900 dB    V 99.9900 dB] [ET     5 ] [L0 ] [L1 ]
POC   82 TId: 0 ( I-SLICE, QP 26 )    2398840 bits [Y 99.9900 dB    U 99.9900 dB    V 99.9900 dB] [ET     5 ] [L0 ] [L1 ]
POC   83 TId: 0 ( I-SLICE, QP 26 )    2390776 bits [Y 99.9900 dB    U 99.9900 dB    V 99.9900 dB] [ET     4 ] [L0 ] [L1 ]
POC   84 TId: 0 ( I-SLICE, QP 26 )    2382376 bits [Y 99.9900 dB    U 99.9900 dB    V 99.9900 dB] [ET     5 ] [L0 ] [L1 ]
POC   85 TId: 0 ( I-SLICE, QP 26 )    2380656 bits [Y 99.9900 dB    U 99.9900 dB    V 99.9900 dB] [ET     5 ] [L0 ] [L1 ]
POC   86 TId: 0 ( I-SLICE, QP 26 )    2378168 bits [Y 99.9900 dB    U 99.9900 dB    V 99.9900 dB] [ET     5 ] [L0 ] [L1 ]
POC   87 TId: 0 ( I-SLICE, QP 26 )    2379912 bits [Y 99.9900 dB    U 99.9900 dB    V 99.9900 dB] [ET     5 ] [L0 ] [L1 ]
POC   88 TId: 0 ( I-SLICE, QP 26 )    2379280 bits [Y 99.9900 dB    U 99.9900 dB    V 99.9900 dB] [ET     5 ] [L0 ] [L1 ]
POC   89 TId: 0 ( I-SLICE, QP 26 )    2378688 bits [Y 99.9900 dB    U 99.9900 dB    V 99.9900 dB] [ET     5 ] [L0 ] [L1 ]
POC   90 TId: 0 ( I-SLICE, QP 26 )    2373888 bits [Y 99.9900 dB    U 99.9900 dB    V 99.9900 dB] [ET     4 ] [L0 ] [L1 ]
POC   91 TId: 0 ( I-SLICE, QP 26 )    2372328 bits [Y 99.9900 dB    U 99.9900 dB    V 99.9900 dB] [ET     5 ] [L0 ] [L1 ]
POC   92 TId: 0 ( I-SLICE, QP 26 )    2372872 bits [Y 99.9900 dB    U 99.9900 dB    V 99.9900 dB] [ET     5 ] [L0 ] [L1 ]
POC   93 TId: 0 ( I-SLICE, QP 26 )    2378704 bits [Y 99.9900 dB    U 99.9900 dB    V 99.9900 dB] [ET     5 ] [L0 ] [L1 ]
POC   94 TId: 0 ( I-SLICE, QP 26 )    2389464 bits [Y 99.9900 dB    U 99.9900 dB    V 99.9900 dB] [ET     5 ] [L0 ] [L1 ]
POC   95 TId: 0 ( I-SLICE, QP 26 )    2396848 bits [Y 99.9900 dB    U 99.9900 dB    V 99.9900 dB] [ET     5 ] [L0 ] [L1 ]
POC   96 TId: 0 ( I-SLICE, QP 26 )    2405160 bits [Y 99.9900 dB    U 99.9900 dB    V 99.9900 dB] [ET     5 ] [L0 ] [L1 ]
POC   97 TId: 0 ( I-SLICE, QP 26 )    2410512 bits [Y 99.9900 dB    U 99.9900 dB    V 99.9900 dB] [ET     5 ] [L0 ] [L1 ]
POC   98 TId: 0 ( I-SLICE, QP 26 )    2418496 bits [Y 99.9900 dB    U 99.9900 dB    V 99.9900 dB] [ET     5 ] [L0 ] [L1 ]
POC   99 TId: 0 ( I-SLICE, QP 26 )    2418480 bits [Y 99.9900 dB    U 99.9900 dB    V 99.9900 dB] [ET     5 ] [L0 ] [L1 ]
POC  100 TId: 0 ( I-SLICE, QP 26 )    2422000 bits [Y 99.9900 dB    U 99.9900 dB    V 99.9900 dB] [ET     5 ] [L0 ] [L1 ]
POC  101 TId: 0 ( I-SLICE, QP 26 )    2427712 bits [Y 99.9900 dB    U 99.9900 dB    V 99.9900 dB] [ET     5 ] [L0 ] [L1 ]
POC  102 TId: 0 ( I-SLICE, QP 26 )    2429000 bits [Y 99.9900 dB    U 99.9900 dB    V 99.9900 dB] [ET     5 ] [L0 ] [L1 ]
POC  103 TId: 0 ( I-SLICE, QP 26 )    2430008 bits [Y 99.9900 dB    U 99.9900 dB    V 99.9900 dB] [ET     5 ] [L0 ] [L1 ]
POC  104 TId: 0 ( I-SLICE, QP 26 )    2426048 bits [Y 99.9900 dB    U 99.9900 dB    V 99.9900 dB] [ET     5 ] [L0 ] [L1 ]
POC  105 TId: 0 ( I-SLICE, QP 26 )    2425640 bits [Y 99.9900 dB    U 99.9900 dB    V 99.9900 dB] [ET     5 ] [L0 ] [L1 ]
POC  106 TId: 0 ( I-SLICE, QP 26 )    2422568 bits [Y 99.9900 dB    U 99.9900 dB    V 99.9900 dB] [ET     5 ] [L0 ] [L1 ]
POC  107 TId: 0 ( I-SLICE, QP 26 )    2417432 bits [Y 99.9900 dB    U 99.9900 dB    V 99.9900 dB] [ET     5 ] [L0 ] [L1 ]
POC  108 TId: 0 ( I-SLICE, QP 26 )    2415096 bits [Y 99.9900 dB    U 99.9900 dB    V 99.9900 dB] [ET     5 ] [L0 ] [L1 ]
POC  109 TId: 0 ( I-SLICE, QP 26 )    2413800 bits [Y 99.9900 dB    U 99.9900 dB    V 99.9900 dB] [ET     5 ] [L0 ] [L1 ]
POC  110 TId: 0 ( I-SLICE, QP 26 )    2410752 bits [Y 99.9900 dB    U 99.9900 dB    V 99.9900 dB] [ET     5 ] [L0 ] [L1 ]
POC  111 TId: 0 ( I-SLICE, QP 26 )    2411832 bits [Y 99.9900 dB    U 99.9900 dB    V 99.9900 dB] [ET     5 ] [L0 ] [L1 ]
POC  112 TId: 0 ( I-SLICE, QP 26 )    2414760 bits [Y 99.9900 dB    U 99.9900 dB    V 99.9900 dB] [ET     5 ] [L0 ] [L1 ]
POC  113 TId: 0 ( I-SLICE, QP 26 )    2417120 bits [Y 99.9900 dB    U 99.9900 dB    V 99.9900 dB] [ET     5 ] [L0 ] [L1 ]
POC  114 TId: 0 ( I-SLICE, QP 26 )    2420640 bits [Y 99.9900 dB    U 99.9900 dB    V 99.9900 dB] [ET     5 ] [L0 ] [L1 ]
POC  115 TId: 0 ( I-SLICE, QP 26 )    2422640 bits [Y 99.9900 dB    U 99.9900 dB    V 99.9900 dB] [ET     5 ] [L0 ] [L1 ]
POC  116 TId: 0 ( I-SLICE, QP 26 )    2425712 bits [Y 99.9900 dB    U 99.9900 dB    V 99.9900 dB] [ET     5 ] [L0 ] [L1 ]
POC  117 TId: 0 ( I-SLICE, QP 26 )    2427984 bits [Y 99.9900 dB    U 99.9900 dB    V 99.9900 dB] [ET     5 ] [L0 ] [L1 ]
POC  118 TId: 0 ( I-SLICE, QP 26 )    2424360 bits [Y 99.9900 dB    U 99.9900 dB    V 99.9900 dB] [ET     5 ] [L0 ] [L1 ]
POC  119 TId: 0 ( I-SLICE, QP 26 )    2423912 bits [Y 99.9900 dB    U 99.9900 dB    V 99.9900 dB] [ET     5 ] [L0 ] [L1 ]
POC  120 TId: 0 ( I-SLICE, QP 26 )    2425112 bits [Y 99.9900 dB    U 99.9900 dB    V 99.9900 dB] [ET     5 ] [L0 ] [L1 ]
POC  121 TId: 0 ( I-SLICE, QP 26 )    2426296 bits [Y 99.9900 dB    U 99.9900 dB    V 99.9900 dB] [ET     5 ] [L0 ] [L1 ]
POC  122 TId: 0 ( I-SLICE, QP 26 )    2433640 bits [Y 99.9900 dB    U 99.9900 dB    V 99.9900 dB] [ET     5 ] [L0 ] [L1 ]
POC  123 TId: 0 ( I-SLICE, QP 26 )    2429376 bits [Y 99.9900 dB    U 99.9900 dB    V 99.9900 dB] [ET     5 ] [L0 ] [L1 ]
POC  124 TId: 0 ( I-SLICE, QP 26 )    2427072 bits [Y 99.9900 dB    U 99.9900 dB    V 99.9900 dB] [ET     5 ] [L0 ] [L1 ]
POC  125 TId: 0 ( I-SLICE, QP 26 )    2426696 bits [Y 99.9900 dB    U 99.9900 dB    V 99.9900 dB] [ET     5 ] [L0 ] [L1 ]
POC  126 TId: 0 ( I-SLICE, QP 26 )    2419864 bits [Y 99.9900 dB    U 99.9900 dB    V 99.9900 dB] [ET     5 ] [L0 ] [L1 ]
POC  127 TId: 0 ( I-SLICE, QP 26 )    2424608 bits [Y 99.9900 dB    U 99.9900 dB    V 99.9900 dB] [ET     5 ] [L0 ] [L1 ]
POC  128 TId: 0 ( I-SLICE, QP 26 )    2428728 bits [Y 99.9900 dB    U 99.9900 dB    V 99.9900 dB] [ET     4 ] [L0 ] [L1 ]
POC  129 TId: 0 ( I-SLICE, QP 26 )    2432224 bits [Y 99.9900 dB    U 99.9900 dB    V 99.9900 dB] [ET     5 ] [L0 ] [L1 ]
POC  130 TId: 0 ( I-SLICE, QP 26 )    2436696 bits [Y 99.9900 dB    U 99.9900 dB    V 99.9900 dB] [ET     5 ] [L0 ] [L1 ]
POC  131 TId: 0 ( I-SLICE, QP 26 )    2435824 bits [Y 99.9900 dB    U 99.9900 dB    V 99.9900 dB] [ET     5 ] [L0 ] [L1 ]
POC  132 TId: 0 ( I-SLICE, QP 26 )    2436392 bits [Y 99.9900 dB    U 99.9900 dB    V 99.9900 dB] [ET     5 ] [L0 ] [L1 ]
POC  133 TId: 0 ( I-SLICE, QP 26 )    2436952 bits [Y 99.9900 dB    U 99.9900 dB    V 99.9900 dB] [ET     5 ] [L0 ] [L1 ]
POC  134 TId: 0 ( I-SLICE, QP 26 )    2438376 bits [Y 99.9900 dB    U 99.9900 dB    V 99.9900 dB] [ET     5 ] [L0 ] [L1 ]
POC  135 TId: 0 ( I-SLICE, QP 26 )    2436304 bits [Y 99.9900 dB    U 99.9900 dB    V 99.9900 dB] [ET     5 ] [L0 ] [L1 ]
POC  136 TId: 0 ( I-SLICE, QP 26 )    2436544 bits [Y 99.9900 dB    U 99.9900 dB    V 99.9900 dB] [ET     5 ] [L0 ] [L1 ]
POC  137 TId: 0 ( I-SLICE, QP 26 )    2433896 bits [Y 99.9900 dB    U 99.9900 dB    V 99.9900 dB] [ET     5 ] [L0 ] [L1 ]
POC  138 TId: 0 ( I-SLICE, QP 26 )    2438104 bits [Y 99.9900 dB    U 99.9900 dB    V 99.9900 dB] [ET     5 ] [L0 ] [L1 ]
POC  139 TId: 0 ( I-SLICE, QP 26 )    2436904 bits [Y 99.9900 dB    U 99.9900 dB    V 99.9900 dB] [ET     5 ] [L0 ] [L1 ]
POC  140 TId: 0 ( I-SLICE, QP 26 )    2438752 bits [Y 99.9900 dB    U 99.9900 dB    V 99.9900 dB] [ET     5 ] [L0 ] [L1 ]
POC  141 TId: 0 ( I-SLICE, QP 26 )    2444768 bits [Y 99.9900 dB    U 99.9900 dB    V 99.9900 dB] [ET     4 ] [L0 ] [L1 ]
POC  142 TId: 0 ( I-SLICE, QP 26 )    2441520 bits [Y 99.9900 dB    U 99.9900 dB    V 99.9900 dB] [ET     4 ] [L0 ] [L1 ]
POC  143 TId: 0 ( I-SLICE, QP 26 )    2443720 bits [Y 99.9900 dB    U 99.9900 dB    V 99.9900 dB] [ET     4 ] [L0 ] [L1 ]
POC  144 TId: 0 ( I-SLICE, QP 26 )    2440408 bits [Y 99.9900 dB    U 99.9900 dB    V 99.9900 dB] [ET     4 ] [L0 ] [L1 ]
POC  145 TId: 0 ( I-SLICE, QP 26 )    2439624 bits [Y 99.9900 dB    U 99.9900 dB    V 99.9900 dB] [ET     4 ] [L0 ] [L1 ]
POC  146 TId: 0 ( I-SLICE, QP 26 )    2433136 bits [Y 99.9900 dB    U 99.9900 dB    V 99.9900 dB] [ET     4 ] [L0 ] [L1 ]
POC  147 TId: 0 ( I-SLICE, QP 26 )    2428448 bits [Y 99.9900 dB    U 99.9900 dB    V 99.9900 dB] [ET     4 ] [L0 ] [L1 ]
POC  148 TId: 0 ( I-SLICE, QP 26 )    2426008 bits [Y 99.9900 dB    U 99.9900 dB    V 99.9900 dB] [ET     4 ] [L0 ] [L1 ]
POC  149 TId: 0 ( I-SLICE, QP 26 )    2421920 bits [Y 99.9900 dB    U 99.9900 dB    V 99.9900 dB] [ET     4 ] [L0 ] [L1 ]
POC  150 TId: 0 ( I-SLICE, QP 26 )    2421648 bits [Y 99.9900 dB    U 99.9900 dB    V 99.9900 dB] [ET     4 ] [L0 ] [L1 ]
POC  151 TId: 0 ( I-SLICE, QP 26 )    2419240 bits [Y 99.9900 dB    U 99.9900 dB    V 99.9900 dB] [ET     4 ] [L0 ] [L1 ]
POC  152 TId: 0 ( I-SLICE, QP 26 )    2415608 bits [Y 99.9900 dB    U 99.9900 dB    V 99.9900 dB] [ET     4 ] [L0 ] [L1 ]
POC  153 TId: 0 ( I-SLICE, QP 26 )    2415744 bits [Y 99.9900 dB    U 99.9900 dB    V 99.9900 dB] [ET     4 ] [L0 ] [L1 ]
POC  154 TId: 0 ( I-SLICE, QP 26 )    2418208 bits [Y 99.9900 dB    U 99.9900 dB    V 99.9900 dB] [ET     4 ] [L0 ] [L1 ]
POC  155 TId: 0 ( I-SLICE, QP 26 )    2417312 bits [Y 99.9900 dB    U 99.9900 dB    V 99.9900 dB] [ET     4 ] [L0 ] [L1 ]
POC  156 TId: 0 ( I-SLICE, QP 26 )    2418312 bits [Y 99.9900 dB    U 99.9900 dB    V 99.9900 dB] [ET     4 ] [L0 ] [L1 ]
POC  157 TId: 0 ( I-SLICE, QP 26 )    2418736 bits [Y 99.9900 dB    U 99.9900 dB    V 99.9900 dB] [ET     4 ] [L0 ] [L1 ]
POC  158 TId: 0 ( I-SLICE, QP 26 )    2417296 bits [Y 99.9900 dB    U 99.9900 dB    V 99.9900 dB] [ET     4 ] [L0 ] [L1 ]
POC  159 TId: 0 ( I-SLICE, QP 26 )    2415328 bits [Y 99.9900 dB    U 99.9900 dB    V 99.9900 dB] [ET     4 ] [L0 ] [L1 ]
POC  160 TId: 0 ( I-SLICE, QP 26 )    2412496 bits [Y 99.9900 dB    U 99.9900 dB    V 99.9900 dB] [ET     4 ] [L0 ] [L1 ]
POC  161 TId: 0 ( I-SLICE, QP 26 )    2410128 bits [Y 99.9900 dB    U 99.9900 dB    V 99.9900 dB] [ET     4 ] [L0 ] [L1 ]
POC  162 TId: 0 ( I-SLICE, QP 26 )    2413504 bits [Y 99.9900 dB    U 99.9900 dB    V 99.9900 dB] [ET     4 ] [L0 ] [L1 ]
POC  163 TId: 0 ( I-SLICE, QP 26 )    2418240 bits [Y 99.9900 dB    U 99.9900 dB    V 99.9900 dB] [ET     4 ] [L0 ] [L1 ]
POC  164 TId: 0 ( I-SLICE, QP 26 )    2419616 bits [Y 99.9900 dB    U 99.9900 dB    V 99.9900 dB] [ET     4 ] [L0 ] [L1 ]
POC  165 TId: 0 ( I-SLICE, QP 26 )    2424144 bits [Y 99.9900 dB    U 99.9900 dB    V 99.9900 dB] [ET     4 ] [L0 ] [L1 ]
POC  166 TId: 0 ( I-SLICE, QP 26 )    2425648 bits [Y 99.9900 dB    U 99.9900 dB    V 99.9900 dB] [ET     4 ] [L0 ] [L1 ]
POC  167 TId: 0 ( I-SLICE, QP 26 )    2425184 bits [Y 99.9900 dB    U 99.9900 dB    V 99.9900 dB] [ET     4 ] [L0 ] [L1 ]
POC  168 TId: 0 ( I-SLICE, QP 26 )    2424880 bits [Y 99.9900 dB    U 99.9900 dB    V 99.9900 dB] [ET     4 ] [L0 ] [L1 ]
POC  169 TId: 0 ( I-SLICE, QP 26 )    2424688 bits [Y 99.9900 dB    U 99.9900 dB    V 99.9900 dB] [ET     4 ] [L0 ] [L1 ]
POC  170 TId: 0 ( I-SLICE, QP 26 )    2422376 bits [Y 99.9900 dB    U 99.9900 dB    V 99.9900 dB] [ET     4 ] [L0 ] [L1 ]
POC  171 TId: 0 ( I-SLICE, QP 26 )    2425080 bits [Y 99.9900 dB    U 99.9900 dB    V 99.9900 dB] [ET     5 ] [L0 ] [L1 ]
POC  172 TId: 0 ( I-SLICE, QP 26 )    2425568 bits [Y 99.9900 dB    U 99.9900 dB    V 99.9900 dB] [ET     5 ] [L0 ] [L1 ]
POC  173 TId: 0 ( I-SLICE, QP 26 )    2424336 bits [Y 99.9900 dB    U 99.9900 dB    V 99.9900 dB] [ET     4 ] [L0 ] [L1 ]
POC  174 TId: 0 ( I-SLICE, QP 26 )    2431224 bits [Y 99.9900 dB    U 99.9900 dB    V 99.9900 dB] [ET     4 ] [L0 ] [L1 ]
POC  175 TId: 0 ( I-SLICE, QP 26 )    2433536 bits [Y 99.9900 dB    U 99.9900 dB    V 99.9900 dB] [ET     4 ] [L0 ] [L1 ]
POC  176 TId: 0 ( I-SLICE, QP 26 )    2433160 bits [Y 99.9900 dB    U 99.9900 dB    V 99.9900 dB] [ET     4 ] [L0 ] [L1 ]
POC  177 TId: 0 ( I-SLICE, QP 26 )    2433376 bits [Y 99.9900 dB    U 99.9900 dB    V 99.9900 dB] [ET     4 ] [L0 ] [L1 ]
POC  178 TId: 0 ( I-SLICE, QP 26 )    2432832 bits [Y 99.9900 dB    U 99.9900 dB    V 99.9900 dB] [ET     4 ] [L0 ] [L1 ]
POC  179 TId: 0 ( I-SLICE, QP 26 )    2432520 bits [Y 99.9900 dB    U 99.9900 dB    V 99.9900 dB] [ET     4 ] [L0 ] [L1 ]
POC  180 TId: 0 ( I-SLICE, QP 26 )    2434208 bits [Y 99.9900 dB    U 99.9900 dB    V 99.9900 dB] [ET     4 ] [L0 ] [L1 ]
POC  181 TId: 0 ( I-SLICE, QP 26 )    2432584 bits [Y 99.9900 dB    U 99.9900 dB    V 99.9900 dB] [ET     5 ] [L0 ] [L1 ]
POC  182 TId: 0 ( I-SLICE, QP 26 )    2428976 bits [Y 99.9900 dB    U 99.9900 dB    V 99.9900 dB] [ET     4 ] [L0 ] [L1 ]
POC  183 TId: 0 ( I-SLICE, QP 26 )    2429944 bits [Y 99.9900 dB    U 99.9900 dB    V 99.9900 dB] [ET     4 ] [L0 ] [L1 ]
POC  184 TId: 0 ( I-SLICE, QP 26 )    2430688 bits [Y 99.9900 dB    U 99.9900 dB    V 99.9900 dB] [ET     4 ] [L0 ] [L1 ]
POC  185 TId: 0 ( I-SLICE, QP 26 )    2425688 bits [Y 99.9900 dB    U 99.9900 dB    V 99.9900 dB] [ET     4 ] [L0 ] [L1 ]
POC  186 TId: 0 ( I-SLICE, QP 26 )    2423448 bits [Y 99.9900 dB    U 99.9900 dB    V 99.9900 dB] [ET     4 ] [L0 ] [L1 ]
POC  187 TId: 0 ( I-SLICE, QP 26 )    2419272 bits [Y 99.9900 dB    U 99.9900 dB    V 99.9900 dB] [ET     4 ] [L0 ] [L1 ]
POC  188 TId: 0 ( I-SLICE, QP 26 )    2415336 bits [Y 99.9900 dB    U 99.9900 dB    V 99.9900 dB] [ET     4 ] [L0 ] [L1 ]
POC  189 TId: 0 ( I-SLICE, QP 26 )    2414008 bits [Y 99.9900 dB    U 99.9900 dB    V 99.9900 dB] [ET     4 ] [L0 ] [L1 ]
POC  190 TId: 0 ( I-SLICE, QP 26 )    2410880 bits [Y 99.9900 dB    U 99.9900 dB    V 99.9900 dB] [ET     4 ] [L0 ] [L1 ]
POC  191 TId: 0 ( I-SLICE, QP 26 )    2406536 bits [Y 99.9900 dB    U 99.9900 dB    V 99.9900 dB] [ET     4 ] [L0 ] [L1 ]
POC  192 TId: 0 ( I-SLICE, QP 26 )    2404120 bits [Y 99.9900 dB    U 99.9900 dB    V 99.9900 dB] [ET     4 ] [L0 ] [L1 ]
POC  193 TId: 0 ( I-SLICE, QP 26 )    2400680 bits [Y 99.9900 dB    U 99.9900 dB    V 99.9900 dB] [ET     4 ] [L0 ] [L1 ]
POC  194 TId: 0 ( I-SLICE, QP 26 )    2394944 bits [Y 99.9900 dB    U 99.9900 dB    V 99.9900 dB] [ET     4 ] [L0 ] [L1 ]
POC  195 TId: 0 ( I-SLICE, QP 26 )    2394856 bits [Y 99.9900 dB    U 99.9900 dB    V 99.9900 dB] [ET     4 ] [L0 ] [L1 ]
POC  196 TId: 0 ( I-SLICE, QP 26 )    2397792 bits [Y 99.9900 dB    U 99.9900 dB    V 99.9900 dB] [ET     4 ] [L0 ] [L1 ]
POC  197 TId: 0 ( I-SLICE, QP 26 )    2398960 bits [Y 99.9900 dB    U 99.9900 dB    V 99.9900 dB] [ET     4 ] [L0 ] [L1 ]
POC  198 TId: 0 ( I-SLICE, QP 26 )    2402808 bits [Y 99.9900 dB    U 99.9900 dB    V 99.9900 dB] [ET     4 ] [L0 ] [L1 ]
POC  199 TId: 0 ( I-SLICE, QP 26 )    2402616 bits [Y 99.9900 dB    U 99.9900 dB    V 99.9900 dB] [ET     4 ] [L0 ] [L1 ]
POC  200 TId: 0 ( I-SLICE, QP 26 )    2401856 bits [Y 99.9900 dB    U 99.9900 dB    V 99.9900 dB] [ET     4 ] [L0 ] [L1 ]
POC  201 TId: 0 ( I-SLICE, QP 26 )    2403160 bits [Y 99.9900 dB    U 99.9900 dB    V 99.9900 dB] [ET     4 ] [L0 ] [L1 ]
POC  202 TId: 0 ( I-SLICE, QP 26 )    2400760 bits [Y 99.9900 dB    U 99.9900 dB    V 99.9900 dB] [ET     4 ] [L0 ] [L1 ]
POC  203 TId: 0 ( I-SLICE, QP 26 )    2401368 bits [Y 99.9900 dB    U 99.9900 dB    V 99.9900 dB] [ET     4 ] [L0 ] [L1 ]
POC  204 TId: 0 ( I-SLICE, QP 26 )    2398760 bits [Y 99.9900 dB    U 99.9900 dB    V 99.9900 dB] [ET     4 ] [L0 ] [L1 ]
POC  205 TId: 0 ( I-SLICE, QP 26 )    2391440 bits [Y 99.9900 dB    U 99.9900 dB    V 99.9900 dB] [ET     4 ] [L0 ] [L1 ]
POC  206 TId: 0 ( I-SLICE, QP 26 )    2386720 bits [Y 99.9900 dB    U 99.9900 dB    V 99.9900 dB] [ET     4 ] [L0 ] [L1 ]
POC  207 TId: 0 ( I-SLICE, QP 26 )    2386160 bits [Y 99.9900 dB    U 99.9900 dB    V 99.9900 dB] [ET     4 ] [L0 ] [L1 ]
POC  208 TId: 0 ( I-SLICE, QP 26 )    2386504 bits [Y 99.9900 dB    U 99.9900 dB    V 99.9900 dB] [ET     4 ] [L0 ] [L1 ]
POC  209 TId: 0 ( I-SLICE, QP 26 )    2376288 bits [Y 99.9900 dB    U 99.9900 dB    V 99.9900 dB] [ET     4 ] [L0 ] [L1 ]
POC  210 TId: 0 ( I-SLICE, QP 26 )    2379944 bits [Y 99.9900 dB    U 99.9900 dB    V 99.9900 dB] [ET     4 ] [L0 ] [L1 ]
POC  211 TId: 0 ( I-SLICE, QP 26 )    2370448 bits [Y 99.9900 dB    U 99.9900 dB    V 99.9900 dB] [ET     4 ] [L0 ] [L1 ]
POC  212 TId: 0 ( I-SLICE, QP 26 )    2363032 bits [Y 99.9900 dB    U 99.9900 dB    V 99.9900 dB] [ET     4 ] [L0 ] [L1 ]
POC  213 TId: 0 ( I-SLICE, QP 26 )    2356696 bits [Y 99.9900 dB    U 99.9900 dB    V 99.9900 dB] [ET     4 ] [L0 ] [L1 ]
POC  214 TId: 0 ( I-SLICE, QP 26 )    2357216 bits [Y 99.9900 dB    U 99.9900 dB    V 99.9900 dB] [ET     4 ] [L0 ] [L1 ]
POC  215 TId: 0 ( I-SLICE, QP 26 )    2349232 bits [Y 99.9900 dB    U 99.9900 dB    V 99.9900 dB] [ET     4 ] [L0 ] [L1 ]
POC  216 TId: 0 ( I-SLICE, QP 26 )    2345872 bits [Y 99.9900 dB    U 99.9900 dB    V 99.9900 dB] [ET     4 ] [L0 ] [L1 ]
POC  217 TId: 0 ( I-SLICE, QP 26 )    2342792 bits [Y 99.9900 dB    U 99.9900 dB    V 99.9900 dB] [ET     4 ] [L0 ] [L1 ]
POC  218 TId: 0 ( I-SLICE, QP 26 )    2340664 bits [Y 99.9900 dB    U 99.9900 dB    V 99.9900 dB] [ET     4 ] [L0 ] [L1 ]
POC  219 TId: 0 ( I-SLICE, QP 26 )    2339440 bits [Y 99.9900 dB    U 99.9900 dB    V 99.9900 dB] [ET     4 ] [L0 ] [L1 ]
POC  220 TId: 0 ( I-SLICE, QP 26 )    2336528 bits [Y 99.9900 dB    U 99.9900 dB    V 99.9900 dB] [ET     4 ] [L0 ] [L1 ]
POC  221 TId: 0 ( I-SLICE, QP 26 )    2334920 bits [Y 99.9900 dB    U 99.9900 dB    V 99.9900 dB] [ET     4 ] [L0 ] [L1 ]
POC  222 TId: 0 ( I-SLICE, QP 26 )    2332928 bits [Y 99.9900 dB    U 99.9900 dB    V 99.9900 dB] [ET     4 ] [L0 ] [L1 ]
POC  223 TId: 0 ( I-SLICE, QP 26 )    2333392 bits [Y 99.9900 dB    U 99.9900 dB    V 99.9900 dB] [ET     4 ] [L0 ] [L1 ]
POC  224 TId: 0 ( I-SLICE, QP 26 )    2333952 bits [Y 99.9900 dB    U 99.9900 dB    V 99.9900 dB] [ET     4 ] [L0 ] [L1 ]
POC  225 TId: 0 ( I-SLICE, QP 26 )    2332248 bits [Y 99.9900 dB    U 99.9900 dB    V 99.9900 dB] [ET     4 ] [L0 ] [L1 ]
POC  226 TId: 0 ( I-SLICE, QP 26 )    2330864 bits [Y 99.9900 dB    U 99.9900 dB    V 99.9900 dB] [ET     4 ] [L0 ] [L1 ]
POC  227 TId: 0 ( I-SLICE, QP 26 )    2330112 bits [Y 99.9900 dB    U 99.9900 dB    V 99.9900 dB] [ET     4 ] [L0 ] [L1 ]
POC  228 TId: 0 ( I-SLICE, QP 26 )    2323160 bits [Y 99.9900 dB    U 99.9900 dB    V 99.9900 dB] [ET     4 ] [L0 ] [L1 ]
POC  229 TId: 0 ( I-SLICE, QP 26 )    2321896 bits [Y 99.9900 dB    U 99.9900 dB    V 99.9900 dB] [ET     4 ] [L0 ] [L1 ]
POC  230 TId: 0 ( I-SLICE, QP 26 )    2323560 bits [Y 99.9900 dB    U 99.9900 dB    V 99.9900 dB] [ET     4 ] [L0 ] [L1 ]
POC  231 TId: 0 ( I-SLICE, QP 26 )    2316208 bits [Y 99.9900 dB    U 99.9900 dB    V 99.9900 dB] [ET     4 ] [L0 ] [L1 ]
POC  232 TId: 0 ( I-SLICE, QP 26 )    2319720 bits [Y 99.9900 dB    U 99.9900 dB    V 99.9900 dB] [ET     5 ] [L0 ] [L1 ]
POC  233 TId: 0 ( I-SLICE, QP 26 )    2317504 bits [Y 99.9900 dB    U 99.9900 dB    V 99.9900 dB] [ET     4 ] [L0 ] [L1 ]
POC  234 TId: 0 ( I-SLICE, QP 26 )    2322760 bits [Y 99.9900 dB    U 99.9900 dB    V 99.9900 dB] [ET     4 ] [L0 ] [L1 ]
POC  235 TId: 0 ( I-SLICE, QP 26 )    2315472 bits [Y 99.9900 dB    U 99.9900 dB    V 99.9900 dB] [ET     4 ] [L0 ] [L1 ]
POC  236 TId: 0 ( I-SLICE, QP 26 )    2318032 bits [Y 99.9900 dB    U 99.9900 dB    V 99.9900 dB] [ET     4 ] [L0 ] [L1 ]
POC  237 TId: 0 ( I-SLICE, QP 26 )    2317968 bits [Y 99.9900 dB    U 99.9900 dB    V 99.9900 dB] [ET     4 ] [L0 ] [L1 ]
POC  238 TId: 0 ( I-SLICE, QP 26 )    2322008 bits [Y 99.9900 dB    U 99.9900 dB    V 99.9900 dB] [ET     4 ] [L0 ] [L1 ]
POC  239 TId: 0 ( I-SLICE, QP 26 )    2320464 bits [Y 99.9900 dB    U 99.9900 dB    V 99.9900 dB] [ET     4 ] [L0 ] [L1 ]
POC  240 TId: 0 ( I-SLICE, QP 26 )    2317448 bits [Y 99.9900 dB    U 99.9900 dB    V 99.9900 dB] [ET     4 ] [L0 ] [L1 ]
POC  241 TId: 0 ( I-SLICE, QP 26 )    2319904 bits [Y 99.9900 dB    U 99.9900 dB    V 99.9900 dB] [ET     4 ] [L0 ] [L1 ]
POC  242 TId: 0 ( I-SLICE, QP 26 )    2319704 bits [Y 99.9900 dB    U 99.9900 dB    V 99.9900 dB] [ET     4 ] [L0 ] [L1 ]
POC  243 TId: 0 ( I-SLICE, QP 26 )    2320392 bits [Y 99.9900 dB    U 99.9900 dB    V 99.9900 dB] [ET     4 ] [L0 ] [L1 ]
POC  244 TId: 0 ( I-SLICE, QP 26 )    2323560 bits [Y 99.9900 dB    U 99.9900 dB    V 99.9900 dB] [ET     4 ] [L0 ] [L1 ]
POC  245 TId: 0 ( I-SLICE, QP 26 )    2324024 bits [Y 99.9900 dB    U 99.9900 dB    V 99.9900 dB] [ET     4 ] [L0 ] [L1 ]
POC  246 TId: 0 ( I-SLICE, QP 26 )    2323904 bits [Y 99.9900 dB    U 99.9900 dB    V 99.9900 dB] [ET     4 ] [L0 ] [L1 ]
POC  247 TId: 0 ( I-SLICE, QP 26 )    2322608 bits [Y 99.9900 dB    U 99.9900 dB    V 99.9900 dB] [ET     4 ] [L0 ] [L1 ]
POC  248 TId: 0 ( I-SLICE, QP 26 )    2322424 bits [Y 99.9900 dB    U 99.9900 dB    V 99.9900 dB] [ET     4 ] [L0 ] [L1 ]
POC  249 TId: 0 ( I-SLICE, QP 26 )    2319560 bits [Y 99.9900 dB    U 99.9900 dB    V 99.9900 dB] [ET     4 ] [L0 ] [L1 ]
POC  250 TId: 0 ( I-SLICE, QP 26 )    2318240 bits [Y 99.9900 dB    U 99.9900 dB    V 99.9900 dB] [ET     4 ] [L0 ] [L1 ]
POC  251 TId: 0 ( I-SLICE, QP 26 )    2318040 bits [Y 99.9900 dB    U 99.9900 dB    V 99.9900 dB] [ET     4 ] [L0 ] [L1 ]
POC  252 TId: 0 ( I-SLICE, QP 26 )    2314856 bits [Y 99.9900 dB    U 99.9900 dB    V 99.9900 dB] [ET     4 ] [L0 ] [L1 ]
POC  253 TId: 0 ( I-SLICE, QP 26 )    2313424 bits [Y 99.9900 dB    U 99.9900 dB    V 99.9900 dB] [ET     4 ] [L0 ] [L1 ]
POC  254 TId: 0 ( I-SLICE, QP 26 )    2312568 bits [Y 99.9900 dB    U 99.9900 dB    V 99.9900 dB] [ET     4 ] [L0 ] [L1 ]
POC  255 TId: 0 ( I-SLICE, QP 26 )    2312304 bits [Y 99.9900 dB    U 99.9900 dB    V 99.9900 dB] [ET     4 ] [L0 ] [L1 ]
POC  256 TId: 0 ( I-SLICE, QP 26 )    2309736 bits [Y 99.9900 dB    U 99.9900 dB    V 99.9900 dB] [ET     4 ] [L0 ] [L1 ]
POC  257 TId: 0 ( I-SLICE, QP 26 )    2306096 bits [Y 99.9900 dB    U 99.9900 dB    V 99.9900 dB] [ET     4 ] [L0 ] [L1 ]
POC  258 TId: 0 ( I-SLICE, QP 26 )    2307664 bits [Y 99.9900 dB    U 99.9900 dB    V 99.9900 dB] [ET     4 ] [L0 ] [L1 ]
POC  259 TId: 0 ( I-SLICE, QP 26 )    2304056 bits [Y 99.9900 dB    U 99.9900 dB    V 99.9900 dB] [ET     4 ] [L0 ] [L1 ]
POC  260 TId: 0 ( I-SLICE, QP 26 )    2302784 bits [Y 99.9900 dB    U 99.9900 dB    V 99.9900 dB] [ET     4 ] [L0 ] [L1 ]
POC  261 TId: 0 ( I-SLICE, QP 26 )    2300104 bits [Y 99.9900 dB    U 99.9900 dB    V 99.9900 dB] [ET     4 ] [L0 ] [L1 ]
POC  262 TId: 0 ( I-SLICE, QP 26 )    2295744 bits [Y 99.9900 dB    U 99.9900 dB    V 99.9900 dB] [ET     4 ] [L0 ] [L1 ]
POC  263 TId: 0 ( I-SLICE, QP 26 )    2290552 bits [Y 99.9900 dB    U 99.9900 dB    V 99.9900 dB] [ET     4 ] [L0 ] [L1 ]
POC  264 TId: 0 ( I-SLICE, QP 26 )    2286472 bits [Y 99.9900 dB    U 99.9900 dB    V 99.9900 dB] [ET     4 ] [L0 ] [L1 ]
POC  265 TId: 0 ( I-SLICE, QP 26 )    2286616 bits [Y 99.9900 dB    U 99.9900 dB    V 99.9900 dB] [ET     4 ] [L0 ] [L1 ]
POC  266 TId: 0 ( I-SLICE, QP 26 )    2285136 bits [Y 99.9900 dB    U 99.9900 dB    V 99.9900 dB] [ET     4 ] [L0 ] [L1 ]
POC  267 TId: 0 ( I-SLICE, QP 26 )    2279424 bits [Y 99.9900 dB    U 99.9900 dB    V 99.9900 dB] [ET     4 ] [L0 ] [L1 ]
POC  268 TId: 0 ( I-SLICE, QP 26 )    2274992 bits [Y 99.9900 dB    U 99.9900 dB    V 99.9900 dB] [ET     4 ] [L0 ] [L1 ]
POC  269 TId: 0 ( I-SLICE, QP 26 )    2275376 bits [Y 99.9900 dB    U 99.9900 dB    V 99.9900 dB] [ET     4 ] [L0 ] [L1 ]
POC  270 TId: 0 ( I-SLICE, QP 26 )    2273184 bits [Y 99.9900 dB    U 99.9900 dB    V 99.9900 dB] [ET     4 ] [L0 ] [L1 ]
POC  271 TId: 0 ( I-SLICE, QP 26 )    2271840 bits [Y 99.9900 dB    U 99.9900 dB    V 99.9900 dB] [ET     4 ] [L0 ] [L1 ]
POC  272 TId: 0 ( I-SLICE, QP 26 )    2267040 bits [Y 99.9900 dB    U 99.9900 dB    V 99.9900 dB] [ET     4 ] [L0 ] [L1 ]
POC  273 TId: 0 ( I-SLICE, QP 26 )    2263048 bits [Y 99.9900 dB    U 99.9900 dB    V 99.9900 dB] [ET     4 ] [L0 ] [L1 ]
POC  274 TId: 0 ( I-SLICE, QP 26 )    2264184 bits [Y 99.9900 dB    U 99.9900 dB    V 99.9900 dB] [ET     4 ] [L0 ] [L1 ]
POC  275 TId: 0 ( I-SLICE, QP 26 )    2259928 bits [Y 99.9900 dB    U 99.9900 dB    V 99.9900 dB] [ET     4 ] [L0 ] [L1 ]
POC  276 TId: 0 ( I-SLICE, QP 26 )    2257472 bits [Y 99.9900 dB    U 99.9900 dB    V 99.9900 dB] [ET     4 ] [L0 ] [L1 ]
POC  277 TId: 0 ( I-SLICE, QP 26 )    2254032 bits [Y 99.9900 dB    U 99.9900 dB    V 99.9900 dB] [ET     4 ] [L0 ] [L1 ]
POC  278 TId: 0 ( I-SLICE, QP 26 )    2252560 bits [Y 99.9900 dB    U 99.9900 dB    V 99.9900 dB] [ET     4 ] [L0 ] [L1 ]
POC  279 TId: 0 ( I-SLICE, QP 26 )    2250656 bits [Y 99.9900 dB    U 99.9900 dB    V 99.9900 dB] [ET     4 ] [L0 ] [L1 ]
POC  280 TId: 0 ( I-SLICE, QP 26 )    2249128 bits [Y 99.9900 dB    U 99.9900 dB    V 99.9900 dB] [ET     4 ] [L0 ] [L1 ]
POC  281 TId: 0 ( I-SLICE, QP 26 )    2250640 bits [Y 99.9900 dB    U 99.9900 dB    V 99.9900 dB] [ET     4 ] [L0 ] [L1 ]
POC  282 TId: 0 ( I-SLICE, QP 26 )    2247960 bits [Y 99.9900 dB    U 99.9900 dB    V 99.9900 dB] [ET     4 ] [L0 ] [L1 ]
POC  283 TId: 0 ( I-SLICE, QP 26 )    2247088 bits [Y 99.9900 dB    U 99.9900 dB    V 99.9900 dB] [ET     4 ] [L0 ] [L1 ]
POC  284 TId: 0 ( I-SLICE, QP 26 )    2242728 bits [Y 99.9900 dB    U 99.9900 dB    V 99.9900 dB] [ET     4 ] [L0 ] [L1 ]
POC  285 TId: 0 ( I-SLICE, QP 26 )    2245896 bits [Y 99.9900 dB    U 99.9900 dB    V 99.9900 dB] [ET     4 ] [L0 ] [L1 ]
POC  286 TId: 0 ( I-SLICE, QP 26 )    2242216 bits [Y 99.9900 dB    U 99.9900 dB    V 99.9900 dB] [ET     4 ] [L0 ] [L1 ]
POC  287 TId: 0 ( I-SLICE, QP 26 )    2240352 bits [Y 99.9900 dB    U 99.9900 dB    V 99.9900 dB] [ET     4 ] [L0 ] [L1 ]
POC  288 TId: 0 ( I-SLICE, QP 26 )    2240000 bits [Y 99.9900 dB    U 99.9900 dB    V 99.9900 dB] [ET     4 ] [L0 ] [L1 ]
POC  289 TId: 0 ( I-SLICE, QP 26 )    2236232 bits [Y 99.9900 dB    U 99.9900 dB    V 99.9900 dB] [ET     4 ] [L0 ] [L1 ]
POC  290 TId: 0 ( I-SLICE, QP 26 )    2238856 bits [Y 99.9900 dB    U 99.9900 dB    V 99.9900 dB] [ET     4 ] [L0 ] [L1 ]
POC  291 TId: 0 ( I-SLICE, QP 26 )    2240936 bits [Y 99.9900 dB    U 99.9900 dB    V 99.9900 dB] [ET     4 ] [L0 ] [L1 ]
POC  292 TId: 0 ( I-SLICE, QP 26 )    2241336 bits [Y 99.9900 dB    U 99.9900 dB    V 99.9900 dB] [ET     4 ] [L0 ] [L1 ]
POC  293 TId: 0 ( I-SLICE, QP 26 )    2240112 bits [Y 99.9900 dB    U 99.9900 dB    V 99.9900 dB] [ET     4 ] [L0 ] [L1 ]
POC  294 TId: 0 ( I-SLICE, QP 26 )    2240400 bits [Y 99.9900 dB    U 99.9900 dB    V 99.9900 dB] [ET     4 ] [L0 ] [L1 ]
POC  295 TId: 0 ( I-SLICE, QP 26 )    2240784 bits [Y 99.9900 dB    U 99.9900 dB    V 99.9900 dB] [ET     4 ] [L0 ] [L1 ]
POC  296 TId: 0 ( I-SLICE, QP 26 )    2239872 bits [Y 99.9900 dB    U 99.9900 dB    V 99.9900 dB] [ET     4 ] [L0 ] [L1 ]
POC  297 TId: 0 ( I-SLICE, QP 26 )    2240320 bits [Y 99.9900 dB    U 99.9900 dB    V 99.9900 dB] [ET     4 ] [L0 ] [L1 ]
POC  298 TId: 0 ( I-SLICE, QP 26 )    2241016 bits [Y 99.9900 dB    U 99.9900 dB    V 99.9900 dB] [ET     4 ] [L0 ] [L1 ]
POC  299 TId: 0 ( I-SLICE, QP 26 )    2242936 bits [Y 99.9900 dB    U 99.9900 dB    V 99.9900 dB] [ET     4 ] [L0 ] [L1 ]
POC  300 TId: 0 ( I-SLICE, QP 26 )    2244136 bits [Y 99.9900 dB    U 99.9900 dB    V 99.9900 dB] [ET     4 ] [L0 ] [L1 ]
POC  301 TId: 0 ( I-SLICE, QP 26 )    2241512 bits [Y 99.9900 dB    U 99.9900 dB    V 99.9900 dB] [ET     4 ] [L0 ] [L1 ]
POC  302 TId: 0 ( I-SLICE, QP 26 )    2238592 bits [Y 99.9900 dB    U 99.9900 dB    V 99.9900 dB] [ET     5 ] [L0 ] [L1 ]
POC  303 TId: 0 ( I-SLICE, QP 26 )    2237608 bits [Y 99.9900 dB    U 99.9900 dB    V 99.9900 dB] [ET     5 ] [L0 ] [L1 ]
POC  304 TId: 0 ( I-SLICE, QP 26 )    2240056 bits [Y 99.9900 dB    U 99.9900 dB    V 99.9900 dB] [ET     4 ] [L0 ] [L1 ]
POC  305 TId: 0 ( I-SLICE, QP 26 )    2242504 bits [Y 99.9900 dB    U 99.9900 dB    V 99.9900 dB] [ET     5 ] [L0 ] [L1 ]
POC  306 TId: 0 ( I-SLICE, QP 26 )    2243480 bits [Y 99.9900 dB    U 99.9900 dB    V 99.9900 dB] [ET     4 ] [L0 ] [L1 ]
POC  307 TId: 0 ( I-SLICE, QP 26 )    2248832 bits [Y 99.9900 dB    U 99.9900 dB    V 99.9900 dB] [ET     4 ] [L0 ] [L1 ]
POC  308 TId: 0 ( I-SLICE, QP 26 )    2245416 bits [Y 99.9900 dB    U 99.9900 dB    V 99.9900 dB] [ET     5 ] [L0 ] [L1 ]
POC  309 TId: 0 ( I-SLICE, QP 26 )    2250208 bits [Y 99.9900 dB    U 99.9900 dB    V 99.9900 dB] [ET     5 ] [L0 ] [L1 ]
POC  310 TId: 0 ( I-SLICE, QP 26 )    2252128 bits [Y 99.9900 dB    U 99.9900 dB    V 99.9900 dB] [ET     4 ] [L0 ] [L1 ]
POC  311 TId: 0 ( I-SLICE, QP 26 )    2249952 bits [Y 99.9900 dB    U 99.9900 dB    V 99.9900 dB] [ET     4 ] [L0 ] [L1 ]
POC  312 TId: 0 ( I-SLICE, QP 26 )    2254408 bits [Y 99.9900 dB    U 99.9900 dB    V 99.9900 dB] [ET     5 ] [L0 ] [L1 ]
POC  313 TId: 0 ( I-SLICE, QP 26 )    2253384 bits [Y 99.9900 dB    U 99.9900 dB    V 99.9900 dB] [ET     5 ] [L0 ] [L1 ]
POC  314 TId: 0 ( I-SLICE, QP 26 )    2250080 bits [Y 99.9900 dB    U 99.9900 dB    V 99.9900 dB] [ET     5 ] [L0 ] [L1 ]
POC  315 TId: 0 ( I-SLICE, QP 26 )    2251160 bits [Y 99.9900 dB    U 99.9900 dB    V 99.9900 dB] [ET     4 ] [L0 ] [L1 ]
POC  316 TId: 0 ( I-SLICE, QP 26 )    2249152 bits [Y 99.9900 dB    U 99.9900 dB    V 99.9900 dB] [ET     4 ] [L0 ] [L1 ]
POC  317 TId: 0 ( I-SLICE, QP 26 )    2249408 bits [Y 99.9900 dB    U 99.9900 dB    V 99.9900 dB] [ET     4 ] [L0 ] [L1 ]
POC  318 TId: 0 ( I-SLICE, QP 26 )    2247520 bits [Y 99.9900 dB    U 99.9900 dB    V 99.9900 dB] [ET     4 ] [L0 ] [L1 ]
POC  319 TId: 0 ( I-SLICE, QP 26 )    2244016 bits [Y 99.9900 dB    U 99.9900 dB    V 99.9900 dB] [ET     4 ] [L0 ] [L1 ]
POC  320 TId: 0 ( I-SLICE, QP 26 )    2244744 bits [Y 99.9900 dB    U 99.9900 dB    V 99.9900 dB] [ET     4 ] [L0 ] [L1 ]
POC  321 TId: 0 ( I-SLICE, QP 26 )    2240680 bits [Y 99.9900 dB    U 99.9900 dB    V 99.9900 dB] [ET     4 ] [L0 ] [L1 ]
POC  322 TId: 0 ( I-SLICE, QP 26 )    2240344 bits [Y 99.9900 dB    U 99.9900 dB    V 99.9900 dB] [ET     4 ] [L0 ] [L1 ]
POC  323 TId: 0 ( I-SLICE, QP 26 )    2236584 bits [Y 99.9900 dB    U 99.9900 dB    V 99.9900 dB] [ET     4 ] [L0 ] [L1 ]
POC  324 TId: 0 ( I-SLICE, QP 26 )    2239392 bits [Y 99.9900 dB    U 99.9900 dB    V 99.9900 dB] [ET     4 ] [L0 ] [L1 ]
POC  325 TId: 0 ( I-SLICE, QP 26 )    2234952 bits [Y 99.9900 dB    U 99.9900 dB    V 99.9900 dB] [ET     4 ] [L0 ] [L1 ]
POC  326 TId: 0 ( I-SLICE, QP 26 )    2233104 bits [Y 99.9900 dB    U 99.9900 dB    V 99.9900 dB] [ET     4 ] [L0 ] [L1 ]
POC  327 TId: 0 ( I-SLICE, QP 26 )    2234072 bits [Y 99.9900 dB    U 99.9900 dB    V 99.9900 dB] [ET     4 ] [L0 ] [L1 ]
POC  328 TId: 0 ( I-SLICE, QP 26 )    2232880 bits [Y 99.9900 dB    U 99.9900 dB    V 99.9900 dB] [ET     4 ] [L0 ] [L1 ]
POC  329 TId: 0 ( I-SLICE, QP 26 )    2236224 bits [Y 99.9900 dB    U 99.9900 dB    V 99.9900 dB] [ET     4 ] [L0 ] [L1 ]
POC  330 TId: 0 ( I-SLICE, QP 26 )    2236832 bits [Y 99.9900 dB    U 99.9900 dB    V 99.9900 dB] [ET     4 ] [L0 ] [L1 ]
POC  331 TId: 0 ( I-SLICE, QP 26 )    2239896 bits [Y 99.9900 dB    U 99.9900 dB    V 99.9900 dB] [ET     4 ] [L0 ] [L1 ]
POC  332 TId: 0 ( I-SLICE, QP 26 )    2240264 bits [Y 99.9900 dB    U 99.9900 dB    V 99.9900 dB] [ET     4 ] [L0 ] [L1 ]
POC  333 TId: 0 ( I-SLICE, QP 26 )    2240416 bits [Y 99.9900 dB    U 99.9900 dB    V 99.9900 dB] [ET     4 ] [L0 ] [L1 ]
POC  334 TId: 0 ( I-SLICE, QP 26 )    2241648 bits [Y 99.9900 dB    U 99.9900 dB    V 99.9900 dB] [ET     4 ] [L0 ] [L1 ]
POC  335 TId: 0 ( I-SLICE, QP 26 )    2244424 bits [Y 99.9900 dB    U 99.9900 dB    V 99.9900 dB] [ET     4 ] [L0 ] [L1 ]
POC  336 TId: 0 ( I-SLICE, QP 26 )    2241768 bits [Y 99.9900 dB    U 99.9900 dB    V 99.9900 dB] [ET     5 ] [L0 ] [L1 ]
POC  337 TId: 0 ( I-SLICE, QP 26 )    2239832 bits [Y 99.9900 dB    U 99.9900 dB    V 99.9900 dB] [ET     4 ] [L0 ] [L1 ]
POC  338 TId: 0 ( I-SLICE, QP 26 )    2243880 bits [Y 99.9900 dB    U 99.9900 dB    V 99.9900 dB] [ET     4 ] [L0 ] [L1 ]
POC  339 TId: 0 ( I-SLICE, QP 26 )    2243784 bits [Y 99.9900 dB    U 99.9900 dB    V 99.9900 dB] [ET     4 ] [L0 ] [L1 ]
POC  340 TId: 0 ( I-SLICE, QP 26 )    2242672 bits [Y 99.9900 dB    U 99.9900 dB    V 99.9900 dB] [ET     4 ] [L0 ] [L1 ]
POC  341 TId: 0 ( I-SLICE, QP 26 )    2244040 bits [Y 99.9900 dB    U 99.9900 dB    V 99.9900 dB] [ET     4 ] [L0 ] [L1 ]
POC  342 TId: 0 ( I-SLICE, QP 26 )    2244440 bits [Y 99.9900 dB    U 99.9900 dB    V 99.9900 dB] [ET     4 ] [L0 ] [L1 ]
POC  343 TId: 0 ( I-SLICE, QP 26 )    2244040 bits [Y 99.9900 dB    U 99.9900 dB    V 99.9900 dB] [ET     4 ] [L0 ] [L1 ]
POC  344 TId: 0 ( I-SLICE, QP 26 )    2242776 bits [Y 99.9900 dB    U 99.9900 dB    V 99.9900 dB] [ET     5 ] [L0 ] [L1 ]
POC  345 TId: 0 ( I-SLICE, QP 26 )    2238968 bits [Y 99.9900 dB    U 99.9900 dB    V 99.9900 dB] [ET     4 ] [L0 ] [L1 ]
POC  346 TId: 0 ( I-SLICE, QP 26 )    2236720 bits [Y 99.9900 dB    U 99.9900 dB    V 99.9900 dB] [ET     4 ] [L0 ] [L1 ]
POC  347 TId: 0 ( I-SLICE, QP 26 )    2232016 bits [Y 99.9900 dB    U 99.9900 dB    V 99.9900 dB] [ET     4 ] [L0 ] [L1 ]
POC  348 TId: 0 ( I-SLICE, QP 26 )    2226608 bits [Y 99.9900 dB    U 99.9900 dB    V 99.9900 dB] [ET     4 ] [L0 ] [L1 ]
POC  349 TId: 0 ( I-SLICE, QP 26 )    2221800 bits [Y 99.9900 dB    U 99.9900 dB    V 99.9900 dB] [ET     4 ] [L0 ] [L1 ]
POC  350 TId: 0 ( I-SLICE, QP 26 )    2216528 bits [Y 99.9900 dB    U 99.9900 dB    V 99.9900 dB] [ET     4 ] [L0 ] [L1 ]
POC  351 TId: 0 ( I-SLICE, QP 26 )    2215232 bits [Y 99.9900 dB    U 99.9900 dB    V 99.9900 dB] [ET     4 ] [L0 ] [L1 ]
POC  352 TId: 0 ( I-SLICE, QP 26 )    2212168 bits [Y 99.9900 dB    U 99.9900 dB    V 99.9900 dB] [ET     4 ] [L0 ] [L1 ]
POC  353 TId: 0 ( I-SLICE, QP 26 )    2210728 bits [Y 99.9900 dB    U 99.9900 dB    V 99.9900 dB] [ET     4 ] [L0 ] [L1 ]
POC  354 TId: 0 ( I-SLICE, QP 26 )    2210296 bits [Y 99.9900 dB    U 99.9900 dB    V 99.9900 dB] [ET     4 ] [L0 ] [L1 ]
POC  355 TId: 0 ( I-SLICE, QP 26 )    2209256 bits [Y 99.9900 dB    U 99.9900 dB    V 99.9900 dB] [ET     5 ] [L0 ] [L1 ]
POC  356 TId: 0 ( I-SLICE, QP 26 )    2208080 bits [Y 99.9900 dB    U 99.9900 dB    V 99.9900 dB] [ET     4 ] [L0 ] [L1 ]
POC  357 TId: 0 ( I-SLICE, QP 26 )    2199408 bits [Y 99.9900 dB    U 99.9900 dB    V 99.9900 dB] [ET     4 ] [L0 ] [L1 ]
POC  358 TId: 0 ( I-SLICE, QP 26 )    2198592 bits [Y 99.9900 dB    U 99.9900 dB    V 99.9900 dB] [ET     4 ] [L0 ] [L1 ]
POC  359 TId: 0 ( I-SLICE, QP 26 )    2197384 bits [Y 99.9900 dB    U 99.9900 dB    V 99.9900 dB] [ET     4 ] [L0 ] [L1 ]
POC  360 TId: 0 ( I-SLICE, QP 26 )    2198584 bits [Y 99.9900 dB    U 99.9900 dB    V 99.9900 dB] [ET     4 ] [L0 ] [L1 ]
POC  361 TId: 0 ( I-SLICE, QP 26 )    2193896 bits [Y 99.9900 dB    U 99.9900 dB    V 99.9900 dB] [ET     4 ] [L0 ] [L1 ]
POC  362 TId: 0 ( I-SLICE, QP 26 )    2194512 bits [Y 99.9900 dB    U 99.9900 dB    V 99.9900 dB] [ET     4 ] [L0 ] [L1 ]
POC  363 TId: 0 ( I-SLICE, QP 26 )    2189184 bits [Y 99.9900 dB    U 99.9900 dB    V 99.9900 dB] [ET     4 ] [L0 ] [L1 ]
POC  364 TId: 0 ( I-SLICE, QP 26 )    2188376 bits [Y 99.9900 dB    U 99.9900 dB    V 99.9900 dB] [ET     4 ] [L0 ] [L1 ]
POC  365 TId: 0 ( I-SLICE, QP 26 )    2185576 bits [Y 99.9900 dB    U 99.9900 dB    V 99.9900 dB] [ET     4 ] [L0 ] [L1 ]
POC  366 TId: 0 ( I-SLICE, QP 26 )    2189032 bits [Y 99.9900 dB    U 99.9900 dB    V 99.9900 dB] [ET     4 ] [L0 ] [L1 ]
POC  367 TId: 0 ( I-SLICE, QP 26 )    2184696 bits [Y 99.9900 dB    U 99.9900 dB    V 99.9900 dB] [ET     4 ] [L0 ] [L1 ]
POC  368 TId: 0 ( I-SLICE, QP 26 )    2181776 bits [Y 99.9900 dB    U 99.9900 dB    V 99.9900 dB] [ET     4 ] [L0 ] [L1 ]
POC  369 TId: 0 ( I-SLICE, QP 26 )    2180832 bits [Y 99.9900 dB    U 99.9900 dB    V 99.9900 dB] [ET     4 ] [L0 ] [L1 ]
POC  370 TId: 0 ( I-SLICE, QP 26 )    2182672 bits [Y 99.9900 dB    U 99.9900 dB    V 99.9900 dB] [ET     4 ] [L0 ] [L1 ]
POC  371 TId: 0 ( I-SLICE, QP 26 )    2183272 bits [Y 99.9900 dB    U 99.9900 dB    V 99.9900 dB] [ET     4 ] [L0 ] [L1 ]
POC  372 TId: 0 ( I-SLICE, QP 26 )    2181328 bits [Y 99.9900 dB    U 99.9900 dB    V 99.9900 dB] [ET     4 ] [L0 ] [L1 ]
POC  373 TId: 0 ( I-SLICE, QP 26 )    2184912 bits [Y 99.9900 dB    U 99.9900 dB    V 99.9900 dB] [ET     4 ] [L0 ] [L1 ]
POC  374 TId: 0 ( I-SLICE, QP 26 )    2186424 bits [Y 99.9900 dB    U 99.9900 dB    V 99.9900 dB] [ET     4 ] [L0 ] [L1 ]
POC  375 TId: 0 ( I-SLICE, QP 26 )    2179536 bits [Y 99.9900 dB    U 99.9900 dB    V 99.9900 dB] [ET     4 ] [L0 ] [L1 ]
POC  376 TId: 0 ( I-SLICE, QP 26 )    2181200 bits [Y 99.9900 dB    U 99.9900 dB    V 99.9900 dB] [ET     4 ] [L0 ] [L1 ]
POC  377 TId: 0 ( I-SLICE, QP 26 )    2186120 bits [Y 99.9900 dB    U 99.9900 dB    V 99.9900 dB] [ET     4 ] [L0 ] [L1 ]
POC  378 TId: 0 ( I-SLICE, QP 26 )    2186232 bits [Y 99.9900 dB    U 99.9900 dB    V 99.9900 dB] [ET     4 ] [L0 ] [L1 ]
POC  379 TId: 0 ( I-SLICE, QP 26 )    2191760 bits [Y 99.9900 dB    U 99.9900 dB    V 99.9900 dB] [ET     4 ] [L0 ] [L1 ]
POC  380 TId: 0 ( I-SLICE, QP 26 )    2189040 bits [Y 99.9900 dB    U 99.9900 dB    V 99.9900 dB] [ET     5 ] [L0 ] [L1 ]
POC  381 TId: 0 ( I-SLICE, QP 26 )    2193768 bits [Y 99.9900 dB    U 99.9900 dB    V 99.9900 dB] [ET     4 ] [L0 ] [L1 ]
POC  382 TId: 0 ( I-SLICE, QP 26 )    2194336 bits [Y 99.9900 dB    U 99.9900 dB    V 99.9900 dB] [ET     4 ] [L0 ] [L1 ]
POC  383 TId: 0 ( I-SLICE, QP 26 )    2197264 bits [Y 99.9900 dB    U 99.9900 dB    V 99.9900 dB] [ET     4 ] [L0 ] [L1 ]
POC  384 TId: 0 ( I-SLICE, QP 26 )    2197624 bits [Y 99.9900 dB    U 99.9900 dB    V 99.9900 dB] [ET     4 ] [L0 ] [L1 ]
POC  385 TId: 0 ( I-SLICE, QP 26 )    2199712 bits [Y 99.9900 dB    U 99.9900 dB    V 99.9900 dB] [ET     4 ] [L0 ] [L1 ]
POC  386 TId: 0 ( I-SLICE, QP 26 )    2201280 bits [Y 99.9900 dB    U 99.9900 dB    V 99.9900 dB] [ET     4 ] [L0 ] [L1 ]
POC  387 TId: 0 ( I-SLICE, QP 26 )    2203880 bits [Y 99.9900 dB    U 99.9900 dB    V 99.9900 dB] [ET     4 ] [L0 ] [L1 ]
POC  388 TId: 0 ( I-SLICE, QP 26 )    2201248 bits [Y 99.9900 dB    U 99.9900 dB    V 99.9900 dB] [ET     4 ] [L0 ] [L1 ]
POC  389 TId: 0 ( I-SLICE, QP 26 )    2199288 bits [Y 99.9900 dB    U 99.9900 dB    V 99.9900 dB] [ET     4 ] [L0 ] [L1 ]
POC  390 TId: 0 ( I-SLICE, QP 26 )    2203312 bits [Y 99.9900 dB    U 99.9900 dB    V 99.9900 dB] [ET     4 ] [L0 ] [L1 ]
POC  391 TId: 0 ( I-SLICE, QP 26 )    2203104 bits [Y 99.9900 dB    U 99.9900 dB    V 99.9900 dB] [ET     4 ] [L0 ] [L1 ]
POC  392 TId: 0 ( I-SLICE, QP 26 )    2206032 bits [Y 99.9900 dB    U 99.9900 dB    V 99.9900 dB] [ET     4 ] [L0 ] [L1 ]
POC  393 TId: 0 ( I-SLICE, QP 26 )    2207072 bits [Y 99.9900 dB    U 99.9900 dB    V 99.9900 dB] [ET     4 ] [L0 ] [L1 ]
POC  394 TId: 0 ( I-SLICE, QP 26 )    2212552 bits [Y 99.9900 dB    U 99.9900 dB    V 99.9900 dB] [ET     4 ] [L0 ] [L1 ]
POC  395 TId: 0 ( I-SLICE, QP 26 )    2210592 bits [Y 99.9900 dB    U 99.9900 dB    V 99.9900 dB] [ET     4 ] [L0 ] [L1 ]
POC  396 TId: 0 ( I-SLICE, QP 26 )    2217424 bits [Y 99.9900 dB    U 99.9900 dB    V 99.9900 dB] [ET     4 ] [L0 ] [L1 ]
POC  397 TId: 0 ( I-SLICE, QP 26 )    2221680 bits [Y 99.9900 dB    U 99.9900 dB    V 99.9900 dB] [ET     4 ] [L0 ] [L1 ]
POC  398 TId: 0 ( I-SLICE, QP 26 )    2226896 bits [Y 99.9900 dB    U 99.9900 dB    V 99.9900 dB] [ET     4 ] [L0 ] [L1 ]
POC  399 TId: 0 ( I-SLICE, QP 26 )    2232728 bits [Y 99.9900 dB    U 99.9900 dB    V 99.9900 dB] [ET     4 ] [L0 ] [L1 ]
POC  400 TId: 0 ( I-SLICE, QP 26 )    2234976 bits [Y 99.9900 dB    U 99.9900 dB    V 99.9900 dB] [ET     4 ] [L0 ] [L1 ]
POC  401 TId: 0 ( I-SLICE, QP 26 )    2237136 bits [Y 99.9900 dB    U 99.9900 dB    V 99.9900 dB] [ET     4 ] [L0 ] [L1 ]
POC  402 TId: 0 ( I-SLICE, QP 26 )    2243112 bits [Y 99.9900 dB    U 99.9900 dB    V 99.9900 dB] [ET     4 ] [L0 ] [L1 ]
POC  403 TId: 0 ( I-SLICE, QP 26 )    2245560 bits [Y 99.9900 dB    U 99.9900 dB    V 99.9900 dB] [ET     4 ] [L0 ] [L1 ]
POC  404 TId: 0 ( I-SLICE, QP 26 )    2250568 bits [Y 99.9900 dB    U 99.9900 dB    V 99.9900 dB] [ET     5 ] [L0 ] [L1 ]
POC  405 TId: 0 ( I-SLICE, QP 26 )    2247560 bits [Y 99.9900 dB    U 99.9900 dB    V 99.9900 dB] [ET     4 ] [L0 ] [L1 ]
POC  406 TId: 0 ( I-SLICE, QP 26 )    2245912 bits [Y 99.9900 dB    U 99.9900 dB    V 99.9900 dB] [ET     4 ] [L0 ] [L1 ]
POC  407 TId: 0 ( I-SLICE, QP 26 )    2243904 bits [Y 99.9900 dB    U 99.9900 dB    V 99.9900 dB] [ET     5 ] [L0 ] [L1 ]
POC  408 TId: 0 ( I-SLICE, QP 26 )    2246648 bits [Y 99.9900 dB    U 99.9900 dB    V 99.9900 dB] [ET     4 ] [L0 ] [L1 ]
POC  409 TId: 0 ( I-SLICE, QP 26 )    2244480 bits [Y 99.9900 dB    U 99.9900 dB    V 99.9900 dB] [ET     4 ] [L0 ] [L1 ]
POC  410 TId: 0 ( I-SLICE, QP 26 )    2243416 bits [Y 99.9900 dB    U 99.9900 dB    V 99.9900 dB] [ET     4 ] [L0 ] [L1 ]
POC  411 TId: 0 ( I-SLICE, QP 26 )    2234712 bits [Y 99.9900 dB    U 99.9900 dB    V 99.9900 dB] [ET     4 ] [L0 ] [L1 ]
POC  412 TId: 0 ( I-SLICE, QP 26 )    2230272 bits [Y 99.9900 dB    U 99.9900 dB    V 99.9900 dB] [ET     4 ] [L0 ] [L1 ]
POC  413 TId: 0 ( I-SLICE, QP 26 )    2228376 bits [Y 99.9900 dB    U 99.9900 dB    V 99.9900 dB] [ET     4 ] [L0 ] [L1 ]
POC  414 TId: 0 ( I-SLICE, QP 26 )    2225888 bits [Y 99.9900 dB    U 99.9900 dB    V 99.9900 dB] [ET     4 ] [L0 ] [L1 ]
POC  415 TId: 0 ( I-SLICE, QP 26 )    2227560 bits [Y 99.9900 dB    U 99.9900 dB    V 99.9900 dB] [ET     4 ] [L0 ] [L1 ]
POC  416 TId: 0 ( I-SLICE, QP 26 )    2231296 bits [Y 99.9900 dB    U 99.9900 dB    V 99.9900 dB] [ET     4 ] [L0 ] [L1 ]
POC  417 TId: 0 ( I-SLICE, QP 26 )    2231896 bits [Y 99.9900 dB    U 99.9900 dB    V 99.9900 dB] [ET     4 ] [L0 ] [L1 ]
POC  418 TId: 0 ( I-SLICE, QP 26 )    2234088 bits [Y 99.9900 dB    U 99.9900 dB    V 99.9900 dB] [ET     4 ] [L0 ] [L1 ]
POC  419 TId: 0 ( I-SLICE, QP 26 )    2231024 bits [Y 99.9900 dB    U 99.9900 dB    V 99.9900 dB] [ET     4 ] [L0 ] [L1 ]
POC  420 TId: 0 ( I-SLICE, QP 26 )    2230544 bits [Y 99.9900 dB    U 99.9900 dB    V 99.9900 dB] [ET     4 ] [L0 ] [L1 ]
POC  421 TId: 0 ( I-SLICE, QP 26 )    2231968 bits [Y 99.9900 dB    U 99.9900 dB    V 99.9900 dB] [ET     4 ] [L0 ] [L1 ]
POC  422 TId: 0 ( I-SLICE, QP 26 )    2238688 bits [Y 99.9900 dB    U 99.9900 dB    V 99.9900 dB] [ET     4 ] [L0 ] [L1 ]
POC  423 TId: 0 ( I-SLICE, QP 26 )    2237072 bits [Y 99.9900 dB    U 99.9900 dB    V 99.9900 dB] [ET     4 ] [L0 ] [L1 ]
POC  424 TId: 0 ( I-SLICE, QP 26 )    2240576 bits [Y 99.9900 dB    U 99.9900 dB    V 99.9900 dB] [ET     4 ] [L0 ] [L1 ]
POC  425 TId: 0 ( I-SLICE, QP 26 )    2246976 bits [Y 99.9900 dB    U 99.9900 dB    V 99.9900 dB] [ET     4 ] [L0 ] [L1 ]
POC  426 TId: 0 ( I-SLICE, QP 26 )    2250040 bits [Y 99.9900 dB    U 99.9900 dB    V 99.9900 dB] [ET     4 ] [L0 ] [L1 ]
POC  427 TId: 0 ( I-SLICE, QP 26 )    2252888 bits [Y 99.9900 dB    U 99.9900 dB    V 99.9900 dB] [ET     4 ] [L0 ] [L1 ]
POC  428 TId: 0 ( I-SLICE, QP 26 )    2255880 bits [Y 99.9900 dB    U 99.9900 dB    V 99.9900 dB] [ET     4 ] [L0 ] [L1 ]
POC  429 TId: 0 ( I-SLICE, QP 26 )    2259184 bits [Y 99.9900 dB    U 99.9900 dB    V 99.9900 dB] [ET     4 ] [L0 ] [L1 ]
POC  430 TId: 0 ( I-SLICE, QP 26 )    2261272 bits [Y 99.9900 dB    U 99.9900 dB    V 99.9900 dB] [ET     4 ] [L0 ] [L1 ]
POC  431 TId: 0 ( I-SLICE, QP 26 )    2261584 bits [Y 99.9900 dB    U 99.9900 dB    V 99.9900 dB] [ET     4 ] [L0 ] [L1 ]
POC  432 TId: 0 ( I-SLICE, QP 26 )    2260200 bits [Y 99.9900 dB    U 99.9900 dB    V 99.9900 dB] [ET     4 ] [L0 ] [L1 ]
POC  433 TId: 0 ( I-SLICE, QP 26 )    2260680 bits [Y 99.9900 dB    U 99.9900 dB    V 99.9900 dB] [ET     4 ] [L0 ] [L1 ]
POC  434 TId: 0 ( I-SLICE, QP 26 )    2262480 bits [Y 99.9900 dB    U 99.9900 dB    V 99.9900 dB] [ET     4 ] [L0 ] [L1 ]
POC  435 TId: 0 ( I-SLICE, QP 26 )    2263816 bits [Y 99.9900 dB    U 99.9900 dB    V 99.9900 dB] [ET     4 ] [L0 ] [L1 ]
POC  436 TId: 0 ( I-SLICE, QP 26 )    2263264 bits [Y 99.9900 dB    U 99.9900 dB    V 99.9900 dB] [ET     4 ] [L0 ] [L1 ]
POC  437 TId: 0 ( I-SLICE, QP 26 )    2252880 bits [Y 99.9900 dB    U 99.9900 dB    V 99.9900 dB] [ET     5 ] [L0 ] [L1 ]
POC  438 TId: 0 ( I-SLICE, QP 26 )    2240552 bits [Y 99.9900 dB    U 99.9900 dB    V 99.9900 dB] [ET     4 ] [L0 ] [L1 ]
POC  439 TId: 0 ( I-SLICE, QP 26 )    2231704 bits [Y 99.9900 dB    U 99.9900 dB    V 99.9900 dB] [ET     4 ] [L0 ] [L1 ]
POC  440 TId: 0 ( I-SLICE, QP 26 )    2219760 bits [Y 99.9900 dB    U 99.9900 dB    V 99.9900 dB] [ET     4 ] [L0 ] [L1 ]
POC  441 TId: 0 ( I-SLICE, QP 26 )    2202232 bits [Y 99.9900 dB    U 99.9900 dB    V 99.9900 dB] [ET     4 ] [L0 ] [L1 ]
POC  442 TId: 0 ( I-SLICE, QP 26 )    2189928 bits [Y 99.9900 dB    U 99.9900 dB    V 99.9900 dB] [ET     4 ] [L0 ] [L1 ]
POC  443 TId: 0 ( I-SLICE, QP 26 )    2178328 bits [Y 99.9900 dB    U 99.9900 dB    V 99.9900 dB] [ET     4 ] [L0 ] [L1 ]
POC  444 TId: 0 ( I-SLICE, QP 26 )    2168888 bits [Y 99.9900 dB    U 99.9900 dB    V 99.9900 dB] [ET     4 ] [L0 ] [L1 ]
POC  445 TId: 0 ( I-SLICE, QP 26 )    2159160 bits [Y 99.9900 dB    U 99.9900 dB    V 99.9900 dB] [ET     4 ] [L0 ] [L1 ]
POC  446 TId: 0 ( I-SLICE, QP 26 )    2143800 bits [Y 99.9900 dB    U 99.9900 dB    V 99.9900 dB] [ET     4 ] [L0 ] [L1 ]
POC  447 TId: 0 ( I-SLICE, QP 26 )    2127464 bits [Y 99.9900 dB    U 99.9900 dB    V 99.9900 dB] [ET     4 ] [L0 ] [L1 ]
POC  448 TId: 0 ( I-SLICE, QP 26 )    2110296 bits [Y 99.9900 dB    U 99.9900 dB    V 99.9900 dB] [ET     4 ] [L0 ] [L1 ]
POC  449 TId: 0 ( I-SLICE, QP 26 )    2093512 bits [Y 99.9900 dB    U 99.9900 dB    V 99.9900 dB] [ET     4 ] [L0 ] [L1 ]
POC  450 TId: 0 ( I-SLICE, QP 26 )    2090192 bits [Y 99.9900 dB    U 99.9900 dB    V 99.9900 dB] [ET     4 ] [L0 ] [L1 ]
POC  451 TId: 0 ( I-SLICE, QP 26 )    2081184 bits [Y 99.9900 dB    U 99.9900 dB    V 99.9900 dB] [ET     4 ] [L0 ] [L1 ]
POC  452 TId: 0 ( I-SLICE, QP 26 )    2074800 bits [Y 99.9900 dB    U 99.9900 dB    V 99.9900 dB] [ET     4 ] [L0 ] [L1 ]
POC  453 TId: 0 ( I-SLICE, QP 26 )    2070600 bits [Y 99.9900 dB    U 99.9900 dB    V 99.9900 dB] [ET     4 ] [L0 ] [L1 ]
POC  454 TId: 0 ( I-SLICE, QP 26 )    2067312 bits [Y 99.9900 dB    U 99.9900 dB    V 99.9900 dB] [ET     4 ] [L0 ] [L1 ]
POC  455 TId: 0 ( I-SLICE, QP 26 )    2079792 bits [Y 99.9900 dB    U 99.9900 dB    V 99.9900 dB] [ET     4 ] [L0 ] [L1 ]
POC  456 TId: 0 ( I-SLICE, QP 26 )    2086496 bits [Y 99.9900 dB    U 99.9900 dB    V 99.9900 dB] [ET     4 ] [L0 ] [L1 ]
POC  457 TId: 0 ( I-SLICE, QP 26 )    2093056 bits [Y 99.9900 dB    U 99.9900 dB    V 99.9900 dB] [ET     5 ] [L0 ] [L1 ]
POC  458 TId: 0 ( I-SLICE, QP 26 )    2099400 bits [Y 99.9900 dB    U 99.9900 dB    V 99.9900 dB] [ET     4 ] [L0 ] [L1 ]
POC  459 TId: 0 ( I-SLICE, QP 26 )    2103536 bits [Y 99.9900 dB    U 99.9900 dB    V 99.9900 dB] [ET     4 ] [L0 ] [L1 ]
POC  460 TId: 0 ( I-SLICE, QP 26 )    2109640 bits [Y 99.9900 dB    U 99.9900 dB    V 99.9900 dB] [ET     4 ] [L0 ] [L1 ]
POC  461 TId: 0 ( I-SLICE, QP 26 )    2117016 bits [Y 99.9900 dB    U 99.9900 dB    V 99.9900 dB] [ET     4 ] [L0 ] [L1 ]
POC  462 TId: 0 ( I-SLICE, QP 26 )    2125536 bits [Y 99.9900 dB    U 99.9900 dB    V 99.9900 dB] [ET     4 ] [L0 ] [L1 ]
POC  463 TId: 0 ( I-SLICE, QP 26 )    2133376 bits [Y 99.9900 dB    U 99.9900 dB    V 99.9900 dB] [ET     5 ] [L0 ] [L1 ]
POC  464 TId: 0 ( I-SLICE, QP 26 )    2136800 bits [Y 99.9900 dB    U 99.9900 dB    V 99.9900 dB] [ET     4 ] [L0 ] [L1 ]
POC  465 TId: 0 ( I-SLICE, QP 26 )    2142856 bits [Y 99.9900 dB    U 99.9900 dB    V 99.9900 dB] [ET     4 ] [L0 ] [L1 ]
POC  466 TId: 0 ( I-SLICE, QP 26 )    2144368 bits [Y 99.9900 dB    U 99.9900 dB    V 99.9900 dB] [ET     4 ] [L0 ] [L1 ]
POC  467 TId: 0 ( I-SLICE, QP 26 )    2150080 bits [Y 99.9900 dB    U 99.9900 dB    V 99.9900 dB] [ET     4 ] [L0 ] [L1 ]
POC  468 TId: 0 ( I-SLICE, QP 26 )    2150992 bits [Y 99.9900 dB    U 99.9900 dB    V 99.9900 dB] [ET     4 ] [L0 ] [L1 ]
POC  469 TId: 0 ( I-SLICE, QP 26 )    2154544 bits [Y 99.9900 dB    U 99.9900 dB    V 99.9900 dB] [ET     4 ] [L0 ] [L1 ]
POC  470 TId: 0 ( I-SLICE, QP 26 )    2156656 bits [Y 99.9900 dB    U 99.9900 dB    V 99.9900 dB] [ET     4 ] [L0 ] [L1 ]
POC  471 TId: 0 ( I-SLICE, QP 26 )    2153480 bits [Y 99.9900 dB    U 99.9900 dB    V 99.9900 dB] [ET     4 ] [L0 ] [L1 ]
POC  472 TId: 0 ( I-SLICE, QP 26 )    2153376 bits [Y 99.9900 dB    U 99.9900 dB    V 99.9900 dB] [ET     4 ] [L0 ] [L1 ]
POC  473 TId: 0 ( I-SLICE, QP 26 )    2154496 bits [Y 99.9900 dB    U 99.9900 dB    V 99.9900 dB] [ET     4 ] [L0 ] [L1 ]
POC  474 TId: 0 ( I-SLICE, QP 26 )    2161400 bits [Y 99.9900 dB    U 99.9900 dB    V 99.9900 dB] [ET     4 ] [L0 ] [L1 ]
POC  475 TId: 0 ( I-SLICE, QP 26 )    2166008 bits [Y 99.9900 dB    U 99.9900 dB    V 99.9900 dB] [ET     4 ] [L0 ] [L1 ]
POC  476 TId: 0 ( I-SLICE, QP 26 )    2172952 bits [Y 99.9900 dB    U 99.9900 dB    V 99.9900 dB] [ET     4 ] [L0 ] [L1 ]
POC  477 TId: 0 ( I-SLICE, QP 26 )    2174576 bits [Y 99.9900 dB    U 99.9900 dB    V 99.9900 dB] [ET     4 ] [L0 ] [L1 ]
POC  478 TId: 0 ( I-SLICE, QP 26 )    2176664 bits [Y 99.9900 dB    U 99.9900 dB    V 99.9900 dB] [ET     4 ] [L0 ] [L1 ]
POC  479 TId: 0 ( I-SLICE, QP 26 )    2179832 bits [Y 99.9900 dB    U 99.9900 dB    V 99.9900 dB] [ET     4 ] [L0 ] [L1 ]
POC  480 TId: 0 ( I-SLICE, QP 26 )    2181576 bits [Y 99.9900 dB    U 99.9900 dB    V 99.9900 dB] [ET     4 ] [L0 ] [L1 ]
POC  481 TId: 0 ( I-SLICE, QP 26 )    2179856 bits [Y 99.9900 dB    U 99.9900 dB    V 99.9900 dB] [ET     4 ] [L0 ] [L1 ]
POC  482 TId: 0 ( I-SLICE, QP 26 )    2179584 bits [Y 99.9900 dB    U 99.9900 dB    V 99.9900 dB] [ET     4 ] [L0 ] [L1 ]
POC  483 TId: 0 ( I-SLICE, QP 26 )    2182416 bits [Y 99.9900 dB    U 99.9900 dB    V 99.9900 dB] [ET     4 ] [L0 ] [L1 ]
POC  484 TId: 0 ( I-SLICE, QP 26 )    2185528 bits [Y 99.9900 dB    U 99.9900 dB    V 99.9900 dB] [ET     4 ] [L0 ] [L1 ]
POC  485 TId: 0 ( I-SLICE, QP 26 )    2189136 bits [Y 99.9900 dB    U 99.9900 dB    V 99.9900 dB] [ET     4 ] [L0 ] [L1 ]
POC  486 TId: 0 ( I-SLICE, QP 26 )    2193064 bits [Y 99.9900 dB    U 99.9900 dB    V 99.9900 dB] [ET     4 ] [L0 ] [L1 ]
POC  487 TId: 0 ( I-SLICE, QP 26 )    2199968 bits [Y 99.9900 dB    U 99.9900 dB    V 99.9900 dB] [ET     4 ] [L0 ] [L1 ]
POC  488 TId: 0 ( I-SLICE, QP 26 )    2205176 bits [Y 99.9900 dB    U 99.9900 dB    V 99.9900 dB] [ET     4 ] [L0 ] [L1 ]
POC  489 TId: 0 ( I-SLICE, QP 26 )    2202632 bits [Y 99.9900 dB    U 99.9900 dB    V 99.9900 dB] [ET     4 ] [L0 ] [L1 ]
POC  490 TId: 0 ( I-SLICE, QP 26 )    2202824 bits [Y 99.9900 dB    U 99.9900 dB    V 99.9900 dB] [ET     4 ] [L0 ] [L1 ]
POC  491 TId: 0 ( I-SLICE, QP 26 )    2204040 bits [Y 99.9900 dB    U 99.9900 dB    V 99.9900 dB] [ET     4 ] [L0 ] [L1 ]
POC  492 TId: 0 ( I-SLICE, QP 26 )    2211536 bits [Y 99.9900 dB    U 99.9900 dB    V 99.9900 dB] [ET     4 ] [L0 ] [L1 ]
POC  493 TId: 0 ( I-SLICE, QP 26 )    2214400 bits [Y 99.9900 dB    U 99.9900 dB    V 99.9900 dB] [ET     4 ] [L0 ] [L1 ]
POC  494 TId: 0 ( I-SLICE, QP 26 )    2214408 bits [Y 99.9900 dB    U 99.9900 dB    V 99.9900 dB] [ET     4 ] [L0 ] [L1 ]
POC  495 TId: 0 ( I-SLICE, QP 26 )    2215648 bits [Y 99.9900 dB    U 99.9900 dB    V 99.9900 dB] [ET     4 ] [L0 ] [L1 ]
POC  496 TId: 0 ( I-SLICE, QP 26 )    2213976 bits [Y 99.9900 dB    U 99.9900 dB    V 99.9900 dB] [ET     4 ] [L0 ] [L1 ]
POC  497 TId: 0 ( I-SLICE, QP 26 )    2213840 bits [Y 99.9900 dB    U 99.9900 dB    V 99.9900 dB] [ET     5 ] [L0 ] [L1 ]
POC  498 TId: 0 ( I-SLICE, QP 26 )    2216016 bits [Y 99.9900 dB    U 99.9900 dB    V 99.9900 dB] [ET     4 ] [L0 ] [L1 ]
POC  499 TId: 0 ( I-SLICE, QP 26 )    2219320 bits [Y 99.9900 dB    U 99.9900 dB    V 99.9900 dB] [ET     4 ] [L0 ] [L1 ]
POC  500 TId: 0 ( I-SLICE, QP 26 )    2221416 bits [Y 99.9900 dB    U 99.9900 dB    V 99.9900 dB] [ET     4 ] [L0 ] [L1 ]
POC  501 TId: 0 ( I-SLICE, QP 26 )    2222664 bits [Y 99.9900 dB    U 99.9900 dB    V 99.9900 dB] [ET     4 ] [L0 ] [L1 ]
POC  502 TId: 0 ( I-SLICE, QP 26 )    2219736 bits [Y 99.9900 dB    U 99.9900 dB    V 99.9900 dB] [ET     4 ] [L0 ] [L1 ]
POC  503 TId: 0 ( I-SLICE, QP 26 )    2218744 bits [Y 99.9900 dB    U 99.9900 dB    V 99.9900 dB] [ET     4 ] [L0 ] [L1 ]
POC  504 TId: 0 ( I-SLICE, QP 26 )    2221920 bits [Y 99.9900 dB    U 99.9900 dB    V 99.9900 dB] [ET     4 ] [L0 ] [L1 ]
POC  505 TId: 0 ( I-SLICE, QP 26 )    2222416 bits [Y 99.9900 dB    U 99.9900 dB    V 99.9900 dB] [ET     4 ] [L0 ] [L1 ]
POC  506 TId: 0 ( I-SLICE, QP 26 )    2220608 bits [Y 99.9900 dB    U 99.9900 dB    V 99.9900 dB] [ET     4 ] [L0 ] [L1 ]
POC  507 TId: 0 ( I-SLICE, QP 26 )    2224752 bits [Y 99.9900 dB    U 99.9900 dB    V 99.9900 dB] [ET     4 ] [L0 ] [L1 ]
POC  508 TId: 0 ( I-SLICE, QP 26 )    2226368 bits [Y 99.9900 dB    U 99.9900 dB    V 99.9900 dB] [ET     4 ] [L0 ] [L1 ]
POC  509 TId: 0 ( I-SLICE, QP 26 )    2225936 bits [Y 99.9900 dB    U 99.9900 dB    V 99.9900 dB] [ET     4 ] [L0 ] [L1 ]
POC  510 TId: 0 ( I-SLICE, QP 26 )    2226232 bits [Y 99.9900 dB    U 99.9900 dB    V 99.9900 dB] [ET     4 ] [L0 ] [L1 ]
POC  511 TId: 0 ( I-SLICE, QP 26 )    2227368 bits [Y 99.9900 dB    U 99.9900 dB    V 99.9900 dB] [ET     4 ] [L0 ] [L1 ]
POC  512 TId: 0 ( I-SLICE, QP 26 )    2230872 bits [Y 99.9900 dB    U 99.9900 dB    V 99.9900 dB] [ET     4 ] [L0 ] [L1 ]
POC  513 TId: 0 ( I-SLICE, QP 26 )    2230096 bits [Y 99.9900 dB    U 99.9900 dB    V 99.9900 dB] [ET     4 ] [L0 ] [L1 ]
POC  514 TId: 0 ( I-SLICE, QP 26 )    2236680 bits [Y 99.9900 dB    U 99.9900 dB    V 99.9900 dB] [ET     4 ] [L0 ] [L1 ]
POC  515 TId: 0 ( I-SLICE, QP 26 )    2234024 bits [Y 99.9900 dB    U 99.9900 dB    V 99.9900 dB] [ET     4 ] [L0 ] [L1 ]
POC  516 TId: 0 ( I-SLICE, QP 26 )    2238728 bits [Y 99.9900 dB    U 99.9900 dB    V 99.9900 dB] [ET     4 ] [L0 ] [L1 ]
POC  517 TId: 0 ( I-SLICE, QP 26 )    2245808 bits [Y 99.9900 dB    U 99.9900 dB    V 99.9900 dB] [ET     4 ] [L0 ] [L1 ]
POC  518 TId: 0 ( I-SLICE, QP 26 )    2253504 bits [Y 99.9900 dB    U 99.9900 dB    V 99.9900 dB] [ET     4 ] [L0 ] [L1 ]
POC  519 TId: 0 ( I-SLICE, QP 26 )    2263832 bits [Y 99.9900 dB    U 99.9900 dB    V 99.9900 dB] [ET     4 ] [L0 ] [L1 ]
POC  520 TId: 0 ( I-SLICE, QP 26 )    2278296 bits [Y 99.9900 dB    U 99.9900 dB    V 99.9900 dB] [ET     4 ] [L0 ] [L1 ]
POC  521 TId: 0 ( I-SLICE, QP 26 )    2291824 bits [Y 99.9900 dB    U 99.9900 dB    V 99.9900 dB] [ET     4 ] [L0 ] [L1 ]
POC  522 TId: 0 ( I-SLICE, QP 26 )    2302368 bits [Y 99.9900 dB    U 99.9900 dB    V 99.9900 dB] [ET     4 ] [L0 ] [L1 ]
POC  523 TId: 0 ( I-SLICE, QP 26 )    2315424 bits [Y 99.9900 dB    U 99.9900 dB    V 99.9900 dB] [ET     4 ] [L0 ] [L1 ]
POC  524 TId: 0 ( I-SLICE, QP 26 )    2330848 bits [Y 99.9900 dB    U 99.9900 dB    V 99.9900 dB] [ET     4 ] [L0 ] [L1 ]
POC  525 TId: 0 ( I-SLICE, QP 26 )    2341024 bits [Y 99.9900 dB    U 99.9900 dB    V 99.9900 dB] [ET     4 ] [L0 ] [L1 ]
POC  526 TId: 0 ( I-SLICE, QP 26 )    2354992 bits [Y 99.9900 dB    U 99.9900 dB    V 99.9900 dB] [ET     4 ] [L0 ] [L1 ]
POC  527 TId: 0 ( I-SLICE, QP 26 )    2366752 bits [Y 99.9900 dB    U 99.9900 dB    V 99.9900 dB] [ET     5 ] [L0 ] [L1 ]
POC  528 TId: 0 ( I-SLICE, QP 26 )    2378208 bits [Y 99.9900 dB    U 99.9900 dB    V 99.9900 dB] [ET     4 ] [L0 ] [L1 ]
POC  529 TId: 0 ( I-SLICE, QP 26 )    2387104 bits [Y 99.9900 dB    U 99.9900 dB    V 99.9900 dB] [ET     4 ] [L0 ] [L1 ]
POC  530 TId: 0 ( I-SLICE, QP 26 )    2392632 bits [Y 99.9900 dB    U 99.9900 dB    V 99.9900 dB] [ET     4 ] [L0 ] [L1 ]
POC  531 TId: 0 ( I-SLICE, QP 26 )    2395752 bits [Y 99.9900 dB    U 99.9900 dB    V 99.9900 dB] [ET     4 ] [L0 ] [L1 ]
POC  532 TId: 0 ( I-SLICE, QP 26 )    2397912 bits [Y 99.9900 dB    U 99.9900 dB    V 99.9900 dB] [ET     5 ] [L0 ] [L1 ]
POC  533 TId: 0 ( I-SLICE, QP 26 )    2401920 bits [Y 99.9900 dB    U 99.9900 dB    V 99.9900 dB] [ET     4 ] [L0 ] [L1 ]
POC  534 TId: 0 ( I-SLICE, QP 26 )    2411976 bits [Y 99.9900 dB    U 99.9900 dB    V 99.9900 dB] [ET     4 ] [L0 ] [L1 ]
POC  535 TId: 0 ( I-SLICE, QP 26 )    2423000 bits [Y 99.9900 dB    U 99.9900 dB    V 99.9900 dB] [ET     4 ] [L0 ] [L1 ]
POC  536 TId: 0 ( I-SLICE, QP 26 )    2431496 bits [Y 99.9900 dB    U 99.9900 dB    V 99.9900 dB] [ET     5 ] [L0 ] [L1 ]
POC  537 TId: 0 ( I-SLICE, QP 26 )    2439832 bits [Y 99.9900 dB    U 99.9900 dB    V 99.9900 dB] [ET     4 ] [L0 ] [L1 ]
POC  538 TId: 0 ( I-SLICE, QP 26 )    2444984 bits [Y 99.9900 dB    U 99.9900 dB    V 99.9900 dB] [ET     4 ] [L0 ] [L1 ]
POC  539 TId: 0 ( I-SLICE, QP 26 )    2444368 bits [Y 99.9900 dB    U 99.9900 dB    V 99.9900 dB] [ET     4 ] [L0 ] [L1 ]
POC  540 TId: 0 ( I-SLICE, QP 26 )    2446240 bits [Y 99.9900 dB    U 99.9900 dB    V 99.9900 dB] [ET     4 ] [L0 ] [L1 ]
POC  541 TId: 0 ( I-SLICE, QP 26 )    2449576 bits [Y 99.9900 dB    U 99.9900 dB    V 99.9900 dB] [ET     4 ] [L0 ] [L1 ]
POC  542 TId: 0 ( I-SLICE, QP 26 )    2446888 bits [Y 99.9900 dB    U 99.9900 dB    V 99.9900 dB] [ET     4 ] [L0 ] [L1 ]
POC  543 TId: 0 ( I-SLICE, QP 26 )    2441792 bits [Y 99.9900 dB    U 99.9900 dB    V 99.9900 dB] [ET     4 ] [L0 ] [L1 ]
POC  544 TId: 0 ( I-SLICE, QP 26 )    2436392 bits [Y 99.9900 dB    U 99.9900 dB    V 99.9900 dB] [ET     4 ] [L0 ] [L1 ]
POC  545 TId: 0 ( I-SLICE, QP 26 )    2440984 bits [Y 99.9900 dB    U 99.9900 dB    V 99.9900 dB] [ET     4 ] [L0 ] [L1 ]
POC  546 TId: 0 ( I-SLICE, QP 26 )    2439648 bits [Y 99.9900 dB    U 99.9900 dB    V 99.9900 dB] [ET     4 ] [L0 ] [L1 ]
POC  547 TId: 0 ( I-SLICE, QP 26 )    2439480 bits [Y 99.9900 dB    U 99.9900 dB    V 99.9900 dB] [ET     4 ] [L0 ] [L1 ]
POC  548 TId: 0 ( I-SLICE, QP 26 )    2439936 bits [Y 99.9900 dB    U 99.9900 dB    V 99.9900 dB] [ET     4 ] [L0 ] [L1 ]
POC  549 TId: 0 ( I-SLICE, QP 26 )    2440832 bits [Y 99.9900 dB    U 99.9900 dB    V 99.9900 dB] [ET     4 ] [L0 ] [L1 ]
POC  550 TId: 0 ( I-SLICE, QP 26 )    2443128 bits [Y 99.9900 dB    U 99.9900 dB    V 99.9900 dB] [ET     4 ] [L0 ] [L1 ]
POC  551 TId: 0 ( I-SLICE, QP 26 )    2441944 bits [Y 99.9900 dB    U 99.9900 dB    V 99.9900 dB] [ET     4 ] [L0 ] [L1 ]
POC  552 TId: 0 ( I-SLICE, QP 26 )    2444600 bits [Y 99.9900 dB    U 99.9900 dB    V 99.9900 dB] [ET     5 ] [L0 ] [L1 ]
POC  553 TId: 0 ( I-SLICE, QP 26 )    2445968 bits [Y 99.9900 dB    U 99.9900 dB    V 99.9900 dB] [ET     4 ] [L0 ] [L1 ]
POC  554 TId: 0 ( I-SLICE, QP 26 )    2448384 bits [Y 99.9900 dB    U 99.9900 dB    V 99.9900 dB] [ET     4 ] [L0 ] [L1 ]
POC  555 TId: 0 ( I-SLICE, QP 26 )    2450960 bits [Y 99.9900 dB    U 99.9900 dB    V 99.9900 dB] [ET     4 ] [L0 ] [L1 ]
POC  556 TId: 0 ( I-SLICE, QP 26 )    2448784 bits [Y 99.9900 dB    U 99.9900 dB    V 99.9900 dB] [ET     4 ] [L0 ] [L1 ]
POC  557 TId: 0 ( I-SLICE, QP 26 )    2450552 bits [Y 99.9900 dB    U 99.9900 dB    V 99.9900 dB] [ET     4 ] [L0 ] [L1 ]
POC  558 TId: 0 ( I-SLICE, QP 26 )    2449704 bits [Y 99.9900 dB    U 99.9900 dB    V 99.9900 dB] [ET     5 ] [L0 ] [L1 ]
POC  559 TId: 0 ( I-SLICE, QP 26 )    2451080 bits [Y 99.9900 dB    U 99.9900 dB    V 99.9900 dB] [ET     4 ] [L0 ] [L1 ]
POC  560 TId: 0 ( I-SLICE, QP 26 )    2452136 bits [Y 99.9900 dB    U 99.9900 dB    V 99.9900 dB] [ET     4 ] [L0 ] [L1 ]
POC  561 TId: 0 ( I-SLICE, QP 26 )    2451968 bits [Y 99.9900 dB    U 99.9900 dB    V 99.9900 dB] [ET     4 ] [L0 ] [L1 ]
POC  562 TId: 0 ( I-SLICE, QP 26 )    2453856 bits [Y 99.9900 dB    U 99.9900 dB    V 99.9900 dB] [ET     4 ] [L0 ] [L1 ]
POC  563 TId: 0 ( I-SLICE, QP 26 )    2453328 bits [Y 99.9900 dB    U 99.9900 dB    V 99.9900 dB] [ET     5 ] [L0 ] [L1 ]
POC  564 TId: 0 ( I-SLICE, QP 26 )    2454640 bits [Y 99.9900 dB    U 99.9900 dB    V 99.9900 dB] [ET     4 ] [L0 ] [L1 ]
POC  565 TId: 0 ( I-SLICE, QP 26 )    2455688 bits [Y 99.9900 dB    U 99.9900 dB    V 99.9900 dB] [ET     4 ] [L0 ] [L1 ]
POC  566 TId: 0 ( I-SLICE, QP 26 )    2454008 bits [Y 99.9900 dB    U 99.9900 dB    V 99.9900 dB] [ET     4 ] [L0 ] [L1 ]
POC  567 TId: 0 ( I-SLICE, QP 26 )    2460360 bits [Y 99.9900 dB    U 99.9900 dB    V 99.9900 dB] [ET     4 ] [L0 ] [L1 ]
POC  568 TId: 0 ( I-SLICE, QP 26 )    2463368 bits [Y 99.9900 dB    U 99.9900 dB    V 99.9900 dB] [ET     4 ] [L0 ] [L1 ]
POC  569 TId: 0 ( I-SLICE, QP 26 )    2458896 bits [Y 99.9900 dB    U 99.9900 dB    V 99.9900 dB] [ET     4 ] [L0 ] [L1 ]
POC  570 TId: 0 ( I-SLICE, QP 26 )    2457400 bits [Y 99.9900 dB    U 99.9900 dB    V 99.9900 dB] [ET     4 ] [L0 ] [L1 ]
POC  571 TId: 0 ( I-SLICE, QP 26 )    2458296 bits [Y 99.9900 dB    U 99.9900 dB    V 99.9900 dB] [ET     4 ] [L0 ] [L1 ]
POC  572 TId: 0 ( I-SLICE, QP 26 )    2459200 bits [Y 99.9900 dB    U 99.9900 dB    V 99.9900 dB] [ET     4 ] [L0 ] [L1 ]
POC  573 TId: 0 ( I-SLICE, QP 26 )    2459240 bits [Y 99.9900 dB    U 99.9900 dB    V 99.9900 dB] [ET     4 ] [L0 ] [L1 ]
POC  574 TId: 0 ( I-SLICE, QP 26 )    2457216 bits [Y 99.9900 dB    U 99.9900 dB    V 99.9900 dB] [ET     4 ] [L0 ] [L1 ]
POC  575 TId: 0 ( I-SLICE, QP 26 )    2454120 bits [Y 99.9900 dB    U 99.9900 dB    V 99.9900 dB] [ET     4 ] [L0 ] [L1 ]
POC  576 TId: 0 ( I-SLICE, QP 26 )    2450528 bits [Y 99.9900 dB    U 99.9900 dB    V 99.9900 dB] [ET     4 ] [L0 ] [L1 ]
POC  577 TId: 0 ( I-SLICE, QP 26 )    2452744 bits [Y 99.9900 dB    U 99.9900 dB    V 99.9900 dB] [ET     4 ] [L0 ] [L1 ]
POC  578 TId: 0 ( I-SLICE, QP 26 )    2454736 bits [Y 99.9900 dB    U 99.9900 dB    V 99.9900 dB] [ET     4 ] [L0 ] [L1 ]
POC  579 TId: 0 ( I-SLICE, QP 26 )    2451136 bits [Y 99.9900 dB    U 99.9900 dB    V 99.9900 dB] [ET     4 ] [L0 ] [L1 ]
POC  580 TId: 0 ( I-SLICE, QP 26 )    2454968 bits [Y 99.9900 dB    U 99.9900 dB    V 99.9900 dB] [ET     4 ] [L0 ] [L1 ]
POC  581 TId: 0 ( I-SLICE, QP 26 )    2456184 bits [Y 99.9900 dB    U 99.9900 dB    V 99.9900 dB] [ET     4 ] [L0 ] [L1 ]
POC  582 TId: 0 ( I-SLICE, QP 26 )    2452520 bits [Y 99.9900 dB    U 99.9900 dB    V 99.9900 dB] [ET     4 ] [L0 ] [L1 ]
POC  583 TId: 0 ( I-SLICE, QP 26 )    2448136 bits [Y 99.9900 dB    U 99.9900 dB    V 99.9900 dB] [ET     5 ] [L0 ] [L1 ]
POC  584 TId: 0 ( I-SLICE, QP 26 )    2440504 bits [Y 99.9900 dB    U 99.9900 dB    V 99.9900 dB] [ET     4 ] [L0 ] [L1 ]
POC  585 TId: 0 ( I-SLICE, QP 26 )    2441408 bits [Y 99.9900 dB    U 99.9900 dB    V 99.9900 dB] [ET     4 ] [L0 ] [L1 ]
POC  586 TId: 0 ( I-SLICE, QP 26 )    2442424 bits [Y 99.9900 dB    U 99.9900 dB    V 99.9900 dB] [ET     4 ] [L0 ] [L1 ]
POC  587 TId: 0 ( I-SLICE, QP 26 )    2434168 bits [Y 99.9900 dB    U 99.9900 dB    V 99.9900 dB] [ET     4 ] [L0 ] [L1 ]
POC  588 TId: 0 ( I-SLICE, QP 26 )    2432592 bits [Y 99.9900 dB    U 99.9900 dB    V 99.9900 dB] [ET     4 ] [L0 ] [L1 ]
POC  589 TId: 0 ( I-SLICE, QP 26 )    2430440 bits [Y 99.9900 dB    U 99.9900 dB    V 99.9900 dB] [ET     4 ] [L0 ] [L1 ]
POC  590 TId: 0 ( I-SLICE, QP 26 )    2428728 bits [Y 99.9900 dB    U 99.9900 dB    V 99.9900 dB] [ET     4 ] [L0 ] [L1 ]
POC  591 TId: 0 ( I-SLICE, QP 26 )    2430192 bits [Y 99.9900 dB    U 99.9900 dB    V 99.9900 dB] [ET     4 ] [L0 ] [L1 ]
POC  592 TId: 0 ( I-SLICE, QP 26 )    2426568 bits [Y 99.9900 dB    U 99.9900 dB    V 99.9900 dB] [ET     4 ] [L0 ] [L1 ]
POC  593 TId: 0 ( I-SLICE, QP 26 )    2420088 bits [Y 99.9900 dB    U 99.9900 dB    V 99.9900 dB] [ET     5 ] [L0 ] [L1 ]
POC  594 TId: 0 ( I-SLICE, QP 26 )    2417720 bits [Y 99.9900 dB    U 99.9900 dB    V 99.9900 dB] [ET     4 ] [L0 ] [L1 ]
POC  595 TId: 0 ( I-SLICE, QP 26 )    2417672 bits [Y 99.9900 dB    U 99.9900 dB    V 99.9900 dB] [ET     4 ] [L0 ] [L1 ]
POC  596 TId: 0 ( I-SLICE, QP 26 )    2417128 bits [Y 99.9900 dB    U 99.9900 dB    V 99.9900 dB] [ET     5 ] [L0 ] [L1 ]
POC  597 TId: 0 ( I-SLICE, QP 26 )    2414752 bits [Y 99.9900 dB    U 99.9900 dB    V 99.9900 dB] [ET     4 ] [L0 ] [L1 ]
POC  598 TId: 0 ( I-SLICE, QP 26 )    2413216 bits [Y 99.9900 dB    U 99.9900 dB    V 99.9900 dB] [ET     4 ] [L0 ] [L1 ]
POC  599 TId: 0 ( I-SLICE, QP 26 )    2412520 bits [Y 99.9900 dB    U 99.9900 dB    V 99.9900 dB] [ET     4 ] [L0 ] [L1 ]


SUMMARY --------------------------------------------------------
	Total Frames |  Bitrate    Y-PSNR    U-PSNR    V-PSNR 
	      600    a 139812.5760   99.9900   99.9900   99.9900


I Slices--------------------------------------------------------
	Total Frames |  Bitrate    Y-PSNR    U-PSNR    V-PSNR 
	      600    i 139812.5760   99.9900   99.9900   99.9900


P Slices--------------------------------------------------------
	Total Frames |  Bitrate    Y-PSNR    U-PSNR    V-PSNR 
	        0    p        -nan      -nan      -nan      -nan


B Slices--------------------------------------------------------
	Total Frames |  Bitrate    Y-PSNR    U-PSNR    V-PSNR 
	        0    b        -nan      -nan      -nan      -nan

RVM: 0.000
Bytes written to file: 174768131 (139814.505 kbps)

 Total Time:     2638.875 sec.
