
HM software: Encoder Version [15.0][Linux][GCC 4.8.5][64 bit] 

Input          File          : ../../HEVC_test_sequence/ClassB/BQTerrace_1920x1080_60.yuv
Bitstream      File          : BQTerrace.bin
Reconstruction File          : BQTerrace.yuv
Real     Format              : 1920x1080 60Hz
Internal Format              : 1920x1080 60Hz
Frame/Field                  : Frame based coding
Frame index                  : 0 - 599 (600 frames)
CU size / depth              : 32 / 3
RQT trans. size (min / max)  : 4 / 32
Max RQT depth inter          : 3
Max RQT depth intra          : 1
Min PCM size                 : 8
Motion search range          : 64
Intra period                 : 1
Decoding refresh type        : 0
QP                           : 26.00
Max dQP signaling depth      : 0
Cb QP Offset                 : 0
Cr QP Offset                 : 0
QP adaptation                : 0 (range=0)
GOP size                     : 1
Internal bit depth           : (Y:8, C:8)
PCM sample bit depth         : (Y:8, C:8)
RateControl                  : 0
Max Num Merge Candidates     : 5

TOOL CFG: IBD:0 HAD:0 RDQ:0 RDQTS:0 RDpenalty:0 SQP:0 ASR:0 FEN:0 ECU:0 FDM:0 CFM:0 ESD:0 RQT:1 TransformSkip:0 TransformSkipFast:0 Slice: M=0 SliceSegment: M=0 CIP:0 SAO:0 PCM:0 TransQuantBypassEnabled: =1 WPP:0 WPB:0 PME:2  WaveFrontSynchro:0 WaveFrontSubstreams:1 ScalingList:0 TMVPMode:1  SignBitHidingFlag:1 RecalQP:0

POC    0 TId: 0 ( I-SLICE, QP 26 )   12817176 bits [Y 99.9900 dB    U 99.9900 dB    V 99.9900 dB] [ET    20 ] [L0 ] [L1 ]
POC    1 TId: 0 ( I-SLICE, QP 26 )   12805384 bits [Y 99.9900 dB    U 99.9900 dB    V 99.9900 dB] [ET    20 ] [L0 ] [L1 ]
POC    2 TId: 0 ( I-SLICE, QP 26 )   12803280 bits [Y 99.9900 dB    U 99.9900 dB    V 99.9900 dB] [ET    21 ] [L0 ] [L1 ]
POC    3 TId: 0 ( I-SLICE, QP 26 )   12804688 bits [Y 99.9900 dB    U 99.9900 dB    V 99.9900 dB] [ET    20 ] [L0 ] [L1 ]
POC    4 TId: 0 ( I-SLICE, QP 26 )   12804440 bits [Y 99.9900 dB    U 99.9900 dB    V 99.9900 dB] [ET    20 ] [L0 ] [L1 ]
POC    5 TId: 0 ( I-SLICE, QP 26 )   12806040 bits [Y 99.9900 dB    U 99.9900 dB    V 99.9900 dB] [ET    20 ] [L0 ] [L1 ]
POC    6 TId: 0 ( I-SLICE, QP 26 )   12809736 bits [Y 99.9900 dB    U 99.9900 dB    V 99.9900 dB] [ET    20 ] [L0 ] [L1 ]
POC    7 TId: 0 ( I-SLICE, QP 26 )   12808616 bits [Y 99.9900 dB    U 99.9900 dB    V 99.9900 dB] [ET    20 ] [L0 ] [L1 ]
POC    8 TId: 0 ( I-SLICE, QP 26 )   12806752 bits [Y 99.9900 dB    U 99.9900 dB    V 99.9900 dB] [ET    20 ] [L0 ] [L1 ]
POC    9 TId: 0 ( I-SLICE, QP 26 )   12803736 bits [Y 99.9900 dB    U 99.9900 dB    V 99.9900 dB] [ET    20 ] [L0 ] [L1 ]
POC   10 TId: 0 ( I-SLICE, QP 26 )   12804136 bits [Y 99.9900 dB    U 99.9900 dB    V 99.9900 dB] [ET    20 ] [L0 ] [L1 ]
POC   11 TId: 0 ( I-SLICE, QP 26 )   12805576 bits [Y 99.9900 dB    U 99.9900 dB    V 99.9900 dB] [ET    20 ] [L0 ] [L1 ]
POC   12 TId: 0 ( I-SLICE, QP 26 )   12809464 bits [Y 99.9900 dB    U 99.9900 dB    V 99.9900 dB] [ET    20 ] [L0 ] [L1 ]
POC   13 TId: 0 ( I-SLICE, QP 26 )   12811288 bits [Y 99.9900 dB    U 99.9900 dB    V 99.9900 dB] [ET    20 ] [L0 ] [L1 ]
POC   14 TId: 0 ( I-SLICE, QP 26 )   12805488 bits [Y 99.9900 dB    U 99.9900 dB    V 99.9900 dB] [ET    20 ] [L0 ] [L1 ]
POC   15 TId: 0 ( I-SLICE, QP 26 )   12802592 bits [Y 99.9900 dB    U 99.9900 dB    V 99.9900 dB] [ET    20 ] [L0 ] [L1 ]
POC   16 TId: 0 ( I-SLICE, QP 26 )   12791192 bits [Y 99.9900 dB    U 99.9900 dB    V 99.9900 dB] [ET    21 ] [L0 ] [L1 ]
POC   17 TId: 0 ( I-SLICE, QP 26 )   12787048 bits [Y 99.9900 dB    U 99.9900 dB    V 99.9900 dB] [ET    20 ] [L0 ] [L1 ]
POC   18 TId: 0 ( I-SLICE, QP 26 )   12786488 bits [Y 99.9900 dB    U 99.9900 dB    V 99.9900 dB] [ET    20 ] [L0 ] [L1 ]
POC   19 TId: 0 ( I-SLICE, QP 26 )   12798096 bits [Y 99.9900 dB    U 99.9900 dB    V 99.9900 dB] [ET    20 ] [L0 ] [L1 ]
POC   20 TId: 0 ( I-SLICE, QP 26 )   12803296 bits [Y 99.9900 dB    U 99.9900 dB    V 99.9900 dB] [ET    20 ] [L0 ] [L1 ]
POC   21 TId: 0 ( I-SLICE, QP 26 )   12800504 bits [Y 99.9900 dB    U 99.9900 dB    V 99.9900 dB] [ET    21 ] [L0 ] [L1 ]
POC   22 TId: 0 ( I-SLICE, QP 26 )   12800392 bits [Y 99.9900 dB    U 99.9900 dB    V 99.9900 dB] [ET    20 ] [L0 ] [L1 ]
POC   23 TId: 0 ( I-SLICE, QP 26 )   12786264 bits [Y 99.9900 dB    U 99.9900 dB    V 99.9900 dB] [ET    21 ] [L0 ] [L1 ]
POC   24 TId: 0 ( I-SLICE, QP 26 )   12776264 bits [Y 99.9900 dB    U 99.9900 dB    V 99.9900 dB] [ET    20 ] [L0 ] [L1 ]
POC   25 TId: 0 ( I-SLICE, QP 26 )   12776232 bits [Y 99.9900 dB    U 99.9900 dB    V 99.9900 dB] [ET    20 ] [L0 ] [L1 ]
POC   26 TId: 0 ( I-SLICE, QP 26 )   12799416 bits [Y 99.9900 dB    U 99.9900 dB    V 99.9900 dB] [ET    20 ] [L0 ] [L1 ]
POC   27 TId: 0 ( I-SLICE, QP 26 )   12792384 bits [Y 99.9900 dB    U 99.9900 dB    V 99.9900 dB] [ET    20 ] [L0 ] [L1 ]
POC   28 TId: 0 ( I-SLICE, QP 26 )   12788096 bits [Y 99.9900 dB    U 99.9900 dB    V 99.9900 dB] [ET    20 ] [L0 ] [L1 ]
POC   29 TId: 0 ( I-SLICE, QP 26 )   12781840 bits [Y 99.9900 dB    U 99.9900 dB    V 99.9900 dB] [ET    20 ] [L0 ] [L1 ]
POC   30 TId: 0 ( I-SLICE, QP 26 )   12778504 bits [Y 99.9900 dB    U 99.9900 dB    V 99.9900 dB] [ET    20 ] [L0 ] [L1 ]
POC   31 TId: 0 ( I-SLICE, QP 26 )   12766688 bits [Y 99.9900 dB    U 99.9900 dB    V 99.9900 dB] [ET    20 ] [L0 ] [L1 ]
POC   32 TId: 0 ( I-SLICE, QP 26 )   12793128 bits [Y 99.9900 dB    U 99.9900 dB    V 99.9900 dB] [ET    20 ] [L0 ] [L1 ]
POC   33 TId: 0 ( I-SLICE, QP 26 )   12792504 bits [Y 99.9900 dB    U 99.9900 dB    V 99.9900 dB] [ET    20 ] [L0 ] [L1 ]
POC   34 TId: 0 ( I-SLICE, QP 26 )   12790136 bits [Y 99.9900 dB    U 99.9900 dB    V 99.9900 dB] [ET    20 ] [L0 ] [L1 ]
POC   35 TId: 0 ( I-SLICE, QP 26 )   12766032 bits [Y 99.9900 dB    U 99.9900 dB    V 99.9900 dB] [ET    20 ] [L0 ] [L1 ]
POC   36 TId: 0 ( I-SLICE, QP 26 )   12759296 bits [Y 99.9900 dB    U 99.9900 dB    V 99.9900 dB] [ET    20 ] [L0 ] [L1 ]
POC   37 TId: 0 ( I-SLICE, QP 26 )   12751616 bits [Y 99.9900 dB    U 99.9900 dB    V 99.9900 dB] [ET    20 ] [L0 ] [L1 ]
POC   38 TId: 0 ( I-SLICE, QP 26 )   12753816 bits [Y 99.9900 dB    U 99.9900 dB    V 99.9900 dB] [ET    20 ] [L0 ] [L1 ]
POC   39 TId: 0 ( I-SLICE, QP 26 )   12761160 bits [Y 99.9900 dB    U 99.9900 dB    V 99.9900 dB] [ET    20 ] [L0 ] [L1 ]
POC   40 TId: 0 ( I-SLICE, QP 26 )   12769024 bits [Y 99.9900 dB    U 99.9900 dB    V 99.9900 dB] [ET    20 ] [L0 ] [L1 ]
POC   41 TId: 0 ( I-SLICE, QP 26 )   12766280 bits [Y 99.9900 dB    U 99.9900 dB    V 99.9900 dB] [ET    20 ] [L0 ] [L1 ]
POC   42 TId: 0 ( I-SLICE, QP 26 )   12751752 bits [Y 99.9900 dB    U 99.9900 dB    V 99.9900 dB] [ET    20 ] [L0 ] [L1 ]
POC   43 TId: 0 ( I-SLICE, QP 26 )   12731560 bits [Y 99.9900 dB    U 99.9900 dB    V 99.9900 dB] [ET    20 ] [L0 ] [L1 ]
POC   44 TId: 0 ( I-SLICE, QP 26 )   12762704 bits [Y 99.9900 dB    U 99.9900 dB    V 99.9900 dB] [ET    20 ] [L0 ] [L1 ]
POC   45 TId: 0 ( I-SLICE, QP 26 )   12780704 bits [Y 99.9900 dB    U 99.9900 dB    V 99.9900 dB] [ET    20 ] [L0 ] [L1 ]
POC   46 TId: 0 ( I-SLICE, QP 26 )   12798568 bits [Y 99.9900 dB    U 99.9900 dB    V 99.9900 dB] [ET    20 ] [L0 ] [L1 ]
POC   47 TId: 0 ( I-SLICE, QP 26 )   12786488 bits [Y 99.9900 dB    U 99.9900 dB    V 99.9900 dB] [ET    20 ] [L0 ] [L1 ]
POC   48 TId: 0 ( I-SLICE, QP 26 )   12759352 bits [Y 99.9900 dB    U 99.9900 dB    V 99.9900 dB] [ET    20 ] [L0 ] [L1 ]
POC   49 TId: 0 ( I-SLICE, QP 26 )   12738800 bits [Y 99.9900 dB    U 99.9900 dB    V 99.9900 dB] [ET    20 ] [L0 ] [L1 ]
POC   50 TId: 0 ( I-SLICE, QP 26 )   12736048 bits [Y 99.9900 dB    U 99.9900 dB    V 99.9900 dB] [ET    20 ] [L0 ] [L1 ]
POC   51 TId: 0 ( I-SLICE, QP 26 )   12748448 bits [Y 99.9900 dB    U 99.9900 dB    V 99.9900 dB] [ET    20 ] [L0 ] [L1 ]
POC   52 TId: 0 ( I-SLICE, QP 26 )   12747944 bits [Y 99.9900 dB    U 99.9900 dB    V 99.9900 dB] [ET    20 ] [L0 ] [L1 ]
POC   53 TId: 0 ( I-SLICE, QP 26 )   12739808 bits [Y 99.9900 dB    U 99.9900 dB    V 99.9900 dB] [ET    20 ] [L0 ] [L1 ]
POC   54 TId: 0 ( I-SLICE, QP 26 )   12713664 bits [Y 99.9900 dB    U 99.9900 dB    V 99.9900 dB] [ET    20 ] [L0 ] [L1 ]
POC   55 TId: 0 ( I-SLICE, QP 26 )   12689360 bits [Y 99.9900 dB    U 99.9900 dB    V 99.9900 dB] [ET    20 ] [L0 ] [L1 ]
POC   56 TId: 0 ( I-SLICE, QP 26 )   12669792 bits [Y 99.9900 dB    U 99.9900 dB    V 99.9900 dB] [ET    20 ] [L0 ] [L1 ]
POC   57 TId: 0 ( I-SLICE, QP 26 )   12674504 bits [Y 99.9900 dB    U 99.9900 dB    V 99.9900 dB] [ET    20 ] [L0 ] [L1 ]
POC   58 TId: 0 ( I-SLICE, QP 26 )   12721776 bits [Y 99.9900 dB    U 99.9900 dB    V 99.9900 dB] [ET    20 ] [L0 ] [L1 ]
POC   59 TId: 0 ( I-SLICE, QP 26 )   12738512 bits [Y 99.9900 dB    U 99.9900 dB    V 99.9900 dB] [ET    20 ] [L0 ] [L1 ]
POC   60 TId: 0 ( I-SLICE, QP 26 )   12716768 bits [Y 99.9900 dB    U 99.9900 dB    V 99.9900 dB] [ET    20 ] [L0 ] [L1 ]
POC   61 TId: 0 ( I-SLICE, QP 26 )   12683632 bits [Y 99.9900 dB    U 99.9900 dB    V 99.9900 dB] [ET    20 ] [L0 ] [L1 ]
POC   62 TId: 0 ( I-SLICE, QP 26 )   12680960 bits [Y 99.9900 dB    U 99.9900 dB    V 99.9900 dB] [ET    20 ] [L0 ] [L1 ]
POC   63 TId: 0 ( I-SLICE, QP 26 )   12700640 bits [Y 99.9900 dB    U 99.9900 dB    V 99.9900 dB] [ET    20 ] [L0 ] [L1 ]
POC   64 TId: 0 ( I-SLICE, QP 26 )   12716088 bits [Y 99.9900 dB    U 99.9900 dB    V 99.9900 dB] [ET    20 ] [L0 ] [L1 ]
POC   65 TId: 0 ( I-SLICE, QP 26 )   12715528 bits [Y 99.9900 dB    U 99.9900 dB    V 99.9900 dB] [ET    20 ] [L0 ] [L1 ]
POC   66 TId: 0 ( I-SLICE, QP 26 )   12708352 bits [Y 99.9900 dB    U 99.9900 dB    V 99.9900 dB] [ET    20 ] [L0 ] [L1 ]
POC   67 TId: 0 ( I-SLICE, QP 26 )   12700848 bits [Y 99.9900 dB    U 99.9900 dB    V 99.9900 dB] [ET    20 ] [L0 ] [L1 ]
POC   68 TId: 0 ( I-SLICE, QP 26 )   12692064 bits [Y 99.9900 dB    U 99.9900 dB    V 99.9900 dB] [ET    20 ] [L0 ] [L1 ]
POC   69 TId: 0 ( I-SLICE, QP 26 )   12688136 bits [Y 99.9900 dB    U 99.9900 dB    V 99.9900 dB] [ET    20 ] [L0 ] [L1 ]
POC   70 TId: 0 ( I-SLICE, QP 26 )   12683808 bits [Y 99.9900 dB    U 99.9900 dB    V 99.9900 dB] [ET    20 ] [L0 ] [L1 ]
POC   71 TId: 0 ( I-SLICE, QP 26 )   12695144 bits [Y 99.9900 dB    U 99.9900 dB    V 99.9900 dB] [ET    20 ] [L0 ] [L1 ]
POC   72 TId: 0 ( I-SLICE, QP 26 )   12694520 bits [Y 99.9900 dB    U 99.9900 dB    V 99.9900 dB] [ET    20 ] [L0 ] [L1 ]
POC   73 TId: 0 ( I-SLICE, QP 26 )   12680392 bits [Y 99.9900 dB    U 99.9900 dB    V 99.9900 dB] [ET    20 ] [L0 ] [L1 ]
POC   74 TId: 0 ( I-SLICE, QP 26 )   12671816 bits [Y 99.9900 dB    U 99.9900 dB    V 99.9900 dB] [ET    20 ] [L0 ] [L1 ]
POC   75 TId: 0 ( I-SLICE, QP 26 )   12680368 bits [Y 99.9900 dB    U 99.9900 dB    V 99.9900 dB] [ET    20 ] [L0 ] [L1 ]
POC   76 TId: 0 ( I-SLICE, QP 26 )   12705752 bits [Y 99.9900 dB    U 99.9900 dB    V 99.9900 dB] [ET    20 ] [L0 ] [L1 ]
POC   77 TId: 0 ( I-SLICE, QP 26 )   12689328 bits [Y 99.9900 dB    U 99.9900 dB    V 99.9900 dB] [ET    20 ] [L0 ] [L1 ]
POC   78 TId: 0 ( I-SLICE, QP 26 )   12642960 bits [Y 99.9900 dB    U 99.9900 dB    V 99.9900 dB] [ET    21 ] [L0 ] [L1 ]
POC   79 TId: 0 ( I-SLICE, QP 26 )   12655192 bits [Y 99.9900 dB    U 99.9900 dB    V 99.9900 dB] [ET    20 ] [L0 ] [L1 ]
POC   80 TId: 0 ( I-SLICE, QP 26 )   12676680 bits [Y 99.9900 dB    U 99.9900 dB    V 99.9900 dB] [ET    20 ] [L0 ] [L1 ]
POC   81 TId: 0 ( I-SLICE, QP 26 )   12684752 bits [Y 99.9900 dB    U 99.9900 dB    V 99.9900 dB] [ET    20 ] [L0 ] [L1 ]
POC   82 TId: 0 ( I-SLICE, QP 26 )   12672376 bits [Y 99.9900 dB    U 99.9900 dB    V 99.9900 dB] [ET    20 ] [L0 ] [L1 ]
POC   83 TId: 0 ( I-SLICE, QP 26 )   12645832 bits [Y 99.9900 dB    U 99.9900 dB    V 99.9900 dB] [ET    20 ] [L0 ] [L1 ]
POC   84 TId: 0 ( I-SLICE, QP 26 )   12623632 bits [Y 99.9900 dB    U 99.9900 dB    V 99.9900 dB] [ET    20 ] [L0 ] [L1 ]
POC   85 TId: 0 ( I-SLICE, QP 26 )   12632056 bits [Y 99.9900 dB    U 99.9900 dB    V 99.9900 dB] [ET    20 ] [L0 ] [L1 ]
POC   86 TId: 0 ( I-SLICE, QP 26 )   12644480 bits [Y 99.9900 dB    U 99.9900 dB    V 99.9900 dB] [ET    20 ] [L0 ] [L1 ]
POC   87 TId: 0 ( I-SLICE, QP 26 )   12649304 bits [Y 99.9900 dB    U 99.9900 dB    V 99.9900 dB] [ET    20 ] [L0 ] [L1 ]
POC   88 TId: 0 ( I-SLICE, QP 26 )   12649296 bits [Y 99.9900 dB    U 99.9900 dB    V 99.9900 dB] [ET    20 ] [L0 ] [L1 ]
POC   89 TId: 0 ( I-SLICE, QP 26 )   12612248 bits [Y 99.9900 dB    U 99.9900 dB    V 99.9900 dB] [ET    20 ] [L0 ] [L1 ]
POC   90 TId: 0 ( I-SLICE, QP 26 )   12585504 bits [Y 99.9900 dB    U 99.9900 dB    V 99.9900 dB] [ET    20 ] [L0 ] [L1 ]
POC   91 TId: 0 ( I-SLICE, QP 26 )   12590456 bits [Y 99.9900 dB    U 99.9900 dB    V 99.9900 dB] [ET    20 ] [L0 ] [L1 ]
POC   92 TId: 0 ( I-SLICE, QP 26 )   12620824 bits [Y 99.9900 dB    U 99.9900 dB    V 99.9900 dB] [ET    20 ] [L0 ] [L1 ]
POC   93 TId: 0 ( I-SLICE, QP 26 )   12623384 bits [Y 99.9900 dB    U 99.9900 dB    V 99.9900 dB] [ET    20 ] [L0 ] [L1 ]
POC   94 TId: 0 ( I-SLICE, QP 26 )   12593080 bits [Y 99.9900 dB    U 99.9900 dB    V 99.9900 dB] [ET    20 ] [L0 ] [L1 ]
POC   95 TId: 0 ( I-SLICE, QP 26 )   12560280 bits [Y 99.9900 dB    U 99.9900 dB    V 99.9900 dB] [ET    20 ] [L0 ] [L1 ]
POC   96 TId: 0 ( I-SLICE, QP 26 )   12552864 bits [Y 99.9900 dB    U 99.9900 dB    V 99.9900 dB] [ET    20 ] [L0 ] [L1 ]
POC   97 TId: 0 ( I-SLICE, QP 26 )   12569320 bits [Y 99.9900 dB    U 99.9900 dB    V 99.9900 dB] [ET    21 ] [L0 ] [L1 ]
POC   98 TId: 0 ( I-SLICE, QP 26 )   12588528 bits [Y 99.9900 dB    U 99.9900 dB    V 99.9900 dB] [ET    21 ] [L0 ] [L1 ]
POC   99 TId: 0 ( I-SLICE, QP 26 )   12604056 bits [Y 99.9900 dB    U 99.9900 dB    V 99.9900 dB] [ET    20 ] [L0 ] [L1 ]
POC  100 TId: 0 ( I-SLICE, QP 26 )   12605968 bits [Y 99.9900 dB    U 99.9900 dB    V 99.9900 dB] [ET    20 ] [L0 ] [L1 ]
POC  101 TId: 0 ( I-SLICE, QP 26 )   12614224 bits [Y 99.9900 dB    U 99.9900 dB    V 99.9900 dB] [ET    20 ] [L0 ] [L1 ]
POC  102 TId: 0 ( I-SLICE, QP 26 )   12588720 bits [Y 99.9900 dB    U 99.9900 dB    V 99.9900 dB] [ET    20 ] [L0 ] [L1 ]
POC  103 TId: 0 ( I-SLICE, QP 26 )   12569192 bits [Y 99.9900 dB    U 99.9900 dB    V 99.9900 dB] [ET    20 ] [L0 ] [L1 ]
POC  104 TId: 0 ( I-SLICE, QP 26 )   12602528 bits [Y 99.9900 dB    U 99.9900 dB    V 99.9900 dB] [ET    20 ] [L0 ] [L1 ]
POC  105 TId: 0 ( I-SLICE, QP 26 )   12670448 bits [Y 99.9900 dB    U 99.9900 dB    V 99.9900 dB] [ET    20 ] [L0 ] [L1 ]
POC  106 TId: 0 ( I-SLICE, QP 26 )   12695448 bits [Y 99.9900 dB    U 99.9900 dB    V 99.9900 dB] [ET    20 ] [L0 ] [L1 ]
POC  107 TId: 0 ( I-SLICE, QP 26 )   12686952 bits [Y 99.9900 dB    U 99.9900 dB    V 99.9900 dB] [ET    20 ] [L0 ] [L1 ]
POC  108 TId: 0 ( I-SLICE, QP 26 )   12668192 bits [Y 99.9900 dB    U 99.9900 dB    V 99.9900 dB] [ET    20 ] [L0 ] [L1 ]
POC  109 TId: 0 ( I-SLICE, QP 26 )   12639752 bits [Y 99.9900 dB    U 99.9900 dB    V 99.9900 dB] [ET    20 ] [L0 ] [L1 ]
POC  110 TId: 0 ( I-SLICE, QP 26 )   12648240 bits [Y 99.9900 dB    U 99.9900 dB    V 99.9900 dB] [ET    20 ] [L0 ] [L1 ]
POC  111 TId: 0 ( I-SLICE, QP 26 )   12644504 bits [Y 99.9900 dB    U 99.9900 dB    V 99.9900 dB] [ET    20 ] [L0 ] [L1 ]
POC  112 TId: 0 ( I-SLICE, QP 26 )   12649032 bits [Y 99.9900 dB    U 99.9900 dB    V 99.9900 dB] [ET    20 ] [L0 ] [L1 ]
POC  113 TId: 0 ( I-SLICE, QP 26 )   12644768 bits [Y 99.9900 dB    U 99.9900 dB    V 99.9900 dB] [ET    20 ] [L0 ] [L1 ]
POC  114 TId: 0 ( I-SLICE, QP 26 )   12673080 bits [Y 99.9900 dB    U 99.9900 dB    V 99.9900 dB] [ET    20 ] [L0 ] [L1 ]
POC  115 TId: 0 ( I-SLICE, QP 26 )   12651784 bits [Y 99.9900 dB    U 99.9900 dB    V 99.9900 dB] [ET    20 ] [L0 ] [L1 ]
POC  116 TId: 0 ( I-SLICE, QP 26 )   12631248 bits [Y 99.9900 dB    U 99.9900 dB    V 99.9900 dB] [ET    20 ] [L0 ] [L1 ]
POC  117 TId: 0 ( I-SLICE, QP 26 )   12615256 bits [Y 99.9900 dB    U 99.9900 dB    V 99.9900 dB] [ET    20 ] [L0 ] [L1 ]
POC  118 TId: 0 ( I-SLICE, QP 26 )   12590712 bits [Y 99.9900 dB    U 99.9900 dB    V 99.9900 dB] [ET    20 ] [L0 ] [L1 ]
POC  119 TId: 0 ( I-SLICE, QP 26 )   12571936 bits [Y 99.9900 dB    U 99.9900 dB    V 99.9900 dB] [ET    20 ] [L0 ] [L1 ]
POC  120 TId: 0 ( I-SLICE, QP 26 )   12581184 bits [Y 99.9900 dB    U 99.9900 dB    V 99.9900 dB] [ET    20 ] [L0 ] [L1 ]
POC  121 TId: 0 ( I-SLICE, QP 26 )   12583688 bits [Y 99.9900 dB    U 99.9900 dB    V 99.9900 dB] [ET    20 ] [L0 ] [L1 ]
POC  122 TId: 0 ( I-SLICE, QP 26 )   12593768 bits [Y 99.9900 dB    U 99.9900 dB    V 99.9900 dB] [ET    20 ] [L0 ] [L1 ]
POC  123 TId: 0 ( I-SLICE, QP 26 )   12602032 bits [Y 99.9900 dB    U 99.9900 dB    V 99.9900 dB] [ET    20 ] [L0 ] [L1 ]
POC  124 TId: 0 ( I-SLICE, QP 26 )   12588760 bits [Y 99.9900 dB    U 99.9900 dB    V 99.9900 dB] [ET    20 ] [L0 ] [L1 ]
POC  125 TId: 0 ( I-SLICE, QP 26 )   12566584 bits [Y 99.9900 dB    U 99.9900 dB    V 99.9900 dB] [ET    20 ] [L0 ] [L1 ]
POC  126 TId: 0 ( I-SLICE, QP 26 )   12555784 bits [Y 99.9900 dB    U 99.9900 dB    V 99.9900 dB] [ET    20 ] [L0 ] [L1 ]
POC  127 TId: 0 ( I-SLICE, QP 26 )   12576328 bits [Y 99.9900 dB    U 99.9900 dB    V 99.9900 dB] [ET    20 ] [L0 ] [L1 ]
POC  128 TId: 0 ( I-SLICE, QP 26 )   12622520 bits [Y 99.9900 dB    U 99.9900 dB    V 99.9900 dB] [ET    20 ] [L0 ] [L1 ]
POC  129 TId: 0 ( I-SLICE, QP 26 )   12657472 bits [Y 99.9900 dB    U 99.9900 dB    V 99.9900 dB] [ET    20 ] [L0 ] [L1 ]
POC  130 TId: 0 ( I-SLICE, QP 26 )   12638184 bits [Y 99.9900 dB    U 99.9900 dB    V 99.9900 dB] [ET    20 ] [L0 ] [L1 ]
POC  131 TId: 0 ( I-SLICE, QP 26 )   12599592 bits [Y 99.9900 dB    U 99.9900 dB    V 99.9900 dB] [ET    20 ] [L0 ] [L1 ]
POC  132 TId: 0 ( I-SLICE, QP 26 )   12606144 bits [Y 99.9900 dB    U 99.9900 dB    V 99.9900 dB] [ET    20 ] [L0 ] [L1 ]
POC  133 TId: 0 ( I-SLICE, QP 26 )   12612656 bits [Y 99.9900 dB    U 99.9900 dB    V 99.9900 dB] [ET    20 ] [L0 ] [L1 ]
POC  134 TId: 0 ( I-SLICE, QP 26 )   12617040 bits [Y 99.9900 dB    U 99.9900 dB    V 99.9900 dB] [ET    20 ] [L0 ] [L1 ]
POC  135 TId: 0 ( I-SLICE, QP 26 )   12624008 bits [Y 99.9900 dB    U 99.9900 dB    V 99.9900 dB] [ET    20 ] [L0 ] [L1 ]
POC  136 TId: 0 ( I-SLICE, QP 26 )   12602032 bits [Y 99.9900 dB    U 99.9900 dB    V 99.9900 dB] [ET    20 ] [L0 ] [L1 ]
POC  137 TId: 0 ( I-SLICE, QP 26 )   12574760 bits [Y 99.9900 dB    U 99.9900 dB    V 99.9900 dB] [ET    20 ] [L0 ] [L1 ]
POC  138 TId: 0 ( I-SLICE, QP 26 )   12577624 bits [Y 99.9900 dB    U 99.9900 dB    V 99.9900 dB] [ET    20 ] [L0 ] [L1 ]
POC  139 TId: 0 ( I-SLICE, QP 26 )   12562864 bits [Y 99.9900 dB    U 99.9900 dB    V 99.9900 dB] [ET    20 ] [L0 ] [L1 ]
POC  140 TId: 0 ( I-SLICE, QP 26 )   12574288 bits [Y 99.9900 dB    U 99.9900 dB    V 99.9900 dB] [ET    20 ] [L0 ] [L1 ]
POC  141 TId: 0 ( I-SLICE, QP 26 )   12548624 bits [Y 99.9900 dB    U 99.9900 dB    V 99.9900 dB] [ET    20 ] [L0 ] [L1 ]
POC  142 TId: 0 ( I-SLICE, QP 26 )   12547200 bits [Y 99.9900 dB    U 99.9900 dB    V 99.9900 dB] [ET    20 ] [L0 ] [L1 ]
POC  143 TId: 0 ( I-SLICE, QP 26 )   12536576 bits [Y 99.9900 dB    U 99.9900 dB    V 99.9900 dB] [ET    20 ] [L0 ] [L1 ]
POC  144 TId: 0 ( I-SLICE, QP 26 )   12502272 bits [Y 99.9900 dB    U 99.9900 dB    V 99.9900 dB] [ET    20 ] [L0 ] [L1 ]
POC  145 TId: 0 ( I-SLICE, QP 26 )   12498568 bits [Y 99.9900 dB    U 99.9900 dB    V 99.9900 dB] [ET    20 ] [L0 ] [L1 ]
POC  146 TId: 0 ( I-SLICE, QP 26 )   12514200 bits [Y 99.9900 dB    U 99.9900 dB    V 99.9900 dB] [ET    20 ] [L0 ] [L1 ]
POC  147 TId: 0 ( I-SLICE, QP 26 )   12539240 bits [Y 99.9900 dB    U 99.9900 dB    V 99.9900 dB] [ET    20 ] [L0 ] [L1 ]
POC  148 TId: 0 ( I-SLICE, QP 26 )   12541160 bits [Y 99.9900 dB    U 99.9900 dB    V 99.9900 dB] [ET    20 ] [L0 ] [L1 ]
POC  149 TId: 0 ( I-SLICE, QP 26 )   12548120 bits [Y 99.9900 dB    U 99.9900 dB    V 99.9900 dB] [ET    20 ] [L0 ] [L1 ]
POC  150 TId: 0 ( I-SLICE, QP 26 )   12535792 bits [Y 99.9900 dB    U 99.9900 dB    V 99.9900 dB] [ET    20 ] [L0 ] [L1 ]
POC  151 TId: 0 ( I-SLICE, QP 26 )   12523952 bits [Y 99.9900 dB    U 99.9900 dB    V 99.9900 dB] [ET    20 ] [L0 ] [L1 ]
POC  152 TId: 0 ( I-SLICE, QP 26 )   12524472 bits [Y 99.9900 dB    U 99.9900 dB    V 99.9900 dB] [ET    20 ] [L0 ] [L1 ]
POC  153 TId: 0 ( I-SLICE, QP 26 )   12544368 bits [Y 99.9900 dB    U 99.9900 dB    V 99.9900 dB] [ET    20 ] [L0 ] [L1 ]
POC  154 TId: 0 ( I-SLICE, QP 26 )   12561096 bits [Y 99.9900 dB    U 99.9900 dB    V 99.9900 dB] [ET    20 ] [L0 ] [L1 ]
POC  155 TId: 0 ( I-SLICE, QP 26 )   12542144 bits [Y 99.9900 dB    U 99.9900 dB    V 99.9900 dB] [ET    20 ] [L0 ] [L1 ]
POC  156 TId: 0 ( I-SLICE, QP 26 )   12512104 bits [Y 99.9900 dB    U 99.9900 dB    V 99.9900 dB] [ET    20 ] [L0 ] [L1 ]
POC  157 TId: 0 ( I-SLICE, QP 26 )   12505784 bits [Y 99.9900 dB    U 99.9900 dB    V 99.9900 dB] [ET    20 ] [L0 ] [L1 ]
POC  158 TId: 0 ( I-SLICE, QP 26 )   12510160 bits [Y 99.9900 dB    U 99.9900 dB    V 99.9900 dB] [ET    20 ] [L0 ] [L1 ]
POC  159 TId: 0 ( I-SLICE, QP 26 )   12526704 bits [Y 99.9900 dB    U 99.9900 dB    V 99.9900 dB] [ET    20 ] [L0 ] [L1 ]
POC  160 TId: 0 ( I-SLICE, QP 26 )   12524368 bits [Y 99.9900 dB    U 99.9900 dB    V 99.9900 dB] [ET    20 ] [L0 ] [L1 ]
POC  161 TId: 0 ( I-SLICE, QP 26 )   12511504 bits [Y 99.9900 dB    U 99.9900 dB    V 99.9900 dB] [ET    20 ] [L0 ] [L1 ]
POC  162 TId: 0 ( I-SLICE, QP 26 )   12480768 bits [Y 99.9900 dB    U 99.9900 dB    V 99.9900 dB] [ET    20 ] [L0 ] [L1 ]
POC  163 TId: 0 ( I-SLICE, QP 26 )   12476680 bits [Y 99.9900 dB    U 99.9900 dB    V 99.9900 dB] [ET    20 ] [L0 ] [L1 ]
POC  164 TId: 0 ( I-SLICE, QP 26 )   12480112 bits [Y 99.9900 dB    U 99.9900 dB    V 99.9900 dB] [ET    20 ] [L0 ] [L1 ]
POC  165 TId: 0 ( I-SLICE, QP 26 )   12452504 bits [Y 99.9900 dB    U 99.9900 dB    V 99.9900 dB] [ET    20 ] [L0 ] [L1 ]
POC  166 TId: 0 ( I-SLICE, QP 26 )   12432376 bits [Y 99.9900 dB    U 99.9900 dB    V 99.9900 dB] [ET    20 ] [L0 ] [L1 ]
POC  167 TId: 0 ( I-SLICE, QP 26 )   12427576 bits [Y 99.9900 dB    U 99.9900 dB    V 99.9900 dB] [ET    20 ] [L0 ] [L1 ]
POC  168 TId: 0 ( I-SLICE, QP 26 )   12449616 bits [Y 99.9900 dB    U 99.9900 dB    V 99.9900 dB] [ET    20 ] [L0 ] [L1 ]
POC  169 TId: 0 ( I-SLICE, QP 26 )   12439400 bits [Y 99.9900 dB    U 99.9900 dB    V 99.9900 dB] [ET    20 ] [L0 ] [L1 ]
POC  170 TId: 0 ( I-SLICE, QP 26 )   12423256 bits [Y 99.9900 dB    U 99.9900 dB    V 99.9900 dB] [ET    20 ] [L0 ] [L1 ]
POC  171 TId: 0 ( I-SLICE, QP 26 )   12404944 bits [Y 99.9900 dB    U 99.9900 dB    V 99.9900 dB] [ET    20 ] [L0 ] [L1 ]
POC  172 TId: 0 ( I-SLICE, QP 26 )   12401496 bits [Y 99.9900 dB    U 99.9900 dB    V 99.9900 dB] [ET    20 ] [L0 ] [L1 ]
POC  173 TId: 0 ( I-SLICE, QP 26 )   12382016 bits [Y 99.9900 dB    U 99.9900 dB    V 99.9900 dB] [ET    21 ] [L0 ] [L1 ]
POC  174 TId: 0 ( I-SLICE, QP 26 )   12371624 bits [Y 99.9900 dB    U 99.9900 dB    V 99.9900 dB] [ET    20 ] [L0 ] [L1 ]
POC  175 TId: 0 ( I-SLICE, QP 26 )   12387920 bits [Y 99.9900 dB    U 99.9900 dB    V 99.9900 dB] [ET    20 ] [L0 ] [L1 ]
POC  176 TId: 0 ( I-SLICE, QP 26 )   12382944 bits [Y 99.9900 dB    U 99.9900 dB    V 99.9900 dB] [ET    20 ] [L0 ] [L1 ]
POC  177 TId: 0 ( I-SLICE, QP 26 )   12377184 bits [Y 99.9900 dB    U 99.9900 dB    V 99.9900 dB] [ET    21 ] [L0 ] [L1 ]
POC  178 TId: 0 ( I-SLICE, QP 26 )   12346504 bits [Y 99.9900 dB    U 99.9900 dB    V 99.9900 dB] [ET    20 ] [L0 ] [L1 ]
POC  179 TId: 0 ( I-SLICE, QP 26 )   12343608 bits [Y 99.9900 dB    U 99.9900 dB    V 99.9900 dB] [ET    20 ] [L0 ] [L1 ]
POC  180 TId: 0 ( I-SLICE, QP 26 )   12341872 bits [Y 99.9900 dB    U 99.9900 dB    V 99.9900 dB] [ET    20 ] [L0 ] [L1 ]
POC  181 TId: 0 ( I-SLICE, QP 26 )   12348232 bits [Y 99.9900 dB    U 99.9900 dB    V 99.9900 dB] [ET    20 ] [L0 ] [L1 ]
POC  182 TId: 0 ( I-SLICE, QP 26 )   12345048 bits [Y 99.9900 dB    U 99.9900 dB    V 99.9900 dB] [ET    20 ] [L0 ] [L1 ]
POC  183 TId: 0 ( I-SLICE, QP 26 )   12340560 bits [Y 99.9900 dB    U 99.9900 dB    V 99.9900 dB] [ET    20 ] [L0 ] [L1 ]
POC  184 TId: 0 ( I-SLICE, QP 26 )   12327472 bits [Y 99.9900 dB    U 99.9900 dB    V 99.9900 dB] [ET    20 ] [L0 ] [L1 ]
POC  185 TId: 0 ( I-SLICE, QP 26 )   12324688 bits [Y 99.9900 dB    U 99.9900 dB    V 99.9900 dB] [ET    20 ] [L0 ] [L1 ]
POC  186 TId: 0 ( I-SLICE, QP 26 )   12316768 bits [Y 99.9900 dB    U 99.9900 dB    V 99.9900 dB] [ET    20 ] [L0 ] [L1 ]
POC  187 TId: 0 ( I-SLICE, QP 26 )   12324000 bits [Y 99.9900 dB    U 99.9900 dB    V 99.9900 dB] [ET    20 ] [L0 ] [L1 ]
POC  188 TId: 0 ( I-SLICE, QP 26 )   12333144 bits [Y 99.9900 dB    U 99.9900 dB    V 99.9900 dB] [ET    20 ] [L0 ] [L1 ]
POC  189 TId: 0 ( I-SLICE, QP 26 )   12334648 bits [Y 99.9900 dB    U 99.9900 dB    V 99.9900 dB] [ET    20 ] [L0 ] [L1 ]
POC  190 TId: 0 ( I-SLICE, QP 26 )   12314352 bits [Y 99.9900 dB    U 99.9900 dB    V 99.9900 dB] [ET    20 ] [L0 ] [L1 ]
POC  191 TId: 0 ( I-SLICE, QP 26 )   12313136 bits [Y 99.9900 dB    U 99.9900 dB    V 99.9900 dB] [ET    20 ] [L0 ] [L1 ]
POC  192 TId: 0 ( I-SLICE, QP 26 )   12301992 bits [Y 99.9900 dB    U 99.9900 dB    V 99.9900 dB] [ET    20 ] [L0 ] [L1 ]
POC  193 TId: 0 ( I-SLICE, QP 26 )   12301592 bits [Y 99.9900 dB    U 99.9900 dB    V 99.9900 dB] [ET    20 ] [L0 ] [L1 ]
POC  194 TId: 0 ( I-SLICE, QP 26 )   12297944 bits [Y 99.9900 dB    U 99.9900 dB    V 99.9900 dB] [ET    20 ] [L0 ] [L1 ]
POC  195 TId: 0 ( I-SLICE, QP 26 )   12274248 bits [Y 99.9900 dB    U 99.9900 dB    V 99.9900 dB] [ET    20 ] [L0 ] [L1 ]
POC  196 TId: 0 ( I-SLICE, QP 26 )   12260120 bits [Y 99.9900 dB    U 99.9900 dB    V 99.9900 dB] [ET    20 ] [L0 ] [L1 ]
POC  197 TId: 0 ( I-SLICE, QP 26 )   12266576 bits [Y 99.9900 dB    U 99.9900 dB    V 99.9900 dB] [ET    20 ] [L0 ] [L1 ]
POC  198 TId: 0 ( I-SLICE, QP 26 )   12275808 bits [Y 99.9900 dB    U 99.9900 dB    V 99.9900 dB] [ET    20 ] [L0 ] [L1 ]
POC  199 TId: 0 ( I-SLICE, QP 26 )   12270136 bits [Y 99.9900 dB    U 99.9900 dB    V 99.9900 dB] [ET    21 ] [L0 ] [L1 ]
POC  200 TId: 0 ( I-SLICE, QP 26 )   12246008 bits [Y 99.9900 dB    U 99.9900 dB    V 99.9900 dB] [ET    21 ] [L0 ] [L1 ]
POC  201 TId: 0 ( I-SLICE, QP 26 )   12248392 bits [Y 99.9900 dB    U 99.9900 dB    V 99.9900 dB] [ET    20 ] [L0 ] [L1 ]
POC  202 TId: 0 ( I-SLICE, QP 26 )   12243736 bits [Y 99.9900 dB    U 99.9900 dB    V 99.9900 dB] [ET    20 ] [L0 ] [L1 ]
POC  203 TId: 0 ( I-SLICE, QP 26 )   12235600 bits [Y 99.9900 dB    U 99.9900 dB    V 99.9900 dB] [ET    20 ] [L0 ] [L1 ]
POC  204 TId: 0 ( I-SLICE, QP 26 )   12236936 bits [Y 99.9900 dB    U 99.9900 dB    V 99.9900 dB] [ET    20 ] [L0 ] [L1 ]
POC  205 TId: 0 ( I-SLICE, QP 26 )   12234504 bits [Y 99.9900 dB    U 99.9900 dB    V 99.9900 dB] [ET    20 ] [L0 ] [L1 ]
POC  206 TId: 0 ( I-SLICE, QP 26 )   12252000 bits [Y 99.9900 dB    U 99.9900 dB    V 99.9900 dB] [ET    20 ] [L0 ] [L1 ]
POC  207 TId: 0 ( I-SLICE, QP 26 )   12258472 bits [Y 99.9900 dB    U 99.9900 dB    V 99.9900 dB] [ET    20 ] [L0 ] [L1 ]
POC  208 TId: 0 ( I-SLICE, QP 26 )   12259728 bits [Y 99.9900 dB    U 99.9900 dB    V 99.9900 dB] [ET    20 ] [L0 ] [L1 ]
POC  209 TId: 0 ( I-SLICE, QP 26 )   12244744 bits [Y 99.9900 dB    U 99.9900 dB    V 99.9900 dB] [ET    20 ] [L0 ] [L1 ]
POC  210 TId: 0 ( I-SLICE, QP 26 )   12241624 bits [Y 99.9900 dB    U 99.9900 dB    V 99.9900 dB] [ET    20 ] [L0 ] [L1 ]
POC  211 TId: 0 ( I-SLICE, QP 26 )   12262632 bits [Y 99.9900 dB    U 99.9900 dB    V 99.9900 dB] [ET    20 ] [L0 ] [L1 ]
POC  212 TId: 0 ( I-SLICE, QP 26 )   12277800 bits [Y 99.9900 dB    U 99.9900 dB    V 99.9900 dB] [ET    20 ] [L0 ] [L1 ]
POC  213 TId: 0 ( I-SLICE, QP 26 )   12283872 bits [Y 99.9900 dB    U 99.9900 dB    V 99.9900 dB] [ET    21 ] [L0 ] [L1 ]
POC  214 TId: 0 ( I-SLICE, QP 26 )   12257952 bits [Y 99.9900 dB    U 99.9900 dB    V 99.9900 dB] [ET    21 ] [L0 ] [L1 ]
POC  215 TId: 0 ( I-SLICE, QP 26 )   12250896 bits [Y 99.9900 dB    U 99.9900 dB    V 99.9900 dB] [ET    20 ] [L0 ] [L1 ]
POC  216 TId: 0 ( I-SLICE, QP 26 )   12271544 bits [Y 99.9900 dB    U 99.9900 dB    V 99.9900 dB] [ET    20 ] [L0 ] [L1 ]
POC  217 TId: 0 ( I-SLICE, QP 26 )   12292816 bits [Y 99.9900 dB    U 99.9900 dB    V 99.9900 dB] [ET    20 ] [L0 ] [L1 ]
POC  218 TId: 0 ( I-SLICE, QP 26 )   12291904 bits [Y 99.9900 dB    U 99.9900 dB    V 99.9900 dB] [ET    20 ] [L0 ] [L1 ]
POC  219 TId: 0 ( I-SLICE, QP 26 )   12290320 bits [Y 99.9900 dB    U 99.9900 dB    V 99.9900 dB] [ET    20 ] [L0 ] [L1 ]
POC  220 TId: 0 ( I-SLICE, QP 26 )   12269472 bits [Y 99.9900 dB    U 99.9900 dB    V 99.9900 dB] [ET    20 ] [L0 ] [L1 ]
POC  221 TId: 0 ( I-SLICE, QP 26 )   12292624 bits [Y 99.9900 dB    U 99.9900 dB    V 99.9900 dB] [ET    20 ] [L0 ] [L1 ]
POC  222 TId: 0 ( I-SLICE, QP 26 )   12296784 bits [Y 99.9900 dB    U 99.9900 dB    V 99.9900 dB] [ET    20 ] [L0 ] [L1 ]
POC  223 TId: 0 ( I-SLICE, QP 26 )   12303072 bits [Y 99.9900 dB    U 99.9900 dB    V 99.9900 dB] [ET    20 ] [L0 ] [L1 ]
POC  224 TId: 0 ( I-SLICE, QP 26 )   12294784 bits [Y 99.9900 dB    U 99.9900 dB    V 99.9900 dB] [ET    20 ] [L0 ] [L1 ]
POC  225 TId: 0 ( I-SLICE, QP 26 )   12307496 bits [Y 99.9900 dB    U 99.9900 dB    V 99.9900 dB] [ET    20 ] [L0 ] [L1 ]
POC  226 TId: 0 ( I-SLICE, QP 26 )   12321208 bits [Y 99.9900 dB    U 99.9900 dB    V 99.9900 dB] [ET    20 ] [L0 ] [L1 ]
POC  227 TId: 0 ( I-SLICE, QP 26 )   12318000 bits [Y 99.9900 dB    U 99.9900 dB    V 99.9900 dB] [ET    20 ] [L0 ] [L1 ]
POC  228 TId: 0 ( I-SLICE, QP 26 )   12292080 bits [Y 99.9900 dB    U 99.9900 dB    V 99.9900 dB] [ET    20 ] [L0 ] [L1 ]
POC  229 TId: 0 ( I-SLICE, QP 26 )   12305296 bits [Y 99.9900 dB    U 99.9900 dB    V 99.9900 dB] [ET    20 ] [L0 ] [L1 ]
POC  230 TId: 0 ( I-SLICE, QP 26 )   12324904 bits [Y 99.9900 dB    U 99.9900 dB    V 99.9900 dB] [ET    20 ] [L0 ] [L1 ]
POC  231 TId: 0 ( I-SLICE, QP 26 )   12327632 bits [Y 99.9900 dB    U 99.9900 dB    V 99.9900 dB] [ET    20 ] [L0 ] [L1 ]
POC  232 TId: 0 ( I-SLICE, QP 26 )   12329768 bits [Y 99.9900 dB    U 99.9900 dB    V 99.9900 dB] [ET    20 ] [L0 ] [L1 ]
POC  233 TId: 0 ( I-SLICE, QP 26 )   12337480 bits [Y 99.9900 dB    U 99.9900 dB    V 99.9900 dB] [ET    20 ] [L0 ] [L1 ]
POC  234 TId: 0 ( I-SLICE, QP 26 )   12357480 bits [Y 99.9900 dB    U 99.9900 dB    V 99.9900 dB] [ET    20 ] [L0 ] [L1 ]
POC  235 TId: 0 ( I-SLICE, QP 26 )   12362480 bits [Y 99.9900 dB    U 99.9900 dB    V 99.9900 dB] [ET    21 ] [L0 ] [L1 ]
POC  236 TId: 0 ( I-SLICE, QP 26 )   12355448 bits [Y 99.9900 dB    U 99.9900 dB    V 99.9900 dB] [ET    20 ] [L0 ] [L1 ]
POC  237 TId: 0 ( I-SLICE, QP 26 )   12364384 bits [Y 99.9900 dB    U 99.9900 dB    V 99.9900 dB] [ET    24 ] [L0 ] [L1 ]
POC  238 TId: 0 ( I-SLICE, QP 26 )   12355440 bits [Y 99.9900 dB    U 99.9900 dB    V 99.9900 dB] [ET    48 ] [L0 ] [L1 ]
POC  239 TId: 0 ( I-SLICE, QP 26 )   12372504 bits [Y 99.9900 dB    U 99.9900 dB    V 99.9900 dB] [ET    48 ] [L0 ] [L1 ]
POC  240 TId: 0 ( I-SLICE, QP 26 )   12375544 bits [Y 99.9900 dB    U 99.9900 dB    V 99.9900 dB] [ET    47 ] [L0 ] [L1 ]
POC  241 TId: 0 ( I-SLICE, QP 26 )   12392072 bits [Y 99.9900 dB    U 99.9900 dB    V 99.9900 dB] [ET    48 ] [L0 ] [L1 ]
POC  242 TId: 0 ( I-SLICE, QP 26 )   12401464 bits [Y 99.9900 dB    U 99.9900 dB    V 99.9900 dB] [ET    48 ] [L0 ] [L1 ]
POC  243 TId: 0 ( I-SLICE, QP 26 )   12413728 bits [Y 99.9900 dB    U 99.9900 dB    V 99.9900 dB] [ET    47 ] [L0 ] [L1 ]
POC  244 TId: 0 ( I-SLICE, QP 26 )   12414536 bits [Y 99.9900 dB    U 99.9900 dB    V 99.9900 dB] [ET    48 ] [L0 ] [L1 ]
POC  245 TId: 0 ( I-SLICE, QP 26 )   12449024 bits [Y 99.9900 dB    U 99.9900 dB    V 99.9900 dB] [ET    48 ] [L0 ] [L1 ]
POC  246 TId: 0 ( I-SLICE, QP 26 )   12450448 bits [Y 99.9900 dB    U 99.9900 dB    V 99.9900 dB] [ET    48 ] [L0 ] [L1 ]
POC  247 TId: 0 ( I-SLICE, QP 26 )   12462864 bits [Y 99.9900 dB    U 99.9900 dB    V 99.9900 dB] [ET    48 ] [L0 ] [L1 ]
POC  248 TId: 0 ( I-SLICE, QP 26 )   12471896 bits [Y 99.9900 dB    U 99.9900 dB    V 99.9900 dB] [ET    48 ] [L0 ] [L1 ]
POC  249 TId: 0 ( I-SLICE, QP 26 )   12497456 bits [Y 99.9900 dB    U 99.9900 dB    V 99.9900 dB] [ET    48 ] [L0 ] [L1 ]
POC  250 TId: 0 ( I-SLICE, QP 26 )   12513000 bits [Y 99.9900 dB    U 99.9900 dB    V 99.9900 dB] [ET    48 ] [L0 ] [L1 ]
POC  251 TId: 0 ( I-SLICE, QP 26 )   12515936 bits [Y 99.9900 dB    U 99.9900 dB    V 99.9900 dB] [ET    48 ] [L0 ] [L1 ]
POC  252 TId: 0 ( I-SLICE, QP 26 )   12515488 bits [Y 99.9900 dB    U 99.9900 dB    V 99.9900 dB] [ET    48 ] [L0 ] [L1 ]
POC  253 TId: 0 ( I-SLICE, QP 26 )   12539208 bits [Y 99.9900 dB    U 99.9900 dB    V 99.9900 dB] [ET    48 ] [L0 ] [L1 ]
POC  254 TId: 0 ( I-SLICE, QP 26 )   12561192 bits [Y 99.9900 dB    U 99.9900 dB    V 99.9900 dB] [ET    47 ] [L0 ] [L1 ]
POC  255 TId: 0 ( I-SLICE, QP 26 )   12565168 bits [Y 99.9900 dB    U 99.9900 dB    V 99.9900 dB] [ET    49 ] [L0 ] [L1 ]
POC  256 TId: 0 ( I-SLICE, QP 26 )   12558600 bits [Y 99.9900 dB    U 99.9900 dB    V 99.9900 dB] [ET    48 ] [L0 ] [L1 ]
POC  257 TId: 0 ( I-SLICE, QP 26 )   12567264 bits [Y 99.9900 dB    U 99.9900 dB    V 99.9900 dB] [ET    45 ] [L0 ] [L1 ]
POC  258 TId: 0 ( I-SLICE, QP 26 )   12598112 bits [Y 99.9900 dB    U 99.9900 dB    V 99.9900 dB] [ET    20 ] [L0 ] [L1 ]
POC  259 TId: 0 ( I-SLICE, QP 26 )   12620376 bits [Y 99.9900 dB    U 99.9900 dB    V 99.9900 dB] [ET    20 ] [L0 ] [L1 ]
POC  260 TId: 0 ( I-SLICE, QP 26 )   12615256 bits [Y 99.9900 dB    U 99.9900 dB    V 99.9900 dB] [ET    20 ] [L0 ] [L1 ]
POC  261 TId: 0 ( I-SLICE, QP 26 )   12609888 bits [Y 99.9900 dB    U 99.9900 dB    V 99.9900 dB] [ET    20 ] [L0 ] [L1 ]
POC  262 TId: 0 ( I-SLICE, QP 26 )   12628416 bits [Y 99.9900 dB    U 99.9900 dB    V 99.9900 dB] [ET    20 ] [L0 ] [L1 ]
POC  263 TId: 0 ( I-SLICE, QP 26 )   12642960 bits [Y 99.9900 dB    U 99.9900 dB    V 99.9900 dB] [ET    20 ] [L0 ] [L1 ]
POC  264 TId: 0 ( I-SLICE, QP 26 )   12649472 bits [Y 99.9900 dB    U 99.9900 dB    V 99.9900 dB] [ET    20 ] [L0 ] [L1 ]
POC  265 TId: 0 ( I-SLICE, QP 26 )   12651280 bits [Y 99.9900 dB    U 99.9900 dB    V 99.9900 dB] [ET    20 ] [L0 ] [L1 ]
POC  266 TId: 0 ( I-SLICE, QP 26 )   12663456 bits [Y 99.9900 dB    U 99.9900 dB    V 99.9900 dB] [ET    20 ] [L0 ] [L1 ]
POC  267 TId: 0 ( I-SLICE, QP 26 )   12682904 bits [Y 99.9900 dB    U 99.9900 dB    V 99.9900 dB] [ET    20 ] [L0 ] [L1 ]
POC  268 TId: 0 ( I-SLICE, QP 26 )   12696672 bits [Y 99.9900 dB    U 99.9900 dB    V 99.9900 dB] [ET    20 ] [L0 ] [L1 ]
POC  269 TId: 0 ( I-SLICE, QP 26 )   12708328 bits [Y 99.9900 dB    U 99.9900 dB    V 99.9900 dB] [ET    21 ] [L0 ] [L1 ]
POC  270 TId: 0 ( I-SLICE, QP 26 )   12695176 bits [Y 99.9900 dB    U 99.9900 dB    V 99.9900 dB] [ET    20 ] [L0 ] [L1 ]
POC  271 TId: 0 ( I-SLICE, QP 26 )   12696424 bits [Y 99.9900 dB    U 99.9900 dB    V 99.9900 dB] [ET    20 ] [L0 ] [L1 ]
POC  272 TId: 0 ( I-SLICE, QP 26 )   12707104 bits [Y 99.9900 dB    U 99.9900 dB    V 99.9900 dB] [ET    20 ] [L0 ] [L1 ]
POC  273 TId: 0 ( I-SLICE, QP 26 )   12728608 bits [Y 99.9900 dB    U 99.9900 dB    V 99.9900 dB] [ET    20 ] [L0 ] [L1 ]
POC  274 TId: 0 ( I-SLICE, QP 26 )   12770392 bits [Y 99.9900 dB    U 99.9900 dB    V 99.9900 dB] [ET    20 ] [L0 ] [L1 ]
POC  275 TId: 0 ( I-SLICE, QP 26 )   12778400 bits [Y 99.9900 dB    U 99.9900 dB    V 99.9900 dB] [ET    20 ] [L0 ] [L1 ]
POC  276 TId: 0 ( I-SLICE, QP 26 )   12771224 bits [Y 99.9900 dB    U 99.9900 dB    V 99.9900 dB] [ET    20 ] [L0 ] [L1 ]
POC  277 TId: 0 ( I-SLICE, QP 26 )   12773480 bits [Y 99.9900 dB    U 99.9900 dB    V 99.9900 dB] [ET    20 ] [L0 ] [L1 ]
POC  278 TId: 0 ( I-SLICE, QP 26 )   12790224 bits [Y 99.9900 dB    U 99.9900 dB    V 99.9900 dB] [ET    20 ] [L0 ] [L1 ]
POC  279 TId: 0 ( I-SLICE, QP 26 )   12823264 bits [Y 99.9900 dB    U 99.9900 dB    V 99.9900 dB] [ET    20 ] [L0 ] [L1 ]
POC  280 TId: 0 ( I-SLICE, QP 26 )   12825112 bits [Y 99.9900 dB    U 99.9900 dB    V 99.9900 dB] [ET    20 ] [L0 ] [L1 ]
POC  281 TId: 0 ( I-SLICE, QP 26 )   12816872 bits [Y 99.9900 dB    U 99.9900 dB    V 99.9900 dB] [ET    20 ] [L0 ] [L1 ]
POC  282 TId: 0 ( I-SLICE, QP 26 )   12824736 bits [Y 99.9900 dB    U 99.9900 dB    V 99.9900 dB] [ET    20 ] [L0 ] [L1 ]
POC  283 TId: 0 ( I-SLICE, QP 26 )   12845072 bits [Y 99.9900 dB    U 99.9900 dB    V 99.9900 dB] [ET    20 ] [L0 ] [L1 ]
POC  284 TId: 0 ( I-SLICE, QP 26 )   12860440 bits [Y 99.9900 dB    U 99.9900 dB    V 99.9900 dB] [ET    20 ] [L0 ] [L1 ]
POC  285 TId: 0 ( I-SLICE, QP 26 )   12870904 bits [Y 99.9900 dB    U 99.9900 dB    V 99.9900 dB] [ET    20 ] [L0 ] [L1 ]
POC  286 TId: 0 ( I-SLICE, QP 26 )   12881120 bits [Y 99.9900 dB    U 99.9900 dB    V 99.9900 dB] [ET    20 ] [L0 ] [L1 ]
POC  287 TId: 0 ( I-SLICE, QP 26 )   12898768 bits [Y 99.9900 dB    U 99.9900 dB    V 99.9900 dB] [ET    20 ] [L0 ] [L1 ]
POC  288 TId: 0 ( I-SLICE, QP 26 )   12920032 bits [Y 99.9900 dB    U 99.9900 dB    V 99.9900 dB] [ET    20 ] [L0 ] [L1 ]
POC  289 TId: 0 ( I-SLICE, QP 26 )   12931608 bits [Y 99.9900 dB    U 99.9900 dB    V 99.9900 dB] [ET    20 ] [L0 ] [L1 ]
POC  290 TId: 0 ( I-SLICE, QP 26 )   12932488 bits [Y 99.9900 dB    U 99.9900 dB    V 99.9900 dB] [ET    20 ] [L0 ] [L1 ]
POC  291 TId: 0 ( I-SLICE, QP 26 )   12938304 bits [Y 99.9900 dB    U 99.9900 dB    V 99.9900 dB] [ET    20 ] [L0 ] [L1 ]
POC  292 TId: 0 ( I-SLICE, QP 26 )   12953984 bits [Y 99.9900 dB    U 99.9900 dB    V 99.9900 dB] [ET    20 ] [L0 ] [L1 ]
POC  293 TId: 0 ( I-SLICE, QP 26 )   12976872 bits [Y 99.9900 dB    U 99.9900 dB    V 99.9900 dB] [ET    20 ] [L0 ] [L1 ]
POC  294 TId: 0 ( I-SLICE, QP 26 )   12994832 bits [Y 99.9900 dB    U 99.9900 dB    V 99.9900 dB] [ET    20 ] [L0 ] [L1 ]
POC  295 TId: 0 ( I-SLICE, QP 26 )   13005944 bits [Y 99.9900 dB    U 99.9900 dB    V 99.9900 dB] [ET    20 ] [L0 ] [L1 ]
POC  296 TId: 0 ( I-SLICE, QP 26 )   13022720 bits [Y 99.9900 dB    U 99.9900 dB    V 99.9900 dB] [ET    21 ] [L0 ] [L1 ]
POC  297 TId: 0 ( I-SLICE, QP 26 )   13042928 bits [Y 99.9900 dB    U 99.9900 dB    V 99.9900 dB] [ET    20 ] [L0 ] [L1 ]
POC  298 TId: 0 ( I-SLICE, QP 26 )   13052848 bits [Y 99.9900 dB    U 99.9900 dB    V 99.9900 dB] [ET    20 ] [L0 ] [L1 ]
POC  299 TId: 0 ( I-SLICE, QP 26 )   13084120 bits [Y 99.9900 dB    U 99.9900 dB    V 99.9900 dB] [ET    20 ] [L0 ] [L1 ]
POC  300 TId: 0 ( I-SLICE, QP 26 )   13113504 bits [Y 99.9900 dB    U 99.9900 dB    V 99.9900 dB] [ET    20 ] [L0 ] [L1 ]
POC  301 TId: 0 ( I-SLICE, QP 26 )   13137624 bits [Y 99.9900 dB    U 99.9900 dB    V 99.9900 dB] [ET    20 ] [L0 ] [L1 ]
POC  302 TId: 0 ( I-SLICE, QP 26 )   13143968 bits [Y 99.9900 dB    U 99.9900 dB    V 99.9900 dB] [ET    20 ] [L0 ] [L1 ]
POC  303 TId: 0 ( I-SLICE, QP 26 )   13176696 bits [Y 99.9900 dB    U 99.9900 dB    V 99.9900 dB] [ET    20 ] [L0 ] [L1 ]
POC  304 TId: 0 ( I-SLICE, QP 26 )   13224880 bits [Y 99.9900 dB    U 99.9900 dB    V 99.9900 dB] [ET    20 ] [L0 ] [L1 ]
POC  305 TId: 0 ( I-SLICE, QP 26 )   13225200 bits [Y 99.9900 dB    U 99.9900 dB    V 99.9900 dB] [ET    20 ] [L0 ] [L1 ]
POC  306 TId: 0 ( I-SLICE, QP 26 )   13207280 bits [Y 99.9900 dB    U 99.9900 dB    V 99.9900 dB] [ET    21 ] [L0 ] [L1 ]
POC  307 TId: 0 ( I-SLICE, QP 26 )   13210576 bits [Y 99.9900 dB    U 99.9900 dB    V 99.9900 dB] [ET    20 ] [L0 ] [L1 ]
POC  308 TId: 0 ( I-SLICE, QP 26 )   13240248 bits [Y 99.9900 dB    U 99.9900 dB    V 99.9900 dB] [ET    20 ] [L0 ] [L1 ]
POC  309 TId: 0 ( I-SLICE, QP 26 )   13272784 bits [Y 99.9900 dB    U 99.9900 dB    V 99.9900 dB] [ET    20 ] [L0 ] [L1 ]
POC  310 TId: 0 ( I-SLICE, QP 26 )   13276384 bits [Y 99.9900 dB    U 99.9900 dB    V 99.9900 dB] [ET    20 ] [L0 ] [L1 ]
POC  311 TId: 0 ( I-SLICE, QP 26 )   13291640 bits [Y 99.9900 dB    U 99.9900 dB    V 99.9900 dB] [ET    20 ] [L0 ] [L1 ]
POC  312 TId: 0 ( I-SLICE, QP 26 )   13297544 bits [Y 99.9900 dB    U 99.9900 dB    V 99.9900 dB] [ET    20 ] [L0 ] [L1 ]
POC  313 TId: 0 ( I-SLICE, QP 26 )   13337912 bits [Y 99.9900 dB    U 99.9900 dB    V 99.9900 dB] [ET    20 ] [L0 ] [L1 ]
POC  314 TId: 0 ( I-SLICE, QP 26 )   13371224 bits [Y 99.9900 dB    U 99.9900 dB    V 99.9900 dB] [ET    20 ] [L0 ] [L1 ]
POC  315 TId: 0 ( I-SLICE, QP 26 )   13395616 bits [Y 99.9900 dB    U 99.9900 dB    V 99.9900 dB] [ET    21 ] [L0 ] [L1 ]
POC  316 TId: 0 ( I-SLICE, QP 26 )   13411800 bits [Y 99.9900 dB    U 99.9900 dB    V 99.9900 dB] [ET    20 ] [L0 ] [L1 ]
POC  317 TId: 0 ( I-SLICE, QP 26 )   13414024 bits [Y 99.9900 dB    U 99.9900 dB    V 99.9900 dB] [ET    20 ] [L0 ] [L1 ]
POC  318 TId: 0 ( I-SLICE, QP 26 )   13419184 bits [Y 99.9900 dB    U 99.9900 dB    V 99.9900 dB] [ET    20 ] [L0 ] [L1 ]
POC  319 TId: 0 ( I-SLICE, QP 26 )   13446640 bits [Y 99.9900 dB    U 99.9900 dB    V 99.9900 dB] [ET    20 ] [L0 ] [L1 ]
POC  320 TId: 0 ( I-SLICE, QP 26 )   13467912 bits [Y 99.9900 dB    U 99.9900 dB    V 99.9900 dB] [ET    20 ] [L0 ] [L1 ]
POC  321 TId: 0 ( I-SLICE, QP 26 )   13490776 bits [Y 99.9900 dB    U 99.9900 dB    V 99.9900 dB] [ET    20 ] [L0 ] [L1 ]
POC  322 TId: 0 ( I-SLICE, QP 26 )   13506704 bits [Y 99.9900 dB    U 99.9900 dB    V 99.9900 dB] [ET    20 ] [L0 ] [L1 ]
POC  323 TId: 0 ( I-SLICE, QP 26 )   13523224 bits [Y 99.9900 dB    U 99.9900 dB    V 99.9900 dB] [ET    20 ] [L0 ] [L1 ]
POC  324 TId: 0 ( I-SLICE, QP 26 )   13536584 bits [Y 99.9900 dB    U 99.9900 dB    V 99.9900 dB] [ET    20 ] [L0 ] [L1 ]
POC  325 TId: 0 ( I-SLICE, QP 26 )   13553528 bits [Y 99.9900 dB    U 99.9900 dB    V 99.9900 dB] [ET    21 ] [L0 ] [L1 ]
POC  326 TId: 0 ( I-SLICE, QP 26 )   13567392 bits [Y 99.9900 dB    U 99.9900 dB    V 99.9900 dB] [ET    21 ] [L0 ] [L1 ]
POC  327 TId: 0 ( I-SLICE, QP 26 )   13576808 bits [Y 99.9900 dB    U 99.9900 dB    V 99.9900 dB] [ET    20 ] [L0 ] [L1 ]
POC  328 TId: 0 ( I-SLICE, QP 26 )   13578952 bits [Y 99.9900 dB    U 99.9900 dB    V 99.9900 dB] [ET    21 ] [L0 ] [L1 ]
POC  329 TId: 0 ( I-SLICE, QP 26 )   13607368 bits [Y 99.9900 dB    U 99.9900 dB    V 99.9900 dB] [ET    20 ] [L0 ] [L1 ]
POC  330 TId: 0 ( I-SLICE, QP 26 )   13619232 bits [Y 99.9900 dB    U 99.9900 dB    V 99.9900 dB] [ET    21 ] [L0 ] [L1 ]
POC  331 TId: 0 ( I-SLICE, QP 26 )   13629608 bits [Y 99.9900 dB    U 99.9900 dB    V 99.9900 dB] [ET    20 ] [L0 ] [L1 ]
POC  332 TId: 0 ( I-SLICE, QP 26 )   13629104 bits [Y 99.9900 dB    U 99.9900 dB    V 99.9900 dB] [ET    21 ] [L0 ] [L1 ]
POC  333 TId: 0 ( I-SLICE, QP 26 )   13606816 bits [Y 99.9900 dB    U 99.9900 dB    V 99.9900 dB] [ET    20 ] [L0 ] [L1 ]
POC  334 TId: 0 ( I-SLICE, QP 26 )   13650288 bits [Y 99.9900 dB    U 99.9900 dB    V 99.9900 dB] [ET    20 ] [L0 ] [L1 ]
POC  335 TId: 0 ( I-SLICE, QP 26 )   13684952 bits [Y 99.9900 dB    U 99.9900 dB    V 99.9900 dB] [ET    21 ] [L0 ] [L1 ]
POC  336 TId: 0 ( I-SLICE, QP 26 )   13678912 bits [Y 99.9900 dB    U 99.9900 dB    V 99.9900 dB] [ET    20 ] [L0 ] [L1 ]
POC  337 TId: 0 ( I-SLICE, QP 26 )   13645960 bits [Y 99.9900 dB    U 99.9900 dB    V 99.9900 dB] [ET    20 ] [L0 ] [L1 ]
POC  338 TId: 0 ( I-SLICE, QP 26 )   13630992 bits [Y 99.9900 dB    U 99.9900 dB    V 99.9900 dB] [ET    21 ] [L0 ] [L1 ]
POC  339 TId: 0 ( I-SLICE, QP 26 )   13657368 bits [Y 99.9900 dB    U 99.9900 dB    V 99.9900 dB] [ET    21 ] [L0 ] [L1 ]
POC  340 TId: 0 ( I-SLICE, QP 26 )   13677824 bits [Y 99.9900 dB    U 99.9900 dB    V 99.9900 dB] [ET    20 ] [L0 ] [L1 ]
POC  341 TId: 0 ( I-SLICE, QP 26 )   13690520 bits [Y 99.9900 dB    U 99.9900 dB    V 99.9900 dB] [ET    20 ] [L0 ] [L1 ]
POC  342 TId: 0 ( I-SLICE, QP 26 )   13698696 bits [Y 99.9900 dB    U 99.9900 dB    V 99.9900 dB] [ET    21 ] [L0 ] [L1 ]
POC  343 TId: 0 ( I-SLICE, QP 26 )   13700608 bits [Y 99.9900 dB    U 99.9900 dB    V 99.9900 dB] [ET    20 ] [L0 ] [L1 ]
POC  344 TId: 0 ( I-SLICE, QP 26 )   13697992 bits [Y 99.9900 dB    U 99.9900 dB    V 99.9900 dB] [ET    20 ] [L0 ] [L1 ]
POC  345 TId: 0 ( I-SLICE, QP 26 )   13700592 bits [Y 99.9900 dB    U 99.9900 dB    V 99.9900 dB] [ET    20 ] [L0 ] [L1 ]
POC  346 TId: 0 ( I-SLICE, QP 26 )   13705896 bits [Y 99.9900 dB    U 99.9900 dB    V 99.9900 dB] [ET    21 ] [L0 ] [L1 ]
POC  347 TId: 0 ( I-SLICE, QP 26 )   13716216 bits [Y 99.9900 dB    U 99.9900 dB    V 99.9900 dB] [ET    20 ] [L0 ] [L1 ]
POC  348 TId: 0 ( I-SLICE, QP 26 )   13691256 bits [Y 99.9900 dB    U 99.9900 dB    V 99.9900 dB] [ET    20 ] [L0 ] [L1 ]
POC  349 TId: 0 ( I-SLICE, QP 26 )   13680224 bits [Y 99.9900 dB    U 99.9900 dB    V 99.9900 dB] [ET    21 ] [L0 ] [L1 ]
POC  350 TId: 0 ( I-SLICE, QP 26 )   13691344 bits [Y 99.9900 dB    U 99.9900 dB    V 99.9900 dB] [ET    20 ] [L0 ] [L1 ]
POC  351 TId: 0 ( I-SLICE, QP 26 )   13713872 bits [Y 99.9900 dB    U 99.9900 dB    V 99.9900 dB] [ET    20 ] [L0 ] [L1 ]
POC  352 TId: 0 ( I-SLICE, QP 26 )   13715952 bits [Y 99.9900 dB    U 99.9900 dB    V 99.9900 dB] [ET    21 ] [L0 ] [L1 ]
POC  353 TId: 0 ( I-SLICE, QP 26 )   13700208 bits [Y 99.9900 dB    U 99.9900 dB    V 99.9900 dB] [ET    20 ] [L0 ] [L1 ]
POC  354 TId: 0 ( I-SLICE, QP 26 )   13699680 bits [Y 99.9900 dB    U 99.9900 dB    V 99.9900 dB] [ET    20 ] [L0 ] [L1 ]
POC  355 TId: 0 ( I-SLICE, QP 26 )   13695672 bits [Y 99.9900 dB    U 99.9900 dB    V 99.9900 dB] [ET    20 ] [L0 ] [L1 ]
POC  356 TId: 0 ( I-SLICE, QP 26 )   13716184 bits [Y 99.9900 dB    U 99.9900 dB    V 99.9900 dB] [ET    21 ] [L0 ] [L1 ]
POC  357 TId: 0 ( I-SLICE, QP 26 )   13726320 bits [Y 99.9900 dB    U 99.9900 dB    V 99.9900 dB] [ET    20 ] [L0 ] [L1 ]
POC  358 TId: 0 ( I-SLICE, QP 26 )   13720368 bits [Y 99.9900 dB    U 99.9900 dB    V 99.9900 dB] [ET    20 ] [L0 ] [L1 ]
POC  359 TId: 0 ( I-SLICE, QP 26 )   13718288 bits [Y 99.9900 dB    U 99.9900 dB    V 99.9900 dB] [ET    21 ] [L0 ] [L1 ]
POC  360 TId: 0 ( I-SLICE, QP 26 )   13734776 bits [Y 99.9900 dB    U 99.9900 dB    V 99.9900 dB] [ET    20 ] [L0 ] [L1 ]
POC  361 TId: 0 ( I-SLICE, QP 26 )   13735696 bits [Y 99.9900 dB    U 99.9900 dB    V 99.9900 dB] [ET    21 ] [L0 ] [L1 ]
POC  362 TId: 0 ( I-SLICE, QP 26 )   13741232 bits [Y 99.9900 dB    U 99.9900 dB    V 99.9900 dB] [ET    20 ] [L0 ] [L1 ]
POC  363 TId: 0 ( I-SLICE, QP 26 )   13741224 bits [Y 99.9900 dB    U 99.9900 dB    V 99.9900 dB] [ET    21 ] [L0 ] [L1 ]
POC  364 TId: 0 ( I-SLICE, QP 26 )   13743592 bits [Y 99.9900 dB    U 99.9900 dB    V 99.9900 dB] [ET    20 ] [L0 ] [L1 ]
POC  365 TId: 0 ( I-SLICE, QP 26 )   13733656 bits [Y 99.9900 dB    U 99.9900 dB    V 99.9900 dB] [ET    20 ] [L0 ] [L1 ]
POC  366 TId: 0 ( I-SLICE, QP 26 )   13737376 bits [Y 99.9900 dB    U 99.9900 dB    V 99.9900 dB] [ET    21 ] [L0 ] [L1 ]
POC  367 TId: 0 ( I-SLICE, QP 26 )   13758488 bits [Y 99.9900 dB    U 99.9900 dB    V 99.9900 dB] [ET    21 ] [L0 ] [L1 ]
POC  368 TId: 0 ( I-SLICE, QP 26 )   13766800 bits [Y 99.9900 dB    U 99.9900 dB    V 99.9900 dB] [ET    20 ] [L0 ] [L1 ]
POC  369 TId: 0 ( I-SLICE, QP 26 )   13752064 bits [Y 99.9900 dB    U 99.9900 dB    V 99.9900 dB] [ET    20 ] [L0 ] [L1 ]
POC  370 TId: 0 ( I-SLICE, QP 26 )   13743416 bits [Y 99.9900 dB    U 99.9900 dB    V 99.9900 dB] [ET    20 ] [L0 ] [L1 ]
POC  371 TId: 0 ( I-SLICE, QP 26 )   13760904 bits [Y 99.9900 dB    U 99.9900 dB    V 99.9900 dB] [ET    20 ] [L0 ] [L1 ]
POC  372 TId: 0 ( I-SLICE, QP 26 )   13760536 bits [Y 99.9900 dB    U 99.9900 dB    V 99.9900 dB] [ET    20 ] [L0 ] [L1 ]
POC  373 TId: 0 ( I-SLICE, QP 26 )   13767536 bits [Y 99.9900 dB    U 99.9900 dB    V 99.9900 dB] [ET    20 ] [L0 ] [L1 ]
POC  374 TId: 0 ( I-SLICE, QP 26 )   13778360 bits [Y 99.9900 dB    U 99.9900 dB    V 99.9900 dB] [ET    21 ] [L0 ] [L1 ]
POC  375 TId: 0 ( I-SLICE, QP 26 )   13769616 bits [Y 99.9900 dB    U 99.9900 dB    V 99.9900 dB] [ET    20 ] [L0 ] [L1 ]
POC  376 TId: 0 ( I-SLICE, QP 26 )   13774272 bits [Y 99.9900 dB    U 99.9900 dB    V 99.9900 dB] [ET    20 ] [L0 ] [L1 ]
POC  377 TId: 0 ( I-SLICE, QP 26 )   13781808 bits [Y 99.9900 dB    U 99.9900 dB    V 99.9900 dB] [ET    21 ] [L0 ] [L1 ]
POC  378 TId: 0 ( I-SLICE, QP 26 )   13783040 bits [Y 99.9900 dB    U 99.9900 dB    V 99.9900 dB] [ET    20 ] [L0 ] [L1 ]
POC  379 TId: 0 ( I-SLICE, QP 26 )   13792936 bits [Y 99.9900 dB    U 99.9900 dB    V 99.9900 dB] [ET    20 ] [L0 ] [L1 ]
POC  380 TId: 0 ( I-SLICE, QP 26 )   13790248 bits [Y 99.9900 dB    U 99.9900 dB    V 99.9900 dB] [ET    20 ] [L0 ] [L1 ]
POC  381 TId: 0 ( I-SLICE, QP 26 )   13803032 bits [Y 99.9900 dB    U 99.9900 dB    V 99.9900 dB] [ET    20 ] [L0 ] [L1 ]
POC  382 TId: 0 ( I-SLICE, QP 26 )   13785592 bits [Y 99.9900 dB    U 99.9900 dB    V 99.9900 dB] [ET    20 ] [L0 ] [L1 ]
POC  383 TId: 0 ( I-SLICE, QP 26 )   13799440 bits [Y 99.9900 dB    U 99.9900 dB    V 99.9900 dB] [ET    20 ] [L0 ] [L1 ]
POC  384 TId: 0 ( I-SLICE, QP 26 )   13804352 bits [Y 99.9900 dB    U 99.9900 dB    V 99.9900 dB] [ET    21 ] [L0 ] [L1 ]
POC  385 TId: 0 ( I-SLICE, QP 26 )   13809128 bits [Y 99.9900 dB    U 99.9900 dB    V 99.9900 dB] [ET    20 ] [L0 ] [L1 ]
POC  386 TId: 0 ( I-SLICE, QP 26 )   13810200 bits [Y 99.9900 dB    U 99.9900 dB    V 99.9900 dB] [ET    20 ] [L0 ] [L1 ]
POC  387 TId: 0 ( I-SLICE, QP 26 )   13808064 bits [Y 99.9900 dB    U 99.9900 dB    V 99.9900 dB] [ET    20 ] [L0 ] [L1 ]
POC  388 TId: 0 ( I-SLICE, QP 26 )   13815488 bits [Y 99.9900 dB    U 99.9900 dB    V 99.9900 dB] [ET    21 ] [L0 ] [L1 ]
POC  389 TId: 0 ( I-SLICE, QP 26 )   13811808 bits [Y 99.9900 dB    U 99.9900 dB    V 99.9900 dB] [ET    20 ] [L0 ] [L1 ]
POC  390 TId: 0 ( I-SLICE, QP 26 )   13818640 bits [Y 99.9900 dB    U 99.9900 dB    V 99.9900 dB] [ET    20 ] [L0 ] [L1 ]
POC  391 TId: 0 ( I-SLICE, QP 26 )   13820208 bits [Y 99.9900 dB    U 99.9900 dB    V 99.9900 dB] [ET    20 ] [L0 ] [L1 ]
POC  392 TId: 0 ( I-SLICE, QP 26 )   13813112 bits [Y 99.9900 dB    U 99.9900 dB    V 99.9900 dB] [ET    21 ] [L0 ] [L1 ]
POC  393 TId: 0 ( I-SLICE, QP 26 )   13822824 bits [Y 99.9900 dB    U 99.9900 dB    V 99.9900 dB] [ET    20 ] [L0 ] [L1 ]
POC  394 TId: 0 ( I-SLICE, QP 26 )   13819576 bits [Y 99.9900 dB    U 99.9900 dB    V 99.9900 dB] [ET    20 ] [L0 ] [L1 ]
POC  395 TId: 0 ( I-SLICE, QP 26 )   13824976 bits [Y 99.9900 dB    U 99.9900 dB    V 99.9900 dB] [ET    20 ] [L0 ] [L1 ]
POC  396 TId: 0 ( I-SLICE, QP 26 )   13819104 bits [Y 99.9900 dB    U 99.9900 dB    V 99.9900 dB] [ET    21 ] [L0 ] [L1 ]
POC  397 TId: 0 ( I-SLICE, QP 26 )   13833096 bits [Y 99.9900 dB    U 99.9900 dB    V 99.9900 dB] [ET    20 ] [L0 ] [L1 ]
POC  398 TId: 0 ( I-SLICE, QP 26 )   13833576 bits [Y 99.9900 dB    U 99.9900 dB    V 99.9900 dB] [ET    21 ] [L0 ] [L1 ]
POC  399 TId: 0 ( I-SLICE, QP 26 )   13825960 bits [Y 99.9900 dB    U 99.9900 dB    V 99.9900 dB] [ET    20 ] [L0 ] [L1 ]
POC  400 TId: 0 ( I-SLICE, QP 26 )   13822800 bits [Y 99.9900 dB    U 99.9900 dB    V 99.9900 dB] [ET    20 ] [L0 ] [L1 ]
POC  401 TId: 0 ( I-SLICE, QP 26 )   13833800 bits [Y 99.9900 dB    U 99.9900 dB    V 99.9900 dB] [ET    21 ] [L0 ] [L1 ]
POC  402 TId: 0 ( I-SLICE, QP 26 )   13851872 bits [Y 99.9900 dB    U 99.9900 dB    V 99.9900 dB] [ET    21 ] [L0 ] [L1 ]
POC  403 TId: 0 ( I-SLICE, QP 26 )   13845672 bits [Y 99.9900 dB    U 99.9900 dB    V 99.9900 dB] [ET    20 ] [L0 ] [L1 ]
POC  404 TId: 0 ( I-SLICE, QP 26 )   13838728 bits [Y 99.9900 dB    U 99.9900 dB    V 99.9900 dB] [ET    21 ] [L0 ] [L1 ]
POC  405 TId: 0 ( I-SLICE, QP 26 )   13828648 bits [Y 99.9900 dB    U 99.9900 dB    V 99.9900 dB] [ET    20 ] [L0 ] [L1 ]
POC  406 TId: 0 ( I-SLICE, QP 26 )   13845176 bits [Y 99.9900 dB    U 99.9900 dB    V 99.9900 dB] [ET    20 ] [L0 ] [L1 ]
POC  407 TId: 0 ( I-SLICE, QP 26 )   13855920 bits [Y 99.9900 dB    U 99.9900 dB    V 99.9900 dB] [ET    20 ] [L0 ] [L1 ]
POC  408 TId: 0 ( I-SLICE, QP 26 )   13855176 bits [Y 99.9900 dB    U 99.9900 dB    V 99.9900 dB] [ET    20 ] [L0 ] [L1 ]
POC  409 TId: 0 ( I-SLICE, QP 26 )   13843920 bits [Y 99.9900 dB    U 99.9900 dB    V 99.9900 dB] [ET    20 ] [L0 ] [L1 ]
POC  410 TId: 0 ( I-SLICE, QP 26 )   13843368 bits [Y 99.9900 dB    U 99.9900 dB    V 99.9900 dB] [ET    20 ] [L0 ] [L1 ]
POC  411 TId: 0 ( I-SLICE, QP 26 )   13851480 bits [Y 99.9900 dB    U 99.9900 dB    V 99.9900 dB] [ET    20 ] [L0 ] [L1 ]
POC  412 TId: 0 ( I-SLICE, QP 26 )   13859952 bits [Y 99.9900 dB    U 99.9900 dB    V 99.9900 dB] [ET    20 ] [L0 ] [L1 ]
POC  413 TId: 0 ( I-SLICE, QP 26 )   13865184 bits [Y 99.9900 dB    U 99.9900 dB    V 99.9900 dB] [ET    20 ] [L0 ] [L1 ]
POC  414 TId: 0 ( I-SLICE, QP 26 )   13848968 bits [Y 99.9900 dB    U 99.9900 dB    V 99.9900 dB] [ET    20 ] [L0 ] [L1 ]
POC  415 TId: 0 ( I-SLICE, QP 26 )   13853840 bits [Y 99.9900 dB    U 99.9900 dB    V 99.9900 dB] [ET    20 ] [L0 ] [L1 ]
POC  416 TId: 0 ( I-SLICE, QP 26 )   13871528 bits [Y 99.9900 dB    U 99.9900 dB    V 99.9900 dB] [ET    21 ] [L0 ] [L1 ]
POC  417 TId: 0 ( I-SLICE, QP 26 )   13868104 bits [Y 99.9900 dB    U 99.9900 dB    V 99.9900 dB] [ET    20 ] [L0 ] [L1 ]
POC  418 TId: 0 ( I-SLICE, QP 26 )   13876320 bits [Y 99.9900 dB    U 99.9900 dB    V 99.9900 dB] [ET    20 ] [L0 ] [L1 ]
POC  419 TId: 0 ( I-SLICE, QP 26 )   13881176 bits [Y 99.9900 dB    U 99.9900 dB    V 99.9900 dB] [ET    20 ] [L0 ] [L1 ]
POC  420 TId: 0 ( I-SLICE, QP 26 )   13879704 bits [Y 99.9900 dB    U 99.9900 dB    V 99.9900 dB] [ET    20 ] [L0 ] [L1 ]
POC  421 TId: 0 ( I-SLICE, QP 26 )   13874152 bits [Y 99.9900 dB    U 99.9900 dB    V 99.9900 dB] [ET    21 ] [L0 ] [L1 ]
POC  422 TId: 0 ( I-SLICE, QP 26 )   13878592 bits [Y 99.9900 dB    U 99.9900 dB    V 99.9900 dB] [ET    20 ] [L0 ] [L1 ]
POC  423 TId: 0 ( I-SLICE, QP 26 )   13868712 bits [Y 99.9900 dB    U 99.9900 dB    V 99.9900 dB] [ET    21 ] [L0 ] [L1 ]
POC  424 TId: 0 ( I-SLICE, QP 26 )   13882352 bits [Y 99.9900 dB    U 99.9900 dB    V 99.9900 dB] [ET    21 ] [L0 ] [L1 ]
POC  425 TId: 0 ( I-SLICE, QP 26 )   13877872 bits [Y 99.9900 dB    U 99.9900 dB    V 99.9900 dB] [ET    20 ] [L0 ] [L1 ]
POC  426 TId: 0 ( I-SLICE, QP 26 )   13883696 bits [Y 99.9900 dB    U 99.9900 dB    V 99.9900 dB] [ET    20 ] [L0 ] [L1 ]
POC  427 TId: 0 ( I-SLICE, QP 26 )   13877560 bits [Y 99.9900 dB    U 99.9900 dB    V 99.9900 dB] [ET    20 ] [L0 ] [L1 ]
POC  428 TId: 0 ( I-SLICE, QP 26 )   13878952 bits [Y 99.9900 dB    U 99.9900 dB    V 99.9900 dB] [ET    20 ] [L0 ] [L1 ]
POC  429 TId: 0 ( I-SLICE, QP 26 )   13868824 bits [Y 99.9900 dB    U 99.9900 dB    V 99.9900 dB] [ET    21 ] [L0 ] [L1 ]
POC  430 TId: 0 ( I-SLICE, QP 26 )   13876744 bits [Y 99.9900 dB    U 99.9900 dB    V 99.9900 dB] [ET    20 ] [L0 ] [L1 ]
POC  431 TId: 0 ( I-SLICE, QP 26 )   13886712 bits [Y 99.9900 dB    U 99.9900 dB    V 99.9900 dB] [ET    20 ] [L0 ] [L1 ]
POC  432 TId: 0 ( I-SLICE, QP 26 )   13885432 bits [Y 99.9900 dB    U 99.9900 dB    V 99.9900 dB] [ET    21 ] [L0 ] [L1 ]
POC  433 TId: 0 ( I-SLICE, QP 26 )   13877424 bits [Y 99.9900 dB    U 99.9900 dB    V 99.9900 dB] [ET    20 ] [L0 ] [L1 ]
POC  434 TId: 0 ( I-SLICE, QP 26 )   13887832 bits [Y 99.9900 dB    U 99.9900 dB    V 99.9900 dB] [ET    21 ] [L0 ] [L1 ]
POC  435 TId: 0 ( I-SLICE, QP 26 )   13884088 bits [Y 99.9900 dB    U 99.9900 dB    V 99.9900 dB] [ET    20 ] [L0 ] [L1 ]
POC  436 TId: 0 ( I-SLICE, QP 26 )   13885296 bits [Y 99.9900 dB    U 99.9900 dB    V 99.9900 dB] [ET    20 ] [L0 ] [L1 ]
POC  437 TId: 0 ( I-SLICE, QP 26 )   13889328 bits [Y 99.9900 dB    U 99.9900 dB    V 99.9900 dB] [ET    20 ] [L0 ] [L1 ]
POC  438 TId: 0 ( I-SLICE, QP 26 )   13893792 bits [Y 99.9900 dB    U 99.9900 dB    V 99.9900 dB] [ET    20 ] [L0 ] [L1 ]
POC  439 TId: 0 ( I-SLICE, QP 26 )   13890752 bits [Y 99.9900 dB    U 99.9900 dB    V 99.9900 dB] [ET    20 ] [L0 ] [L1 ]
POC  440 TId: 0 ( I-SLICE, QP 26 )   13882424 bits [Y 99.9900 dB    U 99.9900 dB    V 99.9900 dB] [ET    20 ] [L0 ] [L1 ]
POC  441 TId: 0 ( I-SLICE, QP 26 )   13900456 bits [Y 99.9900 dB    U 99.9900 dB    V 99.9900 dB] [ET    19 ] [L0 ] [L1 ]
POC  442 TId: 0 ( I-SLICE, QP 26 )   13894360 bits [Y 99.9900 dB    U 99.9900 dB    V 99.9900 dB] [ET    17 ] [L0 ] [L1 ]
POC  443 TId: 0 ( I-SLICE, QP 26 )   13889656 bits [Y 99.9900 dB    U 99.9900 dB    V 99.9900 dB] [ET    17 ] [L0 ] [L1 ]
POC  444 TId: 0 ( I-SLICE, QP 26 )   13900128 bits [Y 99.9900 dB    U 99.9900 dB    V 99.9900 dB] [ET    18 ] [L0 ] [L1 ]
POC  445 TId: 0 ( I-SLICE, QP 26 )   13895448 bits [Y 99.9900 dB    U 99.9900 dB    V 99.9900 dB] [ET    17 ] [L0 ] [L1 ]
POC  446 TId: 0 ( I-SLICE, QP 26 )   13894040 bits [Y 99.9900 dB    U 99.9900 dB    V 99.9900 dB] [ET    19 ] [L0 ] [L1 ]
POC  447 TId: 0 ( I-SLICE, QP 26 )   13908336 bits [Y 99.9900 dB    U 99.9900 dB    V 99.9900 dB] [ET    20 ] [L0 ] [L1 ]
POC  448 TId: 0 ( I-SLICE, QP 26 )   13895400 bits [Y 99.9900 dB    U 99.9900 dB    V 99.9900 dB] [ET    20 ] [L0 ] [L1 ]
POC  449 TId: 0 ( I-SLICE, QP 26 )   13888360 bits [Y 99.9900 dB    U 99.9900 dB    V 99.9900 dB] [ET    20 ] [L0 ] [L1 ]
POC  450 TId: 0 ( I-SLICE, QP 26 )   13888312 bits [Y 99.9900 dB    U 99.9900 dB    V 99.9900 dB] [ET    20 ] [L0 ] [L1 ]
POC  451 TId: 0 ( I-SLICE, QP 26 )   13900528 bits [Y 99.9900 dB    U 99.9900 dB    V 99.9900 dB] [ET    20 ] [L0 ] [L1 ]
POC  452 TId: 0 ( I-SLICE, QP 26 )   13891136 bits [Y 99.9900 dB    U 99.9900 dB    V 99.9900 dB] [ET    20 ] [L0 ] [L1 ]
POC  453 TId: 0 ( I-SLICE, QP 26 )   13894832 bits [Y 99.9900 dB    U 99.9900 dB    V 99.9900 dB] [ET    20 ] [L0 ] [L1 ]
POC  454 TId: 0 ( I-SLICE, QP 26 )   13901464 bits [Y 99.9900 dB    U 99.9900 dB    V 99.9900 dB] [ET    20 ] [L0 ] [L1 ]
POC  455 TId: 0 ( I-SLICE, QP 26 )   13903760 bits [Y 99.9900 dB    U 99.9900 dB    V 99.9900 dB] [ET    20 ] [L0 ] [L1 ]
POC  456 TId: 0 ( I-SLICE, QP 26 )   13890672 bits [Y 99.9900 dB    U 99.9900 dB    V 99.9900 dB] [ET    20 ] [L0 ] [L1 ]
POC  457 TId: 0 ( I-SLICE, QP 26 )   13890544 bits [Y 99.9900 dB    U 99.9900 dB    V 99.9900 dB] [ET    20 ] [L0 ] [L1 ]
POC  458 TId: 0 ( I-SLICE, QP 26 )   13894168 bits [Y 99.9900 dB    U 99.9900 dB    V 99.9900 dB] [ET    20 ] [L0 ] [L1 ]
POC  459 TId: 0 ( I-SLICE, QP 26 )   13898456 bits [Y 99.9900 dB    U 99.9900 dB    V 99.9900 dB] [ET    20 ] [L0 ] [L1 ]
POC  460 TId: 0 ( I-SLICE, QP 26 )   13890208 bits [Y 99.9900 dB    U 99.9900 dB    V 99.9900 dB] [ET    20 ] [L0 ] [L1 ]
POC  461 TId: 0 ( I-SLICE, QP 26 )   13905408 bits [Y 99.9900 dB    U 99.9900 dB    V 99.9900 dB] [ET    21 ] [L0 ] [L1 ]
POC  462 TId: 0 ( I-SLICE, QP 26 )   13890152 bits [Y 99.9900 dB    U 99.9900 dB    V 99.9900 dB] [ET    20 ] [L0 ] [L1 ]
POC  463 TId: 0 ( I-SLICE, QP 26 )   13897712 bits [Y 99.9900 dB    U 99.9900 dB    V 99.9900 dB] [ET    20 ] [L0 ] [L1 ]
POC  464 TId: 0 ( I-SLICE, QP 26 )   13898392 bits [Y 99.9900 dB    U 99.9900 dB    V 99.9900 dB] [ET    20 ] [L0 ] [L1 ]
POC  465 TId: 0 ( I-SLICE, QP 26 )   13891976 bits [Y 99.9900 dB    U 99.9900 dB    V 99.9900 dB] [ET    20 ] [L0 ] [L1 ]
POC  466 TId: 0 ( I-SLICE, QP 26 )   13893208 bits [Y 99.9900 dB    U 99.9900 dB    V 99.9900 dB] [ET    21 ] [L0 ] [L1 ]
POC  467 TId: 0 ( I-SLICE, QP 26 )   13911816 bits [Y 99.9900 dB    U 99.9900 dB    V 99.9900 dB] [ET    20 ] [L0 ] [L1 ]
POC  468 TId: 0 ( I-SLICE, QP 26 )   13895720 bits [Y 99.9900 dB    U 99.9900 dB    V 99.9900 dB] [ET    21 ] [L0 ] [L1 ]
POC  469 TId: 0 ( I-SLICE, QP 26 )   13902552 bits [Y 99.9900 dB    U 99.9900 dB    V 99.9900 dB] [ET    20 ] [L0 ] [L1 ]
POC  470 TId: 0 ( I-SLICE, QP 26 )   13916120 bits [Y 99.9900 dB    U 99.9900 dB    V 99.9900 dB] [ET    20 ] [L0 ] [L1 ]
POC  471 TId: 0 ( I-SLICE, QP 26 )   13906056 bits [Y 99.9900 dB    U 99.9900 dB    V 99.9900 dB] [ET    20 ] [L0 ] [L1 ]
POC  472 TId: 0 ( I-SLICE, QP 26 )   13907304 bits [Y 99.9900 dB    U 99.9900 dB    V 99.9900 dB] [ET    20 ] [L0 ] [L1 ]
POC  473 TId: 0 ( I-SLICE, QP 26 )   13915952 bits [Y 99.9900 dB    U 99.9900 dB    V 99.9900 dB] [ET    20 ] [L0 ] [L1 ]
POC  474 TId: 0 ( I-SLICE, QP 26 )   13910296 bits [Y 99.9900 dB    U 99.9900 dB    V 99.9900 dB] [ET    21 ] [L0 ] [L1 ]
POC  475 TId: 0 ( I-SLICE, QP 26 )   13916928 bits [Y 99.9900 dB    U 99.9900 dB    V 99.9900 dB] [ET    20 ] [L0 ] [L1 ]
POC  476 TId: 0 ( I-SLICE, QP 26 )   13919984 bits [Y 99.9900 dB    U 99.9900 dB    V 99.9900 dB] [ET    20 ] [L0 ] [L1 ]
POC  477 TId: 0 ( I-SLICE, QP 26 )   13920344 bits [Y 99.9900 dB    U 99.9900 dB    V 99.9900 dB] [ET    20 ] [L0 ] [L1 ]
POC  478 TId: 0 ( I-SLICE, QP 26 )   13921720 bits [Y 99.9900 dB    U 99.9900 dB    V 99.9900 dB] [ET    20 ] [L0 ] [L1 ]
POC  479 TId: 0 ( I-SLICE, QP 26 )   13918776 bits [Y 99.9900 dB    U 99.9900 dB    V 99.9900 dB] [ET    20 ] [L0 ] [L1 ]
POC  480 TId: 0 ( I-SLICE, QP 26 )   13924520 bits [Y 99.9900 dB    U 99.9900 dB    V 99.9900 dB] [ET    20 ] [L0 ] [L1 ]
POC  481 TId: 0 ( I-SLICE, QP 26 )   13923880 bits [Y 99.9900 dB    U 99.9900 dB    V 99.9900 dB] [ET    20 ] [L0 ] [L1 ]
POC  482 TId: 0 ( I-SLICE, QP 26 )   13913032 bits [Y 99.9900 dB    U 99.9900 dB    V 99.9900 dB] [ET    20 ] [L0 ] [L1 ]
POC  483 TId: 0 ( I-SLICE, QP 26 )   13922312 bits [Y 99.9900 dB    U 99.9900 dB    V 99.9900 dB] [ET    20 ] [L0 ] [L1 ]
POC  484 TId: 0 ( I-SLICE, QP 26 )   13916720 bits [Y 99.9900 dB    U 99.9900 dB    V 99.9900 dB] [ET    20 ] [L0 ] [L1 ]
POC  485 TId: 0 ( I-SLICE, QP 26 )   13929288 bits [Y 99.9900 dB    U 99.9900 dB    V 99.9900 dB] [ET    20 ] [L0 ] [L1 ]
POC  486 TId: 0 ( I-SLICE, QP 26 )   13922504 bits [Y 99.9900 dB    U 99.9900 dB    V 99.9900 dB] [ET    20 ] [L0 ] [L1 ]
POC  487 TId: 0 ( I-SLICE, QP 26 )   13919232 bits [Y 99.9900 dB    U 99.9900 dB    V 99.9900 dB] [ET    20 ] [L0 ] [L1 ]
POC  488 TId: 0 ( I-SLICE, QP 26 )   13930696 bits [Y 99.9900 dB    U 99.9900 dB    V 99.9900 dB] [ET    21 ] [L0 ] [L1 ]
POC  489 TId: 0 ( I-SLICE, QP 26 )   13922808 bits [Y 99.9900 dB    U 99.9900 dB    V 99.9900 dB] [ET    20 ] [L0 ] [L1 ]
POC  490 TId: 0 ( I-SLICE, QP 26 )   13922560 bits [Y 99.9900 dB    U 99.9900 dB    V 99.9900 dB] [ET    20 ] [L0 ] [L1 ]
POC  491 TId: 0 ( I-SLICE, QP 26 )   13917056 bits [Y 99.9900 dB    U 99.9900 dB    V 99.9900 dB] [ET    21 ] [L0 ] [L1 ]
POC  492 TId: 0 ( I-SLICE, QP 26 )   13926832 bits [Y 99.9900 dB    U 99.9900 dB    V 99.9900 dB] [ET    20 ] [L0 ] [L1 ]
POC  493 TId: 0 ( I-SLICE, QP 26 )   13931264 bits [Y 99.9900 dB    U 99.9900 dB    V 99.9900 dB] [ET    20 ] [L0 ] [L1 ]
POC  494 TId: 0 ( I-SLICE, QP 26 )   13923824 bits [Y 99.9900 dB    U 99.9900 dB    V 99.9900 dB] [ET    20 ] [L0 ] [L1 ]
POC  495 TId: 0 ( I-SLICE, QP 26 )   13924976 bits [Y 99.9900 dB    U 99.9900 dB    V 99.9900 dB] [ET    20 ] [L0 ] [L1 ]
POC  496 TId: 0 ( I-SLICE, QP 26 )   13921424 bits [Y 99.9900 dB    U 99.9900 dB    V 99.9900 dB] [ET    21 ] [L0 ] [L1 ]
POC  497 TId: 0 ( I-SLICE, QP 26 )   13916680 bits [Y 99.9900 dB    U 99.9900 dB    V 99.9900 dB] [ET    21 ] [L0 ] [L1 ]
POC  498 TId: 0 ( I-SLICE, QP 26 )   13937352 bits [Y 99.9900 dB    U 99.9900 dB    V 99.9900 dB] [ET    20 ] [L0 ] [L1 ]
POC  499 TId: 0 ( I-SLICE, QP 26 )   13917152 bits [Y 99.9900 dB    U 99.9900 dB    V 99.9900 dB] [ET    20 ] [L0 ] [L1 ]
POC  500 TId: 0 ( I-SLICE, QP 26 )   13924664 bits [Y 99.9900 dB    U 99.9900 dB    V 99.9900 dB] [ET    21 ] [L0 ] [L1 ]
POC  501 TId: 0 ( I-SLICE, QP 26 )   13925632 bits [Y 99.9900 dB    U 99.9900 dB    V 99.9900 dB] [ET    20 ] [L0 ] [L1 ]
POC  502 TId: 0 ( I-SLICE, QP 26 )   13918256 bits [Y 99.9900 dB    U 99.9900 dB    V 99.9900 dB] [ET    21 ] [L0 ] [L1 ]
POC  503 TId: 0 ( I-SLICE, QP 26 )   13930808 bits [Y 99.9900 dB    U 99.9900 dB    V 99.9900 dB] [ET    21 ] [L0 ] [L1 ]
POC  504 TId: 0 ( I-SLICE, QP 26 )   13930960 bits [Y 99.9900 dB    U 99.9900 dB    V 99.9900 dB] [ET    20 ] [L0 ] [L1 ]
POC  505 TId: 0 ( I-SLICE, QP 26 )   13929936 bits [Y 99.9900 dB    U 99.9900 dB    V 99.9900 dB] [ET    20 ] [L0 ] [L1 ]
POC  506 TId: 0 ( I-SLICE, QP 26 )   13930256 bits [Y 99.9900 dB    U 99.9900 dB    V 99.9900 dB] [ET    20 ] [L0 ] [L1 ]
POC  507 TId: 0 ( I-SLICE, QP 26 )   13934960 bits [Y 99.9900 dB    U 99.9900 dB    V 99.9900 dB] [ET    20 ] [L0 ] [L1 ]
POC  508 TId: 0 ( I-SLICE, QP 26 )   13935688 bits [Y 99.9900 dB    U 99.9900 dB    V 99.9900 dB] [ET    20 ] [L0 ] [L1 ]
POC  509 TId: 0 ( I-SLICE, QP 26 )   13926424 bits [Y 99.9900 dB    U 99.9900 dB    V 99.9900 dB] [ET    21 ] [L0 ] [L1 ]
POC  510 TId: 0 ( I-SLICE, QP 26 )   13935416 bits [Y 99.9900 dB    U 99.9900 dB    V 99.9900 dB] [ET    20 ] [L0 ] [L1 ]
POC  511 TId: 0 ( I-SLICE, QP 26 )   13930608 bits [Y 99.9900 dB    U 99.9900 dB    V 99.9900 dB] [ET    20 ] [L0 ] [L1 ]
POC  512 TId: 0 ( I-SLICE, QP 26 )   13931328 bits [Y 99.9900 dB    U 99.9900 dB    V 99.9900 dB] [ET    20 ] [L0 ] [L1 ]
POC  513 TId: 0 ( I-SLICE, QP 26 )   13923776 bits [Y 99.9900 dB    U 99.9900 dB    V 99.9900 dB] [ET    20 ] [L0 ] [L1 ]
POC  514 TId: 0 ( I-SLICE, QP 26 )   13917544 bits [Y 99.9900 dB    U 99.9900 dB    V 99.9900 dB] [ET    21 ] [L0 ] [L1 ]
POC  515 TId: 0 ( I-SLICE, QP 26 )   13922216 bits [Y 99.9900 dB    U 99.9900 dB    V 99.9900 dB] [ET    20 ] [L0 ] [L1 ]
POC  516 TId: 0 ( I-SLICE, QP 26 )   13916168 bits [Y 99.9900 dB    U 99.9900 dB    V 99.9900 dB] [ET    20 ] [L0 ] [L1 ]
POC  517 TId: 0 ( I-SLICE, QP 26 )   13906584 bits [Y 99.9900 dB    U 99.9900 dB    V 99.9900 dB] [ET    20 ] [L0 ] [L1 ]
POC  518 TId: 0 ( I-SLICE, QP 26 )   13908368 bits [Y 99.9900 dB    U 99.9900 dB    V 99.9900 dB] [ET    21 ] [L0 ] [L1 ]
POC  519 TId: 0 ( I-SLICE, QP 26 )   13901424 bits [Y 99.9900 dB    U 99.9900 dB    V 99.9900 dB] [ET    21 ] [L0 ] [L1 ]
POC  520 TId: 0 ( I-SLICE, QP 26 )   13908616 bits [Y 99.9900 dB    U 99.9900 dB    V 99.9900 dB] [ET    20 ] [L0 ] [L1 ]
POC  521 TId: 0 ( I-SLICE, QP 26 )   13905920 bits [Y 99.9900 dB    U 99.9900 dB    V 99.9900 dB] [ET    21 ] [L0 ] [L1 ]
POC  522 TId: 0 ( I-SLICE, QP 26 )   13898376 bits [Y 99.9900 dB    U 99.9900 dB    V 99.9900 dB] [ET    20 ] [L0 ] [L1 ]
POC  523 TId: 0 ( I-SLICE, QP 26 )   13902352 bits [Y 99.9900 dB    U 99.9900 dB    V 99.9900 dB] [ET    21 ] [L0 ] [L1 ]
POC  524 TId: 0 ( I-SLICE, QP 26 )   13899408 bits [Y 99.9900 dB    U 99.9900 dB    V 99.9900 dB] [ET    20 ] [L0 ] [L1 ]
POC  525 TId: 0 ( I-SLICE, QP 26 )   13891120 bits [Y 99.9900 dB    U 99.9900 dB    V 99.9900 dB] [ET    20 ] [L0 ] [L1 ]
POC  526 TId: 0 ( I-SLICE, QP 26 )   13897616 bits [Y 99.9900 dB    U 99.9900 dB    V 99.9900 dB] [ET    20 ] [L0 ] [L1 ]
POC  527 TId: 0 ( I-SLICE, QP 26 )   13893104 bits [Y 99.9900 dB    U 99.9900 dB    V 99.9900 dB] [ET    20 ] [L0 ] [L1 ]
POC  528 TId: 0 ( I-SLICE, QP 26 )   13891624 bits [Y 99.9900 dB    U 99.9900 dB    V 99.9900 dB] [ET    20 ] [L0 ] [L1 ]
POC  529 TId: 0 ( I-SLICE, QP 26 )   13895440 bits [Y 99.9900 dB    U 99.9900 dB    V 99.9900 dB] [ET    20 ] [L0 ] [L1 ]
POC  530 TId: 0 ( I-SLICE, QP 26 )   13888952 bits [Y 99.9900 dB    U 99.9900 dB    V 99.9900 dB] [ET    21 ] [L0 ] [L1 ]
POC  531 TId: 0 ( I-SLICE, QP 26 )   13886112 bits [Y 99.9900 dB    U 99.9900 dB    V 99.9900 dB] [ET    20 ] [L0 ] [L1 ]
POC  532 TId: 0 ( I-SLICE, QP 26 )   13892720 bits [Y 99.9900 dB    U 99.9900 dB    V 99.9900 dB] [ET    21 ] [L0 ] [L1 ]
POC  533 TId: 0 ( I-SLICE, QP 26 )   13885088 bits [Y 99.9900 dB    U 99.9900 dB    V 99.9900 dB] [ET    21 ] [L0 ] [L1 ]
POC  534 TId: 0 ( I-SLICE, QP 26 )   13895640 bits [Y 99.9900 dB    U 99.9900 dB    V 99.9900 dB] [ET    21 ] [L0 ] [L1 ]
POC  535 TId: 0 ( I-SLICE, QP 26 )   13886448 bits [Y 99.9900 dB    U 99.9900 dB    V 99.9900 dB] [ET    20 ] [L0 ] [L1 ]
POC  536 TId: 0 ( I-SLICE, QP 26 )   13882032 bits [Y 99.9900 dB    U 99.9900 dB    V 99.9900 dB] [ET    20 ] [L0 ] [L1 ]
POC  537 TId: 0 ( I-SLICE, QP 26 )   13884984 bits [Y 99.9900 dB    U 99.9900 dB    V 99.9900 dB] [ET    20 ] [L0 ] [L1 ]
POC  538 TId: 0 ( I-SLICE, QP 26 )   13879032 bits [Y 99.9900 dB    U 99.9900 dB    V 99.9900 dB] [ET    21 ] [L0 ] [L1 ]
POC  539 TId: 0 ( I-SLICE, QP 26 )   13878712 bits [Y 99.9900 dB    U 99.9900 dB    V 99.9900 dB] [ET    20 ] [L0 ] [L1 ]
POC  540 TId: 0 ( I-SLICE, QP 26 )   13881528 bits [Y 99.9900 dB    U 99.9900 dB    V 99.9900 dB] [ET    20 ] [L0 ] [L1 ]
POC  541 TId: 0 ( I-SLICE, QP 26 )   13883200 bits [Y 99.9900 dB    U 99.9900 dB    V 99.9900 dB] [ET    20 ] [L0 ] [L1 ]
POC  542 TId: 0 ( I-SLICE, QP 26 )   13880936 bits [Y 99.9900 dB    U 99.9900 dB    V 99.9900 dB] [ET    20 ] [L0 ] [L1 ]
POC  543 TId: 0 ( I-SLICE, QP 26 )   13879936 bits [Y 99.9900 dB    U 99.9900 dB    V 99.9900 dB] [ET    20 ] [L0 ] [L1 ]
POC  544 TId: 0 ( I-SLICE, QP 26 )   13892432 bits [Y 99.9900 dB    U 99.9900 dB    V 99.9900 dB] [ET    20 ] [L0 ] [L1 ]
POC  545 TId: 0 ( I-SLICE, QP 26 )   13891304 bits [Y 99.9900 dB    U 99.9900 dB    V 99.9900 dB] [ET    21 ] [L0 ] [L1 ]
POC  546 TId: 0 ( I-SLICE, QP 26 )   13882472 bits [Y 99.9900 dB    U 99.9900 dB    V 99.9900 dB] [ET    20 ] [L0 ] [L1 ]
POC  547 TId: 0 ( I-SLICE, QP 26 )   13892472 bits [Y 99.9900 dB    U 99.9900 dB    V 99.9900 dB] [ET    20 ] [L0 ] [L1 ]
POC  548 TId: 0 ( I-SLICE, QP 26 )   13879304 bits [Y 99.9900 dB    U 99.9900 dB    V 99.9900 dB] [ET    20 ] [L0 ] [L1 ]
POC  549 TId: 0 ( I-SLICE, QP 26 )   13879544 bits [Y 99.9900 dB    U 99.9900 dB    V 99.9900 dB] [ET    20 ] [L0 ] [L1 ]
POC  550 TId: 0 ( I-SLICE, QP 26 )   13884656 bits [Y 99.9900 dB    U 99.9900 dB    V 99.9900 dB] [ET    21 ] [L0 ] [L1 ]
POC  551 TId: 0 ( I-SLICE, QP 26 )   13887072 bits [Y 99.9900 dB    U 99.9900 dB    V 99.9900 dB] [ET    20 ] [L0 ] [L1 ]
POC  552 TId: 0 ( I-SLICE, QP 26 )   13883496 bits [Y 99.9900 dB    U 99.9900 dB    V 99.9900 dB] [ET    20 ] [L0 ] [L1 ]
POC  553 TId: 0 ( I-SLICE, QP 26 )   13880792 bits [Y 99.9900 dB    U 99.9900 dB    V 99.9900 dB] [ET    20 ] [L0 ] [L1 ]
POC  554 TId: 0 ( I-SLICE, QP 26 )   13886024 bits [Y 99.9900 dB    U 99.9900 dB    V 99.9900 dB] [ET    20 ] [L0 ] [L1 ]
POC  555 TId: 0 ( I-SLICE, QP 26 )   13891192 bits [Y 99.9900 dB    U 99.9900 dB    V 99.9900 dB] [ET    20 ] [L0 ] [L1 ]
POC  556 TId: 0 ( I-SLICE, QP 26 )   13896352 bits [Y 99.9900 dB    U 99.9900 dB    V 99.9900 dB] [ET    20 ] [L0 ] [L1 ]
POC  557 TId: 0 ( I-SLICE, QP 26 )   13897632 bits [Y 99.9900 dB    U 99.9900 dB    V 99.9900 dB] [ET    20 ] [L0 ] [L1 ]
POC  558 TId: 0 ( I-SLICE, QP 26 )   13894688 bits [Y 99.9900 dB    U 99.9900 dB    V 99.9900 dB] [ET    20 ] [L0 ] [L1 ]
POC  559 TId: 0 ( I-SLICE, QP 26 )   13889392 bits [Y 99.9900 dB    U 99.9900 dB    V 99.9900 dB] [ET    20 ] [L0 ] [L1 ]
POC  560 TId: 0 ( I-SLICE, QP 26 )   13893064 bits [Y 99.9900 dB    U 99.9900 dB    V 99.9900 dB] [ET    20 ] [L0 ] [L1 ]
POC  561 TId: 0 ( I-SLICE, QP 26 )   13898928 bits [Y 99.9900 dB    U 99.9900 dB    V 99.9900 dB] [ET    20 ] [L0 ] [L1 ]
POC  562 TId: 0 ( I-SLICE, QP 26 )   13895632 bits [Y 99.9900 dB    U 99.9900 dB    V 99.9900 dB] [ET    20 ] [L0 ] [L1 ]
POC  563 TId: 0 ( I-SLICE, QP 26 )   13894760 bits [Y 99.9900 dB    U 99.9900 dB    V 99.9900 dB] [ET    20 ] [L0 ] [L1 ]
POC  564 TId: 0 ( I-SLICE, QP 26 )   13904776 bits [Y 99.9900 dB    U 99.9900 dB    V 99.9900 dB] [ET    20 ] [L0 ] [L1 ]
POC  565 TId: 0 ( I-SLICE, QP 26 )   13899920 bits [Y 99.9900 dB    U 99.9900 dB    V 99.9900 dB] [ET    20 ] [L0 ] [L1 ]
POC  566 TId: 0 ( I-SLICE, QP 26 )   13899096 bits [Y 99.9900 dB    U 99.9900 dB    V 99.9900 dB] [ET    20 ] [L0 ] [L1 ]
POC  567 TId: 0 ( I-SLICE, QP 26 )   13897192 bits [Y 99.9900 dB    U 99.9900 dB    V 99.9900 dB] [ET    20 ] [L0 ] [L1 ]
POC  568 TId: 0 ( I-SLICE, QP 26 )   13911384 bits [Y 99.9900 dB    U 99.9900 dB    V 99.9900 dB] [ET    20 ] [L0 ] [L1 ]
POC  569 TId: 0 ( I-SLICE, QP 26 )   13895752 bits [Y 99.9900 dB    U 99.9900 dB    V 99.9900 dB] [ET    20 ] [L0 ] [L1 ]
POC  570 TId: 0 ( I-SLICE, QP 26 )   13905088 bits [Y 99.9900 dB    U 99.9900 dB    V 99.9900 dB] [ET    21 ] [L0 ] [L1 ]
POC  571 TId: 0 ( I-SLICE, QP 26 )   13905120 bits [Y 99.9900 dB    U 99.9900 dB    V 99.9900 dB] [ET    20 ] [L0 ] [L1 ]
POC  572 TId: 0 ( I-SLICE, QP 26 )   13908696 bits [Y 99.9900 dB    U 99.9900 dB    V 99.9900 dB] [ET    20 ] [L0 ] [L1 ]
POC  573 TId: 0 ( I-SLICE, QP 26 )   13904640 bits [Y 99.9900 dB    U 99.9900 dB    V 99.9900 dB] [ET    21 ] [L0 ] [L1 ]
POC  574 TId: 0 ( I-SLICE, QP 26 )   13911504 bits [Y 99.9900 dB    U 99.9900 dB    V 99.9900 dB] [ET    20 ] [L0 ] [L1 ]
POC  575 TId: 0 ( I-SLICE, QP 26 )   13920504 bits [Y 99.9900 dB    U 99.9900 dB    V 99.9900 dB] [ET    20 ] [L0 ] [L1 ]
POC  576 TId: 0 ( I-SLICE, QP 26 )   13923936 bits [Y 99.9900 dB    U 99.9900 dB    V 99.9900 dB] [ET    20 ] [L0 ] [L1 ]
POC  577 TId: 0 ( I-SLICE, QP 26 )   13903608 bits [Y 99.9900 dB    U 99.9900 dB    V 99.9900 dB] [ET    20 ] [L0 ] [L1 ]
POC  578 TId: 0 ( I-SLICE, QP 26 )   13914584 bits [Y 99.9900 dB    U 99.9900 dB    V 99.9900 dB] [ET    21 ] [L0 ] [L1 ]
POC  579 TId: 0 ( I-SLICE, QP 26 )   13914328 bits [Y 99.9900 dB    U 99.9900 dB    V 99.9900 dB] [ET    20 ] [L0 ] [L1 ]
POC  580 TId: 0 ( I-SLICE, QP 26 )   13900320 bits [Y 99.9900 dB    U 99.9900 dB    V 99.9900 dB] [ET    20 ] [L0 ] [L1 ]
POC  581 TId: 0 ( I-SLICE, QP 26 )   13898888 bits [Y 99.9900 dB    U 99.9900 dB    V 99.9900 dB] [ET    21 ] [L0 ] [L1 ]
POC  582 TId: 0 ( I-SLICE, QP 26 )   13901664 bits [Y 99.9900 dB    U 99.9900 dB    V 99.9900 dB] [ET    20 ] [L0 ] [L1 ]
POC  583 TId: 0 ( I-SLICE, QP 26 )   13903800 bits [Y 99.9900 dB    U 99.9900 dB    V 99.9900 dB] [ET    21 ] [L0 ] [L1 ]
POC  584 TId: 0 ( I-SLICE, QP 26 )   13905792 bits [Y 99.9900 dB    U 99.9900 dB    V 99.9900 dB] [ET    20 ] [L0 ] [L1 ]
POC  585 TId: 0 ( I-SLICE, QP 26 )   13897048 bits [Y 99.9900 dB    U 99.9900 dB    V 99.9900 dB] [ET    20 ] [L0 ] [L1 ]
POC  586 TId: 0 ( I-SLICE, QP 26 )   13899584 bits [Y 99.9900 dB    U 99.9900 dB    V 99.9900 dB] [ET    20 ] [L0 ] [L1 ]
POC  587 TId: 0 ( I-SLICE, QP 26 )   13927128 bits [Y 99.9900 dB    U 99.9900 dB    V 99.9900 dB] [ET    20 ] [L0 ] [L1 ]
POC  588 TId: 0 ( I-SLICE, QP 26 )   13909568 bits [Y 99.9900 dB    U 99.9900 dB    V 99.9900 dB] [ET    20 ] [L0 ] [L1 ]
POC  589 TId: 0 ( I-SLICE, QP 26 )   13909488 bits [Y 99.9900 dB    U 99.9900 dB    V 99.9900 dB] [ET    20 ] [L0 ] [L1 ]
POC  590 TId: 0 ( I-SLICE, QP 26 )   13906104 bits [Y 99.9900 dB    U 99.9900 dB    V 99.9900 dB] [ET    20 ] [L0 ] [L1 ]
POC  591 TId: 0 ( I-SLICE, QP 26 )   13906712 bits [Y 99.9900 dB    U 99.9900 dB    V 99.9900 dB] [ET    20 ] [L0 ] [L1 ]
POC  592 TId: 0 ( I-SLICE, QP 26 )   13908360 bits [Y 99.9900 dB    U 99.9900 dB    V 99.9900 dB] [ET    20 ] [L0 ] [L1 ]
POC  593 TId: 0 ( I-SLICE, QP 26 )   13907728 bits [Y 99.9900 dB    U 99.9900 dB    V 99.9900 dB] [ET    21 ] [L0 ] [L1 ]
POC  594 TId: 0 ( I-SLICE, QP 26 )   13922248 bits [Y 99.9900 dB    U 99.9900 dB    V 99.9900 dB] [ET    20 ] [L0 ] [L1 ]
POC  595 TId: 0 ( I-SLICE, QP 26 )   13915160 bits [Y 99.9900 dB    U 99.9900 dB    V 99.9900 dB] [ET    20 ] [L0 ] [L1 ]
POC  596 TId: 0 ( I-SLICE, QP 26 )   13917912 bits [Y 99.9900 dB    U 99.9900 dB    V 99.9900 dB] [ET    20 ] [L0 ] [L1 ]
POC  597 TId: 0 ( I-SLICE, QP 26 )   13908688 bits [Y 99.9900 dB    U 99.9900 dB    V 99.9900 dB] [ET    20 ] [L0 ] [L1 ]
POC  598 TId: 0 ( I-SLICE, QP 26 )   13922680 bits [Y 99.9900 dB    U 99.9900 dB    V 99.9900 dB] [ET    21 ] [L0 ] [L1 ]
POC  599 TId: 0 ( I-SLICE, QP 26 )   13917544 bits [Y 99.9900 dB    U 99.9900 dB    V 99.9900 dB] [ET    21 ] [L0 ] [L1 ]


SUMMARY --------------------------------------------------------
	Total Frames |  Bitrate    Y-PSNR    U-PSNR    V-PSNR 
	      600    a 791941.6512   99.9900   99.9900   99.9900


I Slices--------------------------------------------------------
	Total Frames |  Bitrate    Y-PSNR    U-PSNR    V-PSNR 
	      600    i 791941.6512   99.9900   99.9900   99.9900


P Slices--------------------------------------------------------
	Total Frames |  Bitrate    Y-PSNR    U-PSNR    V-PSNR 
	        0    p        -nan      -nan      -nan      -nan


B Slices--------------------------------------------------------
	Total Frames |  Bitrate    Y-PSNR    U-PSNR    V-PSNR 
	        0    b        -nan      -nan      -nan      -nan

RVM: 0.000
Bytes written to file: 989929475 (791943.580 kbps)

 Total Time:    12694.656 sec.
