
HM software: Encoder Version [15.0][Linux][GCC 4.8.5][64 bit] 

Input          File          : ../../HEVC_test_sequence/ClassB/Cactus_1920x1080_50.yuv
Bitstream      File          : Cactus.bin
Reconstruction File          : Cactus.yuv
Real     Format              : 1920x1080 50Hz
Internal Format              : 1920x1080 50Hz
Frame/Field                  : Frame based coding
Frame index                  : 0 - 499 (500 frames)
CU size / depth              : 32 / 3
RQT trans. size (min / max)  : 4 / 32
Max RQT depth inter          : 3
Max RQT depth intra          : 1
Min PCM size                 : 8
Motion search range          : 64
Intra period                 : 1
Decoding refresh type        : 0
QP                           : 26.00
Max dQP signaling depth      : 0
Cb QP Offset                 : 0
Cr QP Offset                 : 0
QP adaptation                : 0 (range=0)
GOP size                     : 1
Internal bit depth           : (Y:8, C:8)
PCM sample bit depth         : (Y:8, C:8)
RateControl                  : 0
Max Num Merge Candidates     : 5

TOOL CFG: IBD:0 HAD:0 RDQ:0 RDQTS:0 RDpenalty:0 SQP:0 ASR:0 FEN:0 ECU:0 FDM:0 CFM:0 ESD:0 RQT:1 TransformSkip:0 TransformSkipFast:0 Slice: M=0 SliceSegment: M=0 CIP:0 SAO:0 PCM:0 TransQuantBypassEnabled: =1 WPP:0 WPB:0 PME:2  WaveFrontSynchro:0 WaveFrontSubstreams:1 ScalingList:0 TMVPMode:1  SignBitHidingFlag:1 RecalQP:0

POC    0 TId: 0 ( I-SLICE, QP 26 )   13098728 bits [Y 99.9900 dB    U 99.9900 dB    V 99.9900 dB] [ET    20 ] [L0 ] [L1 ]
POC    1 TId: 0 ( I-SLICE, QP 26 )   13102688 bits [Y 99.9900 dB    U 99.9900 dB    V 99.9900 dB] [ET    23 ] [L0 ] [L1 ]
POC    2 TId: 0 ( I-SLICE, QP 26 )   13113672 bits [Y 99.9900 dB    U 99.9900 dB    V 99.9900 dB] [ET    22 ] [L0 ] [L1 ]
POC    3 TId: 0 ( I-SLICE, QP 26 )   13121992 bits [Y 99.9900 dB    U 99.9900 dB    V 99.9900 dB] [ET    22 ] [L0 ] [L1 ]
POC    4 TId: 0 ( I-SLICE, QP 26 )   13137568 bits [Y 99.9900 dB    U 99.9900 dB    V 99.9900 dB] [ET    22 ] [L0 ] [L1 ]
POC    5 TId: 0 ( I-SLICE, QP 26 )   13166888 bits [Y 99.9900 dB    U 99.9900 dB    V 99.9900 dB] [ET    22 ] [L0 ] [L1 ]
POC    6 TId: 0 ( I-SLICE, QP 26 )   13184384 bits [Y 99.9900 dB    U 99.9900 dB    V 99.9900 dB] [ET    23 ] [L0 ] [L1 ]
POC    7 TId: 0 ( I-SLICE, QP 26 )   13173328 bits [Y 99.9900 dB    U 99.9900 dB    V 99.9900 dB] [ET    22 ] [L0 ] [L1 ]
POC    8 TId: 0 ( I-SLICE, QP 26 )   13153168 bits [Y 99.9900 dB    U 99.9900 dB    V 99.9900 dB] [ET    22 ] [L0 ] [L1 ]
POC    9 TId: 0 ( I-SLICE, QP 26 )   13149736 bits [Y 99.9900 dB    U 99.9900 dB    V 99.9900 dB] [ET    22 ] [L0 ] [L1 ]
POC   10 TId: 0 ( I-SLICE, QP 26 )   13138176 bits [Y 99.9900 dB    U 99.9900 dB    V 99.9900 dB] [ET    23 ] [L0 ] [L1 ]
POC   11 TId: 0 ( I-SLICE, QP 26 )   13132544 bits [Y 99.9900 dB    U 99.9900 dB    V 99.9900 dB] [ET    24 ] [L0 ] [L1 ]
POC   12 TId: 0 ( I-SLICE, QP 26 )   13122608 bits [Y 99.9900 dB    U 99.9900 dB    V 99.9900 dB] [ET    24 ] [L0 ] [L1 ]
POC   13 TId: 0 ( I-SLICE, QP 26 )   13126088 bits [Y 99.9900 dB    U 99.9900 dB    V 99.9900 dB] [ET    24 ] [L0 ] [L1 ]
POC   14 TId: 0 ( I-SLICE, QP 26 )   13120760 bits [Y 99.9900 dB    U 99.9900 dB    V 99.9900 dB] [ET    24 ] [L0 ] [L1 ]
POC   15 TId: 0 ( I-SLICE, QP 26 )   13115712 bits [Y 99.9900 dB    U 99.9900 dB    V 99.9900 dB] [ET    24 ] [L0 ] [L1 ]
POC   16 TId: 0 ( I-SLICE, QP 26 )   13106736 bits [Y 99.9900 dB    U 99.9900 dB    V 99.9900 dB] [ET    24 ] [L0 ] [L1 ]
POC   17 TId: 0 ( I-SLICE, QP 26 )   13104632 bits [Y 99.9900 dB    U 99.9900 dB    V 99.9900 dB] [ET    24 ] [L0 ] [L1 ]
POC   18 TId: 0 ( I-SLICE, QP 26 )   13109256 bits [Y 99.9900 dB    U 99.9900 dB    V 99.9900 dB] [ET    24 ] [L0 ] [L1 ]
POC   19 TId: 0 ( I-SLICE, QP 26 )   13123704 bits [Y 99.9900 dB    U 99.9900 dB    V 99.9900 dB] [ET    23 ] [L0 ] [L1 ]
POC   20 TId: 0 ( I-SLICE, QP 26 )   13119080 bits [Y 99.9900 dB    U 99.9900 dB    V 99.9900 dB] [ET    24 ] [L0 ] [L1 ]
POC   21 TId: 0 ( I-SLICE, QP 26 )   13112400 bits [Y 99.9900 dB    U 99.9900 dB    V 99.9900 dB] [ET    24 ] [L0 ] [L1 ]
POC   22 TId: 0 ( I-SLICE, QP 26 )   13107648 bits [Y 99.9900 dB    U 99.9900 dB    V 99.9900 dB] [ET    23 ] [L0 ] [L1 ]
POC   23 TId: 0 ( I-SLICE, QP 26 )   13113328 bits [Y 99.9900 dB    U 99.9900 dB    V 99.9900 dB] [ET    24 ] [L0 ] [L1 ]
POC   24 TId: 0 ( I-SLICE, QP 26 )   13108544 bits [Y 99.9900 dB    U 99.9900 dB    V 99.9900 dB] [ET    23 ] [L0 ] [L1 ]
POC   25 TId: 0 ( I-SLICE, QP 26 )   13110376 bits [Y 99.9900 dB    U 99.9900 dB    V 99.9900 dB] [ET    23 ] [L0 ] [L1 ]
POC   26 TId: 0 ( I-SLICE, QP 26 )   13106712 bits [Y 99.9900 dB    U 99.9900 dB    V 99.9900 dB] [ET    23 ] [L0 ] [L1 ]
POC   27 TId: 0 ( I-SLICE, QP 26 )   13107160 bits [Y 99.9900 dB    U 99.9900 dB    V 99.9900 dB] [ET    24 ] [L0 ] [L1 ]
POC   28 TId: 0 ( I-SLICE, QP 26 )   13102600 bits [Y 99.9900 dB    U 99.9900 dB    V 99.9900 dB] [ET    23 ] [L0 ] [L1 ]
POC   29 TId: 0 ( I-SLICE, QP 26 )   13104264 bits [Y 99.9900 dB    U 99.9900 dB    V 99.9900 dB] [ET    23 ] [L0 ] [L1 ]
POC   30 TId: 0 ( I-SLICE, QP 26 )   13098624 bits [Y 99.9900 dB    U 99.9900 dB    V 99.9900 dB] [ET    23 ] [L0 ] [L1 ]
POC   31 TId: 0 ( I-SLICE, QP 26 )   13106352 bits [Y 99.9900 dB    U 99.9900 dB    V 99.9900 dB] [ET    23 ] [L0 ] [L1 ]
POC   32 TId: 0 ( I-SLICE, QP 26 )   13117952 bits [Y 99.9900 dB    U 99.9900 dB    V 99.9900 dB] [ET    24 ] [L0 ] [L1 ]
POC   33 TId: 0 ( I-SLICE, QP 26 )   13125472 bits [Y 99.9900 dB    U 99.9900 dB    V 99.9900 dB] [ET    23 ] [L0 ] [L1 ]
POC   34 TId: 0 ( I-SLICE, QP 26 )   13134816 bits [Y 99.9900 dB    U 99.9900 dB    V 99.9900 dB] [ET    23 ] [L0 ] [L1 ]
POC   35 TId: 0 ( I-SLICE, QP 26 )   13129976 bits [Y 99.9900 dB    U 99.9900 dB    V 99.9900 dB] [ET    24 ] [L0 ] [L1 ]
POC   36 TId: 0 ( I-SLICE, QP 26 )   13131752 bits [Y 99.9900 dB    U 99.9900 dB    V 99.9900 dB] [ET    24 ] [L0 ] [L1 ]
POC   37 TId: 0 ( I-SLICE, QP 26 )   13138752 bits [Y 99.9900 dB    U 99.9900 dB    V 99.9900 dB] [ET    24 ] [L0 ] [L1 ]
POC   38 TId: 0 ( I-SLICE, QP 26 )   13143488 bits [Y 99.9900 dB    U 99.9900 dB    V 99.9900 dB] [ET    23 ] [L0 ] [L1 ]
POC   39 TId: 0 ( I-SLICE, QP 26 )   13147408 bits [Y 99.9900 dB    U 99.9900 dB    V 99.9900 dB] [ET    24 ] [L0 ] [L1 ]
POC   40 TId: 0 ( I-SLICE, QP 26 )   13143488 bits [Y 99.9900 dB    U 99.9900 dB    V 99.9900 dB] [ET    24 ] [L0 ] [L1 ]
POC   41 TId: 0 ( I-SLICE, QP 26 )   13132712 bits [Y 99.9900 dB    U 99.9900 dB    V 99.9900 dB] [ET    24 ] [L0 ] [L1 ]
POC   42 TId: 0 ( I-SLICE, QP 26 )   13119608 bits [Y 99.9900 dB    U 99.9900 dB    V 99.9900 dB] [ET    24 ] [L0 ] [L1 ]
POC   43 TId: 0 ( I-SLICE, QP 26 )   13111488 bits [Y 99.9900 dB    U 99.9900 dB    V 99.9900 dB] [ET    24 ] [L0 ] [L1 ]
POC   44 TId: 0 ( I-SLICE, QP 26 )   13098216 bits [Y 99.9900 dB    U 99.9900 dB    V 99.9900 dB] [ET    23 ] [L0 ] [L1 ]
POC   45 TId: 0 ( I-SLICE, QP 26 )   13108184 bits [Y 99.9900 dB    U 99.9900 dB    V 99.9900 dB] [ET    24 ] [L0 ] [L1 ]
POC   46 TId: 0 ( I-SLICE, QP 26 )   13120296 bits [Y 99.9900 dB    U 99.9900 dB    V 99.9900 dB] [ET    24 ] [L0 ] [L1 ]
POC   47 TId: 0 ( I-SLICE, QP 26 )   13118840 bits [Y 99.9900 dB    U 99.9900 dB    V 99.9900 dB] [ET    24 ] [L0 ] [L1 ]
POC   48 TId: 0 ( I-SLICE, QP 26 )   13112040 bits [Y 99.9900 dB    U 99.9900 dB    V 99.9900 dB] [ET    23 ] [L0 ] [L1 ]
POC   49 TId: 0 ( I-SLICE, QP 26 )   13110032 bits [Y 99.9900 dB    U 99.9900 dB    V 99.9900 dB] [ET    24 ] [L0 ] [L1 ]
POC   50 TId: 0 ( I-SLICE, QP 26 )   13108408 bits [Y 99.9900 dB    U 99.9900 dB    V 99.9900 dB] [ET    24 ] [L0 ] [L1 ]
POC   51 TId: 0 ( I-SLICE, QP 26 )   13124224 bits [Y 99.9900 dB    U 99.9900 dB    V 99.9900 dB] [ET    24 ] [L0 ] [L1 ]
POC   52 TId: 0 ( I-SLICE, QP 26 )   13119264 bits [Y 99.9900 dB    U 99.9900 dB    V 99.9900 dB] [ET    24 ] [L0 ] [L1 ]
POC   53 TId: 0 ( I-SLICE, QP 26 )   13113584 bits [Y 99.9900 dB    U 99.9900 dB    V 99.9900 dB] [ET    24 ] [L0 ] [L1 ]
POC   54 TId: 0 ( I-SLICE, QP 26 )   13126328 bits [Y 99.9900 dB    U 99.9900 dB    V 99.9900 dB] [ET    23 ] [L0 ] [L1 ]
POC   55 TId: 0 ( I-SLICE, QP 26 )   13123944 bits [Y 99.9900 dB    U 99.9900 dB    V 99.9900 dB] [ET    24 ] [L0 ] [L1 ]
POC   56 TId: 0 ( I-SLICE, QP 26 )   13128152 bits [Y 99.9900 dB    U 99.9900 dB    V 99.9900 dB] [ET    24 ] [L0 ] [L1 ]
POC   57 TId: 0 ( I-SLICE, QP 26 )   13139224 bits [Y 99.9900 dB    U 99.9900 dB    V 99.9900 dB] [ET    23 ] [L0 ] [L1 ]
POC   58 TId: 0 ( I-SLICE, QP 26 )   13150720 bits [Y 99.9900 dB    U 99.9900 dB    V 99.9900 dB] [ET    24 ] [L0 ] [L1 ]
POC   59 TId: 0 ( I-SLICE, QP 26 )   13157936 bits [Y 99.9900 dB    U 99.9900 dB    V 99.9900 dB] [ET    24 ] [L0 ] [L1 ]
POC   60 TId: 0 ( I-SLICE, QP 26 )   13165824 bits [Y 99.9900 dB    U 99.9900 dB    V 99.9900 dB] [ET    24 ] [L0 ] [L1 ]
POC   61 TId: 0 ( I-SLICE, QP 26 )   13165096 bits [Y 99.9900 dB    U 99.9900 dB    V 99.9900 dB] [ET    23 ] [L0 ] [L1 ]
POC   62 TId: 0 ( I-SLICE, QP 26 )   13161008 bits [Y 99.9900 dB    U 99.9900 dB    V 99.9900 dB] [ET    24 ] [L0 ] [L1 ]
POC   63 TId: 0 ( I-SLICE, QP 26 )   13166504 bits [Y 99.9900 dB    U 99.9900 dB    V 99.9900 dB] [ET    23 ] [L0 ] [L1 ]
POC   64 TId: 0 ( I-SLICE, QP 26 )   13149248 bits [Y 99.9900 dB    U 99.9900 dB    V 99.9900 dB] [ET    24 ] [L0 ] [L1 ]
POC   65 TId: 0 ( I-SLICE, QP 26 )   13140392 bits [Y 99.9900 dB    U 99.9900 dB    V 99.9900 dB] [ET    23 ] [L0 ] [L1 ]
POC   66 TId: 0 ( I-SLICE, QP 26 )   13127176 bits [Y 99.9900 dB    U 99.9900 dB    V 99.9900 dB] [ET    24 ] [L0 ] [L1 ]
POC   67 TId: 0 ( I-SLICE, QP 26 )   13119312 bits [Y 99.9900 dB    U 99.9900 dB    V 99.9900 dB] [ET    24 ] [L0 ] [L1 ]
POC   68 TId: 0 ( I-SLICE, QP 26 )   13102896 bits [Y 99.9900 dB    U 99.9900 dB    V 99.9900 dB] [ET    24 ] [L0 ] [L1 ]
POC   69 TId: 0 ( I-SLICE, QP 26 )   13090376 bits [Y 99.9900 dB    U 99.9900 dB    V 99.9900 dB] [ET    24 ] [L0 ] [L1 ]
POC   70 TId: 0 ( I-SLICE, QP 26 )   13080160 bits [Y 99.9900 dB    U 99.9900 dB    V 99.9900 dB] [ET    24 ] [L0 ] [L1 ]
POC   71 TId: 0 ( I-SLICE, QP 26 )   13082464 bits [Y 99.9900 dB    U 99.9900 dB    V 99.9900 dB] [ET    24 ] [L0 ] [L1 ]
POC   72 TId: 0 ( I-SLICE, QP 26 )   13075776 bits [Y 99.9900 dB    U 99.9900 dB    V 99.9900 dB] [ET    23 ] [L0 ] [L1 ]
POC   73 TId: 0 ( I-SLICE, QP 26 )   13065512 bits [Y 99.9900 dB    U 99.9900 dB    V 99.9900 dB] [ET    24 ] [L0 ] [L1 ]
POC   74 TId: 0 ( I-SLICE, QP 26 )   13064624 bits [Y 99.9900 dB    U 99.9900 dB    V 99.9900 dB] [ET    24 ] [L0 ] [L1 ]
POC   75 TId: 0 ( I-SLICE, QP 26 )   13059032 bits [Y 99.9900 dB    U 99.9900 dB    V 99.9900 dB] [ET    24 ] [L0 ] [L1 ]
POC   76 TId: 0 ( I-SLICE, QP 26 )   13057960 bits [Y 99.9900 dB    U 99.9900 dB    V 99.9900 dB] [ET    24 ] [L0 ] [L1 ]
POC   77 TId: 0 ( I-SLICE, QP 26 )   13064800 bits [Y 99.9900 dB    U 99.9900 dB    V 99.9900 dB] [ET    24 ] [L0 ] [L1 ]
POC   78 TId: 0 ( I-SLICE, QP 26 )   13052216 bits [Y 99.9900 dB    U 99.9900 dB    V 99.9900 dB] [ET    24 ] [L0 ] [L1 ]
POC   79 TId: 0 ( I-SLICE, QP 26 )   13045440 bits [Y 99.9900 dB    U 99.9900 dB    V 99.9900 dB] [ET    24 ] [L0 ] [L1 ]
POC   80 TId: 0 ( I-SLICE, QP 26 )   13045448 bits [Y 99.9900 dB    U 99.9900 dB    V 99.9900 dB] [ET    24 ] [L0 ] [L1 ]
POC   81 TId: 0 ( I-SLICE, QP 26 )   13042896 bits [Y 99.9900 dB    U 99.9900 dB    V 99.9900 dB] [ET    24 ] [L0 ] [L1 ]
POC   82 TId: 0 ( I-SLICE, QP 26 )   13051120 bits [Y 99.9900 dB    U 99.9900 dB    V 99.9900 dB] [ET    24 ] [L0 ] [L1 ]
POC   83 TId: 0 ( I-SLICE, QP 26 )   13058752 bits [Y 99.9900 dB    U 99.9900 dB    V 99.9900 dB] [ET    24 ] [L0 ] [L1 ]
POC   84 TId: 0 ( I-SLICE, QP 26 )   13067936 bits [Y 99.9900 dB    U 99.9900 dB    V 99.9900 dB] [ET    24 ] [L0 ] [L1 ]
POC   85 TId: 0 ( I-SLICE, QP 26 )   13067192 bits [Y 99.9900 dB    U 99.9900 dB    V 99.9900 dB] [ET    24 ] [L0 ] [L1 ]
POC   86 TId: 0 ( I-SLICE, QP 26 )   13070976 bits [Y 99.9900 dB    U 99.9900 dB    V 99.9900 dB] [ET    24 ] [L0 ] [L1 ]
POC   87 TId: 0 ( I-SLICE, QP 26 )   13060472 bits [Y 99.9900 dB    U 99.9900 dB    V 99.9900 dB] [ET    24 ] [L0 ] [L1 ]
POC   88 TId: 0 ( I-SLICE, QP 26 )   13044672 bits [Y 99.9900 dB    U 99.9900 dB    V 99.9900 dB] [ET    24 ] [L0 ] [L1 ]
POC   89 TId: 0 ( I-SLICE, QP 26 )   13036728 bits [Y 99.9900 dB    U 99.9900 dB    V 99.9900 dB] [ET    24 ] [L0 ] [L1 ]
POC   90 TId: 0 ( I-SLICE, QP 26 )   13039208 bits [Y 99.9900 dB    U 99.9900 dB    V 99.9900 dB] [ET    24 ] [L0 ] [L1 ]
POC   91 TId: 0 ( I-SLICE, QP 26 )   13030784 bits [Y 99.9900 dB    U 99.9900 dB    V 99.9900 dB] [ET    24 ] [L0 ] [L1 ]
POC   92 TId: 0 ( I-SLICE, QP 26 )   13021256 bits [Y 99.9900 dB    U 99.9900 dB    V 99.9900 dB] [ET    24 ] [L0 ] [L1 ]
POC   93 TId: 0 ( I-SLICE, QP 26 )   13010160 bits [Y 99.9900 dB    U 99.9900 dB    V 99.9900 dB] [ET    25 ] [L0 ] [L1 ]
POC   94 TId: 0 ( I-SLICE, QP 26 )   13013040 bits [Y 99.9900 dB    U 99.9900 dB    V 99.9900 dB] [ET    24 ] [L0 ] [L1 ]
POC   95 TId: 0 ( I-SLICE, QP 26 )   13002544 bits [Y 99.9900 dB    U 99.9900 dB    V 99.9900 dB] [ET    24 ] [L0 ] [L1 ]
POC   96 TId: 0 ( I-SLICE, QP 26 )   13015152 bits [Y 99.9900 dB    U 99.9900 dB    V 99.9900 dB] [ET    24 ] [L0 ] [L1 ]
POC   97 TId: 0 ( I-SLICE, QP 26 )   13024328 bits [Y 99.9900 dB    U 99.9900 dB    V 99.9900 dB] [ET    23 ] [L0 ] [L1 ]
POC   98 TId: 0 ( I-SLICE, QP 26 )   13018928 bits [Y 99.9900 dB    U 99.9900 dB    V 99.9900 dB] [ET    23 ] [L0 ] [L1 ]
POC   99 TId: 0 ( I-SLICE, QP 26 )   13036424 bits [Y 99.9900 dB    U 99.9900 dB    V 99.9900 dB] [ET    23 ] [L0 ] [L1 ]
POC  100 TId: 0 ( I-SLICE, QP 26 )   13037072 bits [Y 99.9900 dB    U 99.9900 dB    V 99.9900 dB] [ET    22 ] [L0 ] [L1 ]
POC  101 TId: 0 ( I-SLICE, QP 26 )   13030792 bits [Y 99.9900 dB    U 99.9900 dB    V 99.9900 dB] [ET    23 ] [L0 ] [L1 ]
POC  102 TId: 0 ( I-SLICE, QP 26 )   13026648 bits [Y 99.9900 dB    U 99.9900 dB    V 99.9900 dB] [ET    22 ] [L0 ] [L1 ]
POC  103 TId: 0 ( I-SLICE, QP 26 )   13031936 bits [Y 99.9900 dB    U 99.9900 dB    V 99.9900 dB] [ET    23 ] [L0 ] [L1 ]
POC  104 TId: 0 ( I-SLICE, QP 26 )   13033160 bits [Y 99.9900 dB    U 99.9900 dB    V 99.9900 dB] [ET    23 ] [L0 ] [L1 ]
POC  105 TId: 0 ( I-SLICE, QP 26 )   13025216 bits [Y 99.9900 dB    U 99.9900 dB    V 99.9900 dB] [ET    23 ] [L0 ] [L1 ]
POC  106 TId: 0 ( I-SLICE, QP 26 )   13029072 bits [Y 99.9900 dB    U 99.9900 dB    V 99.9900 dB] [ET    23 ] [L0 ] [L1 ]
POC  107 TId: 0 ( I-SLICE, QP 26 )   13018288 bits [Y 99.9900 dB    U 99.9900 dB    V 99.9900 dB] [ET    22 ] [L0 ] [L1 ]
POC  108 TId: 0 ( I-SLICE, QP 26 )   13024192 bits [Y 99.9900 dB    U 99.9900 dB    V 99.9900 dB] [ET    22 ] [L0 ] [L1 ]
POC  109 TId: 0 ( I-SLICE, QP 26 )   13033976 bits [Y 99.9900 dB    U 99.9900 dB    V 99.9900 dB] [ET    22 ] [L0 ] [L1 ]
POC  110 TId: 0 ( I-SLICE, QP 26 )   13039600 bits [Y 99.9900 dB    U 99.9900 dB    V 99.9900 dB] [ET    22 ] [L0 ] [L1 ]
POC  111 TId: 0 ( I-SLICE, QP 26 )   13054016 bits [Y 99.9900 dB    U 99.9900 dB    V 99.9900 dB] [ET    22 ] [L0 ] [L1 ]
POC  112 TId: 0 ( I-SLICE, QP 26 )   13053880 bits [Y 99.9900 dB    U 99.9900 dB    V 99.9900 dB] [ET    22 ] [L0 ] [L1 ]
POC  113 TId: 0 ( I-SLICE, QP 26 )   13057712 bits [Y 99.9900 dB    U 99.9900 dB    V 99.9900 dB] [ET    22 ] [L0 ] [L1 ]
POC  114 TId: 0 ( I-SLICE, QP 26 )   13075352 bits [Y 99.9900 dB    U 99.9900 dB    V 99.9900 dB] [ET    22 ] [L0 ] [L1 ]
POC  115 TId: 0 ( I-SLICE, QP 26 )   13085432 bits [Y 99.9900 dB    U 99.9900 dB    V 99.9900 dB] [ET    22 ] [L0 ] [L1 ]
POC  116 TId: 0 ( I-SLICE, QP 26 )   13087176 bits [Y 99.9900 dB    U 99.9900 dB    V 99.9900 dB] [ET    22 ] [L0 ] [L1 ]
POC  117 TId: 0 ( I-SLICE, QP 26 )   13081304 bits [Y 99.9900 dB    U 99.9900 dB    V 99.9900 dB] [ET    22 ] [L0 ] [L1 ]
POC  118 TId: 0 ( I-SLICE, QP 26 )   13070648 bits [Y 99.9900 dB    U 99.9900 dB    V 99.9900 dB] [ET    22 ] [L0 ] [L1 ]
POC  119 TId: 0 ( I-SLICE, QP 26 )   13062232 bits [Y 99.9900 dB    U 99.9900 dB    V 99.9900 dB] [ET    22 ] [L0 ] [L1 ]
POC  120 TId: 0 ( I-SLICE, QP 26 )   13045544 bits [Y 99.9900 dB    U 99.9900 dB    V 99.9900 dB] [ET    22 ] [L0 ] [L1 ]
POC  121 TId: 0 ( I-SLICE, QP 26 )   13035088 bits [Y 99.9900 dB    U 99.9900 dB    V 99.9900 dB] [ET    21 ] [L0 ] [L1 ]
POC  122 TId: 0 ( I-SLICE, QP 26 )   13016768 bits [Y 99.9900 dB    U 99.9900 dB    V 99.9900 dB] [ET    21 ] [L0 ] [L1 ]
POC  123 TId: 0 ( I-SLICE, QP 26 )   13008312 bits [Y 99.9900 dB    U 99.9900 dB    V 99.9900 dB] [ET    22 ] [L0 ] [L1 ]
POC  124 TId: 0 ( I-SLICE, QP 26 )   12990400 bits [Y 99.9900 dB    U 99.9900 dB    V 99.9900 dB] [ET    24 ] [L0 ] [L1 ]
POC  125 TId: 0 ( I-SLICE, QP 26 )   12974640 bits [Y 99.9900 dB    U 99.9900 dB    V 99.9900 dB] [ET    24 ] [L0 ] [L1 ]
POC  126 TId: 0 ( I-SLICE, QP 26 )   12968184 bits [Y 99.9900 dB    U 99.9900 dB    V 99.9900 dB] [ET    24 ] [L0 ] [L1 ]
POC  127 TId: 0 ( I-SLICE, QP 26 )   12962544 bits [Y 99.9900 dB    U 99.9900 dB    V 99.9900 dB] [ET    24 ] [L0 ] [L1 ]
POC  128 TId: 0 ( I-SLICE, QP 26 )   12958728 bits [Y 99.9900 dB    U 99.9900 dB    V 99.9900 dB] [ET    24 ] [L0 ] [L1 ]
POC  129 TId: 0 ( I-SLICE, QP 26 )   12951872 bits [Y 99.9900 dB    U 99.9900 dB    V 99.9900 dB] [ET    24 ] [L0 ] [L1 ]
POC  130 TId: 0 ( I-SLICE, QP 26 )   12942072 bits [Y 99.9900 dB    U 99.9900 dB    V 99.9900 dB] [ET    24 ] [L0 ] [L1 ]
POC  131 TId: 0 ( I-SLICE, QP 26 )   12908976 bits [Y 99.9900 dB    U 99.9900 dB    V 99.9900 dB] [ET    25 ] [L0 ] [L1 ]
POC  132 TId: 0 ( I-SLICE, QP 26 )   12894000 bits [Y 99.9900 dB    U 99.9900 dB    V 99.9900 dB] [ET    24 ] [L0 ] [L1 ]
POC  133 TId: 0 ( I-SLICE, QP 26 )   12882736 bits [Y 99.9900 dB    U 99.9900 dB    V 99.9900 dB] [ET    25 ] [L0 ] [L1 ]
POC  134 TId: 0 ( I-SLICE, QP 26 )   12886280 bits [Y 99.9900 dB    U 99.9900 dB    V 99.9900 dB] [ET    24 ] [L0 ] [L1 ]
POC  135 TId: 0 ( I-SLICE, QP 26 )   12878920 bits [Y 99.9900 dB    U 99.9900 dB    V 99.9900 dB] [ET    24 ] [L0 ] [L1 ]
POC  136 TId: 0 ( I-SLICE, QP 26 )   12867200 bits [Y 99.9900 dB    U 99.9900 dB    V 99.9900 dB] [ET    24 ] [L0 ] [L1 ]
POC  137 TId: 0 ( I-SLICE, QP 26 )   12850568 bits [Y 99.9900 dB    U 99.9900 dB    V 99.9900 dB] [ET    25 ] [L0 ] [L1 ]
POC  138 TId: 0 ( I-SLICE, QP 26 )   12837400 bits [Y 99.9900 dB    U 99.9900 dB    V 99.9900 dB] [ET    24 ] [L0 ] [L1 ]
POC  139 TId: 0 ( I-SLICE, QP 26 )   12834592 bits [Y 99.9900 dB    U 99.9900 dB    V 99.9900 dB] [ET    24 ] [L0 ] [L1 ]
POC  140 TId: 0 ( I-SLICE, QP 26 )   12820744 bits [Y 99.9900 dB    U 99.9900 dB    V 99.9900 dB] [ET    24 ] [L0 ] [L1 ]
POC  141 TId: 0 ( I-SLICE, QP 26 )   12820592 bits [Y 99.9900 dB    U 99.9900 dB    V 99.9900 dB] [ET    24 ] [L0 ] [L1 ]
POC  142 TId: 0 ( I-SLICE, QP 26 )   12824112 bits [Y 99.9900 dB    U 99.9900 dB    V 99.9900 dB] [ET    24 ] [L0 ] [L1 ]
POC  143 TId: 0 ( I-SLICE, QP 26 )   12828624 bits [Y 99.9900 dB    U 99.9900 dB    V 99.9900 dB] [ET    25 ] [L0 ] [L1 ]
POC  144 TId: 0 ( I-SLICE, QP 26 )   12827792 bits [Y 99.9900 dB    U 99.9900 dB    V 99.9900 dB] [ET    25 ] [L0 ] [L1 ]
POC  145 TId: 0 ( I-SLICE, QP 26 )   12827200 bits [Y 99.9900 dB    U 99.9900 dB    V 99.9900 dB] [ET    24 ] [L0 ] [L1 ]
POC  146 TId: 0 ( I-SLICE, QP 26 )   12825392 bits [Y 99.9900 dB    U 99.9900 dB    V 99.9900 dB] [ET    24 ] [L0 ] [L1 ]
POC  147 TId: 0 ( I-SLICE, QP 26 )   12830096 bits [Y 99.9900 dB    U 99.9900 dB    V 99.9900 dB] [ET    25 ] [L0 ] [L1 ]
POC  148 TId: 0 ( I-SLICE, QP 26 )   12825768 bits [Y 99.9900 dB    U 99.9900 dB    V 99.9900 dB] [ET    25 ] [L0 ] [L1 ]
POC  149 TId: 0 ( I-SLICE, QP 26 )   12825560 bits [Y 99.9900 dB    U 99.9900 dB    V 99.9900 dB] [ET    24 ] [L0 ] [L1 ]
POC  150 TId: 0 ( I-SLICE, QP 26 )   12820784 bits [Y 99.9900 dB    U 99.9900 dB    V 99.9900 dB] [ET    24 ] [L0 ] [L1 ]
POC  151 TId: 0 ( I-SLICE, QP 26 )   12806936 bits [Y 99.9900 dB    U 99.9900 dB    V 99.9900 dB] [ET    23 ] [L0 ] [L1 ]
POC  152 TId: 0 ( I-SLICE, QP 26 )   12797928 bits [Y 99.9900 dB    U 99.9900 dB    V 99.9900 dB] [ET    22 ] [L0 ] [L1 ]
POC  153 TId: 0 ( I-SLICE, QP 26 )   12781176 bits [Y 99.9900 dB    U 99.9900 dB    V 99.9900 dB] [ET    22 ] [L0 ] [L1 ]
POC  154 TId: 0 ( I-SLICE, QP 26 )   12776896 bits [Y 99.9900 dB    U 99.9900 dB    V 99.9900 dB] [ET    22 ] [L0 ] [L1 ]
POC  155 TId: 0 ( I-SLICE, QP 26 )   12764400 bits [Y 99.9900 dB    U 99.9900 dB    V 99.9900 dB] [ET    22 ] [L0 ] [L1 ]
POC  156 TId: 0 ( I-SLICE, QP 26 )   12762256 bits [Y 99.9900 dB    U 99.9900 dB    V 99.9900 dB] [ET    23 ] [L0 ] [L1 ]
POC  157 TId: 0 ( I-SLICE, QP 26 )   12768456 bits [Y 99.9900 dB    U 99.9900 dB    V 99.9900 dB] [ET    22 ] [L0 ] [L1 ]
POC  158 TId: 0 ( I-SLICE, QP 26 )   12778552 bits [Y 99.9900 dB    U 99.9900 dB    V 99.9900 dB] [ET    23 ] [L0 ] [L1 ]
POC  159 TId: 0 ( I-SLICE, QP 26 )   12772912 bits [Y 99.9900 dB    U 99.9900 dB    V 99.9900 dB] [ET    22 ] [L0 ] [L1 ]
POC  160 TId: 0 ( I-SLICE, QP 26 )   12771568 bits [Y 99.9900 dB    U 99.9900 dB    V 99.9900 dB] [ET    22 ] [L0 ] [L1 ]
POC  161 TId: 0 ( I-SLICE, QP 26 )   12782744 bits [Y 99.9900 dB    U 99.9900 dB    V 99.9900 dB] [ET    22 ] [L0 ] [L1 ]
POC  162 TId: 0 ( I-SLICE, QP 26 )   12787976 bits [Y 99.9900 dB    U 99.9900 dB    V 99.9900 dB] [ET    23 ] [L0 ] [L1 ]
POC  163 TId: 0 ( I-SLICE, QP 26 )   12788440 bits [Y 99.9900 dB    U 99.9900 dB    V 99.9900 dB] [ET    22 ] [L0 ] [L1 ]
POC  164 TId: 0 ( I-SLICE, QP 26 )   12786760 bits [Y 99.9900 dB    U 99.9900 dB    V 99.9900 dB] [ET    23 ] [L0 ] [L1 ]
POC  165 TId: 0 ( I-SLICE, QP 26 )   12797312 bits [Y 99.9900 dB    U 99.9900 dB    V 99.9900 dB] [ET    22 ] [L0 ] [L1 ]
POC  166 TId: 0 ( I-SLICE, QP 26 )   12806560 bits [Y 99.9900 dB    U 99.9900 dB    V 99.9900 dB] [ET    22 ] [L0 ] [L1 ]
POC  167 TId: 0 ( I-SLICE, QP 26 )   12814520 bits [Y 99.9900 dB    U 99.9900 dB    V 99.9900 dB] [ET    23 ] [L0 ] [L1 ]
POC  168 TId: 0 ( I-SLICE, QP 26 )   12825872 bits [Y 99.9900 dB    U 99.9900 dB    V 99.9900 dB] [ET    23 ] [L0 ] [L1 ]
POC  169 TId: 0 ( I-SLICE, QP 26 )   12838640 bits [Y 99.9900 dB    U 99.9900 dB    V 99.9900 dB] [ET    22 ] [L0 ] [L1 ]
POC  170 TId: 0 ( I-SLICE, QP 26 )   12852872 bits [Y 99.9900 dB    U 99.9900 dB    V 99.9900 dB] [ET    22 ] [L0 ] [L1 ]
POC  171 TId: 0 ( I-SLICE, QP 26 )   12866232 bits [Y 99.9900 dB    U 99.9900 dB    V 99.9900 dB] [ET    23 ] [L0 ] [L1 ]
POC  172 TId: 0 ( I-SLICE, QP 26 )   12870024 bits [Y 99.9900 dB    U 99.9900 dB    V 99.9900 dB] [ET    22 ] [L0 ] [L1 ]
POC  173 TId: 0 ( I-SLICE, QP 26 )   12867200 bits [Y 99.9900 dB    U 99.9900 dB    V 99.9900 dB] [ET    22 ] [L0 ] [L1 ]
POC  174 TId: 0 ( I-SLICE, QP 26 )   12853192 bits [Y 99.9900 dB    U 99.9900 dB    V 99.9900 dB] [ET    23 ] [L0 ] [L1 ]
POC  175 TId: 0 ( I-SLICE, QP 26 )   12847776 bits [Y 99.9900 dB    U 99.9900 dB    V 99.9900 dB] [ET    22 ] [L0 ] [L1 ]
POC  176 TId: 0 ( I-SLICE, QP 26 )   12843896 bits [Y 99.9900 dB    U 99.9900 dB    V 99.9900 dB] [ET    23 ] [L0 ] [L1 ]
POC  177 TId: 0 ( I-SLICE, QP 26 )   12838696 bits [Y 99.9900 dB    U 99.9900 dB    V 99.9900 dB] [ET    23 ] [L0 ] [L1 ]
POC  178 TId: 0 ( I-SLICE, QP 26 )   12823984 bits [Y 99.9900 dB    U 99.9900 dB    V 99.9900 dB] [ET    22 ] [L0 ] [L1 ]
POC  179 TId: 0 ( I-SLICE, QP 26 )   12807464 bits [Y 99.9900 dB    U 99.9900 dB    V 99.9900 dB] [ET    22 ] [L0 ] [L1 ]
POC  180 TId: 0 ( I-SLICE, QP 26 )   12794872 bits [Y 99.9900 dB    U 99.9900 dB    V 99.9900 dB] [ET    22 ] [L0 ] [L1 ]
POC  181 TId: 0 ( I-SLICE, QP 26 )   12795008 bits [Y 99.9900 dB    U 99.9900 dB    V 99.9900 dB] [ET    22 ] [L0 ] [L1 ]
POC  182 TId: 0 ( I-SLICE, QP 26 )   12788504 bits [Y 99.9900 dB    U 99.9900 dB    V 99.9900 dB] [ET    23 ] [L0 ] [L1 ]
POC  183 TId: 0 ( I-SLICE, QP 26 )   12782792 bits [Y 99.9900 dB    U 99.9900 dB    V 99.9900 dB] [ET    23 ] [L0 ] [L1 ]
POC  184 TId: 0 ( I-SLICE, QP 26 )   12790856 bits [Y 99.9900 dB    U 99.9900 dB    V 99.9900 dB] [ET    23 ] [L0 ] [L1 ]
POC  185 TId: 0 ( I-SLICE, QP 26 )   12789384 bits [Y 99.9900 dB    U 99.9900 dB    V 99.9900 dB] [ET    22 ] [L0 ] [L1 ]
POC  186 TId: 0 ( I-SLICE, QP 26 )   12785384 bits [Y 99.9900 dB    U 99.9900 dB    V 99.9900 dB] [ET    23 ] [L0 ] [L1 ]
POC  187 TId: 0 ( I-SLICE, QP 26 )   12779304 bits [Y 99.9900 dB    U 99.9900 dB    V 99.9900 dB] [ET    23 ] [L0 ] [L1 ]
POC  188 TId: 0 ( I-SLICE, QP 26 )   12774736 bits [Y 99.9900 dB    U 99.9900 dB    V 99.9900 dB] [ET    22 ] [L0 ] [L1 ]
POC  189 TId: 0 ( I-SLICE, QP 26 )   12780632 bits [Y 99.9900 dB    U 99.9900 dB    V 99.9900 dB] [ET    23 ] [L0 ] [L1 ]
POC  190 TId: 0 ( I-SLICE, QP 26 )   12786616 bits [Y 99.9900 dB    U 99.9900 dB    V 99.9900 dB] [ET    22 ] [L0 ] [L1 ]
POC  191 TId: 0 ( I-SLICE, QP 26 )   12785696 bits [Y 99.9900 dB    U 99.9900 dB    V 99.9900 dB] [ET    22 ] [L0 ] [L1 ]
POC  192 TId: 0 ( I-SLICE, QP 26 )   12796616 bits [Y 99.9900 dB    U 99.9900 dB    V 99.9900 dB] [ET    22 ] [L0 ] [L1 ]
POC  193 TId: 0 ( I-SLICE, QP 26 )   12795536 bits [Y 99.9900 dB    U 99.9900 dB    V 99.9900 dB] [ET    22 ] [L0 ] [L1 ]
POC  194 TId: 0 ( I-SLICE, QP 26 )   12796344 bits [Y 99.9900 dB    U 99.9900 dB    V 99.9900 dB] [ET    23 ] [L0 ] [L1 ]
POC  195 TId: 0 ( I-SLICE, QP 26 )   12792560 bits [Y 99.9900 dB    U 99.9900 dB    V 99.9900 dB] [ET    22 ] [L0 ] [L1 ]
POC  196 TId: 0 ( I-SLICE, QP 26 )   12803168 bits [Y 99.9900 dB    U 99.9900 dB    V 99.9900 dB] [ET    23 ] [L0 ] [L1 ]
POC  197 TId: 0 ( I-SLICE, QP 26 )   12804296 bits [Y 99.9900 dB    U 99.9900 dB    V 99.9900 dB] [ET    22 ] [L0 ] [L1 ]
POC  198 TId: 0 ( I-SLICE, QP 26 )   12804776 bits [Y 99.9900 dB    U 99.9900 dB    V 99.9900 dB] [ET    23 ] [L0 ] [L1 ]
POC  199 TId: 0 ( I-SLICE, QP 26 )   12799736 bits [Y 99.9900 dB    U 99.9900 dB    V 99.9900 dB] [ET    22 ] [L0 ] [L1 ]
POC  200 TId: 0 ( I-SLICE, QP 26 )   12796728 bits [Y 99.9900 dB    U 99.9900 dB    V 99.9900 dB] [ET    22 ] [L0 ] [L1 ]
POC  201 TId: 0 ( I-SLICE, QP 26 )   12799936 bits [Y 99.9900 dB    U 99.9900 dB    V 99.9900 dB] [ET    23 ] [L0 ] [L1 ]
POC  202 TId: 0 ( I-SLICE, QP 26 )   12789440 bits [Y 99.9900 dB    U 99.9900 dB    V 99.9900 dB] [ET    23 ] [L0 ] [L1 ]
POC  203 TId: 0 ( I-SLICE, QP 26 )   12792568 bits [Y 99.9900 dB    U 99.9900 dB    V 99.9900 dB] [ET    22 ] [L0 ] [L1 ]
POC  204 TId: 0 ( I-SLICE, QP 26 )   12803888 bits [Y 99.9900 dB    U 99.9900 dB    V 99.9900 dB] [ET    22 ] [L0 ] [L1 ]
POC  205 TId: 0 ( I-SLICE, QP 26 )   12801472 bits [Y 99.9900 dB    U 99.9900 dB    V 99.9900 dB] [ET    23 ] [L0 ] [L1 ]
POC  206 TId: 0 ( I-SLICE, QP 26 )   12812928 bits [Y 99.9900 dB    U 99.9900 dB    V 99.9900 dB] [ET    22 ] [L0 ] [L1 ]
POC  207 TId: 0 ( I-SLICE, QP 26 )   12830752 bits [Y 99.9900 dB    U 99.9900 dB    V 99.9900 dB] [ET    22 ] [L0 ] [L1 ]
POC  208 TId: 0 ( I-SLICE, QP 26 )   12843528 bits [Y 99.9900 dB    U 99.9900 dB    V 99.9900 dB] [ET    22 ] [L0 ] [L1 ]
POC  209 TId: 0 ( I-SLICE, QP 26 )   12849792 bits [Y 99.9900 dB    U 99.9900 dB    V 99.9900 dB] [ET    23 ] [L0 ] [L1 ]
POC  210 TId: 0 ( I-SLICE, QP 26 )   12867712 bits [Y 99.9900 dB    U 99.9900 dB    V 99.9900 dB] [ET    22 ] [L0 ] [L1 ]
POC  211 TId: 0 ( I-SLICE, QP 26 )   12865336 bits [Y 99.9900 dB    U 99.9900 dB    V 99.9900 dB] [ET    23 ] [L0 ] [L1 ]
POC  212 TId: 0 ( I-SLICE, QP 26 )   12877704 bits [Y 99.9900 dB    U 99.9900 dB    V 99.9900 dB] [ET    23 ] [L0 ] [L1 ]
POC  213 TId: 0 ( I-SLICE, QP 26 )   12895352 bits [Y 99.9900 dB    U 99.9900 dB    V 99.9900 dB] [ET    22 ] [L0 ] [L1 ]
POC  214 TId: 0 ( I-SLICE, QP 26 )   12901944 bits [Y 99.9900 dB    U 99.9900 dB    V 99.9900 dB] [ET    23 ] [L0 ] [L1 ]
POC  215 TId: 0 ( I-SLICE, QP 26 )   12928232 bits [Y 99.9900 dB    U 99.9900 dB    V 99.9900 dB] [ET    23 ] [L0 ] [L1 ]
POC  216 TId: 0 ( I-SLICE, QP 26 )   12920648 bits [Y 99.9900 dB    U 99.9900 dB    V 99.9900 dB] [ET    22 ] [L0 ] [L1 ]
POC  217 TId: 0 ( I-SLICE, QP 26 )   12933696 bits [Y 99.9900 dB    U 99.9900 dB    V 99.9900 dB] [ET    23 ] [L0 ] [L1 ]
POC  218 TId: 0 ( I-SLICE, QP 26 )   12940760 bits [Y 99.9900 dB    U 99.9900 dB    V 99.9900 dB] [ET    22 ] [L0 ] [L1 ]
POC  219 TId: 0 ( I-SLICE, QP 26 )   12939744 bits [Y 99.9900 dB    U 99.9900 dB    V 99.9900 dB] [ET    22 ] [L0 ] [L1 ]
POC  220 TId: 0 ( I-SLICE, QP 26 )   12963376 bits [Y 99.9900 dB    U 99.9900 dB    V 99.9900 dB] [ET    23 ] [L0 ] [L1 ]
POC  221 TId: 0 ( I-SLICE, QP 26 )   12976232 bits [Y 99.9900 dB    U 99.9900 dB    V 99.9900 dB] [ET    22 ] [L0 ] [L1 ]
POC  222 TId: 0 ( I-SLICE, QP 26 )   12987592 bits [Y 99.9900 dB    U 99.9900 dB    V 99.9900 dB] [ET    22 ] [L0 ] [L1 ]
POC  223 TId: 0 ( I-SLICE, QP 26 )   13014720 bits [Y 99.9900 dB    U 99.9900 dB    V 99.9900 dB] [ET    22 ] [L0 ] [L1 ]
POC  224 TId: 0 ( I-SLICE, QP 26 )   13027512 bits [Y 99.9900 dB    U 99.9900 dB    V 99.9900 dB] [ET    23 ] [L0 ] [L1 ]
POC  225 TId: 0 ( I-SLICE, QP 26 )   13029480 bits [Y 99.9900 dB    U 99.9900 dB    V 99.9900 dB] [ET    22 ] [L0 ] [L1 ]
POC  226 TId: 0 ( I-SLICE, QP 26 )   13048600 bits [Y 99.9900 dB    U 99.9900 dB    V 99.9900 dB] [ET    22 ] [L0 ] [L1 ]
POC  227 TId: 0 ( I-SLICE, QP 26 )   13053880 bits [Y 99.9900 dB    U 99.9900 dB    V 99.9900 dB] [ET    22 ] [L0 ] [L1 ]
POC  228 TId: 0 ( I-SLICE, QP 26 )   13044536 bits [Y 99.9900 dB    U 99.9900 dB    V 99.9900 dB] [ET    23 ] [L0 ] [L1 ]
POC  229 TId: 0 ( I-SLICE, QP 26 )   13045192 bits [Y 99.9900 dB    U 99.9900 dB    V 99.9900 dB] [ET    23 ] [L0 ] [L1 ]
POC  230 TId: 0 ( I-SLICE, QP 26 )   13029776 bits [Y 99.9900 dB    U 99.9900 dB    V 99.9900 dB] [ET    22 ] [L0 ] [L1 ]
POC  231 TId: 0 ( I-SLICE, QP 26 )   13009312 bits [Y 99.9900 dB    U 99.9900 dB    V 99.9900 dB] [ET    23 ] [L0 ] [L1 ]
POC  232 TId: 0 ( I-SLICE, QP 26 )   13009512 bits [Y 99.9900 dB    U 99.9900 dB    V 99.9900 dB] [ET    23 ] [L0 ] [L1 ]
POC  233 TId: 0 ( I-SLICE, QP 26 )   12996792 bits [Y 99.9900 dB    U 99.9900 dB    V 99.9900 dB] [ET    22 ] [L0 ] [L1 ]
POC  234 TId: 0 ( I-SLICE, QP 26 )   13004032 bits [Y 99.9900 dB    U 99.9900 dB    V 99.9900 dB] [ET    22 ] [L0 ] [L1 ]
POC  235 TId: 0 ( I-SLICE, QP 26 )   13010304 bits [Y 99.9900 dB    U 99.9900 dB    V 99.9900 dB] [ET    23 ] [L0 ] [L1 ]
POC  236 TId: 0 ( I-SLICE, QP 26 )   13006280 bits [Y 99.9900 dB    U 99.9900 dB    V 99.9900 dB] [ET    22 ] [L0 ] [L1 ]
POC  237 TId: 0 ( I-SLICE, QP 26 )   13007848 bits [Y 99.9900 dB    U 99.9900 dB    V 99.9900 dB] [ET    22 ] [L0 ] [L1 ]
POC  238 TId: 0 ( I-SLICE, QP 26 )   13013432 bits [Y 99.9900 dB    U 99.9900 dB    V 99.9900 dB] [ET    23 ] [L0 ] [L1 ]
POC  239 TId: 0 ( I-SLICE, QP 26 )   13007560 bits [Y 99.9900 dB    U 99.9900 dB    V 99.9900 dB] [ET    23 ] [L0 ] [L1 ]
POC  240 TId: 0 ( I-SLICE, QP 26 )   13006472 bits [Y 99.9900 dB    U 99.9900 dB    V 99.9900 dB] [ET    21 ] [L0 ] [L1 ]
POC  241 TId: 0 ( I-SLICE, QP 26 )   13006384 bits [Y 99.9900 dB    U 99.9900 dB    V 99.9900 dB] [ET    20 ] [L0 ] [L1 ]
POC  242 TId: 0 ( I-SLICE, QP 26 )   12996560 bits [Y 99.9900 dB    U 99.9900 dB    V 99.9900 dB] [ET    20 ] [L0 ] [L1 ]
POC  243 TId: 0 ( I-SLICE, QP 26 )   12993784 bits [Y 99.9900 dB    U 99.9900 dB    V 99.9900 dB] [ET    21 ] [L0 ] [L1 ]
POC  244 TId: 0 ( I-SLICE, QP 26 )   12993824 bits [Y 99.9900 dB    U 99.9900 dB    V 99.9900 dB] [ET    20 ] [L0 ] [L1 ]
POC  245 TId: 0 ( I-SLICE, QP 26 )   12987056 bits [Y 99.9900 dB    U 99.9900 dB    V 99.9900 dB] [ET    21 ] [L0 ] [L1 ]
POC  246 TId: 0 ( I-SLICE, QP 26 )   12987952 bits [Y 99.9900 dB    U 99.9900 dB    V 99.9900 dB] [ET    20 ] [L0 ] [L1 ]
POC  247 TId: 0 ( I-SLICE, QP 26 )   12985808 bits [Y 99.9900 dB    U 99.9900 dB    V 99.9900 dB] [ET    21 ] [L0 ] [L1 ]
POC  248 TId: 0 ( I-SLICE, QP 26 )   12990560 bits [Y 99.9900 dB    U 99.9900 dB    V 99.9900 dB] [ET    20 ] [L0 ] [L1 ]
POC  249 TId: 0 ( I-SLICE, QP 26 )   13011888 bits [Y 99.9900 dB    U 99.9900 dB    V 99.9900 dB] [ET    21 ] [L0 ] [L1 ]
POC  250 TId: 0 ( I-SLICE, QP 26 )   13011440 bits [Y 99.9900 dB    U 99.9900 dB    V 99.9900 dB] [ET    21 ] [L0 ] [L1 ]
POC  251 TId: 0 ( I-SLICE, QP 26 )   13011688 bits [Y 99.9900 dB    U 99.9900 dB    V 99.9900 dB] [ET    21 ] [L0 ] [L1 ]
POC  252 TId: 0 ( I-SLICE, QP 26 )   13025384 bits [Y 99.9900 dB    U 99.9900 dB    V 99.9900 dB] [ET    19 ] [L0 ] [L1 ]
POC  253 TId: 0 ( I-SLICE, QP 26 )   13029336 bits [Y 99.9900 dB    U 99.9900 dB    V 99.9900 dB] [ET    19 ] [L0 ] [L1 ]
POC  254 TId: 0 ( I-SLICE, QP 26 )   13060608 bits [Y 99.9900 dB    U 99.9900 dB    V 99.9900 dB] [ET    19 ] [L0 ] [L1 ]
POC  255 TId: 0 ( I-SLICE, QP 26 )   13071672 bits [Y 99.9900 dB    U 99.9900 dB    V 99.9900 dB] [ET    19 ] [L0 ] [L1 ]
POC  256 TId: 0 ( I-SLICE, QP 26 )   13070192 bits [Y 99.9900 dB    U 99.9900 dB    V 99.9900 dB] [ET    19 ] [L0 ] [L1 ]
POC  257 TId: 0 ( I-SLICE, QP 26 )   13072280 bits [Y 99.9900 dB    U 99.9900 dB    V 99.9900 dB] [ET    19 ] [L0 ] [L1 ]
POC  258 TId: 0 ( I-SLICE, QP 26 )   13061576 bits [Y 99.9900 dB    U 99.9900 dB    V 99.9900 dB] [ET    19 ] [L0 ] [L1 ]
POC  259 TId: 0 ( I-SLICE, QP 26 )   13066776 bits [Y 99.9900 dB    U 99.9900 dB    V 99.9900 dB] [ET    19 ] [L0 ] [L1 ]
POC  260 TId: 0 ( I-SLICE, QP 26 )   13060840 bits [Y 99.9900 dB    U 99.9900 dB    V 99.9900 dB] [ET    19 ] [L0 ] [L1 ]
POC  261 TId: 0 ( I-SLICE, QP 26 )   13063048 bits [Y 99.9900 dB    U 99.9900 dB    V 99.9900 dB] [ET    19 ] [L0 ] [L1 ]
POC  262 TId: 0 ( I-SLICE, QP 26 )   13053768 bits [Y 99.9900 dB    U 99.9900 dB    V 99.9900 dB] [ET    19 ] [L0 ] [L1 ]
POC  263 TId: 0 ( I-SLICE, QP 26 )   13051880 bits [Y 99.9900 dB    U 99.9900 dB    V 99.9900 dB] [ET    19 ] [L0 ] [L1 ]
POC  264 TId: 0 ( I-SLICE, QP 26 )   13041912 bits [Y 99.9900 dB    U 99.9900 dB    V 99.9900 dB] [ET    19 ] [L0 ] [L1 ]
POC  265 TId: 0 ( I-SLICE, QP 26 )   13034488 bits [Y 99.9900 dB    U 99.9900 dB    V 99.9900 dB] [ET    19 ] [L0 ] [L1 ]
POC  266 TId: 0 ( I-SLICE, QP 26 )   13045760 bits [Y 99.9900 dB    U 99.9900 dB    V 99.9900 dB] [ET    19 ] [L0 ] [L1 ]
POC  267 TId: 0 ( I-SLICE, QP 26 )   13055512 bits [Y 99.9900 dB    U 99.9900 dB    V 99.9900 dB] [ET    18 ] [L0 ] [L1 ]
POC  268 TId: 0 ( I-SLICE, QP 26 )   13067176 bits [Y 99.9900 dB    U 99.9900 dB    V 99.9900 dB] [ET    17 ] [L0 ] [L1 ]
POC  269 TId: 0 ( I-SLICE, QP 26 )   13087816 bits [Y 99.9900 dB    U 99.9900 dB    V 99.9900 dB] [ET    17 ] [L0 ] [L1 ]
POC  270 TId: 0 ( I-SLICE, QP 26 )   13084696 bits [Y 99.9900 dB    U 99.9900 dB    V 99.9900 dB] [ET    17 ] [L0 ] [L1 ]
POC  271 TId: 0 ( I-SLICE, QP 26 )   13075008 bits [Y 99.9900 dB    U 99.9900 dB    V 99.9900 dB] [ET    20 ] [L0 ] [L1 ]
POC  272 TId: 0 ( I-SLICE, QP 26 )   13077312 bits [Y 99.9900 dB    U 99.9900 dB    V 99.9900 dB] [ET    22 ] [L0 ] [L1 ]
POC  273 TId: 0 ( I-SLICE, QP 26 )   13077416 bits [Y 99.9900 dB    U 99.9900 dB    V 99.9900 dB] [ET    22 ] [L0 ] [L1 ]
POC  274 TId: 0 ( I-SLICE, QP 26 )   13091208 bits [Y 99.9900 dB    U 99.9900 dB    V 99.9900 dB] [ET    22 ] [L0 ] [L1 ]
POC  275 TId: 0 ( I-SLICE, QP 26 )   13113296 bits [Y 99.9900 dB    U 99.9900 dB    V 99.9900 dB] [ET    22 ] [L0 ] [L1 ]
POC  276 TId: 0 ( I-SLICE, QP 26 )   13123608 bits [Y 99.9900 dB    U 99.9900 dB    V 99.9900 dB] [ET    22 ] [L0 ] [L1 ]
POC  277 TId: 0 ( I-SLICE, QP 26 )   13128080 bits [Y 99.9900 dB    U 99.9900 dB    V 99.9900 dB] [ET    23 ] [L0 ] [L1 ]
POC  278 TId: 0 ( I-SLICE, QP 26 )   13141616 bits [Y 99.9900 dB    U 99.9900 dB    V 99.9900 dB] [ET    23 ] [L0 ] [L1 ]
POC  279 TId: 0 ( I-SLICE, QP 26 )   13149808 bits [Y 99.9900 dB    U 99.9900 dB    V 99.9900 dB] [ET    22 ] [L0 ] [L1 ]
POC  280 TId: 0 ( I-SLICE, QP 26 )   13153952 bits [Y 99.9900 dB    U 99.9900 dB    V 99.9900 dB] [ET    22 ] [L0 ] [L1 ]
POC  281 TId: 0 ( I-SLICE, QP 26 )   13147600 bits [Y 99.9900 dB    U 99.9900 dB    V 99.9900 dB] [ET    23 ] [L0 ] [L1 ]
POC  282 TId: 0 ( I-SLICE, QP 26 )   13138856 bits [Y 99.9900 dB    U 99.9900 dB    V 99.9900 dB] [ET    23 ] [L0 ] [L1 ]
POC  283 TId: 0 ( I-SLICE, QP 26 )   13149192 bits [Y 99.9900 dB    U 99.9900 dB    V 99.9900 dB] [ET    23 ] [L0 ] [L1 ]
POC  284 TId: 0 ( I-SLICE, QP 26 )   13150136 bits [Y 99.9900 dB    U 99.9900 dB    V 99.9900 dB] [ET    22 ] [L0 ] [L1 ]
POC  285 TId: 0 ( I-SLICE, QP 26 )   13144928 bits [Y 99.9900 dB    U 99.9900 dB    V 99.9900 dB] [ET    22 ] [L0 ] [L1 ]
POC  286 TId: 0 ( I-SLICE, QP 26 )   13125416 bits [Y 99.9900 dB    U 99.9900 dB    V 99.9900 dB] [ET    23 ] [L0 ] [L1 ]
POC  287 TId: 0 ( I-SLICE, QP 26 )   13104408 bits [Y 99.9900 dB    U 99.9900 dB    V 99.9900 dB] [ET    22 ] [L0 ] [L1 ]
POC  288 TId: 0 ( I-SLICE, QP 26 )   13093912 bits [Y 99.9900 dB    U 99.9900 dB    V 99.9900 dB] [ET    23 ] [L0 ] [L1 ]
POC  289 TId: 0 ( I-SLICE, QP 26 )   13076288 bits [Y 99.9900 dB    U 99.9900 dB    V 99.9900 dB] [ET    22 ] [L0 ] [L1 ]
POC  290 TId: 0 ( I-SLICE, QP 26 )   13062528 bits [Y 99.9900 dB    U 99.9900 dB    V 99.9900 dB] [ET    23 ] [L0 ] [L1 ]
POC  291 TId: 0 ( I-SLICE, QP 26 )   13055848 bits [Y 99.9900 dB    U 99.9900 dB    V 99.9900 dB] [ET    22 ] [L0 ] [L1 ]
POC  292 TId: 0 ( I-SLICE, QP 26 )   13078760 bits [Y 99.9900 dB    U 99.9900 dB    V 99.9900 dB] [ET    22 ] [L0 ] [L1 ]
POC  293 TId: 0 ( I-SLICE, QP 26 )   13076144 bits [Y 99.9900 dB    U 99.9900 dB    V 99.9900 dB] [ET    23 ] [L0 ] [L1 ]
POC  294 TId: 0 ( I-SLICE, QP 26 )   13079336 bits [Y 99.9900 dB    U 99.9900 dB    V 99.9900 dB] [ET    22 ] [L0 ] [L1 ]
POC  295 TId: 0 ( I-SLICE, QP 26 )   13063368 bits [Y 99.9900 dB    U 99.9900 dB    V 99.9900 dB] [ET    22 ] [L0 ] [L1 ]
POC  296 TId: 0 ( I-SLICE, QP 26 )   13043912 bits [Y 99.9900 dB    U 99.9900 dB    V 99.9900 dB] [ET    23 ] [L0 ] [L1 ]
POC  297 TId: 0 ( I-SLICE, QP 26 )   13048048 bits [Y 99.9900 dB    U 99.9900 dB    V 99.9900 dB] [ET    23 ] [L0 ] [L1 ]
POC  298 TId: 0 ( I-SLICE, QP 26 )   13057536 bits [Y 99.9900 dB    U 99.9900 dB    V 99.9900 dB] [ET    23 ] [L0 ] [L1 ]
POC  299 TId: 0 ( I-SLICE, QP 26 )   13069936 bits [Y 99.9900 dB    U 99.9900 dB    V 99.9900 dB] [ET    23 ] [L0 ] [L1 ]
POC  300 TId: 0 ( I-SLICE, QP 26 )   13079824 bits [Y 99.9900 dB    U 99.9900 dB    V 99.9900 dB] [ET    24 ] [L0 ] [L1 ]
POC  301 TId: 0 ( I-SLICE, QP 26 )   13077504 bits [Y 99.9900 dB    U 99.9900 dB    V 99.9900 dB] [ET    23 ] [L0 ] [L1 ]
POC  302 TId: 0 ( I-SLICE, QP 26 )   13092032 bits [Y 99.9900 dB    U 99.9900 dB    V 99.9900 dB] [ET    22 ] [L0 ] [L1 ]
POC  303 TId: 0 ( I-SLICE, QP 26 )   13096576 bits [Y 99.9900 dB    U 99.9900 dB    V 99.9900 dB] [ET    23 ] [L0 ] [L1 ]
POC  304 TId: 0 ( I-SLICE, QP 26 )   13094808 bits [Y 99.9900 dB    U 99.9900 dB    V 99.9900 dB] [ET    23 ] [L0 ] [L1 ]
POC  305 TId: 0 ( I-SLICE, QP 26 )   13090520 bits [Y 99.9900 dB    U 99.9900 dB    V 99.9900 dB] [ET    22 ] [L0 ] [L1 ]
POC  306 TId: 0 ( I-SLICE, QP 26 )   13091128 bits [Y 99.9900 dB    U 99.9900 dB    V 99.9900 dB] [ET    23 ] [L0 ] [L1 ]
POC  307 TId: 0 ( I-SLICE, QP 26 )   13086760 bits [Y 99.9900 dB    U 99.9900 dB    V 99.9900 dB] [ET    23 ] [L0 ] [L1 ]
POC  308 TId: 0 ( I-SLICE, QP 26 )   13089824 bits [Y 99.9900 dB    U 99.9900 dB    V 99.9900 dB] [ET    23 ] [L0 ] [L1 ]
POC  309 TId: 0 ( I-SLICE, QP 26 )   13075392 bits [Y 99.9900 dB    U 99.9900 dB    V 99.9900 dB] [ET    22 ] [L0 ] [L1 ]
POC  310 TId: 0 ( I-SLICE, QP 26 )   13076320 bits [Y 99.9900 dB    U 99.9900 dB    V 99.9900 dB] [ET    22 ] [L0 ] [L1 ]
POC  311 TId: 0 ( I-SLICE, QP 26 )   13077472 bits [Y 99.9900 dB    U 99.9900 dB    V 99.9900 dB] [ET    22 ] [L0 ] [L1 ]
POC  312 TId: 0 ( I-SLICE, QP 26 )   13078744 bits [Y 99.9900 dB    U 99.9900 dB    V 99.9900 dB] [ET    22 ] [L0 ] [L1 ]
POC  313 TId: 0 ( I-SLICE, QP 26 )   13074504 bits [Y 99.9900 dB    U 99.9900 dB    V 99.9900 dB] [ET    23 ] [L0 ] [L1 ]
POC  314 TId: 0 ( I-SLICE, QP 26 )   13077192 bits [Y 99.9900 dB    U 99.9900 dB    V 99.9900 dB] [ET    22 ] [L0 ] [L1 ]
POC  315 TId: 0 ( I-SLICE, QP 26 )   13074720 bits [Y 99.9900 dB    U 99.9900 dB    V 99.9900 dB] [ET    22 ] [L0 ] [L1 ]
POC  316 TId: 0 ( I-SLICE, QP 26 )   13068536 bits [Y 99.9900 dB    U 99.9900 dB    V 99.9900 dB] [ET    22 ] [L0 ] [L1 ]
POC  317 TId: 0 ( I-SLICE, QP 26 )   13083840 bits [Y 99.9900 dB    U 99.9900 dB    V 99.9900 dB] [ET    22 ] [L0 ] [L1 ]
POC  318 TId: 0 ( I-SLICE, QP 26 )   13094048 bits [Y 99.9900 dB    U 99.9900 dB    V 99.9900 dB] [ET    22 ] [L0 ] [L1 ]
POC  319 TId: 0 ( I-SLICE, QP 26 )   13112672 bits [Y 99.9900 dB    U 99.9900 dB    V 99.9900 dB] [ET    23 ] [L0 ] [L1 ]
POC  320 TId: 0 ( I-SLICE, QP 26 )   13106976 bits [Y 99.9900 dB    U 99.9900 dB    V 99.9900 dB] [ET    22 ] [L0 ] [L1 ]
POC  321 TId: 0 ( I-SLICE, QP 26 )   13106184 bits [Y 99.9900 dB    U 99.9900 dB    V 99.9900 dB] [ET    22 ] [L0 ] [L1 ]
POC  322 TId: 0 ( I-SLICE, QP 26 )   13107040 bits [Y 99.9900 dB    U 99.9900 dB    V 99.9900 dB] [ET    22 ] [L0 ] [L1 ]
POC  323 TId: 0 ( I-SLICE, QP 26 )   13118448 bits [Y 99.9900 dB    U 99.9900 dB    V 99.9900 dB] [ET    23 ] [L0 ] [L1 ]
POC  324 TId: 0 ( I-SLICE, QP 26 )   13129400 bits [Y 99.9900 dB    U 99.9900 dB    V 99.9900 dB] [ET    27 ] [L0 ] [L1 ]
POC  325 TId: 0 ( I-SLICE, QP 26 )   13132432 bits [Y 99.9900 dB    U 99.9900 dB    V 99.9900 dB] [ET    28 ] [L0 ] [L1 ]
POC  326 TId: 0 ( I-SLICE, QP 26 )   13126248 bits [Y 99.9900 dB    U 99.9900 dB    V 99.9900 dB] [ET    28 ] [L0 ] [L1 ]
POC  327 TId: 0 ( I-SLICE, QP 26 )   13132544 bits [Y 99.9900 dB    U 99.9900 dB    V 99.9900 dB] [ET    28 ] [L0 ] [L1 ]
POC  328 TId: 0 ( I-SLICE, QP 26 )   13131280 bits [Y 99.9900 dB    U 99.9900 dB    V 99.9900 dB] [ET    28 ] [L0 ] [L1 ]
POC  329 TId: 0 ( I-SLICE, QP 26 )   13133432 bits [Y 99.9900 dB    U 99.9900 dB    V 99.9900 dB] [ET    28 ] [L0 ] [L1 ]
POC  330 TId: 0 ( I-SLICE, QP 26 )   13141264 bits [Y 99.9900 dB    U 99.9900 dB    V 99.9900 dB] [ET    28 ] [L0 ] [L1 ]
POC  331 TId: 0 ( I-SLICE, QP 26 )   13156072 bits [Y 99.9900 dB    U 99.9900 dB    V 99.9900 dB] [ET    28 ] [L0 ] [L1 ]
POC  332 TId: 0 ( I-SLICE, QP 26 )   13164200 bits [Y 99.9900 dB    U 99.9900 dB    V 99.9900 dB] [ET    28 ] [L0 ] [L1 ]
POC  333 TId: 0 ( I-SLICE, QP 26 )   13166104 bits [Y 99.9900 dB    U 99.9900 dB    V 99.9900 dB] [ET    28 ] [L0 ] [L1 ]
POC  334 TId: 0 ( I-SLICE, QP 26 )   13175112 bits [Y 99.9900 dB    U 99.9900 dB    V 99.9900 dB] [ET    28 ] [L0 ] [L1 ]
POC  335 TId: 0 ( I-SLICE, QP 26 )   13179368 bits [Y 99.9900 dB    U 99.9900 dB    V 99.9900 dB] [ET    28 ] [L0 ] [L1 ]
POC  336 TId: 0 ( I-SLICE, QP 26 )   13189416 bits [Y 99.9900 dB    U 99.9900 dB    V 99.9900 dB] [ET    28 ] [L0 ] [L1 ]
POC  337 TId: 0 ( I-SLICE, QP 26 )   13199624 bits [Y 99.9900 dB    U 99.9900 dB    V 99.9900 dB] [ET    28 ] [L0 ] [L1 ]
POC  338 TId: 0 ( I-SLICE, QP 26 )   13193176 bits [Y 99.9900 dB    U 99.9900 dB    V 99.9900 dB] [ET    28 ] [L0 ] [L1 ]
POC  339 TId: 0 ( I-SLICE, QP 26 )   13191728 bits [Y 99.9900 dB    U 99.9900 dB    V 99.9900 dB] [ET    28 ] [L0 ] [L1 ]
POC  340 TId: 0 ( I-SLICE, QP 26 )   13177392 bits [Y 99.9900 dB    U 99.9900 dB    V 99.9900 dB] [ET    28 ] [L0 ] [L1 ]
POC  341 TId: 0 ( I-SLICE, QP 26 )   13169224 bits [Y 99.9900 dB    U 99.9900 dB    V 99.9900 dB] [ET    28 ] [L0 ] [L1 ]
POC  342 TId: 0 ( I-SLICE, QP 26 )   13162744 bits [Y 99.9900 dB    U 99.9900 dB    V 99.9900 dB] [ET    28 ] [L0 ] [L1 ]
POC  343 TId: 0 ( I-SLICE, QP 26 )   13156224 bits [Y 99.9900 dB    U 99.9900 dB    V 99.9900 dB] [ET    28 ] [L0 ] [L1 ]
POC  344 TId: 0 ( I-SLICE, QP 26 )   13151264 bits [Y 99.9900 dB    U 99.9900 dB    V 99.9900 dB] [ET    28 ] [L0 ] [L1 ]
POC  345 TId: 0 ( I-SLICE, QP 26 )   13146416 bits [Y 99.9900 dB    U 99.9900 dB    V 99.9900 dB] [ET    28 ] [L0 ] [L1 ]
POC  346 TId: 0 ( I-SLICE, QP 26 )   13137240 bits [Y 99.9900 dB    U 99.9900 dB    V 99.9900 dB] [ET    28 ] [L0 ] [L1 ]
POC  347 TId: 0 ( I-SLICE, QP 26 )   13135248 bits [Y 99.9900 dB    U 99.9900 dB    V 99.9900 dB] [ET    28 ] [L0 ] [L1 ]
POC  348 TId: 0 ( I-SLICE, QP 26 )   13133680 bits [Y 99.9900 dB    U 99.9900 dB    V 99.9900 dB] [ET    28 ] [L0 ] [L1 ]
POC  349 TId: 0 ( I-SLICE, QP 26 )   13128248 bits [Y 99.9900 dB    U 99.9900 dB    V 99.9900 dB] [ET    28 ] [L0 ] [L1 ]
POC  350 TId: 0 ( I-SLICE, QP 26 )   13126256 bits [Y 99.9900 dB    U 99.9900 dB    V 99.9900 dB] [ET    28 ] [L0 ] [L1 ]
POC  351 TId: 0 ( I-SLICE, QP 26 )   13118464 bits [Y 99.9900 dB    U 99.9900 dB    V 99.9900 dB] [ET    28 ] [L0 ] [L1 ]
POC  352 TId: 0 ( I-SLICE, QP 26 )   13106624 bits [Y 99.9900 dB    U 99.9900 dB    V 99.9900 dB] [ET    28 ] [L0 ] [L1 ]
POC  353 TId: 0 ( I-SLICE, QP 26 )   13104800 bits [Y 99.9900 dB    U 99.9900 dB    V 99.9900 dB] [ET    28 ] [L0 ] [L1 ]
POC  354 TId: 0 ( I-SLICE, QP 26 )   13103280 bits [Y 99.9900 dB    U 99.9900 dB    V 99.9900 dB] [ET    28 ] [L0 ] [L1 ]
POC  355 TId: 0 ( I-SLICE, QP 26 )   13091712 bits [Y 99.9900 dB    U 99.9900 dB    V 99.9900 dB] [ET    28 ] [L0 ] [L1 ]
POC  356 TId: 0 ( I-SLICE, QP 26 )   13073504 bits [Y 99.9900 dB    U 99.9900 dB    V 99.9900 dB] [ET    28 ] [L0 ] [L1 ]
POC  357 TId: 0 ( I-SLICE, QP 26 )   13064936 bits [Y 99.9900 dB    U 99.9900 dB    V 99.9900 dB] [ET    28 ] [L0 ] [L1 ]
POC  358 TId: 0 ( I-SLICE, QP 26 )   13052176 bits [Y 99.9900 dB    U 99.9900 dB    V 99.9900 dB] [ET    28 ] [L0 ] [L1 ]
POC  359 TId: 0 ( I-SLICE, QP 26 )   13043032 bits [Y 99.9900 dB    U 99.9900 dB    V 99.9900 dB] [ET    28 ] [L0 ] [L1 ]
POC  360 TId: 0 ( I-SLICE, QP 26 )   13034480 bits [Y 99.9900 dB    U 99.9900 dB    V 99.9900 dB] [ET    28 ] [L0 ] [L1 ]
POC  361 TId: 0 ( I-SLICE, QP 26 )   13036392 bits [Y 99.9900 dB    U 99.9900 dB    V 99.9900 dB] [ET    28 ] [L0 ] [L1 ]
POC  362 TId: 0 ( I-SLICE, QP 26 )   13045880 bits [Y 99.9900 dB    U 99.9900 dB    V 99.9900 dB] [ET    28 ] [L0 ] [L1 ]
POC  363 TId: 0 ( I-SLICE, QP 26 )   13052328 bits [Y 99.9900 dB    U 99.9900 dB    V 99.9900 dB] [ET    28 ] [L0 ] [L1 ]
POC  364 TId: 0 ( I-SLICE, QP 26 )   13074976 bits [Y 99.9900 dB    U 99.9900 dB    V 99.9900 dB] [ET    28 ] [L0 ] [L1 ]
POC  365 TId: 0 ( I-SLICE, QP 26 )   13077360 bits [Y 99.9900 dB    U 99.9900 dB    V 99.9900 dB] [ET    28 ] [L0 ] [L1 ]
POC  366 TId: 0 ( I-SLICE, QP 26 )   13077152 bits [Y 99.9900 dB    U 99.9900 dB    V 99.9900 dB] [ET    28 ] [L0 ] [L1 ]
POC  367 TId: 0 ( I-SLICE, QP 26 )   13071144 bits [Y 99.9900 dB    U 99.9900 dB    V 99.9900 dB] [ET    28 ] [L0 ] [L1 ]
POC  368 TId: 0 ( I-SLICE, QP 26 )   13054256 bits [Y 99.9900 dB    U 99.9900 dB    V 99.9900 dB] [ET    28 ] [L0 ] [L1 ]
POC  369 TId: 0 ( I-SLICE, QP 26 )   13054168 bits [Y 99.9900 dB    U 99.9900 dB    V 99.9900 dB] [ET    28 ] [L0 ] [L1 ]
POC  370 TId: 0 ( I-SLICE, QP 26 )   13051472 bits [Y 99.9900 dB    U 99.9900 dB    V 99.9900 dB] [ET    27 ] [L0 ] [L1 ]
POC  371 TId: 0 ( I-SLICE, QP 26 )   13060128 bits [Y 99.9900 dB    U 99.9900 dB    V 99.9900 dB] [ET    27 ] [L0 ] [L1 ]
POC  372 TId: 0 ( I-SLICE, QP 26 )   13062392 bits [Y 99.9900 dB    U 99.9900 dB    V 99.9900 dB] [ET    27 ] [L0 ] [L1 ]
POC  373 TId: 0 ( I-SLICE, QP 26 )   13058096 bits [Y 99.9900 dB    U 99.9900 dB    V 99.9900 dB] [ET    27 ] [L0 ] [L1 ]
POC  374 TId: 0 ( I-SLICE, QP 26 )   13041664 bits [Y 99.9900 dB    U 99.9900 dB    V 99.9900 dB] [ET    27 ] [L0 ] [L1 ]
POC  375 TId: 0 ( I-SLICE, QP 26 )   13027432 bits [Y 99.9900 dB    U 99.9900 dB    V 99.9900 dB] [ET    27 ] [L0 ] [L1 ]
POC  376 TId: 0 ( I-SLICE, QP 26 )   13012024 bits [Y 99.9900 dB    U 99.9900 dB    V 99.9900 dB] [ET    27 ] [L0 ] [L1 ]
POC  377 TId: 0 ( I-SLICE, QP 26 )   13009552 bits [Y 99.9900 dB    U 99.9900 dB    V 99.9900 dB] [ET    27 ] [L0 ] [L1 ]
POC  378 TId: 0 ( I-SLICE, QP 26 )   13010608 bits [Y 99.9900 dB    U 99.9900 dB    V 99.9900 dB] [ET    26 ] [L0 ] [L1 ]
POC  379 TId: 0 ( I-SLICE, QP 26 )   13018016 bits [Y 99.9900 dB    U 99.9900 dB    V 99.9900 dB] [ET    27 ] [L0 ] [L1 ]
POC  380 TId: 0 ( I-SLICE, QP 26 )   13027816 bits [Y 99.9900 dB    U 99.9900 dB    V 99.9900 dB] [ET    26 ] [L0 ] [L1 ]
POC  381 TId: 0 ( I-SLICE, QP 26 )   13030952 bits [Y 99.9900 dB    U 99.9900 dB    V 99.9900 dB] [ET    25 ] [L0 ] [L1 ]
POC  382 TId: 0 ( I-SLICE, QP 26 )   13036272 bits [Y 99.9900 dB    U 99.9900 dB    V 99.9900 dB] [ET    24 ] [L0 ] [L1 ]
POC  383 TId: 0 ( I-SLICE, QP 26 )   13031640 bits [Y 99.9900 dB    U 99.9900 dB    V 99.9900 dB] [ET    24 ] [L0 ] [L1 ]
POC  384 TId: 0 ( I-SLICE, QP 26 )   13014616 bits [Y 99.9900 dB    U 99.9900 dB    V 99.9900 dB] [ET    23 ] [L0 ] [L1 ]
POC  385 TId: 0 ( I-SLICE, QP 26 )   13022880 bits [Y 99.9900 dB    U 99.9900 dB    V 99.9900 dB] [ET    23 ] [L0 ] [L1 ]
POC  386 TId: 0 ( I-SLICE, QP 26 )   13029672 bits [Y 99.9900 dB    U 99.9900 dB    V 99.9900 dB] [ET    24 ] [L0 ] [L1 ]
POC  387 TId: 0 ( I-SLICE, QP 26 )   13036800 bits [Y 99.9900 dB    U 99.9900 dB    V 99.9900 dB] [ET    24 ] [L0 ] [L1 ]
POC  388 TId: 0 ( I-SLICE, QP 26 )   13046752 bits [Y 99.9900 dB    U 99.9900 dB    V 99.9900 dB] [ET    22 ] [L0 ] [L1 ]
POC  389 TId: 0 ( I-SLICE, QP 26 )   13063032 bits [Y 99.9900 dB    U 99.9900 dB    V 99.9900 dB] [ET    22 ] [L0 ] [L1 ]
POC  390 TId: 0 ( I-SLICE, QP 26 )   13078384 bits [Y 99.9900 dB    U 99.9900 dB    V 99.9900 dB] [ET    22 ] [L0 ] [L1 ]
POC  391 TId: 0 ( I-SLICE, QP 26 )   13097640 bits [Y 99.9900 dB    U 99.9900 dB    V 99.9900 dB] [ET    22 ] [L0 ] [L1 ]
POC  392 TId: 0 ( I-SLICE, QP 26 )   13101328 bits [Y 99.9900 dB    U 99.9900 dB    V 99.9900 dB] [ET    22 ] [L0 ] [L1 ]
POC  393 TId: 0 ( I-SLICE, QP 26 )   13097560 bits [Y 99.9900 dB    U 99.9900 dB    V 99.9900 dB] [ET    21 ] [L0 ] [L1 ]
POC  394 TId: 0 ( I-SLICE, QP 26 )   13076224 bits [Y 99.9900 dB    U 99.9900 dB    V 99.9900 dB] [ET    20 ] [L0 ] [L1 ]
POC  395 TId: 0 ( I-SLICE, QP 26 )   13049088 bits [Y 99.9900 dB    U 99.9900 dB    V 99.9900 dB] [ET    21 ] [L0 ] [L1 ]
POC  396 TId: 0 ( I-SLICE, QP 26 )   13023448 bits [Y 99.9900 dB    U 99.9900 dB    V 99.9900 dB] [ET    18 ] [L0 ] [L1 ]
POC  397 TId: 0 ( I-SLICE, QP 26 )   13015240 bits [Y 99.9900 dB    U 99.9900 dB    V 99.9900 dB] [ET    21 ] [L0 ] [L1 ]
POC  398 TId: 0 ( I-SLICE, QP 26 )   13006800 bits [Y 99.9900 dB    U 99.9900 dB    V 99.9900 dB] [ET    22 ] [L0 ] [L1 ]
POC  399 TId: 0 ( I-SLICE, QP 26 )   12997776 bits [Y 99.9900 dB    U 99.9900 dB    V 99.9900 dB] [ET    22 ] [L0 ] [L1 ]
POC  400 TId: 0 ( I-SLICE, QP 26 )   12988560 bits [Y 99.9900 dB    U 99.9900 dB    V 99.9900 dB] [ET    22 ] [L0 ] [L1 ]
POC  401 TId: 0 ( I-SLICE, QP 26 )   12982224 bits [Y 99.9900 dB    U 99.9900 dB    V 99.9900 dB] [ET    22 ] [L0 ] [L1 ]
POC  402 TId: 0 ( I-SLICE, QP 26 )   12980208 bits [Y 99.9900 dB    U 99.9900 dB    V 99.9900 dB] [ET    22 ] [L0 ] [L1 ]
POC  403 TId: 0 ( I-SLICE, QP 26 )   12974208 bits [Y 99.9900 dB    U 99.9900 dB    V 99.9900 dB] [ET    22 ] [L0 ] [L1 ]
POC  404 TId: 0 ( I-SLICE, QP 26 )   12961456 bits [Y 99.9900 dB    U 99.9900 dB    V 99.9900 dB] [ET    22 ] [L0 ] [L1 ]
POC  405 TId: 0 ( I-SLICE, QP 26 )   12951160 bits [Y 99.9900 dB    U 99.9900 dB    V 99.9900 dB] [ET    22 ] [L0 ] [L1 ]
POC  406 TId: 0 ( I-SLICE, QP 26 )   12952008 bits [Y 99.9900 dB    U 99.9900 dB    V 99.9900 dB] [ET    21 ] [L0 ] [L1 ]
POC  407 TId: 0 ( I-SLICE, QP 26 )   12945440 bits [Y 99.9900 dB    U 99.9900 dB    V 99.9900 dB] [ET    23 ] [L0 ] [L1 ]
POC  408 TId: 0 ( I-SLICE, QP 26 )   12936808 bits [Y 99.9900 dB    U 99.9900 dB    V 99.9900 dB] [ET    22 ] [L0 ] [L1 ]
POC  409 TId: 0 ( I-SLICE, QP 26 )   12936088 bits [Y 99.9900 dB    U 99.9900 dB    V 99.9900 dB] [ET    22 ] [L0 ] [L1 ]
POC  410 TId: 0 ( I-SLICE, QP 26 )   12934872 bits [Y 99.9900 dB    U 99.9900 dB    V 99.9900 dB] [ET    22 ] [L0 ] [L1 ]
POC  411 TId: 0 ( I-SLICE, QP 26 )   12931832 bits [Y 99.9900 dB    U 99.9900 dB    V 99.9900 dB] [ET    22 ] [L0 ] [L1 ]
POC  412 TId: 0 ( I-SLICE, QP 26 )   12936584 bits [Y 99.9900 dB    U 99.9900 dB    V 99.9900 dB] [ET    22 ] [L0 ] [L1 ]
POC  413 TId: 0 ( I-SLICE, QP 26 )   12941800 bits [Y 99.9900 dB    U 99.9900 dB    V 99.9900 dB] [ET    22 ] [L0 ] [L1 ]
POC  414 TId: 0 ( I-SLICE, QP 26 )   12947424 bits [Y 99.9900 dB    U 99.9900 dB    V 99.9900 dB] [ET    22 ] [L0 ] [L1 ]
POC  415 TId: 0 ( I-SLICE, QP 26 )   12959872 bits [Y 99.9900 dB    U 99.9900 dB    V 99.9900 dB] [ET    23 ] [L0 ] [L1 ]
POC  416 TId: 0 ( I-SLICE, QP 26 )   12956696 bits [Y 99.9900 dB    U 99.9900 dB    V 99.9900 dB] [ET    22 ] [L0 ] [L1 ]
POC  417 TId: 0 ( I-SLICE, QP 26 )   12956624 bits [Y 99.9900 dB    U 99.9900 dB    V 99.9900 dB] [ET    22 ] [L0 ] [L1 ]
POC  418 TId: 0 ( I-SLICE, QP 26 )   12938568 bits [Y 99.9900 dB    U 99.9900 dB    V 99.9900 dB] [ET    22 ] [L0 ] [L1 ]
POC  419 TId: 0 ( I-SLICE, QP 26 )   12931024 bits [Y 99.9900 dB    U 99.9900 dB    V 99.9900 dB] [ET    22 ] [L0 ] [L1 ]
POC  420 TId: 0 ( I-SLICE, QP 26 )   12926928 bits [Y 99.9900 dB    U 99.9900 dB    V 99.9900 dB] [ET    23 ] [L0 ] [L1 ]
POC  421 TId: 0 ( I-SLICE, QP 26 )   12922464 bits [Y 99.9900 dB    U 99.9900 dB    V 99.9900 dB] [ET    21 ] [L0 ] [L1 ]
POC  422 TId: 0 ( I-SLICE, QP 26 )   12915928 bits [Y 99.9900 dB    U 99.9900 dB    V 99.9900 dB] [ET    21 ] [L0 ] [L1 ]
POC  423 TId: 0 ( I-SLICE, QP 26 )   12909600 bits [Y 99.9900 dB    U 99.9900 dB    V 99.9900 dB] [ET    19 ] [L0 ] [L1 ]
POC  424 TId: 0 ( I-SLICE, QP 26 )   12922616 bits [Y 99.9900 dB    U 99.9900 dB    V 99.9900 dB] [ET    19 ] [L0 ] [L1 ]
POC  425 TId: 0 ( I-SLICE, QP 26 )   12913512 bits [Y 99.9900 dB    U 99.9900 dB    V 99.9900 dB] [ET    19 ] [L0 ] [L1 ]
POC  426 TId: 0 ( I-SLICE, QP 26 )   12920160 bits [Y 99.9900 dB    U 99.9900 dB    V 99.9900 dB] [ET    19 ] [L0 ] [L1 ]
POC  427 TId: 0 ( I-SLICE, QP 26 )   12932744 bits [Y 99.9900 dB    U 99.9900 dB    V 99.9900 dB] [ET    22 ] [L0 ] [L1 ]
POC  428 TId: 0 ( I-SLICE, QP 26 )   12924632 bits [Y 99.9900 dB    U 99.9900 dB    V 99.9900 dB] [ET    22 ] [L0 ] [L1 ]
POC  429 TId: 0 ( I-SLICE, QP 26 )   12919864 bits [Y 99.9900 dB    U 99.9900 dB    V 99.9900 dB] [ET    22 ] [L0 ] [L1 ]
POC  430 TId: 0 ( I-SLICE, QP 26 )   12922080 bits [Y 99.9900 dB    U 99.9900 dB    V 99.9900 dB] [ET    22 ] [L0 ] [L1 ]
POC  431 TId: 0 ( I-SLICE, QP 26 )   12916568 bits [Y 99.9900 dB    U 99.9900 dB    V 99.9900 dB] [ET    22 ] [L0 ] [L1 ]
POC  432 TId: 0 ( I-SLICE, QP 26 )   12904168 bits [Y 99.9900 dB    U 99.9900 dB    V 99.9900 dB] [ET    22 ] [L0 ] [L1 ]
POC  433 TId: 0 ( I-SLICE, QP 26 )   12916768 bits [Y 99.9900 dB    U 99.9900 dB    V 99.9900 dB] [ET    22 ] [L0 ] [L1 ]
POC  434 TId: 0 ( I-SLICE, QP 26 )   12928400 bits [Y 99.9900 dB    U 99.9900 dB    V 99.9900 dB] [ET    23 ] [L0 ] [L1 ]
POC  435 TId: 0 ( I-SLICE, QP 26 )   12932680 bits [Y 99.9900 dB    U 99.9900 dB    V 99.9900 dB] [ET    23 ] [L0 ] [L1 ]
POC  436 TId: 0 ( I-SLICE, QP 26 )   12933280 bits [Y 99.9900 dB    U 99.9900 dB    V 99.9900 dB] [ET    22 ] [L0 ] [L1 ]
POC  437 TId: 0 ( I-SLICE, QP 26 )   12931776 bits [Y 99.9900 dB    U 99.9900 dB    V 99.9900 dB] [ET    22 ] [L0 ] [L1 ]
POC  438 TId: 0 ( I-SLICE, QP 26 )   12930408 bits [Y 99.9900 dB    U 99.9900 dB    V 99.9900 dB] [ET    23 ] [L0 ] [L1 ]
POC  439 TId: 0 ( I-SLICE, QP 26 )   12941536 bits [Y 99.9900 dB    U 99.9900 dB    V 99.9900 dB] [ET    22 ] [L0 ] [L1 ]
POC  440 TId: 0 ( I-SLICE, QP 26 )   12946272 bits [Y 99.9900 dB    U 99.9900 dB    V 99.9900 dB] [ET    22 ] [L0 ] [L1 ]
POC  441 TId: 0 ( I-SLICE, QP 26 )   12950480 bits [Y 99.9900 dB    U 99.9900 dB    V 99.9900 dB] [ET    23 ] [L0 ] [L1 ]
POC  442 TId: 0 ( I-SLICE, QP 26 )   12955184 bits [Y 99.9900 dB    U 99.9900 dB    V 99.9900 dB] [ET    23 ] [L0 ] [L1 ]
POC  443 TId: 0 ( I-SLICE, QP 26 )   12961736 bits [Y 99.9900 dB    U 99.9900 dB    V 99.9900 dB] [ET    22 ] [L0 ] [L1 ]
POC  444 TId: 0 ( I-SLICE, QP 26 )   12983000 bits [Y 99.9900 dB    U 99.9900 dB    V 99.9900 dB] [ET    22 ] [L0 ] [L1 ]
POC  445 TId: 0 ( I-SLICE, QP 26 )   12996968 bits [Y 99.9900 dB    U 99.9900 dB    V 99.9900 dB] [ET    23 ] [L0 ] [L1 ]
POC  446 TId: 0 ( I-SLICE, QP 26 )   13012928 bits [Y 99.9900 dB    U 99.9900 dB    V 99.9900 dB] [ET    22 ] [L0 ] [L1 ]
POC  447 TId: 0 ( I-SLICE, QP 26 )   13017392 bits [Y 99.9900 dB    U 99.9900 dB    V 99.9900 dB] [ET    22 ] [L0 ] [L1 ]
POC  448 TId: 0 ( I-SLICE, QP 26 )   13009712 bits [Y 99.9900 dB    U 99.9900 dB    V 99.9900 dB] [ET    22 ] [L0 ] [L1 ]
POC  449 TId: 0 ( I-SLICE, QP 26 )   12992648 bits [Y 99.9900 dB    U 99.9900 dB    V 99.9900 dB] [ET    23 ] [L0 ] [L1 ]
POC  450 TId: 0 ( I-SLICE, QP 26 )   12981304 bits [Y 99.9900 dB    U 99.9900 dB    V 99.9900 dB] [ET    22 ] [L0 ] [L1 ]
POC  451 TId: 0 ( I-SLICE, QP 26 )   12976928 bits [Y 99.9900 dB    U 99.9900 dB    V 99.9900 dB] [ET    21 ] [L0 ] [L1 ]
POC  452 TId: 0 ( I-SLICE, QP 26 )   12952200 bits [Y 99.9900 dB    U 99.9900 dB    V 99.9900 dB] [ET    20 ] [L0 ] [L1 ]
POC  453 TId: 0 ( I-SLICE, QP 26 )   12938232 bits [Y 99.9900 dB    U 99.9900 dB    V 99.9900 dB] [ET    21 ] [L0 ] [L1 ]
POC  454 TId: 0 ( I-SLICE, QP 26 )   12930816 bits [Y 99.9900 dB    U 99.9900 dB    V 99.9900 dB] [ET    19 ] [L0 ] [L1 ]
POC  455 TId: 0 ( I-SLICE, QP 26 )   12914664 bits [Y 99.9900 dB    U 99.9900 dB    V 99.9900 dB] [ET    19 ] [L0 ] [L1 ]
POC  456 TId: 0 ( I-SLICE, QP 26 )   12899480 bits [Y 99.9900 dB    U 99.9900 dB    V 99.9900 dB] [ET    19 ] [L0 ] [L1 ]
POC  457 TId: 0 ( I-SLICE, QP 26 )   12898664 bits [Y 99.9900 dB    U 99.9900 dB    V 99.9900 dB] [ET    18 ] [L0 ] [L1 ]
POC  458 TId: 0 ( I-SLICE, QP 26 )   12900528 bits [Y 99.9900 dB    U 99.9900 dB    V 99.9900 dB] [ET    17 ] [L0 ] [L1 ]
POC  459 TId: 0 ( I-SLICE, QP 26 )   12905112 bits [Y 99.9900 dB    U 99.9900 dB    V 99.9900 dB] [ET    17 ] [L0 ] [L1 ]
POC  460 TId: 0 ( I-SLICE, QP 26 )   12904136 bits [Y 99.9900 dB    U 99.9900 dB    V 99.9900 dB] [ET    17 ] [L0 ] [L1 ]
POC  461 TId: 0 ( I-SLICE, QP 26 )   12898184 bits [Y 99.9900 dB    U 99.9900 dB    V 99.9900 dB] [ET    17 ] [L0 ] [L1 ]
POC  462 TId: 0 ( I-SLICE, QP 26 )   12893520 bits [Y 99.9900 dB    U 99.9900 dB    V 99.9900 dB] [ET    17 ] [L0 ] [L1 ]
POC  463 TId: 0 ( I-SLICE, QP 26 )   12893520 bits [Y 99.9900 dB    U 99.9900 dB    V 99.9900 dB] [ET    17 ] [L0 ] [L1 ]
POC  464 TId: 0 ( I-SLICE, QP 26 )   12889416 bits [Y 99.9900 dB    U 99.9900 dB    V 99.9900 dB] [ET    17 ] [L0 ] [L1 ]
POC  465 TId: 0 ( I-SLICE, QP 26 )   12880080 bits [Y 99.9900 dB    U 99.9900 dB    V 99.9900 dB] [ET    17 ] [L0 ] [L1 ]
POC  466 TId: 0 ( I-SLICE, QP 26 )   12864768 bits [Y 99.9900 dB    U 99.9900 dB    V 99.9900 dB] [ET    17 ] [L0 ] [L1 ]
POC  467 TId: 0 ( I-SLICE, QP 26 )   12854688 bits [Y 99.9900 dB    U 99.9900 dB    V 99.9900 dB] [ET    17 ] [L0 ] [L1 ]
POC  468 TId: 0 ( I-SLICE, QP 26 )   12842400 bits [Y 99.9900 dB    U 99.9900 dB    V 99.9900 dB] [ET    17 ] [L0 ] [L1 ]
POC  469 TId: 0 ( I-SLICE, QP 26 )   12837336 bits [Y 99.9900 dB    U 99.9900 dB    V 99.9900 dB] [ET    17 ] [L0 ] [L1 ]
POC  470 TId: 0 ( I-SLICE, QP 26 )   12839128 bits [Y 99.9900 dB    U 99.9900 dB    V 99.9900 dB] [ET    17 ] [L0 ] [L1 ]
POC  471 TId: 0 ( I-SLICE, QP 26 )   12849752 bits [Y 99.9900 dB    U 99.9900 dB    V 99.9900 dB] [ET    17 ] [L0 ] [L1 ]
POC  472 TId: 0 ( I-SLICE, QP 26 )   12856912 bits [Y 99.9900 dB    U 99.9900 dB    V 99.9900 dB] [ET    17 ] [L0 ] [L1 ]
POC  473 TId: 0 ( I-SLICE, QP 26 )   12870008 bits [Y 99.9900 dB    U 99.9900 dB    V 99.9900 dB] [ET    17 ] [L0 ] [L1 ]
POC  474 TId: 0 ( I-SLICE, QP 26 )   12878080 bits [Y 99.9900 dB    U 99.9900 dB    V 99.9900 dB] [ET    17 ] [L0 ] [L1 ]
POC  475 TId: 0 ( I-SLICE, QP 26 )   12883928 bits [Y 99.9900 dB    U 99.9900 dB    V 99.9900 dB] [ET    17 ] [L0 ] [L1 ]
POC  476 TId: 0 ( I-SLICE, QP 26 )   12877336 bits [Y 99.9900 dB    U 99.9900 dB    V 99.9900 dB] [ET    17 ] [L0 ] [L1 ]
POC  477 TId: 0 ( I-SLICE, QP 26 )   12878736 bits [Y 99.9900 dB    U 99.9900 dB    V 99.9900 dB] [ET    17 ] [L0 ] [L1 ]
POC  478 TId: 0 ( I-SLICE, QP 26 )   12867392 bits [Y 99.9900 dB    U 99.9900 dB    V 99.9900 dB] [ET    17 ] [L0 ] [L1 ]
POC  479 TId: 0 ( I-SLICE, QP 26 )   12864224 bits [Y 99.9900 dB    U 99.9900 dB    V 99.9900 dB] [ET    17 ] [L0 ] [L1 ]
POC  480 TId: 0 ( I-SLICE, QP 26 )   12859328 bits [Y 99.9900 dB    U 99.9900 dB    V 99.9900 dB] [ET    17 ] [L0 ] [L1 ]
POC  481 TId: 0 ( I-SLICE, QP 26 )   12855328 bits [Y 99.9900 dB    U 99.9900 dB    V 99.9900 dB] [ET    17 ] [L0 ] [L1 ]
POC  482 TId: 0 ( I-SLICE, QP 26 )   12849448 bits [Y 99.9900 dB    U 99.9900 dB    V 99.9900 dB] [ET    17 ] [L0 ] [L1 ]
POC  483 TId: 0 ( I-SLICE, QP 26 )   12829296 bits [Y 99.9900 dB    U 99.9900 dB    V 99.9900 dB] [ET    17 ] [L0 ] [L1 ]
POC  484 TId: 0 ( I-SLICE, QP 26 )   12825472 bits [Y 99.9900 dB    U 99.9900 dB    V 99.9900 dB] [ET    17 ] [L0 ] [L1 ]
POC  485 TId: 0 ( I-SLICE, QP 26 )   12826072 bits [Y 99.9900 dB    U 99.9900 dB    V 99.9900 dB] [ET    17 ] [L0 ] [L1 ]
POC  486 TId: 0 ( I-SLICE, QP 26 )   12837632 bits [Y 99.9900 dB    U 99.9900 dB    V 99.9900 dB] [ET    17 ] [L0 ] [L1 ]
POC  487 TId: 0 ( I-SLICE, QP 26 )   12851176 bits [Y 99.9900 dB    U 99.9900 dB    V 99.9900 dB] [ET    17 ] [L0 ] [L1 ]
POC  488 TId: 0 ( I-SLICE, QP 26 )   12859144 bits [Y 99.9900 dB    U 99.9900 dB    V 99.9900 dB] [ET    17 ] [L0 ] [L1 ]
POC  489 TId: 0 ( I-SLICE, QP 26 )   12863976 bits [Y 99.9900 dB    U 99.9900 dB    V 99.9900 dB] [ET    17 ] [L0 ] [L1 ]
POC  490 TId: 0 ( I-SLICE, QP 26 )   12857648 bits [Y 99.9900 dB    U 99.9900 dB    V 99.9900 dB] [ET    17 ] [L0 ] [L1 ]
POC  491 TId: 0 ( I-SLICE, QP 26 )   12859544 bits [Y 99.9900 dB    U 99.9900 dB    V 99.9900 dB] [ET    17 ] [L0 ] [L1 ]
POC  492 TId: 0 ( I-SLICE, QP 26 )   12862072 bits [Y 99.9900 dB    U 99.9900 dB    V 99.9900 dB] [ET    17 ] [L0 ] [L1 ]
POC  493 TId: 0 ( I-SLICE, QP 26 )   12859760 bits [Y 99.9900 dB    U 99.9900 dB    V 99.9900 dB] [ET    17 ] [L0 ] [L1 ]
POC  494 TId: 0 ( I-SLICE, QP 26 )   12865288 bits [Y 99.9900 dB    U 99.9900 dB    V 99.9900 dB] [ET    17 ] [L0 ] [L1 ]
POC  495 TId: 0 ( I-SLICE, QP 26 )   12867480 bits [Y 99.9900 dB    U 99.9900 dB    V 99.9900 dB] [ET    17 ] [L0 ] [L1 ]
POC  496 TId: 0 ( I-SLICE, QP 26 )   12882320 bits [Y 99.9900 dB    U 99.9900 dB    V 99.9900 dB] [ET    17 ] [L0 ] [L1 ]
POC  497 TId: 0 ( I-SLICE, QP 26 )   12884680 bits [Y 99.9900 dB    U 99.9900 dB    V 99.9900 dB] [ET    17 ] [L0 ] [L1 ]
POC  498 TId: 0 ( I-SLICE, QP 26 )   12895864 bits [Y 99.9900 dB    U 99.9900 dB    V 99.9900 dB] [ET    17 ] [L0 ] [L1 ]
POC  499 TId: 0 ( I-SLICE, QP 26 )   12900376 bits [Y 99.9900 dB    U 99.9900 dB    V 99.9900 dB] [ET    17 ] [L0 ] [L1 ]


SUMMARY --------------------------------------------------------
	Total Frames |  Bitrate    Y-PSNR    U-PSNR    V-PSNR 
	      500    a 649984.8192   99.9900   99.9900   99.9900


I Slices--------------------------------------------------------
	Total Frames |  Bitrate    Y-PSNR    U-PSNR    V-PSNR 
	      500    i 649984.8192   99.9900   99.9900   99.9900


P Slices--------------------------------------------------------
	Total Frames |  Bitrate    Y-PSNR    U-PSNR    V-PSNR 
	        0    p        -nan      -nan      -nan      -nan


B Slices--------------------------------------------------------
	Total Frames |  Bitrate    Y-PSNR    U-PSNR    V-PSNR 
	        0    b        -nan      -nan      -nan      -nan

RVM: 0.000
Bytes written to file: 812483035 (649986.428 kbps)

 Total Time:    11305.484 sec.
