
HM software: Encoder Version [15.0][Linux][GCC 4.8.5][64 bit] 

Input          File          : ../../HEVC_test_sequence/ClassE/FourPeople_1280x720_60.yuv
Bitstream      File          : FourPeople.bin
Reconstruction File          : FourPeople.yuv
Real     Format              : 1280x720 60Hz
Internal Format              : 1280x720 60Hz
Frame/Field                  : Frame based coding
Frame index                  : 0 - 599 (600 frames)
CU size / depth              : 32 / 3
RQT trans. size (min / max)  : 4 / 32
Max RQT depth inter          : 3
Max RQT depth intra          : 1
Min PCM size                 : 8
Motion search range          : 64
Intra period                 : 1
Decoding refresh type        : 0
QP                           : 26.00
Max dQP signaling depth      : 0
Cb QP Offset                 : 0
Cr QP Offset                 : 0
QP adaptation                : 0 (range=0)
GOP size                     : 1
Internal bit depth           : (Y:8, C:8)
PCM sample bit depth         : (Y:8, C:8)
RateControl                  : 0
Max Num Merge Candidates     : 5

TOOL CFG: IBD:0 HAD:0 RDQ:0 RDQTS:0 RDpenalty:0 SQP:0 ASR:0 FEN:0 ECU:0 FDM:0 CFM:0 ESD:0 RQT:1 TransformSkip:0 TransformSkipFast:0 Slice: M=0 SliceSegment: M=0 CIP:0 SAO:0 PCM:0 TransQuantBypassEnabled: =1 WPP:0 WPB:0 PME:2  WaveFrontSynchro:0 WaveFrontSubstreams:1 ScalingList:0 TMVPMode:1  SignBitHidingFlag:1 RecalQP:0

POC    0 TId: 0 ( I-SLICE, QP 26 )    4462312 bits [Y 99.9900 dB    U 99.9900 dB    V 99.9900 dB] [ET    11 ] [L0 ] [L1 ]
POC    1 TId: 0 ( I-SLICE, QP 26 )    4460592 bits [Y 99.9900 dB    U 99.9900 dB    V 99.9900 dB] [ET    11 ] [L0 ] [L1 ]
POC    2 TId: 0 ( I-SLICE, QP 26 )    4460152 bits [Y 99.9900 dB    U 99.9900 dB    V 99.9900 dB] [ET    11 ] [L0 ] [L1 ]
POC    3 TId: 0 ( I-SLICE, QP 26 )    4464216 bits [Y 99.9900 dB    U 99.9900 dB    V 99.9900 dB] [ET    11 ] [L0 ] [L1 ]
POC    4 TId: 0 ( I-SLICE, QP 26 )    4463968 bits [Y 99.9900 dB    U 99.9900 dB    V 99.9900 dB] [ET    11 ] [L0 ] [L1 ]
POC    5 TId: 0 ( I-SLICE, QP 26 )    4463520 bits [Y 99.9900 dB    U 99.9900 dB    V 99.9900 dB] [ET    11 ] [L0 ] [L1 ]
POC    6 TId: 0 ( I-SLICE, QP 26 )    4461808 bits [Y 99.9900 dB    U 99.9900 dB    V 99.9900 dB] [ET    12 ] [L0 ] [L1 ]
POC    7 TId: 0 ( I-SLICE, QP 26 )    4459328 bits [Y 99.9900 dB    U 99.9900 dB    V 99.9900 dB] [ET    11 ] [L0 ] [L1 ]
POC    8 TId: 0 ( I-SLICE, QP 26 )    4461912 bits [Y 99.9900 dB    U 99.9900 dB    V 99.9900 dB] [ET    11 ] [L0 ] [L1 ]
POC    9 TId: 0 ( I-SLICE, QP 26 )    4467056 bits [Y 99.9900 dB    U 99.9900 dB    V 99.9900 dB] [ET    11 ] [L0 ] [L1 ]
POC   10 TId: 0 ( I-SLICE, QP 26 )    4466728 bits [Y 99.9900 dB    U 99.9900 dB    V 99.9900 dB] [ET    11 ] [L0 ] [L1 ]
POC   11 TId: 0 ( I-SLICE, QP 26 )    4460752 bits [Y 99.9900 dB    U 99.9900 dB    V 99.9900 dB] [ET    11 ] [L0 ] [L1 ]
POC   12 TId: 0 ( I-SLICE, QP 26 )    4468256 bits [Y 99.9900 dB    U 99.9900 dB    V 99.9900 dB] [ET    11 ] [L0 ] [L1 ]
POC   13 TId: 0 ( I-SLICE, QP 26 )    4462688 bits [Y 99.9900 dB    U 99.9900 dB    V 99.9900 dB] [ET    11 ] [L0 ] [L1 ]
POC   14 TId: 0 ( I-SLICE, QP 26 )    4463056 bits [Y 99.9900 dB    U 99.9900 dB    V 99.9900 dB] [ET    11 ] [L0 ] [L1 ]
POC   15 TId: 0 ( I-SLICE, QP 26 )    4464152 bits [Y 99.9900 dB    U 99.9900 dB    V 99.9900 dB] [ET    11 ] [L0 ] [L1 ]
POC   16 TId: 0 ( I-SLICE, QP 26 )    4466040 bits [Y 99.9900 dB    U 99.9900 dB    V 99.9900 dB] [ET    11 ] [L0 ] [L1 ]
POC   17 TId: 0 ( I-SLICE, QP 26 )    4461672 bits [Y 99.9900 dB    U 99.9900 dB    V 99.9900 dB] [ET    11 ] [L0 ] [L1 ]
POC   18 TId: 0 ( I-SLICE, QP 26 )    4466248 bits [Y 99.9900 dB    U 99.9900 dB    V 99.9900 dB] [ET    11 ] [L0 ] [L1 ]
POC   19 TId: 0 ( I-SLICE, QP 26 )    4462072 bits [Y 99.9900 dB    U 99.9900 dB    V 99.9900 dB] [ET    11 ] [L0 ] [L1 ]
POC   20 TId: 0 ( I-SLICE, QP 26 )    4462056 bits [Y 99.9900 dB    U 99.9900 dB    V 99.9900 dB] [ET    11 ] [L0 ] [L1 ]
POC   21 TId: 0 ( I-SLICE, QP 26 )    4465016 bits [Y 99.9900 dB    U 99.9900 dB    V 99.9900 dB] [ET    11 ] [L0 ] [L1 ]
POC   22 TId: 0 ( I-SLICE, QP 26 )    4468576 bits [Y 99.9900 dB    U 99.9900 dB    V 99.9900 dB] [ET    11 ] [L0 ] [L1 ]
POC   23 TId: 0 ( I-SLICE, QP 26 )    4459776 bits [Y 99.9900 dB    U 99.9900 dB    V 99.9900 dB] [ET    11 ] [L0 ] [L1 ]
POC   24 TId: 0 ( I-SLICE, QP 26 )    4459320 bits [Y 99.9900 dB    U 99.9900 dB    V 99.9900 dB] [ET    11 ] [L0 ] [L1 ]
POC   25 TId: 0 ( I-SLICE, QP 26 )    4455984 bits [Y 99.9900 dB    U 99.9900 dB    V 99.9900 dB] [ET    11 ] [L0 ] [L1 ]
POC   26 TId: 0 ( I-SLICE, QP 26 )    4461080 bits [Y 99.9900 dB    U 99.9900 dB    V 99.9900 dB] [ET    11 ] [L0 ] [L1 ]
POC   27 TId: 0 ( I-SLICE, QP 26 )    4455872 bits [Y 99.9900 dB    U 99.9900 dB    V 99.9900 dB] [ET    11 ] [L0 ] [L1 ]
POC   28 TId: 0 ( I-SLICE, QP 26 )    4454000 bits [Y 99.9900 dB    U 99.9900 dB    V 99.9900 dB] [ET    11 ] [L0 ] [L1 ]
POC   29 TId: 0 ( I-SLICE, QP 26 )    4455024 bits [Y 99.9900 dB    U 99.9900 dB    V 99.9900 dB] [ET    11 ] [L0 ] [L1 ]
POC   30 TId: 0 ( I-SLICE, QP 26 )    4462520 bits [Y 99.9900 dB    U 99.9900 dB    V 99.9900 dB] [ET    11 ] [L0 ] [L1 ]
POC   31 TId: 0 ( I-SLICE, QP 26 )    4455224 bits [Y 99.9900 dB    U 99.9900 dB    V 99.9900 dB] [ET    11 ] [L0 ] [L1 ]
POC   32 TId: 0 ( I-SLICE, QP 26 )    4457200 bits [Y 99.9900 dB    U 99.9900 dB    V 99.9900 dB] [ET    11 ] [L0 ] [L1 ]
POC   33 TId: 0 ( I-SLICE, QP 26 )    4455920 bits [Y 99.9900 dB    U 99.9900 dB    V 99.9900 dB] [ET    11 ] [L0 ] [L1 ]
POC   34 TId: 0 ( I-SLICE, QP 26 )    4457888 bits [Y 99.9900 dB    U 99.9900 dB    V 99.9900 dB] [ET    11 ] [L0 ] [L1 ]
POC   35 TId: 0 ( I-SLICE, QP 26 )    4460832 bits [Y 99.9900 dB    U 99.9900 dB    V 99.9900 dB] [ET    11 ] [L0 ] [L1 ]
POC   36 TId: 0 ( I-SLICE, QP 26 )    4461560 bits [Y 99.9900 dB    U 99.9900 dB    V 99.9900 dB] [ET    11 ] [L0 ] [L1 ]
POC   37 TId: 0 ( I-SLICE, QP 26 )    4458392 bits [Y 99.9900 dB    U 99.9900 dB    V 99.9900 dB] [ET    12 ] [L0 ] [L1 ]
POC   38 TId: 0 ( I-SLICE, QP 26 )    4457904 bits [Y 99.9900 dB    U 99.9900 dB    V 99.9900 dB] [ET    11 ] [L0 ] [L1 ]
POC   39 TId: 0 ( I-SLICE, QP 26 )    4458352 bits [Y 99.9900 dB    U 99.9900 dB    V 99.9900 dB] [ET    11 ] [L0 ] [L1 ]
POC   40 TId: 0 ( I-SLICE, QP 26 )    4463432 bits [Y 99.9900 dB    U 99.9900 dB    V 99.9900 dB] [ET    11 ] [L0 ] [L1 ]
POC   41 TId: 0 ( I-SLICE, QP 26 )    4455744 bits [Y 99.9900 dB    U 99.9900 dB    V 99.9900 dB] [ET    11 ] [L0 ] [L1 ]
POC   42 TId: 0 ( I-SLICE, QP 26 )    4457616 bits [Y 99.9900 dB    U 99.9900 dB    V 99.9900 dB] [ET    11 ] [L0 ] [L1 ]
POC   43 TId: 0 ( I-SLICE, QP 26 )    4458912 bits [Y 99.9900 dB    U 99.9900 dB    V 99.9900 dB] [ET    11 ] [L0 ] [L1 ]
POC   44 TId: 0 ( I-SLICE, QP 26 )    4465080 bits [Y 99.9900 dB    U 99.9900 dB    V 99.9900 dB] [ET    11 ] [L0 ] [L1 ]
POC   45 TId: 0 ( I-SLICE, QP 26 )    4458976 bits [Y 99.9900 dB    U 99.9900 dB    V 99.9900 dB] [ET    11 ] [L0 ] [L1 ]
POC   46 TId: 0 ( I-SLICE, QP 26 )    4457648 bits [Y 99.9900 dB    U 99.9900 dB    V 99.9900 dB] [ET    11 ] [L0 ] [L1 ]
POC   47 TId: 0 ( I-SLICE, QP 26 )    4455432 bits [Y 99.9900 dB    U 99.9900 dB    V 99.9900 dB] [ET    11 ] [L0 ] [L1 ]
POC   48 TId: 0 ( I-SLICE, QP 26 )    4466992 bits [Y 99.9900 dB    U 99.9900 dB    V 99.9900 dB] [ET    11 ] [L0 ] [L1 ]
POC   49 TId: 0 ( I-SLICE, QP 26 )    4457736 bits [Y 99.9900 dB    U 99.9900 dB    V 99.9900 dB] [ET    11 ] [L0 ] [L1 ]
POC   50 TId: 0 ( I-SLICE, QP 26 )    4453656 bits [Y 99.9900 dB    U 99.9900 dB    V 99.9900 dB] [ET    11 ] [L0 ] [L1 ]
POC   51 TId: 0 ( I-SLICE, QP 26 )    4458184 bits [Y 99.9900 dB    U 99.9900 dB    V 99.9900 dB] [ET    11 ] [L0 ] [L1 ]
POC   52 TId: 0 ( I-SLICE, QP 26 )    4461560 bits [Y 99.9900 dB    U 99.9900 dB    V 99.9900 dB] [ET    11 ] [L0 ] [L1 ]
POC   53 TId: 0 ( I-SLICE, QP 26 )    4457296 bits [Y 99.9900 dB    U 99.9900 dB    V 99.9900 dB] [ET    11 ] [L0 ] [L1 ]
POC   54 TId: 0 ( I-SLICE, QP 26 )    4452664 bits [Y 99.9900 dB    U 99.9900 dB    V 99.9900 dB] [ET    11 ] [L0 ] [L1 ]
POC   55 TId: 0 ( I-SLICE, QP 26 )    4458144 bits [Y 99.9900 dB    U 99.9900 dB    V 99.9900 dB] [ET    11 ] [L0 ] [L1 ]
POC   56 TId: 0 ( I-SLICE, QP 26 )    4461752 bits [Y 99.9900 dB    U 99.9900 dB    V 99.9900 dB] [ET    11 ] [L0 ] [L1 ]
POC   57 TId: 0 ( I-SLICE, QP 26 )    4461616 bits [Y 99.9900 dB    U 99.9900 dB    V 99.9900 dB] [ET    11 ] [L0 ] [L1 ]
POC   58 TId: 0 ( I-SLICE, QP 26 )    4465104 bits [Y 99.9900 dB    U 99.9900 dB    V 99.9900 dB] [ET    11 ] [L0 ] [L1 ]
POC   59 TId: 0 ( I-SLICE, QP 26 )    4465872 bits [Y 99.9900 dB    U 99.9900 dB    V 99.9900 dB] [ET    11 ] [L0 ] [L1 ]
POC   60 TId: 0 ( I-SLICE, QP 26 )    4465896 bits [Y 99.9900 dB    U 99.9900 dB    V 99.9900 dB] [ET    11 ] [L0 ] [L1 ]
POC   61 TId: 0 ( I-SLICE, QP 26 )    4459584 bits [Y 99.9900 dB    U 99.9900 dB    V 99.9900 dB] [ET    11 ] [L0 ] [L1 ]
POC   62 TId: 0 ( I-SLICE, QP 26 )    4463648 bits [Y 99.9900 dB    U 99.9900 dB    V 99.9900 dB] [ET    11 ] [L0 ] [L1 ]
POC   63 TId: 0 ( I-SLICE, QP 26 )    4459280 bits [Y 99.9900 dB    U 99.9900 dB    V 99.9900 dB] [ET    11 ] [L0 ] [L1 ]
POC   64 TId: 0 ( I-SLICE, QP 26 )    4450520 bits [Y 99.9900 dB    U 99.9900 dB    V 99.9900 dB] [ET    11 ] [L0 ] [L1 ]
POC   65 TId: 0 ( I-SLICE, QP 26 )    4449960 bits [Y 99.9900 dB    U 99.9900 dB    V 99.9900 dB] [ET    11 ] [L0 ] [L1 ]
POC   66 TId: 0 ( I-SLICE, QP 26 )    4457072 bits [Y 99.9900 dB    U 99.9900 dB    V 99.9900 dB] [ET    11 ] [L0 ] [L1 ]
POC   67 TId: 0 ( I-SLICE, QP 26 )    4450384 bits [Y 99.9900 dB    U 99.9900 dB    V 99.9900 dB] [ET    11 ] [L0 ] [L1 ]
POC   68 TId: 0 ( I-SLICE, QP 26 )    4450496 bits [Y 99.9900 dB    U 99.9900 dB    V 99.9900 dB] [ET    11 ] [L0 ] [L1 ]
POC   69 TId: 0 ( I-SLICE, QP 26 )    4453016 bits [Y 99.9900 dB    U 99.9900 dB    V 99.9900 dB] [ET    11 ] [L0 ] [L1 ]
POC   70 TId: 0 ( I-SLICE, QP 26 )    4462640 bits [Y 99.9900 dB    U 99.9900 dB    V 99.9900 dB] [ET    11 ] [L0 ] [L1 ]
POC   71 TId: 0 ( I-SLICE, QP 26 )    4449912 bits [Y 99.9900 dB    U 99.9900 dB    V 99.9900 dB] [ET    11 ] [L0 ] [L1 ]
POC   72 TId: 0 ( I-SLICE, QP 26 )    4451048 bits [Y 99.9900 dB    U 99.9900 dB    V 99.9900 dB] [ET    11 ] [L0 ] [L1 ]
POC   73 TId: 0 ( I-SLICE, QP 26 )    4451192 bits [Y 99.9900 dB    U 99.9900 dB    V 99.9900 dB] [ET    11 ] [L0 ] [L1 ]
POC   74 TId: 0 ( I-SLICE, QP 26 )    4458632 bits [Y 99.9900 dB    U 99.9900 dB    V 99.9900 dB] [ET    11 ] [L0 ] [L1 ]
POC   75 TId: 0 ( I-SLICE, QP 26 )    4450984 bits [Y 99.9900 dB    U 99.9900 dB    V 99.9900 dB] [ET    11 ] [L0 ] [L1 ]
POC   76 TId: 0 ( I-SLICE, QP 26 )    4452088 bits [Y 99.9900 dB    U 99.9900 dB    V 99.9900 dB] [ET    11 ] [L0 ] [L1 ]
POC   77 TId: 0 ( I-SLICE, QP 26 )    4456376 bits [Y 99.9900 dB    U 99.9900 dB    V 99.9900 dB] [ET    11 ] [L0 ] [L1 ]
POC   78 TId: 0 ( I-SLICE, QP 26 )    4465480 bits [Y 99.9900 dB    U 99.9900 dB    V 99.9900 dB] [ET    11 ] [L0 ] [L1 ]
POC   79 TId: 0 ( I-SLICE, QP 26 )    4455992 bits [Y 99.9900 dB    U 99.9900 dB    V 99.9900 dB] [ET    11 ] [L0 ] [L1 ]
POC   80 TId: 0 ( I-SLICE, QP 26 )    4456848 bits [Y 99.9900 dB    U 99.9900 dB    V 99.9900 dB] [ET    11 ] [L0 ] [L1 ]
POC   81 TId: 0 ( I-SLICE, QP 26 )    4456144 bits [Y 99.9900 dB    U 99.9900 dB    V 99.9900 dB] [ET    11 ] [L0 ] [L1 ]
POC   82 TId: 0 ( I-SLICE, QP 26 )    4463456 bits [Y 99.9900 dB    U 99.9900 dB    V 99.9900 dB] [ET    11 ] [L0 ] [L1 ]
POC   83 TId: 0 ( I-SLICE, QP 26 )    4458880 bits [Y 99.9900 dB    U 99.9900 dB    V 99.9900 dB] [ET    11 ] [L0 ] [L1 ]
POC   84 TId: 0 ( I-SLICE, QP 26 )    4459328 bits [Y 99.9900 dB    U 99.9900 dB    V 99.9900 dB] [ET    11 ] [L0 ] [L1 ]
POC   85 TId: 0 ( I-SLICE, QP 26 )    4464304 bits [Y 99.9900 dB    U 99.9900 dB    V 99.9900 dB] [ET    11 ] [L0 ] [L1 ]
POC   86 TId: 0 ( I-SLICE, QP 26 )    4467216 bits [Y 99.9900 dB    U 99.9900 dB    V 99.9900 dB] [ET    11 ] [L0 ] [L1 ]
POC   87 TId: 0 ( I-SLICE, QP 26 )    4462632 bits [Y 99.9900 dB    U 99.9900 dB    V 99.9900 dB] [ET    11 ] [L0 ] [L1 ]
POC   88 TId: 0 ( I-SLICE, QP 26 )    4458776 bits [Y 99.9900 dB    U 99.9900 dB    V 99.9900 dB] [ET    11 ] [L0 ] [L1 ]
POC   89 TId: 0 ( I-SLICE, QP 26 )    4455952 bits [Y 99.9900 dB    U 99.9900 dB    V 99.9900 dB] [ET    11 ] [L0 ] [L1 ]
POC   90 TId: 0 ( I-SLICE, QP 26 )    4466776 bits [Y 99.9900 dB    U 99.9900 dB    V 99.9900 dB] [ET    11 ] [L0 ] [L1 ]
POC   91 TId: 0 ( I-SLICE, QP 26 )    4463496 bits [Y 99.9900 dB    U 99.9900 dB    V 99.9900 dB] [ET    11 ] [L0 ] [L1 ]
POC   92 TId: 0 ( I-SLICE, QP 26 )    4464864 bits [Y 99.9900 dB    U 99.9900 dB    V 99.9900 dB] [ET    11 ] [L0 ] [L1 ]
POC   93 TId: 0 ( I-SLICE, QP 26 )    4465944 bits [Y 99.9900 dB    U 99.9900 dB    V 99.9900 dB] [ET    11 ] [L0 ] [L1 ]
POC   94 TId: 0 ( I-SLICE, QP 26 )    4470400 bits [Y 99.9900 dB    U 99.9900 dB    V 99.9900 dB] [ET    11 ] [L0 ] [L1 ]
POC   95 TId: 0 ( I-SLICE, QP 26 )    4465480 bits [Y 99.9900 dB    U 99.9900 dB    V 99.9900 dB] [ET    11 ] [L0 ] [L1 ]
POC   96 TId: 0 ( I-SLICE, QP 26 )    4474192 bits [Y 99.9900 dB    U 99.9900 dB    V 99.9900 dB] [ET    11 ] [L0 ] [L1 ]
POC   97 TId: 0 ( I-SLICE, QP 26 )    4467664 bits [Y 99.9900 dB    U 99.9900 dB    V 99.9900 dB] [ET    11 ] [L0 ] [L1 ]
POC   98 TId: 0 ( I-SLICE, QP 26 )    4477816 bits [Y 99.9900 dB    U 99.9900 dB    V 99.9900 dB] [ET    11 ] [L0 ] [L1 ]
POC   99 TId: 0 ( I-SLICE, QP 26 )    4475080 bits [Y 99.9900 dB    U 99.9900 dB    V 99.9900 dB] [ET    11 ] [L0 ] [L1 ]
POC  100 TId: 0 ( I-SLICE, QP 26 )    4477224 bits [Y 99.9900 dB    U 99.9900 dB    V 99.9900 dB] [ET    11 ] [L0 ] [L1 ]
POC  101 TId: 0 ( I-SLICE, QP 26 )    4475272 bits [Y 99.9900 dB    U 99.9900 dB    V 99.9900 dB] [ET    11 ] [L0 ] [L1 ]
POC  102 TId: 0 ( I-SLICE, QP 26 )    4474376 bits [Y 99.9900 dB    U 99.9900 dB    V 99.9900 dB] [ET    11 ] [L0 ] [L1 ]
POC  103 TId: 0 ( I-SLICE, QP 26 )    4479544 bits [Y 99.9900 dB    U 99.9900 dB    V 99.9900 dB] [ET    11 ] [L0 ] [L1 ]
POC  104 TId: 0 ( I-SLICE, QP 26 )    4479848 bits [Y 99.9900 dB    U 99.9900 dB    V 99.9900 dB] [ET    11 ] [L0 ] [L1 ]
POC  105 TId: 0 ( I-SLICE, QP 26 )    4478456 bits [Y 99.9900 dB    U 99.9900 dB    V 99.9900 dB] [ET    11 ] [L0 ] [L1 ]
POC  106 TId: 0 ( I-SLICE, QP 26 )    4472240 bits [Y 99.9900 dB    U 99.9900 dB    V 99.9900 dB] [ET    11 ] [L0 ] [L1 ]
POC  107 TId: 0 ( I-SLICE, QP 26 )    4468048 bits [Y 99.9900 dB    U 99.9900 dB    V 99.9900 dB] [ET    11 ] [L0 ] [L1 ]
POC  108 TId: 0 ( I-SLICE, QP 26 )    4477824 bits [Y 99.9900 dB    U 99.9900 dB    V 99.9900 dB] [ET    11 ] [L0 ] [L1 ]
POC  109 TId: 0 ( I-SLICE, QP 26 )    4465512 bits [Y 99.9900 dB    U 99.9900 dB    V 99.9900 dB] [ET    11 ] [L0 ] [L1 ]
POC  110 TId: 0 ( I-SLICE, QP 26 )    4459728 bits [Y 99.9900 dB    U 99.9900 dB    V 99.9900 dB] [ET    11 ] [L0 ] [L1 ]
POC  111 TId: 0 ( I-SLICE, QP 26 )    4460640 bits [Y 99.9900 dB    U 99.9900 dB    V 99.9900 dB] [ET    11 ] [L0 ] [L1 ]
POC  112 TId: 0 ( I-SLICE, QP 26 )    4464512 bits [Y 99.9900 dB    U 99.9900 dB    V 99.9900 dB] [ET    11 ] [L0 ] [L1 ]
POC  113 TId: 0 ( I-SLICE, QP 26 )    4459856 bits [Y 99.9900 dB    U 99.9900 dB    V 99.9900 dB] [ET    11 ] [L0 ] [L1 ]
POC  114 TId: 0 ( I-SLICE, QP 26 )    4460832 bits [Y 99.9900 dB    U 99.9900 dB    V 99.9900 dB] [ET    11 ] [L0 ] [L1 ]
POC  115 TId: 0 ( I-SLICE, QP 26 )    4464248 bits [Y 99.9900 dB    U 99.9900 dB    V 99.9900 dB] [ET    11 ] [L0 ] [L1 ]
POC  116 TId: 0 ( I-SLICE, QP 26 )    4463264 bits [Y 99.9900 dB    U 99.9900 dB    V 99.9900 dB] [ET    11 ] [L0 ] [L1 ]
POC  117 TId: 0 ( I-SLICE, QP 26 )    4459736 bits [Y 99.9900 dB    U 99.9900 dB    V 99.9900 dB] [ET    11 ] [L0 ] [L1 ]
POC  118 TId: 0 ( I-SLICE, QP 26 )    4456336 bits [Y 99.9900 dB    U 99.9900 dB    V 99.9900 dB] [ET    11 ] [L0 ] [L1 ]
POC  119 TId: 0 ( I-SLICE, QP 26 )    4457824 bits [Y 99.9900 dB    U 99.9900 dB    V 99.9900 dB] [ET    11 ] [L0 ] [L1 ]
POC  120 TId: 0 ( I-SLICE, QP 26 )    4452304 bits [Y 99.9900 dB    U 99.9900 dB    V 99.9900 dB] [ET    11 ] [L0 ] [L1 ]
POC  121 TId: 0 ( I-SLICE, QP 26 )    4454456 bits [Y 99.9900 dB    U 99.9900 dB    V 99.9900 dB] [ET    11 ] [L0 ] [L1 ]
POC  122 TId: 0 ( I-SLICE, QP 26 )    4453384 bits [Y 99.9900 dB    U 99.9900 dB    V 99.9900 dB] [ET    11 ] [L0 ] [L1 ]
POC  123 TId: 0 ( I-SLICE, QP 26 )    4457832 bits [Y 99.9900 dB    U 99.9900 dB    V 99.9900 dB] [ET    11 ] [L0 ] [L1 ]
POC  124 TId: 0 ( I-SLICE, QP 26 )    4452952 bits [Y 99.9900 dB    U 99.9900 dB    V 99.9900 dB] [ET    11 ] [L0 ] [L1 ]
POC  125 TId: 0 ( I-SLICE, QP 26 )    4452832 bits [Y 99.9900 dB    U 99.9900 dB    V 99.9900 dB] [ET    11 ] [L0 ] [L1 ]
POC  126 TId: 0 ( I-SLICE, QP 26 )    4452568 bits [Y 99.9900 dB    U 99.9900 dB    V 99.9900 dB] [ET    11 ] [L0 ] [L1 ]
POC  127 TId: 0 ( I-SLICE, QP 26 )    4449640 bits [Y 99.9900 dB    U 99.9900 dB    V 99.9900 dB] [ET    11 ] [L0 ] [L1 ]
POC  128 TId: 0 ( I-SLICE, QP 26 )    4451816 bits [Y 99.9900 dB    U 99.9900 dB    V 99.9900 dB] [ET    11 ] [L0 ] [L1 ]
POC  129 TId: 0 ( I-SLICE, QP 26 )    4449336 bits [Y 99.9900 dB    U 99.9900 dB    V 99.9900 dB] [ET    11 ] [L0 ] [L1 ]
POC  130 TId: 0 ( I-SLICE, QP 26 )    4456896 bits [Y 99.9900 dB    U 99.9900 dB    V 99.9900 dB] [ET    11 ] [L0 ] [L1 ]
POC  131 TId: 0 ( I-SLICE, QP 26 )    4455912 bits [Y 99.9900 dB    U 99.9900 dB    V 99.9900 dB] [ET    11 ] [L0 ] [L1 ]
POC  132 TId: 0 ( I-SLICE, QP 26 )    4453432 bits [Y 99.9900 dB    U 99.9900 dB    V 99.9900 dB] [ET    11 ] [L0 ] [L1 ]
POC  133 TId: 0 ( I-SLICE, QP 26 )    4452480 bits [Y 99.9900 dB    U 99.9900 dB    V 99.9900 dB] [ET    11 ] [L0 ] [L1 ]
POC  134 TId: 0 ( I-SLICE, QP 26 )    4453208 bits [Y 99.9900 dB    U 99.9900 dB    V 99.9900 dB] [ET    11 ] [L0 ] [L1 ]
POC  135 TId: 0 ( I-SLICE, QP 26 )    4453936 bits [Y 99.9900 dB    U 99.9900 dB    V 99.9900 dB] [ET    11 ] [L0 ] [L1 ]
POC  136 TId: 0 ( I-SLICE, QP 26 )    4453352 bits [Y 99.9900 dB    U 99.9900 dB    V 99.9900 dB] [ET    11 ] [L0 ] [L1 ]
POC  137 TId: 0 ( I-SLICE, QP 26 )    4454304 bits [Y 99.9900 dB    U 99.9900 dB    V 99.9900 dB] [ET    11 ] [L0 ] [L1 ]
POC  138 TId: 0 ( I-SLICE, QP 26 )    4456040 bits [Y 99.9900 dB    U 99.9900 dB    V 99.9900 dB] [ET    11 ] [L0 ] [L1 ]
POC  139 TId: 0 ( I-SLICE, QP 26 )    4453960 bits [Y 99.9900 dB    U 99.9900 dB    V 99.9900 dB] [ET    11 ] [L0 ] [L1 ]
POC  140 TId: 0 ( I-SLICE, QP 26 )    4452576 bits [Y 99.9900 dB    U 99.9900 dB    V 99.9900 dB] [ET    11 ] [L0 ] [L1 ]
POC  141 TId: 0 ( I-SLICE, QP 26 )    4450776 bits [Y 99.9900 dB    U 99.9900 dB    V 99.9900 dB] [ET    11 ] [L0 ] [L1 ]
POC  142 TId: 0 ( I-SLICE, QP 26 )    4450792 bits [Y 99.9900 dB    U 99.9900 dB    V 99.9900 dB] [ET    11 ] [L0 ] [L1 ]
POC  143 TId: 0 ( I-SLICE, QP 26 )    4450192 bits [Y 99.9900 dB    U 99.9900 dB    V 99.9900 dB] [ET    10 ] [L0 ] [L1 ]
POC  144 TId: 0 ( I-SLICE, QP 26 )    4449664 bits [Y 99.9900 dB    U 99.9900 dB    V 99.9900 dB] [ET    11 ] [L0 ] [L1 ]
POC  145 TId: 0 ( I-SLICE, QP 26 )    4457400 bits [Y 99.9900 dB    U 99.9900 dB    V 99.9900 dB] [ET    10 ] [L0 ] [L1 ]
POC  146 TId: 0 ( I-SLICE, QP 26 )    4455128 bits [Y 99.9900 dB    U 99.9900 dB    V 99.9900 dB] [ET    11 ] [L0 ] [L1 ]
POC  147 TId: 0 ( I-SLICE, QP 26 )    4455208 bits [Y 99.9900 dB    U 99.9900 dB    V 99.9900 dB] [ET    11 ] [L0 ] [L1 ]
POC  148 TId: 0 ( I-SLICE, QP 26 )    4457656 bits [Y 99.9900 dB    U 99.9900 dB    V 99.9900 dB] [ET    10 ] [L0 ] [L1 ]
POC  149 TId: 0 ( I-SLICE, QP 26 )    4459360 bits [Y 99.9900 dB    U 99.9900 dB    V 99.9900 dB] [ET    10 ] [L0 ] [L1 ]
POC  150 TId: 0 ( I-SLICE, QP 26 )    4459336 bits [Y 99.9900 dB    U 99.9900 dB    V 99.9900 dB] [ET    10 ] [L0 ] [L1 ]
POC  151 TId: 0 ( I-SLICE, QP 26 )    4459800 bits [Y 99.9900 dB    U 99.9900 dB    V 99.9900 dB] [ET    10 ] [L0 ] [L1 ]
POC  152 TId: 0 ( I-SLICE, QP 26 )    4459152 bits [Y 99.9900 dB    U 99.9900 dB    V 99.9900 dB] [ET    10 ] [L0 ] [L1 ]
POC  153 TId: 0 ( I-SLICE, QP 26 )    4457520 bits [Y 99.9900 dB    U 99.9900 dB    V 99.9900 dB] [ET    11 ] [L0 ] [L1 ]
POC  154 TId: 0 ( I-SLICE, QP 26 )    4454696 bits [Y 99.9900 dB    U 99.9900 dB    V 99.9900 dB] [ET    11 ] [L0 ] [L1 ]
POC  155 TId: 0 ( I-SLICE, QP 26 )    4459960 bits [Y 99.9900 dB    U 99.9900 dB    V 99.9900 dB] [ET    10 ] [L0 ] [L1 ]
POC  156 TId: 0 ( I-SLICE, QP 26 )    4458496 bits [Y 99.9900 dB    U 99.9900 dB    V 99.9900 dB] [ET    10 ] [L0 ] [L1 ]
POC  157 TId: 0 ( I-SLICE, QP 26 )    4461376 bits [Y 99.9900 dB    U 99.9900 dB    V 99.9900 dB] [ET    10 ] [L0 ] [L1 ]
POC  158 TId: 0 ( I-SLICE, QP 26 )    4461776 bits [Y 99.9900 dB    U 99.9900 dB    V 99.9900 dB] [ET    10 ] [L0 ] [L1 ]
POC  159 TId: 0 ( I-SLICE, QP 26 )    4461408 bits [Y 99.9900 dB    U 99.9900 dB    V 99.9900 dB] [ET    10 ] [L0 ] [L1 ]
POC  160 TId: 0 ( I-SLICE, QP 26 )    4464104 bits [Y 99.9900 dB    U 99.9900 dB    V 99.9900 dB] [ET    11 ] [L0 ] [L1 ]
POC  161 TId: 0 ( I-SLICE, QP 26 )    4464968 bits [Y 99.9900 dB    U 99.9900 dB    V 99.9900 dB] [ET    11 ] [L0 ] [L1 ]
POC  162 TId: 0 ( I-SLICE, QP 26 )    4469384 bits [Y 99.9900 dB    U 99.9900 dB    V 99.9900 dB] [ET    10 ] [L0 ] [L1 ]
POC  163 TId: 0 ( I-SLICE, QP 26 )    4469624 bits [Y 99.9900 dB    U 99.9900 dB    V 99.9900 dB] [ET    10 ] [L0 ] [L1 ]
POC  164 TId: 0 ( I-SLICE, QP 26 )    4469536 bits [Y 99.9900 dB    U 99.9900 dB    V 99.9900 dB] [ET    11 ] [L0 ] [L1 ]
POC  165 TId: 0 ( I-SLICE, QP 26 )    4471328 bits [Y 99.9900 dB    U 99.9900 dB    V 99.9900 dB] [ET    10 ] [L0 ] [L1 ]
POC  166 TId: 0 ( I-SLICE, QP 26 )    4467376 bits [Y 99.9900 dB    U 99.9900 dB    V 99.9900 dB] [ET    10 ] [L0 ] [L1 ]
POC  167 TId: 0 ( I-SLICE, QP 26 )    4471864 bits [Y 99.9900 dB    U 99.9900 dB    V 99.9900 dB] [ET    11 ] [L0 ] [L1 ]
POC  168 TId: 0 ( I-SLICE, QP 26 )    4470184 bits [Y 99.9900 dB    U 99.9900 dB    V 99.9900 dB] [ET    10 ] [L0 ] [L1 ]
POC  169 TId: 0 ( I-SLICE, QP 26 )    4470424 bits [Y 99.9900 dB    U 99.9900 dB    V 99.9900 dB] [ET    10 ] [L0 ] [L1 ]
POC  170 TId: 0 ( I-SLICE, QP 26 )    4472392 bits [Y 99.9900 dB    U 99.9900 dB    V 99.9900 dB] [ET    10 ] [L0 ] [L1 ]
POC  171 TId: 0 ( I-SLICE, QP 26 )    4465736 bits [Y 99.9900 dB    U 99.9900 dB    V 99.9900 dB] [ET    11 ] [L0 ] [L1 ]
POC  172 TId: 0 ( I-SLICE, QP 26 )    4465288 bits [Y 99.9900 dB    U 99.9900 dB    V 99.9900 dB] [ET    12 ] [L0 ] [L1 ]
POC  173 TId: 0 ( I-SLICE, QP 26 )    4464560 bits [Y 99.9900 dB    U 99.9900 dB    V 99.9900 dB] [ET    12 ] [L0 ] [L1 ]
POC  174 TId: 0 ( I-SLICE, QP 26 )    4467504 bits [Y 99.9900 dB    U 99.9900 dB    V 99.9900 dB] [ET    12 ] [L0 ] [L1 ]
POC  175 TId: 0 ( I-SLICE, QP 26 )    4467536 bits [Y 99.9900 dB    U 99.9900 dB    V 99.9900 dB] [ET    12 ] [L0 ] [L1 ]
POC  176 TId: 0 ( I-SLICE, QP 26 )    4470440 bits [Y 99.9900 dB    U 99.9900 dB    V 99.9900 dB] [ET    12 ] [L0 ] [L1 ]
POC  177 TId: 0 ( I-SLICE, QP 26 )    4472208 bits [Y 99.9900 dB    U 99.9900 dB    V 99.9900 dB] [ET    12 ] [L0 ] [L1 ]
POC  178 TId: 0 ( I-SLICE, QP 26 )    4475920 bits [Y 99.9900 dB    U 99.9900 dB    V 99.9900 dB] [ET    12 ] [L0 ] [L1 ]
POC  179 TId: 0 ( I-SLICE, QP 26 )    4474456 bits [Y 99.9900 dB    U 99.9900 dB    V 99.9900 dB] [ET    12 ] [L0 ] [L1 ]
POC  180 TId: 0 ( I-SLICE, QP 26 )    4482032 bits [Y 99.9900 dB    U 99.9900 dB    V 99.9900 dB] [ET    12 ] [L0 ] [L1 ]
POC  181 TId: 0 ( I-SLICE, QP 26 )    4473488 bits [Y 99.9900 dB    U 99.9900 dB    V 99.9900 dB] [ET    12 ] [L0 ] [L1 ]
POC  182 TId: 0 ( I-SLICE, QP 26 )    4481576 bits [Y 99.9900 dB    U 99.9900 dB    V 99.9900 dB] [ET    12 ] [L0 ] [L1 ]
POC  183 TId: 0 ( I-SLICE, QP 26 )    4486488 bits [Y 99.9900 dB    U 99.9900 dB    V 99.9900 dB] [ET    12 ] [L0 ] [L1 ]
POC  184 TId: 0 ( I-SLICE, QP 26 )    4487856 bits [Y 99.9900 dB    U 99.9900 dB    V 99.9900 dB] [ET    12 ] [L0 ] [L1 ]
POC  185 TId: 0 ( I-SLICE, QP 26 )    4483392 bits [Y 99.9900 dB    U 99.9900 dB    V 99.9900 dB] [ET    12 ] [L0 ] [L1 ]
POC  186 TId: 0 ( I-SLICE, QP 26 )    4483856 bits [Y 99.9900 dB    U 99.9900 dB    V 99.9900 dB] [ET    12 ] [L0 ] [L1 ]
POC  187 TId: 0 ( I-SLICE, QP 26 )    4483952 bits [Y 99.9900 dB    U 99.9900 dB    V 99.9900 dB] [ET    12 ] [L0 ] [L1 ]
POC  188 TId: 0 ( I-SLICE, QP 26 )    4485944 bits [Y 99.9900 dB    U 99.9900 dB    V 99.9900 dB] [ET    12 ] [L0 ] [L1 ]
POC  189 TId: 0 ( I-SLICE, QP 26 )    4484056 bits [Y 99.9900 dB    U 99.9900 dB    V 99.9900 dB] [ET    12 ] [L0 ] [L1 ]
POC  190 TId: 0 ( I-SLICE, QP 26 )    4486472 bits [Y 99.9900 dB    U 99.9900 dB    V 99.9900 dB] [ET    12 ] [L0 ] [L1 ]
POC  191 TId: 0 ( I-SLICE, QP 26 )    4485864 bits [Y 99.9900 dB    U 99.9900 dB    V 99.9900 dB] [ET    12 ] [L0 ] [L1 ]
POC  192 TId: 0 ( I-SLICE, QP 26 )    4485768 bits [Y 99.9900 dB    U 99.9900 dB    V 99.9900 dB] [ET    12 ] [L0 ] [L1 ]
POC  193 TId: 0 ( I-SLICE, QP 26 )    4480952 bits [Y 99.9900 dB    U 99.9900 dB    V 99.9900 dB] [ET    12 ] [L0 ] [L1 ]
POC  194 TId: 0 ( I-SLICE, QP 26 )    4478120 bits [Y 99.9900 dB    U 99.9900 dB    V 99.9900 dB] [ET    12 ] [L0 ] [L1 ]
POC  195 TId: 0 ( I-SLICE, QP 26 )    4480200 bits [Y 99.9900 dB    U 99.9900 dB    V 99.9900 dB] [ET    12 ] [L0 ] [L1 ]
POC  196 TId: 0 ( I-SLICE, QP 26 )    4487088 bits [Y 99.9900 dB    U 99.9900 dB    V 99.9900 dB] [ET    12 ] [L0 ] [L1 ]
POC  197 TId: 0 ( I-SLICE, QP 26 )    4481632 bits [Y 99.9900 dB    U 99.9900 dB    V 99.9900 dB] [ET    12 ] [L0 ] [L1 ]
POC  198 TId: 0 ( I-SLICE, QP 26 )    4475296 bits [Y 99.9900 dB    U 99.9900 dB    V 99.9900 dB] [ET    12 ] [L0 ] [L1 ]
POC  199 TId: 0 ( I-SLICE, QP 26 )    4476600 bits [Y 99.9900 dB    U 99.9900 dB    V 99.9900 dB] [ET    12 ] [L0 ] [L1 ]
POC  200 TId: 0 ( I-SLICE, QP 26 )    4484864 bits [Y 99.9900 dB    U 99.9900 dB    V 99.9900 dB] [ET    12 ] [L0 ] [L1 ]
POC  201 TId: 0 ( I-SLICE, QP 26 )    4481624 bits [Y 99.9900 dB    U 99.9900 dB    V 99.9900 dB] [ET    12 ] [L0 ] [L1 ]
POC  202 TId: 0 ( I-SLICE, QP 26 )    4480096 bits [Y 99.9900 dB    U 99.9900 dB    V 99.9900 dB] [ET    12 ] [L0 ] [L1 ]
POC  203 TId: 0 ( I-SLICE, QP 26 )    4477264 bits [Y 99.9900 dB    U 99.9900 dB    V 99.9900 dB] [ET    12 ] [L0 ] [L1 ]
POC  204 TId: 0 ( I-SLICE, QP 26 )    4486312 bits [Y 99.9900 dB    U 99.9900 dB    V 99.9900 dB] [ET    12 ] [L0 ] [L1 ]
POC  205 TId: 0 ( I-SLICE, QP 26 )    4482224 bits [Y 99.9900 dB    U 99.9900 dB    V 99.9900 dB] [ET    12 ] [L0 ] [L1 ]
POC  206 TId: 0 ( I-SLICE, QP 26 )    4488248 bits [Y 99.9900 dB    U 99.9900 dB    V 99.9900 dB] [ET    12 ] [L0 ] [L1 ]
POC  207 TId: 0 ( I-SLICE, QP 26 )    4482216 bits [Y 99.9900 dB    U 99.9900 dB    V 99.9900 dB] [ET    12 ] [L0 ] [L1 ]
POC  208 TId: 0 ( I-SLICE, QP 26 )    4490352 bits [Y 99.9900 dB    U 99.9900 dB    V 99.9900 dB] [ET    12 ] [L0 ] [L1 ]
POC  209 TId: 0 ( I-SLICE, QP 26 )    4484032 bits [Y 99.9900 dB    U 99.9900 dB    V 99.9900 dB] [ET    12 ] [L0 ] [L1 ]
POC  210 TId: 0 ( I-SLICE, QP 26 )    4486184 bits [Y 99.9900 dB    U 99.9900 dB    V 99.9900 dB] [ET    12 ] [L0 ] [L1 ]
POC  211 TId: 0 ( I-SLICE, QP 26 )    4482520 bits [Y 99.9900 dB    U 99.9900 dB    V 99.9900 dB] [ET    12 ] [L0 ] [L1 ]
POC  212 TId: 0 ( I-SLICE, QP 26 )    4486864 bits [Y 99.9900 dB    U 99.9900 dB    V 99.9900 dB] [ET    12 ] [L0 ] [L1 ]
POC  213 TId: 0 ( I-SLICE, QP 26 )    4482952 bits [Y 99.9900 dB    U 99.9900 dB    V 99.9900 dB] [ET    12 ] [L0 ] [L1 ]
POC  214 TId: 0 ( I-SLICE, QP 26 )    4487944 bits [Y 99.9900 dB    U 99.9900 dB    V 99.9900 dB] [ET    12 ] [L0 ] [L1 ]
POC  215 TId: 0 ( I-SLICE, QP 26 )    4481024 bits [Y 99.9900 dB    U 99.9900 dB    V 99.9900 dB] [ET    12 ] [L0 ] [L1 ]
POC  216 TId: 0 ( I-SLICE, QP 26 )    4490696 bits [Y 99.9900 dB    U 99.9900 dB    V 99.9900 dB] [ET    12 ] [L0 ] [L1 ]
POC  217 TId: 0 ( I-SLICE, QP 26 )    4486968 bits [Y 99.9900 dB    U 99.9900 dB    V 99.9900 dB] [ET    12 ] [L0 ] [L1 ]
POC  218 TId: 0 ( I-SLICE, QP 26 )    4491288 bits [Y 99.9900 dB    U 99.9900 dB    V 99.9900 dB] [ET    13 ] [L0 ] [L1 ]
POC  219 TId: 0 ( I-SLICE, QP 26 )    4484576 bits [Y 99.9900 dB    U 99.9900 dB    V 99.9900 dB] [ET    13 ] [L0 ] [L1 ]
POC  220 TId: 0 ( I-SLICE, QP 26 )    4485992 bits [Y 99.9900 dB    U 99.9900 dB    V 99.9900 dB] [ET    13 ] [L0 ] [L1 ]
POC  221 TId: 0 ( I-SLICE, QP 26 )    4480760 bits [Y 99.9900 dB    U 99.9900 dB    V 99.9900 dB] [ET    12 ] [L0 ] [L1 ]
POC  222 TId: 0 ( I-SLICE, QP 26 )    4483480 bits [Y 99.9900 dB    U 99.9900 dB    V 99.9900 dB] [ET    12 ] [L0 ] [L1 ]
POC  223 TId: 0 ( I-SLICE, QP 26 )    4478360 bits [Y 99.9900 dB    U 99.9900 dB    V 99.9900 dB] [ET    12 ] [L0 ] [L1 ]
POC  224 TId: 0 ( I-SLICE, QP 26 )    4479056 bits [Y 99.9900 dB    U 99.9900 dB    V 99.9900 dB] [ET    12 ] [L0 ] [L1 ]
POC  225 TId: 0 ( I-SLICE, QP 26 )    4473864 bits [Y 99.9900 dB    U 99.9900 dB    V 99.9900 dB] [ET    12 ] [L0 ] [L1 ]
POC  226 TId: 0 ( I-SLICE, QP 26 )    4473160 bits [Y 99.9900 dB    U 99.9900 dB    V 99.9900 dB] [ET    12 ] [L0 ] [L1 ]
POC  227 TId: 0 ( I-SLICE, QP 26 )    4467976 bits [Y 99.9900 dB    U 99.9900 dB    V 99.9900 dB] [ET    12 ] [L0 ] [L1 ]
POC  228 TId: 0 ( I-SLICE, QP 26 )    4467560 bits [Y 99.9900 dB    U 99.9900 dB    V 99.9900 dB] [ET    12 ] [L0 ] [L1 ]
POC  229 TId: 0 ( I-SLICE, QP 26 )    4461224 bits [Y 99.9900 dB    U 99.9900 dB    V 99.9900 dB] [ET    12 ] [L0 ] [L1 ]
POC  230 TId: 0 ( I-SLICE, QP 26 )    4462632 bits [Y 99.9900 dB    U 99.9900 dB    V 99.9900 dB] [ET    12 ] [L0 ] [L1 ]
POC  231 TId: 0 ( I-SLICE, QP 26 )    4460328 bits [Y 99.9900 dB    U 99.9900 dB    V 99.9900 dB] [ET    12 ] [L0 ] [L1 ]
POC  232 TId: 0 ( I-SLICE, QP 26 )    4462576 bits [Y 99.9900 dB    U 99.9900 dB    V 99.9900 dB] [ET    12 ] [L0 ] [L1 ]
POC  233 TId: 0 ( I-SLICE, QP 26 )    4459200 bits [Y 99.9900 dB    U 99.9900 dB    V 99.9900 dB] [ET    12 ] [L0 ] [L1 ]
POC  234 TId: 0 ( I-SLICE, QP 26 )    4455848 bits [Y 99.9900 dB    U 99.9900 dB    V 99.9900 dB] [ET    13 ] [L0 ] [L1 ]
POC  235 TId: 0 ( I-SLICE, QP 26 )    4454856 bits [Y 99.9900 dB    U 99.9900 dB    V 99.9900 dB] [ET    13 ] [L0 ] [L1 ]
POC  236 TId: 0 ( I-SLICE, QP 26 )    4456552 bits [Y 99.9900 dB    U 99.9900 dB    V 99.9900 dB] [ET    13 ] [L0 ] [L1 ]
POC  237 TId: 0 ( I-SLICE, QP 26 )    4453896 bits [Y 99.9900 dB    U 99.9900 dB    V 99.9900 dB] [ET    13 ] [L0 ] [L1 ]
POC  238 TId: 0 ( I-SLICE, QP 26 )    4450448 bits [Y 99.9900 dB    U 99.9900 dB    V 99.9900 dB] [ET    13 ] [L0 ] [L1 ]
POC  239 TId: 0 ( I-SLICE, QP 26 )    4449496 bits [Y 99.9900 dB    U 99.9900 dB    V 99.9900 dB] [ET    13 ] [L0 ] [L1 ]
POC  240 TId: 0 ( I-SLICE, QP 26 )    4453792 bits [Y 99.9900 dB    U 99.9900 dB    V 99.9900 dB] [ET    13 ] [L0 ] [L1 ]
POC  241 TId: 0 ( I-SLICE, QP 26 )    4445752 bits [Y 99.9900 dB    U 99.9900 dB    V 99.9900 dB] [ET    13 ] [L0 ] [L1 ]
POC  242 TId: 0 ( I-SLICE, QP 26 )    4445480 bits [Y 99.9900 dB    U 99.9900 dB    V 99.9900 dB] [ET    13 ] [L0 ] [L1 ]
POC  243 TId: 0 ( I-SLICE, QP 26 )    4443552 bits [Y 99.9900 dB    U 99.9900 dB    V 99.9900 dB] [ET    13 ] [L0 ] [L1 ]
POC  244 TId: 0 ( I-SLICE, QP 26 )    4451224 bits [Y 99.9900 dB    U 99.9900 dB    V 99.9900 dB] [ET    13 ] [L0 ] [L1 ]
POC  245 TId: 0 ( I-SLICE, QP 26 )    4453968 bits [Y 99.9900 dB    U 99.9900 dB    V 99.9900 dB] [ET    13 ] [L0 ] [L1 ]
POC  246 TId: 0 ( I-SLICE, QP 26 )    4454520 bits [Y 99.9900 dB    U 99.9900 dB    V 99.9900 dB] [ET    13 ] [L0 ] [L1 ]
POC  247 TId: 0 ( I-SLICE, QP 26 )    4457200 bits [Y 99.9900 dB    U 99.9900 dB    V 99.9900 dB] [ET    13 ] [L0 ] [L1 ]
POC  248 TId: 0 ( I-SLICE, QP 26 )    4463576 bits [Y 99.9900 dB    U 99.9900 dB    V 99.9900 dB] [ET    13 ] [L0 ] [L1 ]
POC  249 TId: 0 ( I-SLICE, QP 26 )    4455848 bits [Y 99.9900 dB    U 99.9900 dB    V 99.9900 dB] [ET    13 ] [L0 ] [L1 ]
POC  250 TId: 0 ( I-SLICE, QP 26 )    4459848 bits [Y 99.9900 dB    U 99.9900 dB    V 99.9900 dB] [ET    13 ] [L0 ] [L1 ]
POC  251 TId: 0 ( I-SLICE, QP 26 )    4455880 bits [Y 99.9900 dB    U 99.9900 dB    V 99.9900 dB] [ET    13 ] [L0 ] [L1 ]
POC  252 TId: 0 ( I-SLICE, QP 26 )    4457816 bits [Y 99.9900 dB    U 99.9900 dB    V 99.9900 dB] [ET    13 ] [L0 ] [L1 ]
POC  253 TId: 0 ( I-SLICE, QP 26 )    4459760 bits [Y 99.9900 dB    U 99.9900 dB    V 99.9900 dB] [ET    13 ] [L0 ] [L1 ]
POC  254 TId: 0 ( I-SLICE, QP 26 )    4463128 bits [Y 99.9900 dB    U 99.9900 dB    V 99.9900 dB] [ET    13 ] [L0 ] [L1 ]
POC  255 TId: 0 ( I-SLICE, QP 26 )    4461624 bits [Y 99.9900 dB    U 99.9900 dB    V 99.9900 dB] [ET    13 ] [L0 ] [L1 ]
POC  256 TId: 0 ( I-SLICE, QP 26 )    4465024 bits [Y 99.9900 dB    U 99.9900 dB    V 99.9900 dB] [ET    13 ] [L0 ] [L1 ]
POC  257 TId: 0 ( I-SLICE, QP 26 )    4465808 bits [Y 99.9900 dB    U 99.9900 dB    V 99.9900 dB] [ET    13 ] [L0 ] [L1 ]
POC  258 TId: 0 ( I-SLICE, QP 26 )    4467960 bits [Y 99.9900 dB    U 99.9900 dB    V 99.9900 dB] [ET    13 ] [L0 ] [L1 ]
POC  259 TId: 0 ( I-SLICE, QP 26 )    4464784 bits [Y 99.9900 dB    U 99.9900 dB    V 99.9900 dB] [ET    13 ] [L0 ] [L1 ]
POC  260 TId: 0 ( I-SLICE, QP 26 )    4466536 bits [Y 99.9900 dB    U 99.9900 dB    V 99.9900 dB] [ET    13 ] [L0 ] [L1 ]
POC  261 TId: 0 ( I-SLICE, QP 26 )    4466368 bits [Y 99.9900 dB    U 99.9900 dB    V 99.9900 dB] [ET    13 ] [L0 ] [L1 ]
POC  262 TId: 0 ( I-SLICE, QP 26 )    4470792 bits [Y 99.9900 dB    U 99.9900 dB    V 99.9900 dB] [ET    13 ] [L0 ] [L1 ]
POC  263 TId: 0 ( I-SLICE, QP 26 )    4465400 bits [Y 99.9900 dB    U 99.9900 dB    V 99.9900 dB] [ET    13 ] [L0 ] [L1 ]
POC  264 TId: 0 ( I-SLICE, QP 26 )    4466976 bits [Y 99.9900 dB    U 99.9900 dB    V 99.9900 dB] [ET    13 ] [L0 ] [L1 ]
POC  265 TId: 0 ( I-SLICE, QP 26 )    4462208 bits [Y 99.9900 dB    U 99.9900 dB    V 99.9900 dB] [ET    13 ] [L0 ] [L1 ]
POC  266 TId: 0 ( I-SLICE, QP 26 )    4468800 bits [Y 99.9900 dB    U 99.9900 dB    V 99.9900 dB] [ET    13 ] [L0 ] [L1 ]
POC  267 TId: 0 ( I-SLICE, QP 26 )    4465816 bits [Y 99.9900 dB    U 99.9900 dB    V 99.9900 dB] [ET    13 ] [L0 ] [L1 ]
POC  268 TId: 0 ( I-SLICE, QP 26 )    4462408 bits [Y 99.9900 dB    U 99.9900 dB    V 99.9900 dB] [ET    13 ] [L0 ] [L1 ]
POC  269 TId: 0 ( I-SLICE, QP 26 )    4466776 bits [Y 99.9900 dB    U 99.9900 dB    V 99.9900 dB] [ET    13 ] [L0 ] [L1 ]
POC  270 TId: 0 ( I-SLICE, QP 26 )    4464864 bits [Y 99.9900 dB    U 99.9900 dB    V 99.9900 dB] [ET    13 ] [L0 ] [L1 ]
POC  271 TId: 0 ( I-SLICE, QP 26 )    4460248 bits [Y 99.9900 dB    U 99.9900 dB    V 99.9900 dB] [ET    13 ] [L0 ] [L1 ]
POC  272 TId: 0 ( I-SLICE, QP 26 )    4459240 bits [Y 99.9900 dB    U 99.9900 dB    V 99.9900 dB] [ET    13 ] [L0 ] [L1 ]
POC  273 TId: 0 ( I-SLICE, QP 26 )    4459576 bits [Y 99.9900 dB    U 99.9900 dB    V 99.9900 dB] [ET    13 ] [L0 ] [L1 ]
POC  274 TId: 0 ( I-SLICE, QP 26 )    4462208 bits [Y 99.9900 dB    U 99.9900 dB    V 99.9900 dB] [ET    13 ] [L0 ] [L1 ]
POC  275 TId: 0 ( I-SLICE, QP 26 )    4457728 bits [Y 99.9900 dB    U 99.9900 dB    V 99.9900 dB] [ET    13 ] [L0 ] [L1 ]
POC  276 TId: 0 ( I-SLICE, QP 26 )    4460064 bits [Y 99.9900 dB    U 99.9900 dB    V 99.9900 dB] [ET    13 ] [L0 ] [L1 ]
POC  277 TId: 0 ( I-SLICE, QP 26 )    4458192 bits [Y 99.9900 dB    U 99.9900 dB    V 99.9900 dB] [ET    13 ] [L0 ] [L1 ]
POC  278 TId: 0 ( I-SLICE, QP 26 )    4457944 bits [Y 99.9900 dB    U 99.9900 dB    V 99.9900 dB] [ET    13 ] [L0 ] [L1 ]
POC  279 TId: 0 ( I-SLICE, QP 26 )    4463224 bits [Y 99.9900 dB    U 99.9900 dB    V 99.9900 dB] [ET    13 ] [L0 ] [L1 ]
POC  280 TId: 0 ( I-SLICE, QP 26 )    4465680 bits [Y 99.9900 dB    U 99.9900 dB    V 99.9900 dB] [ET    13 ] [L0 ] [L1 ]
POC  281 TId: 0 ( I-SLICE, QP 26 )    4460800 bits [Y 99.9900 dB    U 99.9900 dB    V 99.9900 dB] [ET    13 ] [L0 ] [L1 ]
POC  282 TId: 0 ( I-SLICE, QP 26 )    4461592 bits [Y 99.9900 dB    U 99.9900 dB    V 99.9900 dB] [ET    13 ] [L0 ] [L1 ]
POC  283 TId: 0 ( I-SLICE, QP 26 )    4465448 bits [Y 99.9900 dB    U 99.9900 dB    V 99.9900 dB] [ET    13 ] [L0 ] [L1 ]
POC  284 TId: 0 ( I-SLICE, QP 26 )    4470912 bits [Y 99.9900 dB    U 99.9900 dB    V 99.9900 dB] [ET    13 ] [L0 ] [L1 ]
POC  285 TId: 0 ( I-SLICE, QP 26 )    4471848 bits [Y 99.9900 dB    U 99.9900 dB    V 99.9900 dB] [ET    13 ] [L0 ] [L1 ]
POC  286 TId: 0 ( I-SLICE, QP 26 )    4475248 bits [Y 99.9900 dB    U 99.9900 dB    V 99.9900 dB] [ET    13 ] [L0 ] [L1 ]
POC  287 TId: 0 ( I-SLICE, QP 26 )    4471752 bits [Y 99.9900 dB    U 99.9900 dB    V 99.9900 dB] [ET    13 ] [L0 ] [L1 ]
POC  288 TId: 0 ( I-SLICE, QP 26 )    4473728 bits [Y 99.9900 dB    U 99.9900 dB    V 99.9900 dB] [ET    13 ] [L0 ] [L1 ]
POC  289 TId: 0 ( I-SLICE, QP 26 )    4472720 bits [Y 99.9900 dB    U 99.9900 dB    V 99.9900 dB] [ET    13 ] [L0 ] [L1 ]
POC  290 TId: 0 ( I-SLICE, QP 26 )    4474792 bits [Y 99.9900 dB    U 99.9900 dB    V 99.9900 dB] [ET    13 ] [L0 ] [L1 ]
POC  291 TId: 0 ( I-SLICE, QP 26 )    4473360 bits [Y 99.9900 dB    U 99.9900 dB    V 99.9900 dB] [ET    13 ] [L0 ] [L1 ]
POC  292 TId: 0 ( I-SLICE, QP 26 )    4479032 bits [Y 99.9900 dB    U 99.9900 dB    V 99.9900 dB] [ET    13 ] [L0 ] [L1 ]
POC  293 TId: 0 ( I-SLICE, QP 26 )    4477072 bits [Y 99.9900 dB    U 99.9900 dB    V 99.9900 dB] [ET    13 ] [L0 ] [L1 ]
POC  294 TId: 0 ( I-SLICE, QP 26 )    4480816 bits [Y 99.9900 dB    U 99.9900 dB    V 99.9900 dB] [ET    13 ] [L0 ] [L1 ]
POC  295 TId: 0 ( I-SLICE, QP 26 )    4477920 bits [Y 99.9900 dB    U 99.9900 dB    V 99.9900 dB] [ET    13 ] [L0 ] [L1 ]
POC  296 TId: 0 ( I-SLICE, QP 26 )    4479536 bits [Y 99.9900 dB    U 99.9900 dB    V 99.9900 dB] [ET    13 ] [L0 ] [L1 ]
POC  297 TId: 0 ( I-SLICE, QP 26 )    4479056 bits [Y 99.9900 dB    U 99.9900 dB    V 99.9900 dB] [ET    13 ] [L0 ] [L1 ]
POC  298 TId: 0 ( I-SLICE, QP 26 )    4481352 bits [Y 99.9900 dB    U 99.9900 dB    V 99.9900 dB] [ET    13 ] [L0 ] [L1 ]
POC  299 TId: 0 ( I-SLICE, QP 26 )    4478328 bits [Y 99.9900 dB    U 99.9900 dB    V 99.9900 dB] [ET    13 ] [L0 ] [L1 ]
POC  300 TId: 0 ( I-SLICE, QP 26 )    4474896 bits [Y 99.9900 dB    U 99.9900 dB    V 99.9900 dB] [ET    13 ] [L0 ] [L1 ]
POC  301 TId: 0 ( I-SLICE, QP 26 )    4472400 bits [Y 99.9900 dB    U 99.9900 dB    V 99.9900 dB] [ET    13 ] [L0 ] [L1 ]
POC  302 TId: 0 ( I-SLICE, QP 26 )    4468096 bits [Y 99.9900 dB    U 99.9900 dB    V 99.9900 dB] [ET    13 ] [L0 ] [L1 ]
POC  303 TId: 0 ( I-SLICE, QP 26 )    4469768 bits [Y 99.9900 dB    U 99.9900 dB    V 99.9900 dB] [ET    13 ] [L0 ] [L1 ]
POC  304 TId: 0 ( I-SLICE, QP 26 )    4464904 bits [Y 99.9900 dB    U 99.9900 dB    V 99.9900 dB] [ET    13 ] [L0 ] [L1 ]
POC  305 TId: 0 ( I-SLICE, QP 26 )    4465160 bits [Y 99.9900 dB    U 99.9900 dB    V 99.9900 dB] [ET    13 ] [L0 ] [L1 ]
POC  306 TId: 0 ( I-SLICE, QP 26 )    4467976 bits [Y 99.9900 dB    U 99.9900 dB    V 99.9900 dB] [ET    13 ] [L0 ] [L1 ]
POC  307 TId: 0 ( I-SLICE, QP 26 )    4472512 bits [Y 99.9900 dB    U 99.9900 dB    V 99.9900 dB] [ET    13 ] [L0 ] [L1 ]
POC  308 TId: 0 ( I-SLICE, QP 26 )    4479024 bits [Y 99.9900 dB    U 99.9900 dB    V 99.9900 dB] [ET    13 ] [L0 ] [L1 ]
POC  309 TId: 0 ( I-SLICE, QP 26 )    4480088 bits [Y 99.9900 dB    U 99.9900 dB    V 99.9900 dB] [ET    13 ] [L0 ] [L1 ]
POC  310 TId: 0 ( I-SLICE, QP 26 )    4481128 bits [Y 99.9900 dB    U 99.9900 dB    V 99.9900 dB] [ET    13 ] [L0 ] [L1 ]
POC  311 TId: 0 ( I-SLICE, QP 26 )    4482552 bits [Y 99.9900 dB    U 99.9900 dB    V 99.9900 dB] [ET    13 ] [L0 ] [L1 ]
POC  312 TId: 0 ( I-SLICE, QP 26 )    4484040 bits [Y 99.9900 dB    U 99.9900 dB    V 99.9900 dB] [ET    13 ] [L0 ] [L1 ]
POC  313 TId: 0 ( I-SLICE, QP 26 )    4482040 bits [Y 99.9900 dB    U 99.9900 dB    V 99.9900 dB] [ET    13 ] [L0 ] [L1 ]
POC  314 TId: 0 ( I-SLICE, QP 26 )    4487584 bits [Y 99.9900 dB    U 99.9900 dB    V 99.9900 dB] [ET    13 ] [L0 ] [L1 ]
POC  315 TId: 0 ( I-SLICE, QP 26 )    4489728 bits [Y 99.9900 dB    U 99.9900 dB    V 99.9900 dB] [ET    13 ] [L0 ] [L1 ]
POC  316 TId: 0 ( I-SLICE, QP 26 )    4490304 bits [Y 99.9900 dB    U 99.9900 dB    V 99.9900 dB] [ET    13 ] [L0 ] [L1 ]
POC  317 TId: 0 ( I-SLICE, QP 26 )    4487248 bits [Y 99.9900 dB    U 99.9900 dB    V 99.9900 dB] [ET    13 ] [L0 ] [L1 ]
POC  318 TId: 0 ( I-SLICE, QP 26 )    4490712 bits [Y 99.9900 dB    U 99.9900 dB    V 99.9900 dB] [ET    13 ] [L0 ] [L1 ]
POC  319 TId: 0 ( I-SLICE, QP 26 )    4488304 bits [Y 99.9900 dB    U 99.9900 dB    V 99.9900 dB] [ET    13 ] [L0 ] [L1 ]
POC  320 TId: 0 ( I-SLICE, QP 26 )    4486944 bits [Y 99.9900 dB    U 99.9900 dB    V 99.9900 dB] [ET    13 ] [L0 ] [L1 ]
POC  321 TId: 0 ( I-SLICE, QP 26 )    4487072 bits [Y 99.9900 dB    U 99.9900 dB    V 99.9900 dB] [ET    13 ] [L0 ] [L1 ]
POC  322 TId: 0 ( I-SLICE, QP 26 )    4488520 bits [Y 99.9900 dB    U 99.9900 dB    V 99.9900 dB] [ET    13 ] [L0 ] [L1 ]
POC  323 TId: 0 ( I-SLICE, QP 26 )    4489536 bits [Y 99.9900 dB    U 99.9900 dB    V 99.9900 dB] [ET    13 ] [L0 ] [L1 ]
POC  324 TId: 0 ( I-SLICE, QP 26 )    4490472 bits [Y 99.9900 dB    U 99.9900 dB    V 99.9900 dB] [ET    13 ] [L0 ] [L1 ]
POC  325 TId: 0 ( I-SLICE, QP 26 )    4485952 bits [Y 99.9900 dB    U 99.9900 dB    V 99.9900 dB] [ET    13 ] [L0 ] [L1 ]
POC  326 TId: 0 ( I-SLICE, QP 26 )    4488224 bits [Y 99.9900 dB    U 99.9900 dB    V 99.9900 dB] [ET    13 ] [L0 ] [L1 ]
POC  327 TId: 0 ( I-SLICE, QP 26 )    4484352 bits [Y 99.9900 dB    U 99.9900 dB    V 99.9900 dB] [ET    13 ] [L0 ] [L1 ]
POC  328 TId: 0 ( I-SLICE, QP 26 )    4487160 bits [Y 99.9900 dB    U 99.9900 dB    V 99.9900 dB] [ET    13 ] [L0 ] [L1 ]
POC  329 TId: 0 ( I-SLICE, QP 26 )    4488832 bits [Y 99.9900 dB    U 99.9900 dB    V 99.9900 dB] [ET    13 ] [L0 ] [L1 ]
POC  330 TId: 0 ( I-SLICE, QP 26 )    4480432 bits [Y 99.9900 dB    U 99.9900 dB    V 99.9900 dB] [ET    13 ] [L0 ] [L1 ]
POC  331 TId: 0 ( I-SLICE, QP 26 )    4483320 bits [Y 99.9900 dB    U 99.9900 dB    V 99.9900 dB] [ET    13 ] [L0 ] [L1 ]
POC  332 TId: 0 ( I-SLICE, QP 26 )    4486672 bits [Y 99.9900 dB    U 99.9900 dB    V 99.9900 dB] [ET    13 ] [L0 ] [L1 ]
POC  333 TId: 0 ( I-SLICE, QP 26 )    4487712 bits [Y 99.9900 dB    U 99.9900 dB    V 99.9900 dB] [ET    13 ] [L0 ] [L1 ]
POC  334 TId: 0 ( I-SLICE, QP 26 )    4488112 bits [Y 99.9900 dB    U 99.9900 dB    V 99.9900 dB] [ET    13 ] [L0 ] [L1 ]
POC  335 TId: 0 ( I-SLICE, QP 26 )    4484696 bits [Y 99.9900 dB    U 99.9900 dB    V 99.9900 dB] [ET    13 ] [L0 ] [L1 ]
POC  336 TId: 0 ( I-SLICE, QP 26 )    4488560 bits [Y 99.9900 dB    U 99.9900 dB    V 99.9900 dB] [ET    13 ] [L0 ] [L1 ]
POC  337 TId: 0 ( I-SLICE, QP 26 )    4482968 bits [Y 99.9900 dB    U 99.9900 dB    V 99.9900 dB] [ET    13 ] [L0 ] [L1 ]
POC  338 TId: 0 ( I-SLICE, QP 26 )    4488088 bits [Y 99.9900 dB    U 99.9900 dB    V 99.9900 dB] [ET    13 ] [L0 ] [L1 ]
POC  339 TId: 0 ( I-SLICE, QP 26 )    4485368 bits [Y 99.9900 dB    U 99.9900 dB    V 99.9900 dB] [ET    13 ] [L0 ] [L1 ]
POC  340 TId: 0 ( I-SLICE, QP 26 )    4484160 bits [Y 99.9900 dB    U 99.9900 dB    V 99.9900 dB] [ET    13 ] [L0 ] [L1 ]
POC  341 TId: 0 ( I-SLICE, QP 26 )    4485456 bits [Y 99.9900 dB    U 99.9900 dB    V 99.9900 dB] [ET    13 ] [L0 ] [L1 ]
POC  342 TId: 0 ( I-SLICE, QP 26 )    4485040 bits [Y 99.9900 dB    U 99.9900 dB    V 99.9900 dB] [ET    13 ] [L0 ] [L1 ]
POC  343 TId: 0 ( I-SLICE, QP 26 )    4482656 bits [Y 99.9900 dB    U 99.9900 dB    V 99.9900 dB] [ET    13 ] [L0 ] [L1 ]
POC  344 TId: 0 ( I-SLICE, QP 26 )    4481272 bits [Y 99.9900 dB    U 99.9900 dB    V 99.9900 dB] [ET    13 ] [L0 ] [L1 ]
POC  345 TId: 0 ( I-SLICE, QP 26 )    4477480 bits [Y 99.9900 dB    U 99.9900 dB    V 99.9900 dB] [ET    13 ] [L0 ] [L1 ]
POC  346 TId: 0 ( I-SLICE, QP 26 )    4482928 bits [Y 99.9900 dB    U 99.9900 dB    V 99.9900 dB] [ET    13 ] [L0 ] [L1 ]
POC  347 TId: 0 ( I-SLICE, QP 26 )    4476624 bits [Y 99.9900 dB    U 99.9900 dB    V 99.9900 dB] [ET    13 ] [L0 ] [L1 ]
POC  348 TId: 0 ( I-SLICE, QP 26 )    4472656 bits [Y 99.9900 dB    U 99.9900 dB    V 99.9900 dB] [ET    13 ] [L0 ] [L1 ]
POC  349 TId: 0 ( I-SLICE, QP 26 )    4474816 bits [Y 99.9900 dB    U 99.9900 dB    V 99.9900 dB] [ET    13 ] [L0 ] [L1 ]
POC  350 TId: 0 ( I-SLICE, QP 26 )    4474248 bits [Y 99.9900 dB    U 99.9900 dB    V 99.9900 dB] [ET    13 ] [L0 ] [L1 ]
POC  351 TId: 0 ( I-SLICE, QP 26 )    4474016 bits [Y 99.9900 dB    U 99.9900 dB    V 99.9900 dB] [ET    13 ] [L0 ] [L1 ]
POC  352 TId: 0 ( I-SLICE, QP 26 )    4473896 bits [Y 99.9900 dB    U 99.9900 dB    V 99.9900 dB] [ET    13 ] [L0 ] [L1 ]
POC  353 TId: 0 ( I-SLICE, QP 26 )    4476024 bits [Y 99.9900 dB    U 99.9900 dB    V 99.9900 dB] [ET    13 ] [L0 ] [L1 ]
POC  354 TId: 0 ( I-SLICE, QP 26 )    4475784 bits [Y 99.9900 dB    U 99.9900 dB    V 99.9900 dB] [ET    13 ] [L0 ] [L1 ]
POC  355 TId: 0 ( I-SLICE, QP 26 )    4469056 bits [Y 99.9900 dB    U 99.9900 dB    V 99.9900 dB] [ET    13 ] [L0 ] [L1 ]
POC  356 TId: 0 ( I-SLICE, QP 26 )    4471464 bits [Y 99.9900 dB    U 99.9900 dB    V 99.9900 dB] [ET    13 ] [L0 ] [L1 ]
POC  357 TId: 0 ( I-SLICE, QP 26 )    4471472 bits [Y 99.9900 dB    U 99.9900 dB    V 99.9900 dB] [ET    13 ] [L0 ] [L1 ]
POC  358 TId: 0 ( I-SLICE, QP 26 )    4469400 bits [Y 99.9900 dB    U 99.9900 dB    V 99.9900 dB] [ET    13 ] [L0 ] [L1 ]
POC  359 TId: 0 ( I-SLICE, QP 26 )    4466800 bits [Y 99.9900 dB    U 99.9900 dB    V 99.9900 dB] [ET    13 ] [L0 ] [L1 ]
POC  360 TId: 0 ( I-SLICE, QP 26 )    4466272 bits [Y 99.9900 dB    U 99.9900 dB    V 99.9900 dB] [ET    13 ] [L0 ] [L1 ]
POC  361 TId: 0 ( I-SLICE, QP 26 )    4463736 bits [Y 99.9900 dB    U 99.9900 dB    V 99.9900 dB] [ET    13 ] [L0 ] [L1 ]
POC  362 TId: 0 ( I-SLICE, QP 26 )    4466008 bits [Y 99.9900 dB    U 99.9900 dB    V 99.9900 dB] [ET    13 ] [L0 ] [L1 ]
POC  363 TId: 0 ( I-SLICE, QP 26 )    4463544 bits [Y 99.9900 dB    U 99.9900 dB    V 99.9900 dB] [ET    13 ] [L0 ] [L1 ]
POC  364 TId: 0 ( I-SLICE, QP 26 )    4463936 bits [Y 99.9900 dB    U 99.9900 dB    V 99.9900 dB] [ET    13 ] [L0 ] [L1 ]
POC  365 TId: 0 ( I-SLICE, QP 26 )    4465312 bits [Y 99.9900 dB    U 99.9900 dB    V 99.9900 dB] [ET    13 ] [L0 ] [L1 ]
POC  366 TId: 0 ( I-SLICE, QP 26 )    4462472 bits [Y 99.9900 dB    U 99.9900 dB    V 99.9900 dB] [ET    13 ] [L0 ] [L1 ]
POC  367 TId: 0 ( I-SLICE, QP 26 )    4461048 bits [Y 99.9900 dB    U 99.9900 dB    V 99.9900 dB] [ET    13 ] [L0 ] [L1 ]
POC  368 TId: 0 ( I-SLICE, QP 26 )    4460760 bits [Y 99.9900 dB    U 99.9900 dB    V 99.9900 dB] [ET    13 ] [L0 ] [L1 ]
POC  369 TId: 0 ( I-SLICE, QP 26 )    4463288 bits [Y 99.9900 dB    U 99.9900 dB    V 99.9900 dB] [ET    13 ] [L0 ] [L1 ]
POC  370 TId: 0 ( I-SLICE, QP 26 )    4463280 bits [Y 99.9900 dB    U 99.9900 dB    V 99.9900 dB] [ET    13 ] [L0 ] [L1 ]
POC  371 TId: 0 ( I-SLICE, QP 26 )    4461352 bits [Y 99.9900 dB    U 99.9900 dB    V 99.9900 dB] [ET    13 ] [L0 ] [L1 ]
POC  372 TId: 0 ( I-SLICE, QP 26 )    4461200 bits [Y 99.9900 dB    U 99.9900 dB    V 99.9900 dB] [ET    13 ] [L0 ] [L1 ]
POC  373 TId: 0 ( I-SLICE, QP 26 )    4455248 bits [Y 99.9900 dB    U 99.9900 dB    V 99.9900 dB] [ET    13 ] [L0 ] [L1 ]
POC  374 TId: 0 ( I-SLICE, QP 26 )    4459096 bits [Y 99.9900 dB    U 99.9900 dB    V 99.9900 dB] [ET    13 ] [L0 ] [L1 ]
POC  375 TId: 0 ( I-SLICE, QP 26 )    4455568 bits [Y 99.9900 dB    U 99.9900 dB    V 99.9900 dB] [ET    13 ] [L0 ] [L1 ]
POC  376 TId: 0 ( I-SLICE, QP 26 )    4456808 bits [Y 99.9900 dB    U 99.9900 dB    V 99.9900 dB] [ET    13 ] [L0 ] [L1 ]
POC  377 TId: 0 ( I-SLICE, QP 26 )    4458560 bits [Y 99.9900 dB    U 99.9900 dB    V 99.9900 dB] [ET    13 ] [L0 ] [L1 ]
POC  378 TId: 0 ( I-SLICE, QP 26 )    4455096 bits [Y 99.9900 dB    U 99.9900 dB    V 99.9900 dB] [ET    13 ] [L0 ] [L1 ]
POC  379 TId: 0 ( I-SLICE, QP 26 )    4457808 bits [Y 99.9900 dB    U 99.9900 dB    V 99.9900 dB] [ET    13 ] [L0 ] [L1 ]
POC  380 TId: 0 ( I-SLICE, QP 26 )    4460320 bits [Y 99.9900 dB    U 99.9900 dB    V 99.9900 dB] [ET    13 ] [L0 ] [L1 ]
POC  381 TId: 0 ( I-SLICE, QP 26 )    4459600 bits [Y 99.9900 dB    U 99.9900 dB    V 99.9900 dB] [ET    13 ] [L0 ] [L1 ]
POC  382 TId: 0 ( I-SLICE, QP 26 )    4458792 bits [Y 99.9900 dB    U 99.9900 dB    V 99.9900 dB] [ET    13 ] [L0 ] [L1 ]
POC  383 TId: 0 ( I-SLICE, QP 26 )    4454888 bits [Y 99.9900 dB    U 99.9900 dB    V 99.9900 dB] [ET    13 ] [L0 ] [L1 ]
POC  384 TId: 0 ( I-SLICE, QP 26 )    4459464 bits [Y 99.9900 dB    U 99.9900 dB    V 99.9900 dB] [ET    13 ] [L0 ] [L1 ]
POC  385 TId: 0 ( I-SLICE, QP 26 )    4456216 bits [Y 99.9900 dB    U 99.9900 dB    V 99.9900 dB] [ET    13 ] [L0 ] [L1 ]
POC  386 TId: 0 ( I-SLICE, QP 26 )    4458480 bits [Y 99.9900 dB    U 99.9900 dB    V 99.9900 dB] [ET    13 ] [L0 ] [L1 ]
POC  387 TId: 0 ( I-SLICE, QP 26 )    4456560 bits [Y 99.9900 dB    U 99.9900 dB    V 99.9900 dB] [ET    13 ] [L0 ] [L1 ]
POC  388 TId: 0 ( I-SLICE, QP 26 )    4457680 bits [Y 99.9900 dB    U 99.9900 dB    V 99.9900 dB] [ET    13 ] [L0 ] [L1 ]
POC  389 TId: 0 ( I-SLICE, QP 26 )    4453896 bits [Y 99.9900 dB    U 99.9900 dB    V 99.9900 dB] [ET    13 ] [L0 ] [L1 ]
POC  390 TId: 0 ( I-SLICE, QP 26 )    4457360 bits [Y 99.9900 dB    U 99.9900 dB    V 99.9900 dB] [ET    13 ] [L0 ] [L1 ]
POC  391 TId: 0 ( I-SLICE, QP 26 )    4454248 bits [Y 99.9900 dB    U 99.9900 dB    V 99.9900 dB] [ET    13 ] [L0 ] [L1 ]
POC  392 TId: 0 ( I-SLICE, QP 26 )    4457304 bits [Y 99.9900 dB    U 99.9900 dB    V 99.9900 dB] [ET    13 ] [L0 ] [L1 ]
POC  393 TId: 0 ( I-SLICE, QP 26 )    4457576 bits [Y 99.9900 dB    U 99.9900 dB    V 99.9900 dB] [ET    13 ] [L0 ] [L1 ]
POC  394 TId: 0 ( I-SLICE, QP 26 )    4459672 bits [Y 99.9900 dB    U 99.9900 dB    V 99.9900 dB] [ET    13 ] [L0 ] [L1 ]
POC  395 TId: 0 ( I-SLICE, QP 26 )    4457216 bits [Y 99.9900 dB    U 99.9900 dB    V 99.9900 dB] [ET    13 ] [L0 ] [L1 ]
POC  396 TId: 0 ( I-SLICE, QP 26 )    4457384 bits [Y 99.9900 dB    U 99.9900 dB    V 99.9900 dB] [ET    13 ] [L0 ] [L1 ]
POC  397 TId: 0 ( I-SLICE, QP 26 )    4461216 bits [Y 99.9900 dB    U 99.9900 dB    V 99.9900 dB] [ET    13 ] [L0 ] [L1 ]
POC  398 TId: 0 ( I-SLICE, QP 26 )    4456472 bits [Y 99.9900 dB    U 99.9900 dB    V 99.9900 dB] [ET    13 ] [L0 ] [L1 ]
POC  399 TId: 0 ( I-SLICE, QP 26 )    4458368 bits [Y 99.9900 dB    U 99.9900 dB    V 99.9900 dB] [ET    13 ] [L0 ] [L1 ]
POC  400 TId: 0 ( I-SLICE, QP 26 )    4458352 bits [Y 99.9900 dB    U 99.9900 dB    V 99.9900 dB] [ET    13 ] [L0 ] [L1 ]
POC  401 TId: 0 ( I-SLICE, QP 26 )    4463688 bits [Y 99.9900 dB    U 99.9900 dB    V 99.9900 dB] [ET    13 ] [L0 ] [L1 ]
POC  402 TId: 0 ( I-SLICE, QP 26 )    4464184 bits [Y 99.9900 dB    U 99.9900 dB    V 99.9900 dB] [ET    13 ] [L0 ] [L1 ]
POC  403 TId: 0 ( I-SLICE, QP 26 )    4462616 bits [Y 99.9900 dB    U 99.9900 dB    V 99.9900 dB] [ET    13 ] [L0 ] [L1 ]
POC  404 TId: 0 ( I-SLICE, QP 26 )    4464176 bits [Y 99.9900 dB    U 99.9900 dB    V 99.9900 dB] [ET    13 ] [L0 ] [L1 ]
POC  405 TId: 0 ( I-SLICE, QP 26 )    4462856 bits [Y 99.9900 dB    U 99.9900 dB    V 99.9900 dB] [ET    13 ] [L0 ] [L1 ]
POC  406 TId: 0 ( I-SLICE, QP 26 )    4461904 bits [Y 99.9900 dB    U 99.9900 dB    V 99.9900 dB] [ET    13 ] [L0 ] [L1 ]
POC  407 TId: 0 ( I-SLICE, QP 26 )    4463432 bits [Y 99.9900 dB    U 99.9900 dB    V 99.9900 dB] [ET    13 ] [L0 ] [L1 ]
POC  408 TId: 0 ( I-SLICE, QP 26 )    4464592 bits [Y 99.9900 dB    U 99.9900 dB    V 99.9900 dB] [ET    13 ] [L0 ] [L1 ]
POC  409 TId: 0 ( I-SLICE, QP 26 )    4464760 bits [Y 99.9900 dB    U 99.9900 dB    V 99.9900 dB] [ET    13 ] [L0 ] [L1 ]
POC  410 TId: 0 ( I-SLICE, QP 26 )    4466128 bits [Y 99.9900 dB    U 99.9900 dB    V 99.9900 dB] [ET    13 ] [L0 ] [L1 ]
POC  411 TId: 0 ( I-SLICE, QP 26 )    4466992 bits [Y 99.9900 dB    U 99.9900 dB    V 99.9900 dB] [ET    13 ] [L0 ] [L1 ]
POC  412 TId: 0 ( I-SLICE, QP 26 )    4463840 bits [Y 99.9900 dB    U 99.9900 dB    V 99.9900 dB] [ET    13 ] [L0 ] [L1 ]
POC  413 TId: 0 ( I-SLICE, QP 26 )    4468072 bits [Y 99.9900 dB    U 99.9900 dB    V 99.9900 dB] [ET    13 ] [L0 ] [L1 ]
POC  414 TId: 0 ( I-SLICE, QP 26 )    4470224 bits [Y 99.9900 dB    U 99.9900 dB    V 99.9900 dB] [ET    13 ] [L0 ] [L1 ]
POC  415 TId: 0 ( I-SLICE, QP 26 )    4472408 bits [Y 99.9900 dB    U 99.9900 dB    V 99.9900 dB] [ET    13 ] [L0 ] [L1 ]
POC  416 TId: 0 ( I-SLICE, QP 26 )    4465208 bits [Y 99.9900 dB    U 99.9900 dB    V 99.9900 dB] [ET    13 ] [L0 ] [L1 ]
POC  417 TId: 0 ( I-SLICE, QP 26 )    4467432 bits [Y 99.9900 dB    U 99.9900 dB    V 99.9900 dB] [ET    13 ] [L0 ] [L1 ]
POC  418 TId: 0 ( I-SLICE, QP 26 )    4469440 bits [Y 99.9900 dB    U 99.9900 dB    V 99.9900 dB] [ET    13 ] [L0 ] [L1 ]
POC  419 TId: 0 ( I-SLICE, QP 26 )    4472600 bits [Y 99.9900 dB    U 99.9900 dB    V 99.9900 dB] [ET    13 ] [L0 ] [L1 ]
POC  420 TId: 0 ( I-SLICE, QP 26 )    4474032 bits [Y 99.9900 dB    U 99.9900 dB    V 99.9900 dB] [ET    13 ] [L0 ] [L1 ]
POC  421 TId: 0 ( I-SLICE, QP 26 )    4475064 bits [Y 99.9900 dB    U 99.9900 dB    V 99.9900 dB] [ET    13 ] [L0 ] [L1 ]
POC  422 TId: 0 ( I-SLICE, QP 26 )    4477240 bits [Y 99.9900 dB    U 99.9900 dB    V 99.9900 dB] [ET    13 ] [L0 ] [L1 ]
POC  423 TId: 0 ( I-SLICE, QP 26 )    4477584 bits [Y 99.9900 dB    U 99.9900 dB    V 99.9900 dB] [ET    13 ] [L0 ] [L1 ]
POC  424 TId: 0 ( I-SLICE, QP 26 )    4476568 bits [Y 99.9900 dB    U 99.9900 dB    V 99.9900 dB] [ET    13 ] [L0 ] [L1 ]
POC  425 TId: 0 ( I-SLICE, QP 26 )    4481384 bits [Y 99.9900 dB    U 99.9900 dB    V 99.9900 dB] [ET    13 ] [L0 ] [L1 ]
POC  426 TId: 0 ( I-SLICE, QP 26 )    4485872 bits [Y 99.9900 dB    U 99.9900 dB    V 99.9900 dB] [ET    13 ] [L0 ] [L1 ]
POC  427 TId: 0 ( I-SLICE, QP 26 )    4482712 bits [Y 99.9900 dB    U 99.9900 dB    V 99.9900 dB] [ET    13 ] [L0 ] [L1 ]
POC  428 TId: 0 ( I-SLICE, QP 26 )    4481072 bits [Y 99.9900 dB    U 99.9900 dB    V 99.9900 dB] [ET    13 ] [L0 ] [L1 ]
POC  429 TId: 0 ( I-SLICE, QP 26 )    4478472 bits [Y 99.9900 dB    U 99.9900 dB    V 99.9900 dB] [ET    13 ] [L0 ] [L1 ]
POC  430 TId: 0 ( I-SLICE, QP 26 )    4477232 bits [Y 99.9900 dB    U 99.9900 dB    V 99.9900 dB] [ET    13 ] [L0 ] [L1 ]
POC  431 TId: 0 ( I-SLICE, QP 26 )    4483528 bits [Y 99.9900 dB    U 99.9900 dB    V 99.9900 dB] [ET    13 ] [L0 ] [L1 ]
POC  432 TId: 0 ( I-SLICE, QP 26 )    4484568 bits [Y 99.9900 dB    U 99.9900 dB    V 99.9900 dB] [ET    13 ] [L0 ] [L1 ]
POC  433 TId: 0 ( I-SLICE, QP 26 )    4490184 bits [Y 99.9900 dB    U 99.9900 dB    V 99.9900 dB] [ET    13 ] [L0 ] [L1 ]
POC  434 TId: 0 ( I-SLICE, QP 26 )    4486656 bits [Y 99.9900 dB    U 99.9900 dB    V 99.9900 dB] [ET    13 ] [L0 ] [L1 ]
POC  435 TId: 0 ( I-SLICE, QP 26 )    4484800 bits [Y 99.9900 dB    U 99.9900 dB    V 99.9900 dB] [ET    13 ] [L0 ] [L1 ]
POC  436 TId: 0 ( I-SLICE, QP 26 )    4488688 bits [Y 99.9900 dB    U 99.9900 dB    V 99.9900 dB] [ET    13 ] [L0 ] [L1 ]
POC  437 TId: 0 ( I-SLICE, QP 26 )    4487008 bits [Y 99.9900 dB    U 99.9900 dB    V 99.9900 dB] [ET    13 ] [L0 ] [L1 ]
POC  438 TId: 0 ( I-SLICE, QP 26 )    4490248 bits [Y 99.9900 dB    U 99.9900 dB    V 99.9900 dB] [ET    13 ] [L0 ] [L1 ]
POC  439 TId: 0 ( I-SLICE, QP 26 )    4484632 bits [Y 99.9900 dB    U 99.9900 dB    V 99.9900 dB] [ET    13 ] [L0 ] [L1 ]
POC  440 TId: 0 ( I-SLICE, QP 26 )    4486992 bits [Y 99.9900 dB    U 99.9900 dB    V 99.9900 dB] [ET    13 ] [L0 ] [L1 ]
POC  441 TId: 0 ( I-SLICE, QP 26 )    4486464 bits [Y 99.9900 dB    U 99.9900 dB    V 99.9900 dB] [ET    13 ] [L0 ] [L1 ]
POC  442 TId: 0 ( I-SLICE, QP 26 )    4486424 bits [Y 99.9900 dB    U 99.9900 dB    V 99.9900 dB] [ET    13 ] [L0 ] [L1 ]
POC  443 TId: 0 ( I-SLICE, QP 26 )    4484328 bits [Y 99.9900 dB    U 99.9900 dB    V 99.9900 dB] [ET    13 ] [L0 ] [L1 ]
POC  444 TId: 0 ( I-SLICE, QP 26 )    4490744 bits [Y 99.9900 dB    U 99.9900 dB    V 99.9900 dB] [ET    13 ] [L0 ] [L1 ]
POC  445 TId: 0 ( I-SLICE, QP 26 )    4480000 bits [Y 99.9900 dB    U 99.9900 dB    V 99.9900 dB] [ET    13 ] [L0 ] [L1 ]
POC  446 TId: 0 ( I-SLICE, QP 26 )    4482952 bits [Y 99.9900 dB    U 99.9900 dB    V 99.9900 dB] [ET    13 ] [L0 ] [L1 ]
POC  447 TId: 0 ( I-SLICE, QP 26 )    4481928 bits [Y 99.9900 dB    U 99.9900 dB    V 99.9900 dB] [ET    13 ] [L0 ] [L1 ]
POC  448 TId: 0 ( I-SLICE, QP 26 )    4480760 bits [Y 99.9900 dB    U 99.9900 dB    V 99.9900 dB] [ET    13 ] [L0 ] [L1 ]
POC  449 TId: 0 ( I-SLICE, QP 26 )    4478080 bits [Y 99.9900 dB    U 99.9900 dB    V 99.9900 dB] [ET    13 ] [L0 ] [L1 ]
POC  450 TId: 0 ( I-SLICE, QP 26 )    4484032 bits [Y 99.9900 dB    U 99.9900 dB    V 99.9900 dB] [ET    13 ] [L0 ] [L1 ]
POC  451 TId: 0 ( I-SLICE, QP 26 )    4479568 bits [Y 99.9900 dB    U 99.9900 dB    V 99.9900 dB] [ET    13 ] [L0 ] [L1 ]
POC  452 TId: 0 ( I-SLICE, QP 26 )    4482472 bits [Y 99.9900 dB    U 99.9900 dB    V 99.9900 dB] [ET    13 ] [L0 ] [L1 ]
POC  453 TId: 0 ( I-SLICE, QP 26 )    4486424 bits [Y 99.9900 dB    U 99.9900 dB    V 99.9900 dB] [ET    13 ] [L0 ] [L1 ]
POC  454 TId: 0 ( I-SLICE, QP 26 )    4484512 bits [Y 99.9900 dB    U 99.9900 dB    V 99.9900 dB] [ET    13 ] [L0 ] [L1 ]
POC  455 TId: 0 ( I-SLICE, QP 26 )    4482104 bits [Y 99.9900 dB    U 99.9900 dB    V 99.9900 dB] [ET    13 ] [L0 ] [L1 ]
POC  456 TId: 0 ( I-SLICE, QP 26 )    4484904 bits [Y 99.9900 dB    U 99.9900 dB    V 99.9900 dB] [ET    13 ] [L0 ] [L1 ]
POC  457 TId: 0 ( I-SLICE, QP 26 )    4486832 bits [Y 99.9900 dB    U 99.9900 dB    V 99.9900 dB] [ET    13 ] [L0 ] [L1 ]
POC  458 TId: 0 ( I-SLICE, QP 26 )    4493032 bits [Y 99.9900 dB    U 99.9900 dB    V 99.9900 dB] [ET    13 ] [L0 ] [L1 ]
POC  459 TId: 0 ( I-SLICE, QP 26 )    4487048 bits [Y 99.9900 dB    U 99.9900 dB    V 99.9900 dB] [ET    13 ] [L0 ] [L1 ]
POC  460 TId: 0 ( I-SLICE, QP 26 )    4494392 bits [Y 99.9900 dB    U 99.9900 dB    V 99.9900 dB] [ET    13 ] [L0 ] [L1 ]
POC  461 TId: 0 ( I-SLICE, QP 26 )    4492328 bits [Y 99.9900 dB    U 99.9900 dB    V 99.9900 dB] [ET    13 ] [L0 ] [L1 ]
POC  462 TId: 0 ( I-SLICE, QP 26 )    4493392 bits [Y 99.9900 dB    U 99.9900 dB    V 99.9900 dB] [ET    13 ] [L0 ] [L1 ]
POC  463 TId: 0 ( I-SLICE, QP 26 )    4496136 bits [Y 99.9900 dB    U 99.9900 dB    V 99.9900 dB] [ET    13 ] [L0 ] [L1 ]
POC  464 TId: 0 ( I-SLICE, QP 26 )    4495488 bits [Y 99.9900 dB    U 99.9900 dB    V 99.9900 dB] [ET    13 ] [L0 ] [L1 ]
POC  465 TId: 0 ( I-SLICE, QP 26 )    4494936 bits [Y 99.9900 dB    U 99.9900 dB    V 99.9900 dB] [ET    13 ] [L0 ] [L1 ]
POC  466 TId: 0 ( I-SLICE, QP 26 )    4491392 bits [Y 99.9900 dB    U 99.9900 dB    V 99.9900 dB] [ET    13 ] [L0 ] [L1 ]
POC  467 TId: 0 ( I-SLICE, QP 26 )    4493304 bits [Y 99.9900 dB    U 99.9900 dB    V 99.9900 dB] [ET    13 ] [L0 ] [L1 ]
POC  468 TId: 0 ( I-SLICE, QP 26 )    4496920 bits [Y 99.9900 dB    U 99.9900 dB    V 99.9900 dB] [ET    13 ] [L0 ] [L1 ]
POC  469 TId: 0 ( I-SLICE, QP 26 )    4497704 bits [Y 99.9900 dB    U 99.9900 dB    V 99.9900 dB] [ET    13 ] [L0 ] [L1 ]
POC  470 TId: 0 ( I-SLICE, QP 26 )    4499424 bits [Y 99.9900 dB    U 99.9900 dB    V 99.9900 dB] [ET    13 ] [L0 ] [L1 ]
POC  471 TId: 0 ( I-SLICE, QP 26 )    4498056 bits [Y 99.9900 dB    U 99.9900 dB    V 99.9900 dB] [ET    13 ] [L0 ] [L1 ]
POC  472 TId: 0 ( I-SLICE, QP 26 )    4500264 bits [Y 99.9900 dB    U 99.9900 dB    V 99.9900 dB] [ET    13 ] [L0 ] [L1 ]
POC  473 TId: 0 ( I-SLICE, QP 26 )    4499272 bits [Y 99.9900 dB    U 99.9900 dB    V 99.9900 dB] [ET    13 ] [L0 ] [L1 ]
POC  474 TId: 0 ( I-SLICE, QP 26 )    4500272 bits [Y 99.9900 dB    U 99.9900 dB    V 99.9900 dB] [ET    13 ] [L0 ] [L1 ]
POC  475 TId: 0 ( I-SLICE, QP 26 )    4495416 bits [Y 99.9900 dB    U 99.9900 dB    V 99.9900 dB] [ET    13 ] [L0 ] [L1 ]
POC  476 TId: 0 ( I-SLICE, QP 26 )    4503664 bits [Y 99.9900 dB    U 99.9900 dB    V 99.9900 dB] [ET    13 ] [L0 ] [L1 ]
POC  477 TId: 0 ( I-SLICE, QP 26 )    4498392 bits [Y 99.9900 dB    U 99.9900 dB    V 99.9900 dB] [ET    13 ] [L0 ] [L1 ]
POC  478 TId: 0 ( I-SLICE, QP 26 )    4501688 bits [Y 99.9900 dB    U 99.9900 dB    V 99.9900 dB] [ET    13 ] [L0 ] [L1 ]
POC  479 TId: 0 ( I-SLICE, QP 26 )    4501048 bits [Y 99.9900 dB    U 99.9900 dB    V 99.9900 dB] [ET    13 ] [L0 ] [L1 ]
POC  480 TId: 0 ( I-SLICE, QP 26 )    4500960 bits [Y 99.9900 dB    U 99.9900 dB    V 99.9900 dB] [ET    13 ] [L0 ] [L1 ]
POC  481 TId: 0 ( I-SLICE, QP 26 )    4502944 bits [Y 99.9900 dB    U 99.9900 dB    V 99.9900 dB] [ET    13 ] [L0 ] [L1 ]
POC  482 TId: 0 ( I-SLICE, QP 26 )    4498040 bits [Y 99.9900 dB    U 99.9900 dB    V 99.9900 dB] [ET    12 ] [L0 ] [L1 ]
POC  483 TId: 0 ( I-SLICE, QP 26 )    4492504 bits [Y 99.9900 dB    U 99.9900 dB    V 99.9900 dB] [ET    12 ] [L0 ] [L1 ]
POC  484 TId: 0 ( I-SLICE, QP 26 )    4493864 bits [Y 99.9900 dB    U 99.9900 dB    V 99.9900 dB] [ET    12 ] [L0 ] [L1 ]
POC  485 TId: 0 ( I-SLICE, QP 26 )    4489544 bits [Y 99.9900 dB    U 99.9900 dB    V 99.9900 dB] [ET    12 ] [L0 ] [L1 ]
POC  486 TId: 0 ( I-SLICE, QP 26 )    4490536 bits [Y 99.9900 dB    U 99.9900 dB    V 99.9900 dB] [ET    12 ] [L0 ] [L1 ]
POC  487 TId: 0 ( I-SLICE, QP 26 )    4487032 bits [Y 99.9900 dB    U 99.9900 dB    V 99.9900 dB] [ET    12 ] [L0 ] [L1 ]
POC  488 TId: 0 ( I-SLICE, QP 26 )    4488704 bits [Y 99.9900 dB    U 99.9900 dB    V 99.9900 dB] [ET    12 ] [L0 ] [L1 ]
POC  489 TId: 0 ( I-SLICE, QP 26 )    4485864 bits [Y 99.9900 dB    U 99.9900 dB    V 99.9900 dB] [ET    12 ] [L0 ] [L1 ]
POC  490 TId: 0 ( I-SLICE, QP 26 )    4485640 bits [Y 99.9900 dB    U 99.9900 dB    V 99.9900 dB] [ET    12 ] [L0 ] [L1 ]
POC  491 TId: 0 ( I-SLICE, QP 26 )    4483480 bits [Y 99.9900 dB    U 99.9900 dB    V 99.9900 dB] [ET    12 ] [L0 ] [L1 ]
POC  492 TId: 0 ( I-SLICE, QP 26 )    4485336 bits [Y 99.9900 dB    U 99.9900 dB    V 99.9900 dB] [ET    12 ] [L0 ] [L1 ]
POC  493 TId: 0 ( I-SLICE, QP 26 )    4483184 bits [Y 99.9900 dB    U 99.9900 dB    V 99.9900 dB] [ET    12 ] [L0 ] [L1 ]
POC  494 TId: 0 ( I-SLICE, QP 26 )    4484320 bits [Y 99.9900 dB    U 99.9900 dB    V 99.9900 dB] [ET    12 ] [L0 ] [L1 ]
POC  495 TId: 0 ( I-SLICE, QP 26 )    4484336 bits [Y 99.9900 dB    U 99.9900 dB    V 99.9900 dB] [ET    12 ] [L0 ] [L1 ]
POC  496 TId: 0 ( I-SLICE, QP 26 )    4487112 bits [Y 99.9900 dB    U 99.9900 dB    V 99.9900 dB] [ET    12 ] [L0 ] [L1 ]
POC  497 TId: 0 ( I-SLICE, QP 26 )    4483160 bits [Y 99.9900 dB    U 99.9900 dB    V 99.9900 dB] [ET    12 ] [L0 ] [L1 ]
POC  498 TId: 0 ( I-SLICE, QP 26 )    4487384 bits [Y 99.9900 dB    U 99.9900 dB    V 99.9900 dB] [ET    12 ] [L0 ] [L1 ]
POC  499 TId: 0 ( I-SLICE, QP 26 )    4483032 bits [Y 99.9900 dB    U 99.9900 dB    V 99.9900 dB] [ET    12 ] [L0 ] [L1 ]
POC  500 TId: 0 ( I-SLICE, QP 26 )    4489456 bits [Y 99.9900 dB    U 99.9900 dB    V 99.9900 dB] [ET    12 ] [L0 ] [L1 ]
POC  501 TId: 0 ( I-SLICE, QP 26 )    4483256 bits [Y 99.9900 dB    U 99.9900 dB    V 99.9900 dB] [ET    12 ] [L0 ] [L1 ]
POC  502 TId: 0 ( I-SLICE, QP 26 )    4488904 bits [Y 99.9900 dB    U 99.9900 dB    V 99.9900 dB] [ET    12 ] [L0 ] [L1 ]
POC  503 TId: 0 ( I-SLICE, QP 26 )    4482576 bits [Y 99.9900 dB    U 99.9900 dB    V 99.9900 dB] [ET    12 ] [L0 ] [L1 ]
POC  504 TId: 0 ( I-SLICE, QP 26 )    4486128 bits [Y 99.9900 dB    U 99.9900 dB    V 99.9900 dB] [ET    12 ] [L0 ] [L1 ]
POC  505 TId: 0 ( I-SLICE, QP 26 )    4483504 bits [Y 99.9900 dB    U 99.9900 dB    V 99.9900 dB] [ET    12 ] [L0 ] [L1 ]
POC  506 TId: 0 ( I-SLICE, QP 26 )    4483528 bits [Y 99.9900 dB    U 99.9900 dB    V 99.9900 dB] [ET    12 ] [L0 ] [L1 ]
POC  507 TId: 0 ( I-SLICE, QP 26 )    4480720 bits [Y 99.9900 dB    U 99.9900 dB    V 99.9900 dB] [ET    12 ] [L0 ] [L1 ]
POC  508 TId: 0 ( I-SLICE, QP 26 )    4483760 bits [Y 99.9900 dB    U 99.9900 dB    V 99.9900 dB] [ET    12 ] [L0 ] [L1 ]
POC  509 TId: 0 ( I-SLICE, QP 26 )    4480632 bits [Y 99.9900 dB    U 99.9900 dB    V 99.9900 dB] [ET    12 ] [L0 ] [L1 ]
POC  510 TId: 0 ( I-SLICE, QP 26 )    4481320 bits [Y 99.9900 dB    U 99.9900 dB    V 99.9900 dB] [ET    12 ] [L0 ] [L1 ]
POC  511 TId: 0 ( I-SLICE, QP 26 )    4481808 bits [Y 99.9900 dB    U 99.9900 dB    V 99.9900 dB] [ET    12 ] [L0 ] [L1 ]
POC  512 TId: 0 ( I-SLICE, QP 26 )    4486984 bits [Y 99.9900 dB    U 99.9900 dB    V 99.9900 dB] [ET    12 ] [L0 ] [L1 ]
POC  513 TId: 0 ( I-SLICE, QP 26 )    4483032 bits [Y 99.9900 dB    U 99.9900 dB    V 99.9900 dB] [ET    12 ] [L0 ] [L1 ]
POC  514 TId: 0 ( I-SLICE, QP 26 )    4485352 bits [Y 99.9900 dB    U 99.9900 dB    V 99.9900 dB] [ET    12 ] [L0 ] [L1 ]
POC  515 TId: 0 ( I-SLICE, QP 26 )    4482072 bits [Y 99.9900 dB    U 99.9900 dB    V 99.9900 dB] [ET    12 ] [L0 ] [L1 ]
POC  516 TId: 0 ( I-SLICE, QP 26 )    4482424 bits [Y 99.9900 dB    U 99.9900 dB    V 99.9900 dB] [ET    12 ] [L0 ] [L1 ]
POC  517 TId: 0 ( I-SLICE, QP 26 )    4483840 bits [Y 99.9900 dB    U 99.9900 dB    V 99.9900 dB] [ET    12 ] [L0 ] [L1 ]
POC  518 TId: 0 ( I-SLICE, QP 26 )    4483384 bits [Y 99.9900 dB    U 99.9900 dB    V 99.9900 dB] [ET    12 ] [L0 ] [L1 ]
POC  519 TId: 0 ( I-SLICE, QP 26 )    4477680 bits [Y 99.9900 dB    U 99.9900 dB    V 99.9900 dB] [ET    12 ] [L0 ] [L1 ]
POC  520 TId: 0 ( I-SLICE, QP 26 )    4485256 bits [Y 99.9900 dB    U 99.9900 dB    V 99.9900 dB] [ET    12 ] [L0 ] [L1 ]
POC  521 TId: 0 ( I-SLICE, QP 26 )    4477952 bits [Y 99.9900 dB    U 99.9900 dB    V 99.9900 dB] [ET    12 ] [L0 ] [L1 ]
POC  522 TId: 0 ( I-SLICE, QP 26 )    4479728 bits [Y 99.9900 dB    U 99.9900 dB    V 99.9900 dB] [ET    12 ] [L0 ] [L1 ]
POC  523 TId: 0 ( I-SLICE, QP 26 )    4484056 bits [Y 99.9900 dB    U 99.9900 dB    V 99.9900 dB] [ET    12 ] [L0 ] [L1 ]
POC  524 TId: 0 ( I-SLICE, QP 26 )    4483872 bits [Y 99.9900 dB    U 99.9900 dB    V 99.9900 dB] [ET    12 ] [L0 ] [L1 ]
POC  525 TId: 0 ( I-SLICE, QP 26 )    4483024 bits [Y 99.9900 dB    U 99.9900 dB    V 99.9900 dB] [ET    12 ] [L0 ] [L1 ]
POC  526 TId: 0 ( I-SLICE, QP 26 )    4484024 bits [Y 99.9900 dB    U 99.9900 dB    V 99.9900 dB] [ET    12 ] [L0 ] [L1 ]
POC  527 TId: 0 ( I-SLICE, QP 26 )    4482568 bits [Y 99.9900 dB    U 99.9900 dB    V 99.9900 dB] [ET    12 ] [L0 ] [L1 ]
POC  528 TId: 0 ( I-SLICE, QP 26 )    4481216 bits [Y 99.9900 dB    U 99.9900 dB    V 99.9900 dB] [ET    12 ] [L0 ] [L1 ]
POC  529 TId: 0 ( I-SLICE, QP 26 )    4486792 bits [Y 99.9900 dB    U 99.9900 dB    V 99.9900 dB] [ET    12 ] [L0 ] [L1 ]
POC  530 TId: 0 ( I-SLICE, QP 26 )    4486112 bits [Y 99.9900 dB    U 99.9900 dB    V 99.9900 dB] [ET    12 ] [L0 ] [L1 ]
POC  531 TId: 0 ( I-SLICE, QP 26 )    4489728 bits [Y 99.9900 dB    U 99.9900 dB    V 99.9900 dB] [ET    12 ] [L0 ] [L1 ]
POC  532 TId: 0 ( I-SLICE, QP 26 )    4489528 bits [Y 99.9900 dB    U 99.9900 dB    V 99.9900 dB] [ET    12 ] [L0 ] [L1 ]
POC  533 TId: 0 ( I-SLICE, QP 26 )    4491576 bits [Y 99.9900 dB    U 99.9900 dB    V 99.9900 dB] [ET    12 ] [L0 ] [L1 ]
POC  534 TId: 0 ( I-SLICE, QP 26 )    4492832 bits [Y 99.9900 dB    U 99.9900 dB    V 99.9900 dB] [ET    11 ] [L0 ] [L1 ]
POC  535 TId: 0 ( I-SLICE, QP 26 )    4490464 bits [Y 99.9900 dB    U 99.9900 dB    V 99.9900 dB] [ET    11 ] [L0 ] [L1 ]
POC  536 TId: 0 ( I-SLICE, QP 26 )    4491376 bits [Y 99.9900 dB    U 99.9900 dB    V 99.9900 dB] [ET    12 ] [L0 ] [L1 ]
POC  537 TId: 0 ( I-SLICE, QP 26 )    4488296 bits [Y 99.9900 dB    U 99.9900 dB    V 99.9900 dB] [ET    11 ] [L0 ] [L1 ]
POC  538 TId: 0 ( I-SLICE, QP 26 )    4489472 bits [Y 99.9900 dB    U 99.9900 dB    V 99.9900 dB] [ET    11 ] [L0 ] [L1 ]
POC  539 TId: 0 ( I-SLICE, QP 26 )    4492992 bits [Y 99.9900 dB    U 99.9900 dB    V 99.9900 dB] [ET    11 ] [L0 ] [L1 ]
POC  540 TId: 0 ( I-SLICE, QP 26 )    4492824 bits [Y 99.9900 dB    U 99.9900 dB    V 99.9900 dB] [ET    11 ] [L0 ] [L1 ]
POC  541 TId: 0 ( I-SLICE, QP 26 )    4490936 bits [Y 99.9900 dB    U 99.9900 dB    V 99.9900 dB] [ET    11 ] [L0 ] [L1 ]
POC  542 TId: 0 ( I-SLICE, QP 26 )    4497392 bits [Y 99.9900 dB    U 99.9900 dB    V 99.9900 dB] [ET    12 ] [L0 ] [L1 ]
POC  543 TId: 0 ( I-SLICE, QP 26 )    4488968 bits [Y 99.9900 dB    U 99.9900 dB    V 99.9900 dB] [ET    11 ] [L0 ] [L1 ]
POC  544 TId: 0 ( I-SLICE, QP 26 )    4490040 bits [Y 99.9900 dB    U 99.9900 dB    V 99.9900 dB] [ET    12 ] [L0 ] [L1 ]
POC  545 TId: 0 ( I-SLICE, QP 26 )    4490792 bits [Y 99.9900 dB    U 99.9900 dB    V 99.9900 dB] [ET    11 ] [L0 ] [L1 ]
POC  546 TId: 0 ( I-SLICE, QP 26 )    4487112 bits [Y 99.9900 dB    U 99.9900 dB    V 99.9900 dB] [ET    11 ] [L0 ] [L1 ]
POC  547 TId: 0 ( I-SLICE, QP 26 )    4489176 bits [Y 99.9900 dB    U 99.9900 dB    V 99.9900 dB] [ET    11 ] [L0 ] [L1 ]
POC  548 TId: 0 ( I-SLICE, QP 26 )    4492064 bits [Y 99.9900 dB    U 99.9900 dB    V 99.9900 dB] [ET    11 ] [L0 ] [L1 ]
POC  549 TId: 0 ( I-SLICE, QP 26 )    4489192 bits [Y 99.9900 dB    U 99.9900 dB    V 99.9900 dB] [ET    11 ] [L0 ] [L1 ]
POC  550 TId: 0 ( I-SLICE, QP 26 )    4491464 bits [Y 99.9900 dB    U 99.9900 dB    V 99.9900 dB] [ET    11 ] [L0 ] [L1 ]
POC  551 TId: 0 ( I-SLICE, QP 26 )    4489480 bits [Y 99.9900 dB    U 99.9900 dB    V 99.9900 dB] [ET    11 ] [L0 ] [L1 ]
POC  552 TId: 0 ( I-SLICE, QP 26 )    4490272 bits [Y 99.9900 dB    U 99.9900 dB    V 99.9900 dB] [ET    12 ] [L0 ] [L1 ]
POC  553 TId: 0 ( I-SLICE, QP 26 )    4490416 bits [Y 99.9900 dB    U 99.9900 dB    V 99.9900 dB] [ET    11 ] [L0 ] [L1 ]
POC  554 TId: 0 ( I-SLICE, QP 26 )    4490984 bits [Y 99.9900 dB    U 99.9900 dB    V 99.9900 dB] [ET    11 ] [L0 ] [L1 ]
POC  555 TId: 0 ( I-SLICE, QP 26 )    4490416 bits [Y 99.9900 dB    U 99.9900 dB    V 99.9900 dB] [ET    12 ] [L0 ] [L1 ]
POC  556 TId: 0 ( I-SLICE, QP 26 )    4490712 bits [Y 99.9900 dB    U 99.9900 dB    V 99.9900 dB] [ET    12 ] [L0 ] [L1 ]
POC  557 TId: 0 ( I-SLICE, QP 26 )    4490712 bits [Y 99.9900 dB    U 99.9900 dB    V 99.9900 dB] [ET    12 ] [L0 ] [L1 ]
POC  558 TId: 0 ( I-SLICE, QP 26 )    4493376 bits [Y 99.9900 dB    U 99.9900 dB    V 99.9900 dB] [ET    11 ] [L0 ] [L1 ]
POC  559 TId: 0 ( I-SLICE, QP 26 )    4492304 bits [Y 99.9900 dB    U 99.9900 dB    V 99.9900 dB] [ET    12 ] [L0 ] [L1 ]
POC  560 TId: 0 ( I-SLICE, QP 26 )    4495328 bits [Y 99.9900 dB    U 99.9900 dB    V 99.9900 dB] [ET    11 ] [L0 ] [L1 ]
POC  561 TId: 0 ( I-SLICE, QP 26 )    4491552 bits [Y 99.9900 dB    U 99.9900 dB    V 99.9900 dB] [ET    11 ] [L0 ] [L1 ]
POC  562 TId: 0 ( I-SLICE, QP 26 )    4493784 bits [Y 99.9900 dB    U 99.9900 dB    V 99.9900 dB] [ET    11 ] [L0 ] [L1 ]
POC  563 TId: 0 ( I-SLICE, QP 26 )    4497712 bits [Y 99.9900 dB    U 99.9900 dB    V 99.9900 dB] [ET    12 ] [L0 ] [L1 ]
POC  564 TId: 0 ( I-SLICE, QP 26 )    4497848 bits [Y 99.9900 dB    U 99.9900 dB    V 99.9900 dB] [ET    11 ] [L0 ] [L1 ]
POC  565 TId: 0 ( I-SLICE, QP 26 )    4493592 bits [Y 99.9900 dB    U 99.9900 dB    V 99.9900 dB] [ET    12 ] [L0 ] [L1 ]
POC  566 TId: 0 ( I-SLICE, QP 26 )    4492872 bits [Y 99.9900 dB    U 99.9900 dB    V 99.9900 dB] [ET    12 ] [L0 ] [L1 ]
POC  567 TId: 0 ( I-SLICE, QP 26 )    4496696 bits [Y 99.9900 dB    U 99.9900 dB    V 99.9900 dB] [ET    12 ] [L0 ] [L1 ]
POC  568 TId: 0 ( I-SLICE, QP 26 )    4494280 bits [Y 99.9900 dB    U 99.9900 dB    V 99.9900 dB] [ET    11 ] [L0 ] [L1 ]
POC  569 TId: 0 ( I-SLICE, QP 26 )    4495296 bits [Y 99.9900 dB    U 99.9900 dB    V 99.9900 dB] [ET    11 ] [L0 ] [L1 ]
POC  570 TId: 0 ( I-SLICE, QP 26 )    4493872 bits [Y 99.9900 dB    U 99.9900 dB    V 99.9900 dB] [ET    11 ] [L0 ] [L1 ]
POC  571 TId: 0 ( I-SLICE, QP 26 )    4491008 bits [Y 99.9900 dB    U 99.9900 dB    V 99.9900 dB] [ET    11 ] [L0 ] [L1 ]
POC  572 TId: 0 ( I-SLICE, QP 26 )    4492032 bits [Y 99.9900 dB    U 99.9900 dB    V 99.9900 dB] [ET    11 ] [L0 ] [L1 ]
POC  573 TId: 0 ( I-SLICE, QP 26 )    4491120 bits [Y 99.9900 dB    U 99.9900 dB    V 99.9900 dB] [ET    12 ] [L0 ] [L1 ]
POC  574 TId: 0 ( I-SLICE, QP 26 )    4493856 bits [Y 99.9900 dB    U 99.9900 dB    V 99.9900 dB] [ET    11 ] [L0 ] [L1 ]
POC  575 TId: 0 ( I-SLICE, QP 26 )    4488600 bits [Y 99.9900 dB    U 99.9900 dB    V 99.9900 dB] [ET    11 ] [L0 ] [L1 ]
POC  576 TId: 0 ( I-SLICE, QP 26 )    4494456 bits [Y 99.9900 dB    U 99.9900 dB    V 99.9900 dB] [ET    12 ] [L0 ] [L1 ]
POC  577 TId: 0 ( I-SLICE, QP 26 )    4491936 bits [Y 99.9900 dB    U 99.9900 dB    V 99.9900 dB] [ET    12 ] [L0 ] [L1 ]
POC  578 TId: 0 ( I-SLICE, QP 26 )    4492712 bits [Y 99.9900 dB    U 99.9900 dB    V 99.9900 dB] [ET    11 ] [L0 ] [L1 ]
POC  579 TId: 0 ( I-SLICE, QP 26 )    4492456 bits [Y 99.9900 dB    U 99.9900 dB    V 99.9900 dB] [ET    12 ] [L0 ] [L1 ]
POC  580 TId: 0 ( I-SLICE, QP 26 )    4492696 bits [Y 99.9900 dB    U 99.9900 dB    V 99.9900 dB] [ET    11 ] [L0 ] [L1 ]
POC  581 TId: 0 ( I-SLICE, QP 26 )    4487280 bits [Y 99.9900 dB    U 99.9900 dB    V 99.9900 dB] [ET    12 ] [L0 ] [L1 ]
POC  582 TId: 0 ( I-SLICE, QP 26 )    4485936 bits [Y 99.9900 dB    U 99.9900 dB    V 99.9900 dB] [ET    11 ] [L0 ] [L1 ]
POC  583 TId: 0 ( I-SLICE, QP 26 )    4484528 bits [Y 99.9900 dB    U 99.9900 dB    V 99.9900 dB] [ET    11 ] [L0 ] [L1 ]
POC  584 TId: 0 ( I-SLICE, QP 26 )    4485384 bits [Y 99.9900 dB    U 99.9900 dB    V 99.9900 dB] [ET    11 ] [L0 ] [L1 ]
POC  585 TId: 0 ( I-SLICE, QP 26 )    4484160 bits [Y 99.9900 dB    U 99.9900 dB    V 99.9900 dB] [ET    11 ] [L0 ] [L1 ]
POC  586 TId: 0 ( I-SLICE, QP 26 )    4483808 bits [Y 99.9900 dB    U 99.9900 dB    V 99.9900 dB] [ET    11 ] [L0 ] [L1 ]
POC  587 TId: 0 ( I-SLICE, QP 26 )    4480696 bits [Y 99.9900 dB    U 99.9900 dB    V 99.9900 dB] [ET    11 ] [L0 ] [L1 ]
POC  588 TId: 0 ( I-SLICE, QP 26 )    4479592 bits [Y 99.9900 dB    U 99.9900 dB    V 99.9900 dB] [ET    11 ] [L0 ] [L1 ]
POC  589 TId: 0 ( I-SLICE, QP 26 )    4479688 bits [Y 99.9900 dB    U 99.9900 dB    V 99.9900 dB] [ET    11 ] [L0 ] [L1 ]
POC  590 TId: 0 ( I-SLICE, QP 26 )    4482640 bits [Y 99.9900 dB    U 99.9900 dB    V 99.9900 dB] [ET    11 ] [L0 ] [L1 ]
POC  591 TId: 0 ( I-SLICE, QP 26 )    4479152 bits [Y 99.9900 dB    U 99.9900 dB    V 99.9900 dB] [ET    11 ] [L0 ] [L1 ]
POC  592 TId: 0 ( I-SLICE, QP 26 )    4480904 bits [Y 99.9900 dB    U 99.9900 dB    V 99.9900 dB] [ET    12 ] [L0 ] [L1 ]
POC  593 TId: 0 ( I-SLICE, QP 26 )    4482192 bits [Y 99.9900 dB    U 99.9900 dB    V 99.9900 dB] [ET    11 ] [L0 ] [L1 ]
POC  594 TId: 0 ( I-SLICE, QP 26 )    4479464 bits [Y 99.9900 dB    U 99.9900 dB    V 99.9900 dB] [ET    11 ] [L0 ] [L1 ]
POC  595 TId: 0 ( I-SLICE, QP 26 )    4483400 bits [Y 99.9900 dB    U 99.9900 dB    V 99.9900 dB] [ET    11 ] [L0 ] [L1 ]
POC  596 TId: 0 ( I-SLICE, QP 26 )    4481848 bits [Y 99.9900 dB    U 99.9900 dB    V 99.9900 dB] [ET    11 ] [L0 ] [L1 ]
POC  597 TId: 0 ( I-SLICE, QP 26 )    4485712 bits [Y 99.9900 dB    U 99.9900 dB    V 99.9900 dB] [ET    11 ] [L0 ] [L1 ]
POC  598 TId: 0 ( I-SLICE, QP 26 )    4487632 bits [Y 99.9900 dB    U 99.9900 dB    V 99.9900 dB] [ET    12 ] [L0 ] [L1 ]
POC  599 TId: 0 ( I-SLICE, QP 26 )    4482064 bits [Y 99.9900 dB    U 99.9900 dB    V 99.9900 dB] [ET    12 ] [L0 ] [L1 ]


SUMMARY --------------------------------------------------------
	Total Frames |  Bitrate    Y-PSNR    U-PSNR    V-PSNR 
	      600    a 268388.3960   99.9900   99.9900   99.9900


I Slices--------------------------------------------------------
	Total Frames |  Bitrate    Y-PSNR    U-PSNR    V-PSNR 
	      600    i 268388.3960   99.9900   99.9900   99.9900


P Slices--------------------------------------------------------
	Total Frames |  Bitrate    Y-PSNR    U-PSNR    V-PSNR 
	        0    p        -nan      -nan      -nan      -nan


B Slices--------------------------------------------------------
	Total Frames |  Bitrate    Y-PSNR    U-PSNR    V-PSNR 
	        0    b        -nan      -nan      -nan      -nan

RVM: 0.000
Bytes written to file: 335487906 (268390.325 kbps)

 Total Time:     7221.484 sec.
