
HM software: Encoder Version [15.0][Linux][GCC 4.8.5][64 bit] 

Input          File          : ../../HEVC_test_sequence/ClassB/Kimono1_1920x1080_24.yuv
Bitstream      File          : Kimono.bin
Reconstruction File          : Kimono.yuv
Real     Format              : 1920x1080 24Hz
Internal Format              : 1920x1080 24Hz
Frame/Field                  : Frame based coding
Frame index                  : 0 - 239 (240 frames)
CU size / depth              : 32 / 3
RQT trans. size (min / max)  : 4 / 32
Max RQT depth inter          : 3
Max RQT depth intra          : 1
Min PCM size                 : 8
Motion search range          : 64
Intra period                 : 1
Decoding refresh type        : 0
QP                           : 26.00
Max dQP signaling depth      : 0
Cb QP Offset                 : 0
Cr QP Offset                 : 0
QP adaptation                : 0 (range=0)
GOP size                     : 1
Internal bit depth           : (Y:8, C:8)
PCM sample bit depth         : (Y:8, C:8)
RateControl                  : 0
Max Num Merge Candidates     : 5

TOOL CFG: IBD:0 HAD:0 RDQ:0 RDQTS:0 RDpenalty:0 SQP:0 ASR:0 FEN:0 ECU:0 FDM:0 CFM:0 ESD:0 RQT:1 TransformSkip:0 TransformSkipFast:0 Slice: M=0 SliceSegment: M=0 CIP:0 SAO:0 PCM:0 TransQuantBypassEnabled: =1 WPP:0 WPB:0 PME:2  WaveFrontSynchro:0 WaveFrontSubstreams:1 ScalingList:0 TMVPMode:1  SignBitHidingFlag:1 RecalQP:0

POC    0 TId: 0 ( I-SLICE, QP 26 )   10717696 bits [Y 99.9900 dB    U 99.9900 dB    V 99.9900 dB] [ET    28 ] [L0 ] [L1 ]
POC    1 TId: 0 ( I-SLICE, QP 26 )   10717304 bits [Y 99.9900 dB    U 99.9900 dB    V 99.9900 dB] [ET    28 ] [L0 ] [L1 ]
POC    2 TId: 0 ( I-SLICE, QP 26 )   10760360 bits [Y 99.9900 dB    U 99.9900 dB    V 99.9900 dB] [ET    28 ] [L0 ] [L1 ]
POC    3 TId: 0 ( I-SLICE, QP 26 )   10802936 bits [Y 99.9900 dB    U 99.9900 dB    V 99.9900 dB] [ET    28 ] [L0 ] [L1 ]
POC    4 TId: 0 ( I-SLICE, QP 26 )   10824240 bits [Y 99.9900 dB    U 99.9900 dB    V 99.9900 dB] [ET    28 ] [L0 ] [L1 ]
POC    5 TId: 0 ( I-SLICE, QP 26 )   10844000 bits [Y 99.9900 dB    U 99.9900 dB    V 99.9900 dB] [ET    28 ] [L0 ] [L1 ]
POC    6 TId: 0 ( I-SLICE, QP 26 )   10825808 bits [Y 99.9900 dB    U 99.9900 dB    V 99.9900 dB] [ET    28 ] [L0 ] [L1 ]
POC    7 TId: 0 ( I-SLICE, QP 26 )   10801104 bits [Y 99.9900 dB    U 99.9900 dB    V 99.9900 dB] [ET    28 ] [L0 ] [L1 ]
POC    8 TId: 0 ( I-SLICE, QP 26 )   10754256 bits [Y 99.9900 dB    U 99.9900 dB    V 99.9900 dB] [ET    28 ] [L0 ] [L1 ]
POC    9 TId: 0 ( I-SLICE, QP 26 )   10746840 bits [Y 99.9900 dB    U 99.9900 dB    V 99.9900 dB] [ET    28 ] [L0 ] [L1 ]
POC   10 TId: 0 ( I-SLICE, QP 26 )   10776640 bits [Y 99.9900 dB    U 99.9900 dB    V 99.9900 dB] [ET    28 ] [L0 ] [L1 ]
POC   11 TId: 0 ( I-SLICE, QP 26 )   10818200 bits [Y 99.9900 dB    U 99.9900 dB    V 99.9900 dB] [ET    28 ] [L0 ] [L1 ]
POC   12 TId: 0 ( I-SLICE, QP 26 )   10859392 bits [Y 99.9900 dB    U 99.9900 dB    V 99.9900 dB] [ET    28 ] [L0 ] [L1 ]
POC   13 TId: 0 ( I-SLICE, QP 26 )   10855760 bits [Y 99.9900 dB    U 99.9900 dB    V 99.9900 dB] [ET    28 ] [L0 ] [L1 ]
POC   14 TId: 0 ( I-SLICE, QP 26 )   10834424 bits [Y 99.9900 dB    U 99.9900 dB    V 99.9900 dB] [ET    28 ] [L0 ] [L1 ]
POC   15 TId: 0 ( I-SLICE, QP 26 )   10814152 bits [Y 99.9900 dB    U 99.9900 dB    V 99.9900 dB] [ET    28 ] [L0 ] [L1 ]
POC   16 TId: 0 ( I-SLICE, QP 26 )   10815736 bits [Y 99.9900 dB    U 99.9900 dB    V 99.9900 dB] [ET    28 ] [L0 ] [L1 ]
POC   17 TId: 0 ( I-SLICE, QP 26 )   10795632 bits [Y 99.9900 dB    U 99.9900 dB    V 99.9900 dB] [ET    28 ] [L0 ] [L1 ]
POC   18 TId: 0 ( I-SLICE, QP 26 )   10763640 bits [Y 99.9900 dB    U 99.9900 dB    V 99.9900 dB] [ET    28 ] [L0 ] [L1 ]
POC   19 TId: 0 ( I-SLICE, QP 26 )   10749416 bits [Y 99.9900 dB    U 99.9900 dB    V 99.9900 dB] [ET    28 ] [L0 ] [L1 ]
POC   20 TId: 0 ( I-SLICE, QP 26 )   10740648 bits [Y 99.9900 dB    U 99.9900 dB    V 99.9900 dB] [ET    28 ] [L0 ] [L1 ]
POC   21 TId: 0 ( I-SLICE, QP 26 )   10729720 bits [Y 99.9900 dB    U 99.9900 dB    V 99.9900 dB] [ET    28 ] [L0 ] [L1 ]
POC   22 TId: 0 ( I-SLICE, QP 26 )   10709880 bits [Y 99.9900 dB    U 99.9900 dB    V 99.9900 dB] [ET    28 ] [L0 ] [L1 ]
POC   23 TId: 0 ( I-SLICE, QP 26 )   10643216 bits [Y 99.9900 dB    U 99.9900 dB    V 99.9900 dB] [ET    28 ] [L0 ] [L1 ]
POC   24 TId: 0 ( I-SLICE, QP 26 )   10606888 bits [Y 99.9900 dB    U 99.9900 dB    V 99.9900 dB] [ET    28 ] [L0 ] [L1 ]
POC   25 TId: 0 ( I-SLICE, QP 26 )   10562744 bits [Y 99.9900 dB    U 99.9900 dB    V 99.9900 dB] [ET    28 ] [L0 ] [L1 ]
POC   26 TId: 0 ( I-SLICE, QP 26 )   10548824 bits [Y 99.9900 dB    U 99.9900 dB    V 99.9900 dB] [ET    28 ] [L0 ] [L1 ]
POC   27 TId: 0 ( I-SLICE, QP 26 )   10578464 bits [Y 99.9900 dB    U 99.9900 dB    V 99.9900 dB] [ET    28 ] [L0 ] [L1 ]
POC   28 TId: 0 ( I-SLICE, QP 26 )   10587880 bits [Y 99.9900 dB    U 99.9900 dB    V 99.9900 dB] [ET    29 ] [L0 ] [L1 ]
POC   29 TId: 0 ( I-SLICE, QP 26 )   10596896 bits [Y 99.9900 dB    U 99.9900 dB    V 99.9900 dB] [ET    29 ] [L0 ] [L1 ]
POC   30 TId: 0 ( I-SLICE, QP 26 )   10620568 bits [Y 99.9900 dB    U 99.9900 dB    V 99.9900 dB] [ET    29 ] [L0 ] [L1 ]
POC   31 TId: 0 ( I-SLICE, QP 26 )   10621096 bits [Y 99.9900 dB    U 99.9900 dB    V 99.9900 dB] [ET    29 ] [L0 ] [L1 ]
POC   32 TId: 0 ( I-SLICE, QP 26 )   10648960 bits [Y 99.9900 dB    U 99.9900 dB    V 99.9900 dB] [ET    29 ] [L0 ] [L1 ]
POC   33 TId: 0 ( I-SLICE, QP 26 )   10688200 bits [Y 99.9900 dB    U 99.9900 dB    V 99.9900 dB] [ET    29 ] [L0 ] [L1 ]
POC   34 TId: 0 ( I-SLICE, QP 26 )   10726768 bits [Y 99.9900 dB    U 99.9900 dB    V 99.9900 dB] [ET    29 ] [L0 ] [L1 ]
POC   35 TId: 0 ( I-SLICE, QP 26 )   10700176 bits [Y 99.9900 dB    U 99.9900 dB    V 99.9900 dB] [ET    29 ] [L0 ] [L1 ]
POC   36 TId: 0 ( I-SLICE, QP 26 )   10720192 bits [Y 99.9900 dB    U 99.9900 dB    V 99.9900 dB] [ET    29 ] [L0 ] [L1 ]
POC   37 TId: 0 ( I-SLICE, QP 26 )   10716168 bits [Y 99.9900 dB    U 99.9900 dB    V 99.9900 dB] [ET    29 ] [L0 ] [L1 ]
POC   38 TId: 0 ( I-SLICE, QP 26 )   10680112 bits [Y 99.9900 dB    U 99.9900 dB    V 99.9900 dB] [ET    29 ] [L0 ] [L1 ]
POC   39 TId: 0 ( I-SLICE, QP 26 )   10665456 bits [Y 99.9900 dB    U 99.9900 dB    V 99.9900 dB] [ET    29 ] [L0 ] [L1 ]
POC   40 TId: 0 ( I-SLICE, QP 26 )   10693296 bits [Y 99.9900 dB    U 99.9900 dB    V 99.9900 dB] [ET    29 ] [L0 ] [L1 ]
POC   41 TId: 0 ( I-SLICE, QP 26 )   10692464 bits [Y 99.9900 dB    U 99.9900 dB    V 99.9900 dB] [ET    29 ] [L0 ] [L1 ]
POC   42 TId: 0 ( I-SLICE, QP 26 )   10682960 bits [Y 99.9900 dB    U 99.9900 dB    V 99.9900 dB] [ET    29 ] [L0 ] [L1 ]
POC   43 TId: 0 ( I-SLICE, QP 26 )   10665696 bits [Y 99.9900 dB    U 99.9900 dB    V 99.9900 dB] [ET    29 ] [L0 ] [L1 ]
POC   44 TId: 0 ( I-SLICE, QP 26 )   10697928 bits [Y 99.9900 dB    U 99.9900 dB    V 99.9900 dB] [ET    29 ] [L0 ] [L1 ]
POC   45 TId: 0 ( I-SLICE, QP 26 )   10709208 bits [Y 99.9900 dB    U 99.9900 dB    V 99.9900 dB] [ET    29 ] [L0 ] [L1 ]
POC   46 TId: 0 ( I-SLICE, QP 26 )   10663240 bits [Y 99.9900 dB    U 99.9900 dB    V 99.9900 dB] [ET    29 ] [L0 ] [L1 ]
POC   47 TId: 0 ( I-SLICE, QP 26 )   10633744 bits [Y 99.9900 dB    U 99.9900 dB    V 99.9900 dB] [ET    29 ] [L0 ] [L1 ]
POC   48 TId: 0 ( I-SLICE, QP 26 )   10639272 bits [Y 99.9900 dB    U 99.9900 dB    V 99.9900 dB] [ET    29 ] [L0 ] [L1 ]
POC   49 TId: 0 ( I-SLICE, QP 26 )   10705176 bits [Y 99.9900 dB    U 99.9900 dB    V 99.9900 dB] [ET    29 ] [L0 ] [L1 ]
POC   50 TId: 0 ( I-SLICE, QP 26 )   10732800 bits [Y 99.9900 dB    U 99.9900 dB    V 99.9900 dB] [ET    29 ] [L0 ] [L1 ]
POC   51 TId: 0 ( I-SLICE, QP 26 )   10722384 bits [Y 99.9900 dB    U 99.9900 dB    V 99.9900 dB] [ET    29 ] [L0 ] [L1 ]
POC   52 TId: 0 ( I-SLICE, QP 26 )   10724088 bits [Y 99.9900 dB    U 99.9900 dB    V 99.9900 dB] [ET    29 ] [L0 ] [L1 ]
POC   53 TId: 0 ( I-SLICE, QP 26 )   10721240 bits [Y 99.9900 dB    U 99.9900 dB    V 99.9900 dB] [ET    29 ] [L0 ] [L1 ]
POC   54 TId: 0 ( I-SLICE, QP 26 )   10730120 bits [Y 99.9900 dB    U 99.9900 dB    V 99.9900 dB] [ET    29 ] [L0 ] [L1 ]
POC   55 TId: 0 ( I-SLICE, QP 26 )   10764008 bits [Y 99.9900 dB    U 99.9900 dB    V 99.9900 dB] [ET    29 ] [L0 ] [L1 ]
POC   56 TId: 0 ( I-SLICE, QP 26 )   10745824 bits [Y 99.9900 dB    U 99.9900 dB    V 99.9900 dB] [ET    29 ] [L0 ] [L1 ]
POC   57 TId: 0 ( I-SLICE, QP 26 )   10689624 bits [Y 99.9900 dB    U 99.9900 dB    V 99.9900 dB] [ET    29 ] [L0 ] [L1 ]
POC   58 TId: 0 ( I-SLICE, QP 26 )   10676720 bits [Y 99.9900 dB    U 99.9900 dB    V 99.9900 dB] [ET    29 ] [L0 ] [L1 ]
POC   59 TId: 0 ( I-SLICE, QP 26 )   10668184 bits [Y 99.9900 dB    U 99.9900 dB    V 99.9900 dB] [ET    29 ] [L0 ] [L1 ]
POC   60 TId: 0 ( I-SLICE, QP 26 )   10670160 bits [Y 99.9900 dB    U 99.9900 dB    V 99.9900 dB] [ET    29 ] [L0 ] [L1 ]
POC   61 TId: 0 ( I-SLICE, QP 26 )   10684672 bits [Y 99.9900 dB    U 99.9900 dB    V 99.9900 dB] [ET    29 ] [L0 ] [L1 ]
POC   62 TId: 0 ( I-SLICE, QP 26 )   10681496 bits [Y 99.9900 dB    U 99.9900 dB    V 99.9900 dB] [ET    29 ] [L0 ] [L1 ]
POC   63 TId: 0 ( I-SLICE, QP 26 )   10682552 bits [Y 99.9900 dB    U 99.9900 dB    V 99.9900 dB] [ET    29 ] [L0 ] [L1 ]
POC   64 TId: 0 ( I-SLICE, QP 26 )   10681256 bits [Y 99.9900 dB    U 99.9900 dB    V 99.9900 dB] [ET    29 ] [L0 ] [L1 ]
POC   65 TId: 0 ( I-SLICE, QP 26 )   10657504 bits [Y 99.9900 dB    U 99.9900 dB    V 99.9900 dB] [ET    29 ] [L0 ] [L1 ]
POC   66 TId: 0 ( I-SLICE, QP 26 )   10636776 bits [Y 99.9900 dB    U 99.9900 dB    V 99.9900 dB] [ET    29 ] [L0 ] [L1 ]
POC   67 TId: 0 ( I-SLICE, QP 26 )   10644480 bits [Y 99.9900 dB    U 99.9900 dB    V 99.9900 dB] [ET    29 ] [L0 ] [L1 ]
POC   68 TId: 0 ( I-SLICE, QP 26 )   10683552 bits [Y 99.9900 dB    U 99.9900 dB    V 99.9900 dB] [ET    29 ] [L0 ] [L1 ]
POC   69 TId: 0 ( I-SLICE, QP 26 )   10685816 bits [Y 99.9900 dB    U 99.9900 dB    V 99.9900 dB] [ET    29 ] [L0 ] [L1 ]
POC   70 TId: 0 ( I-SLICE, QP 26 )   10688192 bits [Y 99.9900 dB    U 99.9900 dB    V 99.9900 dB] [ET    29 ] [L0 ] [L1 ]
POC   71 TId: 0 ( I-SLICE, QP 26 )   10659224 bits [Y 99.9900 dB    U 99.9900 dB    V 99.9900 dB] [ET    29 ] [L0 ] [L1 ]
POC   72 TId: 0 ( I-SLICE, QP 26 )   10665800 bits [Y 99.9900 dB    U 99.9900 dB    V 99.9900 dB] [ET    29 ] [L0 ] [L1 ]
POC   73 TId: 0 ( I-SLICE, QP 26 )   10652344 bits [Y 99.9900 dB    U 99.9900 dB    V 99.9900 dB] [ET    29 ] [L0 ] [L1 ]
POC   74 TId: 0 ( I-SLICE, QP 26 )   10654040 bits [Y 99.9900 dB    U 99.9900 dB    V 99.9900 dB] [ET    29 ] [L0 ] [L1 ]
POC   75 TId: 0 ( I-SLICE, QP 26 )   10648360 bits [Y 99.9900 dB    U 99.9900 dB    V 99.9900 dB] [ET    29 ] [L0 ] [L1 ]
POC   76 TId: 0 ( I-SLICE, QP 26 )   10640024 bits [Y 99.9900 dB    U 99.9900 dB    V 99.9900 dB] [ET    29 ] [L0 ] [L1 ]
POC   77 TId: 0 ( I-SLICE, QP 26 )   10671408 bits [Y 99.9900 dB    U 99.9900 dB    V 99.9900 dB] [ET    29 ] [L0 ] [L1 ]
POC   78 TId: 0 ( I-SLICE, QP 26 )   10659992 bits [Y 99.9900 dB    U 99.9900 dB    V 99.9900 dB] [ET    29 ] [L0 ] [L1 ]
POC   79 TId: 0 ( I-SLICE, QP 26 )   10618480 bits [Y 99.9900 dB    U 99.9900 dB    V 99.9900 dB] [ET    29 ] [L0 ] [L1 ]
POC   80 TId: 0 ( I-SLICE, QP 26 )   10638520 bits [Y 99.9900 dB    U 99.9900 dB    V 99.9900 dB] [ET    29 ] [L0 ] [L1 ]
POC   81 TId: 0 ( I-SLICE, QP 26 )   10644224 bits [Y 99.9900 dB    U 99.9900 dB    V 99.9900 dB] [ET    29 ] [L0 ] [L1 ]
POC   82 TId: 0 ( I-SLICE, QP 26 )   10633456 bits [Y 99.9900 dB    U 99.9900 dB    V 99.9900 dB] [ET    29 ] [L0 ] [L1 ]
POC   83 TId: 0 ( I-SLICE, QP 26 )   10648464 bits [Y 99.9900 dB    U 99.9900 dB    V 99.9900 dB] [ET    29 ] [L0 ] [L1 ]
POC   84 TId: 0 ( I-SLICE, QP 26 )   10658848 bits [Y 99.9900 dB    U 99.9900 dB    V 99.9900 dB] [ET    29 ] [L0 ] [L1 ]
POC   85 TId: 0 ( I-SLICE, QP 26 )   10669040 bits [Y 99.9900 dB    U 99.9900 dB    V 99.9900 dB] [ET    29 ] [L0 ] [L1 ]
POC   86 TId: 0 ( I-SLICE, QP 26 )   10676712 bits [Y 99.9900 dB    U 99.9900 dB    V 99.9900 dB] [ET    29 ] [L0 ] [L1 ]
POC   87 TId: 0 ( I-SLICE, QP 26 )   10706216 bits [Y 99.9900 dB    U 99.9900 dB    V 99.9900 dB] [ET    29 ] [L0 ] [L1 ]
POC   88 TId: 0 ( I-SLICE, QP 26 )   10679672 bits [Y 99.9900 dB    U 99.9900 dB    V 99.9900 dB] [ET    29 ] [L0 ] [L1 ]
POC   89 TId: 0 ( I-SLICE, QP 26 )   10668744 bits [Y 99.9900 dB    U 99.9900 dB    V 99.9900 dB] [ET    29 ] [L0 ] [L1 ]
POC   90 TId: 0 ( I-SLICE, QP 26 )   10646832 bits [Y 99.9900 dB    U 99.9900 dB    V 99.9900 dB] [ET    29 ] [L0 ] [L1 ]
POC   91 TId: 0 ( I-SLICE, QP 26 )   10625880 bits [Y 99.9900 dB    U 99.9900 dB    V 99.9900 dB] [ET    29 ] [L0 ] [L1 ]
POC   92 TId: 0 ( I-SLICE, QP 26 )   10615072 bits [Y 99.9900 dB    U 99.9900 dB    V 99.9900 dB] [ET    29 ] [L0 ] [L1 ]
POC   93 TId: 0 ( I-SLICE, QP 26 )   10623008 bits [Y 99.9900 dB    U 99.9900 dB    V 99.9900 dB] [ET    29 ] [L0 ] [L1 ]
POC   94 TId: 0 ( I-SLICE, QP 26 )   10645232 bits [Y 99.9900 dB    U 99.9900 dB    V 99.9900 dB] [ET    29 ] [L0 ] [L1 ]
POC   95 TId: 0 ( I-SLICE, QP 26 )   10668880 bits [Y 99.9900 dB    U 99.9900 dB    V 99.9900 dB] [ET    29 ] [L0 ] [L1 ]
POC   96 TId: 0 ( I-SLICE, QP 26 )   10654928 bits [Y 99.9900 dB    U 99.9900 dB    V 99.9900 dB] [ET    29 ] [L0 ] [L1 ]
POC   97 TId: 0 ( I-SLICE, QP 26 )   10624648 bits [Y 99.9900 dB    U 99.9900 dB    V 99.9900 dB] [ET    29 ] [L0 ] [L1 ]
POC   98 TId: 0 ( I-SLICE, QP 26 )   10645808 bits [Y 99.9900 dB    U 99.9900 dB    V 99.9900 dB] [ET    29 ] [L0 ] [L1 ]
POC   99 TId: 0 ( I-SLICE, QP 26 )   10606992 bits [Y 99.9900 dB    U 99.9900 dB    V 99.9900 dB] [ET    29 ] [L0 ] [L1 ]
POC  100 TId: 0 ( I-SLICE, QP 26 )   10603400 bits [Y 99.9900 dB    U 99.9900 dB    V 99.9900 dB] [ET    29 ] [L0 ] [L1 ]
POC  101 TId: 0 ( I-SLICE, QP 26 )   10634800 bits [Y 99.9900 dB    U 99.9900 dB    V 99.9900 dB] [ET    29 ] [L0 ] [L1 ]
POC  102 TId: 0 ( I-SLICE, QP 26 )   10636160 bits [Y 99.9900 dB    U 99.9900 dB    V 99.9900 dB] [ET    29 ] [L0 ] [L1 ]
POC  103 TId: 0 ( I-SLICE, QP 26 )   10642000 bits [Y 99.9900 dB    U 99.9900 dB    V 99.9900 dB] [ET    29 ] [L0 ] [L1 ]
POC  104 TId: 0 ( I-SLICE, QP 26 )   10630640 bits [Y 99.9900 dB    U 99.9900 dB    V 99.9900 dB] [ET    29 ] [L0 ] [L1 ]
POC  105 TId: 0 ( I-SLICE, QP 26 )   10612616 bits [Y 99.9900 dB    U 99.9900 dB    V 99.9900 dB] [ET    29 ] [L0 ] [L1 ]
POC  106 TId: 0 ( I-SLICE, QP 26 )   10598176 bits [Y 99.9900 dB    U 99.9900 dB    V 99.9900 dB] [ET    29 ] [L0 ] [L1 ]
POC  107 TId: 0 ( I-SLICE, QP 26 )   10615856 bits [Y 99.9900 dB    U 99.9900 dB    V 99.9900 dB] [ET    29 ] [L0 ] [L1 ]
POC  108 TId: 0 ( I-SLICE, QP 26 )   10629368 bits [Y 99.9900 dB    U 99.9900 dB    V 99.9900 dB] [ET    29 ] [L0 ] [L1 ]
POC  109 TId: 0 ( I-SLICE, QP 26 )   10639648 bits [Y 99.9900 dB    U 99.9900 dB    V 99.9900 dB] [ET    29 ] [L0 ] [L1 ]
POC  110 TId: 0 ( I-SLICE, QP 26 )   10599968 bits [Y 99.9900 dB    U 99.9900 dB    V 99.9900 dB] [ET    29 ] [L0 ] [L1 ]
POC  111 TId: 0 ( I-SLICE, QP 26 )   10573136 bits [Y 99.9900 dB    U 99.9900 dB    V 99.9900 dB] [ET    29 ] [L0 ] [L1 ]
POC  112 TId: 0 ( I-SLICE, QP 26 )   10578160 bits [Y 99.9900 dB    U 99.9900 dB    V 99.9900 dB] [ET    29 ] [L0 ] [L1 ]
POC  113 TId: 0 ( I-SLICE, QP 26 )   10559560 bits [Y 99.9900 dB    U 99.9900 dB    V 99.9900 dB] [ET    29 ] [L0 ] [L1 ]
POC  114 TId: 0 ( I-SLICE, QP 26 )   10577648 bits [Y 99.9900 dB    U 99.9900 dB    V 99.9900 dB] [ET    29 ] [L0 ] [L1 ]
POC  115 TId: 0 ( I-SLICE, QP 26 )   10573616 bits [Y 99.9900 dB    U 99.9900 dB    V 99.9900 dB] [ET    29 ] [L0 ] [L1 ]
POC  116 TId: 0 ( I-SLICE, QP 26 )   10570712 bits [Y 99.9900 dB    U 99.9900 dB    V 99.9900 dB] [ET    29 ] [L0 ] [L1 ]
POC  117 TId: 0 ( I-SLICE, QP 26 )   10574656 bits [Y 99.9900 dB    U 99.9900 dB    V 99.9900 dB] [ET    29 ] [L0 ] [L1 ]
POC  118 TId: 0 ( I-SLICE, QP 26 )   10586864 bits [Y 99.9900 dB    U 99.9900 dB    V 99.9900 dB] [ET    29 ] [L0 ] [L1 ]
POC  119 TId: 0 ( I-SLICE, QP 26 )   10568784 bits [Y 99.9900 dB    U 99.9900 dB    V 99.9900 dB] [ET    29 ] [L0 ] [L1 ]
POC  120 TId: 0 ( I-SLICE, QP 26 )   10567800 bits [Y 99.9900 dB    U 99.9900 dB    V 99.9900 dB] [ET    29 ] [L0 ] [L1 ]
POC  121 TId: 0 ( I-SLICE, QP 26 )   10546240 bits [Y 99.9900 dB    U 99.9900 dB    V 99.9900 dB] [ET    29 ] [L0 ] [L1 ]
POC  122 TId: 0 ( I-SLICE, QP 26 )   10529272 bits [Y 99.9900 dB    U 99.9900 dB    V 99.9900 dB] [ET    29 ] [L0 ] [L1 ]
POC  123 TId: 0 ( I-SLICE, QP 26 )   10532344 bits [Y 99.9900 dB    U 99.9900 dB    V 99.9900 dB] [ET    29 ] [L0 ] [L1 ]
POC  124 TId: 0 ( I-SLICE, QP 26 )   10521568 bits [Y 99.9900 dB    U 99.9900 dB    V 99.9900 dB] [ET    29 ] [L0 ] [L1 ]
POC  125 TId: 0 ( I-SLICE, QP 26 )   10523648 bits [Y 99.9900 dB    U 99.9900 dB    V 99.9900 dB] [ET    29 ] [L0 ] [L1 ]
POC  126 TId: 0 ( I-SLICE, QP 26 )   10530728 bits [Y 99.9900 dB    U 99.9900 dB    V 99.9900 dB] [ET    29 ] [L0 ] [L1 ]
POC  127 TId: 0 ( I-SLICE, QP 26 )   10557984 bits [Y 99.9900 dB    U 99.9900 dB    V 99.9900 dB] [ET    29 ] [L0 ] [L1 ]
POC  128 TId: 0 ( I-SLICE, QP 26 )   10577848 bits [Y 99.9900 dB    U 99.9900 dB    V 99.9900 dB] [ET    29 ] [L0 ] [L1 ]
POC  129 TId: 0 ( I-SLICE, QP 26 )   10587280 bits [Y 99.9900 dB    U 99.9900 dB    V 99.9900 dB] [ET    29 ] [L0 ] [L1 ]
POC  130 TId: 0 ( I-SLICE, QP 26 )   10589232 bits [Y 99.9900 dB    U 99.9900 dB    V 99.9900 dB] [ET    29 ] [L0 ] [L1 ]
POC  131 TId: 0 ( I-SLICE, QP 26 )   10582928 bits [Y 99.9900 dB    U 99.9900 dB    V 99.9900 dB] [ET    29 ] [L0 ] [L1 ]
POC  132 TId: 0 ( I-SLICE, QP 26 )   10583552 bits [Y 99.9900 dB    U 99.9900 dB    V 99.9900 dB] [ET    29 ] [L0 ] [L1 ]
POC  133 TId: 0 ( I-SLICE, QP 26 )   10576096 bits [Y 99.9900 dB    U 99.9900 dB    V 99.9900 dB] [ET    29 ] [L0 ] [L1 ]
POC  134 TId: 0 ( I-SLICE, QP 26 )   10569512 bits [Y 99.9900 dB    U 99.9900 dB    V 99.9900 dB] [ET    29 ] [L0 ] [L1 ]
POC  135 TId: 0 ( I-SLICE, QP 26 )   10558984 bits [Y 99.9900 dB    U 99.9900 dB    V 99.9900 dB] [ET    29 ] [L0 ] [L1 ]
POC  136 TId: 0 ( I-SLICE, QP 26 )   10522200 bits [Y 99.9900 dB    U 99.9900 dB    V 99.9900 dB] [ET    29 ] [L0 ] [L1 ]
POC  137 TId: 0 ( I-SLICE, QP 26 )   10523880 bits [Y 99.9900 dB    U 99.9900 dB    V 99.9900 dB] [ET    27 ] [L0 ] [L1 ]
POC  138 TId: 0 ( I-SLICE, QP 26 )   10530552 bits [Y 99.9900 dB    U 99.9900 dB    V 99.9900 dB] [ET    27 ] [L0 ] [L1 ]
POC  139 TId: 0 ( I-SLICE, QP 26 )   10508984 bits [Y 99.9900 dB    U 99.9900 dB    V 99.9900 dB] [ET    27 ] [L0 ] [L1 ]
POC  140 TId: 0 ( I-SLICE, QP 26 )   11349424 bits [Y 99.9900 dB    U 99.9900 dB    V 99.9900 dB] [ET    27 ] [L0 ] [L1 ]
POC  141 TId: 0 ( I-SLICE, QP 26 )   11350584 bits [Y 99.9900 dB    U 99.9900 dB    V 99.9900 dB] [ET    27 ] [L0 ] [L1 ]
POC  142 TId: 0 ( I-SLICE, QP 26 )   11344384 bits [Y 99.9900 dB    U 99.9900 dB    V 99.9900 dB] [ET    27 ] [L0 ] [L1 ]
POC  143 TId: 0 ( I-SLICE, QP 26 )   11345168 bits [Y 99.9900 dB    U 99.9900 dB    V 99.9900 dB] [ET    27 ] [L0 ] [L1 ]
POC  144 TId: 0 ( I-SLICE, QP 26 )   11339280 bits [Y 99.9900 dB    U 99.9900 dB    V 99.9900 dB] [ET    27 ] [L0 ] [L1 ]
POC  145 TId: 0 ( I-SLICE, QP 26 )   11343528 bits [Y 99.9900 dB    U 99.9900 dB    V 99.9900 dB] [ET    27 ] [L0 ] [L1 ]
POC  146 TId: 0 ( I-SLICE, QP 26 )   11339256 bits [Y 99.9900 dB    U 99.9900 dB    V 99.9900 dB] [ET    27 ] [L0 ] [L1 ]
POC  147 TId: 0 ( I-SLICE, QP 26 )   11345288 bits [Y 99.9900 dB    U 99.9900 dB    V 99.9900 dB] [ET    27 ] [L0 ] [L1 ]
POC  148 TId: 0 ( I-SLICE, QP 26 )   11341872 bits [Y 99.9900 dB    U 99.9900 dB    V 99.9900 dB] [ET    27 ] [L0 ] [L1 ]
POC  149 TId: 0 ( I-SLICE, QP 26 )   11327848 bits [Y 99.9900 dB    U 99.9900 dB    V 99.9900 dB] [ET    27 ] [L0 ] [L1 ]
POC  150 TId: 0 ( I-SLICE, QP 26 )   11326232 bits [Y 99.9900 dB    U 99.9900 dB    V 99.9900 dB] [ET    27 ] [L0 ] [L1 ]
POC  151 TId: 0 ( I-SLICE, QP 26 )   11328008 bits [Y 99.9900 dB    U 99.9900 dB    V 99.9900 dB] [ET    28 ] [L0 ] [L1 ]
POC  152 TId: 0 ( I-SLICE, QP 26 )   11324472 bits [Y 99.9900 dB    U 99.9900 dB    V 99.9900 dB] [ET    28 ] [L0 ] [L1 ]
POC  153 TId: 0 ( I-SLICE, QP 26 )   11319552 bits [Y 99.9900 dB    U 99.9900 dB    V 99.9900 dB] [ET    27 ] [L0 ] [L1 ]
POC  154 TId: 0 ( I-SLICE, QP 26 )   11324760 bits [Y 99.9900 dB    U 99.9900 dB    V 99.9900 dB] [ET    28 ] [L0 ] [L1 ]
POC  155 TId: 0 ( I-SLICE, QP 26 )   11329032 bits [Y 99.9900 dB    U 99.9900 dB    V 99.9900 dB] [ET    27 ] [L0 ] [L1 ]
POC  156 TId: 0 ( I-SLICE, QP 26 )   11329152 bits [Y 99.9900 dB    U 99.9900 dB    V 99.9900 dB] [ET    27 ] [L0 ] [L1 ]
POC  157 TId: 0 ( I-SLICE, QP 26 )   11331056 bits [Y 99.9900 dB    U 99.9900 dB    V 99.9900 dB] [ET    27 ] [L0 ] [L1 ]
POC  158 TId: 0 ( I-SLICE, QP 26 )   11333712 bits [Y 99.9900 dB    U 99.9900 dB    V 99.9900 dB] [ET    27 ] [L0 ] [L1 ]
POC  159 TId: 0 ( I-SLICE, QP 26 )   11326832 bits [Y 99.9900 dB    U 99.9900 dB    V 99.9900 dB] [ET    27 ] [L0 ] [L1 ]
POC  160 TId: 0 ( I-SLICE, QP 26 )   11326712 bits [Y 99.9900 dB    U 99.9900 dB    V 99.9900 dB] [ET    25 ] [L0 ] [L1 ]
POC  161 TId: 0 ( I-SLICE, QP 26 )   11326096 bits [Y 99.9900 dB    U 99.9900 dB    V 99.9900 dB] [ET    26 ] [L0 ] [L1 ]
POC  162 TId: 0 ( I-SLICE, QP 26 )   11325392 bits [Y 99.9900 dB    U 99.9900 dB    V 99.9900 dB] [ET    26 ] [L0 ] [L1 ]
POC  163 TId: 0 ( I-SLICE, QP 26 )   11307104 bits [Y 99.9900 dB    U 99.9900 dB    V 99.9900 dB] [ET    26 ] [L0 ] [L1 ]
POC  164 TId: 0 ( I-SLICE, QP 26 )   11304856 bits [Y 99.9900 dB    U 99.9900 dB    V 99.9900 dB] [ET    26 ] [L0 ] [L1 ]
POC  165 TId: 0 ( I-SLICE, QP 26 )   11314008 bits [Y 99.9900 dB    U 99.9900 dB    V 99.9900 dB] [ET    26 ] [L0 ] [L1 ]
POC  166 TId: 0 ( I-SLICE, QP 26 )   11307976 bits [Y 99.9900 dB    U 99.9900 dB    V 99.9900 dB] [ET    26 ] [L0 ] [L1 ]
POC  167 TId: 0 ( I-SLICE, QP 26 )   11301520 bits [Y 99.9900 dB    U 99.9900 dB    V 99.9900 dB] [ET    26 ] [L0 ] [L1 ]
POC  168 TId: 0 ( I-SLICE, QP 26 )   11306264 bits [Y 99.9900 dB    U 99.9900 dB    V 99.9900 dB] [ET    26 ] [L0 ] [L1 ]
POC  169 TId: 0 ( I-SLICE, QP 26 )   11309152 bits [Y 99.9900 dB    U 99.9900 dB    V 99.9900 dB] [ET    26 ] [L0 ] [L1 ]
POC  170 TId: 0 ( I-SLICE, QP 26 )   11304488 bits [Y 99.9900 dB    U 99.9900 dB    V 99.9900 dB] [ET    26 ] [L0 ] [L1 ]
POC  171 TId: 0 ( I-SLICE, QP 26 )   11297112 bits [Y 99.9900 dB    U 99.9900 dB    V 99.9900 dB] [ET    26 ] [L0 ] [L1 ]
POC  172 TId: 0 ( I-SLICE, QP 26 )   11284592 bits [Y 99.9900 dB    U 99.9900 dB    V 99.9900 dB] [ET    26 ] [L0 ] [L1 ]
POC  173 TId: 0 ( I-SLICE, QP 26 )   11283600 bits [Y 99.9900 dB    U 99.9900 dB    V 99.9900 dB] [ET    26 ] [L0 ] [L1 ]
POC  174 TId: 0 ( I-SLICE, QP 26 )   11275480 bits [Y 99.9900 dB    U 99.9900 dB    V 99.9900 dB] [ET    26 ] [L0 ] [L1 ]
POC  175 TId: 0 ( I-SLICE, QP 26 )   11280568 bits [Y 99.9900 dB    U 99.9900 dB    V 99.9900 dB] [ET    26 ] [L0 ] [L1 ]
POC  176 TId: 0 ( I-SLICE, QP 26 )   11273960 bits [Y 99.9900 dB    U 99.9900 dB    V 99.9900 dB] [ET    26 ] [L0 ] [L1 ]
POC  177 TId: 0 ( I-SLICE, QP 26 )   11265968 bits [Y 99.9900 dB    U 99.9900 dB    V 99.9900 dB] [ET    26 ] [L0 ] [L1 ]
POC  178 TId: 0 ( I-SLICE, QP 26 )   11264008 bits [Y 99.9900 dB    U 99.9900 dB    V 99.9900 dB] [ET    26 ] [L0 ] [L1 ]
POC  179 TId: 0 ( I-SLICE, QP 26 )   11251240 bits [Y 99.9900 dB    U 99.9900 dB    V 99.9900 dB] [ET    26 ] [L0 ] [L1 ]
POC  180 TId: 0 ( I-SLICE, QP 26 )   11254472 bits [Y 99.9900 dB    U 99.9900 dB    V 99.9900 dB] [ET    26 ] [L0 ] [L1 ]
POC  181 TId: 0 ( I-SLICE, QP 26 )   11247160 bits [Y 99.9900 dB    U 99.9900 dB    V 99.9900 dB] [ET    26 ] [L0 ] [L1 ]
POC  182 TId: 0 ( I-SLICE, QP 26 )   11255016 bits [Y 99.9900 dB    U 99.9900 dB    V 99.9900 dB] [ET    26 ] [L0 ] [L1 ]
POC  183 TId: 0 ( I-SLICE, QP 26 )   11250440 bits [Y 99.9900 dB    U 99.9900 dB    V 99.9900 dB] [ET    26 ] [L0 ] [L1 ]
POC  184 TId: 0 ( I-SLICE, QP 26 )   11239688 bits [Y 99.9900 dB    U 99.9900 dB    V 99.9900 dB] [ET    26 ] [L0 ] [L1 ]
POC  185 TId: 0 ( I-SLICE, QP 26 )   11232520 bits [Y 99.9900 dB    U 99.9900 dB    V 99.9900 dB] [ET    26 ] [L0 ] [L1 ]
POC  186 TId: 0 ( I-SLICE, QP 26 )   11229840 bits [Y 99.9900 dB    U 99.9900 dB    V 99.9900 dB] [ET    25 ] [L0 ] [L1 ]
POC  187 TId: 0 ( I-SLICE, QP 26 )   11232672 bits [Y 99.9900 dB    U 99.9900 dB    V 99.9900 dB] [ET    26 ] [L0 ] [L1 ]
POC  188 TId: 0 ( I-SLICE, QP 26 )   11231120 bits [Y 99.9900 dB    U 99.9900 dB    V 99.9900 dB] [ET    25 ] [L0 ] [L1 ]
POC  189 TId: 0 ( I-SLICE, QP 26 )   11235296 bits [Y 99.9900 dB    U 99.9900 dB    V 99.9900 dB] [ET    25 ] [L0 ] [L1 ]
POC  190 TId: 0 ( I-SLICE, QP 26 )   11232176 bits [Y 99.9900 dB    U 99.9900 dB    V 99.9900 dB] [ET    24 ] [L0 ] [L1 ]
POC  191 TId: 0 ( I-SLICE, QP 26 )   11236480 bits [Y 99.9900 dB    U 99.9900 dB    V 99.9900 dB] [ET    24 ] [L0 ] [L1 ]
POC  192 TId: 0 ( I-SLICE, QP 26 )   11231352 bits [Y 99.9900 dB    U 99.9900 dB    V 99.9900 dB] [ET    24 ] [L0 ] [L1 ]
POC  193 TId: 0 ( I-SLICE, QP 26 )   11229120 bits [Y 99.9900 dB    U 99.9900 dB    V 99.9900 dB] [ET    24 ] [L0 ] [L1 ]
POC  194 TId: 0 ( I-SLICE, QP 26 )   11233952 bits [Y 99.9900 dB    U 99.9900 dB    V 99.9900 dB] [ET    25 ] [L0 ] [L1 ]
POC  195 TId: 0 ( I-SLICE, QP 26 )   11229432 bits [Y 99.9900 dB    U 99.9900 dB    V 99.9900 dB] [ET    24 ] [L0 ] [L1 ]
POC  196 TId: 0 ( I-SLICE, QP 26 )   11229712 bits [Y 99.9900 dB    U 99.9900 dB    V 99.9900 dB] [ET    22 ] [L0 ] [L1 ]
POC  197 TId: 0 ( I-SLICE, QP 26 )   11229280 bits [Y 99.9900 dB    U 99.9900 dB    V 99.9900 dB] [ET    22 ] [L0 ] [L1 ]
POC  198 TId: 0 ( I-SLICE, QP 26 )   11225832 bits [Y 99.9900 dB    U 99.9900 dB    V 99.9900 dB] [ET    22 ] [L0 ] [L1 ]
POC  199 TId: 0 ( I-SLICE, QP 26 )   11218936 bits [Y 99.9900 dB    U 99.9900 dB    V 99.9900 dB] [ET    22 ] [L0 ] [L1 ]
POC  200 TId: 0 ( I-SLICE, QP 26 )   11230848 bits [Y 99.9900 dB    U 99.9900 dB    V 99.9900 dB] [ET    23 ] [L0 ] [L1 ]
POC  201 TId: 0 ( I-SLICE, QP 26 )   11215424 bits [Y 99.9900 dB    U 99.9900 dB    V 99.9900 dB] [ET    22 ] [L0 ] [L1 ]
POC  202 TId: 0 ( I-SLICE, QP 26 )   11212088 bits [Y 99.9900 dB    U 99.9900 dB    V 99.9900 dB] [ET    25 ] [L0 ] [L1 ]
POC  203 TId: 0 ( I-SLICE, QP 26 )   11203752 bits [Y 99.9900 dB    U 99.9900 dB    V 99.9900 dB] [ET    27 ] [L0 ] [L1 ]
POC  204 TId: 0 ( I-SLICE, QP 26 )   11196576 bits [Y 99.9900 dB    U 99.9900 dB    V 99.9900 dB] [ET    28 ] [L0 ] [L1 ]
POC  205 TId: 0 ( I-SLICE, QP 26 )   11193192 bits [Y 99.9900 dB    U 99.9900 dB    V 99.9900 dB] [ET    27 ] [L0 ] [L1 ]
POC  206 TId: 0 ( I-SLICE, QP 26 )   11195736 bits [Y 99.9900 dB    U 99.9900 dB    V 99.9900 dB] [ET    27 ] [L0 ] [L1 ]
POC  207 TId: 0 ( I-SLICE, QP 26 )   11191016 bits [Y 99.9900 dB    U 99.9900 dB    V 99.9900 dB] [ET    27 ] [L0 ] [L1 ]
POC  208 TId: 0 ( I-SLICE, QP 26 )   11175016 bits [Y 99.9900 dB    U 99.9900 dB    V 99.9900 dB] [ET    27 ] [L0 ] [L1 ]
POC  209 TId: 0 ( I-SLICE, QP 26 )   11165720 bits [Y 99.9900 dB    U 99.9900 dB    V 99.9900 dB] [ET    27 ] [L0 ] [L1 ]
POC  210 TId: 0 ( I-SLICE, QP 26 )   11167184 bits [Y 99.9900 dB    U 99.9900 dB    V 99.9900 dB] [ET    27 ] [L0 ] [L1 ]
POC  211 TId: 0 ( I-SLICE, QP 26 )   11161448 bits [Y 99.9900 dB    U 99.9900 dB    V 99.9900 dB] [ET    28 ] [L0 ] [L1 ]
POC  212 TId: 0 ( I-SLICE, QP 26 )   11151664 bits [Y 99.9900 dB    U 99.9900 dB    V 99.9900 dB] [ET    27 ] [L0 ] [L1 ]
POC  213 TId: 0 ( I-SLICE, QP 26 )   11156168 bits [Y 99.9900 dB    U 99.9900 dB    V 99.9900 dB] [ET    27 ] [L0 ] [L1 ]
POC  214 TId: 0 ( I-SLICE, QP 26 )   11145960 bits [Y 99.9900 dB    U 99.9900 dB    V 99.9900 dB] [ET    26 ] [L0 ] [L1 ]
POC  215 TId: 0 ( I-SLICE, QP 26 )   11141040 bits [Y 99.9900 dB    U 99.9900 dB    V 99.9900 dB] [ET    26 ] [L0 ] [L1 ]
POC  216 TId: 0 ( I-SLICE, QP 26 )   11129736 bits [Y 99.9900 dB    U 99.9900 dB    V 99.9900 dB] [ET    26 ] [L0 ] [L1 ]
POC  217 TId: 0 ( I-SLICE, QP 26 )   11131880 bits [Y 99.9900 dB    U 99.9900 dB    V 99.9900 dB] [ET    26 ] [L0 ] [L1 ]
POC  218 TId: 0 ( I-SLICE, QP 26 )   11128096 bits [Y 99.9900 dB    U 99.9900 dB    V 99.9900 dB] [ET    26 ] [L0 ] [L1 ]
POC  219 TId: 0 ( I-SLICE, QP 26 )   11120184 bits [Y 99.9900 dB    U 99.9900 dB    V 99.9900 dB] [ET    26 ] [L0 ] [L1 ]
POC  220 TId: 0 ( I-SLICE, QP 26 )   11121024 bits [Y 99.9900 dB    U 99.9900 dB    V 99.9900 dB] [ET    26 ] [L0 ] [L1 ]
POC  221 TId: 0 ( I-SLICE, QP 26 )   11119760 bits [Y 99.9900 dB    U 99.9900 dB    V 99.9900 dB] [ET    26 ] [L0 ] [L1 ]
POC  222 TId: 0 ( I-SLICE, QP 26 )   11109288 bits [Y 99.9900 dB    U 99.9900 dB    V 99.9900 dB] [ET    25 ] [L0 ] [L1 ]
POC  223 TId: 0 ( I-SLICE, QP 26 )   11117192 bits [Y 99.9900 dB    U 99.9900 dB    V 99.9900 dB] [ET    26 ] [L0 ] [L1 ]
POC  224 TId: 0 ( I-SLICE, QP 26 )   11109080 bits [Y 99.9900 dB    U 99.9900 dB    V 99.9900 dB] [ET    26 ] [L0 ] [L1 ]
POC  225 TId: 0 ( I-SLICE, QP 26 )   11107240 bits [Y 99.9900 dB    U 99.9900 dB    V 99.9900 dB] [ET    25 ] [L0 ] [L1 ]
POC  226 TId: 0 ( I-SLICE, QP 26 )   11101128 bits [Y 99.9900 dB    U 99.9900 dB    V 99.9900 dB] [ET    26 ] [L0 ] [L1 ]
POC  227 TId: 0 ( I-SLICE, QP 26 )   11097352 bits [Y 99.9900 dB    U 99.9900 dB    V 99.9900 dB] [ET    26 ] [L0 ] [L1 ]
POC  228 TId: 0 ( I-SLICE, QP 26 )   11084496 bits [Y 99.9900 dB    U 99.9900 dB    V 99.9900 dB] [ET    26 ] [L0 ] [L1 ]
POC  229 TId: 0 ( I-SLICE, QP 26 )   11085064 bits [Y 99.9900 dB    U 99.9900 dB    V 99.9900 dB] [ET    25 ] [L0 ] [L1 ]
POC  230 TId: 0 ( I-SLICE, QP 26 )   11079728 bits [Y 99.9900 dB    U 99.9900 dB    V 99.9900 dB] [ET    26 ] [L0 ] [L1 ]
POC  231 TId: 0 ( I-SLICE, QP 26 )   11081272 bits [Y 99.9900 dB    U 99.9900 dB    V 99.9900 dB] [ET    26 ] [L0 ] [L1 ]
POC  232 TId: 0 ( I-SLICE, QP 26 )   11076696 bits [Y 99.9900 dB    U 99.9900 dB    V 99.9900 dB] [ET    26 ] [L0 ] [L1 ]
POC  233 TId: 0 ( I-SLICE, QP 26 )   11071776 bits [Y 99.9900 dB    U 99.9900 dB    V 99.9900 dB] [ET    25 ] [L0 ] [L1 ]
POC  234 TId: 0 ( I-SLICE, QP 26 )   11070552 bits [Y 99.9900 dB    U 99.9900 dB    V 99.9900 dB] [ET    25 ] [L0 ] [L1 ]
POC  235 TId: 0 ( I-SLICE, QP 26 )   11064632 bits [Y 99.9900 dB    U 99.9900 dB    V 99.9900 dB] [ET    26 ] [L0 ] [L1 ]
POC  236 TId: 0 ( I-SLICE, QP 26 )   11069160 bits [Y 99.9900 dB    U 99.9900 dB    V 99.9900 dB] [ET    25 ] [L0 ] [L1 ]
POC  237 TId: 0 ( I-SLICE, QP 26 )   11069408 bits [Y 99.9900 dB    U 99.9900 dB    V 99.9900 dB] [ET    26 ] [L0 ] [L1 ]
POC  238 TId: 0 ( I-SLICE, QP 26 )   11068048 bits [Y 99.9900 dB    U 99.9900 dB    V 99.9900 dB] [ET    26 ] [L0 ] [L1 ]
POC  239 TId: 0 ( I-SLICE, QP 26 )   11072312 bits [Y 99.9900 dB    U 99.9900 dB    V 99.9900 dB] [ET    26 ] [L0 ] [L1 ]


SUMMARY --------------------------------------------------------
	Total Frames |  Bitrate    Y-PSNR    U-PSNR    V-PSNR 
	      240    a 261470.4040   99.9900   99.9900   99.9900


I Slices--------------------------------------------------------
	Total Frames |  Bitrate    Y-PSNR    U-PSNR    V-PSNR 
	      240    i 261470.4040   99.9900   99.9900   99.9900


P Slices--------------------------------------------------------
	Total Frames |  Bitrate    Y-PSNR    U-PSNR    V-PSNR 
	        0    p        -nan      -nan      -nan      -nan


B Slices--------------------------------------------------------
	Total Frames |  Bitrate    Y-PSNR    U-PSNR    V-PSNR 
	        0    b        -nan      -nan      -nan      -nan

RVM: 0.000
Bytes written to file: 326838976 (261471.181 kbps)

 Total Time:     6605.281 sec.
