
HM software: Encoder Version [15.0][Linux][GCC 4.8.5][64 bit] 

Input          File          : ../../HEVC_test_sequence/ClassE/KristenAndSara_1280x720_60.yuv
Bitstream      File          : KristenAndSara.bin
Reconstruction File          : KristenAndSara.yuv
Real     Format              : 1280x720 60Hz
Internal Format              : 1280x720 60Hz
Frame/Field                  : Frame based coding
Frame index                  : 0 - 599 (600 frames)
CU size / depth              : 32 / 3
RQT trans. size (min / max)  : 4 / 32
Max RQT depth inter          : 3
Max RQT depth intra          : 1
Min PCM size                 : 8
Motion search range          : 64
Intra period                 : 1
Decoding refresh type        : 0
QP                           : 26.00
Max dQP signaling depth      : 0
Cb QP Offset                 : 0
Cr QP Offset                 : 0
QP adaptation                : 0 (range=0)
GOP size                     : 1
Internal bit depth           : (Y:8, C:8)
PCM sample bit depth         : (Y:8, C:8)
RateControl                  : 0
Max Num Merge Candidates     : 5

TOOL CFG: IBD:0 HAD:0 RDQ:0 RDQTS:0 RDpenalty:0 SQP:0 ASR:0 FEN:0 ECU:0 FDM:0 CFM:0 ESD:0 RQT:1 TransformSkip:0 TransformSkipFast:0 Slice: M=0 SliceSegment: M=0 CIP:0 SAO:0 PCM:0 TransQuantBypassEnabled: =1 WPP:0 WPB:0 PME:2  WaveFrontSynchro:0 WaveFrontSubstreams:1 ScalingList:0 TMVPMode:1  SignBitHidingFlag:1 RecalQP:0

POC    0 TId: 0 ( I-SLICE, QP 26 )    4100440 bits [Y 99.9900 dB    U 99.9900 dB    V 99.9900 dB] [ET    12 ] [L0 ] [L1 ]
POC    1 TId: 0 ( I-SLICE, QP 26 )    4100104 bits [Y 99.9900 dB    U 99.9900 dB    V 99.9900 dB] [ET    12 ] [L0 ] [L1 ]
POC    2 TId: 0 ( I-SLICE, QP 26 )    4098600 bits [Y 99.9900 dB    U 99.9900 dB    V 99.9900 dB] [ET    12 ] [L0 ] [L1 ]
POC    3 TId: 0 ( I-SLICE, QP 26 )    4098792 bits [Y 99.9900 dB    U 99.9900 dB    V 99.9900 dB] [ET    12 ] [L0 ] [L1 ]
POC    4 TId: 0 ( I-SLICE, QP 26 )    4096976 bits [Y 99.9900 dB    U 99.9900 dB    V 99.9900 dB] [ET    12 ] [L0 ] [L1 ]
POC    5 TId: 0 ( I-SLICE, QP 26 )    4096560 bits [Y 99.9900 dB    U 99.9900 dB    V 99.9900 dB] [ET    12 ] [L0 ] [L1 ]
POC    6 TId: 0 ( I-SLICE, QP 26 )    4095888 bits [Y 99.9900 dB    U 99.9900 dB    V 99.9900 dB] [ET    12 ] [L0 ] [L1 ]
POC    7 TId: 0 ( I-SLICE, QP 26 )    4098888 bits [Y 99.9900 dB    U 99.9900 dB    V 99.9900 dB] [ET    12 ] [L0 ] [L1 ]
POC    8 TId: 0 ( I-SLICE, QP 26 )    4096384 bits [Y 99.9900 dB    U 99.9900 dB    V 99.9900 dB] [ET    12 ] [L0 ] [L1 ]
POC    9 TId: 0 ( I-SLICE, QP 26 )    4099656 bits [Y 99.9900 dB    U 99.9900 dB    V 99.9900 dB] [ET    12 ] [L0 ] [L1 ]
POC   10 TId: 0 ( I-SLICE, QP 26 )    4093616 bits [Y 99.9900 dB    U 99.9900 dB    V 99.9900 dB] [ET    12 ] [L0 ] [L1 ]
POC   11 TId: 0 ( I-SLICE, QP 26 )    4093480 bits [Y 99.9900 dB    U 99.9900 dB    V 99.9900 dB] [ET    12 ] [L0 ] [L1 ]
POC   12 TId: 0 ( I-SLICE, QP 26 )    4088680 bits [Y 99.9900 dB    U 99.9900 dB    V 99.9900 dB] [ET    12 ] [L0 ] [L1 ]
POC   13 TId: 0 ( I-SLICE, QP 26 )    4096264 bits [Y 99.9900 dB    U 99.9900 dB    V 99.9900 dB] [ET    12 ] [L0 ] [L1 ]
POC   14 TId: 0 ( I-SLICE, QP 26 )    4095936 bits [Y 99.9900 dB    U 99.9900 dB    V 99.9900 dB] [ET    12 ] [L0 ] [L1 ]
POC   15 TId: 0 ( I-SLICE, QP 26 )    4098624 bits [Y 99.9900 dB    U 99.9900 dB    V 99.9900 dB] [ET    12 ] [L0 ] [L1 ]
POC   16 TId: 0 ( I-SLICE, QP 26 )    4097128 bits [Y 99.9900 dB    U 99.9900 dB    V 99.9900 dB] [ET    12 ] [L0 ] [L1 ]
POC   17 TId: 0 ( I-SLICE, QP 26 )    4099264 bits [Y 99.9900 dB    U 99.9900 dB    V 99.9900 dB] [ET    12 ] [L0 ] [L1 ]
POC   18 TId: 0 ( I-SLICE, QP 26 )    4095616 bits [Y 99.9900 dB    U 99.9900 dB    V 99.9900 dB] [ET    12 ] [L0 ] [L1 ]
POC   19 TId: 0 ( I-SLICE, QP 26 )    4099992 bits [Y 99.9900 dB    U 99.9900 dB    V 99.9900 dB] [ET    12 ] [L0 ] [L1 ]
POC   20 TId: 0 ( I-SLICE, QP 26 )    4101736 bits [Y 99.9900 dB    U 99.9900 dB    V 99.9900 dB] [ET    12 ] [L0 ] [L1 ]
POC   21 TId: 0 ( I-SLICE, QP 26 )    4101992 bits [Y 99.9900 dB    U 99.9900 dB    V 99.9900 dB] [ET    12 ] [L0 ] [L1 ]
POC   22 TId: 0 ( I-SLICE, QP 26 )    4101808 bits [Y 99.9900 dB    U 99.9900 dB    V 99.9900 dB] [ET    12 ] [L0 ] [L1 ]
POC   23 TId: 0 ( I-SLICE, QP 26 )    4109896 bits [Y 99.9900 dB    U 99.9900 dB    V 99.9900 dB] [ET    12 ] [L0 ] [L1 ]
POC   24 TId: 0 ( I-SLICE, QP 26 )    4112296 bits [Y 99.9900 dB    U 99.9900 dB    V 99.9900 dB] [ET    12 ] [L0 ] [L1 ]
POC   25 TId: 0 ( I-SLICE, QP 26 )    4113360 bits [Y 99.9900 dB    U 99.9900 dB    V 99.9900 dB] [ET    12 ] [L0 ] [L1 ]
POC   26 TId: 0 ( I-SLICE, QP 26 )    4117480 bits [Y 99.9900 dB    U 99.9900 dB    V 99.9900 dB] [ET    12 ] [L0 ] [L1 ]
POC   27 TId: 0 ( I-SLICE, QP 26 )    4120208 bits [Y 99.9900 dB    U 99.9900 dB    V 99.9900 dB] [ET    12 ] [L0 ] [L1 ]
POC   28 TId: 0 ( I-SLICE, QP 26 )    4116216 bits [Y 99.9900 dB    U 99.9900 dB    V 99.9900 dB] [ET    12 ] [L0 ] [L1 ]
POC   29 TId: 0 ( I-SLICE, QP 26 )    4118096 bits [Y 99.9900 dB    U 99.9900 dB    V 99.9900 dB] [ET    11 ] [L0 ] [L1 ]
POC   30 TId: 0 ( I-SLICE, QP 26 )    4123688 bits [Y 99.9900 dB    U 99.9900 dB    V 99.9900 dB] [ET    12 ] [L0 ] [L1 ]
POC   31 TId: 0 ( I-SLICE, QP 26 )    4120600 bits [Y 99.9900 dB    U 99.9900 dB    V 99.9900 dB] [ET    12 ] [L0 ] [L1 ]
POC   32 TId: 0 ( I-SLICE, QP 26 )    4121232 bits [Y 99.9900 dB    U 99.9900 dB    V 99.9900 dB] [ET    11 ] [L0 ] [L1 ]
POC   33 TId: 0 ( I-SLICE, QP 26 )    4122168 bits [Y 99.9900 dB    U 99.9900 dB    V 99.9900 dB] [ET    11 ] [L0 ] [L1 ]
POC   34 TId: 0 ( I-SLICE, QP 26 )    4123976 bits [Y 99.9900 dB    U 99.9900 dB    V 99.9900 dB] [ET    11 ] [L0 ] [L1 ]
POC   35 TId: 0 ( I-SLICE, QP 26 )    4122136 bits [Y 99.9900 dB    U 99.9900 dB    V 99.9900 dB] [ET    11 ] [L0 ] [L1 ]
POC   36 TId: 0 ( I-SLICE, QP 26 )    4126672 bits [Y 99.9900 dB    U 99.9900 dB    V 99.9900 dB] [ET    11 ] [L0 ] [L1 ]
POC   37 TId: 0 ( I-SLICE, QP 26 )    4126200 bits [Y 99.9900 dB    U 99.9900 dB    V 99.9900 dB] [ET    11 ] [L0 ] [L1 ]
POC   38 TId: 0 ( I-SLICE, QP 26 )    4129392 bits [Y 99.9900 dB    U 99.9900 dB    V 99.9900 dB] [ET    11 ] [L0 ] [L1 ]
POC   39 TId: 0 ( I-SLICE, QP 26 )    4126520 bits [Y 99.9900 dB    U 99.9900 dB    V 99.9900 dB] [ET    11 ] [L0 ] [L1 ]
POC   40 TId: 0 ( I-SLICE, QP 26 )    4126648 bits [Y 99.9900 dB    U 99.9900 dB    V 99.9900 dB] [ET    11 ] [L0 ] [L1 ]
POC   41 TId: 0 ( I-SLICE, QP 26 )    4126736 bits [Y 99.9900 dB    U 99.9900 dB    V 99.9900 dB] [ET    11 ] [L0 ] [L1 ]
POC   42 TId: 0 ( I-SLICE, QP 26 )    4126656 bits [Y 99.9900 dB    U 99.9900 dB    V 99.9900 dB] [ET    11 ] [L0 ] [L1 ]
POC   43 TId: 0 ( I-SLICE, QP 26 )    4127136 bits [Y 99.9900 dB    U 99.9900 dB    V 99.9900 dB] [ET    11 ] [L0 ] [L1 ]
POC   44 TId: 0 ( I-SLICE, QP 26 )    4120320 bits [Y 99.9900 dB    U 99.9900 dB    V 99.9900 dB] [ET    12 ] [L0 ] [L1 ]
POC   45 TId: 0 ( I-SLICE, QP 26 )    4122648 bits [Y 99.9900 dB    U 99.9900 dB    V 99.9900 dB] [ET    11 ] [L0 ] [L1 ]
POC   46 TId: 0 ( I-SLICE, QP 26 )    4121656 bits [Y 99.9900 dB    U 99.9900 dB    V 99.9900 dB] [ET    11 ] [L0 ] [L1 ]
POC   47 TId: 0 ( I-SLICE, QP 26 )    4127216 bits [Y 99.9900 dB    U 99.9900 dB    V 99.9900 dB] [ET    11 ] [L0 ] [L1 ]
POC   48 TId: 0 ( I-SLICE, QP 26 )    4127840 bits [Y 99.9900 dB    U 99.9900 dB    V 99.9900 dB] [ET    11 ] [L0 ] [L1 ]
POC   49 TId: 0 ( I-SLICE, QP 26 )    4130640 bits [Y 99.9900 dB    U 99.9900 dB    V 99.9900 dB] [ET    11 ] [L0 ] [L1 ]
POC   50 TId: 0 ( I-SLICE, QP 26 )    4129448 bits [Y 99.9900 dB    U 99.9900 dB    V 99.9900 dB] [ET    11 ] [L0 ] [L1 ]
POC   51 TId: 0 ( I-SLICE, QP 26 )    4131240 bits [Y 99.9900 dB    U 99.9900 dB    V 99.9900 dB] [ET    11 ] [L0 ] [L1 ]
POC   52 TId: 0 ( I-SLICE, QP 26 )    4128360 bits [Y 99.9900 dB    U 99.9900 dB    V 99.9900 dB] [ET    11 ] [L0 ] [L1 ]
POC   53 TId: 0 ( I-SLICE, QP 26 )    4127648 bits [Y 99.9900 dB    U 99.9900 dB    V 99.9900 dB] [ET    12 ] [L0 ] [L1 ]
POC   54 TId: 0 ( I-SLICE, QP 26 )    4123376 bits [Y 99.9900 dB    U 99.9900 dB    V 99.9900 dB] [ET    11 ] [L0 ] [L1 ]
POC   55 TId: 0 ( I-SLICE, QP 26 )    4127336 bits [Y 99.9900 dB    U 99.9900 dB    V 99.9900 dB] [ET    11 ] [L0 ] [L1 ]
POC   56 TId: 0 ( I-SLICE, QP 26 )    4124160 bits [Y 99.9900 dB    U 99.9900 dB    V 99.9900 dB] [ET    11 ] [L0 ] [L1 ]
POC   57 TId: 0 ( I-SLICE, QP 26 )    4122408 bits [Y 99.9900 dB    U 99.9900 dB    V 99.9900 dB] [ET    11 ] [L0 ] [L1 ]
POC   58 TId: 0 ( I-SLICE, QP 26 )    4118704 bits [Y 99.9900 dB    U 99.9900 dB    V 99.9900 dB] [ET    12 ] [L0 ] [L1 ]
POC   59 TId: 0 ( I-SLICE, QP 26 )    4122424 bits [Y 99.9900 dB    U 99.9900 dB    V 99.9900 dB] [ET    11 ] [L0 ] [L1 ]
POC   60 TId: 0 ( I-SLICE, QP 26 )    4124496 bits [Y 99.9900 dB    U 99.9900 dB    V 99.9900 dB] [ET    11 ] [L0 ] [L1 ]
POC   61 TId: 0 ( I-SLICE, QP 26 )    4122712 bits [Y 99.9900 dB    U 99.9900 dB    V 99.9900 dB] [ET    11 ] [L0 ] [L1 ]
POC   62 TId: 0 ( I-SLICE, QP 26 )    4121384 bits [Y 99.9900 dB    U 99.9900 dB    V 99.9900 dB] [ET    11 ] [L0 ] [L1 ]
POC   63 TId: 0 ( I-SLICE, QP 26 )    4122584 bits [Y 99.9900 dB    U 99.9900 dB    V 99.9900 dB] [ET    11 ] [L0 ] [L1 ]
POC   64 TId: 0 ( I-SLICE, QP 26 )    4118976 bits [Y 99.9900 dB    U 99.9900 dB    V 99.9900 dB] [ET    11 ] [L0 ] [L1 ]
POC   65 TId: 0 ( I-SLICE, QP 26 )    4119704 bits [Y 99.9900 dB    U 99.9900 dB    V 99.9900 dB] [ET    11 ] [L0 ] [L1 ]
POC   66 TId: 0 ( I-SLICE, QP 26 )    4121088 bits [Y 99.9900 dB    U 99.9900 dB    V 99.9900 dB] [ET    12 ] [L0 ] [L1 ]
POC   67 TId: 0 ( I-SLICE, QP 26 )    4112856 bits [Y 99.9900 dB    U 99.9900 dB    V 99.9900 dB] [ET    11 ] [L0 ] [L1 ]
POC   68 TId: 0 ( I-SLICE, QP 26 )    4113128 bits [Y 99.9900 dB    U 99.9900 dB    V 99.9900 dB] [ET    11 ] [L0 ] [L1 ]
POC   69 TId: 0 ( I-SLICE, QP 26 )    4114336 bits [Y 99.9900 dB    U 99.9900 dB    V 99.9900 dB] [ET    11 ] [L0 ] [L1 ]
POC   70 TId: 0 ( I-SLICE, QP 26 )    4110976 bits [Y 99.9900 dB    U 99.9900 dB    V 99.9900 dB] [ET    12 ] [L0 ] [L1 ]
POC   71 TId: 0 ( I-SLICE, QP 26 )    4111480 bits [Y 99.9900 dB    U 99.9900 dB    V 99.9900 dB] [ET    11 ] [L0 ] [L1 ]
POC   72 TId: 0 ( I-SLICE, QP 26 )    4107040 bits [Y 99.9900 dB    U 99.9900 dB    V 99.9900 dB] [ET    11 ] [L0 ] [L1 ]
POC   73 TId: 0 ( I-SLICE, QP 26 )    4108920 bits [Y 99.9900 dB    U 99.9900 dB    V 99.9900 dB] [ET    11 ] [L0 ] [L1 ]
POC   74 TId: 0 ( I-SLICE, QP 26 )    4109656 bits [Y 99.9900 dB    U 99.9900 dB    V 99.9900 dB] [ET    11 ] [L0 ] [L1 ]
POC   75 TId: 0 ( I-SLICE, QP 26 )    4109648 bits [Y 99.9900 dB    U 99.9900 dB    V 99.9900 dB] [ET    11 ] [L0 ] [L1 ]
POC   76 TId: 0 ( I-SLICE, QP 26 )    4112504 bits [Y 99.9900 dB    U 99.9900 dB    V 99.9900 dB] [ET    11 ] [L0 ] [L1 ]
POC   77 TId: 0 ( I-SLICE, QP 26 )    4113848 bits [Y 99.9900 dB    U 99.9900 dB    V 99.9900 dB] [ET    11 ] [L0 ] [L1 ]
POC   78 TId: 0 ( I-SLICE, QP 26 )    4114096 bits [Y 99.9900 dB    U 99.9900 dB    V 99.9900 dB] [ET    11 ] [L0 ] [L1 ]
POC   79 TId: 0 ( I-SLICE, QP 26 )    4113872 bits [Y 99.9900 dB    U 99.9900 dB    V 99.9900 dB] [ET    11 ] [L0 ] [L1 ]
POC   80 TId: 0 ( I-SLICE, QP 26 )    4113816 bits [Y 99.9900 dB    U 99.9900 dB    V 99.9900 dB] [ET    11 ] [L0 ] [L1 ]
POC   81 TId: 0 ( I-SLICE, QP 26 )    4119144 bits [Y 99.9900 dB    U 99.9900 dB    V 99.9900 dB] [ET    12 ] [L0 ] [L1 ]
POC   82 TId: 0 ( I-SLICE, QP 26 )    4116880 bits [Y 99.9900 dB    U 99.9900 dB    V 99.9900 dB] [ET    11 ] [L0 ] [L1 ]
POC   83 TId: 0 ( I-SLICE, QP 26 )    4118984 bits [Y 99.9900 dB    U 99.9900 dB    V 99.9900 dB] [ET    11 ] [L0 ] [L1 ]
POC   84 TId: 0 ( I-SLICE, QP 26 )    4121896 bits [Y 99.9900 dB    U 99.9900 dB    V 99.9900 dB] [ET    11 ] [L0 ] [L1 ]
POC   85 TId: 0 ( I-SLICE, QP 26 )    4121600 bits [Y 99.9900 dB    U 99.9900 dB    V 99.9900 dB] [ET    11 ] [L0 ] [L1 ]
POC   86 TId: 0 ( I-SLICE, QP 26 )    4126600 bits [Y 99.9900 dB    U 99.9900 dB    V 99.9900 dB] [ET    11 ] [L0 ] [L1 ]
POC   87 TId: 0 ( I-SLICE, QP 26 )    4132224 bits [Y 99.9900 dB    U 99.9900 dB    V 99.9900 dB] [ET    11 ] [L0 ] [L1 ]
POC   88 TId: 0 ( I-SLICE, QP 26 )    4140064 bits [Y 99.9900 dB    U 99.9900 dB    V 99.9900 dB] [ET    11 ] [L0 ] [L1 ]
POC   89 TId: 0 ( I-SLICE, QP 26 )    4141064 bits [Y 99.9900 dB    U 99.9900 dB    V 99.9900 dB] [ET    11 ] [L0 ] [L1 ]
POC   90 TId: 0 ( I-SLICE, QP 26 )    4143024 bits [Y 99.9900 dB    U 99.9900 dB    V 99.9900 dB] [ET    11 ] [L0 ] [L1 ]
POC   91 TId: 0 ( I-SLICE, QP 26 )    4143976 bits [Y 99.9900 dB    U 99.9900 dB    V 99.9900 dB] [ET    11 ] [L0 ] [L1 ]
POC   92 TId: 0 ( I-SLICE, QP 26 )    4147544 bits [Y 99.9900 dB    U 99.9900 dB    V 99.9900 dB] [ET    11 ] [L0 ] [L1 ]
POC   93 TId: 0 ( I-SLICE, QP 26 )    4144976 bits [Y 99.9900 dB    U 99.9900 dB    V 99.9900 dB] [ET    11 ] [L0 ] [L1 ]
POC   94 TId: 0 ( I-SLICE, QP 26 )    4147896 bits [Y 99.9900 dB    U 99.9900 dB    V 99.9900 dB] [ET    11 ] [L0 ] [L1 ]
POC   95 TId: 0 ( I-SLICE, QP 26 )    4145688 bits [Y 99.9900 dB    U 99.9900 dB    V 99.9900 dB] [ET    11 ] [L0 ] [L1 ]
POC   96 TId: 0 ( I-SLICE, QP 26 )    4146096 bits [Y 99.9900 dB    U 99.9900 dB    V 99.9900 dB] [ET    11 ] [L0 ] [L1 ]
POC   97 TId: 0 ( I-SLICE, QP 26 )    4145656 bits [Y 99.9900 dB    U 99.9900 dB    V 99.9900 dB] [ET    12 ] [L0 ] [L1 ]
POC   98 TId: 0 ( I-SLICE, QP 26 )    4143064 bits [Y 99.9900 dB    U 99.9900 dB    V 99.9900 dB] [ET    11 ] [L0 ] [L1 ]
POC   99 TId: 0 ( I-SLICE, QP 26 )    4141144 bits [Y 99.9900 dB    U 99.9900 dB    V 99.9900 dB] [ET    11 ] [L0 ] [L1 ]
POC  100 TId: 0 ( I-SLICE, QP 26 )    4144256 bits [Y 99.9900 dB    U 99.9900 dB    V 99.9900 dB] [ET    11 ] [L0 ] [L1 ]
POC  101 TId: 0 ( I-SLICE, QP 26 )    4142064 bits [Y 99.9900 dB    U 99.9900 dB    V 99.9900 dB] [ET    11 ] [L0 ] [L1 ]
POC  102 TId: 0 ( I-SLICE, QP 26 )    4139144 bits [Y 99.9900 dB    U 99.9900 dB    V 99.9900 dB] [ET    11 ] [L0 ] [L1 ]
POC  103 TId: 0 ( I-SLICE, QP 26 )    4137976 bits [Y 99.9900 dB    U 99.9900 dB    V 99.9900 dB] [ET    11 ] [L0 ] [L1 ]
POC  104 TId: 0 ( I-SLICE, QP 26 )    4136480 bits [Y 99.9900 dB    U 99.9900 dB    V 99.9900 dB] [ET    11 ] [L0 ] [L1 ]
POC  105 TId: 0 ( I-SLICE, QP 26 )    4139416 bits [Y 99.9900 dB    U 99.9900 dB    V 99.9900 dB] [ET    11 ] [L0 ] [L1 ]
POC  106 TId: 0 ( I-SLICE, QP 26 )    4138128 bits [Y 99.9900 dB    U 99.9900 dB    V 99.9900 dB] [ET    11 ] [L0 ] [L1 ]
POC  107 TId: 0 ( I-SLICE, QP 26 )    4137672 bits [Y 99.9900 dB    U 99.9900 dB    V 99.9900 dB] [ET    11 ] [L0 ] [L1 ]
POC  108 TId: 0 ( I-SLICE, QP 26 )    4134664 bits [Y 99.9900 dB    U 99.9900 dB    V 99.9900 dB] [ET    11 ] [L0 ] [L1 ]
POC  109 TId: 0 ( I-SLICE, QP 26 )    4139280 bits [Y 99.9900 dB    U 99.9900 dB    V 99.9900 dB] [ET    10 ] [L0 ] [L1 ]
POC  110 TId: 0 ( I-SLICE, QP 26 )    4133248 bits [Y 99.9900 dB    U 99.9900 dB    V 99.9900 dB] [ET    11 ] [L0 ] [L1 ]
POC  111 TId: 0 ( I-SLICE, QP 26 )    4130624 bits [Y 99.9900 dB    U 99.9900 dB    V 99.9900 dB] [ET    11 ] [L0 ] [L1 ]
POC  112 TId: 0 ( I-SLICE, QP 26 )    4129608 bits [Y 99.9900 dB    U 99.9900 dB    V 99.9900 dB] [ET    11 ] [L0 ] [L1 ]
POC  113 TId: 0 ( I-SLICE, QP 26 )    4128488 bits [Y 99.9900 dB    U 99.9900 dB    V 99.9900 dB] [ET    10 ] [L0 ] [L1 ]
POC  114 TId: 0 ( I-SLICE, QP 26 )    4125736 bits [Y 99.9900 dB    U 99.9900 dB    V 99.9900 dB] [ET    11 ] [L0 ] [L1 ]
POC  115 TId: 0 ( I-SLICE, QP 26 )    4122432 bits [Y 99.9900 dB    U 99.9900 dB    V 99.9900 dB] [ET    11 ] [L0 ] [L1 ]
POC  116 TId: 0 ( I-SLICE, QP 26 )    4125120 bits [Y 99.9900 dB    U 99.9900 dB    V 99.9900 dB] [ET    11 ] [L0 ] [L1 ]
POC  117 TId: 0 ( I-SLICE, QP 26 )    4121344 bits [Y 99.9900 dB    U 99.9900 dB    V 99.9900 dB] [ET    11 ] [L0 ] [L1 ]
POC  118 TId: 0 ( I-SLICE, QP 26 )    4115480 bits [Y 99.9900 dB    U 99.9900 dB    V 99.9900 dB] [ET    11 ] [L0 ] [L1 ]
POC  119 TId: 0 ( I-SLICE, QP 26 )    4112192 bits [Y 99.9900 dB    U 99.9900 dB    V 99.9900 dB] [ET    11 ] [L0 ] [L1 ]
POC  120 TId: 0 ( I-SLICE, QP 26 )    4109680 bits [Y 99.9900 dB    U 99.9900 dB    V 99.9900 dB] [ET    11 ] [L0 ] [L1 ]
POC  121 TId: 0 ( I-SLICE, QP 26 )    4107624 bits [Y 99.9900 dB    U 99.9900 dB    V 99.9900 dB] [ET    10 ] [L0 ] [L1 ]
POC  122 TId: 0 ( I-SLICE, QP 26 )    4103456 bits [Y 99.9900 dB    U 99.9900 dB    V 99.9900 dB] [ET    10 ] [L0 ] [L1 ]
POC  123 TId: 0 ( I-SLICE, QP 26 )    4098368 bits [Y 99.9900 dB    U 99.9900 dB    V 99.9900 dB] [ET    10 ] [L0 ] [L1 ]
POC  124 TId: 0 ( I-SLICE, QP 26 )    4094672 bits [Y 99.9900 dB    U 99.9900 dB    V 99.9900 dB] [ET    10 ] [L0 ] [L1 ]
POC  125 TId: 0 ( I-SLICE, QP 26 )    4092936 bits [Y 99.9900 dB    U 99.9900 dB    V 99.9900 dB] [ET    10 ] [L0 ] [L1 ]
POC  126 TId: 0 ( I-SLICE, QP 26 )    4085496 bits [Y 99.9900 dB    U 99.9900 dB    V 99.9900 dB] [ET    10 ] [L0 ] [L1 ]
POC  127 TId: 0 ( I-SLICE, QP 26 )    4082200 bits [Y 99.9900 dB    U 99.9900 dB    V 99.9900 dB] [ET    10 ] [L0 ] [L1 ]
POC  128 TId: 0 ( I-SLICE, QP 26 )    4081360 bits [Y 99.9900 dB    U 99.9900 dB    V 99.9900 dB] [ET    10 ] [L0 ] [L1 ]
POC  129 TId: 0 ( I-SLICE, QP 26 )    4080408 bits [Y 99.9900 dB    U 99.9900 dB    V 99.9900 dB] [ET    10 ] [L0 ] [L1 ]
POC  130 TId: 0 ( I-SLICE, QP 26 )    4072440 bits [Y 99.9900 dB    U 99.9900 dB    V 99.9900 dB] [ET    10 ] [L0 ] [L1 ]
POC  131 TId: 0 ( I-SLICE, QP 26 )    4066328 bits [Y 99.9900 dB    U 99.9900 dB    V 99.9900 dB] [ET    10 ] [L0 ] [L1 ]
POC  132 TId: 0 ( I-SLICE, QP 26 )    4056824 bits [Y 99.9900 dB    U 99.9900 dB    V 99.9900 dB] [ET    10 ] [L0 ] [L1 ]
POC  133 TId: 0 ( I-SLICE, QP 26 )    4055888 bits [Y 99.9900 dB    U 99.9900 dB    V 99.9900 dB] [ET    10 ] [L0 ] [L1 ]
POC  134 TId: 0 ( I-SLICE, QP 26 )    4050640 bits [Y 99.9900 dB    U 99.9900 dB    V 99.9900 dB] [ET    10 ] [L0 ] [L1 ]
POC  135 TId: 0 ( I-SLICE, QP 26 )    4052248 bits [Y 99.9900 dB    U 99.9900 dB    V 99.9900 dB] [ET    10 ] [L0 ] [L1 ]
POC  136 TId: 0 ( I-SLICE, QP 26 )    4051312 bits [Y 99.9900 dB    U 99.9900 dB    V 99.9900 dB] [ET    10 ] [L0 ] [L1 ]
POC  137 TId: 0 ( I-SLICE, QP 26 )    4046032 bits [Y 99.9900 dB    U 99.9900 dB    V 99.9900 dB] [ET    10 ] [L0 ] [L1 ]
POC  138 TId: 0 ( I-SLICE, QP 26 )    4045176 bits [Y 99.9900 dB    U 99.9900 dB    V 99.9900 dB] [ET    10 ] [L0 ] [L1 ]
POC  139 TId: 0 ( I-SLICE, QP 26 )    4042688 bits [Y 99.9900 dB    U 99.9900 dB    V 99.9900 dB] [ET    10 ] [L0 ] [L1 ]
POC  140 TId: 0 ( I-SLICE, QP 26 )    4040504 bits [Y 99.9900 dB    U 99.9900 dB    V 99.9900 dB] [ET    10 ] [L0 ] [L1 ]
POC  141 TId: 0 ( I-SLICE, QP 26 )    4043936 bits [Y 99.9900 dB    U 99.9900 dB    V 99.9900 dB] [ET    10 ] [L0 ] [L1 ]
POC  142 TId: 0 ( I-SLICE, QP 26 )    4051720 bits [Y 99.9900 dB    U 99.9900 dB    V 99.9900 dB] [ET    10 ] [L0 ] [L1 ]
POC  143 TId: 0 ( I-SLICE, QP 26 )    4060864 bits [Y 99.9900 dB    U 99.9900 dB    V 99.9900 dB] [ET    10 ] [L0 ] [L1 ]
POC  144 TId: 0 ( I-SLICE, QP 26 )    4067072 bits [Y 99.9900 dB    U 99.9900 dB    V 99.9900 dB] [ET    10 ] [L0 ] [L1 ]
POC  145 TId: 0 ( I-SLICE, QP 26 )    4066072 bits [Y 99.9900 dB    U 99.9900 dB    V 99.9900 dB] [ET    10 ] [L0 ] [L1 ]
POC  146 TId: 0 ( I-SLICE, QP 26 )    4063488 bits [Y 99.9900 dB    U 99.9900 dB    V 99.9900 dB] [ET     9 ] [L0 ] [L1 ]
POC  147 TId: 0 ( I-SLICE, QP 26 )    4064824 bits [Y 99.9900 dB    U 99.9900 dB    V 99.9900 dB] [ET    10 ] [L0 ] [L1 ]
POC  148 TId: 0 ( I-SLICE, QP 26 )    4065736 bits [Y 99.9900 dB    U 99.9900 dB    V 99.9900 dB] [ET     9 ] [L0 ] [L1 ]
POC  149 TId: 0 ( I-SLICE, QP 26 )    4070488 bits [Y 99.9900 dB    U 99.9900 dB    V 99.9900 dB] [ET    10 ] [L0 ] [L1 ]
POC  150 TId: 0 ( I-SLICE, QP 26 )    4067696 bits [Y 99.9900 dB    U 99.9900 dB    V 99.9900 dB] [ET    10 ] [L0 ] [L1 ]
POC  151 TId: 0 ( I-SLICE, QP 26 )    4067688 bits [Y 99.9900 dB    U 99.9900 dB    V 99.9900 dB] [ET    10 ] [L0 ] [L1 ]
POC  152 TId: 0 ( I-SLICE, QP 26 )    4064768 bits [Y 99.9900 dB    U 99.9900 dB    V 99.9900 dB] [ET    10 ] [L0 ] [L1 ]
POC  153 TId: 0 ( I-SLICE, QP 26 )    4064648 bits [Y 99.9900 dB    U 99.9900 dB    V 99.9900 dB] [ET    10 ] [L0 ] [L1 ]
POC  154 TId: 0 ( I-SLICE, QP 26 )    4072872 bits [Y 99.9900 dB    U 99.9900 dB    V 99.9900 dB] [ET    10 ] [L0 ] [L1 ]
POC  155 TId: 0 ( I-SLICE, QP 26 )    4067752 bits [Y 99.9900 dB    U 99.9900 dB    V 99.9900 dB] [ET    10 ] [L0 ] [L1 ]
POC  156 TId: 0 ( I-SLICE, QP 26 )    4072960 bits [Y 99.9900 dB    U 99.9900 dB    V 99.9900 dB] [ET     9 ] [L0 ] [L1 ]
POC  157 TId: 0 ( I-SLICE, QP 26 )    4075512 bits [Y 99.9900 dB    U 99.9900 dB    V 99.9900 dB] [ET    10 ] [L0 ] [L1 ]
POC  158 TId: 0 ( I-SLICE, QP 26 )    4073408 bits [Y 99.9900 dB    U 99.9900 dB    V 99.9900 dB] [ET    10 ] [L0 ] [L1 ]
POC  159 TId: 0 ( I-SLICE, QP 26 )    4074072 bits [Y 99.9900 dB    U 99.9900 dB    V 99.9900 dB] [ET    10 ] [L0 ] [L1 ]
POC  160 TId: 0 ( I-SLICE, QP 26 )    4071560 bits [Y 99.9900 dB    U 99.9900 dB    V 99.9900 dB] [ET    10 ] [L0 ] [L1 ]
POC  161 TId: 0 ( I-SLICE, QP 26 )    4074112 bits [Y 99.9900 dB    U 99.9900 dB    V 99.9900 dB] [ET    10 ] [L0 ] [L1 ]
POC  162 TId: 0 ( I-SLICE, QP 26 )    4078000 bits [Y 99.9900 dB    U 99.9900 dB    V 99.9900 dB] [ET    10 ] [L0 ] [L1 ]
POC  163 TId: 0 ( I-SLICE, QP 26 )    4076792 bits [Y 99.9900 dB    U 99.9900 dB    V 99.9900 dB] [ET    10 ] [L0 ] [L1 ]
POC  164 TId: 0 ( I-SLICE, QP 26 )    4080984 bits [Y 99.9900 dB    U 99.9900 dB    V 99.9900 dB] [ET    10 ] [L0 ] [L1 ]
POC  165 TId: 0 ( I-SLICE, QP 26 )    4077704 bits [Y 99.9900 dB    U 99.9900 dB    V 99.9900 dB] [ET    10 ] [L0 ] [L1 ]
POC  166 TId: 0 ( I-SLICE, QP 26 )    4078544 bits [Y 99.9900 dB    U 99.9900 dB    V 99.9900 dB] [ET    10 ] [L0 ] [L1 ]
POC  167 TId: 0 ( I-SLICE, QP 26 )    4082864 bits [Y 99.9900 dB    U 99.9900 dB    V 99.9900 dB] [ET    10 ] [L0 ] [L1 ]
POC  168 TId: 0 ( I-SLICE, QP 26 )    4086728 bits [Y 99.9900 dB    U 99.9900 dB    V 99.9900 dB] [ET     9 ] [L0 ] [L1 ]
POC  169 TId: 0 ( I-SLICE, QP 26 )    4084264 bits [Y 99.9900 dB    U 99.9900 dB    V 99.9900 dB] [ET    10 ] [L0 ] [L1 ]
POC  170 TId: 0 ( I-SLICE, QP 26 )    4085728 bits [Y 99.9900 dB    U 99.9900 dB    V 99.9900 dB] [ET     9 ] [L0 ] [L1 ]
POC  171 TId: 0 ( I-SLICE, QP 26 )    4086208 bits [Y 99.9900 dB    U 99.9900 dB    V 99.9900 dB] [ET    10 ] [L0 ] [L1 ]
POC  172 TId: 0 ( I-SLICE, QP 26 )    4082688 bits [Y 99.9900 dB    U 99.9900 dB    V 99.9900 dB] [ET    10 ] [L0 ] [L1 ]
POC  173 TId: 0 ( I-SLICE, QP 26 )    4080176 bits [Y 99.9900 dB    U 99.9900 dB    V 99.9900 dB] [ET    10 ] [L0 ] [L1 ]
POC  174 TId: 0 ( I-SLICE, QP 26 )    4078976 bits [Y 99.9900 dB    U 99.9900 dB    V 99.9900 dB] [ET    10 ] [L0 ] [L1 ]
POC  175 TId: 0 ( I-SLICE, QP 26 )    4078224 bits [Y 99.9900 dB    U 99.9900 dB    V 99.9900 dB] [ET    10 ] [L0 ] [L1 ]
POC  176 TId: 0 ( I-SLICE, QP 26 )    4073392 bits [Y 99.9900 dB    U 99.9900 dB    V 99.9900 dB] [ET    10 ] [L0 ] [L1 ]
POC  177 TId: 0 ( I-SLICE, QP 26 )    4070376 bits [Y 99.9900 dB    U 99.9900 dB    V 99.9900 dB] [ET    10 ] [L0 ] [L1 ]
POC  178 TId: 0 ( I-SLICE, QP 26 )    4073256 bits [Y 99.9900 dB    U 99.9900 dB    V 99.9900 dB] [ET     9 ] [L0 ] [L1 ]
POC  179 TId: 0 ( I-SLICE, QP 26 )    4072424 bits [Y 99.9900 dB    U 99.9900 dB    V 99.9900 dB] [ET    10 ] [L0 ] [L1 ]
POC  180 TId: 0 ( I-SLICE, QP 26 )    4068456 bits [Y 99.9900 dB    U 99.9900 dB    V 99.9900 dB] [ET    10 ] [L0 ] [L1 ]
POC  181 TId: 0 ( I-SLICE, QP 26 )    4064480 bits [Y 99.9900 dB    U 99.9900 dB    V 99.9900 dB] [ET    10 ] [L0 ] [L1 ]
POC  182 TId: 0 ( I-SLICE, QP 26 )    4062808 bits [Y 99.9900 dB    U 99.9900 dB    V 99.9900 dB] [ET    10 ] [L0 ] [L1 ]
POC  183 TId: 0 ( I-SLICE, QP 26 )    4058408 bits [Y 99.9900 dB    U 99.9900 dB    V 99.9900 dB] [ET    10 ] [L0 ] [L1 ]
POC  184 TId: 0 ( I-SLICE, QP 26 )    4052920 bits [Y 99.9900 dB    U 99.9900 dB    V 99.9900 dB] [ET    10 ] [L0 ] [L1 ]
POC  185 TId: 0 ( I-SLICE, QP 26 )    4055520 bits [Y 99.9900 dB    U 99.9900 dB    V 99.9900 dB] [ET    10 ] [L0 ] [L1 ]
POC  186 TId: 0 ( I-SLICE, QP 26 )    4057016 bits [Y 99.9900 dB    U 99.9900 dB    V 99.9900 dB] [ET    10 ] [L0 ] [L1 ]
POC  187 TId: 0 ( I-SLICE, QP 26 )    4063048 bits [Y 99.9900 dB    U 99.9900 dB    V 99.9900 dB] [ET    10 ] [L0 ] [L1 ]
POC  188 TId: 0 ( I-SLICE, QP 26 )    4059824 bits [Y 99.9900 dB    U 99.9900 dB    V 99.9900 dB] [ET    10 ] [L0 ] [L1 ]
POC  189 TId: 0 ( I-SLICE, QP 26 )    4071232 bits [Y 99.9900 dB    U 99.9900 dB    V 99.9900 dB] [ET    10 ] [L0 ] [L1 ]
POC  190 TId: 0 ( I-SLICE, QP 26 )    4077656 bits [Y 99.9900 dB    U 99.9900 dB    V 99.9900 dB] [ET    10 ] [L0 ] [L1 ]
POC  191 TId: 0 ( I-SLICE, QP 26 )    4082952 bits [Y 99.9900 dB    U 99.9900 dB    V 99.9900 dB] [ET    10 ] [L0 ] [L1 ]
POC  192 TId: 0 ( I-SLICE, QP 26 )    4085776 bits [Y 99.9900 dB    U 99.9900 dB    V 99.9900 dB] [ET    10 ] [L0 ] [L1 ]
POC  193 TId: 0 ( I-SLICE, QP 26 )    4087600 bits [Y 99.9900 dB    U 99.9900 dB    V 99.9900 dB] [ET    10 ] [L0 ] [L1 ]
POC  194 TId: 0 ( I-SLICE, QP 26 )    4091320 bits [Y 99.9900 dB    U 99.9900 dB    V 99.9900 dB] [ET     9 ] [L0 ] [L1 ]
POC  195 TId: 0 ( I-SLICE, QP 26 )    4089568 bits [Y 99.9900 dB    U 99.9900 dB    V 99.9900 dB] [ET    10 ] [L0 ] [L1 ]
POC  196 TId: 0 ( I-SLICE, QP 26 )    4102976 bits [Y 99.9900 dB    U 99.9900 dB    V 99.9900 dB] [ET    10 ] [L0 ] [L1 ]
POC  197 TId: 0 ( I-SLICE, QP 26 )    4104752 bits [Y 99.9900 dB    U 99.9900 dB    V 99.9900 dB] [ET    10 ] [L0 ] [L1 ]
POC  198 TId: 0 ( I-SLICE, QP 26 )    4111280 bits [Y 99.9900 dB    U 99.9900 dB    V 99.9900 dB] [ET    10 ] [L0 ] [L1 ]
POC  199 TId: 0 ( I-SLICE, QP 26 )    4112048 bits [Y 99.9900 dB    U 99.9900 dB    V 99.9900 dB] [ET    10 ] [L0 ] [L1 ]
POC  200 TId: 0 ( I-SLICE, QP 26 )    4111912 bits [Y 99.9900 dB    U 99.9900 dB    V 99.9900 dB] [ET    10 ] [L0 ] [L1 ]
POC  201 TId: 0 ( I-SLICE, QP 26 )    4116264 bits [Y 99.9900 dB    U 99.9900 dB    V 99.9900 dB] [ET    10 ] [L0 ] [L1 ]
POC  202 TId: 0 ( I-SLICE, QP 26 )    4114160 bits [Y 99.9900 dB    U 99.9900 dB    V 99.9900 dB] [ET    10 ] [L0 ] [L1 ]
POC  203 TId: 0 ( I-SLICE, QP 26 )    4113072 bits [Y 99.9900 dB    U 99.9900 dB    V 99.9900 dB] [ET    10 ] [L0 ] [L1 ]
POC  204 TId: 0 ( I-SLICE, QP 26 )    4113864 bits [Y 99.9900 dB    U 99.9900 dB    V 99.9900 dB] [ET    10 ] [L0 ] [L1 ]
POC  205 TId: 0 ( I-SLICE, QP 26 )    4118824 bits [Y 99.9900 dB    U 99.9900 dB    V 99.9900 dB] [ET    10 ] [L0 ] [L1 ]
POC  206 TId: 0 ( I-SLICE, QP 26 )    4117976 bits [Y 99.9900 dB    U 99.9900 dB    V 99.9900 dB] [ET    10 ] [L0 ] [L1 ]
POC  207 TId: 0 ( I-SLICE, QP 26 )    4117240 bits [Y 99.9900 dB    U 99.9900 dB    V 99.9900 dB] [ET    10 ] [L0 ] [L1 ]
POC  208 TId: 0 ( I-SLICE, QP 26 )    4116832 bits [Y 99.9900 dB    U 99.9900 dB    V 99.9900 dB] [ET    10 ] [L0 ] [L1 ]
POC  209 TId: 0 ( I-SLICE, QP 26 )    4121584 bits [Y 99.9900 dB    U 99.9900 dB    V 99.9900 dB] [ET    10 ] [L0 ] [L1 ]
POC  210 TId: 0 ( I-SLICE, QP 26 )    4120264 bits [Y 99.9900 dB    U 99.9900 dB    V 99.9900 dB] [ET    10 ] [L0 ] [L1 ]
POC  211 TId: 0 ( I-SLICE, QP 26 )    4121704 bits [Y 99.9900 dB    U 99.9900 dB    V 99.9900 dB] [ET    10 ] [L0 ] [L1 ]
POC  212 TId: 0 ( I-SLICE, QP 26 )    4116096 bits [Y 99.9900 dB    U 99.9900 dB    V 99.9900 dB] [ET    10 ] [L0 ] [L1 ]
POC  213 TId: 0 ( I-SLICE, QP 26 )    4118504 bits [Y 99.9900 dB    U 99.9900 dB    V 99.9900 dB] [ET    10 ] [L0 ] [L1 ]
POC  214 TId: 0 ( I-SLICE, QP 26 )    4116528 bits [Y 99.9900 dB    U 99.9900 dB    V 99.9900 dB] [ET    10 ] [L0 ] [L1 ]
POC  215 TId: 0 ( I-SLICE, QP 26 )    4119736 bits [Y 99.9900 dB    U 99.9900 dB    V 99.9900 dB] [ET    10 ] [L0 ] [L1 ]
POC  216 TId: 0 ( I-SLICE, QP 26 )    4112888 bits [Y 99.9900 dB    U 99.9900 dB    V 99.9900 dB] [ET    10 ] [L0 ] [L1 ]
POC  217 TId: 0 ( I-SLICE, QP 26 )    4116488 bits [Y 99.9900 dB    U 99.9900 dB    V 99.9900 dB] [ET    10 ] [L0 ] [L1 ]
POC  218 TId: 0 ( I-SLICE, QP 26 )    4115360 bits [Y 99.9900 dB    U 99.9900 dB    V 99.9900 dB] [ET    10 ] [L0 ] [L1 ]
POC  219 TId: 0 ( I-SLICE, QP 26 )    4119216 bits [Y 99.9900 dB    U 99.9900 dB    V 99.9900 dB] [ET    10 ] [L0 ] [L1 ]
POC  220 TId: 0 ( I-SLICE, QP 26 )    4118688 bits [Y 99.9900 dB    U 99.9900 dB    V 99.9900 dB] [ET    10 ] [L0 ] [L1 ]
POC  221 TId: 0 ( I-SLICE, QP 26 )    4121336 bits [Y 99.9900 dB    U 99.9900 dB    V 99.9900 dB] [ET     9 ] [L0 ] [L1 ]
POC  222 TId: 0 ( I-SLICE, QP 26 )    4114928 bits [Y 99.9900 dB    U 99.9900 dB    V 99.9900 dB] [ET     9 ] [L0 ] [L1 ]
POC  223 TId: 0 ( I-SLICE, QP 26 )    4117096 bits [Y 99.9900 dB    U 99.9900 dB    V 99.9900 dB] [ET     9 ] [L0 ] [L1 ]
POC  224 TId: 0 ( I-SLICE, QP 26 )    4117696 bits [Y 99.9900 dB    U 99.9900 dB    V 99.9900 dB] [ET     9 ] [L0 ] [L1 ]
POC  225 TId: 0 ( I-SLICE, QP 26 )    4118672 bits [Y 99.9900 dB    U 99.9900 dB    V 99.9900 dB] [ET     9 ] [L0 ] [L1 ]
POC  226 TId: 0 ( I-SLICE, QP 26 )    4114576 bits [Y 99.9900 dB    U 99.9900 dB    V 99.9900 dB] [ET     9 ] [L0 ] [L1 ]
POC  227 TId: 0 ( I-SLICE, QP 26 )    4119752 bits [Y 99.9900 dB    U 99.9900 dB    V 99.9900 dB] [ET     9 ] [L0 ] [L1 ]
POC  228 TId: 0 ( I-SLICE, QP 26 )    4118864 bits [Y 99.9900 dB    U 99.9900 dB    V 99.9900 dB] [ET     9 ] [L0 ] [L1 ]
POC  229 TId: 0 ( I-SLICE, QP 26 )    4120808 bits [Y 99.9900 dB    U 99.9900 dB    V 99.9900 dB] [ET    10 ] [L0 ] [L1 ]
POC  230 TId: 0 ( I-SLICE, QP 26 )    4122704 bits [Y 99.9900 dB    U 99.9900 dB    V 99.9900 dB] [ET    11 ] [L0 ] [L1 ]
POC  231 TId: 0 ( I-SLICE, QP 26 )    4127368 bits [Y 99.9900 dB    U 99.9900 dB    V 99.9900 dB] [ET    11 ] [L0 ] [L1 ]
POC  232 TId: 0 ( I-SLICE, QP 26 )    4128360 bits [Y 99.9900 dB    U 99.9900 dB    V 99.9900 dB] [ET    11 ] [L0 ] [L1 ]
POC  233 TId: 0 ( I-SLICE, QP 26 )    4128528 bits [Y 99.9900 dB    U 99.9900 dB    V 99.9900 dB] [ET    11 ] [L0 ] [L1 ]
POC  234 TId: 0 ( I-SLICE, QP 26 )    4126496 bits [Y 99.9900 dB    U 99.9900 dB    V 99.9900 dB] [ET    11 ] [L0 ] [L1 ]
POC  235 TId: 0 ( I-SLICE, QP 26 )    4128408 bits [Y 99.9900 dB    U 99.9900 dB    V 99.9900 dB] [ET    11 ] [L0 ] [L1 ]
POC  236 TId: 0 ( I-SLICE, QP 26 )    4126592 bits [Y 99.9900 dB    U 99.9900 dB    V 99.9900 dB] [ET    11 ] [L0 ] [L1 ]
POC  237 TId: 0 ( I-SLICE, QP 26 )    4123960 bits [Y 99.9900 dB    U 99.9900 dB    V 99.9900 dB] [ET    11 ] [L0 ] [L1 ]
POC  238 TId: 0 ( I-SLICE, QP 26 )    4119008 bits [Y 99.9900 dB    U 99.9900 dB    V 99.9900 dB] [ET    11 ] [L0 ] [L1 ]
POC  239 TId: 0 ( I-SLICE, QP 26 )    4126784 bits [Y 99.9900 dB    U 99.9900 dB    V 99.9900 dB] [ET    11 ] [L0 ] [L1 ]
POC  240 TId: 0 ( I-SLICE, QP 26 )    4122648 bits [Y 99.9900 dB    U 99.9900 dB    V 99.9900 dB] [ET    11 ] [L0 ] [L1 ]
POC  241 TId: 0 ( I-SLICE, QP 26 )    4132440 bits [Y 99.9900 dB    U 99.9900 dB    V 99.9900 dB] [ET    11 ] [L0 ] [L1 ]
POC  242 TId: 0 ( I-SLICE, QP 26 )    4132192 bits [Y 99.9900 dB    U 99.9900 dB    V 99.9900 dB] [ET    11 ] [L0 ] [L1 ]
POC  243 TId: 0 ( I-SLICE, QP 26 )    4137232 bits [Y 99.9900 dB    U 99.9900 dB    V 99.9900 dB] [ET    11 ] [L0 ] [L1 ]
POC  244 TId: 0 ( I-SLICE, QP 26 )    4134808 bits [Y 99.9900 dB    U 99.9900 dB    V 99.9900 dB] [ET    11 ] [L0 ] [L1 ]
POC  245 TId: 0 ( I-SLICE, QP 26 )    4144240 bits [Y 99.9900 dB    U 99.9900 dB    V 99.9900 dB] [ET    11 ] [L0 ] [L1 ]
POC  246 TId: 0 ( I-SLICE, QP 26 )    4143696 bits [Y 99.9900 dB    U 99.9900 dB    V 99.9900 dB] [ET    11 ] [L0 ] [L1 ]
POC  247 TId: 0 ( I-SLICE, QP 26 )    4147920 bits [Y 99.9900 dB    U 99.9900 dB    V 99.9900 dB] [ET    11 ] [L0 ] [L1 ]
POC  248 TId: 0 ( I-SLICE, QP 26 )    4152688 bits [Y 99.9900 dB    U 99.9900 dB    V 99.9900 dB] [ET    11 ] [L0 ] [L1 ]
POC  249 TId: 0 ( I-SLICE, QP 26 )    4151424 bits [Y 99.9900 dB    U 99.9900 dB    V 99.9900 dB] [ET    11 ] [L0 ] [L1 ]
POC  250 TId: 0 ( I-SLICE, QP 26 )    4153600 bits [Y 99.9900 dB    U 99.9900 dB    V 99.9900 dB] [ET    11 ] [L0 ] [L1 ]
POC  251 TId: 0 ( I-SLICE, QP 26 )    4157560 bits [Y 99.9900 dB    U 99.9900 dB    V 99.9900 dB] [ET    11 ] [L0 ] [L1 ]
POC  252 TId: 0 ( I-SLICE, QP 26 )    4160208 bits [Y 99.9900 dB    U 99.9900 dB    V 99.9900 dB] [ET    11 ] [L0 ] [L1 ]
POC  253 TId: 0 ( I-SLICE, QP 26 )    4161920 bits [Y 99.9900 dB    U 99.9900 dB    V 99.9900 dB] [ET    11 ] [L0 ] [L1 ]
POC  254 TId: 0 ( I-SLICE, QP 26 )    4160208 bits [Y 99.9900 dB    U 99.9900 dB    V 99.9900 dB] [ET    11 ] [L0 ] [L1 ]
POC  255 TId: 0 ( I-SLICE, QP 26 )    4158448 bits [Y 99.9900 dB    U 99.9900 dB    V 99.9900 dB] [ET    11 ] [L0 ] [L1 ]
POC  256 TId: 0 ( I-SLICE, QP 26 )    4155680 bits [Y 99.9900 dB    U 99.9900 dB    V 99.9900 dB] [ET    11 ] [L0 ] [L1 ]
POC  257 TId: 0 ( I-SLICE, QP 26 )    4154704 bits [Y 99.9900 dB    U 99.9900 dB    V 99.9900 dB] [ET    11 ] [L0 ] [L1 ]
POC  258 TId: 0 ( I-SLICE, QP 26 )    4152496 bits [Y 99.9900 dB    U 99.9900 dB    V 99.9900 dB] [ET    11 ] [L0 ] [L1 ]
POC  259 TId: 0 ( I-SLICE, QP 26 )    4148936 bits [Y 99.9900 dB    U 99.9900 dB    V 99.9900 dB] [ET    11 ] [L0 ] [L1 ]
POC  260 TId: 0 ( I-SLICE, QP 26 )    4148064 bits [Y 99.9900 dB    U 99.9900 dB    V 99.9900 dB] [ET    11 ] [L0 ] [L1 ]
POC  261 TId: 0 ( I-SLICE, QP 26 )    4144576 bits [Y 99.9900 dB    U 99.9900 dB    V 99.9900 dB] [ET    11 ] [L0 ] [L1 ]
POC  262 TId: 0 ( I-SLICE, QP 26 )    4145688 bits [Y 99.9900 dB    U 99.9900 dB    V 99.9900 dB] [ET    11 ] [L0 ] [L1 ]
POC  263 TId: 0 ( I-SLICE, QP 26 )    4145656 bits [Y 99.9900 dB    U 99.9900 dB    V 99.9900 dB] [ET    11 ] [L0 ] [L1 ]
POC  264 TId: 0 ( I-SLICE, QP 26 )    4145696 bits [Y 99.9900 dB    U 99.9900 dB    V 99.9900 dB] [ET    11 ] [L0 ] [L1 ]
POC  265 TId: 0 ( I-SLICE, QP 26 )    4140520 bits [Y 99.9900 dB    U 99.9900 dB    V 99.9900 dB] [ET    11 ] [L0 ] [L1 ]
POC  266 TId: 0 ( I-SLICE, QP 26 )    4138888 bits [Y 99.9900 dB    U 99.9900 dB    V 99.9900 dB] [ET    11 ] [L0 ] [L1 ]
POC  267 TId: 0 ( I-SLICE, QP 26 )    4134800 bits [Y 99.9900 dB    U 99.9900 dB    V 99.9900 dB] [ET    11 ] [L0 ] [L1 ]
POC  268 TId: 0 ( I-SLICE, QP 26 )    4130856 bits [Y 99.9900 dB    U 99.9900 dB    V 99.9900 dB] [ET    10 ] [L0 ] [L1 ]
POC  269 TId: 0 ( I-SLICE, QP 26 )    4127160 bits [Y 99.9900 dB    U 99.9900 dB    V 99.9900 dB] [ET    11 ] [L0 ] [L1 ]
POC  270 TId: 0 ( I-SLICE, QP 26 )    4124288 bits [Y 99.9900 dB    U 99.9900 dB    V 99.9900 dB] [ET    11 ] [L0 ] [L1 ]
POC  271 TId: 0 ( I-SLICE, QP 26 )    4118504 bits [Y 99.9900 dB    U 99.9900 dB    V 99.9900 dB] [ET    11 ] [L0 ] [L1 ]
POC  272 TId: 0 ( I-SLICE, QP 26 )    4122016 bits [Y 99.9900 dB    U 99.9900 dB    V 99.9900 dB] [ET    11 ] [L0 ] [L1 ]
POC  273 TId: 0 ( I-SLICE, QP 26 )    4118840 bits [Y 99.9900 dB    U 99.9900 dB    V 99.9900 dB] [ET    11 ] [L0 ] [L1 ]
POC  274 TId: 0 ( I-SLICE, QP 26 )    4120816 bits [Y 99.9900 dB    U 99.9900 dB    V 99.9900 dB] [ET    11 ] [L0 ] [L1 ]
POC  275 TId: 0 ( I-SLICE, QP 26 )    4116808 bits [Y 99.9900 dB    U 99.9900 dB    V 99.9900 dB] [ET    11 ] [L0 ] [L1 ]
POC  276 TId: 0 ( I-SLICE, QP 26 )    4117752 bits [Y 99.9900 dB    U 99.9900 dB    V 99.9900 dB] [ET    11 ] [L0 ] [L1 ]
POC  277 TId: 0 ( I-SLICE, QP 26 )    4113576 bits [Y 99.9900 dB    U 99.9900 dB    V 99.9900 dB] [ET    11 ] [L0 ] [L1 ]
POC  278 TId: 0 ( I-SLICE, QP 26 )    4114856 bits [Y 99.9900 dB    U 99.9900 dB    V 99.9900 dB] [ET    11 ] [L0 ] [L1 ]
POC  279 TId: 0 ( I-SLICE, QP 26 )    4116968 bits [Y 99.9900 dB    U 99.9900 dB    V 99.9900 dB] [ET    11 ] [L0 ] [L1 ]
POC  280 TId: 0 ( I-SLICE, QP 26 )    4118688 bits [Y 99.9900 dB    U 99.9900 dB    V 99.9900 dB] [ET    11 ] [L0 ] [L1 ]
POC  281 TId: 0 ( I-SLICE, QP 26 )    4114120 bits [Y 99.9900 dB    U 99.9900 dB    V 99.9900 dB] [ET    11 ] [L0 ] [L1 ]
POC  282 TId: 0 ( I-SLICE, QP 26 )    4115912 bits [Y 99.9900 dB    U 99.9900 dB    V 99.9900 dB] [ET    11 ] [L0 ] [L1 ]
POC  283 TId: 0 ( I-SLICE, QP 26 )    4119160 bits [Y 99.9900 dB    U 99.9900 dB    V 99.9900 dB] [ET    11 ] [L0 ] [L1 ]
POC  284 TId: 0 ( I-SLICE, QP 26 )    4115232 bits [Y 99.9900 dB    U 99.9900 dB    V 99.9900 dB] [ET    11 ] [L0 ] [L1 ]
POC  285 TId: 0 ( I-SLICE, QP 26 )    4118232 bits [Y 99.9900 dB    U 99.9900 dB    V 99.9900 dB] [ET    11 ] [L0 ] [L1 ]
POC  286 TId: 0 ( I-SLICE, QP 26 )    4113776 bits [Y 99.9900 dB    U 99.9900 dB    V 99.9900 dB] [ET    11 ] [L0 ] [L1 ]
POC  287 TId: 0 ( I-SLICE, QP 26 )    4115608 bits [Y 99.9900 dB    U 99.9900 dB    V 99.9900 dB] [ET    11 ] [L0 ] [L1 ]
POC  288 TId: 0 ( I-SLICE, QP 26 )    4114752 bits [Y 99.9900 dB    U 99.9900 dB    V 99.9900 dB] [ET    11 ] [L0 ] [L1 ]
POC  289 TId: 0 ( I-SLICE, QP 26 )    4111416 bits [Y 99.9900 dB    U 99.9900 dB    V 99.9900 dB] [ET    11 ] [L0 ] [L1 ]
POC  290 TId: 0 ( I-SLICE, QP 26 )    4109128 bits [Y 99.9900 dB    U 99.9900 dB    V 99.9900 dB] [ET    11 ] [L0 ] [L1 ]
POC  291 TId: 0 ( I-SLICE, QP 26 )    4108600 bits [Y 99.9900 dB    U 99.9900 dB    V 99.9900 dB] [ET    11 ] [L0 ] [L1 ]
POC  292 TId: 0 ( I-SLICE, QP 26 )    4109560 bits [Y 99.9900 dB    U 99.9900 dB    V 99.9900 dB] [ET    11 ] [L0 ] [L1 ]
POC  293 TId: 0 ( I-SLICE, QP 26 )    4109304 bits [Y 99.9900 dB    U 99.9900 dB    V 99.9900 dB] [ET    11 ] [L0 ] [L1 ]
POC  294 TId: 0 ( I-SLICE, QP 26 )    4108152 bits [Y 99.9900 dB    U 99.9900 dB    V 99.9900 dB] [ET    11 ] [L0 ] [L1 ]
POC  295 TId: 0 ( I-SLICE, QP 26 )    4115696 bits [Y 99.9900 dB    U 99.9900 dB    V 99.9900 dB] [ET    11 ] [L0 ] [L1 ]
POC  296 TId: 0 ( I-SLICE, QP 26 )    4114760 bits [Y 99.9900 dB    U 99.9900 dB    V 99.9900 dB] [ET    11 ] [L0 ] [L1 ]
POC  297 TId: 0 ( I-SLICE, QP 26 )    4114440 bits [Y 99.9900 dB    U 99.9900 dB    V 99.9900 dB] [ET    11 ] [L0 ] [L1 ]
POC  298 TId: 0 ( I-SLICE, QP 26 )    4110760 bits [Y 99.9900 dB    U 99.9900 dB    V 99.9900 dB] [ET    11 ] [L0 ] [L1 ]
POC  299 TId: 0 ( I-SLICE, QP 26 )    4117176 bits [Y 99.9900 dB    U 99.9900 dB    V 99.9900 dB] [ET    11 ] [L0 ] [L1 ]
POC  300 TId: 0 ( I-SLICE, QP 26 )    4116272 bits [Y 99.9900 dB    U 99.9900 dB    V 99.9900 dB] [ET    11 ] [L0 ] [L1 ]
POC  301 TId: 0 ( I-SLICE, QP 26 )    4121544 bits [Y 99.9900 dB    U 99.9900 dB    V 99.9900 dB] [ET    11 ] [L0 ] [L1 ]
POC  302 TId: 0 ( I-SLICE, QP 26 )    4122568 bits [Y 99.9900 dB    U 99.9900 dB    V 99.9900 dB] [ET    11 ] [L0 ] [L1 ]
POC  303 TId: 0 ( I-SLICE, QP 26 )    4122216 bits [Y 99.9900 dB    U 99.9900 dB    V 99.9900 dB] [ET    11 ] [L0 ] [L1 ]
POC  304 TId: 0 ( I-SLICE, QP 26 )    4127472 bits [Y 99.9900 dB    U 99.9900 dB    V 99.9900 dB] [ET    11 ] [L0 ] [L1 ]
POC  305 TId: 0 ( I-SLICE, QP 26 )    4126856 bits [Y 99.9900 dB    U 99.9900 dB    V 99.9900 dB] [ET    11 ] [L0 ] [L1 ]
POC  306 TId: 0 ( I-SLICE, QP 26 )    4124864 bits [Y 99.9900 dB    U 99.9900 dB    V 99.9900 dB] [ET    11 ] [L0 ] [L1 ]
POC  307 TId: 0 ( I-SLICE, QP 26 )    4129216 bits [Y 99.9900 dB    U 99.9900 dB    V 99.9900 dB] [ET    11 ] [L0 ] [L1 ]
POC  308 TId: 0 ( I-SLICE, QP 26 )    4131312 bits [Y 99.9900 dB    U 99.9900 dB    V 99.9900 dB] [ET    11 ] [L0 ] [L1 ]
POC  309 TId: 0 ( I-SLICE, QP 26 )    4129784 bits [Y 99.9900 dB    U 99.9900 dB    V 99.9900 dB] [ET    11 ] [L0 ] [L1 ]
POC  310 TId: 0 ( I-SLICE, QP 26 )    4127104 bits [Y 99.9900 dB    U 99.9900 dB    V 99.9900 dB] [ET    11 ] [L0 ] [L1 ]
POC  311 TId: 0 ( I-SLICE, QP 26 )    4128672 bits [Y 99.9900 dB    U 99.9900 dB    V 99.9900 dB] [ET    11 ] [L0 ] [L1 ]
POC  312 TId: 0 ( I-SLICE, QP 26 )    4132984 bits [Y 99.9900 dB    U 99.9900 dB    V 99.9900 dB] [ET    11 ] [L0 ] [L1 ]
POC  313 TId: 0 ( I-SLICE, QP 26 )    4135760 bits [Y 99.9900 dB    U 99.9900 dB    V 99.9900 dB] [ET    11 ] [L0 ] [L1 ]
POC  314 TId: 0 ( I-SLICE, QP 26 )    4138408 bits [Y 99.9900 dB    U 99.9900 dB    V 99.9900 dB] [ET    11 ] [L0 ] [L1 ]
POC  315 TId: 0 ( I-SLICE, QP 26 )    4141624 bits [Y 99.9900 dB    U 99.9900 dB    V 99.9900 dB] [ET    11 ] [L0 ] [L1 ]
POC  316 TId: 0 ( I-SLICE, QP 26 )    4142328 bits [Y 99.9900 dB    U 99.9900 dB    V 99.9900 dB] [ET    11 ] [L0 ] [L1 ]
POC  317 TId: 0 ( I-SLICE, QP 26 )    4146760 bits [Y 99.9900 dB    U 99.9900 dB    V 99.9900 dB] [ET    11 ] [L0 ] [L1 ]
POC  318 TId: 0 ( I-SLICE, QP 26 )    4145368 bits [Y 99.9900 dB    U 99.9900 dB    V 99.9900 dB] [ET    11 ] [L0 ] [L1 ]
POC  319 TId: 0 ( I-SLICE, QP 26 )    4151424 bits [Y 99.9900 dB    U 99.9900 dB    V 99.9900 dB] [ET    11 ] [L0 ] [L1 ]
POC  320 TId: 0 ( I-SLICE, QP 26 )    4152984 bits [Y 99.9900 dB    U 99.9900 dB    V 99.9900 dB] [ET    11 ] [L0 ] [L1 ]
POC  321 TId: 0 ( I-SLICE, QP 26 )    4149952 bits [Y 99.9900 dB    U 99.9900 dB    V 99.9900 dB] [ET    11 ] [L0 ] [L1 ]
POC  322 TId: 0 ( I-SLICE, QP 26 )    4153704 bits [Y 99.9900 dB    U 99.9900 dB    V 99.9900 dB] [ET    11 ] [L0 ] [L1 ]
POC  323 TId: 0 ( I-SLICE, QP 26 )    4157136 bits [Y 99.9900 dB    U 99.9900 dB    V 99.9900 dB] [ET    11 ] [L0 ] [L1 ]
POC  324 TId: 0 ( I-SLICE, QP 26 )    4155824 bits [Y 99.9900 dB    U 99.9900 dB    V 99.9900 dB] [ET    11 ] [L0 ] [L1 ]
POC  325 TId: 0 ( I-SLICE, QP 26 )    4153936 bits [Y 99.9900 dB    U 99.9900 dB    V 99.9900 dB] [ET    11 ] [L0 ] [L1 ]
POC  326 TId: 0 ( I-SLICE, QP 26 )    4155856 bits [Y 99.9900 dB    U 99.9900 dB    V 99.9900 dB] [ET    11 ] [L0 ] [L1 ]
POC  327 TId: 0 ( I-SLICE, QP 26 )    4156464 bits [Y 99.9900 dB    U 99.9900 dB    V 99.9900 dB] [ET    11 ] [L0 ] [L1 ]
POC  328 TId: 0 ( I-SLICE, QP 26 )    4159216 bits [Y 99.9900 dB    U 99.9900 dB    V 99.9900 dB] [ET    11 ] [L0 ] [L1 ]
POC  329 TId: 0 ( I-SLICE, QP 26 )    4159256 bits [Y 99.9900 dB    U 99.9900 dB    V 99.9900 dB] [ET    11 ] [L0 ] [L1 ]
POC  330 TId: 0 ( I-SLICE, QP 26 )    4158112 bits [Y 99.9900 dB    U 99.9900 dB    V 99.9900 dB] [ET    11 ] [L0 ] [L1 ]
POC  331 TId: 0 ( I-SLICE, QP 26 )    4159544 bits [Y 99.9900 dB    U 99.9900 dB    V 99.9900 dB] [ET    11 ] [L0 ] [L1 ]
POC  332 TId: 0 ( I-SLICE, QP 26 )    4159632 bits [Y 99.9900 dB    U 99.9900 dB    V 99.9900 dB] [ET    11 ] [L0 ] [L1 ]
POC  333 TId: 0 ( I-SLICE, QP 26 )    4157408 bits [Y 99.9900 dB    U 99.9900 dB    V 99.9900 dB] [ET    11 ] [L0 ] [L1 ]
POC  334 TId: 0 ( I-SLICE, QP 26 )    4160472 bits [Y 99.9900 dB    U 99.9900 dB    V 99.9900 dB] [ET    11 ] [L0 ] [L1 ]
POC  335 TId: 0 ( I-SLICE, QP 26 )    4160296 bits [Y 99.9900 dB    U 99.9900 dB    V 99.9900 dB] [ET    11 ] [L0 ] [L1 ]
POC  336 TId: 0 ( I-SLICE, QP 26 )    4157112 bits [Y 99.9900 dB    U 99.9900 dB    V 99.9900 dB] [ET    11 ] [L0 ] [L1 ]
POC  337 TId: 0 ( I-SLICE, QP 26 )    4153968 bits [Y 99.9900 dB    U 99.9900 dB    V 99.9900 dB] [ET    11 ] [L0 ] [L1 ]
POC  338 TId: 0 ( I-SLICE, QP 26 )    4151912 bits [Y 99.9900 dB    U 99.9900 dB    V 99.9900 dB] [ET    11 ] [L0 ] [L1 ]
POC  339 TId: 0 ( I-SLICE, QP 26 )    4154672 bits [Y 99.9900 dB    U 99.9900 dB    V 99.9900 dB] [ET    11 ] [L0 ] [L1 ]
POC  340 TId: 0 ( I-SLICE, QP 26 )    4153088 bits [Y 99.9900 dB    U 99.9900 dB    V 99.9900 dB] [ET    11 ] [L0 ] [L1 ]
POC  341 TId: 0 ( I-SLICE, QP 26 )    4154264 bits [Y 99.9900 dB    U 99.9900 dB    V 99.9900 dB] [ET    11 ] [L0 ] [L1 ]
POC  342 TId: 0 ( I-SLICE, QP 26 )    4153416 bits [Y 99.9900 dB    U 99.9900 dB    V 99.9900 dB] [ET    11 ] [L0 ] [L1 ]
POC  343 TId: 0 ( I-SLICE, QP 26 )    4154976 bits [Y 99.9900 dB    U 99.9900 dB    V 99.9900 dB] [ET    11 ] [L0 ] [L1 ]
POC  344 TId: 0 ( I-SLICE, QP 26 )    4156432 bits [Y 99.9900 dB    U 99.9900 dB    V 99.9900 dB] [ET    11 ] [L0 ] [L1 ]
POC  345 TId: 0 ( I-SLICE, QP 26 )    4156880 bits [Y 99.9900 dB    U 99.9900 dB    V 99.9900 dB] [ET    11 ] [L0 ] [L1 ]
POC  346 TId: 0 ( I-SLICE, QP 26 )    4161360 bits [Y 99.9900 dB    U 99.9900 dB    V 99.9900 dB] [ET    11 ] [L0 ] [L1 ]
POC  347 TId: 0 ( I-SLICE, QP 26 )    4161976 bits [Y 99.9900 dB    U 99.9900 dB    V 99.9900 dB] [ET    11 ] [L0 ] [L1 ]
POC  348 TId: 0 ( I-SLICE, QP 26 )    4160880 bits [Y 99.9900 dB    U 99.9900 dB    V 99.9900 dB] [ET    11 ] [L0 ] [L1 ]
POC  349 TId: 0 ( I-SLICE, QP 26 )    4162928 bits [Y 99.9900 dB    U 99.9900 dB    V 99.9900 dB] [ET    11 ] [L0 ] [L1 ]
POC  350 TId: 0 ( I-SLICE, QP 26 )    4157528 bits [Y 99.9900 dB    U 99.9900 dB    V 99.9900 dB] [ET    11 ] [L0 ] [L1 ]
POC  351 TId: 0 ( I-SLICE, QP 26 )    4161384 bits [Y 99.9900 dB    U 99.9900 dB    V 99.9900 dB] [ET    11 ] [L0 ] [L1 ]
POC  352 TId: 0 ( I-SLICE, QP 26 )    4159592 bits [Y 99.9900 dB    U 99.9900 dB    V 99.9900 dB] [ET    11 ] [L0 ] [L1 ]
POC  353 TId: 0 ( I-SLICE, QP 26 )    4169120 bits [Y 99.9900 dB    U 99.9900 dB    V 99.9900 dB] [ET    11 ] [L0 ] [L1 ]
POC  354 TId: 0 ( I-SLICE, QP 26 )    4161640 bits [Y 99.9900 dB    U 99.9900 dB    V 99.9900 dB] [ET    11 ] [L0 ] [L1 ]
POC  355 TId: 0 ( I-SLICE, QP 26 )    4162352 bits [Y 99.9900 dB    U 99.9900 dB    V 99.9900 dB] [ET    11 ] [L0 ] [L1 ]
POC  356 TId: 0 ( I-SLICE, QP 26 )    4157856 bits [Y 99.9900 dB    U 99.9900 dB    V 99.9900 dB] [ET    11 ] [L0 ] [L1 ]
POC  357 TId: 0 ( I-SLICE, QP 26 )    4159416 bits [Y 99.9900 dB    U 99.9900 dB    V 99.9900 dB] [ET    11 ] [L0 ] [L1 ]
POC  358 TId: 0 ( I-SLICE, QP 26 )    4162064 bits [Y 99.9900 dB    U 99.9900 dB    V 99.9900 dB] [ET    11 ] [L0 ] [L1 ]
POC  359 TId: 0 ( I-SLICE, QP 26 )    4163104 bits [Y 99.9900 dB    U 99.9900 dB    V 99.9900 dB] [ET    11 ] [L0 ] [L1 ]
POC  360 TId: 0 ( I-SLICE, QP 26 )    4158512 bits [Y 99.9900 dB    U 99.9900 dB    V 99.9900 dB] [ET    11 ] [L0 ] [L1 ]
POC  361 TId: 0 ( I-SLICE, QP 26 )    4162960 bits [Y 99.9900 dB    U 99.9900 dB    V 99.9900 dB] [ET    11 ] [L0 ] [L1 ]
POC  362 TId: 0 ( I-SLICE, QP 26 )    4157648 bits [Y 99.9900 dB    U 99.9900 dB    V 99.9900 dB] [ET    11 ] [L0 ] [L1 ]
POC  363 TId: 0 ( I-SLICE, QP 26 )    4157456 bits [Y 99.9900 dB    U 99.9900 dB    V 99.9900 dB] [ET    11 ] [L0 ] [L1 ]
POC  364 TId: 0 ( I-SLICE, QP 26 )    4147424 bits [Y 99.9900 dB    U 99.9900 dB    V 99.9900 dB] [ET    11 ] [L0 ] [L1 ]
POC  365 TId: 0 ( I-SLICE, QP 26 )    4146920 bits [Y 99.9900 dB    U 99.9900 dB    V 99.9900 dB] [ET    11 ] [L0 ] [L1 ]
POC  366 TId: 0 ( I-SLICE, QP 26 )    4147552 bits [Y 99.9900 dB    U 99.9900 dB    V 99.9900 dB] [ET    11 ] [L0 ] [L1 ]
POC  367 TId: 0 ( I-SLICE, QP 26 )    4143904 bits [Y 99.9900 dB    U 99.9900 dB    V 99.9900 dB] [ET    11 ] [L0 ] [L1 ]
POC  368 TId: 0 ( I-SLICE, QP 26 )    4145352 bits [Y 99.9900 dB    U 99.9900 dB    V 99.9900 dB] [ET    11 ] [L0 ] [L1 ]
POC  369 TId: 0 ( I-SLICE, QP 26 )    4141456 bits [Y 99.9900 dB    U 99.9900 dB    V 99.9900 dB] [ET    11 ] [L0 ] [L1 ]
POC  370 TId: 0 ( I-SLICE, QP 26 )    4138808 bits [Y 99.9900 dB    U 99.9900 dB    V 99.9900 dB] [ET    11 ] [L0 ] [L1 ]
POC  371 TId: 0 ( I-SLICE, QP 26 )    4140664 bits [Y 99.9900 dB    U 99.9900 dB    V 99.9900 dB] [ET    11 ] [L0 ] [L1 ]
POC  372 TId: 0 ( I-SLICE, QP 26 )    4137680 bits [Y 99.9900 dB    U 99.9900 dB    V 99.9900 dB] [ET    11 ] [L0 ] [L1 ]
POC  373 TId: 0 ( I-SLICE, QP 26 )    4138808 bits [Y 99.9900 dB    U 99.9900 dB    V 99.9900 dB] [ET    11 ] [L0 ] [L1 ]
POC  374 TId: 0 ( I-SLICE, QP 26 )    4138976 bits [Y 99.9900 dB    U 99.9900 dB    V 99.9900 dB] [ET    11 ] [L0 ] [L1 ]
POC  375 TId: 0 ( I-SLICE, QP 26 )    4138248 bits [Y 99.9900 dB    U 99.9900 dB    V 99.9900 dB] [ET    11 ] [L0 ] [L1 ]
POC  376 TId: 0 ( I-SLICE, QP 26 )    4135816 bits [Y 99.9900 dB    U 99.9900 dB    V 99.9900 dB] [ET    11 ] [L0 ] [L1 ]
POC  377 TId: 0 ( I-SLICE, QP 26 )    4137464 bits [Y 99.9900 dB    U 99.9900 dB    V 99.9900 dB] [ET    11 ] [L0 ] [L1 ]
POC  378 TId: 0 ( I-SLICE, QP 26 )    4134568 bits [Y 99.9900 dB    U 99.9900 dB    V 99.9900 dB] [ET    11 ] [L0 ] [L1 ]
POC  379 TId: 0 ( I-SLICE, QP 26 )    4139424 bits [Y 99.9900 dB    U 99.9900 dB    V 99.9900 dB] [ET    11 ] [L0 ] [L1 ]
POC  380 TId: 0 ( I-SLICE, QP 26 )    4137232 bits [Y 99.9900 dB    U 99.9900 dB    V 99.9900 dB] [ET    11 ] [L0 ] [L1 ]
POC  381 TId: 0 ( I-SLICE, QP 26 )    4135896 bits [Y 99.9900 dB    U 99.9900 dB    V 99.9900 dB] [ET    11 ] [L0 ] [L1 ]
POC  382 TId: 0 ( I-SLICE, QP 26 )    4135216 bits [Y 99.9900 dB    U 99.9900 dB    V 99.9900 dB] [ET    11 ] [L0 ] [L1 ]
POC  383 TId: 0 ( I-SLICE, QP 26 )    4141112 bits [Y 99.9900 dB    U 99.9900 dB    V 99.9900 dB] [ET    11 ] [L0 ] [L1 ]
POC  384 TId: 0 ( I-SLICE, QP 26 )    4137856 bits [Y 99.9900 dB    U 99.9900 dB    V 99.9900 dB] [ET    11 ] [L0 ] [L1 ]
POC  385 TId: 0 ( I-SLICE, QP 26 )    4135824 bits [Y 99.9900 dB    U 99.9900 dB    V 99.9900 dB] [ET    11 ] [L0 ] [L1 ]
POC  386 TId: 0 ( I-SLICE, QP 26 )    4133696 bits [Y 99.9900 dB    U 99.9900 dB    V 99.9900 dB] [ET    11 ] [L0 ] [L1 ]
POC  387 TId: 0 ( I-SLICE, QP 26 )    4133872 bits [Y 99.9900 dB    U 99.9900 dB    V 99.9900 dB] [ET    11 ] [L0 ] [L1 ]
POC  388 TId: 0 ( I-SLICE, QP 26 )    4127384 bits [Y 99.9900 dB    U 99.9900 dB    V 99.9900 dB] [ET    11 ] [L0 ] [L1 ]
POC  389 TId: 0 ( I-SLICE, QP 26 )    4131336 bits [Y 99.9900 dB    U 99.9900 dB    V 99.9900 dB] [ET    11 ] [L0 ] [L1 ]
POC  390 TId: 0 ( I-SLICE, QP 26 )    4128488 bits [Y 99.9900 dB    U 99.9900 dB    V 99.9900 dB] [ET    11 ] [L0 ] [L1 ]
POC  391 TId: 0 ( I-SLICE, QP 26 )    4132024 bits [Y 99.9900 dB    U 99.9900 dB    V 99.9900 dB] [ET    11 ] [L0 ] [L1 ]
POC  392 TId: 0 ( I-SLICE, QP 26 )    4126912 bits [Y 99.9900 dB    U 99.9900 dB    V 99.9900 dB] [ET    11 ] [L0 ] [L1 ]
POC  393 TId: 0 ( I-SLICE, QP 26 )    4129312 bits [Y 99.9900 dB    U 99.9900 dB    V 99.9900 dB] [ET    11 ] [L0 ] [L1 ]
POC  394 TId: 0 ( I-SLICE, QP 26 )    4126744 bits [Y 99.9900 dB    U 99.9900 dB    V 99.9900 dB] [ET    11 ] [L0 ] [L1 ]
POC  395 TId: 0 ( I-SLICE, QP 26 )    4127616 bits [Y 99.9900 dB    U 99.9900 dB    V 99.9900 dB] [ET    11 ] [L0 ] [L1 ]
POC  396 TId: 0 ( I-SLICE, QP 26 )    4127312 bits [Y 99.9900 dB    U 99.9900 dB    V 99.9900 dB] [ET    11 ] [L0 ] [L1 ]
POC  397 TId: 0 ( I-SLICE, QP 26 )    4128200 bits [Y 99.9900 dB    U 99.9900 dB    V 99.9900 dB] [ET    11 ] [L0 ] [L1 ]
POC  398 TId: 0 ( I-SLICE, QP 26 )    4124720 bits [Y 99.9900 dB    U 99.9900 dB    V 99.9900 dB] [ET    12 ] [L0 ] [L1 ]
POC  399 TId: 0 ( I-SLICE, QP 26 )    4124376 bits [Y 99.9900 dB    U 99.9900 dB    V 99.9900 dB] [ET    12 ] [L0 ] [L1 ]
POC  400 TId: 0 ( I-SLICE, QP 26 )    4122968 bits [Y 99.9900 dB    U 99.9900 dB    V 99.9900 dB] [ET    12 ] [L0 ] [L1 ]
POC  401 TId: 0 ( I-SLICE, QP 26 )    4123976 bits [Y 99.9900 dB    U 99.9900 dB    V 99.9900 dB] [ET    11 ] [L0 ] [L1 ]
POC  402 TId: 0 ( I-SLICE, QP 26 )    4118328 bits [Y 99.9900 dB    U 99.9900 dB    V 99.9900 dB] [ET    20 ] [L0 ] [L1 ]
POC  403 TId: 0 ( I-SLICE, QP 26 )    4118592 bits [Y 99.9900 dB    U 99.9900 dB    V 99.9900 dB] [ET    23 ] [L0 ] [L1 ]
POC  404 TId: 0 ( I-SLICE, QP 26 )    4118448 bits [Y 99.9900 dB    U 99.9900 dB    V 99.9900 dB] [ET    23 ] [L0 ] [L1 ]
POC  405 TId: 0 ( I-SLICE, QP 26 )    4119192 bits [Y 99.9900 dB    U 99.9900 dB    V 99.9900 dB] [ET    22 ] [L0 ] [L1 ]
POC  406 TId: 0 ( I-SLICE, QP 26 )    4118800 bits [Y 99.9900 dB    U 99.9900 dB    V 99.9900 dB] [ET    22 ] [L0 ] [L1 ]
POC  407 TId: 0 ( I-SLICE, QP 26 )    4116896 bits [Y 99.9900 dB    U 99.9900 dB    V 99.9900 dB] [ET    22 ] [L0 ] [L1 ]
POC  408 TId: 0 ( I-SLICE, QP 26 )    4119960 bits [Y 99.9900 dB    U 99.9900 dB    V 99.9900 dB] [ET    23 ] [L0 ] [L1 ]
POC  409 TId: 0 ( I-SLICE, QP 26 )    4117320 bits [Y 99.9900 dB    U 99.9900 dB    V 99.9900 dB] [ET    23 ] [L0 ] [L1 ]
POC  410 TId: 0 ( I-SLICE, QP 26 )    4120528 bits [Y 99.9900 dB    U 99.9900 dB    V 99.9900 dB] [ET    22 ] [L0 ] [L1 ]
POC  411 TId: 0 ( I-SLICE, QP 26 )    4118176 bits [Y 99.9900 dB    U 99.9900 dB    V 99.9900 dB] [ET    23 ] [L0 ] [L1 ]
POC  412 TId: 0 ( I-SLICE, QP 26 )    4117704 bits [Y 99.9900 dB    U 99.9900 dB    V 99.9900 dB] [ET    23 ] [L0 ] [L1 ]
POC  413 TId: 0 ( I-SLICE, QP 26 )    4123632 bits [Y 99.9900 dB    U 99.9900 dB    V 99.9900 dB] [ET    23 ] [L0 ] [L1 ]
POC  414 TId: 0 ( I-SLICE, QP 26 )    4121392 bits [Y 99.9900 dB    U 99.9900 dB    V 99.9900 dB] [ET    23 ] [L0 ] [L1 ]
POC  415 TId: 0 ( I-SLICE, QP 26 )    4121584 bits [Y 99.9900 dB    U 99.9900 dB    V 99.9900 dB] [ET    22 ] [L0 ] [L1 ]
POC  416 TId: 0 ( I-SLICE, QP 26 )    4119784 bits [Y 99.9900 dB    U 99.9900 dB    V 99.9900 dB] [ET    23 ] [L0 ] [L1 ]
POC  417 TId: 0 ( I-SLICE, QP 26 )    4121704 bits [Y 99.9900 dB    U 99.9900 dB    V 99.9900 dB] [ET    23 ] [L0 ] [L1 ]
POC  418 TId: 0 ( I-SLICE, QP 26 )    4114264 bits [Y 99.9900 dB    U 99.9900 dB    V 99.9900 dB] [ET    23 ] [L0 ] [L1 ]
POC  419 TId: 0 ( I-SLICE, QP 26 )    4116600 bits [Y 99.9900 dB    U 99.9900 dB    V 99.9900 dB] [ET    22 ] [L0 ] [L1 ]
POC  420 TId: 0 ( I-SLICE, QP 26 )    4119056 bits [Y 99.9900 dB    U 99.9900 dB    V 99.9900 dB] [ET    22 ] [L0 ] [L1 ]
POC  421 TId: 0 ( I-SLICE, QP 26 )    4117048 bits [Y 99.9900 dB    U 99.9900 dB    V 99.9900 dB] [ET    23 ] [L0 ] [L1 ]
POC  422 TId: 0 ( I-SLICE, QP 26 )    4118336 bits [Y 99.9900 dB    U 99.9900 dB    V 99.9900 dB] [ET    23 ] [L0 ] [L1 ]
POC  423 TId: 0 ( I-SLICE, QP 26 )    4114760 bits [Y 99.9900 dB    U 99.9900 dB    V 99.9900 dB] [ET    23 ] [L0 ] [L1 ]
POC  424 TId: 0 ( I-SLICE, QP 26 )    4115576 bits [Y 99.9900 dB    U 99.9900 dB    V 99.9900 dB] [ET    22 ] [L0 ] [L1 ]
POC  425 TId: 0 ( I-SLICE, QP 26 )    4115464 bits [Y 99.9900 dB    U 99.9900 dB    V 99.9900 dB] [ET    23 ] [L0 ] [L1 ]
POC  426 TId: 0 ( I-SLICE, QP 26 )    4113728 bits [Y 99.9900 dB    U 99.9900 dB    V 99.9900 dB] [ET    23 ] [L0 ] [L1 ]
POC  427 TId: 0 ( I-SLICE, QP 26 )    4110056 bits [Y 99.9900 dB    U 99.9900 dB    V 99.9900 dB] [ET    23 ] [L0 ] [L1 ]
POC  428 TId: 0 ( I-SLICE, QP 26 )    4112072 bits [Y 99.9900 dB    U 99.9900 dB    V 99.9900 dB] [ET    23 ] [L0 ] [L1 ]
POC  429 TId: 0 ( I-SLICE, QP 26 )    4109592 bits [Y 99.9900 dB    U 99.9900 dB    V 99.9900 dB] [ET    23 ] [L0 ] [L1 ]
POC  430 TId: 0 ( I-SLICE, QP 26 )    4109320 bits [Y 99.9900 dB    U 99.9900 dB    V 99.9900 dB] [ET    23 ] [L0 ] [L1 ]
POC  431 TId: 0 ( I-SLICE, QP 26 )    4111696 bits [Y 99.9900 dB    U 99.9900 dB    V 99.9900 dB] [ET    22 ] [L0 ] [L1 ]
POC  432 TId: 0 ( I-SLICE, QP 26 )    4111408 bits [Y 99.9900 dB    U 99.9900 dB    V 99.9900 dB] [ET    23 ] [L0 ] [L1 ]
POC  433 TId: 0 ( I-SLICE, QP 26 )    4111536 bits [Y 99.9900 dB    U 99.9900 dB    V 99.9900 dB] [ET    23 ] [L0 ] [L1 ]
POC  434 TId: 0 ( I-SLICE, QP 26 )    4114000 bits [Y 99.9900 dB    U 99.9900 dB    V 99.9900 dB] [ET    22 ] [L0 ] [L1 ]
POC  435 TId: 0 ( I-SLICE, QP 26 )    4117184 bits [Y 99.9900 dB    U 99.9900 dB    V 99.9900 dB] [ET    23 ] [L0 ] [L1 ]
POC  436 TId: 0 ( I-SLICE, QP 26 )    4117344 bits [Y 99.9900 dB    U 99.9900 dB    V 99.9900 dB] [ET    23 ] [L0 ] [L1 ]
POC  437 TId: 0 ( I-SLICE, QP 26 )    4123104 bits [Y 99.9900 dB    U 99.9900 dB    V 99.9900 dB] [ET    23 ] [L0 ] [L1 ]
POC  438 TId: 0 ( I-SLICE, QP 26 )    4118920 bits [Y 99.9900 dB    U 99.9900 dB    V 99.9900 dB] [ET    23 ] [L0 ] [L1 ]
POC  439 TId: 0 ( I-SLICE, QP 26 )    4119760 bits [Y 99.9900 dB    U 99.9900 dB    V 99.9900 dB] [ET    23 ] [L0 ] [L1 ]
POC  440 TId: 0 ( I-SLICE, QP 26 )    4120680 bits [Y 99.9900 dB    U 99.9900 dB    V 99.9900 dB] [ET    22 ] [L0 ] [L1 ]
POC  441 TId: 0 ( I-SLICE, QP 26 )    4119280 bits [Y 99.9900 dB    U 99.9900 dB    V 99.9900 dB] [ET    23 ] [L0 ] [L1 ]
POC  442 TId: 0 ( I-SLICE, QP 26 )    4120352 bits [Y 99.9900 dB    U 99.9900 dB    V 99.9900 dB] [ET    23 ] [L0 ] [L1 ]
POC  443 TId: 0 ( I-SLICE, QP 26 )    4120152 bits [Y 99.9900 dB    U 99.9900 dB    V 99.9900 dB] [ET    23 ] [L0 ] [L1 ]
POC  444 TId: 0 ( I-SLICE, QP 26 )    4119768 bits [Y 99.9900 dB    U 99.9900 dB    V 99.9900 dB] [ET    22 ] [L0 ] [L1 ]
POC  445 TId: 0 ( I-SLICE, QP 26 )    4116120 bits [Y 99.9900 dB    U 99.9900 dB    V 99.9900 dB] [ET    22 ] [L0 ] [L1 ]
POC  446 TId: 0 ( I-SLICE, QP 26 )    4116944 bits [Y 99.9900 dB    U 99.9900 dB    V 99.9900 dB] [ET    23 ] [L0 ] [L1 ]
POC  447 TId: 0 ( I-SLICE, QP 26 )    4120728 bits [Y 99.9900 dB    U 99.9900 dB    V 99.9900 dB] [ET    23 ] [L0 ] [L1 ]
POC  448 TId: 0 ( I-SLICE, QP 26 )    4113568 bits [Y 99.9900 dB    U 99.9900 dB    V 99.9900 dB] [ET    23 ] [L0 ] [L1 ]
POC  449 TId: 0 ( I-SLICE, QP 26 )    4117064 bits [Y 99.9900 dB    U 99.9900 dB    V 99.9900 dB] [ET    22 ] [L0 ] [L1 ]
POC  450 TId: 0 ( I-SLICE, QP 26 )    4113552 bits [Y 99.9900 dB    U 99.9900 dB    V 99.9900 dB] [ET    23 ] [L0 ] [L1 ]
POC  451 TId: 0 ( I-SLICE, QP 26 )    4112984 bits [Y 99.9900 dB    U 99.9900 dB    V 99.9900 dB] [ET    23 ] [L0 ] [L1 ]
POC  452 TId: 0 ( I-SLICE, QP 26 )    4116528 bits [Y 99.9900 dB    U 99.9900 dB    V 99.9900 dB] [ET    23 ] [L0 ] [L1 ]
POC  453 TId: 0 ( I-SLICE, QP 26 )    4115744 bits [Y 99.9900 dB    U 99.9900 dB    V 99.9900 dB] [ET    23 ] [L0 ] [L1 ]
POC  454 TId: 0 ( I-SLICE, QP 26 )    4110592 bits [Y 99.9900 dB    U 99.9900 dB    V 99.9900 dB] [ET    23 ] [L0 ] [L1 ]
POC  455 TId: 0 ( I-SLICE, QP 26 )    4113184 bits [Y 99.9900 dB    U 99.9900 dB    V 99.9900 dB] [ET    23 ] [L0 ] [L1 ]
POC  456 TId: 0 ( I-SLICE, QP 26 )    4110680 bits [Y 99.9900 dB    U 99.9900 dB    V 99.9900 dB] [ET    23 ] [L0 ] [L1 ]
POC  457 TId: 0 ( I-SLICE, QP 26 )    4109024 bits [Y 99.9900 dB    U 99.9900 dB    V 99.9900 dB] [ET    23 ] [L0 ] [L1 ]
POC  458 TId: 0 ( I-SLICE, QP 26 )    4107448 bits [Y 99.9900 dB    U 99.9900 dB    V 99.9900 dB] [ET    23 ] [L0 ] [L1 ]
POC  459 TId: 0 ( I-SLICE, QP 26 )    4109768 bits [Y 99.9900 dB    U 99.9900 dB    V 99.9900 dB] [ET    23 ] [L0 ] [L1 ]
POC  460 TId: 0 ( I-SLICE, QP 26 )    4105280 bits [Y 99.9900 dB    U 99.9900 dB    V 99.9900 dB] [ET    23 ] [L0 ] [L1 ]
POC  461 TId: 0 ( I-SLICE, QP 26 )    4108560 bits [Y 99.9900 dB    U 99.9900 dB    V 99.9900 dB] [ET    23 ] [L0 ] [L1 ]
POC  462 TId: 0 ( I-SLICE, QP 26 )    4103864 bits [Y 99.9900 dB    U 99.9900 dB    V 99.9900 dB] [ET    23 ] [L0 ] [L1 ]
POC  463 TId: 0 ( I-SLICE, QP 26 )    4107456 bits [Y 99.9900 dB    U 99.9900 dB    V 99.9900 dB] [ET    23 ] [L0 ] [L1 ]
POC  464 TId: 0 ( I-SLICE, QP 26 )    4100880 bits [Y 99.9900 dB    U 99.9900 dB    V 99.9900 dB] [ET    23 ] [L0 ] [L1 ]
POC  465 TId: 0 ( I-SLICE, QP 26 )    4104056 bits [Y 99.9900 dB    U 99.9900 dB    V 99.9900 dB] [ET    23 ] [L0 ] [L1 ]
POC  466 TId: 0 ( I-SLICE, QP 26 )    4100224 bits [Y 99.9900 dB    U 99.9900 dB    V 99.9900 dB] [ET    23 ] [L0 ] [L1 ]
POC  467 TId: 0 ( I-SLICE, QP 26 )    4098992 bits [Y 99.9900 dB    U 99.9900 dB    V 99.9900 dB] [ET    23 ] [L0 ] [L1 ]
POC  468 TId: 0 ( I-SLICE, QP 26 )    4096848 bits [Y 99.9900 dB    U 99.9900 dB    V 99.9900 dB] [ET    22 ] [L0 ] [L1 ]
POC  469 TId: 0 ( I-SLICE, QP 26 )    4100888 bits [Y 99.9900 dB    U 99.9900 dB    V 99.9900 dB] [ET    23 ] [L0 ] [L1 ]
POC  470 TId: 0 ( I-SLICE, QP 26 )    4097008 bits [Y 99.9900 dB    U 99.9900 dB    V 99.9900 dB] [ET    23 ] [L0 ] [L1 ]
POC  471 TId: 0 ( I-SLICE, QP 26 )    4098496 bits [Y 99.9900 dB    U 99.9900 dB    V 99.9900 dB] [ET    10 ] [L0 ] [L1 ]
POC  472 TId: 0 ( I-SLICE, QP 26 )    4095984 bits [Y 99.9900 dB    U 99.9900 dB    V 99.9900 dB] [ET    11 ] [L0 ] [L1 ]
POC  473 TId: 0 ( I-SLICE, QP 26 )    4092000 bits [Y 99.9900 dB    U 99.9900 dB    V 99.9900 dB] [ET    10 ] [L0 ] [L1 ]
POC  474 TId: 0 ( I-SLICE, QP 26 )    4094328 bits [Y 99.9900 dB    U 99.9900 dB    V 99.9900 dB] [ET    10 ] [L0 ] [L1 ]
POC  475 TId: 0 ( I-SLICE, QP 26 )    4094296 bits [Y 99.9900 dB    U 99.9900 dB    V 99.9900 dB] [ET    11 ] [L0 ] [L1 ]
POC  476 TId: 0 ( I-SLICE, QP 26 )    4093832 bits [Y 99.9900 dB    U 99.9900 dB    V 99.9900 dB] [ET    10 ] [L0 ] [L1 ]
POC  477 TId: 0 ( I-SLICE, QP 26 )    4099488 bits [Y 99.9900 dB    U 99.9900 dB    V 99.9900 dB] [ET    10 ] [L0 ] [L1 ]
POC  478 TId: 0 ( I-SLICE, QP 26 )    4094304 bits [Y 99.9900 dB    U 99.9900 dB    V 99.9900 dB] [ET    10 ] [L0 ] [L1 ]
POC  479 TId: 0 ( I-SLICE, QP 26 )    4098760 bits [Y 99.9900 dB    U 99.9900 dB    V 99.9900 dB] [ET    10 ] [L0 ] [L1 ]
POC  480 TId: 0 ( I-SLICE, QP 26 )    4094952 bits [Y 99.9900 dB    U 99.9900 dB    V 99.9900 dB] [ET    10 ] [L0 ] [L1 ]
POC  481 TId: 0 ( I-SLICE, QP 26 )    4099184 bits [Y 99.9900 dB    U 99.9900 dB    V 99.9900 dB] [ET    11 ] [L0 ] [L1 ]
POC  482 TId: 0 ( I-SLICE, QP 26 )    4100992 bits [Y 99.9900 dB    U 99.9900 dB    V 99.9900 dB] [ET    10 ] [L0 ] [L1 ]
POC  483 TId: 0 ( I-SLICE, QP 26 )    4101848 bits [Y 99.9900 dB    U 99.9900 dB    V 99.9900 dB] [ET    10 ] [L0 ] [L1 ]
POC  484 TId: 0 ( I-SLICE, QP 26 )    4103584 bits [Y 99.9900 dB    U 99.9900 dB    V 99.9900 dB] [ET    11 ] [L0 ] [L1 ]
POC  485 TId: 0 ( I-SLICE, QP 26 )    4107976 bits [Y 99.9900 dB    U 99.9900 dB    V 99.9900 dB] [ET    10 ] [L0 ] [L1 ]
POC  486 TId: 0 ( I-SLICE, QP 26 )    4109576 bits [Y 99.9900 dB    U 99.9900 dB    V 99.9900 dB] [ET    10 ] [L0 ] [L1 ]
POC  487 TId: 0 ( I-SLICE, QP 26 )    4110792 bits [Y 99.9900 dB    U 99.9900 dB    V 99.9900 dB] [ET    10 ] [L0 ] [L1 ]
POC  488 TId: 0 ( I-SLICE, QP 26 )    4109424 bits [Y 99.9900 dB    U 99.9900 dB    V 99.9900 dB] [ET    11 ] [L0 ] [L1 ]
POC  489 TId: 0 ( I-SLICE, QP 26 )    4109528 bits [Y 99.9900 dB    U 99.9900 dB    V 99.9900 dB] [ET    10 ] [L0 ] [L1 ]
POC  490 TId: 0 ( I-SLICE, QP 26 )    4112560 bits [Y 99.9900 dB    U 99.9900 dB    V 99.9900 dB] [ET    10 ] [L0 ] [L1 ]
POC  491 TId: 0 ( I-SLICE, QP 26 )    4113480 bits [Y 99.9900 dB    U 99.9900 dB    V 99.9900 dB] [ET    10 ] [L0 ] [L1 ]
POC  492 TId: 0 ( I-SLICE, QP 26 )    4107496 bits [Y 99.9900 dB    U 99.9900 dB    V 99.9900 dB] [ET    10 ] [L0 ] [L1 ]
POC  493 TId: 0 ( I-SLICE, QP 26 )    4112408 bits [Y 99.9900 dB    U 99.9900 dB    V 99.9900 dB] [ET    10 ] [L0 ] [L1 ]
POC  494 TId: 0 ( I-SLICE, QP 26 )    4111008 bits [Y 99.9900 dB    U 99.9900 dB    V 99.9900 dB] [ET    10 ] [L0 ] [L1 ]
POC  495 TId: 0 ( I-SLICE, QP 26 )    4109472 bits [Y 99.9900 dB    U 99.9900 dB    V 99.9900 dB] [ET    11 ] [L0 ] [L1 ]
POC  496 TId: 0 ( I-SLICE, QP 26 )    4111992 bits [Y 99.9900 dB    U 99.9900 dB    V 99.9900 dB] [ET    10 ] [L0 ] [L1 ]
POC  497 TId: 0 ( I-SLICE, QP 26 )    4107456 bits [Y 99.9900 dB    U 99.9900 dB    V 99.9900 dB] [ET    11 ] [L0 ] [L1 ]
POC  498 TId: 0 ( I-SLICE, QP 26 )    4112040 bits [Y 99.9900 dB    U 99.9900 dB    V 99.9900 dB] [ET    11 ] [L0 ] [L1 ]
POC  499 TId: 0 ( I-SLICE, QP 26 )    4112560 bits [Y 99.9900 dB    U 99.9900 dB    V 99.9900 dB] [ET    10 ] [L0 ] [L1 ]
POC  500 TId: 0 ( I-SLICE, QP 26 )    4111792 bits [Y 99.9900 dB    U 99.9900 dB    V 99.9900 dB] [ET    10 ] [L0 ] [L1 ]
POC  501 TId: 0 ( I-SLICE, QP 26 )    4113512 bits [Y 99.9900 dB    U 99.9900 dB    V 99.9900 dB] [ET    10 ] [L0 ] [L1 ]
POC  502 TId: 0 ( I-SLICE, QP 26 )    4108240 bits [Y 99.9900 dB    U 99.9900 dB    V 99.9900 dB] [ET    11 ] [L0 ] [L1 ]
POC  503 TId: 0 ( I-SLICE, QP 26 )    4114784 bits [Y 99.9900 dB    U 99.9900 dB    V 99.9900 dB] [ET    10 ] [L0 ] [L1 ]
POC  504 TId: 0 ( I-SLICE, QP 26 )    4111272 bits [Y 99.9900 dB    U 99.9900 dB    V 99.9900 dB] [ET    10 ] [L0 ] [L1 ]
POC  505 TId: 0 ( I-SLICE, QP 26 )    4114304 bits [Y 99.9900 dB    U 99.9900 dB    V 99.9900 dB] [ET    10 ] [L0 ] [L1 ]
POC  506 TId: 0 ( I-SLICE, QP 26 )    4109392 bits [Y 99.9900 dB    U 99.9900 dB    V 99.9900 dB] [ET    11 ] [L0 ] [L1 ]
POC  507 TId: 0 ( I-SLICE, QP 26 )    4108680 bits [Y 99.9900 dB    U 99.9900 dB    V 99.9900 dB] [ET    11 ] [L0 ] [L1 ]
POC  508 TId: 0 ( I-SLICE, QP 26 )    4106368 bits [Y 99.9900 dB    U 99.9900 dB    V 99.9900 dB] [ET    10 ] [L0 ] [L1 ]
POC  509 TId: 0 ( I-SLICE, QP 26 )    4103296 bits [Y 99.9900 dB    U 99.9900 dB    V 99.9900 dB] [ET    11 ] [L0 ] [L1 ]
POC  510 TId: 0 ( I-SLICE, QP 26 )    4107272 bits [Y 99.9900 dB    U 99.9900 dB    V 99.9900 dB] [ET    11 ] [L0 ] [L1 ]
POC  511 TId: 0 ( I-SLICE, QP 26 )    4107960 bits [Y 99.9900 dB    U 99.9900 dB    V 99.9900 dB] [ET    10 ] [L0 ] [L1 ]
POC  512 TId: 0 ( I-SLICE, QP 26 )    4109384 bits [Y 99.9900 dB    U 99.9900 dB    V 99.9900 dB] [ET    10 ] [L0 ] [L1 ]
POC  513 TId: 0 ( I-SLICE, QP 26 )    4111744 bits [Y 99.9900 dB    U 99.9900 dB    V 99.9900 dB] [ET    10 ] [L0 ] [L1 ]
POC  514 TId: 0 ( I-SLICE, QP 26 )    4113480 bits [Y 99.9900 dB    U 99.9900 dB    V 99.9900 dB] [ET    11 ] [L0 ] [L1 ]
POC  515 TId: 0 ( I-SLICE, QP 26 )    4117960 bits [Y 99.9900 dB    U 99.9900 dB    V 99.9900 dB] [ET    11 ] [L0 ] [L1 ]
POC  516 TId: 0 ( I-SLICE, QP 26 )    4116064 bits [Y 99.9900 dB    U 99.9900 dB    V 99.9900 dB] [ET    11 ] [L0 ] [L1 ]
POC  517 TId: 0 ( I-SLICE, QP 26 )    4120720 bits [Y 99.9900 dB    U 99.9900 dB    V 99.9900 dB] [ET    10 ] [L0 ] [L1 ]
POC  518 TId: 0 ( I-SLICE, QP 26 )    4118816 bits [Y 99.9900 dB    U 99.9900 dB    V 99.9900 dB] [ET    10 ] [L0 ] [L1 ]
POC  519 TId: 0 ( I-SLICE, QP 26 )    4120824 bits [Y 99.9900 dB    U 99.9900 dB    V 99.9900 dB] [ET    10 ] [L0 ] [L1 ]
POC  520 TId: 0 ( I-SLICE, QP 26 )    4120336 bits [Y 99.9900 dB    U 99.9900 dB    V 99.9900 dB] [ET    10 ] [L0 ] [L1 ]
POC  521 TId: 0 ( I-SLICE, QP 26 )    4118072 bits [Y 99.9900 dB    U 99.9900 dB    V 99.9900 dB] [ET    11 ] [L0 ] [L1 ]
POC  522 TId: 0 ( I-SLICE, QP 26 )    4122976 bits [Y 99.9900 dB    U 99.9900 dB    V 99.9900 dB] [ET    11 ] [L0 ] [L1 ]
POC  523 TId: 0 ( I-SLICE, QP 26 )    4125864 bits [Y 99.9900 dB    U 99.9900 dB    V 99.9900 dB] [ET    10 ] [L0 ] [L1 ]
POC  524 TId: 0 ( I-SLICE, QP 26 )    4117152 bits [Y 99.9900 dB    U 99.9900 dB    V 99.9900 dB] [ET    10 ] [L0 ] [L1 ]
POC  525 TId: 0 ( I-SLICE, QP 26 )    4124496 bits [Y 99.9900 dB    U 99.9900 dB    V 99.9900 dB] [ET    10 ] [L0 ] [L1 ]
POC  526 TId: 0 ( I-SLICE, QP 26 )    4127464 bits [Y 99.9900 dB    U 99.9900 dB    V 99.9900 dB] [ET    11 ] [L0 ] [L1 ]
POC  527 TId: 0 ( I-SLICE, QP 26 )    4125304 bits [Y 99.9900 dB    U 99.9900 dB    V 99.9900 dB] [ET    11 ] [L0 ] [L1 ]
POC  528 TId: 0 ( I-SLICE, QP 26 )    4126688 bits [Y 99.9900 dB    U 99.9900 dB    V 99.9900 dB] [ET    11 ] [L0 ] [L1 ]
POC  529 TId: 0 ( I-SLICE, QP 26 )    4131880 bits [Y 99.9900 dB    U 99.9900 dB    V 99.9900 dB] [ET    11 ] [L0 ] [L1 ]
POC  530 TId: 0 ( I-SLICE, QP 26 )    4126112 bits [Y 99.9900 dB    U 99.9900 dB    V 99.9900 dB] [ET    10 ] [L0 ] [L1 ]
POC  531 TId: 0 ( I-SLICE, QP 26 )    4135072 bits [Y 99.9900 dB    U 99.9900 dB    V 99.9900 dB] [ET    10 ] [L0 ] [L1 ]
POC  532 TId: 0 ( I-SLICE, QP 26 )    4130088 bits [Y 99.9900 dB    U 99.9900 dB    V 99.9900 dB] [ET    10 ] [L0 ] [L1 ]
POC  533 TId: 0 ( I-SLICE, QP 26 )    4135552 bits [Y 99.9900 dB    U 99.9900 dB    V 99.9900 dB] [ET    10 ] [L0 ] [L1 ]
POC  534 TId: 0 ( I-SLICE, QP 26 )    4134352 bits [Y 99.9900 dB    U 99.9900 dB    V 99.9900 dB] [ET    10 ] [L0 ] [L1 ]
POC  535 TId: 0 ( I-SLICE, QP 26 )    4135752 bits [Y 99.9900 dB    U 99.9900 dB    V 99.9900 dB] [ET    10 ] [L0 ] [L1 ]
POC  536 TId: 0 ( I-SLICE, QP 26 )    4133192 bits [Y 99.9900 dB    U 99.9900 dB    V 99.9900 dB] [ET    10 ] [L0 ] [L1 ]
POC  537 TId: 0 ( I-SLICE, QP 26 )    4133480 bits [Y 99.9900 dB    U 99.9900 dB    V 99.9900 dB] [ET    10 ] [L0 ] [L1 ]
POC  538 TId: 0 ( I-SLICE, QP 26 )    4135200 bits [Y 99.9900 dB    U 99.9900 dB    V 99.9900 dB] [ET    11 ] [L0 ] [L1 ]
POC  539 TId: 0 ( I-SLICE, QP 26 )    4137464 bits [Y 99.9900 dB    U 99.9900 dB    V 99.9900 dB] [ET    10 ] [L0 ] [L1 ]
POC  540 TId: 0 ( I-SLICE, QP 26 )    4139824 bits [Y 99.9900 dB    U 99.9900 dB    V 99.9900 dB] [ET    11 ] [L0 ] [L1 ]
POC  541 TId: 0 ( I-SLICE, QP 26 )    4148176 bits [Y 99.9900 dB    U 99.9900 dB    V 99.9900 dB] [ET    10 ] [L0 ] [L1 ]
POC  542 TId: 0 ( I-SLICE, QP 26 )    4158400 bits [Y 99.9900 dB    U 99.9900 dB    V 99.9900 dB] [ET    11 ] [L0 ] [L1 ]
POC  543 TId: 0 ( I-SLICE, QP 26 )    4166304 bits [Y 99.9900 dB    U 99.9900 dB    V 99.9900 dB] [ET    11 ] [L0 ] [L1 ]
POC  544 TId: 0 ( I-SLICE, QP 26 )    4171912 bits [Y 99.9900 dB    U 99.9900 dB    V 99.9900 dB] [ET    10 ] [L0 ] [L1 ]
POC  545 TId: 0 ( I-SLICE, QP 26 )    4173120 bits [Y 99.9900 dB    U 99.9900 dB    V 99.9900 dB] [ET    10 ] [L0 ] [L1 ]
POC  546 TId: 0 ( I-SLICE, QP 26 )    4174488 bits [Y 99.9900 dB    U 99.9900 dB    V 99.9900 dB] [ET    10 ] [L0 ] [L1 ]
POC  547 TId: 0 ( I-SLICE, QP 26 )    4179168 bits [Y 99.9900 dB    U 99.9900 dB    V 99.9900 dB] [ET    10 ] [L0 ] [L1 ]
POC  548 TId: 0 ( I-SLICE, QP 26 )    4173256 bits [Y 99.9900 dB    U 99.9900 dB    V 99.9900 dB] [ET    10 ] [L0 ] [L1 ]
POC  549 TId: 0 ( I-SLICE, QP 26 )    4173528 bits [Y 99.9900 dB    U 99.9900 dB    V 99.9900 dB] [ET    11 ] [L0 ] [L1 ]
POC  550 TId: 0 ( I-SLICE, QP 26 )    4174576 bits [Y 99.9900 dB    U 99.9900 dB    V 99.9900 dB] [ET    10 ] [L0 ] [L1 ]
POC  551 TId: 0 ( I-SLICE, QP 26 )    4181280 bits [Y 99.9900 dB    U 99.9900 dB    V 99.9900 dB] [ET    10 ] [L0 ] [L1 ]
POC  552 TId: 0 ( I-SLICE, QP 26 )    4197224 bits [Y 99.9900 dB    U 99.9900 dB    V 99.9900 dB] [ET    10 ] [L0 ] [L1 ]
POC  553 TId: 0 ( I-SLICE, QP 26 )    4182752 bits [Y 99.9900 dB    U 99.9900 dB    V 99.9900 dB] [ET    11 ] [L0 ] [L1 ]
POC  554 TId: 0 ( I-SLICE, QP 26 )    4189456 bits [Y 99.9900 dB    U 99.9900 dB    V 99.9900 dB] [ET    11 ] [L0 ] [L1 ]
POC  555 TId: 0 ( I-SLICE, QP 26 )    4178088 bits [Y 99.9900 dB    U 99.9900 dB    V 99.9900 dB] [ET    10 ] [L0 ] [L1 ]
POC  556 TId: 0 ( I-SLICE, QP 26 )    4181832 bits [Y 99.9900 dB    U 99.9900 dB    V 99.9900 dB] [ET    10 ] [L0 ] [L1 ]
POC  557 TId: 0 ( I-SLICE, QP 26 )    4176568 bits [Y 99.9900 dB    U 99.9900 dB    V 99.9900 dB] [ET    10 ] [L0 ] [L1 ]
POC  558 TId: 0 ( I-SLICE, QP 26 )    4174864 bits [Y 99.9900 dB    U 99.9900 dB    V 99.9900 dB] [ET    10 ] [L0 ] [L1 ]
POC  559 TId: 0 ( I-SLICE, QP 26 )    4179480 bits [Y 99.9900 dB    U 99.9900 dB    V 99.9900 dB] [ET    10 ] [L0 ] [L1 ]
POC  560 TId: 0 ( I-SLICE, QP 26 )    4175936 bits [Y 99.9900 dB    U 99.9900 dB    V 99.9900 dB] [ET    11 ] [L0 ] [L1 ]
POC  561 TId: 0 ( I-SLICE, QP 26 )    4173400 bits [Y 99.9900 dB    U 99.9900 dB    V 99.9900 dB] [ET    10 ] [L0 ] [L1 ]
POC  562 TId: 0 ( I-SLICE, QP 26 )    4171976 bits [Y 99.9900 dB    U 99.9900 dB    V 99.9900 dB] [ET    10 ] [L0 ] [L1 ]
POC  563 TId: 0 ( I-SLICE, QP 26 )    4171248 bits [Y 99.9900 dB    U 99.9900 dB    V 99.9900 dB] [ET    11 ] [L0 ] [L1 ]
POC  564 TId: 0 ( I-SLICE, QP 26 )    4165144 bits [Y 99.9900 dB    U 99.9900 dB    V 99.9900 dB] [ET    10 ] [L0 ] [L1 ]
POC  565 TId: 0 ( I-SLICE, QP 26 )    4162872 bits [Y 99.9900 dB    U 99.9900 dB    V 99.9900 dB] [ET    11 ] [L0 ] [L1 ]
POC  566 TId: 0 ( I-SLICE, QP 26 )    4160272 bits [Y 99.9900 dB    U 99.9900 dB    V 99.9900 dB] [ET    10 ] [L0 ] [L1 ]
POC  567 TId: 0 ( I-SLICE, QP 26 )    4156000 bits [Y 99.9900 dB    U 99.9900 dB    V 99.9900 dB] [ET    10 ] [L0 ] [L1 ]
POC  568 TId: 0 ( I-SLICE, QP 26 )    4152992 bits [Y 99.9900 dB    U 99.9900 dB    V 99.9900 dB] [ET    10 ] [L0 ] [L1 ]
POC  569 TId: 0 ( I-SLICE, QP 26 )    4155624 bits [Y 99.9900 dB    U 99.9900 dB    V 99.9900 dB] [ET    10 ] [L0 ] [L1 ]
POC  570 TId: 0 ( I-SLICE, QP 26 )    4154016 bits [Y 99.9900 dB    U 99.9900 dB    V 99.9900 dB] [ET    10 ] [L0 ] [L1 ]
POC  571 TId: 0 ( I-SLICE, QP 26 )    4152296 bits [Y 99.9900 dB    U 99.9900 dB    V 99.9900 dB] [ET    11 ] [L0 ] [L1 ]
POC  572 TId: 0 ( I-SLICE, QP 26 )    4152760 bits [Y 99.9900 dB    U 99.9900 dB    V 99.9900 dB] [ET    11 ] [L0 ] [L1 ]
POC  573 TId: 0 ( I-SLICE, QP 26 )    4158088 bits [Y 99.9900 dB    U 99.9900 dB    V 99.9900 dB] [ET    10 ] [L0 ] [L1 ]
POC  574 TId: 0 ( I-SLICE, QP 26 )    4160488 bits [Y 99.9900 dB    U 99.9900 dB    V 99.9900 dB] [ET    10 ] [L0 ] [L1 ]
POC  575 TId: 0 ( I-SLICE, QP 26 )    4157072 bits [Y 99.9900 dB    U 99.9900 dB    V 99.9900 dB] [ET    10 ] [L0 ] [L1 ]
POC  576 TId: 0 ( I-SLICE, QP 26 )    4159040 bits [Y 99.9900 dB    U 99.9900 dB    V 99.9900 dB] [ET    11 ] [L0 ] [L1 ]
POC  577 TId: 0 ( I-SLICE, QP 26 )    4157160 bits [Y 99.9900 dB    U 99.9900 dB    V 99.9900 dB] [ET    10 ] [L0 ] [L1 ]
POC  578 TId: 0 ( I-SLICE, QP 26 )    4155856 bits [Y 99.9900 dB    U 99.9900 dB    V 99.9900 dB] [ET    10 ] [L0 ] [L1 ]
POC  579 TId: 0 ( I-SLICE, QP 26 )    4156240 bits [Y 99.9900 dB    U 99.9900 dB    V 99.9900 dB] [ET    10 ] [L0 ] [L1 ]
POC  580 TId: 0 ( I-SLICE, QP 26 )    4155080 bits [Y 99.9900 dB    U 99.9900 dB    V 99.9900 dB] [ET    10 ] [L0 ] [L1 ]
POC  581 TId: 0 ( I-SLICE, QP 26 )    4154456 bits [Y 99.9900 dB    U 99.9900 dB    V 99.9900 dB] [ET    10 ] [L0 ] [L1 ]
POC  582 TId: 0 ( I-SLICE, QP 26 )    4150296 bits [Y 99.9900 dB    U 99.9900 dB    V 99.9900 dB] [ET    10 ] [L0 ] [L1 ]
POC  583 TId: 0 ( I-SLICE, QP 26 )    4147864 bits [Y 99.9900 dB    U 99.9900 dB    V 99.9900 dB] [ET    10 ] [L0 ] [L1 ]
POC  584 TId: 0 ( I-SLICE, QP 26 )    4145712 bits [Y 99.9900 dB    U 99.9900 dB    V 99.9900 dB] [ET    11 ] [L0 ] [L1 ]
POC  585 TId: 0 ( I-SLICE, QP 26 )    4150464 bits [Y 99.9900 dB    U 99.9900 dB    V 99.9900 dB] [ET    10 ] [L0 ] [L1 ]
POC  586 TId: 0 ( I-SLICE, QP 26 )    4149064 bits [Y 99.9900 dB    U 99.9900 dB    V 99.9900 dB] [ET    10 ] [L0 ] [L1 ]
POC  587 TId: 0 ( I-SLICE, QP 26 )    4146312 bits [Y 99.9900 dB    U 99.9900 dB    V 99.9900 dB] [ET    10 ] [L0 ] [L1 ]
POC  588 TId: 0 ( I-SLICE, QP 26 )    4144176 bits [Y 99.9900 dB    U 99.9900 dB    V 99.9900 dB] [ET    11 ] [L0 ] [L1 ]
POC  589 TId: 0 ( I-SLICE, QP 26 )    4144752 bits [Y 99.9900 dB    U 99.9900 dB    V 99.9900 dB] [ET    10 ] [L0 ] [L1 ]
POC  590 TId: 0 ( I-SLICE, QP 26 )    4141952 bits [Y 99.9900 dB    U 99.9900 dB    V 99.9900 dB] [ET    10 ] [L0 ] [L1 ]
POC  591 TId: 0 ( I-SLICE, QP 26 )    4145056 bits [Y 99.9900 dB    U 99.9900 dB    V 99.9900 dB] [ET    11 ] [L0 ] [L1 ]
POC  592 TId: 0 ( I-SLICE, QP 26 )    4139664 bits [Y 99.9900 dB    U 99.9900 dB    V 99.9900 dB] [ET    11 ] [L0 ] [L1 ]
POC  593 TId: 0 ( I-SLICE, QP 26 )    4143968 bits [Y 99.9900 dB    U 99.9900 dB    V 99.9900 dB] [ET    10 ] [L0 ] [L1 ]
POC  594 TId: 0 ( I-SLICE, QP 26 )    4139624 bits [Y 99.9900 dB    U 99.9900 dB    V 99.9900 dB] [ET    11 ] [L0 ] [L1 ]
POC  595 TId: 0 ( I-SLICE, QP 26 )    4141168 bits [Y 99.9900 dB    U 99.9900 dB    V 99.9900 dB] [ET    10 ] [L0 ] [L1 ]
POC  596 TId: 0 ( I-SLICE, QP 26 )    4140088 bits [Y 99.9900 dB    U 99.9900 dB    V 99.9900 dB] [ET    10 ] [L0 ] [L1 ]
POC  597 TId: 0 ( I-SLICE, QP 26 )    4142160 bits [Y 99.9900 dB    U 99.9900 dB    V 99.9900 dB] [ET    10 ] [L0 ] [L1 ]
POC  598 TId: 0 ( I-SLICE, QP 26 )    4143472 bits [Y 99.9900 dB    U 99.9900 dB    V 99.9900 dB] [ET    11 ] [L0 ] [L1 ]
POC  599 TId: 0 ( I-SLICE, QP 26 )    4146672 bits [Y 99.9900 dB    U 99.9900 dB    V 99.9900 dB] [ET    10 ] [L0 ] [L1 ]


SUMMARY --------------------------------------------------------
	Total Frames |  Bitrate    Y-PSNR    U-PSNR    V-PSNR 
	      600    a 247298.4624   99.9900   99.9900   99.9900


I Slices--------------------------------------------------------
	Total Frames |  Bitrate    Y-PSNR    U-PSNR    V-PSNR 
	      600    i 247298.4624   99.9900   99.9900   99.9900


P Slices--------------------------------------------------------
	Total Frames |  Bitrate    Y-PSNR    U-PSNR    V-PSNR 
	        0    p        -nan      -nan      -nan      -nan


B Slices--------------------------------------------------------
	Total Frames |  Bitrate    Y-PSNR    U-PSNR    V-PSNR 
	        0    b        -nan      -nan      -nan      -nan

RVM: 0.000
Bytes written to file: 309125489 (247300.391 kbps)

 Total Time:     7253.922 sec.
