
HM software: Encoder Version [15.0][Linux][GCC 4.8.5][64 bit] 

Input          File          : ../../HEVC_test_sequence/ClassC/PartyScene_832x480_50.yuv
Bitstream      File          : PartyScene.bin
Reconstruction File          : PartyScene.yuv
Real     Format              : 832x480 50Hz
Internal Format              : 832x480 50Hz
Frame/Field                  : Frame based coding
Frame index                  : 0 - 499 (500 frames)
CU size / depth              : 32 / 3
RQT trans. size (min / max)  : 4 / 32
Max RQT depth inter          : 3
Max RQT depth intra          : 1
Min PCM size                 : 8
Motion search range          : 64
Intra period                 : 1
Decoding refresh type        : 0
QP                           : 26.00
Max dQP signaling depth      : 0
Cb QP Offset                 : 0
Cr QP Offset                 : 0
QP adaptation                : 0 (range=0)
GOP size                     : 1
Internal bit depth           : (Y:8, C:8)
PCM sample bit depth         : (Y:8, C:8)
RateControl                  : 0
Max Num Merge Candidates     : 5

TOOL CFG: IBD:0 HAD:0 RDQ:0 RDQTS:0 RDpenalty:0 SQP:0 ASR:0 FEN:0 ECU:0 FDM:0 CFM:0 ESD:0 RQT:1 TransformSkip:0 TransformSkipFast:0 Slice: M=0 SliceSegment: M=0 CIP:0 SAO:0 PCM:0 TransQuantBypassEnabled: =1 WPP:0 WPB:0 PME:2  WaveFrontSynchro:0 WaveFrontSubstreams:1 ScalingList:0 TMVPMode:1  SignBitHidingFlag:1 RecalQP:0

POC    0 TId: 0 ( I-SLICE, QP 26 )    3091952 bits [Y 99.9900 dB    U 99.9900 dB    V 99.9900 dB] [ET     4 ] [L0 ] [L1 ]
POC    1 TId: 0 ( I-SLICE, QP 26 )    3091472 bits [Y 99.9900 dB    U 99.9900 dB    V 99.9900 dB] [ET     4 ] [L0 ] [L1 ]
POC    2 TId: 0 ( I-SLICE, QP 26 )    3091472 bits [Y 99.9900 dB    U 99.9900 dB    V 99.9900 dB] [ET     4 ] [L0 ] [L1 ]
POC    3 TId: 0 ( I-SLICE, QP 26 )    3090400 bits [Y 99.9900 dB    U 99.9900 dB    V 99.9900 dB] [ET     4 ] [L0 ] [L1 ]
POC    4 TId: 0 ( I-SLICE, QP 26 )    3082368 bits [Y 99.9900 dB    U 99.9900 dB    V 99.9900 dB] [ET     4 ] [L0 ] [L1 ]
POC    5 TId: 0 ( I-SLICE, QP 26 )    3080840 bits [Y 99.9900 dB    U 99.9900 dB    V 99.9900 dB] [ET     4 ] [L0 ] [L1 ]
POC    6 TId: 0 ( I-SLICE, QP 26 )    3078456 bits [Y 99.9900 dB    U 99.9900 dB    V 99.9900 dB] [ET     4 ] [L0 ] [L1 ]
POC    7 TId: 0 ( I-SLICE, QP 26 )    3082472 bits [Y 99.9900 dB    U 99.9900 dB    V 99.9900 dB] [ET     4 ] [L0 ] [L1 ]
POC    8 TId: 0 ( I-SLICE, QP 26 )    3079168 bits [Y 99.9900 dB    U 99.9900 dB    V 99.9900 dB] [ET     4 ] [L0 ] [L1 ]
POC    9 TId: 0 ( I-SLICE, QP 26 )    3078664 bits [Y 99.9900 dB    U 99.9900 dB    V 99.9900 dB] [ET     4 ] [L0 ] [L1 ]
POC   10 TId: 0 ( I-SLICE, QP 26 )    3080304 bits [Y 99.9900 dB    U 99.9900 dB    V 99.9900 dB] [ET     4 ] [L0 ] [L1 ]
POC   11 TId: 0 ( I-SLICE, QP 26 )    3079624 bits [Y 99.9900 dB    U 99.9900 dB    V 99.9900 dB] [ET     4 ] [L0 ] [L1 ]
POC   12 TId: 0 ( I-SLICE, QP 26 )    3083184 bits [Y 99.9900 dB    U 99.9900 dB    V 99.9900 dB] [ET     4 ] [L0 ] [L1 ]
POC   13 TId: 0 ( I-SLICE, QP 26 )    3084976 bits [Y 99.9900 dB    U 99.9900 dB    V 99.9900 dB] [ET     4 ] [L0 ] [L1 ]
POC   14 TId: 0 ( I-SLICE, QP 26 )    3087008 bits [Y 99.9900 dB    U 99.9900 dB    V 99.9900 dB] [ET     4 ] [L0 ] [L1 ]
POC   15 TId: 0 ( I-SLICE, QP 26 )    3089616 bits [Y 99.9900 dB    U 99.9900 dB    V 99.9900 dB] [ET     4 ] [L0 ] [L1 ]
POC   16 TId: 0 ( I-SLICE, QP 26 )    3095488 bits [Y 99.9900 dB    U 99.9900 dB    V 99.9900 dB] [ET     4 ] [L0 ] [L1 ]
POC   17 TId: 0 ( I-SLICE, QP 26 )    3093120 bits [Y 99.9900 dB    U 99.9900 dB    V 99.9900 dB] [ET     4 ] [L0 ] [L1 ]
POC   18 TId: 0 ( I-SLICE, QP 26 )    3092416 bits [Y 99.9900 dB    U 99.9900 dB    V 99.9900 dB] [ET     4 ] [L0 ] [L1 ]
POC   19 TId: 0 ( I-SLICE, QP 26 )    3085160 bits [Y 99.9900 dB    U 99.9900 dB    V 99.9900 dB] [ET     4 ] [L0 ] [L1 ]
POC   20 TId: 0 ( I-SLICE, QP 26 )    3074136 bits [Y 99.9900 dB    U 99.9900 dB    V 99.9900 dB] [ET     5 ] [L0 ] [L1 ]
POC   21 TId: 0 ( I-SLICE, QP 26 )    3065504 bits [Y 99.9900 dB    U 99.9900 dB    V 99.9900 dB] [ET     4 ] [L0 ] [L1 ]
POC   22 TId: 0 ( I-SLICE, QP 26 )    3062904 bits [Y 99.9900 dB    U 99.9900 dB    V 99.9900 dB] [ET     4 ] [L0 ] [L1 ]
POC   23 TId: 0 ( I-SLICE, QP 26 )    3056272 bits [Y 99.9900 dB    U 99.9900 dB    V 99.9900 dB] [ET     4 ] [L0 ] [L1 ]
POC   24 TId: 0 ( I-SLICE, QP 26 )    3050880 bits [Y 99.9900 dB    U 99.9900 dB    V 99.9900 dB] [ET     4 ] [L0 ] [L1 ]
POC   25 TId: 0 ( I-SLICE, QP 26 )    3046448 bits [Y 99.9900 dB    U 99.9900 dB    V 99.9900 dB] [ET     4 ] [L0 ] [L1 ]
POC   26 TId: 0 ( I-SLICE, QP 26 )    3040688 bits [Y 99.9900 dB    U 99.9900 dB    V 99.9900 dB] [ET     5 ] [L0 ] [L1 ]
POC   27 TId: 0 ( I-SLICE, QP 26 )    3034656 bits [Y 99.9900 dB    U 99.9900 dB    V 99.9900 dB] [ET     4 ] [L0 ] [L1 ]
POC   28 TId: 0 ( I-SLICE, QP 26 )    3028208 bits [Y 99.9900 dB    U 99.9900 dB    V 99.9900 dB] [ET     4 ] [L0 ] [L1 ]
POC   29 TId: 0 ( I-SLICE, QP 26 )    3022656 bits [Y 99.9900 dB    U 99.9900 dB    V 99.9900 dB] [ET     4 ] [L0 ] [L1 ]
POC   30 TId: 0 ( I-SLICE, QP 26 )    3008408 bits [Y 99.9900 dB    U 99.9900 dB    V 99.9900 dB] [ET     4 ] [L0 ] [L1 ]
POC   31 TId: 0 ( I-SLICE, QP 26 )    2994432 bits [Y 99.9900 dB    U 99.9900 dB    V 99.9900 dB] [ET     5 ] [L0 ] [L1 ]
POC   32 TId: 0 ( I-SLICE, QP 26 )    2988600 bits [Y 99.9900 dB    U 99.9900 dB    V 99.9900 dB] [ET     5 ] [L0 ] [L1 ]
POC   33 TId: 0 ( I-SLICE, QP 26 )    2978152 bits [Y 99.9900 dB    U 99.9900 dB    V 99.9900 dB] [ET     4 ] [L0 ] [L1 ]
POC   34 TId: 0 ( I-SLICE, QP 26 )    2974240 bits [Y 99.9900 dB    U 99.9900 dB    V 99.9900 dB] [ET     4 ] [L0 ] [L1 ]
POC   35 TId: 0 ( I-SLICE, QP 26 )    2964688 bits [Y 99.9900 dB    U 99.9900 dB    V 99.9900 dB] [ET     4 ] [L0 ] [L1 ]
POC   36 TId: 0 ( I-SLICE, QP 26 )    2951088 bits [Y 99.9900 dB    U 99.9900 dB    V 99.9900 dB] [ET     4 ] [L0 ] [L1 ]
POC   37 TId: 0 ( I-SLICE, QP 26 )    2935896 bits [Y 99.9900 dB    U 99.9900 dB    V 99.9900 dB] [ET     4 ] [L0 ] [L1 ]
POC   38 TId: 0 ( I-SLICE, QP 26 )    2929296 bits [Y 99.9900 dB    U 99.9900 dB    V 99.9900 dB] [ET     4 ] [L0 ] [L1 ]
POC   39 TId: 0 ( I-SLICE, QP 26 )    2926720 bits [Y 99.9900 dB    U 99.9900 dB    V 99.9900 dB] [ET     4 ] [L0 ] [L1 ]
POC   40 TId: 0 ( I-SLICE, QP 26 )    2922528 bits [Y 99.9900 dB    U 99.9900 dB    V 99.9900 dB] [ET     4 ] [L0 ] [L1 ]
POC   41 TId: 0 ( I-SLICE, QP 26 )    2924064 bits [Y 99.9900 dB    U 99.9900 dB    V 99.9900 dB] [ET     4 ] [L0 ] [L1 ]
POC   42 TId: 0 ( I-SLICE, QP 26 )    2922744 bits [Y 99.9900 dB    U 99.9900 dB    V 99.9900 dB] [ET     4 ] [L0 ] [L1 ]
POC   43 TId: 0 ( I-SLICE, QP 26 )    2924648 bits [Y 99.9900 dB    U 99.9900 dB    V 99.9900 dB] [ET     4 ] [L0 ] [L1 ]
POC   44 TId: 0 ( I-SLICE, QP 26 )    2925856 bits [Y 99.9900 dB    U 99.9900 dB    V 99.9900 dB] [ET     4 ] [L0 ] [L1 ]
POC   45 TId: 0 ( I-SLICE, QP 26 )    2932504 bits [Y 99.9900 dB    U 99.9900 dB    V 99.9900 dB] [ET     4 ] [L0 ] [L1 ]
POC   46 TId: 0 ( I-SLICE, QP 26 )    2947464 bits [Y 99.9900 dB    U 99.9900 dB    V 99.9900 dB] [ET     5 ] [L0 ] [L1 ]
POC   47 TId: 0 ( I-SLICE, QP 26 )    2960928 bits [Y 99.9900 dB    U 99.9900 dB    V 99.9900 dB] [ET     4 ] [L0 ] [L1 ]
POC   48 TId: 0 ( I-SLICE, QP 26 )    2971280 bits [Y 99.9900 dB    U 99.9900 dB    V 99.9900 dB] [ET     4 ] [L0 ] [L1 ]
POC   49 TId: 0 ( I-SLICE, QP 26 )    2977560 bits [Y 99.9900 dB    U 99.9900 dB    V 99.9900 dB] [ET     4 ] [L0 ] [L1 ]
POC   50 TId: 0 ( I-SLICE, QP 26 )    2989280 bits [Y 99.9900 dB    U 99.9900 dB    V 99.9900 dB] [ET     5 ] [L0 ] [L1 ]
POC   51 TId: 0 ( I-SLICE, QP 26 )    3002336 bits [Y 99.9900 dB    U 99.9900 dB    V 99.9900 dB] [ET     4 ] [L0 ] [L1 ]
POC   52 TId: 0 ( I-SLICE, QP 26 )    3017848 bits [Y 99.9900 dB    U 99.9900 dB    V 99.9900 dB] [ET     4 ] [L0 ] [L1 ]
POC   53 TId: 0 ( I-SLICE, QP 26 )    3025448 bits [Y 99.9900 dB    U 99.9900 dB    V 99.9900 dB] [ET     4 ] [L0 ] [L1 ]
POC   54 TId: 0 ( I-SLICE, QP 26 )    3030352 bits [Y 99.9900 dB    U 99.9900 dB    V 99.9900 dB] [ET     4 ] [L0 ] [L1 ]
POC   55 TId: 0 ( I-SLICE, QP 26 )    3029616 bits [Y 99.9900 dB    U 99.9900 dB    V 99.9900 dB] [ET     4 ] [L0 ] [L1 ]
POC   56 TId: 0 ( I-SLICE, QP 26 )    3027440 bits [Y 99.9900 dB    U 99.9900 dB    V 99.9900 dB] [ET     4 ] [L0 ] [L1 ]
POC   57 TId: 0 ( I-SLICE, QP 26 )    3027384 bits [Y 99.9900 dB    U 99.9900 dB    V 99.9900 dB] [ET     4 ] [L0 ] [L1 ]
POC   58 TId: 0 ( I-SLICE, QP 26 )    3026960 bits [Y 99.9900 dB    U 99.9900 dB    V 99.9900 dB] [ET     4 ] [L0 ] [L1 ]
POC   59 TId: 0 ( I-SLICE, QP 26 )    3028800 bits [Y 99.9900 dB    U 99.9900 dB    V 99.9900 dB] [ET     4 ] [L0 ] [L1 ]
POC   60 TId: 0 ( I-SLICE, QP 26 )    3027480 bits [Y 99.9900 dB    U 99.9900 dB    V 99.9900 dB] [ET     4 ] [L0 ] [L1 ]
POC   61 TId: 0 ( I-SLICE, QP 26 )    3027032 bits [Y 99.9900 dB    U 99.9900 dB    V 99.9900 dB] [ET     4 ] [L0 ] [L1 ]
POC   62 TId: 0 ( I-SLICE, QP 26 )    3025280 bits [Y 99.9900 dB    U 99.9900 dB    V 99.9900 dB] [ET     4 ] [L0 ] [L1 ]
POC   63 TId: 0 ( I-SLICE, QP 26 )    3026048 bits [Y 99.9900 dB    U 99.9900 dB    V 99.9900 dB] [ET     4 ] [L0 ] [L1 ]
POC   64 TId: 0 ( I-SLICE, QP 26 )    3023864 bits [Y 99.9900 dB    U 99.9900 dB    V 99.9900 dB] [ET     4 ] [L0 ] [L1 ]
POC   65 TId: 0 ( I-SLICE, QP 26 )    3023256 bits [Y 99.9900 dB    U 99.9900 dB    V 99.9900 dB] [ET     4 ] [L0 ] [L1 ]
POC   66 TId: 0 ( I-SLICE, QP 26 )    3019144 bits [Y 99.9900 dB    U 99.9900 dB    V 99.9900 dB] [ET     4 ] [L0 ] [L1 ]
POC   67 TId: 0 ( I-SLICE, QP 26 )    3017408 bits [Y 99.9900 dB    U 99.9900 dB    V 99.9900 dB] [ET     5 ] [L0 ] [L1 ]
POC   68 TId: 0 ( I-SLICE, QP 26 )    3010792 bits [Y 99.9900 dB    U 99.9900 dB    V 99.9900 dB] [ET     4 ] [L0 ] [L1 ]
POC   69 TId: 0 ( I-SLICE, QP 26 )    3005528 bits [Y 99.9900 dB    U 99.9900 dB    V 99.9900 dB] [ET     4 ] [L0 ] [L1 ]
POC   70 TId: 0 ( I-SLICE, QP 26 )    2994408 bits [Y 99.9900 dB    U 99.9900 dB    V 99.9900 dB] [ET     4 ] [L0 ] [L1 ]
POC   71 TId: 0 ( I-SLICE, QP 26 )    2988872 bits [Y 99.9900 dB    U 99.9900 dB    V 99.9900 dB] [ET     4 ] [L0 ] [L1 ]
POC   72 TId: 0 ( I-SLICE, QP 26 )    2983616 bits [Y 99.9900 dB    U 99.9900 dB    V 99.9900 dB] [ET     4 ] [L0 ] [L1 ]
POC   73 TId: 0 ( I-SLICE, QP 26 )    2977536 bits [Y 99.9900 dB    U 99.9900 dB    V 99.9900 dB] [ET     4 ] [L0 ] [L1 ]
POC   74 TId: 0 ( I-SLICE, QP 26 )    2972752 bits [Y 99.9900 dB    U 99.9900 dB    V 99.9900 dB] [ET     5 ] [L0 ] [L1 ]
POC   75 TId: 0 ( I-SLICE, QP 26 )    2964632 bits [Y 99.9900 dB    U 99.9900 dB    V 99.9900 dB] [ET     4 ] [L0 ] [L1 ]
POC   76 TId: 0 ( I-SLICE, QP 26 )    2959544 bits [Y 99.9900 dB    U 99.9900 dB    V 99.9900 dB] [ET     4 ] [L0 ] [L1 ]
POC   77 TId: 0 ( I-SLICE, QP 26 )    2954632 bits [Y 99.9900 dB    U 99.9900 dB    V 99.9900 dB] [ET     5 ] [L0 ] [L1 ]
POC   78 TId: 0 ( I-SLICE, QP 26 )    2953384 bits [Y 99.9900 dB    U 99.9900 dB    V 99.9900 dB] [ET     4 ] [L0 ] [L1 ]
POC   79 TId: 0 ( I-SLICE, QP 26 )    2950000 bits [Y 99.9900 dB    U 99.9900 dB    V 99.9900 dB] [ET     4 ] [L0 ] [L1 ]
POC   80 TId: 0 ( I-SLICE, QP 26 )    2938928 bits [Y 99.9900 dB    U 99.9900 dB    V 99.9900 dB] [ET     4 ] [L0 ] [L1 ]
POC   81 TId: 0 ( I-SLICE, QP 26 )    2932992 bits [Y 99.9900 dB    U 99.9900 dB    V 99.9900 dB] [ET     4 ] [L0 ] [L1 ]
POC   82 TId: 0 ( I-SLICE, QP 26 )    2926832 bits [Y 99.9900 dB    U 99.9900 dB    V 99.9900 dB] [ET     4 ] [L0 ] [L1 ]
POC   83 TId: 0 ( I-SLICE, QP 26 )    2925936 bits [Y 99.9900 dB    U 99.9900 dB    V 99.9900 dB] [ET     4 ] [L0 ] [L1 ]
POC   84 TId: 0 ( I-SLICE, QP 26 )    2927928 bits [Y 99.9900 dB    U 99.9900 dB    V 99.9900 dB] [ET     4 ] [L0 ] [L1 ]
POC   85 TId: 0 ( I-SLICE, QP 26 )    2929440 bits [Y 99.9900 dB    U 99.9900 dB    V 99.9900 dB] [ET     4 ] [L0 ] [L1 ]
POC   86 TId: 0 ( I-SLICE, QP 26 )    2928976 bits [Y 99.9900 dB    U 99.9900 dB    V 99.9900 dB] [ET     4 ] [L0 ] [L1 ]
POC   87 TId: 0 ( I-SLICE, QP 26 )    2929688 bits [Y 99.9900 dB    U 99.9900 dB    V 99.9900 dB] [ET     4 ] [L0 ] [L1 ]
POC   88 TId: 0 ( I-SLICE, QP 26 )    2932960 bits [Y 99.9900 dB    U 99.9900 dB    V 99.9900 dB] [ET     4 ] [L0 ] [L1 ]
POC   89 TId: 0 ( I-SLICE, QP 26 )    2934424 bits [Y 99.9900 dB    U 99.9900 dB    V 99.9900 dB] [ET     4 ] [L0 ] [L1 ]
POC   90 TId: 0 ( I-SLICE, QP 26 )    2936992 bits [Y 99.9900 dB    U 99.9900 dB    V 99.9900 dB] [ET     5 ] [L0 ] [L1 ]
POC   91 TId: 0 ( I-SLICE, QP 26 )    2940744 bits [Y 99.9900 dB    U 99.9900 dB    V 99.9900 dB] [ET     4 ] [L0 ] [L1 ]
POC   92 TId: 0 ( I-SLICE, QP 26 )    2947824 bits [Y 99.9900 dB    U 99.9900 dB    V 99.9900 dB] [ET     4 ] [L0 ] [L1 ]
POC   93 TId: 0 ( I-SLICE, QP 26 )    2953352 bits [Y 99.9900 dB    U 99.9900 dB    V 99.9900 dB] [ET     4 ] [L0 ] [L1 ]
POC   94 TId: 0 ( I-SLICE, QP 26 )    2960464 bits [Y 99.9900 dB    U 99.9900 dB    V 99.9900 dB] [ET     4 ] [L0 ] [L1 ]
POC   95 TId: 0 ( I-SLICE, QP 26 )    2968824 bits [Y 99.9900 dB    U 99.9900 dB    V 99.9900 dB] [ET     5 ] [L0 ] [L1 ]
POC   96 TId: 0 ( I-SLICE, QP 26 )    2980584 bits [Y 99.9900 dB    U 99.9900 dB    V 99.9900 dB] [ET     4 ] [L0 ] [L1 ]
POC   97 TId: 0 ( I-SLICE, QP 26 )    2987032 bits [Y 99.9900 dB    U 99.9900 dB    V 99.9900 dB] [ET     4 ] [L0 ] [L1 ]
POC   98 TId: 0 ( I-SLICE, QP 26 )    2990472 bits [Y 99.9900 dB    U 99.9900 dB    V 99.9900 dB] [ET     4 ] [L0 ] [L1 ]
POC   99 TId: 0 ( I-SLICE, QP 26 )    2997648 bits [Y 99.9900 dB    U 99.9900 dB    V 99.9900 dB] [ET     5 ] [L0 ] [L1 ]
POC  100 TId: 0 ( I-SLICE, QP 26 )    3000496 bits [Y 99.9900 dB    U 99.9900 dB    V 99.9900 dB] [ET     4 ] [L0 ] [L1 ]
POC  101 TId: 0 ( I-SLICE, QP 26 )    3007296 bits [Y 99.9900 dB    U 99.9900 dB    V 99.9900 dB] [ET     4 ] [L0 ] [L1 ]
POC  102 TId: 0 ( I-SLICE, QP 26 )    3008648 bits [Y 99.9900 dB    U 99.9900 dB    V 99.9900 dB] [ET     4 ] [L0 ] [L1 ]
POC  103 TId: 0 ( I-SLICE, QP 26 )    3009040 bits [Y 99.9900 dB    U 99.9900 dB    V 99.9900 dB] [ET     5 ] [L0 ] [L1 ]
POC  104 TId: 0 ( I-SLICE, QP 26 )    3011264 bits [Y 99.9900 dB    U 99.9900 dB    V 99.9900 dB] [ET     4 ] [L0 ] [L1 ]
POC  105 TId: 0 ( I-SLICE, QP 26 )    3015648 bits [Y 99.9900 dB    U 99.9900 dB    V 99.9900 dB] [ET     4 ] [L0 ] [L1 ]
POC  106 TId: 0 ( I-SLICE, QP 26 )    3013184 bits [Y 99.9900 dB    U 99.9900 dB    V 99.9900 dB] [ET     4 ] [L0 ] [L1 ]
POC  107 TId: 0 ( I-SLICE, QP 26 )    3012112 bits [Y 99.9900 dB    U 99.9900 dB    V 99.9900 dB] [ET     4 ] [L0 ] [L1 ]
POC  108 TId: 0 ( I-SLICE, QP 26 )    3013608 bits [Y 99.9900 dB    U 99.9900 dB    V 99.9900 dB] [ET     5 ] [L0 ] [L1 ]
POC  109 TId: 0 ( I-SLICE, QP 26 )    3011648 bits [Y 99.9900 dB    U 99.9900 dB    V 99.9900 dB] [ET     4 ] [L0 ] [L1 ]
POC  110 TId: 0 ( I-SLICE, QP 26 )    3009320 bits [Y 99.9900 dB    U 99.9900 dB    V 99.9900 dB] [ET     4 ] [L0 ] [L1 ]
POC  111 TId: 0 ( I-SLICE, QP 26 )    3008168 bits [Y 99.9900 dB    U 99.9900 dB    V 99.9900 dB] [ET     4 ] [L0 ] [L1 ]
POC  112 TId: 0 ( I-SLICE, QP 26 )    3008232 bits [Y 99.9900 dB    U 99.9900 dB    V 99.9900 dB] [ET     4 ] [L0 ] [L1 ]
POC  113 TId: 0 ( I-SLICE, QP 26 )    3007096 bits [Y 99.9900 dB    U 99.9900 dB    V 99.9900 dB] [ET     4 ] [L0 ] [L1 ]
POC  114 TId: 0 ( I-SLICE, QP 26 )    3006912 bits [Y 99.9900 dB    U 99.9900 dB    V 99.9900 dB] [ET     4 ] [L0 ] [L1 ]
POC  115 TId: 0 ( I-SLICE, QP 26 )    3007552 bits [Y 99.9900 dB    U 99.9900 dB    V 99.9900 dB] [ET     4 ] [L0 ] [L1 ]
POC  116 TId: 0 ( I-SLICE, QP 26 )    3003736 bits [Y 99.9900 dB    U 99.9900 dB    V 99.9900 dB] [ET     5 ] [L0 ] [L1 ]
POC  117 TId: 0 ( I-SLICE, QP 26 )    3000136 bits [Y 99.9900 dB    U 99.9900 dB    V 99.9900 dB] [ET     4 ] [L0 ] [L1 ]
POC  118 TId: 0 ( I-SLICE, QP 26 )    3002752 bits [Y 99.9900 dB    U 99.9900 dB    V 99.9900 dB] [ET     4 ] [L0 ] [L1 ]
POC  119 TId: 0 ( I-SLICE, QP 26 )    3002544 bits [Y 99.9900 dB    U 99.9900 dB    V 99.9900 dB] [ET     4 ] [L0 ] [L1 ]
POC  120 TId: 0 ( I-SLICE, QP 26 )    3005656 bits [Y 99.9900 dB    U 99.9900 dB    V 99.9900 dB] [ET     4 ] [L0 ] [L1 ]
POC  121 TId: 0 ( I-SLICE, QP 26 )    3005952 bits [Y 99.9900 dB    U 99.9900 dB    V 99.9900 dB] [ET     5 ] [L0 ] [L1 ]
POC  122 TId: 0 ( I-SLICE, QP 26 )    3001592 bits [Y 99.9900 dB    U 99.9900 dB    V 99.9900 dB] [ET     4 ] [L0 ] [L1 ]
POC  123 TId: 0 ( I-SLICE, QP 26 )    3000240 bits [Y 99.9900 dB    U 99.9900 dB    V 99.9900 dB] [ET     4 ] [L0 ] [L1 ]
POC  124 TId: 0 ( I-SLICE, QP 26 )    3001464 bits [Y 99.9900 dB    U 99.9900 dB    V 99.9900 dB] [ET     4 ] [L0 ] [L1 ]
POC  125 TId: 0 ( I-SLICE, QP 26 )    3003960 bits [Y 99.9900 dB    U 99.9900 dB    V 99.9900 dB] [ET     4 ] [L0 ] [L1 ]
POC  126 TId: 0 ( I-SLICE, QP 26 )    3004952 bits [Y 99.9900 dB    U 99.9900 dB    V 99.9900 dB] [ET     5 ] [L0 ] [L1 ]
POC  127 TId: 0 ( I-SLICE, QP 26 )    3004232 bits [Y 99.9900 dB    U 99.9900 dB    V 99.9900 dB] [ET     5 ] [L0 ] [L1 ]
POC  128 TId: 0 ( I-SLICE, QP 26 )    3002608 bits [Y 99.9900 dB    U 99.9900 dB    V 99.9900 dB] [ET     4 ] [L0 ] [L1 ]
POC  129 TId: 0 ( I-SLICE, QP 26 )    2999944 bits [Y 99.9900 dB    U 99.9900 dB    V 99.9900 dB] [ET     5 ] [L0 ] [L1 ]
POC  130 TId: 0 ( I-SLICE, QP 26 )    2999600 bits [Y 99.9900 dB    U 99.9900 dB    V 99.9900 dB] [ET     5 ] [L0 ] [L1 ]
POC  131 TId: 0 ( I-SLICE, QP 26 )    2998896 bits [Y 99.9900 dB    U 99.9900 dB    V 99.9900 dB] [ET     4 ] [L0 ] [L1 ]
POC  132 TId: 0 ( I-SLICE, QP 26 )    2999336 bits [Y 99.9900 dB    U 99.9900 dB    V 99.9900 dB] [ET     4 ] [L0 ] [L1 ]
POC  133 TId: 0 ( I-SLICE, QP 26 )    2996984 bits [Y 99.9900 dB    U 99.9900 dB    V 99.9900 dB] [ET     4 ] [L0 ] [L1 ]
POC  134 TId: 0 ( I-SLICE, QP 26 )    2998864 bits [Y 99.9900 dB    U 99.9900 dB    V 99.9900 dB] [ET     5 ] [L0 ] [L1 ]
POC  135 TId: 0 ( I-SLICE, QP 26 )    3000352 bits [Y 99.9900 dB    U 99.9900 dB    V 99.9900 dB] [ET     5 ] [L0 ] [L1 ]
POC  136 TId: 0 ( I-SLICE, QP 26 )    3001904 bits [Y 99.9900 dB    U 99.9900 dB    V 99.9900 dB] [ET     5 ] [L0 ] [L1 ]
POC  137 TId: 0 ( I-SLICE, QP 26 )    3001328 bits [Y 99.9900 dB    U 99.9900 dB    V 99.9900 dB] [ET     4 ] [L0 ] [L1 ]
POC  138 TId: 0 ( I-SLICE, QP 26 )    3005408 bits [Y 99.9900 dB    U 99.9900 dB    V 99.9900 dB] [ET     4 ] [L0 ] [L1 ]
POC  139 TId: 0 ( I-SLICE, QP 26 )    3005640 bits [Y 99.9900 dB    U 99.9900 dB    V 99.9900 dB] [ET     4 ] [L0 ] [L1 ]
POC  140 TId: 0 ( I-SLICE, QP 26 )    3005480 bits [Y 99.9900 dB    U 99.9900 dB    V 99.9900 dB] [ET     4 ] [L0 ] [L1 ]
POC  141 TId: 0 ( I-SLICE, QP 26 )    2996288 bits [Y 99.9900 dB    U 99.9900 dB    V 99.9900 dB] [ET     5 ] [L0 ] [L1 ]
POC  142 TId: 0 ( I-SLICE, QP 26 )    2994392 bits [Y 99.9900 dB    U 99.9900 dB    V 99.9900 dB] [ET     5 ] [L0 ] [L1 ]
POC  143 TId: 0 ( I-SLICE, QP 26 )    2989920 bits [Y 99.9900 dB    U 99.9900 dB    V 99.9900 dB] [ET     5 ] [L0 ] [L1 ]
POC  144 TId: 0 ( I-SLICE, QP 26 )    2987952 bits [Y 99.9900 dB    U 99.9900 dB    V 99.9900 dB] [ET     4 ] [L0 ] [L1 ]
POC  145 TId: 0 ( I-SLICE, QP 26 )    2989376 bits [Y 99.9900 dB    U 99.9900 dB    V 99.9900 dB] [ET     5 ] [L0 ] [L1 ]
POC  146 TId: 0 ( I-SLICE, QP 26 )    2990176 bits [Y 99.9900 dB    U 99.9900 dB    V 99.9900 dB] [ET     5 ] [L0 ] [L1 ]
POC  147 TId: 0 ( I-SLICE, QP 26 )    2993440 bits [Y 99.9900 dB    U 99.9900 dB    V 99.9900 dB] [ET     4 ] [L0 ] [L1 ]
POC  148 TId: 0 ( I-SLICE, QP 26 )    2994272 bits [Y 99.9900 dB    U 99.9900 dB    V 99.9900 dB] [ET     5 ] [L0 ] [L1 ]
POC  149 TId: 0 ( I-SLICE, QP 26 )    2996744 bits [Y 99.9900 dB    U 99.9900 dB    V 99.9900 dB] [ET     4 ] [L0 ] [L1 ]
POC  150 TId: 0 ( I-SLICE, QP 26 )    3005344 bits [Y 99.9900 dB    U 99.9900 dB    V 99.9900 dB] [ET     5 ] [L0 ] [L1 ]
POC  151 TId: 0 ( I-SLICE, QP 26 )    3014864 bits [Y 99.9900 dB    U 99.9900 dB    V 99.9900 dB] [ET     5 ] [L0 ] [L1 ]
POC  152 TId: 0 ( I-SLICE, QP 26 )    3012560 bits [Y 99.9900 dB    U 99.9900 dB    V 99.9900 dB] [ET     4 ] [L0 ] [L1 ]
POC  153 TId: 0 ( I-SLICE, QP 26 )    3007280 bits [Y 99.9900 dB    U 99.9900 dB    V 99.9900 dB] [ET     4 ] [L0 ] [L1 ]
POC  154 TId: 0 ( I-SLICE, QP 26 )    3006168 bits [Y 99.9900 dB    U 99.9900 dB    V 99.9900 dB] [ET     4 ] [L0 ] [L1 ]
POC  155 TId: 0 ( I-SLICE, QP 26 )    3003112 bits [Y 99.9900 dB    U 99.9900 dB    V 99.9900 dB] [ET     4 ] [L0 ] [L1 ]
POC  156 TId: 0 ( I-SLICE, QP 26 )    3001832 bits [Y 99.9900 dB    U 99.9900 dB    V 99.9900 dB] [ET     4 ] [L0 ] [L1 ]
POC  157 TId: 0 ( I-SLICE, QP 26 )    3005616 bits [Y 99.9900 dB    U 99.9900 dB    V 99.9900 dB] [ET     4 ] [L0 ] [L1 ]
POC  158 TId: 0 ( I-SLICE, QP 26 )    3007768 bits [Y 99.9900 dB    U 99.9900 dB    V 99.9900 dB] [ET     5 ] [L0 ] [L1 ]
POC  159 TId: 0 ( I-SLICE, QP 26 )    3012376 bits [Y 99.9900 dB    U 99.9900 dB    V 99.9900 dB] [ET     4 ] [L0 ] [L1 ]
POC  160 TId: 0 ( I-SLICE, QP 26 )    3008408 bits [Y 99.9900 dB    U 99.9900 dB    V 99.9900 dB] [ET     4 ] [L0 ] [L1 ]
POC  161 TId: 0 ( I-SLICE, QP 26 )    2997384 bits [Y 99.9900 dB    U 99.9900 dB    V 99.9900 dB] [ET     5 ] [L0 ] [L1 ]
POC  162 TId: 0 ( I-SLICE, QP 26 )    2986024 bits [Y 99.9900 dB    U 99.9900 dB    V 99.9900 dB] [ET     4 ] [L0 ] [L1 ]
POC  163 TId: 0 ( I-SLICE, QP 26 )    2981544 bits [Y 99.9900 dB    U 99.9900 dB    V 99.9900 dB] [ET     5 ] [L0 ] [L1 ]
POC  164 TId: 0 ( I-SLICE, QP 26 )    2979344 bits [Y 99.9900 dB    U 99.9900 dB    V 99.9900 dB] [ET     5 ] [L0 ] [L1 ]
POC  165 TId: 0 ( I-SLICE, QP 26 )    2976808 bits [Y 99.9900 dB    U 99.9900 dB    V 99.9900 dB] [ET     5 ] [L0 ] [L1 ]
POC  166 TId: 0 ( I-SLICE, QP 26 )    2978104 bits [Y 99.9900 dB    U 99.9900 dB    V 99.9900 dB] [ET     4 ] [L0 ] [L1 ]
POC  167 TId: 0 ( I-SLICE, QP 26 )    2979696 bits [Y 99.9900 dB    U 99.9900 dB    V 99.9900 dB] [ET     5 ] [L0 ] [L1 ]
POC  168 TId: 0 ( I-SLICE, QP 26 )    2982608 bits [Y 99.9900 dB    U 99.9900 dB    V 99.9900 dB] [ET     4 ] [L0 ] [L1 ]
POC  169 TId: 0 ( I-SLICE, QP 26 )    2983952 bits [Y 99.9900 dB    U 99.9900 dB    V 99.9900 dB] [ET     4 ] [L0 ] [L1 ]
POC  170 TId: 0 ( I-SLICE, QP 26 )    2985136 bits [Y 99.9900 dB    U 99.9900 dB    V 99.9900 dB] [ET     4 ] [L0 ] [L1 ]
POC  171 TId: 0 ( I-SLICE, QP 26 )    2979416 bits [Y 99.9900 dB    U 99.9900 dB    V 99.9900 dB] [ET     4 ] [L0 ] [L1 ]
POC  172 TId: 0 ( I-SLICE, QP 26 )    2970768 bits [Y 99.9900 dB    U 99.9900 dB    V 99.9900 dB] [ET     4 ] [L0 ] [L1 ]
POC  173 TId: 0 ( I-SLICE, QP 26 )    2955136 bits [Y 99.9900 dB    U 99.9900 dB    V 99.9900 dB] [ET     4 ] [L0 ] [L1 ]
POC  174 TId: 0 ( I-SLICE, QP 26 )    2945360 bits [Y 99.9900 dB    U 99.9900 dB    V 99.9900 dB] [ET     4 ] [L0 ] [L1 ]
POC  175 TId: 0 ( I-SLICE, QP 26 )    2941896 bits [Y 99.9900 dB    U 99.9900 dB    V 99.9900 dB] [ET     4 ] [L0 ] [L1 ]
POC  176 TId: 0 ( I-SLICE, QP 26 )    2936784 bits [Y 99.9900 dB    U 99.9900 dB    V 99.9900 dB] [ET     4 ] [L0 ] [L1 ]
POC  177 TId: 0 ( I-SLICE, QP 26 )    2930496 bits [Y 99.9900 dB    U 99.9900 dB    V 99.9900 dB] [ET     4 ] [L0 ] [L1 ]
POC  178 TId: 0 ( I-SLICE, QP 26 )    2922024 bits [Y 99.9900 dB    U 99.9900 dB    V 99.9900 dB] [ET     5 ] [L0 ] [L1 ]
POC  179 TId: 0 ( I-SLICE, QP 26 )    2912208 bits [Y 99.9900 dB    U 99.9900 dB    V 99.9900 dB] [ET     4 ] [L0 ] [L1 ]
POC  180 TId: 0 ( I-SLICE, QP 26 )    2897176 bits [Y 99.9900 dB    U 99.9900 dB    V 99.9900 dB] [ET     4 ] [L0 ] [L1 ]
POC  181 TId: 0 ( I-SLICE, QP 26 )    2899240 bits [Y 99.9900 dB    U 99.9900 dB    V 99.9900 dB] [ET     4 ] [L0 ] [L1 ]
POC  182 TId: 0 ( I-SLICE, QP 26 )    2901672 bits [Y 99.9900 dB    U 99.9900 dB    V 99.9900 dB] [ET     5 ] [L0 ] [L1 ]
POC  183 TId: 0 ( I-SLICE, QP 26 )    2905080 bits [Y 99.9900 dB    U 99.9900 dB    V 99.9900 dB] [ET     4 ] [L0 ] [L1 ]
POC  184 TId: 0 ( I-SLICE, QP 26 )    2909904 bits [Y 99.9900 dB    U 99.9900 dB    V 99.9900 dB] [ET     4 ] [L0 ] [L1 ]
POC  185 TId: 0 ( I-SLICE, QP 26 )    2911264 bits [Y 99.9900 dB    U 99.9900 dB    V 99.9900 dB] [ET     5 ] [L0 ] [L1 ]
POC  186 TId: 0 ( I-SLICE, QP 26 )    2916920 bits [Y 99.9900 dB    U 99.9900 dB    V 99.9900 dB] [ET     5 ] [L0 ] [L1 ]
POC  187 TId: 0 ( I-SLICE, QP 26 )    2919928 bits [Y 99.9900 dB    U 99.9900 dB    V 99.9900 dB] [ET     4 ] [L0 ] [L1 ]
POC  188 TId: 0 ( I-SLICE, QP 26 )    2922120 bits [Y 99.9900 dB    U 99.9900 dB    V 99.9900 dB] [ET     4 ] [L0 ] [L1 ]
POC  189 TId: 0 ( I-SLICE, QP 26 )    2929192 bits [Y 99.9900 dB    U 99.9900 dB    V 99.9900 dB] [ET     4 ] [L0 ] [L1 ]
POC  190 TId: 0 ( I-SLICE, QP 26 )    2934832 bits [Y 99.9900 dB    U 99.9900 dB    V 99.9900 dB] [ET     4 ] [L0 ] [L1 ]
POC  191 TId: 0 ( I-SLICE, QP 26 )    2942656 bits [Y 99.9900 dB    U 99.9900 dB    V 99.9900 dB] [ET     4 ] [L0 ] [L1 ]
POC  192 TId: 0 ( I-SLICE, QP 26 )    2945840 bits [Y 99.9900 dB    U 99.9900 dB    V 99.9900 dB] [ET     4 ] [L0 ] [L1 ]
POC  193 TId: 0 ( I-SLICE, QP 26 )    2954008 bits [Y 99.9900 dB    U 99.9900 dB    V 99.9900 dB] [ET     4 ] [L0 ] [L1 ]
POC  194 TId: 0 ( I-SLICE, QP 26 )    2962848 bits [Y 99.9900 dB    U 99.9900 dB    V 99.9900 dB] [ET     4 ] [L0 ] [L1 ]
POC  195 TId: 0 ( I-SLICE, QP 26 )    2966056 bits [Y 99.9900 dB    U 99.9900 dB    V 99.9900 dB] [ET     4 ] [L0 ] [L1 ]
POC  196 TId: 0 ( I-SLICE, QP 26 )    2969520 bits [Y 99.9900 dB    U 99.9900 dB    V 99.9900 dB] [ET     4 ] [L0 ] [L1 ]
POC  197 TId: 0 ( I-SLICE, QP 26 )    2973888 bits [Y 99.9900 dB    U 99.9900 dB    V 99.9900 dB] [ET     4 ] [L0 ] [L1 ]
POC  198 TId: 0 ( I-SLICE, QP 26 )    2977928 bits [Y 99.9900 dB    U 99.9900 dB    V 99.9900 dB] [ET     4 ] [L0 ] [L1 ]
POC  199 TId: 0 ( I-SLICE, QP 26 )    2978728 bits [Y 99.9900 dB    U 99.9900 dB    V 99.9900 dB] [ET     4 ] [L0 ] [L1 ]
POC  200 TId: 0 ( I-SLICE, QP 26 )    2970712 bits [Y 99.9900 dB    U 99.9900 dB    V 99.9900 dB] [ET     4 ] [L0 ] [L1 ]
POC  201 TId: 0 ( I-SLICE, QP 26 )    2960920 bits [Y 99.9900 dB    U 99.9900 dB    V 99.9900 dB] [ET     4 ] [L0 ] [L1 ]
POC  202 TId: 0 ( I-SLICE, QP 26 )    2952184 bits [Y 99.9900 dB    U 99.9900 dB    V 99.9900 dB] [ET     4 ] [L0 ] [L1 ]
POC  203 TId: 0 ( I-SLICE, QP 26 )    2950464 bits [Y 99.9900 dB    U 99.9900 dB    V 99.9900 dB] [ET     4 ] [L0 ] [L1 ]
POC  204 TId: 0 ( I-SLICE, QP 26 )    2946840 bits [Y 99.9900 dB    U 99.9900 dB    V 99.9900 dB] [ET     5 ] [L0 ] [L1 ]
POC  205 TId: 0 ( I-SLICE, QP 26 )    2941360 bits [Y 99.9900 dB    U 99.9900 dB    V 99.9900 dB] [ET     4 ] [L0 ] [L1 ]
POC  206 TId: 0 ( I-SLICE, QP 26 )    2938128 bits [Y 99.9900 dB    U 99.9900 dB    V 99.9900 dB] [ET     4 ] [L0 ] [L1 ]
POC  207 TId: 0 ( I-SLICE, QP 26 )    2932224 bits [Y 99.9900 dB    U 99.9900 dB    V 99.9900 dB] [ET     4 ] [L0 ] [L1 ]
POC  208 TId: 0 ( I-SLICE, QP 26 )    2930728 bits [Y 99.9900 dB    U 99.9900 dB    V 99.9900 dB] [ET     4 ] [L0 ] [L1 ]
POC  209 TId: 0 ( I-SLICE, QP 26 )    2924352 bits [Y 99.9900 dB    U 99.9900 dB    V 99.9900 dB] [ET     4 ] [L0 ] [L1 ]
POC  210 TId: 0 ( I-SLICE, QP 26 )    2918312 bits [Y 99.9900 dB    U 99.9900 dB    V 99.9900 dB] [ET     5 ] [L0 ] [L1 ]
POC  211 TId: 0 ( I-SLICE, QP 26 )    2913864 bits [Y 99.9900 dB    U 99.9900 dB    V 99.9900 dB] [ET     4 ] [L0 ] [L1 ]
POC  212 TId: 0 ( I-SLICE, QP 26 )    2910024 bits [Y 99.9900 dB    U 99.9900 dB    V 99.9900 dB] [ET     4 ] [L0 ] [L1 ]
POC  213 TId: 0 ( I-SLICE, QP 26 )    2904800 bits [Y 99.9900 dB    U 99.9900 dB    V 99.9900 dB] [ET     4 ] [L0 ] [L1 ]
POC  214 TId: 0 ( I-SLICE, QP 26 )    2895728 bits [Y 99.9900 dB    U 99.9900 dB    V 99.9900 dB] [ET     4 ] [L0 ] [L1 ]
POC  215 TId: 0 ( I-SLICE, QP 26 )    2896544 bits [Y 99.9900 dB    U 99.9900 dB    V 99.9900 dB] [ET     4 ] [L0 ] [L1 ]
POC  216 TId: 0 ( I-SLICE, QP 26 )    2891024 bits [Y 99.9900 dB    U 99.9900 dB    V 99.9900 dB] [ET     4 ] [L0 ] [L1 ]
POC  217 TId: 0 ( I-SLICE, QP 26 )    2897736 bits [Y 99.9900 dB    U 99.9900 dB    V 99.9900 dB] [ET     4 ] [L0 ] [L1 ]
POC  218 TId: 0 ( I-SLICE, QP 26 )    2900864 bits [Y 99.9900 dB    U 99.9900 dB    V 99.9900 dB] [ET     5 ] [L0 ] [L1 ]
POC  219 TId: 0 ( I-SLICE, QP 26 )    2898408 bits [Y 99.9900 dB    U 99.9900 dB    V 99.9900 dB] [ET     4 ] [L0 ] [L1 ]
POC  220 TId: 0 ( I-SLICE, QP 26 )    2897384 bits [Y 99.9900 dB    U 99.9900 dB    V 99.9900 dB] [ET     4 ] [L0 ] [L1 ]
POC  221 TId: 0 ( I-SLICE, QP 26 )    2899544 bits [Y 99.9900 dB    U 99.9900 dB    V 99.9900 dB] [ET     5 ] [L0 ] [L1 ]
POC  222 TId: 0 ( I-SLICE, QP 26 )    2903024 bits [Y 99.9900 dB    U 99.9900 dB    V 99.9900 dB] [ET     4 ] [L0 ] [L1 ]
POC  223 TId: 0 ( I-SLICE, QP 26 )    2903912 bits [Y 99.9900 dB    U 99.9900 dB    V 99.9900 dB] [ET     4 ] [L0 ] [L1 ]
POC  224 TId: 0 ( I-SLICE, QP 26 )    2906632 bits [Y 99.9900 dB    U 99.9900 dB    V 99.9900 dB] [ET     4 ] [L0 ] [L1 ]
POC  225 TId: 0 ( I-SLICE, QP 26 )    2911072 bits [Y 99.9900 dB    U 99.9900 dB    V 99.9900 dB] [ET     4 ] [L0 ] [L1 ]
POC  226 TId: 0 ( I-SLICE, QP 26 )    2914248 bits [Y 99.9900 dB    U 99.9900 dB    V 99.9900 dB] [ET     4 ] [L0 ] [L1 ]
POC  227 TId: 0 ( I-SLICE, QP 26 )    2919600 bits [Y 99.9900 dB    U 99.9900 dB    V 99.9900 dB] [ET     4 ] [L0 ] [L1 ]
POC  228 TId: 0 ( I-SLICE, QP 26 )    2928824 bits [Y 99.9900 dB    U 99.9900 dB    V 99.9900 dB] [ET     5 ] [L0 ] [L1 ]
POC  229 TId: 0 ( I-SLICE, QP 26 )    2933160 bits [Y 99.9900 dB    U 99.9900 dB    V 99.9900 dB] [ET     4 ] [L0 ] [L1 ]
POC  230 TId: 0 ( I-SLICE, QP 26 )    2938752 bits [Y 99.9900 dB    U 99.9900 dB    V 99.9900 dB] [ET     4 ] [L0 ] [L1 ]
POC  231 TId: 0 ( I-SLICE, QP 26 )    2937744 bits [Y 99.9900 dB    U 99.9900 dB    V 99.9900 dB] [ET     4 ] [L0 ] [L1 ]
POC  232 TId: 0 ( I-SLICE, QP 26 )    2942528 bits [Y 99.9900 dB    U 99.9900 dB    V 99.9900 dB] [ET     5 ] [L0 ] [L1 ]
POC  233 TId: 0 ( I-SLICE, QP 26 )    2938568 bits [Y 99.9900 dB    U 99.9900 dB    V 99.9900 dB] [ET     5 ] [L0 ] [L1 ]
POC  234 TId: 0 ( I-SLICE, QP 26 )    2937400 bits [Y 99.9900 dB    U 99.9900 dB    V 99.9900 dB] [ET     4 ] [L0 ] [L1 ]
POC  235 TId: 0 ( I-SLICE, QP 26 )    2939432 bits [Y 99.9900 dB    U 99.9900 dB    V 99.9900 dB] [ET     4 ] [L0 ] [L1 ]
POC  236 TId: 0 ( I-SLICE, QP 26 )    2935744 bits [Y 99.9900 dB    U 99.9900 dB    V 99.9900 dB] [ET     4 ] [L0 ] [L1 ]
POC  237 TId: 0 ( I-SLICE, QP 26 )    2935376 bits [Y 99.9900 dB    U 99.9900 dB    V 99.9900 dB] [ET     4 ] [L0 ] [L1 ]
POC  238 TId: 0 ( I-SLICE, QP 26 )    2934520 bits [Y 99.9900 dB    U 99.9900 dB    V 99.9900 dB] [ET     4 ] [L0 ] [L1 ]
POC  239 TId: 0 ( I-SLICE, QP 26 )    2936040 bits [Y 99.9900 dB    U 99.9900 dB    V 99.9900 dB] [ET     4 ] [L0 ] [L1 ]
POC  240 TId: 0 ( I-SLICE, QP 26 )    2933840 bits [Y 99.9900 dB    U 99.9900 dB    V 99.9900 dB] [ET     4 ] [L0 ] [L1 ]
POC  241 TId: 0 ( I-SLICE, QP 26 )    2934336 bits [Y 99.9900 dB    U 99.9900 dB    V 99.9900 dB] [ET     4 ] [L0 ] [L1 ]
POC  242 TId: 0 ( I-SLICE, QP 26 )    2932808 bits [Y 99.9900 dB    U 99.9900 dB    V 99.9900 dB] [ET     4 ] [L0 ] [L1 ]
POC  243 TId: 0 ( I-SLICE, QP 26 )    2933032 bits [Y 99.9900 dB    U 99.9900 dB    V 99.9900 dB] [ET     4 ] [L0 ] [L1 ]
POC  244 TId: 0 ( I-SLICE, QP 26 )    2937192 bits [Y 99.9900 dB    U 99.9900 dB    V 99.9900 dB] [ET     4 ] [L0 ] [L1 ]
POC  245 TId: 0 ( I-SLICE, QP 26 )    2935616 bits [Y 99.9900 dB    U 99.9900 dB    V 99.9900 dB] [ET     5 ] [L0 ] [L1 ]
POC  246 TId: 0 ( I-SLICE, QP 26 )    2933560 bits [Y 99.9900 dB    U 99.9900 dB    V 99.9900 dB] [ET     4 ] [L0 ] [L1 ]
POC  247 TId: 0 ( I-SLICE, QP 26 )    2929936 bits [Y 99.9900 dB    U 99.9900 dB    V 99.9900 dB] [ET     4 ] [L0 ] [L1 ]
POC  248 TId: 0 ( I-SLICE, QP 26 )    2927328 bits [Y 99.9900 dB    U 99.9900 dB    V 99.9900 dB] [ET     4 ] [L0 ] [L1 ]
POC  249 TId: 0 ( I-SLICE, QP 26 )    2925664 bits [Y 99.9900 dB    U 99.9900 dB    V 99.9900 dB] [ET     5 ] [L0 ] [L1 ]
POC  250 TId: 0 ( I-SLICE, QP 26 )    2927640 bits [Y 99.9900 dB    U 99.9900 dB    V 99.9900 dB] [ET     4 ] [L0 ] [L1 ]
POC  251 TId: 0 ( I-SLICE, QP 26 )    2932640 bits [Y 99.9900 dB    U 99.9900 dB    V 99.9900 dB] [ET     4 ] [L0 ] [L1 ]
POC  252 TId: 0 ( I-SLICE, QP 26 )    2931784 bits [Y 99.9900 dB    U 99.9900 dB    V 99.9900 dB] [ET     4 ] [L0 ] [L1 ]
POC  253 TId: 0 ( I-SLICE, QP 26 )    2932072 bits [Y 99.9900 dB    U 99.9900 dB    V 99.9900 dB] [ET     5 ] [L0 ] [L1 ]
POC  254 TId: 0 ( I-SLICE, QP 26 )    2932328 bits [Y 99.9900 dB    U 99.9900 dB    V 99.9900 dB] [ET     4 ] [L0 ] [L1 ]
POC  255 TId: 0 ( I-SLICE, QP 26 )    2933432 bits [Y 99.9900 dB    U 99.9900 dB    V 99.9900 dB] [ET     4 ] [L0 ] [L1 ]
POC  256 TId: 0 ( I-SLICE, QP 26 )    2929624 bits [Y 99.9900 dB    U 99.9900 dB    V 99.9900 dB] [ET     4 ] [L0 ] [L1 ]
POC  257 TId: 0 ( I-SLICE, QP 26 )    2933480 bits [Y 99.9900 dB    U 99.9900 dB    V 99.9900 dB] [ET     4 ] [L0 ] [L1 ]
POC  258 TId: 0 ( I-SLICE, QP 26 )    2932832 bits [Y 99.9900 dB    U 99.9900 dB    V 99.9900 dB] [ET     5 ] [L0 ] [L1 ]
POC  259 TId: 0 ( I-SLICE, QP 26 )    2931760 bits [Y 99.9900 dB    U 99.9900 dB    V 99.9900 dB] [ET     4 ] [L0 ] [L1 ]
POC  260 TId: 0 ( I-SLICE, QP 26 )    2932448 bits [Y 99.9900 dB    U 99.9900 dB    V 99.9900 dB] [ET     4 ] [L0 ] [L1 ]
POC  261 TId: 0 ( I-SLICE, QP 26 )    2929992 bits [Y 99.9900 dB    U 99.9900 dB    V 99.9900 dB] [ET     5 ] [L0 ] [L1 ]
POC  262 TId: 0 ( I-SLICE, QP 26 )    2929568 bits [Y 99.9900 dB    U 99.9900 dB    V 99.9900 dB] [ET     4 ] [L0 ] [L1 ]
POC  263 TId: 0 ( I-SLICE, QP 26 )    2931752 bits [Y 99.9900 dB    U 99.9900 dB    V 99.9900 dB] [ET     4 ] [L0 ] [L1 ]
POC  264 TId: 0 ( I-SLICE, QP 26 )    2932792 bits [Y 99.9900 dB    U 99.9900 dB    V 99.9900 dB] [ET     5 ] [L0 ] [L1 ]
POC  265 TId: 0 ( I-SLICE, QP 26 )    2930488 bits [Y 99.9900 dB    U 99.9900 dB    V 99.9900 dB] [ET     5 ] [L0 ] [L1 ]
POC  266 TId: 0 ( I-SLICE, QP 26 )    2933592 bits [Y 99.9900 dB    U 99.9900 dB    V 99.9900 dB] [ET     5 ] [L0 ] [L1 ]
POC  267 TId: 0 ( I-SLICE, QP 26 )    2926920 bits [Y 99.9900 dB    U 99.9900 dB    V 99.9900 dB] [ET     5 ] [L0 ] [L1 ]
POC  268 TId: 0 ( I-SLICE, QP 26 )    2928376 bits [Y 99.9900 dB    U 99.9900 dB    V 99.9900 dB] [ET     4 ] [L0 ] [L1 ]
POC  269 TId: 0 ( I-SLICE, QP 26 )    2929928 bits [Y 99.9900 dB    U 99.9900 dB    V 99.9900 dB] [ET     5 ] [L0 ] [L1 ]
POC  270 TId: 0 ( I-SLICE, QP 26 )    2929808 bits [Y 99.9900 dB    U 99.9900 dB    V 99.9900 dB] [ET     6 ] [L0 ] [L1 ]
POC  271 TId: 0 ( I-SLICE, QP 26 )    2932592 bits [Y 99.9900 dB    U 99.9900 dB    V 99.9900 dB] [ET     6 ] [L0 ] [L1 ]
POC  272 TId: 0 ( I-SLICE, QP 26 )    2927712 bits [Y 99.9900 dB    U 99.9900 dB    V 99.9900 dB] [ET     6 ] [L0 ] [L1 ]
POC  273 TId: 0 ( I-SLICE, QP 26 )    2931272 bits [Y 99.9900 dB    U 99.9900 dB    V 99.9900 dB] [ET     6 ] [L0 ] [L1 ]
POC  274 TId: 0 ( I-SLICE, QP 26 )    2933160 bits [Y 99.9900 dB    U 99.9900 dB    V 99.9900 dB] [ET     6 ] [L0 ] [L1 ]
POC  275 TId: 0 ( I-SLICE, QP 26 )    2934520 bits [Y 99.9900 dB    U 99.9900 dB    V 99.9900 dB] [ET     6 ] [L0 ] [L1 ]
POC  276 TId: 0 ( I-SLICE, QP 26 )    2937856 bits [Y 99.9900 dB    U 99.9900 dB    V 99.9900 dB] [ET     6 ] [L0 ] [L1 ]
POC  277 TId: 0 ( I-SLICE, QP 26 )    2938920 bits [Y 99.9900 dB    U 99.9900 dB    V 99.9900 dB] [ET     6 ] [L0 ] [L1 ]
POC  278 TId: 0 ( I-SLICE, QP 26 )    2935752 bits [Y 99.9900 dB    U 99.9900 dB    V 99.9900 dB] [ET     6 ] [L0 ] [L1 ]
POC  279 TId: 0 ( I-SLICE, QP 26 )    2933096 bits [Y 99.9900 dB    U 99.9900 dB    V 99.9900 dB] [ET     5 ] [L0 ] [L1 ]
POC  280 TId: 0 ( I-SLICE, QP 26 )    2935008 bits [Y 99.9900 dB    U 99.9900 dB    V 99.9900 dB] [ET     6 ] [L0 ] [L1 ]
POC  281 TId: 0 ( I-SLICE, QP 26 )    2932888 bits [Y 99.9900 dB    U 99.9900 dB    V 99.9900 dB] [ET     6 ] [L0 ] [L1 ]
POC  282 TId: 0 ( I-SLICE, QP 26 )    2931488 bits [Y 99.9900 dB    U 99.9900 dB    V 99.9900 dB] [ET     6 ] [L0 ] [L1 ]
POC  283 TId: 0 ( I-SLICE, QP 26 )    2926968 bits [Y 99.9900 dB    U 99.9900 dB    V 99.9900 dB] [ET     6 ] [L0 ] [L1 ]
POC  284 TId: 0 ( I-SLICE, QP 26 )    2925880 bits [Y 99.9900 dB    U 99.9900 dB    V 99.9900 dB] [ET     6 ] [L0 ] [L1 ]
POC  285 TId: 0 ( I-SLICE, QP 26 )    2925896 bits [Y 99.9900 dB    U 99.9900 dB    V 99.9900 dB] [ET     6 ] [L0 ] [L1 ]
POC  286 TId: 0 ( I-SLICE, QP 26 )    2928344 bits [Y 99.9900 dB    U 99.9900 dB    V 99.9900 dB] [ET     6 ] [L0 ] [L1 ]
POC  287 TId: 0 ( I-SLICE, QP 26 )    2928808 bits [Y 99.9900 dB    U 99.9900 dB    V 99.9900 dB] [ET     5 ] [L0 ] [L1 ]
POC  288 TId: 0 ( I-SLICE, QP 26 )    2929416 bits [Y 99.9900 dB    U 99.9900 dB    V 99.9900 dB] [ET     6 ] [L0 ] [L1 ]
POC  289 TId: 0 ( I-SLICE, QP 26 )    2922264 bits [Y 99.9900 dB    U 99.9900 dB    V 99.9900 dB] [ET     6 ] [L0 ] [L1 ]
POC  290 TId: 0 ( I-SLICE, QP 26 )    2924080 bits [Y 99.9900 dB    U 99.9900 dB    V 99.9900 dB] [ET     6 ] [L0 ] [L1 ]
POC  291 TId: 0 ( I-SLICE, QP 26 )    2924472 bits [Y 99.9900 dB    U 99.9900 dB    V 99.9900 dB] [ET     6 ] [L0 ] [L1 ]
POC  292 TId: 0 ( I-SLICE, QP 26 )    2923064 bits [Y 99.9900 dB    U 99.9900 dB    V 99.9900 dB] [ET     5 ] [L0 ] [L1 ]
POC  293 TId: 0 ( I-SLICE, QP 26 )    2925552 bits [Y 99.9900 dB    U 99.9900 dB    V 99.9900 dB] [ET     6 ] [L0 ] [L1 ]
POC  294 TId: 0 ( I-SLICE, QP 26 )    2924856 bits [Y 99.9900 dB    U 99.9900 dB    V 99.9900 dB] [ET     6 ] [L0 ] [L1 ]
POC  295 TId: 0 ( I-SLICE, QP 26 )    2924008 bits [Y 99.9900 dB    U 99.9900 dB    V 99.9900 dB] [ET     6 ] [L0 ] [L1 ]
POC  296 TId: 0 ( I-SLICE, QP 26 )    2922336 bits [Y 99.9900 dB    U 99.9900 dB    V 99.9900 dB] [ET     6 ] [L0 ] [L1 ]
POC  297 TId: 0 ( I-SLICE, QP 26 )    2923784 bits [Y 99.9900 dB    U 99.9900 dB    V 99.9900 dB] [ET     6 ] [L0 ] [L1 ]
POC  298 TId: 0 ( I-SLICE, QP 26 )    2922296 bits [Y 99.9900 dB    U 99.9900 dB    V 99.9900 dB] [ET     6 ] [L0 ] [L1 ]
POC  299 TId: 0 ( I-SLICE, QP 26 )    2922072 bits [Y 99.9900 dB    U 99.9900 dB    V 99.9900 dB] [ET     6 ] [L0 ] [L1 ]
POC  300 TId: 0 ( I-SLICE, QP 26 )    2919128 bits [Y 99.9900 dB    U 99.9900 dB    V 99.9900 dB] [ET     5 ] [L0 ] [L1 ]
POC  301 TId: 0 ( I-SLICE, QP 26 )    2923208 bits [Y 99.9900 dB    U 99.9900 dB    V 99.9900 dB] [ET     5 ] [L0 ] [L1 ]
POC  302 TId: 0 ( I-SLICE, QP 26 )    2922272 bits [Y 99.9900 dB    U 99.9900 dB    V 99.9900 dB] [ET     5 ] [L0 ] [L1 ]
POC  303 TId: 0 ( I-SLICE, QP 26 )    2924400 bits [Y 99.9900 dB    U 99.9900 dB    V 99.9900 dB] [ET     6 ] [L0 ] [L1 ]
POC  304 TId: 0 ( I-SLICE, QP 26 )    2923192 bits [Y 99.9900 dB    U 99.9900 dB    V 99.9900 dB] [ET     5 ] [L0 ] [L1 ]
POC  305 TId: 0 ( I-SLICE, QP 26 )    2925320 bits [Y 99.9900 dB    U 99.9900 dB    V 99.9900 dB] [ET     5 ] [L0 ] [L1 ]
POC  306 TId: 0 ( I-SLICE, QP 26 )    2927696 bits [Y 99.9900 dB    U 99.9900 dB    V 99.9900 dB] [ET     6 ] [L0 ] [L1 ]
POC  307 TId: 0 ( I-SLICE, QP 26 )    2927624 bits [Y 99.9900 dB    U 99.9900 dB    V 99.9900 dB] [ET     5 ] [L0 ] [L1 ]
POC  308 TId: 0 ( I-SLICE, QP 26 )    2925816 bits [Y 99.9900 dB    U 99.9900 dB    V 99.9900 dB] [ET     6 ] [L0 ] [L1 ]
POC  309 TId: 0 ( I-SLICE, QP 26 )    2924464 bits [Y 99.9900 dB    U 99.9900 dB    V 99.9900 dB] [ET     6 ] [L0 ] [L1 ]
POC  310 TId: 0 ( I-SLICE, QP 26 )    2921720 bits [Y 99.9900 dB    U 99.9900 dB    V 99.9900 dB] [ET     6 ] [L0 ] [L1 ]
POC  311 TId: 0 ( I-SLICE, QP 26 )    2923112 bits [Y 99.9900 dB    U 99.9900 dB    V 99.9900 dB] [ET     5 ] [L0 ] [L1 ]
POC  312 TId: 0 ( I-SLICE, QP 26 )    2920176 bits [Y 99.9900 dB    U 99.9900 dB    V 99.9900 dB] [ET     6 ] [L0 ] [L1 ]
POC  313 TId: 0 ( I-SLICE, QP 26 )    2917672 bits [Y 99.9900 dB    U 99.9900 dB    V 99.9900 dB] [ET     6 ] [L0 ] [L1 ]
POC  314 TId: 0 ( I-SLICE, QP 26 )    2914432 bits [Y 99.9900 dB    U 99.9900 dB    V 99.9900 dB] [ET     6 ] [L0 ] [L1 ]
POC  315 TId: 0 ( I-SLICE, QP 26 )    2911984 bits [Y 99.9900 dB    U 99.9900 dB    V 99.9900 dB] [ET     6 ] [L0 ] [L1 ]
POC  316 TId: 0 ( I-SLICE, QP 26 )    2912928 bits [Y 99.9900 dB    U 99.9900 dB    V 99.9900 dB] [ET     6 ] [L0 ] [L1 ]
POC  317 TId: 0 ( I-SLICE, QP 26 )    2909576 bits [Y 99.9900 dB    U 99.9900 dB    V 99.9900 dB] [ET     6 ] [L0 ] [L1 ]
POC  318 TId: 0 ( I-SLICE, QP 26 )    2906056 bits [Y 99.9900 dB    U 99.9900 dB    V 99.9900 dB] [ET     6 ] [L0 ] [L1 ]
POC  319 TId: 0 ( I-SLICE, QP 26 )    2901944 bits [Y 99.9900 dB    U 99.9900 dB    V 99.9900 dB] [ET     6 ] [L0 ] [L1 ]
POC  320 TId: 0 ( I-SLICE, QP 26 )    2898936 bits [Y 99.9900 dB    U 99.9900 dB    V 99.9900 dB] [ET     6 ] [L0 ] [L1 ]
POC  321 TId: 0 ( I-SLICE, QP 26 )    2899624 bits [Y 99.9900 dB    U 99.9900 dB    V 99.9900 dB] [ET     5 ] [L0 ] [L1 ]
POC  322 TId: 0 ( I-SLICE, QP 26 )    2895440 bits [Y 99.9900 dB    U 99.9900 dB    V 99.9900 dB] [ET     6 ] [L0 ] [L1 ]
POC  323 TId: 0 ( I-SLICE, QP 26 )    2894488 bits [Y 99.9900 dB    U 99.9900 dB    V 99.9900 dB] [ET     6 ] [L0 ] [L1 ]
POC  324 TId: 0 ( I-SLICE, QP 26 )    2894080 bits [Y 99.9900 dB    U 99.9900 dB    V 99.9900 dB] [ET     5 ] [L0 ] [L1 ]
POC  325 TId: 0 ( I-SLICE, QP 26 )    2890840 bits [Y 99.9900 dB    U 99.9900 dB    V 99.9900 dB] [ET     5 ] [L0 ] [L1 ]
POC  326 TId: 0 ( I-SLICE, QP 26 )    2891880 bits [Y 99.9900 dB    U 99.9900 dB    V 99.9900 dB] [ET     6 ] [L0 ] [L1 ]
POC  327 TId: 0 ( I-SLICE, QP 26 )    2892808 bits [Y 99.9900 dB    U 99.9900 dB    V 99.9900 dB] [ET     6 ] [L0 ] [L1 ]
POC  328 TId: 0 ( I-SLICE, QP 26 )    2889864 bits [Y 99.9900 dB    U 99.9900 dB    V 99.9900 dB] [ET     6 ] [L0 ] [L1 ]
POC  329 TId: 0 ( I-SLICE, QP 26 )    2892504 bits [Y 99.9900 dB    U 99.9900 dB    V 99.9900 dB] [ET     6 ] [L0 ] [L1 ]
POC  330 TId: 0 ( I-SLICE, QP 26 )    2892368 bits [Y 99.9900 dB    U 99.9900 dB    V 99.9900 dB] [ET     6 ] [L0 ] [L1 ]
POC  331 TId: 0 ( I-SLICE, QP 26 )    2890672 bits [Y 99.9900 dB    U 99.9900 dB    V 99.9900 dB] [ET     6 ] [L0 ] [L1 ]
POC  332 TId: 0 ( I-SLICE, QP 26 )    2891832 bits [Y 99.9900 dB    U 99.9900 dB    V 99.9900 dB] [ET     5 ] [L0 ] [L1 ]
POC  333 TId: 0 ( I-SLICE, QP 26 )    2886680 bits [Y 99.9900 dB    U 99.9900 dB    V 99.9900 dB] [ET     6 ] [L0 ] [L1 ]
POC  334 TId: 0 ( I-SLICE, QP 26 )    2889880 bits [Y 99.9900 dB    U 99.9900 dB    V 99.9900 dB] [ET     6 ] [L0 ] [L1 ]
POC  335 TId: 0 ( I-SLICE, QP 26 )    2892080 bits [Y 99.9900 dB    U 99.9900 dB    V 99.9900 dB] [ET     6 ] [L0 ] [L1 ]
POC  336 TId: 0 ( I-SLICE, QP 26 )    2887544 bits [Y 99.9900 dB    U 99.9900 dB    V 99.9900 dB] [ET     6 ] [L0 ] [L1 ]
POC  337 TId: 0 ( I-SLICE, QP 26 )    2888272 bits [Y 99.9900 dB    U 99.9900 dB    V 99.9900 dB] [ET     6 ] [L0 ] [L1 ]
POC  338 TId: 0 ( I-SLICE, QP 26 )    2886352 bits [Y 99.9900 dB    U 99.9900 dB    V 99.9900 dB] [ET     5 ] [L0 ] [L1 ]
POC  339 TId: 0 ( I-SLICE, QP 26 )    2886504 bits [Y 99.9900 dB    U 99.9900 dB    V 99.9900 dB] [ET     6 ] [L0 ] [L1 ]
POC  340 TId: 0 ( I-SLICE, QP 26 )    2884552 bits [Y 99.9900 dB    U 99.9900 dB    V 99.9900 dB] [ET     5 ] [L0 ] [L1 ]
POC  341 TId: 0 ( I-SLICE, QP 26 )    2887576 bits [Y 99.9900 dB    U 99.9900 dB    V 99.9900 dB] [ET     6 ] [L0 ] [L1 ]
POC  342 TId: 0 ( I-SLICE, QP 26 )    2880816 bits [Y 99.9900 dB    U 99.9900 dB    V 99.9900 dB] [ET     6 ] [L0 ] [L1 ]
POC  343 TId: 0 ( I-SLICE, QP 26 )    2878712 bits [Y 99.9900 dB    U 99.9900 dB    V 99.9900 dB] [ET     5 ] [L0 ] [L1 ]
POC  344 TId: 0 ( I-SLICE, QP 26 )    2880880 bits [Y 99.9900 dB    U 99.9900 dB    V 99.9900 dB] [ET     6 ] [L0 ] [L1 ]
POC  345 TId: 0 ( I-SLICE, QP 26 )    2876520 bits [Y 99.9900 dB    U 99.9900 dB    V 99.9900 dB] [ET     6 ] [L0 ] [L1 ]
POC  346 TId: 0 ( I-SLICE, QP 26 )    2877480 bits [Y 99.9900 dB    U 99.9900 dB    V 99.9900 dB] [ET     6 ] [L0 ] [L1 ]
POC  347 TId: 0 ( I-SLICE, QP 26 )    2873728 bits [Y 99.9900 dB    U 99.9900 dB    V 99.9900 dB] [ET     6 ] [L0 ] [L1 ]
POC  348 TId: 0 ( I-SLICE, QP 26 )    2876408 bits [Y 99.9900 dB    U 99.9900 dB    V 99.9900 dB] [ET     6 ] [L0 ] [L1 ]
POC  349 TId: 0 ( I-SLICE, QP 26 )    2873160 bits [Y 99.9900 dB    U 99.9900 dB    V 99.9900 dB] [ET     6 ] [L0 ] [L1 ]
POC  350 TId: 0 ( I-SLICE, QP 26 )    2871000 bits [Y 99.9900 dB    U 99.9900 dB    V 99.9900 dB] [ET     6 ] [L0 ] [L1 ]
POC  351 TId: 0 ( I-SLICE, QP 26 )    2868160 bits [Y 99.9900 dB    U 99.9900 dB    V 99.9900 dB] [ET     5 ] [L0 ] [L1 ]
POC  352 TId: 0 ( I-SLICE, QP 26 )    2868216 bits [Y 99.9900 dB    U 99.9900 dB    V 99.9900 dB] [ET     6 ] [L0 ] [L1 ]
POC  353 TId: 0 ( I-SLICE, QP 26 )    2868824 bits [Y 99.9900 dB    U 99.9900 dB    V 99.9900 dB] [ET     5 ] [L0 ] [L1 ]
POC  354 TId: 0 ( I-SLICE, QP 26 )    2863624 bits [Y 99.9900 dB    U 99.9900 dB    V 99.9900 dB] [ET     5 ] [L0 ] [L1 ]
POC  355 TId: 0 ( I-SLICE, QP 26 )    2861456 bits [Y 99.9900 dB    U 99.9900 dB    V 99.9900 dB] [ET     6 ] [L0 ] [L1 ]
POC  356 TId: 0 ( I-SLICE, QP 26 )    2853184 bits [Y 99.9900 dB    U 99.9900 dB    V 99.9900 dB] [ET     6 ] [L0 ] [L1 ]
POC  357 TId: 0 ( I-SLICE, QP 26 )    2853024 bits [Y 99.9900 dB    U 99.9900 dB    V 99.9900 dB] [ET     6 ] [L0 ] [L1 ]
POC  358 TId: 0 ( I-SLICE, QP 26 )    2850720 bits [Y 99.9900 dB    U 99.9900 dB    V 99.9900 dB] [ET     6 ] [L0 ] [L1 ]
POC  359 TId: 0 ( I-SLICE, QP 26 )    2852936 bits [Y 99.9900 dB    U 99.9900 dB    V 99.9900 dB] [ET     6 ] [L0 ] [L1 ]
POC  360 TId: 0 ( I-SLICE, QP 26 )    2850560 bits [Y 99.9900 dB    U 99.9900 dB    V 99.9900 dB] [ET     6 ] [L0 ] [L1 ]
POC  361 TId: 0 ( I-SLICE, QP 26 )    2853784 bits [Y 99.9900 dB    U 99.9900 dB    V 99.9900 dB] [ET     6 ] [L0 ] [L1 ]
POC  362 TId: 0 ( I-SLICE, QP 26 )    2857200 bits [Y 99.9900 dB    U 99.9900 dB    V 99.9900 dB] [ET     6 ] [L0 ] [L1 ]
POC  363 TId: 0 ( I-SLICE, QP 26 )    2855032 bits [Y 99.9900 dB    U 99.9900 dB    V 99.9900 dB] [ET     5 ] [L0 ] [L1 ]
POC  364 TId: 0 ( I-SLICE, QP 26 )    2855448 bits [Y 99.9900 dB    U 99.9900 dB    V 99.9900 dB] [ET     6 ] [L0 ] [L1 ]
POC  365 TId: 0 ( I-SLICE, QP 26 )    2854736 bits [Y 99.9900 dB    U 99.9900 dB    V 99.9900 dB] [ET     6 ] [L0 ] [L1 ]
POC  366 TId: 0 ( I-SLICE, QP 26 )    2855376 bits [Y 99.9900 dB    U 99.9900 dB    V 99.9900 dB] [ET     6 ] [L0 ] [L1 ]
POC  367 TId: 0 ( I-SLICE, QP 26 )    2852088 bits [Y 99.9900 dB    U 99.9900 dB    V 99.9900 dB] [ET     5 ] [L0 ] [L1 ]
POC  368 TId: 0 ( I-SLICE, QP 26 )    2846760 bits [Y 99.9900 dB    U 99.9900 dB    V 99.9900 dB] [ET     6 ] [L0 ] [L1 ]
POC  369 TId: 0 ( I-SLICE, QP 26 )    2848776 bits [Y 99.9900 dB    U 99.9900 dB    V 99.9900 dB] [ET     5 ] [L0 ] [L1 ]
POC  370 TId: 0 ( I-SLICE, QP 26 )    2853856 bits [Y 99.9900 dB    U 99.9900 dB    V 99.9900 dB] [ET     6 ] [L0 ] [L1 ]
POC  371 TId: 0 ( I-SLICE, QP 26 )    2853528 bits [Y 99.9900 dB    U 99.9900 dB    V 99.9900 dB] [ET     6 ] [L0 ] [L1 ]
POC  372 TId: 0 ( I-SLICE, QP 26 )    2852376 bits [Y 99.9900 dB    U 99.9900 dB    V 99.9900 dB] [ET     5 ] [L0 ] [L1 ]
POC  373 TId: 0 ( I-SLICE, QP 26 )    2853624 bits [Y 99.9900 dB    U 99.9900 dB    V 99.9900 dB] [ET     6 ] [L0 ] [L1 ]
POC  374 TId: 0 ( I-SLICE, QP 26 )    2854096 bits [Y 99.9900 dB    U 99.9900 dB    V 99.9900 dB] [ET     6 ] [L0 ] [L1 ]
POC  375 TId: 0 ( I-SLICE, QP 26 )    2860128 bits [Y 99.9900 dB    U 99.9900 dB    V 99.9900 dB] [ET     5 ] [L0 ] [L1 ]
POC  376 TId: 0 ( I-SLICE, QP 26 )    2857936 bits [Y 99.9900 dB    U 99.9900 dB    V 99.9900 dB] [ET     5 ] [L0 ] [L1 ]
POC  377 TId: 0 ( I-SLICE, QP 26 )    2858400 bits [Y 99.9900 dB    U 99.9900 dB    V 99.9900 dB] [ET     6 ] [L0 ] [L1 ]
POC  378 TId: 0 ( I-SLICE, QP 26 )    2857208 bits [Y 99.9900 dB    U 99.9900 dB    V 99.9900 dB] [ET     5 ] [L0 ] [L1 ]
POC  379 TId: 0 ( I-SLICE, QP 26 )    2856224 bits [Y 99.9900 dB    U 99.9900 dB    V 99.9900 dB] [ET     6 ] [L0 ] [L1 ]
POC  380 TId: 0 ( I-SLICE, QP 26 )    2854888 bits [Y 99.9900 dB    U 99.9900 dB    V 99.9900 dB] [ET     6 ] [L0 ] [L1 ]
POC  381 TId: 0 ( I-SLICE, QP 26 )    2856432 bits [Y 99.9900 dB    U 99.9900 dB    V 99.9900 dB] [ET     6 ] [L0 ] [L1 ]
POC  382 TId: 0 ( I-SLICE, QP 26 )    2853352 bits [Y 99.9900 dB    U 99.9900 dB    V 99.9900 dB] [ET     5 ] [L0 ] [L1 ]
POC  383 TId: 0 ( I-SLICE, QP 26 )    2854800 bits [Y 99.9900 dB    U 99.9900 dB    V 99.9900 dB] [ET     6 ] [L0 ] [L1 ]
POC  384 TId: 0 ( I-SLICE, QP 26 )    2855160 bits [Y 99.9900 dB    U 99.9900 dB    V 99.9900 dB] [ET     6 ] [L0 ] [L1 ]
POC  385 TId: 0 ( I-SLICE, QP 26 )    2853416 bits [Y 99.9900 dB    U 99.9900 dB    V 99.9900 dB] [ET     6 ] [L0 ] [L1 ]
POC  386 TId: 0 ( I-SLICE, QP 26 )    2853344 bits [Y 99.9900 dB    U 99.9900 dB    V 99.9900 dB] [ET     6 ] [L0 ] [L1 ]
POC  387 TId: 0 ( I-SLICE, QP 26 )    2852656 bits [Y 99.9900 dB    U 99.9900 dB    V 99.9900 dB] [ET     6 ] [L0 ] [L1 ]
POC  388 TId: 0 ( I-SLICE, QP 26 )    2852056 bits [Y 99.9900 dB    U 99.9900 dB    V 99.9900 dB] [ET     5 ] [L0 ] [L1 ]
POC  389 TId: 0 ( I-SLICE, QP 26 )    2846328 bits [Y 99.9900 dB    U 99.9900 dB    V 99.9900 dB] [ET     5 ] [L0 ] [L1 ]
POC  390 TId: 0 ( I-SLICE, QP 26 )    2845952 bits [Y 99.9900 dB    U 99.9900 dB    V 99.9900 dB] [ET     5 ] [L0 ] [L1 ]
POC  391 TId: 0 ( I-SLICE, QP 26 )    2847240 bits [Y 99.9900 dB    U 99.9900 dB    V 99.9900 dB] [ET     5 ] [L0 ] [L1 ]
POC  392 TId: 0 ( I-SLICE, QP 26 )    2848664 bits [Y 99.9900 dB    U 99.9900 dB    V 99.9900 dB] [ET     5 ] [L0 ] [L1 ]
POC  393 TId: 0 ( I-SLICE, QP 26 )    2843136 bits [Y 99.9900 dB    U 99.9900 dB    V 99.9900 dB] [ET     6 ] [L0 ] [L1 ]
POC  394 TId: 0 ( I-SLICE, QP 26 )    2838968 bits [Y 99.9900 dB    U 99.9900 dB    V 99.9900 dB] [ET     5 ] [L0 ] [L1 ]
POC  395 TId: 0 ( I-SLICE, QP 26 )    2845176 bits [Y 99.9900 dB    U 99.9900 dB    V 99.9900 dB] [ET     5 ] [L0 ] [L1 ]
POC  396 TId: 0 ( I-SLICE, QP 26 )    2845544 bits [Y 99.9900 dB    U 99.9900 dB    V 99.9900 dB] [ET     6 ] [L0 ] [L1 ]
POC  397 TId: 0 ( I-SLICE, QP 26 )    2842048 bits [Y 99.9900 dB    U 99.9900 dB    V 99.9900 dB] [ET     5 ] [L0 ] [L1 ]
POC  398 TId: 0 ( I-SLICE, QP 26 )    2839032 bits [Y 99.9900 dB    U 99.9900 dB    V 99.9900 dB] [ET     6 ] [L0 ] [L1 ]
POC  399 TId: 0 ( I-SLICE, QP 26 )    2833712 bits [Y 99.9900 dB    U 99.9900 dB    V 99.9900 dB] [ET     6 ] [L0 ] [L1 ]
POC  400 TId: 0 ( I-SLICE, QP 26 )    2832368 bits [Y 99.9900 dB    U 99.9900 dB    V 99.9900 dB] [ET     5 ] [L0 ] [L1 ]
POC  401 TId: 0 ( I-SLICE, QP 26 )    2835112 bits [Y 99.9900 dB    U 99.9900 dB    V 99.9900 dB] [ET     5 ] [L0 ] [L1 ]
POC  402 TId: 0 ( I-SLICE, QP 26 )    2835848 bits [Y 99.9900 dB    U 99.9900 dB    V 99.9900 dB] [ET     6 ] [L0 ] [L1 ]
POC  403 TId: 0 ( I-SLICE, QP 26 )    2831072 bits [Y 99.9900 dB    U 99.9900 dB    V 99.9900 dB] [ET     6 ] [L0 ] [L1 ]
POC  404 TId: 0 ( I-SLICE, QP 26 )    2828744 bits [Y 99.9900 dB    U 99.9900 dB    V 99.9900 dB] [ET     6 ] [L0 ] [L1 ]
POC  405 TId: 0 ( I-SLICE, QP 26 )    2826256 bits [Y 99.9900 dB    U 99.9900 dB    V 99.9900 dB] [ET     6 ] [L0 ] [L1 ]
POC  406 TId: 0 ( I-SLICE, QP 26 )    2820144 bits [Y 99.9900 dB    U 99.9900 dB    V 99.9900 dB] [ET     5 ] [L0 ] [L1 ]
POC  407 TId: 0 ( I-SLICE, QP 26 )    2821744 bits [Y 99.9900 dB    U 99.9900 dB    V 99.9900 dB] [ET     5 ] [L0 ] [L1 ]
POC  408 TId: 0 ( I-SLICE, QP 26 )    2817024 bits [Y 99.9900 dB    U 99.9900 dB    V 99.9900 dB] [ET     5 ] [L0 ] [L1 ]
POC  409 TId: 0 ( I-SLICE, QP 26 )    2812192 bits [Y 99.9900 dB    U 99.9900 dB    V 99.9900 dB] [ET     5 ] [L0 ] [L1 ]
POC  410 TId: 0 ( I-SLICE, QP 26 )    2809848 bits [Y 99.9900 dB    U 99.9900 dB    V 99.9900 dB] [ET     5 ] [L0 ] [L1 ]
POC  411 TId: 0 ( I-SLICE, QP 26 )    2810984 bits [Y 99.9900 dB    U 99.9900 dB    V 99.9900 dB] [ET     6 ] [L0 ] [L1 ]
POC  412 TId: 0 ( I-SLICE, QP 26 )    2809976 bits [Y 99.9900 dB    U 99.9900 dB    V 99.9900 dB] [ET     6 ] [L0 ] [L1 ]
POC  413 TId: 0 ( I-SLICE, QP 26 )    2806728 bits [Y 99.9900 dB    U 99.9900 dB    V 99.9900 dB] [ET     5 ] [L0 ] [L1 ]
POC  414 TId: 0 ( I-SLICE, QP 26 )    2803656 bits [Y 99.9900 dB    U 99.9900 dB    V 99.9900 dB] [ET     6 ] [L0 ] [L1 ]
POC  415 TId: 0 ( I-SLICE, QP 26 )    2804040 bits [Y 99.9900 dB    U 99.9900 dB    V 99.9900 dB] [ET     5 ] [L0 ] [L1 ]
POC  416 TId: 0 ( I-SLICE, QP 26 )    2801680 bits [Y 99.9900 dB    U 99.9900 dB    V 99.9900 dB] [ET     5 ] [L0 ] [L1 ]
POC  417 TId: 0 ( I-SLICE, QP 26 )    2802048 bits [Y 99.9900 dB    U 99.9900 dB    V 99.9900 dB] [ET     6 ] [L0 ] [L1 ]
POC  418 TId: 0 ( I-SLICE, QP 26 )    2798856 bits [Y 99.9900 dB    U 99.9900 dB    V 99.9900 dB] [ET     6 ] [L0 ] [L1 ]
POC  419 TId: 0 ( I-SLICE, QP 26 )    2801280 bits [Y 99.9900 dB    U 99.9900 dB    V 99.9900 dB] [ET     6 ] [L0 ] [L1 ]
POC  420 TId: 0 ( I-SLICE, QP 26 )    2800432 bits [Y 99.9900 dB    U 99.9900 dB    V 99.9900 dB] [ET     5 ] [L0 ] [L1 ]
POC  421 TId: 0 ( I-SLICE, QP 26 )    2795464 bits [Y 99.9900 dB    U 99.9900 dB    V 99.9900 dB] [ET     5 ] [L0 ] [L1 ]
POC  422 TId: 0 ( I-SLICE, QP 26 )    2793544 bits [Y 99.9900 dB    U 99.9900 dB    V 99.9900 dB] [ET     6 ] [L0 ] [L1 ]
POC  423 TId: 0 ( I-SLICE, QP 26 )    2789344 bits [Y 99.9900 dB    U 99.9900 dB    V 99.9900 dB] [ET     5 ] [L0 ] [L1 ]
POC  424 TId: 0 ( I-SLICE, QP 26 )    2784096 bits [Y 99.9900 dB    U 99.9900 dB    V 99.9900 dB] [ET     6 ] [L0 ] [L1 ]
POC  425 TId: 0 ( I-SLICE, QP 26 )    2782512 bits [Y 99.9900 dB    U 99.9900 dB    V 99.9900 dB] [ET     6 ] [L0 ] [L1 ]
POC  426 TId: 0 ( I-SLICE, QP 26 )    2781480 bits [Y 99.9900 dB    U 99.9900 dB    V 99.9900 dB] [ET     6 ] [L0 ] [L1 ]
POC  427 TId: 0 ( I-SLICE, QP 26 )    2777784 bits [Y 99.9900 dB    U 99.9900 dB    V 99.9900 dB] [ET     6 ] [L0 ] [L1 ]
POC  428 TId: 0 ( I-SLICE, QP 26 )    2770488 bits [Y 99.9900 dB    U 99.9900 dB    V 99.9900 dB] [ET     5 ] [L0 ] [L1 ]
POC  429 TId: 0 ( I-SLICE, QP 26 )    2767032 bits [Y 99.9900 dB    U 99.9900 dB    V 99.9900 dB] [ET     6 ] [L0 ] [L1 ]
POC  430 TId: 0 ( I-SLICE, QP 26 )    2762584 bits [Y 99.9900 dB    U 99.9900 dB    V 99.9900 dB] [ET     5 ] [L0 ] [L1 ]
POC  431 TId: 0 ( I-SLICE, QP 26 )    2755976 bits [Y 99.9900 dB    U 99.9900 dB    V 99.9900 dB] [ET     6 ] [L0 ] [L1 ]
POC  432 TId: 0 ( I-SLICE, QP 26 )    2751896 bits [Y 99.9900 dB    U 99.9900 dB    V 99.9900 dB] [ET     5 ] [L0 ] [L1 ]
POC  433 TId: 0 ( I-SLICE, QP 26 )    2751592 bits [Y 99.9900 dB    U 99.9900 dB    V 99.9900 dB] [ET     6 ] [L0 ] [L1 ]
POC  434 TId: 0 ( I-SLICE, QP 26 )    2752128 bits [Y 99.9900 dB    U 99.9900 dB    V 99.9900 dB] [ET     5 ] [L0 ] [L1 ]
POC  435 TId: 0 ( I-SLICE, QP 26 )    2745824 bits [Y 99.9900 dB    U 99.9900 dB    V 99.9900 dB] [ET     6 ] [L0 ] [L1 ]
POC  436 TId: 0 ( I-SLICE, QP 26 )    2741728 bits [Y 99.9900 dB    U 99.9900 dB    V 99.9900 dB] [ET     5 ] [L0 ] [L1 ]
POC  437 TId: 0 ( I-SLICE, QP 26 )    2745472 bits [Y 99.9900 dB    U 99.9900 dB    V 99.9900 dB] [ET     6 ] [L0 ] [L1 ]
POC  438 TId: 0 ( I-SLICE, QP 26 )    2744928 bits [Y 99.9900 dB    U 99.9900 dB    V 99.9900 dB] [ET     5 ] [L0 ] [L1 ]
POC  439 TId: 0 ( I-SLICE, QP 26 )    2749704 bits [Y 99.9900 dB    U 99.9900 dB    V 99.9900 dB] [ET     5 ] [L0 ] [L1 ]
POC  440 TId: 0 ( I-SLICE, QP 26 )    2748384 bits [Y 99.9900 dB    U 99.9900 dB    V 99.9900 dB] [ET     6 ] [L0 ] [L1 ]
POC  441 TId: 0 ( I-SLICE, QP 26 )    2746008 bits [Y 99.9900 dB    U 99.9900 dB    V 99.9900 dB] [ET     5 ] [L0 ] [L1 ]
POC  442 TId: 0 ( I-SLICE, QP 26 )    2742448 bits [Y 99.9900 dB    U 99.9900 dB    V 99.9900 dB] [ET     6 ] [L0 ] [L1 ]
POC  443 TId: 0 ( I-SLICE, QP 26 )    2743912 bits [Y 99.9900 dB    U 99.9900 dB    V 99.9900 dB] [ET     6 ] [L0 ] [L1 ]
POC  444 TId: 0 ( I-SLICE, QP 26 )    2742824 bits [Y 99.9900 dB    U 99.9900 dB    V 99.9900 dB] [ET     5 ] [L0 ] [L1 ]
POC  445 TId: 0 ( I-SLICE, QP 26 )    2741048 bits [Y 99.9900 dB    U 99.9900 dB    V 99.9900 dB] [ET     5 ] [L0 ] [L1 ]
POC  446 TId: 0 ( I-SLICE, QP 26 )    2740368 bits [Y 99.9900 dB    U 99.9900 dB    V 99.9900 dB] [ET     6 ] [L0 ] [L1 ]
POC  447 TId: 0 ( I-SLICE, QP 26 )    2744888 bits [Y 99.9900 dB    U 99.9900 dB    V 99.9900 dB] [ET     5 ] [L0 ] [L1 ]
POC  448 TId: 0 ( I-SLICE, QP 26 )    2742648 bits [Y 99.9900 dB    U 99.9900 dB    V 99.9900 dB] [ET     5 ] [L0 ] [L1 ]
POC  449 TId: 0 ( I-SLICE, QP 26 )    2744136 bits [Y 99.9900 dB    U 99.9900 dB    V 99.9900 dB] [ET     6 ] [L0 ] [L1 ]
POC  450 TId: 0 ( I-SLICE, QP 26 )    2744064 bits [Y 99.9900 dB    U 99.9900 dB    V 99.9900 dB] [ET     5 ] [L0 ] [L1 ]
POC  451 TId: 0 ( I-SLICE, QP 26 )    2749248 bits [Y 99.9900 dB    U 99.9900 dB    V 99.9900 dB] [ET     6 ] [L0 ] [L1 ]
POC  452 TId: 0 ( I-SLICE, QP 26 )    2746648 bits [Y 99.9900 dB    U 99.9900 dB    V 99.9900 dB] [ET     6 ] [L0 ] [L1 ]
POC  453 TId: 0 ( I-SLICE, QP 26 )    2745944 bits [Y 99.9900 dB    U 99.9900 dB    V 99.9900 dB] [ET     6 ] [L0 ] [L1 ]
POC  454 TId: 0 ( I-SLICE, QP 26 )    2750920 bits [Y 99.9900 dB    U 99.9900 dB    V 99.9900 dB] [ET     5 ] [L0 ] [L1 ]
POC  455 TId: 0 ( I-SLICE, QP 26 )    2755904 bits [Y 99.9900 dB    U 99.9900 dB    V 99.9900 dB] [ET     6 ] [L0 ] [L1 ]
POC  456 TId: 0 ( I-SLICE, QP 26 )    2755744 bits [Y 99.9900 dB    U 99.9900 dB    V 99.9900 dB] [ET     6 ] [L0 ] [L1 ]
POC  457 TId: 0 ( I-SLICE, QP 26 )    2760272 bits [Y 99.9900 dB    U 99.9900 dB    V 99.9900 dB] [ET     6 ] [L0 ] [L1 ]
POC  458 TId: 0 ( I-SLICE, QP 26 )    2764688 bits [Y 99.9900 dB    U 99.9900 dB    V 99.9900 dB] [ET     6 ] [L0 ] [L1 ]
POC  459 TId: 0 ( I-SLICE, QP 26 )    2767304 bits [Y 99.9900 dB    U 99.9900 dB    V 99.9900 dB] [ET     5 ] [L0 ] [L1 ]
POC  460 TId: 0 ( I-SLICE, QP 26 )    2770296 bits [Y 99.9900 dB    U 99.9900 dB    V 99.9900 dB] [ET     6 ] [L0 ] [L1 ]
POC  461 TId: 0 ( I-SLICE, QP 26 )    2776080 bits [Y 99.9900 dB    U 99.9900 dB    V 99.9900 dB] [ET     5 ] [L0 ] [L1 ]
POC  462 TId: 0 ( I-SLICE, QP 26 )    2781584 bits [Y 99.9900 dB    U 99.9900 dB    V 99.9900 dB] [ET     6 ] [L0 ] [L1 ]
POC  463 TId: 0 ( I-SLICE, QP 26 )    2777152 bits [Y 99.9900 dB    U 99.9900 dB    V 99.9900 dB] [ET     6 ] [L0 ] [L1 ]
POC  464 TId: 0 ( I-SLICE, QP 26 )    2773728 bits [Y 99.9900 dB    U 99.9900 dB    V 99.9900 dB] [ET     5 ] [L0 ] [L1 ]
POC  465 TId: 0 ( I-SLICE, QP 26 )    2771056 bits [Y 99.9900 dB    U 99.9900 dB    V 99.9900 dB] [ET     5 ] [L0 ] [L1 ]
POC  466 TId: 0 ( I-SLICE, QP 26 )    2769256 bits [Y 99.9900 dB    U 99.9900 dB    V 99.9900 dB] [ET     6 ] [L0 ] [L1 ]
POC  467 TId: 0 ( I-SLICE, QP 26 )    2768280 bits [Y 99.9900 dB    U 99.9900 dB    V 99.9900 dB] [ET     5 ] [L0 ] [L1 ]
POC  468 TId: 0 ( I-SLICE, QP 26 )    2772880 bits [Y 99.9900 dB    U 99.9900 dB    V 99.9900 dB] [ET     5 ] [L0 ] [L1 ]
POC  469 TId: 0 ( I-SLICE, QP 26 )    2769960 bits [Y 99.9900 dB    U 99.9900 dB    V 99.9900 dB] [ET     5 ] [L0 ] [L1 ]
POC  470 TId: 0 ( I-SLICE, QP 26 )    2774272 bits [Y 99.9900 dB    U 99.9900 dB    V 99.9900 dB] [ET     6 ] [L0 ] [L1 ]
POC  471 TId: 0 ( I-SLICE, QP 26 )    2767008 bits [Y 99.9900 dB    U 99.9900 dB    V 99.9900 dB] [ET     6 ] [L0 ] [L1 ]
POC  472 TId: 0 ( I-SLICE, QP 26 )    2769584 bits [Y 99.9900 dB    U 99.9900 dB    V 99.9900 dB] [ET     5 ] [L0 ] [L1 ]
POC  473 TId: 0 ( I-SLICE, QP 26 )    2763448 bits [Y 99.9900 dB    U 99.9900 dB    V 99.9900 dB] [ET     5 ] [L0 ] [L1 ]
POC  474 TId: 0 ( I-SLICE, QP 26 )    2755176 bits [Y 99.9900 dB    U 99.9900 dB    V 99.9900 dB] [ET     6 ] [L0 ] [L1 ]
POC  475 TId: 0 ( I-SLICE, QP 26 )    2753256 bits [Y 99.9900 dB    U 99.9900 dB    V 99.9900 dB] [ET     5 ] [L0 ] [L1 ]
POC  476 TId: 0 ( I-SLICE, QP 26 )    2752848 bits [Y 99.9900 dB    U 99.9900 dB    V 99.9900 dB] [ET     5 ] [L0 ] [L1 ]
POC  477 TId: 0 ( I-SLICE, QP 26 )    2751624 bits [Y 99.9900 dB    U 99.9900 dB    V 99.9900 dB] [ET     5 ] [L0 ] [L1 ]
POC  478 TId: 0 ( I-SLICE, QP 26 )    2751800 bits [Y 99.9900 dB    U 99.9900 dB    V 99.9900 dB] [ET     5 ] [L0 ] [L1 ]
POC  479 TId: 0 ( I-SLICE, QP 26 )    2748552 bits [Y 99.9900 dB    U 99.9900 dB    V 99.9900 dB] [ET     6 ] [L0 ] [L1 ]
POC  480 TId: 0 ( I-SLICE, QP 26 )    2741488 bits [Y 99.9900 dB    U 99.9900 dB    V 99.9900 dB] [ET     5 ] [L0 ] [L1 ]
POC  481 TId: 0 ( I-SLICE, QP 26 )    2739408 bits [Y 99.9900 dB    U 99.9900 dB    V 99.9900 dB] [ET     5 ] [L0 ] [L1 ]
POC  482 TId: 0 ( I-SLICE, QP 26 )    2735568 bits [Y 99.9900 dB    U 99.9900 dB    V 99.9900 dB] [ET     5 ] [L0 ] [L1 ]
POC  483 TId: 0 ( I-SLICE, QP 26 )    2736072 bits [Y 99.9900 dB    U 99.9900 dB    V 99.9900 dB] [ET     6 ] [L0 ] [L1 ]
POC  484 TId: 0 ( I-SLICE, QP 26 )    2734080 bits [Y 99.9900 dB    U 99.9900 dB    V 99.9900 dB] [ET     5 ] [L0 ] [L1 ]
POC  485 TId: 0 ( I-SLICE, QP 26 )    2732184 bits [Y 99.9900 dB    U 99.9900 dB    V 99.9900 dB] [ET     6 ] [L0 ] [L1 ]
POC  486 TId: 0 ( I-SLICE, QP 26 )    2735560 bits [Y 99.9900 dB    U 99.9900 dB    V 99.9900 dB] [ET     6 ] [L0 ] [L1 ]
POC  487 TId: 0 ( I-SLICE, QP 26 )    2733912 bits [Y 99.9900 dB    U 99.9900 dB    V 99.9900 dB] [ET     6 ] [L0 ] [L1 ]
POC  488 TId: 0 ( I-SLICE, QP 26 )    2737680 bits [Y 99.9900 dB    U 99.9900 dB    V 99.9900 dB] [ET     5 ] [L0 ] [L1 ]
POC  489 TId: 0 ( I-SLICE, QP 26 )    2739848 bits [Y 99.9900 dB    U 99.9900 dB    V 99.9900 dB] [ET     5 ] [L0 ] [L1 ]
POC  490 TId: 0 ( I-SLICE, QP 26 )    2737856 bits [Y 99.9900 dB    U 99.9900 dB    V 99.9900 dB] [ET     5 ] [L0 ] [L1 ]
POC  491 TId: 0 ( I-SLICE, QP 26 )    2739112 bits [Y 99.9900 dB    U 99.9900 dB    V 99.9900 dB] [ET     6 ] [L0 ] [L1 ]
POC  492 TId: 0 ( I-SLICE, QP 26 )    2739960 bits [Y 99.9900 dB    U 99.9900 dB    V 99.9900 dB] [ET     6 ] [L0 ] [L1 ]
POC  493 TId: 0 ( I-SLICE, QP 26 )    2747952 bits [Y 99.9900 dB    U 99.9900 dB    V 99.9900 dB] [ET     6 ] [L0 ] [L1 ]
POC  494 TId: 0 ( I-SLICE, QP 26 )    2743376 bits [Y 99.9900 dB    U 99.9900 dB    V 99.9900 dB] [ET     6 ] [L0 ] [L1 ]
POC  495 TId: 0 ( I-SLICE, QP 26 )    2742960 bits [Y 99.9900 dB    U 99.9900 dB    V 99.9900 dB] [ET     5 ] [L0 ] [L1 ]
POC  496 TId: 0 ( I-SLICE, QP 26 )    2739736 bits [Y 99.9900 dB    U 99.9900 dB    V 99.9900 dB] [ET     5 ] [L0 ] [L1 ]
POC  497 TId: 0 ( I-SLICE, QP 26 )    2741264 bits [Y 99.9900 dB    U 99.9900 dB    V 99.9900 dB] [ET     6 ] [L0 ] [L1 ]
POC  498 TId: 0 ( I-SLICE, QP 26 )    2744024 bits [Y 99.9900 dB    U 99.9900 dB    V 99.9900 dB] [ET     5 ] [L0 ] [L1 ]
POC  499 TId: 0 ( I-SLICE, QP 26 )    2746736 bits [Y 99.9900 dB    U 99.9900 dB    V 99.9900 dB] [ET     5 ] [L0 ] [L1 ]


SUMMARY --------------------------------------------------------
	Total Frames |  Bitrate    Y-PSNR    U-PSNR    V-PSNR 
	      500    a 145578.6136   99.9900   99.9900   99.9900


I Slices--------------------------------------------------------
	Total Frames |  Bitrate    Y-PSNR    U-PSNR    V-PSNR 
	      500    i 145578.6136   99.9900   99.9900   99.9900


P Slices--------------------------------------------------------
	Total Frames |  Bitrate    Y-PSNR    U-PSNR    V-PSNR 
	        0    p        -nan      -nan      -nan      -nan


B Slices--------------------------------------------------------
	Total Frames |  Bitrate    Y-PSNR    U-PSNR    V-PSNR 
	        0    b        -nan      -nan      -nan      -nan

RVM: 0.000
Bytes written to file: 181975278 (145580.222 kbps)

 Total Time:     2456.516 sec.
