
HM software: Encoder Version [15.0][Linux][GCC 4.8.5][64 bit] 

Input          File          : ../../HEVC_test_sequence/ClassF/SlideShow_1280x720_20.yuv
Bitstream      File          : SlideShow.bin
Reconstruction File          : SlideShow.yuv
Real     Format              : 1280x720 20Hz
Internal Format              : 1280x720 20Hz
Frame/Field                  : Frame based coding
Frame index                  : 0 - 499 (500 frames)
CU size / depth              : 32 / 3
RQT trans. size (min / max)  : 4 / 32
Max RQT depth inter          : 3
Max RQT depth intra          : 1
Min PCM size                 : 8
Motion search range          : 64
Intra period                 : 1
Decoding refresh type        : 0
QP                           : 26.00
Max dQP signaling depth      : 0
Cb QP Offset                 : 0
Cr QP Offset                 : 0
QP adaptation                : 0 (range=0)
GOP size                     : 1
Internal bit depth           : (Y:8, C:8)
PCM sample bit depth         : (Y:8, C:8)
RateControl                  : 0
Max Num Merge Candidates     : 5

TOOL CFG: IBD:0 HAD:0 RDQ:0 RDQTS:0 RDpenalty:0 SQP:0 ASR:0 FEN:0 ECU:0 FDM:0 CFM:0 ESD:0 RQT:1 TransformSkip:0 TransformSkipFast:0 Slice: M=0 SliceSegment: M=0 CIP:0 SAO:0 PCM:0 TransQuantBypassEnabled: =1 WPP:0 WPB:0 PME:2  WaveFrontSynchro:0 WaveFrontSubstreams:1 ScalingList:0 TMVPMode:1  SignBitHidingFlag:1 RecalQP:0

POC    0 TId: 0 ( I-SLICE, QP 26 )    1930080 bits [Y 99.9900 dB    U 99.9900 dB    V 99.9900 dB] [ET     9 ] [L0 ] [L1 ]
POC    1 TId: 0 ( I-SLICE, QP 26 )      22448 bits [Y 99.9900 dB    U 99.9900 dB    V 99.9900 dB] [ET     6 ] [L0 ] [L1 ]
POC    2 TId: 0 ( I-SLICE, QP 26 )      19520 bits [Y 99.9900 dB    U 99.9900 dB    V 99.9900 dB] [ET     6 ] [L0 ] [L1 ]
POC    3 TId: 0 ( I-SLICE, QP 26 )     237448 bits [Y 99.9900 dB    U 99.9900 dB    V 99.9900 dB] [ET     6 ] [L0 ] [L1 ]
POC    4 TId: 0 ( I-SLICE, QP 26 )     500752 bits [Y 99.9900 dB    U 99.9900 dB    V 99.9900 dB] [ET     7 ] [L0 ] [L1 ]
POC    5 TId: 0 ( I-SLICE, QP 26 )     724216 bits [Y 99.9900 dB    U 99.9900 dB    V 99.9900 dB] [ET     7 ] [L0 ] [L1 ]
POC    6 TId: 0 ( I-SLICE, QP 26 )     992008 bits [Y 99.9900 dB    U 99.9900 dB    V 99.9900 dB] [ET     8 ] [L0 ] [L1 ]
POC    7 TId: 0 ( I-SLICE, QP 26 )    1287288 bits [Y 99.9900 dB    U 99.9900 dB    V 99.9900 dB] [ET     8 ] [L0 ] [L1 ]
POC    8 TId: 0 ( I-SLICE, QP 26 )    1527888 bits [Y 99.9900 dB    U 99.9900 dB    V 99.9900 dB] [ET     9 ] [L0 ] [L1 ]
POC    9 TId: 0 ( I-SLICE, QP 26 )    1837680 bits [Y 99.9900 dB    U 99.9900 dB    V 99.9900 dB] [ET     9 ] [L0 ] [L1 ]
POC   10 TId: 0 ( I-SLICE, QP 26 )    2152192 bits [Y 99.9900 dB    U 99.9900 dB    V 99.9900 dB] [ET    10 ] [L0 ] [L1 ]
POC   11 TId: 0 ( I-SLICE, QP 26 )    2244456 bits [Y 99.9900 dB    U 99.9900 dB    V 99.9900 dB] [ET    10 ] [L0 ] [L1 ]
POC   12 TId: 0 ( I-SLICE, QP 26 )    2244704 bits [Y 99.9900 dB    U 99.9900 dB    V 99.9900 dB] [ET    10 ] [L0 ] [L1 ]
POC   13 TId: 0 ( I-SLICE, QP 26 )    2245016 bits [Y 99.9900 dB    U 99.9900 dB    V 99.9900 dB] [ET    10 ] [L0 ] [L1 ]
POC   14 TId: 0 ( I-SLICE, QP 26 )    2245040 bits [Y 99.9900 dB    U 99.9900 dB    V 99.9900 dB] [ET    10 ] [L0 ] [L1 ]
POC   15 TId: 0 ( I-SLICE, QP 26 )    2244768 bits [Y 99.9900 dB    U 99.9900 dB    V 99.9900 dB] [ET    10 ] [L0 ] [L1 ]
POC   16 TId: 0 ( I-SLICE, QP 26 )    2244976 bits [Y 99.9900 dB    U 99.9900 dB    V 99.9900 dB] [ET    10 ] [L0 ] [L1 ]
POC   17 TId: 0 ( I-SLICE, QP 26 )    2244816 bits [Y 99.9900 dB    U 99.9900 dB    V 99.9900 dB] [ET    10 ] [L0 ] [L1 ]
POC   18 TId: 0 ( I-SLICE, QP 26 )    2244856 bits [Y 99.9900 dB    U 99.9900 dB    V 99.9900 dB] [ET    10 ] [L0 ] [L1 ]
POC   19 TId: 0 ( I-SLICE, QP 26 )    2244696 bits [Y 99.9900 dB    U 99.9900 dB    V 99.9900 dB] [ET    10 ] [L0 ] [L1 ]
POC   20 TId: 0 ( I-SLICE, QP 26 )    2244432 bits [Y 99.9900 dB    U 99.9900 dB    V 99.9900 dB] [ET    10 ] [L0 ] [L1 ]
POC   21 TId: 0 ( I-SLICE, QP 26 )    2244568 bits [Y 99.9900 dB    U 99.9900 dB    V 99.9900 dB] [ET    10 ] [L0 ] [L1 ]
POC   22 TId: 0 ( I-SLICE, QP 26 )    2244312 bits [Y 99.9900 dB    U 99.9900 dB    V 99.9900 dB] [ET    10 ] [L0 ] [L1 ]
POC   23 TId: 0 ( I-SLICE, QP 26 )    2244208 bits [Y 99.9900 dB    U 99.9900 dB    V 99.9900 dB] [ET    10 ] [L0 ] [L1 ]
POC   24 TId: 0 ( I-SLICE, QP 26 )    2244208 bits [Y 99.9900 dB    U 99.9900 dB    V 99.9900 dB] [ET    10 ] [L0 ] [L1 ]
POC   25 TId: 0 ( I-SLICE, QP 26 )    2244208 bits [Y 99.9900 dB    U 99.9900 dB    V 99.9900 dB] [ET    10 ] [L0 ] [L1 ]
POC   26 TId: 0 ( I-SLICE, QP 26 )    2244208 bits [Y 99.9900 dB    U 99.9900 dB    V 99.9900 dB] [ET    10 ] [L0 ] [L1 ]
POC   27 TId: 0 ( I-SLICE, QP 26 )     474984 bits [Y 99.9900 dB    U 99.9900 dB    V 99.9900 dB] [ET     7 ] [L0 ] [L1 ]
POC   28 TId: 0 ( I-SLICE, QP 26 )     475944 bits [Y 99.9900 dB    U 99.9900 dB    V 99.9900 dB] [ET     7 ] [L0 ] [L1 ]
POC   29 TId: 0 ( I-SLICE, QP 26 )     476952 bits [Y 99.9900 dB    U 99.9900 dB    V 99.9900 dB] [ET     7 ] [L0 ] [L1 ]
POC   30 TId: 0 ( I-SLICE, QP 26 )     482456 bits [Y 99.9900 dB    U 99.9900 dB    V 99.9900 dB] [ET     7 ] [L0 ] [L1 ]
POC   31 TId: 0 ( I-SLICE, QP 26 )     488528 bits [Y 99.9900 dB    U 99.9900 dB    V 99.9900 dB] [ET     7 ] [L0 ] [L1 ]
POC   32 TId: 0 ( I-SLICE, QP 26 )     499640 bits [Y 99.9900 dB    U 99.9900 dB    V 99.9900 dB] [ET     7 ] [L0 ] [L1 ]
POC   33 TId: 0 ( I-SLICE, QP 26 )     523392 bits [Y 99.9900 dB    U 99.9900 dB    V 99.9900 dB] [ET     7 ] [L0 ] [L1 ]
POC   34 TId: 0 ( I-SLICE, QP 26 )     547856 bits [Y 99.9900 dB    U 99.9900 dB    V 99.9900 dB] [ET     7 ] [L0 ] [L1 ]
POC   35 TId: 0 ( I-SLICE, QP 26 )     583896 bits [Y 99.9900 dB    U 99.9900 dB    V 99.9900 dB] [ET     7 ] [L0 ] [L1 ]
POC   36 TId: 0 ( I-SLICE, QP 26 )     657728 bits [Y 99.9900 dB    U 99.9900 dB    V 99.9900 dB] [ET     7 ] [L0 ] [L1 ]
POC   37 TId: 0 ( I-SLICE, QP 26 )     712560 bits [Y 99.9900 dB    U 99.9900 dB    V 99.9900 dB] [ET     7 ] [L0 ] [L1 ]
POC   38 TId: 0 ( I-SLICE, QP 26 )     761144 bits [Y 99.9900 dB    U 99.9900 dB    V 99.9900 dB] [ET     7 ] [L0 ] [L1 ]
POC   39 TId: 0 ( I-SLICE, QP 26 )     811024 bits [Y 99.9900 dB    U 99.9900 dB    V 99.9900 dB] [ET     7 ] [L0 ] [L1 ]
POC   40 TId: 0 ( I-SLICE, QP 26 )     858096 bits [Y 99.9900 dB    U 99.9900 dB    V 99.9900 dB] [ET     7 ] [L0 ] [L1 ]
POC   41 TId: 0 ( I-SLICE, QP 26 )     909048 bits [Y 99.9900 dB    U 99.9900 dB    V 99.9900 dB] [ET     7 ] [L0 ] [L1 ]
POC   42 TId: 0 ( I-SLICE, QP 26 )     951144 bits [Y 99.9900 dB    U 99.9900 dB    V 99.9900 dB] [ET     7 ] [L0 ] [L1 ]
POC   43 TId: 0 ( I-SLICE, QP 26 )     983592 bits [Y 99.9900 dB    U 99.9900 dB    V 99.9900 dB] [ET     7 ] [L0 ] [L1 ]
POC   44 TId: 0 ( I-SLICE, QP 26 )     989128 bits [Y 99.9900 dB    U 99.9900 dB    V 99.9900 dB] [ET     8 ] [L0 ] [L1 ]
POC   45 TId: 0 ( I-SLICE, QP 26 )     989128 bits [Y 99.9900 dB    U 99.9900 dB    V 99.9900 dB] [ET     7 ] [L0 ] [L1 ]
POC   46 TId: 0 ( I-SLICE, QP 26 )     989128 bits [Y 99.9900 dB    U 99.9900 dB    V 99.9900 dB] [ET     7 ] [L0 ] [L1 ]
POC   47 TId: 0 ( I-SLICE, QP 26 )     989128 bits [Y 99.9900 dB    U 99.9900 dB    V 99.9900 dB] [ET     7 ] [L0 ] [L1 ]
POC   48 TId: 0 ( I-SLICE, QP 26 )     989128 bits [Y 99.9900 dB    U 99.9900 dB    V 99.9900 dB] [ET     7 ] [L0 ] [L1 ]
POC   49 TId: 0 ( I-SLICE, QP 26 )     989128 bits [Y 99.9900 dB    U 99.9900 dB    V 99.9900 dB] [ET     7 ] [L0 ] [L1 ]
POC   50 TId: 0 ( I-SLICE, QP 26 )     989128 bits [Y 99.9900 dB    U 99.9900 dB    V 99.9900 dB] [ET     7 ] [L0 ] [L1 ]
POC   51 TId: 0 ( I-SLICE, QP 26 )     989128 bits [Y 99.9900 dB    U 99.9900 dB    V 99.9900 dB] [ET     7 ] [L0 ] [L1 ]
POC   52 TId: 0 ( I-SLICE, QP 26 )     989128 bits [Y 99.9900 dB    U 99.9900 dB    V 99.9900 dB] [ET     7 ] [L0 ] [L1 ]
POC   53 TId: 0 ( I-SLICE, QP 26 )     989128 bits [Y 99.9900 dB    U 99.9900 dB    V 99.9900 dB] [ET     7 ] [L0 ] [L1 ]
POC   54 TId: 0 ( I-SLICE, QP 26 )     989128 bits [Y 99.9900 dB    U 99.9900 dB    V 99.9900 dB] [ET     7 ] [L0 ] [L1 ]
POC   55 TId: 0 ( I-SLICE, QP 26 )     989128 bits [Y 99.9900 dB    U 99.9900 dB    V 99.9900 dB] [ET     7 ] [L0 ] [L1 ]
POC   56 TId: 0 ( I-SLICE, QP 26 )     989128 bits [Y 99.9900 dB    U 99.9900 dB    V 99.9900 dB] [ET     7 ] [L0 ] [L1 ]
POC   57 TId: 0 ( I-SLICE, QP 26 )     989128 bits [Y 99.9900 dB    U 99.9900 dB    V 99.9900 dB] [ET     7 ] [L0 ] [L1 ]
POC   58 TId: 0 ( I-SLICE, QP 26 )     989128 bits [Y 99.9900 dB    U 99.9900 dB    V 99.9900 dB] [ET     7 ] [L0 ] [L1 ]
POC   59 TId: 0 ( I-SLICE, QP 26 )     989128 bits [Y 99.9900 dB    U 99.9900 dB    V 99.9900 dB] [ET     7 ] [L0 ] [L1 ]
POC   60 TId: 0 ( I-SLICE, QP 26 )     989128 bits [Y 99.9900 dB    U 99.9900 dB    V 99.9900 dB] [ET     7 ] [L0 ] [L1 ]
POC   61 TId: 0 ( I-SLICE, QP 26 )     989128 bits [Y 99.9900 dB    U 99.9900 dB    V 99.9900 dB] [ET     7 ] [L0 ] [L1 ]
POC   62 TId: 0 ( I-SLICE, QP 26 )     989128 bits [Y 99.9900 dB    U 99.9900 dB    V 99.9900 dB] [ET     7 ] [L0 ] [L1 ]
POC   63 TId: 0 ( I-SLICE, QP 26 )     989128 bits [Y 99.9900 dB    U 99.9900 dB    V 99.9900 dB] [ET     7 ] [L0 ] [L1 ]
POC   64 TId: 0 ( I-SLICE, QP 26 )    1017200 bits [Y 99.9900 dB    U 99.9900 dB    V 99.9900 dB] [ET     7 ] [L0 ] [L1 ]
POC   65 TId: 0 ( I-SLICE, QP 26 )    1021176 bits [Y 99.9900 dB    U 99.9900 dB    V 99.9900 dB] [ET     7 ] [L0 ] [L1 ]
POC   66 TId: 0 ( I-SLICE, QP 26 )    1062016 bits [Y 99.9900 dB    U 99.9900 dB    V 99.9900 dB] [ET     7 ] [L0 ] [L1 ]
POC   67 TId: 0 ( I-SLICE, QP 26 )    1085072 bits [Y 99.9900 dB    U 99.9900 dB    V 99.9900 dB] [ET     7 ] [L0 ] [L1 ]
POC   68 TId: 0 ( I-SLICE, QP 26 )    1090704 bits [Y 99.9900 dB    U 99.9900 dB    V 99.9900 dB] [ET     7 ] [L0 ] [L1 ]
POC   69 TId: 0 ( I-SLICE, QP 26 )    1079360 bits [Y 99.9900 dB    U 99.9900 dB    V 99.9900 dB] [ET     7 ] [L0 ] [L1 ]
POC   70 TId: 0 ( I-SLICE, QP 26 )    1062552 bits [Y 99.9900 dB    U 99.9900 dB    V 99.9900 dB] [ET     7 ] [L0 ] [L1 ]
POC   71 TId: 0 ( I-SLICE, QP 26 )    1038528 bits [Y 99.9900 dB    U 99.9900 dB    V 99.9900 dB] [ET     7 ] [L0 ] [L1 ]
POC   72 TId: 0 ( I-SLICE, QP 26 )    1005496 bits [Y 99.9900 dB    U 99.9900 dB    V 99.9900 dB] [ET     7 ] [L0 ] [L1 ]
POC   73 TId: 0 ( I-SLICE, QP 26 )     989272 bits [Y 99.9900 dB    U 99.9900 dB    V 99.9900 dB] [ET     7 ] [L0 ] [L1 ]
POC   74 TId: 0 ( I-SLICE, QP 26 )     970448 bits [Y 99.9900 dB    U 99.9900 dB    V 99.9900 dB] [ET     7 ] [L0 ] [L1 ]
POC   75 TId: 0 ( I-SLICE, QP 26 )     989008 bits [Y 99.9900 dB    U 99.9900 dB    V 99.9900 dB] [ET     7 ] [L0 ] [L1 ]
POC   76 TId: 0 ( I-SLICE, QP 26 )    1073560 bits [Y 99.9900 dB    U 99.9900 dB    V 99.9900 dB] [ET     7 ] [L0 ] [L1 ]
POC   77 TId: 0 ( I-SLICE, QP 26 )    1197768 bits [Y 99.9900 dB    U 99.9900 dB    V 99.9900 dB] [ET     8 ] [L0 ] [L1 ]
POC   78 TId: 0 ( I-SLICE, QP 26 )    1185368 bits [Y 99.9900 dB    U 99.9900 dB    V 99.9900 dB] [ET     8 ] [L0 ] [L1 ]
POC   79 TId: 0 ( I-SLICE, QP 26 )    1177600 bits [Y 99.9900 dB    U 99.9900 dB    V 99.9900 dB] [ET     8 ] [L0 ] [L1 ]
POC   80 TId: 0 ( I-SLICE, QP 26 )    1167320 bits [Y 99.9900 dB    U 99.9900 dB    V 99.9900 dB] [ET     8 ] [L0 ] [L1 ]
POC   81 TId: 0 ( I-SLICE, QP 26 )    1131768 bits [Y 99.9900 dB    U 99.9900 dB    V 99.9900 dB] [ET     7 ] [L0 ] [L1 ]
POC   82 TId: 0 ( I-SLICE, QP 26 )    1108664 bits [Y 99.9900 dB    U 99.9900 dB    V 99.9900 dB] [ET     7 ] [L0 ] [L1 ]
POC   83 TId: 0 ( I-SLICE, QP 26 )    1102416 bits [Y 99.9900 dB    U 99.9900 dB    V 99.9900 dB] [ET     7 ] [L0 ] [L1 ]
POC   84 TId: 0 ( I-SLICE, QP 26 )    1080752 bits [Y 99.9900 dB    U 99.9900 dB    V 99.9900 dB] [ET     7 ] [L0 ] [L1 ]
POC   85 TId: 0 ( I-SLICE, QP 26 )    1057032 bits [Y 99.9900 dB    U 99.9900 dB    V 99.9900 dB] [ET     7 ] [L0 ] [L1 ]
POC   86 TId: 0 ( I-SLICE, QP 26 )    1025392 bits [Y 99.9900 dB    U 99.9900 dB    V 99.9900 dB] [ET     7 ] [L0 ] [L1 ]
POC   87 TId: 0 ( I-SLICE, QP 26 )     989880 bits [Y 99.9900 dB    U 99.9900 dB    V 99.9900 dB] [ET     7 ] [L0 ] [L1 ]
POC   88 TId: 0 ( I-SLICE, QP 26 )     947768 bits [Y 99.9900 dB    U 99.9900 dB    V 99.9900 dB] [ET     7 ] [L0 ] [L1 ]
POC   89 TId: 0 ( I-SLICE, QP 26 )     906032 bits [Y 99.9900 dB    U 99.9900 dB    V 99.9900 dB] [ET     7 ] [L0 ] [L1 ]
POC   90 TId: 0 ( I-SLICE, QP 26 )     861392 bits [Y 99.9900 dB    U 99.9900 dB    V 99.9900 dB] [ET     7 ] [L0 ] [L1 ]
POC   91 TId: 0 ( I-SLICE, QP 26 )     847456 bits [Y 99.9900 dB    U 99.9900 dB    V 99.9900 dB] [ET     7 ] [L0 ] [L1 ]
POC   92 TId: 0 ( I-SLICE, QP 26 )     832792 bits [Y 99.9900 dB    U 99.9900 dB    V 99.9900 dB] [ET     7 ] [L0 ] [L1 ]
POC   93 TId: 0 ( I-SLICE, QP 26 )     832792 bits [Y 99.9900 dB    U 99.9900 dB    V 99.9900 dB] [ET     7 ] [L0 ] [L1 ]
POC   94 TId: 0 ( I-SLICE, QP 26 )     832792 bits [Y 99.9900 dB    U 99.9900 dB    V 99.9900 dB] [ET     7 ] [L0 ] [L1 ]
POC   95 TId: 0 ( I-SLICE, QP 26 )     832792 bits [Y 99.9900 dB    U 99.9900 dB    V 99.9900 dB] [ET     7 ] [L0 ] [L1 ]
POC   96 TId: 0 ( I-SLICE, QP 26 )     832792 bits [Y 99.9900 dB    U 99.9900 dB    V 99.9900 dB] [ET     7 ] [L0 ] [L1 ]
POC   97 TId: 0 ( I-SLICE, QP 26 )     832792 bits [Y 99.9900 dB    U 99.9900 dB    V 99.9900 dB] [ET     7 ] [L0 ] [L1 ]
POC   98 TId: 0 ( I-SLICE, QP 26 )     832792 bits [Y 99.9900 dB    U 99.9900 dB    V 99.9900 dB] [ET     7 ] [L0 ] [L1 ]
POC   99 TId: 0 ( I-SLICE, QP 26 )     832792 bits [Y 99.9900 dB    U 99.9900 dB    V 99.9900 dB] [ET     7 ] [L0 ] [L1 ]
POC  100 TId: 0 ( I-SLICE, QP 26 )     832792 bits [Y 99.9900 dB    U 99.9900 dB    V 99.9900 dB] [ET     7 ] [L0 ] [L1 ]
POC  101 TId: 0 ( I-SLICE, QP 26 )     832792 bits [Y 99.9900 dB    U 99.9900 dB    V 99.9900 dB] [ET     7 ] [L0 ] [L1 ]
POC  102 TId: 0 ( I-SLICE, QP 26 )     832792 bits [Y 99.9900 dB    U 99.9900 dB    V 99.9900 dB] [ET     7 ] [L0 ] [L1 ]
POC  103 TId: 0 ( I-SLICE, QP 26 )     833288 bits [Y 99.9900 dB    U 99.9900 dB    V 99.9900 dB] [ET     7 ] [L0 ] [L1 ]
POC  104 TId: 0 ( I-SLICE, QP 26 )     844376 bits [Y 99.9900 dB    U 99.9900 dB    V 99.9900 dB] [ET     7 ] [L0 ] [L1 ]
POC  105 TId: 0 ( I-SLICE, QP 26 )     860856 bits [Y 99.9900 dB    U 99.9900 dB    V 99.9900 dB] [ET     7 ] [L0 ] [L1 ]
POC  106 TId: 0 ( I-SLICE, QP 26 )     894120 bits [Y 99.9900 dB    U 99.9900 dB    V 99.9900 dB] [ET     7 ] [L0 ] [L1 ]
POC  107 TId: 0 ( I-SLICE, QP 26 )     942400 bits [Y 99.9900 dB    U 99.9900 dB    V 99.9900 dB] [ET     8 ] [L0 ] [L1 ]
POC  108 TId: 0 ( I-SLICE, QP 26 )     981336 bits [Y 99.9900 dB    U 99.9900 dB    V 99.9900 dB] [ET     8 ] [L0 ] [L1 ]
POC  109 TId: 0 ( I-SLICE, QP 26 )    1048280 bits [Y 99.9900 dB    U 99.9900 dB    V 99.9900 dB] [ET     8 ] [L0 ] [L1 ]
POC  110 TId: 0 ( I-SLICE, QP 26 )    1106672 bits [Y 99.9900 dB    U 99.9900 dB    V 99.9900 dB] [ET     8 ] [L0 ] [L1 ]
POC  111 TId: 0 ( I-SLICE, QP 26 )    1160952 bits [Y 99.9900 dB    U 99.9900 dB    V 99.9900 dB] [ET     8 ] [L0 ] [L1 ]
POC  112 TId: 0 ( I-SLICE, QP 26 )    1215920 bits [Y 99.9900 dB    U 99.9900 dB    V 99.9900 dB] [ET     8 ] [L0 ] [L1 ]
POC  113 TId: 0 ( I-SLICE, QP 26 )    1285760 bits [Y 99.9900 dB    U 99.9900 dB    V 99.9900 dB] [ET     8 ] [L0 ] [L1 ]
POC  114 TId: 0 ( I-SLICE, QP 26 )    1304672 bits [Y 99.9900 dB    U 99.9900 dB    V 99.9900 dB] [ET     8 ] [L0 ] [L1 ]
POC  115 TId: 0 ( I-SLICE, QP 26 )    1290680 bits [Y 99.9900 dB    U 99.9900 dB    V 99.9900 dB] [ET     8 ] [L0 ] [L1 ]
POC  116 TId: 0 ( I-SLICE, QP 26 )    1275168 bits [Y 99.9900 dB    U 99.9900 dB    V 99.9900 dB] [ET     8 ] [L0 ] [L1 ]
POC  117 TId: 0 ( I-SLICE, QP 26 )    1244336 bits [Y 99.9900 dB    U 99.9900 dB    V 99.9900 dB] [ET     8 ] [L0 ] [L1 ]
POC  118 TId: 0 ( I-SLICE, QP 26 )    1173928 bits [Y 99.9900 dB    U 99.9900 dB    V 99.9900 dB] [ET     8 ] [L0 ] [L1 ]
POC  119 TId: 0 ( I-SLICE, QP 26 )    1032496 bits [Y 99.9900 dB    U 99.9900 dB    V 99.9900 dB] [ET     8 ] [L0 ] [L1 ]
POC  120 TId: 0 ( I-SLICE, QP 26 )     930720 bits [Y 99.9900 dB    U 99.9900 dB    V 99.9900 dB] [ET     8 ] [L0 ] [L1 ]
POC  121 TId: 0 ( I-SLICE, QP 26 )     835336 bits [Y 99.9900 dB    U 99.9900 dB    V 99.9900 dB] [ET     8 ] [L0 ] [L1 ]
POC  122 TId: 0 ( I-SLICE, QP 26 )     732784 bits [Y 99.9900 dB    U 99.9900 dB    V 99.9900 dB] [ET     8 ] [L0 ] [L1 ]
POC  123 TId: 0 ( I-SLICE, QP 26 )     656640 bits [Y 99.9900 dB    U 99.9900 dB    V 99.9900 dB] [ET     7 ] [L0 ] [L1 ]
POC  124 TId: 0 ( I-SLICE, QP 26 )     573152 bits [Y 99.9900 dB    U 99.9900 dB    V 99.9900 dB] [ET     7 ] [L0 ] [L1 ]
POC  125 TId: 0 ( I-SLICE, QP 26 )     439096 bits [Y 99.9900 dB    U 99.9900 dB    V 99.9900 dB] [ET     7 ] [L0 ] [L1 ]
POC  126 TId: 0 ( I-SLICE, QP 26 )     355064 bits [Y 99.9900 dB    U 99.9900 dB    V 99.9900 dB] [ET     6 ] [L0 ] [L1 ]
POC  127 TId: 0 ( I-SLICE, QP 26 )     426848 bits [Y 99.9900 dB    U 99.9900 dB    V 99.9900 dB] [ET     6 ] [L0 ] [L1 ]
POC  128 TId: 0 ( I-SLICE, QP 26 )     510792 bits [Y 99.9900 dB    U 99.9900 dB    V 99.9900 dB] [ET     7 ] [L0 ] [L1 ]
POC  129 TId: 0 ( I-SLICE, QP 26 )     599504 bits [Y 99.9900 dB    U 99.9900 dB    V 99.9900 dB] [ET     7 ] [L0 ] [L1 ]
POC  130 TId: 0 ( I-SLICE, QP 26 )     711736 bits [Y 99.9900 dB    U 99.9900 dB    V 99.9900 dB] [ET     7 ] [L0 ] [L1 ]
POC  131 TId: 0 ( I-SLICE, QP 26 )     846064 bits [Y 99.9900 dB    U 99.9900 dB    V 99.9900 dB] [ET     7 ] [L0 ] [L1 ]
POC  132 TId: 0 ( I-SLICE, QP 26 )     970232 bits [Y 99.9900 dB    U 99.9900 dB    V 99.9900 dB] [ET     7 ] [L0 ] [L1 ]
POC  133 TId: 0 ( I-SLICE, QP 26 )     994408 bits [Y 99.9900 dB    U 99.9900 dB    V 99.9900 dB] [ET     7 ] [L0 ] [L1 ]
POC  134 TId: 0 ( I-SLICE, QP 26 )    1002264 bits [Y 99.9900 dB    U 99.9900 dB    V 99.9900 dB] [ET     7 ] [L0 ] [L1 ]
POC  135 TId: 0 ( I-SLICE, QP 26 )    1002264 bits [Y 99.9900 dB    U 99.9900 dB    V 99.9900 dB] [ET     7 ] [L0 ] [L1 ]
POC  136 TId: 0 ( I-SLICE, QP 26 )    1002264 bits [Y 99.9900 dB    U 99.9900 dB    V 99.9900 dB] [ET     8 ] [L0 ] [L1 ]
POC  137 TId: 0 ( I-SLICE, QP 26 )    1002264 bits [Y 99.9900 dB    U 99.9900 dB    V 99.9900 dB] [ET     8 ] [L0 ] [L1 ]
POC  138 TId: 0 ( I-SLICE, QP 26 )    1002264 bits [Y 99.9900 dB    U 99.9900 dB    V 99.9900 dB] [ET     7 ] [L0 ] [L1 ]
POC  139 TId: 0 ( I-SLICE, QP 26 )    1002264 bits [Y 99.9900 dB    U 99.9900 dB    V 99.9900 dB] [ET     7 ] [L0 ] [L1 ]
POC  140 TId: 0 ( I-SLICE, QP 26 )    1002264 bits [Y 99.9900 dB    U 99.9900 dB    V 99.9900 dB] [ET     7 ] [L0 ] [L1 ]
POC  141 TId: 0 ( I-SLICE, QP 26 )    1002264 bits [Y 99.9900 dB    U 99.9900 dB    V 99.9900 dB] [ET     7 ] [L0 ] [L1 ]
POC  142 TId: 0 ( I-SLICE, QP 26 )    1002264 bits [Y 99.9900 dB    U 99.9900 dB    V 99.9900 dB] [ET     7 ] [L0 ] [L1 ]
POC  143 TId: 0 ( I-SLICE, QP 26 )    1002264 bits [Y 99.9900 dB    U 99.9900 dB    V 99.9900 dB] [ET     7 ] [L0 ] [L1 ]
POC  144 TId: 0 ( I-SLICE, QP 26 )    1031312 bits [Y 99.9900 dB    U 99.9900 dB    V 99.9900 dB] [ET     8 ] [L0 ] [L1 ]
POC  145 TId: 0 ( I-SLICE, QP 26 )    1036936 bits [Y 99.9900 dB    U 99.9900 dB    V 99.9900 dB] [ET     7 ] [L0 ] [L1 ]
POC  146 TId: 0 ( I-SLICE, QP 26 )    1028008 bits [Y 99.9900 dB    U 99.9900 dB    V 99.9900 dB] [ET     7 ] [L0 ] [L1 ]
POC  147 TId: 0 ( I-SLICE, QP 26 )    1005248 bits [Y 99.9900 dB    U 99.9900 dB    V 99.9900 dB] [ET     7 ] [L0 ] [L1 ]
POC  148 TId: 0 ( I-SLICE, QP 26 )     968664 bits [Y 99.9900 dB    U 99.9900 dB    V 99.9900 dB] [ET     7 ] [L0 ] [L1 ]
POC  149 TId: 0 ( I-SLICE, QP 26 )     929440 bits [Y 99.9900 dB    U 99.9900 dB    V 99.9900 dB] [ET     7 ] [L0 ] [L1 ]
POC  150 TId: 0 ( I-SLICE, QP 26 )     889784 bits [Y 99.9900 dB    U 99.9900 dB    V 99.9900 dB] [ET     7 ] [L0 ] [L1 ]
POC  151 TId: 0 ( I-SLICE, QP 26 )     820728 bits [Y 99.9900 dB    U 99.9900 dB    V 99.9900 dB] [ET     7 ] [L0 ] [L1 ]
POC  152 TId: 0 ( I-SLICE, QP 26 )     738600 bits [Y 99.9900 dB    U 99.9900 dB    V 99.9900 dB] [ET     7 ] [L0 ] [L1 ]
POC  153 TId: 0 ( I-SLICE, QP 26 )     684936 bits [Y 99.9900 dB    U 99.9900 dB    V 99.9900 dB] [ET     6 ] [L0 ] [L1 ]
POC  154 TId: 0 ( I-SLICE, QP 26 )     629312 bits [Y 99.9900 dB    U 99.9900 dB    V 99.9900 dB] [ET     7 ] [L0 ] [L1 ]
POC  155 TId: 0 ( I-SLICE, QP 26 )     582664 bits [Y 99.9900 dB    U 99.9900 dB    V 99.9900 dB] [ET     7 ] [L0 ] [L1 ]
POC  156 TId: 0 ( I-SLICE, QP 26 )     544288 bits [Y 99.9900 dB    U 99.9900 dB    V 99.9900 dB] [ET     6 ] [L0 ] [L1 ]
POC  157 TId: 0 ( I-SLICE, QP 26 )     516528 bits [Y 99.9900 dB    U 99.9900 dB    V 99.9900 dB] [ET     6 ] [L0 ] [L1 ]
POC  158 TId: 0 ( I-SLICE, QP 26 )     480448 bits [Y 99.9900 dB    U 99.9900 dB    V 99.9900 dB] [ET     6 ] [L0 ] [L1 ]
POC  159 TId: 0 ( I-SLICE, QP 26 )     452608 bits [Y 99.9900 dB    U 99.9900 dB    V 99.9900 dB] [ET     6 ] [L0 ] [L1 ]
POC  160 TId: 0 ( I-SLICE, QP 26 )     445272 bits [Y 99.9900 dB    U 99.9900 dB    V 99.9900 dB] [ET     6 ] [L0 ] [L1 ]
POC  161 TId: 0 ( I-SLICE, QP 26 )     431336 bits [Y 99.9900 dB    U 99.9900 dB    V 99.9900 dB] [ET     6 ] [L0 ] [L1 ]
POC  162 TId: 0 ( I-SLICE, QP 26 )     416312 bits [Y 99.9900 dB    U 99.9900 dB    V 99.9900 dB] [ET     6 ] [L0 ] [L1 ]
POC  163 TId: 0 ( I-SLICE, QP 26 )     398096 bits [Y 99.9900 dB    U 99.9900 dB    V 99.9900 dB] [ET     6 ] [L0 ] [L1 ]
POC  164 TId: 0 ( I-SLICE, QP 26 )     368680 bits [Y 99.9900 dB    U 99.9900 dB    V 99.9900 dB] [ET     6 ] [L0 ] [L1 ]
POC  165 TId: 0 ( I-SLICE, QP 26 )     313472 bits [Y 99.9900 dB    U 99.9900 dB    V 99.9900 dB] [ET     6 ] [L0 ] [L1 ]
POC  166 TId: 0 ( I-SLICE, QP 26 )     226432 bits [Y 99.9900 dB    U 99.9900 dB    V 99.9900 dB] [ET     6 ] [L0 ] [L1 ]
POC  167 TId: 0 ( I-SLICE, QP 26 )     138816 bits [Y 99.9900 dB    U 99.9900 dB    V 99.9900 dB] [ET     6 ] [L0 ] [L1 ]
POC  168 TId: 0 ( I-SLICE, QP 26 )     215112 bits [Y 99.9900 dB    U 99.9900 dB    V 99.9900 dB] [ET     6 ] [L0 ] [L1 ]
POC  169 TId: 0 ( I-SLICE, QP 26 )     338432 bits [Y 99.9900 dB    U 99.9900 dB    V 99.9900 dB] [ET     6 ] [L0 ] [L1 ]
POC  170 TId: 0 ( I-SLICE, QP 26 )     489040 bits [Y 99.9900 dB    U 99.9900 dB    V 99.9900 dB] [ET     6 ] [L0 ] [L1 ]
POC  171 TId: 0 ( I-SLICE, QP 26 )     651832 bits [Y 99.9900 dB    U 99.9900 dB    V 99.9900 dB] [ET     7 ] [L0 ] [L1 ]
POC  172 TId: 0 ( I-SLICE, QP 26 )     797520 bits [Y 99.9900 dB    U 99.9900 dB    V 99.9900 dB] [ET     7 ] [L0 ] [L1 ]
POC  173 TId: 0 ( I-SLICE, QP 26 )     891288 bits [Y 99.9900 dB    U 99.9900 dB    V 99.9900 dB] [ET     7 ] [L0 ] [L1 ]
POC  174 TId: 0 ( I-SLICE, QP 26 )     959160 bits [Y 99.9900 dB    U 99.9900 dB    V 99.9900 dB] [ET     7 ] [L0 ] [L1 ]
POC  175 TId: 0 ( I-SLICE, QP 26 )     938200 bits [Y 99.9900 dB    U 99.9900 dB    V 99.9900 dB] [ET     8 ] [L0 ] [L1 ]
POC  176 TId: 0 ( I-SLICE, QP 26 )     896000 bits [Y 99.9900 dB    U 99.9900 dB    V 99.9900 dB] [ET     8 ] [L0 ] [L1 ]
POC  177 TId: 0 ( I-SLICE, QP 26 )     896000 bits [Y 99.9900 dB    U 99.9900 dB    V 99.9900 dB] [ET     8 ] [L0 ] [L1 ]
POC  178 TId: 0 ( I-SLICE, QP 26 )     896000 bits [Y 99.9900 dB    U 99.9900 dB    V 99.9900 dB] [ET     8 ] [L0 ] [L1 ]
POC  179 TId: 0 ( I-SLICE, QP 26 )     896000 bits [Y 99.9900 dB    U 99.9900 dB    V 99.9900 dB] [ET     8 ] [L0 ] [L1 ]
POC  180 TId: 0 ( I-SLICE, QP 26 )     896000 bits [Y 99.9900 dB    U 99.9900 dB    V 99.9900 dB] [ET     8 ] [L0 ] [L1 ]
POC  181 TId: 0 ( I-SLICE, QP 26 )     896000 bits [Y 99.9900 dB    U 99.9900 dB    V 99.9900 dB] [ET     8 ] [L0 ] [L1 ]
POC  182 TId: 0 ( I-SLICE, QP 26 )     896000 bits [Y 99.9900 dB    U 99.9900 dB    V 99.9900 dB] [ET     8 ] [L0 ] [L1 ]
POC  183 TId: 0 ( I-SLICE, QP 26 )     896000 bits [Y 99.9900 dB    U 99.9900 dB    V 99.9900 dB] [ET     8 ] [L0 ] [L1 ]
POC  184 TId: 0 ( I-SLICE, QP 26 )     896000 bits [Y 99.9900 dB    U 99.9900 dB    V 99.9900 dB] [ET     8 ] [L0 ] [L1 ]
POC  185 TId: 0 ( I-SLICE, QP 26 )     896000 bits [Y 99.9900 dB    U 99.9900 dB    V 99.9900 dB] [ET     8 ] [L0 ] [L1 ]
POC  186 TId: 0 ( I-SLICE, QP 26 )     896000 bits [Y 99.9900 dB    U 99.9900 dB    V 99.9900 dB] [ET     8 ] [L0 ] [L1 ]
POC  187 TId: 0 ( I-SLICE, QP 26 )     896000 bits [Y 99.9900 dB    U 99.9900 dB    V 99.9900 dB] [ET     8 ] [L0 ] [L1 ]
POC  188 TId: 0 ( I-SLICE, QP 26 )     896000 bits [Y 99.9900 dB    U 99.9900 dB    V 99.9900 dB] [ET     8 ] [L0 ] [L1 ]
POC  189 TId: 0 ( I-SLICE, QP 26 )     896000 bits [Y 99.9900 dB    U 99.9900 dB    V 99.9900 dB] [ET     7 ] [L0 ] [L1 ]
POC  190 TId: 0 ( I-SLICE, QP 26 )     896000 bits [Y 99.9900 dB    U 99.9900 dB    V 99.9900 dB] [ET     8 ] [L0 ] [L1 ]
POC  191 TId: 0 ( I-SLICE, QP 26 )     960336 bits [Y 99.9900 dB    U 99.9900 dB    V 99.9900 dB] [ET     8 ] [L0 ] [L1 ]
POC  192 TId: 0 ( I-SLICE, QP 26 )    1052816 bits [Y 99.9900 dB    U 99.9900 dB    V 99.9900 dB] [ET     8 ] [L0 ] [L1 ]
POC  193 TId: 0 ( I-SLICE, QP 26 )    1166424 bits [Y 99.9900 dB    U 99.9900 dB    V 99.9900 dB] [ET     8 ] [L0 ] [L1 ]
POC  194 TId: 0 ( I-SLICE, QP 26 )    1267248 bits [Y 99.9900 dB    U 99.9900 dB    V 99.9900 dB] [ET     8 ] [L0 ] [L1 ]
POC  195 TId: 0 ( I-SLICE, QP 26 )    1349480 bits [Y 99.9900 dB    U 99.9900 dB    V 99.9900 dB] [ET     8 ] [L0 ] [L1 ]
POC  196 TId: 0 ( I-SLICE, QP 26 )    1453832 bits [Y 99.9900 dB    U 99.9900 dB    V 99.9900 dB] [ET     8 ] [L0 ] [L1 ]
POC  197 TId: 0 ( I-SLICE, QP 26 )    1534888 bits [Y 99.9900 dB    U 99.9900 dB    V 99.9900 dB] [ET     9 ] [L0 ] [L1 ]
POC  198 TId: 0 ( I-SLICE, QP 26 )    1586816 bits [Y 99.9900 dB    U 99.9900 dB    V 99.9900 dB] [ET     9 ] [L0 ] [L1 ]
POC  199 TId: 0 ( I-SLICE, QP 26 )    1647792 bits [Y 99.9900 dB    U 99.9900 dB    V 99.9900 dB] [ET     9 ] [L0 ] [L1 ]
POC  200 TId: 0 ( I-SLICE, QP 26 )    1712632 bits [Y 99.9900 dB    U 99.9900 dB    V 99.9900 dB] [ET     9 ] [L0 ] [L1 ]
POC  201 TId: 0 ( I-SLICE, QP 26 )    1759304 bits [Y 99.9900 dB    U 99.9900 dB    V 99.9900 dB] [ET     9 ] [L0 ] [L1 ]
POC  202 TId: 0 ( I-SLICE, QP 26 )    1806496 bits [Y 99.9900 dB    U 99.9900 dB    V 99.9900 dB] [ET     9 ] [L0 ] [L1 ]
POC  203 TId: 0 ( I-SLICE, QP 26 )    1870760 bits [Y 99.9900 dB    U 99.9900 dB    V 99.9900 dB] [ET     9 ] [L0 ] [L1 ]
POC  204 TId: 0 ( I-SLICE, QP 26 )    1925864 bits [Y 99.9900 dB    U 99.9900 dB    V 99.9900 dB] [ET     9 ] [L0 ] [L1 ]
POC  205 TId: 0 ( I-SLICE, QP 26 )    1947776 bits [Y 99.9900 dB    U 99.9900 dB    V 99.9900 dB] [ET     9 ] [L0 ] [L1 ]
POC  206 TId: 0 ( I-SLICE, QP 26 )    1963296 bits [Y 99.9900 dB    U 99.9900 dB    V 99.9900 dB] [ET     9 ] [L0 ] [L1 ]
POC  207 TId: 0 ( I-SLICE, QP 26 )    1985968 bits [Y 99.9900 dB    U 99.9900 dB    V 99.9900 dB] [ET     9 ] [L0 ] [L1 ]
POC  208 TId: 0 ( I-SLICE, QP 26 )    1994016 bits [Y 99.9900 dB    U 99.9900 dB    V 99.9900 dB] [ET     9 ] [L0 ] [L1 ]
POC  209 TId: 0 ( I-SLICE, QP 26 )    1995952 bits [Y 99.9900 dB    U 99.9900 dB    V 99.9900 dB] [ET     9 ] [L0 ] [L1 ]
POC  210 TId: 0 ( I-SLICE, QP 26 )    1987240 bits [Y 99.9900 dB    U 99.9900 dB    V 99.9900 dB] [ET     9 ] [L0 ] [L1 ]
POC  211 TId: 0 ( I-SLICE, QP 26 )    1972456 bits [Y 99.9900 dB    U 99.9900 dB    V 99.9900 dB] [ET     9 ] [L0 ] [L1 ]
POC  212 TId: 0 ( I-SLICE, QP 26 )    1945584 bits [Y 99.9900 dB    U 99.9900 dB    V 99.9900 dB] [ET     9 ] [L0 ] [L1 ]
POC  213 TId: 0 ( I-SLICE, QP 26 )    1902712 bits [Y 99.9900 dB    U 99.9900 dB    V 99.9900 dB] [ET     9 ] [L0 ] [L1 ]
POC  214 TId: 0 ( I-SLICE, QP 26 )    1881392 bits [Y 99.9900 dB    U 99.9900 dB    V 99.9900 dB] [ET     9 ] [L0 ] [L1 ]
POC  215 TId: 0 ( I-SLICE, QP 26 )    1881392 bits [Y 99.9900 dB    U 99.9900 dB    V 99.9900 dB] [ET     9 ] [L0 ] [L1 ]
POC  216 TId: 0 ( I-SLICE, QP 26 )    1881392 bits [Y 99.9900 dB    U 99.9900 dB    V 99.9900 dB] [ET     9 ] [L0 ] [L1 ]
POC  217 TId: 0 ( I-SLICE, QP 26 )    1881392 bits [Y 99.9900 dB    U 99.9900 dB    V 99.9900 dB] [ET     9 ] [L0 ] [L1 ]
POC  218 TId: 0 ( I-SLICE, QP 26 )    1881392 bits [Y 99.9900 dB    U 99.9900 dB    V 99.9900 dB] [ET     9 ] [L0 ] [L1 ]
POC  219 TId: 0 ( I-SLICE, QP 26 )    1881392 bits [Y 99.9900 dB    U 99.9900 dB    V 99.9900 dB] [ET     9 ] [L0 ] [L1 ]
POC  220 TId: 0 ( I-SLICE, QP 26 )    1881392 bits [Y 99.9900 dB    U 99.9900 dB    V 99.9900 dB] [ET     9 ] [L0 ] [L1 ]
POC  221 TId: 0 ( I-SLICE, QP 26 )    1881392 bits [Y 99.9900 dB    U 99.9900 dB    V 99.9900 dB] [ET     9 ] [L0 ] [L1 ]
POC  222 TId: 0 ( I-SLICE, QP 26 )    2050384 bits [Y 99.9900 dB    U 99.9900 dB    V 99.9900 dB] [ET     9 ] [L0 ] [L1 ]
POC  223 TId: 0 ( I-SLICE, QP 26 )    2050384 bits [Y 99.9900 dB    U 99.9900 dB    V 99.9900 dB] [ET     9 ] [L0 ] [L1 ]
POC  224 TId: 0 ( I-SLICE, QP 26 )    2050384 bits [Y 99.9900 dB    U 99.9900 dB    V 99.9900 dB] [ET     9 ] [L0 ] [L1 ]
POC  225 TId: 0 ( I-SLICE, QP 26 )    2050384 bits [Y 99.9900 dB    U 99.9900 dB    V 99.9900 dB] [ET     9 ] [L0 ] [L1 ]
POC  226 TId: 0 ( I-SLICE, QP 26 )    2050384 bits [Y 99.9900 dB    U 99.9900 dB    V 99.9900 dB] [ET     9 ] [L0 ] [L1 ]
POC  227 TId: 0 ( I-SLICE, QP 26 )    2050384 bits [Y 99.9900 dB    U 99.9900 dB    V 99.9900 dB] [ET     9 ] [L0 ] [L1 ]
POC  228 TId: 0 ( I-SLICE, QP 26 )    2050384 bits [Y 99.9900 dB    U 99.9900 dB    V 99.9900 dB] [ET     9 ] [L0 ] [L1 ]
POC  229 TId: 0 ( I-SLICE, QP 26 )    2050384 bits [Y 99.9900 dB    U 99.9900 dB    V 99.9900 dB] [ET     9 ] [L0 ] [L1 ]
POC  230 TId: 0 ( I-SLICE, QP 26 )    2050384 bits [Y 99.9900 dB    U 99.9900 dB    V 99.9900 dB] [ET     9 ] [L0 ] [L1 ]
POC  231 TId: 0 ( I-SLICE, QP 26 )    2050384 bits [Y 99.9900 dB    U 99.9900 dB    V 99.9900 dB] [ET     9 ] [L0 ] [L1 ]
POC  232 TId: 0 ( I-SLICE, QP 26 )    2050384 bits [Y 99.9900 dB    U 99.9900 dB    V 99.9900 dB] [ET     9 ] [L0 ] [L1 ]
POC  233 TId: 0 ( I-SLICE, QP 26 )    2050384 bits [Y 99.9900 dB    U 99.9900 dB    V 99.9900 dB] [ET     9 ] [L0 ] [L1 ]
POC  234 TId: 0 ( I-SLICE, QP 26 )    2050384 bits [Y 99.9900 dB    U 99.9900 dB    V 99.9900 dB] [ET     9 ] [L0 ] [L1 ]
POC  235 TId: 0 ( I-SLICE, QP 26 )    2050384 bits [Y 99.9900 dB    U 99.9900 dB    V 99.9900 dB] [ET     9 ] [L0 ] [L1 ]
POC  236 TId: 0 ( I-SLICE, QP 26 )    2050384 bits [Y 99.9900 dB    U 99.9900 dB    V 99.9900 dB] [ET     9 ] [L0 ] [L1 ]
POC  237 TId: 0 ( I-SLICE, QP 26 )    2050384 bits [Y 99.9900 dB    U 99.9900 dB    V 99.9900 dB] [ET     9 ] [L0 ] [L1 ]
POC  238 TId: 0 ( I-SLICE, QP 26 )    2050384 bits [Y 99.9900 dB    U 99.9900 dB    V 99.9900 dB] [ET     9 ] [L0 ] [L1 ]
POC  239 TId: 0 ( I-SLICE, QP 26 )    2050384 bits [Y 99.9900 dB    U 99.9900 dB    V 99.9900 dB] [ET     9 ] [L0 ] [L1 ]
POC  240 TId: 0 ( I-SLICE, QP 26 )    2050384 bits [Y 99.9900 dB    U 99.9900 dB    V 99.9900 dB] [ET     9 ] [L0 ] [L1 ]
POC  241 TId: 0 ( I-SLICE, QP 26 )    2050384 bits [Y 99.9900 dB    U 99.9900 dB    V 99.9900 dB] [ET     9 ] [L0 ] [L1 ]
POC  242 TId: 0 ( I-SLICE, QP 26 )    2050384 bits [Y 99.9900 dB    U 99.9900 dB    V 99.9900 dB] [ET     9 ] [L0 ] [L1 ]
POC  243 TId: 0 ( I-SLICE, QP 26 )    2050384 bits [Y 99.9900 dB    U 99.9900 dB    V 99.9900 dB] [ET     9 ] [L0 ] [L1 ]
POC  244 TId: 0 ( I-SLICE, QP 26 )    2050384 bits [Y 99.9900 dB    U 99.9900 dB    V 99.9900 dB] [ET     9 ] [L0 ] [L1 ]
POC  245 TId: 0 ( I-SLICE, QP 26 )    2050384 bits [Y 99.9900 dB    U 99.9900 dB    V 99.9900 dB] [ET     9 ] [L0 ] [L1 ]
POC  246 TId: 0 ( I-SLICE, QP 26 )    2050384 bits [Y 99.9900 dB    U 99.9900 dB    V 99.9900 dB] [ET     9 ] [L0 ] [L1 ]
POC  247 TId: 0 ( I-SLICE, QP 26 )    2050384 bits [Y 99.9900 dB    U 99.9900 dB    V 99.9900 dB] [ET     9 ] [L0 ] [L1 ]
POC  248 TId: 0 ( I-SLICE, QP 26 )    2050384 bits [Y 99.9900 dB    U 99.9900 dB    V 99.9900 dB] [ET     9 ] [L0 ] [L1 ]
POC  249 TId: 0 ( I-SLICE, QP 26 )    2050384 bits [Y 99.9900 dB    U 99.9900 dB    V 99.9900 dB] [ET     9 ] [L0 ] [L1 ]
POC  250 TId: 0 ( I-SLICE, QP 26 )    2050384 bits [Y 99.9900 dB    U 99.9900 dB    V 99.9900 dB] [ET     9 ] [L0 ] [L1 ]
POC  251 TId: 0 ( I-SLICE, QP 26 )    2050384 bits [Y 99.9900 dB    U 99.9900 dB    V 99.9900 dB] [ET     9 ] [L0 ] [L1 ]
POC  252 TId: 0 ( I-SLICE, QP 26 )    2050384 bits [Y 99.9900 dB    U 99.9900 dB    V 99.9900 dB] [ET     9 ] [L0 ] [L1 ]
POC  253 TId: 0 ( I-SLICE, QP 26 )    1951528 bits [Y 99.9900 dB    U 99.9900 dB    V 99.9900 dB] [ET     9 ] [L0 ] [L1 ]
POC  254 TId: 0 ( I-SLICE, QP 26 )    1864640 bits [Y 99.9900 dB    U 99.9900 dB    V 99.9900 dB] [ET     9 ] [L0 ] [L1 ]
POC  255 TId: 0 ( I-SLICE, QP 26 )    1787552 bits [Y 99.9900 dB    U 99.9900 dB    V 99.9900 dB] [ET     9 ] [L0 ] [L1 ]
POC  256 TId: 0 ( I-SLICE, QP 26 )    1725296 bits [Y 99.9900 dB    U 99.9900 dB    V 99.9900 dB] [ET     9 ] [L0 ] [L1 ]
POC  257 TId: 0 ( I-SLICE, QP 26 )    1644984 bits [Y 99.9900 dB    U 99.9900 dB    V 99.9900 dB] [ET     8 ] [L0 ] [L1 ]
POC  258 TId: 0 ( I-SLICE, QP 26 )    1595728 bits [Y 99.9900 dB    U 99.9900 dB    V 99.9900 dB] [ET     8 ] [L0 ] [L1 ]
POC  259 TId: 0 ( I-SLICE, QP 26 )    1533736 bits [Y 99.9900 dB    U 99.9900 dB    V 99.9900 dB] [ET     8 ] [L0 ] [L1 ]
POC  260 TId: 0 ( I-SLICE, QP 26 )    1486800 bits [Y 99.9900 dB    U 99.9900 dB    V 99.9900 dB] [ET     8 ] [L0 ] [L1 ]
POC  261 TId: 0 ( I-SLICE, QP 26 )    1437192 bits [Y 99.9900 dB    U 99.9900 dB    V 99.9900 dB] [ET     8 ] [L0 ] [L1 ]
POC  262 TId: 0 ( I-SLICE, QP 26 )    1417432 bits [Y 99.9900 dB    U 99.9900 dB    V 99.9900 dB] [ET     8 ] [L0 ] [L1 ]
POC  263 TId: 0 ( I-SLICE, QP 26 )    1390344 bits [Y 99.9900 dB    U 99.9900 dB    V 99.9900 dB] [ET     8 ] [L0 ] [L1 ]
POC  264 TId: 0 ( I-SLICE, QP 26 )    1438296 bits [Y 99.9900 dB    U 99.9900 dB    V 99.9900 dB] [ET     8 ] [L0 ] [L1 ]
POC  265 TId: 0 ( I-SLICE, QP 26 )    1545800 bits [Y 99.9900 dB    U 99.9900 dB    V 99.9900 dB] [ET     8 ] [L0 ] [L1 ]
POC  266 TId: 0 ( I-SLICE, QP 26 )    1491960 bits [Y 99.9900 dB    U 99.9900 dB    V 99.9900 dB] [ET     8 ] [L0 ] [L1 ]
POC  267 TId: 0 ( I-SLICE, QP 26 )    1353240 bits [Y 99.9900 dB    U 99.9900 dB    V 99.9900 dB] [ET     8 ] [L0 ] [L1 ]
POC  268 TId: 0 ( I-SLICE, QP 26 )    1269080 bits [Y 99.9900 dB    U 99.9900 dB    V 99.9900 dB] [ET     8 ] [L0 ] [L1 ]
POC  269 TId: 0 ( I-SLICE, QP 26 )    1217472 bits [Y 99.9900 dB    U 99.9900 dB    V 99.9900 dB] [ET     8 ] [L0 ] [L1 ]
POC  270 TId: 0 ( I-SLICE, QP 26 )    1182752 bits [Y 99.9900 dB    U 99.9900 dB    V 99.9900 dB] [ET     7 ] [L0 ] [L1 ]
POC  271 TId: 0 ( I-SLICE, QP 26 )    1163896 bits [Y 99.9900 dB    U 99.9900 dB    V 99.9900 dB] [ET     8 ] [L0 ] [L1 ]
POC  272 TId: 0 ( I-SLICE, QP 26 )    1129528 bits [Y 99.9900 dB    U 99.9900 dB    V 99.9900 dB] [ET     8 ] [L0 ] [L1 ]
POC  273 TId: 0 ( I-SLICE, QP 26 )    1117200 bits [Y 99.9900 dB    U 99.9900 dB    V 99.9900 dB] [ET     8 ] [L0 ] [L1 ]
POC  274 TId: 0 ( I-SLICE, QP 26 )    1100104 bits [Y 99.9900 dB    U 99.9900 dB    V 99.9900 dB] [ET     7 ] [L0 ] [L1 ]
POC  275 TId: 0 ( I-SLICE, QP 26 )    1057152 bits [Y 99.9900 dB    U 99.9900 dB    V 99.9900 dB] [ET     7 ] [L0 ] [L1 ]
POC  276 TId: 0 ( I-SLICE, QP 26 )    1002376 bits [Y 99.9900 dB    U 99.9900 dB    V 99.9900 dB] [ET     7 ] [L0 ] [L1 ]
POC  277 TId: 0 ( I-SLICE, QP 26 )     936160 bits [Y 99.9900 dB    U 99.9900 dB    V 99.9900 dB] [ET     7 ] [L0 ] [L1 ]
POC  278 TId: 0 ( I-SLICE, QP 26 )     892328 bits [Y 99.9900 dB    U 99.9900 dB    V 99.9900 dB] [ET     7 ] [L0 ] [L1 ]
POC  279 TId: 0 ( I-SLICE, QP 26 )     868440 bits [Y 99.9900 dB    U 99.9900 dB    V 99.9900 dB] [ET     7 ] [L0 ] [L1 ]
POC  280 TId: 0 ( I-SLICE, QP 26 )     855384 bits [Y 99.9900 dB    U 99.9900 dB    V 99.9900 dB] [ET     7 ] [L0 ] [L1 ]
POC  281 TId: 0 ( I-SLICE, QP 26 )     855384 bits [Y 99.9900 dB    U 99.9900 dB    V 99.9900 dB] [ET     7 ] [L0 ] [L1 ]
POC  282 TId: 0 ( I-SLICE, QP 26 )     855384 bits [Y 99.9900 dB    U 99.9900 dB    V 99.9900 dB] [ET     7 ] [L0 ] [L1 ]
POC  283 TId: 0 ( I-SLICE, QP 26 )     855384 bits [Y 99.9900 dB    U 99.9900 dB    V 99.9900 dB] [ET     7 ] [L0 ] [L1 ]
POC  284 TId: 0 ( I-SLICE, QP 26 )     855384 bits [Y 99.9900 dB    U 99.9900 dB    V 99.9900 dB] [ET     7 ] [L0 ] [L1 ]
POC  285 TId: 0 ( I-SLICE, QP 26 )     855384 bits [Y 99.9900 dB    U 99.9900 dB    V 99.9900 dB] [ET     7 ] [L0 ] [L1 ]
POC  286 TId: 0 ( I-SLICE, QP 26 )     855384 bits [Y 99.9900 dB    U 99.9900 dB    V 99.9900 dB] [ET     7 ] [L0 ] [L1 ]
POC  287 TId: 0 ( I-SLICE, QP 26 )     855384 bits [Y 99.9900 dB    U 99.9900 dB    V 99.9900 dB] [ET     7 ] [L0 ] [L1 ]
POC  288 TId: 0 ( I-SLICE, QP 26 )     855384 bits [Y 99.9900 dB    U 99.9900 dB    V 99.9900 dB] [ET     7 ] [L0 ] [L1 ]
POC  289 TId: 0 ( I-SLICE, QP 26 )     855384 bits [Y 99.9900 dB    U 99.9900 dB    V 99.9900 dB] [ET     7 ] [L0 ] [L1 ]
POC  290 TId: 0 ( I-SLICE, QP 26 )     855384 bits [Y 99.9900 dB    U 99.9900 dB    V 99.9900 dB] [ET     7 ] [L0 ] [L1 ]
POC  291 TId: 0 ( I-SLICE, QP 26 )     855384 bits [Y 99.9900 dB    U 99.9900 dB    V 99.9900 dB] [ET     7 ] [L0 ] [L1 ]
POC  292 TId: 0 ( I-SLICE, QP 26 )     855384 bits [Y 99.9900 dB    U 99.9900 dB    V 99.9900 dB] [ET     7 ] [L0 ] [L1 ]
POC  293 TId: 0 ( I-SLICE, QP 26 )     855384 bits [Y 99.9900 dB    U 99.9900 dB    V 99.9900 dB] [ET     7 ] [L0 ] [L1 ]
POC  294 TId: 0 ( I-SLICE, QP 26 )     855384 bits [Y 99.9900 dB    U 99.9900 dB    V 99.9900 dB] [ET     7 ] [L0 ] [L1 ]
POC  295 TId: 0 ( I-SLICE, QP 26 )     855384 bits [Y 99.9900 dB    U 99.9900 dB    V 99.9900 dB] [ET     7 ] [L0 ] [L1 ]
POC  296 TId: 0 ( I-SLICE, QP 26 )     857576 bits [Y 99.9900 dB    U 99.9900 dB    V 99.9900 dB] [ET     7 ] [L0 ] [L1 ]
POC  297 TId: 0 ( I-SLICE, QP 26 )     864720 bits [Y 99.9900 dB    U 99.9900 dB    V 99.9900 dB] [ET     7 ] [L0 ] [L1 ]
POC  298 TId: 0 ( I-SLICE, QP 26 )     876624 bits [Y 99.9900 dB    U 99.9900 dB    V 99.9900 dB] [ET     7 ] [L0 ] [L1 ]
POC  299 TId: 0 ( I-SLICE, QP 26 )     886752 bits [Y 99.9900 dB    U 99.9900 dB    V 99.9900 dB] [ET     7 ] [L0 ] [L1 ]
POC  300 TId: 0 ( I-SLICE, QP 26 )     895744 bits [Y 99.9900 dB    U 99.9900 dB    V 99.9900 dB] [ET     7 ] [L0 ] [L1 ]
POC  301 TId: 0 ( I-SLICE, QP 26 )     906704 bits [Y 99.9900 dB    U 99.9900 dB    V 99.9900 dB] [ET     7 ] [L0 ] [L1 ]
POC  302 TId: 0 ( I-SLICE, QP 26 )     924432 bits [Y 99.9900 dB    U 99.9900 dB    V 99.9900 dB] [ET     8 ] [L0 ] [L1 ]
POC  303 TId: 0 ( I-SLICE, QP 26 )     928144 bits [Y 99.9900 dB    U 99.9900 dB    V 99.9900 dB] [ET     8 ] [L0 ] [L1 ]
POC  304 TId: 0 ( I-SLICE, QP 26 )     917696 bits [Y 99.9900 dB    U 99.9900 dB    V 99.9900 dB] [ET     8 ] [L0 ] [L1 ]
POC  305 TId: 0 ( I-SLICE, QP 26 )     896704 bits [Y 99.9900 dB    U 99.9900 dB    V 99.9900 dB] [ET     8 ] [L0 ] [L1 ]
POC  306 TId: 0 ( I-SLICE, QP 26 )     848552 bits [Y 99.9900 dB    U 99.9900 dB    V 99.9900 dB] [ET     8 ] [L0 ] [L1 ]
POC  307 TId: 0 ( I-SLICE, QP 26 )     781400 bits [Y 99.9900 dB    U 99.9900 dB    V 99.9900 dB] [ET     7 ] [L0 ] [L1 ]
POC  308 TId: 0 ( I-SLICE, QP 26 )     721496 bits [Y 99.9900 dB    U 99.9900 dB    V 99.9900 dB] [ET     8 ] [L0 ] [L1 ]
POC  309 TId: 0 ( I-SLICE, QP 26 )     634400 bits [Y 99.9900 dB    U 99.9900 dB    V 99.9900 dB] [ET     7 ] [L0 ] [L1 ]
POC  310 TId: 0 ( I-SLICE, QP 26 )     552480 bits [Y 99.9900 dB    U 99.9900 dB    V 99.9900 dB] [ET     7 ] [L0 ] [L1 ]
POC  311 TId: 0 ( I-SLICE, QP 26 )     479896 bits [Y 99.9900 dB    U 99.9900 dB    V 99.9900 dB] [ET     7 ] [L0 ] [L1 ]
POC  312 TId: 0 ( I-SLICE, QP 26 )     413288 bits [Y 99.9900 dB    U 99.9900 dB    V 99.9900 dB] [ET     7 ] [L0 ] [L1 ]
POC  313 TId: 0 ( I-SLICE, QP 26 )     354464 bits [Y 99.9900 dB    U 99.9900 dB    V 99.9900 dB] [ET     7 ] [L0 ] [L1 ]
POC  314 TId: 0 ( I-SLICE, QP 26 )     331336 bits [Y 99.9900 dB    U 99.9900 dB    V 99.9900 dB] [ET     7 ] [L0 ] [L1 ]
POC  315 TId: 0 ( I-SLICE, QP 26 )     298672 bits [Y 99.9900 dB    U 99.9900 dB    V 99.9900 dB] [ET     7 ] [L0 ] [L1 ]
POC  316 TId: 0 ( I-SLICE, QP 26 )     273168 bits [Y 99.9900 dB    U 99.9900 dB    V 99.9900 dB] [ET     6 ] [L0 ] [L1 ]
POC  317 TId: 0 ( I-SLICE, QP 26 )     253896 bits [Y 99.9900 dB    U 99.9900 dB    V 99.9900 dB] [ET     6 ] [L0 ] [L1 ]
POC  318 TId: 0 ( I-SLICE, QP 26 )     243512 bits [Y 99.9900 dB    U 99.9900 dB    V 99.9900 dB] [ET     6 ] [L0 ] [L1 ]
POC  319 TId: 0 ( I-SLICE, QP 26 )     230096 bits [Y 99.9900 dB    U 99.9900 dB    V 99.9900 dB] [ET     6 ] [L0 ] [L1 ]
POC  320 TId: 0 ( I-SLICE, QP 26 )     219368 bits [Y 99.9900 dB    U 99.9900 dB    V 99.9900 dB] [ET     6 ] [L0 ] [L1 ]
POC  321 TId: 0 ( I-SLICE, QP 26 )     215544 bits [Y 99.9900 dB    U 99.9900 dB    V 99.9900 dB] [ET     6 ] [L0 ] [L1 ]
POC  322 TId: 0 ( I-SLICE, QP 26 )     214848 bits [Y 99.9900 dB    U 99.9900 dB    V 99.9900 dB] [ET     6 ] [L0 ] [L1 ]
POC  323 TId: 0 ( I-SLICE, QP 26 )     214848 bits [Y 99.9900 dB    U 99.9900 dB    V 99.9900 dB] [ET     6 ] [L0 ] [L1 ]
POC  324 TId: 0 ( I-SLICE, QP 26 )     214848 bits [Y 99.9900 dB    U 99.9900 dB    V 99.9900 dB] [ET     6 ] [L0 ] [L1 ]
POC  325 TId: 0 ( I-SLICE, QP 26 )     214848 bits [Y 99.9900 dB    U 99.9900 dB    V 99.9900 dB] [ET     6 ] [L0 ] [L1 ]
POC  326 TId: 0 ( I-SLICE, QP 26 )     214848 bits [Y 99.9900 dB    U 99.9900 dB    V 99.9900 dB] [ET     6 ] [L0 ] [L1 ]
POC  327 TId: 0 ( I-SLICE, QP 26 )     214848 bits [Y 99.9900 dB    U 99.9900 dB    V 99.9900 dB] [ET     6 ] [L0 ] [L1 ]
POC  328 TId: 0 ( I-SLICE, QP 26 )     214848 bits [Y 99.9900 dB    U 99.9900 dB    V 99.9900 dB] [ET     6 ] [L0 ] [L1 ]
POC  329 TId: 0 ( I-SLICE, QP 26 )     214848 bits [Y 99.9900 dB    U 99.9900 dB    V 99.9900 dB] [ET     6 ] [L0 ] [L1 ]
POC  330 TId: 0 ( I-SLICE, QP 26 )     214848 bits [Y 99.9900 dB    U 99.9900 dB    V 99.9900 dB] [ET     6 ] [L0 ] [L1 ]
POC  331 TId: 0 ( I-SLICE, QP 26 )     214848 bits [Y 99.9900 dB    U 99.9900 dB    V 99.9900 dB] [ET     6 ] [L0 ] [L1 ]
POC  332 TId: 0 ( I-SLICE, QP 26 )     214848 bits [Y 99.9900 dB    U 99.9900 dB    V 99.9900 dB] [ET     6 ] [L0 ] [L1 ]
POC  333 TId: 0 ( I-SLICE, QP 26 )     214848 bits [Y 99.9900 dB    U 99.9900 dB    V 99.9900 dB] [ET     6 ] [L0 ] [L1 ]
POC  334 TId: 0 ( I-SLICE, QP 26 )     214848 bits [Y 99.9900 dB    U 99.9900 dB    V 99.9900 dB] [ET     6 ] [L0 ] [L1 ]
POC  335 TId: 0 ( I-SLICE, QP 26 )     228688 bits [Y 99.9900 dB    U 99.9900 dB    V 99.9900 dB] [ET     7 ] [L0 ] [L1 ]
POC  336 TId: 0 ( I-SLICE, QP 26 )     247776 bits [Y 99.9900 dB    U 99.9900 dB    V 99.9900 dB] [ET     6 ] [L0 ] [L1 ]
POC  337 TId: 0 ( I-SLICE, QP 26 )     257336 bits [Y 99.9900 dB    U 99.9900 dB    V 99.9900 dB] [ET     7 ] [L0 ] [L1 ]
POC  338 TId: 0 ( I-SLICE, QP 26 )     267336 bits [Y 99.9900 dB    U 99.9900 dB    V 99.9900 dB] [ET     7 ] [L0 ] [L1 ]
POC  339 TId: 0 ( I-SLICE, QP 26 )     280664 bits [Y 99.9900 dB    U 99.9900 dB    V 99.9900 dB] [ET     7 ] [L0 ] [L1 ]
POC  340 TId: 0 ( I-SLICE, QP 26 )     295104 bits [Y 99.9900 dB    U 99.9900 dB    V 99.9900 dB] [ET     7 ] [L0 ] [L1 ]
POC  341 TId: 0 ( I-SLICE, QP 26 )     310840 bits [Y 99.9900 dB    U 99.9900 dB    V 99.9900 dB] [ET     7 ] [L0 ] [L1 ]
POC  342 TId: 0 ( I-SLICE, QP 26 )     327688 bits [Y 99.9900 dB    U 99.9900 dB    V 99.9900 dB] [ET     7 ] [L0 ] [L1 ]
POC  343 TId: 0 ( I-SLICE, QP 26 )     342384 bits [Y 99.9900 dB    U 99.9900 dB    V 99.9900 dB] [ET     7 ] [L0 ] [L1 ]
POC  344 TId: 0 ( I-SLICE, QP 26 )     343208 bits [Y 99.9900 dB    U 99.9900 dB    V 99.9900 dB] [ET     7 ] [L0 ] [L1 ]
POC  345 TId: 0 ( I-SLICE, QP 26 )     344272 bits [Y 99.9900 dB    U 99.9900 dB    V 99.9900 dB] [ET     7 ] [L0 ] [L1 ]
POC  346 TId: 0 ( I-SLICE, QP 26 )     345328 bits [Y 99.9900 dB    U 99.9900 dB    V 99.9900 dB] [ET     7 ] [L0 ] [L1 ]
POC  347 TId: 0 ( I-SLICE, QP 26 )     346288 bits [Y 99.9900 dB    U 99.9900 dB    V 99.9900 dB] [ET     7 ] [L0 ] [L1 ]
POC  348 TId: 0 ( I-SLICE, QP 26 )     347080 bits [Y 99.9900 dB    U 99.9900 dB    V 99.9900 dB] [ET     7 ] [L0 ] [L1 ]
POC  349 TId: 0 ( I-SLICE, QP 26 )     347624 bits [Y 99.9900 dB    U 99.9900 dB    V 99.9900 dB] [ET     7 ] [L0 ] [L1 ]
POC  350 TId: 0 ( I-SLICE, QP 26 )     348344 bits [Y 99.9900 dB    U 99.9900 dB    V 99.9900 dB] [ET     7 ] [L0 ] [L1 ]
POC  351 TId: 0 ( I-SLICE, QP 26 )     348912 bits [Y 99.9900 dB    U 99.9900 dB    V 99.9900 dB] [ET     7 ] [L0 ] [L1 ]
POC  352 TId: 0 ( I-SLICE, QP 26 )     349576 bits [Y 99.9900 dB    U 99.9900 dB    V 99.9900 dB] [ET     7 ] [L0 ] [L1 ]
POC  353 TId: 0 ( I-SLICE, QP 26 )     349968 bits [Y 99.9900 dB    U 99.9900 dB    V 99.9900 dB] [ET     7 ] [L0 ] [L1 ]
POC  354 TId: 0 ( I-SLICE, QP 26 )     350632 bits [Y 99.9900 dB    U 99.9900 dB    V 99.9900 dB] [ET     7 ] [L0 ] [L1 ]
POC  355 TId: 0 ( I-SLICE, QP 26 )     351472 bits [Y 99.9900 dB    U 99.9900 dB    V 99.9900 dB] [ET     7 ] [L0 ] [L1 ]
POC  356 TId: 0 ( I-SLICE, QP 26 )     352008 bits [Y 99.9900 dB    U 99.9900 dB    V 99.9900 dB] [ET     7 ] [L0 ] [L1 ]
POC  357 TId: 0 ( I-SLICE, QP 26 )     352448 bits [Y 99.9900 dB    U 99.9900 dB    V 99.9900 dB] [ET     7 ] [L0 ] [L1 ]
POC  358 TId: 0 ( I-SLICE, QP 26 )     352904 bits [Y 99.9900 dB    U 99.9900 dB    V 99.9900 dB] [ET     7 ] [L0 ] [L1 ]
POC  359 TId: 0 ( I-SLICE, QP 26 )     353400 bits [Y 99.9900 dB    U 99.9900 dB    V 99.9900 dB] [ET     7 ] [L0 ] [L1 ]
POC  360 TId: 0 ( I-SLICE, QP 26 )     353720 bits [Y 99.9900 dB    U 99.9900 dB    V 99.9900 dB] [ET     7 ] [L0 ] [L1 ]
POC  361 TId: 0 ( I-SLICE, QP 26 )     354008 bits [Y 99.9900 dB    U 99.9900 dB    V 99.9900 dB] [ET     7 ] [L0 ] [L1 ]
POC  362 TId: 0 ( I-SLICE, QP 26 )     354384 bits [Y 99.9900 dB    U 99.9900 dB    V 99.9900 dB] [ET     7 ] [L0 ] [L1 ]
POC  363 TId: 0 ( I-SLICE, QP 26 )     354680 bits [Y 99.9900 dB    U 99.9900 dB    V 99.9900 dB] [ET     7 ] [L0 ] [L1 ]
POC  364 TId: 0 ( I-SLICE, QP 26 )     355008 bits [Y 99.9900 dB    U 99.9900 dB    V 99.9900 dB] [ET     7 ] [L0 ] [L1 ]
POC  365 TId: 0 ( I-SLICE, QP 26 )     355432 bits [Y 99.9900 dB    U 99.9900 dB    V 99.9900 dB] [ET     7 ] [L0 ] [L1 ]
POC  366 TId: 0 ( I-SLICE, QP 26 )     355640 bits [Y 99.9900 dB    U 99.9900 dB    V 99.9900 dB] [ET     7 ] [L0 ] [L1 ]
POC  367 TId: 0 ( I-SLICE, QP 26 )     355856 bits [Y 99.9900 dB    U 99.9900 dB    V 99.9900 dB] [ET     7 ] [L0 ] [L1 ]
POC  368 TId: 0 ( I-SLICE, QP 26 )     355856 bits [Y 99.9900 dB    U 99.9900 dB    V 99.9900 dB] [ET     7 ] [L0 ] [L1 ]
POC  369 TId: 0 ( I-SLICE, QP 26 )     355856 bits [Y 99.9900 dB    U 99.9900 dB    V 99.9900 dB] [ET     7 ] [L0 ] [L1 ]
POC  370 TId: 0 ( I-SLICE, QP 26 )     355856 bits [Y 99.9900 dB    U 99.9900 dB    V 99.9900 dB] [ET     7 ] [L0 ] [L1 ]
POC  371 TId: 0 ( I-SLICE, QP 26 )     355856 bits [Y 99.9900 dB    U 99.9900 dB    V 99.9900 dB] [ET     7 ] [L0 ] [L1 ]
POC  372 TId: 0 ( I-SLICE, QP 26 )     355856 bits [Y 99.9900 dB    U 99.9900 dB    V 99.9900 dB] [ET     7 ] [L0 ] [L1 ]
POC  373 TId: 0 ( I-SLICE, QP 26 )     355856 bits [Y 99.9900 dB    U 99.9900 dB    V 99.9900 dB] [ET     7 ] [L0 ] [L1 ]
POC  374 TId: 0 ( I-SLICE, QP 26 )     355856 bits [Y 99.9900 dB    U 99.9900 dB    V 99.9900 dB] [ET     7 ] [L0 ] [L1 ]
POC  375 TId: 0 ( I-SLICE, QP 26 )     355856 bits [Y 99.9900 dB    U 99.9900 dB    V 99.9900 dB] [ET     7 ] [L0 ] [L1 ]
POC  376 TId: 0 ( I-SLICE, QP 26 )     359080 bits [Y 99.9900 dB    U 99.9900 dB    V 99.9900 dB] [ET     7 ] [L0 ] [L1 ]
POC  377 TId: 0 ( I-SLICE, QP 26 )     382136 bits [Y 99.9900 dB    U 99.9900 dB    V 99.9900 dB] [ET     7 ] [L0 ] [L1 ]
POC  378 TId: 0 ( I-SLICE, QP 26 )     435824 bits [Y 99.9900 dB    U 99.9900 dB    V 99.9900 dB] [ET     7 ] [L0 ] [L1 ]
POC  379 TId: 0 ( I-SLICE, QP 26 )     507344 bits [Y 99.9900 dB    U 99.9900 dB    V 99.9900 dB] [ET     7 ] [L0 ] [L1 ]
POC  380 TId: 0 ( I-SLICE, QP 26 )     597776 bits [Y 99.9900 dB    U 99.9900 dB    V 99.9900 dB] [ET     7 ] [L0 ] [L1 ]
POC  381 TId: 0 ( I-SLICE, QP 26 )     713600 bits [Y 99.9900 dB    U 99.9900 dB    V 99.9900 dB] [ET     8 ] [L0 ] [L1 ]
POC  382 TId: 0 ( I-SLICE, QP 26 )     814856 bits [Y 99.9900 dB    U 99.9900 dB    V 99.9900 dB] [ET     8 ] [L0 ] [L1 ]
POC  383 TId: 0 ( I-SLICE, QP 26 )     943088 bits [Y 99.9900 dB    U 99.9900 dB    V 99.9900 dB] [ET     8 ] [L0 ] [L1 ]
POC  384 TId: 0 ( I-SLICE, QP 26 )    1062864 bits [Y 99.9900 dB    U 99.9900 dB    V 99.9900 dB] [ET     8 ] [L0 ] [L1 ]
POC  385 TId: 0 ( I-SLICE, QP 26 )    1175336 bits [Y 99.9900 dB    U 99.9900 dB    V 99.9900 dB] [ET     8 ] [L0 ] [L1 ]
POC  386 TId: 0 ( I-SLICE, QP 26 )    1310584 bits [Y 99.9900 dB    U 99.9900 dB    V 99.9900 dB] [ET     8 ] [L0 ] [L1 ]
POC  387 TId: 0 ( I-SLICE, QP 26 )    1450520 bits [Y 99.9900 dB    U 99.9900 dB    V 99.9900 dB] [ET     9 ] [L0 ] [L1 ]
POC  388 TId: 0 ( I-SLICE, QP 26 )    1559024 bits [Y 99.9900 dB    U 99.9900 dB    V 99.9900 dB] [ET     9 ] [L0 ] [L1 ]
POC  389 TId: 0 ( I-SLICE, QP 26 )    1688552 bits [Y 99.9900 dB    U 99.9900 dB    V 99.9900 dB] [ET     9 ] [L0 ] [L1 ]
POC  390 TId: 0 ( I-SLICE, QP 26 )    1828408 bits [Y 99.9900 dB    U 99.9900 dB    V 99.9900 dB] [ET     9 ] [L0 ] [L1 ]
POC  391 TId: 0 ( I-SLICE, QP 26 )    1939632 bits [Y 99.9900 dB    U 99.9900 dB    V 99.9900 dB] [ET     9 ] [L0 ] [L1 ]
POC  392 TId: 0 ( I-SLICE, QP 26 )    2020856 bits [Y 99.9900 dB    U 99.9900 dB    V 99.9900 dB] [ET    10 ] [L0 ] [L1 ]
POC  393 TId: 0 ( I-SLICE, QP 26 )    2105488 bits [Y 99.9900 dB    U 99.9900 dB    V 99.9900 dB] [ET    10 ] [L0 ] [L1 ]
POC  394 TId: 0 ( I-SLICE, QP 26 )    2166864 bits [Y 99.9900 dB    U 99.9900 dB    V 99.9900 dB] [ET    10 ] [L0 ] [L1 ]
POC  395 TId: 0 ( I-SLICE, QP 26 )    2209104 bits [Y 99.9900 dB    U 99.9900 dB    V 99.9900 dB] [ET    10 ] [L0 ] [L1 ]
POC  396 TId: 0 ( I-SLICE, QP 26 )    2245920 bits [Y 99.9900 dB    U 99.9900 dB    V 99.9900 dB] [ET    10 ] [L0 ] [L1 ]
POC  397 TId: 0 ( I-SLICE, QP 26 )    2273832 bits [Y 99.9900 dB    U 99.9900 dB    V 99.9900 dB] [ET    10 ] [L0 ] [L1 ]
POC  398 TId: 0 ( I-SLICE, QP 26 )    2291856 bits [Y 99.9900 dB    U 99.9900 dB    V 99.9900 dB] [ET    10 ] [L0 ] [L1 ]
POC  399 TId: 0 ( I-SLICE, QP 26 )    2303760 bits [Y 99.9900 dB    U 99.9900 dB    V 99.9900 dB] [ET    10 ] [L0 ] [L1 ]
POC  400 TId: 0 ( I-SLICE, QP 26 )    2310560 bits [Y 99.9900 dB    U 99.9900 dB    V 99.9900 dB] [ET    10 ] [L0 ] [L1 ]
POC  401 TId: 0 ( I-SLICE, QP 26 )    2312072 bits [Y 99.9900 dB    U 99.9900 dB    V 99.9900 dB] [ET    10 ] [L0 ] [L1 ]
POC  402 TId: 0 ( I-SLICE, QP 26 )    2307760 bits [Y 99.9900 dB    U 99.9900 dB    V 99.9900 dB] [ET    10 ] [L0 ] [L1 ]
POC  403 TId: 0 ( I-SLICE, QP 26 )    2299200 bits [Y 99.9900 dB    U 99.9900 dB    V 99.9900 dB] [ET    10 ] [L0 ] [L1 ]
POC  404 TId: 0 ( I-SLICE, QP 26 )    2291848 bits [Y 99.9900 dB    U 99.9900 dB    V 99.9900 dB] [ET    10 ] [L0 ] [L1 ]
POC  405 TId: 0 ( I-SLICE, QP 26 )    2284336 bits [Y 99.9900 dB    U 99.9900 dB    V 99.9900 dB] [ET    10 ] [L0 ] [L1 ]
POC  406 TId: 0 ( I-SLICE, QP 26 )    2280080 bits [Y 99.9900 dB    U 99.9900 dB    V 99.9900 dB] [ET    10 ] [L0 ] [L1 ]
POC  407 TId: 0 ( I-SLICE, QP 26 )    2280080 bits [Y 99.9900 dB    U 99.9900 dB    V 99.9900 dB] [ET    10 ] [L0 ] [L1 ]
POC  408 TId: 0 ( I-SLICE, QP 26 )    2278896 bits [Y 99.9900 dB    U 99.9900 dB    V 99.9900 dB] [ET    10 ] [L0 ] [L1 ]
POC  409 TId: 0 ( I-SLICE, QP 26 )    2276040 bits [Y 99.9900 dB    U 99.9900 dB    V 99.9900 dB] [ET    10 ] [L0 ] [L1 ]
POC  410 TId: 0 ( I-SLICE, QP 26 )    2277680 bits [Y 99.9900 dB    U 99.9900 dB    V 99.9900 dB] [ET    10 ] [L0 ] [L1 ]
POC  411 TId: 0 ( I-SLICE, QP 26 )    2277688 bits [Y 99.9900 dB    U 99.9900 dB    V 99.9900 dB] [ET    10 ] [L0 ] [L1 ]
POC  412 TId: 0 ( I-SLICE, QP 26 )    2278248 bits [Y 99.9900 dB    U 99.9900 dB    V 99.9900 dB] [ET    10 ] [L0 ] [L1 ]
POC  413 TId: 0 ( I-SLICE, QP 26 )    2276736 bits [Y 99.9900 dB    U 99.9900 dB    V 99.9900 dB] [ET    10 ] [L0 ] [L1 ]
POC  414 TId: 0 ( I-SLICE, QP 26 )    2278672 bits [Y 99.9900 dB    U 99.9900 dB    V 99.9900 dB] [ET    10 ] [L0 ] [L1 ]
POC  415 TId: 0 ( I-SLICE, QP 26 )    2275616 bits [Y 99.9900 dB    U 99.9900 dB    V 99.9900 dB] [ET    10 ] [L0 ] [L1 ]
POC  416 TId: 0 ( I-SLICE, QP 26 )    2280240 bits [Y 99.9900 dB    U 99.9900 dB    V 99.9900 dB] [ET    10 ] [L0 ] [L1 ]
POC  417 TId: 0 ( I-SLICE, QP 26 )    2279648 bits [Y 99.9900 dB    U 99.9900 dB    V 99.9900 dB] [ET    10 ] [L0 ] [L1 ]
POC  418 TId: 0 ( I-SLICE, QP 26 )    2287696 bits [Y 99.9900 dB    U 99.9900 dB    V 99.9900 dB] [ET    10 ] [L0 ] [L1 ]
POC  419 TId: 0 ( I-SLICE, QP 26 )    2301000 bits [Y 99.9900 dB    U 99.9900 dB    V 99.9900 dB] [ET    10 ] [L0 ] [L1 ]
POC  420 TId: 0 ( I-SLICE, QP 26 )    2314520 bits [Y 99.9900 dB    U 99.9900 dB    V 99.9900 dB] [ET    10 ] [L0 ] [L1 ]
POC  421 TId: 0 ( I-SLICE, QP 26 )    2329296 bits [Y 99.9900 dB    U 99.9900 dB    V 99.9900 dB] [ET    10 ] [L0 ] [L1 ]
POC  422 TId: 0 ( I-SLICE, QP 26 )    2340536 bits [Y 99.9900 dB    U 99.9900 dB    V 99.9900 dB] [ET     9 ] [L0 ] [L1 ]
POC  423 TId: 0 ( I-SLICE, QP 26 )    2346760 bits [Y 99.9900 dB    U 99.9900 dB    V 99.9900 dB] [ET    10 ] [L0 ] [L1 ]
POC  424 TId: 0 ( I-SLICE, QP 26 )    2352688 bits [Y 99.9900 dB    U 99.9900 dB    V 99.9900 dB] [ET     9 ] [L0 ] [L1 ]
POC  425 TId: 0 ( I-SLICE, QP 26 )    2352056 bits [Y 99.9900 dB    U 99.9900 dB    V 99.9900 dB] [ET    10 ] [L0 ] [L1 ]
POC  426 TId: 0 ( I-SLICE, QP 26 )    2353248 bits [Y 99.9900 dB    U 99.9900 dB    V 99.9900 dB] [ET    10 ] [L0 ] [L1 ]
POC  427 TId: 0 ( I-SLICE, QP 26 )    2354048 bits [Y 99.9900 dB    U 99.9900 dB    V 99.9900 dB] [ET    10 ] [L0 ] [L1 ]
POC  428 TId: 0 ( I-SLICE, QP 26 )    2352744 bits [Y 99.9900 dB    U 99.9900 dB    V 99.9900 dB] [ET    10 ] [L0 ] [L1 ]
POC  429 TId: 0 ( I-SLICE, QP 26 )    2353520 bits [Y 99.9900 dB    U 99.9900 dB    V 99.9900 dB] [ET    10 ] [L0 ] [L1 ]
POC  430 TId: 0 ( I-SLICE, QP 26 )    2355152 bits [Y 99.9900 dB    U 99.9900 dB    V 99.9900 dB] [ET    10 ] [L0 ] [L1 ]
POC  431 TId: 0 ( I-SLICE, QP 26 )    2355928 bits [Y 99.9900 dB    U 99.9900 dB    V 99.9900 dB] [ET    10 ] [L0 ] [L1 ]
POC  432 TId: 0 ( I-SLICE, QP 26 )    2358248 bits [Y 99.9900 dB    U 99.9900 dB    V 99.9900 dB] [ET    10 ] [L0 ] [L1 ]
POC  433 TId: 0 ( I-SLICE, QP 26 )    2359336 bits [Y 99.9900 dB    U 99.9900 dB    V 99.9900 dB] [ET    10 ] [L0 ] [L1 ]
POC  434 TId: 0 ( I-SLICE, QP 26 )    2356912 bits [Y 99.9900 dB    U 99.9900 dB    V 99.9900 dB] [ET    10 ] [L0 ] [L1 ]
POC  435 TId: 0 ( I-SLICE, QP 26 )    2355880 bits [Y 99.9900 dB    U 99.9900 dB    V 99.9900 dB] [ET     9 ] [L0 ] [L1 ]
POC  436 TId: 0 ( I-SLICE, QP 26 )    2356904 bits [Y 99.9900 dB    U 99.9900 dB    V 99.9900 dB] [ET    10 ] [L0 ] [L1 ]
POC  437 TId: 0 ( I-SLICE, QP 26 )    2358496 bits [Y 99.9900 dB    U 99.9900 dB    V 99.9900 dB] [ET    10 ] [L0 ] [L1 ]
POC  438 TId: 0 ( I-SLICE, QP 26 )    2358136 bits [Y 99.9900 dB    U 99.9900 dB    V 99.9900 dB] [ET     9 ] [L0 ] [L1 ]
POC  439 TId: 0 ( I-SLICE, QP 26 )    2357680 bits [Y 99.9900 dB    U 99.9900 dB    V 99.9900 dB] [ET     9 ] [L0 ] [L1 ]
POC  440 TId: 0 ( I-SLICE, QP 26 )    2360744 bits [Y 99.9900 dB    U 99.9900 dB    V 99.9900 dB] [ET     9 ] [L0 ] [L1 ]
POC  441 TId: 0 ( I-SLICE, QP 26 )    2362176 bits [Y 99.9900 dB    U 99.9900 dB    V 99.9900 dB] [ET    10 ] [L0 ] [L1 ]
POC  442 TId: 0 ( I-SLICE, QP 26 )    2364480 bits [Y 99.9900 dB    U 99.9900 dB    V 99.9900 dB] [ET     9 ] [L0 ] [L1 ]
POC  443 TId: 0 ( I-SLICE, QP 26 )    2364384 bits [Y 99.9900 dB    U 99.9900 dB    V 99.9900 dB] [ET    10 ] [L0 ] [L1 ]
POC  444 TId: 0 ( I-SLICE, QP 26 )    2365920 bits [Y 99.9900 dB    U 99.9900 dB    V 99.9900 dB] [ET     9 ] [L0 ] [L1 ]
POC  445 TId: 0 ( I-SLICE, QP 26 )    2366616 bits [Y 99.9900 dB    U 99.9900 dB    V 99.9900 dB] [ET    10 ] [L0 ] [L1 ]
POC  446 TId: 0 ( I-SLICE, QP 26 )    2367976 bits [Y 99.9900 dB    U 99.9900 dB    V 99.9900 dB] [ET    10 ] [L0 ] [L1 ]
POC  447 TId: 0 ( I-SLICE, QP 26 )    2368800 bits [Y 99.9900 dB    U 99.9900 dB    V 99.9900 dB] [ET    10 ] [L0 ] [L1 ]
POC  448 TId: 0 ( I-SLICE, QP 26 )    2371120 bits [Y 99.9900 dB    U 99.9900 dB    V 99.9900 dB] [ET    10 ] [L0 ] [L1 ]
POC  449 TId: 0 ( I-SLICE, QP 26 )    2370752 bits [Y 99.9900 dB    U 99.9900 dB    V 99.9900 dB] [ET    10 ] [L0 ] [L1 ]
POC  450 TId: 0 ( I-SLICE, QP 26 )    2371552 bits [Y 99.9900 dB    U 99.9900 dB    V 99.9900 dB] [ET    10 ] [L0 ] [L1 ]
POC  451 TId: 0 ( I-SLICE, QP 26 )    2372072 bits [Y 99.9900 dB    U 99.9900 dB    V 99.9900 dB] [ET    10 ] [L0 ] [L1 ]
POC  452 TId: 0 ( I-SLICE, QP 26 )    2373320 bits [Y 99.9900 dB    U 99.9900 dB    V 99.9900 dB] [ET     9 ] [L0 ] [L1 ]
POC  453 TId: 0 ( I-SLICE, QP 26 )    2374056 bits [Y 99.9900 dB    U 99.9900 dB    V 99.9900 dB] [ET    10 ] [L0 ] [L1 ]
POC  454 TId: 0 ( I-SLICE, QP 26 )    2374664 bits [Y 99.9900 dB    U 99.9900 dB    V 99.9900 dB] [ET     9 ] [L0 ] [L1 ]
POC  455 TId: 0 ( I-SLICE, QP 26 )    2375240 bits [Y 99.9900 dB    U 99.9900 dB    V 99.9900 dB] [ET    10 ] [L0 ] [L1 ]
POC  456 TId: 0 ( I-SLICE, QP 26 )    2375240 bits [Y 99.9900 dB    U 99.9900 dB    V 99.9900 dB] [ET     9 ] [L0 ] [L1 ]
POC  457 TId: 0 ( I-SLICE, QP 26 )    2375240 bits [Y 99.9900 dB    U 99.9900 dB    V 99.9900 dB] [ET     9 ] [L0 ] [L1 ]
POC  458 TId: 0 ( I-SLICE, QP 26 )    2375240 bits [Y 99.9900 dB    U 99.9900 dB    V 99.9900 dB] [ET    10 ] [L0 ] [L1 ]
POC  459 TId: 0 ( I-SLICE, QP 26 )    2375240 bits [Y 99.9900 dB    U 99.9900 dB    V 99.9900 dB] [ET     9 ] [L0 ] [L1 ]
POC  460 TId: 0 ( I-SLICE, QP 26 )    2375240 bits [Y 99.9900 dB    U 99.9900 dB    V 99.9900 dB] [ET    10 ] [L0 ] [L1 ]
POC  461 TId: 0 ( I-SLICE, QP 26 )    2375240 bits [Y 99.9900 dB    U 99.9900 dB    V 99.9900 dB] [ET    10 ] [L0 ] [L1 ]
POC  462 TId: 0 ( I-SLICE, QP 26 )    2375240 bits [Y 99.9900 dB    U 99.9900 dB    V 99.9900 dB] [ET     9 ] [L0 ] [L1 ]
POC  463 TId: 0 ( I-SLICE, QP 26 )    2375240 bits [Y 99.9900 dB    U 99.9900 dB    V 99.9900 dB] [ET     9 ] [L0 ] [L1 ]
POC  464 TId: 0 ( I-SLICE, QP 26 )    2375240 bits [Y 99.9900 dB    U 99.9900 dB    V 99.9900 dB] [ET     9 ] [L0 ] [L1 ]
POC  465 TId: 0 ( I-SLICE, QP 26 )    2375240 bits [Y 99.9900 dB    U 99.9900 dB    V 99.9900 dB] [ET     9 ] [L0 ] [L1 ]
POC  466 TId: 0 ( I-SLICE, QP 26 )    2375240 bits [Y 99.9900 dB    U 99.9900 dB    V 99.9900 dB] [ET    10 ] [L0 ] [L1 ]
POC  467 TId: 0 ( I-SLICE, QP 26 )    2375240 bits [Y 99.9900 dB    U 99.9900 dB    V 99.9900 dB] [ET     9 ] [L0 ] [L1 ]
POC  468 TId: 0 ( I-SLICE, QP 26 )    2375240 bits [Y 99.9900 dB    U 99.9900 dB    V 99.9900 dB] [ET     9 ] [L0 ] [L1 ]
POC  469 TId: 0 ( I-SLICE, QP 26 )    2375240 bits [Y 99.9900 dB    U 99.9900 dB    V 99.9900 dB] [ET     9 ] [L0 ] [L1 ]
POC  470 TId: 0 ( I-SLICE, QP 26 )    2375240 bits [Y 99.9900 dB    U 99.9900 dB    V 99.9900 dB] [ET     9 ] [L0 ] [L1 ]
POC  471 TId: 0 ( I-SLICE, QP 26 )    2375240 bits [Y 99.9900 dB    U 99.9900 dB    V 99.9900 dB] [ET     9 ] [L0 ] [L1 ]
POC  472 TId: 0 ( I-SLICE, QP 26 )    2375240 bits [Y 99.9900 dB    U 99.9900 dB    V 99.9900 dB] [ET     9 ] [L0 ] [L1 ]
POC  473 TId: 0 ( I-SLICE, QP 26 )    2375240 bits [Y 99.9900 dB    U 99.9900 dB    V 99.9900 dB] [ET     9 ] [L0 ] [L1 ]
POC  474 TId: 0 ( I-SLICE, QP 26 )     867992 bits [Y 99.9900 dB    U 99.9900 dB    V 99.9900 dB] [ET     7 ] [L0 ] [L1 ]
POC  475 TId: 0 ( I-SLICE, QP 26 )     867992 bits [Y 99.9900 dB    U 99.9900 dB    V 99.9900 dB] [ET     6 ] [L0 ] [L1 ]
POC  476 TId: 0 ( I-SLICE, QP 26 )     867992 bits [Y 99.9900 dB    U 99.9900 dB    V 99.9900 dB] [ET     7 ] [L0 ] [L1 ]
POC  477 TId: 0 ( I-SLICE, QP 26 )     867992 bits [Y 99.9900 dB    U 99.9900 dB    V 99.9900 dB] [ET     6 ] [L0 ] [L1 ]
POC  478 TId: 0 ( I-SLICE, QP 26 )     877992 bits [Y 99.9900 dB    U 99.9900 dB    V 99.9900 dB] [ET     7 ] [L0 ] [L1 ]
POC  479 TId: 0 ( I-SLICE, QP 26 )     886920 bits [Y 99.9900 dB    U 99.9900 dB    V 99.9900 dB] [ET     7 ] [L0 ] [L1 ]
POC  480 TId: 0 ( I-SLICE, QP 26 )     891712 bits [Y 99.9900 dB    U 99.9900 dB    V 99.9900 dB] [ET     7 ] [L0 ] [L1 ]
POC  481 TId: 0 ( I-SLICE, QP 26 )     896048 bits [Y 99.9900 dB    U 99.9900 dB    V 99.9900 dB] [ET     7 ] [L0 ] [L1 ]
POC  482 TId: 0 ( I-SLICE, QP 26 )     899816 bits [Y 99.9900 dB    U 99.9900 dB    V 99.9900 dB] [ET     7 ] [L0 ] [L1 ]
POC  483 TId: 0 ( I-SLICE, QP 26 )     903496 bits [Y 99.9900 dB    U 99.9900 dB    V 99.9900 dB] [ET     6 ] [L0 ] [L1 ]
POC  484 TId: 0 ( I-SLICE, QP 26 )     905656 bits [Y 99.9900 dB    U 99.9900 dB    V 99.9900 dB] [ET     7 ] [L0 ] [L1 ]
POC  485 TId: 0 ( I-SLICE, QP 26 )     908176 bits [Y 99.9900 dB    U 99.9900 dB    V 99.9900 dB] [ET     7 ] [L0 ] [L1 ]
POC  486 TId: 0 ( I-SLICE, QP 26 )     910016 bits [Y 99.9900 dB    U 99.9900 dB    V 99.9900 dB] [ET     7 ] [L0 ] [L1 ]
POC  487 TId: 0 ( I-SLICE, QP 26 )     911576 bits [Y 99.9900 dB    U 99.9900 dB    V 99.9900 dB] [ET     7 ] [L0 ] [L1 ]
POC  488 TId: 0 ( I-SLICE, QP 26 )     913640 bits [Y 99.9900 dB    U 99.9900 dB    V 99.9900 dB] [ET     7 ] [L0 ] [L1 ]
POC  489 TId: 0 ( I-SLICE, QP 26 )     915672 bits [Y 99.9900 dB    U 99.9900 dB    V 99.9900 dB] [ET     7 ] [L0 ] [L1 ]
POC  490 TId: 0 ( I-SLICE, QP 26 )     917424 bits [Y 99.9900 dB    U 99.9900 dB    V 99.9900 dB] [ET     7 ] [L0 ] [L1 ]
POC  491 TId: 0 ( I-SLICE, QP 26 )     918928 bits [Y 99.9900 dB    U 99.9900 dB    V 99.9900 dB] [ET     7 ] [L0 ] [L1 ]
POC  492 TId: 0 ( I-SLICE, QP 26 )     920032 bits [Y 99.9900 dB    U 99.9900 dB    V 99.9900 dB] [ET     7 ] [L0 ] [L1 ]
POC  493 TId: 0 ( I-SLICE, QP 26 )     920864 bits [Y 99.9900 dB    U 99.9900 dB    V 99.9900 dB] [ET     7 ] [L0 ] [L1 ]
POC  494 TId: 0 ( I-SLICE, QP 26 )     921672 bits [Y 99.9900 dB    U 99.9900 dB    V 99.9900 dB] [ET     7 ] [L0 ] [L1 ]
POC  495 TId: 0 ( I-SLICE, QP 26 )     921672 bits [Y 99.9900 dB    U 99.9900 dB    V 99.9900 dB] [ET     7 ] [L0 ] [L1 ]
POC  496 TId: 0 ( I-SLICE, QP 26 )     926440 bits [Y 99.9900 dB    U 99.9900 dB    V 99.9900 dB] [ET     7 ] [L0 ] [L1 ]
POC  497 TId: 0 ( I-SLICE, QP 26 )     930864 bits [Y 99.9900 dB    U 99.9900 dB    V 99.9900 dB] [ET     7 ] [L0 ] [L1 ]
POC  498 TId: 0 ( I-SLICE, QP 26 )     930224 bits [Y 99.9900 dB    U 99.9900 dB    V 99.9900 dB] [ET     7 ] [L0 ] [L1 ]
POC  499 TId: 0 ( I-SLICE, QP 26 )     930280 bits [Y 99.9900 dB    U 99.9900 dB    V 99.9900 dB] [ET     6 ] [L0 ] [L1 ]


SUMMARY --------------------------------------------------------
	Total Frames |  Bitrate    Y-PSNR    U-PSNR    V-PSNR 
	      500    a  24796.1683   99.9900   99.9900   99.9900


I Slices--------------------------------------------------------
	Total Frames |  Bitrate    Y-PSNR    U-PSNR    V-PSNR 
	      500    i  24796.1683   99.9900   99.9900   99.9900


P Slices--------------------------------------------------------
	Total Frames |  Bitrate    Y-PSNR    U-PSNR    V-PSNR 
	        0    p        -nan      -nan      -nan      -nan


B Slices--------------------------------------------------------
	Total Frames |  Bitrate    Y-PSNR    U-PSNR    V-PSNR 
	        0    b        -nan      -nan      -nan      -nan

RVM: 0.000
Bytes written to file: 77490037 (24796.812 kbps)

 Total Time:     3939.891 sec.
