
HM software: Encoder Version [15.0][Linux][GCC 4.8.5][64 bit] 

Input          File          : ../../HEVC_test_sequence/ClassF/SlideEditing_1280x720_30.yuv
Bitstream      File          : SlideEditing.bin
Reconstruction File          : SlideEditing.yuv
Real     Format              : 1280x720 30Hz
Internal Format              : 1280x720 30Hz
Frame/Field                  : Frame based coding
Frame index                  : 0 - 299 (300 frames)
CU size / depth              : 32 / 3
RQT trans. size (min / max)  : 4 / 32
Max RQT depth inter          : 3
Max RQT depth intra          : 1
Min PCM size                 : 8
Motion search range          : 64
Intra period                 : 1
Decoding refresh type        : 0
QP                           : 26.00
Max dQP signaling depth      : 0
Cb QP Offset                 : 0
Cr QP Offset                 : 0
QP adaptation                : 0 (range=0)
GOP size                     : 1
Internal bit depth           : (Y:8, C:8)
PCM sample bit depth         : (Y:8, C:8)
RateControl                  : 0
Max Num Merge Candidates     : 5

TOOL CFG: IBD:0 HAD:0 RDQ:0 RDQTS:0 RDpenalty:0 SQP:0 ASR:0 FEN:0 ECU:0 FDM:0 CFM:0 ESD:0 RQT:1 TransformSkip:0 TransformSkipFast:0 Slice: M=0 SliceSegment: M=0 CIP:0 SAO:0 PCM:0 TransQuantBypassEnabled: =1 WPP:0 WPB:0 PME:2  WaveFrontSynchro:0 WaveFrontSubstreams:1 ScalingList:0 TMVPMode:1  SignBitHidingFlag:1 RecalQP:0

POC    0 TId: 0 ( I-SLICE, QP 26 )    2926048 bits [Y 99.9900 dB    U 99.9900 dB    V 99.9900 dB] [ET    10 ] [L0 ] [L1 ]
POC    1 TId: 0 ( I-SLICE, QP 26 )    2925144 bits [Y 99.9900 dB    U 99.9900 dB    V 99.9900 dB] [ET    11 ] [L0 ] [L1 ]
POC    2 TId: 0 ( I-SLICE, QP 26 )    2925296 bits [Y 99.9900 dB    U 99.9900 dB    V 99.9900 dB] [ET    11 ] [L0 ] [L1 ]
POC    3 TId: 0 ( I-SLICE, QP 26 )    2925680 bits [Y 99.9900 dB    U 99.9900 dB    V 99.9900 dB] [ET    11 ] [L0 ] [L1 ]
POC    4 TId: 0 ( I-SLICE, QP 26 )    2933168 bits [Y 99.9900 dB    U 99.9900 dB    V 99.9900 dB] [ET    11 ] [L0 ] [L1 ]
POC    5 TId: 0 ( I-SLICE, QP 26 )    2950640 bits [Y 99.9900 dB    U 99.9900 dB    V 99.9900 dB] [ET    11 ] [L0 ] [L1 ]
POC    6 TId: 0 ( I-SLICE, QP 26 )    2969856 bits [Y 99.9900 dB    U 99.9900 dB    V 99.9900 dB] [ET    11 ] [L0 ] [L1 ]
POC    7 TId: 0 ( I-SLICE, QP 26 )    2953832 bits [Y 99.9900 dB    U 99.9900 dB    V 99.9900 dB] [ET    11 ] [L0 ] [L1 ]
POC    8 TId: 0 ( I-SLICE, QP 26 )    2960776 bits [Y 99.9900 dB    U 99.9900 dB    V 99.9900 dB] [ET    11 ] [L0 ] [L1 ]
POC    9 TId: 0 ( I-SLICE, QP 26 )    2987768 bits [Y 99.9900 dB    U 99.9900 dB    V 99.9900 dB] [ET    11 ] [L0 ] [L1 ]
POC   10 TId: 0 ( I-SLICE, QP 26 )    2973464 bits [Y 99.9900 dB    U 99.9900 dB    V 99.9900 dB] [ET    11 ] [L0 ] [L1 ]
POC   11 TId: 0 ( I-SLICE, QP 26 )    3007024 bits [Y 99.9900 dB    U 99.9900 dB    V 99.9900 dB] [ET    11 ] [L0 ] [L1 ]
POC   12 TId: 0 ( I-SLICE, QP 26 )    3009712 bits [Y 99.9900 dB    U 99.9900 dB    V 99.9900 dB] [ET    11 ] [L0 ] [L1 ]
POC   13 TId: 0 ( I-SLICE, QP 26 )    2999512 bits [Y 99.9900 dB    U 99.9900 dB    V 99.9900 dB] [ET    11 ] [L0 ] [L1 ]
POC   14 TId: 0 ( I-SLICE, QP 26 )    2977792 bits [Y 99.9900 dB    U 99.9900 dB    V 99.9900 dB] [ET    11 ] [L0 ] [L1 ]
POC   15 TId: 0 ( I-SLICE, QP 26 )    2978144 bits [Y 99.9900 dB    U 99.9900 dB    V 99.9900 dB] [ET    11 ] [L0 ] [L1 ]
POC   16 TId: 0 ( I-SLICE, QP 26 )    2976496 bits [Y 99.9900 dB    U 99.9900 dB    V 99.9900 dB] [ET    11 ] [L0 ] [L1 ]
POC   17 TId: 0 ( I-SLICE, QP 26 )    2976392 bits [Y 99.9900 dB    U 99.9900 dB    V 99.9900 dB] [ET    11 ] [L0 ] [L1 ]
POC   18 TId: 0 ( I-SLICE, QP 26 )    2976360 bits [Y 99.9900 dB    U 99.9900 dB    V 99.9900 dB] [ET    11 ] [L0 ] [L1 ]
POC   19 TId: 0 ( I-SLICE, QP 26 )    2977376 bits [Y 99.9900 dB    U 99.9900 dB    V 99.9900 dB] [ET    11 ] [L0 ] [L1 ]
POC   20 TId: 0 ( I-SLICE, QP 26 )    2977408 bits [Y 99.9900 dB    U 99.9900 dB    V 99.9900 dB] [ET    11 ] [L0 ] [L1 ]
POC   21 TId: 0 ( I-SLICE, QP 26 )    2980536 bits [Y 99.9900 dB    U 99.9900 dB    V 99.9900 dB] [ET    11 ] [L0 ] [L1 ]
POC   22 TId: 0 ( I-SLICE, QP 26 )    2980440 bits [Y 99.9900 dB    U 99.9900 dB    V 99.9900 dB] [ET    11 ] [L0 ] [L1 ]
POC   23 TId: 0 ( I-SLICE, QP 26 )    2979808 bits [Y 99.9900 dB    U 99.9900 dB    V 99.9900 dB] [ET    11 ] [L0 ] [L1 ]
POC   24 TId: 0 ( I-SLICE, QP 26 )    2985736 bits [Y 99.9900 dB    U 99.9900 dB    V 99.9900 dB] [ET    11 ] [L0 ] [L1 ]
POC   25 TId: 0 ( I-SLICE, QP 26 )    2985776 bits [Y 99.9900 dB    U 99.9900 dB    V 99.9900 dB] [ET    11 ] [L0 ] [L1 ]
POC   26 TId: 0 ( I-SLICE, QP 26 )    2986200 bits [Y 99.9900 dB    U 99.9900 dB    V 99.9900 dB] [ET    11 ] [L0 ] [L1 ]
POC   27 TId: 0 ( I-SLICE, QP 26 )    2986072 bits [Y 99.9900 dB    U 99.9900 dB    V 99.9900 dB] [ET    11 ] [L0 ] [L1 ]
POC   28 TId: 0 ( I-SLICE, QP 26 )    2986032 bits [Y 99.9900 dB    U 99.9900 dB    V 99.9900 dB] [ET    11 ] [L0 ] [L1 ]
POC   29 TId: 0 ( I-SLICE, QP 26 )    2992008 bits [Y 99.9900 dB    U 99.9900 dB    V 99.9900 dB] [ET    11 ] [L0 ] [L1 ]
POC   30 TId: 0 ( I-SLICE, QP 26 )    2993680 bits [Y 99.9900 dB    U 99.9900 dB    V 99.9900 dB] [ET    11 ] [L0 ] [L1 ]
POC   31 TId: 0 ( I-SLICE, QP 26 )    2992384 bits [Y 99.9900 dB    U 99.9900 dB    V 99.9900 dB] [ET    11 ] [L0 ] [L1 ]
POC   32 TId: 0 ( I-SLICE, QP 26 )    3000568 bits [Y 99.9900 dB    U 99.9900 dB    V 99.9900 dB] [ET    11 ] [L0 ] [L1 ]
POC   33 TId: 0 ( I-SLICE, QP 26 )    3000832 bits [Y 99.9900 dB    U 99.9900 dB    V 99.9900 dB] [ET    11 ] [L0 ] [L1 ]
POC   34 TId: 0 ( I-SLICE, QP 26 )    2999728 bits [Y 99.9900 dB    U 99.9900 dB    V 99.9900 dB] [ET    11 ] [L0 ] [L1 ]
POC   35 TId: 0 ( I-SLICE, QP 26 )    2999736 bits [Y 99.9900 dB    U 99.9900 dB    V 99.9900 dB] [ET    11 ] [L0 ] [L1 ]
POC   36 TId: 0 ( I-SLICE, QP 26 )    3000424 bits [Y 99.9900 dB    U 99.9900 dB    V 99.9900 dB] [ET    11 ] [L0 ] [L1 ]
POC   37 TId: 0 ( I-SLICE, QP 26 )    3000496 bits [Y 99.9900 dB    U 99.9900 dB    V 99.9900 dB] [ET    11 ] [L0 ] [L1 ]
POC   38 TId: 0 ( I-SLICE, QP 26 )    3009776 bits [Y 99.9900 dB    U 99.9900 dB    V 99.9900 dB] [ET    11 ] [L0 ] [L1 ]
POC   39 TId: 0 ( I-SLICE, QP 26 )    3007544 bits [Y 99.9900 dB    U 99.9900 dB    V 99.9900 dB] [ET    11 ] [L0 ] [L1 ]
POC   40 TId: 0 ( I-SLICE, QP 26 )    3005240 bits [Y 99.9900 dB    U 99.9900 dB    V 99.9900 dB] [ET    11 ] [L0 ] [L1 ]
POC   41 TId: 0 ( I-SLICE, QP 26 )    3007744 bits [Y 99.9900 dB    U 99.9900 dB    V 99.9900 dB] [ET    11 ] [L0 ] [L1 ]
POC   42 TId: 0 ( I-SLICE, QP 26 )    2998192 bits [Y 99.9900 dB    U 99.9900 dB    V 99.9900 dB] [ET    11 ] [L0 ] [L1 ]
POC   43 TId: 0 ( I-SLICE, QP 26 )    2998144 bits [Y 99.9900 dB    U 99.9900 dB    V 99.9900 dB] [ET    11 ] [L0 ] [L1 ]
POC   44 TId: 0 ( I-SLICE, QP 26 )    2999584 bits [Y 99.9900 dB    U 99.9900 dB    V 99.9900 dB] [ET    11 ] [L0 ] [L1 ]
POC   45 TId: 0 ( I-SLICE, QP 26 )    2999648 bits [Y 99.9900 dB    U 99.9900 dB    V 99.9900 dB] [ET    11 ] [L0 ] [L1 ]
POC   46 TId: 0 ( I-SLICE, QP 26 )    2996720 bits [Y 99.9900 dB    U 99.9900 dB    V 99.9900 dB] [ET    11 ] [L0 ] [L1 ]
POC   47 TId: 0 ( I-SLICE, QP 26 )    3000104 bits [Y 99.9900 dB    U 99.9900 dB    V 99.9900 dB] [ET    11 ] [L0 ] [L1 ]
POC   48 TId: 0 ( I-SLICE, QP 26 )    3001736 bits [Y 99.9900 dB    U 99.9900 dB    V 99.9900 dB] [ET    11 ] [L0 ] [L1 ]
POC   49 TId: 0 ( I-SLICE, QP 26 )    3004240 bits [Y 99.9900 dB    U 99.9900 dB    V 99.9900 dB] [ET    11 ] [L0 ] [L1 ]
POC   50 TId: 0 ( I-SLICE, QP 26 )    3019008 bits [Y 99.9900 dB    U 99.9900 dB    V 99.9900 dB] [ET    11 ] [L0 ] [L1 ]
POC   51 TId: 0 ( I-SLICE, QP 26 )    3006064 bits [Y 99.9900 dB    U 99.9900 dB    V 99.9900 dB] [ET    11 ] [L0 ] [L1 ]
POC   52 TId: 0 ( I-SLICE, QP 26 )    3008640 bits [Y 99.9900 dB    U 99.9900 dB    V 99.9900 dB] [ET    11 ] [L0 ] [L1 ]
POC   53 TId: 0 ( I-SLICE, QP 26 )    3007944 bits [Y 99.9900 dB    U 99.9900 dB    V 99.9900 dB] [ET    11 ] [L0 ] [L1 ]
POC   54 TId: 0 ( I-SLICE, QP 26 )    2992440 bits [Y 99.9900 dB    U 99.9900 dB    V 99.9900 dB] [ET    11 ] [L0 ] [L1 ]
POC   55 TId: 0 ( I-SLICE, QP 26 )    2991856 bits [Y 99.9900 dB    U 99.9900 dB    V 99.9900 dB] [ET    11 ] [L0 ] [L1 ]
POC   56 TId: 0 ( I-SLICE, QP 26 )    2991368 bits [Y 99.9900 dB    U 99.9900 dB    V 99.9900 dB] [ET    11 ] [L0 ] [L1 ]
POC   57 TId: 0 ( I-SLICE, QP 26 )    2992168 bits [Y 99.9900 dB    U 99.9900 dB    V 99.9900 dB] [ET    11 ] [L0 ] [L1 ]
POC   58 TId: 0 ( I-SLICE, QP 26 )    2991776 bits [Y 99.9900 dB    U 99.9900 dB    V 99.9900 dB] [ET    11 ] [L0 ] [L1 ]
POC   59 TId: 0 ( I-SLICE, QP 26 )    2989424 bits [Y 99.9900 dB    U 99.9900 dB    V 99.9900 dB] [ET    11 ] [L0 ] [L1 ]
POC   60 TId: 0 ( I-SLICE, QP 26 )    2989512 bits [Y 99.9900 dB    U 99.9900 dB    V 99.9900 dB] [ET    11 ] [L0 ] [L1 ]
POC   61 TId: 0 ( I-SLICE, QP 26 )    2991912 bits [Y 99.9900 dB    U 99.9900 dB    V 99.9900 dB] [ET    11 ] [L0 ] [L1 ]
POC   62 TId: 0 ( I-SLICE, QP 26 )    2991872 bits [Y 99.9900 dB    U 99.9900 dB    V 99.9900 dB] [ET    11 ] [L0 ] [L1 ]
POC   63 TId: 0 ( I-SLICE, QP 26 )    2991888 bits [Y 99.9900 dB    U 99.9900 dB    V 99.9900 dB] [ET    11 ] [L0 ] [L1 ]
POC   64 TId: 0 ( I-SLICE, QP 26 )    2992272 bits [Y 99.9900 dB    U 99.9900 dB    V 99.9900 dB] [ET    11 ] [L0 ] [L1 ]
POC   65 TId: 0 ( I-SLICE, QP 26 )    2992256 bits [Y 99.9900 dB    U 99.9900 dB    V 99.9900 dB] [ET    11 ] [L0 ] [L1 ]
POC   66 TId: 0 ( I-SLICE, QP 26 )    2994424 bits [Y 99.9900 dB    U 99.9900 dB    V 99.9900 dB] [ET    11 ] [L0 ] [L1 ]
POC   67 TId: 0 ( I-SLICE, QP 26 )    3030432 bits [Y 99.9900 dB    U 99.9900 dB    V 99.9900 dB] [ET    11 ] [L0 ] [L1 ]
POC   68 TId: 0 ( I-SLICE, QP 26 )    3030088 bits [Y 99.9900 dB    U 99.9900 dB    V 99.9900 dB] [ET    11 ] [L0 ] [L1 ]
POC   69 TId: 0 ( I-SLICE, QP 26 )    3028896 bits [Y 99.9900 dB    U 99.9900 dB    V 99.9900 dB] [ET    11 ] [L0 ] [L1 ]
POC   70 TId: 0 ( I-SLICE, QP 26 )    3028856 bits [Y 99.9900 dB    U 99.9900 dB    V 99.9900 dB] [ET    11 ] [L0 ] [L1 ]
POC   71 TId: 0 ( I-SLICE, QP 26 )    3025312 bits [Y 99.9900 dB    U 99.9900 dB    V 99.9900 dB] [ET    11 ] [L0 ] [L1 ]
POC   72 TId: 0 ( I-SLICE, QP 26 )    3025856 bits [Y 99.9900 dB    U 99.9900 dB    V 99.9900 dB] [ET    11 ] [L0 ] [L1 ]
POC   73 TId: 0 ( I-SLICE, QP 26 )    3024992 bits [Y 99.9900 dB    U 99.9900 dB    V 99.9900 dB] [ET    11 ] [L0 ] [L1 ]
POC   74 TId: 0 ( I-SLICE, QP 26 )    3024984 bits [Y 99.9900 dB    U 99.9900 dB    V 99.9900 dB] [ET    11 ] [L0 ] [L1 ]
POC   75 TId: 0 ( I-SLICE, QP 26 )    3025160 bits [Y 99.9900 dB    U 99.9900 dB    V 99.9900 dB] [ET    11 ] [L0 ] [L1 ]
POC   76 TId: 0 ( I-SLICE, QP 26 )    3025624 bits [Y 99.9900 dB    U 99.9900 dB    V 99.9900 dB] [ET    11 ] [L0 ] [L1 ]
POC   77 TId: 0 ( I-SLICE, QP 26 )    3025704 bits [Y 99.9900 dB    U 99.9900 dB    V 99.9900 dB] [ET    11 ] [L0 ] [L1 ]
POC   78 TId: 0 ( I-SLICE, QP 26 )    3025920 bits [Y 99.9900 dB    U 99.9900 dB    V 99.9900 dB] [ET    11 ] [L0 ] [L1 ]
POC   79 TId: 0 ( I-SLICE, QP 26 )    3029848 bits [Y 99.9900 dB    U 99.9900 dB    V 99.9900 dB] [ET    11 ] [L0 ] [L1 ]
POC   80 TId: 0 ( I-SLICE, QP 26 )    3029376 bits [Y 99.9900 dB    U 99.9900 dB    V 99.9900 dB] [ET    11 ] [L0 ] [L1 ]
POC   81 TId: 0 ( I-SLICE, QP 26 )    3026264 bits [Y 99.9900 dB    U 99.9900 dB    V 99.9900 dB] [ET    11 ] [L0 ] [L1 ]
POC   82 TId: 0 ( I-SLICE, QP 26 )    3026160 bits [Y 99.9900 dB    U 99.9900 dB    V 99.9900 dB] [ET    11 ] [L0 ] [L1 ]
POC   83 TId: 0 ( I-SLICE, QP 26 )    3025664 bits [Y 99.9900 dB    U 99.9900 dB    V 99.9900 dB] [ET    11 ] [L0 ] [L1 ]
POC   84 TId: 0 ( I-SLICE, QP 26 )    3025712 bits [Y 99.9900 dB    U 99.9900 dB    V 99.9900 dB] [ET    11 ] [L0 ] [L1 ]
POC   85 TId: 0 ( I-SLICE, QP 26 )    3025392 bits [Y 99.9900 dB    U 99.9900 dB    V 99.9900 dB] [ET    11 ] [L0 ] [L1 ]
POC   86 TId: 0 ( I-SLICE, QP 26 )    3025536 bits [Y 99.9900 dB    U 99.9900 dB    V 99.9900 dB] [ET    11 ] [L0 ] [L1 ]
POC   87 TId: 0 ( I-SLICE, QP 26 )    3025264 bits [Y 99.9900 dB    U 99.9900 dB    V 99.9900 dB] [ET    11 ] [L0 ] [L1 ]
POC   88 TId: 0 ( I-SLICE, QP 26 )    3025096 bits [Y 99.9900 dB    U 99.9900 dB    V 99.9900 dB] [ET    11 ] [L0 ] [L1 ]
POC   89 TId: 0 ( I-SLICE, QP 26 )    3026480 bits [Y 99.9900 dB    U 99.9900 dB    V 99.9900 dB] [ET    11 ] [L0 ] [L1 ]
POC   90 TId: 0 ( I-SLICE, QP 26 )    3026744 bits [Y 99.9900 dB    U 99.9900 dB    V 99.9900 dB] [ET    11 ] [L0 ] [L1 ]
POC   91 TId: 0 ( I-SLICE, QP 26 )    3026616 bits [Y 99.9900 dB    U 99.9900 dB    V 99.9900 dB] [ET    11 ] [L0 ] [L1 ]
POC   92 TId: 0 ( I-SLICE, QP 26 )    3026488 bits [Y 99.9900 dB    U 99.9900 dB    V 99.9900 dB] [ET    11 ] [L0 ] [L1 ]
POC   93 TId: 0 ( I-SLICE, QP 26 )    3026472 bits [Y 99.9900 dB    U 99.9900 dB    V 99.9900 dB] [ET    11 ] [L0 ] [L1 ]
POC   94 TId: 0 ( I-SLICE, QP 26 )    3024864 bits [Y 99.9900 dB    U 99.9900 dB    V 99.9900 dB] [ET    11 ] [L0 ] [L1 ]
POC   95 TId: 0 ( I-SLICE, QP 26 )    3025288 bits [Y 99.9900 dB    U 99.9900 dB    V 99.9900 dB] [ET    11 ] [L0 ] [L1 ]
POC   96 TId: 0 ( I-SLICE, QP 26 )    3025152 bits [Y 99.9900 dB    U 99.9900 dB    V 99.9900 dB] [ET    11 ] [L0 ] [L1 ]
POC   97 TId: 0 ( I-SLICE, QP 26 )    3024976 bits [Y 99.9900 dB    U 99.9900 dB    V 99.9900 dB] [ET    11 ] [L0 ] [L1 ]
POC   98 TId: 0 ( I-SLICE, QP 26 )    3025032 bits [Y 99.9900 dB    U 99.9900 dB    V 99.9900 dB] [ET    11 ] [L0 ] [L1 ]
POC   99 TId: 0 ( I-SLICE, QP 26 )    3024720 bits [Y 99.9900 dB    U 99.9900 dB    V 99.9900 dB] [ET    11 ] [L0 ] [L1 ]
POC  100 TId: 0 ( I-SLICE, QP 26 )    3025136 bits [Y 99.9900 dB    U 99.9900 dB    V 99.9900 dB] [ET    11 ] [L0 ] [L1 ]
POC  101 TId: 0 ( I-SLICE, QP 26 )    3024816 bits [Y 99.9900 dB    U 99.9900 dB    V 99.9900 dB] [ET    11 ] [L0 ] [L1 ]
POC  102 TId: 0 ( I-SLICE, QP 26 )    3024960 bits [Y 99.9900 dB    U 99.9900 dB    V 99.9900 dB] [ET    11 ] [L0 ] [L1 ]
POC  103 TId: 0 ( I-SLICE, QP 26 )    3025424 bits [Y 99.9900 dB    U 99.9900 dB    V 99.9900 dB] [ET    11 ] [L0 ] [L1 ]
POC  104 TId: 0 ( I-SLICE, QP 26 )    3026792 bits [Y 99.9900 dB    U 99.9900 dB    V 99.9900 dB] [ET    11 ] [L0 ] [L1 ]
POC  105 TId: 0 ( I-SLICE, QP 26 )    3026664 bits [Y 99.9900 dB    U 99.9900 dB    V 99.9900 dB] [ET    11 ] [L0 ] [L1 ]
POC  106 TId: 0 ( I-SLICE, QP 26 )    3024792 bits [Y 99.9900 dB    U 99.9900 dB    V 99.9900 dB] [ET    11 ] [L0 ] [L1 ]
POC  107 TId: 0 ( I-SLICE, QP 26 )    3024976 bits [Y 99.9900 dB    U 99.9900 dB    V 99.9900 dB] [ET    11 ] [L0 ] [L1 ]
POC  108 TId: 0 ( I-SLICE, QP 26 )    3024896 bits [Y 99.9900 dB    U 99.9900 dB    V 99.9900 dB] [ET    11 ] [L0 ] [L1 ]
POC  109 TId: 0 ( I-SLICE, QP 26 )    3026464 bits [Y 99.9900 dB    U 99.9900 dB    V 99.9900 dB] [ET    11 ] [L0 ] [L1 ]
POC  110 TId: 0 ( I-SLICE, QP 26 )    3026536 bits [Y 99.9900 dB    U 99.9900 dB    V 99.9900 dB] [ET    11 ] [L0 ] [L1 ]
POC  111 TId: 0 ( I-SLICE, QP 26 )    3026304 bits [Y 99.9900 dB    U 99.9900 dB    V 99.9900 dB] [ET    11 ] [L0 ] [L1 ]
POC  112 TId: 0 ( I-SLICE, QP 26 )    3026432 bits [Y 99.9900 dB    U 99.9900 dB    V 99.9900 dB] [ET    11 ] [L0 ] [L1 ]
POC  113 TId: 0 ( I-SLICE, QP 26 )    3026424 bits [Y 99.9900 dB    U 99.9900 dB    V 99.9900 dB] [ET    11 ] [L0 ] [L1 ]
POC  114 TId: 0 ( I-SLICE, QP 26 )    3025048 bits [Y 99.9900 dB    U 99.9900 dB    V 99.9900 dB] [ET    11 ] [L0 ] [L1 ]
POC  115 TId: 0 ( I-SLICE, QP 26 )    3025048 bits [Y 99.9900 dB    U 99.9900 dB    V 99.9900 dB] [ET    11 ] [L0 ] [L1 ]
POC  116 TId: 0 ( I-SLICE, QP 26 )    3024944 bits [Y 99.9900 dB    U 99.9900 dB    V 99.9900 dB] [ET    11 ] [L0 ] [L1 ]
POC  117 TId: 0 ( I-SLICE, QP 26 )    3025032 bits [Y 99.9900 dB    U 99.9900 dB    V 99.9900 dB] [ET    11 ] [L0 ] [L1 ]
POC  118 TId: 0 ( I-SLICE, QP 26 )    3025032 bits [Y 99.9900 dB    U 99.9900 dB    V 99.9900 dB] [ET    11 ] [L0 ] [L1 ]
POC  119 TId: 0 ( I-SLICE, QP 26 )    3025032 bits [Y 99.9900 dB    U 99.9900 dB    V 99.9900 dB] [ET    11 ] [L0 ] [L1 ]
POC  120 TId: 0 ( I-SLICE, QP 26 )    3025080 bits [Y 99.9900 dB    U 99.9900 dB    V 99.9900 dB] [ET    11 ] [L0 ] [L1 ]
POC  121 TId: 0 ( I-SLICE, QP 26 )    3025056 bits [Y 99.9900 dB    U 99.9900 dB    V 99.9900 dB] [ET    11 ] [L0 ] [L1 ]
POC  122 TId: 0 ( I-SLICE, QP 26 )    3025064 bits [Y 99.9900 dB    U 99.9900 dB    V 99.9900 dB] [ET    11 ] [L0 ] [L1 ]
POC  123 TId: 0 ( I-SLICE, QP 26 )    3122168 bits [Y 99.9900 dB    U 99.9900 dB    V 99.9900 dB] [ET    11 ] [L0 ] [L1 ]
POC  124 TId: 0 ( I-SLICE, QP 26 )    3130232 bits [Y 99.9900 dB    U 99.9900 dB    V 99.9900 dB] [ET    11 ] [L0 ] [L1 ]
POC  125 TId: 0 ( I-SLICE, QP 26 )    3130584 bits [Y 99.9900 dB    U 99.9900 dB    V 99.9900 dB] [ET    11 ] [L0 ] [L1 ]
POC  126 TId: 0 ( I-SLICE, QP 26 )    3126912 bits [Y 99.9900 dB    U 99.9900 dB    V 99.9900 dB] [ET    11 ] [L0 ] [L1 ]
POC  127 TId: 0 ( I-SLICE, QP 26 )    3127808 bits [Y 99.9900 dB    U 99.9900 dB    V 99.9900 dB] [ET    11 ] [L0 ] [L1 ]
POC  128 TId: 0 ( I-SLICE, QP 26 )    3134208 bits [Y 99.9900 dB    U 99.9900 dB    V 99.9900 dB] [ET    11 ] [L0 ] [L1 ]
POC  129 TId: 0 ( I-SLICE, QP 26 )    3135712 bits [Y 99.9900 dB    U 99.9900 dB    V 99.9900 dB] [ET    11 ] [L0 ] [L1 ]
POC  130 TId: 0 ( I-SLICE, QP 26 )    3139680 bits [Y 99.9900 dB    U 99.9900 dB    V 99.9900 dB] [ET    11 ] [L0 ] [L1 ]
POC  131 TId: 0 ( I-SLICE, QP 26 )    3143456 bits [Y 99.9900 dB    U 99.9900 dB    V 99.9900 dB] [ET    11 ] [L0 ] [L1 ]
POC  132 TId: 0 ( I-SLICE, QP 26 )    3143032 bits [Y 99.9900 dB    U 99.9900 dB    V 99.9900 dB] [ET    11 ] [L0 ] [L1 ]
POC  133 TId: 0 ( I-SLICE, QP 26 )    3141144 bits [Y 99.9900 dB    U 99.9900 dB    V 99.9900 dB] [ET    11 ] [L0 ] [L1 ]
POC  134 TId: 0 ( I-SLICE, QP 26 )    3145120 bits [Y 99.9900 dB    U 99.9900 dB    V 99.9900 dB] [ET    11 ] [L0 ] [L1 ]
POC  135 TId: 0 ( I-SLICE, QP 26 )    3145736 bits [Y 99.9900 dB    U 99.9900 dB    V 99.9900 dB] [ET    11 ] [L0 ] [L1 ]
POC  136 TId: 0 ( I-SLICE, QP 26 )    3144288 bits [Y 99.9900 dB    U 99.9900 dB    V 99.9900 dB] [ET    11 ] [L0 ] [L1 ]
POC  137 TId: 0 ( I-SLICE, QP 26 )    3144464 bits [Y 99.9900 dB    U 99.9900 dB    V 99.9900 dB] [ET    11 ] [L0 ] [L1 ]
POC  138 TId: 0 ( I-SLICE, QP 26 )    3145528 bits [Y 99.9900 dB    U 99.9900 dB    V 99.9900 dB] [ET    11 ] [L0 ] [L1 ]
POC  139 TId: 0 ( I-SLICE, QP 26 )    3145688 bits [Y 99.9900 dB    U 99.9900 dB    V 99.9900 dB] [ET    11 ] [L0 ] [L1 ]
POC  140 TId: 0 ( I-SLICE, QP 26 )    3145064 bits [Y 99.9900 dB    U 99.9900 dB    V 99.9900 dB] [ET    11 ] [L0 ] [L1 ]
POC  141 TId: 0 ( I-SLICE, QP 26 )    3142456 bits [Y 99.9900 dB    U 99.9900 dB    V 99.9900 dB] [ET    11 ] [L0 ] [L1 ]
POC  142 TId: 0 ( I-SLICE, QP 26 )    3002256 bits [Y 99.9900 dB    U 99.9900 dB    V 99.9900 dB] [ET    11 ] [L0 ] [L1 ]
POC  143 TId: 0 ( I-SLICE, QP 26 )    3004656 bits [Y 99.9900 dB    U 99.9900 dB    V 99.9900 dB] [ET    11 ] [L0 ] [L1 ]
POC  144 TId: 0 ( I-SLICE, QP 26 )    3004544 bits [Y 99.9900 dB    U 99.9900 dB    V 99.9900 dB] [ET    11 ] [L0 ] [L1 ]
POC  145 TId: 0 ( I-SLICE, QP 26 )    3005968 bits [Y 99.9900 dB    U 99.9900 dB    V 99.9900 dB] [ET    11 ] [L0 ] [L1 ]
POC  146 TId: 0 ( I-SLICE, QP 26 )    3007424 bits [Y 99.9900 dB    U 99.9900 dB    V 99.9900 dB] [ET    11 ] [L0 ] [L1 ]
POC  147 TId: 0 ( I-SLICE, QP 26 )    3007576 bits [Y 99.9900 dB    U 99.9900 dB    V 99.9900 dB] [ET    11 ] [L0 ] [L1 ]
POC  148 TId: 0 ( I-SLICE, QP 26 )    3005392 bits [Y 99.9900 dB    U 99.9900 dB    V 99.9900 dB] [ET    11 ] [L0 ] [L1 ]
POC  149 TId: 0 ( I-SLICE, QP 26 )    3005504 bits [Y 99.9900 dB    U 99.9900 dB    V 99.9900 dB] [ET    11 ] [L0 ] [L1 ]
POC  150 TId: 0 ( I-SLICE, QP 26 )    3005400 bits [Y 99.9900 dB    U 99.9900 dB    V 99.9900 dB] [ET    11 ] [L0 ] [L1 ]
POC  151 TId: 0 ( I-SLICE, QP 26 )    3003944 bits [Y 99.9900 dB    U 99.9900 dB    V 99.9900 dB] [ET    11 ] [L0 ] [L1 ]
POC  152 TId: 0 ( I-SLICE, QP 26 )    3003976 bits [Y 99.9900 dB    U 99.9900 dB    V 99.9900 dB] [ET    11 ] [L0 ] [L1 ]
POC  153 TId: 0 ( I-SLICE, QP 26 )    3006912 bits [Y 99.9900 dB    U 99.9900 dB    V 99.9900 dB] [ET    11 ] [L0 ] [L1 ]
POC  154 TId: 0 ( I-SLICE, QP 26 )    3006880 bits [Y 99.9900 dB    U 99.9900 dB    V 99.9900 dB] [ET    11 ] [L0 ] [L1 ]
POC  155 TId: 0 ( I-SLICE, QP 26 )    3012504 bits [Y 99.9900 dB    U 99.9900 dB    V 99.9900 dB] [ET    11 ] [L0 ] [L1 ]
POC  156 TId: 0 ( I-SLICE, QP 26 )    3011200 bits [Y 99.9900 dB    U 99.9900 dB    V 99.9900 dB] [ET    11 ] [L0 ] [L1 ]
POC  157 TId: 0 ( I-SLICE, QP 26 )    3011152 bits [Y 99.9900 dB    U 99.9900 dB    V 99.9900 dB] [ET    11 ] [L0 ] [L1 ]
POC  158 TId: 0 ( I-SLICE, QP 26 )    3008936 bits [Y 99.9900 dB    U 99.9900 dB    V 99.9900 dB] [ET    11 ] [L0 ] [L1 ]
POC  159 TId: 0 ( I-SLICE, QP 26 )    2777752 bits [Y 99.9900 dB    U 99.9900 dB    V 99.9900 dB] [ET    11 ] [L0 ] [L1 ]
POC  160 TId: 0 ( I-SLICE, QP 26 )    2777680 bits [Y 99.9900 dB    U 99.9900 dB    V 99.9900 dB] [ET    11 ] [L0 ] [L1 ]
POC  161 TId: 0 ( I-SLICE, QP 26 )    2715368 bits [Y 99.9900 dB    U 99.9900 dB    V 99.9900 dB] [ET    11 ] [L0 ] [L1 ]
POC  162 TId: 0 ( I-SLICE, QP 26 )    2715360 bits [Y 99.9900 dB    U 99.9900 dB    V 99.9900 dB] [ET    11 ] [L0 ] [L1 ]
POC  163 TId: 0 ( I-SLICE, QP 26 )    2714496 bits [Y 99.9900 dB    U 99.9900 dB    V 99.9900 dB] [ET    11 ] [L0 ] [L1 ]
POC  164 TId: 0 ( I-SLICE, QP 26 )    2714488 bits [Y 99.9900 dB    U 99.9900 dB    V 99.9900 dB] [ET    11 ] [L0 ] [L1 ]
POC  165 TId: 0 ( I-SLICE, QP 26 )    2714568 bits [Y 99.9900 dB    U 99.9900 dB    V 99.9900 dB] [ET    11 ] [L0 ] [L1 ]
POC  166 TId: 0 ( I-SLICE, QP 26 )    2714816 bits [Y 99.9900 dB    U 99.9900 dB    V 99.9900 dB] [ET    11 ] [L0 ] [L1 ]
POC  167 TId: 0 ( I-SLICE, QP 26 )    2714808 bits [Y 99.9900 dB    U 99.9900 dB    V 99.9900 dB] [ET    11 ] [L0 ] [L1 ]
POC  168 TId: 0 ( I-SLICE, QP 26 )    2717440 bits [Y 99.9900 dB    U 99.9900 dB    V 99.9900 dB] [ET    11 ] [L0 ] [L1 ]
POC  169 TId: 0 ( I-SLICE, QP 26 )    2717440 bits [Y 99.9900 dB    U 99.9900 dB    V 99.9900 dB] [ET    11 ] [L0 ] [L1 ]
POC  170 TId: 0 ( I-SLICE, QP 26 )    2716536 bits [Y 99.9900 dB    U 99.9900 dB    V 99.9900 dB] [ET    11 ] [L0 ] [L1 ]
POC  171 TId: 0 ( I-SLICE, QP 26 )    2716984 bits [Y 99.9900 dB    U 99.9900 dB    V 99.9900 dB] [ET    11 ] [L0 ] [L1 ]
POC  172 TId: 0 ( I-SLICE, QP 26 )    2718488 bits [Y 99.9900 dB    U 99.9900 dB    V 99.9900 dB] [ET    11 ] [L0 ] [L1 ]
POC  173 TId: 0 ( I-SLICE, QP 26 )    2718920 bits [Y 99.9900 dB    U 99.9900 dB    V 99.9900 dB] [ET    11 ] [L0 ] [L1 ]
POC  174 TId: 0 ( I-SLICE, QP 26 )    2719216 bits [Y 99.9900 dB    U 99.9900 dB    V 99.9900 dB] [ET    11 ] [L0 ] [L1 ]
POC  175 TId: 0 ( I-SLICE, QP 26 )    2717152 bits [Y 99.9900 dB    U 99.9900 dB    V 99.9900 dB] [ET    11 ] [L0 ] [L1 ]
POC  176 TId: 0 ( I-SLICE, QP 26 )    2718040 bits [Y 99.9900 dB    U 99.9900 dB    V 99.9900 dB] [ET    11 ] [L0 ] [L1 ]
POC  177 TId: 0 ( I-SLICE, QP 26 )    2717528 bits [Y 99.9900 dB    U 99.9900 dB    V 99.9900 dB] [ET    11 ] [L0 ] [L1 ]
POC  178 TId: 0 ( I-SLICE, QP 26 )    2718504 bits [Y 99.9900 dB    U 99.9900 dB    V 99.9900 dB] [ET    11 ] [L0 ] [L1 ]
POC  179 TId: 0 ( I-SLICE, QP 26 )    2718328 bits [Y 99.9900 dB    U 99.9900 dB    V 99.9900 dB] [ET    11 ] [L0 ] [L1 ]
POC  180 TId: 0 ( I-SLICE, QP 26 )    2718168 bits [Y 99.9900 dB    U 99.9900 dB    V 99.9900 dB] [ET    11 ] [L0 ] [L1 ]
POC  181 TId: 0 ( I-SLICE, QP 26 )    2721968 bits [Y 99.9900 dB    U 99.9900 dB    V 99.9900 dB] [ET    11 ] [L0 ] [L1 ]
POC  182 TId: 0 ( I-SLICE, QP 26 )    2721872 bits [Y 99.9900 dB    U 99.9900 dB    V 99.9900 dB] [ET    11 ] [L0 ] [L1 ]
POC  183 TId: 0 ( I-SLICE, QP 26 )    2718272 bits [Y 99.9900 dB    U 99.9900 dB    V 99.9900 dB] [ET    11 ] [L0 ] [L1 ]
POC  184 TId: 0 ( I-SLICE, QP 26 )    2718152 bits [Y 99.9900 dB    U 99.9900 dB    V 99.9900 dB] [ET    11 ] [L0 ] [L1 ]
POC  185 TId: 0 ( I-SLICE, QP 26 )    2718400 bits [Y 99.9900 dB    U 99.9900 dB    V 99.9900 dB] [ET    11 ] [L0 ] [L1 ]
POC  186 TId: 0 ( I-SLICE, QP 26 )    2718408 bits [Y 99.9900 dB    U 99.9900 dB    V 99.9900 dB] [ET    11 ] [L0 ] [L1 ]
POC  187 TId: 0 ( I-SLICE, QP 26 )    2719080 bits [Y 99.9900 dB    U 99.9900 dB    V 99.9900 dB] [ET    11 ] [L0 ] [L1 ]
POC  188 TId: 0 ( I-SLICE, QP 26 )    2721832 bits [Y 99.9900 dB    U 99.9900 dB    V 99.9900 dB] [ET    11 ] [L0 ] [L1 ]
POC  189 TId: 0 ( I-SLICE, QP 26 )    2721680 bits [Y 99.9900 dB    U 99.9900 dB    V 99.9900 dB] [ET    11 ] [L0 ] [L1 ]
POC  190 TId: 0 ( I-SLICE, QP 26 )    2721728 bits [Y 99.9900 dB    U 99.9900 dB    V 99.9900 dB] [ET    11 ] [L0 ] [L1 ]
POC  191 TId: 0 ( I-SLICE, QP 26 )    2719240 bits [Y 99.9900 dB    U 99.9900 dB    V 99.9900 dB] [ET    11 ] [L0 ] [L1 ]
POC  192 TId: 0 ( I-SLICE, QP 26 )    2718912 bits [Y 99.9900 dB    U 99.9900 dB    V 99.9900 dB] [ET    11 ] [L0 ] [L1 ]
POC  193 TId: 0 ( I-SLICE, QP 26 )    2737736 bits [Y 99.9900 dB    U 99.9900 dB    V 99.9900 dB] [ET    11 ] [L0 ] [L1 ]
POC  194 TId: 0 ( I-SLICE, QP 26 )    2737624 bits [Y 99.9900 dB    U 99.9900 dB    V 99.9900 dB] [ET    11 ] [L0 ] [L1 ]
POC  195 TId: 0 ( I-SLICE, QP 26 )    2738512 bits [Y 99.9900 dB    U 99.9900 dB    V 99.9900 dB] [ET    11 ] [L0 ] [L1 ]
POC  196 TId: 0 ( I-SLICE, QP 26 )    2738232 bits [Y 99.9900 dB    U 99.9900 dB    V 99.9900 dB] [ET    11 ] [L0 ] [L1 ]
POC  197 TId: 0 ( I-SLICE, QP 26 )    2737528 bits [Y 99.9900 dB    U 99.9900 dB    V 99.9900 dB] [ET    11 ] [L0 ] [L1 ]
POC  198 TId: 0 ( I-SLICE, QP 26 )    2738312 bits [Y 99.9900 dB    U 99.9900 dB    V 99.9900 dB] [ET    11 ] [L0 ] [L1 ]
POC  199 TId: 0 ( I-SLICE, QP 26 )    2741192 bits [Y 99.9900 dB    U 99.9900 dB    V 99.9900 dB] [ET    11 ] [L0 ] [L1 ]
POC  200 TId: 0 ( I-SLICE, QP 26 )    2737208 bits [Y 99.9900 dB    U 99.9900 dB    V 99.9900 dB] [ET    11 ] [L0 ] [L1 ]
POC  201 TId: 0 ( I-SLICE, QP 26 )    2742832 bits [Y 99.9900 dB    U 99.9900 dB    V 99.9900 dB] [ET    11 ] [L0 ] [L1 ]
POC  202 TId: 0 ( I-SLICE, QP 26 )    2742728 bits [Y 99.9900 dB    U 99.9900 dB    V 99.9900 dB] [ET    11 ] [L0 ] [L1 ]
POC  203 TId: 0 ( I-SLICE, QP 26 )    2744256 bits [Y 99.9900 dB    U 99.9900 dB    V 99.9900 dB] [ET    11 ] [L0 ] [L1 ]
POC  204 TId: 0 ( I-SLICE, QP 26 )    2744048 bits [Y 99.9900 dB    U 99.9900 dB    V 99.9900 dB] [ET    11 ] [L0 ] [L1 ]
POC  205 TId: 0 ( I-SLICE, QP 26 )    2744864 bits [Y 99.9900 dB    U 99.9900 dB    V 99.9900 dB] [ET    11 ] [L0 ] [L1 ]
POC  206 TId: 0 ( I-SLICE, QP 26 )    2748472 bits [Y 99.9900 dB    U 99.9900 dB    V 99.9900 dB] [ET    11 ] [L0 ] [L1 ]
POC  207 TId: 0 ( I-SLICE, QP 26 )    2748344 bits [Y 99.9900 dB    U 99.9900 dB    V 99.9900 dB] [ET    11 ] [L0 ] [L1 ]
POC  208 TId: 0 ( I-SLICE, QP 26 )    2746472 bits [Y 99.9900 dB    U 99.9900 dB    V 99.9900 dB] [ET    11 ] [L0 ] [L1 ]
POC  209 TId: 0 ( I-SLICE, QP 26 )    2746472 bits [Y 99.9900 dB    U 99.9900 dB    V 99.9900 dB] [ET    11 ] [L0 ] [L1 ]
POC  210 TId: 0 ( I-SLICE, QP 26 )    2746472 bits [Y 99.9900 dB    U 99.9900 dB    V 99.9900 dB] [ET    11 ] [L0 ] [L1 ]
POC  211 TId: 0 ( I-SLICE, QP 26 )    2746288 bits [Y 99.9900 dB    U 99.9900 dB    V 99.9900 dB] [ET    11 ] [L0 ] [L1 ]
POC  212 TId: 0 ( I-SLICE, QP 26 )    2746288 bits [Y 99.9900 dB    U 99.9900 dB    V 99.9900 dB] [ET    11 ] [L0 ] [L1 ]
POC  213 TId: 0 ( I-SLICE, QP 26 )    2744776 bits [Y 99.9900 dB    U 99.9900 dB    V 99.9900 dB] [ET    11 ] [L0 ] [L1 ]
POC  214 TId: 0 ( I-SLICE, QP 26 )    2744776 bits [Y 99.9900 dB    U 99.9900 dB    V 99.9900 dB] [ET    11 ] [L0 ] [L1 ]
POC  215 TId: 0 ( I-SLICE, QP 26 )    2744776 bits [Y 99.9900 dB    U 99.9900 dB    V 99.9900 dB] [ET    11 ] [L0 ] [L1 ]
POC  216 TId: 0 ( I-SLICE, QP 26 )    2745816 bits [Y 99.9900 dB    U 99.9900 dB    V 99.9900 dB] [ET    11 ] [L0 ] [L1 ]
POC  217 TId: 0 ( I-SLICE, QP 26 )    2746616 bits [Y 99.9900 dB    U 99.9900 dB    V 99.9900 dB] [ET    11 ] [L0 ] [L1 ]
POC  218 TId: 0 ( I-SLICE, QP 26 )    2741696 bits [Y 99.9900 dB    U 99.9900 dB    V 99.9900 dB] [ET    11 ] [L0 ] [L1 ]
POC  219 TId: 0 ( I-SLICE, QP 26 )    2741752 bits [Y 99.9900 dB    U 99.9900 dB    V 99.9900 dB] [ET    11 ] [L0 ] [L1 ]
POC  220 TId: 0 ( I-SLICE, QP 26 )    2741984 bits [Y 99.9900 dB    U 99.9900 dB    V 99.9900 dB] [ET    11 ] [L0 ] [L1 ]
POC  221 TId: 0 ( I-SLICE, QP 26 )    2744584 bits [Y 99.9900 dB    U 99.9900 dB    V 99.9900 dB] [ET    11 ] [L0 ] [L1 ]
POC  222 TId: 0 ( I-SLICE, QP 26 )    2746128 bits [Y 99.9900 dB    U 99.9900 dB    V 99.9900 dB] [ET    11 ] [L0 ] [L1 ]
POC  223 TId: 0 ( I-SLICE, QP 26 )    2743072 bits [Y 99.9900 dB    U 99.9900 dB    V 99.9900 dB] [ET    11 ] [L0 ] [L1 ]
POC  224 TId: 0 ( I-SLICE, QP 26 )    2745704 bits [Y 99.9900 dB    U 99.9900 dB    V 99.9900 dB] [ET    11 ] [L0 ] [L1 ]
POC  225 TId: 0 ( I-SLICE, QP 26 )    2750112 bits [Y 99.9900 dB    U 99.9900 dB    V 99.9900 dB] [ET    11 ] [L0 ] [L1 ]
POC  226 TId: 0 ( I-SLICE, QP 26 )    2744800 bits [Y 99.9900 dB    U 99.9900 dB    V 99.9900 dB] [ET    11 ] [L0 ] [L1 ]
POC  227 TId: 0 ( I-SLICE, QP 26 )    2744976 bits [Y 99.9900 dB    U 99.9900 dB    V 99.9900 dB] [ET    11 ] [L0 ] [L1 ]
POC  228 TId: 0 ( I-SLICE, QP 26 )    2745512 bits [Y 99.9900 dB    U 99.9900 dB    V 99.9900 dB] [ET    10 ] [L0 ] [L1 ]
POC  229 TId: 0 ( I-SLICE, QP 26 )    2745480 bits [Y 99.9900 dB    U 99.9900 dB    V 99.9900 dB] [ET    11 ] [L0 ] [L1 ]
POC  230 TId: 0 ( I-SLICE, QP 26 )    2745184 bits [Y 99.9900 dB    U 99.9900 dB    V 99.9900 dB] [ET    11 ] [L0 ] [L1 ]
POC  231 TId: 0 ( I-SLICE, QP 26 )    2745072 bits [Y 99.9900 dB    U 99.9900 dB    V 99.9900 dB] [ET    11 ] [L0 ] [L1 ]
POC  232 TId: 0 ( I-SLICE, QP 26 )    2746408 bits [Y 99.9900 dB    U 99.9900 dB    V 99.9900 dB] [ET    11 ] [L0 ] [L1 ]
POC  233 TId: 0 ( I-SLICE, QP 26 )    2745560 bits [Y 99.9900 dB    U 99.9900 dB    V 99.9900 dB] [ET    11 ] [L0 ] [L1 ]
POC  234 TId: 0 ( I-SLICE, QP 26 )    2745168 bits [Y 99.9900 dB    U 99.9900 dB    V 99.9900 dB] [ET    11 ] [L0 ] [L1 ]
POC  235 TId: 0 ( I-SLICE, QP 26 )    2745512 bits [Y 99.9900 dB    U 99.9900 dB    V 99.9900 dB] [ET    11 ] [L0 ] [L1 ]
POC  236 TId: 0 ( I-SLICE, QP 26 )    2746488 bits [Y 99.9900 dB    U 99.9900 dB    V 99.9900 dB] [ET    11 ] [L0 ] [L1 ]
POC  237 TId: 0 ( I-SLICE, QP 26 )    2746472 bits [Y 99.9900 dB    U 99.9900 dB    V 99.9900 dB] [ET    11 ] [L0 ] [L1 ]
POC  238 TId: 0 ( I-SLICE, QP 26 )    2747544 bits [Y 99.9900 dB    U 99.9900 dB    V 99.9900 dB] [ET    11 ] [L0 ] [L1 ]
POC  239 TId: 0 ( I-SLICE, QP 26 )    2746864 bits [Y 99.9900 dB    U 99.9900 dB    V 99.9900 dB] [ET    11 ] [L0 ] [L1 ]
POC  240 TId: 0 ( I-SLICE, QP 26 )    2747400 bits [Y 99.9900 dB    U 99.9900 dB    V 99.9900 dB] [ET    11 ] [L0 ] [L1 ]
POC  241 TId: 0 ( I-SLICE, QP 26 )    2744840 bits [Y 99.9900 dB    U 99.9900 dB    V 99.9900 dB] [ET    11 ] [L0 ] [L1 ]
POC  242 TId: 0 ( I-SLICE, QP 26 )    2744760 bits [Y 99.9900 dB    U 99.9900 dB    V 99.9900 dB] [ET    11 ] [L0 ] [L1 ]
POC  243 TId: 0 ( I-SLICE, QP 26 )    2744864 bits [Y 99.9900 dB    U 99.9900 dB    V 99.9900 dB] [ET    11 ] [L0 ] [L1 ]
POC  244 TId: 0 ( I-SLICE, QP 26 )    2743216 bits [Y 99.9900 dB    U 99.9900 dB    V 99.9900 dB] [ET    11 ] [L0 ] [L1 ]
POC  245 TId: 0 ( I-SLICE, QP 26 )    2743136 bits [Y 99.9900 dB    U 99.9900 dB    V 99.9900 dB] [ET    11 ] [L0 ] [L1 ]
POC  246 TId: 0 ( I-SLICE, QP 26 )    2743312 bits [Y 99.9900 dB    U 99.9900 dB    V 99.9900 dB] [ET    11 ] [L0 ] [L1 ]
POC  247 TId: 0 ( I-SLICE, QP 26 )    2743360 bits [Y 99.9900 dB    U 99.9900 dB    V 99.9900 dB] [ET    11 ] [L0 ] [L1 ]
POC  248 TId: 0 ( I-SLICE, QP 26 )    2744448 bits [Y 99.9900 dB    U 99.9900 dB    V 99.9900 dB] [ET    11 ] [L0 ] [L1 ]
POC  249 TId: 0 ( I-SLICE, QP 26 )    2745136 bits [Y 99.9900 dB    U 99.9900 dB    V 99.9900 dB] [ET    11 ] [L0 ] [L1 ]
POC  250 TId: 0 ( I-SLICE, QP 26 )    2726904 bits [Y 99.9900 dB    U 99.9900 dB    V 99.9900 dB] [ET    11 ] [L0 ] [L1 ]
POC  251 TId: 0 ( I-SLICE, QP 26 )    2724152 bits [Y 99.9900 dB    U 99.9900 dB    V 99.9900 dB] [ET    11 ] [L0 ] [L1 ]
POC  252 TId: 0 ( I-SLICE, QP 26 )    2729960 bits [Y 99.9900 dB    U 99.9900 dB    V 99.9900 dB] [ET    11 ] [L0 ] [L1 ]
POC  253 TId: 0 ( I-SLICE, QP 26 )    2724744 bits [Y 99.9900 dB    U 99.9900 dB    V 99.9900 dB] [ET    11 ] [L0 ] [L1 ]
POC  254 TId: 0 ( I-SLICE, QP 26 )    2724712 bits [Y 99.9900 dB    U 99.9900 dB    V 99.9900 dB] [ET    11 ] [L0 ] [L1 ]
POC  255 TId: 0 ( I-SLICE, QP 26 )    2725528 bits [Y 99.9900 dB    U 99.9900 dB    V 99.9900 dB] [ET    11 ] [L0 ] [L1 ]
POC  256 TId: 0 ( I-SLICE, QP 26 )    2725936 bits [Y 99.9900 dB    U 99.9900 dB    V 99.9900 dB] [ET    11 ] [L0 ] [L1 ]
POC  257 TId: 0 ( I-SLICE, QP 26 )    2723984 bits [Y 99.9900 dB    U 99.9900 dB    V 99.9900 dB] [ET    11 ] [L0 ] [L1 ]
POC  258 TId: 0 ( I-SLICE, QP 26 )    2724904 bits [Y 99.9900 dB    U 99.9900 dB    V 99.9900 dB] [ET    11 ] [L0 ] [L1 ]
POC  259 TId: 0 ( I-SLICE, QP 26 )    2724632 bits [Y 99.9900 dB    U 99.9900 dB    V 99.9900 dB] [ET    11 ] [L0 ] [L1 ]
POC  260 TId: 0 ( I-SLICE, QP 26 )    2725328 bits [Y 99.9900 dB    U 99.9900 dB    V 99.9900 dB] [ET    11 ] [L0 ] [L1 ]
POC  261 TId: 0 ( I-SLICE, QP 26 )    2727808 bits [Y 99.9900 dB    U 99.9900 dB    V 99.9900 dB] [ET    11 ] [L0 ] [L1 ]
POC  262 TId: 0 ( I-SLICE, QP 26 )    2727632 bits [Y 99.9900 dB    U 99.9900 dB    V 99.9900 dB] [ET    11 ] [L0 ] [L1 ]
POC  263 TId: 0 ( I-SLICE, QP 26 )    2727376 bits [Y 99.9900 dB    U 99.9900 dB    V 99.9900 dB] [ET    11 ] [L0 ] [L1 ]
POC  264 TId: 0 ( I-SLICE, QP 26 )    2727504 bits [Y 99.9900 dB    U 99.9900 dB    V 99.9900 dB] [ET    11 ] [L0 ] [L1 ]
POC  265 TId: 0 ( I-SLICE, QP 26 )    2727552 bits [Y 99.9900 dB    U 99.9900 dB    V 99.9900 dB] [ET    11 ] [L0 ] [L1 ]
POC  266 TId: 0 ( I-SLICE, QP 26 )    2719344 bits [Y 99.9900 dB    U 99.9900 dB    V 99.9900 dB] [ET    11 ] [L0 ] [L1 ]
POC  267 TId: 0 ( I-SLICE, QP 26 )    2719344 bits [Y 99.9900 dB    U 99.9900 dB    V 99.9900 dB] [ET    11 ] [L0 ] [L1 ]
POC  268 TId: 0 ( I-SLICE, QP 26 )    2718952 bits [Y 99.9900 dB    U 99.9900 dB    V 99.9900 dB] [ET    11 ] [L0 ] [L1 ]
POC  269 TId: 0 ( I-SLICE, QP 26 )    2718264 bits [Y 99.9900 dB    U 99.9900 dB    V 99.9900 dB] [ET    11 ] [L0 ] [L1 ]
POC  270 TId: 0 ( I-SLICE, QP 26 )    2718248 bits [Y 99.9900 dB    U 99.9900 dB    V 99.9900 dB] [ET    11 ] [L0 ] [L1 ]
POC  271 TId: 0 ( I-SLICE, QP 26 )    2718176 bits [Y 99.9900 dB    U 99.9900 dB    V 99.9900 dB] [ET    11 ] [L0 ] [L1 ]
POC  272 TId: 0 ( I-SLICE, QP 26 )    2718112 bits [Y 99.9900 dB    U 99.9900 dB    V 99.9900 dB] [ET    11 ] [L0 ] [L1 ]
POC  273 TId: 0 ( I-SLICE, QP 26 )    2727360 bits [Y 99.9900 dB    U 99.9900 dB    V 99.9900 dB] [ET    11 ] [L0 ] [L1 ]
POC  274 TId: 0 ( I-SLICE, QP 26 )    2727264 bits [Y 99.9900 dB    U 99.9900 dB    V 99.9900 dB] [ET    11 ] [L0 ] [L1 ]
POC  275 TId: 0 ( I-SLICE, QP 26 )    2727384 bits [Y 99.9900 dB    U 99.9900 dB    V 99.9900 dB] [ET    11 ] [L0 ] [L1 ]
POC  276 TId: 0 ( I-SLICE, QP 26 )    2717576 bits [Y 99.9900 dB    U 99.9900 dB    V 99.9900 dB] [ET    11 ] [L0 ] [L1 ]
POC  277 TId: 0 ( I-SLICE, QP 26 )    2717672 bits [Y 99.9900 dB    U 99.9900 dB    V 99.9900 dB] [ET    11 ] [L0 ] [L1 ]
POC  278 TId: 0 ( I-SLICE, QP 26 )    2717768 bits [Y 99.9900 dB    U 99.9900 dB    V 99.9900 dB] [ET    11 ] [L0 ] [L1 ]
POC  279 TId: 0 ( I-SLICE, QP 26 )    2717592 bits [Y 99.9900 dB    U 99.9900 dB    V 99.9900 dB] [ET    11 ] [L0 ] [L1 ]
POC  280 TId: 0 ( I-SLICE, QP 26 )    2717608 bits [Y 99.9900 dB    U 99.9900 dB    V 99.9900 dB] [ET    11 ] [L0 ] [L1 ]
POC  281 TId: 0 ( I-SLICE, QP 26 )    2717824 bits [Y 99.9900 dB    U 99.9900 dB    V 99.9900 dB] [ET    11 ] [L0 ] [L1 ]
POC  282 TId: 0 ( I-SLICE, QP 26 )    2717440 bits [Y 99.9900 dB    U 99.9900 dB    V 99.9900 dB] [ET    11 ] [L0 ] [L1 ]
POC  283 TId: 0 ( I-SLICE, QP 26 )    2717656 bits [Y 99.9900 dB    U 99.9900 dB    V 99.9900 dB] [ET    11 ] [L0 ] [L1 ]
POC  284 TId: 0 ( I-SLICE, QP 26 )    2780760 bits [Y 99.9900 dB    U 99.9900 dB    V 99.9900 dB] [ET    10 ] [L0 ] [L1 ]
POC  285 TId: 0 ( I-SLICE, QP 26 )    2779008 bits [Y 99.9900 dB    U 99.9900 dB    V 99.9900 dB] [ET    10 ] [L0 ] [L1 ]
POC  286 TId: 0 ( I-SLICE, QP 26 )    2943672 bits [Y 99.9900 dB    U 99.9900 dB    V 99.9900 dB] [ET    11 ] [L0 ] [L1 ]
POC  287 TId: 0 ( I-SLICE, QP 26 )    2943448 bits [Y 99.9900 dB    U 99.9900 dB    V 99.9900 dB] [ET    11 ] [L0 ] [L1 ]
POC  288 TId: 0 ( I-SLICE, QP 26 )    2945920 bits [Y 99.9900 dB    U 99.9900 dB    V 99.9900 dB] [ET    11 ] [L0 ] [L1 ]
POC  289 TId: 0 ( I-SLICE, QP 26 )    2946144 bits [Y 99.9900 dB    U 99.9900 dB    V 99.9900 dB] [ET    11 ] [L0 ] [L1 ]
POC  290 TId: 0 ( I-SLICE, QP 26 )    2954112 bits [Y 99.9900 dB    U 99.9900 dB    V 99.9900 dB] [ET    11 ] [L0 ] [L1 ]
POC  291 TId: 0 ( I-SLICE, QP 26 )    2954160 bits [Y 99.9900 dB    U 99.9900 dB    V 99.9900 dB] [ET    11 ] [L0 ] [L1 ]
POC  292 TId: 0 ( I-SLICE, QP 26 )    2953272 bits [Y 99.9900 dB    U 99.9900 dB    V 99.9900 dB] [ET    11 ] [L0 ] [L1 ]
POC  293 TId: 0 ( I-SLICE, QP 26 )    2954072 bits [Y 99.9900 dB    U 99.9900 dB    V 99.9900 dB] [ET    11 ] [L0 ] [L1 ]
POC  294 TId: 0 ( I-SLICE, QP 26 )    2958272 bits [Y 99.9900 dB    U 99.9900 dB    V 99.9900 dB] [ET    11 ] [L0 ] [L1 ]
POC  295 TId: 0 ( I-SLICE, QP 26 )    2959328 bits [Y 99.9900 dB    U 99.9900 dB    V 99.9900 dB] [ET    11 ] [L0 ] [L1 ]
POC  296 TId: 0 ( I-SLICE, QP 26 )    2959000 bits [Y 99.9900 dB    U 99.9900 dB    V 99.9900 dB] [ET    11 ] [L0 ] [L1 ]
POC  297 TId: 0 ( I-SLICE, QP 26 )    2958344 bits [Y 99.9900 dB    U 99.9900 dB    V 99.9900 dB] [ET    11 ] [L0 ] [L1 ]
POC  298 TId: 0 ( I-SLICE, QP 26 )    2958480 bits [Y 99.9900 dB    U 99.9900 dB    V 99.9900 dB] [ET    11 ] [L0 ] [L1 ]
POC  299 TId: 0 ( I-SLICE, QP 26 )    2955336 bits [Y 99.9900 dB    U 99.9900 dB    V 99.9900 dB] [ET    11 ] [L0 ] [L1 ]


SUMMARY --------------------------------------------------------
	Total Frames |  Bitrate    Y-PSNR    U-PSNR    V-PSNR 
	      300    a  86873.2640   99.9900   99.9900   99.9900


I Slices--------------------------------------------------------
	Total Frames |  Bitrate    Y-PSNR    U-PSNR    V-PSNR 
	      300    i  86873.2640   99.9900   99.9900   99.9900


P Slices--------------------------------------------------------
	Total Frames |  Bitrate    Y-PSNR    U-PSNR    V-PSNR 
	        0    p        -nan      -nan      -nan      -nan


B Slices--------------------------------------------------------
	Total Frames |  Bitrate    Y-PSNR    U-PSNR    V-PSNR 
	        0    b        -nan      -nan      -nan      -nan

RVM: 0.000
Bytes written to file: 108592791 (86874.233 kbps)

 Total Time:     3280.328 sec.
