
HM software: Encoder Version [15.0][Linux][GCC 4.8.5][64 bit] 

Input          File          : ../../HEVC_test_sequence/ClassA/PeopleOnStreet_2560x1600_30_crop.yuv
Bitstream      File          : PeopleOnStreet.bin
Reconstruction File          : PeopleOnStreet.yuv
Real     Format              : 2560x1600 30Hz
Internal Format              : 2560x1600 30Hz
Frame/Field                  : Frame based coding
Frame index                  : 0 - 9 (10 frames)
CU size / depth              : 32 / 3
RQT trans. size (min / max)  : 4 / 32
Max RQT depth inter          : 3
Max RQT depth intra          : 1
Min PCM size                 : 8
Motion search range          : 64
Intra period                 : 1
Decoding refresh type        : 0
QP                           : 26.00
Max dQP signaling depth      : 0
Cb QP Offset                 : 0
Cr QP Offset                 : 0
QP adaptation                : 0 (range=0)
GOP size                     : 1
Internal bit depth           : (Y:8, C:8)
PCM sample bit depth         : (Y:8, C:8)
RateControl                  : 0
Max Num Merge Candidates     : 5

TOOL CFG: IBD:0 HAD:0 RDQ:0 RDQTS:0 RDpenalty:0 SQP:0 ASR:0 FEN:0 ECU:0 FDM:0 CFM:0 ESD:0 RQT:1 TransformSkip:0 TransformSkipFast:0 Slice: M=0 SliceSegment: M=0 CIP:0 SAO:0 PCM:0 TransQuantBypassEnabled: =1 WPP:0 WPB:0 PME:2  WaveFrontSynchro:0 WaveFrontSubstreams:1 ScalingList:0 TMVPMode:1  SignBitHidingFlag:1 RecalQP:0

***    VPS numBytesInNALunit: 24
***    SPS numBytesInNALunit: 31
***    PPS numBytesInNALunit: 7
*** IDR_W_RADL numBytesInNALunit: 333754
POC    0 TId: 0 ( I-SLICE, QP 26 )    2670528 bits [Y 99.9900 dB    U 99.9900 dB    V 99.9900 dB] [ET 67.39 ] [L0 ] [L1 ]
*** TRAIL_R numBytesInNALunit: 333732
POC    1 TId: 0 ( I-SLICE, QP 26 )    2669856 bits [Y 99.9900 dB    U 99.9900 dB    V 99.9900 dB] [ET 68.12 ] [L0 ] [L1 ]
*** TRAIL_R numBytesInNALunit: 333385
POC    2 TId: 0 ( I-SLICE, QP 26 )    2667080 bits [Y 99.9900 dB    U 99.9900 dB    V 99.9900 dB] [ET 68.19 ] [L0 ] [L1 ]
*** TRAIL_R numBytesInNALunit: 333702
POC    3 TId: 0 ( I-SLICE, QP 26 )    2669616 bits [Y 99.9900 dB    U 99.9900 dB    V 99.9900 dB] [ET 68.61 ] [L0 ] [L1 ]
*** TRAIL_R numBytesInNALunit: 333607
POC    4 TId: 0 ( I-SLICE, QP 26 )    2668856 bits [Y 99.9900 dB    U 99.9900 dB    V 99.9900 dB] [ET 68.56 ] [L0 ] [L1 ]
*** TRAIL_R numBytesInNALunit: 334014
POC    5 TId: 0 ( I-SLICE, QP 26 )    2672112 bits [Y 99.9900 dB    U 99.9900 dB    V 99.9900 dB] [ET 68.42 ] [L0 ] [L1 ]
*** TRAIL_R numBytesInNALunit: 333981
POC    6 TId: 0 ( I-SLICE, QP 26 )    2671848 bits [Y 99.9900 dB    U 99.9900 dB    V 99.9900 dB] [ET 68.44 ] [L0 ] [L1 ]
*** TRAIL_R numBytesInNALunit: 333876
POC    7 TId: 0 ( I-SLICE, QP 26 )    2671008 bits [Y 99.9900 dB    U 99.9900 dB    V 99.9900 dB] [ET 68.88 ] [L0 ] [L1 ]
*** TRAIL_R numBytesInNALunit: 333958
POC    8 TId: 0 ( I-SLICE, QP 26 )    2671664 bits [Y 99.9900 dB    U 99.9900 dB    V 99.9900 dB] [ET 68.64 ] [L0 ] [L1 ]
*** TRAIL_R numBytesInNALunit: 334002
POC    9 TId: 0 ( I-SLICE, QP 26 )    2672016 bits [Y 99.9900 dB    U 99.9900 dB    V 99.9900 dB] [ET 68.77 ] [L0 ] [L1 ]


I Slices--------------------------------------------------------
	Total Frames |  Bitrate    Y-PSNR    U-PSNR    V-PSNR 
	       10    i  80113.7520   99.9900   99.9900   99.9900
Bytes written to file: 3338124 (80114.976 kbps)
Bytes for SPS/PPS/Slice (Incl. Annex B): 3338124 (80114.976 kbps)

 Total Time:      685.578 sec.
