
HM software: Encoder Version [15.0][Linux][GCC 4.8.5][64 bit] 

Input          File          : ../../HEVC_test_sequence/ClassA/Traffic_2560x1600_30_crop.yuv
Bitstream      File          : Traffic.bin
Reconstruction File          : Traffic.yuv
Real     Format              : 2560x1600 30Hz
Internal Format              : 2560x1600 30Hz
Frame/Field                  : Frame based coding
Frame index                  : 0 - 9 (10 frames)
CU size / depth              : 32 / 3
RQT trans. size (min / max)  : 4 / 32
Max RQT depth inter          : 3
Max RQT depth intra          : 1
Min PCM size                 : 8
Motion search range          : 64
Intra period                 : 1
Decoding refresh type        : 0
QP                           : 26.00
Max dQP signaling depth      : 0
Cb QP Offset                 : 0
Cr QP Offset                 : 0
QP adaptation                : 0 (range=0)
GOP size                     : 1
Internal bit depth           : (Y:8, C:8)
PCM sample bit depth         : (Y:8, C:8)
RateControl                  : 0
Max Num Merge Candidates     : 5

TOOL CFG: IBD:0 HAD:0 RDQ:0 RDQTS:0 RDpenalty:0 SQP:0 ASR:0 FEN:0 ECU:0 FDM:0 CFM:0 ESD:0 RQT:1 TransformSkip:0 TransformSkipFast:0 Slice: M=0 SliceSegment: M=0 CIP:0 SAO:0 PCM:0 TransQuantBypassEnabled: =1 WPP:0 WPB:0 PME:2  WaveFrontSynchro:0 WaveFrontSubstreams:1 ScalingList:0 TMVPMode:1  SignBitHidingFlag:1 RecalQP:0

***    VPS numBytesInNALunit: 24
***    SPS numBytesInNALunit: 31
***    PPS numBytesInNALunit: 7
*** IDR_W_RADL numBytesInNALunit: 348267
POC    0 TId: 0 ( I-SLICE, QP 26 )    2786632 bits [Y 99.9900 dB    U 99.9900 dB    V 99.9900 dB] [ET 65.59 ] [L0 ] [L1 ]
*** TRAIL_R numBytesInNALunit: 348331
POC    1 TId: 0 ( I-SLICE, QP 26 )    2786648 bits [Y 99.9900 dB    U 99.9900 dB    V 99.9900 dB] [ET 69.08 ] [L0 ] [L1 ]
*** TRAIL_R numBytesInNALunit: 348433
POC    2 TId: 0 ( I-SLICE, QP 26 )    2787464 bits [Y 99.9900 dB    U 99.9900 dB    V 99.9900 dB] [ET 68.52 ] [L0 ] [L1 ]
*** TRAIL_R numBytesInNALunit: 348133
POC    3 TId: 0 ( I-SLICE, QP 26 )    2785064 bits [Y 99.9900 dB    U 99.9900 dB    V 99.9900 dB] [ET 69.12 ] [L0 ] [L1 ]
*** TRAIL_R numBytesInNALunit: 348343
POC    4 TId: 0 ( I-SLICE, QP 26 )    2786744 bits [Y 99.9900 dB    U 99.9900 dB    V 99.9900 dB] [ET 69.66 ] [L0 ] [L1 ]
*** TRAIL_R numBytesInNALunit: 348307
POC    5 TId: 0 ( I-SLICE, QP 26 )    2786456 bits [Y 99.9900 dB    U 99.9900 dB    V 99.9900 dB] [ET 69.47 ] [L0 ] [L1 ]
*** TRAIL_R numBytesInNALunit: 348478
POC    6 TId: 0 ( I-SLICE, QP 26 )    2787824 bits [Y 99.9900 dB    U 99.9900 dB    V 99.9900 dB] [ET 69.31 ] [L0 ] [L1 ]
*** TRAIL_R numBytesInNALunit: 348081
POC    7 TId: 0 ( I-SLICE, QP 26 )    2784648 bits [Y 99.9900 dB    U 99.9900 dB    V 99.9900 dB] [ET 69.84 ] [L0 ] [L1 ]
*** TRAIL_R numBytesInNALunit: 348120
POC    8 TId: 0 ( I-SLICE, QP 26 )    2784960 bits [Y 99.9900 dB    U 99.9900 dB    V 99.9900 dB] [ET 69.91 ] [L0 ] [L1 ]
*** TRAIL_R numBytesInNALunit: 348090
POC    9 TId: 0 ( I-SLICE, QP 26 )    2784720 bits [Y 99.9900 dB    U 99.9900 dB    V 99.9900 dB] [ET 69.69 ] [L0 ] [L1 ]


I Slices--------------------------------------------------------
	Total Frames |  Bitrate    Y-PSNR    U-PSNR    V-PSNR 
	       10    i  83583.4800   99.9900   99.9900   99.9900
Bytes written to file: 3482696 (83584.704 kbps)
Bytes for SPS/PPS/Slice (Incl. Annex B): 3482696 (83584.704 kbps)

 Total Time:      691.922 sec.
