
HM software: Encoder Version [15.0][Linux][GCC 4.8.5][64 bit] 

Input          File          : ../../HEVC_test_sequence/ClassD/BasketballPass_416x240_50.yuv
Bitstream      File          : BasketballPass.bin
Reconstruction File          : BasketballPass.yuv
Real     Format              : 416x240 50Hz
Internal Format              : 416x240 50Hz
Frame/Field                  : Frame based coding
Frame index                  : 0 - 9 (10 frames)
CU size / depth              : 32 / 3
RQT trans. size (min / max)  : 4 / 32
Max RQT depth inter          : 3
Max RQT depth intra          : 1
Min PCM size                 : 8
Motion search range          : 64
Intra period                 : 1
Decoding refresh type        : 0
QP                           : 26.00
Max dQP signaling depth      : 0
Cb QP Offset                 : 0
Cr QP Offset                 : 0
QP adaptation                : 0 (range=0)
GOP size                     : 1
Internal bit depth           : (Y:8, C:8)
PCM sample bit depth         : (Y:8, C:8)
RateControl                  : 0
Max Num Merge Candidates     : 5

TOOL CFG: IBD:0 HAD:0 RDQ:0 RDQTS:0 RDpenalty:0 SQP:0 ASR:0 FEN:0 ECU:0 FDM:0 CFM:0 ESD:0 RQT:1 TransformSkip:0 TransformSkipFast:0 Slice: M=0 SliceSegment: M=0 CIP:0 SAO:0 PCM:0 TransQuantBypassEnabled: =1 WPP:0 WPB:0 PME:2  WaveFrontSynchro:0 WaveFrontSubstreams:1 ScalingList:0 TMVPMode:1  SignBitHidingFlag:1 RecalQP:0

***    VPS numBytesInNALunit: 24
***    SPS numBytesInNALunit: 30
***    PPS numBytesInNALunit: 7
*** IDR_W_RADL numBytesInNALunit: 61960
POC    0 TId: 0 ( I-SLICE, QP 26 )     496168 bits [Y 99.9900 dB    U 99.9900 dB    V 99.9900 dB] [ET  1.62 ] [L0 ] [L1 ]
*** TRAIL_R numBytesInNALunit: 62013
POC    1 TId: 0 ( I-SLICE, QP 26 )     496104 bits [Y 99.9900 dB    U 99.9900 dB    V 99.9900 dB] [ET  1.66 ] [L0 ] [L1 ]
*** TRAIL_R numBytesInNALunit: 62023
POC    2 TId: 0 ( I-SLICE, QP 26 )     496184 bits [Y 99.9900 dB    U 99.9900 dB    V 99.9900 dB] [ET  1.66 ] [L0 ] [L1 ]
*** TRAIL_R numBytesInNALunit: 61879
POC    3 TId: 0 ( I-SLICE, QP 26 )     495032 bits [Y 99.9900 dB    U 99.9900 dB    V 99.9900 dB] [ET  1.66 ] [L0 ] [L1 ]
*** TRAIL_R numBytesInNALunit: 61776
POC    4 TId: 0 ( I-SLICE, QP 26 )     494208 bits [Y 99.9900 dB    U 99.9900 dB    V 99.9900 dB] [ET  1.58 ] [L0 ] [L1 ]
*** TRAIL_R numBytesInNALunit: 61696
POC    5 TId: 0 ( I-SLICE, QP 26 )     493568 bits [Y 99.9900 dB    U 99.9900 dB    V 99.9900 dB] [ET  1.66 ] [L0 ] [L1 ]
*** TRAIL_R numBytesInNALunit: 61536
POC    6 TId: 0 ( I-SLICE, QP 26 )     492288 bits [Y 99.9900 dB    U 99.9900 dB    V 99.9900 dB] [ET  1.62 ] [L0 ] [L1 ]
*** TRAIL_R numBytesInNALunit: 61565
POC    7 TId: 0 ( I-SLICE, QP 26 )     492520 bits [Y 99.9900 dB    U 99.9900 dB    V 99.9900 dB] [ET  1.69 ] [L0 ] [L1 ]
*** TRAIL_R numBytesInNALunit: 61070
POC    8 TId: 0 ( I-SLICE, QP 26 )     488560 bits [Y 99.9900 dB    U 99.9900 dB    V 99.9900 dB] [ET  1.66 ] [L0 ] [L1 ]
*** TRAIL_R numBytesInNALunit: 60808
POC    9 TId: 0 ( I-SLICE, QP 26 )     486464 bits [Y 99.9900 dB    U 99.9900 dB    V 99.9900 dB] [ET  1.58 ] [L0 ] [L1 ]


I Slices--------------------------------------------------------
	Total Frames |  Bitrate    Y-PSNR    U-PSNR    V-PSNR 
	       10    i  24655.4800   99.9900   99.9900   99.9900
Bytes written to file: 616438 (24657.520 kbps)
Bytes for SPS/PPS/Slice (Incl. Annex B): 616438 (24657.520 kbps)

 Total Time:       16.375 sec.
