
HM software: Encoder Version [15.0][Linux][GCC 4.8.5][64 bit] 

Input          File          : ../../HEVC_test_sequence/ClassA/PeopleOnStreet_2560x1600_30_crop.yuv
Bitstream      File          : PeopleOnStreet.bin
Reconstruction File          : PeopleOnStreet.yuv
Real     Format              : 2560x1600 30Hz
Internal Format              : 2560x1600 30Hz
Frame/Field                  : Frame based coding
Frame index                  : 0 - 9 (10 frames)
CU size / depth              : 32 / 3
RQT trans. size (min / max)  : 4 / 32
Max RQT depth inter          : 3
Max RQT depth intra          : 1
Min PCM size                 : 8
Motion search range          : 64
Intra period                 : 1
Decoding refresh type        : 0
QP                           : 26.00
Max dQP signaling depth      : 0
Cb QP Offset                 : 0
Cr QP Offset                 : 0
QP adaptation                : 0 (range=0)
GOP size                     : 1
Internal bit depth           : (Y:8, C:8)
PCM sample bit depth         : (Y:8, C:8)
RateControl                  : 0
Max Num Merge Candidates     : 5

TOOL CFG: IBD:0 HAD:0 RDQ:0 RDQTS:0 RDpenalty:0 SQP:0 ASR:0 FEN:0 ECU:0 FDM:0 CFM:0 ESD:0 RQT:1 TransformSkip:0 TransformSkipFast:0 Slice: M=0 SliceSegment: M=0 CIP:0 SAO:0 PCM:0 TransQuantBypassEnabled: =1 WPP:0 WPB:0 PME:2  WaveFrontSynchro:0 WaveFrontSubstreams:1 ScalingList:0 TMVPMode:1  SignBitHidingFlag:1 RecalQP:0

***    VPS numBytesInNALunit: 24
***    SPS numBytesInNALunit: 31
***    PPS numBytesInNALunit: 7
*** IDR_W_RADL numBytesInNALunit: 2587829
POC    0 TId: 0 ( I-SLICE, QP 26 )   20703128 bits [Y 99.9900 dB    U 99.9900 dB    V 99.9900 dB] [ET 57.58 ] [L0 ] [L1 ]
*** TRAIL_R numBytesInNALunit: 2589381
POC    1 TId: 0 ( I-SLICE, QP 26 )   20715048 bits [Y 99.9900 dB    U 99.9900 dB    V 99.9900 dB] [ET 58.13 ] [L0 ] [L1 ]
*** TRAIL_R numBytesInNALunit: 2587467
POC    2 TId: 0 ( I-SLICE, QP 26 )   20699736 bits [Y 99.9900 dB    U 99.9900 dB    V 99.9900 dB] [ET 57.24 ] [L0 ] [L1 ]
*** TRAIL_R numBytesInNALunit: 2588225
POC    3 TId: 0 ( I-SLICE, QP 26 )   20705800 bits [Y 99.9900 dB    U 99.9900 dB    V 99.9900 dB] [ET 56.60 ] [L0 ] [L1 ]
*** TRAIL_R numBytesInNALunit: 2587956
POC    4 TId: 0 ( I-SLICE, QP 26 )   20703648 bits [Y 99.9900 dB    U 99.9900 dB    V 99.9900 dB] [ET 60.05 ] [L0 ] [L1 ]
*** TRAIL_R numBytesInNALunit: 2591257
POC    5 TId: 0 ( I-SLICE, QP 26 )   20730056 bits [Y 99.9900 dB    U 99.9900 dB    V 99.9900 dB] [ET 59.77 ] [L0 ] [L1 ]
*** TRAIL_R numBytesInNALunit: 2590737
POC    6 TId: 0 ( I-SLICE, QP 26 )   20725896 bits [Y 99.9900 dB    U 99.9900 dB    V 99.9900 dB] [ET 57.55 ] [L0 ] [L1 ]
*** TRAIL_R numBytesInNALunit: 2592356
POC    7 TId: 0 ( I-SLICE, QP 26 )   20738848 bits [Y 99.9900 dB    U 99.9900 dB    V 99.9900 dB] [ET 59.28 ] [L0 ] [L1 ]
*** TRAIL_R numBytesInNALunit: 2593353
POC    8 TId: 0 ( I-SLICE, QP 26 )   20746824 bits [Y 99.9900 dB    U 99.9900 dB    V 99.9900 dB] [ET 59.10 ] [L0 ] [L1 ]
*** TRAIL_R numBytesInNALunit: 2595204
POC    9 TId: 0 ( I-SLICE, QP 26 )   20761632 bits [Y 99.9900 dB    U 99.9900 dB    V 99.9900 dB] [ET 61.96 ] [L0 ] [L1 ]


I Slices--------------------------------------------------------
	Total Frames |  Bitrate    Y-PSNR    U-PSNR    V-PSNR 
	       10    i 621691.8480   99.9900   99.9900   99.9900
Bytes written to file: 25903878 (621693.072 kbps)
Bytes for SPS/PPS/Slice (Incl. Annex B): 25903878 (621693.072 kbps)

 Total Time:      588.340 sec.
