
HM software: Encoder Version [15.0][Linux][GCC 4.8.5][64 bit] 

Input          File          : ../../HEVC_test_sequence/ClassC/BasketballDrill_832x480_50.yuv
Bitstream      File          : BasketballDrill.bin
Reconstruction File          : BasketballDrill.yuv
Real     Format              : 832x480 50Hz
Internal Format              : 832x480 50Hz
Frame/Field                  : Frame based coding
Frame index                  : 0 - 9 (10 frames)
CU size / depth              : 32 / 3
RQT trans. size (min / max)  : 4 / 32
Max RQT depth inter          : 3
Max RQT depth intra          : 1
Min PCM size                 : 8
Motion search range          : 64
Intra period                 : 1
Decoding refresh type        : 0
QP                           : 26.00
Max dQP signaling depth      : 0
Cb QP Offset                 : 0
Cr QP Offset                 : 0
QP adaptation                : 0 (range=0)
GOP size                     : 1
Internal bit depth           : (Y:8, C:8)
PCM sample bit depth         : (Y:8, C:8)
RateControl                  : 0
Max Num Merge Candidates     : 5

TOOL CFG: IBD:0 HAD:0 RDQ:0 RDQTS:0 RDpenalty:0 SQP:0 ASR:0 FEN:0 ECU:0 FDM:0 CFM:0 ESD:0 RQT:1 TransformSkip:0 TransformSkipFast:0 Slice: M=0 SliceSegment: M=0 CIP:0 SAO:0 PCM:0 TransQuantBypassEnabled: =1 WPP:0 WPB:0 PME:2  WaveFrontSynchro:0 WaveFrontSubstreams:1 ScalingList:0 TMVPMode:1  SignBitHidingFlag:1 RecalQP:0

***    VPS numBytesInNALunit: 24
***    SPS numBytesInNALunit: 30
***    PPS numBytesInNALunit: 7
*** IDR_W_RADL numBytesInNALunit: 206339
POC    0 TId: 0 ( I-SLICE, QP 26 )    1651200 bits [Y 99.9900 dB    U 7.8475 dB    V 4.6169 dB] [ET  5.87 ] [L0 ] [L1 ]
*** TRAIL_R numBytesInNALunit: 206340
POC    1 TId: 0 ( I-SLICE, QP 26 )    1650720 bits [Y 99.9900 dB    U 7.8475 dB    V 4.6169 dB] [ET  5.91 ] [L0 ] [L1 ]
*** TRAIL_R numBytesInNALunit: 206547
POC    2 TId: 0 ( I-SLICE, QP 26 )    1652376 bits [Y 99.9900 dB    U 7.8585 dB    V 4.6128 dB] [ET  5.93 ] [L0 ] [L1 ]
*** TRAIL_R numBytesInNALunit: 206410
POC    3 TId: 0 ( I-SLICE, QP 26 )    1651280 bits [Y 99.9900 dB    U 7.8685 dB    V 4.6090 dB] [ET  5.77 ] [L0 ] [L1 ]
*** TRAIL_R numBytesInNALunit: 206074
POC    4 TId: 0 ( I-SLICE, QP 26 )    1648592 bits [Y 99.9900 dB    U 7.8817 dB    V 4.6070 dB] [ET  6.08 ] [L0 ] [L1 ]
*** TRAIL_R numBytesInNALunit: 205963
POC    5 TId: 0 ( I-SLICE, QP 26 )    1647704 bits [Y 99.9900 dB    U 7.9012 dB    V 4.6041 dB] [ET  5.90 ] [L0 ] [L1 ]
*** TRAIL_R numBytesInNALunit: 206182
POC    6 TId: 0 ( I-SLICE, QP 26 )    1649456 bits [Y 99.9900 dB    U 7.9051 dB    V 4.6046 dB] [ET  5.97 ] [L0 ] [L1 ]
*** TRAIL_R numBytesInNALunit: 206126
POC    7 TId: 0 ( I-SLICE, QP 26 )    1649008 bits [Y 99.9900 dB    U 7.9047 dB    V 4.6074 dB] [ET  5.92 ] [L0 ] [L1 ]
*** TRAIL_R numBytesInNALunit: 206284
POC    8 TId: 0 ( I-SLICE, QP 26 )    1650272 bits [Y 99.9900 dB    U 7.9177 dB    V 4.6089 dB] [ET  5.93 ] [L0 ] [L1 ]
*** TRAIL_R numBytesInNALunit: 204644
POC    9 TId: 0 ( I-SLICE, QP 26 )    1637152 bits [Y 99.9900 dB    U 7.9126 dB    V 4.6001 dB] [ET  5.92 ] [L0 ] [L1 ]


I Slices--------------------------------------------------------
	Total Frames |  Bitrate    Y-PSNR    U-PSNR    V-PSNR 
	       10    i  82438.8000   99.9900    7.8845    4.6088
Bytes written to file: 2061021 (82440.840 kbps)
Bytes for SPS/PPS/Slice (Incl. Annex B): 2061021 (82440.840 kbps)

 Total Time:       59.310 sec.
