
HM software: Encoder Version [15.0][Linux][GCC 4.8.5][64 bit] 

Input          File          : ../../HEVC_test_sequence/ClassB/BasketballDrive_1920x1080_50.yuv
Bitstream      File          : BasketballDrive.bin
Reconstruction File          : BasketballDrive.yuv
Real     Format              : 1920x1080 50Hz
Internal Format              : 1920x1080 50Hz
Frame/Field                  : Frame based coding
Frame index                  : 0 - 9 (10 frames)
CU size / depth              : 32 / 3
RQT trans. size (min / max)  : 4 / 32
Max RQT depth inter          : 3
Max RQT depth intra          : 1
Min PCM size                 : 8
Motion search range          : 64
Intra period                 : 1
Decoding refresh type        : 0
QP                           : 26.00
Max dQP signaling depth      : 0
Cb QP Offset                 : 0
Cr QP Offset                 : 0
QP adaptation                : 0 (range=0)
GOP size                     : 1
Internal bit depth           : (Y:8, C:8)
PCM sample bit depth         : (Y:8, C:8)
RateControl                  : 0
Max Num Merge Candidates     : 5

TOOL CFG: IBD:0 HAD:0 RDQ:0 RDQTS:0 RDpenalty:0 SQP:0 ASR:0 FEN:0 ECU:0 FDM:0 CFM:0 ESD:0 RQT:1 TransformSkip:0 TransformSkipFast:0 Slice: M=0 SliceSegment: M=0 CIP:0 SAO:0 PCM:0 TransQuantBypassEnabled: =1 WPP:0 WPB:0 PME:2  WaveFrontSynchro:0 WaveFrontSubstreams:1 ScalingList:0 TMVPMode:1  SignBitHidingFlag:1 RecalQP:0

***    VPS numBytesInNALunit: 24
***    SPS numBytesInNALunit: 31
***    PPS numBytesInNALunit: 7
*** IDR_W_RADL numBytesInNALunit: 1015482
POC    0 TId: 0 ( I-SLICE, QP 26 )    8124352 bits [Y 99.9900 dB    U 7.2747 dB    V 4.7877 dB] [ET 29.09 ] [L0 ] [L1 ]
*** TRAIL_R numBytesInNALunit: 1014144
POC    1 TId: 0 ( I-SLICE, QP 26 )    8113152 bits [Y 99.9900 dB    U 7.2683 dB    V 4.7935 dB] [ET 28.58 ] [L0 ] [L1 ]
*** TRAIL_R numBytesInNALunit: 1013343
POC    2 TId: 0 ( I-SLICE, QP 26 )    8106744 bits [Y 99.9900 dB    U 7.2646 dB    V 4.7814 dB] [ET 29.03 ] [L0 ] [L1 ]
*** TRAIL_R numBytesInNALunit: 1013148
POC    3 TId: 0 ( I-SLICE, QP 26 )    8105184 bits [Y 99.9900 dB    U 7.2471 dB    V 4.7694 dB] [ET 29.26 ] [L0 ] [L1 ]
*** TRAIL_R numBytesInNALunit: 1015092
POC    4 TId: 0 ( I-SLICE, QP 26 )    8120736 bits [Y 99.9900 dB    U 7.2334 dB    V 4.7567 dB] [ET 28.79 ] [L0 ] [L1 ]
*** TRAIL_R numBytesInNALunit: 1016874
POC    5 TId: 0 ( I-SLICE, QP 26 )    8134992 bits [Y 99.9900 dB    U 7.2209 dB    V 4.7465 dB] [ET 30.24 ] [L0 ] [L1 ]
*** TRAIL_R numBytesInNALunit: 1017020
POC    6 TId: 0 ( I-SLICE, QP 26 )    8136160 bits [Y 99.9900 dB    U 7.2178 dB    V 4.7487 dB] [ET 30.51 ] [L0 ] [L1 ]
*** TRAIL_R numBytesInNALunit: 1016559
POC    7 TId: 0 ( I-SLICE, QP 26 )    8132472 bits [Y 99.9900 dB    U 7.2196 dB    V 4.7508 dB] [ET 30.72 ] [L0 ] [L1 ]
*** TRAIL_R numBytesInNALunit: 1015647
POC    8 TId: 0 ( I-SLICE, QP 26 )    8125176 bits [Y 99.9900 dB    U 7.2147 dB    V 4.7568 dB] [ET 30.60 ] [L0 ] [L1 ]
*** TRAIL_R numBytesInNALunit: 1015797
POC    9 TId: 0 ( I-SLICE, QP 26 )    8126376 bits [Y 99.9900 dB    U 7.2046 dB    V 4.7622 dB] [ET 26.75 ] [L0 ] [L1 ]


I Slices--------------------------------------------------------
	Total Frames |  Bitrate    Y-PSNR    U-PSNR    V-PSNR 
	       10    i 406126.7200   99.9900    7.2366    4.7654
Bytes written to file: 10153219 (406128.760 kbps)
Bytes for SPS/PPS/Slice (Incl. Annex B): 10153219 (406128.760 kbps)

 Total Time:      294.360 sec.
