
HM software: Encoder Version [15.0][Linux][GCC 4.8.5][64 bit] 

Input          File          : ../../HEVC_test_sequence/ClassE/FourPeople_1280x720_60.yuv
Bitstream      File          : FourPeople.bin
Reconstruction File          : FourPeople.yuv
Real     Format              : 1280x720 60Hz
Internal Format              : 1280x720 60Hz
Frame/Field                  : Frame based coding
Frame index                  : 0 - 9 (10 frames)
CU size / depth              : 32 / 3
RQT trans. size (min / max)  : 4 / 32
Max RQT depth inter          : 3
Max RQT depth intra          : 1
Min PCM size                 : 8
Motion search range          : 64
Intra period                 : 1
Decoding refresh type        : 0
QP                           : 26.00
Max dQP signaling depth      : 0
Cb QP Offset                 : 0
Cr QP Offset                 : 0
QP adaptation                : 0 (range=0)
GOP size                     : 1
Internal bit depth           : (Y:8, C:8)
PCM sample bit depth         : (Y:8, C:8)
RateControl                  : 0
Max Num Merge Candidates     : 5

TOOL CFG: IBD:0 HAD:0 RDQ:0 RDQTS:0 RDpenalty:0 SQP:0 ASR:0 FEN:0 ECU:0 FDM:0 CFM:0 ESD:0 RQT:1 TransformSkip:0 TransformSkipFast:0 Slice: M=0 SliceSegment: M=0 CIP:0 SAO:0 PCM:0 TransQuantBypassEnabled: =1 WPP:0 WPB:0 PME:2  WaveFrontSynchro:0 WaveFrontSubstreams:1 ScalingList:0 TMVPMode:1  SignBitHidingFlag:1 RecalQP:0

***    VPS numBytesInNALunit: 24
***    SPS numBytesInNALunit: 31
***    PPS numBytesInNALunit: 7
*** IDR_W_RADL numBytesInNALunit: 403210
POC    0 TId: 0 ( I-SLICE, QP 26 )    3226176 bits [Y 99.9900 dB    U 6.2032 dB    V 5.7713 dB] [ET 13.23 ] [L0 ] [L1 ]
*** TRAIL_R numBytesInNALunit: 402967
POC    1 TId: 0 ( I-SLICE, QP 26 )    3223736 bits [Y 99.9900 dB    U 6.2036 dB    V 5.7729 dB] [ET 13.30 ] [L0 ] [L1 ]
*** TRAIL_R numBytesInNALunit: 402914
POC    2 TId: 0 ( I-SLICE, QP 26 )    3223312 bits [Y 99.9900 dB    U 6.2011 dB    V 5.7717 dB] [ET 13.22 ] [L0 ] [L1 ]
*** TRAIL_R numBytesInNALunit: 403206
POC    3 TId: 0 ( I-SLICE, QP 26 )    3225648 bits [Y 99.9900 dB    U 6.2008 dB    V 5.7731 dB] [ET 13.22 ] [L0 ] [L1 ]
*** TRAIL_R numBytesInNALunit: 403084
POC    4 TId: 0 ( I-SLICE, QP 26 )    3224672 bits [Y 99.9900 dB    U 6.2059 dB    V 5.7721 dB] [ET 13.24 ] [L0 ] [L1 ]
*** TRAIL_R numBytesInNALunit: 403047
POC    5 TId: 0 ( I-SLICE, QP 26 )    3224376 bits [Y 99.9900 dB    U 6.2047 dB    V 5.7719 dB] [ET 13.28 ] [L0 ] [L1 ]
*** TRAIL_R numBytesInNALunit: 403310
POC    6 TId: 0 ( I-SLICE, QP 26 )    3226480 bits [Y 99.9900 dB    U 6.1982 dB    V 5.7695 dB] [ET 13.31 ] [L0 ] [L1 ]
*** TRAIL_R numBytesInNALunit: 402969
POC    7 TId: 0 ( I-SLICE, QP 26 )    3223752 bits [Y 99.9900 dB    U 6.1944 dB    V 5.7723 dB] [ET 13.28 ] [L0 ] [L1 ]
*** TRAIL_R numBytesInNALunit: 403473
POC    8 TId: 0 ( I-SLICE, QP 26 )    3227784 bits [Y 99.9900 dB    U 6.1991 dB    V 5.7713 dB] [ET 13.28 ] [L0 ] [L1 ]
*** TRAIL_R numBytesInNALunit: 403741
POC    9 TId: 0 ( I-SLICE, QP 26 )    3229928 bits [Y 99.9900 dB    U 6.2037 dB    V 5.7712 dB] [ET 13.21 ] [L0 ] [L1 ]


I Slices--------------------------------------------------------
	Total Frames |  Bitrate    Y-PSNR    U-PSNR    V-PSNR 
	       10    i 193535.1840   99.9900    6.2015    5.7717
Bytes written to file: 4032034 (193537.632 kbps)
Bytes for SPS/PPS/Slice (Incl. Annex B): 4032034 (193537.632 kbps)

 Total Time:      132.930 sec.
