
HM software: Encoder Version [15.0][Linux][GCC 4.8.5][64 bit] 

Input          File          : ../../HEVC_test_sequence/ClassB/Kimono1_1920x1080_24.yuv
Bitstream      File          : Kimono.bin
Reconstruction File          : Kimono.yuv
Real     Format              : 1920x1080 24Hz
Internal Format              : 1920x1080 24Hz
Frame/Field                  : Frame based coding
Frame index                  : 0 - 9 (10 frames)
CU size / depth              : 32 / 3
RQT trans. size (min / max)  : 4 / 32
Max RQT depth inter          : 3
Max RQT depth intra          : 1
Min PCM size                 : 8
Motion search range          : 64
Intra period                 : 1
Decoding refresh type        : 0
QP                           : 26.00
Max dQP signaling depth      : 0
Cb QP Offset                 : 0
Cr QP Offset                 : 0
QP adaptation                : 0 (range=0)
GOP size                     : 1
Internal bit depth           : (Y:8, C:8)
PCM sample bit depth         : (Y:8, C:8)
RateControl                  : 0
Max Num Merge Candidates     : 5

TOOL CFG: IBD:0 HAD:0 RDQ:0 RDQTS:0 RDpenalty:0 SQP:0 ASR:0 FEN:0 ECU:0 FDM:0 CFM:0 ESD:0 RQT:1 TransformSkip:0 TransformSkipFast:0 Slice: M=0 SliceSegment: M=0 CIP:0 SAO:0 PCM:0 TransQuantBypassEnabled: =1 WPP:0 WPB:0 PME:2  WaveFrontSynchro:0 WaveFrontSubstreams:1 ScalingList:0 TMVPMode:1  SignBitHidingFlag:1 RecalQP:0

***    VPS numBytesInNALunit: 24
***    SPS numBytesInNALunit: 31
***    PPS numBytesInNALunit: 7
*** IDR_W_RADL numBytesInNALunit: 896161
POC    0 TId: 0 ( I-SLICE, QP 26 )    7169784 bits [Y 99.9900 dB    U 99.9900 dB    V 99.9900 dB] [ET 45.56 ] [L0 ] [L1 ]
*** TRAIL_R numBytesInNALunit: 895672
POC    1 TId: 0 ( I-SLICE, QP 26 )    7165376 bits [Y 99.9900 dB    U 99.9900 dB    V 99.9900 dB] [ET 46.05 ] [L0 ] [L1 ]
*** TRAIL_R numBytesInNALunit: 900010
POC    2 TId: 0 ( I-SLICE, QP 26 )    7200080 bits [Y 99.9900 dB    U 99.9900 dB    V 99.9900 dB] [ET 45.45 ] [L0 ] [L1 ]
*** TRAIL_R numBytesInNALunit: 905095
POC    3 TId: 0 ( I-SLICE, QP 26 )    7240760 bits [Y 99.9900 dB    U 99.9900 dB    V 99.9900 dB] [ET 46.00 ] [L0 ] [L1 ]
*** TRAIL_R numBytesInNALunit: 906518
POC    4 TId: 0 ( I-SLICE, QP 26 )    7252144 bits [Y 99.9900 dB    U 99.9900 dB    V 99.9900 dB] [ET 46.28 ] [L0 ] [L1 ]
*** TRAIL_R numBytesInNALunit: 907772
POC    5 TId: 0 ( I-SLICE, QP 26 )    7262176 bits [Y 99.9900 dB    U 99.9900 dB    V 99.9900 dB] [ET 46.17 ] [L0 ] [L1 ]
*** TRAIL_R numBytesInNALunit: 906621
POC    6 TId: 0 ( I-SLICE, QP 26 )    7252968 bits [Y 99.9900 dB    U 99.9900 dB    V 99.9900 dB] [ET 46.03 ] [L0 ] [L1 ]
*** TRAIL_R numBytesInNALunit: 903352
POC    7 TId: 0 ( I-SLICE, QP 26 )    7226816 bits [Y 99.9900 dB    U 99.9900 dB    V 99.9900 dB] [ET 45.89 ] [L0 ] [L1 ]
*** TRAIL_R numBytesInNALunit: 899148
POC    8 TId: 0 ( I-SLICE, QP 26 )    7193184 bits [Y 99.9900 dB    U 99.9900 dB    V 99.9900 dB] [ET 45.73 ] [L0 ] [L1 ]
*** TRAIL_R numBytesInNALunit: 897769
POC    9 TId: 0 ( I-SLICE, QP 26 )    7182152 bits [Y 99.9900 dB    U 99.9900 dB    V 99.9900 dB] [ET 46.03 ] [L0 ] [L1 ]


I Slices--------------------------------------------------------
	Total Frames |  Bitrate    Y-PSNR    U-PSNR    V-PSNR 
	       10    i 173149.0560   99.9900   99.9900   99.9900
Bytes written to file: 9018231 (173150.035 kbps)
Bytes for SPS/PPS/Slice (Incl. Annex B): 9018231 (173150.035 kbps)

 Total Time:      460.141 sec.
