
HM software: Encoder Version [15.0][Linux][GCC 4.8.5][64 bit] 

Input          File          : ../../HEVC_test_sequence/ClassB/BQTerrace_1920x1080_60.yuv
Bitstream      File          : BQTerrace.bin
Reconstruction File          : BQTerrace.yuv
Real     Format              : 1920x1080 60Hz
Internal Format              : 1920x1080 60Hz
Frame/Field                  : Frame based coding
Frame index                  : 0 - 99 (100 frames)
CU size / depth              : 32 / 3
RQT trans. size (min / max)  : 4 / 32
Max RQT depth inter          : 3
Max RQT depth intra          : 1
Min PCM size                 : 8
Motion search range          : 64
Intra period                 : 1
Decoding refresh type        : 0
QP                           : 26.00
Max dQP signaling depth      : 0
Cb QP Offset                 : 0
Cr QP Offset                 : 0
QP adaptation                : 0 (range=0)
GOP size                     : 1
Internal bit depth           : (Y:8, C:8)
PCM sample bit depth         : (Y:8, C:8)
RateControl                  : 0
Max Num Merge Candidates     : 5

TOOL CFG: IBD:0 HAD:0 RDQ:0 RDQTS:0 RDpenalty:0 SQP:0 ASR:0 FEN:0 ECU:0 FDM:0 CFM:0 ESD:0 RQT:1 TransformSkip:0 TransformSkipFast:0 Slice: M=0 SliceSegment: M=0 CIP:0 SAO:0 PCM:0 TransQuantBypassEnabled: =1 WPP:0 WPB:0 PME:2  WaveFrontSynchro:0 WaveFrontSubstreams:1 ScalingList:0 TMVPMode:1  SignBitHidingFlag:1 RecalQP:0

POC    0 TId: 0 ( I-SLICE, QP 26 )   12702192 bits [Y 99.9900 dB    U 99.9900 dB    V 99.9900 dB] [ET    31 ] [L0 ] [L1 ]
POC    1 TId: 0 ( I-SLICE, QP 26 )   12697112 bits [Y 99.9900 dB    U 99.9900 dB    V 99.9900 dB] [ET    31 ] [L0 ] [L1 ]
POC    2 TId: 0 ( I-SLICE, QP 26 )   12688736 bits [Y 99.9900 dB    U 99.9900 dB    V 99.9900 dB] [ET    31 ] [L0 ] [L1 ]
POC    3 TId: 0 ( I-SLICE, QP 26 )   12691112 bits [Y 99.9900 dB    U 99.9900 dB    V 99.9900 dB] [ET    31 ] [L0 ] [L1 ]
POC    4 TId: 0 ( I-SLICE, QP 26 )   12690664 bits [Y 99.9900 dB    U 99.9900 dB    V 99.9900 dB] [ET    31 ] [L0 ] [L1 ]
POC    5 TId: 0 ( I-SLICE, QP 26 )   12694008 bits [Y 99.9900 dB    U 99.9900 dB    V 99.9900 dB] [ET    31 ] [L0 ] [L1 ]
POC    6 TId: 0 ( I-SLICE, QP 26 )   12699176 bits [Y 99.9900 dB    U 99.9900 dB    V 99.9900 dB] [ET    31 ] [L0 ] [L1 ]
POC    7 TId: 0 ( I-SLICE, QP 26 )   12695480 bits [Y 99.9900 dB    U 99.9900 dB    V 99.9900 dB] [ET    31 ] [L0 ] [L1 ]
POC    8 TId: 0 ( I-SLICE, QP 26 )   12693552 bits [Y 99.9900 dB    U 99.9900 dB    V 99.9900 dB] [ET    31 ] [L0 ] [L1 ]
POC    9 TId: 0 ( I-SLICE, QP 26 )   12693168 bits [Y 99.9900 dB    U 99.9900 dB    V 99.9900 dB] [ET    31 ] [L0 ] [L1 ]
POC   10 TId: 0 ( I-SLICE, QP 26 )   12690248 bits [Y 99.9900 dB    U 99.9900 dB    V 99.9900 dB] [ET    30 ] [L0 ] [L1 ]
POC   11 TId: 0 ( I-SLICE, QP 26 )   12693280 bits [Y 99.9900 dB    U 99.9900 dB    V 99.9900 dB] [ET    31 ] [L0 ] [L1 ]
POC   12 TId: 0 ( I-SLICE, QP 26 )   12696712 bits [Y 99.9900 dB    U 99.9900 dB    V 99.9900 dB] [ET    31 ] [L0 ] [L1 ]
POC   13 TId: 0 ( I-SLICE, QP 26 )   12698560 bits [Y 99.9900 dB    U 99.9900 dB    V 99.9900 dB] [ET    31 ] [L0 ] [L1 ]
POC   14 TId: 0 ( I-SLICE, QP 26 )   12693704 bits [Y 99.9900 dB    U 99.9900 dB    V 99.9900 dB] [ET    31 ] [L0 ] [L1 ]
POC   15 TId: 0 ( I-SLICE, QP 26 )   12688256 bits [Y 99.9900 dB    U 99.9900 dB    V 99.9900 dB] [ET    31 ] [L0 ] [L1 ]
POC   16 TId: 0 ( I-SLICE, QP 26 )   12678256 bits [Y 99.9900 dB    U 99.9900 dB    V 99.9900 dB] [ET    31 ] [L0 ] [L1 ]
POC   17 TId: 0 ( I-SLICE, QP 26 )   12673960 bits [Y 99.9900 dB    U 99.9900 dB    V 99.9900 dB] [ET    31 ] [L0 ] [L1 ]
POC   18 TId: 0 ( I-SLICE, QP 26 )   12672096 bits [Y 99.9900 dB    U 99.9900 dB    V 99.9900 dB] [ET    30 ] [L0 ] [L1 ]
POC   19 TId: 0 ( I-SLICE, QP 26 )   12684792 bits [Y 99.9900 dB    U 99.9900 dB    V 99.9900 dB] [ET    30 ] [L0 ] [L1 ]
POC   20 TId: 0 ( I-SLICE, QP 26 )   12690680 bits [Y 99.9900 dB    U 99.9900 dB    V 99.9900 dB] [ET    31 ] [L0 ] [L1 ]
POC   21 TId: 0 ( I-SLICE, QP 26 )   12688960 bits [Y 99.9900 dB    U 99.9900 dB    V 99.9900 dB] [ET    30 ] [L0 ] [L1 ]
POC   22 TId: 0 ( I-SLICE, QP 26 )   12687664 bits [Y 99.9900 dB    U 99.9900 dB    V 99.9900 dB] [ET    31 ] [L0 ] [L1 ]
POC   23 TId: 0 ( I-SLICE, QP 26 )   12675112 bits [Y 99.9900 dB    U 99.9900 dB    V 99.9900 dB] [ET    31 ] [L0 ] [L1 ]
POC   24 TId: 0 ( I-SLICE, QP 26 )   12664912 bits [Y 99.9900 dB    U 99.9900 dB    V 99.9900 dB] [ET    31 ] [L0 ] [L1 ]
POC   25 TId: 0 ( I-SLICE, QP 26 )   12661568 bits [Y 99.9900 dB    U 99.9900 dB    V 99.9900 dB] [ET    31 ] [L0 ] [L1 ]
POC   26 TId: 0 ( I-SLICE, QP 26 )   12681616 bits [Y 99.9900 dB    U 99.9900 dB    V 99.9900 dB] [ET    31 ] [L0 ] [L1 ]
POC   27 TId: 0 ( I-SLICE, QP 26 )   12679552 bits [Y 99.9900 dB    U 99.9900 dB    V 99.9900 dB] [ET    30 ] [L0 ] [L1 ]
POC   28 TId: 0 ( I-SLICE, QP 26 )   12675296 bits [Y 99.9900 dB    U 99.9900 dB    V 99.9900 dB] [ET    30 ] [L0 ] [L1 ]
POC   29 TId: 0 ( I-SLICE, QP 26 )   12669200 bits [Y 99.9900 dB    U 99.9900 dB    V 99.9900 dB] [ET    30 ] [L0 ] [L1 ]
POC   30 TId: 0 ( I-SLICE, QP 26 )   12664144 bits [Y 99.9900 dB    U 99.9900 dB    V 99.9900 dB] [ET    30 ] [L0 ] [L1 ]
POC   31 TId: 0 ( I-SLICE, QP 26 )   12655952 bits [Y 99.9900 dB    U 99.9900 dB    V 99.9900 dB] [ET    31 ] [L0 ] [L1 ]
POC   32 TId: 0 ( I-SLICE, QP 26 )   12680056 bits [Y 99.9900 dB    U 99.9900 dB    V 99.9900 dB] [ET    31 ] [L0 ] [L1 ]
POC   33 TId: 0 ( I-SLICE, QP 26 )   12678872 bits [Y 99.9900 dB    U 99.9900 dB    V 99.9900 dB] [ET    29 ] [L0 ] [L1 ]
POC   34 TId: 0 ( I-SLICE, QP 26 )   12677720 bits [Y 99.9900 dB    U 99.9900 dB    V 99.9900 dB] [ET    29 ] [L0 ] [L1 ]
POC   35 TId: 0 ( I-SLICE, QP 26 )   12652920 bits [Y 99.9900 dB    U 99.9900 dB    V 99.9900 dB] [ET    29 ] [L0 ] [L1 ]
POC   36 TId: 0 ( I-SLICE, QP 26 )   12645720 bits [Y 99.9900 dB    U 99.9900 dB    V 99.9900 dB] [ET    28 ] [L0 ] [L1 ]
POC   37 TId: 0 ( I-SLICE, QP 26 )   12637496 bits [Y 99.9900 dB    U 99.9900 dB    V 99.9900 dB] [ET    27 ] [L0 ] [L1 ]
POC   38 TId: 0 ( I-SLICE, QP 26 )   12640936 bits [Y 99.9900 dB    U 99.9900 dB    V 99.9900 dB] [ET    28 ] [L0 ] [L1 ]
POC   39 TId: 0 ( I-SLICE, QP 26 )   12649408 bits [Y 99.9900 dB    U 99.9900 dB    V 99.9900 dB] [ET    26 ] [L0 ] [L1 ]
POC   40 TId: 0 ( I-SLICE, QP 26 )   12657904 bits [Y 99.9900 dB    U 99.9900 dB    V 99.9900 dB] [ET    26 ] [L0 ] [L1 ]
POC   41 TId: 0 ( I-SLICE, QP 26 )   12653888 bits [Y 99.9900 dB    U 99.9900 dB    V 99.9900 dB] [ET    27 ] [L0 ] [L1 ]
POC   42 TId: 0 ( I-SLICE, QP 26 )   12640776 bits [Y 99.9900 dB    U 99.9900 dB    V 99.9900 dB] [ET    27 ] [L0 ] [L1 ]
POC   43 TId: 0 ( I-SLICE, QP 26 )   12619888 bits [Y 99.9900 dB    U 99.9900 dB    V 99.9900 dB] [ET    26 ] [L0 ] [L1 ]
POC   44 TId: 0 ( I-SLICE, QP 26 )   12652840 bits [Y 99.9900 dB    U 99.9900 dB    V 99.9900 dB] [ET    26 ] [L0 ] [L1 ]
POC   45 TId: 0 ( I-SLICE, QP 26 )   12668272 bits [Y 99.9900 dB    U 99.9900 dB    V 99.9900 dB] [ET    25 ] [L0 ] [L1 ]
POC   46 TId: 0 ( I-SLICE, QP 26 )   12687608 bits [Y 99.9900 dB    U 99.9900 dB    V 99.9900 dB] [ET    25 ] [L0 ] [L1 ]
POC   47 TId: 0 ( I-SLICE, QP 26 )   12673736 bits [Y 99.9900 dB    U 99.9900 dB    V 99.9900 dB] [ET    25 ] [L0 ] [L1 ]
POC   48 TId: 0 ( I-SLICE, QP 26 )   12647272 bits [Y 99.9900 dB    U 99.9900 dB    V 99.9900 dB] [ET    24 ] [L0 ] [L1 ]
POC   49 TId: 0 ( I-SLICE, QP 26 )   12627360 bits [Y 99.9900 dB    U 99.9900 dB    V 99.9900 dB] [ET    25 ] [L0 ] [L1 ]
POC   50 TId: 0 ( I-SLICE, QP 26 )   12625704 bits [Y 99.9900 dB    U 99.9900 dB    V 99.9900 dB] [ET    25 ] [L0 ] [L1 ]
POC   51 TId: 0 ( I-SLICE, QP 26 )   12637576 bits [Y 99.9900 dB    U 99.9900 dB    V 99.9900 dB] [ET    25 ] [L0 ] [L1 ]
POC   52 TId: 0 ( I-SLICE, QP 26 )   12637488 bits [Y 99.9900 dB    U 99.9900 dB    V 99.9900 dB] [ET    25 ] [L0 ] [L1 ]
POC   53 TId: 0 ( I-SLICE, QP 26 )   12627704 bits [Y 99.9900 dB    U 99.9900 dB    V 99.9900 dB] [ET    25 ] [L0 ] [L1 ]
POC   54 TId: 0 ( I-SLICE, QP 26 )   12600920 bits [Y 99.9900 dB    U 99.9900 dB    V 99.9900 dB] [ET    25 ] [L0 ] [L1 ]
POC   55 TId: 0 ( I-SLICE, QP 26 )   12576904 bits [Y 99.9900 dB    U 99.9900 dB    V 99.9900 dB] [ET    24 ] [L0 ] [L1 ]
POC   56 TId: 0 ( I-SLICE, QP 26 )   12557112 bits [Y 99.9900 dB    U 99.9900 dB    V 99.9900 dB] [ET    25 ] [L0 ] [L1 ]
POC   57 TId: 0 ( I-SLICE, QP 26 )   12562192 bits [Y 99.9900 dB    U 99.9900 dB    V 99.9900 dB] [ET    24 ] [L0 ] [L1 ]
POC   58 TId: 0 ( I-SLICE, QP 26 )   12611536 bits [Y 99.9900 dB    U 99.9900 dB    V 99.9900 dB] [ET    25 ] [L0 ] [L1 ]
POC   59 TId: 0 ( I-SLICE, QP 26 )   12627224 bits [Y 99.9900 dB    U 99.9900 dB    V 99.9900 dB] [ET    25 ] [L0 ] [L1 ]
POC   60 TId: 0 ( I-SLICE, QP 26 )   12606960 bits [Y 99.9900 dB    U 99.9900 dB    V 99.9900 dB] [ET    24 ] [L0 ] [L1 ]
POC   61 TId: 0 ( I-SLICE, QP 26 )   12572208 bits [Y 99.9900 dB    U 99.9900 dB    V 99.9900 dB] [ET    25 ] [L0 ] [L1 ]
POC   62 TId: 0 ( I-SLICE, QP 26 )   12569864 bits [Y 99.9900 dB    U 99.9900 dB    V 99.9900 dB] [ET    24 ] [L0 ] [L1 ]
POC   63 TId: 0 ( I-SLICE, QP 26 )   12587744 bits [Y 99.9900 dB    U 99.9900 dB    V 99.9900 dB] [ET    25 ] [L0 ] [L1 ]
POC   64 TId: 0 ( I-SLICE, QP 26 )   12603624 bits [Y 99.9900 dB    U 99.9900 dB    V 99.9900 dB] [ET    24 ] [L0 ] [L1 ]
POC   65 TId: 0 ( I-SLICE, QP 26 )   12603120 bits [Y 99.9900 dB    U 99.9900 dB    V 99.9900 dB] [ET    24 ] [L0 ] [L1 ]
POC   66 TId: 0 ( I-SLICE, QP 26 )   12595840 bits [Y 99.9900 dB    U 99.9900 dB    V 99.9900 dB] [ET    24 ] [L0 ] [L1 ]
POC   67 TId: 0 ( I-SLICE, QP 26 )   12591376 bits [Y 99.9900 dB    U 99.9900 dB    V 99.9900 dB] [ET    25 ] [L0 ] [L1 ]
POC   68 TId: 0 ( I-SLICE, QP 26 )   12582576 bits [Y 99.9900 dB    U 99.9900 dB    V 99.9900 dB] [ET    24 ] [L0 ] [L1 ]
POC   69 TId: 0 ( I-SLICE, QP 26 )   12577416 bits [Y 99.9900 dB    U 99.9900 dB    V 99.9900 dB] [ET    25 ] [L0 ] [L1 ]
POC   70 TId: 0 ( I-SLICE, QP 26 )   12572608 bits [Y 99.9900 dB    U 99.9900 dB    V 99.9900 dB] [ET    25 ] [L0 ] [L1 ]
POC   71 TId: 0 ( I-SLICE, QP 26 )   12581712 bits [Y 99.9900 dB    U 99.9900 dB    V 99.9900 dB] [ET    25 ] [L0 ] [L1 ]
POC   72 TId: 0 ( I-SLICE, QP 26 )   12585536 bits [Y 99.9900 dB    U 99.9900 dB    V 99.9900 dB] [ET    25 ] [L0 ] [L1 ]
POC   73 TId: 0 ( I-SLICE, QP 26 )   12570384 bits [Y 99.9900 dB    U 99.9900 dB    V 99.9900 dB] [ET    24 ] [L0 ] [L1 ]
POC   74 TId: 0 ( I-SLICE, QP 26 )   12564552 bits [Y 99.9900 dB    U 99.9900 dB    V 99.9900 dB] [ET    24 ] [L0 ] [L1 ]
POC   75 TId: 0 ( I-SLICE, QP 26 )   12572744 bits [Y 99.9900 dB    U 99.9900 dB    V 99.9900 dB] [ET    25 ] [L0 ] [L1 ]
POC   76 TId: 0 ( I-SLICE, QP 26 )   12595368 bits [Y 99.9900 dB    U 99.9900 dB    V 99.9900 dB] [ET    24 ] [L0 ] [L1 ]
POC   77 TId: 0 ( I-SLICE, QP 26 )   12577296 bits [Y 99.9900 dB    U 99.9900 dB    V 99.9900 dB] [ET    24 ] [L0 ] [L1 ]
POC   78 TId: 0 ( I-SLICE, QP 26 )   12531112 bits [Y 99.9900 dB    U 99.9900 dB    V 99.9900 dB] [ET    25 ] [L0 ] [L1 ]
POC   79 TId: 0 ( I-SLICE, QP 26 )   12545440 bits [Y 99.9900 dB    U 99.9900 dB    V 99.9900 dB] [ET    24 ] [L0 ] [L1 ]
POC   80 TId: 0 ( I-SLICE, QP 26 )   12567536 bits [Y 99.9900 dB    U 99.9900 dB    V 99.9900 dB] [ET    25 ] [L0 ] [L1 ]
POC   81 TId: 0 ( I-SLICE, QP 26 )   12577712 bits [Y 99.9900 dB    U 99.9900 dB    V 99.9900 dB] [ET    24 ] [L0 ] [L1 ]
POC   82 TId: 0 ( I-SLICE, QP 26 )   12564176 bits [Y 99.9900 dB    U 99.9900 dB    V 99.9900 dB] [ET    24 ] [L0 ] [L1 ]
POC   83 TId: 0 ( I-SLICE, QP 26 )   12538736 bits [Y 99.9900 dB    U 99.9900 dB    V 99.9900 dB] [ET    24 ] [L0 ] [L1 ]
POC   84 TId: 0 ( I-SLICE, QP 26 )   12511936 bits [Y 99.9900 dB    U 99.9900 dB    V 99.9900 dB] [ET    24 ] [L0 ] [L1 ]
POC   85 TId: 0 ( I-SLICE, QP 26 )   12521496 bits [Y 99.9900 dB    U 99.9900 dB    V 99.9900 dB] [ET    22 ] [L0 ] [L1 ]
POC   86 TId: 0 ( I-SLICE, QP 26 )   12534880 bits [Y 99.9900 dB    U 99.9900 dB    V 99.9900 dB] [ET    22 ] [L0 ] [L1 ]
POC   87 TId: 0 ( I-SLICE, QP 26 )   12538720 bits [Y 99.9900 dB    U 99.9900 dB    V 99.9900 dB] [ET    22 ] [L0 ] [L1 ]
POC   88 TId: 0 ( I-SLICE, QP 26 )   12538720 bits [Y 99.9900 dB    U 99.9900 dB    V 99.9900 dB] [ET    22 ] [L0 ] [L1 ]
POC   89 TId: 0 ( I-SLICE, QP 26 )   12503064 bits [Y 99.9900 dB    U 99.9900 dB    V 99.9900 dB] [ET    22 ] [L0 ] [L1 ]
POC   90 TId: 0 ( I-SLICE, QP 26 )   12473176 bits [Y 99.9900 dB    U 99.9900 dB    V 99.9900 dB] [ET    22 ] [L0 ] [L1 ]
POC   91 TId: 0 ( I-SLICE, QP 26 )   12478408 bits [Y 99.9900 dB    U 99.9900 dB    V 99.9900 dB] [ET    22 ] [L0 ] [L1 ]
POC   92 TId: 0 ( I-SLICE, QP 26 )   12509336 bits [Y 99.9900 dB    U 99.9900 dB    V 99.9900 dB] [ET    22 ] [L0 ] [L1 ]
POC   93 TId: 0 ( I-SLICE, QP 26 )   12515584 bits [Y 99.9900 dB    U 99.9900 dB    V 99.9900 dB] [ET    22 ] [L0 ] [L1 ]
POC   94 TId: 0 ( I-SLICE, QP 26 )   12482176 bits [Y 99.9900 dB    U 99.9900 dB    V 99.9900 dB] [ET    22 ] [L0 ] [L1 ]
POC   95 TId: 0 ( I-SLICE, QP 26 )   12445384 bits [Y 99.9900 dB    U 99.9900 dB    V 99.9900 dB] [ET    22 ] [L0 ] [L1 ]
POC   96 TId: 0 ( I-SLICE, QP 26 )   12435312 bits [Y 99.9900 dB    U 99.9900 dB    V 99.9900 dB] [ET    22 ] [L0 ] [L1 ]
POC   97 TId: 0 ( I-SLICE, QP 26 )   12457016 bits [Y 99.9900 dB    U 99.9900 dB    V 99.9900 dB] [ET    21 ] [L0 ] [L1 ]
POC   98 TId: 0 ( I-SLICE, QP 26 )   12476752 bits [Y 99.9900 dB    U 99.9900 dB    V 99.9900 dB] [ET    21 ] [L0 ] [L1 ]
POC   99 TId: 0 ( I-SLICE, QP 26 )   12493832 bits [Y 99.9900 dB    U 99.9900 dB    V 99.9900 dB] [ET    21 ] [L0 ] [L1 ]


SUMMARY --------------------------------------------------------
	Total Frames |  Bitrate    Y-PSNR    U-PSNR    V-PSNR 
	      100    a 756910.9104   99.9900   99.9900   99.9900


I Slices--------------------------------------------------------
	Total Frames |  Bitrate    Y-PSNR    U-PSNR    V-PSNR 
	      100    i 756910.9104   99.9900   99.9900   99.9900


P Slices--------------------------------------------------------
	Total Frames |  Bitrate    Y-PSNR    U-PSNR    V-PSNR 
	        0    p        -nan      -nan      -nan      -nan


B Slices--------------------------------------------------------
	Total Frames |  Bitrate    Y-PSNR    U-PSNR    V-PSNR 
	        0    b        -nan      -nan      -nan      -nan

RVM: 0.000
Bytes written to file: 157690184 (756912.883 kbps)

 Total Time:     2650.900 sec.
