
HM software: Encoder Version [15.0][Linux][GCC 4.8.5][64 bit] 

Input          File          : ../../HEVC_test_sequence/ClassB/Cactus_1920x1080_50.yuv
Bitstream      File          : Cactus.bin
Reconstruction File          : Cactus.yuv
Real     Format              : 1920x1080 50Hz
Internal Format              : 1920x1080 50Hz
Frame/Field                  : Frame based coding
Frame index                  : 0 - 99 (100 frames)
CU size / depth              : 32 / 3
RQT trans. size (min / max)  : 4 / 32
Max RQT depth inter          : 3
Max RQT depth intra          : 1
Min PCM size                 : 8
Motion search range          : 64
Intra period                 : 1
Decoding refresh type        : 0
QP                           : 26.00
Max dQP signaling depth      : 0
Cb QP Offset                 : 0
Cr QP Offset                 : 0
QP adaptation                : 0 (range=0)
GOP size                     : 1
Internal bit depth           : (Y:8, C:8)
PCM sample bit depth         : (Y:8, C:8)
RateControl                  : 0
Max Num Merge Candidates     : 5

TOOL CFG: IBD:0 HAD:0 RDQ:0 RDQTS:0 RDpenalty:0 SQP:0 ASR:0 FEN:0 ECU:0 FDM:0 CFM:0 ESD:0 RQT:1 TransformSkip:0 TransformSkipFast:0 Slice: M=0 SliceSegment: M=0 CIP:0 SAO:0 PCM:0 TransQuantBypassEnabled: =1 WPP:0 WPB:0 PME:2  WaveFrontSynchro:0 WaveFrontSubstreams:1 ScalingList:0 TMVPMode:1  SignBitHidingFlag:1 RecalQP:0

POC    0 TId: 0 ( I-SLICE, QP 26 )   13039248 bits [Y 99.9900 dB    U 99.9900 dB    V 99.9900 dB] [ET    31 ] [L0 ] [L1 ]
POC    1 TId: 0 ( I-SLICE, QP 26 )   13044408 bits [Y 99.9900 dB    U 99.9900 dB    V 99.9900 dB] [ET    31 ] [L0 ] [L1 ]
POC    2 TId: 0 ( I-SLICE, QP 26 )   13053704 bits [Y 99.9900 dB    U 99.9900 dB    V 99.9900 dB] [ET    31 ] [L0 ] [L1 ]
POC    3 TId: 0 ( I-SLICE, QP 26 )   13061472 bits [Y 99.9900 dB    U 99.9900 dB    V 99.9900 dB] [ET    31 ] [L0 ] [L1 ]
POC    4 TId: 0 ( I-SLICE, QP 26 )   13079376 bits [Y 99.9900 dB    U 99.9900 dB    V 99.9900 dB] [ET    31 ] [L0 ] [L1 ]
POC    5 TId: 0 ( I-SLICE, QP 26 )   13107424 bits [Y 99.9900 dB    U 99.9900 dB    V 99.9900 dB] [ET    31 ] [L0 ] [L1 ]
POC    6 TId: 0 ( I-SLICE, QP 26 )   13125504 bits [Y 99.9900 dB    U 99.9900 dB    V 99.9900 dB] [ET    31 ] [L0 ] [L1 ]
POC    7 TId: 0 ( I-SLICE, QP 26 )   13113896 bits [Y 99.9900 dB    U 99.9900 dB    V 99.9900 dB] [ET    34 ] [L0 ] [L1 ]
POC    8 TId: 0 ( I-SLICE, QP 26 )   13096352 bits [Y 99.9900 dB    U 99.9900 dB    V 99.9900 dB] [ET    31 ] [L0 ] [L1 ]
POC    9 TId: 0 ( I-SLICE, QP 26 )   13093344 bits [Y 99.9900 dB    U 99.9900 dB    V 99.9900 dB] [ET    31 ] [L0 ] [L1 ]
POC   10 TId: 0 ( I-SLICE, QP 26 )   13078552 bits [Y 99.9900 dB    U 99.9900 dB    V 99.9900 dB] [ET    31 ] [L0 ] [L1 ]
POC   11 TId: 0 ( I-SLICE, QP 26 )   13074168 bits [Y 99.9900 dB    U 99.9900 dB    V 99.9900 dB] [ET    31 ] [L0 ] [L1 ]
POC   12 TId: 0 ( I-SLICE, QP 26 )   13064424 bits [Y 99.9900 dB    U 99.9900 dB    V 99.9900 dB] [ET    31 ] [L0 ] [L1 ]
POC   13 TId: 0 ( I-SLICE, QP 26 )   13067192 bits [Y 99.9900 dB    U 99.9900 dB    V 99.9900 dB] [ET    31 ] [L0 ] [L1 ]
POC   14 TId: 0 ( I-SLICE, QP 26 )   13063352 bits [Y 99.9900 dB    U 99.9900 dB    V 99.9900 dB] [ET    31 ] [L0 ] [L1 ]
POC   15 TId: 0 ( I-SLICE, QP 26 )   13056936 bits [Y 99.9900 dB    U 99.9900 dB    V 99.9900 dB] [ET    31 ] [L0 ] [L1 ]
POC   16 TId: 0 ( I-SLICE, QP 26 )   13050008 bits [Y 99.9900 dB    U 99.9900 dB    V 99.9900 dB] [ET    31 ] [L0 ] [L1 ]
POC   17 TId: 0 ( I-SLICE, QP 26 )   13046400 bits [Y 99.9900 dB    U 99.9900 dB    V 99.9900 dB] [ET    31 ] [L0 ] [L1 ]
POC   18 TId: 0 ( I-SLICE, QP 26 )   13056096 bits [Y 99.9900 dB    U 99.9900 dB    V 99.9900 dB] [ET    31 ] [L0 ] [L1 ]
POC   19 TId: 0 ( I-SLICE, QP 26 )   13066376 bits [Y 99.9900 dB    U 99.9900 dB    V 99.9900 dB] [ET    31 ] [L0 ] [L1 ]
POC   20 TId: 0 ( I-SLICE, QP 26 )   13061456 bits [Y 99.9900 dB    U 99.9900 dB    V 99.9900 dB] [ET    31 ] [L0 ] [L1 ]
POC   21 TId: 0 ( I-SLICE, QP 26 )   13051384 bits [Y 99.9900 dB    U 99.9900 dB    V 99.9900 dB] [ET    31 ] [L0 ] [L1 ]
POC   22 TId: 0 ( I-SLICE, QP 26 )   13053752 bits [Y 99.9900 dB    U 99.9900 dB    V 99.9900 dB] [ET    31 ] [L0 ] [L1 ]
POC   23 TId: 0 ( I-SLICE, QP 26 )   13056016 bits [Y 99.9900 dB    U 99.9900 dB    V 99.9900 dB] [ET    31 ] [L0 ] [L1 ]
POC   24 TId: 0 ( I-SLICE, QP 26 )   13051944 bits [Y 99.9900 dB    U 99.9900 dB    V 99.9900 dB] [ET    31 ] [L0 ] [L1 ]
POC   25 TId: 0 ( I-SLICE, QP 26 )   13050624 bits [Y 99.9900 dB    U 99.9900 dB    V 99.9900 dB] [ET    31 ] [L0 ] [L1 ]
POC   26 TId: 0 ( I-SLICE, QP 26 )   13048560 bits [Y 99.9900 dB    U 99.9900 dB    V 99.9900 dB] [ET    31 ] [L0 ] [L1 ]
POC   27 TId: 0 ( I-SLICE, QP 26 )   13050624 bits [Y 99.9900 dB    U 99.9900 dB    V 99.9900 dB] [ET    31 ] [L0 ] [L1 ]
POC   28 TId: 0 ( I-SLICE, QP 26 )   13042976 bits [Y 99.9900 dB    U 99.9900 dB    V 99.9900 dB] [ET    31 ] [L0 ] [L1 ]
POC   29 TId: 0 ( I-SLICE, QP 26 )   13044024 bits [Y 99.9900 dB    U 99.9900 dB    V 99.9900 dB] [ET    31 ] [L0 ] [L1 ]
POC   30 TId: 0 ( I-SLICE, QP 26 )   13038976 bits [Y 99.9900 dB    U 99.9900 dB    V 99.9900 dB] [ET    31 ] [L0 ] [L1 ]
POC   31 TId: 0 ( I-SLICE, QP 26 )   13048640 bits [Y 99.9900 dB    U 99.9900 dB    V 99.9900 dB] [ET    31 ] [L0 ] [L1 ]
POC   32 TId: 0 ( I-SLICE, QP 26 )   13059888 bits [Y 99.9900 dB    U 99.9900 dB    V 99.9900 dB] [ET    31 ] [L0 ] [L1 ]
POC   33 TId: 0 ( I-SLICE, QP 26 )   13067304 bits [Y 99.9900 dB    U 99.9900 dB    V 99.9900 dB] [ET    31 ] [L0 ] [L1 ]
POC   34 TId: 0 ( I-SLICE, QP 26 )   13078000 bits [Y 99.9900 dB    U 99.9900 dB    V 99.9900 dB] [ET    31 ] [L0 ] [L1 ]
POC   35 TId: 0 ( I-SLICE, QP 26 )   13071392 bits [Y 99.9900 dB    U 99.9900 dB    V 99.9900 dB] [ET    31 ] [L0 ] [L1 ]
POC   36 TId: 0 ( I-SLICE, QP 26 )   13075528 bits [Y 99.9900 dB    U 99.9900 dB    V 99.9900 dB] [ET    31 ] [L0 ] [L1 ]
POC   37 TId: 0 ( I-SLICE, QP 26 )   13081064 bits [Y 99.9900 dB    U 99.9900 dB    V 99.9900 dB] [ET    31 ] [L0 ] [L1 ]
POC   38 TId: 0 ( I-SLICE, QP 26 )   13087152 bits [Y 99.9900 dB    U 99.9900 dB    V 99.9900 dB] [ET    31 ] [L0 ] [L1 ]
POC   39 TId: 0 ( I-SLICE, QP 26 )   13088232 bits [Y 99.9900 dB    U 99.9900 dB    V 99.9900 dB] [ET    31 ] [L0 ] [L1 ]
POC   40 TId: 0 ( I-SLICE, QP 26 )   13084608 bits [Y 99.9900 dB    U 99.9900 dB    V 99.9900 dB] [ET    31 ] [L0 ] [L1 ]
POC   41 TId: 0 ( I-SLICE, QP 26 )   13074440 bits [Y 99.9900 dB    U 99.9900 dB    V 99.9900 dB] [ET    31 ] [L0 ] [L1 ]
POC   42 TId: 0 ( I-SLICE, QP 26 )   13061072 bits [Y 99.9900 dB    U 99.9900 dB    V 99.9900 dB] [ET    31 ] [L0 ] [L1 ]
POC   43 TId: 0 ( I-SLICE, QP 26 )   13053464 bits [Y 99.9900 dB    U 99.9900 dB    V 99.9900 dB] [ET    31 ] [L0 ] [L1 ]
POC   44 TId: 0 ( I-SLICE, QP 26 )   13039568 bits [Y 99.9900 dB    U 99.9900 dB    V 99.9900 dB] [ET    31 ] [L0 ] [L1 ]
POC   45 TId: 0 ( I-SLICE, QP 26 )   13049168 bits [Y 99.9900 dB    U 99.9900 dB    V 99.9900 dB] [ET    31 ] [L0 ] [L1 ]
POC   46 TId: 0 ( I-SLICE, QP 26 )   13063056 bits [Y 99.9900 dB    U 99.9900 dB    V 99.9900 dB] [ET    31 ] [L0 ] [L1 ]
POC   47 TId: 0 ( I-SLICE, QP 26 )   13060336 bits [Y 99.9900 dB    U 99.9900 dB    V 99.9900 dB] [ET    31 ] [L0 ] [L1 ]
POC   48 TId: 0 ( I-SLICE, QP 26 )   13055040 bits [Y 99.9900 dB    U 99.9900 dB    V 99.9900 dB] [ET    30 ] [L0 ] [L1 ]
POC   49 TId: 0 ( I-SLICE, QP 26 )   13052184 bits [Y 99.9900 dB    U 99.9900 dB    V 99.9900 dB] [ET    29 ] [L0 ] [L1 ]
POC   50 TId: 0 ( I-SLICE, QP 26 )   13049136 bits [Y 99.9900 dB    U 99.9900 dB    V 99.9900 dB] [ET    29 ] [L0 ] [L1 ]
POC   51 TId: 0 ( I-SLICE, QP 26 )   13066264 bits [Y 99.9900 dB    U 99.9900 dB    V 99.9900 dB] [ET    28 ] [L0 ] [L1 ]
POC   52 TId: 0 ( I-SLICE, QP 26 )   13061984 bits [Y 99.9900 dB    U 99.9900 dB    V 99.9900 dB] [ET    28 ] [L0 ] [L1 ]
POC   53 TId: 0 ( I-SLICE, QP 26 )   13056696 bits [Y 99.9900 dB    U 99.9900 dB    V 99.9900 dB] [ET    28 ] [L0 ] [L1 ]
POC   54 TId: 0 ( I-SLICE, QP 26 )   13065520 bits [Y 99.9900 dB    U 99.9900 dB    V 99.9900 dB] [ET    27 ] [L0 ] [L1 ]
POC   55 TId: 0 ( I-SLICE, QP 26 )   13063808 bits [Y 99.9900 dB    U 99.9900 dB    V 99.9900 dB] [ET    26 ] [L0 ] [L1 ]
POC   56 TId: 0 ( I-SLICE, QP 26 )   13077016 bits [Y 99.9900 dB    U 99.9900 dB    V 99.9900 dB] [ET    27 ] [L0 ] [L1 ]
POC   57 TId: 0 ( I-SLICE, QP 26 )   13080744 bits [Y 99.9900 dB    U 99.9900 dB    V 99.9900 dB] [ET    26 ] [L0 ] [L1 ]
POC   58 TId: 0 ( I-SLICE, QP 26 )   13093280 bits [Y 99.9900 dB    U 99.9900 dB    V 99.9900 dB] [ET    26 ] [L0 ] [L1 ]
POC   59 TId: 0 ( I-SLICE, QP 26 )   13097208 bits [Y 99.9900 dB    U 99.9900 dB    V 99.9900 dB] [ET    26 ] [L0 ] [L1 ]
POC   60 TId: 0 ( I-SLICE, QP 26 )   13107704 bits [Y 99.9900 dB    U 99.9900 dB    V 99.9900 dB] [ET    25 ] [L0 ] [L1 ]
POC   61 TId: 0 ( I-SLICE, QP 26 )   13106696 bits [Y 99.9900 dB    U 99.9900 dB    V 99.9900 dB] [ET    24 ] [L0 ] [L1 ]
POC   62 TId: 0 ( I-SLICE, QP 26 )   13100648 bits [Y 99.9900 dB    U 99.9900 dB    V 99.9900 dB] [ET    25 ] [L0 ] [L1 ]
POC   63 TId: 0 ( I-SLICE, QP 26 )   13106912 bits [Y 99.9900 dB    U 99.9900 dB    V 99.9900 dB] [ET    25 ] [L0 ] [L1 ]
POC   64 TId: 0 ( I-SLICE, QP 26 )   13091344 bits [Y 99.9900 dB    U 99.9900 dB    V 99.9900 dB] [ET    25 ] [L0 ] [L1 ]
POC   65 TId: 0 ( I-SLICE, QP 26 )   13080392 bits [Y 99.9900 dB    U 99.9900 dB    V 99.9900 dB] [ET    24 ] [L0 ] [L1 ]
POC   66 TId: 0 ( I-SLICE, QP 26 )   13067808 bits [Y 99.9900 dB    U 99.9900 dB    V 99.9900 dB] [ET    25 ] [L0 ] [L1 ]
POC   67 TId: 0 ( I-SLICE, QP 26 )   13060176 bits [Y 99.9900 dB    U 99.9900 dB    V 99.9900 dB] [ET    25 ] [L0 ] [L1 ]
POC   68 TId: 0 ( I-SLICE, QP 26 )   13043080 bits [Y 99.9900 dB    U 99.9900 dB    V 99.9900 dB] [ET    24 ] [L0 ] [L1 ]
POC   69 TId: 0 ( I-SLICE, QP 26 )   13030424 bits [Y 99.9900 dB    U 99.9900 dB    V 99.9900 dB] [ET    24 ] [L0 ] [L1 ]
POC   70 TId: 0 ( I-SLICE, QP 26 )   13020992 bits [Y 99.9900 dB    U 99.9900 dB    V 99.9900 dB] [ET    25 ] [L0 ] [L1 ]
POC   71 TId: 0 ( I-SLICE, QP 26 )   13026496 bits [Y 99.9900 dB    U 99.9900 dB    V 99.9900 dB] [ET    25 ] [L0 ] [L1 ]
POC   72 TId: 0 ( I-SLICE, QP 26 )   13015416 bits [Y 99.9900 dB    U 99.9900 dB    V 99.9900 dB] [ET    25 ] [L0 ] [L1 ]
POC   73 TId: 0 ( I-SLICE, QP 26 )   13006312 bits [Y 99.9900 dB    U 99.9900 dB    V 99.9900 dB] [ET    24 ] [L0 ] [L1 ]
POC   74 TId: 0 ( I-SLICE, QP 26 )   13005616 bits [Y 99.9900 dB    U 99.9900 dB    V 99.9900 dB] [ET    25 ] [L0 ] [L1 ]
POC   75 TId: 0 ( I-SLICE, QP 26 )   13000416 bits [Y 99.9900 dB    U 99.9900 dB    V 99.9900 dB] [ET    24 ] [L0 ] [L1 ]
POC   76 TId: 0 ( I-SLICE, QP 26 )   12998368 bits [Y 99.9900 dB    U 99.9900 dB    V 99.9900 dB] [ET    25 ] [L0 ] [L1 ]
POC   77 TId: 0 ( I-SLICE, QP 26 )   13005984 bits [Y 99.9900 dB    U 99.9900 dB    V 99.9900 dB] [ET    25 ] [L0 ] [L1 ]
POC   78 TId: 0 ( I-SLICE, QP 26 )   12992424 bits [Y 99.9900 dB    U 99.9900 dB    V 99.9900 dB] [ET    24 ] [L0 ] [L1 ]
POC   79 TId: 0 ( I-SLICE, QP 26 )   12987152 bits [Y 99.9900 dB    U 99.9900 dB    V 99.9900 dB] [ET    24 ] [L0 ] [L1 ]
POC   80 TId: 0 ( I-SLICE, QP 26 )   12987232 bits [Y 99.9900 dB    U 99.9900 dB    V 99.9900 dB] [ET    25 ] [L0 ] [L1 ]
POC   81 TId: 0 ( I-SLICE, QP 26 )   12985224 bits [Y 99.9900 dB    U 99.9900 dB    V 99.9900 dB] [ET    25 ] [L0 ] [L1 ]
POC   82 TId: 0 ( I-SLICE, QP 26 )   12992272 bits [Y 99.9900 dB    U 99.9900 dB    V 99.9900 dB] [ET    24 ] [L0 ] [L1 ]
POC   83 TId: 0 ( I-SLICE, QP 26 )   12998768 bits [Y 99.9900 dB    U 99.9900 dB    V 99.9900 dB] [ET    24 ] [L0 ] [L1 ]
POC   84 TId: 0 ( I-SLICE, QP 26 )   13009096 bits [Y 99.9900 dB    U 99.9900 dB    V 99.9900 dB] [ET    25 ] [L0 ] [L1 ]
POC   85 TId: 0 ( I-SLICE, QP 26 )   13007184 bits [Y 99.9900 dB    U 99.9900 dB    V 99.9900 dB] [ET    25 ] [L0 ] [L1 ]
POC   86 TId: 0 ( I-SLICE, QP 26 )   13008176 bits [Y 99.9900 dB    U 99.9900 dB    V 99.9900 dB] [ET    25 ] [L0 ] [L1 ]
POC   87 TId: 0 ( I-SLICE, QP 26 )   13001408 bits [Y 99.9900 dB    U 99.9900 dB    V 99.9900 dB] [ET    24 ] [L0 ] [L1 ]
POC   88 TId: 0 ( I-SLICE, QP 26 )   12983824 bits [Y 99.9900 dB    U 99.9900 dB    V 99.9900 dB] [ET    24 ] [L0 ] [L1 ]
POC   89 TId: 0 ( I-SLICE, QP 26 )   12979168 bits [Y 99.9900 dB    U 99.9900 dB    V 99.9900 dB] [ET    25 ] [L0 ] [L1 ]
POC   90 TId: 0 ( I-SLICE, QP 26 )   12982688 bits [Y 99.9900 dB    U 99.9900 dB    V 99.9900 dB] [ET    25 ] [L0 ] [L1 ]
POC   91 TId: 0 ( I-SLICE, QP 26 )   12975768 bits [Y 99.9900 dB    U 99.9900 dB    V 99.9900 dB] [ET    25 ] [L0 ] [L1 ]
POC   92 TId: 0 ( I-SLICE, QP 26 )   12964120 bits [Y 99.9900 dB    U 99.9900 dB    V 99.9900 dB] [ET    25 ] [L0 ] [L1 ]
POC   93 TId: 0 ( I-SLICE, QP 26 )   12951536 bits [Y 99.9900 dB    U 99.9900 dB    V 99.9900 dB] [ET    24 ] [L0 ] [L1 ]
POC   94 TId: 0 ( I-SLICE, QP 26 )   12955352 bits [Y 99.9900 dB    U 99.9900 dB    V 99.9900 dB] [ET    24 ] [L0 ] [L1 ]
POC   95 TId: 0 ( I-SLICE, QP 26 )   12943480 bits [Y 99.9900 dB    U 99.9900 dB    V 99.9900 dB] [ET    25 ] [L0 ] [L1 ]
POC   96 TId: 0 ( I-SLICE, QP 26 )   12958312 bits [Y 99.9900 dB    U 99.9900 dB    V 99.9900 dB] [ET    25 ] [L0 ] [L1 ]
POC   97 TId: 0 ( I-SLICE, QP 26 )   12965024 bits [Y 99.9900 dB    U 99.9900 dB    V 99.9900 dB] [ET    25 ] [L0 ] [L1 ]
POC   98 TId: 0 ( I-SLICE, QP 26 )   12961856 bits [Y 99.9900 dB    U 99.9900 dB    V 99.9900 dB] [ET    24 ] [L0 ] [L1 ]
POC   99 TId: 0 ( I-SLICE, QP 26 )   12981448 bits [Y 99.9900 dB    U 99.9900 dB    V 99.9900 dB] [ET    24 ] [L0 ] [L1 ]


SUMMARY --------------------------------------------------------
	Total Frames |  Bitrate    Y-PSNR    U-PSNR    V-PSNR 
	      100    a 652198.3280   99.9900   99.9900   99.9900


I Slices--------------------------------------------------------
	Total Frames |  Bitrate    Y-PSNR    U-PSNR    V-PSNR 
	      100    i 652198.3280   99.9900   99.9900   99.9900


P Slices--------------------------------------------------------
	Total Frames |  Bitrate    Y-PSNR    U-PSNR    V-PSNR 
	        0    p        -nan      -nan      -nan      -nan


B Slices--------------------------------------------------------
	Total Frames |  Bitrate    Y-PSNR    U-PSNR    V-PSNR 
	        0    b        -nan      -nan      -nan      -nan

RVM: 0.000
Bytes written to file: 163049993 (652199.972 kbps)

 Total Time:     2800.000 sec.
