
HM software: Encoder Version [15.0][Linux][GCC 4.8.5][64 bit] 

Input          File          : ../../HEVC_test_sequence/ClassF/ChinaSpeed_1024x768_30.yuv
Bitstream      File          : ChinaSpeed.bin
Reconstruction File          : ChinaSpeed.yuv
Real     Format              : 1024x768 30Hz
Internal Format              : 1024x768 30Hz
Frame/Field                  : Frame based coding
Frame index                  : 0 - 99 (100 frames)
CU size / depth              : 32 / 3
RQT trans. size (min / max)  : 4 / 32
Max RQT depth inter          : 3
Max RQT depth intra          : 1
Min PCM size                 : 8
Motion search range          : 64
Intra period                 : 1
Decoding refresh type        : 0
QP                           : 26.00
Max dQP signaling depth      : 0
Cb QP Offset                 : 0
Cr QP Offset                 : 0
QP adaptation                : 0 (range=0)
GOP size                     : 1
Internal bit depth           : (Y:8, C:8)
PCM sample bit depth         : (Y:8, C:8)
RateControl                  : 0
Max Num Merge Candidates     : 5

TOOL CFG: IBD:0 HAD:0 RDQ:0 RDQTS:0 RDpenalty:0 SQP:0 ASR:0 FEN:0 ECU:0 FDM:0 CFM:0 ESD:0 RQT:1 TransformSkip:0 TransformSkipFast:0 Slice: M=0 SliceSegment: M=0 CIP:0 SAO:0 PCM:0 TransQuantBypassEnabled: =1 WPP:0 WPB:0 PME:2  WaveFrontSynchro:0 WaveFrontSubstreams:1 ScalingList:0 TMVPMode:1  SignBitHidingFlag:1 RecalQP:0

POC    0 TId: 0 ( I-SLICE, QP 26 )    2962688 bits [Y 99.9900 dB    U 99.9900 dB    V 99.9900 dB] [ET    10 ] [L0 ] [L1 ]
POC    1 TId: 0 ( I-SLICE, QP 26 )    2975848 bits [Y 99.9900 dB    U 99.9900 dB    V 99.9900 dB] [ET    11 ] [L0 ] [L1 ]
POC    2 TId: 0 ( I-SLICE, QP 26 )    2986800 bits [Y 99.9900 dB    U 99.9900 dB    V 99.9900 dB] [ET    11 ] [L0 ] [L1 ]
POC    3 TId: 0 ( I-SLICE, QP 26 )    3016656 bits [Y 99.9900 dB    U 99.9900 dB    V 99.9900 dB] [ET    11 ] [L0 ] [L1 ]
POC    4 TId: 0 ( I-SLICE, QP 26 )    3045056 bits [Y 99.9900 dB    U 99.9900 dB    V 99.9900 dB] [ET    11 ] [L0 ] [L1 ]
POC    5 TId: 0 ( I-SLICE, QP 26 )    3053560 bits [Y 99.9900 dB    U 99.9900 dB    V 99.9900 dB] [ET    11 ] [L0 ] [L1 ]
POC    6 TId: 0 ( I-SLICE, QP 26 )    3067504 bits [Y 99.9900 dB    U 99.9900 dB    V 99.9900 dB] [ET    11 ] [L0 ] [L1 ]
POC    7 TId: 0 ( I-SLICE, QP 26 )    3063520 bits [Y 99.9900 dB    U 99.9900 dB    V 99.9900 dB] [ET    11 ] [L0 ] [L1 ]
POC    8 TId: 0 ( I-SLICE, QP 26 )    3074160 bits [Y 99.9900 dB    U 99.9900 dB    V 99.9900 dB] [ET    12 ] [L0 ] [L1 ]
POC    9 TId: 0 ( I-SLICE, QP 26 )    3064960 bits [Y 99.9900 dB    U 99.9900 dB    V 99.9900 dB] [ET    11 ] [L0 ] [L1 ]
POC   10 TId: 0 ( I-SLICE, QP 26 )    3020600 bits [Y 99.9900 dB    U 99.9900 dB    V 99.9900 dB] [ET    11 ] [L0 ] [L1 ]
POC   11 TId: 0 ( I-SLICE, QP 26 )    2998792 bits [Y 99.9900 dB    U 99.9900 dB    V 99.9900 dB] [ET    11 ] [L0 ] [L1 ]
POC   12 TId: 0 ( I-SLICE, QP 26 )    2973056 bits [Y 99.9900 dB    U 99.9900 dB    V 99.9900 dB] [ET    11 ] [L0 ] [L1 ]
POC   13 TId: 0 ( I-SLICE, QP 26 )    2977712 bits [Y 99.9900 dB    U 99.9900 dB    V 99.9900 dB] [ET    11 ] [L0 ] [L1 ]
POC   14 TId: 0 ( I-SLICE, QP 26 )    2990128 bits [Y 99.9900 dB    U 99.9900 dB    V 99.9900 dB] [ET    11 ] [L0 ] [L1 ]
POC   15 TId: 0 ( I-SLICE, QP 26 )    2981192 bits [Y 99.9900 dB    U 99.9900 dB    V 99.9900 dB] [ET    11 ] [L0 ] [L1 ]
POC   16 TId: 0 ( I-SLICE, QP 26 )    2980360 bits [Y 99.9900 dB    U 99.9900 dB    V 99.9900 dB] [ET    11 ] [L0 ] [L1 ]
POC   17 TId: 0 ( I-SLICE, QP 26 )    2969000 bits [Y 99.9900 dB    U 99.9900 dB    V 99.9900 dB] [ET    11 ] [L0 ] [L1 ]
POC   18 TId: 0 ( I-SLICE, QP 26 )    2958512 bits [Y 99.9900 dB    U 99.9900 dB    V 99.9900 dB] [ET    11 ] [L0 ] [L1 ]
POC   19 TId: 0 ( I-SLICE, QP 26 )    2975104 bits [Y 99.9900 dB    U 99.9900 dB    V 99.9900 dB] [ET    10 ] [L0 ] [L1 ]
POC   20 TId: 0 ( I-SLICE, QP 26 )    2985880 bits [Y 99.9900 dB    U 99.9900 dB    V 99.9900 dB] [ET    11 ] [L0 ] [L1 ]
POC   21 TId: 0 ( I-SLICE, QP 26 )    2978528 bits [Y 99.9900 dB    U 99.9900 dB    V 99.9900 dB] [ET    10 ] [L0 ] [L1 ]
POC   22 TId: 0 ( I-SLICE, QP 26 )    2982048 bits [Y 99.9900 dB    U 99.9900 dB    V 99.9900 dB] [ET    11 ] [L0 ] [L1 ]
POC   23 TId: 0 ( I-SLICE, QP 26 )    2999120 bits [Y 99.9900 dB    U 99.9900 dB    V 99.9900 dB] [ET    11 ] [L0 ] [L1 ]
POC   24 TId: 0 ( I-SLICE, QP 26 )    3002288 bits [Y 99.9900 dB    U 99.9900 dB    V 99.9900 dB] [ET    11 ] [L0 ] [L1 ]
POC   25 TId: 0 ( I-SLICE, QP 26 )    2997504 bits [Y 99.9900 dB    U 99.9900 dB    V 99.9900 dB] [ET    11 ] [L0 ] [L1 ]
POC   26 TId: 0 ( I-SLICE, QP 26 )    3002136 bits [Y 99.9900 dB    U 99.9900 dB    V 99.9900 dB] [ET    10 ] [L0 ] [L1 ]
POC   27 TId: 0 ( I-SLICE, QP 26 )    2999680 bits [Y 99.9900 dB    U 99.9900 dB    V 99.9900 dB] [ET    11 ] [L0 ] [L1 ]
POC   28 TId: 0 ( I-SLICE, QP 26 )    2986936 bits [Y 99.9900 dB    U 99.9900 dB    V 99.9900 dB] [ET    11 ] [L0 ] [L1 ]
POC   29 TId: 0 ( I-SLICE, QP 26 )    2990888 bits [Y 99.9900 dB    U 99.9900 dB    V 99.9900 dB] [ET    11 ] [L0 ] [L1 ]
POC   30 TId: 0 ( I-SLICE, QP 26 )    3000184 bits [Y 99.9900 dB    U 99.9900 dB    V 99.9900 dB] [ET    11 ] [L0 ] [L1 ]
POC   31 TId: 0 ( I-SLICE, QP 26 )    3003152 bits [Y 99.9900 dB    U 99.9900 dB    V 99.9900 dB] [ET    11 ] [L0 ] [L1 ]
POC   32 TId: 0 ( I-SLICE, QP 26 )    3002472 bits [Y 99.9900 dB    U 99.9900 dB    V 99.9900 dB] [ET    11 ] [L0 ] [L1 ]
POC   33 TId: 0 ( I-SLICE, QP 26 )    2989888 bits [Y 99.9900 dB    U 99.9900 dB    V 99.9900 dB] [ET    11 ] [L0 ] [L1 ]
POC   34 TId: 0 ( I-SLICE, QP 26 )    2968216 bits [Y 99.9900 dB    U 99.9900 dB    V 99.9900 dB] [ET    11 ] [L0 ] [L1 ]
POC   35 TId: 0 ( I-SLICE, QP 26 )    2957840 bits [Y 99.9900 dB    U 99.9900 dB    V 99.9900 dB] [ET    11 ] [L0 ] [L1 ]
POC   36 TId: 0 ( I-SLICE, QP 26 )    2972640 bits [Y 99.9900 dB    U 99.9900 dB    V 99.9900 dB] [ET    11 ] [L0 ] [L1 ]
POC   37 TId: 0 ( I-SLICE, QP 26 )    2991200 bits [Y 99.9900 dB    U 99.9900 dB    V 99.9900 dB] [ET    11 ] [L0 ] [L1 ]
POC   38 TId: 0 ( I-SLICE, QP 26 )    2983296 bits [Y 99.9900 dB    U 99.9900 dB    V 99.9900 dB] [ET    11 ] [L0 ] [L1 ]
POC   39 TId: 0 ( I-SLICE, QP 26 )    2995832 bits [Y 99.9900 dB    U 99.9900 dB    V 99.9900 dB] [ET    11 ] [L0 ] [L1 ]
POC   40 TId: 0 ( I-SLICE, QP 26 )    3018504 bits [Y 99.9900 dB    U 99.9900 dB    V 99.9900 dB] [ET    11 ] [L0 ] [L1 ]
POC   41 TId: 0 ( I-SLICE, QP 26 )    3044488 bits [Y 99.9900 dB    U 99.9900 dB    V 99.9900 dB] [ET    11 ] [L0 ] [L1 ]
POC   42 TId: 0 ( I-SLICE, QP 26 )    3056040 bits [Y 99.9900 dB    U 99.9900 dB    V 99.9900 dB] [ET    11 ] [L0 ] [L1 ]
POC   43 TId: 0 ( I-SLICE, QP 26 )    3091448 bits [Y 99.9900 dB    U 99.9900 dB    V 99.9900 dB] [ET    11 ] [L0 ] [L1 ]
POC   44 TId: 0 ( I-SLICE, QP 26 )    3122304 bits [Y 99.9900 dB    U 99.9900 dB    V 99.9900 dB] [ET    11 ] [L0 ] [L1 ]
POC   45 TId: 0 ( I-SLICE, QP 26 )    3144168 bits [Y 99.9900 dB    U 99.9900 dB    V 99.9900 dB] [ET    11 ] [L0 ] [L1 ]
POC   46 TId: 0 ( I-SLICE, QP 26 )    3154752 bits [Y 99.9900 dB    U 99.9900 dB    V 99.9900 dB] [ET    11 ] [L0 ] [L1 ]
POC   47 TId: 0 ( I-SLICE, QP 26 )    3162392 bits [Y 99.9900 dB    U 99.9900 dB    V 99.9900 dB] [ET    11 ] [L0 ] [L1 ]
POC   48 TId: 0 ( I-SLICE, QP 26 )    3159784 bits [Y 99.9900 dB    U 99.9900 dB    V 99.9900 dB] [ET    11 ] [L0 ] [L1 ]
POC   49 TId: 0 ( I-SLICE, QP 26 )    3157720 bits [Y 99.9900 dB    U 99.9900 dB    V 99.9900 dB] [ET    11 ] [L0 ] [L1 ]
POC   50 TId: 0 ( I-SLICE, QP 26 )    3151216 bits [Y 99.9900 dB    U 99.9900 dB    V 99.9900 dB] [ET    11 ] [L0 ] [L1 ]
POC   51 TId: 0 ( I-SLICE, QP 26 )    3159264 bits [Y 99.9900 dB    U 99.9900 dB    V 99.9900 dB] [ET    11 ] [L0 ] [L1 ]
POC   52 TId: 0 ( I-SLICE, QP 26 )    3176576 bits [Y 99.9900 dB    U 99.9900 dB    V 99.9900 dB] [ET    11 ] [L0 ] [L1 ]
POC   53 TId: 0 ( I-SLICE, QP 26 )    3165976 bits [Y 99.9900 dB    U 99.9900 dB    V 99.9900 dB] [ET    11 ] [L0 ] [L1 ]
POC   54 TId: 0 ( I-SLICE, QP 26 )    3144280 bits [Y 99.9900 dB    U 99.9900 dB    V 99.9900 dB] [ET    11 ] [L0 ] [L1 ]
POC   55 TId: 0 ( I-SLICE, QP 26 )    3132352 bits [Y 99.9900 dB    U 99.9900 dB    V 99.9900 dB] [ET    11 ] [L0 ] [L1 ]
POC   56 TId: 0 ( I-SLICE, QP 26 )    3113936 bits [Y 99.9900 dB    U 99.9900 dB    V 99.9900 dB] [ET    11 ] [L0 ] [L1 ]
POC   57 TId: 0 ( I-SLICE, QP 26 )    3119632 bits [Y 99.9900 dB    U 99.9900 dB    V 99.9900 dB] [ET    11 ] [L0 ] [L1 ]
POC   58 TId: 0 ( I-SLICE, QP 26 )    3133472 bits [Y 99.9900 dB    U 99.9900 dB    V 99.9900 dB] [ET    11 ] [L0 ] [L1 ]
POC   59 TId: 0 ( I-SLICE, QP 26 )    3146008 bits [Y 99.9900 dB    U 99.9900 dB    V 99.9900 dB] [ET    11 ] [L0 ] [L1 ]
POC   60 TId: 0 ( I-SLICE, QP 26 )    3134104 bits [Y 99.9900 dB    U 99.9900 dB    V 99.9900 dB] [ET    11 ] [L0 ] [L1 ]
POC   61 TId: 0 ( I-SLICE, QP 26 )    3138664 bits [Y 99.9900 dB    U 99.9900 dB    V 99.9900 dB] [ET    11 ] [L0 ] [L1 ]
POC   62 TId: 0 ( I-SLICE, QP 26 )    3143552 bits [Y 99.9900 dB    U 99.9900 dB    V 99.9900 dB] [ET    11 ] [L0 ] [L1 ]
POC   63 TId: 0 ( I-SLICE, QP 26 )    3170736 bits [Y 99.9900 dB    U 99.9900 dB    V 99.9900 dB] [ET    11 ] [L0 ] [L1 ]
POC   64 TId: 0 ( I-SLICE, QP 26 )    3184416 bits [Y 99.9900 dB    U 99.9900 dB    V 99.9900 dB] [ET    11 ] [L0 ] [L1 ]
POC   65 TId: 0 ( I-SLICE, QP 26 )    3199040 bits [Y 99.9900 dB    U 99.9900 dB    V 99.9900 dB] [ET    11 ] [L0 ] [L1 ]
POC   66 TId: 0 ( I-SLICE, QP 26 )    3187688 bits [Y 99.9900 dB    U 99.9900 dB    V 99.9900 dB] [ET    11 ] [L0 ] [L1 ]
POC   67 TId: 0 ( I-SLICE, QP 26 )    3175560 bits [Y 99.9900 dB    U 99.9900 dB    V 99.9900 dB] [ET    11 ] [L0 ] [L1 ]
POC   68 TId: 0 ( I-SLICE, QP 26 )    3143104 bits [Y 99.9900 dB    U 99.9900 dB    V 99.9900 dB] [ET    11 ] [L0 ] [L1 ]
POC   69 TId: 0 ( I-SLICE, QP 26 )    3122864 bits [Y 99.9900 dB    U 99.9900 dB    V 99.9900 dB] [ET    11 ] [L0 ] [L1 ]
POC   70 TId: 0 ( I-SLICE, QP 26 )    3116016 bits [Y 99.9900 dB    U 99.9900 dB    V 99.9900 dB] [ET    11 ] [L0 ] [L1 ]
POC   71 TId: 0 ( I-SLICE, QP 26 )    3099008 bits [Y 99.9900 dB    U 99.9900 dB    V 99.9900 dB] [ET    11 ] [L0 ] [L1 ]
POC   72 TId: 0 ( I-SLICE, QP 26 )    3119888 bits [Y 99.9900 dB    U 99.9900 dB    V 99.9900 dB] [ET    11 ] [L0 ] [L1 ]
POC   73 TId: 0 ( I-SLICE, QP 26 )    3134136 bits [Y 99.9900 dB    U 99.9900 dB    V 99.9900 dB] [ET    11 ] [L0 ] [L1 ]
POC   74 TId: 0 ( I-SLICE, QP 26 )    3144072 bits [Y 99.9900 dB    U 99.9900 dB    V 99.9900 dB] [ET    11 ] [L0 ] [L1 ]
POC   75 TId: 0 ( I-SLICE, QP 26 )    3152184 bits [Y 99.9900 dB    U 99.9900 dB    V 99.9900 dB] [ET    11 ] [L0 ] [L1 ]
POC   76 TId: 0 ( I-SLICE, QP 26 )    3224144 bits [Y 99.9900 dB    U 99.9900 dB    V 99.9900 dB] [ET    11 ] [L0 ] [L1 ]
POC   77 TId: 0 ( I-SLICE, QP 26 )    3234864 bits [Y 99.9900 dB    U 99.9900 dB    V 99.9900 dB] [ET    11 ] [L0 ] [L1 ]
POC   78 TId: 0 ( I-SLICE, QP 26 )    3247008 bits [Y 99.9900 dB    U 99.9900 dB    V 99.9900 dB] [ET    11 ] [L0 ] [L1 ]
POC   79 TId: 0 ( I-SLICE, QP 26 )    3244424 bits [Y 99.9900 dB    U 99.9900 dB    V 99.9900 dB] [ET    11 ] [L0 ] [L1 ]
POC   80 TId: 0 ( I-SLICE, QP 26 )    3230096 bits [Y 99.9900 dB    U 99.9900 dB    V 99.9900 dB] [ET    11 ] [L0 ] [L1 ]
POC   81 TId: 0 ( I-SLICE, QP 26 )    3208384 bits [Y 99.9900 dB    U 99.9900 dB    V 99.9900 dB] [ET    11 ] [L0 ] [L1 ]
POC   82 TId: 0 ( I-SLICE, QP 26 )    3205096 bits [Y 99.9900 dB    U 99.9900 dB    V 99.9900 dB] [ET    11 ] [L0 ] [L1 ]
POC   83 TId: 0 ( I-SLICE, QP 26 )    3216920 bits [Y 99.9900 dB    U 99.9900 dB    V 99.9900 dB] [ET    11 ] [L0 ] [L1 ]
POC   84 TId: 0 ( I-SLICE, QP 26 )    3240352 bits [Y 99.9900 dB    U 99.9900 dB    V 99.9900 dB] [ET    11 ] [L0 ] [L1 ]
POC   85 TId: 0 ( I-SLICE, QP 26 )    3268112 bits [Y 99.9900 dB    U 99.9900 dB    V 99.9900 dB] [ET    11 ] [L0 ] [L1 ]
POC   86 TId: 0 ( I-SLICE, QP 26 )    3288000 bits [Y 99.9900 dB    U 99.9900 dB    V 99.9900 dB] [ET    11 ] [L0 ] [L1 ]
POC   87 TId: 0 ( I-SLICE, QP 26 )    3279992 bits [Y 99.9900 dB    U 99.9900 dB    V 99.9900 dB] [ET    11 ] [L0 ] [L1 ]
POC   88 TId: 0 ( I-SLICE, QP 26 )    3266160 bits [Y 99.9900 dB    U 99.9900 dB    V 99.9900 dB] [ET    11 ] [L0 ] [L1 ]
POC   89 TId: 0 ( I-SLICE, QP 26 )    3227568 bits [Y 99.9900 dB    U 99.9900 dB    V 99.9900 dB] [ET    11 ] [L0 ] [L1 ]
POC   90 TId: 0 ( I-SLICE, QP 26 )    3193616 bits [Y 99.9900 dB    U 99.9900 dB    V 99.9900 dB] [ET    11 ] [L0 ] [L1 ]
POC   91 TId: 0 ( I-SLICE, QP 26 )    3150808 bits [Y 99.9900 dB    U 99.9900 dB    V 99.9900 dB] [ET    11 ] [L0 ] [L1 ]
POC   92 TId: 0 ( I-SLICE, QP 26 )    3103440 bits [Y 99.9900 dB    U 99.9900 dB    V 99.9900 dB] [ET    10 ] [L0 ] [L1 ]
POC   93 TId: 0 ( I-SLICE, QP 26 )    3098328 bits [Y 99.9900 dB    U 99.9900 dB    V 99.9900 dB] [ET    10 ] [L0 ] [L1 ]
POC   94 TId: 0 ( I-SLICE, QP 26 )    3090904 bits [Y 99.9900 dB    U 99.9900 dB    V 99.9900 dB] [ET    10 ] [L0 ] [L1 ]
POC   95 TId: 0 ( I-SLICE, QP 26 )    3079256 bits [Y 99.9900 dB    U 99.9900 dB    V 99.9900 dB] [ET    10 ] [L0 ] [L1 ]
POC   96 TId: 0 ( I-SLICE, QP 26 )    3087136 bits [Y 99.9900 dB    U 99.9900 dB    V 99.9900 dB] [ET    10 ] [L0 ] [L1 ]
POC   97 TId: 0 ( I-SLICE, QP 26 )    3099920 bits [Y 99.9900 dB    U 99.9900 dB    V 99.9900 dB] [ET    11 ] [L0 ] [L1 ]
POC   98 TId: 0 ( I-SLICE, QP 26 )    3085824 bits [Y 99.9900 dB    U 99.9900 dB    V 99.9900 dB] [ET    10 ] [L0 ] [L1 ]
POC   99 TId: 0 ( I-SLICE, QP 26 )    3080888 bits [Y 99.9900 dB    U 99.9900 dB    V 99.9900 dB] [ET    10 ] [L0 ] [L1 ]


SUMMARY --------------------------------------------------------
	Total Frames |  Bitrate    Y-PSNR    U-PSNR    V-PSNR 
	      100    a  92788.6560   99.9900   99.9900   99.9900


I Slices--------------------------------------------------------
	Total Frames |  Bitrate    Y-PSNR    U-PSNR    V-PSNR 
	      100    i  92788.6560   99.9900   99.9900   99.9900


P Slices--------------------------------------------------------
	Total Frames |  Bitrate    Y-PSNR    U-PSNR    V-PSNR 
	        0    p        -nan      -nan      -nan      -nan


B Slices--------------------------------------------------------
	Total Frames |  Bitrate    Y-PSNR    U-PSNR    V-PSNR 
	        0    b        -nan      -nan      -nan      -nan

RVM: 0.000
Bytes written to file: 38662351 (92789.642 kbps)

 Total Time:     1072.390 sec.
