
HM software: Encoder Version [15.0][Linux][GCC 4.8.5][64 bit] 

Input          File          : ../../HEVC_test_sequence/ClassE/KristenAndSara_1280x720_60.yuv
Bitstream      File          : KristenAndSara.bin
Reconstruction File          : KristenAndSara.yuv
Real     Format              : 1280x720 60Hz
Internal Format              : 1280x720 60Hz
Frame/Field                  : Frame based coding
Frame index                  : 0 - 99 (100 frames)
CU size / depth              : 32 / 3
RQT trans. size (min / max)  : 4 / 32
Max RQT depth inter          : 3
Max RQT depth intra          : 1
Min PCM size                 : 8
Motion search range          : 64
Intra period                 : 1
Decoding refresh type        : 0
QP                           : 26.00
Max dQP signaling depth      : 0
Cb QP Offset                 : 0
Cr QP Offset                 : 0
QP adaptation                : 0 (range=0)
GOP size                     : 1
Internal bit depth           : (Y:8, C:8)
PCM sample bit depth         : (Y:8, C:8)
RateControl                  : 0
Max Num Merge Candidates     : 5

TOOL CFG: IBD:0 HAD:0 RDQ:0 RDQTS:0 RDpenalty:0 SQP:0 ASR:0 FEN:0 ECU:0 FDM:0 CFM:0 ESD:0 RQT:1 TransformSkip:0 TransformSkipFast:0 Slice: M=0 SliceSegment: M=0 CIP:0 SAO:0 PCM:0 TransQuantBypassEnabled: =1 WPP:0 WPB:0 PME:2  WaveFrontSynchro:0 WaveFrontSubstreams:1 ScalingList:0 TMVPMode:1  SignBitHidingFlag:1 RecalQP:0

POC    0 TId: 0 ( I-SLICE, QP 26 )    3976320 bits [Y 99.9900 dB    U 99.9900 dB    V 99.9900 dB] [ET    13 ] [L0 ] [L1 ]
POC    1 TId: 0 ( I-SLICE, QP 26 )    3975904 bits [Y 99.9900 dB    U 99.9900 dB    V 99.9900 dB] [ET    13 ] [L0 ] [L1 ]
POC    2 TId: 0 ( I-SLICE, QP 26 )    3973456 bits [Y 99.9900 dB    U 99.9900 dB    V 99.9900 dB] [ET    13 ] [L0 ] [L1 ]
POC    3 TId: 0 ( I-SLICE, QP 26 )    3974704 bits [Y 99.9900 dB    U 99.9900 dB    V 99.9900 dB] [ET    13 ] [L0 ] [L1 ]
POC    4 TId: 0 ( I-SLICE, QP 26 )    3974088 bits [Y 99.9900 dB    U 99.9900 dB    V 99.9900 dB] [ET    13 ] [L0 ] [L1 ]
POC    5 TId: 0 ( I-SLICE, QP 26 )    3972304 bits [Y 99.9900 dB    U 99.9900 dB    V 99.9900 dB] [ET    13 ] [L0 ] [L1 ]
POC    6 TId: 0 ( I-SLICE, QP 26 )    3972088 bits [Y 99.9900 dB    U 99.9900 dB    V 99.9900 dB] [ET    13 ] [L0 ] [L1 ]
POC    7 TId: 0 ( I-SLICE, QP 26 )    3974696 bits [Y 99.9900 dB    U 99.9900 dB    V 99.9900 dB] [ET    13 ] [L0 ] [L1 ]
POC    8 TId: 0 ( I-SLICE, QP 26 )    3972744 bits [Y 99.9900 dB    U 99.9900 dB    V 99.9900 dB] [ET    13 ] [L0 ] [L1 ]
POC    9 TId: 0 ( I-SLICE, QP 26 )    3974072 bits [Y 99.9900 dB    U 99.9900 dB    V 99.9900 dB] [ET    14 ] [L0 ] [L1 ]
POC   10 TId: 0 ( I-SLICE, QP 26 )    3967632 bits [Y 99.9900 dB    U 99.9900 dB    V 99.9900 dB] [ET    13 ] [L0 ] [L1 ]
POC   11 TId: 0 ( I-SLICE, QP 26 )    3967960 bits [Y 99.9900 dB    U 99.9900 dB    V 99.9900 dB] [ET    13 ] [L0 ] [L1 ]
POC   12 TId: 0 ( I-SLICE, QP 26 )    3963320 bits [Y 99.9900 dB    U 99.9900 dB    V 99.9900 dB] [ET    13 ] [L0 ] [L1 ]
POC   13 TId: 0 ( I-SLICE, QP 26 )    3971832 bits [Y 99.9900 dB    U 99.9900 dB    V 99.9900 dB] [ET    13 ] [L0 ] [L1 ]
POC   14 TId: 0 ( I-SLICE, QP 26 )    3971088 bits [Y 99.9900 dB    U 99.9900 dB    V 99.9900 dB] [ET    16 ] [L0 ] [L1 ]
POC   15 TId: 0 ( I-SLICE, QP 26 )    3974984 bits [Y 99.9900 dB    U 99.9900 dB    V 99.9900 dB] [ET    13 ] [L0 ] [L1 ]
POC   16 TId: 0 ( I-SLICE, QP 26 )    3971720 bits [Y 99.9900 dB    U 99.9900 dB    V 99.9900 dB] [ET    13 ] [L0 ] [L1 ]
POC   17 TId: 0 ( I-SLICE, QP 26 )    3977960 bits [Y 99.9900 dB    U 99.9900 dB    V 99.9900 dB] [ET    13 ] [L0 ] [L1 ]
POC   18 TId: 0 ( I-SLICE, QP 26 )    3971672 bits [Y 99.9900 dB    U 99.9900 dB    V 99.9900 dB] [ET    13 ] [L0 ] [L1 ]
POC   19 TId: 0 ( I-SLICE, QP 26 )    3977328 bits [Y 99.9900 dB    U 99.9900 dB    V 99.9900 dB] [ET    13 ] [L0 ] [L1 ]
POC   20 TId: 0 ( I-SLICE, QP 26 )    3977120 bits [Y 99.9900 dB    U 99.9900 dB    V 99.9900 dB] [ET    13 ] [L0 ] [L1 ]
POC   21 TId: 0 ( I-SLICE, QP 26 )    3978544 bits [Y 99.9900 dB    U 99.9900 dB    V 99.9900 dB] [ET    13 ] [L0 ] [L1 ]
POC   22 TId: 0 ( I-SLICE, QP 26 )    3978672 bits [Y 99.9900 dB    U 99.9900 dB    V 99.9900 dB] [ET    13 ] [L0 ] [L1 ]
POC   23 TId: 0 ( I-SLICE, QP 26 )    3986760 bits [Y 99.9900 dB    U 99.9900 dB    V 99.9900 dB] [ET    13 ] [L0 ] [L1 ]
POC   24 TId: 0 ( I-SLICE, QP 26 )    3990312 bits [Y 99.9900 dB    U 99.9900 dB    V 99.9900 dB] [ET    13 ] [L0 ] [L1 ]
POC   25 TId: 0 ( I-SLICE, QP 26 )    3990208 bits [Y 99.9900 dB    U 99.9900 dB    V 99.9900 dB] [ET    14 ] [L0 ] [L1 ]
POC   26 TId: 0 ( I-SLICE, QP 26 )    3995832 bits [Y 99.9900 dB    U 99.9900 dB    V 99.9900 dB] [ET    13 ] [L0 ] [L1 ]
POC   27 TId: 0 ( I-SLICE, QP 26 )    3995592 bits [Y 99.9900 dB    U 99.9900 dB    V 99.9900 dB] [ET    13 ] [L0 ] [L1 ]
POC   28 TId: 0 ( I-SLICE, QP 26 )    3992832 bits [Y 99.9900 dB    U 99.9900 dB    V 99.9900 dB] [ET    13 ] [L0 ] [L1 ]
POC   29 TId: 0 ( I-SLICE, QP 26 )    3993752 bits [Y 99.9900 dB    U 99.9900 dB    V 99.9900 dB] [ET    13 ] [L0 ] [L1 ]
POC   30 TId: 0 ( I-SLICE, QP 26 )    4001200 bits [Y 99.9900 dB    U 99.9900 dB    V 99.9900 dB] [ET    13 ] [L0 ] [L1 ]
POC   31 TId: 0 ( I-SLICE, QP 26 )    3997112 bits [Y 99.9900 dB    U 99.9900 dB    V 99.9900 dB] [ET    13 ] [L0 ] [L1 ]
POC   32 TId: 0 ( I-SLICE, QP 26 )    3997800 bits [Y 99.9900 dB    U 99.9900 dB    V 99.9900 dB] [ET    13 ] [L0 ] [L1 ]
POC   33 TId: 0 ( I-SLICE, QP 26 )    4000000 bits [Y 99.9900 dB    U 99.9900 dB    V 99.9900 dB] [ET    13 ] [L0 ] [L1 ]
POC   34 TId: 0 ( I-SLICE, QP 26 )    4001392 bits [Y 99.9900 dB    U 99.9900 dB    V 99.9900 dB] [ET    13 ] [L0 ] [L1 ]
POC   35 TId: 0 ( I-SLICE, QP 26 )    3999056 bits [Y 99.9900 dB    U 99.9900 dB    V 99.9900 dB] [ET    13 ] [L0 ] [L1 ]
POC   36 TId: 0 ( I-SLICE, QP 26 )    4004128 bits [Y 99.9900 dB    U 99.9900 dB    V 99.9900 dB] [ET    13 ] [L0 ] [L1 ]
POC   37 TId: 0 ( I-SLICE, QP 26 )    4003984 bits [Y 99.9900 dB    U 99.9900 dB    V 99.9900 dB] [ET    13 ] [L0 ] [L1 ]
POC   38 TId: 0 ( I-SLICE, QP 26 )    4007552 bits [Y 99.9900 dB    U 99.9900 dB    V 99.9900 dB] [ET    13 ] [L0 ] [L1 ]
POC   39 TId: 0 ( I-SLICE, QP 26 )    4003864 bits [Y 99.9900 dB    U 99.9900 dB    V 99.9900 dB] [ET    13 ] [L0 ] [L1 ]
POC   40 TId: 0 ( I-SLICE, QP 26 )    4004752 bits [Y 99.9900 dB    U 99.9900 dB    V 99.9900 dB] [ET    13 ] [L0 ] [L1 ]
POC   41 TId: 0 ( I-SLICE, QP 26 )    4005760 bits [Y 99.9900 dB    U 99.9900 dB    V 99.9900 dB] [ET    13 ] [L0 ] [L1 ]
POC   42 TId: 0 ( I-SLICE, QP 26 )    4004736 bits [Y 99.9900 dB    U 99.9900 dB    V 99.9900 dB] [ET    13 ] [L0 ] [L1 ]
POC   43 TId: 0 ( I-SLICE, QP 26 )    4004192 bits [Y 99.9900 dB    U 99.9900 dB    V 99.9900 dB] [ET    13 ] [L0 ] [L1 ]
POC   44 TId: 0 ( I-SLICE, QP 26 )    3997040 bits [Y 99.9900 dB    U 99.9900 dB    V 99.9900 dB] [ET    13 ] [L0 ] [L1 ]
POC   45 TId: 0 ( I-SLICE, QP 26 )    3998944 bits [Y 99.9900 dB    U 99.9900 dB    V 99.9900 dB] [ET    14 ] [L0 ] [L1 ]
POC   46 TId: 0 ( I-SLICE, QP 26 )    3997472 bits [Y 99.9900 dB    U 99.9900 dB    V 99.9900 dB] [ET    13 ] [L0 ] [L1 ]
POC   47 TId: 0 ( I-SLICE, QP 26 )    4003544 bits [Y 99.9900 dB    U 99.9900 dB    V 99.9900 dB] [ET    13 ] [L0 ] [L1 ]
POC   48 TId: 0 ( I-SLICE, QP 26 )    4005600 bits [Y 99.9900 dB    U 99.9900 dB    V 99.9900 dB] [ET    13 ] [L0 ] [L1 ]
POC   49 TId: 0 ( I-SLICE, QP 26 )    4009032 bits [Y 99.9900 dB    U 99.9900 dB    V 99.9900 dB] [ET    13 ] [L0 ] [L1 ]
POC   50 TId: 0 ( I-SLICE, QP 26 )    4007640 bits [Y 99.9900 dB    U 99.9900 dB    V 99.9900 dB] [ET    13 ] [L0 ] [L1 ]
POC   51 TId: 0 ( I-SLICE, QP 26 )    4010448 bits [Y 99.9900 dB    U 99.9900 dB    V 99.9900 dB] [ET    14 ] [L0 ] [L1 ]
POC   52 TId: 0 ( I-SLICE, QP 26 )    4007208 bits [Y 99.9900 dB    U 99.9900 dB    V 99.9900 dB] [ET    14 ] [L0 ] [L1 ]
POC   53 TId: 0 ( I-SLICE, QP 26 )    4007512 bits [Y 99.9900 dB    U 99.9900 dB    V 99.9900 dB] [ET    13 ] [L0 ] [L1 ]
POC   54 TId: 0 ( I-SLICE, QP 26 )    4002280 bits [Y 99.9900 dB    U 99.9900 dB    V 99.9900 dB] [ET    13 ] [L0 ] [L1 ]
POC   55 TId: 0 ( I-SLICE, QP 26 )    4005688 bits [Y 99.9900 dB    U 99.9900 dB    V 99.9900 dB] [ET    13 ] [L0 ] [L1 ]
POC   56 TId: 0 ( I-SLICE, QP 26 )    4002496 bits [Y 99.9900 dB    U 99.9900 dB    V 99.9900 dB] [ET    13 ] [L0 ] [L1 ]
POC   57 TId: 0 ( I-SLICE, QP 26 )    3999920 bits [Y 99.9900 dB    U 99.9900 dB    V 99.9900 dB] [ET    13 ] [L0 ] [L1 ]
POC   58 TId: 0 ( I-SLICE, QP 26 )    3996800 bits [Y 99.9900 dB    U 99.9900 dB    V 99.9900 dB] [ET    13 ] [L0 ] [L1 ]
POC   59 TId: 0 ( I-SLICE, QP 26 )    4000160 bits [Y 99.9900 dB    U 99.9900 dB    V 99.9900 dB] [ET    13 ] [L0 ] [L1 ]
POC   60 TId: 0 ( I-SLICE, QP 26 )    4001624 bits [Y 99.9900 dB    U 99.9900 dB    V 99.9900 dB] [ET    13 ] [L0 ] [L1 ]
POC   61 TId: 0 ( I-SLICE, QP 26 )    4001304 bits [Y 99.9900 dB    U 99.9900 dB    V 99.9900 dB] [ET    13 ] [L0 ] [L1 ]
POC   62 TId: 0 ( I-SLICE, QP 26 )    3999400 bits [Y 99.9900 dB    U 99.9900 dB    V 99.9900 dB] [ET    13 ] [L0 ] [L1 ]
POC   63 TId: 0 ( I-SLICE, QP 26 )    4000072 bits [Y 99.9900 dB    U 99.9900 dB    V 99.9900 dB] [ET    13 ] [L0 ] [L1 ]
POC   64 TId: 0 ( I-SLICE, QP 26 )    3995632 bits [Y 99.9900 dB    U 99.9900 dB    V 99.9900 dB] [ET    13 ] [L0 ] [L1 ]
POC   65 TId: 0 ( I-SLICE, QP 26 )    3996568 bits [Y 99.9900 dB    U 99.9900 dB    V 99.9900 dB] [ET    13 ] [L0 ] [L1 ]
POC   66 TId: 0 ( I-SLICE, QP 26 )    3998736 bits [Y 99.9900 dB    U 99.9900 dB    V 99.9900 dB] [ET    13 ] [L0 ] [L1 ]
POC   67 TId: 0 ( I-SLICE, QP 26 )    3990976 bits [Y 99.9900 dB    U 99.9900 dB    V 99.9900 dB] [ET    13 ] [L0 ] [L1 ]
POC   68 TId: 0 ( I-SLICE, QP 26 )    3989376 bits [Y 99.9900 dB    U 99.9900 dB    V 99.9900 dB] [ET    13 ] [L0 ] [L1 ]
POC   69 TId: 0 ( I-SLICE, QP 26 )    3991352 bits [Y 99.9900 dB    U 99.9900 dB    V 99.9900 dB] [ET    13 ] [L0 ] [L1 ]
POC   70 TId: 0 ( I-SLICE, QP 26 )    3986560 bits [Y 99.9900 dB    U 99.9900 dB    V 99.9900 dB] [ET    13 ] [L0 ] [L1 ]
POC   71 TId: 0 ( I-SLICE, QP 26 )    3987848 bits [Y 99.9900 dB    U 99.9900 dB    V 99.9900 dB] [ET    13 ] [L0 ] [L1 ]
POC   72 TId: 0 ( I-SLICE, QP 26 )    3983704 bits [Y 99.9900 dB    U 99.9900 dB    V 99.9900 dB] [ET    13 ] [L0 ] [L1 ]
POC   73 TId: 0 ( I-SLICE, QP 26 )    3985424 bits [Y 99.9900 dB    U 99.9900 dB    V 99.9900 dB] [ET    13 ] [L0 ] [L1 ]
POC   74 TId: 0 ( I-SLICE, QP 26 )    3987328 bits [Y 99.9900 dB    U 99.9900 dB    V 99.9900 dB] [ET    13 ] [L0 ] [L1 ]
POC   75 TId: 0 ( I-SLICE, QP 26 )    3985272 bits [Y 99.9900 dB    U 99.9900 dB    V 99.9900 dB] [ET    13 ] [L0 ] [L1 ]
POC   76 TId: 0 ( I-SLICE, QP 26 )    3989400 bits [Y 99.9900 dB    U 99.9900 dB    V 99.9900 dB] [ET    13 ] [L0 ] [L1 ]
POC   77 TId: 0 ( I-SLICE, QP 26 )    3992912 bits [Y 99.9900 dB    U 99.9900 dB    V 99.9900 dB] [ET    13 ] [L0 ] [L1 ]
POC   78 TId: 0 ( I-SLICE, QP 26 )    3990752 bits [Y 99.9900 dB    U 99.9900 dB    V 99.9900 dB] [ET    13 ] [L0 ] [L1 ]
POC   79 TId: 0 ( I-SLICE, QP 26 )    3989672 bits [Y 99.9900 dB    U 99.9900 dB    V 99.9900 dB] [ET    13 ] [L0 ] [L1 ]
POC   80 TId: 0 ( I-SLICE, QP 26 )    3989704 bits [Y 99.9900 dB    U 99.9900 dB    V 99.9900 dB] [ET    13 ] [L0 ] [L1 ]
POC   81 TId: 0 ( I-SLICE, QP 26 )    3995448 bits [Y 99.9900 dB    U 99.9900 dB    V 99.9900 dB] [ET    13 ] [L0 ] [L1 ]
POC   82 TId: 0 ( I-SLICE, QP 26 )    3995024 bits [Y 99.9900 dB    U 99.9900 dB    V 99.9900 dB] [ET    13 ] [L0 ] [L1 ]
POC   83 TId: 0 ( I-SLICE, QP 26 )    3996904 bits [Y 99.9900 dB    U 99.9900 dB    V 99.9900 dB] [ET    13 ] [L0 ] [L1 ]
POC   84 TId: 0 ( I-SLICE, QP 26 )    4000240 bits [Y 99.9900 dB    U 99.9900 dB    V 99.9900 dB] [ET    13 ] [L0 ] [L1 ]
POC   85 TId: 0 ( I-SLICE, QP 26 )    3998288 bits [Y 99.9900 dB    U 99.9900 dB    V 99.9900 dB] [ET    13 ] [L0 ] [L1 ]
POC   86 TId: 0 ( I-SLICE, QP 26 )    4004072 bits [Y 99.9900 dB    U 99.9900 dB    V 99.9900 dB] [ET    13 ] [L0 ] [L1 ]
POC   87 TId: 0 ( I-SLICE, QP 26 )    4010712 bits [Y 99.9900 dB    U 99.9900 dB    V 99.9900 dB] [ET    13 ] [L0 ] [L1 ]
POC   88 TId: 0 ( I-SLICE, QP 26 )    4020152 bits [Y 99.9900 dB    U 99.9900 dB    V 99.9900 dB] [ET    13 ] [L0 ] [L1 ]
POC   89 TId: 0 ( I-SLICE, QP 26 )    4021560 bits [Y 99.9900 dB    U 99.9900 dB    V 99.9900 dB] [ET    13 ] [L0 ] [L1 ]
POC   90 TId: 0 ( I-SLICE, QP 26 )    4023144 bits [Y 99.9900 dB    U 99.9900 dB    V 99.9900 dB] [ET    13 ] [L0 ] [L1 ]
POC   91 TId: 0 ( I-SLICE, QP 26 )    4023752 bits [Y 99.9900 dB    U 99.9900 dB    V 99.9900 dB] [ET    13 ] [L0 ] [L1 ]
POC   92 TId: 0 ( I-SLICE, QP 26 )    4027392 bits [Y 99.9900 dB    U 99.9900 dB    V 99.9900 dB] [ET    13 ] [L0 ] [L1 ]
POC   93 TId: 0 ( I-SLICE, QP 26 )    4026824 bits [Y 99.9900 dB    U 99.9900 dB    V 99.9900 dB] [ET    13 ] [L0 ] [L1 ]
POC   94 TId: 0 ( I-SLICE, QP 26 )    4029328 bits [Y 99.9900 dB    U 99.9900 dB    V 99.9900 dB] [ET    13 ] [L0 ] [L1 ]
POC   95 TId: 0 ( I-SLICE, QP 26 )    4025480 bits [Y 99.9900 dB    U 99.9900 dB    V 99.9900 dB] [ET    13 ] [L0 ] [L1 ]
POC   96 TId: 0 ( I-SLICE, QP 26 )    4027032 bits [Y 99.9900 dB    U 99.9900 dB    V 99.9900 dB] [ET    13 ] [L0 ] [L1 ]
POC   97 TId: 0 ( I-SLICE, QP 26 )    4026480 bits [Y 99.9900 dB    U 99.9900 dB    V 99.9900 dB] [ET    13 ] [L0 ] [L1 ]
POC   98 TId: 0 ( I-SLICE, QP 26 )    4022544 bits [Y 99.9900 dB    U 99.9900 dB    V 99.9900 dB] [ET    13 ] [L0 ] [L1 ]
POC   99 TId: 0 ( I-SLICE, QP 26 )    4022720 bits [Y 99.9900 dB    U 99.9900 dB    V 99.9900 dB] [ET    13 ] [L0 ] [L1 ]


SUMMARY --------------------------------------------------------
	Total Frames |  Bitrate    Y-PSNR    U-PSNR    V-PSNR 
	      100    a 239732.1120   99.9900   99.9900   99.9900


I Slices--------------------------------------------------------
	Total Frames |  Bitrate    Y-PSNR    U-PSNR    V-PSNR 
	      100    i 239732.1120   99.9900   99.9900   99.9900


P Slices--------------------------------------------------------
	Total Frames |  Bitrate    Y-PSNR    U-PSNR    V-PSNR 
	        0    p        -nan      -nan      -nan      -nan


B Slices--------------------------------------------------------
	Total Frames |  Bitrate    Y-PSNR    U-PSNR    V-PSNR 
	        0    b        -nan      -nan      -nan      -nan

RVM: 0.000
Bytes written to file: 49944601 (239734.085 kbps)

 Total Time:     1338.020 sec.
