
HM software: Encoder Version [15.0][Linux][GCC 4.8.5][64 bit] 

Input          File          : ../../HEVC_test_sequence/ClassA/PeopleOnStreet_2560x1600_30_crop.yuv
Bitstream      File          : PeopleOnStreet.bin
Reconstruction File          : PeopleOnStreet.yuv
Real     Format              : 2560x1600 30Hz
Internal Format              : 2560x1600 30Hz
Frame/Field                  : Frame based coding
Frame index                  : 0 - 99 (100 frames)
CU size / depth              : 32 / 3
RQT trans. size (min / max)  : 4 / 32
Max RQT depth inter          : 3
Max RQT depth intra          : 1
Min PCM size                 : 8
Motion search range          : 64
Intra period                 : 1
Decoding refresh type        : 0
QP                           : 26.00
Max dQP signaling depth      : 0
Cb QP Offset                 : 0
Cr QP Offset                 : 0
QP adaptation                : 0 (range=0)
GOP size                     : 1
Internal bit depth           : (Y:8, C:8)
PCM sample bit depth         : (Y:8, C:8)
RateControl                  : 0
Max Num Merge Candidates     : 5

TOOL CFG: IBD:0 HAD:0 RDQ:0 RDQTS:0 RDpenalty:0 SQP:0 ASR:0 FEN:0 ECU:0 FDM:0 CFM:0 ESD:0 RQT:1 TransformSkip:0 TransformSkipFast:0 Slice: M=0 SliceSegment: M=0 CIP:0 SAO:0 PCM:0 TransQuantBypassEnabled: =1 WPP:0 WPB:0 PME:2  WaveFrontSynchro:0 WaveFrontSubstreams:1 ScalingList:0 TMVPMode:1  SignBitHidingFlag:1 RecalQP:0

POC    0 TId: 0 ( I-SLICE, QP 26 )   22184832 bits [Y 99.9900 dB    U 99.9900 dB    V 99.9900 dB] [ET    60 ] [L0 ] [L1 ]
POC    1 TId: 0 ( I-SLICE, QP 26 )   22197336 bits [Y 99.9900 dB    U 99.9900 dB    V 99.9900 dB] [ET    60 ] [L0 ] [L1 ]
POC    2 TId: 0 ( I-SLICE, QP 26 )   22180120 bits [Y 99.9900 dB    U 99.9900 dB    V 99.9900 dB] [ET    60 ] [L0 ] [L1 ]
POC    3 TId: 0 ( I-SLICE, QP 26 )   22182560 bits [Y 99.9900 dB    U 99.9900 dB    V 99.9900 dB] [ET    63 ] [L0 ] [L1 ]
POC    4 TId: 0 ( I-SLICE, QP 26 )   22185416 bits [Y 99.9900 dB    U 99.9900 dB    V 99.9900 dB] [ET    60 ] [L0 ] [L1 ]
POC    5 TId: 0 ( I-SLICE, QP 26 )   22202504 bits [Y 99.9900 dB    U 99.9900 dB    V 99.9900 dB] [ET    60 ] [L0 ] [L1 ]
POC    6 TId: 0 ( I-SLICE, QP 26 )   22206344 bits [Y 99.9900 dB    U 99.9900 dB    V 99.9900 dB] [ET    60 ] [L0 ] [L1 ]
POC    7 TId: 0 ( I-SLICE, QP 26 )   22209616 bits [Y 99.9900 dB    U 99.9900 dB    V 99.9900 dB] [ET    60 ] [L0 ] [L1 ]
POC    8 TId: 0 ( I-SLICE, QP 26 )   22230816 bits [Y 99.9900 dB    U 99.9900 dB    V 99.9900 dB] [ET    60 ] [L0 ] [L1 ]
POC    9 TId: 0 ( I-SLICE, QP 26 )   22243400 bits [Y 99.9900 dB    U 99.9900 dB    V 99.9900 dB] [ET    60 ] [L0 ] [L1 ]
POC   10 TId: 0 ( I-SLICE, QP 26 )   22240352 bits [Y 99.9900 dB    U 99.9900 dB    V 99.9900 dB] [ET    60 ] [L0 ] [L1 ]
POC   11 TId: 0 ( I-SLICE, QP 26 )   22206616 bits [Y 99.9900 dB    U 99.9900 dB    V 99.9900 dB] [ET    60 ] [L0 ] [L1 ]
POC   12 TId: 0 ( I-SLICE, QP 26 )   22217816 bits [Y 99.9900 dB    U 99.9900 dB    V 99.9900 dB] [ET    60 ] [L0 ] [L1 ]
POC   13 TId: 0 ( I-SLICE, QP 26 )   22230008 bits [Y 99.9900 dB    U 99.9900 dB    V 99.9900 dB] [ET    60 ] [L0 ] [L1 ]
POC   14 TId: 0 ( I-SLICE, QP 26 )   22223960 bits [Y 99.9900 dB    U 99.9900 dB    V 99.9900 dB] [ET    60 ] [L0 ] [L1 ]
POC   15 TId: 0 ( I-SLICE, QP 26 )   22224352 bits [Y 99.9900 dB    U 99.9900 dB    V 99.9900 dB] [ET    60 ] [L0 ] [L1 ]
POC   16 TId: 0 ( I-SLICE, QP 26 )   22207432 bits [Y 99.9900 dB    U 99.9900 dB    V 99.9900 dB] [ET    60 ] [L0 ] [L1 ]
POC   17 TId: 0 ( I-SLICE, QP 26 )   22203864 bits [Y 99.9900 dB    U 99.9900 dB    V 99.9900 dB] [ET    60 ] [L0 ] [L1 ]
POC   18 TId: 0 ( I-SLICE, QP 26 )   22206288 bits [Y 99.9900 dB    U 99.9900 dB    V 99.9900 dB] [ET    60 ] [L0 ] [L1 ]
POC   19 TId: 0 ( I-SLICE, QP 26 )   22187272 bits [Y 99.9900 dB    U 99.9900 dB    V 99.9900 dB] [ET    60 ] [L0 ] [L1 ]
POC   20 TId: 0 ( I-SLICE, QP 26 )   22166400 bits [Y 99.9900 dB    U 99.9900 dB    V 99.9900 dB] [ET    60 ] [L0 ] [L1 ]
POC   21 TId: 0 ( I-SLICE, QP 26 )   22148968 bits [Y 99.9900 dB    U 99.9900 dB    V 99.9900 dB] [ET    60 ] [L0 ] [L1 ]
POC   22 TId: 0 ( I-SLICE, QP 26 )   22145176 bits [Y 99.9900 dB    U 99.9900 dB    V 99.9900 dB] [ET    60 ] [L0 ] [L1 ]
POC   23 TId: 0 ( I-SLICE, QP 26 )   22159080 bits [Y 99.9900 dB    U 99.9900 dB    V 99.9900 dB] [ET    60 ] [L0 ] [L1 ]
POC   24 TId: 0 ( I-SLICE, QP 26 )   22146504 bits [Y 99.9900 dB    U 99.9900 dB    V 99.9900 dB] [ET    60 ] [L0 ] [L1 ]
POC   25 TId: 0 ( I-SLICE, QP 26 )   22149336 bits [Y 99.9900 dB    U 99.9900 dB    V 99.9900 dB] [ET    58 ] [L0 ] [L1 ]
POC   26 TId: 0 ( I-SLICE, QP 26 )   22151880 bits [Y 99.9900 dB    U 99.9900 dB    V 99.9900 dB] [ET    57 ] [L0 ] [L1 ]
POC   27 TId: 0 ( I-SLICE, QP 26 )   22178552 bits [Y 99.9900 dB    U 99.9900 dB    V 99.9900 dB] [ET    54 ] [L0 ] [L1 ]
POC   28 TId: 0 ( I-SLICE, QP 26 )   22157368 bits [Y 99.9900 dB    U 99.9900 dB    V 99.9900 dB] [ET    53 ] [L0 ] [L1 ]
POC   29 TId: 0 ( I-SLICE, QP 26 )   22196616 bits [Y 99.9900 dB    U 99.9900 dB    V 99.9900 dB] [ET    52 ] [L0 ] [L1 ]
POC   30 TId: 0 ( I-SLICE, QP 26 )   22194768 bits [Y 99.9900 dB    U 99.9900 dB    V 99.9900 dB] [ET    52 ] [L0 ] [L1 ]
POC   31 TId: 0 ( I-SLICE, QP 26 )   22165824 bits [Y 99.9900 dB    U 99.9900 dB    V 99.9900 dB] [ET    49 ] [L0 ] [L1 ]
POC   32 TId: 0 ( I-SLICE, QP 26 )   22222680 bits [Y 99.9900 dB    U 99.9900 dB    V 99.9900 dB] [ET    48 ] [L0 ] [L1 ]
POC   33 TId: 0 ( I-SLICE, QP 26 )   22234968 bits [Y 99.9900 dB    U 99.9900 dB    V 99.9900 dB] [ET    48 ] [L0 ] [L1 ]
POC   34 TId: 0 ( I-SLICE, QP 26 )   22212856 bits [Y 99.9900 dB    U 99.9900 dB    V 99.9900 dB] [ET    48 ] [L0 ] [L1 ]
POC   35 TId: 0 ( I-SLICE, QP 26 )   22196568 bits [Y 99.9900 dB    U 99.9900 dB    V 99.9900 dB] [ET    48 ] [L0 ] [L1 ]
POC   36 TId: 0 ( I-SLICE, QP 26 )   22210648 bits [Y 99.9900 dB    U 99.9900 dB    V 99.9900 dB] [ET    47 ] [L0 ] [L1 ]
POC   37 TId: 0 ( I-SLICE, QP 26 )   22239544 bits [Y 99.9900 dB    U 99.9900 dB    V 99.9900 dB] [ET    48 ] [L0 ] [L1 ]
POC   38 TId: 0 ( I-SLICE, QP 26 )   22208528 bits [Y 99.9900 dB    U 99.9900 dB    V 99.9900 dB] [ET    48 ] [L0 ] [L1 ]
POC   39 TId: 0 ( I-SLICE, QP 26 )   22218408 bits [Y 99.9900 dB    U 99.9900 dB    V 99.9900 dB] [ET    48 ] [L0 ] [L1 ]
POC   40 TId: 0 ( I-SLICE, QP 26 )   22223240 bits [Y 99.9900 dB    U 99.9900 dB    V 99.9900 dB] [ET    47 ] [L0 ] [L1 ]
POC   41 TId: 0 ( I-SLICE, QP 26 )   22260296 bits [Y 99.9900 dB    U 99.9900 dB    V 99.9900 dB] [ET    48 ] [L0 ] [L1 ]
POC   42 TId: 0 ( I-SLICE, QP 26 )   22289496 bits [Y 99.9900 dB    U 99.9900 dB    V 99.9900 dB] [ET    48 ] [L0 ] [L1 ]
POC   43 TId: 0 ( I-SLICE, QP 26 )   22282200 bits [Y 99.9900 dB    U 99.9900 dB    V 99.9900 dB] [ET    47 ] [L0 ] [L1 ]
POC   44 TId: 0 ( I-SLICE, QP 26 )   22286256 bits [Y 99.9900 dB    U 99.9900 dB    V 99.9900 dB] [ET    48 ] [L0 ] [L1 ]
POC   45 TId: 0 ( I-SLICE, QP 26 )   22302424 bits [Y 99.9900 dB    U 99.9900 dB    V 99.9900 dB] [ET    48 ] [L0 ] [L1 ]
POC   46 TId: 0 ( I-SLICE, QP 26 )   22283960 bits [Y 99.9900 dB    U 99.9900 dB    V 99.9900 dB] [ET    49 ] [L0 ] [L1 ]
POC   47 TId: 0 ( I-SLICE, QP 26 )   22333888 bits [Y 99.9900 dB    U 99.9900 dB    V 99.9900 dB] [ET    48 ] [L0 ] [L1 ]
POC   48 TId: 0 ( I-SLICE, QP 26 )   22359688 bits [Y 99.9900 dB    U 99.9900 dB    V 99.9900 dB] [ET    48 ] [L0 ] [L1 ]
POC   49 TId: 0 ( I-SLICE, QP 26 )   22365832 bits [Y 99.9900 dB    U 99.9900 dB    V 99.9900 dB] [ET    48 ] [L0 ] [L1 ]
POC   50 TId: 0 ( I-SLICE, QP 26 )   22335752 bits [Y 99.9900 dB    U 99.9900 dB    V 99.9900 dB] [ET    48 ] [L0 ] [L1 ]
POC   51 TId: 0 ( I-SLICE, QP 26 )   22315928 bits [Y 99.9900 dB    U 99.9900 dB    V 99.9900 dB] [ET    48 ] [L0 ] [L1 ]
POC   52 TId: 0 ( I-SLICE, QP 26 )   22290936 bits [Y 99.9900 dB    U 99.9900 dB    V 99.9900 dB] [ET    44 ] [L0 ] [L1 ]
POC   53 TId: 0 ( I-SLICE, QP 26 )   22275584 bits [Y 99.9900 dB    U 99.9900 dB    V 99.9900 dB] [ET    43 ] [L0 ] [L1 ]
POC   54 TId: 0 ( I-SLICE, QP 26 )   22266200 bits [Y 99.9900 dB    U 99.9900 dB    V 99.9900 dB] [ET    44 ] [L0 ] [L1 ]
POC   55 TId: 0 ( I-SLICE, QP 26 )   22260648 bits [Y 99.9900 dB    U 99.9900 dB    V 99.9900 dB] [ET    43 ] [L0 ] [L1 ]
POC   56 TId: 0 ( I-SLICE, QP 26 )   22251656 bits [Y 99.9900 dB    U 99.9900 dB    V 99.9900 dB] [ET    43 ] [L0 ] [L1 ]
POC   57 TId: 0 ( I-SLICE, QP 26 )   22274824 bits [Y 99.9900 dB    U 99.9900 dB    V 99.9900 dB] [ET    42 ] [L0 ] [L1 ]
POC   58 TId: 0 ( I-SLICE, QP 26 )   22283096 bits [Y 99.9900 dB    U 99.9900 dB    V 99.9900 dB] [ET    41 ] [L0 ] [L1 ]
POC   59 TId: 0 ( I-SLICE, QP 26 )   22294992 bits [Y 99.9900 dB    U 99.9900 dB    V 99.9900 dB] [ET    41 ] [L0 ] [L1 ]
POC   60 TId: 0 ( I-SLICE, QP 26 )   22283496 bits [Y 99.9900 dB    U 99.9900 dB    V 99.9900 dB] [ET    39 ] [L0 ] [L1 ]
POC   61 TId: 0 ( I-SLICE, QP 26 )   22266824 bits [Y 99.9900 dB    U 99.9900 dB    V 99.9900 dB] [ET    40 ] [L0 ] [L1 ]
POC   62 TId: 0 ( I-SLICE, QP 26 )   22249128 bits [Y 99.9900 dB    U 99.9900 dB    V 99.9900 dB] [ET    40 ] [L0 ] [L1 ]
POC   63 TId: 0 ( I-SLICE, QP 26 )   22255944 bits [Y 99.9900 dB    U 99.9900 dB    V 99.9900 dB] [ET    40 ] [L0 ] [L1 ]
POC   64 TId: 0 ( I-SLICE, QP 26 )   22225856 bits [Y 99.9900 dB    U 99.9900 dB    V 99.9900 dB] [ET    40 ] [L0 ] [L1 ]
POC   65 TId: 0 ( I-SLICE, QP 26 )   22220592 bits [Y 99.9900 dB    U 99.9900 dB    V 99.9900 dB] [ET    40 ] [L0 ] [L1 ]
POC   66 TId: 0 ( I-SLICE, QP 26 )   22248016 bits [Y 99.9900 dB    U 99.9900 dB    V 99.9900 dB] [ET    40 ] [L0 ] [L1 ]
POC   67 TId: 0 ( I-SLICE, QP 26 )   22237504 bits [Y 99.9900 dB    U 99.9900 dB    V 99.9900 dB] [ET    40 ] [L0 ] [L1 ]
POC   68 TId: 0 ( I-SLICE, QP 26 )   22204752 bits [Y 99.9900 dB    U 99.9900 dB    V 99.9900 dB] [ET    40 ] [L0 ] [L1 ]
POC   69 TId: 0 ( I-SLICE, QP 26 )   22205984 bits [Y 99.9900 dB    U 99.9900 dB    V 99.9900 dB] [ET    40 ] [L0 ] [L1 ]
POC   70 TId: 0 ( I-SLICE, QP 26 )   22195416 bits [Y 99.9900 dB    U 99.9900 dB    V 99.9900 dB] [ET    40 ] [L0 ] [L1 ]
POC   71 TId: 0 ( I-SLICE, QP 26 )   22223672 bits [Y 99.9900 dB    U 99.9900 dB    V 99.9900 dB] [ET    40 ] [L0 ] [L1 ]
POC   72 TId: 0 ( I-SLICE, QP 26 )   22225848 bits [Y 99.9900 dB    U 99.9900 dB    V 99.9900 dB] [ET    40 ] [L0 ] [L1 ]
POC   73 TId: 0 ( I-SLICE, QP 26 )   22250080 bits [Y 99.9900 dB    U 99.9900 dB    V 99.9900 dB] [ET    40 ] [L0 ] [L1 ]
POC   74 TId: 0 ( I-SLICE, QP 26 )   22251648 bits [Y 99.9900 dB    U 99.9900 dB    V 99.9900 dB] [ET    40 ] [L0 ] [L1 ]
POC   75 TId: 0 ( I-SLICE, QP 26 )   22271352 bits [Y 99.9900 dB    U 99.9900 dB    V 99.9900 dB] [ET    40 ] [L0 ] [L1 ]
POC   76 TId: 0 ( I-SLICE, QP 26 )   22278016 bits [Y 99.9900 dB    U 99.9900 dB    V 99.9900 dB] [ET    40 ] [L0 ] [L1 ]
POC   77 TId: 0 ( I-SLICE, QP 26 )   22302120 bits [Y 99.9900 dB    U 99.9900 dB    V 99.9900 dB] [ET    41 ] [L0 ] [L1 ]
POC   78 TId: 0 ( I-SLICE, QP 26 )   22313144 bits [Y 99.9900 dB    U 99.9900 dB    V 99.9900 dB] [ET    41 ] [L0 ] [L1 ]
POC   79 TId: 0 ( I-SLICE, QP 26 )   22304656 bits [Y 99.9900 dB    U 99.9900 dB    V 99.9900 dB] [ET    40 ] [L0 ] [L1 ]
POC   80 TId: 0 ( I-SLICE, QP 26 )   22290608 bits [Y 99.9900 dB    U 99.9900 dB    V 99.9900 dB] [ET    41 ] [L0 ] [L1 ]
POC   81 TId: 0 ( I-SLICE, QP 26 )   22322328 bits [Y 99.9900 dB    U 99.9900 dB    V 99.9900 dB] [ET    40 ] [L0 ] [L1 ]
POC   82 TId: 0 ( I-SLICE, QP 26 )   22304072 bits [Y 99.9900 dB    U 99.9900 dB    V 99.9900 dB] [ET    40 ] [L0 ] [L1 ]
POC   83 TId: 0 ( I-SLICE, QP 26 )   22325392 bits [Y 99.9900 dB    U 99.9900 dB    V 99.9900 dB] [ET    40 ] [L0 ] [L1 ]
POC   84 TId: 0 ( I-SLICE, QP 26 )   22324968 bits [Y 99.9900 dB    U 99.9900 dB    V 99.9900 dB] [ET    40 ] [L0 ] [L1 ]
POC   85 TId: 0 ( I-SLICE, QP 26 )   22363016 bits [Y 99.9900 dB    U 99.9900 dB    V 99.9900 dB] [ET    40 ] [L0 ] [L1 ]
POC   86 TId: 0 ( I-SLICE, QP 26 )   22367368 bits [Y 99.9900 dB    U 99.9900 dB    V 99.9900 dB] [ET    40 ] [L0 ] [L1 ]
POC   87 TId: 0 ( I-SLICE, QP 26 )   22369552 bits [Y 99.9900 dB    U 99.9900 dB    V 99.9900 dB] [ET    41 ] [L0 ] [L1 ]
POC   88 TId: 0 ( I-SLICE, QP 26 )   22317192 bits [Y 99.9900 dB    U 99.9900 dB    V 99.9900 dB] [ET    40 ] [L0 ] [L1 ]
POC   89 TId: 0 ( I-SLICE, QP 26 )   22319160 bits [Y 99.9900 dB    U 99.9900 dB    V 99.9900 dB] [ET    40 ] [L0 ] [L1 ]
POC   90 TId: 0 ( I-SLICE, QP 26 )   22300744 bits [Y 99.9900 dB    U 99.9900 dB    V 99.9900 dB] [ET    40 ] [L0 ] [L1 ]
POC   91 TId: 0 ( I-SLICE, QP 26 )   22299544 bits [Y 99.9900 dB    U 99.9900 dB    V 99.9900 dB] [ET    40 ] [L0 ] [L1 ]
POC   92 TId: 0 ( I-SLICE, QP 26 )   22288256 bits [Y 99.9900 dB    U 99.9900 dB    V 99.9900 dB] [ET    40 ] [L0 ] [L1 ]
POC   93 TId: 0 ( I-SLICE, QP 26 )   22269280 bits [Y 99.9900 dB    U 99.9900 dB    V 99.9900 dB] [ET    40 ] [L0 ] [L1 ]
POC   94 TId: 0 ( I-SLICE, QP 26 )   22285920 bits [Y 99.9900 dB    U 99.9900 dB    V 99.9900 dB] [ET    40 ] [L0 ] [L1 ]
POC   95 TId: 0 ( I-SLICE, QP 26 )   22305584 bits [Y 99.9900 dB    U 99.9900 dB    V 99.9900 dB] [ET    40 ] [L0 ] [L1 ]
POC   96 TId: 0 ( I-SLICE, QP 26 )   22286800 bits [Y 99.9900 dB    U 99.9900 dB    V 99.9900 dB] [ET    40 ] [L0 ] [L1 ]
POC   97 TId: 0 ( I-SLICE, QP 26 )   22295608 bits [Y 99.9900 dB    U 99.9900 dB    V 99.9900 dB] [ET    40 ] [L0 ] [L1 ]
POC   98 TId: 0 ( I-SLICE, QP 26 )   22308432 bits [Y 99.9900 dB    U 99.9900 dB    V 99.9900 dB] [ET    40 ] [L0 ] [L1 ]
POC   99 TId: 0 ( I-SLICE, QP 26 )   22340400 bits [Y 99.9900 dB    U 99.9900 dB    V 99.9900 dB] [ET    41 ] [L0 ] [L1 ]


SUMMARY --------------------------------------------------------
	Total Frames |  Bitrate    Y-PSNR    U-PSNR    V-PSNR 
	      100    a 667503.2232   99.9900   99.9900   99.9900


I Slices--------------------------------------------------------
	Total Frames |  Bitrate    Y-PSNR    U-PSNR    V-PSNR 
	      100    i 667503.2232   99.9900   99.9900   99.9900


P Slices--------------------------------------------------------
	Total Frames |  Bitrate    Y-PSNR    U-PSNR    V-PSNR 
	        0    p        -nan      -nan      -nan      -nan


B Slices--------------------------------------------------------
	Total Frames |  Bitrate    Y-PSNR    U-PSNR    V-PSNR 
	        0    b        -nan      -nan      -nan      -nan

RVM: 0.000
Bytes written to file: 278126754 (667504.210 kbps)

 Total Time:     4785.030 sec.
