
HM software: Encoder Version [15.0][Linux][GCC 4.8.5][64 bit] 

Input          File          : ../../HEVC_test_sequence/ClassD/RaceHorses_416x240_30.yuv
Bitstream      File          : RaceHorses.bin
Reconstruction File          : RaceHorses.yuv
Real     Format              : 416x240 30Hz
Internal Format              : 416x240 30Hz
Frame/Field                  : Frame based coding
Frame index                  : 0 - 99 (100 frames)
CU size / depth              : 32 / 3
RQT trans. size (min / max)  : 4 / 32
Max RQT depth inter          : 3
Max RQT depth intra          : 1
Min PCM size                 : 8
Motion search range          : 64
Intra period                 : 1
Decoding refresh type        : 0
QP                           : 26.00
Max dQP signaling depth      : 0
Cb QP Offset                 : 0
Cr QP Offset                 : 0
QP adaptation                : 0 (range=0)
GOP size                     : 1
Internal bit depth           : (Y:8, C:8)
PCM sample bit depth         : (Y:8, C:8)
RateControl                  : 0
Max Num Merge Candidates     : 5

TOOL CFG: IBD:0 HAD:0 RDQ:0 RDQTS:0 RDpenalty:0 SQP:0 ASR:0 FEN:0 ECU:0 FDM:0 CFM:0 ESD:0 RQT:1 TransformSkip:0 TransformSkipFast:0 Slice: M=0 SliceSegment: M=0 CIP:0 SAO:0 PCM:0 TransQuantBypassEnabled: =1 WPP:0 WPB:0 PME:2  WaveFrontSynchro:0 WaveFrontSubstreams:1 ScalingList:0 TMVPMode:1  SignBitHidingFlag:1 RecalQP:0

POC    0 TId: 0 ( I-SLICE, QP 26 )     676784 bits [Y 99.9900 dB    U 99.9900 dB    V 99.9900 dB] [ET     1 ] [L0 ] [L1 ]
POC    1 TId: 0 ( I-SLICE, QP 26 )     671800 bits [Y 99.9900 dB    U 99.9900 dB    V 99.9900 dB] [ET     1 ] [L0 ] [L1 ]
POC    2 TId: 0 ( I-SLICE, QP 26 )     666336 bits [Y 99.9900 dB    U 99.9900 dB    V 99.9900 dB] [ET     1 ] [L0 ] [L1 ]
POC    3 TId: 0 ( I-SLICE, QP 26 )     664600 bits [Y 99.9900 dB    U 99.9900 dB    V 99.9900 dB] [ET     1 ] [L0 ] [L1 ]
POC    4 TId: 0 ( I-SLICE, QP 26 )     661904 bits [Y 99.9900 dB    U 99.9900 dB    V 99.9900 dB] [ET     1 ] [L0 ] [L1 ]
POC    5 TId: 0 ( I-SLICE, QP 26 )     662992 bits [Y 99.9900 dB    U 99.9900 dB    V 99.9900 dB] [ET     1 ] [L0 ] [L1 ]
POC    6 TId: 0 ( I-SLICE, QP 26 )     663496 bits [Y 99.9900 dB    U 99.9900 dB    V 99.9900 dB] [ET     1 ] [L0 ] [L1 ]
POC    7 TId: 0 ( I-SLICE, QP 26 )     666352 bits [Y 99.9900 dB    U 99.9900 dB    V 99.9900 dB] [ET     1 ] [L0 ] [L1 ]
POC    8 TId: 0 ( I-SLICE, QP 26 )     667928 bits [Y 99.9900 dB    U 99.9900 dB    V 99.9900 dB] [ET     1 ] [L0 ] [L1 ]
POC    9 TId: 0 ( I-SLICE, QP 26 )     667728 bits [Y 99.9900 dB    U 99.9900 dB    V 99.9900 dB] [ET     1 ] [L0 ] [L1 ]
POC   10 TId: 0 ( I-SLICE, QP 26 )     666832 bits [Y 99.9900 dB    U 99.9900 dB    V 99.9900 dB] [ET     2 ] [L0 ] [L1 ]
POC   11 TId: 0 ( I-SLICE, QP 26 )     663736 bits [Y 99.9900 dB    U 99.9900 dB    V 99.9900 dB] [ET     1 ] [L0 ] [L1 ]
POC   12 TId: 0 ( I-SLICE, QP 26 )     661904 bits [Y 99.9900 dB    U 99.9900 dB    V 99.9900 dB] [ET     2 ] [L0 ] [L1 ]
POC   13 TId: 0 ( I-SLICE, QP 26 )     663056 bits [Y 99.9900 dB    U 99.9900 dB    V 99.9900 dB] [ET     2 ] [L0 ] [L1 ]
POC   14 TId: 0 ( I-SLICE, QP 26 )     662056 bits [Y 99.9900 dB    U 99.9900 dB    V 99.9900 dB] [ET     1 ] [L0 ] [L1 ]
POC   15 TId: 0 ( I-SLICE, QP 26 )     661848 bits [Y 99.9900 dB    U 99.9900 dB    V 99.9900 dB] [ET     2 ] [L0 ] [L1 ]
POC   16 TId: 0 ( I-SLICE, QP 26 )     658328 bits [Y 99.9900 dB    U 99.9900 dB    V 99.9900 dB] [ET     1 ] [L0 ] [L1 ]
POC   17 TId: 0 ( I-SLICE, QP 26 )     658576 bits [Y 99.9900 dB    U 99.9900 dB    V 99.9900 dB] [ET     1 ] [L0 ] [L1 ]
POC   18 TId: 0 ( I-SLICE, QP 26 )     654856 bits [Y 99.9900 dB    U 99.9900 dB    V 99.9900 dB] [ET     1 ] [L0 ] [L1 ]
POC   19 TId: 0 ( I-SLICE, QP 26 )     655992 bits [Y 99.9900 dB    U 99.9900 dB    V 99.9900 dB] [ET     1 ] [L0 ] [L1 ]
POC   20 TId: 0 ( I-SLICE, QP 26 )     657416 bits [Y 99.9900 dB    U 99.9900 dB    V 99.9900 dB] [ET     2 ] [L0 ] [L1 ]
POC   21 TId: 0 ( I-SLICE, QP 26 )     659336 bits [Y 99.9900 dB    U 99.9900 dB    V 99.9900 dB] [ET     2 ] [L0 ] [L1 ]
POC   22 TId: 0 ( I-SLICE, QP 26 )     658120 bits [Y 99.9900 dB    U 99.9900 dB    V 99.9900 dB] [ET     1 ] [L0 ] [L1 ]
POC   23 TId: 0 ( I-SLICE, QP 26 )     662912 bits [Y 99.9900 dB    U 99.9900 dB    V 99.9900 dB] [ET     1 ] [L0 ] [L1 ]
POC   24 TId: 0 ( I-SLICE, QP 26 )     664792 bits [Y 99.9900 dB    U 99.9900 dB    V 99.9900 dB] [ET     2 ] [L0 ] [L1 ]
POC   25 TId: 0 ( I-SLICE, QP 26 )     666616 bits [Y 99.9900 dB    U 99.9900 dB    V 99.9900 dB] [ET     2 ] [L0 ] [L1 ]
POC   26 TId: 0 ( I-SLICE, QP 26 )     662176 bits [Y 99.9900 dB    U 99.9900 dB    V 99.9900 dB] [ET     2 ] [L0 ] [L1 ]
POC   27 TId: 0 ( I-SLICE, QP 26 )     664128 bits [Y 99.9900 dB    U 99.9900 dB    V 99.9900 dB] [ET     2 ] [L0 ] [L1 ]
POC   28 TId: 0 ( I-SLICE, QP 26 )     667360 bits [Y 99.9900 dB    U 99.9900 dB    V 99.9900 dB] [ET     2 ] [L0 ] [L1 ]
POC   29 TId: 0 ( I-SLICE, QP 26 )     670152 bits [Y 99.9900 dB    U 99.9900 dB    V 99.9900 dB] [ET     2 ] [L0 ] [L1 ]
POC   30 TId: 0 ( I-SLICE, QP 26 )     668360 bits [Y 99.9900 dB    U 99.9900 dB    V 99.9900 dB] [ET     2 ] [L0 ] [L1 ]
POC   31 TId: 0 ( I-SLICE, QP 26 )     667336 bits [Y 99.9900 dB    U 99.9900 dB    V 99.9900 dB] [ET     2 ] [L0 ] [L1 ]
POC   32 TId: 0 ( I-SLICE, QP 26 )     663728 bits [Y 99.9900 dB    U 99.9900 dB    V 99.9900 dB] [ET     1 ] [L0 ] [L1 ]
POC   33 TId: 0 ( I-SLICE, QP 26 )     660592 bits [Y 99.9900 dB    U 99.9900 dB    V 99.9900 dB] [ET     2 ] [L0 ] [L1 ]
POC   34 TId: 0 ( I-SLICE, QP 26 )     658520 bits [Y 99.9900 dB    U 99.9900 dB    V 99.9900 dB] [ET     1 ] [L0 ] [L1 ]
POC   35 TId: 0 ( I-SLICE, QP 26 )     653736 bits [Y 99.9900 dB    U 99.9900 dB    V 99.9900 dB] [ET     2 ] [L0 ] [L1 ]
POC   36 TId: 0 ( I-SLICE, QP 26 )     648584 bits [Y 99.9900 dB    U 99.9900 dB    V 99.9900 dB] [ET     1 ] [L0 ] [L1 ]
POC   37 TId: 0 ( I-SLICE, QP 26 )     642016 bits [Y 99.9900 dB    U 99.9900 dB    V 99.9900 dB] [ET     1 ] [L0 ] [L1 ]
POC   38 TId: 0 ( I-SLICE, QP 26 )     638336 bits [Y 99.9900 dB    U 99.9900 dB    V 99.9900 dB] [ET     1 ] [L0 ] [L1 ]
POC   39 TId: 0 ( I-SLICE, QP 26 )     636896 bits [Y 99.9900 dB    U 99.9900 dB    V 99.9900 dB] [ET     1 ] [L0 ] [L1 ]
POC   40 TId: 0 ( I-SLICE, QP 26 )     641000 bits [Y 99.9900 dB    U 99.9900 dB    V 99.9900 dB] [ET     1 ] [L0 ] [L1 ]
POC   41 TId: 0 ( I-SLICE, QP 26 )     644376 bits [Y 99.9900 dB    U 99.9900 dB    V 99.9900 dB] [ET     1 ] [L0 ] [L1 ]
POC   42 TId: 0 ( I-SLICE, QP 26 )     641952 bits [Y 99.9900 dB    U 99.9900 dB    V 99.9900 dB] [ET     2 ] [L0 ] [L1 ]
POC   43 TId: 0 ( I-SLICE, QP 26 )     643736 bits [Y 99.9900 dB    U 99.9900 dB    V 99.9900 dB] [ET     1 ] [L0 ] [L1 ]
POC   44 TId: 0 ( I-SLICE, QP 26 )     647488 bits [Y 99.9900 dB    U 99.9900 dB    V 99.9900 dB] [ET     1 ] [L0 ] [L1 ]
POC   45 TId: 0 ( I-SLICE, QP 26 )     651080 bits [Y 99.9900 dB    U 99.9900 dB    V 99.9900 dB] [ET     1 ] [L0 ] [L1 ]
POC   46 TId: 0 ( I-SLICE, QP 26 )     651864 bits [Y 99.9900 dB    U 99.9900 dB    V 99.9900 dB] [ET     2 ] [L0 ] [L1 ]
POC   47 TId: 0 ( I-SLICE, QP 26 )     653656 bits [Y 99.9900 dB    U 99.9900 dB    V 99.9900 dB] [ET     2 ] [L0 ] [L1 ]
POC   48 TId: 0 ( I-SLICE, QP 26 )     652760 bits [Y 99.9900 dB    U 99.9900 dB    V 99.9900 dB] [ET     1 ] [L0 ] [L1 ]
POC   49 TId: 0 ( I-SLICE, QP 26 )     651696 bits [Y 99.9900 dB    U 99.9900 dB    V 99.9900 dB] [ET     1 ] [L0 ] [L1 ]
POC   50 TId: 0 ( I-SLICE, QP 26 )     650280 bits [Y 99.9900 dB    U 99.9900 dB    V 99.9900 dB] [ET     1 ] [L0 ] [L1 ]
POC   51 TId: 0 ( I-SLICE, QP 26 )     648816 bits [Y 99.9900 dB    U 99.9900 dB    V 99.9900 dB] [ET     1 ] [L0 ] [L1 ]
POC   52 TId: 0 ( I-SLICE, QP 26 )     647384 bits [Y 99.9900 dB    U 99.9900 dB    V 99.9900 dB] [ET     1 ] [L0 ] [L1 ]
POC   53 TId: 0 ( I-SLICE, QP 26 )     646912 bits [Y 99.9900 dB    U 99.9900 dB    V 99.9900 dB] [ET     1 ] [L0 ] [L1 ]
POC   54 TId: 0 ( I-SLICE, QP 26 )     641952 bits [Y 99.9900 dB    U 99.9900 dB    V 99.9900 dB] [ET     2 ] [L0 ] [L1 ]
POC   55 TId: 0 ( I-SLICE, QP 26 )     638320 bits [Y 99.9900 dB    U 99.9900 dB    V 99.9900 dB] [ET     1 ] [L0 ] [L1 ]
POC   56 TId: 0 ( I-SLICE, QP 26 )     638560 bits [Y 99.9900 dB    U 99.9900 dB    V 99.9900 dB] [ET     2 ] [L0 ] [L1 ]
POC   57 TId: 0 ( I-SLICE, QP 26 )     638288 bits [Y 99.9900 dB    U 99.9900 dB    V 99.9900 dB] [ET     2 ] [L0 ] [L1 ]
POC   58 TId: 0 ( I-SLICE, QP 26 )     637048 bits [Y 99.9900 dB    U 99.9900 dB    V 99.9900 dB] [ET     1 ] [L0 ] [L1 ]
POC   59 TId: 0 ( I-SLICE, QP 26 )     634144 bits [Y 99.9900 dB    U 99.9900 dB    V 99.9900 dB] [ET     2 ] [L0 ] [L1 ]
POC   60 TId: 0 ( I-SLICE, QP 26 )     636712 bits [Y 99.9900 dB    U 99.9900 dB    V 99.9900 dB] [ET     2 ] [L0 ] [L1 ]
POC   61 TId: 0 ( I-SLICE, QP 26 )     640896 bits [Y 99.9900 dB    U 99.9900 dB    V 99.9900 dB] [ET     2 ] [L0 ] [L1 ]
POC   62 TId: 0 ( I-SLICE, QP 26 )     644056 bits [Y 99.9900 dB    U 99.9900 dB    V 99.9900 dB] [ET     1 ] [L0 ] [L1 ]
POC   63 TId: 0 ( I-SLICE, QP 26 )     646088 bits [Y 99.9900 dB    U 99.9900 dB    V 99.9900 dB] [ET     1 ] [L0 ] [L1 ]
POC   64 TId: 0 ( I-SLICE, QP 26 )     646296 bits [Y 99.9900 dB    U 99.9900 dB    V 99.9900 dB] [ET     1 ] [L0 ] [L1 ]
POC   65 TId: 0 ( I-SLICE, QP 26 )     648176 bits [Y 99.9900 dB    U 99.9900 dB    V 99.9900 dB] [ET     1 ] [L0 ] [L1 ]
POC   66 TId: 0 ( I-SLICE, QP 26 )     651768 bits [Y 99.9900 dB    U 99.9900 dB    V 99.9900 dB] [ET     2 ] [L0 ] [L1 ]
POC   67 TId: 0 ( I-SLICE, QP 26 )     655512 bits [Y 99.9900 dB    U 99.9900 dB    V 99.9900 dB] [ET     2 ] [L0 ] [L1 ]
POC   68 TId: 0 ( I-SLICE, QP 26 )     654504 bits [Y 99.9900 dB    U 99.9900 dB    V 99.9900 dB] [ET     1 ] [L0 ] [L1 ]
POC   69 TId: 0 ( I-SLICE, QP 26 )     654136 bits [Y 99.9900 dB    U 99.9900 dB    V 99.9900 dB] [ET     1 ] [L0 ] [L1 ]
POC   70 TId: 0 ( I-SLICE, QP 26 )     652872 bits [Y 99.9900 dB    U 99.9900 dB    V 99.9900 dB] [ET     2 ] [L0 ] [L1 ]
POC   71 TId: 0 ( I-SLICE, QP 26 )     650464 bits [Y 99.9900 dB    U 99.9900 dB    V 99.9900 dB] [ET     1 ] [L0 ] [L1 ]
POC   72 TId: 0 ( I-SLICE, QP 26 )     648416 bits [Y 99.9900 dB    U 99.9900 dB    V 99.9900 dB] [ET     1 ] [L0 ] [L1 ]
POC   73 TId: 0 ( I-SLICE, QP 26 )     647040 bits [Y 99.9900 dB    U 99.9900 dB    V 99.9900 dB] [ET     2 ] [L0 ] [L1 ]
POC   74 TId: 0 ( I-SLICE, QP 26 )     643304 bits [Y 99.9900 dB    U 99.9900 dB    V 99.9900 dB] [ET     1 ] [L0 ] [L1 ]
POC   75 TId: 0 ( I-SLICE, QP 26 )     637936 bits [Y 99.9900 dB    U 99.9900 dB    V 99.9900 dB] [ET     1 ] [L0 ] [L1 ]
POC   76 TId: 0 ( I-SLICE, QP 26 )     633144 bits [Y 99.9900 dB    U 99.9900 dB    V 99.9900 dB] [ET     2 ] [L0 ] [L1 ]
POC   77 TId: 0 ( I-SLICE, QP 26 )     632072 bits [Y 99.9900 dB    U 99.9900 dB    V 99.9900 dB] [ET     1 ] [L0 ] [L1 ]
POC   78 TId: 0 ( I-SLICE, QP 26 )     630888 bits [Y 99.9900 dB    U 99.9900 dB    V 99.9900 dB] [ET     1 ] [L0 ] [L1 ]
POC   79 TId: 0 ( I-SLICE, QP 26 )     627864 bits [Y 99.9900 dB    U 99.9900 dB    V 99.9900 dB] [ET     1 ] [L0 ] [L1 ]
POC   80 TId: 0 ( I-SLICE, QP 26 )     626328 bits [Y 99.9900 dB    U 99.9900 dB    V 99.9900 dB] [ET     1 ] [L0 ] [L1 ]
POC   81 TId: 0 ( I-SLICE, QP 26 )     624312 bits [Y 99.9900 dB    U 99.9900 dB    V 99.9900 dB] [ET     1 ] [L0 ] [L1 ]
POC   82 TId: 0 ( I-SLICE, QP 26 )     622168 bits [Y 99.9900 dB    U 99.9900 dB    V 99.9900 dB] [ET     1 ] [L0 ] [L1 ]
POC   83 TId: 0 ( I-SLICE, QP 26 )     617160 bits [Y 99.9900 dB    U 99.9900 dB    V 99.9900 dB] [ET     2 ] [L0 ] [L1 ]
POC   84 TId: 0 ( I-SLICE, QP 26 )     614072 bits [Y 99.9900 dB    U 99.9900 dB    V 99.9900 dB] [ET     1 ] [L0 ] [L1 ]
POC   85 TId: 0 ( I-SLICE, QP 26 )     611984 bits [Y 99.9900 dB    U 99.9900 dB    V 99.9900 dB] [ET     1 ] [L0 ] [L1 ]
POC   86 TId: 0 ( I-SLICE, QP 26 )     606320 bits [Y 99.9900 dB    U 99.9900 dB    V 99.9900 dB] [ET     2 ] [L0 ] [L1 ]
POC   87 TId: 0 ( I-SLICE, QP 26 )     604920 bits [Y 99.9900 dB    U 99.9900 dB    V 99.9900 dB] [ET     1 ] [L0 ] [L1 ]
POC   88 TId: 0 ( I-SLICE, QP 26 )     604360 bits [Y 99.9900 dB    U 99.9900 dB    V 99.9900 dB] [ET     1 ] [L0 ] [L1 ]
POC   89 TId: 0 ( I-SLICE, QP 26 )     603576 bits [Y 99.9900 dB    U 99.9900 dB    V 99.9900 dB] [ET     1 ] [L0 ] [L1 ]
POC   90 TId: 0 ( I-SLICE, QP 26 )     605136 bits [Y 99.9900 dB    U 99.9900 dB    V 99.9900 dB] [ET     1 ] [L0 ] [L1 ]
POC   91 TId: 0 ( I-SLICE, QP 26 )     606384 bits [Y 99.9900 dB    U 99.9900 dB    V 99.9900 dB] [ET     1 ] [L0 ] [L1 ]
POC   92 TId: 0 ( I-SLICE, QP 26 )     609032 bits [Y 99.9900 dB    U 99.9900 dB    V 99.9900 dB] [ET     1 ] [L0 ] [L1 ]
POC   93 TId: 0 ( I-SLICE, QP 26 )     612528 bits [Y 99.9900 dB    U 99.9900 dB    V 99.9900 dB] [ET     1 ] [L0 ] [L1 ]
POC   94 TId: 0 ( I-SLICE, QP 26 )     612920 bits [Y 99.9900 dB    U 99.9900 dB    V 99.9900 dB] [ET     1 ] [L0 ] [L1 ]
POC   95 TId: 0 ( I-SLICE, QP 26 )     614696 bits [Y 99.9900 dB    U 99.9900 dB    V 99.9900 dB] [ET     1 ] [L0 ] [L1 ]
POC   96 TId: 0 ( I-SLICE, QP 26 )     619304 bits [Y 99.9900 dB    U 99.9900 dB    V 99.9900 dB] [ET     2 ] [L0 ] [L1 ]
POC   97 TId: 0 ( I-SLICE, QP 26 )     621456 bits [Y 99.9900 dB    U 99.9900 dB    V 99.9900 dB] [ET     1 ] [L0 ] [L1 ]
POC   98 TId: 0 ( I-SLICE, QP 26 )     625120 bits [Y 99.9900 dB    U 99.9900 dB    V 99.9900 dB] [ET     1 ] [L0 ] [L1 ]
POC   99 TId: 0 ( I-SLICE, QP 26 )     629080 bits [Y 99.9900 dB    U 99.9900 dB    V 99.9900 dB] [ET     1 ] [L0 ] [L1 ]


SUMMARY --------------------------------------------------------
	Total Frames |  Bitrate    Y-PSNR    U-PSNR    V-PSNR 
	      100    a  19356.7584   99.9900   99.9900   99.9900


I Slices--------------------------------------------------------
	Total Frames |  Bitrate    Y-PSNR    U-PSNR    V-PSNR 
	      100    i  19356.7584   99.9900   99.9900   99.9900


P Slices--------------------------------------------------------
	Total Frames |  Bitrate    Y-PSNR    U-PSNR    V-PSNR 
	        0    p        -nan      -nan      -nan      -nan


B Slices--------------------------------------------------------
	Total Frames |  Bitrate    Y-PSNR    U-PSNR    V-PSNR 
	        0    b        -nan      -nan      -nan      -nan

RVM: 0.000
Bytes written to file: 8065727 (19357.745 kbps)

 Total Time:      147.740 sec.
