
HM software: Encoder Version [15.0][Linux][GCC 4.8.5][64 bit] 

Input          File          : ../../HEVC_test_sequence/ClassF/SlideShow_1280x720_20.yuv
Bitstream      File          : SlideShow.bin
Reconstruction File          : SlideShow.yuv
Real     Format              : 1280x720 20Hz
Internal Format              : 1280x720 20Hz
Frame/Field                  : Frame based coding
Frame index                  : 0 - 99 (100 frames)
CU size / depth              : 32 / 3
RQT trans. size (min / max)  : 4 / 32
Max RQT depth inter          : 3
Max RQT depth intra          : 1
Min PCM size                 : 8
Motion search range          : 64
Intra period                 : 1
Decoding refresh type        : 0
QP                           : 26.00
Max dQP signaling depth      : 0
Cb QP Offset                 : 0
Cr QP Offset                 : 0
QP adaptation                : 0 (range=0)
GOP size                     : 1
Internal bit depth           : (Y:8, C:8)
PCM sample bit depth         : (Y:8, C:8)
RateControl                  : 0
Max Num Merge Candidates     : 5

TOOL CFG: IBD:0 HAD:0 RDQ:0 RDQTS:0 RDpenalty:0 SQP:0 ASR:0 FEN:0 ECU:0 FDM:0 CFM:0 ESD:0 RQT:1 TransformSkip:0 TransformSkipFast:0 Slice: M=0 SliceSegment: M=0 CIP:0 SAO:0 PCM:0 TransQuantBypassEnabled: =1 WPP:0 WPB:0 PME:2  WaveFrontSynchro:0 WaveFrontSubstreams:1 ScalingList:0 TMVPMode:1  SignBitHidingFlag:1 RecalQP:0

POC    0 TId: 0 ( I-SLICE, QP 26 )    1903912 bits [Y 99.9900 dB    U 99.9900 dB    V 99.9900 dB] [ET    11 ] [L0 ] [L1 ]
POC    1 TId: 0 ( I-SLICE, QP 26 )      22544 bits [Y 99.9900 dB    U 99.9900 dB    V 99.9900 dB] [ET     6 ] [L0 ] [L1 ]
POC    2 TId: 0 ( I-SLICE, QP 26 )      19544 bits [Y 99.9900 dB    U 99.9900 dB    V 99.9900 dB] [ET     6 ] [L0 ] [L1 ]
POC    3 TId: 0 ( I-SLICE, QP 26 )     222432 bits [Y 99.9900 dB    U 99.9900 dB    V 99.9900 dB] [ET     6 ] [L0 ] [L1 ]
POC    4 TId: 0 ( I-SLICE, QP 26 )     470864 bits [Y 99.9900 dB    U 99.9900 dB    V 99.9900 dB] [ET     7 ] [L0 ] [L1 ]
POC    5 TId: 0 ( I-SLICE, QP 26 )     689088 bits [Y 99.9900 dB    U 99.9900 dB    V 99.9900 dB] [ET     7 ] [L0 ] [L1 ]
POC    6 TId: 0 ( I-SLICE, QP 26 )     953464 bits [Y 99.9900 dB    U 99.9900 dB    V 99.9900 dB] [ET     8 ] [L0 ] [L1 ]
POC    7 TId: 0 ( I-SLICE, QP 26 )    1250472 bits [Y 99.9900 dB    U 99.9900 dB    V 99.9900 dB] [ET     9 ] [L0 ] [L1 ]
POC    8 TId: 0 ( I-SLICE, QP 26 )    1484576 bits [Y 99.9900 dB    U 99.9900 dB    V 99.9900 dB] [ET     9 ] [L0 ] [L1 ]
POC    9 TId: 0 ( I-SLICE, QP 26 )    1791328 bits [Y 99.9900 dB    U 99.9900 dB    V 99.9900 dB] [ET    10 ] [L0 ] [L1 ]
POC   10 TId: 0 ( I-SLICE, QP 26 )    2099072 bits [Y 99.9900 dB    U 99.9900 dB    V 99.9900 dB] [ET    10 ] [L0 ] [L1 ]
POC   11 TId: 0 ( I-SLICE, QP 26 )    2201288 bits [Y 99.9900 dB    U 99.9900 dB    V 99.9900 dB] [ET    11 ] [L0 ] [L1 ]
POC   12 TId: 0 ( I-SLICE, QP 26 )    2201552 bits [Y 99.9900 dB    U 99.9900 dB    V 99.9900 dB] [ET    11 ] [L0 ] [L1 ]
POC   13 TId: 0 ( I-SLICE, QP 26 )    2201816 bits [Y 99.9900 dB    U 99.9900 dB    V 99.9900 dB] [ET    11 ] [L0 ] [L1 ]
POC   14 TId: 0 ( I-SLICE, QP 26 )    2201840 bits [Y 99.9900 dB    U 99.9900 dB    V 99.9900 dB] [ET    11 ] [L0 ] [L1 ]
POC   15 TId: 0 ( I-SLICE, QP 26 )    2201808 bits [Y 99.9900 dB    U 99.9900 dB    V 99.9900 dB] [ET    11 ] [L0 ] [L1 ]
POC   16 TId: 0 ( I-SLICE, QP 26 )    2201640 bits [Y 99.9900 dB    U 99.9900 dB    V 99.9900 dB] [ET    11 ] [L0 ] [L1 ]
POC   17 TId: 0 ( I-SLICE, QP 26 )    2201560 bits [Y 99.9900 dB    U 99.9900 dB    V 99.9900 dB] [ET    11 ] [L0 ] [L1 ]
POC   18 TId: 0 ( I-SLICE, QP 26 )    2201856 bits [Y 99.9900 dB    U 99.9900 dB    V 99.9900 dB] [ET    11 ] [L0 ] [L1 ]
POC   19 TId: 0 ( I-SLICE, QP 26 )    2201680 bits [Y 99.9900 dB    U 99.9900 dB    V 99.9900 dB] [ET    14 ] [L0 ] [L1 ]
POC   20 TId: 0 ( I-SLICE, QP 26 )    2201472 bits [Y 99.9900 dB    U 99.9900 dB    V 99.9900 dB] [ET    11 ] [L0 ] [L1 ]
POC   21 TId: 0 ( I-SLICE, QP 26 )    2201440 bits [Y 99.9900 dB    U 99.9900 dB    V 99.9900 dB] [ET    11 ] [L0 ] [L1 ]
POC   22 TId: 0 ( I-SLICE, QP 26 )    2201064 bits [Y 99.9900 dB    U 99.9900 dB    V 99.9900 dB] [ET    11 ] [L0 ] [L1 ]
POC   23 TId: 0 ( I-SLICE, QP 26 )    2201208 bits [Y 99.9900 dB    U 99.9900 dB    V 99.9900 dB] [ET    11 ] [L0 ] [L1 ]
POC   24 TId: 0 ( I-SLICE, QP 26 )    2201208 bits [Y 99.9900 dB    U 99.9900 dB    V 99.9900 dB] [ET    11 ] [L0 ] [L1 ]
POC   25 TId: 0 ( I-SLICE, QP 26 )    2201208 bits [Y 99.9900 dB    U 99.9900 dB    V 99.9900 dB] [ET    11 ] [L0 ] [L1 ]
POC   26 TId: 0 ( I-SLICE, QP 26 )    2201208 bits [Y 99.9900 dB    U 99.9900 dB    V 99.9900 dB] [ET    10 ] [L0 ] [L1 ]
POC   27 TId: 0 ( I-SLICE, QP 26 )     466904 bits [Y 99.9900 dB    U 99.9900 dB    V 99.9900 dB] [ET     7 ] [L0 ] [L1 ]
POC   28 TId: 0 ( I-SLICE, QP 26 )     467896 bits [Y 99.9900 dB    U 99.9900 dB    V 99.9900 dB] [ET     7 ] [L0 ] [L1 ]
POC   29 TId: 0 ( I-SLICE, QP 26 )     468872 bits [Y 99.9900 dB    U 99.9900 dB    V 99.9900 dB] [ET     7 ] [L0 ] [L1 ]
POC   30 TId: 0 ( I-SLICE, QP 26 )     474296 bits [Y 99.9900 dB    U 99.9900 dB    V 99.9900 dB] [ET     7 ] [L0 ] [L1 ]
POC   31 TId: 0 ( I-SLICE, QP 26 )     480376 bits [Y 99.9900 dB    U 99.9900 dB    V 99.9900 dB] [ET     7 ] [L0 ] [L1 ]
POC   32 TId: 0 ( I-SLICE, QP 26 )     491432 bits [Y 99.9900 dB    U 99.9900 dB    V 99.9900 dB] [ET     7 ] [L0 ] [L1 ]
POC   33 TId: 0 ( I-SLICE, QP 26 )     515056 bits [Y 99.9900 dB    U 99.9900 dB    V 99.9900 dB] [ET     7 ] [L0 ] [L1 ]
POC   34 TId: 0 ( I-SLICE, QP 26 )     539672 bits [Y 99.9900 dB    U 99.9900 dB    V 99.9900 dB] [ET     7 ] [L0 ] [L1 ]
POC   35 TId: 0 ( I-SLICE, QP 26 )     575712 bits [Y 99.9900 dB    U 99.9900 dB    V 99.9900 dB] [ET     7 ] [L0 ] [L1 ]
POC   36 TId: 0 ( I-SLICE, QP 26 )     649456 bits [Y 99.9900 dB    U 99.9900 dB    V 99.9900 dB] [ET     7 ] [L0 ] [L1 ]
POC   37 TId: 0 ( I-SLICE, QP 26 )     703968 bits [Y 99.9900 dB    U 99.9900 dB    V 99.9900 dB] [ET     7 ] [L0 ] [L1 ]
POC   38 TId: 0 ( I-SLICE, QP 26 )     752536 bits [Y 99.9900 dB    U 99.9900 dB    V 99.9900 dB] [ET     7 ] [L0 ] [L1 ]
POC   39 TId: 0 ( I-SLICE, QP 26 )     802688 bits [Y 99.9900 dB    U 99.9900 dB    V 99.9900 dB] [ET     7 ] [L0 ] [L1 ]
POC   40 TId: 0 ( I-SLICE, QP 26 )     849600 bits [Y 99.9900 dB    U 99.9900 dB    V 99.9900 dB] [ET     8 ] [L0 ] [L1 ]
POC   41 TId: 0 ( I-SLICE, QP 26 )     901064 bits [Y 99.9900 dB    U 99.9900 dB    V 99.9900 dB] [ET     8 ] [L0 ] [L1 ]
POC   42 TId: 0 ( I-SLICE, QP 26 )     942696 bits [Y 99.9900 dB    U 99.9900 dB    V 99.9900 dB] [ET     8 ] [L0 ] [L1 ]
POC   43 TId: 0 ( I-SLICE, QP 26 )     975072 bits [Y 99.9900 dB    U 99.9900 dB    V 99.9900 dB] [ET     8 ] [L0 ] [L1 ]
POC   44 TId: 0 ( I-SLICE, QP 26 )     980296 bits [Y 99.9900 dB    U 99.9900 dB    V 99.9900 dB] [ET     8 ] [L0 ] [L1 ]
POC   45 TId: 0 ( I-SLICE, QP 26 )     980296 bits [Y 99.9900 dB    U 99.9900 dB    V 99.9900 dB] [ET     8 ] [L0 ] [L1 ]
POC   46 TId: 0 ( I-SLICE, QP 26 )     980296 bits [Y 99.9900 dB    U 99.9900 dB    V 99.9900 dB] [ET     8 ] [L0 ] [L1 ]
POC   47 TId: 0 ( I-SLICE, QP 26 )     980296 bits [Y 99.9900 dB    U 99.9900 dB    V 99.9900 dB] [ET     8 ] [L0 ] [L1 ]
POC   48 TId: 0 ( I-SLICE, QP 26 )     980296 bits [Y 99.9900 dB    U 99.9900 dB    V 99.9900 dB] [ET     8 ] [L0 ] [L1 ]
POC   49 TId: 0 ( I-SLICE, QP 26 )     980296 bits [Y 99.9900 dB    U 99.9900 dB    V 99.9900 dB] [ET     8 ] [L0 ] [L1 ]
POC   50 TId: 0 ( I-SLICE, QP 26 )     980296 bits [Y 99.9900 dB    U 99.9900 dB    V 99.9900 dB] [ET     8 ] [L0 ] [L1 ]
POC   51 TId: 0 ( I-SLICE, QP 26 )     980296 bits [Y 99.9900 dB    U 99.9900 dB    V 99.9900 dB] [ET     8 ] [L0 ] [L1 ]
POC   52 TId: 0 ( I-SLICE, QP 26 )     980296 bits [Y 99.9900 dB    U 99.9900 dB    V 99.9900 dB] [ET     8 ] [L0 ] [L1 ]
POC   53 TId: 0 ( I-SLICE, QP 26 )     980296 bits [Y 99.9900 dB    U 99.9900 dB    V 99.9900 dB] [ET     8 ] [L0 ] [L1 ]
POC   54 TId: 0 ( I-SLICE, QP 26 )     980296 bits [Y 99.9900 dB    U 99.9900 dB    V 99.9900 dB] [ET     8 ] [L0 ] [L1 ]
POC   55 TId: 0 ( I-SLICE, QP 26 )     980296 bits [Y 99.9900 dB    U 99.9900 dB    V 99.9900 dB] [ET     8 ] [L0 ] [L1 ]
POC   56 TId: 0 ( I-SLICE, QP 26 )     980296 bits [Y 99.9900 dB    U 99.9900 dB    V 99.9900 dB] [ET     8 ] [L0 ] [L1 ]
POC   57 TId: 0 ( I-SLICE, QP 26 )     980296 bits [Y 99.9900 dB    U 99.9900 dB    V 99.9900 dB] [ET     8 ] [L0 ] [L1 ]
POC   58 TId: 0 ( I-SLICE, QP 26 )     980296 bits [Y 99.9900 dB    U 99.9900 dB    V 99.9900 dB] [ET     8 ] [L0 ] [L1 ]
POC   59 TId: 0 ( I-SLICE, QP 26 )     980296 bits [Y 99.9900 dB    U 99.9900 dB    V 99.9900 dB] [ET     8 ] [L0 ] [L1 ]
POC   60 TId: 0 ( I-SLICE, QP 26 )     980296 bits [Y 99.9900 dB    U 99.9900 dB    V 99.9900 dB] [ET     8 ] [L0 ] [L1 ]
POC   61 TId: 0 ( I-SLICE, QP 26 )     980296 bits [Y 99.9900 dB    U 99.9900 dB    V 99.9900 dB] [ET     8 ] [L0 ] [L1 ]
POC   62 TId: 0 ( I-SLICE, QP 26 )     980296 bits [Y 99.9900 dB    U 99.9900 dB    V 99.9900 dB] [ET     8 ] [L0 ] [L1 ]
POC   63 TId: 0 ( I-SLICE, QP 26 )     980296 bits [Y 99.9900 dB    U 99.9900 dB    V 99.9900 dB] [ET     8 ] [L0 ] [L1 ]
POC   64 TId: 0 ( I-SLICE, QP 26 )    1008328 bits [Y 99.9900 dB    U 99.9900 dB    V 99.9900 dB] [ET     8 ] [L0 ] [L1 ]
POC   65 TId: 0 ( I-SLICE, QP 26 )    1013840 bits [Y 99.9900 dB    U 99.9900 dB    V 99.9900 dB] [ET     8 ] [L0 ] [L1 ]
POC   66 TId: 0 ( I-SLICE, QP 26 )    1054704 bits [Y 99.9900 dB    U 99.9900 dB    V 99.9900 dB] [ET     8 ] [L0 ] [L1 ]
POC   67 TId: 0 ( I-SLICE, QP 26 )    1077360 bits [Y 99.9900 dB    U 99.9900 dB    V 99.9900 dB] [ET     8 ] [L0 ] [L1 ]
POC   68 TId: 0 ( I-SLICE, QP 26 )    1083312 bits [Y 99.9900 dB    U 99.9900 dB    V 99.9900 dB] [ET     8 ] [L0 ] [L1 ]
POC   69 TId: 0 ( I-SLICE, QP 26 )    1071176 bits [Y 99.9900 dB    U 99.9900 dB    V 99.9900 dB] [ET     8 ] [L0 ] [L1 ]
POC   70 TId: 0 ( I-SLICE, QP 26 )    1053792 bits [Y 99.9900 dB    U 99.9900 dB    V 99.9900 dB] [ET     7 ] [L0 ] [L1 ]
POC   71 TId: 0 ( I-SLICE, QP 26 )    1029072 bits [Y 99.9900 dB    U 99.9900 dB    V 99.9900 dB] [ET     7 ] [L0 ] [L1 ]
POC   72 TId: 0 ( I-SLICE, QP 26 )     997192 bits [Y 99.9900 dB    U 99.9900 dB    V 99.9900 dB] [ET     7 ] [L0 ] [L1 ]
POC   73 TId: 0 ( I-SLICE, QP 26 )     980000 bits [Y 99.9900 dB    U 99.9900 dB    V 99.9900 dB] [ET     7 ] [L0 ] [L1 ]
POC   74 TId: 0 ( I-SLICE, QP 26 )     960872 bits [Y 99.9900 dB    U 99.9900 dB    V 99.9900 dB] [ET     7 ] [L0 ] [L1 ]
POC   75 TId: 0 ( I-SLICE, QP 26 )     979352 bits [Y 99.9900 dB    U 99.9900 dB    V 99.9900 dB] [ET     7 ] [L0 ] [L1 ]
POC   76 TId: 0 ( I-SLICE, QP 26 )    1062560 bits [Y 99.9900 dB    U 99.9900 dB    V 99.9900 dB] [ET     8 ] [L0 ] [L1 ]
POC   77 TId: 0 ( I-SLICE, QP 26 )    1181936 bits [Y 99.9900 dB    U 99.9900 dB    V 99.9900 dB] [ET     8 ] [L0 ] [L1 ]
POC   78 TId: 0 ( I-SLICE, QP 26 )    1169736 bits [Y 99.9900 dB    U 99.9900 dB    V 99.9900 dB] [ET     8 ] [L0 ] [L1 ]
POC   79 TId: 0 ( I-SLICE, QP 26 )    1161848 bits [Y 99.9900 dB    U 99.9900 dB    V 99.9900 dB] [ET     8 ] [L0 ] [L1 ]
POC   80 TId: 0 ( I-SLICE, QP 26 )    1153032 bits [Y 99.9900 dB    U 99.9900 dB    V 99.9900 dB] [ET     8 ] [L0 ] [L1 ]
POC   81 TId: 0 ( I-SLICE, QP 26 )    1118024 bits [Y 99.9900 dB    U 99.9900 dB    V 99.9900 dB] [ET     8 ] [L0 ] [L1 ]
POC   82 TId: 0 ( I-SLICE, QP 26 )    1094312 bits [Y 99.9900 dB    U 99.9900 dB    V 99.9900 dB] [ET     8 ] [L0 ] [L1 ]
POC   83 TId: 0 ( I-SLICE, QP 26 )    1089248 bits [Y 99.9900 dB    U 99.9900 dB    V 99.9900 dB] [ET     8 ] [L0 ] [L1 ]
POC   84 TId: 0 ( I-SLICE, QP 26 )    1067480 bits [Y 99.9900 dB    U 99.9900 dB    V 99.9900 dB] [ET     8 ] [L0 ] [L1 ]
POC   85 TId: 0 ( I-SLICE, QP 26 )    1044560 bits [Y 99.9900 dB    U 99.9900 dB    V 99.9900 dB] [ET     8 ] [L0 ] [L1 ]
POC   86 TId: 0 ( I-SLICE, QP 26 )    1013896 bits [Y 99.9900 dB    U 99.9900 dB    V 99.9900 dB] [ET     7 ] [L0 ] [L1 ]
POC   87 TId: 0 ( I-SLICE, QP 26 )     978424 bits [Y 99.9900 dB    U 99.9900 dB    V 99.9900 dB] [ET     7 ] [L0 ] [L1 ]
POC   88 TId: 0 ( I-SLICE, QP 26 )     935984 bits [Y 99.9900 dB    U 99.9900 dB    V 99.9900 dB] [ET     7 ] [L0 ] [L1 ]
POC   89 TId: 0 ( I-SLICE, QP 26 )     893512 bits [Y 99.9900 dB    U 99.9900 dB    V 99.9900 dB] [ET     7 ] [L0 ] [L1 ]
POC   90 TId: 0 ( I-SLICE, QP 26 )     847712 bits [Y 99.9900 dB    U 99.9900 dB    V 99.9900 dB] [ET     7 ] [L0 ] [L1 ]
POC   91 TId: 0 ( I-SLICE, QP 26 )     831736 bits [Y 99.9900 dB    U 99.9900 dB    V 99.9900 dB] [ET     7 ] [L0 ] [L1 ]
POC   92 TId: 0 ( I-SLICE, QP 26 )     818928 bits [Y 99.9900 dB    U 99.9900 dB    V 99.9900 dB] [ET     7 ] [L0 ] [L1 ]
POC   93 TId: 0 ( I-SLICE, QP 26 )     818928 bits [Y 99.9900 dB    U 99.9900 dB    V 99.9900 dB] [ET     7 ] [L0 ] [L1 ]
POC   94 TId: 0 ( I-SLICE, QP 26 )     818928 bits [Y 99.9900 dB    U 99.9900 dB    V 99.9900 dB] [ET     7 ] [L0 ] [L1 ]
POC   95 TId: 0 ( I-SLICE, QP 26 )     818928 bits [Y 99.9900 dB    U 99.9900 dB    V 99.9900 dB] [ET     7 ] [L0 ] [L1 ]
POC   96 TId: 0 ( I-SLICE, QP 26 )     818928 bits [Y 99.9900 dB    U 99.9900 dB    V 99.9900 dB] [ET     7 ] [L0 ] [L1 ]
POC   97 TId: 0 ( I-SLICE, QP 26 )     818928 bits [Y 99.9900 dB    U 99.9900 dB    V 99.9900 dB] [ET     7 ] [L0 ] [L1 ]
POC   98 TId: 0 ( I-SLICE, QP 26 )     818928 bits [Y 99.9900 dB    U 99.9900 dB    V 99.9900 dB] [ET     7 ] [L0 ] [L1 ]
POC   99 TId: 0 ( I-SLICE, QP 26 )     818928 bits [Y 99.9900 dB    U 99.9900 dB    V 99.9900 dB] [ET     7 ] [L0 ] [L1 ]


SUMMARY --------------------------------------------------------
	Total Frames |  Bitrate    Y-PSNR    U-PSNR    V-PSNR 
	      100    a  22459.7568   99.9900   99.9900   99.9900


I Slices--------------------------------------------------------
	Total Frames |  Bitrate    Y-PSNR    U-PSNR    V-PSNR 
	      100    i  22459.7568   99.9900   99.9900   99.9900


P Slices--------------------------------------------------------
	Total Frames |  Bitrate    Y-PSNR    U-PSNR    V-PSNR 
	        0    p        -nan      -nan      -nan      -nan


B Slices--------------------------------------------------------
	Total Frames |  Bitrate    Y-PSNR    U-PSNR    V-PSNR 
	        0    b        -nan      -nan      -nan      -nan

RVM: 0.000
Bytes written to file: 14037759 (22460.414 kbps)

 Total Time:      809.760 sec.
