
HM software: Encoder Version [15.0][Linux][GCC 4.8.5][64 bit] 

Input          File          : ../../HEVC_test_sequence/ClassB/BQTerrace_1920x1080_60.yuv
Bitstream      File          : BQTerrace.bin
Reconstruction File          : BQTerrace.yuv
Real     Format              : 1920x1080 60Hz
Internal Format              : 1920x1080 60Hz
Frame/Field                  : Frame based coding
Frame index                  : 0 - 599 (600 frames)
CU size / depth              : 32 / 3
RQT trans. size (min / max)  : 4 / 32
Max RQT depth inter          : 3
Max RQT depth intra          : 1
Min PCM size                 : 8
Motion search range          : 64
Intra period                 : 1
Decoding refresh type        : 0
QP                           : 26.00
Max dQP signaling depth      : 0
Cb QP Offset                 : 0
Cr QP Offset                 : 0
QP adaptation                : 0 (range=0)
GOP size                     : 1
Internal bit depth           : (Y:8, C:8)
PCM sample bit depth         : (Y:8, C:8)
RateControl                  : 0
Max Num Merge Candidates     : 5

TOOL CFG: IBD:0 HAD:0 RDQ:0 RDQTS:0 RDpenalty:0 SQP:0 ASR:0 FEN:0 ECU:0 FDM:0 CFM:0 ESD:0 RQT:1 TransformSkip:0 TransformSkipFast:0 Slice: M=0 SliceSegment: M=0 CIP:0 SAO:0 PCM:0 TransQuantBypassEnabled: =1 WPP:0 WPB:0 PME:2  WaveFrontSynchro:0 WaveFrontSubstreams:1 ScalingList:0 TMVPMode:1  SignBitHidingFlag:1 RecalQP:0

***    VPS numBytesInNALunit: 24
***    SPS numBytesInNALunit: 31
***    PPS numBytesInNALunit: 7
*** IDR_W_RADL numBytesInNALunit: 1454802
POC    0 TId: 0 ( I-SLICE, QP 26 )   11638912 bits [Y 99.9900 dB    U 99.9900 dB    V 99.9900 dB] [ET 25.36 ] [L0 ] [L1 ]
*** TRAIL_R numBytesInNALunit: 1455175
POC    1 TId: 0 ( I-SLICE, QP 26 )   11641400 bits [Y 99.9900 dB    U 99.9900 dB    V 99.9900 dB] [ET 25.42 ] [L0 ] [L1 ]
*** TRAIL_R numBytesInNALunit: 1454979
POC    2 TId: 0 ( I-SLICE, QP 26 )   11639832 bits [Y 99.9900 dB    U 99.9900 dB    V 99.9900 dB] [ET 25.44 ] [L0 ] [L1 ]
*** TRAIL_R numBytesInNALunit: 1454275
POC    3 TId: 0 ( I-SLICE, QP 26 )   11634200 bits [Y 99.9900 dB    U 99.9900 dB    V 99.9900 dB] [ET 25.55 ] [L0 ] [L1 ]
*** TRAIL_R numBytesInNALunit: 1453532
POC    4 TId: 0 ( I-SLICE, QP 26 )   11628256 bits [Y 99.9900 dB    U 99.9900 dB    V 99.9900 dB] [ET 25.59 ] [L0 ] [L1 ]
*** TRAIL_R numBytesInNALunit: 1455593
POC    5 TId: 0 ( I-SLICE, QP 26 )   11644744 bits [Y 99.9900 dB    U 99.9900 dB    V 99.9900 dB] [ET 25.30 ] [L0 ] [L1 ]
*** TRAIL_R numBytesInNALunit: 1456719
POC    6 TId: 0 ( I-SLICE, QP 26 )   11653752 bits [Y 99.9900 dB    U 99.9900 dB    V 99.9900 dB] [ET 25.22 ] [L0 ] [L1 ]
*** TRAIL_R numBytesInNALunit: 1453456
POC    7 TId: 0 ( I-SLICE, QP 26 )   11627648 bits [Y 99.9900 dB    U 99.9900 dB    V 99.9900 dB] [ET 25.33 ] [L0 ] [L1 ]
*** TRAIL_R numBytesInNALunit: 1455435
POC    8 TId: 0 ( I-SLICE, QP 26 )   11643480 bits [Y 99.9900 dB    U 99.9900 dB    V 99.9900 dB] [ET 25.47 ] [L0 ] [L1 ]
*** TRAIL_R numBytesInNALunit: 1454088
POC    9 TId: 0 ( I-SLICE, QP 26 )   11632704 bits [Y 99.9900 dB    U 99.9900 dB    V 99.9900 dB] [ET 25.36 ] [L0 ] [L1 ]
*** TRAIL_R numBytesInNALunit: 1454442
POC   10 TId: 0 ( I-SLICE, QP 26 )   11635536 bits [Y 99.9900 dB    U 99.9900 dB    V 99.9900 dB] [ET 24.91 ] [L0 ] [L1 ]
*** TRAIL_R numBytesInNALunit: 1455980
POC   11 TId: 0 ( I-SLICE, QP 26 )   11647840 bits [Y 99.9900 dB    U 99.9900 dB    V 99.9900 dB] [ET 25.83 ] [L0 ] [L1 ]
*** TRAIL_R numBytesInNALunit: 1454506
POC   12 TId: 0 ( I-SLICE, QP 26 )   11636048 bits [Y 99.9900 dB    U 99.9900 dB    V 99.9900 dB] [ET 25.95 ] [L0 ] [L1 ]
*** TRAIL_R numBytesInNALunit: 1456181
POC   13 TId: 0 ( I-SLICE, QP 26 )   11649448 bits [Y 99.9900 dB    U 99.9900 dB    V 99.9900 dB] [ET 25.97 ] [L0 ] [L1 ]
*** TRAIL_R numBytesInNALunit: 1454787
POC   14 TId: 0 ( I-SLICE, QP 26 )   11638296 bits [Y 99.9900 dB    U 99.9900 dB    V 99.9900 dB] [ET 25.39 ] [L0 ] [L1 ]
*** TRAIL_R numBytesInNALunit: 1453776
POC   15 TId: 0 ( I-SLICE, QP 26 )   11630208 bits [Y 99.9900 dB    U 99.9900 dB    V 99.9900 dB] [ET 26.14 ] [L0 ] [L1 ]
*** TRAIL_R numBytesInNALunit: 1453307
POC   16 TId: 0 ( I-SLICE, QP 26 )   11626456 bits [Y 99.9900 dB    U 99.9900 dB    V 99.9900 dB] [ET 25.83 ] [L0 ] [L1 ]
*** TRAIL_R numBytesInNALunit: 1454422
POC   17 TId: 0 ( I-SLICE, QP 26 )   11635376 bits [Y 99.9900 dB    U 99.9900 dB    V 99.9900 dB] [ET 25.56 ] [L0 ] [L1 ]
*** TRAIL_R numBytesInNALunit: 1455470
POC   18 TId: 0 ( I-SLICE, QP 26 )   11643760 bits [Y 99.9900 dB    U 99.9900 dB    V 99.9900 dB] [ET 26.05 ] [L0 ] [L1 ]
*** TRAIL_R numBytesInNALunit: 1454415
POC   19 TId: 0 ( I-SLICE, QP 26 )   11635320 bits [Y 99.9900 dB    U 99.9900 dB    V 99.9900 dB] [ET 26.22 ] [L0 ] [L1 ]
*** TRAIL_R numBytesInNALunit: 1453849
POC   20 TId: 0 ( I-SLICE, QP 26 )   11630792 bits [Y 99.9900 dB    U 99.9900 dB    V 99.9900 dB] [ET 25.62 ] [L0 ] [L1 ]
*** TRAIL_R numBytesInNALunit: 1453916
POC   21 TId: 0 ( I-SLICE, QP 26 )   11631328 bits [Y 99.9900 dB    U 99.9900 dB    V 99.9900 dB] [ET 25.58 ] [L0 ] [L1 ]
*** TRAIL_R numBytesInNALunit: 1454377
POC   22 TId: 0 ( I-SLICE, QP 26 )   11635016 bits [Y 99.9900 dB    U 99.9900 dB    V 99.9900 dB] [ET 25.70 ] [L0 ] [L1 ]
*** TRAIL_R numBytesInNALunit: 1454381
POC   23 TId: 0 ( I-SLICE, QP 26 )   11635048 bits [Y 99.9900 dB    U 99.9900 dB    V 99.9900 dB] [ET 25.64 ] [L0 ] [L1 ]
*** TRAIL_R numBytesInNALunit: 1451991
POC   24 TId: 0 ( I-SLICE, QP 26 )   11615928 bits [Y 99.9900 dB    U 99.9900 dB    V 99.9900 dB] [ET 25.62 ] [L0 ] [L1 ]
*** TRAIL_R numBytesInNALunit: 1451908
POC   25 TId: 0 ( I-SLICE, QP 26 )   11615264 bits [Y 99.9900 dB    U 99.9900 dB    V 99.9900 dB] [ET 25.44 ] [L0 ] [L1 ]
*** TRAIL_R numBytesInNALunit: 1453763
POC   26 TId: 0 ( I-SLICE, QP 26 )   11630104 bits [Y 99.9900 dB    U 99.9900 dB    V 99.9900 dB] [ET 25.34 ] [L0 ] [L1 ]
*** TRAIL_R numBytesInNALunit: 1453710
POC   27 TId: 0 ( I-SLICE, QP 26 )   11629680 bits [Y 99.9900 dB    U 99.9900 dB    V 99.9900 dB] [ET 25.47 ] [L0 ] [L1 ]
*** TRAIL_R numBytesInNALunit: 1453100
POC   28 TId: 0 ( I-SLICE, QP 26 )   11624800 bits [Y 99.9900 dB    U 99.9900 dB    V 99.9900 dB] [ET 25.73 ] [L0 ] [L1 ]
*** TRAIL_R numBytesInNALunit: 1452973
POC   29 TId: 0 ( I-SLICE, QP 26 )   11623784 bits [Y 99.9900 dB    U 99.9900 dB    V 99.9900 dB] [ET 25.86 ] [L0 ] [L1 ]
*** TRAIL_R numBytesInNALunit: 1454238
POC   30 TId: 0 ( I-SLICE, QP 26 )   11633904 bits [Y 99.9900 dB    U 99.9900 dB    V 99.9900 dB] [ET 25.56 ] [L0 ] [L1 ]
*** TRAIL_R numBytesInNALunit: 1451831
POC   31 TId: 0 ( I-SLICE, QP 26 )   11614648 bits [Y 99.9900 dB    U 99.9900 dB    V 99.9900 dB] [ET 25.52 ] [L0 ] [L1 ]
*** TRAIL_R numBytesInNALunit: 1454780
POC   32 TId: 0 ( I-SLICE, QP 26 )   11638240 bits [Y 99.9900 dB    U 99.9900 dB    V 99.9900 dB] [ET 25.77 ] [L0 ] [L1 ]
*** TRAIL_R numBytesInNALunit: 1456129
POC   33 TId: 0 ( I-SLICE, QP 26 )   11649032 bits [Y 99.9900 dB    U 99.9900 dB    V 99.9900 dB] [ET 25.25 ] [L0 ] [L1 ]
*** TRAIL_R numBytesInNALunit: 1455651
POC   34 TId: 0 ( I-SLICE, QP 26 )   11645208 bits [Y 99.9900 dB    U 99.9900 dB    V 99.9900 dB] [ET 25.45 ] [L0 ] [L1 ]
*** TRAIL_R numBytesInNALunit: 1451346
POC   35 TId: 0 ( I-SLICE, QP 26 )   11610768 bits [Y 99.9900 dB    U 99.9900 dB    V 99.9900 dB] [ET 25.59 ] [L0 ] [L1 ]
*** TRAIL_R numBytesInNALunit: 1452404
POC   36 TId: 0 ( I-SLICE, QP 26 )   11619232 bits [Y 99.9900 dB    U 99.9900 dB    V 99.9900 dB] [ET 25.97 ] [L0 ] [L1 ]
*** TRAIL_R numBytesInNALunit: 1450307
POC   37 TId: 0 ( I-SLICE, QP 26 )   11602456 bits [Y 99.9900 dB    U 99.9900 dB    V 99.9900 dB] [ET 25.44 ] [L0 ] [L1 ]
*** TRAIL_R numBytesInNALunit: 1451515
POC   38 TId: 0 ( I-SLICE, QP 26 )   11612120 bits [Y 99.9900 dB    U 99.9900 dB    V 99.9900 dB] [ET 25.56 ] [L0 ] [L1 ]
*** TRAIL_R numBytesInNALunit: 1452790
POC   39 TId: 0 ( I-SLICE, QP 26 )   11622320 bits [Y 99.9900 dB    U 99.9900 dB    V 99.9900 dB] [ET 25.48 ] [L0 ] [L1 ]
*** TRAIL_R numBytesInNALunit: 1452581
POC   40 TId: 0 ( I-SLICE, QP 26 )   11620648 bits [Y 99.9900 dB    U 99.9900 dB    V 99.9900 dB] [ET 25.39 ] [L0 ] [L1 ]
*** TRAIL_R numBytesInNALunit: 1452770
POC   41 TId: 0 ( I-SLICE, QP 26 )   11622160 bits [Y 99.9900 dB    U 99.9900 dB    V 99.9900 dB] [ET 25.30 ] [L0 ] [L1 ]
*** TRAIL_R numBytesInNALunit: 1451322
POC   42 TId: 0 ( I-SLICE, QP 26 )   11610576 bits [Y 99.9900 dB    U 99.9900 dB    V 99.9900 dB] [ET 25.48 ] [L0 ] [L1 ]
*** TRAIL_R numBytesInNALunit: 1448619
POC   43 TId: 0 ( I-SLICE, QP 26 )   11588952 bits [Y 99.9900 dB    U 99.9900 dB    V 99.9900 dB] [ET 25.19 ] [L0 ] [L1 ]
*** TRAIL_R numBytesInNALunit: 1455467
POC   44 TId: 0 ( I-SLICE, QP 26 )   11643736 bits [Y 99.9900 dB    U 99.9900 dB    V 99.9900 dB] [ET 25.75 ] [L0 ] [L1 ]
*** TRAIL_R numBytesInNALunit: 1456311
POC   45 TId: 0 ( I-SLICE, QP 26 )   11650488 bits [Y 99.9900 dB    U 99.9900 dB    V 99.9900 dB] [ET 25.81 ] [L0 ] [L1 ]
*** TRAIL_R numBytesInNALunit: 1457223
POC   46 TId: 0 ( I-SLICE, QP 26 )   11657784 bits [Y 99.9900 dB    U 99.9900 dB    V 99.9900 dB] [ET 25.28 ] [L0 ] [L1 ]
*** TRAIL_R numBytesInNALunit: 1455955
POC   47 TId: 0 ( I-SLICE, QP 26 )   11647640 bits [Y 99.9900 dB    U 99.9900 dB    V 99.9900 dB] [ET 25.50 ] [L0 ] [L1 ]
*** TRAIL_R numBytesInNALunit: 1453949
POC   48 TId: 0 ( I-SLICE, QP 26 )   11631592 bits [Y 99.9900 dB    U 99.9900 dB    V 99.9900 dB] [ET 25.55 ] [L0 ] [L1 ]
*** TRAIL_R numBytesInNALunit: 1454191
POC   49 TId: 0 ( I-SLICE, QP 26 )   11633528 bits [Y 99.9900 dB    U 99.9900 dB    V 99.9900 dB] [ET 25.25 ] [L0 ] [L1 ]
*** TRAIL_R numBytesInNALunit: 1452802
POC   50 TId: 0 ( I-SLICE, QP 26 )   11622416 bits [Y 99.9900 dB    U 99.9900 dB    V 99.9900 dB] [ET 25.86 ] [L0 ] [L1 ]
*** TRAIL_R numBytesInNALunit: 1453973
POC   51 TId: 0 ( I-SLICE, QP 26 )   11631784 bits [Y 99.9900 dB    U 99.9900 dB    V 99.9900 dB] [ET 25.78 ] [L0 ] [L1 ]
*** TRAIL_R numBytesInNALunit: 1453137
POC   52 TId: 0 ( I-SLICE, QP 26 )   11625096 bits [Y 99.9900 dB    U 99.9900 dB    V 99.9900 dB] [ET 25.94 ] [L0 ] [L1 ]
*** TRAIL_R numBytesInNALunit: 1452405
POC   53 TId: 0 ( I-SLICE, QP 26 )   11619240 bits [Y 99.9900 dB    U 99.9900 dB    V 99.9900 dB] [ET 25.39 ] [L0 ] [L1 ]
*** TRAIL_R numBytesInNALunit: 1450431
POC   54 TId: 0 ( I-SLICE, QP 26 )   11603448 bits [Y 99.9900 dB    U 99.9900 dB    V 99.9900 dB] [ET 25.48 ] [L0 ] [L1 ]
*** TRAIL_R numBytesInNALunit: 1449352
POC   55 TId: 0 ( I-SLICE, QP 26 )   11594816 bits [Y 99.9900 dB    U 99.9900 dB    V 99.9900 dB] [ET 25.47 ] [L0 ] [L1 ]
*** TRAIL_R numBytesInNALunit: 1449132
POC   56 TId: 0 ( I-SLICE, QP 26 )   11593056 bits [Y 99.9900 dB    U 99.9900 dB    V 99.9900 dB] [ET 25.78 ] [L0 ] [L1 ]
*** TRAIL_R numBytesInNALunit: 1450321
POC   57 TId: 0 ( I-SLICE, QP 26 )   11602568 bits [Y 99.9900 dB    U 99.9900 dB    V 99.9900 dB] [ET 25.73 ] [L0 ] [L1 ]
*** TRAIL_R numBytesInNALunit: 1452891
POC   58 TId: 0 ( I-SLICE, QP 26 )   11623128 bits [Y 99.9900 dB    U 99.9900 dB    V 99.9900 dB] [ET 25.47 ] [L0 ] [L1 ]
*** TRAIL_R numBytesInNALunit: 1454167
POC   59 TId: 0 ( I-SLICE, QP 26 )   11633336 bits [Y 99.9900 dB    U 99.9900 dB    V 99.9900 dB] [ET 25.48 ] [L0 ] [L1 ]
*** TRAIL_R numBytesInNALunit: 1453079
POC   60 TId: 0 ( I-SLICE, QP 26 )   11624632 bits [Y 99.9900 dB    U 99.9900 dB    V 99.9900 dB] [ET 24.98 ] [L0 ] [L1 ]
*** TRAIL_R numBytesInNALunit: 1451246
POC   61 TId: 0 ( I-SLICE, QP 26 )   11609968 bits [Y 99.9900 dB    U 99.9900 dB    V 99.9900 dB] [ET 25.45 ] [L0 ] [L1 ]
*** TRAIL_R numBytesInNALunit: 1452874
POC   62 TId: 0 ( I-SLICE, QP 26 )   11622992 bits [Y 99.9900 dB    U 99.9900 dB    V 99.9900 dB] [ET 25.41 ] [L0 ] [L1 ]
*** TRAIL_R numBytesInNALunit: 1453296
POC   63 TId: 0 ( I-SLICE, QP 26 )   11626368 bits [Y 99.9900 dB    U 99.9900 dB    V 99.9900 dB] [ET 25.41 ] [L0 ] [L1 ]
*** TRAIL_R numBytesInNALunit: 1454409
POC   64 TId: 0 ( I-SLICE, QP 26 )   11635272 bits [Y 99.9900 dB    U 99.9900 dB    V 99.9900 dB] [ET 25.94 ] [L0 ] [L1 ]
*** TRAIL_R numBytesInNALunit: 1454314
POC   65 TId: 0 ( I-SLICE, QP 26 )   11634512 bits [Y 99.9900 dB    U 99.9900 dB    V 99.9900 dB] [ET 25.47 ] [L0 ] [L1 ]
*** TRAIL_R numBytesInNALunit: 1453076
POC   66 TId: 0 ( I-SLICE, QP 26 )   11624608 bits [Y 99.9900 dB    U 99.9900 dB    V 99.9900 dB] [ET 25.50 ] [L0 ] [L1 ]
*** TRAIL_R numBytesInNALunit: 1453625
POC   67 TId: 0 ( I-SLICE, QP 26 )   11629000 bits [Y 99.9900 dB    U 99.9900 dB    V 99.9900 dB] [ET 25.61 ] [L0 ] [L1 ]
*** TRAIL_R numBytesInNALunit: 1451481
POC   68 TId: 0 ( I-SLICE, QP 26 )   11611848 bits [Y 99.9900 dB    U 99.9900 dB    V 99.9900 dB] [ET 25.53 ] [L0 ] [L1 ]
*** TRAIL_R numBytesInNALunit: 1452181
POC   69 TId: 0 ( I-SLICE, QP 26 )   11617448 bits [Y 99.9900 dB    U 99.9900 dB    V 99.9900 dB] [ET 25.80 ] [L0 ] [L1 ]
*** TRAIL_R numBytesInNALunit: 1453134
POC   70 TId: 0 ( I-SLICE, QP 26 )   11625072 bits [Y 99.9900 dB    U 99.9900 dB    V 99.9900 dB] [ET 25.45 ] [L0 ] [L1 ]
*** TRAIL_R numBytesInNALunit: 1454372
POC   71 TId: 0 ( I-SLICE, QP 26 )   11634976 bits [Y 99.9900 dB    U 99.9900 dB    V 99.9900 dB] [ET 25.69 ] [L0 ] [L1 ]
*** TRAIL_R numBytesInNALunit: 1455904
POC   72 TId: 0 ( I-SLICE, QP 26 )   11647232 bits [Y 99.9900 dB    U 99.9900 dB    V 99.9900 dB] [ET 25.38 ] [L0 ] [L1 ]
*** TRAIL_R numBytesInNALunit: 1454680
POC   73 TId: 0 ( I-SLICE, QP 26 )   11637440 bits [Y 99.9900 dB    U 99.9900 dB    V 99.9900 dB] [ET 25.77 ] [L0 ] [L1 ]
*** TRAIL_R numBytesInNALunit: 1456063
POC   74 TId: 0 ( I-SLICE, QP 26 )   11648504 bits [Y 99.9900 dB    U 99.9900 dB    V 99.9900 dB] [ET 25.19 ] [L0 ] [L1 ]
*** TRAIL_R numBytesInNALunit: 1455318
POC   75 TId: 0 ( I-SLICE, QP 26 )   11642544 bits [Y 99.9900 dB    U 99.9900 dB    V 99.9900 dB] [ET 25.80 ] [L0 ] [L1 ]
*** TRAIL_R numBytesInNALunit: 1458645
POC   76 TId: 0 ( I-SLICE, QP 26 )   11669160 bits [Y 99.9900 dB    U 99.9900 dB    V 99.9900 dB] [ET 25.69 ] [L0 ] [L1 ]
*** TRAIL_R numBytesInNALunit: 1458441
POC   77 TId: 0 ( I-SLICE, QP 26 )   11667528 bits [Y 99.9900 dB    U 99.9900 dB    V 99.9900 dB] [ET 25.42 ] [L0 ] [L1 ]
*** TRAIL_R numBytesInNALunit: 1454439
POC   78 TId: 0 ( I-SLICE, QP 26 )   11635512 bits [Y 99.9900 dB    U 99.9900 dB    V 99.9900 dB] [ET 25.55 ] [L0 ] [L1 ]
*** TRAIL_R numBytesInNALunit: 1455930
POC   79 TId: 0 ( I-SLICE, QP 26 )   11647440 bits [Y 99.9900 dB    U 99.9900 dB    V 99.9900 dB] [ET 26.03 ] [L0 ] [L1 ]
*** TRAIL_R numBytesInNALunit: 1456867
POC   80 TId: 0 ( I-SLICE, QP 26 )   11654936 bits [Y 99.9900 dB    U 99.9900 dB    V 99.9900 dB] [ET 26.25 ] [L0 ] [L1 ]
*** TRAIL_R numBytesInNALunit: 1457641
POC   81 TId: 0 ( I-SLICE, QP 26 )   11661128 bits [Y 99.9900 dB    U 99.9900 dB    V 99.9900 dB] [ET 25.83 ] [L0 ] [L1 ]
*** TRAIL_R numBytesInNALunit: 1457492
POC   82 TId: 0 ( I-SLICE, QP 26 )   11659936 bits [Y 99.9900 dB    U 99.9900 dB    V 99.9900 dB] [ET 25.59 ] [L0 ] [L1 ]
*** TRAIL_R numBytesInNALunit: 1456512
POC   83 TId: 0 ( I-SLICE, QP 26 )   11652096 bits [Y 99.9900 dB    U 99.9900 dB    V 99.9900 dB] [ET 26.20 ] [L0 ] [L1 ]
*** TRAIL_R numBytesInNALunit: 1457028
POC   84 TId: 0 ( I-SLICE, QP 26 )   11656224 bits [Y 99.9900 dB    U 99.9900 dB    V 99.9900 dB] [ET 25.91 ] [L0 ] [L1 ]
*** TRAIL_R numBytesInNALunit: 1456780
POC   85 TId: 0 ( I-SLICE, QP 26 )   11654240 bits [Y 99.9900 dB    U 99.9900 dB    V 99.9900 dB] [ET 25.75 ] [L0 ] [L1 ]
*** TRAIL_R numBytesInNALunit: 1456979
POC   86 TId: 0 ( I-SLICE, QP 26 )   11655832 bits [Y 99.9900 dB    U 99.9900 dB    V 99.9900 dB] [ET 25.70 ] [L0 ] [L1 ]
*** TRAIL_R numBytesInNALunit: 1459048
POC   87 TId: 0 ( I-SLICE, QP 26 )   11672384 bits [Y 99.9900 dB    U 99.9900 dB    V 99.9900 dB] [ET 25.73 ] [L0 ] [L1 ]
*** TRAIL_R numBytesInNALunit: 1458112
POC   88 TId: 0 ( I-SLICE, QP 26 )   11664896 bits [Y 99.9900 dB    U 99.9900 dB    V 99.9900 dB] [ET 25.64 ] [L0 ] [L1 ]
*** TRAIL_R numBytesInNALunit: 1457624
POC   89 TId: 0 ( I-SLICE, QP 26 )   11660992 bits [Y 99.9900 dB    U 99.9900 dB    V 99.9900 dB] [ET 25.66 ] [L0 ] [L1 ]
*** TRAIL_R numBytesInNALunit: 1455189
POC   90 TId: 0 ( I-SLICE, QP 26 )   11641512 bits [Y 99.9900 dB    U 99.9900 dB    V 99.9900 dB] [ET 25.67 ] [L0 ] [L1 ]
*** TRAIL_R numBytesInNALunit: 1455710
POC   91 TId: 0 ( I-SLICE, QP 26 )   11645680 bits [Y 99.9900 dB    U 99.9900 dB    V 99.9900 dB] [ET 25.55 ] [L0 ] [L1 ]
*** TRAIL_R numBytesInNALunit: 1458436
POC   92 TId: 0 ( I-SLICE, QP 26 )   11667488 bits [Y 99.9900 dB    U 99.9900 dB    V 99.9900 dB] [ET 25.23 ] [L0 ] [L1 ]
*** TRAIL_R numBytesInNALunit: 1460589
POC   93 TId: 0 ( I-SLICE, QP 26 )   11684712 bits [Y 99.9900 dB    U 99.9900 dB    V 99.9900 dB] [ET 25.91 ] [L0 ] [L1 ]
*** TRAIL_R numBytesInNALunit: 1457451
POC   94 TId: 0 ( I-SLICE, QP 26 )   11659608 bits [Y 99.9900 dB    U 99.9900 dB    V 99.9900 dB] [ET 25.45 ] [L0 ] [L1 ]
*** TRAIL_R numBytesInNALunit: 1455734
POC   95 TId: 0 ( I-SLICE, QP 26 )   11645872 bits [Y 99.9900 dB    U 99.9900 dB    V 99.9900 dB] [ET 26.11 ] [L0 ] [L1 ]
*** TRAIL_R numBytesInNALunit: 1455182
POC   96 TId: 0 ( I-SLICE, QP 26 )   11641456 bits [Y 99.9900 dB    U 99.9900 dB    V 99.9900 dB] [ET 26.25 ] [L0 ] [L1 ]
*** TRAIL_R numBytesInNALunit: 1457842
POC   97 TId: 0 ( I-SLICE, QP 26 )   11662736 bits [Y 99.9900 dB    U 99.9900 dB    V 99.9900 dB] [ET 25.95 ] [L0 ] [L1 ]
*** TRAIL_R numBytesInNALunit: 1459503
POC   98 TId: 0 ( I-SLICE, QP 26 )   11676024 bits [Y 99.9900 dB    U 99.9900 dB    V 99.9900 dB] [ET 25.58 ] [L0 ] [L1 ]
*** TRAIL_R numBytesInNALunit: 1463419
POC   99 TId: 0 ( I-SLICE, QP 26 )   11707352 bits [Y 99.9900 dB    U 99.9900 dB    V 99.9900 dB] [ET 25.53 ] [L0 ] [L1 ]
*** TRAIL_R numBytesInNALunit: 1465718
POC  100 TId: 0 ( I-SLICE, QP 26 )   11725744 bits [Y 99.9900 dB    U 99.9900 dB    V 99.9900 dB] [ET 25.64 ] [L0 ] [L1 ]
*** TRAIL_R numBytesInNALunit: 1469194
POC  101 TId: 0 ( I-SLICE, QP 26 )   11753552 bits [Y 99.9900 dB    U 99.9900 dB    V 99.9900 dB] [ET 25.84 ] [L0 ] [L1 ]
*** TRAIL_R numBytesInNALunit: 1467712
POC  102 TId: 0 ( I-SLICE, QP 26 )   11741696 bits [Y 99.9900 dB    U 99.9900 dB    V 99.9900 dB] [ET 25.84 ] [L0 ] [L1 ]
*** TRAIL_R numBytesInNALunit: 1467587
POC  103 TId: 0 ( I-SLICE, QP 26 )   11740696 bits [Y 99.9900 dB    U 99.9900 dB    V 99.9900 dB] [ET 25.75 ] [L0 ] [L1 ]
*** TRAIL_R numBytesInNALunit: 1476100
POC  104 TId: 0 ( I-SLICE, QP 26 )   11808800 bits [Y 99.9900 dB    U 99.9900 dB    V 99.9900 dB] [ET 25.53 ] [L0 ] [L1 ]
*** TRAIL_R numBytesInNALunit: 1488168
POC  105 TId: 0 ( I-SLICE, QP 26 )   11905344 bits [Y 99.9900 dB    U 99.9900 dB    V 99.9900 dB] [ET 25.73 ] [L0 ] [L1 ]
*** TRAIL_R numBytesInNALunit: 1493877
POC  106 TId: 0 ( I-SLICE, QP 26 )   11951016 bits [Y 99.9900 dB    U 99.9900 dB    V 99.9900 dB] [ET 25.67 ] [L0 ] [L1 ]
*** TRAIL_R numBytesInNALunit: 1493484
POC  107 TId: 0 ( I-SLICE, QP 26 )   11947872 bits [Y 99.9900 dB    U 99.9900 dB    V 99.9900 dB] [ET 25.09 ] [L0 ] [L1 ]
*** TRAIL_R numBytesInNALunit: 1492312
POC  108 TId: 0 ( I-SLICE, QP 26 )   11938496 bits [Y 99.9900 dB    U 99.9900 dB    V 99.9900 dB] [ET 25.27 ] [L0 ] [L1 ]
*** TRAIL_R numBytesInNALunit: 1492325
POC  109 TId: 0 ( I-SLICE, QP 26 )   11938600 bits [Y 99.9900 dB    U 99.9900 dB    V 99.9900 dB] [ET 25.77 ] [L0 ] [L1 ]
*** TRAIL_R numBytesInNALunit: 1492832
POC  110 TId: 0 ( I-SLICE, QP 26 )   11942656 bits [Y 99.9900 dB    U 99.9900 dB    V 99.9900 dB] [ET 25.56 ] [L0 ] [L1 ]
*** TRAIL_R numBytesInNALunit: 1494206
POC  111 TId: 0 ( I-SLICE, QP 26 )   11953648 bits [Y 99.9900 dB    U 99.9900 dB    V 99.9900 dB] [ET 25.38 ] [L0 ] [L1 ]
*** TRAIL_R numBytesInNALunit: 1493357
POC  112 TId: 0 ( I-SLICE, QP 26 )   11946856 bits [Y 99.9900 dB    U 99.9900 dB    V 99.9900 dB] [ET 25.58 ] [L0 ] [L1 ]
*** TRAIL_R numBytesInNALunit: 1492461
POC  113 TId: 0 ( I-SLICE, QP 26 )   11939688 bits [Y 99.9900 dB    U 99.9900 dB    V 99.9900 dB] [ET 25.66 ] [L0 ] [L1 ]
*** TRAIL_R numBytesInNALunit: 1495286
POC  114 TId: 0 ( I-SLICE, QP 26 )   11962288 bits [Y 99.9900 dB    U 99.9900 dB    V 99.9900 dB] [ET 25.50 ] [L0 ] [L1 ]
*** TRAIL_R numBytesInNALunit: 1494886
POC  115 TId: 0 ( I-SLICE, QP 26 )   11959088 bits [Y 99.9900 dB    U 99.9900 dB    V 99.9900 dB] [ET 25.33 ] [L0 ] [L1 ]
*** TRAIL_R numBytesInNALunit: 1493063
POC  116 TId: 0 ( I-SLICE, QP 26 )   11944504 bits [Y 99.9900 dB    U 99.9900 dB    V 99.9900 dB] [ET 25.58 ] [L0 ] [L1 ]
*** TRAIL_R numBytesInNALunit: 1492502
POC  117 TId: 0 ( I-SLICE, QP 26 )   11940016 bits [Y 99.9900 dB    U 99.9900 dB    V 99.9900 dB] [ET 25.25 ] [L0 ] [L1 ]
*** TRAIL_R numBytesInNALunit: 1489842
POC  118 TId: 0 ( I-SLICE, QP 26 )   11918736 bits [Y 99.9900 dB    U 99.9900 dB    V 99.9900 dB] [ET 25.38 ] [L0 ] [L1 ]
*** TRAIL_R numBytesInNALunit: 1490257
POC  119 TId: 0 ( I-SLICE, QP 26 )   11922056 bits [Y 99.9900 dB    U 99.9900 dB    V 99.9900 dB] [ET 25.84 ] [L0 ] [L1 ]
*** TRAIL_R numBytesInNALunit: 1490683
POC  120 TId: 0 ( I-SLICE, QP 26 )   11925464 bits [Y 99.9900 dB    U 99.9900 dB    V 99.9900 dB] [ET 25.92 ] [L0 ] [L1 ]
*** TRAIL_R numBytesInNALunit: 1491683
POC  121 TId: 0 ( I-SLICE, QP 26 )   11933464 bits [Y 99.9900 dB    U 99.9900 dB    V 99.9900 dB] [ET 25.50 ] [L0 ] [L1 ]
*** TRAIL_R numBytesInNALunit: 1490941
POC  122 TId: 0 ( I-SLICE, QP 26 )   11927528 bits [Y 99.9900 dB    U 99.9900 dB    V 99.9900 dB] [ET 25.19 ] [L0 ] [L1 ]
*** TRAIL_R numBytesInNALunit: 1492639
POC  123 TId: 0 ( I-SLICE, QP 26 )   11941112 bits [Y 99.9900 dB    U 99.9900 dB    V 99.9900 dB] [ET 25.59 ] [L0 ] [L1 ]
*** TRAIL_R numBytesInNALunit: 1493284
POC  124 TId: 0 ( I-SLICE, QP 26 )   11946272 bits [Y 99.9900 dB    U 99.9900 dB    V 99.9900 dB] [ET 25.67 ] [L0 ] [L1 ]
*** TRAIL_R numBytesInNALunit: 1491770
POC  125 TId: 0 ( I-SLICE, QP 26 )   11934160 bits [Y 99.9900 dB    U 99.9900 dB    V 99.9900 dB] [ET 25.83 ] [L0 ] [L1 ]
*** TRAIL_R numBytesInNALunit: 1490853
POC  126 TId: 0 ( I-SLICE, QP 26 )   11926824 bits [Y 99.9900 dB    U 99.9900 dB    V 99.9900 dB] [ET 25.78 ] [L0 ] [L1 ]
*** TRAIL_R numBytesInNALunit: 1493961
POC  127 TId: 0 ( I-SLICE, QP 26 )   11951688 bits [Y 99.9900 dB    U 99.9900 dB    V 99.9900 dB] [ET 25.95 ] [L0 ] [L1 ]
*** TRAIL_R numBytesInNALunit: 1500504
POC  128 TId: 0 ( I-SLICE, QP 26 )   12004032 bits [Y 99.9900 dB    U 99.9900 dB    V 99.9900 dB] [ET 25.44 ] [L0 ] [L1 ]
*** TRAIL_R numBytesInNALunit: 1505637
POC  129 TId: 0 ( I-SLICE, QP 26 )   12045096 bits [Y 99.9900 dB    U 99.9900 dB    V 99.9900 dB] [ET 25.34 ] [L0 ] [L1 ]
*** TRAIL_R numBytesInNALunit: 1505284
POC  130 TId: 0 ( I-SLICE, QP 26 )   12042272 bits [Y 99.9900 dB    U 99.9900 dB    V 99.9900 dB] [ET 25.34 ] [L0 ] [L1 ]
*** TRAIL_R numBytesInNALunit: 1502622
POC  131 TId: 0 ( I-SLICE, QP 26 )   12020976 bits [Y 99.9900 dB    U 99.9900 dB    V 99.9900 dB] [ET 25.80 ] [L0 ] [L1 ]
*** TRAIL_R numBytesInNALunit: 1502767
POC  132 TId: 0 ( I-SLICE, QP 26 )   12022136 bits [Y 99.9900 dB    U 99.9900 dB    V 99.9900 dB] [ET 25.83 ] [L0 ] [L1 ]
*** TRAIL_R numBytesInNALunit: 1505096
POC  133 TId: 0 ( I-SLICE, QP 26 )   12040768 bits [Y 99.9900 dB    U 99.9900 dB    V 99.9900 dB] [ET 25.34 ] [L0 ] [L1 ]
*** TRAIL_R numBytesInNALunit: 1504820
POC  134 TId: 0 ( I-SLICE, QP 26 )   12038560 bits [Y 99.9900 dB    U 99.9900 dB    V 99.9900 dB] [ET 25.47 ] [L0 ] [L1 ]
*** TRAIL_R numBytesInNALunit: 1506574
POC  135 TId: 0 ( I-SLICE, QP 26 )   12052592 bits [Y 99.9900 dB    U 99.9900 dB    V 99.9900 dB] [ET 26.03 ] [L0 ] [L1 ]
*** TRAIL_R numBytesInNALunit: 1504162
POC  136 TId: 0 ( I-SLICE, QP 26 )   12033296 bits [Y 99.9900 dB    U 99.9900 dB    V 99.9900 dB] [ET 26.06 ] [L0 ] [L1 ]
*** TRAIL_R numBytesInNALunit: 1501796
POC  137 TId: 0 ( I-SLICE, QP 26 )   12014368 bits [Y 99.9900 dB    U 99.9900 dB    V 99.9900 dB] [ET 26.06 ] [L0 ] [L1 ]
*** TRAIL_R numBytesInNALunit: 1502645
POC  138 TId: 0 ( I-SLICE, QP 26 )   12021160 bits [Y 99.9900 dB    U 99.9900 dB    V 99.9900 dB] [ET 25.78 ] [L0 ] [L1 ]
*** TRAIL_R numBytesInNALunit: 1501028
POC  139 TId: 0 ( I-SLICE, QP 26 )   12008224 bits [Y 99.9900 dB    U 99.9900 dB    V 99.9900 dB] [ET 25.92 ] [L0 ] [L1 ]
*** TRAIL_R numBytesInNALunit: 1502635
POC  140 TId: 0 ( I-SLICE, QP 26 )   12021080 bits [Y 99.9900 dB    U 99.9900 dB    V 99.9900 dB] [ET 25.73 ] [L0 ] [L1 ]
*** TRAIL_R numBytesInNALunit: 1500998
POC  141 TId: 0 ( I-SLICE, QP 26 )   12007984 bits [Y 99.9900 dB    U 99.9900 dB    V 99.9900 dB] [ET 25.88 ] [L0 ] [L1 ]
*** TRAIL_R numBytesInNALunit: 1500838
POC  142 TId: 0 ( I-SLICE, QP 26 )   12006704 bits [Y 99.9900 dB    U 99.9900 dB    V 99.9900 dB] [ET 26.11 ] [L0 ] [L1 ]
*** TRAIL_R numBytesInNALunit: 1500512
POC  143 TId: 0 ( I-SLICE, QP 26 )   12004096 bits [Y 99.9900 dB    U 99.9900 dB    V 99.9900 dB] [ET 25.62 ] [L0 ] [L1 ]
*** TRAIL_R numBytesInNALunit: 1497970
POC  144 TId: 0 ( I-SLICE, QP 26 )   11983760 bits [Y 99.9900 dB    U 99.9900 dB    V 99.9900 dB] [ET 25.52 ] [L0 ] [L1 ]
*** TRAIL_R numBytesInNALunit: 1496879
POC  145 TId: 0 ( I-SLICE, QP 26 )   11975032 bits [Y 99.9900 dB    U 99.9900 dB    V 99.9900 dB] [ET 25.91 ] [L0 ] [L1 ]
*** TRAIL_R numBytesInNALunit: 1500268
POC  146 TId: 0 ( I-SLICE, QP 26 )   12002144 bits [Y 99.9900 dB    U 99.9900 dB    V 99.9900 dB] [ET 25.53 ] [L0 ] [L1 ]
*** TRAIL_R numBytesInNALunit: 1502137
POC  147 TId: 0 ( I-SLICE, QP 26 )   12017096 bits [Y 99.9900 dB    U 99.9900 dB    V 99.9900 dB] [ET 25.98 ] [L0 ] [L1 ]
*** TRAIL_R numBytesInNALunit: 1503213
POC  148 TId: 0 ( I-SLICE, QP 26 )   12025704 bits [Y 99.9900 dB    U 99.9900 dB    V 99.9900 dB] [ET 26.02 ] [L0 ] [L1 ]
*** TRAIL_R numBytesInNALunit: 1502219
POC  149 TId: 0 ( I-SLICE, QP 26 )   12017752 bits [Y 99.9900 dB    U 99.9900 dB    V 99.9900 dB] [ET 26.12 ] [L0 ] [L1 ]
*** TRAIL_R numBytesInNALunit: 1501726
POC  150 TId: 0 ( I-SLICE, QP 26 )   12013808 bits [Y 99.9900 dB    U 99.9900 dB    V 99.9900 dB] [ET 25.94 ] [L0 ] [L1 ]
*** TRAIL_R numBytesInNALunit: 1501040
POC  151 TId: 0 ( I-SLICE, QP 26 )   12008320 bits [Y 99.9900 dB    U 99.9900 dB    V 99.9900 dB] [ET 26.03 ] [L0 ] [L1 ]
*** TRAIL_R numBytesInNALunit: 1500795
POC  152 TId: 0 ( I-SLICE, QP 26 )   12006360 bits [Y 99.9900 dB    U 99.9900 dB    V 99.9900 dB] [ET 25.86 ] [L0 ] [L1 ]
*** TRAIL_R numBytesInNALunit: 1503485
POC  153 TId: 0 ( I-SLICE, QP 26 )   12027880 bits [Y 99.9900 dB    U 99.9900 dB    V 99.9900 dB] [ET 25.67 ] [L0 ] [L1 ]
*** TRAIL_R numBytesInNALunit: 1504952
POC  154 TId: 0 ( I-SLICE, QP 26 )   12039616 bits [Y 99.9900 dB    U 99.9900 dB    V 99.9900 dB] [ET 25.28 ] [L0 ] [L1 ]
*** TRAIL_R numBytesInNALunit: 1504206
POC  155 TId: 0 ( I-SLICE, QP 26 )   12033648 bits [Y 99.9900 dB    U 99.9900 dB    V 99.9900 dB] [ET 26.25 ] [L0 ] [L1 ]
*** TRAIL_R numBytesInNALunit: 1501468
POC  156 TId: 0 ( I-SLICE, QP 26 )   12011744 bits [Y 99.9900 dB    U 99.9900 dB    V 99.9900 dB] [ET 25.98 ] [L0 ] [L1 ]
*** TRAIL_R numBytesInNALunit: 1501404
POC  157 TId: 0 ( I-SLICE, QP 26 )   12011232 bits [Y 99.9900 dB    U 99.9900 dB    V 99.9900 dB] [ET 26.36 ] [L0 ] [L1 ]
*** TRAIL_R numBytesInNALunit: 1500737
POC  158 TId: 0 ( I-SLICE, QP 26 )   12005896 bits [Y 99.9900 dB    U 99.9900 dB    V 99.9900 dB] [ET 25.44 ] [L0 ] [L1 ]
*** TRAIL_R numBytesInNALunit: 1504416
POC  159 TId: 0 ( I-SLICE, QP 26 )   12035328 bits [Y 99.9900 dB    U 99.9900 dB    V 99.9900 dB] [ET 26.27 ] [L0 ] [L1 ]
*** TRAIL_R numBytesInNALunit: 1503511
POC  160 TId: 0 ( I-SLICE, QP 26 )   12028088 bits [Y 99.9900 dB    U 99.9900 dB    V 99.9900 dB] [ET 26.11 ] [L0 ] [L1 ]
*** TRAIL_R numBytesInNALunit: 1503859
POC  161 TId: 0 ( I-SLICE, QP 26 )   12030872 bits [Y 99.9900 dB    U 99.9900 dB    V 99.9900 dB] [ET 26.16 ] [L0 ] [L1 ]
*** TRAIL_R numBytesInNALunit: 1500783
POC  162 TId: 0 ( I-SLICE, QP 26 )   12006264 bits [Y 99.9900 dB    U 99.9900 dB    V 99.9900 dB] [ET 25.84 ] [L0 ] [L1 ]
*** TRAIL_R numBytesInNALunit: 1500521
POC  163 TId: 0 ( I-SLICE, QP 26 )   12004168 bits [Y 99.9900 dB    U 99.9900 dB    V 99.9900 dB] [ET 25.92 ] [L0 ] [L1 ]
*** TRAIL_R numBytesInNALunit: 1501054
POC  164 TId: 0 ( I-SLICE, QP 26 )   12008432 bits [Y 99.9900 dB    U 99.9900 dB    V 99.9900 dB] [ET 25.67 ] [L0 ] [L1 ]
*** TRAIL_R numBytesInNALunit: 1497788
POC  165 TId: 0 ( I-SLICE, QP 26 )   11982304 bits [Y 99.9900 dB    U 99.9900 dB    V 99.9900 dB] [ET 25.42 ] [L0 ] [L1 ]
*** TRAIL_R numBytesInNALunit: 1494320
POC  166 TId: 0 ( I-SLICE, QP 26 )   11954560 bits [Y 99.9900 dB    U 99.9900 dB    V 99.9900 dB] [ET 25.97 ] [L0 ] [L1 ]
*** TRAIL_R numBytesInNALunit: 1496561
POC  167 TId: 0 ( I-SLICE, QP 26 )   11972488 bits [Y 99.9900 dB    U 99.9900 dB    V 99.9900 dB] [ET 25.92 ] [L0 ] [L1 ]
*** TRAIL_R numBytesInNALunit: 1498693
POC  168 TId: 0 ( I-SLICE, QP 26 )   11989544 bits [Y 99.9900 dB    U 99.9900 dB    V 99.9900 dB] [ET 25.69 ] [L0 ] [L1 ]
*** TRAIL_R numBytesInNALunit: 1496164
POC  169 TId: 0 ( I-SLICE, QP 26 )   11969312 bits [Y 99.9900 dB    U 99.9900 dB    V 99.9900 dB] [ET 25.48 ] [L0 ] [L1 ]
*** TRAIL_R numBytesInNALunit: 1495011
POC  170 TId: 0 ( I-SLICE, QP 26 )   11960088 bits [Y 99.9900 dB    U 99.9900 dB    V 99.9900 dB] [ET 25.39 ] [L0 ] [L1 ]
*** TRAIL_R numBytesInNALunit: 1495674
POC  171 TId: 0 ( I-SLICE, QP 26 )   11965392 bits [Y 99.9900 dB    U 99.9900 dB    V 99.9900 dB] [ET 25.47 ] [L0 ] [L1 ]
*** TRAIL_R numBytesInNALunit: 1493854
POC  172 TId: 0 ( I-SLICE, QP 26 )   11950832 bits [Y 99.9900 dB    U 99.9900 dB    V 99.9900 dB] [ET 25.52 ] [L0 ] [L1 ]
*** TRAIL_R numBytesInNALunit: 1491277
POC  173 TId: 0 ( I-SLICE, QP 26 )   11930216 bits [Y 99.9900 dB    U 99.9900 dB    V 99.9900 dB] [ET 25.83 ] [L0 ] [L1 ]
*** TRAIL_R numBytesInNALunit: 1491149
POC  174 TId: 0 ( I-SLICE, QP 26 )   11929192 bits [Y 99.9900 dB    U 99.9900 dB    V 99.9900 dB] [ET 25.84 ] [L0 ] [L1 ]
*** TRAIL_R numBytesInNALunit: 1492941
POC  175 TId: 0 ( I-SLICE, QP 26 )   11943528 bits [Y 99.9900 dB    U 99.9900 dB    V 99.9900 dB] [ET 25.86 ] [L0 ] [L1 ]
*** TRAIL_R numBytesInNALunit: 1493594
POC  176 TId: 0 ( I-SLICE, QP 26 )   11948752 bits [Y 99.9900 dB    U 99.9900 dB    V 99.9900 dB] [ET 25.92 ] [L0 ] [L1 ]
*** TRAIL_R numBytesInNALunit: 1491807
POC  177 TId: 0 ( I-SLICE, QP 26 )   11934456 bits [Y 99.9900 dB    U 99.9900 dB    V 99.9900 dB] [ET 26.17 ] [L0 ] [L1 ]
*** TRAIL_R numBytesInNALunit: 1489664
POC  178 TId: 0 ( I-SLICE, QP 26 )   11917312 bits [Y 99.9900 dB    U 99.9900 dB    V 99.9900 dB] [ET 25.97 ] [L0 ] [L1 ]
*** TRAIL_R numBytesInNALunit: 1490171
POC  179 TId: 0 ( I-SLICE, QP 26 )   11921368 bits [Y 99.9900 dB    U 99.9900 dB    V 99.9900 dB] [ET 26.03 ] [L0 ] [L1 ]
*** TRAIL_R numBytesInNALunit: 1489104
POC  180 TId: 0 ( I-SLICE, QP 26 )   11912832 bits [Y 99.9900 dB    U 99.9900 dB    V 99.9900 dB] [ET 25.92 ] [L0 ] [L1 ]
*** TRAIL_R numBytesInNALunit: 1491624
POC  181 TId: 0 ( I-SLICE, QP 26 )   11932992 bits [Y 99.9900 dB    U 99.9900 dB    V 99.9900 dB] [ET 25.50 ] [L0 ] [L1 ]
*** TRAIL_R numBytesInNALunit: 1490904
POC  182 TId: 0 ( I-SLICE, QP 26 )   11927232 bits [Y 99.9900 dB    U 99.9900 dB    V 99.9900 dB] [ET 25.64 ] [L0 ] [L1 ]
*** TRAIL_R numBytesInNALunit: 1490633
POC  183 TId: 0 ( I-SLICE, QP 26 )   11925064 bits [Y 99.9900 dB    U 99.9900 dB    V 99.9900 dB] [ET 25.59 ] [L0 ] [L1 ]
*** TRAIL_R numBytesInNALunit: 1489553
POC  184 TId: 0 ( I-SLICE, QP 26 )   11916424 bits [Y 99.9900 dB    U 99.9900 dB    V 99.9900 dB] [ET 26.33 ] [L0 ] [L1 ]
*** TRAIL_R numBytesInNALunit: 1488895
POC  185 TId: 0 ( I-SLICE, QP 26 )   11911160 bits [Y 99.9900 dB    U 99.9900 dB    V 99.9900 dB] [ET 26.17 ] [L0 ] [L1 ]
*** TRAIL_R numBytesInNALunit: 1488310
POC  186 TId: 0 ( I-SLICE, QP 26 )   11906480 bits [Y 99.9900 dB    U 99.9900 dB    V 99.9900 dB] [ET 33.06 ] [L0 ] [L1 ]
*** TRAIL_R numBytesInNALunit: 1490269
POC  187 TId: 0 ( I-SLICE, QP 26 )   11922152 bits [Y 99.9900 dB    U 99.9900 dB    V 99.9900 dB] [ET 60.56 ] [L0 ] [L1 ]
*** TRAIL_R numBytesInNALunit: 1491143
POC  188 TId: 0 ( I-SLICE, QP 26 )   11929144 bits [Y 99.9900 dB    U 99.9900 dB    V 99.9900 dB] [ET 60.86 ] [L0 ] [L1 ]
*** TRAIL_R numBytesInNALunit: 1490540
POC  189 TId: 0 ( I-SLICE, QP 26 )   11924320 bits [Y 99.9900 dB    U 99.9900 dB    V 99.9900 dB] [ET 60.69 ] [L0 ] [L1 ]
*** TRAIL_R numBytesInNALunit: 1490214
POC  190 TId: 0 ( I-SLICE, QP 26 )   11921712 bits [Y 99.9900 dB    U 99.9900 dB    V 99.9900 dB] [ET 61.22 ] [L0 ] [L1 ]
*** TRAIL_R numBytesInNALunit: 1488587
POC  191 TId: 0 ( I-SLICE, QP 26 )   11908696 bits [Y 99.9900 dB    U 99.9900 dB    V 99.9900 dB] [ET 60.91 ] [L0 ] [L1 ]
*** TRAIL_R numBytesInNALunit: 1489169
POC  192 TId: 0 ( I-SLICE, QP 26 )   11913352 bits [Y 99.9900 dB    U 99.9900 dB    V 99.9900 dB] [ET 61.44 ] [L0 ] [L1 ]
*** TRAIL_R numBytesInNALunit: 1488545
POC  193 TId: 0 ( I-SLICE, QP 26 )   11908360 bits [Y 99.9900 dB    U 99.9900 dB    V 99.9900 dB] [ET 60.73 ] [L0 ] [L1 ]
*** TRAIL_R numBytesInNALunit: 1489900
POC  194 TId: 0 ( I-SLICE, QP 26 )   11919200 bits [Y 99.9900 dB    U 99.9900 dB    V 99.9900 dB] [ET 60.47 ] [L0 ] [L1 ]
*** TRAIL_R numBytesInNALunit: 1486013
POC  195 TId: 0 ( I-SLICE, QP 26 )   11888104 bits [Y 99.9900 dB    U 99.9900 dB    V 99.9900 dB] [ET 60.23 ] [L0 ] [L1 ]
*** TRAIL_R numBytesInNALunit: 1486099
POC  196 TId: 0 ( I-SLICE, QP 26 )   11888792 bits [Y 99.9900 dB    U 99.9900 dB    V 99.9900 dB] [ET 61.03 ] [L0 ] [L1 ]
*** TRAIL_R numBytesInNALunit: 1485920
POC  197 TId: 0 ( I-SLICE, QP 26 )   11887360 bits [Y 99.9900 dB    U 99.9900 dB    V 99.9900 dB] [ET 61.55 ] [L0 ] [L1 ]
*** TRAIL_R numBytesInNALunit: 1487623
POC  198 TId: 0 ( I-SLICE, QP 26 )   11900984 bits [Y 99.9900 dB    U 99.9900 dB    V 99.9900 dB] [ET 60.17 ] [L0 ] [L1 ]
*** TRAIL_R numBytesInNALunit: 1486069
POC  199 TId: 0 ( I-SLICE, QP 26 )   11888552 bits [Y 99.9900 dB    U 99.9900 dB    V 99.9900 dB] [ET 61.38 ] [L0 ] [L1 ]
*** TRAIL_R numBytesInNALunit: 1484855
POC  200 TId: 0 ( I-SLICE, QP 26 )   11878840 bits [Y 99.9900 dB    U 99.9900 dB    V 99.9900 dB] [ET 60.70 ] [L0 ] [L1 ]
*** TRAIL_R numBytesInNALunit: 1485577
POC  201 TId: 0 ( I-SLICE, QP 26 )   11884616 bits [Y 99.9900 dB    U 99.9900 dB    V 99.9900 dB] [ET 61.41 ] [L0 ] [L1 ]
*** TRAIL_R numBytesInNALunit: 1485321
POC  202 TId: 0 ( I-SLICE, QP 26 )   11882568 bits [Y 99.9900 dB    U 99.9900 dB    V 99.9900 dB] [ET 44.75 ] [L0 ] [L1 ]
*** TRAIL_R numBytesInNALunit: 1483980
POC  203 TId: 0 ( I-SLICE, QP 26 )   11871840 bits [Y 99.9900 dB    U 99.9900 dB    V 99.9900 dB] [ET 26.05 ] [L0 ] [L1 ]
*** TRAIL_R numBytesInNALunit: 1483844
POC  204 TId: 0 ( I-SLICE, QP 26 )   11870752 bits [Y 99.9900 dB    U 99.9900 dB    V 99.9900 dB] [ET 26.16 ] [L0 ] [L1 ]
*** TRAIL_R numBytesInNALunit: 1484714
POC  205 TId: 0 ( I-SLICE, QP 26 )   11877712 bits [Y 99.9900 dB    U 99.9900 dB    V 99.9900 dB] [ET 26.45 ] [L0 ] [L1 ]
*** TRAIL_R numBytesInNALunit: 1486023
POC  206 TId: 0 ( I-SLICE, QP 26 )   11888184 bits [Y 99.9900 dB    U 99.9900 dB    V 99.9900 dB] [ET 25.91 ] [L0 ] [L1 ]
*** TRAIL_R numBytesInNALunit: 1486154
POC  207 TId: 0 ( I-SLICE, QP 26 )   11889232 bits [Y 99.9900 dB    U 99.9900 dB    V 99.9900 dB] [ET 26.00 ] [L0 ] [L1 ]
*** TRAIL_R numBytesInNALunit: 1487372
POC  208 TId: 0 ( I-SLICE, QP 26 )   11898976 bits [Y 99.9900 dB    U 99.9900 dB    V 99.9900 dB] [ET 25.45 ] [L0 ] [L1 ]
*** TRAIL_R numBytesInNALunit: 1486603
POC  209 TId: 0 ( I-SLICE, QP 26 )   11892824 bits [Y 99.9900 dB    U 99.9900 dB    V 99.9900 dB] [ET 25.38 ] [L0 ] [L1 ]
*** TRAIL_R numBytesInNALunit: 1485851
POC  210 TId: 0 ( I-SLICE, QP 26 )   11886808 bits [Y 99.9900 dB    U 99.9900 dB    V 99.9900 dB] [ET 26.00 ] [L0 ] [L1 ]
*** TRAIL_R numBytesInNALunit: 1487822
POC  211 TId: 0 ( I-SLICE, QP 26 )   11902576 bits [Y 99.9900 dB    U 99.9900 dB    V 99.9900 dB] [ET 25.92 ] [L0 ] [L1 ]
*** TRAIL_R numBytesInNALunit: 1489833
POC  212 TId: 0 ( I-SLICE, QP 26 )   11918664 bits [Y 99.9900 dB    U 99.9900 dB    V 99.9900 dB] [ET 25.92 ] [L0 ] [L1 ]
*** TRAIL_R numBytesInNALunit: 1489153
POC  213 TId: 0 ( I-SLICE, QP 26 )   11913224 bits [Y 99.9900 dB    U 99.9900 dB    V 99.9900 dB] [ET 26.05 ] [L0 ] [L1 ]
*** TRAIL_R numBytesInNALunit: 1488090
POC  214 TId: 0 ( I-SLICE, QP 26 )   11904720 bits [Y 99.9900 dB    U 99.9900 dB    V 99.9900 dB] [ET 26.33 ] [L0 ] [L1 ]
*** TRAIL_R numBytesInNALunit: 1487709
POC  215 TId: 0 ( I-SLICE, QP 26 )   11901672 bits [Y 99.9900 dB    U 99.9900 dB    V 99.9900 dB] [ET 25.78 ] [L0 ] [L1 ]
*** TRAIL_R numBytesInNALunit: 1489259
POC  216 TId: 0 ( I-SLICE, QP 26 )   11914072 bits [Y 99.9900 dB    U 99.9900 dB    V 99.9900 dB] [ET 25.81 ] [L0 ] [L1 ]
*** TRAIL_R numBytesInNALunit: 1491730
POC  217 TId: 0 ( I-SLICE, QP 26 )   11933840 bits [Y 99.9900 dB    U 99.9900 dB    V 99.9900 dB] [ET 26.25 ] [L0 ] [L1 ]
*** TRAIL_R numBytesInNALunit: 1490737
POC  218 TId: 0 ( I-SLICE, QP 26 )   11925896 bits [Y 99.9900 dB    U 99.9900 dB    V 99.9900 dB] [ET 26.03 ] [L0 ] [L1 ]
*** TRAIL_R numBytesInNALunit: 1491453
POC  219 TId: 0 ( I-SLICE, QP 26 )   11931624 bits [Y 99.9900 dB    U 99.9900 dB    V 99.9900 dB] [ET 25.47 ] [L0 ] [L1 ]
*** TRAIL_R numBytesInNALunit: 1490593
POC  220 TId: 0 ( I-SLICE, QP 26 )   11924744 bits [Y 99.9900 dB    U 99.9900 dB    V 99.9900 dB] [ET 25.94 ] [L0 ] [L1 ]
*** TRAIL_R numBytesInNALunit: 1493626
POC  221 TId: 0 ( I-SLICE, QP 26 )   11949008 bits [Y 99.9900 dB    U 99.9900 dB    V 99.9900 dB] [ET 25.53 ] [L0 ] [L1 ]
*** TRAIL_R numBytesInNALunit: 1491739
POC  222 TId: 0 ( I-SLICE, QP 26 )   11933912 bits [Y 99.9900 dB    U 99.9900 dB    V 99.9900 dB] [ET 25.77 ] [L0 ] [L1 ]
*** TRAIL_R numBytesInNALunit: 1493252
POC  223 TId: 0 ( I-SLICE, QP 26 )   11946016 bits [Y 99.9900 dB    U 99.9900 dB    V 99.9900 dB] [ET 25.78 ] [L0 ] [L1 ]
*** TRAIL_R numBytesInNALunit: 1492867
POC  224 TId: 0 ( I-SLICE, QP 26 )   11942936 bits [Y 99.9900 dB    U 99.9900 dB    V 99.9900 dB] [ET 25.75 ] [L0 ] [L1 ]
*** TRAIL_R numBytesInNALunit: 1495179
POC  225 TId: 0 ( I-SLICE, QP 26 )   11961432 bits [Y 99.9900 dB    U 99.9900 dB    V 99.9900 dB] [ET 26.56 ] [L0 ] [L1 ]
*** TRAIL_R numBytesInNALunit: 1494287
POC  226 TId: 0 ( I-SLICE, QP 26 )   11954296 bits [Y 99.9900 dB    U 99.9900 dB    V 99.9900 dB] [ET 25.86 ] [L0 ] [L1 ]
*** TRAIL_R numBytesInNALunit: 1495729
POC  227 TId: 0 ( I-SLICE, QP 26 )   11965832 bits [Y 99.9900 dB    U 99.9900 dB    V 99.9900 dB] [ET 26.02 ] [L0 ] [L1 ]
*** TRAIL_R numBytesInNALunit: 1495204
POC  228 TId: 0 ( I-SLICE, QP 26 )   11961632 bits [Y 99.9900 dB    U 99.9900 dB    V 99.9900 dB] [ET 25.70 ] [L0 ] [L1 ]
*** TRAIL_R numBytesInNALunit: 1495627
POC  229 TId: 0 ( I-SLICE, QP 26 )   11965016 bits [Y 99.9900 dB    U 99.9900 dB    V 99.9900 dB] [ET 26.14 ] [L0 ] [L1 ]
*** TRAIL_R numBytesInNALunit: 1497599
POC  230 TId: 0 ( I-SLICE, QP 26 )   11980792 bits [Y 99.9900 dB    U 99.9900 dB    V 99.9900 dB] [ET 25.61 ] [L0 ] [L1 ]
*** TRAIL_R numBytesInNALunit: 1498735
POC  231 TId: 0 ( I-SLICE, QP 26 )   11989880 bits [Y 99.9900 dB    U 99.9900 dB    V 99.9900 dB] [ET 25.89 ] [L0 ] [L1 ]
*** TRAIL_R numBytesInNALunit: 1497513
POC  232 TId: 0 ( I-SLICE, QP 26 )   11980104 bits [Y 99.9900 dB    U 99.9900 dB    V 99.9900 dB] [ET 26.03 ] [L0 ] [L1 ]
*** TRAIL_R numBytesInNALunit: 1497943
POC  233 TId: 0 ( I-SLICE, QP 26 )   11983544 bits [Y 99.9900 dB    U 99.9900 dB    V 99.9900 dB] [ET 26.03 ] [L0 ] [L1 ]
*** TRAIL_R numBytesInNALunit: 1498809
POC  234 TId: 0 ( I-SLICE, QP 26 )   11990472 bits [Y 99.9900 dB    U 99.9900 dB    V 99.9900 dB] [ET 26.08 ] [L0 ] [L1 ]
*** TRAIL_R numBytesInNALunit: 1501847
POC  235 TId: 0 ( I-SLICE, QP 26 )   12014776 bits [Y 99.9900 dB    U 99.9900 dB    V 99.9900 dB] [ET 26.05 ] [L0 ] [L1 ]
*** TRAIL_R numBytesInNALunit: 1500451
POC  236 TId: 0 ( I-SLICE, QP 26 )   12003608 bits [Y 99.9900 dB    U 99.9900 dB    V 99.9900 dB] [ET 25.92 ] [L0 ] [L1 ]
*** TRAIL_R numBytesInNALunit: 1501113
POC  237 TId: 0 ( I-SLICE, QP 26 )   12008904 bits [Y 99.9900 dB    U 99.9900 dB    V 99.9900 dB] [ET 26.03 ] [L0 ] [L1 ]
*** TRAIL_R numBytesInNALunit: 1502621
POC  238 TId: 0 ( I-SLICE, QP 26 )   12020968 bits [Y 99.9900 dB    U 99.9900 dB    V 99.9900 dB] [ET 26.48 ] [L0 ] [L1 ]
*** TRAIL_R numBytesInNALunit: 1504481
POC  239 TId: 0 ( I-SLICE, QP 26 )   12035848 bits [Y 99.9900 dB    U 99.9900 dB    V 99.9900 dB] [ET 25.80 ] [L0 ] [L1 ]
*** TRAIL_R numBytesInNALunit: 1503896
POC  240 TId: 0 ( I-SLICE, QP 26 )   12031168 bits [Y 99.9900 dB    U 99.9900 dB    V 99.9900 dB] [ET 26.14 ] [L0 ] [L1 ]
*** TRAIL_R numBytesInNALunit: 1505019
POC  241 TId: 0 ( I-SLICE, QP 26 )   12040152 bits [Y 99.9900 dB    U 99.9900 dB    V 99.9900 dB] [ET 26.02 ] [L0 ] [L1 ]
*** TRAIL_R numBytesInNALunit: 1506811
POC  242 TId: 0 ( I-SLICE, QP 26 )   12054488 bits [Y 99.9900 dB    U 99.9900 dB    V 99.9900 dB] [ET 25.75 ] [L0 ] [L1 ]
*** TRAIL_R numBytesInNALunit: 1507791
POC  243 TId: 0 ( I-SLICE, QP 26 )   12062328 bits [Y 99.9900 dB    U 99.9900 dB    V 99.9900 dB] [ET 25.78 ] [L0 ] [L1 ]
*** TRAIL_R numBytesInNALunit: 1508044
POC  244 TId: 0 ( I-SLICE, QP 26 )   12064352 bits [Y 99.9900 dB    U 99.9900 dB    V 99.9900 dB] [ET 25.77 ] [L0 ] [L1 ]
*** TRAIL_R numBytesInNALunit: 1511304
POC  245 TId: 0 ( I-SLICE, QP 26 )   12090432 bits [Y 99.9900 dB    U 99.9900 dB    V 99.9900 dB] [ET 26.38 ] [L0 ] [L1 ]
*** TRAIL_R numBytesInNALunit: 1509698
POC  246 TId: 0 ( I-SLICE, QP 26 )   12077584 bits [Y 99.9900 dB    U 99.9900 dB    V 99.9900 dB] [ET 26.05 ] [L0 ] [L1 ]
*** TRAIL_R numBytesInNALunit: 1513309
POC  247 TId: 0 ( I-SLICE, QP 26 )   12106472 bits [Y 99.9900 dB    U 99.9900 dB    V 99.9900 dB] [ET 25.83 ] [L0 ] [L1 ]
*** TRAIL_R numBytesInNALunit: 1514847
POC  248 TId: 0 ( I-SLICE, QP 26 )   12118776 bits [Y 99.9900 dB    U 99.9900 dB    V 99.9900 dB] [ET 25.75 ] [L0 ] [L1 ]
*** TRAIL_R numBytesInNALunit: 1517441
POC  249 TId: 0 ( I-SLICE, QP 26 )   12139528 bits [Y 99.9900 dB    U 99.9900 dB    V 99.9900 dB] [ET 25.61 ] [L0 ] [L1 ]
*** TRAIL_R numBytesInNALunit: 1519497
POC  250 TId: 0 ( I-SLICE, QP 26 )   12155976 bits [Y 99.9900 dB    U 99.9900 dB    V 99.9900 dB] [ET 25.92 ] [L0 ] [L1 ]
*** TRAIL_R numBytesInNALunit: 1520611
POC  251 TId: 0 ( I-SLICE, QP 26 )   12164888 bits [Y 99.9900 dB    U 99.9900 dB    V 99.9900 dB] [ET 25.75 ] [L0 ] [L1 ]
*** TRAIL_R numBytesInNALunit: 1519878
POC  252 TId: 0 ( I-SLICE, QP 26 )   12159024 bits [Y 99.9900 dB    U 99.9900 dB    V 99.9900 dB] [ET 26.05 ] [L0 ] [L1 ]
*** TRAIL_R numBytesInNALunit: 1522484
POC  253 TId: 0 ( I-SLICE, QP 26 )   12179872 bits [Y 99.9900 dB    U 99.9900 dB    V 99.9900 dB] [ET 26.05 ] [L0 ] [L1 ]
*** TRAIL_R numBytesInNALunit: 1524302
POC  254 TId: 0 ( I-SLICE, QP 26 )   12194416 bits [Y 99.9900 dB    U 99.9900 dB    V 99.9900 dB] [ET 25.77 ] [L0 ] [L1 ]
*** TRAIL_R numBytesInNALunit: 1525581
POC  255 TId: 0 ( I-SLICE, QP 26 )   12204648 bits [Y 99.9900 dB    U 99.9900 dB    V 99.9900 dB] [ET 25.88 ] [L0 ] [L1 ]
*** TRAIL_R numBytesInNALunit: 1520906
POC  256 TId: 0 ( I-SLICE, QP 26 )   12167248 bits [Y 99.9900 dB    U 99.9900 dB    V 99.9900 dB] [ET 26.11 ] [L0 ] [L1 ]
*** TRAIL_R numBytesInNALunit: 1524927
POC  257 TId: 0 ( I-SLICE, QP 26 )   12199416 bits [Y 99.9900 dB    U 99.9900 dB    V 99.9900 dB] [ET 26.27 ] [L0 ] [L1 ]
*** TRAIL_R numBytesInNALunit: 1528674
POC  258 TId: 0 ( I-SLICE, QP 26 )   12229392 bits [Y 99.9900 dB    U 99.9900 dB    V 99.9900 dB] [ET 25.66 ] [L0 ] [L1 ]
*** TRAIL_R numBytesInNALunit: 1529439
POC  259 TId: 0 ( I-SLICE, QP 26 )   12235512 bits [Y 99.9900 dB    U 99.9900 dB    V 99.9900 dB] [ET 26.05 ] [L0 ] [L1 ]
*** TRAIL_R numBytesInNALunit: 1525782
POC  260 TId: 0 ( I-SLICE, QP 26 )   12206256 bits [Y 99.9900 dB    U 99.9900 dB    V 99.9900 dB] [ET 26.08 ] [L0 ] [L1 ]
*** TRAIL_R numBytesInNALunit: 1527047
POC  261 TId: 0 ( I-SLICE, QP 26 )   12216376 bits [Y 99.9900 dB    U 99.9900 dB    V 99.9900 dB] [ET 26.06 ] [L0 ] [L1 ]
*** TRAIL_R numBytesInNALunit: 1527621
POC  262 TId: 0 ( I-SLICE, QP 26 )   12220968 bits [Y 99.9900 dB    U 99.9900 dB    V 99.9900 dB] [ET 26.03 ] [L0 ] [L1 ]
*** TRAIL_R numBytesInNALunit: 1529224
POC  263 TId: 0 ( I-SLICE, QP 26 )   12233792 bits [Y 99.9900 dB    U 99.9900 dB    V 99.9900 dB] [ET 25.75 ] [L0 ] [L1 ]
*** TRAIL_R numBytesInNALunit: 1529846
POC  264 TId: 0 ( I-SLICE, QP 26 )   12238768 bits [Y 99.9900 dB    U 99.9900 dB    V 99.9900 dB] [ET 25.91 ] [L0 ] [L1 ]
*** TRAIL_R numBytesInNALunit: 1531976
POC  265 TId: 0 ( I-SLICE, QP 26 )   12255808 bits [Y 99.9900 dB    U 99.9900 dB    V 99.9900 dB] [ET 26.34 ] [L0 ] [L1 ]
*** TRAIL_R numBytesInNALunit: 1531566
POC  266 TId: 0 ( I-SLICE, QP 26 )   12252528 bits [Y 99.9900 dB    U 99.9900 dB    V 99.9900 dB] [ET 26.12 ] [L0 ] [L1 ]
*** TRAIL_R numBytesInNALunit: 1533044
POC  267 TId: 0 ( I-SLICE, QP 26 )   12264352 bits [Y 99.9900 dB    U 99.9900 dB    V 99.9900 dB] [ET 26.03 ] [L0 ] [L1 ]
*** TRAIL_R numBytesInNALunit: 1535267
POC  268 TId: 0 ( I-SLICE, QP 26 )   12282136 bits [Y 99.9900 dB    U 99.9900 dB    V 99.9900 dB] [ET 26.23 ] [L0 ] [L1 ]
*** TRAIL_R numBytesInNALunit: 1535753
POC  269 TId: 0 ( I-SLICE, QP 26 )   12286024 bits [Y 99.9900 dB    U 99.9900 dB    V 99.9900 dB] [ET 25.97 ] [L0 ] [L1 ]
*** TRAIL_R numBytesInNALunit: 1535823
POC  270 TId: 0 ( I-SLICE, QP 26 )   12286584 bits [Y 99.9900 dB    U 99.9900 dB    V 99.9900 dB] [ET 25.78 ] [L0 ] [L1 ]
*** TRAIL_R numBytesInNALunit: 1536544
POC  271 TId: 0 ( I-SLICE, QP 26 )   12292352 bits [Y 99.9900 dB    U 99.9900 dB    V 99.9900 dB] [ET 25.67 ] [L0 ] [L1 ]
*** TRAIL_R numBytesInNALunit: 1538795
POC  272 TId: 0 ( I-SLICE, QP 26 )   12310360 bits [Y 99.9900 dB    U 99.9900 dB    V 99.9900 dB] [ET 25.73 ] [L0 ] [L1 ]
*** TRAIL_R numBytesInNALunit: 1539527
POC  273 TId: 0 ( I-SLICE, QP 26 )   12316216 bits [Y 99.9900 dB    U 99.9900 dB    V 99.9900 dB] [ET 25.89 ] [L0 ] [L1 ]
*** TRAIL_R numBytesInNALunit: 1542325
POC  274 TId: 0 ( I-SLICE, QP 26 )   12338600 bits [Y 99.9900 dB    U 99.9900 dB    V 99.9900 dB] [ET 26.17 ] [L0 ] [L1 ]
*** TRAIL_R numBytesInNALunit: 1540863
POC  275 TId: 0 ( I-SLICE, QP 26 )   12326904 bits [Y 99.9900 dB    U 99.9900 dB    V 99.9900 dB] [ET 26.02 ] [L0 ] [L1 ]
*** TRAIL_R numBytesInNALunit: 1541888
POC  276 TId: 0 ( I-SLICE, QP 26 )   12335104 bits [Y 99.9900 dB    U 99.9900 dB    V 99.9900 dB] [ET 25.95 ] [L0 ] [L1 ]
*** TRAIL_R numBytesInNALunit: 1543682
POC  277 TId: 0 ( I-SLICE, QP 26 )   12349456 bits [Y 99.9900 dB    U 99.9900 dB    V 99.9900 dB] [ET 26.00 ] [L0 ] [L1 ]
*** TRAIL_R numBytesInNALunit: 1546254
POC  278 TId: 0 ( I-SLICE, QP 26 )   12370032 bits [Y 99.9900 dB    U 99.9900 dB    V 99.9900 dB] [ET 26.67 ] [L0 ] [L1 ]
*** TRAIL_R numBytesInNALunit: 1547620
POC  279 TId: 0 ( I-SLICE, QP 26 )   12380960 bits [Y 99.9900 dB    U 99.9900 dB    V 99.9900 dB] [ET 26.25 ] [L0 ] [L1 ]
*** TRAIL_R numBytesInNALunit: 1548255
POC  280 TId: 0 ( I-SLICE, QP 26 )   12386040 bits [Y 99.9900 dB    U 99.9900 dB    V 99.9900 dB] [ET 25.84 ] [L0 ] [L1 ]
*** TRAIL_R numBytesInNALunit: 1546872
POC  281 TId: 0 ( I-SLICE, QP 26 )   12374976 bits [Y 99.9900 dB    U 99.9900 dB    V 99.9900 dB] [ET 26.17 ] [L0 ] [L1 ]
*** TRAIL_R numBytesInNALunit: 1548454
POC  282 TId: 0 ( I-SLICE, QP 26 )   12387632 bits [Y 99.9900 dB    U 99.9900 dB    V 99.9900 dB] [ET 26.12 ] [L0 ] [L1 ]
*** TRAIL_R numBytesInNALunit: 1550901
POC  283 TId: 0 ( I-SLICE, QP 26 )   12407208 bits [Y 99.9900 dB    U 99.9900 dB    V 99.9900 dB] [ET 26.16 ] [L0 ] [L1 ]
*** TRAIL_R numBytesInNALunit: 1552201
POC  284 TId: 0 ( I-SLICE, QP 26 )   12417608 bits [Y 99.9900 dB    U 99.9900 dB    V 99.9900 dB] [ET 26.06 ] [L0 ] [L1 ]
*** TRAIL_R numBytesInNALunit: 1553256
POC  285 TId: 0 ( I-SLICE, QP 26 )   12426048 bits [Y 99.9900 dB    U 99.9900 dB    V 99.9900 dB] [ET 26.11 ] [L0 ] [L1 ]
*** TRAIL_R numBytesInNALunit: 1556087
POC  286 TId: 0 ( I-SLICE, QP 26 )   12448696 bits [Y 99.9900 dB    U 99.9900 dB    V 99.9900 dB] [ET 26.25 ] [L0 ] [L1 ]
*** TRAIL_R numBytesInNALunit: 1556137
POC  287 TId: 0 ( I-SLICE, QP 26 )   12449096 bits [Y 99.9900 dB    U 99.9900 dB    V 99.9900 dB] [ET 26.62 ] [L0 ] [L1 ]
*** TRAIL_R numBytesInNALunit: 1557739
POC  288 TId: 0 ( I-SLICE, QP 26 )   12461912 bits [Y 99.9900 dB    U 99.9900 dB    V 99.9900 dB] [ET 26.48 ] [L0 ] [L1 ]
*** TRAIL_R numBytesInNALunit: 1562204
POC  289 TId: 0 ( I-SLICE, QP 26 )   12497632 bits [Y 99.9900 dB    U 99.9900 dB    V 99.9900 dB] [ET 26.33 ] [L0 ] [L1 ]
*** TRAIL_R numBytesInNALunit: 1559848
POC  290 TId: 0 ( I-SLICE, QP 26 )   12478784 bits [Y 99.9900 dB    U 99.9900 dB    V 99.9900 dB] [ET 26.19 ] [L0 ] [L1 ]
*** TRAIL_R numBytesInNALunit: 1563246
POC  291 TId: 0 ( I-SLICE, QP 26 )   12505968 bits [Y 99.9900 dB    U 99.9900 dB    V 99.9900 dB] [ET 25.97 ] [L0 ] [L1 ]
*** TRAIL_R numBytesInNALunit: 1564346
POC  292 TId: 0 ( I-SLICE, QP 26 )   12514768 bits [Y 99.9900 dB    U 99.9900 dB    V 99.9900 dB] [ET 26.33 ] [L0 ] [L1 ]
*** TRAIL_R numBytesInNALunit: 1563871
POC  293 TId: 0 ( I-SLICE, QP 26 )   12510968 bits [Y 99.9900 dB    U 99.9900 dB    V 99.9900 dB] [ET 26.27 ] [L0 ] [L1 ]
*** TRAIL_R numBytesInNALunit: 1566479
POC  294 TId: 0 ( I-SLICE, QP 26 )   12531832 bits [Y 99.9900 dB    U 99.9900 dB    V 99.9900 dB] [ET 26.30 ] [L0 ] [L1 ]
*** TRAIL_R numBytesInNALunit: 1569563
POC  295 TId: 0 ( I-SLICE, QP 26 )   12556504 bits [Y 99.9900 dB    U 99.9900 dB    V 99.9900 dB] [ET 25.91 ] [L0 ] [L1 ]
*** TRAIL_R numBytesInNALunit: 1567409
POC  296 TId: 0 ( I-SLICE, QP 26 )   12539272 bits [Y 99.9900 dB    U 99.9900 dB    V 99.9900 dB] [ET 26.22 ] [L0 ] [L1 ]
*** TRAIL_R numBytesInNALunit: 1570448
POC  297 TId: 0 ( I-SLICE, QP 26 )   12563584 bits [Y 99.9900 dB    U 99.9900 dB    V 99.9900 dB] [ET 26.14 ] [L0 ] [L1 ]
*** TRAIL_R numBytesInNALunit: 1571768
POC  298 TId: 0 ( I-SLICE, QP 26 )   12574144 bits [Y 99.9900 dB    U 99.9900 dB    V 99.9900 dB] [ET 26.20 ] [L0 ] [L1 ]
*** TRAIL_R numBytesInNALunit: 1575675
POC  299 TId: 0 ( I-SLICE, QP 26 )   12605400 bits [Y 99.9900 dB    U 99.9900 dB    V 99.9900 dB] [ET 25.42 ] [L0 ] [L1 ]
*** TRAIL_R numBytesInNALunit: 1579625
POC  300 TId: 0 ( I-SLICE, QP 26 )   12637000 bits [Y 99.9900 dB    U 99.9900 dB    V 99.9900 dB] [ET 25.97 ] [L0 ] [L1 ]
*** TRAIL_R numBytesInNALunit: 1582674
POC  301 TId: 0 ( I-SLICE, QP 26 )   12661392 bits [Y 99.9900 dB    U 99.9900 dB    V 99.9900 dB] [ET 26.16 ] [L0 ] [L1 ]
*** TRAIL_R numBytesInNALunit: 1581044
POC  302 TId: 0 ( I-SLICE, QP 26 )   12648352 bits [Y 99.9900 dB    U 99.9900 dB    V 99.9900 dB] [ET 26.02 ] [L0 ] [L1 ]
*** TRAIL_R numBytesInNALunit: 1584290
POC  303 TId: 0 ( I-SLICE, QP 26 )   12674320 bits [Y 99.9900 dB    U 99.9900 dB    V 99.9900 dB] [ET 25.80 ] [L0 ] [L1 ]
*** TRAIL_R numBytesInNALunit: 1590860
POC  304 TId: 0 ( I-SLICE, QP 26 )   12726880 bits [Y 99.9900 dB    U 99.9900 dB    V 99.9900 dB] [ET 26.16 ] [L0 ] [L1 ]
*** TRAIL_R numBytesInNALunit: 1591722
POC  305 TId: 0 ( I-SLICE, QP 26 )   12733776 bits [Y 99.9900 dB    U 99.9900 dB    V 99.9900 dB] [ET 25.91 ] [L0 ] [L1 ]
*** TRAIL_R numBytesInNALunit: 1587666
POC  306 TId: 0 ( I-SLICE, QP 26 )   12701328 bits [Y 99.9900 dB    U 99.9900 dB    V 99.9900 dB] [ET 26.36 ] [L0 ] [L1 ]
*** TRAIL_R numBytesInNALunit: 1590206
POC  307 TId: 0 ( I-SLICE, QP 26 )   12721648 bits [Y 99.9900 dB    U 99.9900 dB    V 99.9900 dB] [ET 26.58 ] [L0 ] [L1 ]
*** TRAIL_R numBytesInNALunit: 1592111
POC  308 TId: 0 ( I-SLICE, QP 26 )   12736888 bits [Y 99.9900 dB    U 99.9900 dB    V 99.9900 dB] [ET 26.45 ] [L0 ] [L1 ]
*** TRAIL_R numBytesInNALunit: 1596501
POC  309 TId: 0 ( I-SLICE, QP 26 )   12772008 bits [Y 99.9900 dB    U 99.9900 dB    V 99.9900 dB] [ET 26.25 ] [L0 ] [L1 ]
*** TRAIL_R numBytesInNALunit: 1595839
POC  310 TId: 0 ( I-SLICE, QP 26 )   12766712 bits [Y 99.9900 dB    U 99.9900 dB    V 99.9900 dB] [ET 26.41 ] [L0 ] [L1 ]
*** TRAIL_R numBytesInNALunit: 1598012
POC  311 TId: 0 ( I-SLICE, QP 26 )   12784096 bits [Y 99.9900 dB    U 99.9900 dB    V 99.9900 dB] [ET 26.75 ] [L0 ] [L1 ]
*** TRAIL_R numBytesInNALunit: 1597875
POC  312 TId: 0 ( I-SLICE, QP 26 )   12783000 bits [Y 99.9900 dB    U 99.9900 dB    V 99.9900 dB] [ET 26.44 ] [L0 ] [L1 ]
*** TRAIL_R numBytesInNALunit: 1601294
POC  313 TId: 0 ( I-SLICE, QP 26 )   12810352 bits [Y 99.9900 dB    U 99.9900 dB    V 99.9900 dB] [ET 25.97 ] [L0 ] [L1 ]
*** TRAIL_R numBytesInNALunit: 1606827
POC  314 TId: 0 ( I-SLICE, QP 26 )   12854616 bits [Y 99.9900 dB    U 99.9900 dB    V 99.9900 dB] [ET 26.27 ] [L0 ] [L1 ]
*** TRAIL_R numBytesInNALunit: 1608758
POC  315 TId: 0 ( I-SLICE, QP 26 )   12870064 bits [Y 99.9900 dB    U 99.9900 dB    V 99.9900 dB] [ET 26.50 ] [L0 ] [L1 ]
*** TRAIL_R numBytesInNALunit: 1610080
POC  316 TId: 0 ( I-SLICE, QP 26 )   12880640 bits [Y 99.9900 dB    U 99.9900 dB    V 99.9900 dB] [ET 26.02 ] [L0 ] [L1 ]
*** TRAIL_R numBytesInNALunit: 1610837
POC  317 TId: 0 ( I-SLICE, QP 26 )   12886696 bits [Y 99.9900 dB    U 99.9900 dB    V 99.9900 dB] [ET 26.30 ] [L0 ] [L1 ]
*** TRAIL_R numBytesInNALunit: 1612460
POC  318 TId: 0 ( I-SLICE, QP 26 )   12899680 bits [Y 99.9900 dB    U 99.9900 dB    V 99.9900 dB] [ET 26.22 ] [L0 ] [L1 ]
*** TRAIL_R numBytesInNALunit: 1614149
POC  319 TId: 0 ( I-SLICE, QP 26 )   12913192 bits [Y 99.9900 dB    U 99.9900 dB    V 99.9900 dB] [ET 26.55 ] [L0 ] [L1 ]
*** TRAIL_R numBytesInNALunit: 1616735
POC  320 TId: 0 ( I-SLICE, QP 26 )   12933880 bits [Y 99.9900 dB    U 99.9900 dB    V 99.9900 dB] [ET 26.14 ] [L0 ] [L1 ]
*** TRAIL_R numBytesInNALunit: 1618139
POC  321 TId: 0 ( I-SLICE, QP 26 )   12945112 bits [Y 99.9900 dB    U 99.9900 dB    V 99.9900 dB] [ET 25.94 ] [L0 ] [L1 ]
*** TRAIL_R numBytesInNALunit: 1621625
POC  322 TId: 0 ( I-SLICE, QP 26 )   12973000 bits [Y 99.9900 dB    U 99.9900 dB    V 99.9900 dB] [ET 26.14 ] [L0 ] [L1 ]
*** TRAIL_R numBytesInNALunit: 1622374
POC  323 TId: 0 ( I-SLICE, QP 26 )   12978992 bits [Y 99.9900 dB    U 99.9900 dB    V 99.9900 dB] [ET 26.34 ] [L0 ] [L1 ]
*** TRAIL_R numBytesInNALunit: 1624530
POC  324 TId: 0 ( I-SLICE, QP 26 )   12996240 bits [Y 99.9900 dB    U 99.9900 dB    V 99.9900 dB] [ET 25.98 ] [L0 ] [L1 ]
*** TRAIL_R numBytesInNALunit: 1627942
POC  325 TId: 0 ( I-SLICE, QP 26 )   13023536 bits [Y 99.9900 dB    U 99.9900 dB    V 99.9900 dB] [ET 25.95 ] [L0 ] [L1 ]
*** TRAIL_R numBytesInNALunit: 1626752
POC  326 TId: 0 ( I-SLICE, QP 26 )   13014016 bits [Y 99.9900 dB    U 99.9900 dB    V 99.9900 dB] [ET 26.11 ] [L0 ] [L1 ]
*** TRAIL_R numBytesInNALunit: 1628427
POC  327 TId: 0 ( I-SLICE, QP 26 )   13027416 bits [Y 99.9900 dB    U 99.9900 dB    V 99.9900 dB] [ET 25.89 ] [L0 ] [L1 ]
*** TRAIL_R numBytesInNALunit: 1629899
POC  328 TId: 0 ( I-SLICE, QP 26 )   13039192 bits [Y 99.9900 dB    U 99.9900 dB    V 99.9900 dB] [ET 26.42 ] [L0 ] [L1 ]
*** TRAIL_R numBytesInNALunit: 1633495
POC  329 TId: 0 ( I-SLICE, QP 26 )   13067960 bits [Y 99.9900 dB    U 99.9900 dB    V 99.9900 dB] [ET 26.20 ] [L0 ] [L1 ]
*** TRAIL_R numBytesInNALunit: 1633260
POC  330 TId: 0 ( I-SLICE, QP 26 )   13066080 bits [Y 99.9900 dB    U 99.9900 dB    V 99.9900 dB] [ET 26.50 ] [L0 ] [L1 ]
*** TRAIL_R numBytesInNALunit: 1634387
POC  331 TId: 0 ( I-SLICE, QP 26 )   13075096 bits [Y 99.9900 dB    U 99.9900 dB    V 99.9900 dB] [ET 26.44 ] [L0 ] [L1 ]
*** TRAIL_R numBytesInNALunit: 1633649
POC  332 TId: 0 ( I-SLICE, QP 26 )   13069192 bits [Y 99.9900 dB    U 99.9900 dB    V 99.9900 dB] [ET 26.11 ] [L0 ] [L1 ]
*** TRAIL_R numBytesInNALunit: 1632103
POC  333 TId: 0 ( I-SLICE, QP 26 )   13056824 bits [Y 99.9900 dB    U 99.9900 dB    V 99.9900 dB] [ET 26.33 ] [L0 ] [L1 ]
*** TRAIL_R numBytesInNALunit: 1636815
POC  334 TId: 0 ( I-SLICE, QP 26 )   13094520 bits [Y 99.9900 dB    U 99.9900 dB    V 99.9900 dB] [ET 26.02 ] [L0 ] [L1 ]
*** TRAIL_R numBytesInNALunit: 1642192
POC  335 TId: 0 ( I-SLICE, QP 26 )   13137536 bits [Y 99.9900 dB    U 99.9900 dB    V 99.9900 dB] [ET 26.19 ] [L0 ] [L1 ]
*** TRAIL_R numBytesInNALunit: 1641123
POC  336 TId: 0 ( I-SLICE, QP 26 )   13128984 bits [Y 99.9900 dB    U 99.9900 dB    V 99.9900 dB] [ET 26.22 ] [L0 ] [L1 ]
*** TRAIL_R numBytesInNALunit: 1637357
POC  337 TId: 0 ( I-SLICE, QP 26 )   13098856 bits [Y 99.9900 dB    U 99.9900 dB    V 99.9900 dB] [ET 26.05 ] [L0 ] [L1 ]
*** TRAIL_R numBytesInNALunit: 1633994
POC  338 TId: 0 ( I-SLICE, QP 26 )   13071952 bits [Y 99.9900 dB    U 99.9900 dB    V 99.9900 dB] [ET 26.39 ] [L0 ] [L1 ]
*** TRAIL_R numBytesInNALunit: 1636159
POC  339 TId: 0 ( I-SLICE, QP 26 )   13089272 bits [Y 99.9900 dB    U 99.9900 dB    V 99.9900 dB] [ET 26.05 ] [L0 ] [L1 ]
*** TRAIL_R numBytesInNALunit: 1640434
POC  340 TId: 0 ( I-SLICE, QP 26 )   13123472 bits [Y 99.9900 dB    U 99.9900 dB    V 99.9900 dB] [ET 26.08 ] [L0 ] [L1 ]
*** TRAIL_R numBytesInNALunit: 1640404
POC  341 TId: 0 ( I-SLICE, QP 26 )   13123232 bits [Y 99.9900 dB    U 99.9900 dB    V 99.9900 dB] [ET 26.00 ] [L0 ] [L1 ]
*** TRAIL_R numBytesInNALunit: 1644283
POC  342 TId: 0 ( I-SLICE, QP 26 )   13154264 bits [Y 99.9900 dB    U 99.9900 dB    V 99.9900 dB] [ET 26.28 ] [L0 ] [L1 ]
*** TRAIL_R numBytesInNALunit: 1641430
POC  343 TId: 0 ( I-SLICE, QP 26 )   13131440 bits [Y 99.9900 dB    U 99.9900 dB    V 99.9900 dB] [ET 26.50 ] [L0 ] [L1 ]
*** TRAIL_R numBytesInNALunit: 1640705
POC  344 TId: 0 ( I-SLICE, QP 26 )   13125640 bits [Y 99.9900 dB    U 99.9900 dB    V 99.9900 dB] [ET 26.38 ] [L0 ] [L1 ]
*** TRAIL_R numBytesInNALunit: 1640715
POC  345 TId: 0 ( I-SLICE, QP 26 )   13125720 bits [Y 99.9900 dB    U 99.9900 dB    V 99.9900 dB] [ET 24.33 ] [L0 ] [L1 ]
*** TRAIL_R numBytesInNALunit: 1645970
POC  346 TId: 0 ( I-SLICE, QP 26 )   13167760 bits [Y 99.9900 dB    U 99.9900 dB    V 99.9900 dB] [ET 22.03 ] [L0 ] [L1 ]
*** TRAIL_R numBytesInNALunit: 1643216
POC  347 TId: 0 ( I-SLICE, QP 26 )   13145728 bits [Y 99.9900 dB    U 99.9900 dB    V 99.9900 dB] [ET 22.22 ] [L0 ] [L1 ]
*** TRAIL_R numBytesInNALunit: 1641047
POC  348 TId: 0 ( I-SLICE, QP 26 )   13128376 bits [Y 99.9900 dB    U 99.9900 dB    V 99.9900 dB] [ET 22.39 ] [L0 ] [L1 ]
*** TRAIL_R numBytesInNALunit: 1638654
POC  349 TId: 0 ( I-SLICE, QP 26 )   13109232 bits [Y 99.9900 dB    U 99.9900 dB    V 99.9900 dB] [ET 23.89 ] [L0 ] [L1 ]
*** TRAIL_R numBytesInNALunit: 1640329
POC  350 TId: 0 ( I-SLICE, QP 26 )   13122632 bits [Y 99.9900 dB    U 99.9900 dB    V 99.9900 dB] [ET 26.03 ] [L0 ] [L1 ]
*** TRAIL_R numBytesInNALunit: 1643137
POC  351 TId: 0 ( I-SLICE, QP 26 )   13145096 bits [Y 99.9900 dB    U 99.9900 dB    V 99.9900 dB] [ET 26.02 ] [L0 ] [L1 ]
*** TRAIL_R numBytesInNALunit: 1642518
POC  352 TId: 0 ( I-SLICE, QP 26 )   13140144 bits [Y 99.9900 dB    U 99.9900 dB    V 99.9900 dB] [ET 25.69 ] [L0 ] [L1 ]
*** TRAIL_R numBytesInNALunit: 1642225
POC  353 TId: 0 ( I-SLICE, QP 26 )   13137800 bits [Y 99.9900 dB    U 99.9900 dB    V 99.9900 dB] [ET 25.70 ] [L0 ] [L1 ]
*** TRAIL_R numBytesInNALunit: 1640902
POC  354 TId: 0 ( I-SLICE, QP 26 )   13127216 bits [Y 99.9900 dB    U 99.9900 dB    V 99.9900 dB] [ET 25.64 ] [L0 ] [L1 ]
*** TRAIL_R numBytesInNALunit: 1640798
POC  355 TId: 0 ( I-SLICE, QP 26 )   13126384 bits [Y 99.9900 dB    U 99.9900 dB    V 99.9900 dB] [ET 26.14 ] [L0 ] [L1 ]
*** TRAIL_R numBytesInNALunit: 1643153
POC  356 TId: 0 ( I-SLICE, QP 26 )   13145224 bits [Y 99.9900 dB    U 99.9900 dB    V 99.9900 dB] [ET 26.28 ] [L0 ] [L1 ]
*** TRAIL_R numBytesInNALunit: 1644412
POC  357 TId: 0 ( I-SLICE, QP 26 )   13155296 bits [Y 99.9900 dB    U 99.9900 dB    V 99.9900 dB] [ET 26.55 ] [L0 ] [L1 ]
*** TRAIL_R numBytesInNALunit: 1644514
POC  358 TId: 0 ( I-SLICE, QP 26 )   13156112 bits [Y 99.9900 dB    U 99.9900 dB    V 99.9900 dB] [ET 26.22 ] [L0 ] [L1 ]
*** TRAIL_R numBytesInNALunit: 1647301
POC  359 TId: 0 ( I-SLICE, QP 26 )   13178408 bits [Y 99.9900 dB    U 99.9900 dB    V 99.9900 dB] [ET 25.84 ] [L0 ] [L1 ]
*** TRAIL_R numBytesInNALunit: 1644802
POC  360 TId: 0 ( I-SLICE, QP 26 )   13158416 bits [Y 99.9900 dB    U 99.9900 dB    V 99.9900 dB] [ET 26.17 ] [L0 ] [L1 ]
*** TRAIL_R numBytesInNALunit: 1645790
POC  361 TId: 0 ( I-SLICE, QP 26 )   13166320 bits [Y 99.9900 dB    U 99.9900 dB    V 99.9900 dB] [ET 26.17 ] [L0 ] [L1 ]
*** TRAIL_R numBytesInNALunit: 1645941
POC  362 TId: 0 ( I-SLICE, QP 26 )   13167528 bits [Y 99.9900 dB    U 99.9900 dB    V 99.9900 dB] [ET 25.84 ] [L0 ] [L1 ]
*** TRAIL_R numBytesInNALunit: 1645859
POC  363 TId: 0 ( I-SLICE, QP 26 )   13166872 bits [Y 99.9900 dB    U 99.9900 dB    V 99.9900 dB] [ET 26.14 ] [L0 ] [L1 ]
*** TRAIL_R numBytesInNALunit: 1647438
POC  364 TId: 0 ( I-SLICE, QP 26 )   13179504 bits [Y 99.9900 dB    U 99.9900 dB    V 99.9900 dB] [ET 25.52 ] [L0 ] [L1 ]
*** TRAIL_R numBytesInNALunit: 1644864
POC  365 TId: 0 ( I-SLICE, QP 26 )   13158912 bits [Y 99.9900 dB    U 99.9900 dB    V 99.9900 dB] [ET 25.67 ] [L0 ] [L1 ]
*** TRAIL_R numBytesInNALunit: 1646876
POC  366 TId: 0 ( I-SLICE, QP 26 )   13175008 bits [Y 99.9900 dB    U 99.9900 dB    V 99.9900 dB] [ET 25.86 ] [L0 ] [L1 ]
*** TRAIL_R numBytesInNALunit: 1649094
POC  367 TId: 0 ( I-SLICE, QP 26 )   13192752 bits [Y 99.9900 dB    U 99.9900 dB    V 99.9900 dB] [ET 26.06 ] [L0 ] [L1 ]
*** TRAIL_R numBytesInNALunit: 1649596
POC  368 TId: 0 ( I-SLICE, QP 26 )   13196768 bits [Y 99.9900 dB    U 99.9900 dB    V 99.9900 dB] [ET 25.88 ] [L0 ] [L1 ]
*** TRAIL_R numBytesInNALunit: 1649884
POC  369 TId: 0 ( I-SLICE, QP 26 )   13199072 bits [Y 99.9900 dB    U 99.9900 dB    V 99.9900 dB] [ET 25.95 ] [L0 ] [L1 ]
*** TRAIL_R numBytesInNALunit: 1648415
POC  370 TId: 0 ( I-SLICE, QP 26 )   13187320 bits [Y 99.9900 dB    U 99.9900 dB    V 99.9900 dB] [ET 25.61 ] [L0 ] [L1 ]
*** TRAIL_R numBytesInNALunit: 1648083
POC  371 TId: 0 ( I-SLICE, QP 26 )   13184664 bits [Y 99.9900 dB    U 99.9900 dB    V 99.9900 dB] [ET 25.84 ] [L0 ] [L1 ]
*** TRAIL_R numBytesInNALunit: 1647949
POC  372 TId: 0 ( I-SLICE, QP 26 )   13183592 bits [Y 99.9900 dB    U 99.9900 dB    V 99.9900 dB] [ET 25.80 ] [L0 ] [L1 ]
*** TRAIL_R numBytesInNALunit: 1648554
POC  373 TId: 0 ( I-SLICE, QP 26 )   13188432 bits [Y 99.9900 dB    U 99.9900 dB    V 99.9900 dB] [ET 25.38 ] [L0 ] [L1 ]
*** TRAIL_R numBytesInNALunit: 1649070
POC  374 TId: 0 ( I-SLICE, QP 26 )   13192560 bits [Y 99.9900 dB    U 99.9900 dB    V 99.9900 dB] [ET 26.42 ] [L0 ] [L1 ]
*** TRAIL_R numBytesInNALunit: 1651323
POC  375 TId: 0 ( I-SLICE, QP 26 )   13210584 bits [Y 99.9900 dB    U 99.9900 dB    V 99.9900 dB] [ET 25.81 ] [L0 ] [L1 ]
*** TRAIL_R numBytesInNALunit: 1650818
POC  376 TId: 0 ( I-SLICE, QP 26 )   13206544 bits [Y 99.9900 dB    U 99.9900 dB    V 99.9900 dB] [ET 25.92 ] [L0 ] [L1 ]
*** TRAIL_R numBytesInNALunit: 1650610
POC  377 TId: 0 ( I-SLICE, QP 26 )   13204880 bits [Y 99.9900 dB    U 99.9900 dB    V 99.9900 dB] [ET 26.19 ] [L0 ] [L1 ]
*** TRAIL_R numBytesInNALunit: 1655380
POC  378 TId: 0 ( I-SLICE, QP 26 )   13243040 bits [Y 99.9900 dB    U 99.9900 dB    V 99.9900 dB] [ET 25.66 ] [L0 ] [L1 ]
*** TRAIL_R numBytesInNALunit: 1652004
POC  379 TId: 0 ( I-SLICE, QP 26 )   13216032 bits [Y 99.9900 dB    U 99.9900 dB    V 99.9900 dB] [ET 25.77 ] [L0 ] [L1 ]
*** TRAIL_R numBytesInNALunit: 1651167
POC  380 TId: 0 ( I-SLICE, QP 26 )   13209336 bits [Y 99.9900 dB    U 99.9900 dB    V 99.9900 dB] [ET 25.86 ] [L0 ] [L1 ]
*** TRAIL_R numBytesInNALunit: 1652123
POC  381 TId: 0 ( I-SLICE, QP 26 )   13216984 bits [Y 99.9900 dB    U 99.9900 dB    V 99.9900 dB] [ET 26.02 ] [L0 ] [L1 ]
*** TRAIL_R numBytesInNALunit: 1651357
POC  382 TId: 0 ( I-SLICE, QP 26 )   13210856 bits [Y 99.9900 dB    U 99.9900 dB    V 99.9900 dB] [ET 26.02 ] [L0 ] [L1 ]
*** TRAIL_R numBytesInNALunit: 1653531
POC  383 TId: 0 ( I-SLICE, QP 26 )   13228248 bits [Y 99.9900 dB    U 99.9900 dB    V 99.9900 dB] [ET 25.50 ] [L0 ] [L1 ]
*** TRAIL_R numBytesInNALunit: 1654194
POC  384 TId: 0 ( I-SLICE, QP 26 )   13233552 bits [Y 99.9900 dB    U 99.9900 dB    V 99.9900 dB] [ET 26.28 ] [L0 ] [L1 ]
*** TRAIL_R numBytesInNALunit: 1653566
POC  385 TId: 0 ( I-SLICE, QP 26 )   13228528 bits [Y 99.9900 dB    U 99.9900 dB    V 99.9900 dB] [ET 26.22 ] [L0 ] [L1 ]
*** TRAIL_R numBytesInNALunit: 1654671
POC  386 TId: 0 ( I-SLICE, QP 26 )   13237368 bits [Y 99.9900 dB    U 99.9900 dB    V 99.9900 dB] [ET 26.16 ] [L0 ] [L1 ]
*** TRAIL_R numBytesInNALunit: 1654734
POC  387 TId: 0 ( I-SLICE, QP 26 )   13237872 bits [Y 99.9900 dB    U 99.9900 dB    V 99.9900 dB] [ET 26.05 ] [L0 ] [L1 ]
*** TRAIL_R numBytesInNALunit: 1653885
POC  388 TId: 0 ( I-SLICE, QP 26 )   13231080 bits [Y 99.9900 dB    U 99.9900 dB    V 99.9900 dB] [ET 26.16 ] [L0 ] [L1 ]
*** TRAIL_R numBytesInNALunit: 1654079
POC  389 TId: 0 ( I-SLICE, QP 26 )   13232632 bits [Y 99.9900 dB    U 99.9900 dB    V 99.9900 dB] [ET 25.92 ] [L0 ] [L1 ]
*** TRAIL_R numBytesInNALunit: 1654607
POC  390 TId: 0 ( I-SLICE, QP 26 )   13236856 bits [Y 99.9900 dB    U 99.9900 dB    V 99.9900 dB] [ET 25.59 ] [L0 ] [L1 ]
*** TRAIL_R numBytesInNALunit: 1655009
POC  391 TId: 0 ( I-SLICE, QP 26 )   13240072 bits [Y 99.9900 dB    U 99.9900 dB    V 99.9900 dB] [ET 26.06 ] [L0 ] [L1 ]
*** TRAIL_R numBytesInNALunit: 1653425
POC  392 TId: 0 ( I-SLICE, QP 26 )   13227400 bits [Y 99.9900 dB    U 99.9900 dB    V 99.9900 dB] [ET 26.08 ] [L0 ] [L1 ]
*** TRAIL_R numBytesInNALunit: 1655583
POC  393 TId: 0 ( I-SLICE, QP 26 )   13244664 bits [Y 99.9900 dB    U 99.9900 dB    V 99.9900 dB] [ET 26.06 ] [L0 ] [L1 ]
*** TRAIL_R numBytesInNALunit: 1653609
POC  394 TId: 0 ( I-SLICE, QP 26 )   13228872 bits [Y 99.9900 dB    U 99.9900 dB    V 99.9900 dB] [ET 26.44 ] [L0 ] [L1 ]
*** TRAIL_R numBytesInNALunit: 1657650
POC  395 TId: 0 ( I-SLICE, QP 26 )   13261200 bits [Y 99.9900 dB    U 99.9900 dB    V 99.9900 dB] [ET 26.02 ] [L0 ] [L1 ]
*** TRAIL_R numBytesInNALunit: 1653366
POC  396 TId: 0 ( I-SLICE, QP 26 )   13226928 bits [Y 99.9900 dB    U 99.9900 dB    V 99.9900 dB] [ET 26.12 ] [L0 ] [L1 ]
*** TRAIL_R numBytesInNALunit: 1657287
POC  397 TId: 0 ( I-SLICE, QP 26 )   13258296 bits [Y 99.9900 dB    U 99.9900 dB    V 99.9900 dB] [ET 25.61 ] [L0 ] [L1 ]
*** TRAIL_R numBytesInNALunit: 1656161
POC  398 TId: 0 ( I-SLICE, QP 26 )   13249288 bits [Y 99.9900 dB    U 99.9900 dB    V 99.9900 dB] [ET 26.16 ] [L0 ] [L1 ]
*** TRAIL_R numBytesInNALunit: 1658647
POC  399 TId: 0 ( I-SLICE, QP 26 )   13269176 bits [Y 99.9900 dB    U 99.9900 dB    V 99.9900 dB] [ET 26.39 ] [L0 ] [L1 ]
*** TRAIL_R numBytesInNALunit: 1655338
POC  400 TId: 0 ( I-SLICE, QP 26 )   13242704 bits [Y 99.9900 dB    U 99.9900 dB    V 99.9900 dB] [ET 26.25 ] [L0 ] [L1 ]
*** TRAIL_R numBytesInNALunit: 1656486
POC  401 TId: 0 ( I-SLICE, QP 26 )   13251888 bits [Y 99.9900 dB    U 99.9900 dB    V 99.9900 dB] [ET 25.84 ] [L0 ] [L1 ]
*** TRAIL_R numBytesInNALunit: 1658030
POC  402 TId: 0 ( I-SLICE, QP 26 )   13264240 bits [Y 99.9900 dB    U 99.9900 dB    V 99.9900 dB] [ET 26.36 ] [L0 ] [L1 ]
*** TRAIL_R numBytesInNALunit: 1657168
POC  403 TId: 0 ( I-SLICE, QP 26 )   13257344 bits [Y 99.9900 dB    U 99.9900 dB    V 99.9900 dB] [ET 26.06 ] [L0 ] [L1 ]
*** TRAIL_R numBytesInNALunit: 1655959
POC  404 TId: 0 ( I-SLICE, QP 26 )   13247672 bits [Y 99.9900 dB    U 99.9900 dB    V 99.9900 dB] [ET 25.67 ] [L0 ] [L1 ]
*** TRAIL_R numBytesInNALunit: 1655142
POC  405 TId: 0 ( I-SLICE, QP 26 )   13241136 bits [Y 99.9900 dB    U 99.9900 dB    V 99.9900 dB] [ET 26.11 ] [L0 ] [L1 ]
*** TRAIL_R numBytesInNALunit: 1656500
POC  406 TId: 0 ( I-SLICE, QP 26 )   13252000 bits [Y 99.9900 dB    U 99.9900 dB    V 99.9900 dB] [ET 26.23 ] [L0 ] [L1 ]
*** TRAIL_R numBytesInNALunit: 1657753
POC  407 TId: 0 ( I-SLICE, QP 26 )   13262024 bits [Y 99.9900 dB    U 99.9900 dB    V 99.9900 dB] [ET 26.66 ] [L0 ] [L1 ]
*** TRAIL_R numBytesInNALunit: 1659173
POC  408 TId: 0 ( I-SLICE, QP 26 )   13273384 bits [Y 99.9900 dB    U 99.9900 dB    V 99.9900 dB] [ET 26.36 ] [L0 ] [L1 ]
*** TRAIL_R numBytesInNALunit: 1658441
POC  409 TId: 0 ( I-SLICE, QP 26 )   13267528 bits [Y 99.9900 dB    U 99.9900 dB    V 99.9900 dB] [ET 26.55 ] [L0 ] [L1 ]
*** TRAIL_R numBytesInNALunit: 1659123
POC  410 TId: 0 ( I-SLICE, QP 26 )   13272984 bits [Y 99.9900 dB    U 99.9900 dB    V 99.9900 dB] [ET 26.02 ] [L0 ] [L1 ]
*** TRAIL_R numBytesInNALunit: 1659946
POC  411 TId: 0 ( I-SLICE, QP 26 )   13279568 bits [Y 99.9900 dB    U 99.9900 dB    V 99.9900 dB] [ET 26.12 ] [L0 ] [L1 ]
*** TRAIL_R numBytesInNALunit: 1659415
POC  412 TId: 0 ( I-SLICE, QP 26 )   13275320 bits [Y 99.9900 dB    U 99.9900 dB    V 99.9900 dB] [ET 25.61 ] [L0 ] [L1 ]
*** TRAIL_R numBytesInNALunit: 1658954
POC  413 TId: 0 ( I-SLICE, QP 26 )   13271632 bits [Y 99.9900 dB    U 99.9900 dB    V 99.9900 dB] [ET 25.91 ] [L0 ] [L1 ]
*** TRAIL_R numBytesInNALunit: 1660537
POC  414 TId: 0 ( I-SLICE, QP 26 )   13284296 bits [Y 99.9900 dB    U 99.9900 dB    V 99.9900 dB] [ET 26.06 ] [L0 ] [L1 ]
*** TRAIL_R numBytesInNALunit: 1659056
POC  415 TId: 0 ( I-SLICE, QP 26 )   13272448 bits [Y 99.9900 dB    U 99.9900 dB    V 99.9900 dB] [ET 26.17 ] [L0 ] [L1 ]
*** TRAIL_R numBytesInNALunit: 1662593
POC  416 TId: 0 ( I-SLICE, QP 26 )   13300744 bits [Y 99.9900 dB    U 99.9900 dB    V 99.9900 dB] [ET 26.36 ] [L0 ] [L1 ]
*** TRAIL_R numBytesInNALunit: 1660590
POC  417 TId: 0 ( I-SLICE, QP 26 )   13284720 bits [Y 99.9900 dB    U 99.9900 dB    V 99.9900 dB] [ET 26.53 ] [L0 ] [L1 ]
*** TRAIL_R numBytesInNALunit: 1660696
POC  418 TId: 0 ( I-SLICE, QP 26 )   13285568 bits [Y 99.9900 dB    U 99.9900 dB    V 99.9900 dB] [ET 26.14 ] [L0 ] [L1 ]
*** TRAIL_R numBytesInNALunit: 1660002
POC  419 TId: 0 ( I-SLICE, QP 26 )   13280016 bits [Y 99.9900 dB    U 99.9900 dB    V 99.9900 dB] [ET 26.33 ] [L0 ] [L1 ]
*** TRAIL_R numBytesInNALunit: 1662520
POC  420 TId: 0 ( I-SLICE, QP 26 )   13300160 bits [Y 99.9900 dB    U 99.9900 dB    V 99.9900 dB] [ET 26.12 ] [L0 ] [L1 ]
*** TRAIL_R numBytesInNALunit: 1658924
POC  421 TId: 0 ( I-SLICE, QP 26 )   13271392 bits [Y 99.9900 dB    U 99.9900 dB    V 99.9900 dB] [ET 26.48 ] [L0 ] [L1 ]
*** TRAIL_R numBytesInNALunit: 1660324
POC  422 TId: 0 ( I-SLICE, QP 26 )   13282592 bits [Y 99.9900 dB    U 99.9900 dB    V 99.9900 dB] [ET 26.00 ] [L0 ] [L1 ]
*** TRAIL_R numBytesInNALunit: 1660391
POC  423 TId: 0 ( I-SLICE, QP 26 )   13283128 bits [Y 99.9900 dB    U 99.9900 dB    V 99.9900 dB] [ET 26.06 ] [L0 ] [L1 ]
*** TRAIL_R numBytesInNALunit: 1660488
POC  424 TId: 0 ( I-SLICE, QP 26 )   13283904 bits [Y 99.9900 dB    U 99.9900 dB    V 99.9900 dB] [ET 26.38 ] [L0 ] [L1 ]
*** TRAIL_R numBytesInNALunit: 1660195
POC  425 TId: 0 ( I-SLICE, QP 26 )   13281560 bits [Y 99.9900 dB    U 99.9900 dB    V 99.9900 dB] [ET 25.69 ] [L0 ] [L1 ]
*** TRAIL_R numBytesInNALunit: 1660980
POC  426 TId: 0 ( I-SLICE, QP 26 )   13287840 bits [Y 99.9900 dB    U 99.9900 dB    V 99.9900 dB] [ET 25.92 ] [L0 ] [L1 ]
*** TRAIL_R numBytesInNALunit: 1661024
POC  427 TId: 0 ( I-SLICE, QP 26 )   13288192 bits [Y 99.9900 dB    U 99.9900 dB    V 99.9900 dB] [ET 25.95 ] [L0 ] [L1 ]
*** TRAIL_R numBytesInNALunit: 1660417
POC  428 TId: 0 ( I-SLICE, QP 26 )   13283336 bits [Y 99.9900 dB    U 99.9900 dB    V 99.9900 dB] [ET 26.39 ] [L0 ] [L1 ]
*** TRAIL_R numBytesInNALunit: 1660182
POC  429 TId: 0 ( I-SLICE, QP 26 )   13281456 bits [Y 99.9900 dB    U 99.9900 dB    V 99.9900 dB] [ET 25.45 ] [L0 ] [L1 ]
*** TRAIL_R numBytesInNALunit: 1661208
POC  430 TId: 0 ( I-SLICE, QP 26 )   13289664 bits [Y 99.9900 dB    U 99.9900 dB    V 99.9900 dB] [ET 26.30 ] [L0 ] [L1 ]
*** TRAIL_R numBytesInNALunit: 1662279
POC  431 TId: 0 ( I-SLICE, QP 26 )   13298232 bits [Y 99.9900 dB    U 99.9900 dB    V 99.9900 dB] [ET 26.45 ] [L0 ] [L1 ]
*** TRAIL_R numBytesInNALunit: 1660486
POC  432 TId: 0 ( I-SLICE, QP 26 )   13283888 bits [Y 99.9900 dB    U 99.9900 dB    V 99.9900 dB] [ET 25.86 ] [L0 ] [L1 ]
*** TRAIL_R numBytesInNALunit: 1660448
POC  433 TId: 0 ( I-SLICE, QP 26 )   13283584 bits [Y 99.9900 dB    U 99.9900 dB    V 99.9900 dB] [ET 25.95 ] [L0 ] [L1 ]
*** TRAIL_R numBytesInNALunit: 1662259
POC  434 TId: 0 ( I-SLICE, QP 26 )   13298072 bits [Y 99.9900 dB    U 99.9900 dB    V 99.9900 dB] [ET 26.17 ] [L0 ] [L1 ]
*** TRAIL_R numBytesInNALunit: 1661545
POC  435 TId: 0 ( I-SLICE, QP 26 )   13292360 bits [Y 99.9900 dB    U 99.9900 dB    V 99.9900 dB] [ET 26.17 ] [L0 ] [L1 ]
*** TRAIL_R numBytesInNALunit: 1661967
POC  436 TId: 0 ( I-SLICE, QP 26 )   13295736 bits [Y 99.9900 dB    U 99.9900 dB    V 99.9900 dB] [ET 26.38 ] [L0 ] [L1 ]
*** TRAIL_R numBytesInNALunit: 1662370
POC  437 TId: 0 ( I-SLICE, QP 26 )   13298960 bits [Y 99.9900 dB    U 99.9900 dB    V 99.9900 dB] [ET 26.17 ] [L0 ] [L1 ]
*** TRAIL_R numBytesInNALunit: 1661983
POC  438 TId: 0 ( I-SLICE, QP 26 )   13295864 bits [Y 99.9900 dB    U 99.9900 dB    V 99.9900 dB] [ET 25.77 ] [L0 ] [L1 ]
*** TRAIL_R numBytesInNALunit: 1661282
POC  439 TId: 0 ( I-SLICE, QP 26 )   13290256 bits [Y 99.9900 dB    U 99.9900 dB    V 99.9900 dB] [ET 25.86 ] [L0 ] [L1 ]
*** TRAIL_R numBytesInNALunit: 1661027
POC  440 TId: 0 ( I-SLICE, QP 26 )   13288216 bits [Y 99.9900 dB    U 99.9900 dB    V 99.9900 dB] [ET 26.23 ] [L0 ] [L1 ]
*** TRAIL_R numBytesInNALunit: 1663071
POC  441 TId: 0 ( I-SLICE, QP 26 )   13304568 bits [Y 99.9900 dB    U 99.9900 dB    V 99.9900 dB] [ET 25.91 ] [L0 ] [L1 ]
*** TRAIL_R numBytesInNALunit: 1661610
POC  442 TId: 0 ( I-SLICE, QP 26 )   13292880 bits [Y 99.9900 dB    U 99.9900 dB    V 99.9900 dB] [ET 26.00 ] [L0 ] [L1 ]
*** TRAIL_R numBytesInNALunit: 1661332
POC  443 TId: 0 ( I-SLICE, QP 26 )   13290656 bits [Y 99.9900 dB    U 99.9900 dB    V 99.9900 dB] [ET 26.28 ] [L0 ] [L1 ]
*** TRAIL_R numBytesInNALunit: 1663327
POC  444 TId: 0 ( I-SLICE, QP 26 )   13306616 bits [Y 99.9900 dB    U 99.9900 dB    V 99.9900 dB] [ET 26.22 ] [L0 ] [L1 ]
*** TRAIL_R numBytesInNALunit: 1662588
POC  445 TId: 0 ( I-SLICE, QP 26 )   13300704 bits [Y 99.9900 dB    U 99.9900 dB    V 99.9900 dB] [ET 26.08 ] [L0 ] [L1 ]
*** TRAIL_R numBytesInNALunit: 1662658
POC  446 TId: 0 ( I-SLICE, QP 26 )   13301264 bits [Y 99.9900 dB    U 99.9900 dB    V 99.9900 dB] [ET 26.05 ] [L0 ] [L1 ]
*** TRAIL_R numBytesInNALunit: 1662920
POC  447 TId: 0 ( I-SLICE, QP 26 )   13303360 bits [Y 99.9900 dB    U 99.9900 dB    V 99.9900 dB] [ET 25.94 ] [L0 ] [L1 ]
*** TRAIL_R numBytesInNALunit: 1662169
POC  448 TId: 0 ( I-SLICE, QP 26 )   13297352 bits [Y 99.9900 dB    U 99.9900 dB    V 99.9900 dB] [ET 26.50 ] [L0 ] [L1 ]
*** TRAIL_R numBytesInNALunit: 1661552
POC  449 TId: 0 ( I-SLICE, QP 26 )   13292416 bits [Y 99.9900 dB    U 99.9900 dB    V 99.9900 dB] [ET 26.23 ] [L0 ] [L1 ]
*** TRAIL_R numBytesInNALunit: 1662455
POC  450 TId: 0 ( I-SLICE, QP 26 )   13299640 bits [Y 99.9900 dB    U 99.9900 dB    V 99.9900 dB] [ET 26.42 ] [L0 ] [L1 ]
*** TRAIL_R numBytesInNALunit: 1663516
POC  451 TId: 0 ( I-SLICE, QP 26 )   13308128 bits [Y 99.9900 dB    U 99.9900 dB    V 99.9900 dB] [ET 26.22 ] [L0 ] [L1 ]
*** TRAIL_R numBytesInNALunit: 1661708
POC  452 TId: 0 ( I-SLICE, QP 26 )   13293664 bits [Y 99.9900 dB    U 99.9900 dB    V 99.9900 dB] [ET 26.38 ] [L0 ] [L1 ]
*** TRAIL_R numBytesInNALunit: 1662282
POC  453 TId: 0 ( I-SLICE, QP 26 )   13298256 bits [Y 99.9900 dB    U 99.9900 dB    V 99.9900 dB] [ET 26.17 ] [L0 ] [L1 ]
*** TRAIL_R numBytesInNALunit: 1661590
POC  454 TId: 0 ( I-SLICE, QP 26 )   13292720 bits [Y 99.9900 dB    U 99.9900 dB    V 99.9900 dB] [ET 26.06 ] [L0 ] [L1 ]
*** TRAIL_R numBytesInNALunit: 1662591
POC  455 TId: 0 ( I-SLICE, QP 26 )   13300728 bits [Y 99.9900 dB    U 99.9900 dB    V 99.9900 dB] [ET 26.25 ] [L0 ] [L1 ]
*** TRAIL_R numBytesInNALunit: 1662349
POC  456 TId: 0 ( I-SLICE, QP 26 )   13298792 bits [Y 99.9900 dB    U 99.9900 dB    V 99.9900 dB] [ET 25.91 ] [L0 ] [L1 ]
*** TRAIL_R numBytesInNALunit: 1664959
POC  457 TId: 0 ( I-SLICE, QP 26 )   13319672 bits [Y 99.9900 dB    U 99.9900 dB    V 99.9900 dB] [ET 26.22 ] [L0 ] [L1 ]
*** TRAIL_R numBytesInNALunit: 1663287
POC  458 TId: 0 ( I-SLICE, QP 26 )   13306296 bits [Y 99.9900 dB    U 99.9900 dB    V 99.9900 dB] [ET 26.61 ] [L0 ] [L1 ]
*** TRAIL_R numBytesInNALunit: 1662612
POC  459 TId: 0 ( I-SLICE, QP 26 )   13300896 bits [Y 99.9900 dB    U 99.9900 dB    V 99.9900 dB] [ET 25.41 ] [L0 ] [L1 ]
*** TRAIL_R numBytesInNALunit: 1661293
POC  460 TId: 0 ( I-SLICE, QP 26 )   13290344 bits [Y 99.9900 dB    U 99.9900 dB    V 99.9900 dB] [ET 25.92 ] [L0 ] [L1 ]
*** TRAIL_R numBytesInNALunit: 1663466
POC  461 TId: 0 ( I-SLICE, QP 26 )   13307728 bits [Y 99.9900 dB    U 99.9900 dB    V 99.9900 dB] [ET 25.83 ] [L0 ] [L1 ]
*** TRAIL_R numBytesInNALunit: 1662324
POC  462 TId: 0 ( I-SLICE, QP 26 )   13298592 bits [Y 99.9900 dB    U 99.9900 dB    V 99.9900 dB] [ET 25.88 ] [L0 ] [L1 ]
*** TRAIL_R numBytesInNALunit: 1662396
POC  463 TId: 0 ( I-SLICE, QP 26 )   13299168 bits [Y 99.9900 dB    U 99.9900 dB    V 99.9900 dB] [ET 26.12 ] [L0 ] [L1 ]
*** TRAIL_R numBytesInNALunit: 1662754
POC  464 TId: 0 ( I-SLICE, QP 26 )   13302032 bits [Y 99.9900 dB    U 99.9900 dB    V 99.9900 dB] [ET 25.92 ] [L0 ] [L1 ]
*** TRAIL_R numBytesInNALunit: 1661930
POC  465 TId: 0 ( I-SLICE, QP 26 )   13295440 bits [Y 99.9900 dB    U 99.9900 dB    V 99.9900 dB] [ET 25.98 ] [L0 ] [L1 ]
*** TRAIL_R numBytesInNALunit: 1661870
POC  466 TId: 0 ( I-SLICE, QP 26 )   13294960 bits [Y 99.9900 dB    U 99.9900 dB    V 99.9900 dB] [ET 26.16 ] [L0 ] [L1 ]
*** TRAIL_R numBytesInNALunit: 1663660
POC  467 TId: 0 ( I-SLICE, QP 26 )   13309280 bits [Y 99.9900 dB    U 99.9900 dB    V 99.9900 dB] [ET 25.75 ] [L0 ] [L1 ]
*** TRAIL_R numBytesInNALunit: 1661336
POC  468 TId: 0 ( I-SLICE, QP 26 )   13290688 bits [Y 99.9900 dB    U 99.9900 dB    V 99.9900 dB] [ET 25.83 ] [L0 ] [L1 ]
*** TRAIL_R numBytesInNALunit: 1663163
POC  469 TId: 0 ( I-SLICE, QP 26 )   13305304 bits [Y 99.9900 dB    U 99.9900 dB    V 99.9900 dB] [ET 25.66 ] [L0 ] [L1 ]
*** TRAIL_R numBytesInNALunit: 1664421
POC  470 TId: 0 ( I-SLICE, QP 26 )   13315368 bits [Y 99.9900 dB    U 99.9900 dB    V 99.9900 dB] [ET 25.16 ] [L0 ] [L1 ]
*** TRAIL_R numBytesInNALunit: 1663068
POC  471 TId: 0 ( I-SLICE, QP 26 )   13304544 bits [Y 99.9900 dB    U 99.9900 dB    V 99.9900 dB] [ET 24.78 ] [L0 ] [L1 ]
*** TRAIL_R numBytesInNALunit: 1662913
POC  472 TId: 0 ( I-SLICE, QP 26 )   13303304 bits [Y 99.9900 dB    U 99.9900 dB    V 99.9900 dB] [ET 25.33 ] [L0 ] [L1 ]
*** TRAIL_R numBytesInNALunit: 1663783
POC  473 TId: 0 ( I-SLICE, QP 26 )   13310264 bits [Y 99.9900 dB    U 99.9900 dB    V 99.9900 dB] [ET 24.91 ] [L0 ] [L1 ]
*** TRAIL_R numBytesInNALunit: 1663236
POC  474 TId: 0 ( I-SLICE, QP 26 )   13305888 bits [Y 99.9900 dB    U 99.9900 dB    V 99.9900 dB] [ET 24.81 ] [L0 ] [L1 ]
*** TRAIL_R numBytesInNALunit: 1664106
POC  475 TId: 0 ( I-SLICE, QP 26 )   13312848 bits [Y 99.9900 dB    U 99.9900 dB    V 99.9900 dB] [ET 24.98 ] [L0 ] [L1 ]
*** TRAIL_R numBytesInNALunit: 1664531
POC  476 TId: 0 ( I-SLICE, QP 26 )   13316248 bits [Y 99.9900 dB    U 99.9900 dB    V 99.9900 dB] [ET 24.92 ] [L0 ] [L1 ]
*** TRAIL_R numBytesInNALunit: 1664336
POC  477 TId: 0 ( I-SLICE, QP 26 )   13314688 bits [Y 99.9900 dB    U 99.9900 dB    V 99.9900 dB] [ET 24.94 ] [L0 ] [L1 ]
*** TRAIL_R numBytesInNALunit: 1664158
POC  478 TId: 0 ( I-SLICE, QP 26 )   13313264 bits [Y 99.9900 dB    U 99.9900 dB    V 99.9900 dB] [ET 24.91 ] [L0 ] [L1 ]
*** TRAIL_R numBytesInNALunit: 1664233
POC  479 TId: 0 ( I-SLICE, QP 26 )   13313864 bits [Y 99.9900 dB    U 99.9900 dB    V 99.9900 dB] [ET 25.19 ] [L0 ] [L1 ]
*** TRAIL_R numBytesInNALunit: 1664477
POC  480 TId: 0 ( I-SLICE, QP 26 )   13315816 bits [Y 99.9900 dB    U 99.9900 dB    V 99.9900 dB] [ET 25.05 ] [L0 ] [L1 ]
*** TRAIL_R numBytesInNALunit: 1665112
POC  481 TId: 0 ( I-SLICE, QP 26 )   13320896 bits [Y 99.9900 dB    U 99.9900 dB    V 99.9900 dB] [ET 24.92 ] [L0 ] [L1 ]
*** TRAIL_R numBytesInNALunit: 1664565
POC  482 TId: 0 ( I-SLICE, QP 26 )   13316520 bits [Y 99.9900 dB    U 99.9900 dB    V 99.9900 dB] [ET 24.86 ] [L0 ] [L1 ]
*** TRAIL_R numBytesInNALunit: 1665527
POC  483 TId: 0 ( I-SLICE, QP 26 )   13324216 bits [Y 99.9900 dB    U 99.9900 dB    V 99.9900 dB] [ET 24.48 ] [L0 ] [L1 ]
*** TRAIL_R numBytesInNALunit: 1664350
POC  484 TId: 0 ( I-SLICE, QP 26 )   13314800 bits [Y 99.9900 dB    U 99.9900 dB    V 99.9900 dB] [ET 25.38 ] [L0 ] [L1 ]
*** TRAIL_R numBytesInNALunit: 1665164
POC  485 TId: 0 ( I-SLICE, QP 26 )   13321312 bits [Y 99.9900 dB    U 99.9900 dB    V 99.9900 dB] [ET 24.89 ] [L0 ] [L1 ]
*** TRAIL_R numBytesInNALunit: 1664714
POC  486 TId: 0 ( I-SLICE, QP 26 )   13317712 bits [Y 99.9900 dB    U 99.9900 dB    V 99.9900 dB] [ET 24.83 ] [L0 ] [L1 ]
*** TRAIL_R numBytesInNALunit: 1664505
POC  487 TId: 0 ( I-SLICE, QP 26 )   13316040 bits [Y 99.9900 dB    U 99.9900 dB    V 99.9900 dB] [ET 24.78 ] [L0 ] [L1 ]
*** TRAIL_R numBytesInNALunit: 1667301
POC  488 TId: 0 ( I-SLICE, QP 26 )   13338408 bits [Y 99.9900 dB    U 99.9900 dB    V 99.9900 dB] [ET 24.89 ] [L0 ] [L1 ]
*** TRAIL_R numBytesInNALunit: 1665443
POC  489 TId: 0 ( I-SLICE, QP 26 )   13323544 bits [Y 99.9900 dB    U 99.9900 dB    V 99.9900 dB] [ET 24.58 ] [L0 ] [L1 ]
*** TRAIL_R numBytesInNALunit: 1666367
POC  490 TId: 0 ( I-SLICE, QP 26 )   13330936 bits [Y 99.9900 dB    U 99.9900 dB    V 99.9900 dB] [ET 25.02 ] [L0 ] [L1 ]
*** TRAIL_R numBytesInNALunit: 1664925
POC  491 TId: 0 ( I-SLICE, QP 26 )   13319400 bits [Y 99.9900 dB    U 99.9900 dB    V 99.9900 dB] [ET 25.12 ] [L0 ] [L1 ]
*** TRAIL_R numBytesInNALunit: 1666207
POC  492 TId: 0 ( I-SLICE, QP 26 )   13329656 bits [Y 99.9900 dB    U 99.9900 dB    V 99.9900 dB] [ET 25.03 ] [L0 ] [L1 ]
*** TRAIL_R numBytesInNALunit: 1665615
POC  493 TId: 0 ( I-SLICE, QP 26 )   13324920 bits [Y 99.9900 dB    U 99.9900 dB    V 99.9900 dB] [ET 25.03 ] [L0 ] [L1 ]
*** TRAIL_R numBytesInNALunit: 1665919
POC  494 TId: 0 ( I-SLICE, QP 26 )   13327352 bits [Y 99.9900 dB    U 99.9900 dB    V 99.9900 dB] [ET 24.92 ] [L0 ] [L1 ]
*** TRAIL_R numBytesInNALunit: 1665796
POC  495 TId: 0 ( I-SLICE, QP 26 )   13326368 bits [Y 99.9900 dB    U 99.9900 dB    V 99.9900 dB] [ET 25.41 ] [L0 ] [L1 ]
*** TRAIL_R numBytesInNALunit: 1664793
POC  496 TId: 0 ( I-SLICE, QP 26 )   13318344 bits [Y 99.9900 dB    U 99.9900 dB    V 99.9900 dB] [ET 25.20 ] [L0 ] [L1 ]
*** TRAIL_R numBytesInNALunit: 1664484
POC  497 TId: 0 ( I-SLICE, QP 26 )   13315872 bits [Y 99.9900 dB    U 99.9900 dB    V 99.9900 dB] [ET 25.30 ] [L0 ] [L1 ]
*** TRAIL_R numBytesInNALunit: 1665858
POC  498 TId: 0 ( I-SLICE, QP 26 )   13326864 bits [Y 99.9900 dB    U 99.9900 dB    V 99.9900 dB] [ET 24.80 ] [L0 ] [L1 ]
*** TRAIL_R numBytesInNALunit: 1664454
POC  499 TId: 0 ( I-SLICE, QP 26 )   13315632 bits [Y 99.9900 dB    U 99.9900 dB    V 99.9900 dB] [ET 25.05 ] [L0 ] [L1 ]
*** TRAIL_R numBytesInNALunit: 1664574
POC  500 TId: 0 ( I-SLICE, QP 26 )   13316592 bits [Y 99.9900 dB    U 99.9900 dB    V 99.9900 dB] [ET 24.61 ] [L0 ] [L1 ]
*** TRAIL_R numBytesInNALunit: 1664835
POC  501 TId: 0 ( I-SLICE, QP 26 )   13318680 bits [Y 99.9900 dB    U 99.9900 dB    V 99.9900 dB] [ET 24.92 ] [L0 ] [L1 ]
*** TRAIL_R numBytesInNALunit: 1664910
POC  502 TId: 0 ( I-SLICE, QP 26 )   13319280 bits [Y 99.9900 dB    U 99.9900 dB    V 99.9900 dB] [ET 24.94 ] [L0 ] [L1 ]
*** TRAIL_R numBytesInNALunit: 1666408
POC  503 TId: 0 ( I-SLICE, QP 26 )   13331264 bits [Y 99.9900 dB    U 99.9900 dB    V 99.9900 dB] [ET 24.61 ] [L0 ] [L1 ]
*** TRAIL_R numBytesInNALunit: 1665409
POC  504 TId: 0 ( I-SLICE, QP 26 )   13323272 bits [Y 99.9900 dB    U 99.9900 dB    V 99.9900 dB] [ET 24.84 ] [L0 ] [L1 ]
*** TRAIL_R numBytesInNALunit: 1666904
POC  505 TId: 0 ( I-SLICE, QP 26 )   13335232 bits [Y 99.9900 dB    U 99.9900 dB    V 99.9900 dB] [ET 24.88 ] [L0 ] [L1 ]
*** TRAIL_R numBytesInNALunit: 1665962
POC  506 TId: 0 ( I-SLICE, QP 26 )   13327696 bits [Y 99.9900 dB    U 99.9900 dB    V 99.9900 dB] [ET 24.97 ] [L0 ] [L1 ]
*** TRAIL_R numBytesInNALunit: 1665693
POC  507 TId: 0 ( I-SLICE, QP 26 )   13325544 bits [Y 99.9900 dB    U 99.9900 dB    V 99.9900 dB] [ET 24.50 ] [L0 ] [L1 ]
*** TRAIL_R numBytesInNALunit: 1665513
POC  508 TId: 0 ( I-SLICE, QP 26 )   13324104 bits [Y 99.9900 dB    U 99.9900 dB    V 99.9900 dB] [ET 24.69 ] [L0 ] [L1 ]
*** TRAIL_R numBytesInNALunit: 1665596
POC  509 TId: 0 ( I-SLICE, QP 26 )   13324768 bits [Y 99.9900 dB    U 99.9900 dB    V 99.9900 dB] [ET 24.75 ] [L0 ] [L1 ]
*** TRAIL_R numBytesInNALunit: 1666336
POC  510 TId: 0 ( I-SLICE, QP 26 )   13330688 bits [Y 99.9900 dB    U 99.9900 dB    V 99.9900 dB] [ET 24.55 ] [L0 ] [L1 ]
*** TRAIL_R numBytesInNALunit: 1665891
POC  511 TId: 0 ( I-SLICE, QP 26 )   13327128 bits [Y 99.9900 dB    U 99.9900 dB    V 99.9900 dB] [ET 24.92 ] [L0 ] [L1 ]
*** TRAIL_R numBytesInNALunit: 1665033
POC  512 TId: 0 ( I-SLICE, QP 26 )   13320264 bits [Y 99.9900 dB    U 99.9900 dB    V 99.9900 dB] [ET 24.56 ] [L0 ] [L1 ]
*** TRAIL_R numBytesInNALunit: 1664287
POC  513 TId: 0 ( I-SLICE, QP 26 )   13314296 bits [Y 99.9900 dB    U 99.9900 dB    V 99.9900 dB] [ET 24.62 ] [L0 ] [L1 ]
*** TRAIL_R numBytesInNALunit: 1666067
POC  514 TId: 0 ( I-SLICE, QP 26 )   13328536 bits [Y 99.9900 dB    U 99.9900 dB    V 99.9900 dB] [ET 24.59 ] [L0 ] [L1 ]
*** TRAIL_R numBytesInNALunit: 1665460
POC  515 TId: 0 ( I-SLICE, QP 26 )   13323680 bits [Y 99.9900 dB    U 99.9900 dB    V 99.9900 dB] [ET 25.14 ] [L0 ] [L1 ]
*** TRAIL_R numBytesInNALunit: 1664907
POC  516 TId: 0 ( I-SLICE, QP 26 )   13319256 bits [Y 99.9900 dB    U 99.9900 dB    V 99.9900 dB] [ET 25.22 ] [L0 ] [L1 ]
*** TRAIL_R numBytesInNALunit: 1662582
POC  517 TId: 0 ( I-SLICE, QP 26 )   13300656 bits [Y 99.9900 dB    U 99.9900 dB    V 99.9900 dB] [ET 24.97 ] [L0 ] [L1 ]
*** TRAIL_R numBytesInNALunit: 1665969
POC  518 TId: 0 ( I-SLICE, QP 26 )   13327752 bits [Y 99.9900 dB    U 99.9900 dB    V 99.9900 dB] [ET 24.58 ] [L0 ] [L1 ]
*** TRAIL_R numBytesInNALunit: 1662526
POC  519 TId: 0 ( I-SLICE, QP 26 )   13300208 bits [Y 99.9900 dB    U 99.9900 dB    V 99.9900 dB] [ET 24.78 ] [L0 ] [L1 ]
*** TRAIL_R numBytesInNALunit: 1662959
POC  520 TId: 0 ( I-SLICE, QP 26 )   13303672 bits [Y 99.9900 dB    U 99.9900 dB    V 99.9900 dB] [ET 25.20 ] [L0 ] [L1 ]
*** TRAIL_R numBytesInNALunit: 1663929
POC  521 TId: 0 ( I-SLICE, QP 26 )   13311432 bits [Y 99.9900 dB    U 99.9900 dB    V 99.9900 dB] [ET 24.72 ] [L0 ] [L1 ]
*** TRAIL_R numBytesInNALunit: 1662653
POC  522 TId: 0 ( I-SLICE, QP 26 )   13301224 bits [Y 99.9900 dB    U 99.9900 dB    V 99.9900 dB] [ET 24.09 ] [L0 ] [L1 ]
*** TRAIL_R numBytesInNALunit: 1662631
POC  523 TId: 0 ( I-SLICE, QP 26 )   13301048 bits [Y 99.9900 dB    U 99.9900 dB    V 99.9900 dB] [ET 24.75 ] [L0 ] [L1 ]
*** TRAIL_R numBytesInNALunit: 1662101
POC  524 TId: 0 ( I-SLICE, QP 26 )   13296808 bits [Y 99.9900 dB    U 99.9900 dB    V 99.9900 dB] [ET 24.41 ] [L0 ] [L1 ]
*** TRAIL_R numBytesInNALunit: 1662165
POC  525 TId: 0 ( I-SLICE, QP 26 )   13297320 bits [Y 99.9900 dB    U 99.9900 dB    V 99.9900 dB] [ET 24.62 ] [L0 ] [L1 ]
*** TRAIL_R numBytesInNALunit: 1662643
POC  526 TId: 0 ( I-SLICE, QP 26 )   13301144 bits [Y 99.9900 dB    U 99.9900 dB    V 99.9900 dB] [ET 24.66 ] [L0 ] [L1 ]
*** TRAIL_R numBytesInNALunit: 1661801
POC  527 TId: 0 ( I-SLICE, QP 26 )   13294408 bits [Y 99.9900 dB    U 99.9900 dB    V 99.9900 dB] [ET 24.45 ] [L0 ] [L1 ]
*** TRAIL_R numBytesInNALunit: 1662358
POC  528 TId: 0 ( I-SLICE, QP 26 )   13298864 bits [Y 99.9900 dB    U 99.9900 dB    V 99.9900 dB] [ET 24.72 ] [L0 ] [L1 ]
*** TRAIL_R numBytesInNALunit: 1662100
POC  529 TId: 0 ( I-SLICE, QP 26 )   13296800 bits [Y 99.9900 dB    U 99.9900 dB    V 99.9900 dB] [ET 24.70 ] [L0 ] [L1 ]
*** TRAIL_R numBytesInNALunit: 1662629
POC  530 TId: 0 ( I-SLICE, QP 26 )   13301032 bits [Y 99.9900 dB    U 99.9900 dB    V 99.9900 dB] [ET 24.95 ] [L0 ] [L1 ]
*** TRAIL_R numBytesInNALunit: 1661219
POC  531 TId: 0 ( I-SLICE, QP 26 )   13289752 bits [Y 99.9900 dB    U 99.9900 dB    V 99.9900 dB] [ET 24.94 ] [L0 ] [L1 ]
*** TRAIL_R numBytesInNALunit: 1663056
POC  532 TId: 0 ( I-SLICE, QP 26 )   13304448 bits [Y 99.9900 dB    U 99.9900 dB    V 99.9900 dB] [ET 25.02 ] [L0 ] [L1 ]
*** TRAIL_R numBytesInNALunit: 1661197
POC  533 TId: 0 ( I-SLICE, QP 26 )   13289576 bits [Y 99.9900 dB    U 99.9900 dB    V 99.9900 dB] [ET 24.94 ] [L0 ] [L1 ]
*** TRAIL_R numBytesInNALunit: 1664228
POC  534 TId: 0 ( I-SLICE, QP 26 )   13313824 bits [Y 99.9900 dB    U 99.9900 dB    V 99.9900 dB] [ET 25.09 ] [L0 ] [L1 ]
*** TRAIL_R numBytesInNALunit: 1663226
POC  535 TId: 0 ( I-SLICE, QP 26 )   13305808 bits [Y 99.9900 dB    U 99.9900 dB    V 99.9900 dB] [ET 24.81 ] [L0 ] [L1 ]
*** TRAIL_R numBytesInNALunit: 1663207
POC  536 TId: 0 ( I-SLICE, QP 26 )   13305656 bits [Y 99.9900 dB    U 99.9900 dB    V 99.9900 dB] [ET 24.98 ] [L0 ] [L1 ]
*** TRAIL_R numBytesInNALunit: 1662719
POC  537 TId: 0 ( I-SLICE, QP 26 )   13301752 bits [Y 99.9900 dB    U 99.9900 dB    V 99.9900 dB] [ET 24.77 ] [L0 ] [L1 ]
*** TRAIL_R numBytesInNALunit: 1662047
POC  538 TId: 0 ( I-SLICE, QP 26 )   13296376 bits [Y 99.9900 dB    U 99.9900 dB    V 99.9900 dB] [ET 25.05 ] [L0 ] [L1 ]
*** TRAIL_R numBytesInNALunit: 1664125
POC  539 TId: 0 ( I-SLICE, QP 26 )   13313000 bits [Y 99.9900 dB    U 99.9900 dB    V 99.9900 dB] [ET 24.91 ] [L0 ] [L1 ]
*** TRAIL_R numBytesInNALunit: 1662888
POC  540 TId: 0 ( I-SLICE, QP 26 )   13303104 bits [Y 99.9900 dB    U 99.9900 dB    V 99.9900 dB] [ET 24.73 ] [L0 ] [L1 ]
*** TRAIL_R numBytesInNALunit: 1664602
POC  541 TId: 0 ( I-SLICE, QP 26 )   13316816 bits [Y 99.9900 dB    U 99.9900 dB    V 99.9900 dB] [ET 24.70 ] [L0 ] [L1 ]
*** TRAIL_R numBytesInNALunit: 1662050
POC  542 TId: 0 ( I-SLICE, QP 26 )   13296400 bits [Y 99.9900 dB    U 99.9900 dB    V 99.9900 dB] [ET 24.95 ] [L0 ] [L1 ]
*** TRAIL_R numBytesInNALunit: 1662098
POC  543 TId: 0 ( I-SLICE, QP 26 )   13296784 bits [Y 99.9900 dB    U 99.9900 dB    V 99.9900 dB] [ET 25.00 ] [L0 ] [L1 ]
*** TRAIL_R numBytesInNALunit: 1661540
POC  544 TId: 0 ( I-SLICE, QP 26 )   13292320 bits [Y 99.9900 dB    U 99.9900 dB    V 99.9900 dB] [ET 25.09 ] [L0 ] [L1 ]
*** TRAIL_R numBytesInNALunit: 1665325
POC  545 TId: 0 ( I-SLICE, QP 26 )   13322600 bits [Y 99.9900 dB    U 99.9900 dB    V 99.9900 dB] [ET 24.80 ] [L0 ] [L1 ]
*** TRAIL_R numBytesInNALunit: 1660970
POC  546 TId: 0 ( I-SLICE, QP 26 )   13287760 bits [Y 99.9900 dB    U 99.9900 dB    V 99.9900 dB] [ET 24.58 ] [L0 ] [L1 ]
*** TRAIL_R numBytesInNALunit: 1662767
POC  547 TId: 0 ( I-SLICE, QP 26 )   13302136 bits [Y 99.9900 dB    U 99.9900 dB    V 99.9900 dB] [ET 24.34 ] [L0 ] [L1 ]
*** TRAIL_R numBytesInNALunit: 1663643
POC  548 TId: 0 ( I-SLICE, QP 26 )   13309144 bits [Y 99.9900 dB    U 99.9900 dB    V 99.9900 dB] [ET 24.59 ] [L0 ] [L1 ]
*** TRAIL_R numBytesInNALunit: 1663118
POC  549 TId: 0 ( I-SLICE, QP 26 )   13304944 bits [Y 99.9900 dB    U 99.9900 dB    V 99.9900 dB] [ET 24.66 ] [L0 ] [L1 ]
*** TRAIL_R numBytesInNALunit: 1664483
POC  550 TId: 0 ( I-SLICE, QP 26 )   13315864 bits [Y 99.9900 dB    U 99.9900 dB    V 99.9900 dB] [ET 24.56 ] [L0 ] [L1 ]
*** TRAIL_R numBytesInNALunit: 1664436
POC  551 TId: 0 ( I-SLICE, QP 26 )   13315488 bits [Y 99.9900 dB    U 99.9900 dB    V 99.9900 dB] [ET 24.97 ] [L0 ] [L1 ]
*** TRAIL_R numBytesInNALunit: 1664089
POC  552 TId: 0 ( I-SLICE, QP 26 )   13312712 bits [Y 99.9900 dB    U 99.9900 dB    V 99.9900 dB] [ET 24.47 ] [L0 ] [L1 ]
*** TRAIL_R numBytesInNALunit: 1662893
POC  553 TId: 0 ( I-SLICE, QP 26 )   13303144 bits [Y 99.9900 dB    U 99.9900 dB    V 99.9900 dB] [ET 24.61 ] [L0 ] [L1 ]
*** TRAIL_R numBytesInNALunit: 1662691
POC  554 TId: 0 ( I-SLICE, QP 26 )   13301528 bits [Y 99.9900 dB    U 99.9900 dB    V 99.9900 dB] [ET 24.88 ] [L0 ] [L1 ]
*** TRAIL_R numBytesInNALunit: 1665433
POC  555 TId: 0 ( I-SLICE, QP 26 )   13323464 bits [Y 99.9900 dB    U 99.9900 dB    V 99.9900 dB] [ET 24.39 ] [L0 ] [L1 ]
*** TRAIL_R numBytesInNALunit: 1662091
POC  556 TId: 0 ( I-SLICE, QP 26 )   13296728 bits [Y 99.9900 dB    U 99.9900 dB    V 99.9900 dB] [ET 24.83 ] [L0 ] [L1 ]
*** TRAIL_R numBytesInNALunit: 1663069
POC  557 TId: 0 ( I-SLICE, QP 26 )   13304552 bits [Y 99.9900 dB    U 99.9900 dB    V 99.9900 dB] [ET 24.53 ] [L0 ] [L1 ]
*** TRAIL_R numBytesInNALunit: 1664149
POC  558 TId: 0 ( I-SLICE, QP 26 )   13313192 bits [Y 99.9900 dB    U 99.9900 dB    V 99.9900 dB] [ET 24.25 ] [L0 ] [L1 ]
*** TRAIL_R numBytesInNALunit: 1663437
POC  559 TId: 0 ( I-SLICE, QP 26 )   13307496 bits [Y 99.9900 dB    U 99.9900 dB    V 99.9900 dB] [ET 24.72 ] [L0 ] [L1 ]
*** TRAIL_R numBytesInNALunit: 1663633
POC  560 TId: 0 ( I-SLICE, QP 26 )   13309064 bits [Y 99.9900 dB    U 99.9900 dB    V 99.9900 dB] [ET 24.45 ] [L0 ] [L1 ]
*** TRAIL_R numBytesInNALunit: 1663276
POC  561 TId: 0 ( I-SLICE, QP 26 )   13306208 bits [Y 99.9900 dB    U 99.9900 dB    V 99.9900 dB] [ET 24.53 ] [L0 ] [L1 ]
*** TRAIL_R numBytesInNALunit: 1665706
POC  562 TId: 0 ( I-SLICE, QP 26 )   13325648 bits [Y 99.9900 dB    U 99.9900 dB    V 99.9900 dB] [ET 24.41 ] [L0 ] [L1 ]
*** TRAIL_R numBytesInNALunit: 1663190
POC  563 TId: 0 ( I-SLICE, QP 26 )   13305520 bits [Y 99.9900 dB    U 99.9900 dB    V 99.9900 dB] [ET 24.09 ] [L0 ] [L1 ]
*** TRAIL_R numBytesInNALunit: 1663576
POC  564 TId: 0 ( I-SLICE, QP 26 )   13308608 bits [Y 99.9900 dB    U 99.9900 dB    V 99.9900 dB] [ET 24.61 ] [L0 ] [L1 ]
*** TRAIL_R numBytesInNALunit: 1664317
POC  565 TId: 0 ( I-SLICE, QP 26 )   13314536 bits [Y 99.9900 dB    U 99.9900 dB    V 99.9900 dB] [ET 24.39 ] [L0 ] [L1 ]
*** TRAIL_R numBytesInNALunit: 1664602
POC  566 TId: 0 ( I-SLICE, QP 26 )   13316816 bits [Y 99.9900 dB    U 99.9900 dB    V 99.9900 dB] [ET 24.61 ] [L0 ] [L1 ]
*** TRAIL_R numBytesInNALunit: 1663309
POC  567 TId: 0 ( I-SLICE, QP 26 )   13306472 bits [Y 99.9900 dB    U 99.9900 dB    V 99.9900 dB] [ET 24.56 ] [L0 ] [L1 ]
*** TRAIL_R numBytesInNALunit: 1663844
POC  568 TId: 0 ( I-SLICE, QP 26 )   13310752 bits [Y 99.9900 dB    U 99.9900 dB    V 99.9900 dB] [ET 24.86 ] [L0 ] [L1 ]
*** TRAIL_R numBytesInNALunit: 1663154
POC  569 TId: 0 ( I-SLICE, QP 26 )   13305232 bits [Y 99.9900 dB    U 99.9900 dB    V 99.9900 dB] [ET 24.31 ] [L0 ] [L1 ]
*** TRAIL_R numBytesInNALunit: 1665244
POC  570 TId: 0 ( I-SLICE, QP 26 )   13321952 bits [Y 99.9900 dB    U 99.9900 dB    V 99.9900 dB] [ET 24.41 ] [L0 ] [L1 ]
*** TRAIL_R numBytesInNALunit: 1663998
POC  571 TId: 0 ( I-SLICE, QP 26 )   13311984 bits [Y 99.9900 dB    U 99.9900 dB    V 99.9900 dB] [ET 24.50 ] [L0 ] [L1 ]
*** TRAIL_R numBytesInNALunit: 1663389
POC  572 TId: 0 ( I-SLICE, QP 26 )   13307112 bits [Y 99.9900 dB    U 99.9900 dB    V 99.9900 dB] [ET 24.42 ] [L0 ] [L1 ]
*** TRAIL_R numBytesInNALunit: 1664696
POC  573 TId: 0 ( I-SLICE, QP 26 )   13317568 bits [Y 99.9900 dB    U 99.9900 dB    V 99.9900 dB] [ET 24.31 ] [L0 ] [L1 ]
*** TRAIL_R numBytesInNALunit: 1663863
POC  574 TId: 0 ( I-SLICE, QP 26 )   13310904 bits [Y 99.9900 dB    U 99.9900 dB    V 99.9900 dB] [ET 30.48 ] [L0 ] [L1 ]
*** TRAIL_R numBytesInNALunit: 1663837
POC  575 TId: 0 ( I-SLICE, QP 26 )   13310696 bits [Y 99.9900 dB    U 99.9900 dB    V 99.9900 dB] [ET 58.56 ] [L0 ] [L1 ]
*** TRAIL_R numBytesInNALunit: 1665325
POC  576 TId: 0 ( I-SLICE, QP 26 )   13322600 bits [Y 99.9900 dB    U 99.9900 dB    V 99.9900 dB] [ET 58.48 ] [L0 ] [L1 ]
*** TRAIL_R numBytesInNALunit: 1663643
POC  577 TId: 0 ( I-SLICE, QP 26 )   13309144 bits [Y 99.9900 dB    U 99.9900 dB    V 99.9900 dB] [ET 58.39 ] [L0 ] [L1 ]
*** TRAIL_R numBytesInNALunit: 1664571
POC  578 TId: 0 ( I-SLICE, QP 26 )   13316568 bits [Y 99.9900 dB    U 99.9900 dB    V 99.9900 dB] [ET 58.55 ] [L0 ] [L1 ]
*** TRAIL_R numBytesInNALunit: 1664332
POC  579 TId: 0 ( I-SLICE, QP 26 )   13314656 bits [Y 99.9900 dB    U 99.9900 dB    V 99.9900 dB] [ET 58.67 ] [L0 ] [L1 ]
*** TRAIL_R numBytesInNALunit: 1664232
POC  580 TId: 0 ( I-SLICE, QP 26 )   13313856 bits [Y 99.9900 dB    U 99.9900 dB    V 99.9900 dB] [ET 57.86 ] [L0 ] [L1 ]
*** TRAIL_R numBytesInNALunit: 1662405
POC  581 TId: 0 ( I-SLICE, QP 26 )   13299240 bits [Y 99.9900 dB    U 99.9900 dB    V 99.9900 dB] [ET 58.00 ] [L0 ] [L1 ]
*** TRAIL_R numBytesInNALunit: 1663930
POC  582 TId: 0 ( I-SLICE, QP 26 )   13311440 bits [Y 99.9900 dB    U 99.9900 dB    V 99.9900 dB] [ET 58.36 ] [L0 ] [L1 ]
*** TRAIL_R numBytesInNALunit: 1665136
POC  583 TId: 0 ( I-SLICE, QP 26 )   13321088 bits [Y 99.9900 dB    U 99.9900 dB    V 99.9900 dB] [ET 58.33 ] [L0 ] [L1 ]
*** TRAIL_R numBytesInNALunit: 1663986
POC  584 TId: 0 ( I-SLICE, QP 26 )   13311888 bits [Y 99.9900 dB    U 99.9900 dB    V 99.9900 dB] [ET 58.45 ] [L0 ] [L1 ]
*** TRAIL_R numBytesInNALunit: 1662060
POC  585 TId: 0 ( I-SLICE, QP 26 )   13296480 bits [Y 99.9900 dB    U 99.9900 dB    V 99.9900 dB] [ET 57.88 ] [L0 ] [L1 ]
*** TRAIL_R numBytesInNALunit: 1663308
POC  586 TId: 0 ( I-SLICE, QP 26 )   13306464 bits [Y 99.9900 dB    U 99.9900 dB    V 99.9900 dB] [ET 23.55 ] [L0 ] [L1 ]
*** TRAIL_R numBytesInNALunit: 1663981
POC  587 TId: 0 ( I-SLICE, QP 26 )   13311848 bits [Y 99.9900 dB    U 99.9900 dB    V 99.9900 dB] [ET 21.62 ] [L0 ] [L1 ]
*** TRAIL_R numBytesInNALunit: 1663471
POC  588 TId: 0 ( I-SLICE, QP 26 )   13307768 bits [Y 99.9900 dB    U 99.9900 dB    V 99.9900 dB] [ET 21.39 ] [L0 ] [L1 ]
*** TRAIL_R numBytesInNALunit: 1663097
POC  589 TId: 0 ( I-SLICE, QP 26 )   13304776 bits [Y 99.9900 dB    U 99.9900 dB    V 99.9900 dB] [ET 21.59 ] [L0 ] [L1 ]
*** TRAIL_R numBytesInNALunit: 1663918
POC  590 TId: 0 ( I-SLICE, QP 26 )   13311344 bits [Y 99.9900 dB    U 99.9900 dB    V 99.9900 dB] [ET 21.81 ] [L0 ] [L1 ]
*** TRAIL_R numBytesInNALunit: 1664294
POC  591 TId: 0 ( I-SLICE, QP 26 )   13314352 bits [Y 99.9900 dB    U 99.9900 dB    V 99.9900 dB] [ET 21.39 ] [L0 ] [L1 ]
*** TRAIL_R numBytesInNALunit: 1662715
POC  592 TId: 0 ( I-SLICE, QP 26 )   13301720 bits [Y 99.9900 dB    U 99.9900 dB    V 99.9900 dB] [ET 21.44 ] [L0 ] [L1 ]
*** TRAIL_R numBytesInNALunit: 1664589
POC  593 TId: 0 ( I-SLICE, QP 26 )   13316712 bits [Y 99.9900 dB    U 99.9900 dB    V 99.9900 dB] [ET 21.47 ] [L0 ] [L1 ]
*** TRAIL_R numBytesInNALunit: 1664105
POC  594 TId: 0 ( I-SLICE, QP 26 )   13312840 bits [Y 99.9900 dB    U 99.9900 dB    V 99.9900 dB] [ET 21.38 ] [L0 ] [L1 ]
*** TRAIL_R numBytesInNALunit: 1664379
POC  595 TId: 0 ( I-SLICE, QP 26 )   13315032 bits [Y 99.9900 dB    U 99.9900 dB    V 99.9900 dB] [ET 21.42 ] [L0 ] [L1 ]
*** TRAIL_R numBytesInNALunit: 1665604
POC  596 TId: 0 ( I-SLICE, QP 26 )   13324832 bits [Y 99.9900 dB    U 99.9900 dB    V 99.9900 dB] [ET 21.42 ] [L0 ] [L1 ]
*** TRAIL_R numBytesInNALunit: 1663246
POC  597 TId: 0 ( I-SLICE, QP 26 )   13305968 bits [Y 99.9900 dB    U 99.9900 dB    V 99.9900 dB] [ET 21.77 ] [L0 ] [L1 ]
*** TRAIL_R numBytesInNALunit: 1662975
POC  598 TId: 0 ( I-SLICE, QP 26 )   13303800 bits [Y 99.9900 dB    U 99.9900 dB    V 99.9900 dB] [ET 22.05 ] [L0 ] [L1 ]
*** TRAIL_R numBytesInNALunit: 1665258
POC  599 TId: 0 ( I-SLICE, QP 26 )   13322064 bits [Y 99.9900 dB    U 99.9900 dB    V 99.9900 dB] [ET 21.55 ] [L0 ] [L1 ]


I Slices--------------------------------------------------------
	Total Frames |  Bitrate    Y-PSNR    U-PSNR    V-PSNR 
	      600    i 754310.7016   99.9900   99.9900   99.9900
Bytes written to file: 942890788 (754312.630 kbps)
Bytes for SPS/PPS/Slice (Incl. Annex B): 942890788 (754312.630 kbps)

 Total Time:    16272.562 sec.
