
HM software: Encoder Version [15.0][Linux][GCC 4.8.5][64 bit] 

Input          File          : ../../HEVC_test_sequence/ClassF/ChinaSpeed_1024x768_30.yuv
Bitstream      File          : ChinaSpeed.bin
Reconstruction File          : ChinaSpeed.yuv
Real     Format              : 1024x768 30Hz
Internal Format              : 1024x768 30Hz
Frame/Field                  : Frame based coding
Frame index                  : 0 - 499 (500 frames)
CU size / depth              : 32 / 3
RQT trans. size (min / max)  : 4 / 32
Max RQT depth inter          : 3
Max RQT depth intra          : 1
Min PCM size                 : 8
Motion search range          : 64
Intra period                 : 1
Decoding refresh type        : 0
QP                           : 26.00
Max dQP signaling depth      : 0
Cb QP Offset                 : 0
Cr QP Offset                 : 0
QP adaptation                : 0 (range=0)
GOP size                     : 1
Internal bit depth           : (Y:8, C:8)
PCM sample bit depth         : (Y:8, C:8)
RateControl                  : 0
Max Num Merge Candidates     : 5

TOOL CFG: IBD:0 HAD:0 RDQ:0 RDQTS:0 RDpenalty:0 SQP:0 ASR:0 FEN:0 ECU:0 FDM:0 CFM:0 ESD:0 RQT:1 TransformSkip:0 TransformSkipFast:0 Slice: M=0 SliceSegment: M=0 CIP:0 SAO:0 PCM:0 TransQuantBypassEnabled: =1 WPP:0 WPB:0 PME:2  WaveFrontSynchro:0 WaveFrontSubstreams:1 ScalingList:0 TMVPMode:1  SignBitHidingFlag:1 RecalQP:0

***    VPS numBytesInNALunit: 24
***    SPS numBytesInNALunit: 31
***    PPS numBytesInNALunit: 7
*** IDR_W_RADL numBytesInNALunit: 310314
POC    0 TId: 0 ( I-SLICE, QP 26 )    2483008 bits [Y 99.9900 dB    U 99.9900 dB    V 99.9900 dB] [ET 11.55 ] [L0 ] [L1 ]
*** TRAIL_R numBytesInNALunit: 312198
POC    1 TId: 0 ( I-SLICE, QP 26 )    2497584 bits [Y 99.9900 dB    U 99.9900 dB    V 99.9900 dB] [ET 12.03 ] [L0 ] [L1 ]
*** TRAIL_R numBytesInNALunit: 312699
POC    2 TId: 0 ( I-SLICE, QP 26 )    2501592 bits [Y 99.9900 dB    U 99.9900 dB    V 99.9900 dB] [ET 12.12 ] [L0 ] [L1 ]
*** TRAIL_R numBytesInNALunit: 315240
POC    3 TId: 0 ( I-SLICE, QP 26 )    2521920 bits [Y 99.9900 dB    U 99.9900 dB    V 99.9900 dB] [ET 12.19 ] [L0 ] [L1 ]
*** TRAIL_R numBytesInNALunit: 318235
POC    4 TId: 0 ( I-SLICE, QP 26 )    2545880 bits [Y 99.9900 dB    U 99.9900 dB    V 99.9900 dB] [ET 12.23 ] [L0 ] [L1 ]
*** TRAIL_R numBytesInNALunit: 319219
POC    5 TId: 0 ( I-SLICE, QP 26 )    2553752 bits [Y 99.9900 dB    U 99.9900 dB    V 99.9900 dB] [ET 12.22 ] [L0 ] [L1 ]
*** TRAIL_R numBytesInNALunit: 320314
POC    6 TId: 0 ( I-SLICE, QP 26 )    2562512 bits [Y 99.9900 dB    U 99.9900 dB    V 99.9900 dB] [ET 12.20 ] [L0 ] [L1 ]
*** TRAIL_R numBytesInNALunit: 319812
POC    7 TId: 0 ( I-SLICE, QP 26 )    2558496 bits [Y 99.9900 dB    U 99.9900 dB    V 99.9900 dB] [ET 12.27 ] [L0 ] [L1 ]
*** TRAIL_R numBytesInNALunit: 320855
POC    8 TId: 0 ( I-SLICE, QP 26 )    2566840 bits [Y 99.9900 dB    U 99.9900 dB    V 99.9900 dB] [ET 12.17 ] [L0 ] [L1 ]
*** TRAIL_R numBytesInNALunit: 319517
POC    9 TId: 0 ( I-SLICE, QP 26 )    2556136 bits [Y 99.9900 dB    U 99.9900 dB    V 99.9900 dB] [ET 12.17 ] [L0 ] [L1 ]
*** TRAIL_R numBytesInNALunit: 315445
POC   10 TId: 0 ( I-SLICE, QP 26 )    2523560 bits [Y 99.9900 dB    U 99.9900 dB    V 99.9900 dB] [ET 12.16 ] [L0 ] [L1 ]
*** TRAIL_R numBytesInNALunit: 313053
POC   11 TId: 0 ( I-SLICE, QP 26 )    2504424 bits [Y 99.9900 dB    U 99.9900 dB    V 99.9900 dB] [ET 12.16 ] [L0 ] [L1 ]
*** TRAIL_R numBytesInNALunit: 310017
POC   12 TId: 0 ( I-SLICE, QP 26 )    2480136 bits [Y 99.9900 dB    U 99.9900 dB    V 99.9900 dB] [ET 12.28 ] [L0 ] [L1 ]
*** TRAIL_R numBytesInNALunit: 310683
POC   13 TId: 0 ( I-SLICE, QP 26 )    2485464 bits [Y 99.9900 dB    U 99.9900 dB    V 99.9900 dB] [ET 12.19 ] [L0 ] [L1 ]
*** TRAIL_R numBytesInNALunit: 312462
POC   14 TId: 0 ( I-SLICE, QP 26 )    2499696 bits [Y 99.9900 dB    U 99.9900 dB    V 99.9900 dB] [ET 12.20 ] [L0 ] [L1 ]
*** TRAIL_R numBytesInNALunit: 311518
POC   15 TId: 0 ( I-SLICE, QP 26 )    2492144 bits [Y 99.9900 dB    U 99.9900 dB    V 99.9900 dB] [ET 12.17 ] [L0 ] [L1 ]
*** TRAIL_R numBytesInNALunit: 312218
POC   16 TId: 0 ( I-SLICE, QP 26 )    2497744 bits [Y 99.9900 dB    U 99.9900 dB    V 99.9900 dB] [ET 12.19 ] [L0 ] [L1 ]
*** TRAIL_R numBytesInNALunit: 311677
POC   17 TId: 0 ( I-SLICE, QP 26 )    2493416 bits [Y 99.9900 dB    U 99.9900 dB    V 99.9900 dB] [ET 12.14 ] [L0 ] [L1 ]
*** TRAIL_R numBytesInNALunit: 310594
POC   18 TId: 0 ( I-SLICE, QP 26 )    2484752 bits [Y 99.9900 dB    U 99.9900 dB    V 99.9900 dB] [ET 12.05 ] [L0 ] [L1 ]
*** TRAIL_R numBytesInNALunit: 312952
POC   19 TId: 0 ( I-SLICE, QP 26 )    2503616 bits [Y 99.9900 dB    U 99.9900 dB    V 99.9900 dB] [ET 12.00 ] [L0 ] [L1 ]
*** TRAIL_R numBytesInNALunit: 314201
POC   20 TId: 0 ( I-SLICE, QP 26 )    2513608 bits [Y 99.9900 dB    U 99.9900 dB    V 99.9900 dB] [ET 12.05 ] [L0 ] [L1 ]
*** TRAIL_R numBytesInNALunit: 313625
POC   21 TId: 0 ( I-SLICE, QP 26 )    2509000 bits [Y 99.9900 dB    U 99.9900 dB    V 99.9900 dB] [ET 12.06 ] [L0 ] [L1 ]
*** TRAIL_R numBytesInNALunit: 313887
POC   22 TId: 0 ( I-SLICE, QP 26 )    2511096 bits [Y 99.9900 dB    U 99.9900 dB    V 99.9900 dB] [ET 11.98 ] [L0 ] [L1 ]
*** TRAIL_R numBytesInNALunit: 315951
POC   23 TId: 0 ( I-SLICE, QP 26 )    2527608 bits [Y 99.9900 dB    U 99.9900 dB    V 99.9900 dB] [ET 12.00 ] [L0 ] [L1 ]
*** TRAIL_R numBytesInNALunit: 315843
POC   24 TId: 0 ( I-SLICE, QP 26 )    2526744 bits [Y 99.9900 dB    U 99.9900 dB    V 99.9900 dB] [ET 12.00 ] [L0 ] [L1 ]
*** TRAIL_R numBytesInNALunit: 315661
POC   25 TId: 0 ( I-SLICE, QP 26 )    2525288 bits [Y 99.9900 dB    U 99.9900 dB    V 99.9900 dB] [ET 12.03 ] [L0 ] [L1 ]
*** TRAIL_R numBytesInNALunit: 315958
POC   26 TId: 0 ( I-SLICE, QP 26 )    2527664 bits [Y 99.9900 dB    U 99.9900 dB    V 99.9900 dB] [ET 12.12 ] [L0 ] [L1 ]
*** TRAIL_R numBytesInNALunit: 315970
POC   27 TId: 0 ( I-SLICE, QP 26 )    2527760 bits [Y 99.9900 dB    U 99.9900 dB    V 99.9900 dB] [ET 12.17 ] [L0 ] [L1 ]
*** TRAIL_R numBytesInNALunit: 314501
POC   28 TId: 0 ( I-SLICE, QP 26 )    2516008 bits [Y 99.9900 dB    U 99.9900 dB    V 99.9900 dB] [ET 12.12 ] [L0 ] [L1 ]
*** TRAIL_R numBytesInNALunit: 314671
POC   29 TId: 0 ( I-SLICE, QP 26 )    2517368 bits [Y 99.9900 dB    U 99.9900 dB    V 99.9900 dB] [ET 12.23 ] [L0 ] [L1 ]
*** TRAIL_R numBytesInNALunit: 315473
POC   30 TId: 0 ( I-SLICE, QP 26 )    2523784 bits [Y 99.9900 dB    U 99.9900 dB    V 99.9900 dB] [ET 12.20 ] [L0 ] [L1 ]
*** TRAIL_R numBytesInNALunit: 315708
POC   31 TId: 0 ( I-SLICE, QP 26 )    2525664 bits [Y 99.9900 dB    U 99.9900 dB    V 99.9900 dB] [ET 12.36 ] [L0 ] [L1 ]
*** TRAIL_R numBytesInNALunit: 315865
POC   32 TId: 0 ( I-SLICE, QP 26 )    2526920 bits [Y 99.9900 dB    U 99.9900 dB    V 99.9900 dB] [ET 12.30 ] [L0 ] [L1 ]
*** TRAIL_R numBytesInNALunit: 315628
POC   33 TId: 0 ( I-SLICE, QP 26 )    2525024 bits [Y 99.9900 dB    U 99.9900 dB    V 99.9900 dB] [ET 12.22 ] [L0 ] [L1 ]
*** TRAIL_R numBytesInNALunit: 313063
POC   34 TId: 0 ( I-SLICE, QP 26 )    2504504 bits [Y 99.9900 dB    U 99.9900 dB    V 99.9900 dB] [ET 12.20 ] [L0 ] [L1 ]
*** TRAIL_R numBytesInNALunit: 312292
POC   35 TId: 0 ( I-SLICE, QP 26 )    2498336 bits [Y 99.9900 dB    U 99.9900 dB    V 99.9900 dB] [ET 12.16 ] [L0 ] [L1 ]
*** TRAIL_R numBytesInNALunit: 313922
POC   36 TId: 0 ( I-SLICE, QP 26 )    2511376 bits [Y 99.9900 dB    U 99.9900 dB    V 99.9900 dB] [ET 12.20 ] [L0 ] [L1 ]
*** TRAIL_R numBytesInNALunit: 315742
POC   37 TId: 0 ( I-SLICE, QP 26 )    2525936 bits [Y 99.9900 dB    U 99.9900 dB    V 99.9900 dB] [ET 12.17 ] [L0 ] [L1 ]
*** TRAIL_R numBytesInNALunit: 314199
POC   38 TId: 0 ( I-SLICE, QP 26 )    2513592 bits [Y 99.9900 dB    U 99.9900 dB    V 99.9900 dB] [ET 12.23 ] [L0 ] [L1 ]
*** TRAIL_R numBytesInNALunit: 315584
POC   39 TId: 0 ( I-SLICE, QP 26 )    2524672 bits [Y 99.9900 dB    U 99.9900 dB    V 99.9900 dB] [ET 12.25 ] [L0 ] [L1 ]
*** TRAIL_R numBytesInNALunit: 318545
POC   40 TId: 0 ( I-SLICE, QP 26 )    2548360 bits [Y 99.9900 dB    U 99.9900 dB    V 99.9900 dB] [ET 12.17 ] [L0 ] [L1 ]
*** TRAIL_R numBytesInNALunit: 320829
POC   41 TId: 0 ( I-SLICE, QP 26 )    2566632 bits [Y 99.9900 dB    U 99.9900 dB    V 99.9900 dB] [ET 12.28 ] [L0 ] [L1 ]
*** TRAIL_R numBytesInNALunit: 322091
POC   42 TId: 0 ( I-SLICE, QP 26 )    2576728 bits [Y 99.9900 dB    U 99.9900 dB    V 99.9900 dB] [ET 12.31 ] [L0 ] [L1 ]
*** TRAIL_R numBytesInNALunit: 325293
POC   43 TId: 0 ( I-SLICE, QP 26 )    2602344 bits [Y 99.9900 dB    U 99.9900 dB    V 99.9900 dB] [ET 12.39 ] [L0 ] [L1 ]
*** TRAIL_R numBytesInNALunit: 327536
POC   44 TId: 0 ( I-SLICE, QP 26 )    2620288 bits [Y 99.9900 dB    U 99.9900 dB    V 99.9900 dB] [ET 12.44 ] [L0 ] [L1 ]
*** TRAIL_R numBytesInNALunit: 330177
POC   45 TId: 0 ( I-SLICE, QP 26 )    2641416 bits [Y 99.9900 dB    U 99.9900 dB    V 99.9900 dB] [ET 12.56 ] [L0 ] [L1 ]
*** TRAIL_R numBytesInNALunit: 330865
POC   46 TId: 0 ( I-SLICE, QP 26 )    2646920 bits [Y 99.9900 dB    U 99.9900 dB    V 99.9900 dB] [ET 12.47 ] [L0 ] [L1 ]
*** TRAIL_R numBytesInNALunit: 331059
POC   47 TId: 0 ( I-SLICE, QP 26 )    2648472 bits [Y 99.9900 dB    U 99.9900 dB    V 99.9900 dB] [ET 12.45 ] [L0 ] [L1 ]
*** TRAIL_R numBytesInNALunit: 331229
POC   48 TId: 0 ( I-SLICE, QP 26 )    2649832 bits [Y 99.9900 dB    U 99.9900 dB    V 99.9900 dB] [ET 12.48 ] [L0 ] [L1 ]
*** TRAIL_R numBytesInNALunit: 331216
POC   49 TId: 0 ( I-SLICE, QP 26 )    2649728 bits [Y 99.9900 dB    U 99.9900 dB    V 99.9900 dB] [ET 12.56 ] [L0 ] [L1 ]
*** TRAIL_R numBytesInNALunit: 330382
POC   50 TId: 0 ( I-SLICE, QP 26 )    2643056 bits [Y 99.9900 dB    U 99.9900 dB    V 99.9900 dB] [ET 12.50 ] [L0 ] [L1 ]
*** TRAIL_R numBytesInNALunit: 331430
POC   51 TId: 0 ( I-SLICE, QP 26 )    2651440 bits [Y 99.9900 dB    U 99.9900 dB    V 99.9900 dB] [ET 12.41 ] [L0 ] [L1 ]
*** TRAIL_R numBytesInNALunit: 333057
POC   52 TId: 0 ( I-SLICE, QP 26 )    2664456 bits [Y 99.9900 dB    U 99.9900 dB    V 99.9900 dB] [ET 12.59 ] [L0 ] [L1 ]
*** TRAIL_R numBytesInNALunit: 331174
POC   53 TId: 0 ( I-SLICE, QP 26 )    2649392 bits [Y 99.9900 dB    U 99.9900 dB    V 99.9900 dB] [ET 12.52 ] [L0 ] [L1 ]
*** TRAIL_R numBytesInNALunit: 329518
POC   54 TId: 0 ( I-SLICE, QP 26 )    2636144 bits [Y 99.9900 dB    U 99.9900 dB    V 99.9900 dB] [ET 12.52 ] [L0 ] [L1 ]
*** TRAIL_R numBytesInNALunit: 328234
POC   55 TId: 0 ( I-SLICE, QP 26 )    2625872 bits [Y 99.9900 dB    U 99.9900 dB    V 99.9900 dB] [ET 12.44 ] [L0 ] [L1 ]
*** TRAIL_R numBytesInNALunit: 326269
POC   56 TId: 0 ( I-SLICE, QP 26 )    2610152 bits [Y 99.9900 dB    U 99.9900 dB    V 99.9900 dB] [ET 12.42 ] [L0 ] [L1 ]
*** TRAIL_R numBytesInNALunit: 326077
POC   57 TId: 0 ( I-SLICE, QP 26 )    2608616 bits [Y 99.9900 dB    U 99.9900 dB    V 99.9900 dB] [ET 12.25 ] [L0 ] [L1 ]
*** TRAIL_R numBytesInNALunit: 326911
POC   58 TId: 0 ( I-SLICE, QP 26 )    2615288 bits [Y 99.9900 dB    U 99.9900 dB    V 99.9900 dB] [ET 12.31 ] [L0 ] [L1 ]
*** TRAIL_R numBytesInNALunit: 328492
POC   59 TId: 0 ( I-SLICE, QP 26 )    2627936 bits [Y 99.9900 dB    U 99.9900 dB    V 99.9900 dB] [ET 12.27 ] [L0 ] [L1 ]
*** TRAIL_R numBytesInNALunit: 327792
POC   60 TId: 0 ( I-SLICE, QP 26 )    2622336 bits [Y 99.9900 dB    U 99.9900 dB    V 99.9900 dB] [ET 12.31 ] [L0 ] [L1 ]
*** TRAIL_R numBytesInNALunit: 327725
POC   61 TId: 0 ( I-SLICE, QP 26 )    2621800 bits [Y 99.9900 dB    U 99.9900 dB    V 99.9900 dB] [ET 12.33 ] [L0 ] [L1 ]
*** TRAIL_R numBytesInNALunit: 327818
POC   62 TId: 0 ( I-SLICE, QP 26 )    2622544 bits [Y 99.9900 dB    U 99.9900 dB    V 99.9900 dB] [ET 12.36 ] [L0 ] [L1 ]
*** TRAIL_R numBytesInNALunit: 330823
POC   63 TId: 0 ( I-SLICE, QP 26 )    2646584 bits [Y 99.9900 dB    U 99.9900 dB    V 99.9900 dB] [ET 12.33 ] [L0 ] [L1 ]
*** TRAIL_R numBytesInNALunit: 332927
POC   64 TId: 0 ( I-SLICE, QP 26 )    2663416 bits [Y 99.9900 dB    U 99.9900 dB    V 99.9900 dB] [ET 12.42 ] [L0 ] [L1 ]
*** TRAIL_R numBytesInNALunit: 334891
POC   65 TId: 0 ( I-SLICE, QP 26 )    2679128 bits [Y 99.9900 dB    U 99.9900 dB    V 99.9900 dB] [ET 12.39 ] [L0 ] [L1 ]
*** TRAIL_R numBytesInNALunit: 334077
POC   66 TId: 0 ( I-SLICE, QP 26 )    2672616 bits [Y 99.9900 dB    U 99.9900 dB    V 99.9900 dB] [ET 12.61 ] [L0 ] [L1 ]
*** TRAIL_R numBytesInNALunit: 332319
POC   67 TId: 0 ( I-SLICE, QP 26 )    2658552 bits [Y 99.9900 dB    U 99.9900 dB    V 99.9900 dB] [ET 12.45 ] [L0 ] [L1 ]
*** TRAIL_R numBytesInNALunit: 328663
POC   68 TId: 0 ( I-SLICE, QP 26 )    2629304 bits [Y 99.9900 dB    U 99.9900 dB    V 99.9900 dB] [ET 12.39 ] [L0 ] [L1 ]
*** TRAIL_R numBytesInNALunit: 326773
POC   69 TId: 0 ( I-SLICE, QP 26 )    2614184 bits [Y 99.9900 dB    U 99.9900 dB    V 99.9900 dB] [ET 12.42 ] [L0 ] [L1 ]
*** TRAIL_R numBytesInNALunit: 325793
POC   70 TId: 0 ( I-SLICE, QP 26 )    2606344 bits [Y 99.9900 dB    U 99.9900 dB    V 99.9900 dB] [ET 12.39 ] [L0 ] [L1 ]
*** TRAIL_R numBytesInNALunit: 325514
POC   71 TId: 0 ( I-SLICE, QP 26 )    2604112 bits [Y 99.9900 dB    U 99.9900 dB    V 99.9900 dB] [ET 12.56 ] [L0 ] [L1 ]
*** TRAIL_R numBytesInNALunit: 327413
POC   72 TId: 0 ( I-SLICE, QP 26 )    2619304 bits [Y 99.9900 dB    U 99.9900 dB    V 99.9900 dB] [ET 12.45 ] [L0 ] [L1 ]
*** TRAIL_R numBytesInNALunit: 327163
POC   73 TId: 0 ( I-SLICE, QP 26 )    2617304 bits [Y 99.9900 dB    U 99.9900 dB    V 99.9900 dB] [ET 12.30 ] [L0 ] [L1 ]
*** TRAIL_R numBytesInNALunit: 328752
POC   74 TId: 0 ( I-SLICE, QP 26 )    2630016 bits [Y 99.9900 dB    U 99.9900 dB    V 99.9900 dB] [ET 12.25 ] [L0 ] [L1 ]
*** TRAIL_R numBytesInNALunit: 329355
POC   75 TId: 0 ( I-SLICE, QP 26 )    2634840 bits [Y 99.9900 dB    U 99.9900 dB    V 99.9900 dB] [ET 12.25 ] [L0 ] [L1 ]
*** TRAIL_R numBytesInNALunit: 335833
POC   76 TId: 0 ( I-SLICE, QP 26 )    2686664 bits [Y 99.9900 dB    U 99.9900 dB    V 99.9900 dB] [ET 12.30 ] [L0 ] [L1 ]
*** TRAIL_R numBytesInNALunit: 336188
POC   77 TId: 0 ( I-SLICE, QP 26 )    2689504 bits [Y 99.9900 dB    U 99.9900 dB    V 99.9900 dB] [ET 12.62 ] [L0 ] [L1 ]
*** TRAIL_R numBytesInNALunit: 337334
POC   78 TId: 0 ( I-SLICE, QP 26 )    2698672 bits [Y 99.9900 dB    U 99.9900 dB    V 99.9900 dB] [ET 12.61 ] [L0 ] [L1 ]
*** TRAIL_R numBytesInNALunit: 336730
POC   79 TId: 0 ( I-SLICE, QP 26 )    2693840 bits [Y 99.9900 dB    U 99.9900 dB    V 99.9900 dB] [ET 12.45 ] [L0 ] [L1 ]
*** TRAIL_R numBytesInNALunit: 335431
POC   80 TId: 0 ( I-SLICE, QP 26 )    2683448 bits [Y 99.9900 dB    U 99.9900 dB    V 99.9900 dB] [ET 12.42 ] [L0 ] [L1 ]
*** TRAIL_R numBytesInNALunit: 333106
POC   81 TId: 0 ( I-SLICE, QP 26 )    2664848 bits [Y 99.9900 dB    U 99.9900 dB    V 99.9900 dB] [ET 12.53 ] [L0 ] [L1 ]
*** TRAIL_R numBytesInNALunit: 332661
POC   82 TId: 0 ( I-SLICE, QP 26 )    2661288 bits [Y 99.9900 dB    U 99.9900 dB    V 99.9900 dB] [ET 12.55 ] [L0 ] [L1 ]
*** TRAIL_R numBytesInNALunit: 333917
POC   83 TId: 0 ( I-SLICE, QP 26 )    2671336 bits [Y 99.9900 dB    U 99.9900 dB    V 99.9900 dB] [ET 12.45 ] [L0 ] [L1 ]
*** TRAIL_R numBytesInNALunit: 336883
POC   84 TId: 0 ( I-SLICE, QP 26 )    2695064 bits [Y 99.9900 dB    U 99.9900 dB    V 99.9900 dB] [ET 12.39 ] [L0 ] [L1 ]
*** TRAIL_R numBytesInNALunit: 341083
POC   85 TId: 0 ( I-SLICE, QP 26 )    2728664 bits [Y 99.9900 dB    U 99.9900 dB    V 99.9900 dB] [ET 12.47 ] [L0 ] [L1 ]
*** TRAIL_R numBytesInNALunit: 343564
POC   86 TId: 0 ( I-SLICE, QP 26 )    2748512 bits [Y 99.9900 dB    U 99.9900 dB    V 99.9900 dB] [ET 12.39 ] [L0 ] [L1 ]
*** TRAIL_R numBytesInNALunit: 342338
POC   87 TId: 0 ( I-SLICE, QP 26 )    2738704 bits [Y 99.9900 dB    U 99.9900 dB    V 99.9900 dB] [ET 12.42 ] [L0 ] [L1 ]
*** TRAIL_R numBytesInNALunit: 340881
POC   88 TId: 0 ( I-SLICE, QP 26 )    2727048 bits [Y 99.9900 dB    U 99.9900 dB    V 99.9900 dB] [ET 12.45 ] [L0 ] [L1 ]
*** TRAIL_R numBytesInNALunit: 336718
POC   89 TId: 0 ( I-SLICE, QP 26 )    2693744 bits [Y 99.9900 dB    U 99.9900 dB    V 99.9900 dB] [ET 12.66 ] [L0 ] [L1 ]
*** TRAIL_R numBytesInNALunit: 333862
POC   90 TId: 0 ( I-SLICE, QP 26 )    2670896 bits [Y 99.9900 dB    U 99.9900 dB    V 99.9900 dB] [ET 12.69 ] [L0 ] [L1 ]
*** TRAIL_R numBytesInNALunit: 330503
POC   91 TId: 0 ( I-SLICE, QP 26 )    2644024 bits [Y 99.9900 dB    U 99.9900 dB    V 99.9900 dB] [ET 12.45 ] [L0 ] [L1 ]
*** TRAIL_R numBytesInNALunit: 325743
POC   92 TId: 0 ( I-SLICE, QP 26 )    2605944 bits [Y 99.9900 dB    U 99.9900 dB    V 99.9900 dB] [ET 12.52 ] [L0 ] [L1 ]
*** TRAIL_R numBytesInNALunit: 325413
POC   93 TId: 0 ( I-SLICE, QP 26 )    2603304 bits [Y 99.9900 dB    U 99.9900 dB    V 99.9900 dB] [ET 12.38 ] [L0 ] [L1 ]
*** TRAIL_R numBytesInNALunit: 324679
POC   94 TId: 0 ( I-SLICE, QP 26 )    2597432 bits [Y 99.9900 dB    U 99.9900 dB    V 99.9900 dB] [ET 12.45 ] [L0 ] [L1 ]
*** TRAIL_R numBytesInNALunit: 323707
POC   95 TId: 0 ( I-SLICE, QP 26 )    2589656 bits [Y 99.9900 dB    U 99.9900 dB    V 99.9900 dB] [ET 12.41 ] [L0 ] [L1 ]
*** TRAIL_R numBytesInNALunit: 324767
POC   96 TId: 0 ( I-SLICE, QP 26 )    2598136 bits [Y 99.9900 dB    U 99.9900 dB    V 99.9900 dB] [ET 12.47 ] [L0 ] [L1 ]
*** TRAIL_R numBytesInNALunit: 325470
POC   97 TId: 0 ( I-SLICE, QP 26 )    2603760 bits [Y 99.9900 dB    U 99.9900 dB    V 99.9900 dB] [ET 12.41 ] [L0 ] [L1 ]
*** TRAIL_R numBytesInNALunit: 324267
POC   98 TId: 0 ( I-SLICE, QP 26 )    2594136 bits [Y 99.9900 dB    U 99.9900 dB    V 99.9900 dB] [ET 12.50 ] [L0 ] [L1 ]
*** TRAIL_R numBytesInNALunit: 323094
POC   99 TId: 0 ( I-SLICE, QP 26 )    2584752 bits [Y 99.9900 dB    U 99.9900 dB    V 99.9900 dB] [ET 12.48 ] [L0 ] [L1 ]
*** TRAIL_R numBytesInNALunit: 324266
POC  100 TId: 0 ( I-SLICE, QP 26 )    2594128 bits [Y 99.9900 dB    U 99.9900 dB    V 99.9900 dB] [ET 12.47 ] [L0 ] [L1 ]
*** TRAIL_R numBytesInNALunit: 326080
POC  101 TId: 0 ( I-SLICE, QP 26 )    2608640 bits [Y 99.9900 dB    U 99.9900 dB    V 99.9900 dB] [ET 12.31 ] [L0 ] [L1 ]
*** TRAIL_R numBytesInNALunit: 329223
POC  102 TId: 0 ( I-SLICE, QP 26 )    2633784 bits [Y 99.9900 dB    U 99.9900 dB    V 99.9900 dB] [ET 12.59 ] [L0 ] [L1 ]
*** TRAIL_R numBytesInNALunit: 332299
POC  103 TId: 0 ( I-SLICE, QP 26 )    2658392 bits [Y 99.9900 dB    U 99.9900 dB    V 99.9900 dB] [ET 12.59 ] [L0 ] [L1 ]
*** TRAIL_R numBytesInNALunit: 330049
POC  104 TId: 0 ( I-SLICE, QP 26 )    2640392 bits [Y 99.9900 dB    U 99.9900 dB    V 99.9900 dB] [ET 12.58 ] [L0 ] [L1 ]
*** TRAIL_R numBytesInNALunit: 326577
POC  105 TId: 0 ( I-SLICE, QP 26 )    2612616 bits [Y 99.9900 dB    U 99.9900 dB    V 99.9900 dB] [ET 12.64 ] [L0 ] [L1 ]
*** TRAIL_R numBytesInNALunit: 327018
POC  106 TId: 0 ( I-SLICE, QP 26 )    2616144 bits [Y 99.9900 dB    U 99.9900 dB    V 99.9900 dB] [ET 12.53 ] [L0 ] [L1 ]
*** TRAIL_R numBytesInNALunit: 325256
POC  107 TId: 0 ( I-SLICE, QP 26 )    2602048 bits [Y 99.9900 dB    U 99.9900 dB    V 99.9900 dB] [ET 12.53 ] [L0 ] [L1 ]
*** TRAIL_R numBytesInNALunit: 323947
POC  108 TId: 0 ( I-SLICE, QP 26 )    2591576 bits [Y 99.9900 dB    U 99.9900 dB    V 99.9900 dB] [ET 12.42 ] [L0 ] [L1 ]
*** TRAIL_R numBytesInNALunit: 323141
POC  109 TId: 0 ( I-SLICE, QP 26 )    2585128 bits [Y 99.9900 dB    U 99.9900 dB    V 99.9900 dB] [ET 12.48 ] [L0 ] [L1 ]
*** TRAIL_R numBytesInNALunit: 323151
POC  110 TId: 0 ( I-SLICE, QP 26 )    2585208 bits [Y 99.9900 dB    U 99.9900 dB    V 99.9900 dB] [ET 12.53 ] [L0 ] [L1 ]
*** TRAIL_R numBytesInNALunit: 319248
POC  111 TId: 0 ( I-SLICE, QP 26 )    2553984 bits [Y 99.9900 dB    U 99.9900 dB    V 99.9900 dB] [ET 12.41 ] [L0 ] [L1 ]
*** TRAIL_R numBytesInNALunit: 316966
POC  112 TId: 0 ( I-SLICE, QP 26 )    2535728 bits [Y 99.9900 dB    U 99.9900 dB    V 99.9900 dB] [ET 12.41 ] [L0 ] [L1 ]
*** TRAIL_R numBytesInNALunit: 312974
POC  113 TId: 0 ( I-SLICE, QP 26 )    2503792 bits [Y 99.9900 dB    U 99.9900 dB    V 99.9900 dB] [ET 12.16 ] [L0 ] [L1 ]
*** TRAIL_R numBytesInNALunit: 306835
POC  114 TId: 0 ( I-SLICE, QP 26 )    2454680 bits [Y 99.9900 dB    U 99.9900 dB    V 99.9900 dB] [ET 12.14 ] [L0 ] [L1 ]
*** TRAIL_R numBytesInNALunit: 304328
POC  115 TId: 0 ( I-SLICE, QP 26 )    2434624 bits [Y 99.9900 dB    U 99.9900 dB    V 99.9900 dB] [ET 12.16 ] [L0 ] [L1 ]
*** TRAIL_R numBytesInNALunit: 307686
POC  116 TId: 0 ( I-SLICE, QP 26 )    2461488 bits [Y 99.9900 dB    U 99.9900 dB    V 99.9900 dB] [ET 12.16 ] [L0 ] [L1 ]
*** TRAIL_R numBytesInNALunit: 313399
POC  117 TId: 0 ( I-SLICE, QP 26 )    2507192 bits [Y 99.9900 dB    U 99.9900 dB    V 99.9900 dB] [ET 12.27 ] [L0 ] [L1 ]
*** TRAIL_R numBytesInNALunit: 315002
POC  118 TId: 0 ( I-SLICE, QP 26 )    2520016 bits [Y 99.9900 dB    U 99.9900 dB    V 99.9900 dB] [ET 12.33 ] [L0 ] [L1 ]
*** TRAIL_R numBytesInNALunit: 315103
POC  119 TId: 0 ( I-SLICE, QP 26 )    2520824 bits [Y 99.9900 dB    U 99.9900 dB    V 99.9900 dB] [ET 12.28 ] [L0 ] [L1 ]
*** TRAIL_R numBytesInNALunit: 314166
POC  120 TId: 0 ( I-SLICE, QP 26 )    2513328 bits [Y 99.9900 dB    U 99.9900 dB    V 99.9900 dB] [ET 12.19 ] [L0 ] [L1 ]
*** TRAIL_R numBytesInNALunit: 313163
POC  121 TId: 0 ( I-SLICE, QP 26 )    2505304 bits [Y 99.9900 dB    U 99.9900 dB    V 99.9900 dB] [ET 12.06 ] [L0 ] [L1 ]
*** TRAIL_R numBytesInNALunit: 321776
POC  122 TId: 0 ( I-SLICE, QP 26 )    2574208 bits [Y 99.9900 dB    U 99.9900 dB    V 99.9900 dB] [ET 12.12 ] [L0 ] [L1 ]
*** TRAIL_R numBytesInNALunit: 325794
POC  123 TId: 0 ( I-SLICE, QP 26 )    2606352 bits [Y 99.9900 dB    U 99.9900 dB    V 99.9900 dB] [ET 12.20 ] [L0 ] [L1 ]
*** TRAIL_R numBytesInNALunit: 324021
POC  124 TId: 0 ( I-SLICE, QP 26 )    2592168 bits [Y 99.9900 dB    U 99.9900 dB    V 99.9900 dB] [ET 12.14 ] [L0 ] [L1 ]
*** TRAIL_R numBytesInNALunit: 325055
POC  125 TId: 0 ( I-SLICE, QP 26 )    2600440 bits [Y 99.9900 dB    U 99.9900 dB    V 99.9900 dB] [ET 12.25 ] [L0 ] [L1 ]
*** TRAIL_R numBytesInNALunit: 328345
POC  126 TId: 0 ( I-SLICE, QP 26 )    2626760 bits [Y 99.9900 dB    U 99.9900 dB    V 99.9900 dB] [ET 12.31 ] [L0 ] [L1 ]
*** TRAIL_R numBytesInNALunit: 329230
POC  127 TId: 0 ( I-SLICE, QP 26 )    2633840 bits [Y 99.9900 dB    U 99.9900 dB    V 99.9900 dB] [ET 12.41 ] [L0 ] [L1 ]
*** TRAIL_R numBytesInNALunit: 329688
POC  128 TId: 0 ( I-SLICE, QP 26 )    2637504 bits [Y 99.9900 dB    U 99.9900 dB    V 99.9900 dB] [ET 12.38 ] [L0 ] [L1 ]
*** TRAIL_R numBytesInNALunit: 330339
POC  129 TId: 0 ( I-SLICE, QP 26 )    2642712 bits [Y 99.9900 dB    U 99.9900 dB    V 99.9900 dB] [ET 12.50 ] [L0 ] [L1 ]
*** TRAIL_R numBytesInNALunit: 329416
POC  130 TId: 0 ( I-SLICE, QP 26 )    2635328 bits [Y 99.9900 dB    U 99.9900 dB    V 99.9900 dB] [ET 12.52 ] [L0 ] [L1 ]
*** TRAIL_R numBytesInNALunit: 327166
POC  131 TId: 0 ( I-SLICE, QP 26 )    2617328 bits [Y 99.9900 dB    U 99.9900 dB    V 99.9900 dB] [ET 12.44 ] [L0 ] [L1 ]
*** TRAIL_R numBytesInNALunit: 326145
POC  132 TId: 0 ( I-SLICE, QP 26 )    2609160 bits [Y 99.9900 dB    U 99.9900 dB    V 99.9900 dB] [ET 12.50 ] [L0 ] [L1 ]
*** TRAIL_R numBytesInNALunit: 325661
POC  133 TId: 0 ( I-SLICE, QP 26 )    2605288 bits [Y 99.9900 dB    U 99.9900 dB    V 99.9900 dB] [ET 12.56 ] [L0 ] [L1 ]
*** TRAIL_R numBytesInNALunit: 323166
POC  134 TId: 0 ( I-SLICE, QP 26 )    2585328 bits [Y 99.9900 dB    U 99.9900 dB    V 99.9900 dB] [ET 12.55 ] [L0 ] [L1 ]
*** TRAIL_R numBytesInNALunit: 320678
POC  135 TId: 0 ( I-SLICE, QP 26 )    2565424 bits [Y 99.9900 dB    U 99.9900 dB    V 99.9900 dB] [ET 12.50 ] [L0 ] [L1 ]
*** TRAIL_R numBytesInNALunit: 318962
POC  136 TId: 0 ( I-SLICE, QP 26 )    2551696 bits [Y 99.9900 dB    U 99.9900 dB    V 99.9900 dB] [ET 12.47 ] [L0 ] [L1 ]
*** TRAIL_R numBytesInNALunit: 317603
POC  137 TId: 0 ( I-SLICE, QP 26 )    2540824 bits [Y 99.9900 dB    U 99.9900 dB    V 99.9900 dB] [ET 12.39 ] [L0 ] [L1 ]
*** TRAIL_R numBytesInNALunit: 316077
POC  138 TId: 0 ( I-SLICE, QP 26 )    2528616 bits [Y 99.9900 dB    U 99.9900 dB    V 99.9900 dB] [ET 12.44 ] [L0 ] [L1 ]
*** TRAIL_R numBytesInNALunit: 312318
POC  139 TId: 0 ( I-SLICE, QP 26 )    2498544 bits [Y 99.9900 dB    U 99.9900 dB    V 99.9900 dB] [ET 12.58 ] [L0 ] [L1 ]
*** TRAIL_R numBytesInNALunit: 311661
POC  140 TId: 0 ( I-SLICE, QP 26 )    2493288 bits [Y 99.9900 dB    U 99.9900 dB    V 99.9900 dB] [ET 12.41 ] [L0 ] [L1 ]
*** TRAIL_R numBytesInNALunit: 309703
POC  141 TId: 0 ( I-SLICE, QP 26 )    2477624 bits [Y 99.9900 dB    U 99.9900 dB    V 99.9900 dB] [ET 12.38 ] [L0 ] [L1 ]
*** TRAIL_R numBytesInNALunit: 307910
POC  142 TId: 0 ( I-SLICE, QP 26 )    2463280 bits [Y 99.9900 dB    U 99.9900 dB    V 99.9900 dB] [ET 12.33 ] [L0 ] [L1 ]
*** TRAIL_R numBytesInNALunit: 308098
POC  143 TId: 0 ( I-SLICE, QP 26 )    2464784 bits [Y 99.9900 dB    U 99.9900 dB    V 99.9900 dB] [ET 12.19 ] [L0 ] [L1 ]
*** TRAIL_R numBytesInNALunit: 309218
POC  144 TId: 0 ( I-SLICE, QP 26 )    2473744 bits [Y 99.9900 dB    U 99.9900 dB    V 99.9900 dB] [ET 12.27 ] [L0 ] [L1 ]
*** TRAIL_R numBytesInNALunit: 311875
POC  145 TId: 0 ( I-SLICE, QP 26 )    2495000 bits [Y 99.9900 dB    U 99.9900 dB    V 99.9900 dB] [ET 12.23 ] [L0 ] [L1 ]
*** TRAIL_R numBytesInNALunit: 311472
POC  146 TId: 0 ( I-SLICE, QP 26 )    2491776 bits [Y 99.9900 dB    U 99.9900 dB    V 99.9900 dB] [ET 12.39 ] [L0 ] [L1 ]
*** TRAIL_R numBytesInNALunit: 308087
POC  147 TId: 0 ( I-SLICE, QP 26 )    2464696 bits [Y 99.9900 dB    U 99.9900 dB    V 99.9900 dB] [ET 12.31 ] [L0 ] [L1 ]
*** TRAIL_R numBytesInNALunit: 305340
POC  148 TId: 0 ( I-SLICE, QP 26 )    2442720 bits [Y 99.9900 dB    U 99.9900 dB    V 99.9900 dB] [ET 12.39 ] [L0 ] [L1 ]
*** TRAIL_R numBytesInNALunit: 306740
POC  149 TId: 0 ( I-SLICE, QP 26 )    2453920 bits [Y 99.9900 dB    U 99.9900 dB    V 99.9900 dB] [ET 12.22 ] [L0 ] [L1 ]
*** TRAIL_R numBytesInNALunit: 309510
POC  150 TId: 0 ( I-SLICE, QP 26 )    2476080 bits [Y 99.9900 dB    U 99.9900 dB    V 99.9900 dB] [ET 12.30 ] [L0 ] [L1 ]
*** TRAIL_R numBytesInNALunit: 308719
POC  151 TId: 0 ( I-SLICE, QP 26 )    2469752 bits [Y 99.9900 dB    U 99.9900 dB    V 99.9900 dB] [ET 12.09 ] [L0 ] [L1 ]
*** TRAIL_R numBytesInNALunit: 307464
POC  152 TId: 0 ( I-SLICE, QP 26 )    2459712 bits [Y 99.9900 dB    U 99.9900 dB    V 99.9900 dB] [ET 12.17 ] [L0 ] [L1 ]
*** TRAIL_R numBytesInNALunit: 305168
POC  153 TId: 0 ( I-SLICE, QP 26 )    2441344 bits [Y 99.9900 dB    U 99.9900 dB    V 99.9900 dB] [ET 12.12 ] [L0 ] [L1 ]
*** TRAIL_R numBytesInNALunit: 304165
POC  154 TId: 0 ( I-SLICE, QP 26 )    2433320 bits [Y 99.9900 dB    U 99.9900 dB    V 99.9900 dB] [ET 12.25 ] [L0 ] [L1 ]
*** TRAIL_R numBytesInNALunit: 304589
POC  155 TId: 0 ( I-SLICE, QP 26 )    2436712 bits [Y 99.9900 dB    U 99.9900 dB    V 99.9900 dB] [ET 12.36 ] [L0 ] [L1 ]
*** TRAIL_R numBytesInNALunit: 306210
POC  156 TId: 0 ( I-SLICE, QP 26 )    2449680 bits [Y 99.9900 dB    U 99.9900 dB    V 99.9900 dB] [ET 12.16 ] [L0 ] [L1 ]
*** TRAIL_R numBytesInNALunit: 312974
POC  157 TId: 0 ( I-SLICE, QP 26 )    2503792 bits [Y 99.9900 dB    U 99.9900 dB    V 99.9900 dB] [ET 12.44 ] [L0 ] [L1 ]
*** TRAIL_R numBytesInNALunit: 315386
POC  158 TId: 0 ( I-SLICE, QP 26 )    2523088 bits [Y 99.9900 dB    U 99.9900 dB    V 99.9900 dB] [ET 12.42 ] [L0 ] [L1 ]
*** TRAIL_R numBytesInNALunit: 318546
POC  159 TId: 0 ( I-SLICE, QP 26 )    2548368 bits [Y 99.9900 dB    U 99.9900 dB    V 99.9900 dB] [ET 12.34 ] [L0 ] [L1 ]
*** TRAIL_R numBytesInNALunit: 319575
POC  160 TId: 0 ( I-SLICE, QP 26 )    2556600 bits [Y 99.9900 dB    U 99.9900 dB    V 99.9900 dB] [ET 12.45 ] [L0 ] [L1 ]
*** TRAIL_R numBytesInNALunit: 316659
POC  161 TId: 0 ( I-SLICE, QP 26 )    2533272 bits [Y 99.9900 dB    U 99.9900 dB    V 99.9900 dB] [ET 12.34 ] [L0 ] [L1 ]
*** TRAIL_R numBytesInNALunit: 314907
POC  162 TId: 0 ( I-SLICE, QP 26 )    2519256 bits [Y 99.9900 dB    U 99.9900 dB    V 99.9900 dB] [ET 12.23 ] [L0 ] [L1 ]
*** TRAIL_R numBytesInNALunit: 313211
POC  163 TId: 0 ( I-SLICE, QP 26 )    2505688 bits [Y 99.9900 dB    U 99.9900 dB    V 99.9900 dB] [ET 12.41 ] [L0 ] [L1 ]
*** TRAIL_R numBytesInNALunit: 316154
POC  164 TId: 0 ( I-SLICE, QP 26 )    2529232 bits [Y 99.9900 dB    U 99.9900 dB    V 99.9900 dB] [ET 12.39 ] [L0 ] [L1 ]
*** TRAIL_R numBytesInNALunit: 320150
POC  165 TId: 0 ( I-SLICE, QP 26 )    2561200 bits [Y 99.9900 dB    U 99.9900 dB    V 99.9900 dB] [ET 12.31 ] [L0 ] [L1 ]
*** TRAIL_R numBytesInNALunit: 321238
POC  166 TId: 0 ( I-SLICE, QP 26 )    2569904 bits [Y 99.9900 dB    U 99.9900 dB    V 99.9900 dB] [ET 12.56 ] [L0 ] [L1 ]
*** TRAIL_R numBytesInNALunit: 324417
POC  167 TId: 0 ( I-SLICE, QP 26 )    2595336 bits [Y 99.9900 dB    U 99.9900 dB    V 99.9900 dB] [ET 12.55 ] [L0 ] [L1 ]
*** TRAIL_R numBytesInNALunit: 324851
POC  168 TId: 0 ( I-SLICE, QP 26 )    2598808 bits [Y 99.9900 dB    U 99.9900 dB    V 99.9900 dB] [ET 12.36 ] [L0 ] [L1 ]
*** TRAIL_R numBytesInNALunit: 324879
POC  169 TId: 0 ( I-SLICE, QP 26 )    2599032 bits [Y 99.9900 dB    U 99.9900 dB    V 99.9900 dB] [ET 12.47 ] [L0 ] [L1 ]
*** TRAIL_R numBytesInNALunit: 325781
POC  170 TId: 0 ( I-SLICE, QP 26 )    2606248 bits [Y 99.9900 dB    U 99.9900 dB    V 99.9900 dB] [ET 12.39 ] [L0 ] [L1 ]
*** TRAIL_R numBytesInNALunit: 324364
POC  171 TId: 0 ( I-SLICE, QP 26 )    2594912 bits [Y 99.9900 dB    U 99.9900 dB    V 99.9900 dB] [ET 12.45 ] [L0 ] [L1 ]
*** TRAIL_R numBytesInNALunit: 324044
POC  172 TId: 0 ( I-SLICE, QP 26 )    2592352 bits [Y 99.9900 dB    U 99.9900 dB    V 99.9900 dB] [ET 12.48 ] [L0 ] [L1 ]
*** TRAIL_R numBytesInNALunit: 323962
POC  173 TId: 0 ( I-SLICE, QP 26 )    2591696 bits [Y 99.9900 dB    U 99.9900 dB    V 99.9900 dB] [ET 12.50 ] [L0 ] [L1 ]
*** TRAIL_R numBytesInNALunit: 323057
POC  174 TId: 0 ( I-SLICE, QP 26 )    2584456 bits [Y 99.9900 dB    U 99.9900 dB    V 99.9900 dB] [ET 12.45 ] [L0 ] [L1 ]
*** TRAIL_R numBytesInNALunit: 322072
POC  175 TId: 0 ( I-SLICE, QP 26 )    2576576 bits [Y 99.9900 dB    U 99.9900 dB    V 99.9900 dB] [ET 12.41 ] [L0 ] [L1 ]
*** TRAIL_R numBytesInNALunit: 319140
POC  176 TId: 0 ( I-SLICE, QP 26 )    2553120 bits [Y 99.9900 dB    U 99.9900 dB    V 99.9900 dB] [ET 12.53 ] [L0 ] [L1 ]
*** TRAIL_R numBytesInNALunit: 320264
POC  177 TId: 0 ( I-SLICE, QP 26 )    2562112 bits [Y 99.9900 dB    U 99.9900 dB    V 99.9900 dB] [ET 12.31 ] [L0 ] [L1 ]
*** TRAIL_R numBytesInNALunit: 319155
POC  178 TId: 0 ( I-SLICE, QP 26 )    2553240 bits [Y 99.9900 dB    U 99.9900 dB    V 99.9900 dB] [ET 12.69 ] [L0 ] [L1 ]
*** TRAIL_R numBytesInNALunit: 318655
POC  179 TId: 0 ( I-SLICE, QP 26 )    2549240 bits [Y 99.9900 dB    U 99.9900 dB    V 99.9900 dB] [ET 12.52 ] [L0 ] [L1 ]
*** TRAIL_R numBytesInNALunit: 315672
POC  180 TId: 0 ( I-SLICE, QP 26 )    2525376 bits [Y 99.9900 dB    U 99.9900 dB    V 99.9900 dB] [ET 12.47 ] [L0 ] [L1 ]
*** TRAIL_R numBytesInNALunit: 313591
POC  181 TId: 0 ( I-SLICE, QP 26 )    2508728 bits [Y 99.9900 dB    U 99.9900 dB    V 99.9900 dB] [ET 12.42 ] [L0 ] [L1 ]
*** TRAIL_R numBytesInNALunit: 310769
POC  182 TId: 0 ( I-SLICE, QP 26 )    2486152 bits [Y 99.9900 dB    U 99.9900 dB    V 99.9900 dB] [ET 12.39 ] [L0 ] [L1 ]
*** TRAIL_R numBytesInNALunit: 310275
POC  183 TId: 0 ( I-SLICE, QP 26 )    2482200 bits [Y 99.9900 dB    U 99.9900 dB    V 99.9900 dB] [ET 12.31 ] [L0 ] [L1 ]
*** TRAIL_R numBytesInNALunit: 307359
POC  184 TId: 0 ( I-SLICE, QP 26 )    2458872 bits [Y 99.9900 dB    U 99.9900 dB    V 99.9900 dB] [ET 12.22 ] [L0 ] [L1 ]
*** TRAIL_R numBytesInNALunit: 310698
POC  185 TId: 0 ( I-SLICE, QP 26 )    2485584 bits [Y 99.9900 dB    U 99.9900 dB    V 99.9900 dB] [ET 12.34 ] [L0 ] [L1 ]
*** TRAIL_R numBytesInNALunit: 313222
POC  186 TId: 0 ( I-SLICE, QP 26 )    2505776 bits [Y 99.9900 dB    U 99.9900 dB    V 99.9900 dB] [ET 12.28 ] [L0 ] [L1 ]
*** TRAIL_R numBytesInNALunit: 313665
POC  187 TId: 0 ( I-SLICE, QP 26 )    2509320 bits [Y 99.9900 dB    U 99.9900 dB    V 99.9900 dB] [ET 12.48 ] [L0 ] [L1 ]
*** TRAIL_R numBytesInNALunit: 313705
POC  188 TId: 0 ( I-SLICE, QP 26 )    2509640 bits [Y 99.9900 dB    U 99.9900 dB    V 99.9900 dB] [ET 12.33 ] [L0 ] [L1 ]
*** TRAIL_R numBytesInNALunit: 313909
POC  189 TId: 0 ( I-SLICE, QP 26 )    2511272 bits [Y 99.9900 dB    U 99.9900 dB    V 99.9900 dB] [ET 12.42 ] [L0 ] [L1 ]
*** TRAIL_R numBytesInNALunit: 312326
POC  190 TId: 0 ( I-SLICE, QP 26 )    2498608 bits [Y 99.9900 dB    U 99.9900 dB    V 99.9900 dB] [ET 12.36 ] [L0 ] [L1 ]
*** TRAIL_R numBytesInNALunit: 313856
POC  191 TId: 0 ( I-SLICE, QP 26 )    2510848 bits [Y 99.9900 dB    U 99.9900 dB    V 99.9900 dB] [ET 12.44 ] [L0 ] [L1 ]
*** TRAIL_R numBytesInNALunit: 314958
POC  192 TId: 0 ( I-SLICE, QP 26 )    2519664 bits [Y 99.9900 dB    U 99.9900 dB    V 99.9900 dB] [ET 12.45 ] [L0 ] [L1 ]
*** TRAIL_R numBytesInNALunit: 315643
POC  193 TId: 0 ( I-SLICE, QP 26 )    2525144 bits [Y 99.9900 dB    U 99.9900 dB    V 99.9900 dB] [ET 12.36 ] [L0 ] [L1 ]
*** TRAIL_R numBytesInNALunit: 317624
POC  194 TId: 0 ( I-SLICE, QP 26 )    2540992 bits [Y 99.9900 dB    U 99.9900 dB    V 99.9900 dB] [ET 12.41 ] [L0 ] [L1 ]
*** TRAIL_R numBytesInNALunit: 314474
POC  195 TId: 0 ( I-SLICE, QP 26 )    2515792 bits [Y 99.9900 dB    U 99.9900 dB    V 99.9900 dB] [ET 12.28 ] [L0 ] [L1 ]
*** TRAIL_R numBytesInNALunit: 313244
POC  196 TId: 0 ( I-SLICE, QP 26 )    2505952 bits [Y 99.9900 dB    U 99.9900 dB    V 99.9900 dB] [ET 12.27 ] [L0 ] [L1 ]
*** TRAIL_R numBytesInNALunit: 312904
POC  197 TId: 0 ( I-SLICE, QP 26 )    2503232 bits [Y 99.9900 dB    U 99.9900 dB    V 99.9900 dB] [ET 12.42 ] [L0 ] [L1 ]
*** TRAIL_R numBytesInNALunit: 314048
POC  198 TId: 0 ( I-SLICE, QP 26 )    2512384 bits [Y 99.9900 dB    U 99.9900 dB    V 99.9900 dB] [ET 12.38 ] [L0 ] [L1 ]
*** TRAIL_R numBytesInNALunit: 316395
POC  199 TId: 0 ( I-SLICE, QP 26 )    2531160 bits [Y 99.9900 dB    U 99.9900 dB    V 99.9900 dB] [ET 12.42 ] [L0 ] [L1 ]
*** TRAIL_R numBytesInNALunit: 319724
POC  200 TId: 0 ( I-SLICE, QP 26 )    2557792 bits [Y 99.9900 dB    U 99.9900 dB    V 99.9900 dB] [ET 12.42 ] [L0 ] [L1 ]
*** TRAIL_R numBytesInNALunit: 323534
POC  201 TId: 0 ( I-SLICE, QP 26 )    2588272 bits [Y 99.9900 dB    U 99.9900 dB    V 99.9900 dB] [ET 12.48 ] [L0 ] [L1 ]
*** TRAIL_R numBytesInNALunit: 324944
POC  202 TId: 0 ( I-SLICE, QP 26 )    2599552 bits [Y 99.9900 dB    U 99.9900 dB    V 99.9900 dB] [ET 12.58 ] [L0 ] [L1 ]
*** TRAIL_R numBytesInNALunit: 325993
POC  203 TId: 0 ( I-SLICE, QP 26 )    2607944 bits [Y 99.9900 dB    U 99.9900 dB    V 99.9900 dB] [ET 12.47 ] [L0 ] [L1 ]
*** TRAIL_R numBytesInNALunit: 324975
POC  204 TId: 0 ( I-SLICE, QP 26 )    2599800 bits [Y 99.9900 dB    U 99.9900 dB    V 99.9900 dB] [ET 12.42 ] [L0 ] [L1 ]
*** TRAIL_R numBytesInNALunit: 323578
POC  205 TId: 0 ( I-SLICE, QP 26 )    2588624 bits [Y 99.9900 dB    U 99.9900 dB    V 99.9900 dB] [ET 12.45 ] [L0 ] [L1 ]
*** TRAIL_R numBytesInNALunit: 323889
POC  206 TId: 0 ( I-SLICE, QP 26 )    2591112 bits [Y 99.9900 dB    U 99.9900 dB    V 99.9900 dB] [ET 12.56 ] [L0 ] [L1 ]
*** TRAIL_R numBytesInNALunit: 324253
POC  207 TId: 0 ( I-SLICE, QP 26 )    2594024 bits [Y 99.9900 dB    U 99.9900 dB    V 99.9900 dB] [ET 12.52 ] [L0 ] [L1 ]
*** TRAIL_R numBytesInNALunit: 325173
POC  208 TId: 0 ( I-SLICE, QP 26 )    2601384 bits [Y 99.9900 dB    U 99.9900 dB    V 99.9900 dB] [ET 12.52 ] [L0 ] [L1 ]
*** TRAIL_R numBytesInNALunit: 325086
POC  209 TId: 0 ( I-SLICE, QP 26 )    2600688 bits [Y 99.9900 dB    U 99.9900 dB    V 99.9900 dB] [ET 12.55 ] [L0 ] [L1 ]
*** TRAIL_R numBytesInNALunit: 326426
POC  210 TId: 0 ( I-SLICE, QP 26 )    2611408 bits [Y 99.9900 dB    U 99.9900 dB    V 99.9900 dB] [ET 12.38 ] [L0 ] [L1 ]
*** TRAIL_R numBytesInNALunit: 327431
POC  211 TId: 0 ( I-SLICE, QP 26 )    2619448 bits [Y 99.9900 dB    U 99.9900 dB    V 99.9900 dB] [ET 12.48 ] [L0 ] [L1 ]
*** TRAIL_R numBytesInNALunit: 326770
POC  212 TId: 0 ( I-SLICE, QP 26 )    2614160 bits [Y 99.9900 dB    U 99.9900 dB    V 99.9900 dB] [ET 12.38 ] [L0 ] [L1 ]
*** TRAIL_R numBytesInNALunit: 326451
POC  213 TId: 0 ( I-SLICE, QP 26 )    2611608 bits [Y 99.9900 dB    U 99.9900 dB    V 99.9900 dB] [ET 12.30 ] [L0 ] [L1 ]
*** TRAIL_R numBytesInNALunit: 329211
POC  214 TId: 0 ( I-SLICE, QP 26 )    2633688 bits [Y 99.9900 dB    U 99.9900 dB    V 99.9900 dB] [ET 12.34 ] [L0 ] [L1 ]
*** TRAIL_R numBytesInNALunit: 329109
POC  215 TId: 0 ( I-SLICE, QP 26 )    2632872 bits [Y 99.9900 dB    U 99.9900 dB    V 99.9900 dB] [ET 12.75 ] [L0 ] [L1 ]
*** TRAIL_R numBytesInNALunit: 328028
POC  216 TId: 0 ( I-SLICE, QP 26 )    2624224 bits [Y 99.9900 dB    U 99.9900 dB    V 99.9900 dB] [ET 12.94 ] [L0 ] [L1 ]
*** TRAIL_R numBytesInNALunit: 326310
POC  217 TId: 0 ( I-SLICE, QP 26 )    2610480 bits [Y 99.9900 dB    U 99.9900 dB    V 99.9900 dB] [ET 13.02 ] [L0 ] [L1 ]
*** TRAIL_R numBytesInNALunit: 324529
POC  218 TId: 0 ( I-SLICE, QP 26 )    2596232 bits [Y 99.9900 dB    U 99.9900 dB    V 99.9900 dB] [ET 13.00 ] [L0 ] [L1 ]
*** TRAIL_R numBytesInNALunit: 324415
POC  219 TId: 0 ( I-SLICE, QP 26 )    2595320 bits [Y 99.9900 dB    U 99.9900 dB    V 99.9900 dB] [ET 12.88 ] [L0 ] [L1 ]
*** TRAIL_R numBytesInNALunit: 323726
POC  220 TId: 0 ( I-SLICE, QP 26 )    2589808 bits [Y 99.9900 dB    U 99.9900 dB    V 99.9900 dB] [ET 12.81 ] [L0 ] [L1 ]
*** TRAIL_R numBytesInNALunit: 324323
POC  221 TId: 0 ( I-SLICE, QP 26 )    2594584 bits [Y 99.9900 dB    U 99.9900 dB    V 99.9900 dB] [ET 12.86 ] [L0 ] [L1 ]
*** TRAIL_R numBytesInNALunit: 322731
POC  222 TId: 0 ( I-SLICE, QP 26 )    2581848 bits [Y 99.9900 dB    U 99.9900 dB    V 99.9900 dB] [ET 12.75 ] [L0 ] [L1 ]
*** TRAIL_R numBytesInNALunit: 322631
POC  223 TId: 0 ( I-SLICE, QP 26 )    2581048 bits [Y 99.9900 dB    U 99.9900 dB    V 99.9900 dB] [ET 12.75 ] [L0 ] [L1 ]
*** TRAIL_R numBytesInNALunit: 319379
POC  224 TId: 0 ( I-SLICE, QP 26 )    2555032 bits [Y 99.9900 dB    U 99.9900 dB    V 99.9900 dB] [ET 12.66 ] [L0 ] [L1 ]
*** TRAIL_R numBytesInNALunit: 317599
POC  225 TId: 0 ( I-SLICE, QP 26 )    2540792 bits [Y 99.9900 dB    U 99.9900 dB    V 99.9900 dB] [ET 12.69 ] [L0 ] [L1 ]
*** TRAIL_R numBytesInNALunit: 315774
POC  226 TId: 0 ( I-SLICE, QP 26 )    2526192 bits [Y 99.9900 dB    U 99.9900 dB    V 99.9900 dB] [ET 12.83 ] [L0 ] [L1 ]
*** TRAIL_R numBytesInNALunit: 314174
POC  227 TId: 0 ( I-SLICE, QP 26 )    2513392 bits [Y 99.9900 dB    U 99.9900 dB    V 99.9900 dB] [ET 12.62 ] [L0 ] [L1 ]
*** TRAIL_R numBytesInNALunit: 315212
POC  228 TId: 0 ( I-SLICE, QP 26 )    2521696 bits [Y 99.9900 dB    U 99.9900 dB    V 99.9900 dB] [ET 12.56 ] [L0 ] [L1 ]
*** TRAIL_R numBytesInNALunit: 314773
POC  229 TId: 0 ( I-SLICE, QP 26 )    2518184 bits [Y 99.9900 dB    U 99.9900 dB    V 99.9900 dB] [ET 12.70 ] [L0 ] [L1 ]
*** TRAIL_R numBytesInNALunit: 313239
POC  230 TId: 0 ( I-SLICE, QP 26 )    2505912 bits [Y 99.9900 dB    U 99.9900 dB    V 99.9900 dB] [ET 12.48 ] [L0 ] [L1 ]
*** TRAIL_R numBytesInNALunit: 313279
POC  231 TId: 0 ( I-SLICE, QP 26 )    2506232 bits [Y 99.9900 dB    U 99.9900 dB    V 99.9900 dB] [ET 12.42 ] [L0 ] [L1 ]
*** TRAIL_R numBytesInNALunit: 315213
POC  232 TId: 0 ( I-SLICE, QP 26 )    2521704 bits [Y 99.9900 dB    U 99.9900 dB    V 99.9900 dB] [ET 12.25 ] [L0 ] [L1 ]
*** TRAIL_R numBytesInNALunit: 316231
POC  233 TId: 0 ( I-SLICE, QP 26 )    2529848 bits [Y 99.9900 dB    U 99.9900 dB    V 99.9900 dB] [ET 12.36 ] [L0 ] [L1 ]
*** TRAIL_R numBytesInNALunit: 316230
POC  234 TId: 0 ( I-SLICE, QP 26 )    2529840 bits [Y 99.9900 dB    U 99.9900 dB    V 99.9900 dB] [ET 12.25 ] [L0 ] [L1 ]
*** TRAIL_R numBytesInNALunit: 317566
POC  235 TId: 0 ( I-SLICE, QP 26 )    2540528 bits [Y 99.9900 dB    U 99.9900 dB    V 99.9900 dB] [ET 12.12 ] [L0 ] [L1 ]
*** TRAIL_R numBytesInNALunit: 319880
POC  236 TId: 0 ( I-SLICE, QP 26 )    2559040 bits [Y 99.9900 dB    U 99.9900 dB    V 99.9900 dB] [ET 12.28 ] [L0 ] [L1 ]
*** TRAIL_R numBytesInNALunit: 317976
POC  237 TId: 0 ( I-SLICE, QP 26 )    2543808 bits [Y 99.9900 dB    U 99.9900 dB    V 99.9900 dB] [ET 12.16 ] [L0 ] [L1 ]
*** TRAIL_R numBytesInNALunit: 318099
POC  238 TId: 0 ( I-SLICE, QP 26 )    2544792 bits [Y 99.9900 dB    U 99.9900 dB    V 99.9900 dB] [ET 12.31 ] [L0 ] [L1 ]
*** TRAIL_R numBytesInNALunit: 318743
POC  239 TId: 0 ( I-SLICE, QP 26 )    2549944 bits [Y 99.9900 dB    U 99.9900 dB    V 99.9900 dB] [ET 12.33 ] [L0 ] [L1 ]
*** TRAIL_R numBytesInNALunit: 320250
POC  240 TId: 0 ( I-SLICE, QP 26 )    2562000 bits [Y 99.9900 dB    U 99.9900 dB    V 99.9900 dB] [ET 12.31 ] [L0 ] [L1 ]
*** TRAIL_R numBytesInNALunit: 321129
POC  241 TId: 0 ( I-SLICE, QP 26 )    2569032 bits [Y 99.9900 dB    U 99.9900 dB    V 99.9900 dB] [ET 12.25 ] [L0 ] [L1 ]
*** TRAIL_R numBytesInNALunit: 324252
POC  242 TId: 0 ( I-SLICE, QP 26 )    2594016 bits [Y 99.9900 dB    U 99.9900 dB    V 99.9900 dB] [ET 12.34 ] [L0 ] [L1 ]
*** TRAIL_R numBytesInNALunit: 326098
POC  243 TId: 0 ( I-SLICE, QP 26 )    2608784 bits [Y 99.9900 dB    U 99.9900 dB    V 99.9900 dB] [ET 12.42 ] [L0 ] [L1 ]
*** TRAIL_R numBytesInNALunit: 325869
POC  244 TId: 0 ( I-SLICE, QP 26 )    2606952 bits [Y 99.9900 dB    U 99.9900 dB    V 99.9900 dB] [ET 12.27 ] [L0 ] [L1 ]
*** TRAIL_R numBytesInNALunit: 329085
POC  245 TId: 0 ( I-SLICE, QP 26 )    2632680 bits [Y 99.9900 dB    U 99.9900 dB    V 99.9900 dB] [ET 12.27 ] [L0 ] [L1 ]
*** TRAIL_R numBytesInNALunit: 332580
POC  246 TId: 0 ( I-SLICE, QP 26 )    2660640 bits [Y 99.9900 dB    U 99.9900 dB    V 99.9900 dB] [ET 12.17 ] [L0 ] [L1 ]
*** TRAIL_R numBytesInNALunit: 336872
POC  247 TId: 0 ( I-SLICE, QP 26 )    2694976 bits [Y 99.9900 dB    U 99.9900 dB    V 99.9900 dB] [ET 12.42 ] [L0 ] [L1 ]
*** TRAIL_R numBytesInNALunit: 342453
POC  248 TId: 0 ( I-SLICE, QP 26 )    2739624 bits [Y 99.9900 dB    U 99.9900 dB    V 99.9900 dB] [ET 12.44 ] [L0 ] [L1 ]
*** TRAIL_R numBytesInNALunit: 344742
POC  249 TId: 0 ( I-SLICE, QP 26 )    2757936 bits [Y 99.9900 dB    U 99.9900 dB    V 99.9900 dB] [ET 12.41 ] [L0 ] [L1 ]
*** TRAIL_R numBytesInNALunit: 346490
POC  250 TId: 0 ( I-SLICE, QP 26 )    2771920 bits [Y 99.9900 dB    U 99.9900 dB    V 99.9900 dB] [ET 12.55 ] [L0 ] [L1 ]
*** TRAIL_R numBytesInNALunit: 344970
POC  251 TId: 0 ( I-SLICE, QP 26 )    2759760 bits [Y 99.9900 dB    U 99.9900 dB    V 99.9900 dB] [ET 12.53 ] [L0 ] [L1 ]
*** TRAIL_R numBytesInNALunit: 344000
POC  252 TId: 0 ( I-SLICE, QP 26 )    2752000 bits [Y 99.9900 dB    U 99.9900 dB    V 99.9900 dB] [ET 12.50 ] [L0 ] [L1 ]
*** TRAIL_R numBytesInNALunit: 342368
POC  253 TId: 0 ( I-SLICE, QP 26 )    2738944 bits [Y 99.9900 dB    U 99.9900 dB    V 99.9900 dB] [ET 12.48 ] [L0 ] [L1 ]
*** TRAIL_R numBytesInNALunit: 344953
POC  254 TId: 0 ( I-SLICE, QP 26 )    2759624 bits [Y 99.9900 dB    U 99.9900 dB    V 99.9900 dB] [ET 12.45 ] [L0 ] [L1 ]
*** TRAIL_R numBytesInNALunit: 346868
POC  255 TId: 0 ( I-SLICE, QP 26 )    2774944 bits [Y 99.9900 dB    U 99.9900 dB    V 99.9900 dB] [ET 12.44 ] [L0 ] [L1 ]
*** TRAIL_R numBytesInNALunit: 345692
POC  256 TId: 0 ( I-SLICE, QP 26 )    2765536 bits [Y 99.9900 dB    U 99.9900 dB    V 99.9900 dB] [ET 12.56 ] [L0 ] [L1 ]
*** TRAIL_R numBytesInNALunit: 346366
POC  257 TId: 0 ( I-SLICE, QP 26 )    2770928 bits [Y 99.9900 dB    U 99.9900 dB    V 99.9900 dB] [ET 12.45 ] [L0 ] [L1 ]
*** TRAIL_R numBytesInNALunit: 346265
POC  258 TId: 0 ( I-SLICE, QP 26 )    2770120 bits [Y 99.9900 dB    U 99.9900 dB    V 99.9900 dB] [ET 12.45 ] [L0 ] [L1 ]
*** TRAIL_R numBytesInNALunit: 343572
POC  259 TId: 0 ( I-SLICE, QP 26 )    2748576 bits [Y 99.9900 dB    U 99.9900 dB    V 99.9900 dB] [ET 12.45 ] [L0 ] [L1 ]
*** TRAIL_R numBytesInNALunit: 345780
POC  260 TId: 0 ( I-SLICE, QP 26 )    2766240 bits [Y 99.9900 dB    U 99.9900 dB    V 99.9900 dB] [ET 12.22 ] [L0 ] [L1 ]
*** TRAIL_R numBytesInNALunit: 347322
POC  261 TId: 0 ( I-SLICE, QP 26 )    2778576 bits [Y 99.9900 dB    U 99.9900 dB    V 99.9900 dB] [ET 11.59 ] [L0 ] [L1 ]
*** TRAIL_R numBytesInNALunit: 347875
POC  262 TId: 0 ( I-SLICE, QP 26 )    2783000 bits [Y 99.9900 dB    U 99.9900 dB    V 99.9900 dB] [ET 12.22 ] [L0 ] [L1 ]
*** TRAIL_R numBytesInNALunit: 348125
POC  263 TId: 0 ( I-SLICE, QP 26 )    2785000 bits [Y 99.9900 dB    U 99.9900 dB    V 99.9900 dB] [ET 12.16 ] [L0 ] [L1 ]
*** TRAIL_R numBytesInNALunit: 347937
POC  264 TId: 0 ( I-SLICE, QP 26 )    2783496 bits [Y 99.9900 dB    U 99.9900 dB    V 99.9900 dB] [ET 12.02 ] [L0 ] [L1 ]
*** TRAIL_R numBytesInNALunit: 346488
POC  265 TId: 0 ( I-SLICE, QP 26 )    2771904 bits [Y 99.9900 dB    U 99.9900 dB    V 99.9900 dB] [ET 11.67 ] [L0 ] [L1 ]
*** TRAIL_R numBytesInNALunit: 347144
POC  266 TId: 0 ( I-SLICE, QP 26 )    2777152 bits [Y 99.9900 dB    U 99.9900 dB    V 99.9900 dB] [ET 11.44 ] [L0 ] [L1 ]
*** TRAIL_R numBytesInNALunit: 350001
POC  267 TId: 0 ( I-SLICE, QP 26 )    2800008 bits [Y 99.9900 dB    U 99.9900 dB    V 99.9900 dB] [ET 11.45 ] [L0 ] [L1 ]
*** TRAIL_R numBytesInNALunit: 352984
POC  268 TId: 0 ( I-SLICE, QP 26 )    2823872 bits [Y 99.9900 dB    U 99.9900 dB    V 99.9900 dB] [ET 11.27 ] [L0 ] [L1 ]
*** TRAIL_R numBytesInNALunit: 354050
POC  269 TId: 0 ( I-SLICE, QP 26 )    2832400 bits [Y 99.9900 dB    U 99.9900 dB    V 99.9900 dB] [ET 11.17 ] [L0 ] [L1 ]
*** TRAIL_R numBytesInNALunit: 355574
POC  270 TId: 0 ( I-SLICE, QP 26 )    2844592 bits [Y 99.9900 dB    U 99.9900 dB    V 99.9900 dB] [ET 11.11 ] [L0 ] [L1 ]
*** TRAIL_R numBytesInNALunit: 353516
POC  271 TId: 0 ( I-SLICE, QP 26 )    2828128 bits [Y 99.9900 dB    U 99.9900 dB    V 99.9900 dB] [ET 11.16 ] [L0 ] [L1 ]
*** TRAIL_R numBytesInNALunit: 353161
POC  272 TId: 0 ( I-SLICE, QP 26 )    2825288 bits [Y 99.9900 dB    U 99.9900 dB    V 99.9900 dB] [ET 11.30 ] [L0 ] [L1 ]
*** TRAIL_R numBytesInNALunit: 354975
POC  273 TId: 0 ( I-SLICE, QP 26 )    2839800 bits [Y 99.9900 dB    U 99.9900 dB    V 99.9900 dB] [ET 10.98 ] [L0 ] [L1 ]
*** TRAIL_R numBytesInNALunit: 357529
POC  274 TId: 0 ( I-SLICE, QP 26 )    2860232 bits [Y 99.9900 dB    U 99.9900 dB    V 99.9900 dB] [ET 11.33 ] [L0 ] [L1 ]
*** TRAIL_R numBytesInNALunit: 359293
POC  275 TId: 0 ( I-SLICE, QP 26 )    2874344 bits [Y 99.9900 dB    U 99.9900 dB    V 99.9900 dB] [ET 11.31 ] [L0 ] [L1 ]
*** TRAIL_R numBytesInNALunit: 354272
POC  276 TId: 0 ( I-SLICE, QP 26 )    2834176 bits [Y 99.9900 dB    U 99.9900 dB    V 99.9900 dB] [ET 11.41 ] [L0 ] [L1 ]
*** TRAIL_R numBytesInNALunit: 347806
POC  277 TId: 0 ( I-SLICE, QP 26 )    2782448 bits [Y 99.9900 dB    U 99.9900 dB    V 99.9900 dB] [ET 11.45 ] [L0 ] [L1 ]
*** TRAIL_R numBytesInNALunit: 343860
POC  278 TId: 0 ( I-SLICE, QP 26 )    2750880 bits [Y 99.9900 dB    U 99.9900 dB    V 99.9900 dB] [ET 11.42 ] [L0 ] [L1 ]
*** TRAIL_R numBytesInNALunit: 339062
POC  279 TId: 0 ( I-SLICE, QP 26 )    2712496 bits [Y 99.9900 dB    U 99.9900 dB    V 99.9900 dB] [ET 11.45 ] [L0 ] [L1 ]
*** TRAIL_R numBytesInNALunit: 333011
POC  280 TId: 0 ( I-SLICE, QP 26 )    2664088 bits [Y 99.9900 dB    U 99.9900 dB    V 99.9900 dB] [ET 10.78 ] [L0 ] [L1 ]
*** TRAIL_R numBytesInNALunit: 322263
POC  281 TId: 0 ( I-SLICE, QP 26 )    2578104 bits [Y 99.9900 dB    U 99.9900 dB    V 99.9900 dB] [ET 10.48 ] [L0 ] [L1 ]
*** TRAIL_R numBytesInNALunit: 321940
POC  282 TId: 0 ( I-SLICE, QP 26 )    2575520 bits [Y 99.9900 dB    U 99.9900 dB    V 99.9900 dB] [ET 10.84 ] [L0 ] [L1 ]
*** TRAIL_R numBytesInNALunit: 319490
POC  283 TId: 0 ( I-SLICE, QP 26 )    2555920 bits [Y 99.9900 dB    U 99.9900 dB    V 99.9900 dB] [ET 10.38 ] [L0 ] [L1 ]
*** TRAIL_R numBytesInNALunit: 318517
POC  284 TId: 0 ( I-SLICE, QP 26 )    2548136 bits [Y 99.9900 dB    U 99.9900 dB    V 99.9900 dB] [ET 10.69 ] [L0 ] [L1 ]
*** TRAIL_R numBytesInNALunit: 317164
POC  285 TId: 0 ( I-SLICE, QP 26 )    2537312 bits [Y 99.9900 dB    U 99.9900 dB    V 99.9900 dB] [ET 10.69 ] [L0 ] [L1 ]
*** TRAIL_R numBytesInNALunit: 316008
POC  286 TId: 0 ( I-SLICE, QP 26 )    2528064 bits [Y 99.9900 dB    U 99.9900 dB    V 99.9900 dB] [ET 10.94 ] [L0 ] [L1 ]
*** TRAIL_R numBytesInNALunit: 316799
POC  287 TId: 0 ( I-SLICE, QP 26 )    2534392 bits [Y 99.9900 dB    U 99.9900 dB    V 99.9900 dB] [ET 10.45 ] [L0 ] [L1 ]
*** TRAIL_R numBytesInNALunit: 316528
POC  288 TId: 0 ( I-SLICE, QP 26 )    2532224 bits [Y 99.9900 dB    U 99.9900 dB    V 99.9900 dB] [ET 10.42 ] [L0 ] [L1 ]
*** TRAIL_R numBytesInNALunit: 317540
POC  289 TId: 0 ( I-SLICE, QP 26 )    2540320 bits [Y 99.9900 dB    U 99.9900 dB    V 99.9900 dB] [ET 10.44 ] [L0 ] [L1 ]
*** TRAIL_R numBytesInNALunit: 320017
POC  290 TId: 0 ( I-SLICE, QP 26 )    2560136 bits [Y 99.9900 dB    U 99.9900 dB    V 99.9900 dB] [ET 10.38 ] [L0 ] [L1 ]
*** TRAIL_R numBytesInNALunit: 321728
POC  291 TId: 0 ( I-SLICE, QP 26 )    2573824 bits [Y 99.9900 dB    U 99.9900 dB    V 99.9900 dB] [ET 10.06 ] [L0 ] [L1 ]
*** TRAIL_R numBytesInNALunit: 322676
POC  292 TId: 0 ( I-SLICE, QP 26 )    2581408 bits [Y 99.9900 dB    U 99.9900 dB    V 99.9900 dB] [ET 10.19 ] [L0 ] [L1 ]
*** TRAIL_R numBytesInNALunit: 324305
POC  293 TId: 0 ( I-SLICE, QP 26 )    2594440 bits [Y 99.9900 dB    U 99.9900 dB    V 99.9900 dB] [ET 10.31 ] [L0 ] [L1 ]
*** TRAIL_R numBytesInNALunit: 326738
POC  294 TId: 0 ( I-SLICE, QP 26 )    2613904 bits [Y 99.9900 dB    U 99.9900 dB    V 99.9900 dB] [ET 10.27 ] [L0 ] [L1 ]
*** TRAIL_R numBytesInNALunit: 329018
POC  295 TId: 0 ( I-SLICE, QP 26 )    2632144 bits [Y 99.9900 dB    U 99.9900 dB    V 99.9900 dB] [ET  9.66 ] [L0 ] [L1 ]
*** TRAIL_R numBytesInNALunit: 331252
POC  296 TId: 0 ( I-SLICE, QP 26 )    2650016 bits [Y 99.9900 dB    U 99.9900 dB    V 99.9900 dB] [ET 10.09 ] [L0 ] [L1 ]
*** TRAIL_R numBytesInNALunit: 332063
POC  297 TId: 0 ( I-SLICE, QP 26 )    2656504 bits [Y 99.9900 dB    U 99.9900 dB    V 99.9900 dB] [ET  9.92 ] [L0 ] [L1 ]
*** TRAIL_R numBytesInNALunit: 332688
POC  298 TId: 0 ( I-SLICE, QP 26 )    2661504 bits [Y 99.9900 dB    U 99.9900 dB    V 99.9900 dB] [ET 10.03 ] [L0 ] [L1 ]
*** TRAIL_R numBytesInNALunit: 332771
POC  299 TId: 0 ( I-SLICE, QP 26 )    2662168 bits [Y 99.9900 dB    U 99.9900 dB    V 99.9900 dB] [ET 10.11 ] [L0 ] [L1 ]
*** TRAIL_R numBytesInNALunit: 334198
POC  300 TId: 0 ( I-SLICE, QP 26 )    2673584 bits [Y 99.9900 dB    U 99.9900 dB    V 99.9900 dB] [ET  9.64 ] [L0 ] [L1 ]
*** TRAIL_R numBytesInNALunit: 335670
POC  301 TId: 0 ( I-SLICE, QP 26 )    2685360 bits [Y 99.9900 dB    U 99.9900 dB    V 99.9900 dB] [ET  9.83 ] [L0 ] [L1 ]
*** TRAIL_R numBytesInNALunit: 335326
POC  302 TId: 0 ( I-SLICE, QP 26 )    2682608 bits [Y 99.9900 dB    U 99.9900 dB    V 99.9900 dB] [ET  9.77 ] [L0 ] [L1 ]
*** TRAIL_R numBytesInNALunit: 337703
POC  303 TId: 0 ( I-SLICE, QP 26 )    2701624 bits [Y 99.9900 dB    U 99.9900 dB    V 99.9900 dB] [ET  9.70 ] [L0 ] [L1 ]
*** TRAIL_R numBytesInNALunit: 339005
POC  304 TId: 0 ( I-SLICE, QP 26 )    2712040 bits [Y 99.9900 dB    U 99.9900 dB    V 99.9900 dB] [ET 10.00 ] [L0 ] [L1 ]
*** TRAIL_R numBytesInNALunit: 338491
POC  305 TId: 0 ( I-SLICE, QP 26 )    2707928 bits [Y 99.9900 dB    U 99.9900 dB    V 99.9900 dB] [ET  9.72 ] [L0 ] [L1 ]
*** TRAIL_R numBytesInNALunit: 335510
POC  306 TId: 0 ( I-SLICE, QP 26 )    2684080 bits [Y 99.9900 dB    U 99.9900 dB    V 99.9900 dB] [ET  9.75 ] [L0 ] [L1 ]
*** TRAIL_R numBytesInNALunit: 334335
POC  307 TId: 0 ( I-SLICE, QP 26 )    2674680 bits [Y 99.9900 dB    U 99.9900 dB    V 99.9900 dB] [ET 10.22 ] [L0 ] [L1 ]
*** TRAIL_R numBytesInNALunit: 335597
POC  308 TId: 0 ( I-SLICE, QP 26 )    2684776 bits [Y 99.9900 dB    U 99.9900 dB    V 99.9900 dB] [ET 10.92 ] [L0 ] [L1 ]
*** TRAIL_R numBytesInNALunit: 336190
POC  309 TId: 0 ( I-SLICE, QP 26 )    2689520 bits [Y 99.9900 dB    U 99.9900 dB    V 99.9900 dB] [ET 10.02 ] [L0 ] [L1 ]
*** TRAIL_R numBytesInNALunit: 335946
POC  310 TId: 0 ( I-SLICE, QP 26 )    2687568 bits [Y 99.9900 dB    U 99.9900 dB    V 99.9900 dB] [ET 10.36 ] [L0 ] [L1 ]
*** TRAIL_R numBytesInNALunit: 335243
POC  311 TId: 0 ( I-SLICE, QP 26 )    2681944 bits [Y 99.9900 dB    U 99.9900 dB    V 99.9900 dB] [ET 11.30 ] [L0 ] [L1 ]
*** TRAIL_R numBytesInNALunit: 335674
POC  312 TId: 0 ( I-SLICE, QP 26 )    2685392 bits [Y 99.9900 dB    U 99.9900 dB    V 99.9900 dB] [ET  9.78 ] [L0 ] [L1 ]
*** TRAIL_R numBytesInNALunit: 336612
POC  313 TId: 0 ( I-SLICE, QP 26 )    2692896 bits [Y 99.9900 dB    U 99.9900 dB    V 99.9900 dB] [ET  9.95 ] [L0 ] [L1 ]
*** TRAIL_R numBytesInNALunit: 338681
POC  314 TId: 0 ( I-SLICE, QP 26 )    2709448 bits [Y 99.9900 dB    U 99.9900 dB    V 99.9900 dB] [ET  9.81 ] [L0 ] [L1 ]
*** TRAIL_R numBytesInNALunit: 342267
POC  315 TId: 0 ( I-SLICE, QP 26 )    2738136 bits [Y 99.9900 dB    U 99.9900 dB    V 99.9900 dB] [ET  9.81 ] [L0 ] [L1 ]
*** TRAIL_R numBytesInNALunit: 342576
POC  316 TId: 0 ( I-SLICE, QP 26 )    2740608 bits [Y 99.9900 dB    U 99.9900 dB    V 99.9900 dB] [ET  9.81 ] [L0 ] [L1 ]
*** TRAIL_R numBytesInNALunit: 343581
POC  317 TId: 0 ( I-SLICE, QP 26 )    2748648 bits [Y 99.9900 dB    U 99.9900 dB    V 99.9900 dB] [ET  9.91 ] [L0 ] [L1 ]
*** TRAIL_R numBytesInNALunit: 345347
POC  318 TId: 0 ( I-SLICE, QP 26 )    2762776 bits [Y 99.9900 dB    U 99.9900 dB    V 99.9900 dB] [ET  9.97 ] [L0 ] [L1 ]
*** TRAIL_R numBytesInNALunit: 349252
POC  319 TId: 0 ( I-SLICE, QP 26 )    2794016 bits [Y 99.9900 dB    U 99.9900 dB    V 99.9900 dB] [ET  9.70 ] [L0 ] [L1 ]
*** TRAIL_R numBytesInNALunit: 352772
POC  320 TId: 0 ( I-SLICE, QP 26 )    2822176 bits [Y 99.9900 dB    U 99.9900 dB    V 99.9900 dB] [ET  9.66 ] [L0 ] [L1 ]
*** TRAIL_R numBytesInNALunit: 358152
POC  321 TId: 0 ( I-SLICE, QP 26 )    2865216 bits [Y 99.9900 dB    U 99.9900 dB    V 99.9900 dB] [ET 10.20 ] [L0 ] [L1 ]
*** TRAIL_R numBytesInNALunit: 361606
POC  322 TId: 0 ( I-SLICE, QP 26 )    2892848 bits [Y 99.9900 dB    U 99.9900 dB    V 99.9900 dB] [ET  9.78 ] [L0 ] [L1 ]
*** TRAIL_R numBytesInNALunit: 364372
POC  323 TId: 0 ( I-SLICE, QP 26 )    2914976 bits [Y 99.9900 dB    U 99.9900 dB    V 99.9900 dB] [ET 10.00 ] [L0 ] [L1 ]
*** TRAIL_R numBytesInNALunit: 367020
POC  324 TId: 0 ( I-SLICE, QP 26 )    2936160 bits [Y 99.9900 dB    U 99.9900 dB    V 99.9900 dB] [ET  9.72 ] [L0 ] [L1 ]
*** TRAIL_R numBytesInNALunit: 364687
POC  325 TId: 0 ( I-SLICE, QP 26 )    2917496 bits [Y 99.9900 dB    U 99.9900 dB    V 99.9900 dB] [ET  9.84 ] [L0 ] [L1 ]
*** TRAIL_R numBytesInNALunit: 362593
POC  326 TId: 0 ( I-SLICE, QP 26 )    2900744 bits [Y 99.9900 dB    U 99.9900 dB    V 99.9900 dB] [ET 10.06 ] [L0 ] [L1 ]
*** TRAIL_R numBytesInNALunit: 359485
POC  327 TId: 0 ( I-SLICE, QP 26 )    2875880 bits [Y 99.9900 dB    U 99.9900 dB    V 99.9900 dB] [ET  9.94 ] [L0 ] [L1 ]
*** TRAIL_R numBytesInNALunit: 360756
POC  328 TId: 0 ( I-SLICE, QP 26 )    2886048 bits [Y 99.9900 dB    U 99.9900 dB    V 99.9900 dB] [ET 10.08 ] [L0 ] [L1 ]
*** TRAIL_R numBytesInNALunit: 365800
POC  329 TId: 0 ( I-SLICE, QP 26 )    2926400 bits [Y 99.9900 dB    U 99.9900 dB    V 99.9900 dB] [ET 10.41 ] [L0 ] [L1 ]
*** TRAIL_R numBytesInNALunit: 364508
POC  330 TId: 0 ( I-SLICE, QP 26 )    2916064 bits [Y 99.9900 dB    U 99.9900 dB    V 99.9900 dB] [ET 10.44 ] [L0 ] [L1 ]
*** TRAIL_R numBytesInNALunit: 363212
POC  331 TId: 0 ( I-SLICE, QP 26 )    2905696 bits [Y 99.9900 dB    U 99.9900 dB    V 99.9900 dB] [ET 10.48 ] [L0 ] [L1 ]
*** TRAIL_R numBytesInNALunit: 361372
POC  332 TId: 0 ( I-SLICE, QP 26 )    2890976 bits [Y 99.9900 dB    U 99.9900 dB    V 99.9900 dB] [ET 10.34 ] [L0 ] [L1 ]
*** TRAIL_R numBytesInNALunit: 361746
POC  333 TId: 0 ( I-SLICE, QP 26 )    2893968 bits [Y 99.9900 dB    U 99.9900 dB    V 99.9900 dB] [ET 10.27 ] [L0 ] [L1 ]
*** TRAIL_R numBytesInNALunit: 363407
POC  334 TId: 0 ( I-SLICE, QP 26 )    2907256 bits [Y 99.9900 dB    U 99.9900 dB    V 99.9900 dB] [ET 10.00 ] [L0 ] [L1 ]
*** TRAIL_R numBytesInNALunit: 361313
POC  335 TId: 0 ( I-SLICE, QP 26 )    2890504 bits [Y 99.9900 dB    U 99.9900 dB    V 99.9900 dB] [ET 10.48 ] [L0 ] [L1 ]
*** TRAIL_R numBytesInNALunit: 359461
POC  336 TId: 0 ( I-SLICE, QP 26 )    2875688 bits [Y 99.9900 dB    U 99.9900 dB    V 99.9900 dB] [ET  9.39 ] [L0 ] [L1 ]
*** TRAIL_R numBytesInNALunit: 359426
POC  337 TId: 0 ( I-SLICE, QP 26 )    2875408 bits [Y 99.9900 dB    U 99.9900 dB    V 99.9900 dB] [ET  9.03 ] [L0 ] [L1 ]
*** TRAIL_R numBytesInNALunit: 359922
POC  338 TId: 0 ( I-SLICE, QP 26 )    2879376 bits [Y 99.9900 dB    U 99.9900 dB    V 99.9900 dB] [ET  8.84 ] [L0 ] [L1 ]
*** TRAIL_R numBytesInNALunit: 360061
POC  339 TId: 0 ( I-SLICE, QP 26 )    2880488 bits [Y 99.9900 dB    U 99.9900 dB    V 99.9900 dB] [ET  8.83 ] [L0 ] [L1 ]
*** TRAIL_R numBytesInNALunit: 361012
POC  340 TId: 0 ( I-SLICE, QP 26 )    2888096 bits [Y 99.9900 dB    U 99.9900 dB    V 99.9900 dB] [ET  8.88 ] [L0 ] [L1 ]
*** TRAIL_R numBytesInNALunit: 362436
POC  341 TId: 0 ( I-SLICE, QP 26 )    2899488 bits [Y 99.9900 dB    U 99.9900 dB    V 99.9900 dB] [ET  8.92 ] [L0 ] [L1 ]
*** TRAIL_R numBytesInNALunit: 360891
POC  342 TId: 0 ( I-SLICE, QP 26 )    2887128 bits [Y 99.9900 dB    U 99.9900 dB    V 99.9900 dB] [ET  8.77 ] [L0 ] [L1 ]
*** TRAIL_R numBytesInNALunit: 357254
POC  343 TId: 0 ( I-SLICE, QP 26 )    2858032 bits [Y 99.9900 dB    U 99.9900 dB    V 99.9900 dB] [ET  8.77 ] [L0 ] [L1 ]
*** TRAIL_R numBytesInNALunit: 352082
POC  344 TId: 0 ( I-SLICE, QP 26 )    2816656 bits [Y 99.9900 dB    U 99.9900 dB    V 99.9900 dB] [ET  8.78 ] [L0 ] [L1 ]
*** TRAIL_R numBytesInNALunit: 348335
POC  345 TId: 0 ( I-SLICE, QP 26 )    2786680 bits [Y 99.9900 dB    U 99.9900 dB    V 99.9900 dB] [ET  8.77 ] [L0 ] [L1 ]
*** TRAIL_R numBytesInNALunit: 345156
POC  346 TId: 0 ( I-SLICE, QP 26 )    2761248 bits [Y 99.9900 dB    U 99.9900 dB    V 99.9900 dB] [ET  9.02 ] [L0 ] [L1 ]
*** TRAIL_R numBytesInNALunit: 343876
POC  347 TId: 0 ( I-SLICE, QP 26 )    2751008 bits [Y 99.9900 dB    U 99.9900 dB    V 99.9900 dB] [ET  8.86 ] [L0 ] [L1 ]
*** TRAIL_R numBytesInNALunit: 346645
POC  348 TId: 0 ( I-SLICE, QP 26 )    2773160 bits [Y 99.9900 dB    U 99.9900 dB    V 99.9900 dB] [ET  9.06 ] [L0 ] [L1 ]
*** TRAIL_R numBytesInNALunit: 345362
POC  349 TId: 0 ( I-SLICE, QP 26 )    2762896 bits [Y 99.9900 dB    U 99.9900 dB    V 99.9900 dB] [ET  8.83 ] [L0 ] [L1 ]
*** TRAIL_R numBytesInNALunit: 341075
POC  350 TId: 0 ( I-SLICE, QP 26 )    2728600 bits [Y 99.9900 dB    U 99.9900 dB    V 99.9900 dB] [ET  8.95 ] [L0 ] [L1 ]
*** TRAIL_R numBytesInNALunit: 337555
POC  351 TId: 0 ( I-SLICE, QP 26 )    2700440 bits [Y 99.9900 dB    U 99.9900 dB    V 99.9900 dB] [ET  8.84 ] [L0 ] [L1 ]
*** TRAIL_R numBytesInNALunit: 335071
POC  352 TId: 0 ( I-SLICE, QP 26 )    2680568 bits [Y 99.9900 dB    U 99.9900 dB    V 99.9900 dB] [ET  8.86 ] [L0 ] [L1 ]
*** TRAIL_R numBytesInNALunit: 333787
POC  353 TId: 0 ( I-SLICE, QP 26 )    2670296 bits [Y 99.9900 dB    U 99.9900 dB    V 99.9900 dB] [ET  8.78 ] [L0 ] [L1 ]
*** TRAIL_R numBytesInNALunit: 331053
POC  354 TId: 0 ( I-SLICE, QP 26 )    2648424 bits [Y 99.9900 dB    U 99.9900 dB    V 99.9900 dB] [ET  8.30 ] [L0 ] [L1 ]
*** TRAIL_R numBytesInNALunit: 330757
POC  355 TId: 0 ( I-SLICE, QP 26 )    2646056 bits [Y 99.9900 dB    U 99.9900 dB    V 99.9900 dB] [ET  8.06 ] [L0 ] [L1 ]
*** TRAIL_R numBytesInNALunit: 330125
POC  356 TId: 0 ( I-SLICE, QP 26 )    2641000 bits [Y 99.9900 dB    U 99.9900 dB    V 99.9900 dB] [ET  8.12 ] [L0 ] [L1 ]
*** TRAIL_R numBytesInNALunit: 330413
POC  357 TId: 0 ( I-SLICE, QP 26 )    2643304 bits [Y 99.9900 dB    U 99.9900 dB    V 99.9900 dB] [ET  8.31 ] [L0 ] [L1 ]
*** TRAIL_R numBytesInNALunit: 329862
POC  358 TId: 0 ( I-SLICE, QP 26 )    2638896 bits [Y 99.9900 dB    U 99.9900 dB    V 99.9900 dB] [ET  8.05 ] [L0 ] [L1 ]
*** TRAIL_R numBytesInNALunit: 330306
POC  359 TId: 0 ( I-SLICE, QP 26 )    2642448 bits [Y 99.9900 dB    U 99.9900 dB    V 99.9900 dB] [ET  8.02 ] [L0 ] [L1 ]
*** TRAIL_R numBytesInNALunit: 331335
POC  360 TId: 0 ( I-SLICE, QP 26 )    2650680 bits [Y 99.9900 dB    U 99.9900 dB    V 99.9900 dB] [ET  8.00 ] [L0 ] [L1 ]
*** TRAIL_R numBytesInNALunit: 333138
POC  361 TId: 0 ( I-SLICE, QP 26 )    2665104 bits [Y 99.9900 dB    U 99.9900 dB    V 99.9900 dB] [ET  8.00 ] [L0 ] [L1 ]
*** TRAIL_R numBytesInNALunit: 332937
POC  362 TId: 0 ( I-SLICE, QP 26 )    2663496 bits [Y 99.9900 dB    U 99.9900 dB    V 99.9900 dB] [ET  8.25 ] [L0 ] [L1 ]
*** TRAIL_R numBytesInNALunit: 334163
POC  363 TId: 0 ( I-SLICE, QP 26 )    2673304 bits [Y 99.9900 dB    U 99.9900 dB    V 99.9900 dB] [ET  8.08 ] [L0 ] [L1 ]
*** TRAIL_R numBytesInNALunit: 336461
POC  364 TId: 0 ( I-SLICE, QP 26 )    2691688 bits [Y 99.9900 dB    U 99.9900 dB    V 99.9900 dB] [ET  7.92 ] [L0 ] [L1 ]
*** TRAIL_R numBytesInNALunit: 336308
POC  365 TId: 0 ( I-SLICE, QP 26 )    2690464 bits [Y 99.9900 dB    U 99.9900 dB    V 99.9900 dB] [ET  8.02 ] [L0 ] [L1 ]
*** TRAIL_R numBytesInNALunit: 336808
POC  366 TId: 0 ( I-SLICE, QP 26 )    2694464 bits [Y 99.9900 dB    U 99.9900 dB    V 99.9900 dB] [ET  8.36 ] [L0 ] [L1 ]
*** TRAIL_R numBytesInNALunit: 338672
POC  367 TId: 0 ( I-SLICE, QP 26 )    2709376 bits [Y 99.9900 dB    U 99.9900 dB    V 99.9900 dB] [ET  8.08 ] [L0 ] [L1 ]
*** TRAIL_R numBytesInNALunit: 340042
POC  368 TId: 0 ( I-SLICE, QP 26 )    2720336 bits [Y 99.9900 dB    U 99.9900 dB    V 99.9900 dB] [ET  7.98 ] [L0 ] [L1 ]
*** TRAIL_R numBytesInNALunit: 340822
POC  369 TId: 0 ( I-SLICE, QP 26 )    2726576 bits [Y 99.9900 dB    U 99.9900 dB    V 99.9900 dB] [ET  7.98 ] [L0 ] [L1 ]
*** TRAIL_R numBytesInNALunit: 340177
POC  370 TId: 0 ( I-SLICE, QP 26 )    2721416 bits [Y 99.9900 dB    U 99.9900 dB    V 99.9900 dB] [ET  7.98 ] [L0 ] [L1 ]
*** TRAIL_R numBytesInNALunit: 341154
POC  371 TId: 0 ( I-SLICE, QP 26 )    2729232 bits [Y 99.9900 dB    U 99.9900 dB    V 99.9900 dB] [ET  8.03 ] [L0 ] [L1 ]
*** TRAIL_R numBytesInNALunit: 339552
POC  372 TId: 0 ( I-SLICE, QP 26 )    2716416 bits [Y 99.9900 dB    U 99.9900 dB    V 99.9900 dB] [ET  7.98 ] [L0 ] [L1 ]
*** TRAIL_R numBytesInNALunit: 336488
POC  373 TId: 0 ( I-SLICE, QP 26 )    2691904 bits [Y 99.9900 dB    U 99.9900 dB    V 99.9900 dB] [ET  8.09 ] [L0 ] [L1 ]
*** TRAIL_R numBytesInNALunit: 335737
POC  374 TId: 0 ( I-SLICE, QP 26 )    2685896 bits [Y 99.9900 dB    U 99.9900 dB    V 99.9900 dB] [ET  8.22 ] [L0 ] [L1 ]
*** TRAIL_R numBytesInNALunit: 325178
POC  375 TId: 0 ( I-SLICE, QP 26 )    2601424 bits [Y 99.9900 dB    U 99.9900 dB    V 99.9900 dB] [ET  8.11 ] [L0 ] [L1 ]
*** TRAIL_R numBytesInNALunit: 323745
POC  376 TId: 0 ( I-SLICE, QP 26 )    2589960 bits [Y 99.9900 dB    U 99.9900 dB    V 99.9900 dB] [ET  8.03 ] [L0 ] [L1 ]
*** TRAIL_R numBytesInNALunit: 320059
POC  377 TId: 0 ( I-SLICE, QP 26 )    2560472 bits [Y 99.9900 dB    U 99.9900 dB    V 99.9900 dB] [ET  7.86 ] [L0 ] [L1 ]
*** TRAIL_R numBytesInNALunit: 317093
POC  378 TId: 0 ( I-SLICE, QP 26 )    2536744 bits [Y 99.9900 dB    U 99.9900 dB    V 99.9900 dB] [ET  7.97 ] [L0 ] [L1 ]
*** TRAIL_R numBytesInNALunit: 317464
POC  379 TId: 0 ( I-SLICE, QP 26 )    2539712 bits [Y 99.9900 dB    U 99.9900 dB    V 99.9900 dB] [ET  7.81 ] [L0 ] [L1 ]
*** TRAIL_R numBytesInNALunit: 315637
POC  380 TId: 0 ( I-SLICE, QP 26 )    2525096 bits [Y 99.9900 dB    U 99.9900 dB    V 99.9900 dB] [ET  7.81 ] [L0 ] [L1 ]
*** TRAIL_R numBytesInNALunit: 312119
POC  381 TId: 0 ( I-SLICE, QP 26 )    2496952 bits [Y 99.9900 dB    U 99.9900 dB    V 99.9900 dB] [ET  7.81 ] [L0 ] [L1 ]
*** TRAIL_R numBytesInNALunit: 311802
POC  382 TId: 0 ( I-SLICE, QP 26 )    2494416 bits [Y 99.9900 dB    U 99.9900 dB    V 99.9900 dB] [ET  7.91 ] [L0 ] [L1 ]
*** TRAIL_R numBytesInNALunit: 313416
POC  383 TId: 0 ( I-SLICE, QP 26 )    2507328 bits [Y 99.9900 dB    U 99.9900 dB    V 99.9900 dB] [ET  7.73 ] [L0 ] [L1 ]
*** TRAIL_R numBytesInNALunit: 313952
POC  384 TId: 0 ( I-SLICE, QP 26 )    2511616 bits [Y 99.9900 dB    U 99.9900 dB    V 99.9900 dB] [ET  7.72 ] [L0 ] [L1 ]
*** TRAIL_R numBytesInNALunit: 314699
POC  385 TId: 0 ( I-SLICE, QP 26 )    2517592 bits [Y 99.9900 dB    U 99.9900 dB    V 99.9900 dB] [ET  7.81 ] [L0 ] [L1 ]
*** TRAIL_R numBytesInNALunit: 310804
POC  386 TId: 0 ( I-SLICE, QP 26 )    2486432 bits [Y 99.9900 dB    U 99.9900 dB    V 99.9900 dB] [ET  7.88 ] [L0 ] [L1 ]
*** TRAIL_R numBytesInNALunit: 311573
POC  387 TId: 0 ( I-SLICE, QP 26 )    2492584 bits [Y 99.9900 dB    U 99.9900 dB    V 99.9900 dB] [ET  7.97 ] [L0 ] [L1 ]
*** TRAIL_R numBytesInNALunit: 314118
POC  388 TId: 0 ( I-SLICE, QP 26 )    2512944 bits [Y 99.9900 dB    U 99.9900 dB    V 99.9900 dB] [ET  8.11 ] [L0 ] [L1 ]
*** TRAIL_R numBytesInNALunit: 314940
POC  389 TId: 0 ( I-SLICE, QP 26 )    2519520 bits [Y 99.9900 dB    U 99.9900 dB    V 99.9900 dB] [ET  7.89 ] [L0 ] [L1 ]
*** TRAIL_R numBytesInNALunit: 313186
POC  390 TId: 0 ( I-SLICE, QP 26 )    2505488 bits [Y 99.9900 dB    U 99.9900 dB    V 99.9900 dB] [ET  7.78 ] [L0 ] [L1 ]
*** TRAIL_R numBytesInNALunit: 315047
POC  391 TId: 0 ( I-SLICE, QP 26 )    2520376 bits [Y 99.9900 dB    U 99.9900 dB    V 99.9900 dB] [ET  7.67 ] [L0 ] [L1 ]
*** TRAIL_R numBytesInNALunit: 315509
POC  392 TId: 0 ( I-SLICE, QP 26 )    2524072 bits [Y 99.9900 dB    U 99.9900 dB    V 99.9900 dB] [ET  7.77 ] [L0 ] [L1 ]
*** TRAIL_R numBytesInNALunit: 317117
POC  393 TId: 0 ( I-SLICE, QP 26 )    2536936 bits [Y 99.9900 dB    U 99.9900 dB    V 99.9900 dB] [ET  7.77 ] [L0 ] [L1 ]
*** TRAIL_R numBytesInNALunit: 317305
POC  394 TId: 0 ( I-SLICE, QP 26 )    2538440 bits [Y 99.9900 dB    U 99.9900 dB    V 99.9900 dB] [ET  8.03 ] [L0 ] [L1 ]
*** TRAIL_R numBytesInNALunit: 317222
POC  395 TId: 0 ( I-SLICE, QP 26 )    2537776 bits [Y 99.9900 dB    U 99.9900 dB    V 99.9900 dB] [ET  7.89 ] [L0 ] [L1 ]
*** TRAIL_R numBytesInNALunit: 318044
POC  396 TId: 0 ( I-SLICE, QP 26 )    2544352 bits [Y 99.9900 dB    U 99.9900 dB    V 99.9900 dB] [ET  7.66 ] [L0 ] [L1 ]
*** TRAIL_R numBytesInNALunit: 320754
POC  397 TId: 0 ( I-SLICE, QP 26 )    2566032 bits [Y 99.9900 dB    U 99.9900 dB    V 99.9900 dB] [ET  7.50 ] [L0 ] [L1 ]
*** TRAIL_R numBytesInNALunit: 324011
POC  398 TId: 0 ( I-SLICE, QP 26 )    2592088 bits [Y 99.9900 dB    U 99.9900 dB    V 99.9900 dB] [ET  7.38 ] [L0 ] [L1 ]
*** TRAIL_R numBytesInNALunit: 321947
POC  399 TId: 0 ( I-SLICE, QP 26 )    2575576 bits [Y 99.9900 dB    U 99.9900 dB    V 99.9900 dB] [ET  7.42 ] [L0 ] [L1 ]
*** TRAIL_R numBytesInNALunit: 324286
POC  400 TId: 0 ( I-SLICE, QP 26 )    2594288 bits [Y 99.9900 dB    U 99.9900 dB    V 99.9900 dB] [ET  7.38 ] [L0 ] [L1 ]
*** TRAIL_R numBytesInNALunit: 330728
POC  401 TId: 0 ( I-SLICE, QP 26 )    2645824 bits [Y 99.9900 dB    U 99.9900 dB    V 99.9900 dB] [ET  7.48 ] [L0 ] [L1 ]
*** TRAIL_R numBytesInNALunit: 337317
POC  402 TId: 0 ( I-SLICE, QP 26 )    2698536 bits [Y 99.9900 dB    U 99.9900 dB    V 99.9900 dB] [ET  7.34 ] [L0 ] [L1 ]
*** TRAIL_R numBytesInNALunit: 341024
POC  403 TId: 0 ( I-SLICE, QP 26 )    2728192 bits [Y 99.9900 dB    U 99.9900 dB    V 99.9900 dB] [ET  7.27 ] [L0 ] [L1 ]
*** TRAIL_R numBytesInNALunit: 344708
POC  404 TId: 0 ( I-SLICE, QP 26 )    2757664 bits [Y 99.9900 dB    U 99.9900 dB    V 99.9900 dB] [ET  7.31 ] [L0 ] [L1 ]
*** TRAIL_R numBytesInNALunit: 347791
POC  405 TId: 0 ( I-SLICE, QP 26 )    2782328 bits [Y 99.9900 dB    U 99.9900 dB    V 99.9900 dB] [ET  7.41 ] [L0 ] [L1 ]
*** TRAIL_R numBytesInNALunit: 349101
POC  406 TId: 0 ( I-SLICE, QP 26 )    2792808 bits [Y 99.9900 dB    U 99.9900 dB    V 99.9900 dB] [ET  7.38 ] [L0 ] [L1 ]
*** TRAIL_R numBytesInNALunit: 346675
POC  407 TId: 0 ( I-SLICE, QP 26 )    2773400 bits [Y 99.9900 dB    U 99.9900 dB    V 99.9900 dB] [ET  7.34 ] [L0 ] [L1 ]
*** TRAIL_R numBytesInNALunit: 346258
POC  408 TId: 0 ( I-SLICE, QP 26 )    2770064 bits [Y 99.9900 dB    U 99.9900 dB    V 99.9900 dB] [ET  7.39 ] [L0 ] [L1 ]
*** TRAIL_R numBytesInNALunit: 345995
POC  409 TId: 0 ( I-SLICE, QP 26 )    2767960 bits [Y 99.9900 dB    U 99.9900 dB    V 99.9900 dB] [ET  7.31 ] [L0 ] [L1 ]
*** TRAIL_R numBytesInNALunit: 347206
POC  410 TId: 0 ( I-SLICE, QP 26 )    2777648 bits [Y 99.9900 dB    U 99.9900 dB    V 99.9900 dB] [ET  7.30 ] [L0 ] [L1 ]
*** TRAIL_R numBytesInNALunit: 345760
POC  411 TId: 0 ( I-SLICE, QP 26 )    2766080 bits [Y 99.9900 dB    U 99.9900 dB    V 99.9900 dB] [ET  7.38 ] [L0 ] [L1 ]
*** TRAIL_R numBytesInNALunit: 344991
POC  412 TId: 0 ( I-SLICE, QP 26 )    2759928 bits [Y 99.9900 dB    U 99.9900 dB    V 99.9900 dB] [ET  7.31 ] [L0 ] [L1 ]
*** TRAIL_R numBytesInNALunit: 343083
POC  413 TId: 0 ( I-SLICE, QP 26 )    2744664 bits [Y 99.9900 dB    U 99.9900 dB    V 99.9900 dB] [ET  7.42 ] [L0 ] [L1 ]
*** TRAIL_R numBytesInNALunit: 341617
POC  414 TId: 0 ( I-SLICE, QP 26 )    2732936 bits [Y 99.9900 dB    U 99.9900 dB    V 99.9900 dB] [ET  7.30 ] [L0 ] [L1 ]
*** TRAIL_R numBytesInNALunit: 341036
POC  415 TId: 0 ( I-SLICE, QP 26 )    2728288 bits [Y 99.9900 dB    U 99.9900 dB    V 99.9900 dB] [ET  7.14 ] [L0 ] [L1 ]
*** TRAIL_R numBytesInNALunit: 341992
POC  416 TId: 0 ( I-SLICE, QP 26 )    2735936 bits [Y 99.9900 dB    U 99.9900 dB    V 99.9900 dB] [ET  7.23 ] [L0 ] [L1 ]
*** TRAIL_R numBytesInNALunit: 340966
POC  417 TId: 0 ( I-SLICE, QP 26 )    2727728 bits [Y 99.9900 dB    U 99.9900 dB    V 99.9900 dB] [ET  7.14 ] [L0 ] [L1 ]
*** TRAIL_R numBytesInNALunit: 341190
POC  418 TId: 0 ( I-SLICE, QP 26 )    2729520 bits [Y 99.9900 dB    U 99.9900 dB    V 99.9900 dB] [ET  7.20 ] [L0 ] [L1 ]
*** TRAIL_R numBytesInNALunit: 337979
POC  419 TId: 0 ( I-SLICE, QP 26 )    2703832 bits [Y 99.9900 dB    U 99.9900 dB    V 99.9900 dB] [ET  7.25 ] [L0 ] [L1 ]
*** TRAIL_R numBytesInNALunit: 335693
POC  420 TId: 0 ( I-SLICE, QP 26 )    2685544 bits [Y 99.9900 dB    U 99.9900 dB    V 99.9900 dB] [ET  7.17 ] [L0 ] [L1 ]
*** TRAIL_R numBytesInNALunit: 328118
POC  421 TId: 0 ( I-SLICE, QP 26 )    2624944 bits [Y 99.9900 dB    U 99.9900 dB    V 99.9900 dB] [ET  7.67 ] [L0 ] [L1 ]
*** TRAIL_R numBytesInNALunit: 329063
POC  422 TId: 0 ( I-SLICE, QP 26 )    2632504 bits [Y 99.9900 dB    U 99.9900 dB    V 99.9900 dB] [ET  7.30 ] [L0 ] [L1 ]
*** TRAIL_R numBytesInNALunit: 329077
POC  423 TId: 0 ( I-SLICE, QP 26 )    2632616 bits [Y 99.9900 dB    U 99.9900 dB    V 99.9900 dB] [ET  7.14 ] [L0 ] [L1 ]
*** TRAIL_R numBytesInNALunit: 327700
POC  424 TId: 0 ( I-SLICE, QP 26 )    2621600 bits [Y 99.9900 dB    U 99.9900 dB    V 99.9900 dB] [ET  7.05 ] [L0 ] [L1 ]
*** TRAIL_R numBytesInNALunit: 326108
POC  425 TId: 0 ( I-SLICE, QP 26 )    2608864 bits [Y 99.9900 dB    U 99.9900 dB    V 99.9900 dB] [ET  7.09 ] [L0 ] [L1 ]
*** TRAIL_R numBytesInNALunit: 324446
POC  426 TId: 0 ( I-SLICE, QP 26 )    2595568 bits [Y 99.9900 dB    U 99.9900 dB    V 99.9900 dB] [ET  7.06 ] [L0 ] [L1 ]
*** TRAIL_R numBytesInNALunit: 322334
POC  427 TId: 0 ( I-SLICE, QP 26 )    2578672 bits [Y 99.9900 dB    U 99.9900 dB    V 99.9900 dB] [ET  7.05 ] [L0 ] [L1 ]
*** TRAIL_R numBytesInNALunit: 321204
POC  428 TId: 0 ( I-SLICE, QP 26 )    2569632 bits [Y 99.9900 dB    U 99.9900 dB    V 99.9900 dB] [ET  7.05 ] [L0 ] [L1 ]
*** TRAIL_R numBytesInNALunit: 320971
POC  429 TId: 0 ( I-SLICE, QP 26 )    2567768 bits [Y 99.9900 dB    U 99.9900 dB    V 99.9900 dB] [ET  7.17 ] [L0 ] [L1 ]
*** TRAIL_R numBytesInNALunit: 319744
POC  430 TId: 0 ( I-SLICE, QP 26 )    2557952 bits [Y 99.9900 dB    U 99.9900 dB    V 99.9900 dB] [ET  7.06 ] [L0 ] [L1 ]
*** TRAIL_R numBytesInNALunit: 319108
POC  431 TId: 0 ( I-SLICE, QP 26 )    2552864 bits [Y 99.9900 dB    U 99.9900 dB    V 99.9900 dB] [ET  7.20 ] [L0 ] [L1 ]
*** TRAIL_R numBytesInNALunit: 319545
POC  432 TId: 0 ( I-SLICE, QP 26 )    2556360 bits [Y 99.9900 dB    U 99.9900 dB    V 99.9900 dB] [ET  7.19 ] [L0 ] [L1 ]
*** TRAIL_R numBytesInNALunit: 319095
POC  433 TId: 0 ( I-SLICE, QP 26 )    2552760 bits [Y 99.9900 dB    U 99.9900 dB    V 99.9900 dB] [ET  7.16 ] [L0 ] [L1 ]
*** TRAIL_R numBytesInNALunit: 321006
POC  434 TId: 0 ( I-SLICE, QP 26 )    2568048 bits [Y 99.9900 dB    U 99.9900 dB    V 99.9900 dB] [ET  7.16 ] [L0 ] [L1 ]
*** TRAIL_R numBytesInNALunit: 323770
POC  435 TId: 0 ( I-SLICE, QP 26 )    2590160 bits [Y 99.9900 dB    U 99.9900 dB    V 99.9900 dB] [ET  7.27 ] [L0 ] [L1 ]
*** TRAIL_R numBytesInNALunit: 324968
POC  436 TId: 0 ( I-SLICE, QP 26 )    2599744 bits [Y 99.9900 dB    U 99.9900 dB    V 99.9900 dB] [ET  7.27 ] [L0 ] [L1 ]
*** TRAIL_R numBytesInNALunit: 327177
POC  437 TId: 0 ( I-SLICE, QP 26 )    2617416 bits [Y 99.9900 dB    U 99.9900 dB    V 99.9900 dB] [ET  7.23 ] [L0 ] [L1 ]
*** TRAIL_R numBytesInNALunit: 328297
POC  438 TId: 0 ( I-SLICE, QP 26 )    2626376 bits [Y 99.9900 dB    U 99.9900 dB    V 99.9900 dB] [ET  7.31 ] [L0 ] [L1 ]
*** TRAIL_R numBytesInNALunit: 330895
POC  439 TId: 0 ( I-SLICE, QP 26 )    2647160 bits [Y 99.9900 dB    U 99.9900 dB    V 99.9900 dB] [ET  7.20 ] [L0 ] [L1 ]
*** TRAIL_R numBytesInNALunit: 332108
POC  440 TId: 0 ( I-SLICE, QP 26 )    2656864 bits [Y 99.9900 dB    U 99.9900 dB    V 99.9900 dB] [ET  7.14 ] [L0 ] [L1 ]
*** TRAIL_R numBytesInNALunit: 335388
POC  441 TId: 0 ( I-SLICE, QP 26 )    2683104 bits [Y 99.9900 dB    U 99.9900 dB    V 99.9900 dB] [ET  7.16 ] [L0 ] [L1 ]
*** TRAIL_R numBytesInNALunit: 338122
POC  442 TId: 0 ( I-SLICE, QP 26 )    2704976 bits [Y 99.9900 dB    U 99.9900 dB    V 99.9900 dB] [ET  7.20 ] [L0 ] [L1 ]
*** TRAIL_R numBytesInNALunit: 337860
POC  443 TId: 0 ( I-SLICE, QP 26 )    2702880 bits [Y 99.9900 dB    U 99.9900 dB    V 99.9900 dB] [ET  7.33 ] [L0 ] [L1 ]
*** TRAIL_R numBytesInNALunit: 340180
POC  444 TId: 0 ( I-SLICE, QP 26 )    2721440 bits [Y 99.9900 dB    U 99.9900 dB    V 99.9900 dB] [ET  7.27 ] [L0 ] [L1 ]
*** TRAIL_R numBytesInNALunit: 343030
POC  445 TId: 0 ( I-SLICE, QP 26 )    2744240 bits [Y 99.9900 dB    U 99.9900 dB    V 99.9900 dB] [ET  7.12 ] [L0 ] [L1 ]
*** TRAIL_R numBytesInNALunit: 344400
POC  446 TId: 0 ( I-SLICE, QP 26 )    2755200 bits [Y 99.9900 dB    U 99.9900 dB    V 99.9900 dB] [ET  7.25 ] [L0 ] [L1 ]
*** TRAIL_R numBytesInNALunit: 346038
POC  447 TId: 0 ( I-SLICE, QP 26 )    2768304 bits [Y 99.9900 dB    U 99.9900 dB    V 99.9900 dB] [ET  7.20 ] [L0 ] [L1 ]
*** TRAIL_R numBytesInNALunit: 343924
POC  448 TId: 0 ( I-SLICE, QP 26 )    2751392 bits [Y 99.9900 dB    U 99.9900 dB    V 99.9900 dB] [ET  7.41 ] [L0 ] [L1 ]
*** TRAIL_R numBytesInNALunit: 343010
POC  449 TId: 0 ( I-SLICE, QP 26 )    2744080 bits [Y 99.9900 dB    U 99.9900 dB    V 99.9900 dB] [ET  7.28 ] [L0 ] [L1 ]
*** TRAIL_R numBytesInNALunit: 341105
POC  450 TId: 0 ( I-SLICE, QP 26 )    2728840 bits [Y 99.9900 dB    U 99.9900 dB    V 99.9900 dB] [ET  7.33 ] [L0 ] [L1 ]
*** TRAIL_R numBytesInNALunit: 338956
POC  451 TId: 0 ( I-SLICE, QP 26 )    2711648 bits [Y 99.9900 dB    U 99.9900 dB    V 99.9900 dB] [ET  7.28 ] [L0 ] [L1 ]
*** TRAIL_R numBytesInNALunit: 337306
POC  452 TId: 0 ( I-SLICE, QP 26 )    2698448 bits [Y 99.9900 dB    U 99.9900 dB    V 99.9900 dB] [ET  7.14 ] [L0 ] [L1 ]
*** TRAIL_R numBytesInNALunit: 334576
POC  453 TId: 0 ( I-SLICE, QP 26 )    2676608 bits [Y 99.9900 dB    U 99.9900 dB    V 99.9900 dB] [ET  7.14 ] [L0 ] [L1 ]
*** TRAIL_R numBytesInNALunit: 332695
POC  454 TId: 0 ( I-SLICE, QP 26 )    2661560 bits [Y 99.9900 dB    U 99.9900 dB    V 99.9900 dB] [ET  7.25 ] [L0 ] [L1 ]
*** TRAIL_R numBytesInNALunit: 328984
POC  455 TId: 0 ( I-SLICE, QP 26 )    2631872 bits [Y 99.9900 dB    U 99.9900 dB    V 99.9900 dB] [ET  7.16 ] [L0 ] [L1 ]
*** TRAIL_R numBytesInNALunit: 326575
POC  456 TId: 0 ( I-SLICE, QP 26 )    2612600 bits [Y 99.9900 dB    U 99.9900 dB    V 99.9900 dB] [ET  7.16 ] [L0 ] [L1 ]
*** TRAIL_R numBytesInNALunit: 326058
POC  457 TId: 0 ( I-SLICE, QP 26 )    2608464 bits [Y 99.9900 dB    U 99.9900 dB    V 99.9900 dB] [ET  7.17 ] [L0 ] [L1 ]
*** TRAIL_R numBytesInNALunit: 324196
POC  458 TId: 0 ( I-SLICE, QP 26 )    2593568 bits [Y 99.9900 dB    U 99.9900 dB    V 99.9900 dB] [ET  7.12 ] [L0 ] [L1 ]
*** TRAIL_R numBytesInNALunit: 322159
POC  459 TId: 0 ( I-SLICE, QP 26 )    2577272 bits [Y 99.9900 dB    U 99.9900 dB    V 99.9900 dB] [ET  7.11 ] [L0 ] [L1 ]
*** TRAIL_R numBytesInNALunit: 321878
POC  460 TId: 0 ( I-SLICE, QP 26 )    2575024 bits [Y 99.9900 dB    U 99.9900 dB    V 99.9900 dB] [ET  7.08 ] [L0 ] [L1 ]
*** TRAIL_R numBytesInNALunit: 321810
POC  461 TId: 0 ( I-SLICE, QP 26 )    2574480 bits [Y 99.9900 dB    U 99.9900 dB    V 99.9900 dB] [ET  7.09 ] [L0 ] [L1 ]
*** TRAIL_R numBytesInNALunit: 320566
POC  462 TId: 0 ( I-SLICE, QP 26 )    2564528 bits [Y 99.9900 dB    U 99.9900 dB    V 99.9900 dB] [ET  7.08 ] [L0 ] [L1 ]
*** TRAIL_R numBytesInNALunit: 319657
POC  463 TId: 0 ( I-SLICE, QP 26 )    2557256 bits [Y 99.9900 dB    U 99.9900 dB    V 99.9900 dB] [ET  7.27 ] [L0 ] [L1 ]
*** TRAIL_R numBytesInNALunit: 319898
POC  464 TId: 0 ( I-SLICE, QP 26 )    2559184 bits [Y 99.9900 dB    U 99.9900 dB    V 99.9900 dB] [ET  7.17 ] [L0 ] [L1 ]
*** TRAIL_R numBytesInNALunit: 319369
POC  465 TId: 0 ( I-SLICE, QP 26 )    2554952 bits [Y 99.9900 dB    U 99.9900 dB    V 99.9900 dB] [ET  7.16 ] [L0 ] [L1 ]
*** TRAIL_R numBytesInNALunit: 320168
POC  466 TId: 0 ( I-SLICE, QP 26 )    2561344 bits [Y 99.9900 dB    U 99.9900 dB    V 99.9900 dB] [ET  7.08 ] [L0 ] [L1 ]
*** TRAIL_R numBytesInNALunit: 323789
POC  467 TId: 0 ( I-SLICE, QP 26 )    2590312 bits [Y 99.9900 dB    U 99.9900 dB    V 99.9900 dB] [ET  7.12 ] [L0 ] [L1 ]
*** TRAIL_R numBytesInNALunit: 322292
POC  468 TId: 0 ( I-SLICE, QP 26 )    2578336 bits [Y 99.9900 dB    U 99.9900 dB    V 99.9900 dB] [ET  7.11 ] [L0 ] [L1 ]
*** TRAIL_R numBytesInNALunit: 320799
POC  469 TId: 0 ( I-SLICE, QP 26 )    2566392 bits [Y 99.9900 dB    U 99.9900 dB    V 99.9900 dB] [ET  7.16 ] [L0 ] [L1 ]
*** TRAIL_R numBytesInNALunit: 318230
POC  470 TId: 0 ( I-SLICE, QP 26 )    2545840 bits [Y 99.9900 dB    U 99.9900 dB    V 99.9900 dB] [ET  7.08 ] [L0 ] [L1 ]
*** TRAIL_R numBytesInNALunit: 316818
POC  471 TId: 0 ( I-SLICE, QP 26 )    2534544 bits [Y 99.9900 dB    U 99.9900 dB    V 99.9900 dB] [ET  7.05 ] [L0 ] [L1 ]
*** TRAIL_R numBytesInNALunit: 315428
POC  472 TId: 0 ( I-SLICE, QP 26 )    2523424 bits [Y 99.9900 dB    U 99.9900 dB    V 99.9900 dB] [ET  7.08 ] [L0 ] [L1 ]
*** TRAIL_R numBytesInNALunit: 315666
POC  473 TId: 0 ( I-SLICE, QP 26 )    2525328 bits [Y 99.9900 dB    U 99.9900 dB    V 99.9900 dB] [ET  7.16 ] [L0 ] [L1 ]
*** TRAIL_R numBytesInNALunit: 315939
POC  474 TId: 0 ( I-SLICE, QP 26 )    2527512 bits [Y 99.9900 dB    U 99.9900 dB    V 99.9900 dB] [ET  7.09 ] [L0 ] [L1 ]
*** TRAIL_R numBytesInNALunit: 315574
POC  475 TId: 0 ( I-SLICE, QP 26 )    2524592 bits [Y 99.9900 dB    U 99.9900 dB    V 99.9900 dB] [ET  7.14 ] [L0 ] [L1 ]
*** TRAIL_R numBytesInNALunit: 312446
POC  476 TId: 0 ( I-SLICE, QP 26 )    2499568 bits [Y 99.9900 dB    U 99.9900 dB    V 99.9900 dB] [ET  7.03 ] [L0 ] [L1 ]
*** TRAIL_R numBytesInNALunit: 311651
POC  477 TId: 0 ( I-SLICE, QP 26 )    2493208 bits [Y 99.9900 dB    U 99.9900 dB    V 99.9900 dB] [ET  7.11 ] [L0 ] [L1 ]
*** TRAIL_R numBytesInNALunit: 311858
POC  478 TId: 0 ( I-SLICE, QP 26 )    2494864 bits [Y 99.9900 dB    U 99.9900 dB    V 99.9900 dB] [ET  7.05 ] [L0 ] [L1 ]
*** TRAIL_R numBytesInNALunit: 311700
POC  479 TId: 0 ( I-SLICE, QP 26 )    2493600 bits [Y 99.9900 dB    U 99.9900 dB    V 99.9900 dB] [ET  7.05 ] [L0 ] [L1 ]
*** TRAIL_R numBytesInNALunit: 311770
POC  480 TId: 0 ( I-SLICE, QP 26 )    2494160 bits [Y 99.9900 dB    U 99.9900 dB    V 99.9900 dB] [ET  7.16 ] [L0 ] [L1 ]
*** TRAIL_R numBytesInNALunit: 313372
POC  481 TId: 0 ( I-SLICE, QP 26 )    2506976 bits [Y 99.9900 dB    U 99.9900 dB    V 99.9900 dB] [ET  7.12 ] [L0 ] [L1 ]
*** TRAIL_R numBytesInNALunit: 315782
POC  482 TId: 0 ( I-SLICE, QP 26 )    2526256 bits [Y 99.9900 dB    U 99.9900 dB    V 99.9900 dB] [ET  7.05 ] [L0 ] [L1 ]
*** TRAIL_R numBytesInNALunit: 317357
POC  483 TId: 0 ( I-SLICE, QP 26 )    2538856 bits [Y 99.9900 dB    U 99.9900 dB    V 99.9900 dB] [ET  7.05 ] [L0 ] [L1 ]
*** TRAIL_R numBytesInNALunit: 317956
POC  484 TId: 0 ( I-SLICE, QP 26 )    2543648 bits [Y 99.9900 dB    U 99.9900 dB    V 99.9900 dB] [ET  7.02 ] [L0 ] [L1 ]
*** TRAIL_R numBytesInNALunit: 321395
POC  485 TId: 0 ( I-SLICE, QP 26 )    2571160 bits [Y 99.9900 dB    U 99.9900 dB    V 99.9900 dB] [ET  7.03 ] [L0 ] [L1 ]
*** TRAIL_R numBytesInNALunit: 325176
POC  486 TId: 0 ( I-SLICE, QP 26 )    2601408 bits [Y 99.9900 dB    U 99.9900 dB    V 99.9900 dB] [ET  7.06 ] [L0 ] [L1 ]
*** TRAIL_R numBytesInNALunit: 327093
POC  487 TId: 0 ( I-SLICE, QP 26 )    2616744 bits [Y 99.9900 dB    U 99.9900 dB    V 99.9900 dB] [ET  7.05 ] [L0 ] [L1 ]
*** TRAIL_R numBytesInNALunit: 327447
POC  488 TId: 0 ( I-SLICE, QP 26 )    2619576 bits [Y 99.9900 dB    U 99.9900 dB    V 99.9900 dB] [ET  7.17 ] [L0 ] [L1 ]
*** TRAIL_R numBytesInNALunit: 328746
POC  489 TId: 0 ( I-SLICE, QP 26 )    2629968 bits [Y 99.9900 dB    U 99.9900 dB    V 99.9900 dB] [ET  7.08 ] [L0 ] [L1 ]
*** TRAIL_R numBytesInNALunit: 334597
POC  490 TId: 0 ( I-SLICE, QP 26 )    2676776 bits [Y 99.9900 dB    U 99.9900 dB    V 99.9900 dB] [ET  7.14 ] [L0 ] [L1 ]
*** TRAIL_R numBytesInNALunit: 336712
POC  491 TId: 0 ( I-SLICE, QP 26 )    2693696 bits [Y 99.9900 dB    U 99.9900 dB    V 99.9900 dB] [ET  7.12 ] [L0 ] [L1 ]
*** TRAIL_R numBytesInNALunit: 339296
POC  492 TId: 0 ( I-SLICE, QP 26 )    2714368 bits [Y 99.9900 dB    U 99.9900 dB    V 99.9900 dB] [ET  7.09 ] [L0 ] [L1 ]
*** TRAIL_R numBytesInNALunit: 339524
POC  493 TId: 0 ( I-SLICE, QP 26 )    2716192 bits [Y 99.9900 dB    U 99.9900 dB    V 99.9900 dB] [ET  7.16 ] [L0 ] [L1 ]
*** TRAIL_R numBytesInNALunit: 340371
POC  494 TId: 0 ( I-SLICE, QP 26 )    2722968 bits [Y 99.9900 dB    U 99.9900 dB    V 99.9900 dB] [ET  7.20 ] [L0 ] [L1 ]
*** TRAIL_R numBytesInNALunit: 340159
POC  495 TId: 0 ( I-SLICE, QP 26 )    2721272 bits [Y 99.9900 dB    U 99.9900 dB    V 99.9900 dB] [ET  7.17 ] [L0 ] [L1 ]
*** TRAIL_R numBytesInNALunit: 343334
POC  496 TId: 0 ( I-SLICE, QP 26 )    2746672 bits [Y 99.9900 dB    U 99.9900 dB    V 99.9900 dB] [ET  7.19 ] [L0 ] [L1 ]
*** TRAIL_R numBytesInNALunit: 346159
POC  497 TId: 0 ( I-SLICE, QP 26 )    2769272 bits [Y 99.9900 dB    U 99.9900 dB    V 99.9900 dB] [ET  7.19 ] [L0 ] [L1 ]
*** TRAIL_R numBytesInNALunit: 345285
POC  498 TId: 0 ( I-SLICE, QP 26 )    2762280 bits [Y 99.9900 dB    U 99.9900 dB    V 99.9900 dB] [ET  7.12 ] [L0 ] [L1 ]
*** TRAIL_R numBytesInNALunit: 342542
POC  499 TId: 0 ( I-SLICE, QP 26 )    2740336 bits [Y 99.9900 dB    U 99.9900 dB    V 99.9900 dB] [ET  7.16 ] [L0 ] [L1 ]


I Slices--------------------------------------------------------
	Total Frames |  Bitrate    Y-PSNR    U-PSNR    V-PSNR 
	      500    i  78756.3461   99.9900   99.9900   99.9900
Bytes written to file: 164077732 (78757.311 kbps)
Bytes for SPS/PPS/Slice (Incl. Annex B): 164077732 (78757.311 kbps)

 Total Time:     5266.656 sec.
