
HM software: Encoder Version [15.0][Linux][GCC 4.8.5][64 bit] 

Input          File          : ../../HEVC_test_sequence/ClassE/FourPeople_1280x720_60.yuv
Bitstream      File          : FourPeople.bin
Reconstruction File          : FourPeople.yuv
Real     Format              : 1280x720 60Hz
Internal Format              : 1280x720 60Hz
Frame/Field                  : Frame based coding
Frame index                  : 0 - 599 (600 frames)
CU size / depth              : 32 / 3
RQT trans. size (min / max)  : 4 / 32
Max RQT depth inter          : 3
Max RQT depth intra          : 1
Min PCM size                 : 8
Motion search range          : 64
Intra period                 : 1
Decoding refresh type        : 0
QP                           : 26.00
Max dQP signaling depth      : 0
Cb QP Offset                 : 0
Cr QP Offset                 : 0
QP adaptation                : 0 (range=0)
GOP size                     : 1
Internal bit depth           : (Y:8, C:8)
PCM sample bit depth         : (Y:8, C:8)
RateControl                  : 0
Max Num Merge Candidates     : 5

TOOL CFG: IBD:0 HAD:0 RDQ:0 RDQTS:0 RDpenalty:0 SQP:0 ASR:0 FEN:0 ECU:0 FDM:0 CFM:0 ESD:0 RQT:1 TransformSkip:0 TransformSkipFast:0 Slice: M=0 SliceSegment: M=0 CIP:0 SAO:0 PCM:0 TransQuantBypassEnabled: =1 WPP:0 WPB:0 PME:2  WaveFrontSynchro:0 WaveFrontSubstreams:1 ScalingList:0 TMVPMode:1  SignBitHidingFlag:1 RecalQP:0

***    VPS numBytesInNALunit: 24
***    SPS numBytesInNALunit: 31
***    PPS numBytesInNALunit: 7
*** IDR_W_RADL numBytesInNALunit: 478789
POC    0 TId: 0 ( I-SLICE, QP 26 )    3830808 bits [Y 99.9900 dB    U 99.9900 dB    V 99.9900 dB] [ET 14.03 ] [L0 ] [L1 ]
*** TRAIL_R numBytesInNALunit: 478844
POC    1 TId: 0 ( I-SLICE, QP 26 )    3830752 bits [Y 99.9900 dB    U 99.9900 dB    V 99.9900 dB] [ET 14.03 ] [L0 ] [L1 ]
*** TRAIL_R numBytesInNALunit: 478627
POC    2 TId: 0 ( I-SLICE, QP 26 )    3829016 bits [Y 99.9900 dB    U 99.9900 dB    V 99.9900 dB] [ET 13.66 ] [L0 ] [L1 ]
*** TRAIL_R numBytesInNALunit: 478790
POC    3 TId: 0 ( I-SLICE, QP 26 )    3830320 bits [Y 99.9900 dB    U 99.9900 dB    V 99.9900 dB] [ET 14.03 ] [L0 ] [L1 ]
*** TRAIL_R numBytesInNALunit: 478947
POC    4 TId: 0 ( I-SLICE, QP 26 )    3831576 bits [Y 99.9900 dB    U 99.9900 dB    V 99.9900 dB] [ET 14.16 ] [L0 ] [L1 ]
*** TRAIL_R numBytesInNALunit: 479205
POC    5 TId: 0 ( I-SLICE, QP 26 )    3833640 bits [Y 99.9900 dB    U 99.9900 dB    V 99.9900 dB] [ET 13.70 ] [L0 ] [L1 ]
*** TRAIL_R numBytesInNALunit: 479003
POC    6 TId: 0 ( I-SLICE, QP 26 )    3832024 bits [Y 99.9900 dB    U 99.9900 dB    V 99.9900 dB] [ET 13.89 ] [L0 ] [L1 ]
*** TRAIL_R numBytesInNALunit: 478888
POC    7 TId: 0 ( I-SLICE, QP 26 )    3831104 bits [Y 99.9900 dB    U 99.9900 dB    V 99.9900 dB] [ET 13.91 ] [L0 ] [L1 ]
*** TRAIL_R numBytesInNALunit: 478771
POC    8 TId: 0 ( I-SLICE, QP 26 )    3830168 bits [Y 99.9900 dB    U 99.9900 dB    V 99.9900 dB] [ET 13.69 ] [L0 ] [L1 ]
*** TRAIL_R numBytesInNALunit: 479320
POC    9 TId: 0 ( I-SLICE, QP 26 )    3834560 bits [Y 99.9900 dB    U 99.9900 dB    V 99.9900 dB] [ET 14.05 ] [L0 ] [L1 ]
*** TRAIL_R numBytesInNALunit: 479297
POC   10 TId: 0 ( I-SLICE, QP 26 )    3834376 bits [Y 99.9900 dB    U 99.9900 dB    V 99.9900 dB] [ET 13.72 ] [L0 ] [L1 ]
*** TRAIL_R numBytesInNALunit: 478814
POC   11 TId: 0 ( I-SLICE, QP 26 )    3830512 bits [Y 99.9900 dB    U 99.9900 dB    V 99.9900 dB] [ET 13.88 ] [L0 ] [L1 ]
*** TRAIL_R numBytesInNALunit: 479520
POC   12 TId: 0 ( I-SLICE, QP 26 )    3836160 bits [Y 99.9900 dB    U 99.9900 dB    V 99.9900 dB] [ET 13.80 ] [L0 ] [L1 ]
*** TRAIL_R numBytesInNALunit: 478789
POC   13 TId: 0 ( I-SLICE, QP 26 )    3830312 bits [Y 99.9900 dB    U 99.9900 dB    V 99.9900 dB] [ET 13.95 ] [L0 ] [L1 ]
*** TRAIL_R numBytesInNALunit: 479338
POC   14 TId: 0 ( I-SLICE, QP 26 )    3834704 bits [Y 99.9900 dB    U 99.9900 dB    V 99.9900 dB] [ET 13.89 ] [L0 ] [L1 ]
*** TRAIL_R numBytesInNALunit: 479139
POC   15 TId: 0 ( I-SLICE, QP 26 )    3833112 bits [Y 99.9900 dB    U 99.9900 dB    V 99.9900 dB] [ET 13.91 ] [L0 ] [L1 ]
*** TRAIL_R numBytesInNALunit: 479183
POC   16 TId: 0 ( I-SLICE, QP 26 )    3833464 bits [Y 99.9900 dB    U 99.9900 dB    V 99.9900 dB] [ET 13.86 ] [L0 ] [L1 ]
*** TRAIL_R numBytesInNALunit: 479249
POC   17 TId: 0 ( I-SLICE, QP 26 )    3833992 bits [Y 99.9900 dB    U 99.9900 dB    V 99.9900 dB] [ET 13.95 ] [L0 ] [L1 ]
*** TRAIL_R numBytesInNALunit: 479167
POC   18 TId: 0 ( I-SLICE, QP 26 )    3833336 bits [Y 99.9900 dB    U 99.9900 dB    V 99.9900 dB] [ET 13.73 ] [L0 ] [L1 ]
*** TRAIL_R numBytesInNALunit: 479234
POC   19 TId: 0 ( I-SLICE, QP 26 )    3833872 bits [Y 99.9900 dB    U 99.9900 dB    V 99.9900 dB] [ET 13.84 ] [L0 ] [L1 ]
*** TRAIL_R numBytesInNALunit: 479178
POC   20 TId: 0 ( I-SLICE, QP 26 )    3833424 bits [Y 99.9900 dB    U 99.9900 dB    V 99.9900 dB] [ET 13.97 ] [L0 ] [L1 ]
*** TRAIL_R numBytesInNALunit: 479135
POC   21 TId: 0 ( I-SLICE, QP 26 )    3833080 bits [Y 99.9900 dB    U 99.9900 dB    V 99.9900 dB] [ET 13.89 ] [L0 ] [L1 ]
*** TRAIL_R numBytesInNALunit: 479172
POC   22 TId: 0 ( I-SLICE, QP 26 )    3833376 bits [Y 99.9900 dB    U 99.9900 dB    V 99.9900 dB] [ET 14.09 ] [L0 ] [L1 ]
*** TRAIL_R numBytesInNALunit: 478650
POC   23 TId: 0 ( I-SLICE, QP 26 )    3829200 bits [Y 99.9900 dB    U 99.9900 dB    V 99.9900 dB] [ET 13.95 ] [L0 ] [L1 ]
*** TRAIL_R numBytesInNALunit: 478927
POC   24 TId: 0 ( I-SLICE, QP 26 )    3831416 bits [Y 99.9900 dB    U 99.9900 dB    V 99.9900 dB] [ET 14.00 ] [L0 ] [L1 ]
*** TRAIL_R numBytesInNALunit: 478056
POC   25 TId: 0 ( I-SLICE, QP 26 )    3824448 bits [Y 99.9900 dB    U 99.9900 dB    V 99.9900 dB] [ET 13.88 ] [L0 ] [L1 ]
*** TRAIL_R numBytesInNALunit: 479044
POC   26 TId: 0 ( I-SLICE, QP 26 )    3832352 bits [Y 99.9900 dB    U 99.9900 dB    V 99.9900 dB] [ET 13.28 ] [L0 ] [L1 ]
*** TRAIL_R numBytesInNALunit: 478525
POC   27 TId: 0 ( I-SLICE, QP 26 )    3828200 bits [Y 99.9900 dB    U 99.9900 dB    V 99.9900 dB] [ET 13.72 ] [L0 ] [L1 ]
*** TRAIL_R numBytesInNALunit: 478066
POC   28 TId: 0 ( I-SLICE, QP 26 )    3824528 bits [Y 99.9900 dB    U 99.9900 dB    V 99.9900 dB] [ET 13.67 ] [L0 ] [L1 ]
*** TRAIL_R numBytesInNALunit: 478234
POC   29 TId: 0 ( I-SLICE, QP 26 )    3825872 bits [Y 99.9900 dB    U 99.9900 dB    V 99.9900 dB] [ET 13.98 ] [L0 ] [L1 ]
*** TRAIL_R numBytesInNALunit: 479447
POC   30 TId: 0 ( I-SLICE, QP 26 )    3835576 bits [Y 99.9900 dB    U 99.9900 dB    V 99.9900 dB] [ET 13.91 ] [L0 ] [L1 ]
*** TRAIL_R numBytesInNALunit: 478333
POC   31 TId: 0 ( I-SLICE, QP 26 )    3826664 bits [Y 99.9900 dB    U 99.9900 dB    V 99.9900 dB] [ET 14.02 ] [L0 ] [L1 ]
*** TRAIL_R numBytesInNALunit: 478860
POC   32 TId: 0 ( I-SLICE, QP 26 )    3830880 bits [Y 99.9900 dB    U 99.9900 dB    V 99.9900 dB] [ET 13.52 ] [L0 ] [L1 ]
*** TRAIL_R numBytesInNALunit: 478305
POC   33 TId: 0 ( I-SLICE, QP 26 )    3826440 bits [Y 99.9900 dB    U 99.9900 dB    V 99.9900 dB] [ET 13.92 ] [L0 ] [L1 ]
*** TRAIL_R numBytesInNALunit: 479251
POC   34 TId: 0 ( I-SLICE, QP 26 )    3834008 bits [Y 99.9900 dB    U 99.9900 dB    V 99.9900 dB] [ET 13.78 ] [L0 ] [L1 ]
*** TRAIL_R numBytesInNALunit: 478857
POC   35 TId: 0 ( I-SLICE, QP 26 )    3830856 bits [Y 99.9900 dB    U 99.9900 dB    V 99.9900 dB] [ET 13.98 ] [L0 ] [L1 ]
*** TRAIL_R numBytesInNALunit: 478985
POC   36 TId: 0 ( I-SLICE, QP 26 )    3831880 bits [Y 99.9900 dB    U 99.9900 dB    V 99.9900 dB] [ET 13.75 ] [L0 ] [L1 ]
*** TRAIL_R numBytesInNALunit: 478999
POC   37 TId: 0 ( I-SLICE, QP 26 )    3831992 bits [Y 99.9900 dB    U 99.9900 dB    V 99.9900 dB] [ET 13.97 ] [L0 ] [L1 ]
*** TRAIL_R numBytesInNALunit: 478855
POC   38 TId: 0 ( I-SLICE, QP 26 )    3830840 bits [Y 99.9900 dB    U 99.9900 dB    V 99.9900 dB] [ET 13.78 ] [L0 ] [L1 ]
*** TRAIL_R numBytesInNALunit: 478687
POC   39 TId: 0 ( I-SLICE, QP 26 )    3829496 bits [Y 99.9900 dB    U 99.9900 dB    V 99.9900 dB] [ET 13.69 ] [L0 ] [L1 ]
*** TRAIL_R numBytesInNALunit: 479266
POC   40 TId: 0 ( I-SLICE, QP 26 )    3834128 bits [Y 99.9900 dB    U 99.9900 dB    V 99.9900 dB] [ET 14.23 ] [L0 ] [L1 ]
*** TRAIL_R numBytesInNALunit: 478621
POC   41 TId: 0 ( I-SLICE, QP 26 )    3828968 bits [Y 99.9900 dB    U 99.9900 dB    V 99.9900 dB] [ET 13.89 ] [L0 ] [L1 ]
*** TRAIL_R numBytesInNALunit: 478463
POC   42 TId: 0 ( I-SLICE, QP 26 )    3827704 bits [Y 99.9900 dB    U 99.9900 dB    V 99.9900 dB] [ET 13.97 ] [L0 ] [L1 ]
*** TRAIL_R numBytesInNALunit: 478688
POC   43 TId: 0 ( I-SLICE, QP 26 )    3829504 bits [Y 99.9900 dB    U 99.9900 dB    V 99.9900 dB] [ET 13.83 ] [L0 ] [L1 ]
*** TRAIL_R numBytesInNALunit: 479454
POC   44 TId: 0 ( I-SLICE, QP 26 )    3835632 bits [Y 99.9900 dB    U 99.9900 dB    V 99.9900 dB] [ET 13.97 ] [L0 ] [L1 ]
*** TRAIL_R numBytesInNALunit: 478716
POC   45 TId: 0 ( I-SLICE, QP 26 )    3829728 bits [Y 99.9900 dB    U 99.9900 dB    V 99.9900 dB] [ET 13.89 ] [L0 ] [L1 ]
*** TRAIL_R numBytesInNALunit: 478399
POC   46 TId: 0 ( I-SLICE, QP 26 )    3827192 bits [Y 99.9900 dB    U 99.9900 dB    V 99.9900 dB] [ET 14.06 ] [L0 ] [L1 ]
*** TRAIL_R numBytesInNALunit: 478526
POC   47 TId: 0 ( I-SLICE, QP 26 )    3828208 bits [Y 99.9900 dB    U 99.9900 dB    V 99.9900 dB] [ET 14.22 ] [L0 ] [L1 ]
*** TRAIL_R numBytesInNALunit: 479489
POC   48 TId: 0 ( I-SLICE, QP 26 )    3835912 bits [Y 99.9900 dB    U 99.9900 dB    V 99.9900 dB] [ET 13.78 ] [L0 ] [L1 ]
*** TRAIL_R numBytesInNALunit: 478373
POC   49 TId: 0 ( I-SLICE, QP 26 )    3826984 bits [Y 99.9900 dB    U 99.9900 dB    V 99.9900 dB] [ET 13.67 ] [L0 ] [L1 ]
*** TRAIL_R numBytesInNALunit: 477795
POC   50 TId: 0 ( I-SLICE, QP 26 )    3822360 bits [Y 99.9900 dB    U 99.9900 dB    V 99.9900 dB] [ET 13.80 ] [L0 ] [L1 ]
*** TRAIL_R numBytesInNALunit: 477940
POC   51 TId: 0 ( I-SLICE, QP 26 )    3823520 bits [Y 99.9900 dB    U 99.9900 dB    V 99.9900 dB] [ET 14.66 ] [L0 ] [L1 ]
*** TRAIL_R numBytesInNALunit: 478947
POC   52 TId: 0 ( I-SLICE, QP 26 )    3831576 bits [Y 99.9900 dB    U 99.9900 dB    V 99.9900 dB] [ET 13.77 ] [L0 ] [L1 ]
*** TRAIL_R numBytesInNALunit: 478275
POC   53 TId: 0 ( I-SLICE, QP 26 )    3826200 bits [Y 99.9900 dB    U 99.9900 dB    V 99.9900 dB] [ET 13.55 ] [L0 ] [L1 ]
*** TRAIL_R numBytesInNALunit: 477832
POC   54 TId: 0 ( I-SLICE, QP 26 )    3822656 bits [Y 99.9900 dB    U 99.9900 dB    V 99.9900 dB] [ET 14.06 ] [L0 ] [L1 ]
*** TRAIL_R numBytesInNALunit: 478033
POC   55 TId: 0 ( I-SLICE, QP 26 )    3824264 bits [Y 99.9900 dB    U 99.9900 dB    V 99.9900 dB] [ET 13.80 ] [L0 ] [L1 ]
*** TRAIL_R numBytesInNALunit: 478826
POC   56 TId: 0 ( I-SLICE, QP 26 )    3830608 bits [Y 99.9900 dB    U 99.9900 dB    V 99.9900 dB] [ET 14.09 ] [L0 ] [L1 ]
*** TRAIL_R numBytesInNALunit: 478489
POC   57 TId: 0 ( I-SLICE, QP 26 )    3827912 bits [Y 99.9900 dB    U 99.9900 dB    V 99.9900 dB] [ET 14.03 ] [L0 ] [L1 ]
*** TRAIL_R numBytesInNALunit: 479143
POC   58 TId: 0 ( I-SLICE, QP 26 )    3833144 bits [Y 99.9900 dB    U 99.9900 dB    V 99.9900 dB] [ET 13.88 ] [L0 ] [L1 ]
*** TRAIL_R numBytesInNALunit: 479296
POC   59 TId: 0 ( I-SLICE, QP 26 )    3834368 bits [Y 99.9900 dB    U 99.9900 dB    V 99.9900 dB] [ET 13.92 ] [L0 ] [L1 ]
*** TRAIL_R numBytesInNALunit: 479424
POC   60 TId: 0 ( I-SLICE, QP 26 )    3835392 bits [Y 99.9900 dB    U 99.9900 dB    V 99.9900 dB] [ET 13.50 ] [L0 ] [L1 ]
*** TRAIL_R numBytesInNALunit: 478516
POC   61 TId: 0 ( I-SLICE, QP 26 )    3828128 bits [Y 99.9900 dB    U 99.9900 dB    V 99.9900 dB] [ET 13.88 ] [L0 ] [L1 ]
*** TRAIL_R numBytesInNALunit: 479442
POC   62 TId: 0 ( I-SLICE, QP 26 )    3835536 bits [Y 99.9900 dB    U 99.9900 dB    V 99.9900 dB] [ET 14.12 ] [L0 ] [L1 ]
*** TRAIL_R numBytesInNALunit: 478616
POC   63 TId: 0 ( I-SLICE, QP 26 )    3828928 bits [Y 99.9900 dB    U 99.9900 dB    V 99.9900 dB] [ET 14.06 ] [L0 ] [L1 ]
*** TRAIL_R numBytesInNALunit: 477883
POC   64 TId: 0 ( I-SLICE, QP 26 )    3823064 bits [Y 99.9900 dB    U 99.9900 dB    V 99.9900 dB] [ET 13.69 ] [L0 ] [L1 ]
*** TRAIL_R numBytesInNALunit: 477330
POC   65 TId: 0 ( I-SLICE, QP 26 )    3818640 bits [Y 99.9900 dB    U 99.9900 dB    V 99.9900 dB] [ET 13.53 ] [L0 ] [L1 ]
*** TRAIL_R numBytesInNALunit: 478756
POC   66 TId: 0 ( I-SLICE, QP 26 )    3830048 bits [Y 99.9900 dB    U 99.9900 dB    V 99.9900 dB] [ET 13.64 ] [L0 ] [L1 ]
*** TRAIL_R numBytesInNALunit: 477957
POC   67 TId: 0 ( I-SLICE, QP 26 )    3823656 bits [Y 99.9900 dB    U 99.9900 dB    V 99.9900 dB] [ET 13.97 ] [L0 ] [L1 ]
*** TRAIL_R numBytesInNALunit: 477337
POC   68 TId: 0 ( I-SLICE, QP 26 )    3818696 bits [Y 99.9900 dB    U 99.9900 dB    V 99.9900 dB] [ET 14.03 ] [L0 ] [L1 ]
*** TRAIL_R numBytesInNALunit: 477867
POC   69 TId: 0 ( I-SLICE, QP 26 )    3822936 bits [Y 99.9900 dB    U 99.9900 dB    V 99.9900 dB] [ET 14.11 ] [L0 ] [L1 ]
*** TRAIL_R numBytesInNALunit: 478548
POC   70 TId: 0 ( I-SLICE, QP 26 )    3828384 bits [Y 99.9900 dB    U 99.9900 dB    V 99.9900 dB] [ET 13.84 ] [L0 ] [L1 ]
*** TRAIL_R numBytesInNALunit: 477162
POC   71 TId: 0 ( I-SLICE, QP 26 )    3817296 bits [Y 99.9900 dB    U 99.9900 dB    V 99.9900 dB] [ET 13.94 ] [L0 ] [L1 ]
*** TRAIL_R numBytesInNALunit: 477536
POC   72 TId: 0 ( I-SLICE, QP 26 )    3820288 bits [Y 99.9900 dB    U 99.9900 dB    V 99.9900 dB] [ET 14.02 ] [L0 ] [L1 ]
*** TRAIL_R numBytesInNALunit: 477290
POC   73 TId: 0 ( I-SLICE, QP 26 )    3818320 bits [Y 99.9900 dB    U 99.9900 dB    V 99.9900 dB] [ET 13.66 ] [L0 ] [L1 ]
*** TRAIL_R numBytesInNALunit: 478389
POC   74 TId: 0 ( I-SLICE, QP 26 )    3827112 bits [Y 99.9900 dB    U 99.9900 dB    V 99.9900 dB] [ET 13.91 ] [L0 ] [L1 ]
*** TRAIL_R numBytesInNALunit: 477339
POC   75 TId: 0 ( I-SLICE, QP 26 )    3818712 bits [Y 99.9900 dB    U 99.9900 dB    V 99.9900 dB] [ET 13.83 ] [L0 ] [L1 ]
*** TRAIL_R numBytesInNALunit: 477348
POC   76 TId: 0 ( I-SLICE, QP 26 )    3818784 bits [Y 99.9900 dB    U 99.9900 dB    V 99.9900 dB] [ET 14.11 ] [L0 ] [L1 ]
*** TRAIL_R numBytesInNALunit: 477917
POC   77 TId: 0 ( I-SLICE, QP 26 )    3823336 bits [Y 99.9900 dB    U 99.9900 dB    V 99.9900 dB] [ET 13.67 ] [L0 ] [L1 ]
*** TRAIL_R numBytesInNALunit: 479358
POC   78 TId: 0 ( I-SLICE, QP 26 )    3834864 bits [Y 99.9900 dB    U 99.9900 dB    V 99.9900 dB] [ET 13.97 ] [L0 ] [L1 ]
*** TRAIL_R numBytesInNALunit: 477740
POC   79 TId: 0 ( I-SLICE, QP 26 )    3821920 bits [Y 99.9900 dB    U 99.9900 dB    V 99.9900 dB] [ET 14.00 ] [L0 ] [L1 ]
*** TRAIL_R numBytesInNALunit: 478208
POC   80 TId: 0 ( I-SLICE, QP 26 )    3825664 bits [Y 99.9900 dB    U 99.9900 dB    V 99.9900 dB] [ET 14.05 ] [L0 ] [L1 ]
*** TRAIL_R numBytesInNALunit: 477773
POC   81 TId: 0 ( I-SLICE, QP 26 )    3822184 bits [Y 99.9900 dB    U 99.9900 dB    V 99.9900 dB] [ET 14.20 ] [L0 ] [L1 ]
*** TRAIL_R numBytesInNALunit: 478993
POC   82 TId: 0 ( I-SLICE, QP 26 )    3831944 bits [Y 99.9900 dB    U 99.9900 dB    V 99.9900 dB] [ET 13.98 ] [L0 ] [L1 ]
*** TRAIL_R numBytesInNALunit: 478338
POC   83 TId: 0 ( I-SLICE, QP 26 )    3826704 bits [Y 99.9900 dB    U 99.9900 dB    V 99.9900 dB] [ET 14.00 ] [L0 ] [L1 ]
*** TRAIL_R numBytesInNALunit: 478211
POC   84 TId: 0 ( I-SLICE, QP 26 )    3825688 bits [Y 99.9900 dB    U 99.9900 dB    V 99.9900 dB] [ET 13.97 ] [L0 ] [L1 ]
*** TRAIL_R numBytesInNALunit: 478827
POC   85 TId: 0 ( I-SLICE, QP 26 )    3830616 bits [Y 99.9900 dB    U 99.9900 dB    V 99.9900 dB] [ET 14.02 ] [L0 ] [L1 ]
*** TRAIL_R numBytesInNALunit: 479886
POC   86 TId: 0 ( I-SLICE, QP 26 )    3839088 bits [Y 99.9900 dB    U 99.9900 dB    V 99.9900 dB] [ET 13.59 ] [L0 ] [L1 ]
*** TRAIL_R numBytesInNALunit: 479045
POC   87 TId: 0 ( I-SLICE, QP 26 )    3832360 bits [Y 99.9900 dB    U 99.9900 dB    V 99.9900 dB] [ET 13.94 ] [L0 ] [L1 ]
*** TRAIL_R numBytesInNALunit: 478497
POC   88 TId: 0 ( I-SLICE, QP 26 )    3827976 bits [Y 99.9900 dB    U 99.9900 dB    V 99.9900 dB] [ET 13.45 ] [L0 ] [L1 ]
*** TRAIL_R numBytesInNALunit: 478758
POC   89 TId: 0 ( I-SLICE, QP 26 )    3830064 bits [Y 99.9900 dB    U 99.9900 dB    V 99.9900 dB] [ET 14.28 ] [L0 ] [L1 ]
*** TRAIL_R numBytesInNALunit: 479952
POC   90 TId: 0 ( I-SLICE, QP 26 )    3839616 bits [Y 99.9900 dB    U 99.9900 dB    V 99.9900 dB] [ET 13.78 ] [L0 ] [L1 ]
*** TRAIL_R numBytesInNALunit: 479378
POC   91 TId: 0 ( I-SLICE, QP 26 )    3835024 bits [Y 99.9900 dB    U 99.9900 dB    V 99.9900 dB] [ET 13.80 ] [L0 ] [L1 ]
*** TRAIL_R numBytesInNALunit: 479020
POC   92 TId: 0 ( I-SLICE, QP 26 )    3832160 bits [Y 99.9900 dB    U 99.9900 dB    V 99.9900 dB] [ET 13.66 ] [L0 ] [L1 ]
*** TRAIL_R numBytesInNALunit: 479438
POC   93 TId: 0 ( I-SLICE, QP 26 )    3835504 bits [Y 99.9900 dB    U 99.9900 dB    V 99.9900 dB] [ET 13.72 ] [L0 ] [L1 ]
*** TRAIL_R numBytesInNALunit: 480308
POC   94 TId: 0 ( I-SLICE, QP 26 )    3842464 bits [Y 99.9900 dB    U 99.9900 dB    V 99.9900 dB] [ET 13.86 ] [L0 ] [L1 ]
*** TRAIL_R numBytesInNALunit: 479631
POC   95 TId: 0 ( I-SLICE, QP 26 )    3837048 bits [Y 99.9900 dB    U 99.9900 dB    V 99.9900 dB] [ET 13.98 ] [L0 ] [L1 ]
*** TRAIL_R numBytesInNALunit: 480336
POC   96 TId: 0 ( I-SLICE, QP 26 )    3842688 bits [Y 99.9900 dB    U 99.9900 dB    V 99.9900 dB] [ET 13.88 ] [L0 ] [L1 ]
*** TRAIL_R numBytesInNALunit: 479983
POC   97 TId: 0 ( I-SLICE, QP 26 )    3839864 bits [Y 99.9900 dB    U 99.9900 dB    V 99.9900 dB] [ET 14.12 ] [L0 ] [L1 ]
*** TRAIL_R numBytesInNALunit: 480754
POC   98 TId: 0 ( I-SLICE, QP 26 )    3846032 bits [Y 99.9900 dB    U 99.9900 dB    V 99.9900 dB] [ET 13.83 ] [L0 ] [L1 ]
*** TRAIL_R numBytesInNALunit: 480801
POC   99 TId: 0 ( I-SLICE, QP 26 )    3846408 bits [Y 99.9900 dB    U 99.9900 dB    V 99.9900 dB] [ET 13.86 ] [L0 ] [L1 ]
*** TRAIL_R numBytesInNALunit: 481038
POC  100 TId: 0 ( I-SLICE, QP 26 )    3848304 bits [Y 99.9900 dB    U 99.9900 dB    V 99.9900 dB] [ET 13.66 ] [L0 ] [L1 ]
*** TRAIL_R numBytesInNALunit: 480714
POC  101 TId: 0 ( I-SLICE, QP 26 )    3845712 bits [Y 99.9900 dB    U 99.9900 dB    V 99.9900 dB] [ET 13.86 ] [L0 ] [L1 ]
*** TRAIL_R numBytesInNALunit: 480740
POC  102 TId: 0 ( I-SLICE, QP 26 )    3845920 bits [Y 99.9900 dB    U 99.9900 dB    V 99.9900 dB] [ET 13.80 ] [L0 ] [L1 ]
*** TRAIL_R numBytesInNALunit: 480839
POC  103 TId: 0 ( I-SLICE, QP 26 )    3846712 bits [Y 99.9900 dB    U 99.9900 dB    V 99.9900 dB] [ET 14.02 ] [L0 ] [L1 ]
*** TRAIL_R numBytesInNALunit: 481240
POC  104 TId: 0 ( I-SLICE, QP 26 )    3849920 bits [Y 99.9900 dB    U 99.9900 dB    V 99.9900 dB] [ET 13.94 ] [L0 ] [L1 ]
*** TRAIL_R numBytesInNALunit: 480464
POC  105 TId: 0 ( I-SLICE, QP 26 )    3843712 bits [Y 99.9900 dB    U 99.9900 dB    V 99.9900 dB] [ET 14.17 ] [L0 ] [L1 ]
*** TRAIL_R numBytesInNALunit: 480293
POC  106 TId: 0 ( I-SLICE, QP 26 )    3842344 bits [Y 99.9900 dB    U 99.9900 dB    V 99.9900 dB] [ET 14.19 ] [L0 ] [L1 ]
*** TRAIL_R numBytesInNALunit: 479606
POC  107 TId: 0 ( I-SLICE, QP 26 )    3836848 bits [Y 99.9900 dB    U 99.9900 dB    V 99.9900 dB] [ET 13.94 ] [L0 ] [L1 ]
*** TRAIL_R numBytesInNALunit: 480725
POC  108 TId: 0 ( I-SLICE, QP 26 )    3845800 bits [Y 99.9900 dB    U 99.9900 dB    V 99.9900 dB] [ET 13.86 ] [L0 ] [L1 ]
*** TRAIL_R numBytesInNALunit: 479258
POC  109 TId: 0 ( I-SLICE, QP 26 )    3834064 bits [Y 99.9900 dB    U 99.9900 dB    V 99.9900 dB] [ET 13.78 ] [L0 ] [L1 ]
*** TRAIL_R numBytesInNALunit: 478938
POC  110 TId: 0 ( I-SLICE, QP 26 )    3831504 bits [Y 99.9900 dB    U 99.9900 dB    V 99.9900 dB] [ET 14.00 ] [L0 ] [L1 ]
*** TRAIL_R numBytesInNALunit: 479022
POC  111 TId: 0 ( I-SLICE, QP 26 )    3832176 bits [Y 99.9900 dB    U 99.9900 dB    V 99.9900 dB] [ET 13.84 ] [L0 ] [L1 ]
*** TRAIL_R numBytesInNALunit: 479568
POC  112 TId: 0 ( I-SLICE, QP 26 )    3836544 bits [Y 99.9900 dB    U 99.9900 dB    V 99.9900 dB] [ET 13.58 ] [L0 ] [L1 ]
*** TRAIL_R numBytesInNALunit: 478666
POC  113 TId: 0 ( I-SLICE, QP 26 )    3829328 bits [Y 99.9900 dB    U 99.9900 dB    V 99.9900 dB] [ET 12.98 ] [L0 ] [L1 ]
*** TRAIL_R numBytesInNALunit: 478922
POC  114 TId: 0 ( I-SLICE, QP 26 )    3831376 bits [Y 99.9900 dB    U 99.9900 dB    V 99.9900 dB] [ET 12.78 ] [L0 ] [L1 ]
*** TRAIL_R numBytesInNALunit: 479297
POC  115 TId: 0 ( I-SLICE, QP 26 )    3834376 bits [Y 99.9900 dB    U 99.9900 dB    V 99.9900 dB] [ET 12.91 ] [L0 ] [L1 ]
*** TRAIL_R numBytesInNALunit: 479254
POC  116 TId: 0 ( I-SLICE, QP 26 )    3834032 bits [Y 99.9900 dB    U 99.9900 dB    V 99.9900 dB] [ET 12.73 ] [L0 ] [L1 ]
*** TRAIL_R numBytesInNALunit: 479275
POC  117 TId: 0 ( I-SLICE, QP 26 )    3834200 bits [Y 99.9900 dB    U 99.9900 dB    V 99.9900 dB] [ET 12.98 ] [L0 ] [L1 ]
*** TRAIL_R numBytesInNALunit: 478879
POC  118 TId: 0 ( I-SLICE, QP 26 )    3831032 bits [Y 99.9900 dB    U 99.9900 dB    V 99.9900 dB] [ET 13.08 ] [L0 ] [L1 ]
*** TRAIL_R numBytesInNALunit: 478933
POC  119 TId: 0 ( I-SLICE, QP 26 )    3831464 bits [Y 99.9900 dB    U 99.9900 dB    V 99.9900 dB] [ET 13.16 ] [L0 ] [L1 ]
*** TRAIL_R numBytesInNALunit: 478384
POC  120 TId: 0 ( I-SLICE, QP 26 )    3827072 bits [Y 99.9900 dB    U 99.9900 dB    V 99.9900 dB] [ET 12.84 ] [L0 ] [L1 ]
*** TRAIL_R numBytesInNALunit: 478605
POC  121 TId: 0 ( I-SLICE, QP 26 )    3828840 bits [Y 99.9900 dB    U 99.9900 dB    V 99.9900 dB] [ET 13.12 ] [L0 ] [L1 ]
*** TRAIL_R numBytesInNALunit: 478915
POC  122 TId: 0 ( I-SLICE, QP 26 )    3831320 bits [Y 99.9900 dB    U 99.9900 dB    V 99.9900 dB] [ET 12.66 ] [L0 ] [L1 ]
*** TRAIL_R numBytesInNALunit: 479135
POC  123 TId: 0 ( I-SLICE, QP 26 )    3833080 bits [Y 99.9900 dB    U 99.9900 dB    V 99.9900 dB] [ET 13.16 ] [L0 ] [L1 ]
*** TRAIL_R numBytesInNALunit: 478896
POC  124 TId: 0 ( I-SLICE, QP 26 )    3831168 bits [Y 99.9900 dB    U 99.9900 dB    V 99.9900 dB] [ET 13.16 ] [L0 ] [L1 ]
*** TRAIL_R numBytesInNALunit: 478532
POC  125 TId: 0 ( I-SLICE, QP 26 )    3828256 bits [Y 99.9900 dB    U 99.9900 dB    V 99.9900 dB] [ET 13.42 ] [L0 ] [L1 ]
*** TRAIL_R numBytesInNALunit: 478551
POC  126 TId: 0 ( I-SLICE, QP 26 )    3828408 bits [Y 99.9900 dB    U 99.9900 dB    V 99.9900 dB] [ET 13.09 ] [L0 ] [L1 ]
*** TRAIL_R numBytesInNALunit: 478289
POC  127 TId: 0 ( I-SLICE, QP 26 )    3826312 bits [Y 99.9900 dB    U 99.9900 dB    V 99.9900 dB] [ET 12.95 ] [L0 ] [L1 ]
*** TRAIL_R numBytesInNALunit: 478502
POC  128 TId: 0 ( I-SLICE, QP 26 )    3828016 bits [Y 99.9900 dB    U 99.9900 dB    V 99.9900 dB] [ET 13.08 ] [L0 ] [L1 ]
*** TRAIL_R numBytesInNALunit: 478205
POC  129 TId: 0 ( I-SLICE, QP 26 )    3825640 bits [Y 99.9900 dB    U 99.9900 dB    V 99.9900 dB] [ET 13.12 ] [L0 ] [L1 ]
*** TRAIL_R numBytesInNALunit: 478962
POC  130 TId: 0 ( I-SLICE, QP 26 )    3831696 bits [Y 99.9900 dB    U 99.9900 dB    V 99.9900 dB] [ET 13.41 ] [L0 ] [L1 ]
*** TRAIL_R numBytesInNALunit: 478615
POC  131 TId: 0 ( I-SLICE, QP 26 )    3828920 bits [Y 99.9900 dB    U 99.9900 dB    V 99.9900 dB] [ET 13.30 ] [L0 ] [L1 ]
*** TRAIL_R numBytesInNALunit: 478626
POC  132 TId: 0 ( I-SLICE, QP 26 )    3829008 bits [Y 99.9900 dB    U 99.9900 dB    V 99.9900 dB] [ET 13.31 ] [L0 ] [L1 ]
*** TRAIL_R numBytesInNALunit: 478273
POC  133 TId: 0 ( I-SLICE, QP 26 )    3826184 bits [Y 99.9900 dB    U 99.9900 dB    V 99.9900 dB] [ET 12.80 ] [L0 ] [L1 ]
*** TRAIL_R numBytesInNALunit: 478557
POC  134 TId: 0 ( I-SLICE, QP 26 )    3828456 bits [Y 99.9900 dB    U 99.9900 dB    V 99.9900 dB] [ET 13.38 ] [L0 ] [L1 ]
*** TRAIL_R numBytesInNALunit: 478383
POC  135 TId: 0 ( I-SLICE, QP 26 )    3827064 bits [Y 99.9900 dB    U 99.9900 dB    V 99.9900 dB] [ET 13.16 ] [L0 ] [L1 ]
*** TRAIL_R numBytesInNALunit: 478163
POC  136 TId: 0 ( I-SLICE, QP 26 )    3825304 bits [Y 99.9900 dB    U 99.9900 dB    V 99.9900 dB] [ET 13.09 ] [L0 ] [L1 ]
*** TRAIL_R numBytesInNALunit: 478268
POC  137 TId: 0 ( I-SLICE, QP 26 )    3826144 bits [Y 99.9900 dB    U 99.9900 dB    V 99.9900 dB] [ET 14.80 ] [L0 ] [L1 ]
*** TRAIL_R numBytesInNALunit: 478594
POC  138 TId: 0 ( I-SLICE, QP 26 )    3828752 bits [Y 99.9900 dB    U 99.9900 dB    V 99.9900 dB] [ET 15.45 ] [L0 ] [L1 ]
*** TRAIL_R numBytesInNALunit: 478133
POC  139 TId: 0 ( I-SLICE, QP 26 )    3825064 bits [Y 99.9900 dB    U 99.9900 dB    V 99.9900 dB] [ET 15.47 ] [L0 ] [L1 ]
*** TRAIL_R numBytesInNALunit: 478000
POC  140 TId: 0 ( I-SLICE, QP 26 )    3824000 bits [Y 99.9900 dB    U 99.9900 dB    V 99.9900 dB] [ET 15.36 ] [L0 ] [L1 ]
*** TRAIL_R numBytesInNALunit: 477633
POC  141 TId: 0 ( I-SLICE, QP 26 )    3821064 bits [Y 99.9900 dB    U 99.9900 dB    V 99.9900 dB] [ET 15.44 ] [L0 ] [L1 ]
*** TRAIL_R numBytesInNALunit: 477801
POC  142 TId: 0 ( I-SLICE, QP 26 )    3822408 bits [Y 99.9900 dB    U 99.9900 dB    V 99.9900 dB] [ET 15.41 ] [L0 ] [L1 ]
*** TRAIL_R numBytesInNALunit: 477596
POC  143 TId: 0 ( I-SLICE, QP 26 )    3820768 bits [Y 99.9900 dB    U 99.9900 dB    V 99.9900 dB] [ET 15.45 ] [L0 ] [L1 ]
*** TRAIL_R numBytesInNALunit: 477448
POC  144 TId: 0 ( I-SLICE, QP 26 )    3819584 bits [Y 99.9900 dB    U 99.9900 dB    V 99.9900 dB] [ET 15.50 ] [L0 ] [L1 ]
*** TRAIL_R numBytesInNALunit: 478614
POC  145 TId: 0 ( I-SLICE, QP 26 )    3828912 bits [Y 99.9900 dB    U 99.9900 dB    V 99.9900 dB] [ET 15.47 ] [L0 ] [L1 ]
*** TRAIL_R numBytesInNALunit: 478342
POC  146 TId: 0 ( I-SLICE, QP 26 )    3826736 bits [Y 99.9900 dB    U 99.9900 dB    V 99.9900 dB] [ET 15.56 ] [L0 ] [L1 ]
*** TRAIL_R numBytesInNALunit: 478191
POC  147 TId: 0 ( I-SLICE, QP 26 )    3825528 bits [Y 99.9900 dB    U 99.9900 dB    V 99.9900 dB] [ET 15.52 ] [L0 ] [L1 ]
*** TRAIL_R numBytesInNALunit: 478367
POC  148 TId: 0 ( I-SLICE, QP 26 )    3826936 bits [Y 99.9900 dB    U 99.9900 dB    V 99.9900 dB] [ET 15.36 ] [L0 ] [L1 ]
*** TRAIL_R numBytesInNALunit: 478432
POC  149 TId: 0 ( I-SLICE, QP 26 )    3827456 bits [Y 99.9900 dB    U 99.9900 dB    V 99.9900 dB] [ET 15.39 ] [L0 ] [L1 ]
*** TRAIL_R numBytesInNALunit: 478751
POC  150 TId: 0 ( I-SLICE, QP 26 )    3830008 bits [Y 99.9900 dB    U 99.9900 dB    V 99.9900 dB] [ET 15.38 ] [L0 ] [L1 ]
*** TRAIL_R numBytesInNALunit: 478793
POC  151 TId: 0 ( I-SLICE, QP 26 )    3830344 bits [Y 99.9900 dB    U 99.9900 dB    V 99.9900 dB] [ET 15.44 ] [L0 ] [L1 ]
*** TRAIL_R numBytesInNALunit: 478290
POC  152 TId: 0 ( I-SLICE, QP 26 )    3826320 bits [Y 99.9900 dB    U 99.9900 dB    V 99.9900 dB] [ET 15.50 ] [L0 ] [L1 ]
*** TRAIL_R numBytesInNALunit: 477789
POC  153 TId: 0 ( I-SLICE, QP 26 )    3822312 bits [Y 99.9900 dB    U 99.9900 dB    V 99.9900 dB] [ET 15.56 ] [L0 ] [L1 ]
*** TRAIL_R numBytesInNALunit: 477776
POC  154 TId: 0 ( I-SLICE, QP 26 )    3822208 bits [Y 99.9900 dB    U 99.9900 dB    V 99.9900 dB] [ET 15.52 ] [L0 ] [L1 ]
*** TRAIL_R numBytesInNALunit: 477881
POC  155 TId: 0 ( I-SLICE, QP 26 )    3823048 bits [Y 99.9900 dB    U 99.9900 dB    V 99.9900 dB] [ET 15.55 ] [L0 ] [L1 ]
*** TRAIL_R numBytesInNALunit: 477540
POC  156 TId: 0 ( I-SLICE, QP 26 )    3820320 bits [Y 99.9900 dB    U 99.9900 dB    V 99.9900 dB] [ET 15.39 ] [L0 ] [L1 ]
*** TRAIL_R numBytesInNALunit: 477906
POC  157 TId: 0 ( I-SLICE, QP 26 )    3823248 bits [Y 99.9900 dB    U 99.9900 dB    V 99.9900 dB] [ET 15.41 ] [L0 ] [L1 ]
*** TRAIL_R numBytesInNALunit: 477562
POC  158 TId: 0 ( I-SLICE, QP 26 )    3820496 bits [Y 99.9900 dB    U 99.9900 dB    V 99.9900 dB] [ET 15.52 ] [L0 ] [L1 ]
*** TRAIL_R numBytesInNALunit: 477961
POC  159 TId: 0 ( I-SLICE, QP 26 )    3823688 bits [Y 99.9900 dB    U 99.9900 dB    V 99.9900 dB] [ET 15.38 ] [L0 ] [L1 ]
*** TRAIL_R numBytesInNALunit: 478182
POC  160 TId: 0 ( I-SLICE, QP 26 )    3825456 bits [Y 99.9900 dB    U 99.9900 dB    V 99.9900 dB] [ET 15.33 ] [L0 ] [L1 ]
*** TRAIL_R numBytesInNALunit: 478090
POC  161 TId: 0 ( I-SLICE, QP 26 )    3824720 bits [Y 99.9900 dB    U 99.9900 dB    V 99.9900 dB] [ET 15.34 ] [L0 ] [L1 ]
*** TRAIL_R numBytesInNALunit: 478818
POC  162 TId: 0 ( I-SLICE, QP 26 )    3830544 bits [Y 99.9900 dB    U 99.9900 dB    V 99.9900 dB] [ET 15.59 ] [L0 ] [L1 ]
*** TRAIL_R numBytesInNALunit: 478575
POC  163 TId: 0 ( I-SLICE, QP 26 )    3828600 bits [Y 99.9900 dB    U 99.9900 dB    V 99.9900 dB] [ET 15.52 ] [L0 ] [L1 ]
*** TRAIL_R numBytesInNALunit: 478462
POC  164 TId: 0 ( I-SLICE, QP 26 )    3827696 bits [Y 99.9900 dB    U 99.9900 dB    V 99.9900 dB] [ET 15.47 ] [L0 ] [L1 ]
*** TRAIL_R numBytesInNALunit: 478501
POC  165 TId: 0 ( I-SLICE, QP 26 )    3828008 bits [Y 99.9900 dB    U 99.9900 dB    V 99.9900 dB] [ET 15.44 ] [L0 ] [L1 ]
*** TRAIL_R numBytesInNALunit: 478598
POC  166 TId: 0 ( I-SLICE, QP 26 )    3828784 bits [Y 99.9900 dB    U 99.9900 dB    V 99.9900 dB] [ET 15.33 ] [L0 ] [L1 ]
*** TRAIL_R numBytesInNALunit: 478781
POC  167 TId: 0 ( I-SLICE, QP 26 )    3830248 bits [Y 99.9900 dB    U 99.9900 dB    V 99.9900 dB] [ET 15.44 ] [L0 ] [L1 ]
*** TRAIL_R numBytesInNALunit: 478869
POC  168 TId: 0 ( I-SLICE, QP 26 )    3830952 bits [Y 99.9900 dB    U 99.9900 dB    V 99.9900 dB] [ET 15.41 ] [L0 ] [L1 ]
*** TRAIL_R numBytesInNALunit: 479033
POC  169 TId: 0 ( I-SLICE, QP 26 )    3832264 bits [Y 99.9900 dB    U 99.9900 dB    V 99.9900 dB] [ET 15.50 ] [L0 ] [L1 ]
*** TRAIL_R numBytesInNALunit: 479395
POC  170 TId: 0 ( I-SLICE, QP 26 )    3835160 bits [Y 99.9900 dB    U 99.9900 dB    V 99.9900 dB] [ET 15.53 ] [L0 ] [L1 ]
*** TRAIL_R numBytesInNALunit: 478588
POC  171 TId: 0 ( I-SLICE, QP 26 )    3828704 bits [Y 99.9900 dB    U 99.9900 dB    V 99.9900 dB] [ET 15.50 ] [L0 ] [L1 ]
*** TRAIL_R numBytesInNALunit: 478454
POC  172 TId: 0 ( I-SLICE, QP 26 )    3827632 bits [Y 99.9900 dB    U 99.9900 dB    V 99.9900 dB] [ET 15.52 ] [L0 ] [L1 ]
*** TRAIL_R numBytesInNALunit: 478536
POC  173 TId: 0 ( I-SLICE, QP 26 )    3828288 bits [Y 99.9900 dB    U 99.9900 dB    V 99.9900 dB] [ET 15.47 ] [L0 ] [L1 ]
*** TRAIL_R numBytesInNALunit: 478849
POC  174 TId: 0 ( I-SLICE, QP 26 )    3830792 bits [Y 99.9900 dB    U 99.9900 dB    V 99.9900 dB] [ET 15.61 ] [L0 ] [L1 ]
*** TRAIL_R numBytesInNALunit: 478522
POC  175 TId: 0 ( I-SLICE, QP 26 )    3828176 bits [Y 99.9900 dB    U 99.9900 dB    V 99.9900 dB] [ET 15.56 ] [L0 ] [L1 ]
*** TRAIL_R numBytesInNALunit: 478633
POC  176 TId: 0 ( I-SLICE, QP 26 )    3829064 bits [Y 99.9900 dB    U 99.9900 dB    V 99.9900 dB] [ET 15.66 ] [L0 ] [L1 ]
*** TRAIL_R numBytesInNALunit: 479011
POC  177 TId: 0 ( I-SLICE, QP 26 )    3832088 bits [Y 99.9900 dB    U 99.9900 dB    V 99.9900 dB] [ET 15.56 ] [L0 ] [L1 ]
*** TRAIL_R numBytesInNALunit: 479285
POC  178 TId: 0 ( I-SLICE, QP 26 )    3834280 bits [Y 99.9900 dB    U 99.9900 dB    V 99.9900 dB] [ET 15.59 ] [L0 ] [L1 ]
*** TRAIL_R numBytesInNALunit: 479097
POC  179 TId: 0 ( I-SLICE, QP 26 )    3832776 bits [Y 99.9900 dB    U 99.9900 dB    V 99.9900 dB] [ET 15.61 ] [L0 ] [L1 ]
*** TRAIL_R numBytesInNALunit: 479805
POC  180 TId: 0 ( I-SLICE, QP 26 )    3838440 bits [Y 99.9900 dB    U 99.9900 dB    V 99.9900 dB] [ET 15.64 ] [L0 ] [L1 ]
*** TRAIL_R numBytesInNALunit: 479088
POC  181 TId: 0 ( I-SLICE, QP 26 )    3832704 bits [Y 99.9900 dB    U 99.9900 dB    V 99.9900 dB] [ET 15.56 ] [L0 ] [L1 ]
*** TRAIL_R numBytesInNALunit: 479455
POC  182 TId: 0 ( I-SLICE, QP 26 )    3835640 bits [Y 99.9900 dB    U 99.9900 dB    V 99.9900 dB] [ET 15.53 ] [L0 ] [L1 ]
*** TRAIL_R numBytesInNALunit: 479865
POC  183 TId: 0 ( I-SLICE, QP 26 )    3838920 bits [Y 99.9900 dB    U 99.9900 dB    V 99.9900 dB] [ET 15.55 ] [L0 ] [L1 ]
*** TRAIL_R numBytesInNALunit: 479587
POC  184 TId: 0 ( I-SLICE, QP 26 )    3836696 bits [Y 99.9900 dB    U 99.9900 dB    V 99.9900 dB] [ET 15.41 ] [L0 ] [L1 ]
*** TRAIL_R numBytesInNALunit: 479855
POC  185 TId: 0 ( I-SLICE, QP 26 )    3838840 bits [Y 99.9900 dB    U 99.9900 dB    V 99.9900 dB] [ET 15.44 ] [L0 ] [L1 ]
*** TRAIL_R numBytesInNALunit: 480045
POC  186 TId: 0 ( I-SLICE, QP 26 )    3840360 bits [Y 99.9900 dB    U 99.9900 dB    V 99.9900 dB] [ET 15.58 ] [L0 ] [L1 ]
*** TRAIL_R numBytesInNALunit: 480027
POC  187 TId: 0 ( I-SLICE, QP 26 )    3840216 bits [Y 99.9900 dB    U 99.9900 dB    V 99.9900 dB] [ET 15.69 ] [L0 ] [L1 ]
*** TRAIL_R numBytesInNALunit: 480171
POC  188 TId: 0 ( I-SLICE, QP 26 )    3841368 bits [Y 99.9900 dB    U 99.9900 dB    V 99.9900 dB] [ET 15.92 ] [L0 ] [L1 ]
*** TRAIL_R numBytesInNALunit: 479989
POC  189 TId: 0 ( I-SLICE, QP 26 )    3839912 bits [Y 99.9900 dB    U 99.9900 dB    V 99.9900 dB] [ET 16.05 ] [L0 ] [L1 ]
*** TRAIL_R numBytesInNALunit: 480030
POC  190 TId: 0 ( I-SLICE, QP 26 )    3840240 bits [Y 99.9900 dB    U 99.9900 dB    V 99.9900 dB] [ET 16.05 ] [L0 ] [L1 ]
*** TRAIL_R numBytesInNALunit: 480362
POC  191 TId: 0 ( I-SLICE, QP 26 )    3842896 bits [Y 99.9900 dB    U 99.9900 dB    V 99.9900 dB] [ET 15.94 ] [L0 ] [L1 ]
*** TRAIL_R numBytesInNALunit: 480012
POC  192 TId: 0 ( I-SLICE, QP 26 )    3840096 bits [Y 99.9900 dB    U 99.9900 dB    V 99.9900 dB] [ET 16.00 ] [L0 ] [L1 ]
*** TRAIL_R numBytesInNALunit: 479688
POC  193 TId: 0 ( I-SLICE, QP 26 )    3837504 bits [Y 99.9900 dB    U 99.9900 dB    V 99.9900 dB] [ET 16.11 ] [L0 ] [L1 ]
*** TRAIL_R numBytesInNALunit: 479144
POC  194 TId: 0 ( I-SLICE, QP 26 )    3833152 bits [Y 99.9900 dB    U 99.9900 dB    V 99.9900 dB] [ET 16.00 ] [L0 ] [L1 ]
*** TRAIL_R numBytesInNALunit: 479480
POC  195 TId: 0 ( I-SLICE, QP 26 )    3835840 bits [Y 99.9900 dB    U 99.9900 dB    V 99.9900 dB] [ET 15.92 ] [L0 ] [L1 ]
*** TRAIL_R numBytesInNALunit: 480476
POC  196 TId: 0 ( I-SLICE, QP 26 )    3843808 bits [Y 99.9900 dB    U 99.9900 dB    V 99.9900 dB] [ET 15.86 ] [L0 ] [L1 ]
*** TRAIL_R numBytesInNALunit: 479700
POC  197 TId: 0 ( I-SLICE, QP 26 )    3837600 bits [Y 99.9900 dB    U 99.9900 dB    V 99.9900 dB] [ET 16.06 ] [L0 ] [L1 ]
*** TRAIL_R numBytesInNALunit: 479400
POC  198 TId: 0 ( I-SLICE, QP 26 )    3835200 bits [Y 99.9900 dB    U 99.9900 dB    V 99.9900 dB] [ET 15.83 ] [L0 ] [L1 ]
*** TRAIL_R numBytesInNALunit: 479491
POC  199 TId: 0 ( I-SLICE, QP 26 )    3835928 bits [Y 99.9900 dB    U 99.9900 dB    V 99.9900 dB] [ET 15.91 ] [L0 ] [L1 ]
*** TRAIL_R numBytesInNALunit: 480294
POC  200 TId: 0 ( I-SLICE, QP 26 )    3842352 bits [Y 99.9900 dB    U 99.9900 dB    V 99.9900 dB] [ET 15.97 ] [L0 ] [L1 ]
*** TRAIL_R numBytesInNALunit: 479978
POC  201 TId: 0 ( I-SLICE, QP 26 )    3839824 bits [Y 99.9900 dB    U 99.9900 dB    V 99.9900 dB] [ET 16.03 ] [L0 ] [L1 ]
*** TRAIL_R numBytesInNALunit: 480393
POC  202 TId: 0 ( I-SLICE, QP 26 )    3843144 bits [Y 99.9900 dB    U 99.9900 dB    V 99.9900 dB] [ET 15.92 ] [L0 ] [L1 ]
*** TRAIL_R numBytesInNALunit: 480289
POC  203 TId: 0 ( I-SLICE, QP 26 )    3842312 bits [Y 99.9900 dB    U 99.9900 dB    V 99.9900 dB] [ET 15.84 ] [L0 ] [L1 ]
*** TRAIL_R numBytesInNALunit: 481257
POC  204 TId: 0 ( I-SLICE, QP 26 )    3850056 bits [Y 99.9900 dB    U 99.9900 dB    V 99.9900 dB] [ET 15.92 ] [L0 ] [L1 ]
*** TRAIL_R numBytesInNALunit: 480483
POC  205 TId: 0 ( I-SLICE, QP 26 )    3843864 bits [Y 99.9900 dB    U 99.9900 dB    V 99.9900 dB] [ET 15.95 ] [L0 ] [L1 ]
*** TRAIL_R numBytesInNALunit: 481392
POC  206 TId: 0 ( I-SLICE, QP 26 )    3851136 bits [Y 99.9900 dB    U 99.9900 dB    V 99.9900 dB] [ET 16.09 ] [L0 ] [L1 ]
*** TRAIL_R numBytesInNALunit: 480545
POC  207 TId: 0 ( I-SLICE, QP 26 )    3844360 bits [Y 99.9900 dB    U 99.9900 dB    V 99.9900 dB] [ET 15.98 ] [L0 ] [L1 ]
*** TRAIL_R numBytesInNALunit: 481622
POC  208 TId: 0 ( I-SLICE, QP 26 )    3852976 bits [Y 99.9900 dB    U 99.9900 dB    V 99.9900 dB] [ET 16.09 ] [L0 ] [L1 ]
*** TRAIL_R numBytesInNALunit: 480510
POC  209 TId: 0 ( I-SLICE, QP 26 )    3844080 bits [Y 99.9900 dB    U 99.9900 dB    V 99.9900 dB] [ET 16.00 ] [L0 ] [L1 ]
*** TRAIL_R numBytesInNALunit: 480832
POC  210 TId: 0 ( I-SLICE, QP 26 )    3846656 bits [Y 99.9900 dB    U 99.9900 dB    V 99.9900 dB] [ET 15.95 ] [L0 ] [L1 ]
*** TRAIL_R numBytesInNALunit: 480318
POC  211 TId: 0 ( I-SLICE, QP 26 )    3842544 bits [Y 99.9900 dB    U 99.9900 dB    V 99.9900 dB] [ET 15.88 ] [L0 ] [L1 ]
*** TRAIL_R numBytesInNALunit: 480924
POC  212 TId: 0 ( I-SLICE, QP 26 )    3847392 bits [Y 99.9900 dB    U 99.9900 dB    V 99.9900 dB] [ET 16.03 ] [L0 ] [L1 ]
*** TRAIL_R numBytesInNALunit: 480492
POC  213 TId: 0 ( I-SLICE, QP 26 )    3843936 bits [Y 99.9900 dB    U 99.9900 dB    V 99.9900 dB] [ET 16.02 ] [L0 ] [L1 ]
*** TRAIL_R numBytesInNALunit: 481048
POC  214 TId: 0 ( I-SLICE, QP 26 )    3848384 bits [Y 99.9900 dB    U 99.9900 dB    V 99.9900 dB] [ET 15.98 ] [L0 ] [L1 ]
*** TRAIL_R numBytesInNALunit: 480207
POC  215 TId: 0 ( I-SLICE, QP 26 )    3841656 bits [Y 99.9900 dB    U 99.9900 dB    V 99.9900 dB] [ET 16.11 ] [L0 ] [L1 ]
*** TRAIL_R numBytesInNALunit: 481049
POC  216 TId: 0 ( I-SLICE, QP 26 )    3848392 bits [Y 99.9900 dB    U 99.9900 dB    V 99.9900 dB] [ET 16.05 ] [L0 ] [L1 ]
*** TRAIL_R numBytesInNALunit: 480142
POC  217 TId: 0 ( I-SLICE, QP 26 )    3841136 bits [Y 99.9900 dB    U 99.9900 dB    V 99.9900 dB] [ET 15.97 ] [L0 ] [L1 ]
*** TRAIL_R numBytesInNALunit: 480908
POC  218 TId: 0 ( I-SLICE, QP 26 )    3847264 bits [Y 99.9900 dB    U 99.9900 dB    V 99.9900 dB] [ET 16.00 ] [L0 ] [L1 ]
*** TRAIL_R numBytesInNALunit: 479989
POC  219 TId: 0 ( I-SLICE, QP 26 )    3839912 bits [Y 99.9900 dB    U 99.9900 dB    V 99.9900 dB] [ET 15.89 ] [L0 ] [L1 ]
*** TRAIL_R numBytesInNALunit: 480188
POC  220 TId: 0 ( I-SLICE, QP 26 )    3841504 bits [Y 99.9900 dB    U 99.9900 dB    V 99.9900 dB] [ET 15.84 ] [L0 ] [L1 ]
*** TRAIL_R numBytesInNALunit: 479149
POC  221 TId: 0 ( I-SLICE, QP 26 )    3833192 bits [Y 99.9900 dB    U 99.9900 dB    V 99.9900 dB] [ET 15.80 ] [L0 ] [L1 ]
*** TRAIL_R numBytesInNALunit: 479969
POC  222 TId: 0 ( I-SLICE, QP 26 )    3839752 bits [Y 99.9900 dB    U 99.9900 dB    V 99.9900 dB] [ET 16.02 ] [L0 ] [L1 ]
*** TRAIL_R numBytesInNALunit: 479074
POC  223 TId: 0 ( I-SLICE, QP 26 )    3832592 bits [Y 99.9900 dB    U 99.9900 dB    V 99.9900 dB] [ET 16.03 ] [L0 ] [L1 ]
*** TRAIL_R numBytesInNALunit: 479474
POC  224 TId: 0 ( I-SLICE, QP 26 )    3835792 bits [Y 99.9900 dB    U 99.9900 dB    V 99.9900 dB] [ET 15.98 ] [L0 ] [L1 ]
*** TRAIL_R numBytesInNALunit: 478770
POC  225 TId: 0 ( I-SLICE, QP 26 )    3830160 bits [Y 99.9900 dB    U 99.9900 dB    V 99.9900 dB] [ET 15.92 ] [L0 ] [L1 ]
*** TRAIL_R numBytesInNALunit: 478984
POC  226 TId: 0 ( I-SLICE, QP 26 )    3831872 bits [Y 99.9900 dB    U 99.9900 dB    V 99.9900 dB] [ET 16.03 ] [L0 ] [L1 ]
*** TRAIL_R numBytesInNALunit: 478085
POC  227 TId: 0 ( I-SLICE, QP 26 )    3824680 bits [Y 99.9900 dB    U 99.9900 dB    V 99.9900 dB] [ET 16.05 ] [L0 ] [L1 ]
*** TRAIL_R numBytesInNALunit: 478712
POC  228 TId: 0 ( I-SLICE, QP 26 )    3829696 bits [Y 99.9900 dB    U 99.9900 dB    V 99.9900 dB] [ET 16.11 ] [L0 ] [L1 ]
*** TRAIL_R numBytesInNALunit: 477680
POC  229 TId: 0 ( I-SLICE, QP 26 )    3821440 bits [Y 99.9900 dB    U 99.9900 dB    V 99.9900 dB] [ET 16.03 ] [L0 ] [L1 ]
*** TRAIL_R numBytesInNALunit: 478092
POC  230 TId: 0 ( I-SLICE, QP 26 )    3824736 bits [Y 99.9900 dB    U 99.9900 dB    V 99.9900 dB] [ET 16.06 ] [L0 ] [L1 ]
*** TRAIL_R numBytesInNALunit: 477733
POC  231 TId: 0 ( I-SLICE, QP 26 )    3821864 bits [Y 99.9900 dB    U 99.9900 dB    V 99.9900 dB] [ET 15.98 ] [L0 ] [L1 ]
*** TRAIL_R numBytesInNALunit: 478152
POC  232 TId: 0 ( I-SLICE, QP 26 )    3825216 bits [Y 99.9900 dB    U 99.9900 dB    V 99.9900 dB] [ET 16.06 ] [L0 ] [L1 ]
*** TRAIL_R numBytesInNALunit: 477675
POC  233 TId: 0 ( I-SLICE, QP 26 )    3821400 bits [Y 99.9900 dB    U 99.9900 dB    V 99.9900 dB] [ET 16.00 ] [L0 ] [L1 ]
*** TRAIL_R numBytesInNALunit: 477332
POC  234 TId: 0 ( I-SLICE, QP 26 )    3818656 bits [Y 99.9900 dB    U 99.9900 dB    V 99.9900 dB] [ET 15.86 ] [L0 ] [L1 ]
*** TRAIL_R numBytesInNALunit: 477190
POC  235 TId: 0 ( I-SLICE, QP 26 )    3817520 bits [Y 99.9900 dB    U 99.9900 dB    V 99.9900 dB] [ET 16.05 ] [L0 ] [L1 ]
*** TRAIL_R numBytesInNALunit: 477446
POC  236 TId: 0 ( I-SLICE, QP 26 )    3819568 bits [Y 99.9900 dB    U 99.9900 dB    V 99.9900 dB] [ET 16.00 ] [L0 ] [L1 ]
*** TRAIL_R numBytesInNALunit: 476858
POC  237 TId: 0 ( I-SLICE, QP 26 )    3814864 bits [Y 99.9900 dB    U 99.9900 dB    V 99.9900 dB] [ET 15.78 ] [L0 ] [L1 ]
*** TRAIL_R numBytesInNALunit: 477143
POC  238 TId: 0 ( I-SLICE, QP 26 )    3817144 bits [Y 99.9900 dB    U 99.9900 dB    V 99.9900 dB] [ET 16.02 ] [L0 ] [L1 ]
*** TRAIL_R numBytesInNALunit: 477248
POC  239 TId: 0 ( I-SLICE, QP 26 )    3817984 bits [Y 99.9900 dB    U 99.9900 dB    V 99.9900 dB] [ET 16.05 ] [L0 ] [L1 ]
*** TRAIL_R numBytesInNALunit: 477696
POC  240 TId: 0 ( I-SLICE, QP 26 )    3821568 bits [Y 99.9900 dB    U 99.9900 dB    V 99.9900 dB] [ET 15.92 ] [L0 ] [L1 ]
*** TRAIL_R numBytesInNALunit: 476772
POC  241 TId: 0 ( I-SLICE, QP 26 )    3814176 bits [Y 99.9900 dB    U 99.9900 dB    V 99.9900 dB] [ET 15.91 ] [L0 ] [L1 ]
*** TRAIL_R numBytesInNALunit: 477110
POC  242 TId: 0 ( I-SLICE, QP 26 )    3816880 bits [Y 99.9900 dB    U 99.9900 dB    V 99.9900 dB] [ET 15.94 ] [L0 ] [L1 ]
*** TRAIL_R numBytesInNALunit: 476934
POC  243 TId: 0 ( I-SLICE, QP 26 )    3815472 bits [Y 99.9900 dB    U 99.9900 dB    V 99.9900 dB] [ET 16.11 ] [L0 ] [L1 ]
*** TRAIL_R numBytesInNALunit: 477931
POC  244 TId: 0 ( I-SLICE, QP 26 )    3823448 bits [Y 99.9900 dB    U 99.9900 dB    V 99.9900 dB] [ET 16.00 ] [L0 ] [L1 ]
*** TRAIL_R numBytesInNALunit: 478359
POC  245 TId: 0 ( I-SLICE, QP 26 )    3826872 bits [Y 99.9900 dB    U 99.9900 dB    V 99.9900 dB] [ET 16.00 ] [L0 ] [L1 ]
*** TRAIL_R numBytesInNALunit: 478356
POC  246 TId: 0 ( I-SLICE, QP 26 )    3826848 bits [Y 99.9900 dB    U 99.9900 dB    V 99.9900 dB] [ET 15.95 ] [L0 ] [L1 ]
*** TRAIL_R numBytesInNALunit: 478649
POC  247 TId: 0 ( I-SLICE, QP 26 )    3829192 bits [Y 99.9900 dB    U 99.9900 dB    V 99.9900 dB] [ET 15.92 ] [L0 ] [L1 ]
*** TRAIL_R numBytesInNALunit: 478995
POC  248 TId: 0 ( I-SLICE, QP 26 )    3831960 bits [Y 99.9900 dB    U 99.9900 dB    V 99.9900 dB] [ET 15.98 ] [L0 ] [L1 ]
*** TRAIL_R numBytesInNALunit: 478550
POC  249 TId: 0 ( I-SLICE, QP 26 )    3828400 bits [Y 99.9900 dB    U 99.9900 dB    V 99.9900 dB] [ET 16.00 ] [L0 ] [L1 ]
*** TRAIL_R numBytesInNALunit: 479310
POC  250 TId: 0 ( I-SLICE, QP 26 )    3834480 bits [Y 99.9900 dB    U 99.9900 dB    V 99.9900 dB] [ET 16.03 ] [L0 ] [L1 ]
*** TRAIL_R numBytesInNALunit: 478605
POC  251 TId: 0 ( I-SLICE, QP 26 )    3828840 bits [Y 99.9900 dB    U 99.9900 dB    V 99.9900 dB] [ET 16.16 ] [L0 ] [L1 ]
*** TRAIL_R numBytesInNALunit: 478686
POC  252 TId: 0 ( I-SLICE, QP 26 )    3829488 bits [Y 99.9900 dB    U 99.9900 dB    V 99.9900 dB] [ET 16.08 ] [L0 ] [L1 ]
*** TRAIL_R numBytesInNALunit: 479055
POC  253 TId: 0 ( I-SLICE, QP 26 )    3832440 bits [Y 99.9900 dB    U 99.9900 dB    V 99.9900 dB] [ET 16.05 ] [L0 ] [L1 ]
*** TRAIL_R numBytesInNALunit: 479469
POC  254 TId: 0 ( I-SLICE, QP 26 )    3835752 bits [Y 99.9900 dB    U 99.9900 dB    V 99.9900 dB] [ET 15.98 ] [L0 ] [L1 ]
*** TRAIL_R numBytesInNALunit: 479490
POC  255 TId: 0 ( I-SLICE, QP 26 )    3835920 bits [Y 99.9900 dB    U 99.9900 dB    V 99.9900 dB] [ET 15.94 ] [L0 ] [L1 ]
*** TRAIL_R numBytesInNALunit: 479263
POC  256 TId: 0 ( I-SLICE, QP 26 )    3834104 bits [Y 99.9900 dB    U 99.9900 dB    V 99.9900 dB] [ET 16.00 ] [L0 ] [L1 ]
*** TRAIL_R numBytesInNALunit: 479288
POC  257 TId: 0 ( I-SLICE, QP 26 )    3834304 bits [Y 99.9900 dB    U 99.9900 dB    V 99.9900 dB] [ET 16.02 ] [L0 ] [L1 ]
*** TRAIL_R numBytesInNALunit: 479542
POC  258 TId: 0 ( I-SLICE, QP 26 )    3836336 bits [Y 99.9900 dB    U 99.9900 dB    V 99.9900 dB] [ET 15.89 ] [L0 ] [L1 ]
*** TRAIL_R numBytesInNALunit: 479178
POC  259 TId: 0 ( I-SLICE, QP 26 )    3833424 bits [Y 99.9900 dB    U 99.9900 dB    V 99.9900 dB] [ET 16.06 ] [L0 ] [L1 ]
*** TRAIL_R numBytesInNALunit: 479413
POC  260 TId: 0 ( I-SLICE, QP 26 )    3835304 bits [Y 99.9900 dB    U 99.9900 dB    V 99.9900 dB] [ET 16.11 ] [L0 ] [L1 ]
*** TRAIL_R numBytesInNALunit: 479116
POC  261 TId: 0 ( I-SLICE, QP 26 )    3832928 bits [Y 99.9900 dB    U 99.9900 dB    V 99.9900 dB] [ET 15.97 ] [L0 ] [L1 ]
*** TRAIL_R numBytesInNALunit: 479130
POC  262 TId: 0 ( I-SLICE, QP 26 )    3833040 bits [Y 99.9900 dB    U 99.9900 dB    V 99.9900 dB] [ET 16.05 ] [L0 ] [L1 ]
*** TRAIL_R numBytesInNALunit: 479107
POC  263 TId: 0 ( I-SLICE, QP 26 )    3832856 bits [Y 99.9900 dB    U 99.9900 dB    V 99.9900 dB] [ET 16.00 ] [L0 ] [L1 ]
*** TRAIL_R numBytesInNALunit: 479205
POC  264 TId: 0 ( I-SLICE, QP 26 )    3833640 bits [Y 99.9900 dB    U 99.9900 dB    V 99.9900 dB] [ET 16.06 ] [L0 ] [L1 ]
*** TRAIL_R numBytesInNALunit: 478660
POC  265 TId: 0 ( I-SLICE, QP 26 )    3829280 bits [Y 99.9900 dB    U 99.9900 dB    V 99.9900 dB] [ET 15.89 ] [L0 ] [L1 ]
*** TRAIL_R numBytesInNALunit: 479196
POC  266 TId: 0 ( I-SLICE, QP 26 )    3833568 bits [Y 99.9900 dB    U 99.9900 dB    V 99.9900 dB] [ET 15.89 ] [L0 ] [L1 ]
*** TRAIL_R numBytesInNALunit: 479300
POC  267 TId: 0 ( I-SLICE, QP 26 )    3834400 bits [Y 99.9900 dB    U 99.9900 dB    V 99.9900 dB] [ET 16.03 ] [L0 ] [L1 ]
*** TRAIL_R numBytesInNALunit: 478794
POC  268 TId: 0 ( I-SLICE, QP 26 )    3830352 bits [Y 99.9900 dB    U 99.9900 dB    V 99.9900 dB] [ET 15.94 ] [L0 ] [L1 ]
*** TRAIL_R numBytesInNALunit: 478863
POC  269 TId: 0 ( I-SLICE, QP 26 )    3830904 bits [Y 99.9900 dB    U 99.9900 dB    V 99.9900 dB] [ET 16.08 ] [L0 ] [L1 ]
*** TRAIL_R numBytesInNALunit: 478521
POC  270 TId: 0 ( I-SLICE, QP 26 )    3828168 bits [Y 99.9900 dB    U 99.9900 dB    V 99.9900 dB] [ET 16.05 ] [L0 ] [L1 ]
*** TRAIL_R numBytesInNALunit: 478107
POC  271 TId: 0 ( I-SLICE, QP 26 )    3824856 bits [Y 99.9900 dB    U 99.9900 dB    V 99.9900 dB] [ET 15.97 ] [L0 ] [L1 ]
*** TRAIL_R numBytesInNALunit: 478307
POC  272 TId: 0 ( I-SLICE, QP 26 )    3826456 bits [Y 99.9900 dB    U 99.9900 dB    V 99.9900 dB] [ET 16.08 ] [L0 ] [L1 ]
*** TRAIL_R numBytesInNALunit: 477779
POC  273 TId: 0 ( I-SLICE, QP 26 )    3822232 bits [Y 99.9900 dB    U 99.9900 dB    V 99.9900 dB] [ET 16.02 ] [L0 ] [L1 ]
*** TRAIL_R numBytesInNALunit: 478145
POC  274 TId: 0 ( I-SLICE, QP 26 )    3825160 bits [Y 99.9900 dB    U 99.9900 dB    V 99.9900 dB] [ET 16.11 ] [L0 ] [L1 ]
*** TRAIL_R numBytesInNALunit: 477991
POC  275 TId: 0 ( I-SLICE, QP 26 )    3823928 bits [Y 99.9900 dB    U 99.9900 dB    V 99.9900 dB] [ET 16.02 ] [L0 ] [L1 ]
*** TRAIL_R numBytesInNALunit: 478146
POC  276 TId: 0 ( I-SLICE, QP 26 )    3825168 bits [Y 99.9900 dB    U 99.9900 dB    V 99.9900 dB] [ET 15.88 ] [L0 ] [L1 ]
*** TRAIL_R numBytesInNALunit: 478018
POC  277 TId: 0 ( I-SLICE, QP 26 )    3824144 bits [Y 99.9900 dB    U 99.9900 dB    V 99.9900 dB] [ET 15.97 ] [L0 ] [L1 ]
*** TRAIL_R numBytesInNALunit: 477784
POC  278 TId: 0 ( I-SLICE, QP 26 )    3822272 bits [Y 99.9900 dB    U 99.9900 dB    V 99.9900 dB] [ET 16.08 ] [L0 ] [L1 ]
*** TRAIL_R numBytesInNALunit: 478288
POC  279 TId: 0 ( I-SLICE, QP 26 )    3826304 bits [Y 99.9900 dB    U 99.9900 dB    V 99.9900 dB] [ET 16.12 ] [L0 ] [L1 ]
*** TRAIL_R numBytesInNALunit: 478798
POC  280 TId: 0 ( I-SLICE, QP 26 )    3830384 bits [Y 99.9900 dB    U 99.9900 dB    V 99.9900 dB] [ET 16.17 ] [L0 ] [L1 ]
*** TRAIL_R numBytesInNALunit: 478399
POC  281 TId: 0 ( I-SLICE, QP 26 )    3827192 bits [Y 99.9900 dB    U 99.9900 dB    V 99.9900 dB] [ET 16.06 ] [L0 ] [L1 ]
*** TRAIL_R numBytesInNALunit: 478509
POC  282 TId: 0 ( I-SLICE, QP 26 )    3828072 bits [Y 99.9900 dB    U 99.9900 dB    V 99.9900 dB] [ET 15.95 ] [L0 ] [L1 ]
*** TRAIL_R numBytesInNALunit: 478751
POC  283 TId: 0 ( I-SLICE, QP 26 )    3830008 bits [Y 99.9900 dB    U 99.9900 dB    V 99.9900 dB] [ET 15.88 ] [L0 ] [L1 ]
*** TRAIL_R numBytesInNALunit: 479519
POC  284 TId: 0 ( I-SLICE, QP 26 )    3836152 bits [Y 99.9900 dB    U 99.9900 dB    V 99.9900 dB] [ET 16.05 ] [L0 ] [L1 ]
*** TRAIL_R numBytesInNALunit: 479565
POC  285 TId: 0 ( I-SLICE, QP 26 )    3836520 bits [Y 99.9900 dB    U 99.9900 dB    V 99.9900 dB] [ET 16.08 ] [L0 ] [L1 ]
*** TRAIL_R numBytesInNALunit: 479750
POC  286 TId: 0 ( I-SLICE, QP 26 )    3838000 bits [Y 99.9900 dB    U 99.9900 dB    V 99.9900 dB] [ET 16.19 ] [L0 ] [L1 ]
*** TRAIL_R numBytesInNALunit: 479767
POC  287 TId: 0 ( I-SLICE, QP 26 )    3838136 bits [Y 99.9900 dB    U 99.9900 dB    V 99.9900 dB] [ET 16.05 ] [L0 ] [L1 ]
*** TRAIL_R numBytesInNALunit: 479756
POC  288 TId: 0 ( I-SLICE, QP 26 )    3838048 bits [Y 99.9900 dB    U 99.9900 dB    V 99.9900 dB] [ET 16.12 ] [L0 ] [L1 ]
*** TRAIL_R numBytesInNALunit: 479741
POC  289 TId: 0 ( I-SLICE, QP 26 )    3837928 bits [Y 99.9900 dB    U 99.9900 dB    V 99.9900 dB] [ET 16.09 ] [L0 ] [L1 ]
*** TRAIL_R numBytesInNALunit: 479999
POC  290 TId: 0 ( I-SLICE, QP 26 )    3839992 bits [Y 99.9900 dB    U 99.9900 dB    V 99.9900 dB] [ET 16.05 ] [L0 ] [L1 ]
*** TRAIL_R numBytesInNALunit: 479787
POC  291 TId: 0 ( I-SLICE, QP 26 )    3838296 bits [Y 99.9900 dB    U 99.9900 dB    V 99.9900 dB] [ET 15.94 ] [L0 ] [L1 ]
*** TRAIL_R numBytesInNALunit: 480265
POC  292 TId: 0 ( I-SLICE, QP 26 )    3842120 bits [Y 99.9900 dB    U 99.9900 dB    V 99.9900 dB] [ET 15.98 ] [L0 ] [L1 ]
*** TRAIL_R numBytesInNALunit: 479985
POC  293 TId: 0 ( I-SLICE, QP 26 )    3839880 bits [Y 99.9900 dB    U 99.9900 dB    V 99.9900 dB] [ET 16.12 ] [L0 ] [L1 ]
*** TRAIL_R numBytesInNALunit: 480710
POC  294 TId: 0 ( I-SLICE, QP 26 )    3845680 bits [Y 99.9900 dB    U 99.9900 dB    V 99.9900 dB] [ET 16.09 ] [L0 ] [L1 ]
*** TRAIL_R numBytesInNALunit: 480539
POC  295 TId: 0 ( I-SLICE, QP 26 )    3844312 bits [Y 99.9900 dB    U 99.9900 dB    V 99.9900 dB] [ET 16.06 ] [L0 ] [L1 ]
*** TRAIL_R numBytesInNALunit: 480114
POC  296 TId: 0 ( I-SLICE, QP 26 )    3840912 bits [Y 99.9900 dB    U 99.9900 dB    V 99.9900 dB] [ET 16.11 ] [L0 ] [L1 ]
*** TRAIL_R numBytesInNALunit: 480511
POC  297 TId: 0 ( I-SLICE, QP 26 )    3844088 bits [Y 99.9900 dB    U 99.9900 dB    V 99.9900 dB] [ET 16.08 ] [L0 ] [L1 ]
*** TRAIL_R numBytesInNALunit: 480783
POC  298 TId: 0 ( I-SLICE, QP 26 )    3846264 bits [Y 99.9900 dB    U 99.9900 dB    V 99.9900 dB] [ET 15.92 ] [L0 ] [L1 ]
*** TRAIL_R numBytesInNALunit: 480248
POC  299 TId: 0 ( I-SLICE, QP 26 )    3841984 bits [Y 99.9900 dB    U 99.9900 dB    V 99.9900 dB] [ET 15.78 ] [L0 ] [L1 ]
*** TRAIL_R numBytesInNALunit: 479947
POC  300 TId: 0 ( I-SLICE, QP 26 )    3839576 bits [Y 99.9900 dB    U 99.9900 dB    V 99.9900 dB] [ET 16.05 ] [L0 ] [L1 ]
*** TRAIL_R numBytesInNALunit: 479788
POC  301 TId: 0 ( I-SLICE, QP 26 )    3838304 bits [Y 99.9900 dB    U 99.9900 dB    V 99.9900 dB] [ET 16.09 ] [L0 ] [L1 ]
*** TRAIL_R numBytesInNALunit: 479434
POC  302 TId: 0 ( I-SLICE, QP 26 )    3835472 bits [Y 99.9900 dB    U 99.9900 dB    V 99.9900 dB] [ET 16.05 ] [L0 ] [L1 ]
*** TRAIL_R numBytesInNALunit: 479651
POC  303 TId: 0 ( I-SLICE, QP 26 )    3837208 bits [Y 99.9900 dB    U 99.9900 dB    V 99.9900 dB] [ET 16.06 ] [L0 ] [L1 ]
*** TRAIL_R numBytesInNALunit: 479251
POC  304 TId: 0 ( I-SLICE, QP 26 )    3834008 bits [Y 99.9900 dB    U 99.9900 dB    V 99.9900 dB] [ET 15.91 ] [L0 ] [L1 ]
*** TRAIL_R numBytesInNALunit: 479480
POC  305 TId: 0 ( I-SLICE, QP 26 )    3835840 bits [Y 99.9900 dB    U 99.9900 dB    V 99.9900 dB] [ET 15.88 ] [L0 ] [L1 ]
*** TRAIL_R numBytesInNALunit: 479810
POC  306 TId: 0 ( I-SLICE, QP 26 )    3838480 bits [Y 99.9900 dB    U 99.9900 dB    V 99.9900 dB] [ET 15.86 ] [L0 ] [L1 ]
*** TRAIL_R numBytesInNALunit: 480551
POC  307 TId: 0 ( I-SLICE, QP 26 )    3844408 bits [Y 99.9900 dB    U 99.9900 dB    V 99.9900 dB] [ET 16.08 ] [L0 ] [L1 ]
*** TRAIL_R numBytesInNALunit: 480687
POC  308 TId: 0 ( I-SLICE, QP 26 )    3845496 bits [Y 99.9900 dB    U 99.9900 dB    V 99.9900 dB] [ET 16.05 ] [L0 ] [L1 ]
*** TRAIL_R numBytesInNALunit: 481155
POC  309 TId: 0 ( I-SLICE, QP 26 )    3849240 bits [Y 99.9900 dB    U 99.9900 dB    V 99.9900 dB] [ET 16.27 ] [L0 ] [L1 ]
*** TRAIL_R numBytesInNALunit: 481232
POC  310 TId: 0 ( I-SLICE, QP 26 )    3849856 bits [Y 99.9900 dB    U 99.9900 dB    V 99.9900 dB] [ET 15.97 ] [L0 ] [L1 ]
*** TRAIL_R numBytesInNALunit: 481465
POC  311 TId: 0 ( I-SLICE, QP 26 )    3851720 bits [Y 99.9900 dB    U 99.9900 dB    V 99.9900 dB] [ET 16.12 ] [L0 ] [L1 ]
*** TRAIL_R numBytesInNALunit: 481556
POC  312 TId: 0 ( I-SLICE, QP 26 )    3852448 bits [Y 99.9900 dB    U 99.9900 dB    V 99.9900 dB] [ET 16.16 ] [L0 ] [L1 ]
*** TRAIL_R numBytesInNALunit: 481255
POC  313 TId: 0 ( I-SLICE, QP 26 )    3850040 bits [Y 99.9900 dB    U 99.9900 dB    V 99.9900 dB] [ET 15.98 ] [L0 ] [L1 ]
*** TRAIL_R numBytesInNALunit: 481528
POC  314 TId: 0 ( I-SLICE, QP 26 )    3852224 bits [Y 99.9900 dB    U 99.9900 dB    V 99.9900 dB] [ET 16.03 ] [L0 ] [L1 ]
*** TRAIL_R numBytesInNALunit: 481446
POC  315 TId: 0 ( I-SLICE, QP 26 )    3851568 bits [Y 99.9900 dB    U 99.9900 dB    V 99.9900 dB] [ET 16.16 ] [L0 ] [L1 ]
*** TRAIL_R numBytesInNALunit: 481667
POC  316 TId: 0 ( I-SLICE, QP 26 )    3853336 bits [Y 99.9900 dB    U 99.9900 dB    V 99.9900 dB] [ET 16.05 ] [L0 ] [L1 ]
*** TRAIL_R numBytesInNALunit: 481095
POC  317 TId: 0 ( I-SLICE, QP 26 )    3848760 bits [Y 99.9900 dB    U 99.9900 dB    V 99.9900 dB] [ET 16.06 ] [L0 ] [L1 ]
*** TRAIL_R numBytesInNALunit: 481340
POC  318 TId: 0 ( I-SLICE, QP 26 )    3850720 bits [Y 99.9900 dB    U 99.9900 dB    V 99.9900 dB] [ET 16.12 ] [L0 ] [L1 ]
*** TRAIL_R numBytesInNALunit: 481280
POC  319 TId: 0 ( I-SLICE, QP 26 )    3850240 bits [Y 99.9900 dB    U 99.9900 dB    V 99.9900 dB] [ET 16.05 ] [L0 ] [L1 ]
*** TRAIL_R numBytesInNALunit: 481018
POC  320 TId: 0 ( I-SLICE, QP 26 )    3848144 bits [Y 99.9900 dB    U 99.9900 dB    V 99.9900 dB] [ET 16.11 ] [L0 ] [L1 ]
*** TRAIL_R numBytesInNALunit: 481163
POC  321 TId: 0 ( I-SLICE, QP 26 )    3849304 bits [Y 99.9900 dB    U 99.9900 dB    V 99.9900 dB] [ET 16.17 ] [L0 ] [L1 ]
*** TRAIL_R numBytesInNALunit: 480948
POC  322 TId: 0 ( I-SLICE, QP 26 )    3847584 bits [Y 99.9900 dB    U 99.9900 dB    V 99.9900 dB] [ET 15.97 ] [L0 ] [L1 ]
*** TRAIL_R numBytesInNALunit: 481355
POC  323 TId: 0 ( I-SLICE, QP 26 )    3850840 bits [Y 99.9900 dB    U 99.9900 dB    V 99.9900 dB] [ET 16.02 ] [L0 ] [L1 ]
*** TRAIL_R numBytesInNALunit: 481339
POC  324 TId: 0 ( I-SLICE, QP 26 )    3850712 bits [Y 99.9900 dB    U 99.9900 dB    V 99.9900 dB] [ET 15.92 ] [L0 ] [L1 ]
*** TRAIL_R numBytesInNALunit: 480845
POC  325 TId: 0 ( I-SLICE, QP 26 )    3846760 bits [Y 99.9900 dB    U 99.9900 dB    V 99.9900 dB] [ET 16.14 ] [L0 ] [L1 ]
*** TRAIL_R numBytesInNALunit: 481130
POC  326 TId: 0 ( I-SLICE, QP 26 )    3849040 bits [Y 99.9900 dB    U 99.9900 dB    V 99.9900 dB] [ET 15.98 ] [L0 ] [L1 ]
*** TRAIL_R numBytesInNALunit: 480456
POC  327 TId: 0 ( I-SLICE, QP 26 )    3843648 bits [Y 99.9900 dB    U 99.9900 dB    V 99.9900 dB] [ET 15.80 ] [L0 ] [L1 ]
*** TRAIL_R numBytesInNALunit: 480974
POC  328 TId: 0 ( I-SLICE, QP 26 )    3847792 bits [Y 99.9900 dB    U 99.9900 dB    V 99.9900 dB] [ET 15.83 ] [L0 ] [L1 ]
*** TRAIL_R numBytesInNALunit: 480907
POC  329 TId: 0 ( I-SLICE, QP 26 )    3847256 bits [Y 99.9900 dB    U 99.9900 dB    V 99.9900 dB] [ET 16.00 ] [L0 ] [L1 ]
*** TRAIL_R numBytesInNALunit: 480539
POC  330 TId: 0 ( I-SLICE, QP 26 )    3844312 bits [Y 99.9900 dB    U 99.9900 dB    V 99.9900 dB] [ET 15.97 ] [L0 ] [L1 ]
*** TRAIL_R numBytesInNALunit: 480630
POC  331 TId: 0 ( I-SLICE, QP 26 )    3845040 bits [Y 99.9900 dB    U 99.9900 dB    V 99.9900 dB] [ET 16.06 ] [L0 ] [L1 ]
*** TRAIL_R numBytesInNALunit: 481315
POC  332 TId: 0 ( I-SLICE, QP 26 )    3850520 bits [Y 99.9900 dB    U 99.9900 dB    V 99.9900 dB] [ET 16.03 ] [L0 ] [L1 ]
*** TRAIL_R numBytesInNALunit: 480986
POC  333 TId: 0 ( I-SLICE, QP 26 )    3847888 bits [Y 99.9900 dB    U 99.9900 dB    V 99.9900 dB] [ET 16.05 ] [L0 ] [L1 ]
*** TRAIL_R numBytesInNALunit: 481298
POC  334 TId: 0 ( I-SLICE, QP 26 )    3850384 bits [Y 99.9900 dB    U 99.9900 dB    V 99.9900 dB] [ET 15.91 ] [L0 ] [L1 ]
*** TRAIL_R numBytesInNALunit: 480888
POC  335 TId: 0 ( I-SLICE, QP 26 )    3847104 bits [Y 99.9900 dB    U 99.9900 dB    V 99.9900 dB] [ET 15.88 ] [L0 ] [L1 ]
*** TRAIL_R numBytesInNALunit: 481195
POC  336 TId: 0 ( I-SLICE, QP 26 )    3849560 bits [Y 99.9900 dB    U 99.9900 dB    V 99.9900 dB] [ET 15.88 ] [L0 ] [L1 ]
*** TRAIL_R numBytesInNALunit: 480306
POC  337 TId: 0 ( I-SLICE, QP 26 )    3842448 bits [Y 99.9900 dB    U 99.9900 dB    V 99.9900 dB] [ET 16.08 ] [L0 ] [L1 ]
*** TRAIL_R numBytesInNALunit: 480723
POC  338 TId: 0 ( I-SLICE, QP 26 )    3845784 bits [Y 99.9900 dB    U 99.9900 dB    V 99.9900 dB] [ET 15.98 ] [L0 ] [L1 ]
*** TRAIL_R numBytesInNALunit: 480812
POC  339 TId: 0 ( I-SLICE, QP 26 )    3846496 bits [Y 99.9900 dB    U 99.9900 dB    V 99.9900 dB] [ET 15.94 ] [L0 ] [L1 ]
*** TRAIL_R numBytesInNALunit: 480399
POC  340 TId: 0 ( I-SLICE, QP 26 )    3843192 bits [Y 99.9900 dB    U 99.9900 dB    V 99.9900 dB] [ET 16.03 ] [L0 ] [L1 ]
*** TRAIL_R numBytesInNALunit: 480634
POC  341 TId: 0 ( I-SLICE, QP 26 )    3845072 bits [Y 99.9900 dB    U 99.9900 dB    V 99.9900 dB] [ET 16.17 ] [L0 ] [L1 ]
*** TRAIL_R numBytesInNALunit: 480378
POC  342 TId: 0 ( I-SLICE, QP 26 )    3843024 bits [Y 99.9900 dB    U 99.9900 dB    V 99.9900 dB] [ET 16.08 ] [L0 ] [L1 ]
*** TRAIL_R numBytesInNALunit: 479762
POC  343 TId: 0 ( I-SLICE, QP 26 )    3838096 bits [Y 99.9900 dB    U 99.9900 dB    V 99.9900 dB] [ET 16.05 ] [L0 ] [L1 ]
*** TRAIL_R numBytesInNALunit: 479671
POC  344 TId: 0 ( I-SLICE, QP 26 )    3837368 bits [Y 99.9900 dB    U 99.9900 dB    V 99.9900 dB] [ET 16.11 ] [L0 ] [L1 ]
*** TRAIL_R numBytesInNALunit: 478993
POC  345 TId: 0 ( I-SLICE, QP 26 )    3831944 bits [Y 99.9900 dB    U 99.9900 dB    V 99.9900 dB] [ET 16.17 ] [L0 ] [L1 ]
*** TRAIL_R numBytesInNALunit: 479806
POC  346 TId: 0 ( I-SLICE, QP 26 )    3838448 bits [Y 99.9900 dB    U 99.9900 dB    V 99.9900 dB] [ET 16.19 ] [L0 ] [L1 ]
*** TRAIL_R numBytesInNALunit: 479025
POC  347 TId: 0 ( I-SLICE, QP 26 )    3832200 bits [Y 99.9900 dB    U 99.9900 dB    V 99.9900 dB] [ET 16.16 ] [L0 ] [L1 ]
*** TRAIL_R numBytesInNALunit: 478650
POC  348 TId: 0 ( I-SLICE, QP 26 )    3829200 bits [Y 99.9900 dB    U 99.9900 dB    V 99.9900 dB] [ET 15.95 ] [L0 ] [L1 ]
*** TRAIL_R numBytesInNALunit: 478545
POC  349 TId: 0 ( I-SLICE, QP 26 )    3828360 bits [Y 99.9900 dB    U 99.9900 dB    V 99.9900 dB] [ET 15.80 ] [L0 ] [L1 ]
*** TRAIL_R numBytesInNALunit: 478919
POC  350 TId: 0 ( I-SLICE, QP 26 )    3831352 bits [Y 99.9900 dB    U 99.9900 dB    V 99.9900 dB] [ET 16.00 ] [L0 ] [L1 ]
*** TRAIL_R numBytesInNALunit: 478479
POC  351 TId: 0 ( I-SLICE, QP 26 )    3827832 bits [Y 99.9900 dB    U 99.9900 dB    V 99.9900 dB] [ET 16.02 ] [L0 ] [L1 ]
*** TRAIL_R numBytesInNALunit: 479023
POC  352 TId: 0 ( I-SLICE, QP 26 )    3832184 bits [Y 99.9900 dB    U 99.9900 dB    V 99.9900 dB] [ET 16.12 ] [L0 ] [L1 ]
*** TRAIL_R numBytesInNALunit: 479131
POC  353 TId: 0 ( I-SLICE, QP 26 )    3833048 bits [Y 99.9900 dB    U 99.9900 dB    V 99.9900 dB] [ET 15.98 ] [L0 ] [L1 ]
*** TRAIL_R numBytesInNALunit: 478898
POC  354 TId: 0 ( I-SLICE, QP 26 )    3831184 bits [Y 99.9900 dB    U 99.9900 dB    V 99.9900 dB] [ET 16.03 ] [L0 ] [L1 ]
*** TRAIL_R numBytesInNALunit: 478578
POC  355 TId: 0 ( I-SLICE, QP 26 )    3828624 bits [Y 99.9900 dB    U 99.9900 dB    V 99.9900 dB] [ET 16.02 ] [L0 ] [L1 ]
*** TRAIL_R numBytesInNALunit: 478771
POC  356 TId: 0 ( I-SLICE, QP 26 )    3830168 bits [Y 99.9900 dB    U 99.9900 dB    V 99.9900 dB] [ET 15.98 ] [L0 ] [L1 ]
*** TRAIL_R numBytesInNALunit: 479044
POC  357 TId: 0 ( I-SLICE, QP 26 )    3832352 bits [Y 99.9900 dB    U 99.9900 dB    V 99.9900 dB] [ET 16.30 ] [L0 ] [L1 ]
*** TRAIL_R numBytesInNALunit: 478686
POC  358 TId: 0 ( I-SLICE, QP 26 )    3829488 bits [Y 99.9900 dB    U 99.9900 dB    V 99.9900 dB] [ET 15.84 ] [L0 ] [L1 ]
*** TRAIL_R numBytesInNALunit: 478408
POC  359 TId: 0 ( I-SLICE, QP 26 )    3827264 bits [Y 99.9900 dB    U 99.9900 dB    V 99.9900 dB] [ET 15.84 ] [L0 ] [L1 ]
*** TRAIL_R numBytesInNALunit: 478553
POC  360 TId: 0 ( I-SLICE, QP 26 )    3828424 bits [Y 99.9900 dB    U 99.9900 dB    V 99.9900 dB] [ET 15.92 ] [L0 ] [L1 ]
*** TRAIL_R numBytesInNALunit: 478207
POC  361 TId: 0 ( I-SLICE, QP 26 )    3825656 bits [Y 99.9900 dB    U 99.9900 dB    V 99.9900 dB] [ET 16.14 ] [L0 ] [L1 ]
*** TRAIL_R numBytesInNALunit: 478211
POC  362 TId: 0 ( I-SLICE, QP 26 )    3825688 bits [Y 99.9900 dB    U 99.9900 dB    V 99.9900 dB] [ET 16.06 ] [L0 ] [L1 ]
*** TRAIL_R numBytesInNALunit: 478700
POC  363 TId: 0 ( I-SLICE, QP 26 )    3829600 bits [Y 99.9900 dB    U 99.9900 dB    V 99.9900 dB] [ET 16.11 ] [L0 ] [L1 ]
*** TRAIL_R numBytesInNALunit: 478615
POC  364 TId: 0 ( I-SLICE, QP 26 )    3828920 bits [Y 99.9900 dB    U 99.9900 dB    V 99.9900 dB] [ET 15.98 ] [L0 ] [L1 ]
*** TRAIL_R numBytesInNALunit: 478904
POC  365 TId: 0 ( I-SLICE, QP 26 )    3831232 bits [Y 99.9900 dB    U 99.9900 dB    V 99.9900 dB] [ET 15.94 ] [L0 ] [L1 ]
*** TRAIL_R numBytesInNALunit: 478323
POC  366 TId: 0 ( I-SLICE, QP 26 )    3826584 bits [Y 99.9900 dB    U 99.9900 dB    V 99.9900 dB] [ET 15.89 ] [L0 ] [L1 ]
*** TRAIL_R numBytesInNALunit: 478436
POC  367 TId: 0 ( I-SLICE, QP 26 )    3827488 bits [Y 99.9900 dB    U 99.9900 dB    V 99.9900 dB] [ET 15.95 ] [L0 ] [L1 ]
*** TRAIL_R numBytesInNALunit: 478122
POC  368 TId: 0 ( I-SLICE, QP 26 )    3824976 bits [Y 99.9900 dB    U 99.9900 dB    V 99.9900 dB] [ET 16.16 ] [L0 ] [L1 ]
*** TRAIL_R numBytesInNALunit: 478454
POC  369 TId: 0 ( I-SLICE, QP 26 )    3827632 bits [Y 99.9900 dB    U 99.9900 dB    V 99.9900 dB] [ET 16.09 ] [L0 ] [L1 ]
*** TRAIL_R numBytesInNALunit: 478724
POC  370 TId: 0 ( I-SLICE, QP 26 )    3829792 bits [Y 99.9900 dB    U 99.9900 dB    V 99.9900 dB] [ET 15.95 ] [L0 ] [L1 ]
*** TRAIL_R numBytesInNALunit: 478639
POC  371 TId: 0 ( I-SLICE, QP 26 )    3829112 bits [Y 99.9900 dB    U 99.9900 dB    V 99.9900 dB] [ET 15.92 ] [L0 ] [L1 ]
*** TRAIL_R numBytesInNALunit: 478277
POC  372 TId: 0 ( I-SLICE, QP 26 )    3826216 bits [Y 99.9900 dB    U 99.9900 dB    V 99.9900 dB] [ET 15.95 ] [L0 ] [L1 ]
*** TRAIL_R numBytesInNALunit: 477609
POC  373 TId: 0 ( I-SLICE, QP 26 )    3820872 bits [Y 99.9900 dB    U 99.9900 dB    V 99.9900 dB] [ET 15.98 ] [L0 ] [L1 ]
*** TRAIL_R numBytesInNALunit: 477920
POC  374 TId: 0 ( I-SLICE, QP 26 )    3823360 bits [Y 99.9900 dB    U 99.9900 dB    V 99.9900 dB] [ET 15.95 ] [L0 ] [L1 ]
*** TRAIL_R numBytesInNALunit: 477556
POC  375 TId: 0 ( I-SLICE, QP 26 )    3820448 bits [Y 99.9900 dB    U 99.9900 dB    V 99.9900 dB] [ET 16.06 ] [L0 ] [L1 ]
*** TRAIL_R numBytesInNALunit: 477992
POC  376 TId: 0 ( I-SLICE, QP 26 )    3823936 bits [Y 99.9900 dB    U 99.9900 dB    V 99.9900 dB] [ET 15.97 ] [L0 ] [L1 ]
*** TRAIL_R numBytesInNALunit: 478026
POC  377 TId: 0 ( I-SLICE, QP 26 )    3824208 bits [Y 99.9900 dB    U 99.9900 dB    V 99.9900 dB] [ET 16.11 ] [L0 ] [L1 ]
*** TRAIL_R numBytesInNALunit: 477880
POC  378 TId: 0 ( I-SLICE, QP 26 )    3823040 bits [Y 99.9900 dB    U 99.9900 dB    V 99.9900 dB] [ET 16.09 ] [L0 ] [L1 ]
*** TRAIL_R numBytesInNALunit: 478356
POC  379 TId: 0 ( I-SLICE, QP 26 )    3826848 bits [Y 99.9900 dB    U 99.9900 dB    V 99.9900 dB] [ET 15.95 ] [L0 ] [L1 ]
*** TRAIL_R numBytesInNALunit: 478334
POC  380 TId: 0 ( I-SLICE, QP 26 )    3826672 bits [Y 99.9900 dB    U 99.9900 dB    V 99.9900 dB] [ET 15.95 ] [L0 ] [L1 ]
*** TRAIL_R numBytesInNALunit: 478667
POC  381 TId: 0 ( I-SLICE, QP 26 )    3829336 bits [Y 99.9900 dB    U 99.9900 dB    V 99.9900 dB] [ET 15.95 ] [L0 ] [L1 ]
*** TRAIL_R numBytesInNALunit: 478379
POC  382 TId: 0 ( I-SLICE, QP 26 )    3827032 bits [Y 99.9900 dB    U 99.9900 dB    V 99.9900 dB] [ET 15.97 ] [L0 ] [L1 ]
*** TRAIL_R numBytesInNALunit: 478112
POC  383 TId: 0 ( I-SLICE, QP 26 )    3824896 bits [Y 99.9900 dB    U 99.9900 dB    V 99.9900 dB] [ET 15.94 ] [L0 ] [L1 ]
*** TRAIL_R numBytesInNALunit: 478341
POC  384 TId: 0 ( I-SLICE, QP 26 )    3826728 bits [Y 99.9900 dB    U 99.9900 dB    V 99.9900 dB] [ET 15.69 ] [L0 ] [L1 ]
*** TRAIL_R numBytesInNALunit: 478275
POC  385 TId: 0 ( I-SLICE, QP 26 )    3826200 bits [Y 99.9900 dB    U 99.9900 dB    V 99.9900 dB] [ET 15.23 ] [L0 ] [L1 ]
*** TRAIL_R numBytesInNALunit: 478553
POC  386 TId: 0 ( I-SLICE, QP 26 )    3828424 bits [Y 99.9900 dB    U 99.9900 dB    V 99.9900 dB] [ET 15.20 ] [L0 ] [L1 ]
*** TRAIL_R numBytesInNALunit: 478321
POC  387 TId: 0 ( I-SLICE, QP 26 )    3826568 bits [Y 99.9900 dB    U 99.9900 dB    V 99.9900 dB] [ET 15.27 ] [L0 ] [L1 ]
*** TRAIL_R numBytesInNALunit: 478254
POC  388 TId: 0 ( I-SLICE, QP 26 )    3826032 bits [Y 99.9900 dB    U 99.9900 dB    V 99.9900 dB] [ET 14.98 ] [L0 ] [L1 ]
*** TRAIL_R numBytesInNALunit: 477757
POC  389 TId: 0 ( I-SLICE, QP 26 )    3822056 bits [Y 99.9900 dB    U 99.9900 dB    V 99.9900 dB] [ET 15.16 ] [L0 ] [L1 ]
*** TRAIL_R numBytesInNALunit: 477978
POC  390 TId: 0 ( I-SLICE, QP 26 )    3823824 bits [Y 99.9900 dB    U 99.9900 dB    V 99.9900 dB] [ET 15.03 ] [L0 ] [L1 ]
*** TRAIL_R numBytesInNALunit: 477882
POC  391 TId: 0 ( I-SLICE, QP 26 )    3823056 bits [Y 99.9900 dB    U 99.9900 dB    V 99.9900 dB] [ET 15.14 ] [L0 ] [L1 ]
*** TRAIL_R numBytesInNALunit: 478156
POC  392 TId: 0 ( I-SLICE, QP 26 )    3825248 bits [Y 99.9900 dB    U 99.9900 dB    V 99.9900 dB] [ET 15.11 ] [L0 ] [L1 ]
*** TRAIL_R numBytesInNALunit: 478359
POC  393 TId: 0 ( I-SLICE, QP 26 )    3826872 bits [Y 99.9900 dB    U 99.9900 dB    V 99.9900 dB] [ET 15.16 ] [L0 ] [L1 ]
*** TRAIL_R numBytesInNALunit: 478403
POC  394 TId: 0 ( I-SLICE, QP 26 )    3827224 bits [Y 99.9900 dB    U 99.9900 dB    V 99.9900 dB] [ET 15.08 ] [L0 ] [L1 ]
*** TRAIL_R numBytesInNALunit: 477856
POC  395 TId: 0 ( I-SLICE, QP 26 )    3822848 bits [Y 99.9900 dB    U 99.9900 dB    V 99.9900 dB] [ET 15.28 ] [L0 ] [L1 ]
*** TRAIL_R numBytesInNALunit: 478266
POC  396 TId: 0 ( I-SLICE, QP 26 )    3826128 bits [Y 99.9900 dB    U 99.9900 dB    V 99.9900 dB] [ET 15.08 ] [L0 ] [L1 ]
*** TRAIL_R numBytesInNALunit: 478420
POC  397 TId: 0 ( I-SLICE, QP 26 )    3827360 bits [Y 99.9900 dB    U 99.9900 dB    V 99.9900 dB] [ET 15.30 ] [L0 ] [L1 ]
*** TRAIL_R numBytesInNALunit: 478207
POC  398 TId: 0 ( I-SLICE, QP 26 )    3825656 bits [Y 99.9900 dB    U 99.9900 dB    V 99.9900 dB] [ET 15.05 ] [L0 ] [L1 ]
*** TRAIL_R numBytesInNALunit: 478472
POC  399 TId: 0 ( I-SLICE, QP 26 )    3827776 bits [Y 99.9900 dB    U 99.9900 dB    V 99.9900 dB] [ET 15.31 ] [L0 ] [L1 ]
*** TRAIL_R numBytesInNALunit: 478411
POC  400 TId: 0 ( I-SLICE, QP 26 )    3827288 bits [Y 99.9900 dB    U 99.9900 dB    V 99.9900 dB] [ET 15.08 ] [L0 ] [L1 ]
*** TRAIL_R numBytesInNALunit: 478990
POC  401 TId: 0 ( I-SLICE, QP 26 )    3831920 bits [Y 99.9900 dB    U 99.9900 dB    V 99.9900 dB] [ET 14.95 ] [L0 ] [L1 ]
*** TRAIL_R numBytesInNALunit: 478730
POC  402 TId: 0 ( I-SLICE, QP 26 )    3829840 bits [Y 99.9900 dB    U 99.9900 dB    V 99.9900 dB] [ET 15.12 ] [L0 ] [L1 ]
*** TRAIL_R numBytesInNALunit: 478788
POC  403 TId: 0 ( I-SLICE, QP 26 )    3830304 bits [Y 99.9900 dB    U 99.9900 dB    V 99.9900 dB] [ET 15.28 ] [L0 ] [L1 ]
*** TRAIL_R numBytesInNALunit: 478663
POC  404 TId: 0 ( I-SLICE, QP 26 )    3829304 bits [Y 99.9900 dB    U 99.9900 dB    V 99.9900 dB] [ET 15.16 ] [L0 ] [L1 ]
*** TRAIL_R numBytesInNALunit: 478711
POC  405 TId: 0 ( I-SLICE, QP 26 )    3829688 bits [Y 99.9900 dB    U 99.9900 dB    V 99.9900 dB] [ET 15.08 ] [L0 ] [L1 ]
*** TRAIL_R numBytesInNALunit: 478572
POC  406 TId: 0 ( I-SLICE, QP 26 )    3828576 bits [Y 99.9900 dB    U 99.9900 dB    V 99.9900 dB] [ET 15.20 ] [L0 ] [L1 ]
*** TRAIL_R numBytesInNALunit: 478607
POC  407 TId: 0 ( I-SLICE, QP 26 )    3828856 bits [Y 99.9900 dB    U 99.9900 dB    V 99.9900 dB] [ET 15.38 ] [L0 ] [L1 ]
*** TRAIL_R numBytesInNALunit: 478638
POC  408 TId: 0 ( I-SLICE, QP 26 )    3829104 bits [Y 99.9900 dB    U 99.9900 dB    V 99.9900 dB] [ET 15.20 ] [L0 ] [L1 ]
*** TRAIL_R numBytesInNALunit: 478526
POC  409 TId: 0 ( I-SLICE, QP 26 )    3828208 bits [Y 99.9900 dB    U 99.9900 dB    V 99.9900 dB] [ET 15.20 ] [L0 ] [L1 ]
*** TRAIL_R numBytesInNALunit: 478886
POC  410 TId: 0 ( I-SLICE, QP 26 )    3831088 bits [Y 99.9900 dB    U 99.9900 dB    V 99.9900 dB] [ET 15.30 ] [L0 ] [L1 ]
*** TRAIL_R numBytesInNALunit: 478832
POC  411 TId: 0 ( I-SLICE, QP 26 )    3830656 bits [Y 99.9900 dB    U 99.9900 dB    V 99.9900 dB] [ET 15.03 ] [L0 ] [L1 ]
*** TRAIL_R numBytesInNALunit: 478230
POC  412 TId: 0 ( I-SLICE, QP 26 )    3825840 bits [Y 99.9900 dB    U 99.9900 dB    V 99.9900 dB] [ET 15.09 ] [L0 ] [L1 ]
*** TRAIL_R numBytesInNALunit: 478588
POC  413 TId: 0 ( I-SLICE, QP 26 )    3828704 bits [Y 99.9900 dB    U 99.9900 dB    V 99.9900 dB] [ET 15.25 ] [L0 ] [L1 ]
*** TRAIL_R numBytesInNALunit: 478663
POC  414 TId: 0 ( I-SLICE, QP 26 )    3829304 bits [Y 99.9900 dB    U 99.9900 dB    V 99.9900 dB] [ET 15.20 ] [L0 ] [L1 ]
*** TRAIL_R numBytesInNALunit: 478985
POC  415 TId: 0 ( I-SLICE, QP 26 )    3831880 bits [Y 99.9900 dB    U 99.9900 dB    V 99.9900 dB] [ET 15.11 ] [L0 ] [L1 ]
*** TRAIL_R numBytesInNALunit: 478365
POC  416 TId: 0 ( I-SLICE, QP 26 )    3826920 bits [Y 99.9900 dB    U 99.9900 dB    V 99.9900 dB] [ET 15.12 ] [L0 ] [L1 ]
*** TRAIL_R numBytesInNALunit: 478506
POC  417 TId: 0 ( I-SLICE, QP 26 )    3828048 bits [Y 99.9900 dB    U 99.9900 dB    V 99.9900 dB] [ET 14.98 ] [L0 ] [L1 ]
*** TRAIL_R numBytesInNALunit: 478747
POC  418 TId: 0 ( I-SLICE, QP 26 )    3829976 bits [Y 99.9900 dB    U 99.9900 dB    V 99.9900 dB] [ET 15.30 ] [L0 ] [L1 ]
*** TRAIL_R numBytesInNALunit: 478717
POC  419 TId: 0 ( I-SLICE, QP 26 )    3829736 bits [Y 99.9900 dB    U 99.9900 dB    V 99.9900 dB] [ET 15.08 ] [L0 ] [L1 ]
*** TRAIL_R numBytesInNALunit: 479115
POC  420 TId: 0 ( I-SLICE, QP 26 )    3832920 bits [Y 99.9900 dB    U 99.9900 dB    V 99.9900 dB] [ET 14.94 ] [L0 ] [L1 ]
*** TRAIL_R numBytesInNALunit: 479463
POC  421 TId: 0 ( I-SLICE, QP 26 )    3835704 bits [Y 99.9900 dB    U 99.9900 dB    V 99.9900 dB] [ET 15.36 ] [L0 ] [L1 ]
*** TRAIL_R numBytesInNALunit: 479129
POC  422 TId: 0 ( I-SLICE, QP 26 )    3833032 bits [Y 99.9900 dB    U 99.9900 dB    V 99.9900 dB] [ET 15.14 ] [L0 ] [L1 ]
*** TRAIL_R numBytesInNALunit: 479142
POC  423 TId: 0 ( I-SLICE, QP 26 )    3833136 bits [Y 99.9900 dB    U 99.9900 dB    V 99.9900 dB] [ET 15.11 ] [L0 ] [L1 ]
*** TRAIL_R numBytesInNALunit: 479507
POC  424 TId: 0 ( I-SLICE, QP 26 )    3836056 bits [Y 99.9900 dB    U 99.9900 dB    V 99.9900 dB] [ET 15.09 ] [L0 ] [L1 ]
*** TRAIL_R numBytesInNALunit: 480346
POC  425 TId: 0 ( I-SLICE, QP 26 )    3842768 bits [Y 99.9900 dB    U 99.9900 dB    V 99.9900 dB] [ET 15.42 ] [L0 ] [L1 ]
*** TRAIL_R numBytesInNALunit: 480692
POC  426 TId: 0 ( I-SLICE, QP 26 )    3845536 bits [Y 99.9900 dB    U 99.9900 dB    V 99.9900 dB] [ET 14.34 ] [L0 ] [L1 ]
*** TRAIL_R numBytesInNALunit: 480427
POC  427 TId: 0 ( I-SLICE, QP 26 )    3843416 bits [Y 99.9900 dB    U 99.9900 dB    V 99.9900 dB] [ET 14.48 ] [L0 ] [L1 ]
*** TRAIL_R numBytesInNALunit: 480578
POC  428 TId: 0 ( I-SLICE, QP 26 )    3844624 bits [Y 99.9900 dB    U 99.9900 dB    V 99.9900 dB] [ET 14.14 ] [L0 ] [L1 ]
*** TRAIL_R numBytesInNALunit: 479906
POC  429 TId: 0 ( I-SLICE, QP 26 )    3839248 bits [Y 99.9900 dB    U 99.9900 dB    V 99.9900 dB] [ET 14.36 ] [L0 ] [L1 ]
*** TRAIL_R numBytesInNALunit: 480068
POC  430 TId: 0 ( I-SLICE, QP 26 )    3840544 bits [Y 99.9900 dB    U 99.9900 dB    V 99.9900 dB] [ET 14.39 ] [L0 ] [L1 ]
*** TRAIL_R numBytesInNALunit: 480252
POC  431 TId: 0 ( I-SLICE, QP 26 )    3842016 bits [Y 99.9900 dB    U 99.9900 dB    V 99.9900 dB] [ET 14.38 ] [L0 ] [L1 ]
*** TRAIL_R numBytesInNALunit: 480522
POC  432 TId: 0 ( I-SLICE, QP 26 )    3844176 bits [Y 99.9900 dB    U 99.9900 dB    V 99.9900 dB] [ET 14.53 ] [L0 ] [L1 ]
*** TRAIL_R numBytesInNALunit: 481046
POC  433 TId: 0 ( I-SLICE, QP 26 )    3848368 bits [Y 99.9900 dB    U 99.9900 dB    V 99.9900 dB] [ET 14.12 ] [L0 ] [L1 ]
*** TRAIL_R numBytesInNALunit: 480434
POC  434 TId: 0 ( I-SLICE, QP 26 )    3843472 bits [Y 99.9900 dB    U 99.9900 dB    V 99.9900 dB] [ET 14.23 ] [L0 ] [L1 ]
*** TRAIL_R numBytesInNALunit: 480196
POC  435 TId: 0 ( I-SLICE, QP 26 )    3841568 bits [Y 99.9900 dB    U 99.9900 dB    V 99.9900 dB] [ET 14.27 ] [L0 ] [L1 ]
*** TRAIL_R numBytesInNALunit: 480255
POC  436 TId: 0 ( I-SLICE, QP 26 )    3842040 bits [Y 99.9900 dB    U 99.9900 dB    V 99.9900 dB] [ET 14.55 ] [L0 ] [L1 ]
*** TRAIL_R numBytesInNALunit: 479762
POC  437 TId: 0 ( I-SLICE, QP 26 )    3838096 bits [Y 99.9900 dB    U 99.9900 dB    V 99.9900 dB] [ET 14.52 ] [L0 ] [L1 ]
*** TRAIL_R numBytesInNALunit: 480500
POC  438 TId: 0 ( I-SLICE, QP 26 )    3844000 bits [Y 99.9900 dB    U 99.9900 dB    V 99.9900 dB] [ET 14.36 ] [L0 ] [L1 ]
*** TRAIL_R numBytesInNALunit: 480087
POC  439 TId: 0 ( I-SLICE, QP 26 )    3840696 bits [Y 99.9900 dB    U 99.9900 dB    V 99.9900 dB] [ET 14.39 ] [L0 ] [L1 ]
*** TRAIL_R numBytesInNALunit: 480496
POC  440 TId: 0 ( I-SLICE, QP 26 )    3843968 bits [Y 99.9900 dB    U 99.9900 dB    V 99.9900 dB] [ET 14.05 ] [L0 ] [L1 ]
*** TRAIL_R numBytesInNALunit: 480124
POC  441 TId: 0 ( I-SLICE, QP 26 )    3840992 bits [Y 99.9900 dB    U 99.9900 dB    V 99.9900 dB] [ET 14.38 ] [L0 ] [L1 ]
*** TRAIL_R numBytesInNALunit: 480213
POC  442 TId: 0 ( I-SLICE, QP 26 )    3841704 bits [Y 99.9900 dB    U 99.9900 dB    V 99.9900 dB] [ET 14.08 ] [L0 ] [L1 ]
*** TRAIL_R numBytesInNALunit: 479775
POC  443 TId: 0 ( I-SLICE, QP 26 )    3838200 bits [Y 99.9900 dB    U 99.9900 dB    V 99.9900 dB] [ET 14.64 ] [L0 ] [L1 ]
*** TRAIL_R numBytesInNALunit: 480672
POC  444 TId: 0 ( I-SLICE, QP 26 )    3845376 bits [Y 99.9900 dB    U 99.9900 dB    V 99.9900 dB] [ET 14.77 ] [L0 ] [L1 ]
*** TRAIL_R numBytesInNALunit: 479629
POC  445 TId: 0 ( I-SLICE, QP 26 )    3837032 bits [Y 99.9900 dB    U 99.9900 dB    V 99.9900 dB] [ET 14.33 ] [L0 ] [L1 ]
*** TRAIL_R numBytesInNALunit: 479866
POC  446 TId: 0 ( I-SLICE, QP 26 )    3838928 bits [Y 99.9900 dB    U 99.9900 dB    V 99.9900 dB] [ET 14.28 ] [L0 ] [L1 ]
*** TRAIL_R numBytesInNALunit: 479691
POC  447 TId: 0 ( I-SLICE, QP 26 )    3837528 bits [Y 99.9900 dB    U 99.9900 dB    V 99.9900 dB] [ET 14.42 ] [L0 ] [L1 ]
*** TRAIL_R numBytesInNALunit: 479262
POC  448 TId: 0 ( I-SLICE, QP 26 )    3834096 bits [Y 99.9900 dB    U 99.9900 dB    V 99.9900 dB] [ET 14.33 ] [L0 ] [L1 ]
*** TRAIL_R numBytesInNALunit: 479320
POC  449 TId: 0 ( I-SLICE, QP 26 )    3834560 bits [Y 99.9900 dB    U 99.9900 dB    V 99.9900 dB] [ET 14.33 ] [L0 ] [L1 ]
*** TRAIL_R numBytesInNALunit: 479769
POC  450 TId: 0 ( I-SLICE, QP 26 )    3838152 bits [Y 99.9900 dB    U 99.9900 dB    V 99.9900 dB] [ET 14.31 ] [L0 ] [L1 ]
*** TRAIL_R numBytesInNALunit: 479708
POC  451 TId: 0 ( I-SLICE, QP 26 )    3837664 bits [Y 99.9900 dB    U 99.9900 dB    V 99.9900 dB] [ET 14.23 ] [L0 ] [L1 ]
*** TRAIL_R numBytesInNALunit: 480134
POC  452 TId: 0 ( I-SLICE, QP 26 )    3841072 bits [Y 99.9900 dB    U 99.9900 dB    V 99.9900 dB] [ET 14.44 ] [L0 ] [L1 ]
*** TRAIL_R numBytesInNALunit: 480307
POC  453 TId: 0 ( I-SLICE, QP 26 )    3842456 bits [Y 99.9900 dB    U 99.9900 dB    V 99.9900 dB] [ET 14.17 ] [L0 ] [L1 ]
*** TRAIL_R numBytesInNALunit: 480121
POC  454 TId: 0 ( I-SLICE, QP 26 )    3840968 bits [Y 99.9900 dB    U 99.9900 dB    V 99.9900 dB] [ET 14.33 ] [L0 ] [L1 ]
*** TRAIL_R numBytesInNALunit: 480118
POC  455 TId: 0 ( I-SLICE, QP 26 )    3840944 bits [Y 99.9900 dB    U 99.9900 dB    V 99.9900 dB] [ET 14.16 ] [L0 ] [L1 ]
*** TRAIL_R numBytesInNALunit: 480589
POC  456 TId: 0 ( I-SLICE, QP 26 )    3844712 bits [Y 99.9900 dB    U 99.9900 dB    V 99.9900 dB] [ET 13.98 ] [L0 ] [L1 ]
*** TRAIL_R numBytesInNALunit: 480499
POC  457 TId: 0 ( I-SLICE, QP 26 )    3843992 bits [Y 99.9900 dB    U 99.9900 dB    V 99.9900 dB] [ET 14.45 ] [L0 ] [L1 ]
*** TRAIL_R numBytesInNALunit: 481022
POC  458 TId: 0 ( I-SLICE, QP 26 )    3848176 bits [Y 99.9900 dB    U 99.9900 dB    V 99.9900 dB] [ET 14.33 ] [L0 ] [L1 ]
*** TRAIL_R numBytesInNALunit: 480437
POC  459 TId: 0 ( I-SLICE, QP 26 )    3843496 bits [Y 99.9900 dB    U 99.9900 dB    V 99.9900 dB] [ET 14.25 ] [L0 ] [L1 ]
*** TRAIL_R numBytesInNALunit: 481257
POC  460 TId: 0 ( I-SLICE, QP 26 )    3850056 bits [Y 99.9900 dB    U 99.9900 dB    V 99.9900 dB] [ET 14.50 ] [L0 ] [L1 ]
*** TRAIL_R numBytesInNALunit: 481168
POC  461 TId: 0 ( I-SLICE, QP 26 )    3849344 bits [Y 99.9900 dB    U 99.9900 dB    V 99.9900 dB] [ET 14.58 ] [L0 ] [L1 ]
*** TRAIL_R numBytesInNALunit: 481120
POC  462 TId: 0 ( I-SLICE, QP 26 )    3848960 bits [Y 99.9900 dB    U 99.9900 dB    V 99.9900 dB] [ET 14.47 ] [L0 ] [L1 ]
*** TRAIL_R numBytesInNALunit: 481229
POC  463 TId: 0 ( I-SLICE, QP 26 )    3849832 bits [Y 99.9900 dB    U 99.9900 dB    V 99.9900 dB] [ET 14.44 ] [L0 ] [L1 ]
*** TRAIL_R numBytesInNALunit: 481364
POC  464 TId: 0 ( I-SLICE, QP 26 )    3850912 bits [Y 99.9900 dB    U 99.9900 dB    V 99.9900 dB] [ET 14.25 ] [L0 ] [L1 ]
*** TRAIL_R numBytesInNALunit: 480979
POC  465 TId: 0 ( I-SLICE, QP 26 )    3847832 bits [Y 99.9900 dB    U 99.9900 dB    V 99.9900 dB] [ET 14.16 ] [L0 ] [L1 ]
*** TRAIL_R numBytesInNALunit: 481019
POC  466 TId: 0 ( I-SLICE, QP 26 )    3848152 bits [Y 99.9900 dB    U 99.9900 dB    V 99.9900 dB] [ET 14.52 ] [L0 ] [L1 ]
*** TRAIL_R numBytesInNALunit: 480943
POC  467 TId: 0 ( I-SLICE, QP 26 )    3847544 bits [Y 99.9900 dB    U 99.9900 dB    V 99.9900 dB] [ET 14.39 ] [L0 ] [L1 ]
*** TRAIL_R numBytesInNALunit: 480946
POC  468 TId: 0 ( I-SLICE, QP 26 )    3847568 bits [Y 99.9900 dB    U 99.9900 dB    V 99.9900 dB] [ET 13.98 ] [L0 ] [L1 ]
*** TRAIL_R numBytesInNALunit: 481343
POC  469 TId: 0 ( I-SLICE, QP 26 )    3850744 bits [Y 99.9900 dB    U 99.9900 dB    V 99.9900 dB] [ET 13.70 ] [L0 ] [L1 ]
*** TRAIL_R numBytesInNALunit: 481641
POC  470 TId: 0 ( I-SLICE, QP 26 )    3853128 bits [Y 99.9900 dB    U 99.9900 dB    V 99.9900 dB] [ET 14.12 ] [L0 ] [L1 ]
*** TRAIL_R numBytesInNALunit: 481834
POC  471 TId: 0 ( I-SLICE, QP 26 )    3854672 bits [Y 99.9900 dB    U 99.9900 dB    V 99.9900 dB] [ET 13.97 ] [L0 ] [L1 ]
*** TRAIL_R numBytesInNALunit: 481930
POC  472 TId: 0 ( I-SLICE, QP 26 )    3855440 bits [Y 99.9900 dB    U 99.9900 dB    V 99.9900 dB] [ET 14.62 ] [L0 ] [L1 ]
*** TRAIL_R numBytesInNALunit: 481537
POC  473 TId: 0 ( I-SLICE, QP 26 )    3852296 bits [Y 99.9900 dB    U 99.9900 dB    V 99.9900 dB] [ET 14.14 ] [L0 ] [L1 ]
*** TRAIL_R numBytesInNALunit: 482316
POC  474 TId: 0 ( I-SLICE, QP 26 )    3858528 bits [Y 99.9900 dB    U 99.9900 dB    V 99.9900 dB] [ET 14.36 ] [L0 ] [L1 ]
*** TRAIL_R numBytesInNALunit: 481843
POC  475 TId: 0 ( I-SLICE, QP 26 )    3854744 bits [Y 99.9900 dB    U 99.9900 dB    V 99.9900 dB] [ET 14.06 ] [L0 ] [L1 ]
*** TRAIL_R numBytesInNALunit: 482522
POC  476 TId: 0 ( I-SLICE, QP 26 )    3860176 bits [Y 99.9900 dB    U 99.9900 dB    V 99.9900 dB] [ET 14.06 ] [L0 ] [L1 ]
*** TRAIL_R numBytesInNALunit: 481494
POC  477 TId: 0 ( I-SLICE, QP 26 )    3851952 bits [Y 99.9900 dB    U 99.9900 dB    V 99.9900 dB] [ET 14.20 ] [L0 ] [L1 ]
*** TRAIL_R numBytesInNALunit: 482380
POC  478 TId: 0 ( I-SLICE, QP 26 )    3859040 bits [Y 99.9900 dB    U 99.9900 dB    V 99.9900 dB] [ET 14.03 ] [L0 ] [L1 ]
*** TRAIL_R numBytesInNALunit: 482296
POC  479 TId: 0 ( I-SLICE, QP 26 )    3858368 bits [Y 99.9900 dB    U 99.9900 dB    V 99.9900 dB] [ET 13.73 ] [L0 ] [L1 ]
*** TRAIL_R numBytesInNALunit: 482618
POC  480 TId: 0 ( I-SLICE, QP 26 )    3860944 bits [Y 99.9900 dB    U 99.9900 dB    V 99.9900 dB] [ET 13.28 ] [L0 ] [L1 ]
*** TRAIL_R numBytesInNALunit: 482530
POC  481 TId: 0 ( I-SLICE, QP 26 )    3860240 bits [Y 99.9900 dB    U 99.9900 dB    V 99.9900 dB] [ET 13.41 ] [L0 ] [L1 ]
*** TRAIL_R numBytesInNALunit: 482069
POC  482 TId: 0 ( I-SLICE, QP 26 )    3856552 bits [Y 99.9900 dB    U 99.9900 dB    V 99.9900 dB] [ET 13.30 ] [L0 ] [L1 ]
*** TRAIL_R numBytesInNALunit: 481488
POC  483 TId: 0 ( I-SLICE, QP 26 )    3851904 bits [Y 99.9900 dB    U 99.9900 dB    V 99.9900 dB] [ET 13.20 ] [L0 ] [L1 ]
*** TRAIL_R numBytesInNALunit: 481825
POC  484 TId: 0 ( I-SLICE, QP 26 )    3854600 bits [Y 99.9900 dB    U 99.9900 dB    V 99.9900 dB] [ET 13.47 ] [L0 ] [L1 ]
*** TRAIL_R numBytesInNALunit: 481449
POC  485 TId: 0 ( I-SLICE, QP 26 )    3851592 bits [Y 99.9900 dB    U 99.9900 dB    V 99.9900 dB] [ET 13.56 ] [L0 ] [L1 ]
*** TRAIL_R numBytesInNALunit: 481009
POC  486 TId: 0 ( I-SLICE, QP 26 )    3848072 bits [Y 99.9900 dB    U 99.9900 dB    V 99.9900 dB] [ET 13.59 ] [L0 ] [L1 ]
*** TRAIL_R numBytesInNALunit: 480832
POC  487 TId: 0 ( I-SLICE, QP 26 )    3846656 bits [Y 99.9900 dB    U 99.9900 dB    V 99.9900 dB] [ET 13.72 ] [L0 ] [L1 ]
*** TRAIL_R numBytesInNALunit: 480784
POC  488 TId: 0 ( I-SLICE, QP 26 )    3846272 bits [Y 99.9900 dB    U 99.9900 dB    V 99.9900 dB] [ET 13.53 ] [L0 ] [L1 ]
*** TRAIL_R numBytesInNALunit: 480189
POC  489 TId: 0 ( I-SLICE, QP 26 )    3841512 bits [Y 99.9900 dB    U 99.9900 dB    V 99.9900 dB] [ET 14.00 ] [L0 ] [L1 ]
*** TRAIL_R numBytesInNALunit: 480294
POC  490 TId: 0 ( I-SLICE, QP 26 )    3842352 bits [Y 99.9900 dB    U 99.9900 dB    V 99.9900 dB] [ET 13.14 ] [L0 ] [L1 ]
*** TRAIL_R numBytesInNALunit: 479891
POC  491 TId: 0 ( I-SLICE, QP 26 )    3839128 bits [Y 99.9900 dB    U 99.9900 dB    V 99.9900 dB] [ET 13.56 ] [L0 ] [L1 ]
*** TRAIL_R numBytesInNALunit: 479999
POC  492 TId: 0 ( I-SLICE, QP 26 )    3839992 bits [Y 99.9900 dB    U 99.9900 dB    V 99.9900 dB] [ET 12.97 ] [L0 ] [L1 ]
*** TRAIL_R numBytesInNALunit: 480146
POC  493 TId: 0 ( I-SLICE, QP 26 )    3841168 bits [Y 99.9900 dB    U 99.9900 dB    V 99.9900 dB] [ET 12.66 ] [L0 ] [L1 ]
*** TRAIL_R numBytesInNALunit: 480185
POC  494 TId: 0 ( I-SLICE, QP 26 )    3841480 bits [Y 99.9900 dB    U 99.9900 dB    V 99.9900 dB] [ET 12.17 ] [L0 ] [L1 ]
*** TRAIL_R numBytesInNALunit: 480242
POC  495 TId: 0 ( I-SLICE, QP 26 )    3841936 bits [Y 99.9900 dB    U 99.9900 dB    V 99.9900 dB] [ET 12.41 ] [L0 ] [L1 ]
*** TRAIL_R numBytesInNALunit: 480042
POC  496 TId: 0 ( I-SLICE, QP 26 )    3840336 bits [Y 99.9900 dB    U 99.9900 dB    V 99.9900 dB] [ET 12.08 ] [L0 ] [L1 ]
*** TRAIL_R numBytesInNALunit: 479717
POC  497 TId: 0 ( I-SLICE, QP 26 )    3837736 bits [Y 99.9900 dB    U 99.9900 dB    V 99.9900 dB] [ET 12.45 ] [L0 ] [L1 ]
*** TRAIL_R numBytesInNALunit: 480649
POC  498 TId: 0 ( I-SLICE, QP 26 )    3845192 bits [Y 99.9900 dB    U 99.9900 dB    V 99.9900 dB] [ET 12.66 ] [L0 ] [L1 ]
*** TRAIL_R numBytesInNALunit: 480137
POC  499 TId: 0 ( I-SLICE, QP 26 )    3841096 bits [Y 99.9900 dB    U 99.9900 dB    V 99.9900 dB] [ET 12.80 ] [L0 ] [L1 ]
*** TRAIL_R numBytesInNALunit: 480935
POC  500 TId: 0 ( I-SLICE, QP 26 )    3847480 bits [Y 99.9900 dB    U 99.9900 dB    V 99.9900 dB] [ET 12.80 ] [L0 ] [L1 ]
*** TRAIL_R numBytesInNALunit: 480418
POC  501 TId: 0 ( I-SLICE, QP 26 )    3843344 bits [Y 99.9900 dB    U 99.9900 dB    V 99.9900 dB] [ET 12.78 ] [L0 ] [L1 ]
*** TRAIL_R numBytesInNALunit: 480415
POC  502 TId: 0 ( I-SLICE, QP 26 )    3843320 bits [Y 99.9900 dB    U 99.9900 dB    V 99.9900 dB] [ET 13.58 ] [L0 ] [L1 ]
*** TRAIL_R numBytesInNALunit: 479921
POC  503 TId: 0 ( I-SLICE, QP 26 )    3839368 bits [Y 99.9900 dB    U 99.9900 dB    V 99.9900 dB] [ET 15.14 ] [L0 ] [L1 ]
*** TRAIL_R numBytesInNALunit: 480549
POC  504 TId: 0 ( I-SLICE, QP 26 )    3844392 bits [Y 99.9900 dB    U 99.9900 dB    V 99.9900 dB] [ET 15.42 ] [L0 ] [L1 ]
*** TRAIL_R numBytesInNALunit: 480779
POC  505 TId: 0 ( I-SLICE, QP 26 )    3846232 bits [Y 99.9900 dB    U 99.9900 dB    V 99.9900 dB] [ET 15.27 ] [L0 ] [L1 ]
*** TRAIL_R numBytesInNALunit: 480220
POC  506 TId: 0 ( I-SLICE, QP 26 )    3841760 bits [Y 99.9900 dB    U 99.9900 dB    V 99.9900 dB] [ET 15.38 ] [L0 ] [L1 ]
*** TRAIL_R numBytesInNALunit: 480354
POC  507 TId: 0 ( I-SLICE, QP 26 )    3842832 bits [Y 99.9900 dB    U 99.9900 dB    V 99.9900 dB] [ET 15.28 ] [L0 ] [L1 ]
*** TRAIL_R numBytesInNALunit: 480250
POC  508 TId: 0 ( I-SLICE, QP 26 )    3842000 bits [Y 99.9900 dB    U 99.9900 dB    V 99.9900 dB] [ET 15.48 ] [L0 ] [L1 ]
*** TRAIL_R numBytesInNALunit: 479812
POC  509 TId: 0 ( I-SLICE, QP 26 )    3838496 bits [Y 99.9900 dB    U 99.9900 dB    V 99.9900 dB] [ET 15.14 ] [L0 ] [L1 ]
*** TRAIL_R numBytesInNALunit: 480458
POC  510 TId: 0 ( I-SLICE, QP 26 )    3843664 bits [Y 99.9900 dB    U 99.9900 dB    V 99.9900 dB] [ET 15.27 ] [L0 ] [L1 ]
*** TRAIL_R numBytesInNALunit: 480013
POC  511 TId: 0 ( I-SLICE, QP 26 )    3840104 bits [Y 99.9900 dB    U 99.9900 dB    V 99.9900 dB] [ET 15.02 ] [L0 ] [L1 ]
*** TRAIL_R numBytesInNALunit: 480565
POC  512 TId: 0 ( I-SLICE, QP 26 )    3844520 bits [Y 99.9900 dB    U 99.9900 dB    V 99.9900 dB] [ET 15.17 ] [L0 ] [L1 ]
*** TRAIL_R numBytesInNALunit: 479983
POC  513 TId: 0 ( I-SLICE, QP 26 )    3839864 bits [Y 99.9900 dB    U 99.9900 dB    V 99.9900 dB] [ET 14.61 ] [L0 ] [L1 ]
*** TRAIL_R numBytesInNALunit: 480021
POC  514 TId: 0 ( I-SLICE, QP 26 )    3840168 bits [Y 99.9900 dB    U 99.9900 dB    V 99.9900 dB] [ET 15.17 ] [L0 ] [L1 ]
*** TRAIL_R numBytesInNALunit: 479968
POC  515 TId: 0 ( I-SLICE, QP 26 )    3839744 bits [Y 99.9900 dB    U 99.9900 dB    V 99.9900 dB] [ET 15.27 ] [L0 ] [L1 ]
*** TRAIL_R numBytesInNALunit: 480158
POC  516 TId: 0 ( I-SLICE, QP 26 )    3841264 bits [Y 99.9900 dB    U 99.9900 dB    V 99.9900 dB] [ET 15.19 ] [L0 ] [L1 ]
*** TRAIL_R numBytesInNALunit: 480318
POC  517 TId: 0 ( I-SLICE, QP 26 )    3842544 bits [Y 99.9900 dB    U 99.9900 dB    V 99.9900 dB] [ET 14.86 ] [L0 ] [L1 ]
*** TRAIL_R numBytesInNALunit: 480503
POC  518 TId: 0 ( I-SLICE, QP 26 )    3844024 bits [Y 99.9900 dB    U 99.9900 dB    V 99.9900 dB] [ET 15.17 ] [L0 ] [L1 ]
*** TRAIL_R numBytesInNALunit: 480262
POC  519 TId: 0 ( I-SLICE, QP 26 )    3842096 bits [Y 99.9900 dB    U 99.9900 dB    V 99.9900 dB] [ET 15.12 ] [L0 ] [L1 ]
*** TRAIL_R numBytesInNALunit: 480553
POC  520 TId: 0 ( I-SLICE, QP 26 )    3844424 bits [Y 99.9900 dB    U 99.9900 dB    V 99.9900 dB] [ET 15.16 ] [L0 ] [L1 ]
*** TRAIL_R numBytesInNALunit: 480142
POC  521 TId: 0 ( I-SLICE, QP 26 )    3841136 bits [Y 99.9900 dB    U 99.9900 dB    V 99.9900 dB] [ET 15.16 ] [L0 ] [L1 ]
*** TRAIL_R numBytesInNALunit: 480338
POC  522 TId: 0 ( I-SLICE, QP 26 )    3842704 bits [Y 99.9900 dB    U 99.9900 dB    V 99.9900 dB] [ET 15.11 ] [L0 ] [L1 ]
*** TRAIL_R numBytesInNALunit: 480488
POC  523 TId: 0 ( I-SLICE, QP 26 )    3843904 bits [Y 99.9900 dB    U 99.9900 dB    V 99.9900 dB] [ET 14.53 ] [L0 ] [L1 ]
*** TRAIL_R numBytesInNALunit: 480569
POC  524 TId: 0 ( I-SLICE, QP 26 )    3844552 bits [Y 99.9900 dB    U 99.9900 dB    V 99.9900 dB] [ET 14.45 ] [L0 ] [L1 ]
*** TRAIL_R numBytesInNALunit: 480648
POC  525 TId: 0 ( I-SLICE, QP 26 )    3845184 bits [Y 99.9900 dB    U 99.9900 dB    V 99.9900 dB] [ET 14.42 ] [L0 ] [L1 ]
*** TRAIL_R numBytesInNALunit: 480768
POC  526 TId: 0 ( I-SLICE, QP 26 )    3846144 bits [Y 99.9900 dB    U 99.9900 dB    V 99.9900 dB] [ET 14.20 ] [L0 ] [L1 ]
*** TRAIL_R numBytesInNALunit: 480675
POC  527 TId: 0 ( I-SLICE, QP 26 )    3845400 bits [Y 99.9900 dB    U 99.9900 dB    V 99.9900 dB] [ET 14.45 ] [L0 ] [L1 ]
*** TRAIL_R numBytesInNALunit: 480591
POC  528 TId: 0 ( I-SLICE, QP 26 )    3844728 bits [Y 99.9900 dB    U 99.9900 dB    V 99.9900 dB] [ET 14.52 ] [L0 ] [L1 ]
*** TRAIL_R numBytesInNALunit: 481244
POC  529 TId: 0 ( I-SLICE, QP 26 )    3849952 bits [Y 99.9900 dB    U 99.9900 dB    V 99.9900 dB] [ET 14.36 ] [L0 ] [L1 ]
*** TRAIL_R numBytesInNALunit: 481332
POC  530 TId: 0 ( I-SLICE, QP 26 )    3850656 bits [Y 99.9900 dB    U 99.9900 dB    V 99.9900 dB] [ET 14.17 ] [L0 ] [L1 ]
*** TRAIL_R numBytesInNALunit: 481457
POC  531 TId: 0 ( I-SLICE, QP 26 )    3851656 bits [Y 99.9900 dB    U 99.9900 dB    V 99.9900 dB] [ET 14.19 ] [L0 ] [L1 ]
*** TRAIL_R numBytesInNALunit: 481589
POC  532 TId: 0 ( I-SLICE, QP 26 )    3852712 bits [Y 99.9900 dB    U 99.9900 dB    V 99.9900 dB] [ET 14.17 ] [L0 ] [L1 ]
*** TRAIL_R numBytesInNALunit: 481992
POC  533 TId: 0 ( I-SLICE, QP 26 )    3855936 bits [Y 99.9900 dB    U 99.9900 dB    V 99.9900 dB] [ET 14.14 ] [L0 ] [L1 ]
*** TRAIL_R numBytesInNALunit: 481568
POC  534 TId: 0 ( I-SLICE, QP 26 )    3852544 bits [Y 99.9900 dB    U 99.9900 dB    V 99.9900 dB] [ET 13.78 ] [L0 ] [L1 ]
*** TRAIL_R numBytesInNALunit: 481741
POC  535 TId: 0 ( I-SLICE, QP 26 )    3853928 bits [Y 99.9900 dB    U 99.9900 dB    V 99.9900 dB] [ET 14.27 ] [L0 ] [L1 ]
*** TRAIL_R numBytesInNALunit: 481803
POC  536 TId: 0 ( I-SLICE, QP 26 )    3854424 bits [Y 99.9900 dB    U 99.9900 dB    V 99.9900 dB] [ET 14.23 ] [L0 ] [L1 ]
*** TRAIL_R numBytesInNALunit: 481359
POC  537 TId: 0 ( I-SLICE, QP 26 )    3850872 bits [Y 99.9900 dB    U 99.9900 dB    V 99.9900 dB] [ET 14.30 ] [L0 ] [L1 ]
*** TRAIL_R numBytesInNALunit: 481477
POC  538 TId: 0 ( I-SLICE, QP 26 )    3851816 bits [Y 99.9900 dB    U 99.9900 dB    V 99.9900 dB] [ET 14.47 ] [L0 ] [L1 ]
*** TRAIL_R numBytesInNALunit: 481897
POC  539 TId: 0 ( I-SLICE, QP 26 )    3855176 bits [Y 99.9900 dB    U 99.9900 dB    V 99.9900 dB] [ET 14.19 ] [L0 ] [L1 ]
*** TRAIL_R numBytesInNALunit: 481844
POC  540 TId: 0 ( I-SLICE, QP 26 )    3854752 bits [Y 99.9900 dB    U 99.9900 dB    V 99.9900 dB] [ET 14.27 ] [L0 ] [L1 ]
*** TRAIL_R numBytesInNALunit: 481791
POC  541 TId: 0 ( I-SLICE, QP 26 )    3854328 bits [Y 99.9900 dB    U 99.9900 dB    V 99.9900 dB] [ET 14.27 ] [L0 ] [L1 ]
*** TRAIL_R numBytesInNALunit: 482149
POC  542 TId: 0 ( I-SLICE, QP 26 )    3857192 bits [Y 99.9900 dB    U 99.9900 dB    V 99.9900 dB] [ET 14.30 ] [L0 ] [L1 ]
*** TRAIL_R numBytesInNALunit: 481784
POC  543 TId: 0 ( I-SLICE, QP 26 )    3854272 bits [Y 99.9900 dB    U 99.9900 dB    V 99.9900 dB] [ET 14.42 ] [L0 ] [L1 ]
*** TRAIL_R numBytesInNALunit: 481607
POC  544 TId: 0 ( I-SLICE, QP 26 )    3852856 bits [Y 99.9900 dB    U 99.9900 dB    V 99.9900 dB] [ET 14.14 ] [L0 ] [L1 ]
*** TRAIL_R numBytesInNALunit: 481414
POC  545 TId: 0 ( I-SLICE, QP 26 )    3851312 bits [Y 99.9900 dB    U 99.9900 dB    V 99.9900 dB] [ET 14.47 ] [L0 ] [L1 ]
*** TRAIL_R numBytesInNALunit: 481607
POC  546 TId: 0 ( I-SLICE, QP 26 )    3852856 bits [Y 99.9900 dB    U 99.9900 dB    V 99.9900 dB] [ET 13.92 ] [L0 ] [L1 ]
*** TRAIL_R numBytesInNALunit: 481356
POC  547 TId: 0 ( I-SLICE, QP 26 )    3850848 bits [Y 99.9900 dB    U 99.9900 dB    V 99.9900 dB] [ET 14.38 ] [L0 ] [L1 ]
*** TRAIL_R numBytesInNALunit: 481892
POC  548 TId: 0 ( I-SLICE, QP 26 )    3855136 bits [Y 99.9900 dB    U 99.9900 dB    V 99.9900 dB] [ET 13.94 ] [L0 ] [L1 ]
*** TRAIL_R numBytesInNALunit: 481577
POC  549 TId: 0 ( I-SLICE, QP 26 )    3852616 bits [Y 99.9900 dB    U 99.9900 dB    V 99.9900 dB] [ET 14.20 ] [L0 ] [L1 ]
*** TRAIL_R numBytesInNALunit: 481771
POC  550 TId: 0 ( I-SLICE, QP 26 )    3854168 bits [Y 99.9900 dB    U 99.9900 dB    V 99.9900 dB] [ET 14.30 ] [L0 ] [L1 ]
*** TRAIL_R numBytesInNALunit: 481819
POC  551 TId: 0 ( I-SLICE, QP 26 )    3854552 bits [Y 99.9900 dB    U 99.9900 dB    V 99.9900 dB] [ET 14.20 ] [L0 ] [L1 ]
*** TRAIL_R numBytesInNALunit: 481687
POC  552 TId: 0 ( I-SLICE, QP 26 )    3853496 bits [Y 99.9900 dB    U 99.9900 dB    V 99.9900 dB] [ET 14.56 ] [L0 ] [L1 ]
*** TRAIL_R numBytesInNALunit: 481701
POC  553 TId: 0 ( I-SLICE, QP 26 )    3853608 bits [Y 99.9900 dB    U 99.9900 dB    V 99.9900 dB] [ET 14.09 ] [L0 ] [L1 ]
*** TRAIL_R numBytesInNALunit: 481429
POC  554 TId: 0 ( I-SLICE, QP 26 )    3851432 bits [Y 99.9900 dB    U 99.9900 dB    V 99.9900 dB] [ET 14.05 ] [L0 ] [L1 ]
*** TRAIL_R numBytesInNALunit: 481714
POC  555 TId: 0 ( I-SLICE, QP 26 )    3853712 bits [Y 99.9900 dB    U 99.9900 dB    V 99.9900 dB] [ET 14.39 ] [L0 ] [L1 ]
*** TRAIL_R numBytesInNALunit: 481940
POC  556 TId: 0 ( I-SLICE, QP 26 )    3855520 bits [Y 99.9900 dB    U 99.9900 dB    V 99.9900 dB] [ET 14.02 ] [L0 ] [L1 ]
*** TRAIL_R numBytesInNALunit: 481918
POC  557 TId: 0 ( I-SLICE, QP 26 )    3855344 bits [Y 99.9900 dB    U 99.9900 dB    V 99.9900 dB] [ET 14.22 ] [L0 ] [L1 ]
*** TRAIL_R numBytesInNALunit: 482120
POC  558 TId: 0 ( I-SLICE, QP 26 )    3856960 bits [Y 99.9900 dB    U 99.9900 dB    V 99.9900 dB] [ET 14.23 ] [L0 ] [L1 ]
*** TRAIL_R numBytesInNALunit: 482009
POC  559 TId: 0 ( I-SLICE, QP 26 )    3856072 bits [Y 99.9900 dB    U 99.9900 dB    V 99.9900 dB] [ET 14.11 ] [L0 ] [L1 ]
*** TRAIL_R numBytesInNALunit: 482395
POC  560 TId: 0 ( I-SLICE, QP 26 )    3859160 bits [Y 99.9900 dB    U 99.9900 dB    V 99.9900 dB] [ET 14.06 ] [L0 ] [L1 ]
*** TRAIL_R numBytesInNALunit: 482126
POC  561 TId: 0 ( I-SLICE, QP 26 )    3857008 bits [Y 99.9900 dB    U 99.9900 dB    V 99.9900 dB] [ET 14.05 ] [L0 ] [L1 ]
*** TRAIL_R numBytesInNALunit: 482023
POC  562 TId: 0 ( I-SLICE, QP 26 )    3856184 bits [Y 99.9900 dB    U 99.9900 dB    V 99.9900 dB] [ET 14.41 ] [L0 ] [L1 ]
*** TRAIL_R numBytesInNALunit: 482443
POC  563 TId: 0 ( I-SLICE, QP 26 )    3859544 bits [Y 99.9900 dB    U 99.9900 dB    V 99.9900 dB] [ET 14.20 ] [L0 ] [L1 ]
*** TRAIL_R numBytesInNALunit: 482455
POC  564 TId: 0 ( I-SLICE, QP 26 )    3859640 bits [Y 99.9900 dB    U 99.9900 dB    V 99.9900 dB] [ET 14.23 ] [L0 ] [L1 ]
*** TRAIL_R numBytesInNALunit: 482345
POC  565 TId: 0 ( I-SLICE, QP 26 )    3858760 bits [Y 99.9900 dB    U 99.9900 dB    V 99.9900 dB] [ET 14.42 ] [L0 ] [L1 ]
*** TRAIL_R numBytesInNALunit: 482379
POC  566 TId: 0 ( I-SLICE, QP 26 )    3859032 bits [Y 99.9900 dB    U 99.9900 dB    V 99.9900 dB] [ET 14.33 ] [L0 ] [L1 ]
*** TRAIL_R numBytesInNALunit: 482046
POC  567 TId: 0 ( I-SLICE, QP 26 )    3856368 bits [Y 99.9900 dB    U 99.9900 dB    V 99.9900 dB] [ET 14.39 ] [L0 ] [L1 ]
*** TRAIL_R numBytesInNALunit: 482065
POC  568 TId: 0 ( I-SLICE, QP 26 )    3856520 bits [Y 99.9900 dB    U 99.9900 dB    V 99.9900 dB] [ET 14.27 ] [L0 ] [L1 ]
*** TRAIL_R numBytesInNALunit: 482039
POC  569 TId: 0 ( I-SLICE, QP 26 )    3856312 bits [Y 99.9900 dB    U 99.9900 dB    V 99.9900 dB] [ET 14.45 ] [L0 ] [L1 ]
*** TRAIL_R numBytesInNALunit: 482179
POC  570 TId: 0 ( I-SLICE, QP 26 )    3857432 bits [Y 99.9900 dB    U 99.9900 dB    V 99.9900 dB] [ET 14.11 ] [L0 ] [L1 ]
*** TRAIL_R numBytesInNALunit: 481818
POC  571 TId: 0 ( I-SLICE, QP 26 )    3854544 bits [Y 99.9900 dB    U 99.9900 dB    V 99.9900 dB] [ET 13.81 ] [L0 ] [L1 ]
*** TRAIL_R numBytesInNALunit: 481983
POC  572 TId: 0 ( I-SLICE, QP 26 )    3855864 bits [Y 99.9900 dB    U 99.9900 dB    V 99.9900 dB] [ET 13.56 ] [L0 ] [L1 ]
*** TRAIL_R numBytesInNALunit: 481496
POC  573 TId: 0 ( I-SLICE, QP 26 )    3851968 bits [Y 99.9900 dB    U 99.9900 dB    V 99.9900 dB] [ET 13.77 ] [L0 ] [L1 ]
*** TRAIL_R numBytesInNALunit: 482174
POC  574 TId: 0 ( I-SLICE, QP 26 )    3857392 bits [Y 99.9900 dB    U 99.9900 dB    V 99.9900 dB] [ET 13.39 ] [L0 ] [L1 ]
*** TRAIL_R numBytesInNALunit: 481082
POC  575 TId: 0 ( I-SLICE, QP 26 )    3848656 bits [Y 99.9900 dB    U 99.9900 dB    V 99.9900 dB] [ET 13.91 ] [L0 ] [L1 ]
*** TRAIL_R numBytesInNALunit: 481754
POC  576 TId: 0 ( I-SLICE, QP 26 )    3854032 bits [Y 99.9900 dB    U 99.9900 dB    V 99.9900 dB] [ET 13.88 ] [L0 ] [L1 ]
*** TRAIL_R numBytesInNALunit: 481546
POC  577 TId: 0 ( I-SLICE, QP 26 )    3852368 bits [Y 99.9900 dB    U 99.9900 dB    V 99.9900 dB] [ET 13.98 ] [L0 ] [L1 ]
*** TRAIL_R numBytesInNALunit: 481886
POC  578 TId: 0 ( I-SLICE, QP 26 )    3855088 bits [Y 99.9900 dB    U 99.9900 dB    V 99.9900 dB] [ET 13.73 ] [L0 ] [L1 ]
*** TRAIL_R numBytesInNALunit: 481663
POC  579 TId: 0 ( I-SLICE, QP 26 )    3853304 bits [Y 99.9900 dB    U 99.9900 dB    V 99.9900 dB] [ET 13.86 ] [L0 ] [L1 ]
*** TRAIL_R numBytesInNALunit: 481922
POC  580 TId: 0 ( I-SLICE, QP 26 )    3855376 bits [Y 99.9900 dB    U 99.9900 dB    V 99.9900 dB] [ET 14.25 ] [L0 ] [L1 ]
*** TRAIL_R numBytesInNALunit: 481420
POC  581 TId: 0 ( I-SLICE, QP 26 )    3851360 bits [Y 99.9900 dB    U 99.9900 dB    V 99.9900 dB] [ET 14.14 ] [L0 ] [L1 ]
*** TRAIL_R numBytesInNALunit: 480975
POC  582 TId: 0 ( I-SLICE, QP 26 )    3847800 bits [Y 99.9900 dB    U 99.9900 dB    V 99.9900 dB] [ET 13.94 ] [L0 ] [L1 ]
*** TRAIL_R numBytesInNALunit: 480701
POC  583 TId: 0 ( I-SLICE, QP 26 )    3845608 bits [Y 99.9900 dB    U 99.9900 dB    V 99.9900 dB] [ET 13.84 ] [L0 ] [L1 ]
*** TRAIL_R numBytesInNALunit: 480832
POC  584 TId: 0 ( I-SLICE, QP 26 )    3846656 bits [Y 99.9900 dB    U 99.9900 dB    V 99.9900 dB] [ET 13.84 ] [L0 ] [L1 ]
*** TRAIL_R numBytesInNALunit: 480381
POC  585 TId: 0 ( I-SLICE, QP 26 )    3843048 bits [Y 99.9900 dB    U 99.9900 dB    V 99.9900 dB] [ET 14.16 ] [L0 ] [L1 ]
*** TRAIL_R numBytesInNALunit: 480319
POC  586 TId: 0 ( I-SLICE, QP 26 )    3842552 bits [Y 99.9900 dB    U 99.9900 dB    V 99.9900 dB] [ET 14.22 ] [L0 ] [L1 ]
*** TRAIL_R numBytesInNALunit: 480141
POC  587 TId: 0 ( I-SLICE, QP 26 )    3841128 bits [Y 99.9900 dB    U 99.9900 dB    V 99.9900 dB] [ET 14.09 ] [L0 ] [L1 ]
*** TRAIL_R numBytesInNALunit: 480202
POC  588 TId: 0 ( I-SLICE, QP 26 )    3841616 bits [Y 99.9900 dB    U 99.9900 dB    V 99.9900 dB] [ET 14.06 ] [L0 ] [L1 ]
*** TRAIL_R numBytesInNALunit: 479932
POC  589 TId: 0 ( I-SLICE, QP 26 )    3839456 bits [Y 99.9900 dB    U 99.9900 dB    V 99.9900 dB] [ET 13.34 ] [L0 ] [L1 ]
*** TRAIL_R numBytesInNALunit: 480103
POC  590 TId: 0 ( I-SLICE, QP 26 )    3840824 bits [Y 99.9900 dB    U 99.9900 dB    V 99.9900 dB] [ET 13.25 ] [L0 ] [L1 ]
*** TRAIL_R numBytesInNALunit: 480026
POC  591 TId: 0 ( I-SLICE, QP 26 )    3840208 bits [Y 99.9900 dB    U 99.9900 dB    V 99.9900 dB] [ET 13.56 ] [L0 ] [L1 ]
*** TRAIL_R numBytesInNALunit: 480033
POC  592 TId: 0 ( I-SLICE, QP 26 )    3840264 bits [Y 99.9900 dB    U 99.9900 dB    V 99.9900 dB] [ET 13.28 ] [L0 ] [L1 ]
*** TRAIL_R numBytesInNALunit: 480134
POC  593 TId: 0 ( I-SLICE, QP 26 )    3841072 bits [Y 99.9900 dB    U 99.9900 dB    V 99.9900 dB] [ET 13.17 ] [L0 ] [L1 ]
*** TRAIL_R numBytesInNALunit: 479711
POC  594 TId: 0 ( I-SLICE, QP 26 )    3837688 bits [Y 99.9900 dB    U 99.9900 dB    V 99.9900 dB] [ET 13.64 ] [L0 ] [L1 ]
*** TRAIL_R numBytesInNALunit: 480168
POC  595 TId: 0 ( I-SLICE, QP 26 )    3841344 bits [Y 99.9900 dB    U 99.9900 dB    V 99.9900 dB] [ET 13.73 ] [L0 ] [L1 ]
*** TRAIL_R numBytesInNALunit: 479940
POC  596 TId: 0 ( I-SLICE, QP 26 )    3839520 bits [Y 99.9900 dB    U 99.9900 dB    V 99.9900 dB] [ET 13.23 ] [L0 ] [L1 ]
*** TRAIL_R numBytesInNALunit: 480510
POC  597 TId: 0 ( I-SLICE, QP 26 )    3844080 bits [Y 99.9900 dB    U 99.9900 dB    V 99.9900 dB] [ET 13.64 ] [L0 ] [L1 ]
*** TRAIL_R numBytesInNALunit: 480800
POC  598 TId: 0 ( I-SLICE, QP 26 )    3846400 bits [Y 99.9900 dB    U 99.9900 dB    V 99.9900 dB] [ET 13.34 ] [L0 ] [L1 ]
*** TRAIL_R numBytesInNALunit: 480220
POC  599 TId: 0 ( I-SLICE, QP 26 )    3841760 bits [Y 99.9900 dB    U 99.9900 dB    V 99.9900 dB] [ET 13.23 ] [L0 ] [L1 ]


I Slices--------------------------------------------------------
	Total Frames |  Bitrate    Y-PSNR    U-PSNR    V-PSNR 
	      600    i 230217.6608   99.9900   99.9900   99.9900
Bytes written to file: 287774487 (230219.590 kbps)
Bytes for SPS/PPS/Slice (Incl. Annex B): 287774487 (230219.590 kbps)

 Total Time:     8912.062 sec.
