
HM software: Encoder Version [15.0][Linux][GCC 4.8.5][64 bit] 

Input          File          : ../../HEVC_test_sequence/ClassB/Kimono1_1920x1080_24.yuv
Bitstream      File          : Kimono.bin
Reconstruction File          : Kimono.yuv
Real     Format              : 1920x1080 24Hz
Internal Format              : 1920x1080 24Hz
Frame/Field                  : Frame based coding
Frame index                  : 0 - 239 (240 frames)
CU size / depth              : 32 / 3
RQT trans. size (min / max)  : 4 / 32
Max RQT depth inter          : 3
Max RQT depth intra          : 1
Min PCM size                 : 8
Motion search range          : 64
Intra period                 : 1
Decoding refresh type        : 0
QP                           : 26.00
Max dQP signaling depth      : 0
Cb QP Offset                 : 0
Cr QP Offset                 : 0
QP adaptation                : 0 (range=0)
GOP size                     : 1
Internal bit depth           : (Y:8, C:8)
PCM sample bit depth         : (Y:8, C:8)
RateControl                  : 0
Max Num Merge Candidates     : 5

TOOL CFG: IBD:0 HAD:0 RDQ:0 RDQTS:0 RDpenalty:0 SQP:0 ASR:0 FEN:0 ECU:0 FDM:0 CFM:0 ESD:0 RQT:1 TransformSkip:0 TransformSkipFast:0 Slice: M=0 SliceSegment: M=0 CIP:0 SAO:0 PCM:0 TransQuantBypassEnabled: =1 WPP:0 WPB:0 PME:2  WaveFrontSynchro:0 WaveFrontSubstreams:1 ScalingList:0 TMVPMode:1  SignBitHidingFlag:1 RecalQP:0

***    VPS numBytesInNALunit: 24
***    SPS numBytesInNALunit: 31
***    PPS numBytesInNALunit: 7
*** IDR_W_RADL numBytesInNALunit: 1218862
POC    0 TId: 0 ( I-SLICE, QP 26 )    9751392 bits [Y 99.9900 dB    U 99.9900 dB    V 99.9900 dB] [ET 35.22 ] [L0 ] [L1 ]
*** TRAIL_R numBytesInNALunit: 1218536
POC    1 TId: 0 ( I-SLICE, QP 26 )    9748288 bits [Y 99.9900 dB    U 99.9900 dB    V 99.9900 dB] [ET 35.34 ] [L0 ] [L1 ]
*** TRAIL_R numBytesInNALunit: 1222902
POC    2 TId: 0 ( I-SLICE, QP 26 )    9783216 bits [Y 99.9900 dB    U 99.9900 dB    V 99.9900 dB] [ET 35.56 ] [L0 ] [L1 ]
*** TRAIL_R numBytesInNALunit: 1228646
POC    3 TId: 0 ( I-SLICE, QP 26 )    9829168 bits [Y 99.9900 dB    U 99.9900 dB    V 99.9900 dB] [ET 35.50 ] [L0 ] [L1 ]
*** TRAIL_R numBytesInNALunit: 1230442
POC    4 TId: 0 ( I-SLICE, QP 26 )    9843536 bits [Y 99.9900 dB    U 99.9900 dB    V 99.9900 dB] [ET 35.59 ] [L0 ] [L1 ]
*** TRAIL_R numBytesInNALunit: 1232443
POC    5 TId: 0 ( I-SLICE, QP 26 )    9859544 bits [Y 99.9900 dB    U 99.9900 dB    V 99.9900 dB] [ET 35.38 ] [L0 ] [L1 ]
*** TRAIL_R numBytesInNALunit: 1230844
POC    6 TId: 0 ( I-SLICE, QP 26 )    9846752 bits [Y 99.9900 dB    U 99.9900 dB    V 99.9900 dB] [ET 35.39 ] [L0 ] [L1 ]
*** TRAIL_R numBytesInNALunit: 1227723
POC    7 TId: 0 ( I-SLICE, QP 26 )    9821784 bits [Y 99.9900 dB    U 99.9900 dB    V 99.9900 dB] [ET 35.45 ] [L0 ] [L1 ]
*** TRAIL_R numBytesInNALunit: 1221450
POC    8 TId: 0 ( I-SLICE, QP 26 )    9771600 bits [Y 99.9900 dB    U 99.9900 dB    V 99.9900 dB] [ET 35.84 ] [L0 ] [L1 ]
*** TRAIL_R numBytesInNALunit: 1220418
POC    9 TId: 0 ( I-SLICE, QP 26 )    9763344 bits [Y 99.9900 dB    U 99.9900 dB    V 99.9900 dB] [ET 35.47 ] [L0 ] [L1 ]
*** TRAIL_R numBytesInNALunit: 1224673
POC   10 TId: 0 ( I-SLICE, QP 26 )    9797384 bits [Y 99.9900 dB    U 99.9900 dB    V 99.9900 dB] [ET 35.23 ] [L0 ] [L1 ]
*** TRAIL_R numBytesInNALunit: 1229554
POC   11 TId: 0 ( I-SLICE, QP 26 )    9836432 bits [Y 99.9900 dB    U 99.9900 dB    V 99.9900 dB] [ET 35.61 ] [L0 ] [L1 ]
*** TRAIL_R numBytesInNALunit: 1233811
POC   12 TId: 0 ( I-SLICE, QP 26 )    9870488 bits [Y 99.9900 dB    U 99.9900 dB    V 99.9900 dB] [ET 35.36 ] [L0 ] [L1 ]
*** TRAIL_R numBytesInNALunit: 1232069
POC   13 TId: 0 ( I-SLICE, QP 26 )    9856552 bits [Y 99.9900 dB    U 99.9900 dB    V 99.9900 dB] [ET 35.64 ] [L0 ] [L1 ]
*** TRAIL_R numBytesInNALunit: 1229904
POC   14 TId: 0 ( I-SLICE, QP 26 )    9839232 bits [Y 99.9900 dB    U 99.9900 dB    V 99.9900 dB] [ET 35.62 ] [L0 ] [L1 ]
*** TRAIL_R numBytesInNALunit: 1228491
POC   15 TId: 0 ( I-SLICE, QP 26 )    9827928 bits [Y 99.9900 dB    U 99.9900 dB    V 99.9900 dB] [ET 35.44 ] [L0 ] [L1 ]
*** TRAIL_R numBytesInNALunit: 1228713
POC   16 TId: 0 ( I-SLICE, QP 26 )    9829704 bits [Y 99.9900 dB    U 99.9900 dB    V 99.9900 dB] [ET 35.86 ] [L0 ] [L1 ]
*** TRAIL_R numBytesInNALunit: 1226686
POC   17 TId: 0 ( I-SLICE, QP 26 )    9813488 bits [Y 99.9900 dB    U 99.9900 dB    V 99.9900 dB] [ET 35.86 ] [L0 ] [L1 ]
*** TRAIL_R numBytesInNALunit: 1224850
POC   18 TId: 0 ( I-SLICE, QP 26 )    9798800 bits [Y 99.9900 dB    U 99.9900 dB    V 99.9900 dB] [ET 35.41 ] [L0 ] [L1 ]
*** TRAIL_R numBytesInNALunit: 1223657
POC   19 TId: 0 ( I-SLICE, QP 26 )    9789256 bits [Y 99.9900 dB    U 99.9900 dB    V 99.9900 dB] [ET 35.45 ] [L0 ] [L1 ]
*** TRAIL_R numBytesInNALunit: 1222463
POC   20 TId: 0 ( I-SLICE, QP 26 )    9779704 bits [Y 99.9900 dB    U 99.9900 dB    V 99.9900 dB] [ET 35.48 ] [L0 ] [L1 ]
*** TRAIL_R numBytesInNALunit: 1222499
POC   21 TId: 0 ( I-SLICE, QP 26 )    9779992 bits [Y 99.9900 dB    U 99.9900 dB    V 99.9900 dB] [ET 35.36 ] [L0 ] [L1 ]
*** TRAIL_R numBytesInNALunit: 1220002
POC   22 TId: 0 ( I-SLICE, QP 26 )    9760016 bits [Y 99.9900 dB    U 99.9900 dB    V 99.9900 dB] [ET 36.53 ] [L0 ] [L1 ]
*** TRAIL_R numBytesInNALunit: 1214506
POC   23 TId: 0 ( I-SLICE, QP 26 )    9716048 bits [Y 99.9900 dB    U 99.9900 dB    V 99.9900 dB] [ET 36.75 ] [L0 ] [L1 ]
*** TRAIL_R numBytesInNALunit: 1207379
POC   24 TId: 0 ( I-SLICE, QP 26 )    9659032 bits [Y 99.9900 dB    U 99.9900 dB    V 99.9900 dB] [ET 36.45 ] [L0 ] [L1 ]
*** TRAIL_R numBytesInNALunit: 1203893
POC   25 TId: 0 ( I-SLICE, QP 26 )    9631144 bits [Y 99.9900 dB    U 99.9900 dB    V 99.9900 dB] [ET 36.67 ] [L0 ] [L1 ]
*** TRAIL_R numBytesInNALunit: 1202923
POC   26 TId: 0 ( I-SLICE, QP 26 )    9623384 bits [Y 99.9900 dB    U 99.9900 dB    V 99.9900 dB] [ET 36.36 ] [L0 ] [L1 ]
*** TRAIL_R numBytesInNALunit: 1206169
POC   27 TId: 0 ( I-SLICE, QP 26 )    9649352 bits [Y 99.9900 dB    U 99.9900 dB    V 99.9900 dB] [ET 36.64 ] [L0 ] [L1 ]
*** TRAIL_R numBytesInNALunit: 1207681
POC   28 TId: 0 ( I-SLICE, QP 26 )    9661448 bits [Y 99.9900 dB    U 99.9900 dB    V 99.9900 dB] [ET 36.53 ] [L0 ] [L1 ]
*** TRAIL_R numBytesInNALunit: 1207400
POC   29 TId: 0 ( I-SLICE, QP 26 )    9659200 bits [Y 99.9900 dB    U 99.9900 dB    V 99.9900 dB] [ET 36.31 ] [L0 ] [L1 ]
*** TRAIL_R numBytesInNALunit: 1210198
POC   30 TId: 0 ( I-SLICE, QP 26 )    9681584 bits [Y 99.9900 dB    U 99.9900 dB    V 99.9900 dB] [ET 36.45 ] [L0 ] [L1 ]
*** TRAIL_R numBytesInNALunit: 1210414
POC   31 TId: 0 ( I-SLICE, QP 26 )    9683312 bits [Y 99.9900 dB    U 99.9900 dB    V 99.9900 dB] [ET 36.62 ] [L0 ] [L1 ]
*** TRAIL_R numBytesInNALunit: 1214447
POC   32 TId: 0 ( I-SLICE, QP 26 )    9715576 bits [Y 99.9900 dB    U 99.9900 dB    V 99.9900 dB] [ET 36.44 ] [L0 ] [L1 ]
*** TRAIL_R numBytesInNALunit: 1218853
POC   33 TId: 0 ( I-SLICE, QP 26 )    9750824 bits [Y 99.9900 dB    U 99.9900 dB    V 99.9900 dB] [ET 36.88 ] [L0 ] [L1 ]
*** TRAIL_R numBytesInNALunit: 1223993
POC   34 TId: 0 ( I-SLICE, QP 26 )    9791944 bits [Y 99.9900 dB    U 99.9900 dB    V 99.9900 dB] [ET 36.97 ] [L0 ] [L1 ]
*** TRAIL_R numBytesInNALunit: 1221778
POC   35 TId: 0 ( I-SLICE, QP 26 )    9774224 bits [Y 99.9900 dB    U 99.9900 dB    V 99.9900 dB] [ET 36.61 ] [L0 ] [L1 ]
*** TRAIL_R numBytesInNALunit: 1223443
POC   36 TId: 0 ( I-SLICE, QP 26 )    9787544 bits [Y 99.9900 dB    U 99.9900 dB    V 99.9900 dB] [ET 36.64 ] [L0 ] [L1 ]
*** TRAIL_R numBytesInNALunit: 1222052
POC   37 TId: 0 ( I-SLICE, QP 26 )    9776416 bits [Y 99.9900 dB    U 99.9900 dB    V 99.9900 dB] [ET 36.28 ] [L0 ] [L1 ]
*** TRAIL_R numBytesInNALunit: 1218242
POC   38 TId: 0 ( I-SLICE, QP 26 )    9745936 bits [Y 99.9900 dB    U 99.9900 dB    V 99.9900 dB] [ET 36.70 ] [L0 ] [L1 ]
*** TRAIL_R numBytesInNALunit: 1216898
POC   39 TId: 0 ( I-SLICE, QP 26 )    9735184 bits [Y 99.9900 dB    U 99.9900 dB    V 99.9900 dB] [ET 36.75 ] [L0 ] [L1 ]
*** TRAIL_R numBytesInNALunit: 1220477
POC   40 TId: 0 ( I-SLICE, QP 26 )    9763816 bits [Y 99.9900 dB    U 99.9900 dB    V 99.9900 dB] [ET 36.69 ] [L0 ] [L1 ]
*** TRAIL_R numBytesInNALunit: 1220319
POC   41 TId: 0 ( I-SLICE, QP 26 )    9762552 bits [Y 99.9900 dB    U 99.9900 dB    V 99.9900 dB] [ET 36.64 ] [L0 ] [L1 ]
*** TRAIL_R numBytesInNALunit: 1218944
POC   42 TId: 0 ( I-SLICE, QP 26 )    9751552 bits [Y 99.9900 dB    U 99.9900 dB    V 99.9900 dB] [ET 36.53 ] [L0 ] [L1 ]
*** TRAIL_R numBytesInNALunit: 1217581
POC   43 TId: 0 ( I-SLICE, QP 26 )    9740648 bits [Y 99.9900 dB    U 99.9900 dB    V 99.9900 dB] [ET 36.70 ] [L0 ] [L1 ]
*** TRAIL_R numBytesInNALunit: 1221587
POC   44 TId: 0 ( I-SLICE, QP 26 )    9772696 bits [Y 99.9900 dB    U 99.9900 dB    V 99.9900 dB] [ET 36.77 ] [L0 ] [L1 ]
*** TRAIL_R numBytesInNALunit: 1222634
POC   45 TId: 0 ( I-SLICE, QP 26 )    9781072 bits [Y 99.9900 dB    U 99.9900 dB    V 99.9900 dB] [ET 36.48 ] [L0 ] [L1 ]
*** TRAIL_R numBytesInNALunit: 1216933
POC   46 TId: 0 ( I-SLICE, QP 26 )    9735464 bits [Y 99.9900 dB    U 99.9900 dB    V 99.9900 dB] [ET 36.66 ] [L0 ] [L1 ]
*** TRAIL_R numBytesInNALunit: 1213591
POC   47 TId: 0 ( I-SLICE, QP 26 )    9708728 bits [Y 99.9900 dB    U 99.9900 dB    V 99.9900 dB] [ET 36.67 ] [L0 ] [L1 ]
*** TRAIL_R numBytesInNALunit: 1214499
POC   48 TId: 0 ( I-SLICE, QP 26 )    9715992 bits [Y 99.9900 dB    U 99.9900 dB    V 99.9900 dB] [ET 36.75 ] [L0 ] [L1 ]
*** TRAIL_R numBytesInNALunit: 1219593
POC   49 TId: 0 ( I-SLICE, QP 26 )    9756744 bits [Y 99.9900 dB    U 99.9900 dB    V 99.9900 dB] [ET 36.92 ] [L0 ] [L1 ]
*** TRAIL_R numBytesInNALunit: 1223429
POC   50 TId: 0 ( I-SLICE, QP 26 )    9787432 bits [Y 99.9900 dB    U 99.9900 dB    V 99.9900 dB] [ET 36.83 ] [L0 ] [L1 ]
*** TRAIL_R numBytesInNALunit: 1222180
POC   51 TId: 0 ( I-SLICE, QP 26 )    9777440 bits [Y 99.9900 dB    U 99.9900 dB    V 99.9900 dB] [ET 36.47 ] [L0 ] [L1 ]
*** TRAIL_R numBytesInNALunit: 1222309
POC   52 TId: 0 ( I-SLICE, QP 26 )    9778472 bits [Y 99.9900 dB    U 99.9900 dB    V 99.9900 dB] [ET 36.73 ] [L0 ] [L1 ]
*** TRAIL_R numBytesInNALunit: 1222594
POC   53 TId: 0 ( I-SLICE, QP 26 )    9780752 bits [Y 99.9900 dB    U 99.9900 dB    V 99.9900 dB] [ET 36.55 ] [L0 ] [L1 ]
*** TRAIL_R numBytesInNALunit: 1224657
POC   54 TId: 0 ( I-SLICE, QP 26 )    9797256 bits [Y 99.9900 dB    U 99.9900 dB    V 99.9900 dB] [ET 36.80 ] [L0 ] [L1 ]
*** TRAIL_R numBytesInNALunit: 1229364
POC   55 TId: 0 ( I-SLICE, QP 26 )    9834912 bits [Y 99.9900 dB    U 99.9900 dB    V 99.9900 dB] [ET 36.62 ] [L0 ] [L1 ]
*** TRAIL_R numBytesInNALunit: 1227406
POC   56 TId: 0 ( I-SLICE, QP 26 )    9819248 bits [Y 99.9900 dB    U 99.9900 dB    V 99.9900 dB] [ET 36.36 ] [L0 ] [L1 ]
*** TRAIL_R numBytesInNALunit: 1220749
POC   57 TId: 0 ( I-SLICE, QP 26 )    9765992 bits [Y 99.9900 dB    U 99.9900 dB    V 99.9900 dB] [ET 36.80 ] [L0 ] [L1 ]
*** TRAIL_R numBytesInNALunit: 1219685
POC   58 TId: 0 ( I-SLICE, QP 26 )    9757480 bits [Y 99.9900 dB    U 99.9900 dB    V 99.9900 dB] [ET 36.62 ] [L0 ] [L1 ]
*** TRAIL_R numBytesInNALunit: 1220044
POC   59 TId: 0 ( I-SLICE, QP 26 )    9760352 bits [Y 99.9900 dB    U 99.9900 dB    V 99.9900 dB] [ET 36.56 ] [L0 ] [L1 ]
*** TRAIL_R numBytesInNALunit: 1220874
POC   60 TId: 0 ( I-SLICE, QP 26 )    9766992 bits [Y 99.9900 dB    U 99.9900 dB    V 99.9900 dB] [ET 36.59 ] [L0 ] [L1 ]
*** TRAIL_R numBytesInNALunit: 1221652
POC   61 TId: 0 ( I-SLICE, QP 26 )    9773216 bits [Y 99.9900 dB    U 99.9900 dB    V 99.9900 dB] [ET 36.44 ] [L0 ] [L1 ]
*** TRAIL_R numBytesInNALunit: 1221193
POC   62 TId: 0 ( I-SLICE, QP 26 )    9769544 bits [Y 99.9900 dB    U 99.9900 dB    V 99.9900 dB] [ET 36.48 ] [L0 ] [L1 ]
*** TRAIL_R numBytesInNALunit: 1222388
POC   63 TId: 0 ( I-SLICE, QP 26 )    9779104 bits [Y 99.9900 dB    U 99.9900 dB    V 99.9900 dB] [ET 36.70 ] [L0 ] [L1 ]
*** TRAIL_R numBytesInNALunit: 1223925
POC   64 TId: 0 ( I-SLICE, QP 26 )    9791400 bits [Y 99.9900 dB    U 99.9900 dB    V 99.9900 dB] [ET 36.47 ] [L0 ] [L1 ]
*** TRAIL_R numBytesInNALunit: 1221409
POC   65 TId: 0 ( I-SLICE, QP 26 )    9771272 bits [Y 99.9900 dB    U 99.9900 dB    V 99.9900 dB] [ET 36.50 ] [L0 ] [L1 ]
*** TRAIL_R numBytesInNALunit: 1219396
POC   66 TId: 0 ( I-SLICE, QP 26 )    9755168 bits [Y 99.9900 dB    U 99.9900 dB    V 99.9900 dB] [ET 36.78 ] [L0 ] [L1 ]
*** TRAIL_R numBytesInNALunit: 1220479
POC   67 TId: 0 ( I-SLICE, QP 26 )    9763832 bits [Y 99.9900 dB    U 99.9900 dB    V 99.9900 dB] [ET 36.72 ] [L0 ] [L1 ]
*** TRAIL_R numBytesInNALunit: 1224346
POC   68 TId: 0 ( I-SLICE, QP 26 )    9794768 bits [Y 99.9900 dB    U 99.9900 dB    V 99.9900 dB] [ET 36.45 ] [L0 ] [L1 ]
*** TRAIL_R numBytesInNALunit: 1224430
POC   69 TId: 0 ( I-SLICE, QP 26 )    9795440 bits [Y 99.9900 dB    U 99.9900 dB    V 99.9900 dB] [ET 36.61 ] [L0 ] [L1 ]
*** TRAIL_R numBytesInNALunit: 1225368
POC   70 TId: 0 ( I-SLICE, QP 26 )    9802944 bits [Y 99.9900 dB    U 99.9900 dB    V 99.9900 dB] [ET 36.72 ] [L0 ] [L1 ]
*** TRAIL_R numBytesInNALunit: 1223042
POC   71 TId: 0 ( I-SLICE, QP 26 )    9784336 bits [Y 99.9900 dB    U 99.9900 dB    V 99.9900 dB] [ET 36.61 ] [L0 ] [L1 ]
*** TRAIL_R numBytesInNALunit: 1224176
POC   72 TId: 0 ( I-SLICE, QP 26 )    9793408 bits [Y 99.9900 dB    U 99.9900 dB    V 99.9900 dB] [ET 36.62 ] [L0 ] [L1 ]
*** TRAIL_R numBytesInNALunit: 1223494
POC   73 TId: 0 ( I-SLICE, QP 26 )    9787952 bits [Y 99.9900 dB    U 99.9900 dB    V 99.9900 dB] [ET 36.81 ] [L0 ] [L1 ]
*** TRAIL_R numBytesInNALunit: 1223192
POC   74 TId: 0 ( I-SLICE, QP 26 )    9785536 bits [Y 99.9900 dB    U 99.9900 dB    V 99.9900 dB] [ET 36.78 ] [L0 ] [L1 ]
*** TRAIL_R numBytesInNALunit: 1222324
POC   75 TId: 0 ( I-SLICE, QP 26 )    9778592 bits [Y 99.9900 dB    U 99.9900 dB    V 99.9900 dB] [ET 36.56 ] [L0 ] [L1 ]
*** TRAIL_R numBytesInNALunit: 1221247
POC   76 TId: 0 ( I-SLICE, QP 26 )    9769976 bits [Y 99.9900 dB    U 99.9900 dB    V 99.9900 dB] [ET 36.53 ] [L0 ] [L1 ]
*** TRAIL_R numBytesInNALunit: 1225506
POC   77 TId: 0 ( I-SLICE, QP 26 )    9804048 bits [Y 99.9900 dB    U 99.9900 dB    V 99.9900 dB] [ET 36.61 ] [L0 ] [L1 ]
*** TRAIL_R numBytesInNALunit: 1223326
POC   78 TId: 0 ( I-SLICE, QP 26 )    9786608 bits [Y 99.9900 dB    U 99.9900 dB    V 99.9900 dB] [ET 36.75 ] [L0 ] [L1 ]
*** TRAIL_R numBytesInNALunit: 1217907
POC   79 TId: 0 ( I-SLICE, QP 26 )    9743256 bits [Y 99.9900 dB    U 99.9900 dB    V 99.9900 dB] [ET 36.52 ] [L0 ] [L1 ]
*** TRAIL_R numBytesInNALunit: 1218839
POC   80 TId: 0 ( I-SLICE, QP 26 )    9750712 bits [Y 99.9900 dB    U 99.9900 dB    V 99.9900 dB] [ET 36.44 ] [L0 ] [L1 ]
*** TRAIL_R numBytesInNALunit: 1218010
POC   81 TId: 0 ( I-SLICE, QP 26 )    9744080 bits [Y 99.9900 dB    U 99.9900 dB    V 99.9900 dB] [ET 36.61 ] [L0 ] [L1 ]
*** TRAIL_R numBytesInNALunit: 1216695
POC   82 TId: 0 ( I-SLICE, QP 26 )    9733560 bits [Y 99.9900 dB    U 99.9900 dB    V 99.9900 dB] [ET 36.42 ] [L0 ] [L1 ]
*** TRAIL_R numBytesInNALunit: 1217952
POC   83 TId: 0 ( I-SLICE, QP 26 )    9743616 bits [Y 99.9900 dB    U 99.9900 dB    V 99.9900 dB] [ET 36.48 ] [L0 ] [L1 ]
*** TRAIL_R numBytesInNALunit: 1218964
POC   84 TId: 0 ( I-SLICE, QP 26 )    9751712 bits [Y 99.9900 dB    U 99.9900 dB    V 99.9900 dB] [ET 36.58 ] [L0 ] [L1 ]
*** TRAIL_R numBytesInNALunit: 1219839
POC   85 TId: 0 ( I-SLICE, QP 26 )    9758712 bits [Y 99.9900 dB    U 99.9900 dB    V 99.9900 dB] [ET 36.64 ] [L0 ] [L1 ]
*** TRAIL_R numBytesInNALunit: 1221610
POC   86 TId: 0 ( I-SLICE, QP 26 )    9772880 bits [Y 99.9900 dB    U 99.9900 dB    V 99.9900 dB] [ET 36.52 ] [L0 ] [L1 ]
*** TRAIL_R numBytesInNALunit: 1225358
POC   87 TId: 0 ( I-SLICE, QP 26 )    9802864 bits [Y 99.9900 dB    U 99.9900 dB    V 99.9900 dB] [ET 36.52 ] [L0 ] [L1 ]
*** TRAIL_R numBytesInNALunit: 1221365
POC   88 TId: 0 ( I-SLICE, QP 26 )    9770920 bits [Y 99.9900 dB    U 99.9900 dB    V 99.9900 dB] [ET 36.67 ] [L0 ] [L1 ]
*** TRAIL_R numBytesInNALunit: 1219266
POC   89 TId: 0 ( I-SLICE, QP 26 )    9754128 bits [Y 99.9900 dB    U 99.9900 dB    V 99.9900 dB] [ET 36.61 ] [L0 ] [L1 ]
*** TRAIL_R numBytesInNALunit: 1217136
POC   90 TId: 0 ( I-SLICE, QP 26 )    9737088 bits [Y 99.9900 dB    U 99.9900 dB    V 99.9900 dB] [ET 36.70 ] [L0 ] [L1 ]
*** TRAIL_R numBytesInNALunit: 1214990
POC   91 TId: 0 ( I-SLICE, QP 26 )    9719920 bits [Y 99.9900 dB    U 99.9900 dB    V 99.9900 dB] [ET 36.38 ] [L0 ] [L1 ]
*** TRAIL_R numBytesInNALunit: 1214283
POC   92 TId: 0 ( I-SLICE, QP 26 )    9714264 bits [Y 99.9900 dB    U 99.9900 dB    V 99.9900 dB] [ET 36.56 ] [L0 ] [L1 ]
*** TRAIL_R numBytesInNALunit: 1215687
POC   93 TId: 0 ( I-SLICE, QP 26 )    9725496 bits [Y 99.9900 dB    U 99.9900 dB    V 99.9900 dB] [ET 36.31 ] [L0 ] [L1 ]
*** TRAIL_R numBytesInNALunit: 1217417
POC   94 TId: 0 ( I-SLICE, QP 26 )    9739336 bits [Y 99.9900 dB    U 99.9900 dB    V 99.9900 dB] [ET 36.94 ] [L0 ] [L1 ]
*** TRAIL_R numBytesInNALunit: 1220367
POC   95 TId: 0 ( I-SLICE, QP 26 )    9762936 bits [Y 99.9900 dB    U 99.9900 dB    V 99.9900 dB] [ET 36.72 ] [L0 ] [L1 ]
*** TRAIL_R numBytesInNALunit: 1219937
POC   96 TId: 0 ( I-SLICE, QP 26 )    9759496 bits [Y 99.9900 dB    U 99.9900 dB    V 99.9900 dB] [ET 36.75 ] [L0 ] [L1 ]
*** TRAIL_R numBytesInNALunit: 1217286
POC   97 TId: 0 ( I-SLICE, QP 26 )    9738288 bits [Y 99.9900 dB    U 99.9900 dB    V 99.9900 dB] [ET 36.59 ] [L0 ] [L1 ]
*** TRAIL_R numBytesInNALunit: 1218160
POC   98 TId: 0 ( I-SLICE, QP 26 )    9745280 bits [Y 99.9900 dB    U 99.9900 dB    V 99.9900 dB] [ET 36.36 ] [L0 ] [L1 ]
*** TRAIL_R numBytesInNALunit: 1213230
POC   99 TId: 0 ( I-SLICE, QP 26 )    9705840 bits [Y 99.9900 dB    U 99.9900 dB    V 99.9900 dB] [ET 36.33 ] [L0 ] [L1 ]
*** TRAIL_R numBytesInNALunit: 1212881
POC  100 TId: 0 ( I-SLICE, QP 26 )    9703048 bits [Y 99.9900 dB    U 99.9900 dB    V 99.9900 dB] [ET 36.50 ] [L0 ] [L1 ]
*** TRAIL_R numBytesInNALunit: 1216692
POC  101 TId: 0 ( I-SLICE, QP 26 )    9733536 bits [Y 99.9900 dB    U 99.9900 dB    V 99.9900 dB] [ET 36.73 ] [L0 ] [L1 ]
*** TRAIL_R numBytesInNALunit: 1215847
POC  102 TId: 0 ( I-SLICE, QP 26 )    9726776 bits [Y 99.9900 dB    U 99.9900 dB    V 99.9900 dB] [ET 36.48 ] [L0 ] [L1 ]
*** TRAIL_R numBytesInNALunit: 1217003
POC  103 TId: 0 ( I-SLICE, QP 26 )    9736024 bits [Y 99.9900 dB    U 99.9900 dB    V 99.9900 dB] [ET 36.45 ] [L0 ] [L1 ]
*** TRAIL_R numBytesInNALunit: 1214831
POC  104 TId: 0 ( I-SLICE, QP 26 )    9718648 bits [Y 99.9900 dB    U 99.9900 dB    V 99.9900 dB] [ET 36.52 ] [L0 ] [L1 ]
*** TRAIL_R numBytesInNALunit: 1212283
POC  105 TId: 0 ( I-SLICE, QP 26 )    9698264 bits [Y 99.9900 dB    U 99.9900 dB    V 99.9900 dB] [ET 36.44 ] [L0 ] [L1 ]
*** TRAIL_R numBytesInNALunit: 1211201
POC  106 TId: 0 ( I-SLICE, QP 26 )    9689608 bits [Y 99.9900 dB    U 99.9900 dB    V 99.9900 dB] [ET 36.77 ] [L0 ] [L1 ]
*** TRAIL_R numBytesInNALunit: 1212050
POC  107 TId: 0 ( I-SLICE, QP 26 )    9696400 bits [Y 99.9900 dB    U 99.9900 dB    V 99.9900 dB] [ET 36.55 ] [L0 ] [L1 ]
*** TRAIL_R numBytesInNALunit: 1214702
POC  108 TId: 0 ( I-SLICE, QP 26 )    9717616 bits [Y 99.9900 dB    U 99.9900 dB    V 99.9900 dB] [ET 36.06 ] [L0 ] [L1 ]
*** TRAIL_R numBytesInNALunit: 1215419
POC  109 TId: 0 ( I-SLICE, QP 26 )    9723352 bits [Y 99.9900 dB    U 99.9900 dB    V 99.9900 dB] [ET 34.86 ] [L0 ] [L1 ]
*** TRAIL_R numBytesInNALunit: 1210219
POC  110 TId: 0 ( I-SLICE, QP 26 )    9681752 bits [Y 99.9900 dB    U 99.9900 dB    V 99.9900 dB] [ET 34.28 ] [L0 ] [L1 ]
*** TRAIL_R numBytesInNALunit: 1207211
POC  111 TId: 0 ( I-SLICE, QP 26 )    9657688 bits [Y 99.9900 dB    U 99.9900 dB    V 99.9900 dB] [ET 34.41 ] [L0 ] [L1 ]
*** TRAIL_R numBytesInNALunit: 1206673
POC  112 TId: 0 ( I-SLICE, QP 26 )    9653384 bits [Y 99.9900 dB    U 99.9900 dB    V 99.9900 dB] [ET 34.30 ] [L0 ] [L1 ]
*** TRAIL_R numBytesInNALunit: 1204808
POC  113 TId: 0 ( I-SLICE, QP 26 )    9638464 bits [Y 99.9900 dB    U 99.9900 dB    V 99.9900 dB] [ET 34.66 ] [L0 ] [L1 ]
*** TRAIL_R numBytesInNALunit: 1205711
POC  114 TId: 0 ( I-SLICE, QP 26 )    9645688 bits [Y 99.9900 dB    U 99.9900 dB    V 99.9900 dB] [ET 34.47 ] [L0 ] [L1 ]
*** TRAIL_R numBytesInNALunit: 1205219
POC  115 TId: 0 ( I-SLICE, QP 26 )    9641752 bits [Y 99.9900 dB    U 99.9900 dB    V 99.9900 dB] [ET 34.47 ] [L0 ] [L1 ]
*** TRAIL_R numBytesInNALunit: 1205986
POC  116 TId: 0 ( I-SLICE, QP 26 )    9647888 bits [Y 99.9900 dB    U 99.9900 dB    V 99.9900 dB] [ET 34.81 ] [L0 ] [L1 ]
*** TRAIL_R numBytesInNALunit: 1207596
POC  117 TId: 0 ( I-SLICE, QP 26 )    9660768 bits [Y 99.9900 dB    U 99.9900 dB    V 99.9900 dB] [ET 34.45 ] [L0 ] [L1 ]
*** TRAIL_R numBytesInNALunit: 1208811
POC  118 TId: 0 ( I-SLICE, QP 26 )    9670488 bits [Y 99.9900 dB    U 99.9900 dB    V 99.9900 dB] [ET 34.50 ] [L0 ] [L1 ]
*** TRAIL_R numBytesInNALunit: 1206168
POC  119 TId: 0 ( I-SLICE, QP 26 )    9649344 bits [Y 99.9900 dB    U 99.9900 dB    V 99.9900 dB] [ET 34.28 ] [L0 ] [L1 ]
*** TRAIL_R numBytesInNALunit: 1205675
POC  120 TId: 0 ( I-SLICE, QP 26 )    9645400 bits [Y 99.9900 dB    U 99.9900 dB    V 99.9900 dB] [ET 34.36 ] [L0 ] [L1 ]
*** TRAIL_R numBytesInNALunit: 1201435
POC  121 TId: 0 ( I-SLICE, QP 26 )    9611480 bits [Y 99.9900 dB    U 99.9900 dB    V 99.9900 dB] [ET 34.45 ] [L0 ] [L1 ]
*** TRAIL_R numBytesInNALunit: 1200047
POC  122 TId: 0 ( I-SLICE, QP 26 )    9600376 bits [Y 99.9900 dB    U 99.9900 dB    V 99.9900 dB] [ET 34.50 ] [L0 ] [L1 ]
*** TRAIL_R numBytesInNALunit: 1200312
POC  123 TId: 0 ( I-SLICE, QP 26 )    9602496 bits [Y 99.9900 dB    U 99.9900 dB    V 99.9900 dB] [ET 34.47 ] [L0 ] [L1 ]
*** TRAIL_R numBytesInNALunit: 1199792
POC  124 TId: 0 ( I-SLICE, QP 26 )    9598336 bits [Y 99.9900 dB    U 99.9900 dB    V 99.9900 dB] [ET 34.52 ] [L0 ] [L1 ]
*** TRAIL_R numBytesInNALunit: 1200800
POC  125 TId: 0 ( I-SLICE, QP 26 )    9606400 bits [Y 99.9900 dB    U 99.9900 dB    V 99.9900 dB] [ET 34.53 ] [L0 ] [L1 ]
*** TRAIL_R numBytesInNALunit: 1201976
POC  126 TId: 0 ( I-SLICE, QP 26 )    9615808 bits [Y 99.9900 dB    U 99.9900 dB    V 99.9900 dB] [ET 34.50 ] [L0 ] [L1 ]
*** TRAIL_R numBytesInNALunit: 1205015
POC  127 TId: 0 ( I-SLICE, QP 26 )    9640120 bits [Y 99.9900 dB    U 99.9900 dB    V 99.9900 dB] [ET 32.36 ] [L0 ] [L1 ]
*** TRAIL_R numBytesInNALunit: 1206606
POC  128 TId: 0 ( I-SLICE, QP 26 )    9652848 bits [Y 99.9900 dB    U 99.9900 dB    V 99.9900 dB] [ET 32.36 ] [L0 ] [L1 ]
*** TRAIL_R numBytesInNALunit: 1207207
POC  129 TId: 0 ( I-SLICE, QP 26 )    9657656 bits [Y 99.9900 dB    U 99.9900 dB    V 99.9900 dB] [ET 32.80 ] [L0 ] [L1 ]
*** TRAIL_R numBytesInNALunit: 1207420
POC  130 TId: 0 ( I-SLICE, QP 26 )    9659360 bits [Y 99.9900 dB    U 99.9900 dB    V 99.9900 dB] [ET 32.86 ] [L0 ] [L1 ]
*** TRAIL_R numBytesInNALunit: 1205699
POC  131 TId: 0 ( I-SLICE, QP 26 )    9645592 bits [Y 99.9900 dB    U 99.9900 dB    V 99.9900 dB] [ET 32.91 ] [L0 ] [L1 ]
*** TRAIL_R numBytesInNALunit: 1206001
POC  132 TId: 0 ( I-SLICE, QP 26 )    9648008 bits [Y 99.9900 dB    U 99.9900 dB    V 99.9900 dB] [ET 32.55 ] [L0 ] [L1 ]
*** TRAIL_R numBytesInNALunit: 1204551
POC  133 TId: 0 ( I-SLICE, QP 26 )    9636408 bits [Y 99.9900 dB    U 99.9900 dB    V 99.9900 dB] [ET 32.78 ] [L0 ] [L1 ]
*** TRAIL_R numBytesInNALunit: 1204175
POC  134 TId: 0 ( I-SLICE, QP 26 )    9633400 bits [Y 99.9900 dB    U 99.9900 dB    V 99.9900 dB] [ET 33.23 ] [L0 ] [L1 ]
*** TRAIL_R numBytesInNALunit: 1202657
POC  135 TId: 0 ( I-SLICE, QP 26 )    9621256 bits [Y 99.9900 dB    U 99.9900 dB    V 99.9900 dB] [ET 33.23 ] [L0 ] [L1 ]
*** TRAIL_R numBytesInNALunit: 1198752
POC  136 TId: 0 ( I-SLICE, QP 26 )    9590016 bits [Y 99.9900 dB    U 99.9900 dB    V 99.9900 dB] [ET 32.77 ] [L0 ] [L1 ]
*** TRAIL_R numBytesInNALunit: 1198435
POC  137 TId: 0 ( I-SLICE, QP 26 )    9587480 bits [Y 99.9900 dB    U 99.9900 dB    V 99.9900 dB] [ET 32.72 ] [L0 ] [L1 ]
*** TRAIL_R numBytesInNALunit: 1198872
POC  138 TId: 0 ( I-SLICE, QP 26 )    9590976 bits [Y 99.9900 dB    U 99.9900 dB    V 99.9900 dB] [ET 32.34 ] [L0 ] [L1 ]
*** TRAIL_R numBytesInNALunit: 1197276
POC  139 TId: 0 ( I-SLICE, QP 26 )    9578208 bits [Y 99.9900 dB    U 99.9900 dB    V 99.9900 dB] [ET 33.06 ] [L0 ] [L1 ]
*** TRAIL_R numBytesInNALunit: 1299351
POC  140 TId: 0 ( I-SLICE, QP 26 )   10394808 bits [Y 99.9900 dB    U 99.9900 dB    V 99.9900 dB] [ET 32.86 ] [L0 ] [L1 ]
*** TRAIL_R numBytesInNALunit: 1299670
POC  141 TId: 0 ( I-SLICE, QP 26 )   10397360 bits [Y 99.9900 dB    U 99.9900 dB    V 99.9900 dB] [ET 33.19 ] [L0 ] [L1 ]
*** TRAIL_R numBytesInNALunit: 1298742
POC  142 TId: 0 ( I-SLICE, QP 26 )   10389936 bits [Y 99.9900 dB    U 99.9900 dB    V 99.9900 dB] [ET 33.09 ] [L0 ] [L1 ]
*** TRAIL_R numBytesInNALunit: 1300180
POC  143 TId: 0 ( I-SLICE, QP 26 )   10401440 bits [Y 99.9900 dB    U 99.9900 dB    V 99.9900 dB] [ET 32.56 ] [L0 ] [L1 ]
*** TRAIL_R numBytesInNALunit: 1299004
POC  144 TId: 0 ( I-SLICE, QP 26 )   10392032 bits [Y 99.9900 dB    U 99.9900 dB    V 99.9900 dB] [ET 32.70 ] [L0 ] [L1 ]
*** TRAIL_R numBytesInNALunit: 1299295
POC  145 TId: 0 ( I-SLICE, QP 26 )   10394360 bits [Y 99.9900 dB    U 99.9900 dB    V 99.9900 dB] [ET 32.80 ] [L0 ] [L1 ]
*** TRAIL_R numBytesInNALunit: 1298789
POC  146 TId: 0 ( I-SLICE, QP 26 )   10390312 bits [Y 99.9900 dB    U 99.9900 dB    V 99.9900 dB] [ET 32.88 ] [L0 ] [L1 ]
*** TRAIL_R numBytesInNALunit: 1299522
POC  147 TId: 0 ( I-SLICE, QP 26 )   10396176 bits [Y 99.9900 dB    U 99.9900 dB    V 99.9900 dB] [ET 32.41 ] [L0 ] [L1 ]
*** TRAIL_R numBytesInNALunit: 1300174
POC  148 TId: 0 ( I-SLICE, QP 26 )   10401392 bits [Y 99.9900 dB    U 99.9900 dB    V 99.9900 dB] [ET 32.53 ] [L0 ] [L1 ]
*** TRAIL_R numBytesInNALunit: 1298715
POC  149 TId: 0 ( I-SLICE, QP 26 )   10389720 bits [Y 99.9900 dB    U 99.9900 dB    V 99.9900 dB] [ET 32.33 ] [L0 ] [L1 ]
*** TRAIL_R numBytesInNALunit: 1297697
POC  150 TId: 0 ( I-SLICE, QP 26 )   10381576 bits [Y 99.9900 dB    U 99.9900 dB    V 99.9900 dB] [ET 31.41 ] [L0 ] [L1 ]
*** TRAIL_R numBytesInNALunit: 1298542
POC  151 TId: 0 ( I-SLICE, QP 26 )   10388336 bits [Y 99.9900 dB    U 99.9900 dB    V 99.9900 dB] [ET 30.06 ] [L0 ] [L1 ]
*** TRAIL_R numBytesInNALunit: 1298240
POC  152 TId: 0 ( I-SLICE, QP 26 )   10385920 bits [Y 99.9900 dB    U 99.9900 dB    V 99.9900 dB] [ET 30.19 ] [L0 ] [L1 ]
*** TRAIL_R numBytesInNALunit: 1298351
POC  153 TId: 0 ( I-SLICE, QP 26 )   10386808 bits [Y 99.9900 dB    U 99.9900 dB    V 99.9900 dB] [ET 30.22 ] [L0 ] [L1 ]
*** TRAIL_R numBytesInNALunit: 1299513
POC  154 TId: 0 ( I-SLICE, QP 26 )   10396104 bits [Y 99.9900 dB    U 99.9900 dB    V 99.9900 dB] [ET 30.70 ] [L0 ] [L1 ]
*** TRAIL_R numBytesInNALunit: 1299611
POC  155 TId: 0 ( I-SLICE, QP 26 )   10396888 bits [Y 99.9900 dB    U 99.9900 dB    V 99.9900 dB] [ET 30.50 ] [L0 ] [L1 ]
*** TRAIL_R numBytesInNALunit: 1299917
POC  156 TId: 0 ( I-SLICE, QP 26 )   10399336 bits [Y 99.9900 dB    U 99.9900 dB    V 99.9900 dB] [ET 29.34 ] [L0 ] [L1 ]
*** TRAIL_R numBytesInNALunit: 1300324
POC  157 TId: 0 ( I-SLICE, QP 26 )   10402592 bits [Y 99.9900 dB    U 99.9900 dB    V 99.9900 dB] [ET 28.44 ] [L0 ] [L1 ]
*** TRAIL_R numBytesInNALunit: 1300562
POC  158 TId: 0 ( I-SLICE, QP 26 )   10404496 bits [Y 99.9900 dB    U 99.9900 dB    V 99.9900 dB] [ET 28.34 ] [L0 ] [L1 ]
*** TRAIL_R numBytesInNALunit: 1299971
POC  159 TId: 0 ( I-SLICE, QP 26 )   10399768 bits [Y 99.9900 dB    U 99.9900 dB    V 99.9900 dB] [ET 28.47 ] [L0 ] [L1 ]
*** TRAIL_R numBytesInNALunit: 1300354
POC  160 TId: 0 ( I-SLICE, QP 26 )   10402832 bits [Y 99.9900 dB    U 99.9900 dB    V 99.9900 dB] [ET 32.86 ] [L0 ] [L1 ]
*** TRAIL_R numBytesInNALunit: 1300701
POC  161 TId: 0 ( I-SLICE, QP 26 )   10405608 bits [Y 99.9900 dB    U 99.9900 dB    V 99.9900 dB] [ET 34.50 ] [L0 ] [L1 ]
*** TRAIL_R numBytesInNALunit: 1300413
POC  162 TId: 0 ( I-SLICE, QP 26 )   10403304 bits [Y 99.9900 dB    U 99.9900 dB    V 99.9900 dB] [ET 34.84 ] [L0 ] [L1 ]
*** TRAIL_R numBytesInNALunit: 1298445
POC  163 TId: 0 ( I-SLICE, QP 26 )   10387560 bits [Y 99.9900 dB    U 99.9900 dB    V 99.9900 dB] [ET 34.73 ] [L0 ] [L1 ]
*** TRAIL_R numBytesInNALunit: 1298783
POC  164 TId: 0 ( I-SLICE, QP 26 )   10390264 bits [Y 99.9900 dB    U 99.9900 dB    V 99.9900 dB] [ET 34.55 ] [L0 ] [L1 ]
*** TRAIL_R numBytesInNALunit: 1299373
POC  165 TId: 0 ( I-SLICE, QP 26 )   10394984 bits [Y 99.9900 dB    U 99.9900 dB    V 99.9900 dB] [ET 34.89 ] [L0 ] [L1 ]
*** TRAIL_R numBytesInNALunit: 1299023
POC  166 TId: 0 ( I-SLICE, QP 26 )   10392184 bits [Y 99.9900 dB    U 99.9900 dB    V 99.9900 dB] [ET 34.62 ] [L0 ] [L1 ]
*** TRAIL_R numBytesInNALunit: 1298543
POC  167 TId: 0 ( I-SLICE, QP 26 )   10388344 bits [Y 99.9900 dB    U 99.9900 dB    V 99.9900 dB] [ET 34.31 ] [L0 ] [L1 ]
*** TRAIL_R numBytesInNALunit: 1299486
POC  168 TId: 0 ( I-SLICE, QP 26 )   10395888 bits [Y 99.9900 dB    U 99.9900 dB    V 99.9900 dB] [ET 34.55 ] [L0 ] [L1 ]
*** TRAIL_R numBytesInNALunit: 1299759
POC  169 TId: 0 ( I-SLICE, QP 26 )   10398072 bits [Y 99.9900 dB    U 99.9900 dB    V 99.9900 dB] [ET 33.56 ] [L0 ] [L1 ]
*** TRAIL_R numBytesInNALunit: 1299244
POC  170 TId: 0 ( I-SLICE, QP 26 )   10393952 bits [Y 99.9900 dB    U 99.9900 dB    V 99.9900 dB] [ET 33.09 ] [L0 ] [L1 ]
*** TRAIL_R numBytesInNALunit: 1298695
POC  171 TId: 0 ( I-SLICE, QP 26 )   10389560 bits [Y 99.9900 dB    U 99.9900 dB    V 99.9900 dB] [ET 31.86 ] [L0 ] [L1 ]
*** TRAIL_R numBytesInNALunit: 1297596
POC  172 TId: 0 ( I-SLICE, QP 26 )   10380768 bits [Y 99.9900 dB    U 99.9900 dB    V 99.9900 dB] [ET 32.45 ] [L0 ] [L1 ]
*** TRAIL_R numBytesInNALunit: 1296784
POC  173 TId: 0 ( I-SLICE, QP 26 )   10374272 bits [Y 99.9900 dB    U 99.9900 dB    V 99.9900 dB] [ET 32.89 ] [L0 ] [L1 ]
*** TRAIL_R numBytesInNALunit: 1296698
POC  174 TId: 0 ( I-SLICE, QP 26 )   10373584 bits [Y 99.9900 dB    U 99.9900 dB    V 99.9900 dB] [ET 32.83 ] [L0 ] [L1 ]
*** TRAIL_R numBytesInNALunit: 1297258
POC  175 TId: 0 ( I-SLICE, QP 26 )   10378064 bits [Y 99.9900 dB    U 99.9900 dB    V 99.9900 dB] [ET 32.91 ] [L0 ] [L1 ]
*** TRAIL_R numBytesInNALunit: 1296997
POC  176 TId: 0 ( I-SLICE, QP 26 )   10375976 bits [Y 99.9900 dB    U 99.9900 dB    V 99.9900 dB] [ET 32.81 ] [L0 ] [L1 ]
*** TRAIL_R numBytesInNALunit: 1296594
POC  177 TId: 0 ( I-SLICE, QP 26 )   10372752 bits [Y 99.9900 dB    U 99.9900 dB    V 99.9900 dB] [ET 32.86 ] [L0 ] [L1 ]
*** TRAIL_R numBytesInNALunit: 1295316
POC  178 TId: 0 ( I-SLICE, QP 26 )   10362528 bits [Y 99.9900 dB    U 99.9900 dB    V 99.9900 dB] [ET 32.55 ] [L0 ] [L1 ]
*** TRAIL_R numBytesInNALunit: 1294382
POC  179 TId: 0 ( I-SLICE, QP 26 )   10355056 bits [Y 99.9900 dB    U 99.9900 dB    V 99.9900 dB] [ET 32.52 ] [L0 ] [L1 ]
*** TRAIL_R numBytesInNALunit: 1294349
POC  180 TId: 0 ( I-SLICE, QP 26 )   10354792 bits [Y 99.9900 dB    U 99.9900 dB    V 99.9900 dB] [ET 32.92 ] [L0 ] [L1 ]
*** TRAIL_R numBytesInNALunit: 1294495
POC  181 TId: 0 ( I-SLICE, QP 26 )   10355960 bits [Y 99.9900 dB    U 99.9900 dB    V 99.9900 dB] [ET 32.27 ] [L0 ] [L1 ]
*** TRAIL_R numBytesInNALunit: 1294476
POC  182 TId: 0 ( I-SLICE, QP 26 )   10355808 bits [Y 99.9900 dB    U 99.9900 dB    V 99.9900 dB] [ET 32.81 ] [L0 ] [L1 ]
*** TRAIL_R numBytesInNALunit: 1294993
POC  183 TId: 0 ( I-SLICE, QP 26 )   10359944 bits [Y 99.9900 dB    U 99.9900 dB    V 99.9900 dB] [ET 33.33 ] [L0 ] [L1 ]
*** TRAIL_R numBytesInNALunit: 1293737
POC  184 TId: 0 ( I-SLICE, QP 26 )   10349896 bits [Y 99.9900 dB    U 99.9900 dB    V 99.9900 dB] [ET 32.19 ] [L0 ] [L1 ]
*** TRAIL_R numBytesInNALunit: 1292593
POC  185 TId: 0 ( I-SLICE, QP 26 )   10340744 bits [Y 99.9900 dB    U 99.9900 dB    V 99.9900 dB] [ET 32.66 ] [L0 ] [L1 ]
*** TRAIL_R numBytesInNALunit: 1292715
POC  186 TId: 0 ( I-SLICE, QP 26 )   10341720 bits [Y 99.9900 dB    U 99.9900 dB    V 99.9900 dB] [ET 32.67 ] [L0 ] [L1 ]
*** TRAIL_R numBytesInNALunit: 1292635
POC  187 TId: 0 ( I-SLICE, QP 26 )   10341080 bits [Y 99.9900 dB    U 99.9900 dB    V 99.9900 dB] [ET 32.92 ] [L0 ] [L1 ]
*** TRAIL_R numBytesInNALunit: 1292794
POC  188 TId: 0 ( I-SLICE, QP 26 )   10342352 bits [Y 99.9900 dB    U 99.9900 dB    V 99.9900 dB] [ET 32.55 ] [L0 ] [L1 ]
*** TRAIL_R numBytesInNALunit: 1293043
POC  189 TId: 0 ( I-SLICE, QP 26 )   10344344 bits [Y 99.9900 dB    U 99.9900 dB    V 99.9900 dB] [ET 32.27 ] [L0 ] [L1 ]
*** TRAIL_R numBytesInNALunit: 1293043
POC  190 TId: 0 ( I-SLICE, QP 26 )   10344344 bits [Y 99.9900 dB    U 99.9900 dB    V 99.9900 dB] [ET 31.52 ] [L0 ] [L1 ]
*** TRAIL_R numBytesInNALunit: 1293617
POC  191 TId: 0 ( I-SLICE, QP 26 )   10348936 bits [Y 99.9900 dB    U 99.9900 dB    V 99.9900 dB] [ET 31.45 ] [L0 ] [L1 ]
*** TRAIL_R numBytesInNALunit: 1293011
POC  192 TId: 0 ( I-SLICE, QP 26 )   10344088 bits [Y 99.9900 dB    U 99.9900 dB    V 99.9900 dB] [ET 31.22 ] [L0 ] [L1 ]
*** TRAIL_R numBytesInNALunit: 1292732
POC  193 TId: 0 ( I-SLICE, QP 26 )   10341856 bits [Y 99.9900 dB    U 99.9900 dB    V 99.9900 dB] [ET 31.73 ] [L0 ] [L1 ]
*** TRAIL_R numBytesInNALunit: 1293080
POC  194 TId: 0 ( I-SLICE, QP 26 )   10344640 bits [Y 99.9900 dB    U 99.9900 dB    V 99.9900 dB] [ET 32.03 ] [L0 ] [L1 ]
*** TRAIL_R numBytesInNALunit: 1292494
POC  195 TId: 0 ( I-SLICE, QP 26 )   10339952 bits [Y 99.9900 dB    U 99.9900 dB    V 99.9900 dB] [ET 32.08 ] [L0 ] [L1 ]
*** TRAIL_R numBytesInNALunit: 1292878
POC  196 TId: 0 ( I-SLICE, QP 26 )   10343024 bits [Y 99.9900 dB    U 99.9900 dB    V 99.9900 dB] [ET 32.39 ] [L0 ] [L1 ]
*** TRAIL_R numBytesInNALunit: 1292823
POC  197 TId: 0 ( I-SLICE, QP 26 )   10342584 bits [Y 99.9900 dB    U 99.9900 dB    V 99.9900 dB] [ET 32.12 ] [L0 ] [L1 ]
*** TRAIL_R numBytesInNALunit: 1291909
POC  198 TId: 0 ( I-SLICE, QP 26 )   10335272 bits [Y 99.9900 dB    U 99.9900 dB    V 99.9900 dB] [ET 30.44 ] [L0 ] [L1 ]
*** TRAIL_R numBytesInNALunit: 1291443
POC  199 TId: 0 ( I-SLICE, QP 26 )   10331544 bits [Y 99.9900 dB    U 99.9900 dB    V 99.9900 dB] [ET 30.36 ] [L0 ] [L1 ]
*** TRAIL_R numBytesInNALunit: 1293582
POC  200 TId: 0 ( I-SLICE, QP 26 )   10348656 bits [Y 99.9900 dB    U 99.9900 dB    V 99.9900 dB] [ET 30.14 ] [L0 ] [L1 ]
*** TRAIL_R numBytesInNALunit: 1290933
POC  201 TId: 0 ( I-SLICE, QP 26 )   10327464 bits [Y 99.9900 dB    U 99.9900 dB    V 99.9900 dB] [ET 30.66 ] [L0 ] [L1 ]
*** TRAIL_R numBytesInNALunit: 1291118
POC  202 TId: 0 ( I-SLICE, QP 26 )   10328944 bits [Y 99.9900 dB    U 99.9900 dB    V 99.9900 dB] [ET 30.88 ] [L0 ] [L1 ]
*** TRAIL_R numBytesInNALunit: 1290004
POC  203 TId: 0 ( I-SLICE, QP 26 )   10320032 bits [Y 99.9900 dB    U 99.9900 dB    V 99.9900 dB] [ET 29.70 ] [L0 ] [L1 ]
*** TRAIL_R numBytesInNALunit: 1289203
POC  204 TId: 0 ( I-SLICE, QP 26 )   10313624 bits [Y 99.9900 dB    U 99.9900 dB    V 99.9900 dB] [ET 29.45 ] [L0 ] [L1 ]
*** TRAIL_R numBytesInNALunit: 1288928
POC  205 TId: 0 ( I-SLICE, QP 26 )   10311424 bits [Y 99.9900 dB    U 99.9900 dB    V 99.9900 dB] [ET 29.20 ] [L0 ] [L1 ]
*** TRAIL_R numBytesInNALunit: 1289540
POC  206 TId: 0 ( I-SLICE, QP 26 )   10316320 bits [Y 99.9900 dB    U 99.9900 dB    V 99.9900 dB] [ET 29.67 ] [L0 ] [L1 ]
*** TRAIL_R numBytesInNALunit: 1289334
POC  207 TId: 0 ( I-SLICE, QP 26 )   10314672 bits [Y 99.9900 dB    U 99.9900 dB    V 99.9900 dB] [ET 29.06 ] [L0 ] [L1 ]
*** TRAIL_R numBytesInNALunit: 1287627
POC  208 TId: 0 ( I-SLICE, QP 26 )   10301016 bits [Y 99.9900 dB    U 99.9900 dB    V 99.9900 dB] [ET 29.73 ] [L0 ] [L1 ]
*** TRAIL_R numBytesInNALunit: 1286752
POC  209 TId: 0 ( I-SLICE, QP 26 )   10294016 bits [Y 99.9900 dB    U 99.9900 dB    V 99.9900 dB] [ET 29.45 ] [L0 ] [L1 ]
*** TRAIL_R numBytesInNALunit: 1287105
POC  210 TId: 0 ( I-SLICE, QP 26 )   10296840 bits [Y 99.9900 dB    U 99.9900 dB    V 99.9900 dB] [ET 28.19 ] [L0 ] [L1 ]
*** TRAIL_R numBytesInNALunit: 1286901
POC  211 TId: 0 ( I-SLICE, QP 26 )   10295208 bits [Y 99.9900 dB    U 99.9900 dB    V 99.9900 dB] [ET 28.00 ] [L0 ] [L1 ]
*** TRAIL_R numBytesInNALunit: 1285387
POC  212 TId: 0 ( I-SLICE, QP 26 )   10283096 bits [Y 99.9900 dB    U 99.9900 dB    V 99.9900 dB] [ET 28.17 ] [L0 ] [L1 ]
*** TRAIL_R numBytesInNALunit: 1286466
POC  213 TId: 0 ( I-SLICE, QP 26 )   10291728 bits [Y 99.9900 dB    U 99.9900 dB    V 99.9900 dB] [ET 28.12 ] [L0 ] [L1 ]
*** TRAIL_R numBytesInNALunit: 1285124
POC  214 TId: 0 ( I-SLICE, QP 26 )   10280992 bits [Y 99.9900 dB    U 99.9900 dB    V 99.9900 dB] [ET 28.11 ] [L0 ] [L1 ]
*** TRAIL_R numBytesInNALunit: 1285010
POC  215 TId: 0 ( I-SLICE, QP 26 )   10280080 bits [Y 99.9900 dB    U 99.9900 dB    V 99.9900 dB] [ET 27.59 ] [L0 ] [L1 ]
*** TRAIL_R numBytesInNALunit: 1283572
POC  216 TId: 0 ( I-SLICE, QP 26 )   10268576 bits [Y 99.9900 dB    U 99.9900 dB    V 99.9900 dB] [ET 27.70 ] [L0 ] [L1 ]
*** TRAIL_R numBytesInNALunit: 1284369
POC  217 TId: 0 ( I-SLICE, QP 26 )   10274952 bits [Y 99.9900 dB    U 99.9900 dB    V 99.9900 dB] [ET 27.92 ] [L0 ] [L1 ]
*** TRAIL_R numBytesInNALunit: 1284317
POC  218 TId: 0 ( I-SLICE, QP 26 )   10274536 bits [Y 99.9900 dB    U 99.9900 dB    V 99.9900 dB] [ET 27.72 ] [L0 ] [L1 ]
*** TRAIL_R numBytesInNALunit: 1283292
POC  219 TId: 0 ( I-SLICE, QP 26 )   10266336 bits [Y 99.9900 dB    U 99.9900 dB    V 99.9900 dB] [ET 27.94 ] [L0 ] [L1 ]
*** TRAIL_R numBytesInNALunit: 1283662
POC  220 TId: 0 ( I-SLICE, QP 26 )   10269296 bits [Y 99.9900 dB    U 99.9900 dB    V 99.9900 dB] [ET 27.88 ] [L0 ] [L1 ]
*** TRAIL_R numBytesInNALunit: 1284130
POC  221 TId: 0 ( I-SLICE, QP 26 )   10273040 bits [Y 99.9900 dB    U 99.9900 dB    V 99.9900 dB] [ET 28.06 ] [L0 ] [L1 ]
*** TRAIL_R numBytesInNALunit: 1282866
POC  222 TId: 0 ( I-SLICE, QP 26 )   10262928 bits [Y 99.9900 dB    U 99.9900 dB    V 99.9900 dB] [ET 28.02 ] [L0 ] [L1 ]
*** TRAIL_R numBytesInNALunit: 1284002
POC  223 TId: 0 ( I-SLICE, QP 26 )   10272016 bits [Y 99.9900 dB    U 99.9900 dB    V 99.9900 dB] [ET 28.34 ] [L0 ] [L1 ]
*** TRAIL_R numBytesInNALunit: 1282684
POC  224 TId: 0 ( I-SLICE, QP 26 )   10261472 bits [Y 99.9900 dB    U 99.9900 dB    V 99.9900 dB] [ET 28.64 ] [L0 ] [L1 ]
*** TRAIL_R numBytesInNALunit: 1282919
POC  225 TId: 0 ( I-SLICE, QP 26 )   10263352 bits [Y 99.9900 dB    U 99.9900 dB    V 99.9900 dB] [ET 27.98 ] [L0 ] [L1 ]
*** TRAIL_R numBytesInNALunit: 1282950
POC  226 TId: 0 ( I-SLICE, QP 26 )   10263600 bits [Y 99.9900 dB    U 99.9900 dB    V 99.9900 dB] [ET 27.72 ] [L0 ] [L1 ]
*** TRAIL_R numBytesInNALunit: 1282557
POC  227 TId: 0 ( I-SLICE, QP 26 )   10260456 bits [Y 99.9900 dB    U 99.9900 dB    V 99.9900 dB] [ET 28.47 ] [L0 ] [L1 ]
*** TRAIL_R numBytesInNALunit: 1281464
POC  228 TId: 0 ( I-SLICE, QP 26 )   10251712 bits [Y 99.9900 dB    U 99.9900 dB    V 99.9900 dB] [ET 27.83 ] [L0 ] [L1 ]
*** TRAIL_R numBytesInNALunit: 1280721
POC  229 TId: 0 ( I-SLICE, QP 26 )   10245768 bits [Y 99.9900 dB    U 99.9900 dB    V 99.9900 dB] [ET 28.56 ] [L0 ] [L1 ]
*** TRAIL_R numBytesInNALunit: 1281085
POC  230 TId: 0 ( I-SLICE, QP 26 )   10248680 bits [Y 99.9900 dB    U 99.9900 dB    V 99.9900 dB] [ET 28.28 ] [L0 ] [L1 ]
*** TRAIL_R numBytesInNALunit: 1280595
POC  231 TId: 0 ( I-SLICE, QP 26 )   10244760 bits [Y 99.9900 dB    U 99.9900 dB    V 99.9900 dB] [ET 28.09 ] [L0 ] [L1 ]
*** TRAIL_R numBytesInNALunit: 1280248
POC  232 TId: 0 ( I-SLICE, QP 26 )   10241984 bits [Y 99.9900 dB    U 99.9900 dB    V 99.9900 dB] [ET 28.20 ] [L0 ] [L1 ]
*** TRAIL_R numBytesInNALunit: 1279946
POC  233 TId: 0 ( I-SLICE, QP 26 )   10239568 bits [Y 99.9900 dB    U 99.9900 dB    V 99.9900 dB] [ET 28.59 ] [L0 ] [L1 ]
*** TRAIL_R numBytesInNALunit: 1279930
POC  234 TId: 0 ( I-SLICE, QP 26 )   10239440 bits [Y 99.9900 dB    U 99.9900 dB    V 99.9900 dB] [ET 28.34 ] [L0 ] [L1 ]
*** TRAIL_R numBytesInNALunit: 1279409
POC  235 TId: 0 ( I-SLICE, QP 26 )   10235272 bits [Y 99.9900 dB    U 99.9900 dB    V 99.9900 dB] [ET 28.23 ] [L0 ] [L1 ]
*** TRAIL_R numBytesInNALunit: 1280208
POC  236 TId: 0 ( I-SLICE, QP 26 )   10241664 bits [Y 99.9900 dB    U 99.9900 dB    V 99.9900 dB] [ET 27.77 ] [L0 ] [L1 ]
*** TRAIL_R numBytesInNALunit: 1279814
POC  237 TId: 0 ( I-SLICE, QP 26 )   10238512 bits [Y 99.9900 dB    U 99.9900 dB    V 99.9900 dB] [ET 26.58 ] [L0 ] [L1 ]
*** TRAIL_R numBytesInNALunit: 1279800
POC  238 TId: 0 ( I-SLICE, QP 26 )   10238400 bits [Y 99.9900 dB    U 99.9900 dB    V 99.9900 dB] [ET 26.56 ] [L0 ] [L1 ]
*** TRAIL_R numBytesInNALunit: 1280560
POC  239 TId: 0 ( I-SLICE, QP 26 )   10244480 bits [Y 99.9900 dB    U 99.9900 dB    V 99.9900 dB] [ET 26.86 ] [L0 ] [L1 ]


I Slices--------------------------------------------------------
	Total Frames |  Bitrate    Y-PSNR    U-PSNR    V-PSNR 
	      240    i 239616.1688   99.9900   99.9900   99.9900
Bytes written to file: 299521182 (239616.946 kbps)
Bytes for SPS/PPS/Slice (Incl. Annex B): 299521182 (239616.946 kbps)

 Total Time:     8090.547 sec.
