
HM software: Encoder Version [15.0][Linux][GCC 4.8.5][64 bit] 

Input          File          : ../../HEVC_test_sequence/ClassD/BasketballPass_416x240_50.yuv
Bitstream      File          : BasketballPass.bin
Reconstruction File          : BasketballPass.yuv
Real     Format              : 416x240 50Hz
Internal Format              : 416x240 50Hz
Frame/Field                  : Frame based coding
Frame index                  : 0 - 99 (100 frames)
CU size / depth              : 64 / 4
RQT trans. size (min / max)  : 4 / 32
Max RQT depth inter          : 3
Max RQT depth intra          : 3
Min PCM size                 : 8
Motion search range          : 64
Intra period                 : 1
Decoding refresh type        : 0
QP                           : 26.00
Max dQP signaling depth      : 0
Cb QP Offset                 : 0
Cr QP Offset                 : 0
QP adaptation                : 0 (range=0)
GOP size                     : 1
Internal bit depth           : (Y:8, C:8)
PCM sample bit depth         : (Y:8, C:8)
RateControl                  : 0
Max Num Merge Candidates     : 5

TOOL CFG: IBD:0 HAD:0 RDQ:0 RDQTS:0 RDpenalty:0 SQP:0 ASR:0 FEN:0 ECU:0 FDM:0 CFM:0 ESD:0 RQT:1 TransformSkip:0 TransformSkipFast:0 Slice: M=0 SliceSegment: M=0 CIP:0 SAO:0 PCM:0 TransQuantBypassEnabled: =1 WPP:0 WPB:0 PME:2  WaveFrontSynchro:0 WaveFrontSubstreams:1 ScalingList:0 TMVPMode:1 AQpS:0 SignBitHidingFlag:1 RecalQP:0

POC    0 TId: 0 ( I-SLICE, nQP 26 QP 26 )     511144 bits [Y 99.9900 dB    U 99.9900 dB    V 99.9900 dB] [ET     1 ] [L0 ] [L1 ]
POC    1 TId: 0 ( I-SLICE, nQP 26 QP 26 )     511920 bits [Y 99.9900 dB    U 99.9900 dB    V 99.9900 dB] [ET     1 ] [L0 ] [L1 ]
POC    2 TId: 0 ( I-SLICE, nQP 26 QP 26 )     511496 bits [Y 99.9900 dB    U 99.9900 dB    V 99.9900 dB] [ET     1 ] [L0 ] [L1 ]
POC    3 TId: 0 ( I-SLICE, nQP 26 QP 26 )     510888 bits [Y 99.9900 dB    U 99.9900 dB    V 99.9900 dB] [ET     1 ] [L0 ] [L1 ]
POC    4 TId: 0 ( I-SLICE, nQP 26 QP 26 )     509536 bits [Y 99.9900 dB    U 99.9900 dB    V 99.9900 dB] [ET     1 ] [L0 ] [L1 ]
POC    5 TId: 0 ( I-SLICE, nQP 26 QP 26 )     509152 bits [Y 99.9900 dB    U 99.9900 dB    V 99.9900 dB] [ET     1 ] [L0 ] [L1 ]
POC    6 TId: 0 ( I-SLICE, nQP 26 QP 26 )     507360 bits [Y 99.9900 dB    U 99.9900 dB    V 99.9900 dB] [ET     1 ] [L0 ] [L1 ]
POC    7 TId: 0 ( I-SLICE, nQP 26 QP 26 )     506584 bits [Y 99.9900 dB    U 99.9900 dB    V 99.9900 dB] [ET     1 ] [L0 ] [L1 ]
POC    8 TId: 0 ( I-SLICE, nQP 26 QP 26 )     504664 bits [Y 99.9900 dB    U 99.9900 dB    V 99.9900 dB] [ET     1 ] [L0 ] [L1 ]
POC    9 TId: 0 ( I-SLICE, nQP 26 QP 26 )     502448 bits [Y 99.9900 dB    U 99.9900 dB    V 99.9900 dB] [ET     1 ] [L0 ] [L1 ]
POC   10 TId: 0 ( I-SLICE, nQP 26 QP 26 )     501152 bits [Y 99.9900 dB    U 99.9900 dB    V 99.9900 dB] [ET     1 ] [L0 ] [L1 ]
POC   11 TId: 0 ( I-SLICE, nQP 26 QP 26 )     501640 bits [Y 99.9900 dB    U 99.9900 dB    V 99.9900 dB] [ET     1 ] [L0 ] [L1 ]
POC   12 TId: 0 ( I-SLICE, nQP 26 QP 26 )     502584 bits [Y 99.9900 dB    U 99.9900 dB    V 99.9900 dB] [ET     1 ] [L0 ] [L1 ]
POC   13 TId: 0 ( I-SLICE, nQP 26 QP 26 )     503312 bits [Y 99.9900 dB    U 99.9900 dB    V 99.9900 dB] [ET     1 ] [L0 ] [L1 ]
POC   14 TId: 0 ( I-SLICE, nQP 26 QP 26 )     503936 bits [Y 99.9900 dB    U 99.9900 dB    V 99.9900 dB] [ET     1 ] [L0 ] [L1 ]
POC   15 TId: 0 ( I-SLICE, nQP 26 QP 26 )     501808 bits [Y 99.9900 dB    U 99.9900 dB    V 99.9900 dB] [ET     1 ] [L0 ] [L1 ]
POC   16 TId: 0 ( I-SLICE, nQP 26 QP 26 )     503512 bits [Y 99.9900 dB    U 99.9900 dB    V 99.9900 dB] [ET     1 ] [L0 ] [L1 ]
POC   17 TId: 0 ( I-SLICE, nQP 26 QP 26 )     503672 bits [Y 99.9900 dB    U 99.9900 dB    V 99.9900 dB] [ET     1 ] [L0 ] [L1 ]
POC   18 TId: 0 ( I-SLICE, nQP 26 QP 26 )     503376 bits [Y 99.9900 dB    U 99.9900 dB    V 99.9900 dB] [ET     1 ] [L0 ] [L1 ]
POC   19 TId: 0 ( I-SLICE, nQP 26 QP 26 )     503456 bits [Y 99.9900 dB    U 99.9900 dB    V 99.9900 dB] [ET     1 ] [L0 ] [L1 ]
POC   20 TId: 0 ( I-SLICE, nQP 26 QP 26 )     503416 bits [Y 99.9900 dB    U 99.9900 dB    V 99.9900 dB] [ET     1 ] [L0 ] [L1 ]
POC   21 TId: 0 ( I-SLICE, nQP 26 QP 26 )     503456 bits [Y 99.9900 dB    U 99.9900 dB    V 99.9900 dB] [ET     1 ] [L0 ] [L1 ]
POC   22 TId: 0 ( I-SLICE, nQP 26 QP 26 )     502856 bits [Y 99.9900 dB    U 99.9900 dB    V 99.9900 dB] [ET     1 ] [L0 ] [L1 ]
POC   23 TId: 0 ( I-SLICE, nQP 26 QP 26 )     504504 bits [Y 99.9900 dB    U 99.9900 dB    V 99.9900 dB] [ET     1 ] [L0 ] [L1 ]
POC   24 TId: 0 ( I-SLICE, nQP 26 QP 26 )     502712 bits [Y 99.9900 dB    U 99.9900 dB    V 99.9900 dB] [ET     1 ] [L0 ] [L1 ]
POC   25 TId: 0 ( I-SLICE, nQP 26 QP 26 )     502944 bits [Y 99.9900 dB    U 99.9900 dB    V 99.9900 dB] [ET     1 ] [L0 ] [L1 ]
POC   26 TId: 0 ( I-SLICE, nQP 26 QP 26 )     501920 bits [Y 99.9900 dB    U 99.9900 dB    V 99.9900 dB] [ET     1 ] [L0 ] [L1 ]
POC   27 TId: 0 ( I-SLICE, nQP 26 QP 26 )     503600 bits [Y 99.9900 dB    U 99.9900 dB    V 99.9900 dB] [ET     1 ] [L0 ] [L1 ]
POC   28 TId: 0 ( I-SLICE, nQP 26 QP 26 )     501608 bits [Y 99.9900 dB    U 99.9900 dB    V 99.9900 dB] [ET     1 ] [L0 ] [L1 ]
POC   29 TId: 0 ( I-SLICE, nQP 26 QP 26 )     502112 bits [Y 99.9900 dB    U 99.9900 dB    V 99.9900 dB] [ET     1 ] [L0 ] [L1 ]
POC   30 TId: 0 ( I-SLICE, nQP 26 QP 26 )     502496 bits [Y 99.9900 dB    U 99.9900 dB    V 99.9900 dB] [ET     1 ] [L0 ] [L1 ]
POC   31 TId: 0 ( I-SLICE, nQP 26 QP 26 )     501344 bits [Y 99.9900 dB    U 99.9900 dB    V 99.9900 dB] [ET     1 ] [L0 ] [L1 ]
POC   32 TId: 0 ( I-SLICE, nQP 26 QP 26 )     500424 bits [Y 99.9900 dB    U 99.9900 dB    V 99.9900 dB] [ET     1 ] [L0 ] [L1 ]
POC   33 TId: 0 ( I-SLICE, nQP 26 QP 26 )     500424 bits [Y 99.9900 dB    U 99.9900 dB    V 99.9900 dB] [ET     1 ] [L0 ] [L1 ]
POC   34 TId: 0 ( I-SLICE, nQP 26 QP 26 )     499880 bits [Y 99.9900 dB    U 99.9900 dB    V 99.9900 dB] [ET     1 ] [L0 ] [L1 ]
POC   35 TId: 0 ( I-SLICE, nQP 26 QP 26 )     498384 bits [Y 99.9900 dB    U 99.9900 dB    V 99.9900 dB] [ET     1 ] [L0 ] [L1 ]
POC   36 TId: 0 ( I-SLICE, nQP 26 QP 26 )     498256 bits [Y 99.9900 dB    U 99.9900 dB    V 99.9900 dB] [ET     1 ] [L0 ] [L1 ]
POC   37 TId: 0 ( I-SLICE, nQP 26 QP 26 )     501264 bits [Y 99.9900 dB    U 99.9900 dB    V 99.9900 dB] [ET     1 ] [L0 ] [L1 ]
POC   38 TId: 0 ( I-SLICE, nQP 26 QP 26 )     500976 bits [Y 99.9900 dB    U 99.9900 dB    V 99.9900 dB] [ET     1 ] [L0 ] [L1 ]
POC   39 TId: 0 ( I-SLICE, nQP 26 QP 26 )     500464 bits [Y 99.9900 dB    U 99.9900 dB    V 99.9900 dB] [ET     1 ] [L0 ] [L1 ]
POC   40 TId: 0 ( I-SLICE, nQP 26 QP 26 )     499248 bits [Y 99.9900 dB    U 99.9900 dB    V 99.9900 dB] [ET     1 ] [L0 ] [L1 ]
POC   41 TId: 0 ( I-SLICE, nQP 26 QP 26 )     499656 bits [Y 99.9900 dB    U 99.9900 dB    V 99.9900 dB] [ET     1 ] [L0 ] [L1 ]
POC   42 TId: 0 ( I-SLICE, nQP 26 QP 26 )     497984 bits [Y 99.9900 dB    U 99.9900 dB    V 99.9900 dB] [ET     1 ] [L0 ] [L1 ]
POC   43 TId: 0 ( I-SLICE, nQP 26 QP 26 )     497352 bits [Y 99.9900 dB    U 99.9900 dB    V 99.9900 dB] [ET     1 ] [L0 ] [L1 ]
POC   44 TId: 0 ( I-SLICE, nQP 26 QP 26 )     498256 bits [Y 99.9900 dB    U 99.9900 dB    V 99.9900 dB] [ET     1 ] [L0 ] [L1 ]
POC   45 TId: 0 ( I-SLICE, nQP 26 QP 26 )     497272 bits [Y 99.9900 dB    U 99.9900 dB    V 99.9900 dB] [ET     1 ] [L0 ] [L1 ]
POC   46 TId: 0 ( I-SLICE, nQP 26 QP 26 )     496768 bits [Y 99.9900 dB    U 99.9900 dB    V 99.9900 dB] [ET     1 ] [L0 ] [L1 ]
POC   47 TId: 0 ( I-SLICE, nQP 26 QP 26 )     494064 bits [Y 99.9900 dB    U 99.9900 dB    V 99.9900 dB] [ET     1 ] [L0 ] [L1 ]
POC   48 TId: 0 ( I-SLICE, nQP 26 QP 26 )     488424 bits [Y 99.9900 dB    U 99.9900 dB    V 99.9900 dB] [ET     1 ] [L0 ] [L1 ]
POC   49 TId: 0 ( I-SLICE, nQP 26 QP 26 )     480928 bits [Y 99.9900 dB    U 99.9900 dB    V 99.9900 dB] [ET     1 ] [L0 ] [L1 ]
POC   50 TId: 0 ( I-SLICE, nQP 26 QP 26 )     474824 bits [Y 99.9900 dB    U 99.9900 dB    V 99.9900 dB] [ET     1 ] [L0 ] [L1 ]
POC   51 TId: 0 ( I-SLICE, nQP 26 QP 26 )     468544 bits [Y 99.9900 dB    U 99.9900 dB    V 99.9900 dB] [ET     1 ] [L0 ] [L1 ]
POC   52 TId: 0 ( I-SLICE, nQP 26 QP 26 )     460288 bits [Y 99.9900 dB    U 99.9900 dB    V 99.9900 dB] [ET     1 ] [L0 ] [L1 ]
POC   53 TId: 0 ( I-SLICE, nQP 26 QP 26 )     450408 bits [Y 99.9900 dB    U 99.9900 dB    V 99.9900 dB] [ET     1 ] [L0 ] [L1 ]
POC   54 TId: 0 ( I-SLICE, nQP 26 QP 26 )     443584 bits [Y 99.9900 dB    U 99.9900 dB    V 99.9900 dB] [ET     1 ] [L0 ] [L1 ]
POC   55 TId: 0 ( I-SLICE, nQP 26 QP 26 )     438056 bits [Y 99.9900 dB    U 99.9900 dB    V 99.9900 dB] [ET     1 ] [L0 ] [L1 ]
POC   56 TId: 0 ( I-SLICE, nQP 26 QP 26 )     432208 bits [Y 99.9900 dB    U 99.9900 dB    V 99.9900 dB] [ET     1 ] [L0 ] [L1 ]
POC   57 TId: 0 ( I-SLICE, nQP 26 QP 26 )     424072 bits [Y 99.9900 dB    U 99.9900 dB    V 99.9900 dB] [ET     1 ] [L0 ] [L1 ]
POC   58 TId: 0 ( I-SLICE, nQP 26 QP 26 )     416320 bits [Y 99.9900 dB    U 99.9900 dB    V 99.9900 dB] [ET     1 ] [L0 ] [L1 ]
POC   59 TId: 0 ( I-SLICE, nQP 26 QP 26 )     409096 bits [Y 99.9900 dB    U 99.9900 dB    V 99.9900 dB] [ET     1 ] [L0 ] [L1 ]
POC   60 TId: 0 ( I-SLICE, nQP 26 QP 26 )     405368 bits [Y 99.9900 dB    U 99.9900 dB    V 99.9900 dB] [ET     1 ] [L0 ] [L1 ]
POC   61 TId: 0 ( I-SLICE, nQP 26 QP 26 )     400872 bits [Y 99.9900 dB    U 99.9900 dB    V 99.9900 dB] [ET     1 ] [L0 ] [L1 ]
POC   62 TId: 0 ( I-SLICE, nQP 26 QP 26 )     398672 bits [Y 99.9900 dB    U 99.9900 dB    V 99.9900 dB] [ET     1 ] [L0 ] [L1 ]
POC   63 TId: 0 ( I-SLICE, nQP 26 QP 26 )     397544 bits [Y 99.9900 dB    U 99.9900 dB    V 99.9900 dB] [ET     1 ] [L0 ] [L1 ]
POC   64 TId: 0 ( I-SLICE, nQP 26 QP 26 )     397920 bits [Y 99.9900 dB    U 99.9900 dB    V 99.9900 dB] [ET     1 ] [L0 ] [L1 ]
POC   65 TId: 0 ( I-SLICE, nQP 26 QP 26 )     401376 bits [Y 99.9900 dB    U 99.9900 dB    V 99.9900 dB] [ET     1 ] [L0 ] [L1 ]
POC   66 TId: 0 ( I-SLICE, nQP 26 QP 26 )     406096 bits [Y 99.9900 dB    U 99.9900 dB    V 99.9900 dB] [ET     1 ] [L0 ] [L1 ]
POC   67 TId: 0 ( I-SLICE, nQP 26 QP 26 )     409648 bits [Y 99.9900 dB    U 99.9900 dB    V 99.9900 dB] [ET     1 ] [L0 ] [L1 ]
POC   68 TId: 0 ( I-SLICE, nQP 26 QP 26 )     410544 bits [Y 99.9900 dB    U 99.9900 dB    V 99.9900 dB] [ET     1 ] [L0 ] [L1 ]
POC   69 TId: 0 ( I-SLICE, nQP 26 QP 26 )     412072 bits [Y 99.9900 dB    U 99.9900 dB    V 99.9900 dB] [ET     1 ] [L0 ] [L1 ]
POC   70 TId: 0 ( I-SLICE, nQP 26 QP 26 )     415960 bits [Y 99.9900 dB    U 99.9900 dB    V 99.9900 dB] [ET     1 ] [L0 ] [L1 ]
POC   71 TId: 0 ( I-SLICE, nQP 26 QP 26 )     419840 bits [Y 99.9900 dB    U 99.9900 dB    V 99.9900 dB] [ET     1 ] [L0 ] [L1 ]
POC   72 TId: 0 ( I-SLICE, nQP 26 QP 26 )     429016 bits [Y 99.9900 dB    U 99.9900 dB    V 99.9900 dB] [ET     1 ] [L0 ] [L1 ]
POC   73 TId: 0 ( I-SLICE, nQP 26 QP 26 )     438144 bits [Y 99.9900 dB    U 99.9900 dB    V 99.9900 dB] [ET     1 ] [L0 ] [L1 ]
POC   74 TId: 0 ( I-SLICE, nQP 26 QP 26 )     449696 bits [Y 99.9900 dB    U 99.9900 dB    V 99.9900 dB] [ET     1 ] [L0 ] [L1 ]
POC   75 TId: 0 ( I-SLICE, nQP 26 QP 26 )     460912 bits [Y 99.9900 dB    U 99.9900 dB    V 99.9900 dB] [ET     1 ] [L0 ] [L1 ]
POC   76 TId: 0 ( I-SLICE, nQP 26 QP 26 )     472528 bits [Y 99.9900 dB    U 99.9900 dB    V 99.9900 dB] [ET     1 ] [L0 ] [L1 ]
POC   77 TId: 0 ( I-SLICE, nQP 26 QP 26 )     486160 bits [Y 99.9900 dB    U 99.9900 dB    V 99.9900 dB] [ET     1 ] [L0 ] [L1 ]
POC   78 TId: 0 ( I-SLICE, nQP 26 QP 26 )     497480 bits [Y 99.9900 dB    U 99.9900 dB    V 99.9900 dB] [ET     1 ] [L0 ] [L1 ]
POC   79 TId: 0 ( I-SLICE, nQP 26 QP 26 )     506312 bits [Y 99.9900 dB    U 99.9900 dB    V 99.9900 dB] [ET     1 ] [L0 ] [L1 ]
POC   80 TId: 0 ( I-SLICE, nQP 26 QP 26 )     512248 bits [Y 99.9900 dB    U 99.9900 dB    V 99.9900 dB] [ET     1 ] [L0 ] [L1 ]
POC   81 TId: 0 ( I-SLICE, nQP 26 QP 26 )     515384 bits [Y 99.9900 dB    U 99.9900 dB    V 99.9900 dB] [ET     1 ] [L0 ] [L1 ]
POC   82 TId: 0 ( I-SLICE, nQP 26 QP 26 )     517984 bits [Y 99.9900 dB    U 99.9900 dB    V 99.9900 dB] [ET     1 ] [L0 ] [L1 ]
POC   83 TId: 0 ( I-SLICE, nQP 26 QP 26 )     519520 bits [Y 99.9900 dB    U 99.9900 dB    V 99.9900 dB] [ET     1 ] [L0 ] [L1 ]
POC   84 TId: 0 ( I-SLICE, nQP 26 QP 26 )     519176 bits [Y 99.9900 dB    U 99.9900 dB    V 99.9900 dB] [ET     1 ] [L0 ] [L1 ]
POC   85 TId: 0 ( I-SLICE, nQP 26 QP 26 )     517896 bits [Y 99.9900 dB    U 99.9900 dB    V 99.9900 dB] [ET     1 ] [L0 ] [L1 ]
POC   86 TId: 0 ( I-SLICE, nQP 26 QP 26 )     519656 bits [Y 99.9900 dB    U 99.9900 dB    V 99.9900 dB] [ET     1 ] [L0 ] [L1 ]
POC   87 TId: 0 ( I-SLICE, nQP 26 QP 26 )     518784 bits [Y 99.9900 dB    U 99.9900 dB    V 99.9900 dB] [ET     1 ] [L0 ] [L1 ]
POC   88 TId: 0 ( I-SLICE, nQP 26 QP 26 )     517272 bits [Y 99.9900 dB    U 99.9900 dB    V 99.9900 dB] [ET     1 ] [L0 ] [L1 ]
POC   89 TId: 0 ( I-SLICE, nQP 26 QP 26 )     516040 bits [Y 99.9900 dB    U 99.9900 dB    V 99.9900 dB] [ET     1 ] [L0 ] [L1 ]
POC   90 TId: 0 ( I-SLICE, nQP 26 QP 26 )     512312 bits [Y 99.9900 dB    U 99.9900 dB    V 99.9900 dB] [ET     1 ] [L0 ] [L1 ]
POC   91 TId: 0 ( I-SLICE, nQP 26 QP 26 )     510392 bits [Y 99.9900 dB    U 99.9900 dB    V 99.9900 dB] [ET     1 ] [L0 ] [L1 ]
POC   92 TId: 0 ( I-SLICE, nQP 26 QP 26 )     510272 bits [Y 99.9900 dB    U 99.9900 dB    V 99.9900 dB] [ET     1 ] [L0 ] [L1 ]
POC   93 TId: 0 ( I-SLICE, nQP 26 QP 26 )     508808 bits [Y 99.9900 dB    U 99.9900 dB    V 99.9900 dB] [ET     1 ] [L0 ] [L1 ]
POC   94 TId: 0 ( I-SLICE, nQP 26 QP 26 )     509208 bits [Y 99.9900 dB    U 99.9900 dB    V 99.9900 dB] [ET     1 ] [L0 ] [L1 ]
POC   95 TId: 0 ( I-SLICE, nQP 26 QP 26 )     507224 bits [Y 99.9900 dB    U 99.9900 dB    V 99.9900 dB] [ET     1 ] [L0 ] [L1 ]
POC   96 TId: 0 ( I-SLICE, nQP 26 QP 26 )     507368 bits [Y 99.9900 dB    U 99.9900 dB    V 99.9900 dB] [ET     1 ] [L0 ] [L1 ]
POC   97 TId: 0 ( I-SLICE, nQP 26 QP 26 )     506544 bits [Y 99.9900 dB    U 99.9900 dB    V 99.9900 dB] [ET     1 ] [L0 ] [L1 ]
POC   98 TId: 0 ( I-SLICE, nQP 26 QP 26 )     501568 bits [Y 99.9900 dB    U 99.9900 dB    V 99.9900 dB] [ET     1 ] [L0 ] [L1 ]
POC   99 TId: 0 ( I-SLICE, nQP 26 QP 26 )     494400 bits [Y 99.9900 dB    U 99.9900 dB    V 99.9900 dB] [ET     1 ] [L0 ] [L1 ]


SUMMARY --------------------------------------------------------
	Total Frames |  Bitrate    Y-PSNR    U-PSNR    V-PSNR 
	      100    a  24186.1240   99.9900   99.9900   99.9900


I Slices--------------------------------------------------------
	Total Frames |  Bitrate    Y-PSNR    U-PSNR    V-PSNR 
	      100    i  24186.1240   99.9900   99.9900   99.9900


P Slices--------------------------------------------------------
	Total Frames |  Bitrate    Y-PSNR    U-PSNR    V-PSNR 
	        0    p        -nan      -nan      -nan      -nan


B Slices--------------------------------------------------------
	Total Frames |  Bitrate    Y-PSNR    U-PSNR    V-PSNR 
	        0    b        -nan      -nan      -nan      -nan

RVM: 0.000
Bytes written to file: 6046942 (24187.768 kbps)

 Total Time:       82.219 sec.
