
HM software: Encoder Version [15.0][Linux][GCC 4.8.5][64 bit] 

Input          File          : ../../HEVC_test_sequence/ClassF/BasketballDrillText_832x480_50.yuv
Bitstream      File          : BasketballDrillText.bin
Reconstruction File          : BasketballDrillText.yuv
Real     Format              : 832x480 50Hz
Internal Format              : 832x480 50Hz
Frame/Field                  : Frame based coding
Frame index                  : 0 - 99 (100 frames)
CU size / depth              : 64 / 4
RQT trans. size (min / max)  : 4 / 32
Max RQT depth inter          : 3
Max RQT depth intra          : 3
Min PCM size                 : 8
Motion search range          : 64
Intra period                 : 1
Decoding refresh type        : 0
QP                           : 26.00
Max dQP signaling depth      : 0
Cb QP Offset                 : 0
Cr QP Offset                 : 0
QP adaptation                : 0 (range=0)
GOP size                     : 1
Internal bit depth           : (Y:8, C:8)
PCM sample bit depth         : (Y:8, C:8)
RateControl                  : 0
Max Num Merge Candidates     : 5

TOOL CFG: IBD:0 HAD:0 RDQ:0 RDQTS:0 RDpenalty:0 SQP:0 ASR:0 FEN:0 ECU:0 FDM:0 CFM:0 ESD:0 RQT:1 TransformSkip:0 TransformSkipFast:0 Slice: M=0 SliceSegment: M=0 CIP:0 SAO:0 PCM:0 TransQuantBypassEnabled: =1 WPP:0 WPB:0 PME:2  WaveFrontSynchro:0 WaveFrontSubstreams:1 ScalingList:0 TMVPMode:1 AQpS:0 SignBitHidingFlag:1 RecalQP:0

POC    0 TId: 0 ( I-SLICE, nQP 26 QP 26 )    2111776 bits [Y 99.9900 dB    U 99.9900 dB    V 99.9900 dB] [ET     4 ] [L0 ] [L1 ]
POC    1 TId: 0 ( I-SLICE, nQP 26 QP 26 )    2111400 bits [Y 99.9900 dB    U 99.9900 dB    V 99.9900 dB] [ET     3 ] [L0 ] [L1 ]
POC    2 TId: 0 ( I-SLICE, nQP 26 QP 26 )    2111304 bits [Y 99.9900 dB    U 99.9900 dB    V 99.9900 dB] [ET     3 ] [L0 ] [L1 ]
POC    3 TId: 0 ( I-SLICE, nQP 26 QP 26 )    2106944 bits [Y 99.9900 dB    U 99.9900 dB    V 99.9900 dB] [ET     3 ] [L0 ] [L1 ]
POC    4 TId: 0 ( I-SLICE, nQP 26 QP 26 )    2107960 bits [Y 99.9900 dB    U 99.9900 dB    V 99.9900 dB] [ET     3 ] [L0 ] [L1 ]
POC    5 TId: 0 ( I-SLICE, nQP 26 QP 26 )    2103280 bits [Y 99.9900 dB    U 99.9900 dB    V 99.9900 dB] [ET     3 ] [L0 ] [L1 ]
POC    6 TId: 0 ( I-SLICE, nQP 26 QP 26 )    2101848 bits [Y 99.9900 dB    U 99.9900 dB    V 99.9900 dB] [ET     4 ] [L0 ] [L1 ]
POC    7 TId: 0 ( I-SLICE, nQP 26 QP 26 )    2103408 bits [Y 99.9900 dB    U 99.9900 dB    V 99.9900 dB] [ET     4 ] [L0 ] [L1 ]
POC    8 TId: 0 ( I-SLICE, nQP 26 QP 26 )    2106672 bits [Y 99.9900 dB    U 99.9900 dB    V 99.9900 dB] [ET     3 ] [L0 ] [L1 ]
POC    9 TId: 0 ( I-SLICE, nQP 26 QP 26 )    2090480 bits [Y 99.9900 dB    U 99.9900 dB    V 99.9900 dB] [ET     4 ] [L0 ] [L1 ]
POC   10 TId: 0 ( I-SLICE, nQP 26 QP 26 )    2110288 bits [Y 99.9900 dB    U 99.9900 dB    V 99.9900 dB] [ET     3 ] [L0 ] [L1 ]
POC   11 TId: 0 ( I-SLICE, nQP 26 QP 26 )    2104584 bits [Y 99.9900 dB    U 99.9900 dB    V 99.9900 dB] [ET     3 ] [L0 ] [L1 ]
POC   12 TId: 0 ( I-SLICE, nQP 26 QP 26 )    2118744 bits [Y 99.9900 dB    U 99.9900 dB    V 99.9900 dB] [ET     4 ] [L0 ] [L1 ]
POC   13 TId: 0 ( I-SLICE, nQP 26 QP 26 )    2117752 bits [Y 99.9900 dB    U 99.9900 dB    V 99.9900 dB] [ET     3 ] [L0 ] [L1 ]
POC   14 TId: 0 ( I-SLICE, nQP 26 QP 26 )    2122888 bits [Y 99.9900 dB    U 99.9900 dB    V 99.9900 dB] [ET     3 ] [L0 ] [L1 ]
POC   15 TId: 0 ( I-SLICE, nQP 26 QP 26 )    2128000 bits [Y 99.9900 dB    U 99.9900 dB    V 99.9900 dB] [ET     4 ] [L0 ] [L1 ]
POC   16 TId: 0 ( I-SLICE, nQP 26 QP 26 )    2127000 bits [Y 99.9900 dB    U 99.9900 dB    V 99.9900 dB] [ET     4 ] [L0 ] [L1 ]
POC   17 TId: 0 ( I-SLICE, nQP 26 QP 26 )    2137720 bits [Y 99.9900 dB    U 99.9900 dB    V 99.9900 dB] [ET     3 ] [L0 ] [L1 ]
POC   18 TId: 0 ( I-SLICE, nQP 26 QP 26 )    2131376 bits [Y 99.9900 dB    U 99.9900 dB    V 99.9900 dB] [ET     4 ] [L0 ] [L1 ]
POC   19 TId: 0 ( I-SLICE, nQP 26 QP 26 )    2133344 bits [Y 99.9900 dB    U 99.9900 dB    V 99.9900 dB] [ET     4 ] [L0 ] [L1 ]
POC   20 TId: 0 ( I-SLICE, nQP 26 QP 26 )    2130656 bits [Y 99.9900 dB    U 99.9900 dB    V 99.9900 dB] [ET     3 ] [L0 ] [L1 ]
POC   21 TId: 0 ( I-SLICE, nQP 26 QP 26 )    2133336 bits [Y 99.9900 dB    U 99.9900 dB    V 99.9900 dB] [ET     4 ] [L0 ] [L1 ]
POC   22 TId: 0 ( I-SLICE, nQP 26 QP 26 )    2136912 bits [Y 99.9900 dB    U 99.9900 dB    V 99.9900 dB] [ET     3 ] [L0 ] [L1 ]
POC   23 TId: 0 ( I-SLICE, nQP 26 QP 26 )    2134152 bits [Y 99.9900 dB    U 99.9900 dB    V 99.9900 dB] [ET     4 ] [L0 ] [L1 ]
POC   24 TId: 0 ( I-SLICE, nQP 26 QP 26 )    2135936 bits [Y 99.9900 dB    U 99.9900 dB    V 99.9900 dB] [ET     3 ] [L0 ] [L1 ]
POC   25 TId: 0 ( I-SLICE, nQP 26 QP 26 )    2136368 bits [Y 99.9900 dB    U 99.9900 dB    V 99.9900 dB] [ET     4 ] [L0 ] [L1 ]
POC   26 TId: 0 ( I-SLICE, nQP 26 QP 26 )    2139360 bits [Y 99.9900 dB    U 99.9900 dB    V 99.9900 dB] [ET     4 ] [L0 ] [L1 ]
POC   27 TId: 0 ( I-SLICE, nQP 26 QP 26 )    2136224 bits [Y 99.9900 dB    U 99.9900 dB    V 99.9900 dB] [ET     4 ] [L0 ] [L1 ]
POC   28 TId: 0 ( I-SLICE, nQP 26 QP 26 )    2135768 bits [Y 99.9900 dB    U 99.9900 dB    V 99.9900 dB] [ET     4 ] [L0 ] [L1 ]
POC   29 TId: 0 ( I-SLICE, nQP 26 QP 26 )    2124864 bits [Y 99.9900 dB    U 99.9900 dB    V 99.9900 dB] [ET     4 ] [L0 ] [L1 ]
POC   30 TId: 0 ( I-SLICE, nQP 26 QP 26 )    2119704 bits [Y 99.9900 dB    U 99.9900 dB    V 99.9900 dB] [ET     4 ] [L0 ] [L1 ]
POC   31 TId: 0 ( I-SLICE, nQP 26 QP 26 )    2118672 bits [Y 99.9900 dB    U 99.9900 dB    V 99.9900 dB] [ET     3 ] [L0 ] [L1 ]
POC   32 TId: 0 ( I-SLICE, nQP 26 QP 26 )    2124008 bits [Y 99.9900 dB    U 99.9900 dB    V 99.9900 dB] [ET     3 ] [L0 ] [L1 ]
POC   33 TId: 0 ( I-SLICE, nQP 26 QP 26 )    2132752 bits [Y 99.9900 dB    U 99.9900 dB    V 99.9900 dB] [ET     3 ] [L0 ] [L1 ]
POC   34 TId: 0 ( I-SLICE, nQP 26 QP 26 )    2128056 bits [Y 99.9900 dB    U 99.9900 dB    V 99.9900 dB] [ET     4 ] [L0 ] [L1 ]
POC   35 TId: 0 ( I-SLICE, nQP 26 QP 26 )    2118936 bits [Y 99.9900 dB    U 99.9900 dB    V 99.9900 dB] [ET     3 ] [L0 ] [L1 ]
POC   36 TId: 0 ( I-SLICE, nQP 26 QP 26 )    2107928 bits [Y 99.9900 dB    U 99.9900 dB    V 99.9900 dB] [ET     3 ] [L0 ] [L1 ]
POC   37 TId: 0 ( I-SLICE, nQP 26 QP 26 )    2098016 bits [Y 99.9900 dB    U 99.9900 dB    V 99.9900 dB] [ET     3 ] [L0 ] [L1 ]
POC   38 TId: 0 ( I-SLICE, nQP 26 QP 26 )    2094304 bits [Y 99.9900 dB    U 99.9900 dB    V 99.9900 dB] [ET     4 ] [L0 ] [L1 ]
POC   39 TId: 0 ( I-SLICE, nQP 26 QP 26 )    2106920 bits [Y 99.9900 dB    U 99.9900 dB    V 99.9900 dB] [ET     4 ] [L0 ] [L1 ]
POC   40 TId: 0 ( I-SLICE, nQP 26 QP 26 )    2113320 bits [Y 99.9900 dB    U 99.9900 dB    V 99.9900 dB] [ET     4 ] [L0 ] [L1 ]
POC   41 TId: 0 ( I-SLICE, nQP 26 QP 26 )    2122488 bits [Y 99.9900 dB    U 99.9900 dB    V 99.9900 dB] [ET     3 ] [L0 ] [L1 ]
POC   42 TId: 0 ( I-SLICE, nQP 26 QP 26 )    2127280 bits [Y 99.9900 dB    U 99.9900 dB    V 99.9900 dB] [ET     3 ] [L0 ] [L1 ]
POC   43 TId: 0 ( I-SLICE, nQP 26 QP 26 )    2125456 bits [Y 99.9900 dB    U 99.9900 dB    V 99.9900 dB] [ET     3 ] [L0 ] [L1 ]
POC   44 TId: 0 ( I-SLICE, nQP 26 QP 26 )    2127360 bits [Y 99.9900 dB    U 99.9900 dB    V 99.9900 dB] [ET     4 ] [L0 ] [L1 ]
POC   45 TId: 0 ( I-SLICE, nQP 26 QP 26 )    2130336 bits [Y 99.9900 dB    U 99.9900 dB    V 99.9900 dB] [ET     3 ] [L0 ] [L1 ]
POC   46 TId: 0 ( I-SLICE, nQP 26 QP 26 )    2131320 bits [Y 99.9900 dB    U 99.9900 dB    V 99.9900 dB] [ET     3 ] [L0 ] [L1 ]
POC   47 TId: 0 ( I-SLICE, nQP 26 QP 26 )    2131920 bits [Y 99.9900 dB    U 99.9900 dB    V 99.9900 dB] [ET     3 ] [L0 ] [L1 ]
POC   48 TId: 0 ( I-SLICE, nQP 26 QP 26 )    2136840 bits [Y 99.9900 dB    U 99.9900 dB    V 99.9900 dB] [ET     3 ] [L0 ] [L1 ]
POC   49 TId: 0 ( I-SLICE, nQP 26 QP 26 )    2129288 bits [Y 99.9900 dB    U 99.9900 dB    V 99.9900 dB] [ET     3 ] [L0 ] [L1 ]
POC   50 TId: 0 ( I-SLICE, nQP 26 QP 26 )    2139544 bits [Y 99.9900 dB    U 99.9900 dB    V 99.9900 dB] [ET     4 ] [L0 ] [L1 ]
POC   51 TId: 0 ( I-SLICE, nQP 26 QP 26 )    2135056 bits [Y 99.9900 dB    U 99.9900 dB    V 99.9900 dB] [ET     4 ] [L0 ] [L1 ]
POC   52 TId: 0 ( I-SLICE, nQP 26 QP 26 )    2135176 bits [Y 99.9900 dB    U 99.9900 dB    V 99.9900 dB] [ET     4 ] [L0 ] [L1 ]
POC   53 TId: 0 ( I-SLICE, nQP 26 QP 26 )    2148992 bits [Y 99.9900 dB    U 99.9900 dB    V 99.9900 dB] [ET     3 ] [L0 ] [L1 ]
POC   54 TId: 0 ( I-SLICE, nQP 26 QP 26 )    2143520 bits [Y 99.9900 dB    U 99.9900 dB    V 99.9900 dB] [ET     4 ] [L0 ] [L1 ]
POC   55 TId: 0 ( I-SLICE, nQP 26 QP 26 )    2151456 bits [Y 99.9900 dB    U 99.9900 dB    V 99.9900 dB] [ET     3 ] [L0 ] [L1 ]
POC   56 TId: 0 ( I-SLICE, nQP 26 QP 26 )    2153440 bits [Y 99.9900 dB    U 99.9900 dB    V 99.9900 dB] [ET     3 ] [L0 ] [L1 ]
POC   57 TId: 0 ( I-SLICE, nQP 26 QP 26 )    2145328 bits [Y 99.9900 dB    U 99.9900 dB    V 99.9900 dB] [ET     3 ] [L0 ] [L1 ]
POC   58 TId: 0 ( I-SLICE, nQP 26 QP 26 )    2144928 bits [Y 99.9900 dB    U 99.9900 dB    V 99.9900 dB] [ET     3 ] [L0 ] [L1 ]
POC   59 TId: 0 ( I-SLICE, nQP 26 QP 26 )    2141312 bits [Y 99.9900 dB    U 99.9900 dB    V 99.9900 dB] [ET     3 ] [L0 ] [L1 ]
POC   60 TId: 0 ( I-SLICE, nQP 26 QP 26 )    2139632 bits [Y 99.9900 dB    U 99.9900 dB    V 99.9900 dB] [ET     3 ] [L0 ] [L1 ]
POC   61 TId: 0 ( I-SLICE, nQP 26 QP 26 )    2141952 bits [Y 99.9900 dB    U 99.9900 dB    V 99.9900 dB] [ET     4 ] [L0 ] [L1 ]
POC   62 TId: 0 ( I-SLICE, nQP 26 QP 26 )    2139208 bits [Y 99.9900 dB    U 99.9900 dB    V 99.9900 dB] [ET     4 ] [L0 ] [L1 ]
POC   63 TId: 0 ( I-SLICE, nQP 26 QP 26 )    2141464 bits [Y 99.9900 dB    U 99.9900 dB    V 99.9900 dB] [ET     3 ] [L0 ] [L1 ]
POC   64 TId: 0 ( I-SLICE, nQP 26 QP 26 )    2139752 bits [Y 99.9900 dB    U 99.9900 dB    V 99.9900 dB] [ET     3 ] [L0 ] [L1 ]
POC   65 TId: 0 ( I-SLICE, nQP 26 QP 26 )    2135480 bits [Y 99.9900 dB    U 99.9900 dB    V 99.9900 dB] [ET     4 ] [L0 ] [L1 ]
POC   66 TId: 0 ( I-SLICE, nQP 26 QP 26 )    2134720 bits [Y 99.9900 dB    U 99.9900 dB    V 99.9900 dB] [ET     4 ] [L0 ] [L1 ]
POC   67 TId: 0 ( I-SLICE, nQP 26 QP 26 )    2130648 bits [Y 99.9900 dB    U 99.9900 dB    V 99.9900 dB] [ET     4 ] [L0 ] [L1 ]
POC   68 TId: 0 ( I-SLICE, nQP 26 QP 26 )    2123624 bits [Y 99.9900 dB    U 99.9900 dB    V 99.9900 dB] [ET     3 ] [L0 ] [L1 ]
POC   69 TId: 0 ( I-SLICE, nQP 26 QP 26 )    2120600 bits [Y 99.9900 dB    U 99.9900 dB    V 99.9900 dB] [ET     3 ] [L0 ] [L1 ]
POC   70 TId: 0 ( I-SLICE, nQP 26 QP 26 )    2122976 bits [Y 99.9900 dB    U 99.9900 dB    V 99.9900 dB] [ET     4 ] [L0 ] [L1 ]
POC   71 TId: 0 ( I-SLICE, nQP 26 QP 26 )    2125568 bits [Y 99.9900 dB    U 99.9900 dB    V 99.9900 dB] [ET     4 ] [L0 ] [L1 ]
POC   72 TId: 0 ( I-SLICE, nQP 26 QP 26 )    2132336 bits [Y 99.9900 dB    U 99.9900 dB    V 99.9900 dB] [ET     3 ] [L0 ] [L1 ]
POC   73 TId: 0 ( I-SLICE, nQP 26 QP 26 )    2126008 bits [Y 99.9900 dB    U 99.9900 dB    V 99.9900 dB] [ET     4 ] [L0 ] [L1 ]
POC   74 TId: 0 ( I-SLICE, nQP 26 QP 26 )    2128880 bits [Y 99.9900 dB    U 99.9900 dB    V 99.9900 dB] [ET     3 ] [L0 ] [L1 ]
POC   75 TId: 0 ( I-SLICE, nQP 26 QP 26 )    2121960 bits [Y 99.9900 dB    U 99.9900 dB    V 99.9900 dB] [ET     3 ] [L0 ] [L1 ]
POC   76 TId: 0 ( I-SLICE, nQP 26 QP 26 )    2124656 bits [Y 99.9900 dB    U 99.9900 dB    V 99.9900 dB] [ET     4 ] [L0 ] [L1 ]
POC   77 TId: 0 ( I-SLICE, nQP 26 QP 26 )    2122648 bits [Y 99.9900 dB    U 99.9900 dB    V 99.9900 dB] [ET     4 ] [L0 ] [L1 ]
POC   78 TId: 0 ( I-SLICE, nQP 26 QP 26 )    2115192 bits [Y 99.9900 dB    U 99.9900 dB    V 99.9900 dB] [ET     4 ] [L0 ] [L1 ]
POC   79 TId: 0 ( I-SLICE, nQP 26 QP 26 )    2125592 bits [Y 99.9900 dB    U 99.9900 dB    V 99.9900 dB] [ET     3 ] [L0 ] [L1 ]
POC   80 TId: 0 ( I-SLICE, nQP 26 QP 26 )    2117800 bits [Y 99.9900 dB    U 99.9900 dB    V 99.9900 dB] [ET     4 ] [L0 ] [L1 ]
POC   81 TId: 0 ( I-SLICE, nQP 26 QP 26 )    2118904 bits [Y 99.9900 dB    U 99.9900 dB    V 99.9900 dB] [ET     3 ] [L0 ] [L1 ]
POC   82 TId: 0 ( I-SLICE, nQP 26 QP 26 )    2131336 bits [Y 99.9900 dB    U 99.9900 dB    V 99.9900 dB] [ET     3 ] [L0 ] [L1 ]
POC   83 TId: 0 ( I-SLICE, nQP 26 QP 26 )    2120144 bits [Y 99.9900 dB    U 99.9900 dB    V 99.9900 dB] [ET     4 ] [L0 ] [L1 ]
POC   84 TId: 0 ( I-SLICE, nQP 26 QP 26 )    2131072 bits [Y 99.9900 dB    U 99.9900 dB    V 99.9900 dB] [ET     4 ] [L0 ] [L1 ]
POC   85 TId: 0 ( I-SLICE, nQP 26 QP 26 )    2134496 bits [Y 99.9900 dB    U 99.9900 dB    V 99.9900 dB] [ET     3 ] [L0 ] [L1 ]
POC   86 TId: 0 ( I-SLICE, nQP 26 QP 26 )    2131296 bits [Y 99.9900 dB    U 99.9900 dB    V 99.9900 dB] [ET     4 ] [L0 ] [L1 ]
POC   87 TId: 0 ( I-SLICE, nQP 26 QP 26 )    2134968 bits [Y 99.9900 dB    U 99.9900 dB    V 99.9900 dB] [ET     3 ] [L0 ] [L1 ]
POC   88 TId: 0 ( I-SLICE, nQP 26 QP 26 )    2134184 bits [Y 99.9900 dB    U 99.9900 dB    V 99.9900 dB] [ET     3 ] [L0 ] [L1 ]
POC   89 TId: 0 ( I-SLICE, nQP 26 QP 26 )    2141520 bits [Y 99.9900 dB    U 99.9900 dB    V 99.9900 dB] [ET     3 ] [L0 ] [L1 ]
POC   90 TId: 0 ( I-SLICE, nQP 26 QP 26 )    2146704 bits [Y 99.9900 dB    U 99.9900 dB    V 99.9900 dB] [ET     4 ] [L0 ] [L1 ]
POC   91 TId: 0 ( I-SLICE, nQP 26 QP 26 )    2148192 bits [Y 99.9900 dB    U 99.9900 dB    V 99.9900 dB] [ET     4 ] [L0 ] [L1 ]
POC   92 TId: 0 ( I-SLICE, nQP 26 QP 26 )    2149280 bits [Y 99.9900 dB    U 99.9900 dB    V 99.9900 dB] [ET     4 ] [L0 ] [L1 ]
POC   93 TId: 0 ( I-SLICE, nQP 26 QP 26 )    2148464 bits [Y 99.9900 dB    U 99.9900 dB    V 99.9900 dB] [ET     3 ] [L0 ] [L1 ]
POC   94 TId: 0 ( I-SLICE, nQP 26 QP 26 )    2152664 bits [Y 99.9900 dB    U 99.9900 dB    V 99.9900 dB] [ET     4 ] [L0 ] [L1 ]
POC   95 TId: 0 ( I-SLICE, nQP 26 QP 26 )    2158088 bits [Y 99.9900 dB    U 99.9900 dB    V 99.9900 dB] [ET     4 ] [L0 ] [L1 ]
POC   96 TId: 0 ( I-SLICE, nQP 26 QP 26 )    2158376 bits [Y 99.9900 dB    U 99.9900 dB    V 99.9900 dB] [ET     3 ] [L0 ] [L1 ]
POC   97 TId: 0 ( I-SLICE, nQP 26 QP 26 )    2158616 bits [Y 99.9900 dB    U 99.9900 dB    V 99.9900 dB] [ET     3 ] [L0 ] [L1 ]
POC   98 TId: 0 ( I-SLICE, nQP 26 QP 26 )    2164584 bits [Y 99.9900 dB    U 99.9900 dB    V 99.9900 dB] [ET     3 ] [L0 ] [L1 ]
POC   99 TId: 0 ( I-SLICE, nQP 26 QP 26 )    2169648 bits [Y 99.9900 dB    U 99.9900 dB    V 99.9900 dB] [ET     3 ] [L0 ] [L1 ]


SUMMARY --------------------------------------------------------
	Total Frames |  Bitrate    Y-PSNR    U-PSNR    V-PSNR 
	      100    a 106468.6160   99.9900   99.9900   99.9900


I Slices--------------------------------------------------------
	Total Frames |  Bitrate    Y-PSNR    U-PSNR    V-PSNR 
	      100    i 106468.6160   99.9900   99.9900   99.9900


P Slices--------------------------------------------------------
	Total Frames |  Bitrate    Y-PSNR    U-PSNR    V-PSNR 
	        0    p        -nan      -nan      -nan      -nan


B Slices--------------------------------------------------------
	Total Frames |  Bitrate    Y-PSNR    U-PSNR    V-PSNR 
	        0    b        -nan      -nan      -nan      -nan

RVM: 0.000
Bytes written to file: 26617565 (106470.260 kbps)

 Total Time:      349.875 sec.
