
HM software: Encoder Version [15.0][Linux][GCC 4.8.5][64 bit] 

Input          File          : ../../HEVC_test_sequence/ClassB/Kimono1_1920x1080_24.yuv
Bitstream      File          : Kimono.bin
Reconstruction File          : Kimono.yuv
Real     Format              : 1920x1080 24Hz
Internal Format              : 1920x1080 24Hz
Frame/Field                  : Frame based coding
Frame index                  : 0 - 99 (100 frames)
CU size / depth              : 64 / 4
RQT trans. size (min / max)  : 4 / 32
Max RQT depth inter          : 3
Max RQT depth intra          : 3
Min PCM size                 : 8
Motion search range          : 64
Intra period                 : 1
Decoding refresh type        : 0
QP                           : 26.00
Max dQP signaling depth      : 0
Cb QP Offset                 : 0
Cr QP Offset                 : 0
QP adaptation                : 0 (range=0)
GOP size                     : 1
Internal bit depth           : (Y:8, C:8)
PCM sample bit depth         : (Y:8, C:8)
RateControl                  : 0
Max Num Merge Candidates     : 5

TOOL CFG: IBD:0 HAD:0 RDQ:0 RDQTS:0 RDpenalty:0 SQP:0 ASR:0 FEN:0 ECU:0 FDM:0 CFM:0 ESD:0 RQT:1 TransformSkip:0 TransformSkipFast:0 Slice: M=0 SliceSegment: M=0 CIP:0 SAO:0 PCM:0 TransQuantBypassEnabled: =1 WPP:0 WPB:0 PME:2  WaveFrontSynchro:0 WaveFrontSubstreams:1 ScalingList:0 TMVPMode:1 AQpS:0 SignBitHidingFlag:1 RecalQP:0

POC    0 TId: 0 ( I-SLICE, nQP 26 QP 26 )   10543840 bits [Y 99.9900 dB    U 99.9900 dB    V 99.9900 dB] [ET    18 ] [L0 ] [L1 ]
POC    1 TId: 0 ( I-SLICE, nQP 26 QP 26 )   10540824 bits [Y 99.9900 dB    U 99.9900 dB    V 99.9900 dB] [ET    18 ] [L0 ] [L1 ]
POC    2 TId: 0 ( I-SLICE, nQP 26 QP 26 )   10587944 bits [Y 99.9900 dB    U 99.9900 dB    V 99.9900 dB] [ET    18 ] [L0 ] [L1 ]
POC    3 TId: 0 ( I-SLICE, nQP 26 QP 26 )   10631576 bits [Y 99.9900 dB    U 99.9900 dB    V 99.9900 dB] [ET    18 ] [L0 ] [L1 ]
POC    4 TId: 0 ( I-SLICE, nQP 26 QP 26 )   10653736 bits [Y 99.9900 dB    U 99.9900 dB    V 99.9900 dB] [ET    18 ] [L0 ] [L1 ]
POC    5 TId: 0 ( I-SLICE, nQP 26 QP 26 )   10673848 bits [Y 99.9900 dB    U 99.9900 dB    V 99.9900 dB] [ET    18 ] [L0 ] [L1 ]
POC    6 TId: 0 ( I-SLICE, nQP 26 QP 26 )   10655296 bits [Y 99.9900 dB    U 99.9900 dB    V 99.9900 dB] [ET    18 ] [L0 ] [L1 ]
POC    7 TId: 0 ( I-SLICE, nQP 26 QP 26 )   10628232 bits [Y 99.9900 dB    U 99.9900 dB    V 99.9900 dB] [ET    18 ] [L0 ] [L1 ]
POC    8 TId: 0 ( I-SLICE, nQP 26 QP 26 )   10579768 bits [Y 99.9900 dB    U 99.9900 dB    V 99.9900 dB] [ET    18 ] [L0 ] [L1 ]
POC    9 TId: 0 ( I-SLICE, nQP 26 QP 26 )   10571160 bits [Y 99.9900 dB    U 99.9900 dB    V 99.9900 dB] [ET    18 ] [L0 ] [L1 ]
POC   10 TId: 0 ( I-SLICE, nQP 26 QP 26 )   10609080 bits [Y 99.9900 dB    U 99.9900 dB    V 99.9900 dB] [ET    18 ] [L0 ] [L1 ]
POC   11 TId: 0 ( I-SLICE, nQP 26 QP 26 )   10646272 bits [Y 99.9900 dB    U 99.9900 dB    V 99.9900 dB] [ET    18 ] [L0 ] [L1 ]
POC   12 TId: 0 ( I-SLICE, nQP 26 QP 26 )   10691552 bits [Y 99.9900 dB    U 99.9900 dB    V 99.9900 dB] [ET    18 ] [L0 ] [L1 ]
POC   13 TId: 0 ( I-SLICE, nQP 26 QP 26 )   10684400 bits [Y 99.9900 dB    U 99.9900 dB    V 99.9900 dB] [ET    18 ] [L0 ] [L1 ]
POC   14 TId: 0 ( I-SLICE, nQP 26 QP 26 )   10668376 bits [Y 99.9900 dB    U 99.9900 dB    V 99.9900 dB] [ET    18 ] [L0 ] [L1 ]
POC   15 TId: 0 ( I-SLICE, nQP 26 QP 26 )   10642280 bits [Y 99.9900 dB    U 99.9900 dB    V 99.9900 dB] [ET    18 ] [L0 ] [L1 ]
POC   16 TId: 0 ( I-SLICE, nQP 26 QP 26 )   10645992 bits [Y 99.9900 dB    U 99.9900 dB    V 99.9900 dB] [ET    18 ] [L0 ] [L1 ]
POC   17 TId: 0 ( I-SLICE, nQP 26 QP 26 )   10623312 bits [Y 99.9900 dB    U 99.9900 dB    V 99.9900 dB] [ET    18 ] [L0 ] [L1 ]
POC   18 TId: 0 ( I-SLICE, nQP 26 QP 26 )   10593104 bits [Y 99.9900 dB    U 99.9900 dB    V 99.9900 dB] [ET    18 ] [L0 ] [L1 ]
POC   19 TId: 0 ( I-SLICE, nQP 26 QP 26 )   10577152 bits [Y 99.9900 dB    U 99.9900 dB    V 99.9900 dB] [ET    18 ] [L0 ] [L1 ]
POC   20 TId: 0 ( I-SLICE, nQP 26 QP 26 )   10566408 bits [Y 99.9900 dB    U 99.9900 dB    V 99.9900 dB] [ET    18 ] [L0 ] [L1 ]
POC   21 TId: 0 ( I-SLICE, nQP 26 QP 26 )   10556416 bits [Y 99.9900 dB    U 99.9900 dB    V 99.9900 dB] [ET    18 ] [L0 ] [L1 ]
POC   22 TId: 0 ( I-SLICE, nQP 26 QP 26 )   10532400 bits [Y 99.9900 dB    U 99.9900 dB    V 99.9900 dB] [ET    18 ] [L0 ] [L1 ]
POC   23 TId: 0 ( I-SLICE, nQP 26 QP 26 )   10463480 bits [Y 99.9900 dB    U 99.9900 dB    V 99.9900 dB] [ET    18 ] [L0 ] [L1 ]
POC   24 TId: 0 ( I-SLICE, nQP 26 QP 26 )   10427896 bits [Y 99.9900 dB    U 99.9900 dB    V 99.9900 dB] [ET    18 ] [L0 ] [L1 ]
POC   25 TId: 0 ( I-SLICE, nQP 26 QP 26 )   10380496 bits [Y 99.9900 dB    U 99.9900 dB    V 99.9900 dB] [ET    18 ] [L0 ] [L1 ]
POC   26 TId: 0 ( I-SLICE, nQP 26 QP 26 )   10364416 bits [Y 99.9900 dB    U 99.9900 dB    V 99.9900 dB] [ET    18 ] [L0 ] [L1 ]
POC   27 TId: 0 ( I-SLICE, nQP 26 QP 26 )   10393032 bits [Y 99.9900 dB    U 99.9900 dB    V 99.9900 dB] [ET    18 ] [L0 ] [L1 ]
POC   28 TId: 0 ( I-SLICE, nQP 26 QP 26 )   10401752 bits [Y 99.9900 dB    U 99.9900 dB    V 99.9900 dB] [ET    18 ] [L0 ] [L1 ]
POC   29 TId: 0 ( I-SLICE, nQP 26 QP 26 )   10414384 bits [Y 99.9900 dB    U 99.9900 dB    V 99.9900 dB] [ET    18 ] [L0 ] [L1 ]
POC   30 TId: 0 ( I-SLICE, nQP 26 QP 26 )   10436848 bits [Y 99.9900 dB    U 99.9900 dB    V 99.9900 dB] [ET    18 ] [L0 ] [L1 ]
POC   31 TId: 0 ( I-SLICE, nQP 26 QP 26 )   10442136 bits [Y 99.9900 dB    U 99.9900 dB    V 99.9900 dB] [ET    18 ] [L0 ] [L1 ]
POC   32 TId: 0 ( I-SLICE, nQP 26 QP 26 )   10469016 bits [Y 99.9900 dB    U 99.9900 dB    V 99.9900 dB] [ET    18 ] [L0 ] [L1 ]
POC   33 TId: 0 ( I-SLICE, nQP 26 QP 26 )   10509680 bits [Y 99.9900 dB    U 99.9900 dB    V 99.9900 dB] [ET    18 ] [L0 ] [L1 ]
POC   34 TId: 0 ( I-SLICE, nQP 26 QP 26 )   10548792 bits [Y 99.9900 dB    U 99.9900 dB    V 99.9900 dB] [ET    18 ] [L0 ] [L1 ]
POC   35 TId: 0 ( I-SLICE, nQP 26 QP 26 )   10521152 bits [Y 99.9900 dB    U 99.9900 dB    V 99.9900 dB] [ET    18 ] [L0 ] [L1 ]
POC   36 TId: 0 ( I-SLICE, nQP 26 QP 26 )   10540120 bits [Y 99.9900 dB    U 99.9900 dB    V 99.9900 dB] [ET    18 ] [L0 ] [L1 ]
POC   37 TId: 0 ( I-SLICE, nQP 26 QP 26 )   10535248 bits [Y 99.9900 dB    U 99.9900 dB    V 99.9900 dB] [ET    18 ] [L0 ] [L1 ]
POC   38 TId: 0 ( I-SLICE, nQP 26 QP 26 )   10499752 bits [Y 99.9900 dB    U 99.9900 dB    V 99.9900 dB] [ET    18 ] [L0 ] [L1 ]
POC   39 TId: 0 ( I-SLICE, nQP 26 QP 26 )   10483640 bits [Y 99.9900 dB    U 99.9900 dB    V 99.9900 dB] [ET    18 ] [L0 ] [L1 ]
POC   40 TId: 0 ( I-SLICE, nQP 26 QP 26 )   10512200 bits [Y 99.9900 dB    U 99.9900 dB    V 99.9900 dB] [ET    18 ] [L0 ] [L1 ]
POC   41 TId: 0 ( I-SLICE, nQP 26 QP 26 )   10510520 bits [Y 99.9900 dB    U 99.9900 dB    V 99.9900 dB] [ET    18 ] [L0 ] [L1 ]
POC   42 TId: 0 ( I-SLICE, nQP 26 QP 26 )   10502424 bits [Y 99.9900 dB    U 99.9900 dB    V 99.9900 dB] [ET    18 ] [L0 ] [L1 ]
POC   43 TId: 0 ( I-SLICE, nQP 26 QP 26 )   10487104 bits [Y 99.9900 dB    U 99.9900 dB    V 99.9900 dB] [ET    18 ] [L0 ] [L1 ]
POC   44 TId: 0 ( I-SLICE, nQP 26 QP 26 )   10519280 bits [Y 99.9900 dB    U 99.9900 dB    V 99.9900 dB] [ET    18 ] [L0 ] [L1 ]
POC   45 TId: 0 ( I-SLICE, nQP 26 QP 26 )   10530592 bits [Y 99.9900 dB    U 99.9900 dB    V 99.9900 dB] [ET    18 ] [L0 ] [L1 ]
POC   46 TId: 0 ( I-SLICE, nQP 26 QP 26 )   10482904 bits [Y 99.9900 dB    U 99.9900 dB    V 99.9900 dB] [ET    18 ] [L0 ] [L1 ]
POC   47 TId: 0 ( I-SLICE, nQP 26 QP 26 )   10450264 bits [Y 99.9900 dB    U 99.9900 dB    V 99.9900 dB] [ET    18 ] [L0 ] [L1 ]
POC   48 TId: 0 ( I-SLICE, nQP 26 QP 26 )   10459408 bits [Y 99.9900 dB    U 99.9900 dB    V 99.9900 dB] [ET    18 ] [L0 ] [L1 ]
POC   49 TId: 0 ( I-SLICE, nQP 26 QP 26 )   10528752 bits [Y 99.9900 dB    U 99.9900 dB    V 99.9900 dB] [ET    18 ] [L0 ] [L1 ]
POC   50 TId: 0 ( I-SLICE, nQP 26 QP 26 )   10555984 bits [Y 99.9900 dB    U 99.9900 dB    V 99.9900 dB] [ET    18 ] [L0 ] [L1 ]
POC   51 TId: 0 ( I-SLICE, nQP 26 QP 26 )   10543760 bits [Y 99.9900 dB    U 99.9900 dB    V 99.9900 dB] [ET    18 ] [L0 ] [L1 ]
POC   52 TId: 0 ( I-SLICE, nQP 26 QP 26 )   10545096 bits [Y 99.9900 dB    U 99.9900 dB    V 99.9900 dB] [ET    18 ] [L0 ] [L1 ]
POC   53 TId: 0 ( I-SLICE, nQP 26 QP 26 )   10545304 bits [Y 99.9900 dB    U 99.9900 dB    V 99.9900 dB] [ET    18 ] [L0 ] [L1 ]
POC   54 TId: 0 ( I-SLICE, nQP 26 QP 26 )   10554552 bits [Y 99.9900 dB    U 99.9900 dB    V 99.9900 dB] [ET    18 ] [L0 ] [L1 ]
POC   55 TId: 0 ( I-SLICE, nQP 26 QP 26 )   10584104 bits [Y 99.9900 dB    U 99.9900 dB    V 99.9900 dB] [ET    18 ] [L0 ] [L1 ]
POC   56 TId: 0 ( I-SLICE, nQP 26 QP 26 )   10573040 bits [Y 99.9900 dB    U 99.9900 dB    V 99.9900 dB] [ET    18 ] [L0 ] [L1 ]
POC   57 TId: 0 ( I-SLICE, nQP 26 QP 26 )   10519080 bits [Y 99.9900 dB    U 99.9900 dB    V 99.9900 dB] [ET    18 ] [L0 ] [L1 ]
POC   58 TId: 0 ( I-SLICE, nQP 26 QP 26 )   10499600 bits [Y 99.9900 dB    U 99.9900 dB    V 99.9900 dB] [ET    18 ] [L0 ] [L1 ]
POC   59 TId: 0 ( I-SLICE, nQP 26 QP 26 )   10484560 bits [Y 99.9900 dB    U 99.9900 dB    V 99.9900 dB] [ET    18 ] [L0 ] [L1 ]
POC   60 TId: 0 ( I-SLICE, nQP 26 QP 26 )   10486712 bits [Y 99.9900 dB    U 99.9900 dB    V 99.9900 dB] [ET    18 ] [L0 ] [L1 ]
POC   61 TId: 0 ( I-SLICE, nQP 26 QP 26 )   10500928 bits [Y 99.9900 dB    U 99.9900 dB    V 99.9900 dB] [ET    18 ] [L0 ] [L1 ]
POC   62 TId: 0 ( I-SLICE, nQP 26 QP 26 )   10501560 bits [Y 99.9900 dB    U 99.9900 dB    V 99.9900 dB] [ET    18 ] [L0 ] [L1 ]
POC   63 TId: 0 ( I-SLICE, nQP 26 QP 26 )   10502152 bits [Y 99.9900 dB    U 99.9900 dB    V 99.9900 dB] [ET    18 ] [L0 ] [L1 ]
POC   64 TId: 0 ( I-SLICE, nQP 26 QP 26 )   10501416 bits [Y 99.9900 dB    U 99.9900 dB    V 99.9900 dB] [ET    18 ] [L0 ] [L1 ]
POC   65 TId: 0 ( I-SLICE, nQP 26 QP 26 )   10474480 bits [Y 99.9900 dB    U 99.9900 dB    V 99.9900 dB] [ET    18 ] [L0 ] [L1 ]
POC   66 TId: 0 ( I-SLICE, nQP 26 QP 26 )   10454184 bits [Y 99.9900 dB    U 99.9900 dB    V 99.9900 dB] [ET    18 ] [L0 ] [L1 ]
POC   67 TId: 0 ( I-SLICE, nQP 26 QP 26 )   10461160 bits [Y 99.9900 dB    U 99.9900 dB    V 99.9900 dB] [ET    18 ] [L0 ] [L1 ]
POC   68 TId: 0 ( I-SLICE, nQP 26 QP 26 )   10500112 bits [Y 99.9900 dB    U 99.9900 dB    V 99.9900 dB] [ET    18 ] [L0 ] [L1 ]
POC   69 TId: 0 ( I-SLICE, nQP 26 QP 26 )   10508824 bits [Y 99.9900 dB    U 99.9900 dB    V 99.9900 dB] [ET    18 ] [L0 ] [L1 ]
POC   70 TId: 0 ( I-SLICE, nQP 26 QP 26 )   10507392 bits [Y 99.9900 dB    U 99.9900 dB    V 99.9900 dB] [ET    18 ] [L0 ] [L1 ]
POC   71 TId: 0 ( I-SLICE, nQP 26 QP 26 )   10479616 bits [Y 99.9900 dB    U 99.9900 dB    V 99.9900 dB] [ET    18 ] [L0 ] [L1 ]
POC   72 TId: 0 ( I-SLICE, nQP 26 QP 26 )   10483488 bits [Y 99.9900 dB    U 99.9900 dB    V 99.9900 dB] [ET    18 ] [L0 ] [L1 ]
POC   73 TId: 0 ( I-SLICE, nQP 26 QP 26 )   10470408 bits [Y 99.9900 dB    U 99.9900 dB    V 99.9900 dB] [ET    18 ] [L0 ] [L1 ]
POC   74 TId: 0 ( I-SLICE, nQP 26 QP 26 )   10471904 bits [Y 99.9900 dB    U 99.9900 dB    V 99.9900 dB] [ET    18 ] [L0 ] [L1 ]
POC   75 TId: 0 ( I-SLICE, nQP 26 QP 26 )   10467352 bits [Y 99.9900 dB    U 99.9900 dB    V 99.9900 dB] [ET    18 ] [L0 ] [L1 ]
POC   76 TId: 0 ( I-SLICE, nQP 26 QP 26 )   10458192 bits [Y 99.9900 dB    U 99.9900 dB    V 99.9900 dB] [ET    18 ] [L0 ] [L1 ]
POC   77 TId: 0 ( I-SLICE, nQP 26 QP 26 )   10490424 bits [Y 99.9900 dB    U 99.9900 dB    V 99.9900 dB] [ET    18 ] [L0 ] [L1 ]
POC   78 TId: 0 ( I-SLICE, nQP 26 QP 26 )   10477592 bits [Y 99.9900 dB    U 99.9900 dB    V 99.9900 dB] [ET    18 ] [L0 ] [L1 ]
POC   79 TId: 0 ( I-SLICE, nQP 26 QP 26 )   10435272 bits [Y 99.9900 dB    U 99.9900 dB    V 99.9900 dB] [ET    18 ] [L0 ] [L1 ]
POC   80 TId: 0 ( I-SLICE, nQP 26 QP 26 )   10458424 bits [Y 99.9900 dB    U 99.9900 dB    V 99.9900 dB] [ET    18 ] [L0 ] [L1 ]
POC   81 TId: 0 ( I-SLICE, nQP 26 QP 26 )   10458784 bits [Y 99.9900 dB    U 99.9900 dB    V 99.9900 dB] [ET    18 ] [L0 ] [L1 ]
POC   82 TId: 0 ( I-SLICE, nQP 26 QP 26 )   10451896 bits [Y 99.9900 dB    U 99.9900 dB    V 99.9900 dB] [ET    18 ] [L0 ] [L1 ]
POC   83 TId: 0 ( I-SLICE, nQP 26 QP 26 )   10466488 bits [Y 99.9900 dB    U 99.9900 dB    V 99.9900 dB] [ET    18 ] [L0 ] [L1 ]
POC   84 TId: 0 ( I-SLICE, nQP 26 QP 26 )   10475584 bits [Y 99.9900 dB    U 99.9900 dB    V 99.9900 dB] [ET    18 ] [L0 ] [L1 ]
POC   85 TId: 0 ( I-SLICE, nQP 26 QP 26 )   10487608 bits [Y 99.9900 dB    U 99.9900 dB    V 99.9900 dB] [ET    18 ] [L0 ] [L1 ]
POC   86 TId: 0 ( I-SLICE, nQP 26 QP 26 )   10493656 bits [Y 99.9900 dB    U 99.9900 dB    V 99.9900 dB] [ET    18 ] [L0 ] [L1 ]
POC   87 TId: 0 ( I-SLICE, nQP 26 QP 26 )   10527936 bits [Y 99.9900 dB    U 99.9900 dB    V 99.9900 dB] [ET    18 ] [L0 ] [L1 ]
POC   88 TId: 0 ( I-SLICE, nQP 26 QP 26 )   10503480 bits [Y 99.9900 dB    U 99.9900 dB    V 99.9900 dB] [ET    18 ] [L0 ] [L1 ]
POC   89 TId: 0 ( I-SLICE, nQP 26 QP 26 )   10484768 bits [Y 99.9900 dB    U 99.9900 dB    V 99.9900 dB] [ET    18 ] [L0 ] [L1 ]
POC   90 TId: 0 ( I-SLICE, nQP 26 QP 26 )   10466008 bits [Y 99.9900 dB    U 99.9900 dB    V 99.9900 dB] [ET    18 ] [L0 ] [L1 ]
POC   91 TId: 0 ( I-SLICE, nQP 26 QP 26 )   10443472 bits [Y 99.9900 dB    U 99.9900 dB    V 99.9900 dB] [ET    18 ] [L0 ] [L1 ]
POC   92 TId: 0 ( I-SLICE, nQP 26 QP 26 )   10432416 bits [Y 99.9900 dB    U 99.9900 dB    V 99.9900 dB] [ET    18 ] [L0 ] [L1 ]
POC   93 TId: 0 ( I-SLICE, nQP 26 QP 26 )   10440792 bits [Y 99.9900 dB    U 99.9900 dB    V 99.9900 dB] [ET    18 ] [L0 ] [L1 ]
POC   94 TId: 0 ( I-SLICE, nQP 26 QP 26 )   10460992 bits [Y 99.9900 dB    U 99.9900 dB    V 99.9900 dB] [ET    18 ] [L0 ] [L1 ]
POC   95 TId: 0 ( I-SLICE, nQP 26 QP 26 )   10484872 bits [Y 99.9900 dB    U 99.9900 dB    V 99.9900 dB] [ET    18 ] [L0 ] [L1 ]
POC   96 TId: 0 ( I-SLICE, nQP 26 QP 26 )   10472864 bits [Y 99.9900 dB    U 99.9900 dB    V 99.9900 dB] [ET    18 ] [L0 ] [L1 ]
POC   97 TId: 0 ( I-SLICE, nQP 26 QP 26 )   10440176 bits [Y 99.9900 dB    U 99.9900 dB    V 99.9900 dB] [ET    18 ] [L0 ] [L1 ]
POC   98 TId: 0 ( I-SLICE, nQP 26 QP 26 )   10459032 bits [Y 99.9900 dB    U 99.9900 dB    V 99.9900 dB] [ET    18 ] [L0 ] [L1 ]
POC   99 TId: 0 ( I-SLICE, nQP 26 QP 26 )   10423584 bits [Y 99.9900 dB    U 99.9900 dB    V 99.9900 dB] [ET    18 ] [L0 ] [L1 ]


SUMMARY --------------------------------------------------------
	Total Frames |  Bitrate    Y-PSNR    U-PSNR    V-PSNR 
	      100    a 252309.4406   99.9900   99.9900   99.9900


I Slices--------------------------------------------------------
	Total Frames |  Bitrate    Y-PSNR    U-PSNR    V-PSNR 
	      100    i 252309.4406   99.9900   99.9900   99.9900


P Slices--------------------------------------------------------
	Total Frames |  Bitrate    Y-PSNR    U-PSNR    V-PSNR 
	        0    p        -nan      -nan      -nan      -nan


B Slices--------------------------------------------------------
	Total Frames |  Bitrate    Y-PSNR    U-PSNR    V-PSNR 
	        0    b        -nan      -nan      -nan      -nan

RVM: 0.000
Bytes written to file: 131411578 (252310.230 kbps)

 Total Time:     1781.391 sec.
