
HM software: Encoder Version [15.0][Linux][GCC 4.8.5][64 bit] 

Input          File          : ../../HEVC_test_sequence/ClassB/ParkScene_1920x1080_24.yuv
Bitstream      File          : ParkScene.bin
Reconstruction File          : ParkScene.yuv
Real     Format              : 1920x1080 24Hz
Internal Format              : 1920x1080 24Hz
Frame/Field                  : Frame based coding
Frame index                  : 0 - 99 (100 frames)
CU size / depth              : 64 / 4
RQT trans. size (min / max)  : 4 / 32
Max RQT depth inter          : 3
Max RQT depth intra          : 3
Min PCM size                 : 8
Motion search range          : 64
Intra period                 : 1
Decoding refresh type        : 0
QP                           : 26.00
Max dQP signaling depth      : 0
Cb QP Offset                 : 0
Cr QP Offset                 : 0
QP adaptation                : 0 (range=0)
GOP size                     : 1
Internal bit depth           : (Y:8, C:8)
PCM sample bit depth         : (Y:8, C:8)
RateControl                  : 0
Max Num Merge Candidates     : 5

TOOL CFG: IBD:0 HAD:0 RDQ:0 RDQTS:0 RDpenalty:0 SQP:0 ASR:0 FEN:0 ECU:0 FDM:0 CFM:0 ESD:0 RQT:1 TransformSkip:0 TransformSkipFast:0 Slice: M=0 SliceSegment: M=0 CIP:0 SAO:0 PCM:0 TransQuantBypassEnabled: =1 WPP:0 WPB:0 PME:2  WaveFrontSynchro:0 WaveFrontSubstreams:1 ScalingList:0 TMVPMode:1 AQpS:0 SignBitHidingFlag:1 RecalQP:0

POC    0 TId: 0 ( I-SLICE, nQP 26 QP 26 )   12466040 bits [Y 99.9900 dB    U 99.9900 dB    V 99.9900 dB] [ET    18 ] [L0 ] [L1 ]
POC    1 TId: 0 ( I-SLICE, nQP 26 QP 26 )   12477088 bits [Y 99.9900 dB    U 99.9900 dB    V 99.9900 dB] [ET    18 ] [L0 ] [L1 ]
POC    2 TId: 0 ( I-SLICE, nQP 26 QP 26 )   12480336 bits [Y 99.9900 dB    U 99.9900 dB    V 99.9900 dB] [ET    18 ] [L0 ] [L1 ]
POC    3 TId: 0 ( I-SLICE, nQP 26 QP 26 )   12483432 bits [Y 99.9900 dB    U 99.9900 dB    V 99.9900 dB] [ET    18 ] [L0 ] [L1 ]
POC    4 TId: 0 ( I-SLICE, nQP 26 QP 26 )   12480312 bits [Y 99.9900 dB    U 99.9900 dB    V 99.9900 dB] [ET    18 ] [L0 ] [L1 ]
POC    5 TId: 0 ( I-SLICE, nQP 26 QP 26 )   12482176 bits [Y 99.9900 dB    U 99.9900 dB    V 99.9900 dB] [ET    18 ] [L0 ] [L1 ]
POC    6 TId: 0 ( I-SLICE, nQP 26 QP 26 )   12487744 bits [Y 99.9900 dB    U 99.9900 dB    V 99.9900 dB] [ET    18 ] [L0 ] [L1 ]
POC    7 TId: 0 ( I-SLICE, nQP 26 QP 26 )   12492672 bits [Y 99.9900 dB    U 99.9900 dB    V 99.9900 dB] [ET    18 ] [L0 ] [L1 ]
POC    8 TId: 0 ( I-SLICE, nQP 26 QP 26 )   12477080 bits [Y 99.9900 dB    U 99.9900 dB    V 99.9900 dB] [ET    18 ] [L0 ] [L1 ]
POC    9 TId: 0 ( I-SLICE, nQP 26 QP 26 )   12485744 bits [Y 99.9900 dB    U 99.9900 dB    V 99.9900 dB] [ET    18 ] [L0 ] [L1 ]
POC   10 TId: 0 ( I-SLICE, nQP 26 QP 26 )   12476536 bits [Y 99.9900 dB    U 99.9900 dB    V 99.9900 dB] [ET    18 ] [L0 ] [L1 ]
POC   11 TId: 0 ( I-SLICE, nQP 26 QP 26 )   12476024 bits [Y 99.9900 dB    U 99.9900 dB    V 99.9900 dB] [ET    18 ] [L0 ] [L1 ]
POC   12 TId: 0 ( I-SLICE, nQP 26 QP 26 )   12476936 bits [Y 99.9900 dB    U 99.9900 dB    V 99.9900 dB] [ET    18 ] [L0 ] [L1 ]
POC   13 TId: 0 ( I-SLICE, nQP 26 QP 26 )   12475184 bits [Y 99.9900 dB    U 99.9900 dB    V 99.9900 dB] [ET    18 ] [L0 ] [L1 ]
POC   14 TId: 0 ( I-SLICE, nQP 26 QP 26 )   12480616 bits [Y 99.9900 dB    U 99.9900 dB    V 99.9900 dB] [ET    18 ] [L0 ] [L1 ]
POC   15 TId: 0 ( I-SLICE, nQP 26 QP 26 )   12452536 bits [Y 99.9900 dB    U 99.9900 dB    V 99.9900 dB] [ET    18 ] [L0 ] [L1 ]
POC   16 TId: 0 ( I-SLICE, nQP 26 QP 26 )   12459904 bits [Y 99.9900 dB    U 99.9900 dB    V 99.9900 dB] [ET    18 ] [L0 ] [L1 ]
POC   17 TId: 0 ( I-SLICE, nQP 26 QP 26 )   12450592 bits [Y 99.9900 dB    U 99.9900 dB    V 99.9900 dB] [ET    18 ] [L0 ] [L1 ]
POC   18 TId: 0 ( I-SLICE, nQP 26 QP 26 )   12443768 bits [Y 99.9900 dB    U 99.9900 dB    V 99.9900 dB] [ET    18 ] [L0 ] [L1 ]
POC   19 TId: 0 ( I-SLICE, nQP 26 QP 26 )   12456256 bits [Y 99.9900 dB    U 99.9900 dB    V 99.9900 dB] [ET    18 ] [L0 ] [L1 ]
POC   20 TId: 0 ( I-SLICE, nQP 26 QP 26 )   12440512 bits [Y 99.9900 dB    U 99.9900 dB    V 99.9900 dB] [ET    18 ] [L0 ] [L1 ]
POC   21 TId: 0 ( I-SLICE, nQP 26 QP 26 )   12448728 bits [Y 99.9900 dB    U 99.9900 dB    V 99.9900 dB] [ET    18 ] [L0 ] [L1 ]
POC   22 TId: 0 ( I-SLICE, nQP 26 QP 26 )   12445736 bits [Y 99.9900 dB    U 99.9900 dB    V 99.9900 dB] [ET    18 ] [L0 ] [L1 ]
POC   23 TId: 0 ( I-SLICE, nQP 26 QP 26 )   12449904 bits [Y 99.9900 dB    U 99.9900 dB    V 99.9900 dB] [ET    18 ] [L0 ] [L1 ]
POC   24 TId: 0 ( I-SLICE, nQP 26 QP 26 )   12442736 bits [Y 99.9900 dB    U 99.9900 dB    V 99.9900 dB] [ET    18 ] [L0 ] [L1 ]
POC   25 TId: 0 ( I-SLICE, nQP 26 QP 26 )   12432144 bits [Y 99.9900 dB    U 99.9900 dB    V 99.9900 dB] [ET    18 ] [L0 ] [L1 ]
POC   26 TId: 0 ( I-SLICE, nQP 26 QP 26 )   12446680 bits [Y 99.9900 dB    U 99.9900 dB    V 99.9900 dB] [ET    18 ] [L0 ] [L1 ]
POC   27 TId: 0 ( I-SLICE, nQP 26 QP 26 )   12455016 bits [Y 99.9900 dB    U 99.9900 dB    V 99.9900 dB] [ET    18 ] [L0 ] [L1 ]
POC   28 TId: 0 ( I-SLICE, nQP 26 QP 26 )   12479664 bits [Y 99.9900 dB    U 99.9900 dB    V 99.9900 dB] [ET    18 ] [L0 ] [L1 ]
POC   29 TId: 0 ( I-SLICE, nQP 26 QP 26 )   12484760 bits [Y 99.9900 dB    U 99.9900 dB    V 99.9900 dB] [ET    18 ] [L0 ] [L1 ]
POC   30 TId: 0 ( I-SLICE, nQP 26 QP 26 )   12504432 bits [Y 99.9900 dB    U 99.9900 dB    V 99.9900 dB] [ET    18 ] [L0 ] [L1 ]
POC   31 TId: 0 ( I-SLICE, nQP 26 QP 26 )   12515168 bits [Y 99.9900 dB    U 99.9900 dB    V 99.9900 dB] [ET    18 ] [L0 ] [L1 ]
POC   32 TId: 0 ( I-SLICE, nQP 26 QP 26 )   12538712 bits [Y 99.9900 dB    U 99.9900 dB    V 99.9900 dB] [ET    18 ] [L0 ] [L1 ]
POC   33 TId: 0 ( I-SLICE, nQP 26 QP 26 )   12545336 bits [Y 99.9900 dB    U 99.9900 dB    V 99.9900 dB] [ET    18 ] [L0 ] [L1 ]
POC   34 TId: 0 ( I-SLICE, nQP 26 QP 26 )   12560632 bits [Y 99.9900 dB    U 99.9900 dB    V 99.9900 dB] [ET    18 ] [L0 ] [L1 ]
POC   35 TId: 0 ( I-SLICE, nQP 26 QP 26 )   12580720 bits [Y 99.9900 dB    U 99.9900 dB    V 99.9900 dB] [ET    18 ] [L0 ] [L1 ]
POC   36 TId: 0 ( I-SLICE, nQP 26 QP 26 )   12596720 bits [Y 99.9900 dB    U 99.9900 dB    V 99.9900 dB] [ET    18 ] [L0 ] [L1 ]
POC   37 TId: 0 ( I-SLICE, nQP 26 QP 26 )   12637336 bits [Y 99.9900 dB    U 99.9900 dB    V 99.9900 dB] [ET    18 ] [L0 ] [L1 ]
POC   38 TId: 0 ( I-SLICE, nQP 26 QP 26 )   12635768 bits [Y 99.9900 dB    U 99.9900 dB    V 99.9900 dB] [ET    18 ] [L0 ] [L1 ]
POC   39 TId: 0 ( I-SLICE, nQP 26 QP 26 )   12670064 bits [Y 99.9900 dB    U 99.9900 dB    V 99.9900 dB] [ET    18 ] [L0 ] [L1 ]
POC   40 TId: 0 ( I-SLICE, nQP 26 QP 26 )   12684472 bits [Y 99.9900 dB    U 99.9900 dB    V 99.9900 dB] [ET    18 ] [L0 ] [L1 ]
POC   41 TId: 0 ( I-SLICE, nQP 26 QP 26 )   12707800 bits [Y 99.9900 dB    U 99.9900 dB    V 99.9900 dB] [ET    18 ] [L0 ] [L1 ]
POC   42 TId: 0 ( I-SLICE, nQP 26 QP 26 )   12726072 bits [Y 99.9900 dB    U 99.9900 dB    V 99.9900 dB] [ET    18 ] [L0 ] [L1 ]
POC   43 TId: 0 ( I-SLICE, nQP 26 QP 26 )   12760528 bits [Y 99.9900 dB    U 99.9900 dB    V 99.9900 dB] [ET    18 ] [L0 ] [L1 ]
POC   44 TId: 0 ( I-SLICE, nQP 26 QP 26 )   12776768 bits [Y 99.9900 dB    U 99.9900 dB    V 99.9900 dB] [ET    18 ] [L0 ] [L1 ]
POC   45 TId: 0 ( I-SLICE, nQP 26 QP 26 )   12805448 bits [Y 99.9900 dB    U 99.9900 dB    V 99.9900 dB] [ET    18 ] [L0 ] [L1 ]
POC   46 TId: 0 ( I-SLICE, nQP 26 QP 26 )   12818256 bits [Y 99.9900 dB    U 99.9900 dB    V 99.9900 dB] [ET    18 ] [L0 ] [L1 ]
POC   47 TId: 0 ( I-SLICE, nQP 26 QP 26 )   12827712 bits [Y 99.9900 dB    U 99.9900 dB    V 99.9900 dB] [ET    18 ] [L0 ] [L1 ]
POC   48 TId: 0 ( I-SLICE, nQP 26 QP 26 )   12832112 bits [Y 99.9900 dB    U 99.9900 dB    V 99.9900 dB] [ET    18 ] [L0 ] [L1 ]
POC   49 TId: 0 ( I-SLICE, nQP 26 QP 26 )   12840008 bits [Y 99.9900 dB    U 99.9900 dB    V 99.9900 dB] [ET    18 ] [L0 ] [L1 ]
POC   50 TId: 0 ( I-SLICE, nQP 26 QP 26 )   12815448 bits [Y 99.9900 dB    U 99.9900 dB    V 99.9900 dB] [ET    18 ] [L0 ] [L1 ]
POC   51 TId: 0 ( I-SLICE, nQP 26 QP 26 )   12793624 bits [Y 99.9900 dB    U 99.9900 dB    V 99.9900 dB] [ET    18 ] [L0 ] [L1 ]
POC   52 TId: 0 ( I-SLICE, nQP 26 QP 26 )   12781976 bits [Y 99.9900 dB    U 99.9900 dB    V 99.9900 dB] [ET    18 ] [L0 ] [L1 ]
POC   53 TId: 0 ( I-SLICE, nQP 26 QP 26 )   12772560 bits [Y 99.9900 dB    U 99.9900 dB    V 99.9900 dB] [ET    18 ] [L0 ] [L1 ]
POC   54 TId: 0 ( I-SLICE, nQP 26 QP 26 )   12783520 bits [Y 99.9900 dB    U 99.9900 dB    V 99.9900 dB] [ET    18 ] [L0 ] [L1 ]
POC   55 TId: 0 ( I-SLICE, nQP 26 QP 26 )   12791416 bits [Y 99.9900 dB    U 99.9900 dB    V 99.9900 dB] [ET    18 ] [L0 ] [L1 ]
POC   56 TId: 0 ( I-SLICE, nQP 26 QP 26 )   12790496 bits [Y 99.9900 dB    U 99.9900 dB    V 99.9900 dB] [ET    18 ] [L0 ] [L1 ]
POC   57 TId: 0 ( I-SLICE, nQP 26 QP 26 )   12785344 bits [Y 99.9900 dB    U 99.9900 dB    V 99.9900 dB] [ET    18 ] [L0 ] [L1 ]
POC   58 TId: 0 ( I-SLICE, nQP 26 QP 26 )   12806424 bits [Y 99.9900 dB    U 99.9900 dB    V 99.9900 dB] [ET    18 ] [L0 ] [L1 ]
POC   59 TId: 0 ( I-SLICE, nQP 26 QP 26 )   12809288 bits [Y 99.9900 dB    U 99.9900 dB    V 99.9900 dB] [ET    18 ] [L0 ] [L1 ]
POC   60 TId: 0 ( I-SLICE, nQP 26 QP 26 )   12826696 bits [Y 99.9900 dB    U 99.9900 dB    V 99.9900 dB] [ET    18 ] [L0 ] [L1 ]
POC   61 TId: 0 ( I-SLICE, nQP 26 QP 26 )   12823448 bits [Y 99.9900 dB    U 99.9900 dB    V 99.9900 dB] [ET    18 ] [L0 ] [L1 ]
POC   62 TId: 0 ( I-SLICE, nQP 26 QP 26 )   12835568 bits [Y 99.9900 dB    U 99.9900 dB    V 99.9900 dB] [ET    18 ] [L0 ] [L1 ]
POC   63 TId: 0 ( I-SLICE, nQP 26 QP 26 )   12851296 bits [Y 99.9900 dB    U 99.9900 dB    V 99.9900 dB] [ET    18 ] [L0 ] [L1 ]
POC   64 TId: 0 ( I-SLICE, nQP 26 QP 26 )   12848056 bits [Y 99.9900 dB    U 99.9900 dB    V 99.9900 dB] [ET    18 ] [L0 ] [L1 ]
POC   65 TId: 0 ( I-SLICE, nQP 26 QP 26 )   12839912 bits [Y 99.9900 dB    U 99.9900 dB    V 99.9900 dB] [ET    18 ] [L0 ] [L1 ]
POC   66 TId: 0 ( I-SLICE, nQP 26 QP 26 )   12841080 bits [Y 99.9900 dB    U 99.9900 dB    V 99.9900 dB] [ET    18 ] [L0 ] [L1 ]
POC   67 TId: 0 ( I-SLICE, nQP 26 QP 26 )   12815304 bits [Y 99.9900 dB    U 99.9900 dB    V 99.9900 dB] [ET    18 ] [L0 ] [L1 ]
POC   68 TId: 0 ( I-SLICE, nQP 26 QP 26 )   12821360 bits [Y 99.9900 dB    U 99.9900 dB    V 99.9900 dB] [ET    18 ] [L0 ] [L1 ]
POC   69 TId: 0 ( I-SLICE, nQP 26 QP 26 )   12826832 bits [Y 99.9900 dB    U 99.9900 dB    V 99.9900 dB] [ET    18 ] [L0 ] [L1 ]
POC   70 TId: 0 ( I-SLICE, nQP 26 QP 26 )   12821064 bits [Y 99.9900 dB    U 99.9900 dB    V 99.9900 dB] [ET    18 ] [L0 ] [L1 ]
POC   71 TId: 0 ( I-SLICE, nQP 26 QP 26 )   12828312 bits [Y 99.9900 dB    U 99.9900 dB    V 99.9900 dB] [ET    18 ] [L0 ] [L1 ]
POC   72 TId: 0 ( I-SLICE, nQP 26 QP 26 )   12835392 bits [Y 99.9900 dB    U 99.9900 dB    V 99.9900 dB] [ET    18 ] [L0 ] [L1 ]
POC   73 TId: 0 ( I-SLICE, nQP 26 QP 26 )   12821864 bits [Y 99.9900 dB    U 99.9900 dB    V 99.9900 dB] [ET    18 ] [L0 ] [L1 ]
POC   74 TId: 0 ( I-SLICE, nQP 26 QP 26 )   12807384 bits [Y 99.9900 dB    U 99.9900 dB    V 99.9900 dB] [ET    18 ] [L0 ] [L1 ]
POC   75 TId: 0 ( I-SLICE, nQP 26 QP 26 )   12818200 bits [Y 99.9900 dB    U 99.9900 dB    V 99.9900 dB] [ET    18 ] [L0 ] [L1 ]
POC   76 TId: 0 ( I-SLICE, nQP 26 QP 26 )   12788128 bits [Y 99.9900 dB    U 99.9900 dB    V 99.9900 dB] [ET    18 ] [L0 ] [L1 ]
POC   77 TId: 0 ( I-SLICE, nQP 26 QP 26 )   12807560 bits [Y 99.9900 dB    U 99.9900 dB    V 99.9900 dB] [ET    18 ] [L0 ] [L1 ]
POC   78 TId: 0 ( I-SLICE, nQP 26 QP 26 )   12800216 bits [Y 99.9900 dB    U 99.9900 dB    V 99.9900 dB] [ET    18 ] [L0 ] [L1 ]
POC   79 TId: 0 ( I-SLICE, nQP 26 QP 26 )   12808600 bits [Y 99.9900 dB    U 99.9900 dB    V 99.9900 dB] [ET    18 ] [L0 ] [L1 ]
POC   80 TId: 0 ( I-SLICE, nQP 26 QP 26 )   12803568 bits [Y 99.9900 dB    U 99.9900 dB    V 99.9900 dB] [ET    18 ] [L0 ] [L1 ]
POC   81 TId: 0 ( I-SLICE, nQP 26 QP 26 )   12792776 bits [Y 99.9900 dB    U 99.9900 dB    V 99.9900 dB] [ET    18 ] [L0 ] [L1 ]
POC   82 TId: 0 ( I-SLICE, nQP 26 QP 26 )   12801712 bits [Y 99.9900 dB    U 99.9900 dB    V 99.9900 dB] [ET    18 ] [L0 ] [L1 ]
POC   83 TId: 0 ( I-SLICE, nQP 26 QP 26 )   12803472 bits [Y 99.9900 dB    U 99.9900 dB    V 99.9900 dB] [ET    18 ] [L0 ] [L1 ]
POC   84 TId: 0 ( I-SLICE, nQP 26 QP 26 )   12805744 bits [Y 99.9900 dB    U 99.9900 dB    V 99.9900 dB] [ET    18 ] [L0 ] [L1 ]
POC   85 TId: 0 ( I-SLICE, nQP 26 QP 26 )   12802664 bits [Y 99.9900 dB    U 99.9900 dB    V 99.9900 dB] [ET    18 ] [L0 ] [L1 ]
POC   86 TId: 0 ( I-SLICE, nQP 26 QP 26 )   12788456 bits [Y 99.9900 dB    U 99.9900 dB    V 99.9900 dB] [ET    18 ] [L0 ] [L1 ]
POC   87 TId: 0 ( I-SLICE, nQP 26 QP 26 )   12786864 bits [Y 99.9900 dB    U 99.9900 dB    V 99.9900 dB] [ET    18 ] [L0 ] [L1 ]
POC   88 TId: 0 ( I-SLICE, nQP 26 QP 26 )   12792704 bits [Y 99.9900 dB    U 99.9900 dB    V 99.9900 dB] [ET    18 ] [L0 ] [L1 ]
POC   89 TId: 0 ( I-SLICE, nQP 26 QP 26 )   12780208 bits [Y 99.9900 dB    U 99.9900 dB    V 99.9900 dB] [ET    18 ] [L0 ] [L1 ]
POC   90 TId: 0 ( I-SLICE, nQP 26 QP 26 )   12795024 bits [Y 99.9900 dB    U 99.9900 dB    V 99.9900 dB] [ET    18 ] [L0 ] [L1 ]
POC   91 TId: 0 ( I-SLICE, nQP 26 QP 26 )   12787952 bits [Y 99.9900 dB    U 99.9900 dB    V 99.9900 dB] [ET    18 ] [L0 ] [L1 ]
POC   92 TId: 0 ( I-SLICE, nQP 26 QP 26 )   12785096 bits [Y 99.9900 dB    U 99.9900 dB    V 99.9900 dB] [ET    18 ] [L0 ] [L1 ]
POC   93 TId: 0 ( I-SLICE, nQP 26 QP 26 )   12766448 bits [Y 99.9900 dB    U 99.9900 dB    V 99.9900 dB] [ET    18 ] [L0 ] [L1 ]
POC   94 TId: 0 ( I-SLICE, nQP 26 QP 26 )   12764728 bits [Y 99.9900 dB    U 99.9900 dB    V 99.9900 dB] [ET    18 ] [L0 ] [L1 ]
POC   95 TId: 0 ( I-SLICE, nQP 26 QP 26 )   12770856 bits [Y 99.9900 dB    U 99.9900 dB    V 99.9900 dB] [ET    18 ] [L0 ] [L1 ]
POC   96 TId: 0 ( I-SLICE, nQP 26 QP 26 )   12755560 bits [Y 99.9900 dB    U 99.9900 dB    V 99.9900 dB] [ET    18 ] [L0 ] [L1 ]
POC   97 TId: 0 ( I-SLICE, nQP 26 QP 26 )   12750320 bits [Y 99.9900 dB    U 99.9900 dB    V 99.9900 dB] [ET    18 ] [L0 ] [L1 ]
POC   98 TId: 0 ( I-SLICE, nQP 26 QP 26 )   12747936 bits [Y 99.9900 dB    U 99.9900 dB    V 99.9900 dB] [ET    18 ] [L0 ] [L1 ]
POC   99 TId: 0 ( I-SLICE, nQP 26 QP 26 )   12720344 bits [Y 99.9900 dB    U 99.9900 dB    V 99.9900 dB] [ET    18 ] [L0 ] [L1 ]


SUMMARY --------------------------------------------------------
	Total Frames |  Bitrate    Y-PSNR    U-PSNR    V-PSNR 
	      100    a 304211.9328   99.9900   99.9900   99.9900


I Slices--------------------------------------------------------
	Total Frames |  Bitrate    Y-PSNR    U-PSNR    V-PSNR 
	      100    i 304211.9328   99.9900   99.9900   99.9900


P Slices--------------------------------------------------------
	Total Frames |  Bitrate    Y-PSNR    U-PSNR    V-PSNR 
	        0    p        -nan      -nan      -nan      -nan


B Slices--------------------------------------------------------
	Total Frames |  Bitrate    Y-PSNR    U-PSNR    V-PSNR 
	        0    b        -nan      -nan      -nan      -nan

RVM: 0.000
Bytes written to file: 158444126 (304212.722 kbps)

 Total Time:     1783.031 sec.
