
HM software: Encoder Version [15.0][Linux][GCC 4.8.5][64 bit] 

Input          File          : ../../HEVC_test_sequence/ClassB/ParkScene_1920x1080_24.yuv
Bitstream      File          : ParkScene.bin
Reconstruction File          : ParkScene.yuv
Real     Format              : 1920x1080 24Hz
Internal Format              : 1920x1080 24Hz
Frame/Field                  : Frame based coding
Frame index                  : 0 - 99 (100 frames)
CU size / depth              : 64 / 4
RQT trans. size (min / max)  : 4 / 32
Max RQT depth inter          : 3
Max RQT depth intra          : 3
Min PCM size                 : 8
Motion search range          : 64
Intra period                 : 1
Decoding refresh type        : 0
QP                           : 26.00
Max dQP signaling depth      : 0
Cb QP Offset                 : 0
Cr QP Offset                 : 0
QP adaptation                : 0 (range=0)
GOP size                     : 1
Internal bit depth           : (Y:8, C:8)
PCM sample bit depth         : (Y:8, C:8)
RateControl                  : 0
Max Num Merge Candidates     : 5

TOOL CFG: IBD:0 HAD:0 RDQ:0 RDQTS:0 RDpenalty:0 SQP:0 ASR:0 FEN:0 ECU:0 FDM:0 CFM:0 ESD:0 RQT:1 TransformSkip:0 TransformSkipFast:0 Slice: M=0 SliceSegment: M=0 CIP:0 SAO:0 PCM:0 TransQuantBypassEnabled: =1 WPP:0 WPB:0 PME:2  WaveFrontSynchro:0 WaveFrontSubstreams:1 ScalingList:0 TMVPMode:1 AQpS:0 SignBitHidingFlag:1 RecalQP:0

POC    0 TId: 0 ( I-SLICE, nQP 26 QP 26 )   11831168 bits [Y 99.9900 dB    U 99.9900 dB    V 99.9900 dB] [ET    18 ] [L0 ] [L1 ]
POC    1 TId: 0 ( I-SLICE, nQP 26 QP 26 )   11842168 bits [Y 99.9900 dB    U 99.9900 dB    V 99.9900 dB] [ET    18 ] [L0 ] [L1 ]
POC    2 TId: 0 ( I-SLICE, nQP 26 QP 26 )   11845272 bits [Y 99.9900 dB    U 99.9900 dB    V 99.9900 dB] [ET    18 ] [L0 ] [L1 ]
POC    3 TId: 0 ( I-SLICE, nQP 26 QP 26 )   11844000 bits [Y 99.9900 dB    U 99.9900 dB    V 99.9900 dB] [ET    18 ] [L0 ] [L1 ]
POC    4 TId: 0 ( I-SLICE, nQP 26 QP 26 )   11832696 bits [Y 99.9900 dB    U 99.9900 dB    V 99.9900 dB] [ET    18 ] [L0 ] [L1 ]
POC    5 TId: 0 ( I-SLICE, nQP 26 QP 26 )   11854552 bits [Y 99.9900 dB    U 99.9900 dB    V 99.9900 dB] [ET    18 ] [L0 ] [L1 ]
POC    6 TId: 0 ( I-SLICE, nQP 26 QP 26 )   11841616 bits [Y 99.9900 dB    U 99.9900 dB    V 99.9900 dB] [ET    18 ] [L0 ] [L1 ]
POC    7 TId: 0 ( I-SLICE, nQP 26 QP 26 )   11855016 bits [Y 99.9900 dB    U 99.9900 dB    V 99.9900 dB] [ET    18 ] [L0 ] [L1 ]
POC    8 TId: 0 ( I-SLICE, nQP 26 QP 26 )   11845800 bits [Y 99.9900 dB    U 99.9900 dB    V 99.9900 dB] [ET    18 ] [L0 ] [L1 ]
POC    9 TId: 0 ( I-SLICE, nQP 26 QP 26 )   11830336 bits [Y 99.9900 dB    U 99.9900 dB    V 99.9900 dB] [ET    18 ] [L0 ] [L1 ]
POC   10 TId: 0 ( I-SLICE, nQP 26 QP 26 )   11835000 bits [Y 99.9900 dB    U 99.9900 dB    V 99.9900 dB] [ET    18 ] [L0 ] [L1 ]
POC   11 TId: 0 ( I-SLICE, nQP 26 QP 26 )   11840520 bits [Y 99.9900 dB    U 99.9900 dB    V 99.9900 dB] [ET    18 ] [L0 ] [L1 ]
POC   12 TId: 0 ( I-SLICE, nQP 26 QP 26 )   11825152 bits [Y 99.9900 dB    U 99.9900 dB    V 99.9900 dB] [ET    18 ] [L0 ] [L1 ]
POC   13 TId: 0 ( I-SLICE, nQP 26 QP 26 )   11824848 bits [Y 99.9900 dB    U 99.9900 dB    V 99.9900 dB] [ET    18 ] [L0 ] [L1 ]
POC   14 TId: 0 ( I-SLICE, nQP 26 QP 26 )   11833248 bits [Y 99.9900 dB    U 99.9900 dB    V 99.9900 dB] [ET    18 ] [L0 ] [L1 ]
POC   15 TId: 0 ( I-SLICE, nQP 26 QP 26 )   11793392 bits [Y 99.9900 dB    U 99.9900 dB    V 99.9900 dB] [ET    18 ] [L0 ] [L1 ]
POC   16 TId: 0 ( I-SLICE, nQP 26 QP 26 )   11817608 bits [Y 99.9900 dB    U 99.9900 dB    V 99.9900 dB] [ET    18 ] [L0 ] [L1 ]
POC   17 TId: 0 ( I-SLICE, nQP 26 QP 26 )   11788280 bits [Y 99.9900 dB    U 99.9900 dB    V 99.9900 dB] [ET    19 ] [L0 ] [L1 ]
POC   18 TId: 0 ( I-SLICE, nQP 26 QP 26 )   11808352 bits [Y 99.9900 dB    U 99.9900 dB    V 99.9900 dB] [ET    18 ] [L0 ] [L1 ]
POC   19 TId: 0 ( I-SLICE, nQP 26 QP 26 )   11818800 bits [Y 99.9900 dB    U 99.9900 dB    V 99.9900 dB] [ET    18 ] [L0 ] [L1 ]
POC   20 TId: 0 ( I-SLICE, nQP 26 QP 26 )   11796680 bits [Y 99.9900 dB    U 99.9900 dB    V 99.9900 dB] [ET    18 ] [L0 ] [L1 ]
POC   21 TId: 0 ( I-SLICE, nQP 26 QP 26 )   11800088 bits [Y 99.9900 dB    U 99.9900 dB    V 99.9900 dB] [ET    18 ] [L0 ] [L1 ]
POC   22 TId: 0 ( I-SLICE, nQP 26 QP 26 )   11787232 bits [Y 99.9900 dB    U 99.9900 dB    V 99.9900 dB] [ET    18 ] [L0 ] [L1 ]
POC   23 TId: 0 ( I-SLICE, nQP 26 QP 26 )   11808016 bits [Y 99.9900 dB    U 99.9900 dB    V 99.9900 dB] [ET    18 ] [L0 ] [L1 ]
POC   24 TId: 0 ( I-SLICE, nQP 26 QP 26 )   11814232 bits [Y 99.9900 dB    U 99.9900 dB    V 99.9900 dB] [ET    18 ] [L0 ] [L1 ]
POC   25 TId: 0 ( I-SLICE, nQP 26 QP 26 )   11782112 bits [Y 99.9900 dB    U 99.9900 dB    V 99.9900 dB] [ET    18 ] [L0 ] [L1 ]
POC   26 TId: 0 ( I-SLICE, nQP 26 QP 26 )   11811696 bits [Y 99.9900 dB    U 99.9900 dB    V 99.9900 dB] [ET    18 ] [L0 ] [L1 ]
POC   27 TId: 0 ( I-SLICE, nQP 26 QP 26 )   11801640 bits [Y 99.9900 dB    U 99.9900 dB    V 99.9900 dB] [ET    18 ] [L0 ] [L1 ]
POC   28 TId: 0 ( I-SLICE, nQP 26 QP 26 )   11822064 bits [Y 99.9900 dB    U 99.9900 dB    V 99.9900 dB] [ET    18 ] [L0 ] [L1 ]
POC   29 TId: 0 ( I-SLICE, nQP 26 QP 26 )   11830952 bits [Y 99.9900 dB    U 99.9900 dB    V 99.9900 dB] [ET    18 ] [L0 ] [L1 ]
POC   30 TId: 0 ( I-SLICE, nQP 26 QP 26 )   11846912 bits [Y 99.9900 dB    U 99.9900 dB    V 99.9900 dB] [ET    18 ] [L0 ] [L1 ]
POC   31 TId: 0 ( I-SLICE, nQP 26 QP 26 )   11853624 bits [Y 99.9900 dB    U 99.9900 dB    V 99.9900 dB] [ET    18 ] [L0 ] [L1 ]
POC   32 TId: 0 ( I-SLICE, nQP 26 QP 26 )   11871824 bits [Y 99.9900 dB    U 99.9900 dB    V 99.9900 dB] [ET    18 ] [L0 ] [L1 ]
POC   33 TId: 0 ( I-SLICE, nQP 26 QP 26 )   11867176 bits [Y 99.9900 dB    U 99.9900 dB    V 99.9900 dB] [ET    18 ] [L0 ] [L1 ]
POC   34 TId: 0 ( I-SLICE, nQP 26 QP 26 )   11874672 bits [Y 99.9900 dB    U 99.9900 dB    V 99.9900 dB] [ET    18 ] [L0 ] [L1 ]
POC   35 TId: 0 ( I-SLICE, nQP 26 QP 26 )   11875280 bits [Y 99.9900 dB    U 99.9900 dB    V 99.9900 dB] [ET    18 ] [L0 ] [L1 ]
POC   36 TId: 0 ( I-SLICE, nQP 26 QP 26 )   11902184 bits [Y 99.9900 dB    U 99.9900 dB    V 99.9900 dB] [ET    18 ] [L0 ] [L1 ]
POC   37 TId: 0 ( I-SLICE, nQP 26 QP 26 )   11933176 bits [Y 99.9900 dB    U 99.9900 dB    V 99.9900 dB] [ET    18 ] [L0 ] [L1 ]
POC   38 TId: 0 ( I-SLICE, nQP 26 QP 26 )   11931928 bits [Y 99.9900 dB    U 99.9900 dB    V 99.9900 dB] [ET    18 ] [L0 ] [L1 ]
POC   39 TId: 0 ( I-SLICE, nQP 26 QP 26 )   11956928 bits [Y 99.9900 dB    U 99.9900 dB    V 99.9900 dB] [ET    18 ] [L0 ] [L1 ]
POC   40 TId: 0 ( I-SLICE, nQP 26 QP 26 )   11974528 bits [Y 99.9900 dB    U 99.9900 dB    V 99.9900 dB] [ET    18 ] [L0 ] [L1 ]
POC   41 TId: 0 ( I-SLICE, nQP 26 QP 26 )   11969232 bits [Y 99.9900 dB    U 99.9900 dB    V 99.9900 dB] [ET    18 ] [L0 ] [L1 ]
POC   42 TId: 0 ( I-SLICE, nQP 26 QP 26 )   11978568 bits [Y 99.9900 dB    U 99.9900 dB    V 99.9900 dB] [ET    18 ] [L0 ] [L1 ]
POC   43 TId: 0 ( I-SLICE, nQP 26 QP 26 )   12027464 bits [Y 99.9900 dB    U 99.9900 dB    V 99.9900 dB] [ET    18 ] [L0 ] [L1 ]
POC   44 TId: 0 ( I-SLICE, nQP 26 QP 26 )   12037544 bits [Y 99.9900 dB    U 99.9900 dB    V 99.9900 dB] [ET    18 ] [L0 ] [L1 ]
POC   45 TId: 0 ( I-SLICE, nQP 26 QP 26 )   12053960 bits [Y 99.9900 dB    U 99.9900 dB    V 99.9900 dB] [ET    18 ] [L0 ] [L1 ]
POC   46 TId: 0 ( I-SLICE, nQP 26 QP 26 )   12057872 bits [Y 99.9900 dB    U 99.9900 dB    V 99.9900 dB] [ET    18 ] [L0 ] [L1 ]
POC   47 TId: 0 ( I-SLICE, nQP 26 QP 26 )   12050480 bits [Y 99.9900 dB    U 99.9900 dB    V 99.9900 dB] [ET    18 ] [L0 ] [L1 ]
POC   48 TId: 0 ( I-SLICE, nQP 26 QP 26 )   12052560 bits [Y 99.9900 dB    U 99.9900 dB    V 99.9900 dB] [ET    18 ] [L0 ] [L1 ]
POC   49 TId: 0 ( I-SLICE, nQP 26 QP 26 )   12049904 bits [Y 99.9900 dB    U 99.9900 dB    V 99.9900 dB] [ET    18 ] [L0 ] [L1 ]
POC   50 TId: 0 ( I-SLICE, nQP 26 QP 26 )   12044072 bits [Y 99.9900 dB    U 99.9900 dB    V 99.9900 dB] [ET    18 ] [L0 ] [L1 ]
POC   51 TId: 0 ( I-SLICE, nQP 26 QP 26 )   12029240 bits [Y 99.9900 dB    U 99.9900 dB    V 99.9900 dB] [ET    18 ] [L0 ] [L1 ]
POC   52 TId: 0 ( I-SLICE, nQP 26 QP 26 )   12012848 bits [Y 99.9900 dB    U 99.9900 dB    V 99.9900 dB] [ET    18 ] [L0 ] [L1 ]
POC   53 TId: 0 ( I-SLICE, nQP 26 QP 26 )   12005824 bits [Y 99.9900 dB    U 99.9900 dB    V 99.9900 dB] [ET    19 ] [L0 ] [L1 ]
POC   54 TId: 0 ( I-SLICE, nQP 26 QP 26 )   12001136 bits [Y 99.9900 dB    U 99.9900 dB    V 99.9900 dB] [ET    18 ] [L0 ] [L1 ]
POC   55 TId: 0 ( I-SLICE, nQP 26 QP 26 )   12000592 bits [Y 99.9900 dB    U 99.9900 dB    V 99.9900 dB] [ET    18 ] [L0 ] [L1 ]
POC   56 TId: 0 ( I-SLICE, nQP 26 QP 26 )   12009792 bits [Y 99.9900 dB    U 99.9900 dB    V 99.9900 dB] [ET    18 ] [L0 ] [L1 ]
POC   57 TId: 0 ( I-SLICE, nQP 26 QP 26 )   12015840 bits [Y 99.9900 dB    U 99.9900 dB    V 99.9900 dB] [ET    18 ] [L0 ] [L1 ]
POC   58 TId: 0 ( I-SLICE, nQP 26 QP 26 )   12012928 bits [Y 99.9900 dB    U 99.9900 dB    V 99.9900 dB] [ET    18 ] [L0 ] [L1 ]
POC   59 TId: 0 ( I-SLICE, nQP 26 QP 26 )   12031696 bits [Y 99.9900 dB    U 99.9900 dB    V 99.9900 dB] [ET    18 ] [L0 ] [L1 ]
POC   60 TId: 0 ( I-SLICE, nQP 26 QP 26 )   12036080 bits [Y 99.9900 dB    U 99.9900 dB    V 99.9900 dB] [ET    18 ] [L0 ] [L1 ]
POC   61 TId: 0 ( I-SLICE, nQP 26 QP 26 )   12028216 bits [Y 99.9900 dB    U 99.9900 dB    V 99.9900 dB] [ET    18 ] [L0 ] [L1 ]
POC   62 TId: 0 ( I-SLICE, nQP 26 QP 26 )   12063960 bits [Y 99.9900 dB    U 99.9900 dB    V 99.9900 dB] [ET    18 ] [L0 ] [L1 ]
POC   63 TId: 0 ( I-SLICE, nQP 26 QP 26 )   12053128 bits [Y 99.9900 dB    U 99.9900 dB    V 99.9900 dB] [ET    18 ] [L0 ] [L1 ]
POC   64 TId: 0 ( I-SLICE, nQP 26 QP 26 )   12045984 bits [Y 99.9900 dB    U 99.9900 dB    V 99.9900 dB] [ET    18 ] [L0 ] [L1 ]
POC   65 TId: 0 ( I-SLICE, nQP 26 QP 26 )   12047024 bits [Y 99.9900 dB    U 99.9900 dB    V 99.9900 dB] [ET    18 ] [L0 ] [L1 ]
POC   66 TId: 0 ( I-SLICE, nQP 26 QP 26 )   12048592 bits [Y 99.9900 dB    U 99.9900 dB    V 99.9900 dB] [ET    18 ] [L0 ] [L1 ]
POC   67 TId: 0 ( I-SLICE, nQP 26 QP 26 )   12021016 bits [Y 99.9900 dB    U 99.9900 dB    V 99.9900 dB] [ET    18 ] [L0 ] [L1 ]
POC   68 TId: 0 ( I-SLICE, nQP 26 QP 26 )   12019336 bits [Y 99.9900 dB    U 99.9900 dB    V 99.9900 dB] [ET    18 ] [L0 ] [L1 ]
POC   69 TId: 0 ( I-SLICE, nQP 26 QP 26 )   12034312 bits [Y 99.9900 dB    U 99.9900 dB    V 99.9900 dB] [ET    18 ] [L0 ] [L1 ]
POC   70 TId: 0 ( I-SLICE, nQP 26 QP 26 )   12029872 bits [Y 99.9900 dB    U 99.9900 dB    V 99.9900 dB] [ET    19 ] [L0 ] [L1 ]
POC   71 TId: 0 ( I-SLICE, nQP 26 QP 26 )   12041520 bits [Y 99.9900 dB    U 99.9900 dB    V 99.9900 dB] [ET    19 ] [L0 ] [L1 ]
POC   72 TId: 0 ( I-SLICE, nQP 26 QP 26 )   12055576 bits [Y 99.9900 dB    U 99.9900 dB    V 99.9900 dB] [ET    18 ] [L0 ] [L1 ]
POC   73 TId: 0 ( I-SLICE, nQP 26 QP 26 )   12029504 bits [Y 99.9900 dB    U 99.9900 dB    V 99.9900 dB] [ET    18 ] [L0 ] [L1 ]
POC   74 TId: 0 ( I-SLICE, nQP 26 QP 26 )   12012872 bits [Y 99.9900 dB    U 99.9900 dB    V 99.9900 dB] [ET    18 ] [L0 ] [L1 ]
POC   75 TId: 0 ( I-SLICE, nQP 26 QP 26 )   12031536 bits [Y 99.9900 dB    U 99.9900 dB    V 99.9900 dB] [ET    18 ] [L0 ] [L1 ]
POC   76 TId: 0 ( I-SLICE, nQP 26 QP 26 )   11986640 bits [Y 99.9900 dB    U 99.9900 dB    V 99.9900 dB] [ET    18 ] [L0 ] [L1 ]
POC   77 TId: 0 ( I-SLICE, nQP 26 QP 26 )   12038424 bits [Y 99.9900 dB    U 99.9900 dB    V 99.9900 dB] [ET    19 ] [L0 ] [L1 ]
POC   78 TId: 0 ( I-SLICE, nQP 26 QP 26 )   12003408 bits [Y 99.9900 dB    U 99.9900 dB    V 99.9900 dB] [ET    18 ] [L0 ] [L1 ]
POC   79 TId: 0 ( I-SLICE, nQP 26 QP 26 )   12021040 bits [Y 99.9900 dB    U 99.9900 dB    V 99.9900 dB] [ET    18 ] [L0 ] [L1 ]
POC   80 TId: 0 ( I-SLICE, nQP 26 QP 26 )   12022624 bits [Y 99.9900 dB    U 99.9900 dB    V 99.9900 dB] [ET    18 ] [L0 ] [L1 ]
POC   81 TId: 0 ( I-SLICE, nQP 26 QP 26 )   12005424 bits [Y 99.9900 dB    U 99.9900 dB    V 99.9900 dB] [ET    18 ] [L0 ] [L1 ]
POC   82 TId: 0 ( I-SLICE, nQP 26 QP 26 )   12031536 bits [Y 99.9900 dB    U 99.9900 dB    V 99.9900 dB] [ET    18 ] [L0 ] [L1 ]
POC   83 TId: 0 ( I-SLICE, nQP 26 QP 26 )   12034712 bits [Y 99.9900 dB    U 99.9900 dB    V 99.9900 dB] [ET    18 ] [L0 ] [L1 ]
POC   84 TId: 0 ( I-SLICE, nQP 26 QP 26 )   12018576 bits [Y 99.9900 dB    U 99.9900 dB    V 99.9900 dB] [ET    18 ] [L0 ] [L1 ]
POC   85 TId: 0 ( I-SLICE, nQP 26 QP 26 )   12028096 bits [Y 99.9900 dB    U 99.9900 dB    V 99.9900 dB] [ET    18 ] [L0 ] [L1 ]
POC   86 TId: 0 ( I-SLICE, nQP 26 QP 26 )   11994016 bits [Y 99.9900 dB    U 99.9900 dB    V 99.9900 dB] [ET    18 ] [L0 ] [L1 ]
POC   87 TId: 0 ( I-SLICE, nQP 26 QP 26 )   11992768 bits [Y 99.9900 dB    U 99.9900 dB    V 99.9900 dB] [ET    18 ] [L0 ] [L1 ]
POC   88 TId: 0 ( I-SLICE, nQP 26 QP 26 )   11998096 bits [Y 99.9900 dB    U 99.9900 dB    V 99.9900 dB] [ET    18 ] [L0 ] [L1 ]
POC   89 TId: 0 ( I-SLICE, nQP 26 QP 26 )   11994096 bits [Y 99.9900 dB    U 99.9900 dB    V 99.9900 dB] [ET    18 ] [L0 ] [L1 ]
POC   90 TId: 0 ( I-SLICE, nQP 26 QP 26 )   11991376 bits [Y 99.9900 dB    U 99.9900 dB    V 99.9900 dB] [ET    18 ] [L0 ] [L1 ]
POC   91 TId: 0 ( I-SLICE, nQP 26 QP 26 )   11995560 bits [Y 99.9900 dB    U 99.9900 dB    V 99.9900 dB] [ET    18 ] [L0 ] [L1 ]
POC   92 TId: 0 ( I-SLICE, nQP 26 QP 26 )   11991048 bits [Y 99.9900 dB    U 99.9900 dB    V 99.9900 dB] [ET    18 ] [L0 ] [L1 ]
POC   93 TId: 0 ( I-SLICE, nQP 26 QP 26 )   12002176 bits [Y 99.9900 dB    U 99.9900 dB    V 99.9900 dB] [ET    18 ] [L0 ] [L1 ]
POC   94 TId: 0 ( I-SLICE, nQP 26 QP 26 )   11982568 bits [Y 99.9900 dB    U 99.9900 dB    V 99.9900 dB] [ET    18 ] [L0 ] [L1 ]
POC   95 TId: 0 ( I-SLICE, nQP 26 QP 26 )   11985472 bits [Y 99.9900 dB    U 99.9900 dB    V 99.9900 dB] [ET    18 ] [L0 ] [L1 ]
POC   96 TId: 0 ( I-SLICE, nQP 26 QP 26 )   11969576 bits [Y 99.9900 dB    U 99.9900 dB    V 99.9900 dB] [ET    18 ] [L0 ] [L1 ]
POC   97 TId: 0 ( I-SLICE, nQP 26 QP 26 )   11967984 bits [Y 99.9900 dB    U 99.9900 dB    V 99.9900 dB] [ET    18 ] [L0 ] [L1 ]
POC   98 TId: 0 ( I-SLICE, nQP 26 QP 26 )   11962640 bits [Y 99.9900 dB    U 99.9900 dB    V 99.9900 dB] [ET    18 ] [L0 ] [L1 ]
POC   99 TId: 0 ( I-SLICE, nQP 26 QP 26 )   11955464 bits [Y 99.9900 dB    U 99.9900 dB    V 99.9900 dB] [ET    18 ] [L0 ] [L1 ]


SUMMARY --------------------------------------------------------
	Total Frames |  Bitrate    Y-PSNR    U-PSNR    V-PSNR 
	      100    a 286695.4003   99.9900   99.9900   99.9900


I Slices--------------------------------------------------------
	Total Frames |  Bitrate    Y-PSNR    U-PSNR    V-PSNR 
	      100    i 286695.4003   99.9900   99.9900   99.9900


P Slices--------------------------------------------------------
	Total Frames |  Bitrate    Y-PSNR    U-PSNR    V-PSNR 
	        0    p        -nan      -nan      -nan      -nan


B Slices--------------------------------------------------------
	Total Frames |  Bitrate    Y-PSNR    U-PSNR    V-PSNR 
	        0    b        -nan      -nan      -nan      -nan

RVM: 0.000
Bytes written to file: 149320932 (286696.189 kbps)

 Total Time:     1831.156 sec.
