
HM software: Encoder Version [15.0][Linux][GCC 4.8.5][64 bit] 

Input          File          : ../../HEVC_test_sequence/ClassF/SlideShow_1280x720_20.yuv
Bitstream      File          : SlideShow.bin
Reconstruction File          : SlideShow.yuv
Real     Format              : 1280x720 20Hz
Internal Format              : 1280x720 20Hz
Frame/Field                  : Frame based coding
Frame index                  : 0 - 99 (100 frames)
CU size / depth              : 64 / 4
RQT trans. size (min / max)  : 4 / 32
Max RQT depth inter          : 3
Max RQT depth intra          : 3
Min PCM size                 : 8
Motion search range          : 64
Intra period                 : 1
Decoding refresh type        : 0
QP                           : 26.00
Max dQP signaling depth      : 0
Cb QP Offset                 : 0
Cr QP Offset                 : 0
QP adaptation                : 0 (range=0)
GOP size                     : 1
Internal bit depth           : (Y:8, C:8)
PCM sample bit depth         : (Y:8, C:8)
RateControl                  : 0
Max Num Merge Candidates     : 5

TOOL CFG: IBD:0 HAD:0 RDQ:0 RDQTS:0 RDpenalty:0 SQP:0 ASR:0 FEN:0 ECU:0 FDM:0 CFM:0 ESD:0 RQT:1 TransformSkip:0 TransformSkipFast:0 Slice: M=0 SliceSegment: M=0 CIP:0 SAO:0 PCM:0 TransQuantBypassEnabled: =1 WPP:0 WPB:0 PME:2  WaveFrontSynchro:0 WaveFrontSubstreams:1 ScalingList:0 TMVPMode:1 AQpS:0 SignBitHidingFlag:1 RecalQP:0

POC    0 TId: 0 ( I-SLICE, nQP 26 QP 26 )    1838704 bits [Y 99.9900 dB    U 99.9900 dB    V 99.9900 dB] [ET     6 ] [L0 ] [L1 ]
POC    1 TId: 0 ( I-SLICE, nQP 26 QP 26 )       5776 bits [Y 99.9900 dB    U 99.9900 dB    V 99.9900 dB] [ET     4 ] [L0 ] [L1 ]
POC    2 TId: 0 ( I-SLICE, nQP 26 QP 26 )       2656 bits [Y 99.9900 dB    U 99.9900 dB    V 99.9900 dB] [ET     4 ] [L0 ] [L1 ]
POC    3 TId: 0 ( I-SLICE, nQP 26 QP 26 )     197304 bits [Y 99.9900 dB    U 99.9900 dB    V 99.9900 dB] [ET     4 ] [L0 ] [L1 ]
POC    4 TId: 0 ( I-SLICE, nQP 26 QP 26 )     439648 bits [Y 99.9900 dB    U 99.9900 dB    V 99.9900 dB] [ET     4 ] [L0 ] [L1 ]
POC    5 TId: 0 ( I-SLICE, nQP 26 QP 26 )     653928 bits [Y 99.9900 dB    U 99.9900 dB    V 99.9900 dB] [ET     5 ] [L0 ] [L1 ]
POC    6 TId: 0 ( I-SLICE, nQP 26 QP 26 )     912608 bits [Y 99.9900 dB    U 99.9900 dB    V 99.9900 dB] [ET     5 ] [L0 ] [L1 ]
POC    7 TId: 0 ( I-SLICE, nQP 26 QP 26 )    1203016 bits [Y 99.9900 dB    U 99.9900 dB    V 99.9900 dB] [ET     5 ] [L0 ] [L1 ]
POC    8 TId: 0 ( I-SLICE, nQP 26 QP 26 )    1433072 bits [Y 99.9900 dB    U 99.9900 dB    V 99.9900 dB] [ET     6 ] [L0 ] [L1 ]
POC    9 TId: 0 ( I-SLICE, nQP 26 QP 26 )    1730512 bits [Y 99.9900 dB    U 99.9900 dB    V 99.9900 dB] [ET     6 ] [L0 ] [L1 ]
POC   10 TId: 0 ( I-SLICE, nQP 26 QP 26 )    2027912 bits [Y 99.9900 dB    U 99.9900 dB    V 99.9900 dB] [ET     6 ] [L0 ] [L1 ]
POC   11 TId: 0 ( I-SLICE, nQP 26 QP 26 )    2123816 bits [Y 99.9900 dB    U 99.9900 dB    V 99.9900 dB] [ET     6 ] [L0 ] [L1 ]
POC   12 TId: 0 ( I-SLICE, nQP 26 QP 26 )    2123904 bits [Y 99.9900 dB    U 99.9900 dB    V 99.9900 dB] [ET     6 ] [L0 ] [L1 ]
POC   13 TId: 0 ( I-SLICE, nQP 26 QP 26 )    2124304 bits [Y 99.9900 dB    U 99.9900 dB    V 99.9900 dB] [ET     6 ] [L0 ] [L1 ]
POC   14 TId: 0 ( I-SLICE, nQP 26 QP 26 )    2124448 bits [Y 99.9900 dB    U 99.9900 dB    V 99.9900 dB] [ET     6 ] [L0 ] [L1 ]
POC   15 TId: 0 ( I-SLICE, nQP 26 QP 26 )    2124200 bits [Y 99.9900 dB    U 99.9900 dB    V 99.9900 dB] [ET     6 ] [L0 ] [L1 ]
POC   16 TId: 0 ( I-SLICE, nQP 26 QP 26 )    2124328 bits [Y 99.9900 dB    U 99.9900 dB    V 99.9900 dB] [ET     6 ] [L0 ] [L1 ]
POC   17 TId: 0 ( I-SLICE, nQP 26 QP 26 )    2123968 bits [Y 99.9900 dB    U 99.9900 dB    V 99.9900 dB] [ET     6 ] [L0 ] [L1 ]
POC   18 TId: 0 ( I-SLICE, nQP 26 QP 26 )    2124088 bits [Y 99.9900 dB    U 99.9900 dB    V 99.9900 dB] [ET     6 ] [L0 ] [L1 ]
POC   19 TId: 0 ( I-SLICE, nQP 26 QP 26 )    2124544 bits [Y 99.9900 dB    U 99.9900 dB    V 99.9900 dB] [ET     6 ] [L0 ] [L1 ]
POC   20 TId: 0 ( I-SLICE, nQP 26 QP 26 )    2124184 bits [Y 99.9900 dB    U 99.9900 dB    V 99.9900 dB] [ET     6 ] [L0 ] [L1 ]
POC   21 TId: 0 ( I-SLICE, nQP 26 QP 26 )    2124104 bits [Y 99.9900 dB    U 99.9900 dB    V 99.9900 dB] [ET     6 ] [L0 ] [L1 ]
POC   22 TId: 0 ( I-SLICE, nQP 26 QP 26 )    2123624 bits [Y 99.9900 dB    U 99.9900 dB    V 99.9900 dB] [ET     6 ] [L0 ] [L1 ]
POC   23 TId: 0 ( I-SLICE, nQP 26 QP 26 )    2123808 bits [Y 99.9900 dB    U 99.9900 dB    V 99.9900 dB] [ET     6 ] [L0 ] [L1 ]
POC   24 TId: 0 ( I-SLICE, nQP 26 QP 26 )    2123808 bits [Y 99.9900 dB    U 99.9900 dB    V 99.9900 dB] [ET     6 ] [L0 ] [L1 ]
POC   25 TId: 0 ( I-SLICE, nQP 26 QP 26 )    2123808 bits [Y 99.9900 dB    U 99.9900 dB    V 99.9900 dB] [ET     6 ] [L0 ] [L1 ]
POC   26 TId: 0 ( I-SLICE, nQP 26 QP 26 )    2123808 bits [Y 99.9900 dB    U 99.9900 dB    V 99.9900 dB] [ET     6 ] [L0 ] [L1 ]
POC   27 TId: 0 ( I-SLICE, nQP 26 QP 26 )     440800 bits [Y 99.9900 dB    U 99.9900 dB    V 99.9900 dB] [ET     4 ] [L0 ] [L1 ]
POC   28 TId: 0 ( I-SLICE, nQP 26 QP 26 )     441664 bits [Y 99.9900 dB    U 99.9900 dB    V 99.9900 dB] [ET     4 ] [L0 ] [L1 ]
POC   29 TId: 0 ( I-SLICE, nQP 26 QP 26 )     442792 bits [Y 99.9900 dB    U 99.9900 dB    V 99.9900 dB] [ET     4 ] [L0 ] [L1 ]
POC   30 TId: 0 ( I-SLICE, nQP 26 QP 26 )     448088 bits [Y 99.9900 dB    U 99.9900 dB    V 99.9900 dB] [ET     4 ] [L0 ] [L1 ]
POC   31 TId: 0 ( I-SLICE, nQP 26 QP 26 )     454488 bits [Y 99.9900 dB    U 99.9900 dB    V 99.9900 dB] [ET     4 ] [L0 ] [L1 ]
POC   32 TId: 0 ( I-SLICE, nQP 26 QP 26 )     465576 bits [Y 99.9900 dB    U 99.9900 dB    V 99.9900 dB] [ET     4 ] [L0 ] [L1 ]
POC   33 TId: 0 ( I-SLICE, nQP 26 QP 26 )     488576 bits [Y 99.9900 dB    U 99.9900 dB    V 99.9900 dB] [ET     4 ] [L0 ] [L1 ]
POC   34 TId: 0 ( I-SLICE, nQP 26 QP 26 )     513456 bits [Y 99.9900 dB    U 99.9900 dB    V 99.9900 dB] [ET     4 ] [L0 ] [L1 ]
POC   35 TId: 0 ( I-SLICE, nQP 26 QP 26 )     549816 bits [Y 99.9900 dB    U 99.9900 dB    V 99.9900 dB] [ET     4 ] [L0 ] [L1 ]
POC   36 TId: 0 ( I-SLICE, nQP 26 QP 26 )     620824 bits [Y 99.9900 dB    U 99.9900 dB    V 99.9900 dB] [ET     4 ] [L0 ] [L1 ]
POC   37 TId: 0 ( I-SLICE, nQP 26 QP 26 )     675984 bits [Y 99.9900 dB    U 99.9900 dB    V 99.9900 dB] [ET     5 ] [L0 ] [L1 ]
POC   38 TId: 0 ( I-SLICE, nQP 26 QP 26 )     723440 bits [Y 99.9900 dB    U 99.9900 dB    V 99.9900 dB] [ET     4 ] [L0 ] [L1 ]
POC   39 TId: 0 ( I-SLICE, nQP 26 QP 26 )     774080 bits [Y 99.9900 dB    U 99.9900 dB    V 99.9900 dB] [ET     5 ] [L0 ] [L1 ]
POC   40 TId: 0 ( I-SLICE, nQP 26 QP 26 )     821664 bits [Y 99.9900 dB    U 99.9900 dB    V 99.9900 dB] [ET     5 ] [L0 ] [L1 ]
POC   41 TId: 0 ( I-SLICE, nQP 26 QP 26 )     872784 bits [Y 99.9900 dB    U 99.9900 dB    V 99.9900 dB] [ET     5 ] [L0 ] [L1 ]
POC   42 TId: 0 ( I-SLICE, nQP 26 QP 26 )     914592 bits [Y 99.9900 dB    U 99.9900 dB    V 99.9900 dB] [ET     5 ] [L0 ] [L1 ]
POC   43 TId: 0 ( I-SLICE, nQP 26 QP 26 )     945768 bits [Y 99.9900 dB    U 99.9900 dB    V 99.9900 dB] [ET     5 ] [L0 ] [L1 ]
POC   44 TId: 0 ( I-SLICE, nQP 26 QP 26 )     951112 bits [Y 99.9900 dB    U 99.9900 dB    V 99.9900 dB] [ET     5 ] [L0 ] [L1 ]
POC   45 TId: 0 ( I-SLICE, nQP 26 QP 26 )     951112 bits [Y 99.9900 dB    U 99.9900 dB    V 99.9900 dB] [ET     5 ] [L0 ] [L1 ]
POC   46 TId: 0 ( I-SLICE, nQP 26 QP 26 )     951112 bits [Y 99.9900 dB    U 99.9900 dB    V 99.9900 dB] [ET     5 ] [L0 ] [L1 ]
POC   47 TId: 0 ( I-SLICE, nQP 26 QP 26 )     951112 bits [Y 99.9900 dB    U 99.9900 dB    V 99.9900 dB] [ET     5 ] [L0 ] [L1 ]
POC   48 TId: 0 ( I-SLICE, nQP 26 QP 26 )     951112 bits [Y 99.9900 dB    U 99.9900 dB    V 99.9900 dB] [ET     5 ] [L0 ] [L1 ]
POC   49 TId: 0 ( I-SLICE, nQP 26 QP 26 )     951112 bits [Y 99.9900 dB    U 99.9900 dB    V 99.9900 dB] [ET     5 ] [L0 ] [L1 ]
POC   50 TId: 0 ( I-SLICE, nQP 26 QP 26 )     951112 bits [Y 99.9900 dB    U 99.9900 dB    V 99.9900 dB] [ET     5 ] [L0 ] [L1 ]
POC   51 TId: 0 ( I-SLICE, nQP 26 QP 26 )     951112 bits [Y 99.9900 dB    U 99.9900 dB    V 99.9900 dB] [ET     5 ] [L0 ] [L1 ]
POC   52 TId: 0 ( I-SLICE, nQP 26 QP 26 )     951112 bits [Y 99.9900 dB    U 99.9900 dB    V 99.9900 dB] [ET     5 ] [L0 ] [L1 ]
POC   53 TId: 0 ( I-SLICE, nQP 26 QP 26 )     951112 bits [Y 99.9900 dB    U 99.9900 dB    V 99.9900 dB] [ET     5 ] [L0 ] [L1 ]
POC   54 TId: 0 ( I-SLICE, nQP 26 QP 26 )     951112 bits [Y 99.9900 dB    U 99.9900 dB    V 99.9900 dB] [ET     5 ] [L0 ] [L1 ]
POC   55 TId: 0 ( I-SLICE, nQP 26 QP 26 )     951112 bits [Y 99.9900 dB    U 99.9900 dB    V 99.9900 dB] [ET     5 ] [L0 ] [L1 ]
POC   56 TId: 0 ( I-SLICE, nQP 26 QP 26 )     951112 bits [Y 99.9900 dB    U 99.9900 dB    V 99.9900 dB] [ET     5 ] [L0 ] [L1 ]
POC   57 TId: 0 ( I-SLICE, nQP 26 QP 26 )     951112 bits [Y 99.9900 dB    U 99.9900 dB    V 99.9900 dB] [ET     5 ] [L0 ] [L1 ]
POC   58 TId: 0 ( I-SLICE, nQP 26 QP 26 )     951112 bits [Y 99.9900 dB    U 99.9900 dB    V 99.9900 dB] [ET     5 ] [L0 ] [L1 ]
POC   59 TId: 0 ( I-SLICE, nQP 26 QP 26 )     951112 bits [Y 99.9900 dB    U 99.9900 dB    V 99.9900 dB] [ET     5 ] [L0 ] [L1 ]
POC   60 TId: 0 ( I-SLICE, nQP 26 QP 26 )     951112 bits [Y 99.9900 dB    U 99.9900 dB    V 99.9900 dB] [ET     5 ] [L0 ] [L1 ]
POC   61 TId: 0 ( I-SLICE, nQP 26 QP 26 )     951112 bits [Y 99.9900 dB    U 99.9900 dB    V 99.9900 dB] [ET     5 ] [L0 ] [L1 ]
POC   62 TId: 0 ( I-SLICE, nQP 26 QP 26 )     951112 bits [Y 99.9900 dB    U 99.9900 dB    V 99.9900 dB] [ET     5 ] [L0 ] [L1 ]
POC   63 TId: 0 ( I-SLICE, nQP 26 QP 26 )     951112 bits [Y 99.9900 dB    U 99.9900 dB    V 99.9900 dB] [ET     5 ] [L0 ] [L1 ]
POC   64 TId: 0 ( I-SLICE, nQP 26 QP 26 )     977256 bits [Y 99.9900 dB    U 99.9900 dB    V 99.9900 dB] [ET     5 ] [L0 ] [L1 ]
POC   65 TId: 0 ( I-SLICE, nQP 26 QP 26 )     980848 bits [Y 99.9900 dB    U 99.9900 dB    V 99.9900 dB] [ET     5 ] [L0 ] [L1 ]
POC   66 TId: 0 ( I-SLICE, nQP 26 QP 26 )    1021384 bits [Y 99.9900 dB    U 99.9900 dB    V 99.9900 dB] [ET     5 ] [L0 ] [L1 ]
POC   67 TId: 0 ( I-SLICE, nQP 26 QP 26 )    1044240 bits [Y 99.9900 dB    U 99.9900 dB    V 99.9900 dB] [ET     5 ] [L0 ] [L1 ]
POC   68 TId: 0 ( I-SLICE, nQP 26 QP 26 )    1052448 bits [Y 99.9900 dB    U 99.9900 dB    V 99.9900 dB] [ET     5 ] [L0 ] [L1 ]
POC   69 TId: 0 ( I-SLICE, nQP 26 QP 26 )    1040880 bits [Y 99.9900 dB    U 99.9900 dB    V 99.9900 dB] [ET     5 ] [L0 ] [L1 ]
POC   70 TId: 0 ( I-SLICE, nQP 26 QP 26 )    1023680 bits [Y 99.9900 dB    U 99.9900 dB    V 99.9900 dB] [ET     5 ] [L0 ] [L1 ]
POC   71 TId: 0 ( I-SLICE, nQP 26 QP 26 )    1000664 bits [Y 99.9900 dB    U 99.9900 dB    V 99.9900 dB] [ET     5 ] [L0 ] [L1 ]
POC   72 TId: 0 ( I-SLICE, nQP 26 QP 26 )     969144 bits [Y 99.9900 dB    U 99.9900 dB    V 99.9900 dB] [ET     5 ] [L0 ] [L1 ]
POC   73 TId: 0 ( I-SLICE, nQP 26 QP 26 )     952040 bits [Y 99.9900 dB    U 99.9900 dB    V 99.9900 dB] [ET     5 ] [L0 ] [L1 ]
POC   74 TId: 0 ( I-SLICE, nQP 26 QP 26 )     932992 bits [Y 99.9900 dB    U 99.9900 dB    V 99.9900 dB] [ET     5 ] [L0 ] [L1 ]
POC   75 TId: 0 ( I-SLICE, nQP 26 QP 26 )     951752 bits [Y 99.9900 dB    U 99.9900 dB    V 99.9900 dB] [ET     5 ] [L0 ] [L1 ]
POC   76 TId: 0 ( I-SLICE, nQP 26 QP 26 )    1031024 bits [Y 99.9900 dB    U 99.9900 dB    V 99.9900 dB] [ET     5 ] [L0 ] [L1 ]
POC   77 TId: 0 ( I-SLICE, nQP 26 QP 26 )    1147176 bits [Y 99.9900 dB    U 99.9900 dB    V 99.9900 dB] [ET     5 ] [L0 ] [L1 ]
POC   78 TId: 0 ( I-SLICE, nQP 26 QP 26 )    1135680 bits [Y 99.9900 dB    U 99.9900 dB    V 99.9900 dB] [ET     5 ] [L0 ] [L1 ]
POC   79 TId: 0 ( I-SLICE, nQP 26 QP 26 )    1130280 bits [Y 99.9900 dB    U 99.9900 dB    V 99.9900 dB] [ET     5 ] [L0 ] [L1 ]
POC   80 TId: 0 ( I-SLICE, nQP 26 QP 26 )    1120288 bits [Y 99.9900 dB    U 99.9900 dB    V 99.9900 dB] [ET     5 ] [L0 ] [L1 ]
POC   81 TId: 0 ( I-SLICE, nQP 26 QP 26 )    1087184 bits [Y 99.9900 dB    U 99.9900 dB    V 99.9900 dB] [ET     5 ] [L0 ] [L1 ]
POC   82 TId: 0 ( I-SLICE, nQP 26 QP 26 )    1061872 bits [Y 99.9900 dB    U 99.9900 dB    V 99.9900 dB] [ET     5 ] [L0 ] [L1 ]
POC   83 TId: 0 ( I-SLICE, nQP 26 QP 26 )    1056856 bits [Y 99.9900 dB    U 99.9900 dB    V 99.9900 dB] [ET     5 ] [L0 ] [L1 ]
POC   84 TId: 0 ( I-SLICE, nQP 26 QP 26 )    1037400 bits [Y 99.9900 dB    U 99.9900 dB    V 99.9900 dB] [ET     5 ] [L0 ] [L1 ]
POC   85 TId: 0 ( I-SLICE, nQP 26 QP 26 )    1011968 bits [Y 99.9900 dB    U 99.9900 dB    V 99.9900 dB] [ET     5 ] [L0 ] [L1 ]
POC   86 TId: 0 ( I-SLICE, nQP 26 QP 26 )     982408 bits [Y 99.9900 dB    U 99.9900 dB    V 99.9900 dB] [ET     5 ] [L0 ] [L1 ]
POC   87 TId: 0 ( I-SLICE, nQP 26 QP 26 )     945704 bits [Y 99.9900 dB    U 99.9900 dB    V 99.9900 dB] [ET     5 ] [L0 ] [L1 ]
POC   88 TId: 0 ( I-SLICE, nQP 26 QP 26 )     898904 bits [Y 99.9900 dB    U 99.9900 dB    V 99.9900 dB] [ET     5 ] [L0 ] [L1 ]
POC   89 TId: 0 ( I-SLICE, nQP 26 QP 26 )     856768 bits [Y 99.9900 dB    U 99.9900 dB    V 99.9900 dB] [ET     5 ] [L0 ] [L1 ]
POC   90 TId: 0 ( I-SLICE, nQP 26 QP 26 )     806728 bits [Y 99.9900 dB    U 99.9900 dB    V 99.9900 dB] [ET     5 ] [L0 ] [L1 ]
POC   91 TId: 0 ( I-SLICE, nQP 26 QP 26 )     789816 bits [Y 99.9900 dB    U 99.9900 dB    V 99.9900 dB] [ET     5 ] [L0 ] [L1 ]
POC   92 TId: 0 ( I-SLICE, nQP 26 QP 26 )     780880 bits [Y 99.9900 dB    U 99.9900 dB    V 99.9900 dB] [ET     5 ] [L0 ] [L1 ]
POC   93 TId: 0 ( I-SLICE, nQP 26 QP 26 )     780880 bits [Y 99.9900 dB    U 99.9900 dB    V 99.9900 dB] [ET     5 ] [L0 ] [L1 ]
POC   94 TId: 0 ( I-SLICE, nQP 26 QP 26 )     780880 bits [Y 99.9900 dB    U 99.9900 dB    V 99.9900 dB] [ET     5 ] [L0 ] [L1 ]
POC   95 TId: 0 ( I-SLICE, nQP 26 QP 26 )     780880 bits [Y 99.9900 dB    U 99.9900 dB    V 99.9900 dB] [ET     5 ] [L0 ] [L1 ]
POC   96 TId: 0 ( I-SLICE, nQP 26 QP 26 )     780880 bits [Y 99.9900 dB    U 99.9900 dB    V 99.9900 dB] [ET     5 ] [L0 ] [L1 ]
POC   97 TId: 0 ( I-SLICE, nQP 26 QP 26 )     780880 bits [Y 99.9900 dB    U 99.9900 dB    V 99.9900 dB] [ET     5 ] [L0 ] [L1 ]
POC   98 TId: 0 ( I-SLICE, nQP 26 QP 26 )     780880 bits [Y 99.9900 dB    U 99.9900 dB    V 99.9900 dB] [ET     5 ] [L0 ] [L1 ]
POC   99 TId: 0 ( I-SLICE, nQP 26 QP 26 )     780880 bits [Y 99.9900 dB    U 99.9900 dB    V 99.9900 dB] [ET     5 ] [L0 ] [L1 ]


SUMMARY --------------------------------------------------------
	Total Frames |  Bitrate    Y-PSNR    U-PSNR    V-PSNR 
	      100    a  21668.1872   99.9900   99.9900   99.9900


I Slices--------------------------------------------------------
	Total Frames |  Bitrate    Y-PSNR    U-PSNR    V-PSNR 
	      100    i  21668.1872   99.9900   99.9900   99.9900


P Slices--------------------------------------------------------
	Total Frames |  Bitrate    Y-PSNR    U-PSNR    V-PSNR 
	        0    p        -nan      -nan      -nan      -nan


B Slices--------------------------------------------------------
	Total Frames |  Bitrate    Y-PSNR    U-PSNR    V-PSNR 
	        0    b        -nan      -nan      -nan      -nan

RVM: 0.000
Bytes written to file: 13543028 (21668.845 kbps)

 Total Time:      499.203 sec.
