
HM software: Encoder Version [15.0][Linux][GCC 4.8.5][64 bit] 

Input          File          : ../../HEVC_test_sequence/ClassE/FourPeople_1280x720_60.yuv
Bitstream      File          : FourPeople.bin
Reconstruction File          : FourPeople.yuv
Real     Format              : 1280x720 60Hz
Internal Format              : 1280x720 60Hz
Frame/Field                  : Frame based coding
Frame index                  : 0 - 9 (10 frames)
CU size / depth              : 32 / 3
RQT trans. size (min / max)  : 4 / 32
Max RQT depth inter          : 3
Max RQT depth intra          : 1
Min PCM size                 : 8
Motion search range          : 64
Intra period                 : 1
Decoding refresh type        : 0
QP                           : 26.00
Max dQP signaling depth      : 0
Cb QP Offset                 : 0
Cr QP Offset                 : 0
QP adaptation                : 0 (range=0)
GOP size                     : 1
Internal bit depth           : (Y:8, C:8)
PCM sample bit depth         : (Y:8, C:8)
RateControl                  : 0
Max Num Merge Candidates     : 5

TOOL CFG: IBD:0 HAD:0 RDQ:0 RDQTS:0 RDpenalty:0 SQP:0 ASR:0 FEN:0 ECU:0 FDM:0 CFM:0 ESD:0 RQT:1 TransformSkip:0 TransformSkipFast:0 Slice: M=0 SliceSegment: M=0 CIP:0 SAO:0 PCM:0 TransQuantBypassEnabled: =1 WPP:0 WPB:0 PME:2  WaveFrontSynchro:0 WaveFrontSubstreams:1 ScalingList:0 TMVPMode:1  SignBitHidingFlag:1 RecalQP:0

***    VPS numBytesInNALunit: 24
***    SPS numBytesInNALunit: 31
***    PPS numBytesInNALunit: 7
*** IDR_W_RADL numBytesInNALunit: 538008
POC    0 TId: 0 ( I-SLICE, QP 26 )    4304560 bits [Y 99.9900 dB    U 99.9900 dB    V 99.9900 dB] [ET 13.42 ] [L0 ] [L1 ]
*** TRAIL_R numBytesInNALunit: 537817
POC    1 TId: 0 ( I-SLICE, QP 26 )    4302536 bits [Y 99.9900 dB    U 99.9900 dB    V 99.9900 dB] [ET 13.20 ] [L0 ] [L1 ]
*** TRAIL_R numBytesInNALunit: 537809
POC    2 TId: 0 ( I-SLICE, QP 26 )    4302472 bits [Y 99.9900 dB    U 99.9900 dB    V 99.9900 dB] [ET 13.19 ] [L0 ] [L1 ]
*** TRAIL_R numBytesInNALunit: 538043
POC    3 TId: 0 ( I-SLICE, QP 26 )    4304344 bits [Y 99.9900 dB    U 99.9900 dB    V 99.9900 dB] [ET 13.38 ] [L0 ] [L1 ]
*** TRAIL_R numBytesInNALunit: 538493
POC    4 TId: 0 ( I-SLICE, QP 26 )    4307944 bits [Y 99.9900 dB    U 99.9900 dB    V 99.9900 dB] [ET 13.27 ] [L0 ] [L1 ]
*** TRAIL_R numBytesInNALunit: 538374
POC    5 TId: 0 ( I-SLICE, QP 26 )    4306992 bits [Y 99.9900 dB    U 99.9900 dB    V 99.9900 dB] [ET 13.30 ] [L0 ] [L1 ]
*** TRAIL_R numBytesInNALunit: 537998
POC    6 TId: 0 ( I-SLICE, QP 26 )    4303984 bits [Y 99.9900 dB    U 99.9900 dB    V 99.9900 dB] [ET 13.20 ] [L0 ] [L1 ]
*** TRAIL_R numBytesInNALunit: 537942
POC    7 TId: 0 ( I-SLICE, QP 26 )    4303536 bits [Y 99.9900 dB    U 99.9900 dB    V 99.9900 dB] [ET 13.20 ] [L0 ] [L1 ]
*** TRAIL_R numBytesInNALunit: 538287
POC    8 TId: 0 ( I-SLICE, QP 26 )    4306296 bits [Y 99.9900 dB    U 99.9900 dB    V 99.9900 dB] [ET 13.34 ] [L0 ] [L1 ]
*** TRAIL_R numBytesInNALunit: 538785
POC    9 TId: 0 ( I-SLICE, QP 26 )    4310280 bits [Y 99.9900 dB    U 99.9900 dB    V 99.9900 dB] [ET 13.31 ] [L0 ] [L1 ]


I Slices--------------------------------------------------------
	Total Frames |  Bitrate    Y-PSNR    U-PSNR    V-PSNR 
	       10    i 258317.6640   99.9900   99.9900   99.9900
Bytes written to file: 5381669 (258320.112 kbps)
Bytes for SPS/PPS/Slice (Incl. Annex B): 5381669 (258320.112 kbps)

 Total Time:      133.188 sec.
