
HM software: Encoder Version [15.0][Linux][GCC 4.8.5][64 bit] 

Input          File          : ../../HEVC_test_sequence/ClassE/Johnny_1280x720_60.yuv
Bitstream      File          : Johnny.bin
Reconstruction File          : Johnny.yuv
Real     Format              : 1280x720 60Hz
Internal Format              : 1280x720 60Hz
Frame/Field                  : Frame based coding
Frame index                  : 0 - 9 (10 frames)
CU size / depth              : 32 / 3
RQT trans. size (min / max)  : 4 / 32
Max RQT depth inter          : 3
Max RQT depth intra          : 1
Min PCM size                 : 8
Motion search range          : 64
Intra period                 : 1
Decoding refresh type        : 0
QP                           : 26.00
Max dQP signaling depth      : 0
Cb QP Offset                 : 0
Cr QP Offset                 : 0
QP adaptation                : 0 (range=0)
GOP size                     : 1
Internal bit depth           : (Y:8, C:8)
PCM sample bit depth         : (Y:8, C:8)
RateControl                  : 0
Max Num Merge Candidates     : 5

TOOL CFG: IBD:0 HAD:0 RDQ:0 RDQTS:0 RDpenalty:0 SQP:0 ASR:0 FEN:0 ECU:0 FDM:0 CFM:0 ESD:0 RQT:1 TransformSkip:0 TransformSkipFast:0 Slice: M=0 SliceSegment: M=0 CIP:0 SAO:0 PCM:0 TransQuantBypassEnabled: =1 WPP:0 WPB:0 PME:2  WaveFrontSynchro:0 WaveFrontSubstreams:1 ScalingList:0 TMVPMode:1  SignBitHidingFlag:1 RecalQP:0

***    VPS numBytesInNALunit: 24
***    SPS numBytesInNALunit: 31
***    PPS numBytesInNALunit: 7
*** IDR_W_RADL numBytesInNALunit: 492803
POC    0 TId: 0 ( I-SLICE, QP 26 )    3942920 bits [Y 99.9900 dB    U 99.9900 dB    V 99.9900 dB] [ET 13.09 ] [L0 ] [L1 ]
*** TRAIL_R numBytesInNALunit: 492976
POC    1 TId: 0 ( I-SLICE, QP 26 )    3943808 bits [Y 99.9900 dB    U 99.9900 dB    V 99.9900 dB] [ET 13.20 ] [L0 ] [L1 ]
*** TRAIL_R numBytesInNALunit: 493136
POC    2 TId: 0 ( I-SLICE, QP 26 )    3945088 bits [Y 99.9900 dB    U 99.9900 dB    V 99.9900 dB] [ET 13.16 ] [L0 ] [L1 ]
*** TRAIL_R numBytesInNALunit: 493311
POC    3 TId: 0 ( I-SLICE, QP 26 )    3946488 bits [Y 99.9900 dB    U 99.9900 dB    V 99.9900 dB] [ET 13.06 ] [L0 ] [L1 ]
*** TRAIL_R numBytesInNALunit: 494146
POC    4 TId: 0 ( I-SLICE, QP 26 )    3953168 bits [Y 99.9900 dB    U 99.9900 dB    V 99.9900 dB] [ET 13.03 ] [L0 ] [L1 ]
*** TRAIL_R numBytesInNALunit: 493660
POC    5 TId: 0 ( I-SLICE, QP 26 )    3949280 bits [Y 99.9900 dB    U 99.9900 dB    V 99.9900 dB] [ET 13.08 ] [L0 ] [L1 ]
*** TRAIL_R numBytesInNALunit: 494601
POC    6 TId: 0 ( I-SLICE, QP 26 )    3956808 bits [Y 99.9900 dB    U 99.9900 dB    V 99.9900 dB] [ET 13.11 ] [L0 ] [L1 ]
*** TRAIL_R numBytesInNALunit: 494296
POC    7 TId: 0 ( I-SLICE, QP 26 )    3954368 bits [Y 99.9900 dB    U 99.9900 dB    V 99.9900 dB] [ET 13.06 ] [L0 ] [L1 ]
*** TRAIL_R numBytesInNALunit: 494621
POC    8 TId: 0 ( I-SLICE, QP 26 )    3956968 bits [Y 99.9900 dB    U 99.9900 dB    V 99.9900 dB] [ET 13.09 ] [L0 ] [L1 ]
*** TRAIL_R numBytesInNALunit: 495190
POC    9 TId: 0 ( I-SLICE, QP 26 )    3961520 bits [Y 99.9900 dB    U 99.9900 dB    V 99.9900 dB] [ET 13.11 ] [L0 ] [L1 ]


I Slices--------------------------------------------------------
	Total Frames |  Bitrate    Y-PSNR    U-PSNR    V-PSNR 
	       10    i 237062.4960   99.9900   99.9900   99.9900
Bytes written to file: 4938853 (237064.944 kbps)
Bytes for SPS/PPS/Slice (Incl. Annex B): 4938853 (237064.944 kbps)

 Total Time:      131.391 sec.
