
HM software: Encoder Version [15.0][Linux][GCC 4.8.5][64 bit] 

Input          File          : ../../HEVC_test_sequence/ClassC/RaceHorses_832x480_30.yuv
Bitstream      File          : RaceHorsesC.bin
Reconstruction File          : RaceHorsesC.yuv
Real     Format              : 832x480 30Hz
Internal Format              : 832x480 30Hz
Frame/Field                  : Frame based coding
Frame index                  : 0 - 9 (10 frames)
CU size / depth              : 32 / 3
RQT trans. size (min / max)  : 4 / 32
Max RQT depth inter          : 3
Max RQT depth intra          : 1
Min PCM size                 : 8
Motion search range          : 64
Intra period                 : 1
Decoding refresh type        : 0
QP                           : 26.00
Max dQP signaling depth      : 0
Cb QP Offset                 : 0
Cr QP Offset                 : 0
QP adaptation                : 0 (range=0)
GOP size                     : 1
Internal bit depth           : (Y:8, C:8)
PCM sample bit depth         : (Y:8, C:8)
RateControl                  : 0
Max Num Merge Candidates     : 5

TOOL CFG: IBD:0 HAD:0 RDQ:0 RDQTS:0 RDpenalty:0 SQP:0 ASR:0 FEN:0 ECU:0 FDM:0 CFM:0 ESD:0 RQT:1 TransformSkip:0 TransformSkipFast:0 Slice: M=0 SliceSegment: M=0 CIP:0 SAO:0 PCM:0 TransQuantBypassEnabled: =1 WPP:0 WPB:0 PME:2  WaveFrontSynchro:0 WaveFrontSubstreams:1 ScalingList:0 TMVPMode:1  SignBitHidingFlag:1 RecalQP:0

***    VPS numBytesInNALunit: 24
***    SPS numBytesInNALunit: 30
***    PPS numBytesInNALunit: 7
*** IDR_W_RADL numBytesInNALunit: 308143
POC    0 TId: 0 ( I-SLICE, QP 26 )    2465632 bits [Y 99.9900 dB    U 99.9900 dB    V 99.9900 dB] [ET  5.73 ] [L0 ] [L1 ]
*** TRAIL_R numBytesInNALunit: 306517
POC    1 TId: 0 ( I-SLICE, QP 26 )    2452136 bits [Y 99.9900 dB    U 99.9900 dB    V 99.9900 dB] [ET  5.88 ] [L0 ] [L1 ]
*** TRAIL_R numBytesInNALunit: 304430
POC    2 TId: 0 ( I-SLICE, QP 26 )    2435440 bits [Y 99.9900 dB    U 99.9900 dB    V 99.9900 dB] [ET  5.78 ] [L0 ] [L1 ]
*** TRAIL_R numBytesInNALunit: 303856
POC    3 TId: 0 ( I-SLICE, QP 26 )    2430848 bits [Y 99.9900 dB    U 99.9900 dB    V 99.9900 dB] [ET  5.91 ] [L0 ] [L1 ]
*** TRAIL_R numBytesInNALunit: 303502
POC    4 TId: 0 ( I-SLICE, QP 26 )    2428016 bits [Y 99.9900 dB    U 99.9900 dB    V 99.9900 dB] [ET  5.91 ] [L0 ] [L1 ]
*** TRAIL_R numBytesInNALunit: 302907
POC    5 TId: 0 ( I-SLICE, QP 26 )    2423256 bits [Y 99.9900 dB    U 99.9900 dB    V 99.9900 dB] [ET  5.86 ] [L0 ] [L1 ]
*** TRAIL_R numBytesInNALunit: 303050
POC    6 TId: 0 ( I-SLICE, QP 26 )    2424400 bits [Y 99.9900 dB    U 99.9900 dB    V 99.9900 dB] [ET  5.80 ] [L0 ] [L1 ]
*** TRAIL_R numBytesInNALunit: 303885
POC    7 TId: 0 ( I-SLICE, QP 26 )    2431080 bits [Y 99.9900 dB    U 99.9900 dB    V 99.9900 dB] [ET  5.77 ] [L0 ] [L1 ]
*** TRAIL_R numBytesInNALunit: 304840
POC    8 TId: 0 ( I-SLICE, QP 26 )    2438720 bits [Y 99.9900 dB    U 99.9900 dB    V 99.9900 dB] [ET  5.83 ] [L0 ] [L1 ]
*** TRAIL_R numBytesInNALunit: 303173
POC    9 TId: 0 ( I-SLICE, QP 26 )    2425384 bits [Y 99.9900 dB    U 99.9900 dB    V 99.9900 dB] [ET  5.88 ] [L0 ] [L1 ]


I Slices--------------------------------------------------------
	Total Frames |  Bitrate    Y-PSNR    U-PSNR    V-PSNR 
	       10    i  73064.7360   99.9900   99.9900   99.9900
Bytes written to file: 3044415 (73065.960 kbps)
Bytes for SPS/PPS/Slice (Incl. Annex B): 3044415 (73065.960 kbps)

 Total Time:       58.469 sec.
