
HM software: Encoder Version [15.0][Linux][GCC 4.8.5][64 bit] 

Input          File          : ../../HEVC_test_sequence/ClassC/BQMall_832x480_60.yuv
Bitstream      File          : BQMall.bin
Reconstruction File          : BQMall.yuv
Real     Format              : 832x480 60Hz
Internal Format              : 832x480 60Hz
Frame/Field                  : Frame based coding
Frame index                  : 0 - 9 (10 frames)
CU size / depth              : 32 / 3
RQT trans. size (min / max)  : 4 / 32
Max RQT depth inter          : 3
Max RQT depth intra          : 1
Min PCM size                 : 8
Motion search range          : 64
Intra period                 : 1
Decoding refresh type        : 0
QP                           : 26.00
Max dQP signaling depth      : 0
Cb QP Offset                 : 0
Cr QP Offset                 : 0
QP adaptation                : 0 (range=0)
GOP size                     : 1
Internal bit depth           : (Y:8, C:8)
PCM sample bit depth         : (Y:8, C:8)
RateControl                  : 0
Max Num Merge Candidates     : 5

TOOL CFG: IBD:0 HAD:0 RDQ:0 RDQTS:0 RDpenalty:0 SQP:0 ASR:0 FEN:0 ECU:0 FDM:0 CFM:0 ESD:0 RQT:1 TransformSkip:0 TransformSkipFast:0 Slice: M=0 SliceSegment: M=0 CIP:0 SAO:0 PCM:0 TransQuantBypassEnabled: =1 WPP:0 WPB:0 PME:2  WaveFrontSynchro:0 WaveFrontSubstreams:1 ScalingList:0 TMVPMode:1  SignBitHidingFlag:1 RecalQP:0

***    VPS numBytesInNALunit: 24
***    SPS numBytesInNALunit: 30
***    PPS numBytesInNALunit: 7
*** IDR_W_RADL numBytesInNALunit: 39246
POC    0 TId: 0 ( I-SLICE, QP 26 )     314456 bits [Y 99.9900 dB    U 99.9900 dB    V 5.4831 dB] [ET  3.71 ] [L0 ] [L1 ]
*** TRAIL_R numBytesInNALunit: 39416
POC    1 TId: 0 ( I-SLICE, QP 26 )     315328 bits [Y 99.9900 dB    U 99.9900 dB    V 5.4837 dB] [ET  3.58 ] [L0 ] [L1 ]
*** TRAIL_R numBytesInNALunit: 39313
POC    2 TId: 0 ( I-SLICE, QP 26 )     314504 bits [Y 99.9900 dB    U 99.9900 dB    V 5.4779 dB] [ET  3.64 ] [L0 ] [L1 ]
*** TRAIL_R numBytesInNALunit: 39458
POC    3 TId: 0 ( I-SLICE, QP 26 )     315664 bits [Y 99.9900 dB    U 99.9900 dB    V 5.4817 dB] [ET  3.60 ] [L0 ] [L1 ]
*** TRAIL_R numBytesInNALunit: 39458
POC    4 TId: 0 ( I-SLICE, QP 26 )     315664 bits [Y 99.9900 dB    U 99.9900 dB    V 5.4852 dB] [ET  3.51 ] [L0 ] [L1 ]
*** TRAIL_R numBytesInNALunit: 39434
POC    5 TId: 0 ( I-SLICE, QP 26 )     315472 bits [Y 99.9900 dB    U 99.9900 dB    V 5.4794 dB] [ET  3.60 ] [L0 ] [L1 ]
*** TRAIL_R numBytesInNALunit: 39355
POC    6 TId: 0 ( I-SLICE, QP 26 )     314840 bits [Y 99.9900 dB    U 99.9900 dB    V 5.4846 dB] [ET  3.48 ] [L0 ] [L1 ]
*** TRAIL_R numBytesInNALunit: 39224
POC    7 TId: 0 ( I-SLICE, QP 26 )     313792 bits [Y 99.9900 dB    U 99.9900 dB    V 5.4888 dB] [ET  3.60 ] [L0 ] [L1 ]
*** TRAIL_R numBytesInNALunit: 39379
POC    8 TId: 0 ( I-SLICE, QP 26 )     315032 bits [Y 99.9900 dB    U 99.9900 dB    V 5.4853 dB] [ET  3.54 ] [L0 ] [L1 ]
*** TRAIL_R numBytesInNALunit: 39354
POC    9 TId: 0 ( I-SLICE, QP 26 )     314832 bits [Y 99.9900 dB    U 99.9900 dB    V 5.4889 dB] [ET  3.59 ] [L0 ] [L1 ]


I Slices--------------------------------------------------------
	Total Frames |  Bitrate    Y-PSNR    U-PSNR    V-PSNR 
	       10    i  18897.5040   99.9900   99.9900    5.4838
Bytes written to file: 393749 (18899.952 kbps)
Bytes for SPS/PPS/Slice (Incl. Annex B): 393749 (18899.952 kbps)

 Total Time:       36.040 sec.
