
HM software: Encoder Version [15.0][Linux][GCC 4.8.5][64 bit] 

Input          File          : ../../HEVC_test_sequence/ClassB/Cactus_1920x1080_50.yuv
Bitstream      File          : Cactus.bin
Reconstruction File          : Cactus.yuv
Real     Format              : 1920x1080 50Hz
Internal Format              : 1920x1080 50Hz
Frame/Field                  : Frame based coding
Frame index                  : 0 - 9 (10 frames)
CU size / depth              : 32 / 3
RQT trans. size (min / max)  : 4 / 32
Max RQT depth inter          : 3
Max RQT depth intra          : 1
Min PCM size                 : 8
Motion search range          : 64
Intra period                 : 1
Decoding refresh type        : 0
QP                           : 26.00
Max dQP signaling depth      : 0
Cb QP Offset                 : 0
Cr QP Offset                 : 0
QP adaptation                : 0 (range=0)
GOP size                     : 1
Internal bit depth           : (Y:8, C:8)
PCM sample bit depth         : (Y:8, C:8)
RateControl                  : 0
Max Num Merge Candidates     : 5

TOOL CFG: IBD:0 HAD:0 RDQ:0 RDQTS:0 RDpenalty:0 SQP:0 ASR:0 FEN:0 ECU:0 FDM:0 CFM:0 ESD:0 RQT:1 TransformSkip:0 TransformSkipFast:0 Slice: M=0 SliceSegment: M=0 CIP:0 SAO:0 PCM:0 TransQuantBypassEnabled: =1 WPP:0 WPB:0 PME:2  WaveFrontSynchro:0 WaveFrontSubstreams:1 ScalingList:0 TMVPMode:1  SignBitHidingFlag:1 RecalQP:0

***    VPS numBytesInNALunit: 24
***    SPS numBytesInNALunit: 31
***    PPS numBytesInNALunit: 7
*** IDR_W_RADL numBytesInNALunit: 237915
POC    0 TId: 0 ( I-SLICE, QP 26 )    1903816 bits [Y 99.9900 dB    U 99.9900 dB    V 5.4017 dB] [ET 17.80 ] [L0 ] [L1 ]
*** TRAIL_R numBytesInNALunit: 237926
POC    1 TId: 0 ( I-SLICE, QP 26 )    1903408 bits [Y 99.9900 dB    U 99.9900 dB    V 5.4044 dB] [ET 18.04 ] [L0 ] [L1 ]
*** TRAIL_R numBytesInNALunit: 238072
POC    2 TId: 0 ( I-SLICE, QP 26 )    1904576 bits [Y 99.9900 dB    U 99.9900 dB    V 5.4031 dB] [ET 17.19 ] [L0 ] [L1 ]
*** TRAIL_R numBytesInNALunit: 238087
POC    3 TId: 0 ( I-SLICE, QP 26 )    1904696 bits [Y 99.9900 dB    U 99.9900 dB    V 5.4018 dB] [ET 17.16 ] [L0 ] [L1 ]
*** TRAIL_R numBytesInNALunit: 238559
POC    4 TId: 0 ( I-SLICE, QP 26 )    1908472 bits [Y 99.9900 dB    U 99.9900 dB    V 5.4038 dB] [ET 17.42 ] [L0 ] [L1 ]
*** TRAIL_R numBytesInNALunit: 238615
POC    5 TId: 0 ( I-SLICE, QP 26 )    1908920 bits [Y 99.9900 dB    U 99.9900 dB    V 5.4029 dB] [ET 17.60 ] [L0 ] [L1 ]
*** TRAIL_R numBytesInNALunit: 238974
POC    6 TId: 0 ( I-SLICE, QP 26 )    1911792 bits [Y 99.9900 dB    U 99.9900 dB    V 5.4023 dB] [ET 17.37 ] [L0 ] [L1 ]
*** TRAIL_R numBytesInNALunit: 239090
POC    7 TId: 0 ( I-SLICE, QP 26 )    1912720 bits [Y 99.9900 dB    U 99.9900 dB    V 5.4006 dB] [ET 17.40 ] [L0 ] [L1 ]
*** TRAIL_R numBytesInNALunit: 238664
POC    8 TId: 0 ( I-SLICE, QP 26 )    1909312 bits [Y 99.9900 dB    U 99.9900 dB    V 5.4018 dB] [ET 17.46 ] [L0 ] [L1 ]
*** TRAIL_R numBytesInNALunit: 238932
POC    9 TId: 0 ( I-SLICE, QP 26 )    1911456 bits [Y 99.9900 dB    U 99.9900 dB    V 5.4026 dB] [ET 17.58 ] [L0 ] [L1 ]


I Slices--------------------------------------------------------
	Total Frames |  Bitrate    Y-PSNR    U-PSNR    V-PSNR 
	       10    i  95395.8400   99.9900   99.9900    5.4025
Bytes written to file: 2384947 (95397.880 kbps)
Bytes for SPS/PPS/Slice (Incl. Annex B): 2384947 (95397.880 kbps)

 Total Time:      175.770 sec.
