
HM software: Encoder Version [15.0][Linux][GCC 4.8.5][64 bit] 

Input          File          : ../../HEVC_test_sequence/ClassF/ChinaSpeed_1024x768_30.yuv
Bitstream      File          : ChinaSpeed.bin
Reconstruction File          : ChinaSpeed.yuv
Real     Format              : 1024x768 30Hz
Internal Format              : 1024x768 30Hz
Frame/Field                  : Frame based coding
Frame index                  : 0 - 9 (10 frames)
CU size / depth              : 32 / 3
RQT trans. size (min / max)  : 4 / 32
Max RQT depth inter          : 3
Max RQT depth intra          : 1
Min PCM size                 : 8
Motion search range          : 64
Intra period                 : 1
Decoding refresh type        : 0
QP                           : 26.00
Max dQP signaling depth      : 0
Cb QP Offset                 : 0
Cr QP Offset                 : 0
QP adaptation                : 0 (range=0)
GOP size                     : 1
Internal bit depth           : (Y:8, C:8)
PCM sample bit depth         : (Y:8, C:8)
RateControl                  : 0
Max Num Merge Candidates     : 5

TOOL CFG: IBD:0 HAD:0 RDQ:0 RDQTS:0 RDpenalty:0 SQP:0 ASR:0 FEN:0 ECU:0 FDM:0 CFM:0 ESD:0 RQT:1 TransformSkip:0 TransformSkipFast:0 Slice: M=0 SliceSegment: M=0 CIP:0 SAO:0 PCM:0 TransQuantBypassEnabled: =1 WPP:0 WPB:0 PME:2  WaveFrontSynchro:0 WaveFrontSubstreams:1 ScalingList:0 TMVPMode:1  SignBitHidingFlag:1 RecalQP:0

***    VPS numBytesInNALunit: 24
***    SPS numBytesInNALunit: 31
***    PPS numBytesInNALunit: 7
*** IDR_W_RADL numBytesInNALunit: 43139
POC    0 TId: 0 ( I-SLICE, QP 26 )     345608 bits [Y 99.9900 dB    U 99.9900 dB    V 99.9900 dB] [ET 15.55 ] [L0 ] [L1 ]
*** TRAIL_R numBytesInNALunit: 43228
POC    1 TId: 0 ( I-SLICE, QP 26 )     345824 bits [Y 99.9900 dB    U 99.9900 dB    V 99.9900 dB] [ET 15.62 ] [L0 ] [L1 ]
*** TRAIL_R numBytesInNALunit: 43519
POC    2 TId: 0 ( I-SLICE, QP 26 )     348152 bits [Y 99.9900 dB    U 99.9900 dB    V 99.9900 dB] [ET 15.69 ] [L0 ] [L1 ]
*** TRAIL_R numBytesInNALunit: 44235
POC    3 TId: 0 ( I-SLICE, QP 26 )     353880 bits [Y 99.9900 dB    U 99.9900 dB    V 99.9900 dB] [ET 15.78 ] [L0 ] [L1 ]
*** TRAIL_R numBytesInNALunit: 44601
POC    4 TId: 0 ( I-SLICE, QP 26 )     356808 bits [Y 99.9900 dB    U 99.9900 dB    V 99.9900 dB] [ET 15.77 ] [L0 ] [L1 ]
*** TRAIL_R numBytesInNALunit: 44765
POC    5 TId: 0 ( I-SLICE, QP 26 )     358120 bits [Y 99.9900 dB    U 99.9900 dB    V 99.9900 dB] [ET 15.91 ] [L0 ] [L1 ]
*** TRAIL_R numBytesInNALunit: 45105
POC    6 TId: 0 ( I-SLICE, QP 26 )     360840 bits [Y 99.9900 dB    U 99.9900 dB    V 99.9900 dB] [ET 15.78 ] [L0 ] [L1 ]
*** TRAIL_R numBytesInNALunit: 45231
POC    7 TId: 0 ( I-SLICE, QP 26 )     361848 bits [Y 99.9900 dB    U 99.9900 dB    V 99.9900 dB] [ET 15.97 ] [L0 ] [L1 ]
*** TRAIL_R numBytesInNALunit: 45115
POC    8 TId: 0 ( I-SLICE, QP 26 )     360920 bits [Y 99.9900 dB    U 99.9900 dB    V 99.9900 dB] [ET 15.88 ] [L0 ] [L1 ]
*** TRAIL_R numBytesInNALunit: 44889
POC    9 TId: 0 ( I-SLICE, QP 26 )     359112 bits [Y 99.9900 dB    U 99.9900 dB    V 99.9900 dB] [ET 15.94 ] [L0 ] [L1 ]


I Slices--------------------------------------------------------
	Total Frames |  Bitrate    Y-PSNR    U-PSNR    V-PSNR 
	       10    i  10653.3360   99.9900   99.9900   99.9900
Bytes written to file: 443940 (10654.560 kbps)
Bytes for SPS/PPS/Slice (Incl. Annex B): 443940 (10654.560 kbps)

 Total Time:      158.250 sec.
