
HM software: Encoder Version [15.0][Linux][GCC 4.8.5][64 bit] 

Input          File          : ../../HEVC_test_sequence/ClassB/ParkScene_1920x1080_24.yuv
Bitstream      File          : ParkScene.bin
Reconstruction File          : ParkScene.yuv
Real     Format              : 1920x1080 24Hz
Internal Format              : 1920x1080 24Hz
Frame/Field                  : Frame based coding
Frame index                  : 0 - 9 (10 frames)
CU size / depth              : 32 / 3
RQT trans. size (min / max)  : 4 / 32
Max RQT depth inter          : 3
Max RQT depth intra          : 1
Min PCM size                 : 8
Motion search range          : 64
Intra period                 : 1
Decoding refresh type        : 0
QP                           : 26.00
Max dQP signaling depth      : 0
Cb QP Offset                 : 0
Cr QP Offset                 : 0
QP adaptation                : 0 (range=0)
GOP size                     : 1
Internal bit depth           : (Y:8, C:8)
PCM sample bit depth         : (Y:8, C:8)
RateControl                  : 0
Max Num Merge Candidates     : 5

TOOL CFG: IBD:0 HAD:0 RDQ:0 RDQTS:0 RDpenalty:0 SQP:0 ASR:0 FEN:0 ECU:0 FDM:0 CFM:0 ESD:0 RQT:1 TransformSkip:0 TransformSkipFast:0 Slice: M=0 SliceSegment: M=0 CIP:0 SAO:0 PCM:0 TransQuantBypassEnabled: =1 WPP:0 WPB:0 PME:2  WaveFrontSynchro:0 WaveFrontSubstreams:1 ScalingList:0 TMVPMode:1  SignBitHidingFlag:1 RecalQP:0

***    VPS numBytesInNALunit: 24
***    SPS numBytesInNALunit: 31
***    PPS numBytesInNALunit: 7
*** IDR_W_RADL numBytesInNALunit: 217203
POC    0 TId: 0 ( I-SLICE, QP 26 )    1738120 bits [Y 99.9900 dB    U 99.9900 dB    V 99.9900 dB] [ET 45.38 ] [L0 ] [L1 ]
*** TRAIL_R numBytesInNALunit: 216794
POC    1 TId: 0 ( I-SLICE, QP 26 )    1734352 bits [Y 99.9900 dB    U 99.9900 dB    V 99.9900 dB] [ET 45.72 ] [L0 ] [L1 ]
*** TRAIL_R numBytesInNALunit: 217393
POC    2 TId: 0 ( I-SLICE, QP 26 )    1739144 bits [Y 99.9900 dB    U 99.9900 dB    V 99.9900 dB] [ET 45.36 ] [L0 ] [L1 ]
*** TRAIL_R numBytesInNALunit: 217149
POC    3 TId: 0 ( I-SLICE, QP 26 )    1737192 bits [Y 99.9900 dB    U 99.9900 dB    V 99.9900 dB] [ET 45.44 ] [L0 ] [L1 ]
*** TRAIL_R numBytesInNALunit: 216994
POC    4 TId: 0 ( I-SLICE, QP 26 )    1735952 bits [Y 99.9900 dB    U 99.9900 dB    V 99.9900 dB] [ET 45.56 ] [L0 ] [L1 ]
*** TRAIL_R numBytesInNALunit: 217226
POC    5 TId: 0 ( I-SLICE, QP 26 )    1737808 bits [Y 99.9900 dB    U 99.9900 dB    V 99.9900 dB] [ET 45.44 ] [L0 ] [L1 ]
*** TRAIL_R numBytesInNALunit: 217154
POC    6 TId: 0 ( I-SLICE, QP 26 )    1737232 bits [Y 99.9900 dB    U 99.9900 dB    V 99.9900 dB] [ET 45.53 ] [L0 ] [L1 ]
*** TRAIL_R numBytesInNALunit: 216904
POC    7 TId: 0 ( I-SLICE, QP 26 )    1735232 bits [Y 99.9900 dB    U 99.9900 dB    V 99.9900 dB] [ET 45.33 ] [L0 ] [L1 ]
*** TRAIL_R numBytesInNALunit: 216945
POC    8 TId: 0 ( I-SLICE, QP 26 )    1735560 bits [Y 99.9900 dB    U 99.9900 dB    V 99.9900 dB] [ET 45.53 ] [L0 ] [L1 ]
*** TRAIL_R numBytesInNALunit: 216984
POC    9 TId: 0 ( I-SLICE, QP 26 )    1735872 bits [Y 99.9900 dB    U 99.9900 dB    V 99.9900 dB] [ET 45.48 ] [L0 ] [L1 ]


I Slices--------------------------------------------------------
	Total Frames |  Bitrate    Y-PSNR    U-PSNR    V-PSNR 
	       10    i  41679.5136   99.9900   99.9900   99.9900
Bytes written to file: 2170859 (41680.493 kbps)
Bytes for SPS/PPS/Slice (Incl. Annex B): 2170859 (41680.493 kbps)

 Total Time:      455.766 sec.
