
HM software: Encoder Version [15.0][Linux][GCC 4.8.5][64 bit] 

Input          File          : ../../HEVC_test_sequence/ClassA/PeopleOnStreet_2560x1600_30_crop.yuv
Bitstream      File          : PeopleOnStreet.bin
Reconstruction File          : PeopleOnStreet.yuv
Real     Format              : 2560x1600 30Hz
Internal Format              : 2560x1600 30Hz
Frame/Field                  : Frame based coding
Frame index                  : 0 - 9 (10 frames)
CU size / depth              : 32 / 3
RQT trans. size (min / max)  : 4 / 32
Max RQT depth inter          : 3
Max RQT depth intra          : 1
Min PCM size                 : 8
Motion search range          : 64
Intra period                 : 1
Decoding refresh type        : 0
QP                           : 26.00
Max dQP signaling depth      : 0
Cb QP Offset                 : 0
Cr QP Offset                 : 0
QP adaptation                : 0 (range=0)
GOP size                     : 1
Internal bit depth           : (Y:8, C:8)
PCM sample bit depth         : (Y:8, C:8)
RateControl                  : 0
Max Num Merge Candidates     : 5

TOOL CFG: IBD:0 HAD:0 RDQ:0 RDQTS:0 RDpenalty:0 SQP:0 ASR:0 FEN:0 ECU:0 FDM:0 CFM:0 ESD:0 RQT:1 TransformSkip:0 TransformSkipFast:0 Slice: M=0 SliceSegment: M=0 CIP:0 SAO:0 PCM:0 TransQuantBypassEnabled: =1 WPP:0 WPB:0 PME:2  WaveFrontSynchro:0 WaveFrontSubstreams:1 ScalingList:0 TMVPMode:1  SignBitHidingFlag:1 RecalQP:0

***    VPS numBytesInNALunit: 24
***    SPS numBytesInNALunit: 31
***    PPS numBytesInNALunit: 7
*** IDR_W_RADL numBytesInNALunit: 319345
POC    0 TId: 0 ( I-SLICE, QP 26 )    2555256 bits [Y 99.9900 dB    U 99.9900 dB    V 6.1971 dB] [ET 32.21 ] [L0 ] [L1 ]
*** TRAIL_R numBytesInNALunit: 319609
POC    1 TId: 0 ( I-SLICE, QP 26 )    2556872 bits [Y 99.9900 dB    U 99.9900 dB    V 6.1994 dB] [ET 29.07 ] [L0 ] [L1 ]
*** TRAIL_R numBytesInNALunit: 319328
POC    2 TId: 0 ( I-SLICE, QP 26 )    2554624 bits [Y 99.9900 dB    U 99.9900 dB    V 6.1992 dB] [ET 23.30 ] [L0 ] [L1 ]
*** TRAIL_R numBytesInNALunit: 319186
POC    3 TId: 0 ( I-SLICE, QP 26 )    2553488 bits [Y 99.9900 dB    U 99.9900 dB    V 6.1977 dB] [ET 21.30 ] [L0 ] [L1 ]
*** TRAIL_R numBytesInNALunit: 319060
POC    4 TId: 0 ( I-SLICE, QP 26 )    2552480 bits [Y 99.9900 dB    U 99.9900 dB    V 6.1944 dB] [ET 20.84 ] [L0 ] [L1 ]
*** TRAIL_R numBytesInNALunit: 319184
POC    5 TId: 0 ( I-SLICE, QP 26 )    2553472 bits [Y 99.9900 dB    U 99.9900 dB    V 6.1938 dB] [ET 21.05 ] [L0 ] [L1 ]
*** TRAIL_R numBytesInNALunit: 319310
POC    6 TId: 0 ( I-SLICE, QP 26 )    2554480 bits [Y 99.9900 dB    U 99.9900 dB    V 6.1919 dB] [ET 21.05 ] [L0 ] [L1 ]
*** TRAIL_R numBytesInNALunit: 319611
POC    7 TId: 0 ( I-SLICE, QP 26 )    2556888 bits [Y 99.9900 dB    U 99.9900 dB    V 6.1901 dB] [ET 21.07 ] [L0 ] [L1 ]
*** TRAIL_R numBytesInNALunit: 319215
POC    8 TId: 0 ( I-SLICE, QP 26 )    2553720 bits [Y 99.9900 dB    U 99.9900 dB    V 6.1869 dB] [ET 21.34 ] [L0 ] [L1 ]
*** TRAIL_R numBytesInNALunit: 319458
POC    9 TId: 0 ( I-SLICE, QP 26 )    2555664 bits [Y 99.9900 dB    U 99.9900 dB    V 6.1879 dB] [ET 21.06 ] [L0 ] [L1 ]


I Slices--------------------------------------------------------
	Total Frames |  Bitrate    Y-PSNR    U-PSNR    V-PSNR 
	       10    i  76640.8320   99.9900   99.9900    6.1938
Bytes written to file: 3193419 (76642.056 kbps)
Bytes for SPS/PPS/Slice (Incl. Annex B): 3193419 (76642.056 kbps)

 Total Time:      233.570 sec.
