
HM software: Encoder Version [15.0][Linux][GCC 4.8.5][64 bit] 

Input          File          : ../../HEVC_test_sequence/ClassF/SlideEditing_1280x720_30.yuv
Bitstream      File          : SlideEditing.bin
Reconstruction File          : SlideEditing.yuv
Real     Format              : 1280x720 30Hz
Internal Format              : 1280x720 30Hz
Frame/Field                  : Frame based coding
Frame index                  : 0 - 9 (10 frames)
CU size / depth              : 32 / 3
RQT trans. size (min / max)  : 4 / 32
Max RQT depth inter          : 3
Max RQT depth intra          : 1
Min PCM size                 : 8
Motion search range          : 64
Intra period                 : 1
Decoding refresh type        : 0
QP                           : 26.00
Max dQP signaling depth      : 0
Cb QP Offset                 : 0
Cr QP Offset                 : 0
QP adaptation                : 0 (range=0)
GOP size                     : 1
Internal bit depth           : (Y:8, C:8)
PCM sample bit depth         : (Y:8, C:8)
RateControl                  : 0
Max Num Merge Candidates     : 5

TOOL CFG: IBD:0 HAD:0 RDQ:0 RDQTS:0 RDpenalty:0 SQP:0 ASR:0 FEN:0 ECU:0 FDM:0 CFM:0 ESD:0 RQT:1 TransformSkip:0 TransformSkipFast:0 Slice: M=0 SliceSegment: M=0 CIP:0 SAO:0 PCM:0 TransQuantBypassEnabled: =1 WPP:0 WPB:0 PME:2  WaveFrontSynchro:0 WaveFrontSubstreams:1 ScalingList:0 TMVPMode:1  SignBitHidingFlag:1 RecalQP:0

***    VPS numBytesInNALunit: 24
***    SPS numBytesInNALunit: 31
***    PPS numBytesInNALunit: 7
*** IDR_W_RADL numBytesInNALunit: 49683
POC    0 TId: 0 ( I-SLICE, QP 26 )     397960 bits [Y 99.9900 dB    U 99.9900 dB    V 6.7069 dB] [ET  7.57 ] [L0 ] [L1 ]
*** TRAIL_R numBytesInNALunit: 49762
POC    1 TId: 0 ( I-SLICE, QP 26 )     398096 bits [Y 99.9900 dB    U 99.9900 dB    V 6.7069 dB] [ET  7.70 ] [L0 ] [L1 ]
*** TRAIL_R numBytesInNALunit: 49773
POC    2 TId: 0 ( I-SLICE, QP 26 )     398184 bits [Y 99.9900 dB    U 99.9900 dB    V 6.7069 dB] [ET  7.61 ] [L0 ] [L1 ]
*** TRAIL_R numBytesInNALunit: 49798
POC    3 TId: 0 ( I-SLICE, QP 26 )     398384 bits [Y 99.9900 dB    U 99.9900 dB    V 6.7080 dB] [ET  7.71 ] [L0 ] [L1 ]
*** TRAIL_R numBytesInNALunit: 49916
POC    4 TId: 0 ( I-SLICE, QP 26 )     399328 bits [Y 99.9900 dB    U 99.9900 dB    V 6.7084 dB] [ET  7.59 ] [L0 ] [L1 ]
*** TRAIL_R numBytesInNALunit: 50296
POC    5 TId: 0 ( I-SLICE, QP 26 )     402368 bits [Y 99.9900 dB    U 99.9900 dB    V 6.7182 dB] [ET  7.57 ] [L0 ] [L1 ]
*** TRAIL_R numBytesInNALunit: 50656
POC    6 TId: 0 ( I-SLICE, QP 26 )     405248 bits [Y 99.9900 dB    U 99.9900 dB    V 6.7247 dB] [ET  7.64 ] [L0 ] [L1 ]
*** TRAIL_R numBytesInNALunit: 50419
POC    7 TId: 0 ( I-SLICE, QP 26 )     403352 bits [Y 99.9900 dB    U 99.9900 dB    V 6.7011 dB] [ET  7.75 ] [L0 ] [L1 ]
*** TRAIL_R numBytesInNALunit: 50458
POC    8 TId: 0 ( I-SLICE, QP 26 )     403664 bits [Y 99.9900 dB    U 99.9900 dB    V 6.6985 dB] [ET  7.70 ] [L0 ] [L1 ]
*** TRAIL_R numBytesInNALunit: 50686
POC    9 TId: 0 ( I-SLICE, QP 26 )     405488 bits [Y 99.9900 dB    U 99.9900 dB    V 6.7056 dB] [ET  7.66 ] [L0 ] [L1 ]


I Slices--------------------------------------------------------
	Total Frames |  Bitrate    Y-PSNR    U-PSNR    V-PSNR 
	       10    i  12036.2160   99.9900   99.9900    6.7085
Bytes written to file: 501560 (12037.440 kbps)
Bytes for SPS/PPS/Slice (Incl. Annex B): 501560 (12037.440 kbps)

 Total Time:       76.850 sec.
