
HM software: Encoder Version [15.0][Linux][GCC 4.8.5][64 bit] 

Input          File          : ../../HEVC_test_sequence/ClassD/BlowingBubbles_416x240_50.yuv
Bitstream      File          : BlowingBubbles.bin
Reconstruction File          : BlowingBubbles.yuv
Real     Format              : 416x240 50Hz
Internal Format              : 416x240 50Hz
Frame/Field                  : Frame based coding
Frame index                  : 0 - 9 (10 frames)
CU size / depth              : 32 / 3
RQT trans. size (min / max)  : 4 / 32
Max RQT depth inter          : 3
Max RQT depth intra          : 1
Min PCM size                 : 8
Motion search range          : 64
Intra period                 : 1
Decoding refresh type        : 0
QP                           : 26.00
Max dQP signaling depth      : 0
Cb QP Offset                 : 0
Cr QP Offset                 : 0
QP adaptation                : 0 (range=0)
GOP size                     : 1
Internal bit depth           : (Y:8, C:8)
PCM sample bit depth         : (Y:8, C:8)
RateControl                  : 0
Max Num Merge Candidates     : 5

TOOL CFG: IBD:0 HAD:0 RDQ:0 RDQTS:0 RDpenalty:0 SQP:0 ASR:0 FEN:0 ECU:0 FDM:0 CFM:0 ESD:0 RQT:1 TransformSkip:0 TransformSkipFast:0 Slice: M=0 SliceSegment: M=0 CIP:0 SAO:0 PCM:0 TransQuantBypassEnabled: =1 WPP:0 WPB:0 PME:2  WaveFrontSynchro:0 WaveFrontSubstreams:1 ScalingList:0 TMVPMode:1  SignBitHidingFlag:1 RecalQP:0

***    VPS numBytesInNALunit: 24
***    SPS numBytesInNALunit: 30
***    PPS numBytesInNALunit: 7
*** IDR_W_RADL numBytesInNALunit: 9963
POC    0 TId: 0 ( I-SLICE, QP 26 )      80192 bits [Y 99.9900 dB    U 6.5051 dB    V 99.9900 dB] [ET  0.89 ] [L0 ] [L1 ]
*** TRAIL_R numBytesInNALunit: 9897
POC    1 TId: 0 ( I-SLICE, QP 26 )      79176 bits [Y 99.9900 dB    U 6.5052 dB    V 99.9900 dB] [ET  0.87 ] [L0 ] [L1 ]
*** TRAIL_R numBytesInNALunit: 9890
POC    2 TId: 0 ( I-SLICE, QP 26 )      79120 bits [Y 99.9900 dB    U 6.5085 dB    V 99.9900 dB] [ET  0.89 ] [L0 ] [L1 ]
*** TRAIL_R numBytesInNALunit: 9944
POC    3 TId: 0 ( I-SLICE, QP 26 )      79552 bits [Y 99.9900 dB    U 6.5117 dB    V 99.9900 dB] [ET  0.89 ] [L0 ] [L1 ]
*** TRAIL_R numBytesInNALunit: 10033
POC    4 TId: 0 ( I-SLICE, QP 26 )      80264 bits [Y 99.9900 dB    U 6.5194 dB    V 99.9900 dB] [ET  0.89 ] [L0 ] [L1 ]
*** TRAIL_R numBytesInNALunit: 10090
POC    5 TId: 0 ( I-SLICE, QP 26 )      80720 bits [Y 99.9900 dB    U 6.5221 dB    V 99.9900 dB] [ET  0.91 ] [L0 ] [L1 ]
*** TRAIL_R numBytesInNALunit: 10070
POC    6 TId: 0 ( I-SLICE, QP 26 )      80560 bits [Y 99.9900 dB    U 6.5184 dB    V 99.9900 dB] [ET  0.94 ] [L0 ] [L1 ]
*** TRAIL_R numBytesInNALunit: 10033
POC    7 TId: 0 ( I-SLICE, QP 26 )      80264 bits [Y 99.9900 dB    U 6.5214 dB    V 99.9900 dB] [ET  0.82 ] [L0 ] [L1 ]
*** TRAIL_R numBytesInNALunit: 10082
POC    8 TId: 0 ( I-SLICE, QP 26 )      80656 bits [Y 99.9900 dB    U 6.5245 dB    V 99.9900 dB] [ET  0.94 ] [L0 ] [L1 ]
*** TRAIL_R numBytesInNALunit: 10073
POC    9 TId: 0 ( I-SLICE, QP 26 )      80584 bits [Y 99.9900 dB    U 6.5181 dB    V 99.9900 dB] [ET  0.85 ] [L0 ] [L1 ]


I Slices--------------------------------------------------------
	Total Frames |  Bitrate    Y-PSNR    U-PSNR    V-PSNR 
	       10    i   4005.4400   99.9900    6.5154   99.9900
Bytes written to file: 100187 (4007.480 kbps)
Bytes for SPS/PPS/Slice (Incl. Annex B): 100187 (4007.480 kbps)

 Total Time:        8.940 sec.
