
HM software: Encoder Version [15.0][Linux][GCC 4.8.5][64 bit] 

Input          File          : ../../HEVC_test_sequence/ClassC/RaceHorses_832x480_30.yuv
Bitstream      File          : RaceHorsesC.bin
Reconstruction File          : RaceHorsesC.yuv
Real     Format              : 832x480 30Hz
Internal Format              : 832x480 30Hz
Frame/Field                  : Frame based coding
Frame index                  : 0 - 9 (10 frames)
CU size / depth              : 32 / 3
RQT trans. size (min / max)  : 4 / 32
Max RQT depth inter          : 3
Max RQT depth intra          : 1
Min PCM size                 : 8
Motion search range          : 64
Intra period                 : 1
Decoding refresh type        : 0
QP                           : 26.00
Max dQP signaling depth      : 0
Cb QP Offset                 : 0
Cr QP Offset                 : 0
QP adaptation                : 0 (range=0)
GOP size                     : 1
Internal bit depth           : (Y:8, C:8)
PCM sample bit depth         : (Y:8, C:8)
RateControl                  : 0
Max Num Merge Candidates     : 5

TOOL CFG: IBD:0 HAD:0 RDQ:0 RDQTS:0 RDpenalty:0 SQP:0 ASR:0 FEN:0 ECU:0 FDM:0 CFM:0 ESD:0 RQT:1 TransformSkip:0 TransformSkipFast:0 Slice: M=0 SliceSegment: M=0 CIP:0 SAO:0 PCM:0 TransQuantBypassEnabled: =1 WPP:0 WPB:0 PME:2  WaveFrontSynchro:0 WaveFrontSubstreams:1 ScalingList:0 TMVPMode:1  SignBitHidingFlag:1 RecalQP:0

***    VPS numBytesInNALunit: 24
***    SPS numBytesInNALunit: 30
***    PPS numBytesInNALunit: 7
*** IDR_W_RADL numBytesInNALunit: 37697
POC    0 TId: 0 ( I-SLICE, QP 26 )     302064 bits [Y 99.9900 dB    U 6.2262 dB    V 99.9900 dB] [ET  3.59 ] [L0 ] [L1 ]
*** TRAIL_R numBytesInNALunit: 37299
POC    1 TId: 0 ( I-SLICE, QP 26 )     298392 bits [Y 99.9900 dB    U 6.2280 dB    V 99.9900 dB] [ET  3.58 ] [L0 ] [L1 ]
*** TRAIL_R numBytesInNALunit: 37163
POC    2 TId: 0 ( I-SLICE, QP 26 )     297304 bits [Y 99.9900 dB    U 6.2413 dB    V 99.9900 dB] [ET  3.57 ] [L0 ] [L1 ]
*** TRAIL_R numBytesInNALunit: 37204
POC    3 TId: 0 ( I-SLICE, QP 26 )     297632 bits [Y 99.9900 dB    U 6.2527 dB    V 99.9900 dB] [ET  3.58 ] [L0 ] [L1 ]
*** TRAIL_R numBytesInNALunit: 36976
POC    4 TId: 0 ( I-SLICE, QP 26 )     295808 bits [Y 99.9900 dB    U 6.2510 dB    V 99.9900 dB] [ET  3.54 ] [L0 ] [L1 ]
*** TRAIL_R numBytesInNALunit: 36846
POC    5 TId: 0 ( I-SLICE, QP 26 )     294768 bits [Y 99.9900 dB    U 6.2384 dB    V 99.9900 dB] [ET  3.56 ] [L0 ] [L1 ]
*** TRAIL_R numBytesInNALunit: 36925
POC    6 TId: 0 ( I-SLICE, QP 26 )     295400 bits [Y 99.9900 dB    U 6.2136 dB    V 99.9900 dB] [ET  3.54 ] [L0 ] [L1 ]
*** TRAIL_R numBytesInNALunit: 37222
POC    7 TId: 0 ( I-SLICE, QP 26 )     297776 bits [Y 99.9900 dB    U 6.1893 dB    V 99.9900 dB] [ET  3.56 ] [L0 ] [L1 ]
*** TRAIL_R numBytesInNALunit: 37148
POC    8 TId: 0 ( I-SLICE, QP 26 )     297184 bits [Y 99.9900 dB    U 6.1765 dB    V 99.9900 dB] [ET  3.50 ] [L0 ] [L1 ]
*** TRAIL_R numBytesInNALunit: 36889
POC    9 TId: 0 ( I-SLICE, QP 26 )     295112 bits [Y 99.9900 dB    U 6.1636 dB    V 99.9900 dB] [ET  3.56 ] [L0 ] [L1 ]


I Slices--------------------------------------------------------
	Total Frames |  Bitrate    Y-PSNR    U-PSNR    V-PSNR 
	       10    i   8914.3200   99.9900    6.2181   99.9900
Bytes written to file: 371481 (8915.544 kbps)
Bytes for SPS/PPS/Slice (Incl. Annex B): 371481 (8915.544 kbps)

 Total Time:       35.740 sec.
