
HM software: Encoder Version [15.0][Linux][GCC 4.8.5][64 bit] 

Input          File          : ../../HEVC_test_sequence/ClassB/BasketballDrive_1920x1080_50.yuv
Bitstream      File          : BasketballDrive.bin
Reconstruction File          : BasketballDrive.yuv
Real     Format              : 1920x1080 50Hz
Internal Format              : 1920x1080 50Hz
Frame/Field                  : Frame based coding
Frame index                  : 0 - 9 (10 frames)
CU size / depth              : 32 / 3
RQT trans. size (min / max)  : 4 / 32
Max RQT depth inter          : 3
Max RQT depth intra          : 1
Min PCM size                 : 8
Motion search range          : 64
Intra period                 : 1
Decoding refresh type        : 0
QP                           : 26.00
Max dQP signaling depth      : 0
Cb QP Offset                 : 0
Cr QP Offset                 : 0
QP adaptation                : 0 (range=0)
GOP size                     : 1
Internal bit depth           : (Y:8, C:8)
PCM sample bit depth         : (Y:8, C:8)
RateControl                  : 0
Max Num Merge Candidates     : 5

TOOL CFG: IBD:0 HAD:0 RDQ:0 RDQTS:0 RDpenalty:0 SQP:0 ASR:0 FEN:0 ECU:0 FDM:0 CFM:0 ESD:0 RQT:1 TransformSkip:0 TransformSkipFast:0 Slice: M=0 SliceSegment: M=0 CIP:0 SAO:0 PCM:0 TransQuantBypassEnabled: =1 WPP:0 WPB:0 PME:2  WaveFrontSynchro:0 WaveFrontSubstreams:1 ScalingList:0 TMVPMode:1  SignBitHidingFlag:1 RecalQP:0

***    VPS numBytesInNALunit: 24
***    SPS numBytesInNALunit: 31
***    PPS numBytesInNALunit: 7
*** IDR_W_RADL numBytesInNALunit: 1315827
POC    0 TId: 0 ( I-SLICE, QP 26 )   10527112 bits [Y 99.9900 dB    U 99.9900 dB    V 99.9900 dB] [ET 31.38 ] [L0 ] [L1 ]
*** TRAIL_R numBytesInNALunit: 1312953
POC    1 TId: 0 ( I-SLICE, QP 26 )   10503624 bits [Y 99.9900 dB    U 99.9900 dB    V 99.9900 dB] [ET 31.55 ] [L0 ] [L1 ]
*** TRAIL_R numBytesInNALunit: 1312530
POC    2 TId: 0 ( I-SLICE, QP 26 )   10500240 bits [Y 99.9900 dB    U 99.9900 dB    V 99.9900 dB] [ET 31.64 ] [L0 ] [L1 ]
*** TRAIL_R numBytesInNALunit: 1314675
POC    3 TId: 0 ( I-SLICE, QP 26 )   10517400 bits [Y 99.9900 dB    U 99.9900 dB    V 99.9900 dB] [ET 31.44 ] [L0 ] [L1 ]
*** TRAIL_R numBytesInNALunit: 1317069
POC    4 TId: 0 ( I-SLICE, QP 26 )   10536552 bits [Y 99.9900 dB    U 99.9900 dB    V 99.9900 dB] [ET 31.08 ] [L0 ] [L1 ]
*** TRAIL_R numBytesInNALunit: 1320824
POC    5 TId: 0 ( I-SLICE, QP 26 )   10566592 bits [Y 99.9900 dB    U 99.9900 dB    V 99.9900 dB] [ET 31.77 ] [L0 ] [L1 ]
*** TRAIL_R numBytesInNALunit: 1319293
POC    6 TId: 0 ( I-SLICE, QP 26 )   10554344 bits [Y 99.9900 dB    U 99.9900 dB    V 99.9900 dB] [ET 31.80 ] [L0 ] [L1 ]
*** TRAIL_R numBytesInNALunit: 1316893
POC    7 TId: 0 ( I-SLICE, QP 26 )   10535144 bits [Y 99.9900 dB    U 99.9900 dB    V 99.9900 dB] [ET 31.44 ] [L0 ] [L1 ]
*** TRAIL_R numBytesInNALunit: 1316886
POC    8 TId: 0 ( I-SLICE, QP 26 )   10535088 bits [Y 99.9900 dB    U 99.9900 dB    V 99.9900 dB] [ET 31.39 ] [L0 ] [L1 ]
*** TRAIL_R numBytesInNALunit: 1317896
POC    9 TId: 0 ( I-SLICE, QP 26 )   10543168 bits [Y 99.9900 dB    U 99.9900 dB    V 99.9900 dB] [ET 31.58 ] [L0 ] [L1 ]


I Slices--------------------------------------------------------
	Total Frames |  Bitrate    Y-PSNR    U-PSNR    V-PSNR 
	       10    i 526596.3200   99.9900   99.9900   99.9900
Bytes written to file: 13164959 (526598.360 kbps)
Bytes for SPS/PPS/Slice (Incl. Annex B): 13164959 (526598.360 kbps)

 Total Time:      315.906 sec.
