
HM software: Encoder Version [15.0][Linux][GCC 4.8.5][64 bit] 

Input          File          : ../../HEVC_test_sequence/ClassF/BasketballDrillText_832x480_50.yuv
Bitstream      File          : BasketballDrillText.bin
Reconstruction File          : BasketballDrillText.yuv
Real     Format              : 832x480 50Hz
Internal Format              : 832x480 50Hz
Frame/Field                  : Frame based coding
Frame index                  : 0 - 9 (10 frames)
CU size / depth              : 32 / 3
RQT trans. size (min / max)  : 4 / 32
Max RQT depth inter          : 3
Max RQT depth intra          : 1
Min PCM size                 : 8
Motion search range          : 64
Intra period                 : 1
Decoding refresh type        : 0
QP                           : 26.00
Max dQP signaling depth      : 0
Cb QP Offset                 : 0
Cr QP Offset                 : 0
QP adaptation                : 0 (range=0)
GOP size                     : 1
Internal bit depth           : (Y:8, C:8)
PCM sample bit depth         : (Y:8, C:8)
RateControl                  : 0
Max Num Merge Candidates     : 5

TOOL CFG: IBD:0 HAD:0 RDQ:0 RDQTS:0 RDpenalty:0 SQP:0 ASR:0 FEN:0 ECU:0 FDM:0 CFM:0 ESD:0 RQT:1 TransformSkip:0 TransformSkipFast:0 Slice: M=0 SliceSegment: M=0 CIP:0 SAO:0 PCM:0 TransQuantBypassEnabled: =1 WPP:0 WPB:0 PME:2  WaveFrontSynchro:0 WaveFrontSubstreams:1 ScalingList:0 TMVPMode:1  SignBitHidingFlag:1 RecalQP:0

***    VPS numBytesInNALunit: 24
***    SPS numBytesInNALunit: 30
***    PPS numBytesInNALunit: 7
*** IDR_W_RADL numBytesInNALunit: 257718
POC    0 TId: 0 ( I-SLICE, QP 26 )    2062232 bits [Y 99.9900 dB    U 99.9900 dB    V 99.9900 dB] [ET  6.08 ] [L0 ] [L1 ]
*** TRAIL_R numBytesInNALunit: 257751
POC    1 TId: 0 ( I-SLICE, QP 26 )    2062008 bits [Y 99.9900 dB    U 99.9900 dB    V 99.9900 dB] [ET  6.12 ] [L0 ] [L1 ]
*** TRAIL_R numBytesInNALunit: 257577
POC    2 TId: 0 ( I-SLICE, QP 26 )    2060616 bits [Y 99.9900 dB    U 99.9900 dB    V 99.9900 dB] [ET  6.19 ] [L0 ] [L1 ]
*** TRAIL_R numBytesInNALunit: 257095
POC    3 TId: 0 ( I-SLICE, QP 26 )    2056760 bits [Y 99.9900 dB    U 99.9900 dB    V 99.9900 dB] [ET  6.05 ] [L0 ] [L1 ]
*** TRAIL_R numBytesInNALunit: 257163
POC    4 TId: 0 ( I-SLICE, QP 26 )    2057304 bits [Y 99.9900 dB    U 99.9900 dB    V 99.9900 dB] [ET  6.12 ] [L0 ] [L1 ]
*** TRAIL_R numBytesInNALunit: 256995
POC    5 TId: 0 ( I-SLICE, QP 26 )    2055960 bits [Y 99.9900 dB    U 99.9900 dB    V 99.9900 dB] [ET  6.03 ] [L0 ] [L1 ]
*** TRAIL_R numBytesInNALunit: 256540
POC    6 TId: 0 ( I-SLICE, QP 26 )    2052320 bits [Y 99.9900 dB    U 99.9900 dB    V 99.9900 dB] [ET  6.20 ] [L0 ] [L1 ]
*** TRAIL_R numBytesInNALunit: 257002
POC    7 TId: 0 ( I-SLICE, QP 26 )    2056016 bits [Y 99.9900 dB    U 99.9900 dB    V 99.9900 dB] [ET  6.17 ] [L0 ] [L1 ]
*** TRAIL_R numBytesInNALunit: 256904
POC    8 TId: 0 ( I-SLICE, QP 26 )    2055232 bits [Y 99.9900 dB    U 99.9900 dB    V 99.9900 dB] [ET  6.08 ] [L0 ] [L1 ]
*** TRAIL_R numBytesInNALunit: 255577
POC    9 TId: 0 ( I-SLICE, QP 26 )    2044616 bits [Y 99.9900 dB    U 99.9900 dB    V 99.9900 dB] [ET  6.05 ] [L0 ] [L1 ]


I Slices--------------------------------------------------------
	Total Frames |  Bitrate    Y-PSNR    U-PSNR    V-PSNR 
	       10    i 102815.3200   99.9900   99.9900   99.9900
Bytes written to file: 2570434 (102817.360 kbps)
Bytes for SPS/PPS/Slice (Incl. Annex B): 2570434 (102817.360 kbps)

 Total Time:       61.203 sec.
