
HM software: Encoder Version [15.0][Linux][GCC 4.8.5][64 bit] 

Input          File          : ../../HEVC_test_sequence/ClassD/BlowingBubbles_416x240_50.yuv
Bitstream      File          : BlowingBubbles.bin
Reconstruction File          : BlowingBubbles.yuv
Real     Format              : 416x240 50Hz
Internal Format              : 416x240 50Hz
Frame/Field                  : Frame based coding
Frame index                  : 0 - 9 (10 frames)
CU size / depth              : 32 / 3
RQT trans. size (min / max)  : 4 / 32
Max RQT depth inter          : 3
Max RQT depth intra          : 1
Min PCM size                 : 8
Motion search range          : 64
Intra period                 : 1
Decoding refresh type        : 0
QP                           : 26.00
Max dQP signaling depth      : 0
Cb QP Offset                 : 0
Cr QP Offset                 : 0
QP adaptation                : 0 (range=0)
GOP size                     : 1
Internal bit depth           : (Y:8, C:8)
PCM sample bit depth         : (Y:8, C:8)
RateControl                  : 0
Max Num Merge Candidates     : 5

TOOL CFG: IBD:0 HAD:0 RDQ:0 RDQTS:0 RDpenalty:0 SQP:0 ASR:0 FEN:0 ECU:0 FDM:0 CFM:0 ESD:0 RQT:1 TransformSkip:0 TransformSkipFast:0 Slice: M=0 SliceSegment: M=0 CIP:0 SAO:0 PCM:0 TransQuantBypassEnabled: =1 WPP:0 WPB:0 PME:2  WaveFrontSynchro:0 WaveFrontSubstreams:1 ScalingList:0 TMVPMode:1  SignBitHidingFlag:1 RecalQP:0

***    VPS numBytesInNALunit: 24
***    SPS numBytesInNALunit: 30
***    PPS numBytesInNALunit: 7
*** IDR_W_RADL numBytesInNALunit: 84660
POC    0 TId: 0 ( I-SLICE, QP 26 )     677768 bits [Y 99.9900 dB    U 99.9900 dB    V 99.9900 dB] [ET  2.07 ] [L0 ] [L1 ]
*** TRAIL_R numBytesInNALunit: 84365
POC    1 TId: 0 ( I-SLICE, QP 26 )     674920 bits [Y 99.9900 dB    U 99.9900 dB    V 99.9900 dB] [ET  2.08 ] [L0 ] [L1 ]
*** TRAIL_R numBytesInNALunit: 84515
POC    2 TId: 0 ( I-SLICE, QP 26 )     676120 bits [Y 99.9900 dB    U 99.9900 dB    V 99.9900 dB] [ET  2.11 ] [L0 ] [L1 ]
*** TRAIL_R numBytesInNALunit: 84840
POC    3 TId: 0 ( I-SLICE, QP 26 )     678720 bits [Y 99.9900 dB    U 99.9900 dB    V 99.9900 dB] [ET  2.17 ] [L0 ] [L1 ]
*** TRAIL_R numBytesInNALunit: 85204
POC    4 TId: 0 ( I-SLICE, QP 26 )     681632 bits [Y 99.9900 dB    U 99.9900 dB    V 99.9900 dB] [ET  2.14 ] [L0 ] [L1 ]
*** TRAIL_R numBytesInNALunit: 85438
POC    5 TId: 0 ( I-SLICE, QP 26 )     683504 bits [Y 99.9900 dB    U 99.9900 dB    V 99.9900 dB] [ET  2.09 ] [L0 ] [L1 ]
*** TRAIL_R numBytesInNALunit: 85598
POC    6 TId: 0 ( I-SLICE, QP 26 )     684784 bits [Y 99.9900 dB    U 99.9900 dB    V 99.9900 dB] [ET  2.10 ] [L0 ] [L1 ]
*** TRAIL_R numBytesInNALunit: 85599
POC    7 TId: 0 ( I-SLICE, QP 26 )     684792 bits [Y 99.9900 dB    U 99.9900 dB    V 99.9900 dB] [ET  2.10 ] [L0 ] [L1 ]
*** TRAIL_R numBytesInNALunit: 85443
POC    8 TId: 0 ( I-SLICE, QP 26 )     683544 bits [Y 99.9900 dB    U 99.9900 dB    V 99.9900 dB] [ET  2.16 ] [L0 ] [L1 ]
*** TRAIL_R numBytesInNALunit: 85374
POC    9 TId: 0 ( I-SLICE, QP 26 )     682992 bits [Y 99.9900 dB    U 99.9900 dB    V 99.9900 dB] [ET  2.17 ] [L0 ] [L1 ]


I Slices--------------------------------------------------------
	Total Frames |  Bitrate    Y-PSNR    U-PSNR    V-PSNR 
	       10    i  34043.8800   99.9900   99.9900   99.9900
Bytes written to file: 851148 (34045.920 kbps)
Bytes for SPS/PPS/Slice (Incl. Annex B): 851148 (34045.920 kbps)

 Total Time:       21.210 sec.
