
HM software: Encoder Version [15.0][Linux][GCC 4.8.5][64 bit] 

Input          File          : ../../HEVC_test_sequence/ClassB/BQTerrace_1920x1080_60.yuv
Bitstream      File          : BQTerrace.bin
Reconstruction File          : BQTerrace.yuv
Real     Format              : 1920x1080 60Hz
Internal Format              : 1920x1080 60Hz
Frame/Field                  : Frame based coding
Frame index                  : 0 - 9 (10 frames)
CU size / depth              : 32 / 3
RQT trans. size (min / max)  : 4 / 32
Max RQT depth inter          : 3
Max RQT depth intra          : 1
Min PCM size                 : 8
Motion search range          : 64
Intra period                 : 1
Decoding refresh type        : 0
QP                           : 26.00
Max dQP signaling depth      : 0
Cb QP Offset                 : 0
Cr QP Offset                 : 0
QP adaptation                : 0 (range=0)
GOP size                     : 1
Internal bit depth           : (Y:8, C:8)
PCM sample bit depth         : (Y:8, C:8)
RateControl                  : 0
Max Num Merge Candidates     : 5

TOOL CFG: IBD:0 HAD:0 RDQ:0 RDQTS:0 RDpenalty:0 SQP:0 ASR:0 FEN:0 ECU:0 FDM:0 CFM:0 ESD:0 RQT:1 TransformSkip:0 TransformSkipFast:0 Slice: M=0 SliceSegment: M=0 CIP:0 SAO:0 PCM:0 TransQuantBypassEnabled: =1 WPP:0 WPB:0 PME:2  WaveFrontSynchro:0 WaveFrontSubstreams:1 ScalingList:0 TMVPMode:1  SignBitHidingFlag:1 RecalQP:0

***    VPS numBytesInNALunit: 24
***    SPS numBytesInNALunit: 31
***    PPS numBytesInNALunit: 7
*** IDR_W_RADL numBytesInNALunit: 1453645
POC    0 TId: 0 ( I-SLICE, QP 26 )   11629656 bits [Y 99.9900 dB    U 99.9900 dB    V 99.9900 dB] [ET 31.52 ] [L0 ] [L1 ]
*** TRAIL_R numBytesInNALunit: 1452839
POC    1 TId: 0 ( I-SLICE, QP 26 )   11622712 bits [Y 99.9900 dB    U 99.9900 dB    V 99.9900 dB] [ET 31.62 ] [L0 ] [L1 ]
*** TRAIL_R numBytesInNALunit: 1453862
POC    2 TId: 0 ( I-SLICE, QP 26 )   11630896 bits [Y 99.9900 dB    U 99.9900 dB    V 99.9900 dB] [ET 31.98 ] [L0 ] [L1 ]
*** TRAIL_R numBytesInNALunit: 1453734
POC    3 TId: 0 ( I-SLICE, QP 26 )   11629872 bits [Y 99.9900 dB    U 99.9900 dB    V 99.9900 dB] [ET 31.67 ] [L0 ] [L1 ]
*** TRAIL_R numBytesInNALunit: 1453424
POC    4 TId: 0 ( I-SLICE, QP 26 )   11627392 bits [Y 99.9900 dB    U 99.9900 dB    V 99.9900 dB] [ET 31.52 ] [L0 ] [L1 ]
*** TRAIL_R numBytesInNALunit: 1453886
POC    5 TId: 0 ( I-SLICE, QP 26 )   11631088 bits [Y 99.9900 dB    U 99.9900 dB    V 99.9900 dB] [ET 31.41 ] [L0 ] [L1 ]
*** TRAIL_R numBytesInNALunit: 1453360
POC    6 TId: 0 ( I-SLICE, QP 26 )   11626880 bits [Y 99.9900 dB    U 99.9900 dB    V 99.9900 dB] [ET 31.44 ] [L0 ] [L1 ]
*** TRAIL_R numBytesInNALunit: 1452511
POC    7 TId: 0 ( I-SLICE, QP 26 )   11620088 bits [Y 99.9900 dB    U 99.9900 dB    V 99.9900 dB] [ET 31.41 ] [L0 ] [L1 ]
*** TRAIL_R numBytesInNALunit: 1453398
POC    8 TId: 0 ( I-SLICE, QP 26 )   11627184 bits [Y 99.9900 dB    U 99.9900 dB    V 99.9900 dB] [ET 31.30 ] [L0 ] [L1 ]
*** TRAIL_R numBytesInNALunit: 1452403
POC    9 TId: 0 ( I-SLICE, QP 26 )   11619224 bits [Y 99.9900 dB    U 99.9900 dB    V 99.9900 dB] [ET 31.66 ] [L0 ] [L1 ]


I Slices--------------------------------------------------------
	Total Frames |  Bitrate    Y-PSNR    U-PSNR    V-PSNR 
	       10    i 697589.9520   99.9900   99.9900   99.9900
Bytes written to file: 14533175 (697592.400 kbps)
Bytes for SPS/PPS/Slice (Incl. Annex B): 14533175 (697592.400 kbps)

 Total Time:      316.234 sec.
