
HM software: Encoder Version [15.0][Linux][GCC 4.8.5][64 bit] 

Input          File          : ../../HEVC_test_sequence/ClassA/PeopleOnStreet_2560x1600_30_crop.yuv
Bitstream      File          : PeopleOnStreet.bin
Reconstruction File          : PeopleOnStreet.yuv
Real     Format              : 2560x1600 30Hz
Internal Format              : 2560x1600 30Hz
Frame/Field                  : Frame based coding
Frame index                  : 0 - 9 (10 frames)
CU size / depth              : 32 / 3
RQT trans. size (min / max)  : 4 / 32
Max RQT depth inter          : 3
Max RQT depth intra          : 1
Min PCM size                 : 8
Motion search range          : 64
Intra period                 : 1
Decoding refresh type        : 0
QP                           : 26.00
Max dQP signaling depth      : 0
Cb QP Offset                 : 0
Cr QP Offset                 : 0
QP adaptation                : 0 (range=0)
GOP size                     : 1
Internal bit depth           : (Y:8, C:8)
PCM sample bit depth         : (Y:8, C:8)
RateControl                  : 0
Max Num Merge Candidates     : 5

TOOL CFG: IBD:0 HAD:0 RDQ:0 RDQTS:0 RDpenalty:0 SQP:0 ASR:0 FEN:0 ECU:0 FDM:0 CFM:0 ESD:0 RQT:1 TransformSkip:0 TransformSkipFast:0 Slice: M=0 SliceSegment: M=0 CIP:0 SAO:0 PCM:0 TransQuantBypassEnabled: =1 WPP:0 WPB:0 PME:2  WaveFrontSynchro:0 WaveFrontSubstreams:1 ScalingList:0 TMVPMode:1  SignBitHidingFlag:1 RecalQP:0

***    VPS numBytesInNALunit: 24
***    SPS numBytesInNALunit: 31
***    PPS numBytesInNALunit: 7
*** IDR_W_RADL numBytesInNALunit: 2434239
POC    0 TId: 0 ( I-SLICE, QP 26 )   19474408 bits [Y 99.9900 dB    U 99.9900 dB    V 99.9900 dB] [ET 61.20 ] [L0 ] [L1 ]
*** TRAIL_R numBytesInNALunit: 2436224
POC    1 TId: 0 ( I-SLICE, QP 26 )   19489792 bits [Y 99.9900 dB    U 99.9900 dB    V 99.9900 dB] [ET 61.47 ] [L0 ] [L1 ]
*** TRAIL_R numBytesInNALunit: 2433598
POC    2 TId: 0 ( I-SLICE, QP 26 )   19468784 bits [Y 99.9900 dB    U 99.9900 dB    V 99.9900 dB] [ET 62.02 ] [L0 ] [L1 ]
*** TRAIL_R numBytesInNALunit: 2435390
POC    3 TId: 0 ( I-SLICE, QP 26 )   19483120 bits [Y 99.9900 dB    U 99.9900 dB    V 99.9900 dB] [ET 61.81 ] [L0 ] [L1 ]
*** TRAIL_R numBytesInNALunit: 2434840
POC    4 TId: 0 ( I-SLICE, QP 26 )   19478720 bits [Y 99.9900 dB    U 99.9900 dB    V 99.9900 dB] [ET 62.12 ] [L0 ] [L1 ]
*** TRAIL_R numBytesInNALunit: 2438079
POC    5 TId: 0 ( I-SLICE, QP 26 )   19504632 bits [Y 99.9900 dB    U 99.9900 dB    V 99.9900 dB] [ET 61.64 ] [L0 ] [L1 ]
*** TRAIL_R numBytesInNALunit: 2437620
POC    6 TId: 0 ( I-SLICE, QP 26 )   19500960 bits [Y 99.9900 dB    U 99.9900 dB    V 99.9900 dB] [ET 61.47 ] [L0 ] [L1 ]
*** TRAIL_R numBytesInNALunit: 2438650
POC    7 TId: 0 ( I-SLICE, QP 26 )   19509200 bits [Y 99.9900 dB    U 99.9900 dB    V 99.9900 dB] [ET 60.59 ] [L0 ] [L1 ]
*** TRAIL_R numBytesInNALunit: 2440326
POC    8 TId: 0 ( I-SLICE, QP 26 )   19522608 bits [Y 99.9900 dB    U 99.9900 dB    V 99.9900 dB] [ET 48.91 ] [L0 ] [L1 ]
*** TRAIL_R numBytesInNALunit: 2441452
POC    9 TId: 0 ( I-SLICE, QP 26 )   19531616 bits [Y 99.9900 dB    U 99.9900 dB    V 99.9900 dB] [ET 43.86 ] [L0 ] [L1 ]


I Slices--------------------------------------------------------
	Total Frames |  Bitrate    Y-PSNR    U-PSNR    V-PSNR 
	       10    i 584891.5200   99.9900   99.9900   99.9900
Bytes written to file: 24370531 (584892.744 kbps)
Bytes for SPS/PPS/Slice (Incl. Annex B): 24370531 (584892.744 kbps)

 Total Time:      586.562 sec.
