
HM software: Encoder Version [15.0][Linux][GCC 4.8.5][64 bit] 

Input          File          : ../../HEVC_test_sequence/ClassF/SlideShow_1280x720_20.yuv
Bitstream      File          : SlideShow.bin
Reconstruction File          : SlideShow.yuv
Real     Format              : 1280x720 20Hz
Internal Format              : 1280x720 20Hz
Frame/Field                  : Frame based coding
Frame index                  : 0 - 9 (10 frames)
CU size / depth              : 32 / 3
RQT trans. size (min / max)  : 4 / 32
Max RQT depth inter          : 3
Max RQT depth intra          : 1
Min PCM size                 : 8
Motion search range          : 64
Intra period                 : 1
Decoding refresh type        : 0
QP                           : 26.00
Max dQP signaling depth      : 0
Cb QP Offset                 : 0
Cr QP Offset                 : 0
QP adaptation                : 0 (range=0)
GOP size                     : 1
Internal bit depth           : (Y:8, C:8)
PCM sample bit depth         : (Y:8, C:8)
RateControl                  : 0
Max Num Merge Candidates     : 5

TOOL CFG: IBD:0 HAD:0 RDQ:0 RDQTS:0 RDpenalty:0 SQP:0 ASR:0 FEN:0 ECU:0 FDM:0 CFM:0 ESD:0 RQT:1 TransformSkip:0 TransformSkipFast:0 Slice: M=0 SliceSegment: M=0 CIP:0 SAO:0 PCM:0 TransQuantBypassEnabled: =1 WPP:0 WPB:0 PME:2  WaveFrontSynchro:0 WaveFrontSubstreams:1 ScalingList:0 TMVPMode:1  SignBitHidingFlag:1 RecalQP:0

***    VPS numBytesInNALunit: 24
***    SPS numBytesInNALunit: 31
***    PPS numBytesInNALunit: 7
*** IDR_W_RADL numBytesInNALunit: 155129
POC    0 TId: 0 ( I-SLICE, QP 26 )    1241528 bits [Y 99.9900 dB    U 99.9900 dB    V 99.9900 dB] [ET 15.73 ] [L0 ] [L1 ]
*** TRAIL_R numBytesInNALunit: 1811
POC    1 TId: 0 ( I-SLICE, QP 26 )      14488 bits [Y 99.9900 dB    U 99.9900 dB    V 99.9900 dB] [ET  9.47 ] [L0 ] [L1 ]
*** TRAIL_R numBytesInNALunit: 1604
POC    2 TId: 0 ( I-SLICE, QP 26 )      12832 bits [Y 99.9900 dB    U 99.9900 dB    V 99.9900 dB] [ET  9.59 ] [L0 ] [L1 ]
*** TRAIL_R numBytesInNALunit: 16916
POC    3 TId: 0 ( I-SLICE, QP 26 )     135328 bits [Y 99.9900 dB    U 99.9900 dB    V 99.9900 dB] [ET 10.42 ] [L0 ] [L1 ]
*** TRAIL_R numBytesInNALunit: 38861
POC    4 TId: 0 ( I-SLICE, QP 26 )     310888 bits [Y 99.9900 dB    U 99.9900 dB    V 99.9900 dB] [ET 11.28 ] [L0 ] [L1 ]
*** TRAIL_R numBytesInNALunit: 57168
POC    5 TId: 0 ( I-SLICE, QP 26 )     457344 bits [Y 99.9900 dB    U 99.9900 dB    V 99.9900 dB] [ET 11.70 ] [L0 ] [L1 ]
*** TRAIL_R numBytesInNALunit: 77434
POC    6 TId: 0 ( I-SLICE, QP 26 )     619472 bits [Y 99.9900 dB    U 99.9900 dB    V 99.9900 dB] [ET 12.61 ] [L0 ] [L1 ]
*** TRAIL_R numBytesInNALunit: 103428
POC    7 TId: 0 ( I-SLICE, QP 26 )     827424 bits [Y 99.9900 dB    U 99.9900 dB    V 99.9900 dB] [ET 13.41 ] [L0 ] [L1 ]
*** TRAIL_R numBytesInNALunit: 121360
POC    8 TId: 0 ( I-SLICE, QP 26 )     970880 bits [Y 99.9900 dB    U 99.9900 dB    V 99.9900 dB] [ET 13.97 ] [L0 ] [L1 ]
*** TRAIL_R numBytesInNALunit: 147904
POC    9 TId: 0 ( I-SLICE, QP 26 )    1183232 bits [Y 99.9900 dB    U 99.9900 dB    V 99.9900 dB] [ET 14.78 ] [L0 ] [L1 ]


I Slices--------------------------------------------------------
	Total Frames |  Bitrate    Y-PSNR    U-PSNR    V-PSNR 
	       10    i  11546.8320   99.9900   99.9900   99.9900
Bytes written to file: 721728 (11547.648 kbps)
Bytes for SPS/PPS/Slice (Incl. Annex B): 721728 (11547.648 kbps)

 Total Time:      123.453 sec.
