
HM software: Encoder Version [15.0][Linux][GCC 4.8.5][64 bit] 

Input          File          : ../../HEVC_test_sequence/ClassF/SlideEditing_1280x720_30.yuv
Bitstream      File          : SlideEditing.bin
Reconstruction File          : SlideEditing.yuv
Real     Format              : 1280x720 30Hz
Internal Format              : 1280x720 30Hz
Frame/Field                  : Frame based coding
Frame index                  : 0 - 9 (10 frames)
CU size / depth              : 32 / 3
RQT trans. size (min / max)  : 4 / 32
Max RQT depth inter          : 3
Max RQT depth intra          : 1
Min PCM size                 : 8
Motion search range          : 64
Intra period                 : 1
Decoding refresh type        : 0
QP                           : 26.00
Max dQP signaling depth      : 0
Cb QP Offset                 : 0
Cr QP Offset                 : 0
QP adaptation                : 0 (range=0)
GOP size                     : 1
Internal bit depth           : (Y:8, C:8)
PCM sample bit depth         : (Y:8, C:8)
RateControl                  : 0
Max Num Merge Candidates     : 5

TOOL CFG: IBD:0 HAD:0 RDQ:0 RDQTS:0 RDpenalty:0 SQP:0 ASR:0 FEN:0 ECU:0 FDM:0 CFM:0 ESD:0 RQT:1 TransformSkip:0 TransformSkipFast:0 Slice: M=0 SliceSegment: M=0 CIP:0 SAO:0 PCM:0 TransQuantBypassEnabled: =1 WPP:0 WPB:0 PME:2  WaveFrontSynchro:0 WaveFrontSubstreams:1 ScalingList:0 TMVPMode:1  SignBitHidingFlag:1 RecalQP:0

***    VPS numBytesInNALunit: 24
***    SPS numBytesInNALunit: 31
***    PPS numBytesInNALunit: 7
*** IDR_W_RADL numBytesInNALunit: 345095
POC    0 TId: 0 ( I-SLICE, QP 26 )    2761256 bits [Y 99.9900 dB    U 99.9900 dB    V 99.9900 dB] [ET 18.41 ] [L0 ] [L1 ]
*** TRAIL_R numBytesInNALunit: 345080
POC    1 TId: 0 ( I-SLICE, QP 26 )    2760640 bits [Y 99.9900 dB    U 99.9900 dB    V 99.9900 dB] [ET 18.54 ] [L0 ] [L1 ]
*** TRAIL_R numBytesInNALunit: 345074
POC    2 TId: 0 ( I-SLICE, QP 26 )    2760592 bits [Y 99.9900 dB    U 99.9900 dB    V 99.9900 dB] [ET 18.47 ] [L0 ] [L1 ]
*** TRAIL_R numBytesInNALunit: 345117
POC    3 TId: 0 ( I-SLICE, QP 26 )    2760936 bits [Y 99.9900 dB    U 99.9900 dB    V 99.9900 dB] [ET 18.40 ] [L0 ] [L1 ]
*** TRAIL_R numBytesInNALunit: 345961
POC    4 TId: 0 ( I-SLICE, QP 26 )    2767688 bits [Y 99.9900 dB    U 99.9900 dB    V 99.9900 dB] [ET 18.39 ] [L0 ] [L1 ]
*** TRAIL_R numBytesInNALunit: 348168
POC    5 TId: 0 ( I-SLICE, QP 26 )    2785344 bits [Y 99.9900 dB    U 99.9900 dB    V 99.9900 dB] [ET 18.30 ] [L0 ] [L1 ]
*** TRAIL_R numBytesInNALunit: 350629
POC    6 TId: 0 ( I-SLICE, QP 26 )    2805032 bits [Y 99.9900 dB    U 99.9900 dB    V 99.9900 dB] [ET 18.23 ] [L0 ] [L1 ]
*** TRAIL_R numBytesInNALunit: 348087
POC    7 TId: 0 ( I-SLICE, QP 26 )    2784696 bits [Y 99.9900 dB    U 99.9900 dB    V 99.9900 dB] [ET 18.46 ] [L0 ] [L1 ]
*** TRAIL_R numBytesInNALunit: 349572
POC    8 TId: 0 ( I-SLICE, QP 26 )    2796576 bits [Y 99.9900 dB    U 99.9900 dB    V 99.9900 dB] [ET 18.59 ] [L0 ] [L1 ]
*** TRAIL_R numBytesInNALunit: 352733
POC    9 TId: 0 ( I-SLICE, QP 26 )    2821864 bits [Y 99.9900 dB    U 99.9900 dB    V 99.9900 dB] [ET 18.31 ] [L0 ] [L1 ]


I Slices--------------------------------------------------------
	Total Frames |  Bitrate    Y-PSNR    U-PSNR    V-PSNR 
	       10    i  83413.8720   99.9900   99.9900   99.9900
Bytes written to file: 3475629 (83415.096 kbps)
Bytes for SPS/PPS/Slice (Incl. Annex B): 3475629 (83415.096 kbps)

 Total Time:      184.510 sec.
