
HM software: Encoder Version [15.0][Linux][GCC 4.8.5][64 bit] 

Input          File          : ../../HEVC_test_sequence/ClassF/ChinaSpeed_1024x768_30.yuv
Bitstream      File          : ChinaSpeed.bin
Reconstruction File          : ChinaSpeed.yuv
Real     Format              : 1024x768 30Hz
Internal Format              : 1024x768 30Hz
Frame/Field                  : Frame based coding
Frame index                  : 0 - 9 (10 frames)
CU size / depth              : 32 / 3
RQT trans. size (min / max)  : 4 / 32
Max RQT depth inter          : 3
Max RQT depth intra          : 1
Min PCM size                 : 8
Motion search range          : 64
Intra period                 : 1
Decoding refresh type        : 0
QP                           : 26.00
Max dQP signaling depth      : 0
Cb QP Offset                 : 0
Cr QP Offset                 : 0
QP adaptation                : 0 (range=0)
GOP size                     : 1
Internal bit depth           : (Y:8, C:8)
PCM sample bit depth         : (Y:8, C:8)
RateControl                  : 0
Max Num Merge Candidates     : 5

TOOL CFG: IBD:0 HAD:0 RDQ:0 RDQTS:0 RDpenalty:0 SQP:0 ASR:0 FEN:0 ECU:0 FDM:0 CFM:0 ESD:0 RQT:1 TransformSkip:0 TransformSkipFast:0 Slice: M=0 SliceSegment: M=0 CIP:0 SAO:0 PCM:0 TransQuantBypassEnabled: =1 WPP:0 WPB:0 PME:2  WaveFrontSynchro:0 WaveFrontSubstreams:1 ScalingList:0 TMVPMode:1  SignBitHidingFlag:1 RecalQP:0

***    VPS numBytesInNALunit: 24
***    SPS numBytesInNALunit: 31
***    PPS numBytesInNALunit: 7
*** IDR_W_RADL numBytesInNALunit: 309914
POC    0 TId: 0 ( I-SLICE, QP 26 )    2479808 bits [Y 99.9900 dB    U 99.9900 dB    V 99.9900 dB] [ET 10.30 ] [L0 ] [L1 ]
*** TRAIL_R numBytesInNALunit: 311700
POC    1 TId: 0 ( I-SLICE, QP 26 )    2493600 bits [Y 99.9900 dB    U 99.9900 dB    V 99.9900 dB] [ET 10.52 ] [L0 ] [L1 ]
*** TRAIL_R numBytesInNALunit: 312516
POC    2 TId: 0 ( I-SLICE, QP 26 )    2500128 bits [Y 99.9900 dB    U 99.9900 dB    V 99.9900 dB] [ET 10.62 ] [L0 ] [L1 ]
*** TRAIL_R numBytesInNALunit: 314948
POC    3 TId: 0 ( I-SLICE, QP 26 )    2519584 bits [Y 99.9900 dB    U 99.9900 dB    V 99.9900 dB] [ET 10.70 ] [L0 ] [L1 ]
*** TRAIL_R numBytesInNALunit: 317996
POC    4 TId: 0 ( I-SLICE, QP 26 )    2543968 bits [Y 99.9900 dB    U 99.9900 dB    V 99.9900 dB] [ET 10.77 ] [L0 ] [L1 ]
*** TRAIL_R numBytesInNALunit: 318855
POC    5 TId: 0 ( I-SLICE, QP 26 )    2550840 bits [Y 99.9900 dB    U 99.9900 dB    V 99.9900 dB] [ET 10.86 ] [L0 ] [L1 ]
*** TRAIL_R numBytesInNALunit: 320075
POC    6 TId: 0 ( I-SLICE, QP 26 )    2560600 bits [Y 99.9900 dB    U 99.9900 dB    V 99.9900 dB] [ET 10.38 ] [L0 ] [L1 ]
*** TRAIL_R numBytesInNALunit: 319540
POC    7 TId: 0 ( I-SLICE, QP 26 )    2556320 bits [Y 99.9900 dB    U 99.9900 dB    V 99.9900 dB] [ET 10.06 ] [L0 ] [L1 ]
*** TRAIL_R numBytesInNALunit: 320510
POC    8 TId: 0 ( I-SLICE, QP 26 )    2564080 bits [Y 99.9900 dB    U 99.9900 dB    V 99.9900 dB] [ET  9.47 ] [L0 ] [L1 ]
*** TRAIL_R numBytesInNALunit: 319121
POC    9 TId: 0 ( I-SLICE, QP 26 )    2552968 bits [Y 99.9900 dB    U 99.9900 dB    V 99.9900 dB] [ET  9.33 ] [L0 ] [L1 ]


I Slices--------------------------------------------------------
	Total Frames |  Bitrate    Y-PSNR    U-PSNR    V-PSNR 
	       10    i  75965.6880   99.9900   99.9900   99.9900
Bytes written to file: 3165288 (75966.912 kbps)
Bytes for SPS/PPS/Slice (Incl. Annex B): 3165288 (75966.912 kbps)

 Total Time:      103.266 sec.
