
HM software: Encoder Version [15.0][Linux][GCC 4.8.5][64 bit] 

Input          File          : ../../HEVC_test_sequence/ClassE/Johnny_1280x720_60.yuv
Bitstream      File          : Johnny.bin
Reconstruction File          : Johnny.yuv
Real     Format              : 1280x720 60Hz
Internal Format              : 1280x720 60Hz
Frame/Field                  : Frame based coding
Frame index                  : 0 - 9 (10 frames)
CU size / depth              : 32 / 3
RQT trans. size (min / max)  : 4 / 32
Max RQT depth inter          : 3
Max RQT depth intra          : 1
Min PCM size                 : 8
Motion search range          : 64
Intra period                 : 1
Decoding refresh type        : 0
QP                           : 26.00
Max dQP signaling depth      : 0
Cb QP Offset                 : 0
Cr QP Offset                 : 0
QP adaptation                : 0 (range=0)
GOP size                     : 1
Internal bit depth           : (Y:8, C:8)
PCM sample bit depth         : (Y:8, C:8)
RateControl                  : 0
Max Num Merge Candidates     : 5

TOOL CFG: IBD:0 HAD:0 RDQ:0 RDQTS:0 RDpenalty:0 SQP:0 ASR:0 FEN:0 ECU:0 FDM:0 CFM:0 ESD:0 RQT:1 TransformSkip:0 TransformSkipFast:0 Slice: M=0 SliceSegment: M=0 CIP:0 SAO:0 PCM:0 TransQuantBypassEnabled: =1 WPP:0 WPB:0 PME:2  WaveFrontSynchro:0 WaveFrontSubstreams:1 ScalingList:0 TMVPMode:1  SignBitHidingFlag:1 RecalQP:0

***    VPS numBytesInNALunit: 24
***    SPS numBytesInNALunit: 31
***    PPS numBytesInNALunit: 7
*** IDR_W_RADL numBytesInNALunit: 55153
POC    0 TId: 0 ( I-SLICE, QP 26 )     441720 bits [Y 99.9900 dB    U 5.1438 dB    V 99.9900 dB] [ET  9.73 ] [L0 ] [L1 ]
*** TRAIL_R numBytesInNALunit: 55328
POC    1 TId: 0 ( I-SLICE, QP 26 )     442624 bits [Y 99.9900 dB    U 5.1469 dB    V 99.9900 dB] [ET  9.70 ] [L0 ] [L1 ]
*** TRAIL_R numBytesInNALunit: 55270
POC    2 TId: 0 ( I-SLICE, QP 26 )     442160 bits [Y 99.9900 dB    U 5.1466 dB    V 99.9900 dB] [ET  9.74 ] [L0 ] [L1 ]
*** TRAIL_R numBytesInNALunit: 55228
POC    3 TId: 0 ( I-SLICE, QP 26 )     441824 bits [Y 99.9900 dB    U 5.1470 dB    V 99.9900 dB] [ET  9.73 ] [L0 ] [L1 ]
*** TRAIL_R numBytesInNALunit: 55259
POC    4 TId: 0 ( I-SLICE, QP 26 )     442072 bits [Y 99.9900 dB    U 5.1449 dB    V 99.9900 dB] [ET  9.81 ] [L0 ] [L1 ]
*** TRAIL_R numBytesInNALunit: 55283
POC    5 TId: 0 ( I-SLICE, QP 26 )     442264 bits [Y 99.9900 dB    U 5.1479 dB    V 99.9900 dB] [ET  9.74 ] [L0 ] [L1 ]
*** TRAIL_R numBytesInNALunit: 55441
POC    6 TId: 0 ( I-SLICE, QP 26 )     443528 bits [Y 99.9900 dB    U 5.1425 dB    V 99.9900 dB] [ET  9.78 ] [L0 ] [L1 ]
*** TRAIL_R numBytesInNALunit: 55408
POC    7 TId: 0 ( I-SLICE, QP 26 )     443264 bits [Y 99.9900 dB    U 5.1480 dB    V 99.9900 dB] [ET  9.60 ] [L0 ] [L1 ]
*** TRAIL_R numBytesInNALunit: 55486
POC    8 TId: 0 ( I-SLICE, QP 26 )     443888 bits [Y 99.9900 dB    U 5.1433 dB    V 99.9900 dB] [ET  9.83 ] [L0 ] [L1 ]
*** TRAIL_R numBytesInNALunit: 55635
POC    9 TId: 0 ( I-SLICE, QP 26 )     445080 bits [Y 99.9900 dB    U 5.1472 dB    V 99.9900 dB] [ET  9.82 ] [L0 ] [L1 ]


I Slices--------------------------------------------------------
	Total Frames |  Bitrate    Y-PSNR    U-PSNR    V-PSNR 
	       10    i  26570.5440   99.9900    5.1458   99.9900
Bytes written to file: 553604 (26572.992 kbps)
Bytes for SPS/PPS/Slice (Incl. Annex B): 553604 (26572.992 kbps)

 Total Time:       97.830 sec.
