
HM software: Encoder Version [15.0][Linux][GCC 4.8.5][64 bit] 

Input          File          : ../../HEVC_test_sequence/ClassB/Kimono1_1920x1080_24.yuv
Bitstream      File          : Kimono.bin
Reconstruction File          : Kimono.yuv
Real     Format              : 1920x1080 24Hz
Internal Format              : 1920x1080 24Hz
Frame/Field                  : Frame based coding
Frame index                  : 0 - 9 (10 frames)
CU size / depth              : 32 / 3
RQT trans. size (min / max)  : 4 / 32
Max RQT depth inter          : 3
Max RQT depth intra          : 1
Min PCM size                 : 8
Motion search range          : 64
Intra period                 : 1
Decoding refresh type        : 0
QP                           : 26.00
Max dQP signaling depth      : 0
Cb QP Offset                 : 0
Cr QP Offset                 : 0
QP adaptation                : 0 (range=0)
GOP size                     : 1
Internal bit depth           : (Y:8, C:8)
PCM sample bit depth         : (Y:8, C:8)
RateControl                  : 0
Max Num Merge Candidates     : 5

TOOL CFG: IBD:0 HAD:0 RDQ:0 RDQTS:0 RDpenalty:0 SQP:0 ASR:0 FEN:0 ECU:0 FDM:0 CFM:0 ESD:0 RQT:1 TransformSkip:0 TransformSkipFast:0 Slice: M=0 SliceSegment: M=0 CIP:0 SAO:0 PCM:0 TransQuantBypassEnabled: =1 WPP:0 WPB:0 PME:2  WaveFrontSynchro:0 WaveFrontSubstreams:1 ScalingList:0 TMVPMode:1  SignBitHidingFlag:1 RecalQP:0

***    VPS numBytesInNALunit: 24
***    SPS numBytesInNALunit: 31
***    PPS numBytesInNALunit: 7
*** IDR_W_RADL numBytesInNALunit: 161292
POC    0 TId: 0 ( I-SLICE, QP 26 )    1290832 bits [Y 99.9900 dB    U 6.4700 dB    V 99.9900 dB] [ET 22.27 ] [L0 ] [L1 ]
*** TRAIL_R numBytesInNALunit: 161349
POC    1 TId: 0 ( I-SLICE, QP 26 )    1290792 bits [Y 99.9900 dB    U 6.4654 dB    V 99.9900 dB] [ET 22.31 ] [L0 ] [L1 ]
*** TRAIL_R numBytesInNALunit: 161490
POC    2 TId: 0 ( I-SLICE, QP 26 )    1291920 bits [Y 99.9900 dB    U 6.4659 dB    V 99.9900 dB] [ET 21.04 ] [L0 ] [L1 ]
*** TRAIL_R numBytesInNALunit: 161664
POC    3 TId: 0 ( I-SLICE, QP 26 )    1293312 bits [Y 99.9900 dB    U 6.4633 dB    V 99.9900 dB] [ET 20.64 ] [L0 ] [L1 ]
*** TRAIL_R numBytesInNALunit: 162423
POC    4 TId: 0 ( I-SLICE, QP 26 )    1299384 bits [Y 99.9900 dB    U 6.4669 dB    V 99.9900 dB] [ET 21.36 ] [L0 ] [L1 ]
*** TRAIL_R numBytesInNALunit: 162865
POC    5 TId: 0 ( I-SLICE, QP 26 )    1302920 bits [Y 99.9900 dB    U 6.4636 dB    V 99.9900 dB] [ET 20.67 ] [L0 ] [L1 ]
*** TRAIL_R numBytesInNALunit: 162768
POC    6 TId: 0 ( I-SLICE, QP 26 )    1302144 bits [Y 99.9900 dB    U 6.4655 dB    V 99.9900 dB] [ET 21.03 ] [L0 ] [L1 ]
*** TRAIL_R numBytesInNALunit: 162171
POC    7 TId: 0 ( I-SLICE, QP 26 )    1297368 bits [Y 99.9900 dB    U 6.4633 dB    V 99.9900 dB] [ET 21.38 ] [L0 ] [L1 ]
*** TRAIL_R numBytesInNALunit: 161373
POC    8 TId: 0 ( I-SLICE, QP 26 )    1290984 bits [Y 99.9900 dB    U 6.4667 dB    V 99.9900 dB] [ET 19.86 ] [L0 ] [L1 ]
*** TRAIL_R numBytesInNALunit: 161755
POC    9 TId: 0 ( I-SLICE, QP 26 )    1294040 bits [Y 99.9900 dB    U 6.4642 dB    V 99.9900 dB] [ET 16.77 ] [L0 ] [L1 ]


I Slices--------------------------------------------------------
	Total Frames |  Bitrate    Y-PSNR    U-PSNR    V-PSNR 
	       10    i  31088.8704   99.9900    6.4655   99.9900
Bytes written to file: 1619263 (31089.850 kbps)
Bytes for SPS/PPS/Slice (Incl. Annex B): 1619263 (31089.850 kbps)

 Total Time:      208.080 sec.
