
HM software: Encoder Version [15.0][Linux][GCC 4.8.5][64 bit] 

Input          File          : ../../HEVC_test_sequence/ClassC/PartyScene_832x480_50.yuv
Bitstream      File          : PartyScene.bin
Reconstruction File          : PartyScene.yuv
Real     Format              : 832x480 50Hz
Internal Format              : 832x480 50Hz
Frame/Field                  : Frame based coding
Frame index                  : 0 - 9 (10 frames)
CU size / depth              : 32 / 3
RQT trans. size (min / max)  : 4 / 32
Max RQT depth inter          : 3
Max RQT depth intra          : 1
Min PCM size                 : 8
Motion search range          : 64
Intra period                 : 1
Decoding refresh type        : 0
QP                           : 26.00
Max dQP signaling depth      : 0
Cb QP Offset                 : 0
Cr QP Offset                 : 0
QP adaptation                : 0 (range=0)
GOP size                     : 1
Internal bit depth           : (Y:8, C:8)
PCM sample bit depth         : (Y:8, C:8)
RateControl                  : 0
Max Num Merge Candidates     : 5

TOOL CFG: IBD:0 HAD:0 RDQ:0 RDQTS:0 RDpenalty:0 SQP:0 ASR:0 FEN:0 ECU:0 FDM:0 CFM:0 ESD:0 RQT:1 TransformSkip:0 TransformSkipFast:0 Slice: M=0 SliceSegment: M=0 CIP:0 SAO:0 PCM:0 TransQuantBypassEnabled: =1 WPP:0 WPB:0 PME:2  WaveFrontSynchro:0 WaveFrontSubstreams:1 ScalingList:0 TMVPMode:1  SignBitHidingFlag:1 RecalQP:0

***    VPS numBytesInNALunit: 24
***    SPS numBytesInNALunit: 30
***    PPS numBytesInNALunit: 7
*** IDR_W_RADL numBytesInNALunit: 46115
POC    0 TId: 0 ( I-SLICE, QP 26 )     369408 bits [Y 99.9900 dB    U 7.1872 dB    V 99.9900 dB] [ET  4.38 ] [L0 ] [L1 ]
*** TRAIL_R numBytesInNALunit: 46116
POC    1 TId: 0 ( I-SLICE, QP 26 )     368928 bits [Y 99.9900 dB    U 7.1872 dB    V 99.9900 dB] [ET  4.33 ] [L0 ] [L1 ]
*** TRAIL_R numBytesInNALunit: 46116
POC    2 TId: 0 ( I-SLICE, QP 26 )     368928 bits [Y 99.9900 dB    U 7.1872 dB    V 99.9900 dB] [ET  4.37 ] [L0 ] [L1 ]
*** TRAIL_R numBytesInNALunit: 46049
POC    3 TId: 0 ( I-SLICE, QP 26 )     368392 bits [Y 99.9900 dB    U 7.1945 dB    V 99.9900 dB] [ET  4.43 ] [L0 ] [L1 ]
*** TRAIL_R numBytesInNALunit: 46114
POC    4 TId: 0 ( I-SLICE, QP 26 )     368912 bits [Y 99.9900 dB    U 7.2901 dB    V 99.9900 dB] [ET  4.42 ] [L0 ] [L1 ]
*** TRAIL_R numBytesInNALunit: 46003
POC    5 TId: 0 ( I-SLICE, QP 26 )     368024 bits [Y 99.9900 dB    U 7.3005 dB    V 99.9900 dB] [ET  4.39 ] [L0 ] [L1 ]
*** TRAIL_R numBytesInNALunit: 45934
POC    6 TId: 0 ( I-SLICE, QP 26 )     367472 bits [Y 99.9900 dB    U 7.3012 dB    V 99.9900 dB] [ET  4.39 ] [L0 ] [L1 ]
*** TRAIL_R numBytesInNALunit: 45971
POC    7 TId: 0 ( I-SLICE, QP 26 )     367768 bits [Y 99.9900 dB    U 7.3060 dB    V 99.9900 dB] [ET  4.33 ] [L0 ] [L1 ]
*** TRAIL_R numBytesInNALunit: 45977
POC    8 TId: 0 ( I-SLICE, QP 26 )     367816 bits [Y 99.9900 dB    U 7.3063 dB    V 99.9900 dB] [ET  4.39 ] [L0 ] [L1 ]
*** TRAIL_R numBytesInNALunit: 45948
POC    9 TId: 0 ( I-SLICE, QP 26 )     367584 bits [Y 99.9900 dB    U 7.3134 dB    V 99.9900 dB] [ET  4.45 ] [L0 ] [L1 ]


I Slices--------------------------------------------------------
	Total Frames |  Bitrate    Y-PSNR    U-PSNR    V-PSNR 
	       10    i  18416.1600   99.9900    7.2574   99.9900
Bytes written to file: 460455 (18418.200 kbps)
Bytes for SPS/PPS/Slice (Incl. Annex B): 460455 (18418.200 kbps)

 Total Time:       44.050 sec.
