
HM software: Encoder Version [15.0][Linux][GCC 4.8.5][64 bit] 

Input          File          : ../../HEVC_test_sequence/ClassD/RaceHorses_416x240_30.yuv
Bitstream      File          : RaceHorses.bin
Reconstruction File          : RaceHorses.yuv
Real     Format              : 416x240 30Hz
Internal Format              : 416x240 30Hz
Frame/Field                  : Frame based coding
Frame index                  : 0 - 9 (10 frames)
CU size / depth              : 32 / 3
RQT trans. size (min / max)  : 4 / 32
Max RQT depth inter          : 3
Max RQT depth intra          : 1
Min PCM size                 : 8
Motion search range          : 64
Intra period                 : 1
Decoding refresh type        : 0
QP                           : 26.00
Max dQP signaling depth      : 0
Cb QP Offset                 : 0
Cr QP Offset                 : 0
QP adaptation                : 0 (range=0)
GOP size                     : 1
Internal bit depth           : (Y:8, C:8)
PCM sample bit depth         : (Y:8, C:8)
RateControl                  : 0
Max Num Merge Candidates     : 5

TOOL CFG: IBD:0 HAD:0 RDQ:0 RDQTS:0 RDpenalty:0 SQP:0 ASR:0 FEN:0 ECU:0 FDM:0 CFM:0 ESD:0 RQT:1 TransformSkip:0 TransformSkipFast:0 Slice: M=0 SliceSegment: M=0 CIP:0 SAO:0 PCM:0 TransQuantBypassEnabled: =1 WPP:0 WPB:0 PME:2  WaveFrontSynchro:0 WaveFrontSubstreams:1 ScalingList:0 TMVPMode:1  SignBitHidingFlag:1 RecalQP:0

***    VPS numBytesInNALunit: 24
***    SPS numBytesInNALunit: 30
***    PPS numBytesInNALunit: 7
*** IDR_W_RADL numBytesInNALunit: 11044
POC    0 TId: 0 ( I-SLICE, QP 26 )      88840 bits [Y 99.9900 dB    U 6.2287 dB    V 99.9900 dB] [ET  1.14 ] [L0 ] [L1 ]
*** TRAIL_R numBytesInNALunit: 10883
POC    1 TId: 0 ( I-SLICE, QP 26 )      87064 bits [Y 99.9900 dB    U 6.2302 dB    V 99.9900 dB] [ET  1.10 ] [L0 ] [L1 ]
*** TRAIL_R numBytesInNALunit: 10846
POC    2 TId: 0 ( I-SLICE, QP 26 )      86768 bits [Y 99.9900 dB    U 6.2433 dB    V 99.9900 dB] [ET  1.07 ] [L0 ] [L1 ]
*** TRAIL_R numBytesInNALunit: 10823
POC    3 TId: 0 ( I-SLICE, QP 26 )      86584 bits [Y 99.9900 dB    U 6.2545 dB    V 99.9900 dB] [ET  1.11 ] [L0 ] [L1 ]
*** TRAIL_R numBytesInNALunit: 10800
POC    4 TId: 0 ( I-SLICE, QP 26 )      86400 bits [Y 99.9900 dB    U 6.2533 dB    V 99.9900 dB] [ET  1.10 ] [L0 ] [L1 ]
*** TRAIL_R numBytesInNALunit: 10841
POC    5 TId: 0 ( I-SLICE, QP 26 )      86728 bits [Y 99.9900 dB    U 6.2407 dB    V 99.9900 dB] [ET  1.09 ] [L0 ] [L1 ]
*** TRAIL_R numBytesInNALunit: 10883
POC    6 TId: 0 ( I-SLICE, QP 26 )      87064 bits [Y 99.9900 dB    U 6.2161 dB    V 99.9900 dB] [ET  1.11 ] [L0 ] [L1 ]
*** TRAIL_R numBytesInNALunit: 10899
POC    7 TId: 0 ( I-SLICE, QP 26 )      87192 bits [Y 99.9900 dB    U 6.1928 dB    V 99.9900 dB] [ET  1.06 ] [L0 ] [L1 ]
*** TRAIL_R numBytesInNALunit: 11008
POC    8 TId: 0 ( I-SLICE, QP 26 )      88064 bits [Y 99.9900 dB    U 6.1799 dB    V 99.9900 dB] [ET  1.08 ] [L0 ] [L1 ]
*** TRAIL_R numBytesInNALunit: 10907
POC    9 TId: 0 ( I-SLICE, QP 26 )      87256 bits [Y 99.9900 dB    U 6.1664 dB    V 99.9900 dB] [ET  1.06 ] [L0 ] [L1 ]


I Slices--------------------------------------------------------
	Total Frames |  Bitrate    Y-PSNR    U-PSNR    V-PSNR 
	       10    i   2615.8800   99.9900    6.2206   99.9900
Bytes written to file: 109046 (2617.104 kbps)
Bytes for SPS/PPS/Slice (Incl. Annex B): 109046 (2617.104 kbps)

 Total Time:       10.980 sec.
