
HM software: Encoder Version [15.0][Linux][GCC 4.8.5][64 bit] 

Input          File          : ../../HEVC_test_sequence/ClassE/FourPeople_1280x720_60.yuv
Bitstream      File          : FourPeople.bin
Reconstruction File          : FourPeople.yuv
Real     Format              : 1280x720 60Hz
Internal Format              : 1280x720 60Hz
Frame/Field                  : Frame based coding
Frame index                  : 0 - 9 (10 frames)
CU size / depth              : 32 / 3
RQT trans. size (min / max)  : 4 / 32
Max RQT depth inter          : 3
Max RQT depth intra          : 1
Min PCM size                 : 8
Motion search range          : 64
Intra period                 : 1
Decoding refresh type        : 0
QP                           : 26.00
Max dQP signaling depth      : 0
Cb QP Offset                 : 0
Cr QP Offset                 : 0
QP adaptation                : 0 (range=0)
GOP size                     : 1
Internal bit depth           : (Y:8, C:8)
PCM sample bit depth         : (Y:8, C:8)
RateControl                  : 0
Max Num Merge Candidates     : 5

TOOL CFG: IBD:0 HAD:0 RDQ:0 RDQTS:0 RDpenalty:0 SQP:0 ASR:0 FEN:0 ECU:0 FDM:0 CFM:0 ESD:0 RQT:1 TransformSkip:0 TransformSkipFast:0 Slice: M=0 SliceSegment: M=0 CIP:0 SAO:0 PCM:0 TransQuantBypassEnabled: =1 WPP:0 WPB:0 PME:2  WaveFrontSynchro:0 WaveFrontSubstreams:1 ScalingList:0 TMVPMode:1  SignBitHidingFlag:1 RecalQP:0

***    VPS numBytesInNALunit: 24
***    SPS numBytesInNALunit: 31
***    PPS numBytesInNALunit: 7
*** IDR_W_RADL numBytesInNALunit: 64004
POC    0 TId: 0 ( I-SLICE, QP 26 )     512528 bits [Y 99.9900 dB    U 99.9900 dB    V 5.7713 dB] [ET  7.96 ] [L0 ] [L1 ]
*** TRAIL_R numBytesInNALunit: 64016
POC    1 TId: 0 ( I-SLICE, QP 26 )     512128 bits [Y 99.9900 dB    U 99.9900 dB    V 5.7729 dB] [ET  7.85 ] [L0 ] [L1 ]
*** TRAIL_R numBytesInNALunit: 64051
POC    2 TId: 0 ( I-SLICE, QP 26 )     512408 bits [Y 99.9900 dB    U 99.9900 dB    V 5.7717 dB] [ET  7.98 ] [L0 ] [L1 ]
*** TRAIL_R numBytesInNALunit: 64055
POC    3 TId: 0 ( I-SLICE, QP 26 )     512440 bits [Y 99.9900 dB    U 99.9900 dB    V 5.7731 dB] [ET  8.11 ] [L0 ] [L1 ]
*** TRAIL_R numBytesInNALunit: 64241
POC    4 TId: 0 ( I-SLICE, QP 26 )     513928 bits [Y 99.9900 dB    U 99.9900 dB    V 5.7721 dB] [ET  7.87 ] [L0 ] [L1 ]
*** TRAIL_R numBytesInNALunit: 64244
POC    5 TId: 0 ( I-SLICE, QP 26 )     513952 bits [Y 99.9900 dB    U 99.9900 dB    V 5.7719 dB] [ET  7.91 ] [L0 ] [L1 ]
*** TRAIL_R numBytesInNALunit: 63939
POC    6 TId: 0 ( I-SLICE, QP 26 )     511512 bits [Y 99.9900 dB    U 99.9900 dB    V 5.7695 dB] [ET  7.86 ] [L0 ] [L1 ]
*** TRAIL_R numBytesInNALunit: 63927
POC    7 TId: 0 ( I-SLICE, QP 26 )     511416 bits [Y 99.9900 dB    U 99.9900 dB    V 5.7723 dB] [ET  7.90 ] [L0 ] [L1 ]
*** TRAIL_R numBytesInNALunit: 64009
POC    8 TId: 0 ( I-SLICE, QP 26 )     512072 bits [Y 99.9900 dB    U 99.9900 dB    V 5.7713 dB] [ET  7.99 ] [L0 ] [L1 ]
*** TRAIL_R numBytesInNALunit: 64227
POC    9 TId: 0 ( I-SLICE, QP 26 )     513816 bits [Y 99.9900 dB    U 99.9900 dB    V 5.7712 dB] [ET  8.07 ] [L0 ] [L1 ]


I Slices--------------------------------------------------------
	Total Frames |  Bitrate    Y-PSNR    U-PSNR    V-PSNR 
	       10    i  30757.2000   99.9900   99.9900    5.7717
Bytes written to file: 640826 (30759.648 kbps)
Bytes for SPS/PPS/Slice (Incl. Annex B): 640826 (30759.648 kbps)

 Total Time:       79.870 sec.
