
HM software: Encoder Version [15.0][Linux][GCC 4.8.5][64 bit] 

Input          File          : ../../HEVC_test_sequence/ClassE/KristenAndSara_1280x720_60.yuv
Bitstream      File          : KristenAndSara.bin
Reconstruction File          : KristenAndSara.yuv
Real     Format              : 1280x720 60Hz
Internal Format              : 1280x720 60Hz
Frame/Field                  : Frame based coding
Frame index                  : 0 - 9 (10 frames)
CU size / depth              : 32 / 3
RQT trans. size (min / max)  : 4 / 32
Max RQT depth inter          : 3
Max RQT depth intra          : 1
Min PCM size                 : 8
Motion search range          : 64
Intra period                 : 1
Decoding refresh type        : 0
QP                           : 26.00
Max dQP signaling depth      : 0
Cb QP Offset                 : 0
Cr QP Offset                 : 0
QP adaptation                : 0 (range=0)
GOP size                     : 1
Internal bit depth           : (Y:8, C:8)
PCM sample bit depth         : (Y:8, C:8)
RateControl                  : 0
Max Num Merge Candidates     : 5

TOOL CFG: IBD:0 HAD:0 RDQ:0 RDQTS:0 RDpenalty:0 SQP:0 ASR:0 FEN:0 ECU:0 FDM:0 CFM:0 ESD:0 RQT:1 TransformSkip:0 TransformSkipFast:0 Slice: M=0 SliceSegment: M=0 CIP:0 SAO:0 PCM:0 TransQuantBypassEnabled: =1 WPP:0 WPB:0 PME:2  WaveFrontSynchro:0 WaveFrontSubstreams:1 ScalingList:0 TMVPMode:1  SignBitHidingFlag:1 RecalQP:0

***    VPS numBytesInNALunit: 24
***    SPS numBytesInNALunit: 31
***    PPS numBytesInNALunit: 7
*** IDR_W_RADL numBytesInNALunit: 59240
POC    0 TId: 0 ( I-SLICE, QP 26 )     474416 bits [Y 99.9900 dB    U 99.9900 dB    V 6.2246 dB] [ET  7.94 ] [L0 ] [L1 ]
*** TRAIL_R numBytesInNALunit: 59286
POC    1 TId: 0 ( I-SLICE, QP 26 )     474288 bits [Y 99.9900 dB    U 99.9900 dB    V 6.2295 dB] [ET  7.89 ] [L0 ] [L1 ]
*** TRAIL_R numBytesInNALunit: 59153
POC    2 TId: 0 ( I-SLICE, QP 26 )     473224 bits [Y 99.9900 dB    U 99.9900 dB    V 6.2286 dB] [ET  7.86 ] [L0 ] [L1 ]
*** TRAIL_R numBytesInNALunit: 59226
POC    3 TId: 0 ( I-SLICE, QP 26 )     473808 bits [Y 99.9900 dB    U 99.9900 dB    V 6.2301 dB] [ET  7.78 ] [L0 ] [L1 ]
*** TRAIL_R numBytesInNALunit: 59382
POC    4 TId: 0 ( I-SLICE, QP 26 )     475056 bits [Y 99.9900 dB    U 99.9900 dB    V 6.2292 dB] [ET  7.92 ] [L0 ] [L1 ]
*** TRAIL_R numBytesInNALunit: 59064
POC    5 TId: 0 ( I-SLICE, QP 26 )     472512 bits [Y 99.9900 dB    U 99.9900 dB    V 6.2310 dB] [ET  7.81 ] [L0 ] [L1 ]
*** TRAIL_R numBytesInNALunit: 59105
POC    6 TId: 0 ( I-SLICE, QP 26 )     472840 bits [Y 99.9900 dB    U 99.9900 dB    V 6.2332 dB] [ET  7.95 ] [L0 ] [L1 ]
*** TRAIL_R numBytesInNALunit: 59379
POC    7 TId: 0 ( I-SLICE, QP 26 )     475032 bits [Y 99.9900 dB    U 99.9900 dB    V 6.2324 dB] [ET  7.89 ] [L0 ] [L1 ]
*** TRAIL_R numBytesInNALunit: 59088
POC    8 TId: 0 ( I-SLICE, QP 26 )     472704 bits [Y 99.9900 dB    U 99.9900 dB    V 6.2297 dB] [ET  7.92 ] [L0 ] [L1 ]
*** TRAIL_R numBytesInNALunit: 59030
POC    9 TId: 0 ( I-SLICE, QP 26 )     472240 bits [Y 99.9900 dB    U 99.9900 dB    V 6.2318 dB] [ET  7.93 ] [L0 ] [L1 ]


I Slices--------------------------------------------------------
	Total Frames |  Bitrate    Y-PSNR    U-PSNR    V-PSNR 
	       10    i  28416.7200   99.9900   99.9900    6.2300
Bytes written to file: 592066 (28419.168 kbps)
Bytes for SPS/PPS/Slice (Incl. Annex B): 592066 (28419.168 kbps)

 Total Time:       79.290 sec.
