
HM software: Encoder Version [15.0][Linux][GCC 4.8.5][64 bit] 

Input          File          : ../../HEVC_test_sequence/ClassD/BlowingBubbles_416x240_50.yuv
Bitstream      File          : BlowingBubbles.bin
Reconstruction File          : BlowingBubbles.yuv
Real     Format              : 416x240 50Hz
Internal Format              : 416x240 50Hz
Frame/Field                  : Frame based coding
Frame index                  : 0 - 9 (10 frames)
CU size / depth              : 32 / 3
RQT trans. size (min / max)  : 4 / 32
Max RQT depth inter          : 3
Max RQT depth intra          : 1
Min PCM size                 : 8
Motion search range          : 64
Intra period                 : 1
Decoding refresh type        : 0
QP                           : 26.00
Max dQP signaling depth      : 0
Cb QP Offset                 : 0
Cr QP Offset                 : 0
QP adaptation                : 0 (range=0)
GOP size                     : 1
Internal bit depth           : (Y:8, C:8)
PCM sample bit depth         : (Y:8, C:8)
RateControl                  : 0
Max Num Merge Candidates     : 5

TOOL CFG: IBD:0 HAD:0 RDQ:0 RDQTS:0 RDpenalty:0 SQP:0 ASR:0 FEN:0 ECU:0 FDM:0 CFM:0 ESD:0 RQT:1 TransformSkip:0 TransformSkipFast:0 Slice: M=0 SliceSegment: M=0 CIP:0 SAO:0 PCM:0 TransQuantBypassEnabled: =1 WPP:0 WPB:0 PME:2  WaveFrontSynchro:0 WaveFrontSubstreams:1 ScalingList:0 TMVPMode:1  SignBitHidingFlag:1 RecalQP:0

***    VPS numBytesInNALunit: 24
***    SPS numBytesInNALunit: 30
***    PPS numBytesInNALunit: 7
*** IDR_W_RADL numBytesInNALunit: 12449
POC    0 TId: 0 ( I-SLICE, QP 26 )     100080 bits [Y 99.9900 dB    U 99.9900 dB    V 4.6954 dB] [ET  0.77 ] [L0 ] [L1 ]
*** TRAIL_R numBytesInNALunit: 12403
POC    1 TId: 0 ( I-SLICE, QP 26 )      99224 bits [Y 99.9900 dB    U 99.9900 dB    V 4.6922 dB] [ET  0.76 ] [L0 ] [L1 ]
*** TRAIL_R numBytesInNALunit: 12409
POC    2 TId: 0 ( I-SLICE, QP 26 )      99272 bits [Y 99.9900 dB    U 99.9900 dB    V 4.6849 dB] [ET  0.78 ] [L0 ] [L1 ]
*** TRAIL_R numBytesInNALunit: 12404
POC    3 TId: 0 ( I-SLICE, QP 26 )      99232 bits [Y 99.9900 dB    U 99.9900 dB    V 4.6819 dB] [ET  0.74 ] [L0 ] [L1 ]
*** TRAIL_R numBytesInNALunit: 12416
POC    4 TId: 0 ( I-SLICE, QP 26 )      99328 bits [Y 99.9900 dB    U 99.9900 dB    V 4.6745 dB] [ET  0.75 ] [L0 ] [L1 ]
*** TRAIL_R numBytesInNALunit: 12405
POC    5 TId: 0 ( I-SLICE, QP 26 )      99240 bits [Y 99.9900 dB    U 99.9900 dB    V 4.6715 dB] [ET  0.73 ] [L0 ] [L1 ]
*** TRAIL_R numBytesInNALunit: 12438
POC    6 TId: 0 ( I-SLICE, QP 26 )      99504 bits [Y 99.9900 dB    U 99.9900 dB    V 4.6687 dB] [ET  0.72 ] [L0 ] [L1 ]
*** TRAIL_R numBytesInNALunit: 12432
POC    7 TId: 0 ( I-SLICE, QP 26 )      99456 bits [Y 99.9900 dB    U 99.9900 dB    V 4.6714 dB] [ET  0.78 ] [L0 ] [L1 ]
*** TRAIL_R numBytesInNALunit: 12442
POC    8 TId: 0 ( I-SLICE, QP 26 )      99536 bits [Y 99.9900 dB    U 99.9900 dB    V 4.6748 dB] [ET  0.77 ] [L0 ] [L1 ]
*** TRAIL_R numBytesInNALunit: 12435
POC    9 TId: 0 ( I-SLICE, QP 26 )      99480 bits [Y 99.9900 dB    U 99.9900 dB    V 4.6787 dB] [ET  0.78 ] [L0 ] [L1 ]


I Slices--------------------------------------------------------
	Total Frames |  Bitrate    Y-PSNR    U-PSNR    V-PSNR 
	       10    i   4971.7600   99.9900   99.9900    4.6794
Bytes written to file: 124345 (4973.800 kbps)
Bytes for SPS/PPS/Slice (Incl. Annex B): 124345 (4973.800 kbps)

 Total Time:        7.620 sec.
