
HM software: Encoder Version [15.0][Linux][GCC 4.8.5][64 bit] 

Input          File          : ../../HEVC_test_sequence/ClassF/SlideShow_1280x720_20.yuv
Bitstream      File          : SlideShow.bin
Reconstruction File          : SlideShow.yuv
Real     Format              : 1280x720 20Hz
Internal Format              : 1280x720 20Hz
Frame/Field                  : Frame based coding
Frame index                  : 0 - 9 (10 frames)
CU size / depth              : 32 / 3
RQT trans. size (min / max)  : 4 / 32
Max RQT depth inter          : 3
Max RQT depth intra          : 1
Min PCM size                 : 8
Motion search range          : 64
Intra period                 : 1
Decoding refresh type        : 0
QP                           : 26.00
Max dQP signaling depth      : 0
Cb QP Offset                 : 0
Cr QP Offset                 : 0
QP adaptation                : 0 (range=0)
GOP size                     : 1
Internal bit depth           : (Y:8, C:8)
PCM sample bit depth         : (Y:8, C:8)
RateControl                  : 0
Max Num Merge Candidates     : 5

TOOL CFG: IBD:0 HAD:0 RDQ:0 RDQTS:0 RDpenalty:0 SQP:0 ASR:0 FEN:0 ECU:0 FDM:0 CFM:0 ESD:0 RQT:1 TransformSkip:0 TransformSkipFast:0 Slice: M=0 SliceSegment: M=0 CIP:0 SAO:0 PCM:0 TransQuantBypassEnabled: =1 WPP:0 WPB:0 PME:2  WaveFrontSynchro:0 WaveFrontSubstreams:1 ScalingList:0 TMVPMode:1  SignBitHidingFlag:1 RecalQP:0

***    VPS numBytesInNALunit: 24
***    SPS numBytesInNALunit: 31
***    PPS numBytesInNALunit: 7
*** IDR_W_RADL numBytesInNALunit: 29872
POC    0 TId: 0 ( I-SLICE, QP 26 )     239472 bits [Y 99.9900 dB    U 99.9900 dB    V 6.3351 dB] [ET  6.22 ] [L0 ] [L1 ]
*** TRAIL_R numBytesInNALunit: 1370
POC    1 TId: 0 ( I-SLICE, QP 26 )      10960 bits [Y 99.9900 dB    U 99.9900 dB    V 5.9872 dB] [ET  5.28 ] [L0 ] [L1 ]
*** TRAIL_R numBytesInNALunit: 1315
POC    2 TId: 0 ( I-SLICE, QP 26 )      10520 bits [Y 99.9900 dB    U 99.9900 dB    V 5.9866 dB] [ET  5.24 ] [L0 ] [L1 ]
*** TRAIL_R numBytesInNALunit: 5192
POC    3 TId: 0 ( I-SLICE, QP 26 )      41536 bits [Y 99.9900 dB    U 99.9900 dB    V 6.0021 dB] [ET  5.44 ] [L0 ] [L1 ]
*** TRAIL_R numBytesInNALunit: 7073
POC    4 TId: 0 ( I-SLICE, QP 26 )      56584 bits [Y 99.9900 dB    U 99.9900 dB    V 6.0101 dB] [ET  5.57 ] [L0 ] [L1 ]
*** TRAIL_R numBytesInNALunit: 9552
POC    5 TId: 0 ( I-SLICE, QP 26 )      76416 bits [Y 99.9900 dB    U 99.9900 dB    V 6.0313 dB] [ET  5.58 ] [L0 ] [L1 ]
*** TRAIL_R numBytesInNALunit: 12818
POC    6 TId: 0 ( I-SLICE, QP 26 )     102544 bits [Y 99.9900 dB    U 99.9900 dB    V 6.0785 dB] [ET  5.63 ] [L0 ] [L1 ]
*** TRAIL_R numBytesInNALunit: 15891
POC    7 TId: 0 ( I-SLICE, QP 26 )     127128 bits [Y 99.9900 dB    U 99.9900 dB    V 6.1444 dB] [ET  5.62 ] [L0 ] [L1 ]
*** TRAIL_R numBytesInNALunit: 19326
POC    8 TId: 0 ( I-SLICE, QP 26 )     154608 bits [Y 99.9900 dB    U 99.9900 dB    V 6.2126 dB] [ET  5.81 ] [L0 ] [L1 ]
*** TRAIL_R numBytesInNALunit: 22325
POC    9 TId: 0 ( I-SLICE, QP 26 )     178600 bits [Y 99.9900 dB    U 99.9900 dB    V 6.3098 dB] [ET  5.92 ] [L0 ] [L1 ]


I Slices--------------------------------------------------------
	Total Frames |  Bitrate    Y-PSNR    U-PSNR    V-PSNR 
	       10    i   1996.7360   99.9900   99.9900    6.1098
Bytes written to file: 124847 (1997.552 kbps)
Bytes for SPS/PPS/Slice (Incl. Annex B): 124847 (1997.552 kbps)

 Total Time:       56.740 sec.
