
HM software: Encoder Version [15.0][Linux][GCC 4.8.5][64 bit] 

Input          File          : ../../HEVC_test_sequence/ClassA/Traffic_2560x1600_30_crop.yuv
Bitstream      File          : Traffic.bin
Reconstruction File          : Traffic.yuv
Real     Format              : 2560x1600 30Hz
Internal Format              : 2560x1600 30Hz
Frame/Field                  : Frame based coding
Frame index                  : 0 - 9 (10 frames)
CU size / depth              : 32 / 3
RQT trans. size (min / max)  : 4 / 32
Max RQT depth inter          : 3
Max RQT depth intra          : 1
Min PCM size                 : 8
Motion search range          : 64
Intra period                 : 1
Decoding refresh type        : 0
QP                           : 26.00
Max dQP signaling depth      : 0
Cb QP Offset                 : 0
Cr QP Offset                 : 0
QP adaptation                : 0 (range=0)
GOP size                     : 1
Internal bit depth           : (Y:8, C:8)
PCM sample bit depth         : (Y:8, C:8)
RateControl                  : 0
Max Num Merge Candidates     : 5

TOOL CFG: IBD:0 HAD:0 RDQ:0 RDQTS:0 RDpenalty:0 SQP:0 ASR:0 FEN:0 ECU:0 FDM:0 CFM:0 ESD:0 RQT:1 TransformSkip:0 TransformSkipFast:0 Slice: M=0 SliceSegment: M=0 CIP:0 SAO:0 PCM:0 TransQuantBypassEnabled: =1 WPP:0 WPB:0 PME:2  WaveFrontSynchro:0 WaveFrontSubstreams:1 ScalingList:0 TMVPMode:1  SignBitHidingFlag:1 RecalQP:0

***    VPS numBytesInNALunit: 24
***    SPS numBytesInNALunit: 31
***    PPS numBytesInNALunit: 7
*** IDR_W_RADL numBytesInNALunit: 445194
POC    0 TId: 0 ( I-SLICE, QP 26 )    3562048 bits [Y 99.9900 dB    U 99.9900 dB    V 5.9369 dB] [ET 29.13 ] [L0 ] [L1 ]
*** TRAIL_R numBytesInNALunit: 445464
POC    1 TId: 0 ( I-SLICE, QP 26 )    3563712 bits [Y 99.9900 dB    U 99.9900 dB    V 5.9369 dB] [ET 29.30 ] [L0 ] [L1 ]
*** TRAIL_R numBytesInNALunit: 445648
POC    2 TId: 0 ( I-SLICE, QP 26 )    3565184 bits [Y 99.9900 dB    U 99.9900 dB    V 5.9374 dB] [ET 28.71 ] [L0 ] [L1 ]
*** TRAIL_R numBytesInNALunit: 445429
POC    3 TId: 0 ( I-SLICE, QP 26 )    3563432 bits [Y 99.9900 dB    U 99.9900 dB    V 5.9380 dB] [ET 29.77 ] [L0 ] [L1 ]
*** TRAIL_R numBytesInNALunit: 445643
POC    4 TId: 0 ( I-SLICE, QP 26 )    3565144 bits [Y 99.9900 dB    U 99.9900 dB    V 5.9379 dB] [ET 28.77 ] [L0 ] [L1 ]
*** TRAIL_R numBytesInNALunit: 445672
POC    5 TId: 0 ( I-SLICE, QP 26 )    3565376 bits [Y 99.9900 dB    U 99.9900 dB    V 5.9387 dB] [ET 29.88 ] [L0 ] [L1 ]
*** TRAIL_R numBytesInNALunit: 445515
POC    6 TId: 0 ( I-SLICE, QP 26 )    3564120 bits [Y 99.9900 dB    U 99.9900 dB    V 5.9390 dB] [ET 29.58 ] [L0 ] [L1 ]
*** TRAIL_R numBytesInNALunit: 445454
POC    7 TId: 0 ( I-SLICE, QP 26 )    3563632 bits [Y 99.9900 dB    U 99.9900 dB    V 5.9393 dB] [ET 29.45 ] [L0 ] [L1 ]
*** TRAIL_R numBytesInNALunit: 445452
POC    8 TId: 0 ( I-SLICE, QP 26 )    3563616 bits [Y 99.9900 dB    U 99.9900 dB    V 5.9399 dB] [ET 28.39 ] [L0 ] [L1 ]
*** TRAIL_R numBytesInNALunit: 445559
POC    9 TId: 0 ( I-SLICE, QP 26 )    3564472 bits [Y 99.9900 dB    U 99.9900 dB    V 5.9404 dB] [ET 27.29 ] [L0 ] [L1 ]


I Slices--------------------------------------------------------
	Total Frames |  Bitrate    Y-PSNR    U-PSNR    V-PSNR 
	       10    i 106922.2080   99.9900   99.9900    5.9384
Bytes written to file: 4455143 (106923.432 kbps)
Bytes for SPS/PPS/Slice (Incl. Annex B): 4455143 (106923.432 kbps)

 Total Time:      291.730 sec.
