
HM software: Encoder Version [15.0][Linux][GCC 4.8.5][64 bit] 

Input          File          : ../../HEVC_test_sequence/ClassA/PeopleOnStreet_2560x1600_30_crop.yuv
Bitstream      File          : PeopleOnStreet.bin
Reconstruction File          : PeopleOnStreet.yuv
Real     Format              : 2560x1600 30Hz
Internal Format              : 2560x1600 30Hz
Frame/Field                  : Frame based coding
Frame index                  : 0 - 9 (10 frames)
CU size / depth              : 32 / 3
RQT trans. size (min / max)  : 4 / 32
Max RQT depth inter          : 3
Max RQT depth intra          : 1
Min PCM size                 : 8
Motion search range          : 64
Intra period                 : 1
Decoding refresh type        : 0
QP                           : 26.00
Max dQP signaling depth      : 0
Cb QP Offset                 : 0
Cr QP Offset                 : 0
QP adaptation                : 0 (range=0)
GOP size                     : 1
Internal bit depth           : (Y:8, C:8)
PCM sample bit depth         : (Y:8, C:8)
RateControl                  : 0
Max Num Merge Candidates     : 5

TOOL CFG: IBD:0 HAD:0 RDQ:0 RDQTS:0 RDpenalty:0 SQP:0 ASR:0 FEN:0 ECU:0 FDM:0 CFM:0 ESD:0 RQT:1 TransformSkip:0 TransformSkipFast:0 Slice: M=0 SliceSegment: M=0 CIP:0 SAO:0 PCM:0 TransQuantBypassEnabled: =1 WPP:0 WPB:0 PME:2  WaveFrontSynchro:0 WaveFrontSubstreams:1 ScalingList:0 TMVPMode:1  SignBitHidingFlag:1 RecalQP:0

***    VPS numBytesInNALunit: 24
***    SPS numBytesInNALunit: 31
***    PPS numBytesInNALunit: 7
*** IDR_W_RADL numBytesInNALunit: 2586066
POC    0 TId: 0 ( I-SLICE, QP 26 )   20689024 bits [Y 99.9900 dB    U 99.9900 dB    V 99.9900 dB] [ET 79.48 ] [L0 ] [L1 ]
*** TRAIL_R numBytesInNALunit: 2587604
POC    1 TId: 0 ( I-SLICE, QP 26 )   20700832 bits [Y 99.9900 dB    U 99.9900 dB    V 99.9900 dB] [ET 79.42 ] [L0 ] [L1 ]
*** TRAIL_R numBytesInNALunit: 2585394
POC    2 TId: 0 ( I-SLICE, QP 26 )   20683152 bits [Y 99.9900 dB    U 99.9900 dB    V 99.9900 dB] [ET 63.03 ] [L0 ] [L1 ]
*** TRAIL_R numBytesInNALunit: 2586423
POC    3 TId: 0 ( I-SLICE, QP 26 )   20691384 bits [Y 99.9900 dB    U 99.9900 dB    V 99.9900 dB] [ET 51.57 ] [L0 ] [L1 ]
*** TRAIL_R numBytesInNALunit: 2586091
POC    4 TId: 0 ( I-SLICE, QP 26 )   20688728 bits [Y 99.9900 dB    U 99.9900 dB    V 99.9900 dB] [ET 50.27 ] [L0 ] [L1 ]
*** TRAIL_R numBytesInNALunit: 2589191
POC    5 TId: 0 ( I-SLICE, QP 26 )   20713528 bits [Y 99.9900 dB    U 99.9900 dB    V 99.9900 dB] [ET 49.98 ] [L0 ] [L1 ]
*** TRAIL_R numBytesInNALunit: 2589076
POC    6 TId: 0 ( I-SLICE, QP 26 )   20712608 bits [Y 99.9900 dB    U 99.9900 dB    V 99.9900 dB] [ET 50.35 ] [L0 ] [L1 ]
*** TRAIL_R numBytesInNALunit: 2590565
POC    7 TId: 0 ( I-SLICE, QP 26 )   20724520 bits [Y 99.9900 dB    U 99.9900 dB    V 99.9900 dB] [ET 51.23 ] [L0 ] [L1 ]
*** TRAIL_R numBytesInNALunit: 2591645
POC    8 TId: 0 ( I-SLICE, QP 26 )   20733160 bits [Y 99.9900 dB    U 99.9900 dB    V 99.9900 dB] [ET 50.26 ] [L0 ] [L1 ]
*** TRAIL_R numBytesInNALunit: 2593338
POC    9 TId: 0 ( I-SLICE, QP 26 )   20746704 bits [Y 99.9900 dB    U 99.9900 dB    V 99.9900 dB] [ET 50.42 ] [L0 ] [L1 ]


I Slices--------------------------------------------------------
	Total Frames |  Bitrate    Y-PSNR    U-PSNR    V-PSNR 
	       10    i 621250.9200   99.9900   99.9900   99.9900
Bytes written to file: 25885506 (621252.144 kbps)
Bytes for SPS/PPS/Slice (Incl. Annex B): 25885506 (621252.144 kbps)

 Total Time:      577.400 sec.
