
HM software: Encoder Version [15.0][Linux][GCC 4.8.5][64 bit] 

Input          File          : ../../HEVC_test_sequence/ClassB/BQTerrace_1920x1080_60.yuv
Bitstream      File          : BQTerrace.bin
Reconstruction File          : BQTerrace.yuv
Real     Format              : 1920x1080 60Hz
Internal Format              : 1920x1080 60Hz
Frame/Field                  : Frame based coding
Frame index                  : 0 - 9 (10 frames)
CU size / depth              : 32 / 3
RQT trans. size (min / max)  : 4 / 32
Max RQT depth inter          : 3
Max RQT depth intra          : 1
Min PCM size                 : 8
Motion search range          : 64
Intra period                 : 1
Decoding refresh type        : 0
QP                           : 26.00
Max dQP signaling depth      : 0
Cb QP Offset                 : 0
Cr QP Offset                 : 0
QP adaptation                : 0 (range=0)
GOP size                     : 1
Internal bit depth           : (Y:8, C:8)
PCM sample bit depth         : (Y:8, C:8)
RateControl                  : 0
Max Num Merge Candidates     : 5

TOOL CFG: IBD:0 HAD:0 RDQ:0 RDQTS:0 RDpenalty:0 SQP:0 ASR:0 FEN:0 ECU:0 FDM:0 CFM:0 ESD:0 RQT:1 TransformSkip:0 TransformSkipFast:0 Slice: M=0 SliceSegment: M=0 CIP:0 SAO:0 PCM:0 TransQuantBypassEnabled: =1 WPP:0 WPB:0 PME:2  WaveFrontSynchro:0 WaveFrontSubstreams:1 ScalingList:0 TMVPMode:1  SignBitHidingFlag:1 RecalQP:0

POC    0 TId: 0 ( I-SLICE, QP 26 )    9718696 bits [Y 99.9900 dB    U 6.1329 dB    V 5.9447 dB] [ET    24 ] [L0 ] [L1 ]
POC    1 TId: 0 ( I-SLICE, QP 26 )    9708400 bits [Y 99.9900 dB    U 6.1304 dB    V 5.9442 dB] [ET    24 ] [L0 ] [L1 ]
POC    2 TId: 0 ( I-SLICE, QP 26 )    9707392 bits [Y 99.9900 dB    U 6.1296 dB    V 5.9444 dB] [ET    24 ] [L0 ] [L1 ]
POC    3 TId: 0 ( I-SLICE, QP 26 )    9707240 bits [Y 99.9900 dB    U 6.1309 dB    V 5.9450 dB] [ET    24 ] [L0 ] [L1 ]
POC    4 TId: 0 ( I-SLICE, QP 26 )    9707616 bits [Y 99.9900 dB    U 6.1274 dB    V 5.9436 dB] [ET    24 ] [L0 ] [L1 ]
POC    5 TId: 0 ( I-SLICE, QP 26 )    9709224 bits [Y 99.9900 dB    U 6.1306 dB    V 5.9443 dB] [ET    24 ] [L0 ] [L1 ]
POC    6 TId: 0 ( I-SLICE, QP 26 )    9711456 bits [Y 99.9900 dB    U 6.1307 dB    V 5.9438 dB] [ET    24 ] [L0 ] [L1 ]
POC    7 TId: 0 ( I-SLICE, QP 26 )    9709976 bits [Y 99.9900 dB    U 6.1275 dB    V 5.9448 dB] [ET    24 ] [L0 ] [L1 ]
POC    8 TId: 0 ( I-SLICE, QP 26 )    9709064 bits [Y 99.9900 dB    U 6.1272 dB    V 5.9442 dB] [ET    24 ] [L0 ] [L1 ]
POC    9 TId: 0 ( I-SLICE, QP 26 )    9708600 bits [Y 99.9900 dB    U 6.1292 dB    V 5.9450 dB] [ET    24 ] [L0 ] [L1 ]


SUMMARY --------------------------------------------------------
	Total Frames |  Bitrate    Y-PSNR    U-PSNR    V-PSNR 
	       10    a 582585.9840   99.9900    6.1296    5.9444


I Slices--------------------------------------------------------
	Total Frames |  Bitrate    Y-PSNR    U-PSNR    V-PSNR 
	       10    i 582585.9840   99.9900    6.1296    5.9444


P Slices--------------------------------------------------------
	Total Frames |  Bitrate    Y-PSNR    U-PSNR    V-PSNR 
	        0    p        -nan      -nan      -nan      -nan


B Slices--------------------------------------------------------
	Total Frames |  Bitrate    Y-PSNR    U-PSNR    V-PSNR 
	        0    b        -nan      -nan      -nan      -nan

RVM: 0.000
Bytes written to file: 12137259 (582588.432 kbps)

 Total Time:      243.440 sec.
