
HM software: Encoder Version [15.0][Linux][GCC 4.8.5][64 bit] 

Input          File          : ../../HEVC_test_sequence/ClassF/ChinaSpeed_1024x768_30.yuv
Bitstream      File          : ChinaSpeed.bin
Reconstruction File          : ChinaSpeed.yuv
Real     Format              : 1024x768 30Hz
Internal Format              : 1024x768 30Hz
Frame/Field                  : Frame based coding
Frame index                  : 0 - 9 (10 frames)
CU size / depth              : 32 / 3
RQT trans. size (min / max)  : 4 / 32
Max RQT depth inter          : 3
Max RQT depth intra          : 1
Min PCM size                 : 8
Motion search range          : 64
Intra period                 : 1
Decoding refresh type        : 0
QP                           : 26.00
Max dQP signaling depth      : 0
Cb QP Offset                 : 0
Cr QP Offset                 : 0
QP adaptation                : 0 (range=0)
GOP size                     : 1
Internal bit depth           : (Y:8, C:8)
PCM sample bit depth         : (Y:8, C:8)
RateControl                  : 0
Max Num Merge Candidates     : 5

TOOL CFG: IBD:0 HAD:0 RDQ:0 RDQTS:0 RDpenalty:0 SQP:0 ASR:0 FEN:0 ECU:0 FDM:0 CFM:0 ESD:0 RQT:1 TransformSkip:0 TransformSkipFast:0 Slice: M=0 SliceSegment: M=0 CIP:0 SAO:0 PCM:0 TransQuantBypassEnabled: =1 WPP:0 WPB:0 PME:2  WaveFrontSynchro:0 WaveFrontSubstreams:1 ScalingList:0 TMVPMode:1  SignBitHidingFlag:1 RecalQP:0

POC    0 TId: 0 ( I-SLICE, QP 26 )    2271200 bits [Y 99.9900 dB    U 6.4983 dB    V 5.5991 dB] [ET     9 ] [L0 ] [L1 ]
POC    1 TId: 0 ( I-SLICE, QP 26 )    2283904 bits [Y 99.9900 dB    U 6.4950 dB    V 5.5998 dB] [ET     9 ] [L0 ] [L1 ]
POC    2 TId: 0 ( I-SLICE, QP 26 )    2291720 bits [Y 99.9900 dB    U 6.4921 dB    V 5.6029 dB] [ET     9 ] [L0 ] [L1 ]
POC    3 TId: 0 ( I-SLICE, QP 26 )    2315864 bits [Y 99.9900 dB    U 6.4905 dB    V 5.6093 dB] [ET     9 ] [L0 ] [L1 ]
POC    4 TId: 0 ( I-SLICE, QP 26 )    2346264 bits [Y 99.9900 dB    U 6.4910 dB    V 5.6134 dB] [ET     9 ] [L0 ] [L1 ]
POC    5 TId: 0 ( I-SLICE, QP 26 )    2354680 bits [Y 99.9900 dB    U 6.4851 dB    V 5.6162 dB] [ET     9 ] [L0 ] [L1 ]
POC    6 TId: 0 ( I-SLICE, QP 26 )    2366112 bits [Y 99.9900 dB    U 6.4821 dB    V 5.6172 dB] [ET     9 ] [L0 ] [L1 ]
POC    7 TId: 0 ( I-SLICE, QP 26 )    2362120 bits [Y 99.9900 dB    U 6.4804 dB    V 5.6166 dB] [ET     9 ] [L0 ] [L1 ]
POC    8 TId: 0 ( I-SLICE, QP 26 )    2372296 bits [Y 99.9900 dB    U 6.4793 dB    V 5.6173 dB] [ET     9 ] [L0 ] [L1 ]
POC    9 TId: 0 ( I-SLICE, QP 26 )    2366184 bits [Y 99.9900 dB    U 6.4768 dB    V 5.6179 dB] [ET     9 ] [L0 ] [L1 ]


SUMMARY --------------------------------------------------------
	Total Frames |  Bitrate    Y-PSNR    U-PSNR    V-PSNR 
	       10    a  69991.0320   99.9900    6.4871    5.6110


I Slices--------------------------------------------------------
	Total Frames |  Bitrate    Y-PSNR    U-PSNR    V-PSNR 
	       10    i  69991.0320   99.9900    6.4871    5.6110


P Slices--------------------------------------------------------
	Total Frames |  Bitrate    Y-PSNR    U-PSNR    V-PSNR 
	        0    p        -nan      -nan      -nan      -nan


B Slices--------------------------------------------------------
	Total Frames |  Bitrate    Y-PSNR    U-PSNR    V-PSNR 
	        0    b        -nan      -nan      -nan      -nan

RVM: 0.000
Bytes written to file: 2916344 (69992.256 kbps)

 Total Time:       88.550 sec.
