
HM software: Encoder Version [15.0][Linux][GCC 4.8.5][64 bit] 

Input          File          : ../../HEVC_test_sequence/ClassC/RaceHorses_832x480_30.yuv
Bitstream      File          : RaceHorsesC.bin
Reconstruction File          : RaceHorsesC.yuv
Real     Format              : 832x480 30Hz
Internal Format              : 832x480 30Hz
Frame/Field                  : Frame based coding
Frame index                  : 0 - 9 (10 frames)
CU size / depth              : 32 / 3
RQT trans. size (min / max)  : 4 / 32
Max RQT depth inter          : 3
Max RQT depth intra          : 1
Min PCM size                 : 8
Motion search range          : 64
Intra period                 : 1
Decoding refresh type        : 0
QP                           : 26.00
Max dQP signaling depth      : 0
Cb QP Offset                 : 0
Cr QP Offset                 : 0
QP adaptation                : 0 (range=0)
GOP size                     : 1
Internal bit depth           : (Y:8, C:8)
PCM sample bit depth         : (Y:8, C:8)
RateControl                  : 0
Max Num Merge Candidates     : 5

TOOL CFG: IBD:0 HAD:0 RDQ:0 RDQTS:0 RDpenalty:0 SQP:0 ASR:0 FEN:0 ECU:0 FDM:0 CFM:0 ESD:0 RQT:1 TransformSkip:0 TransformSkipFast:0 Slice: M=0 SliceSegment: M=0 CIP:0 SAO:0 PCM:0 TransQuantBypassEnabled: =1 WPP:0 WPB:0 PME:2  WaveFrontSynchro:0 WaveFrontSubstreams:1 ScalingList:0 TMVPMode:1  SignBitHidingFlag:1 RecalQP:0

POC    0 TId: 0 ( I-SLICE, QP 26 )    1843456 bits [Y 99.9900 dB    U 6.2262 dB    V 5.9983 dB] [ET     5 ] [L0 ] [L1 ]
POC    1 TId: 0 ( I-SLICE, QP 26 )    1833960 bits [Y 99.9900 dB    U 6.2280 dB    V 5.9998 dB] [ET     5 ] [L0 ] [L1 ]
POC    2 TId: 0 ( I-SLICE, QP 26 )    1821648 bits [Y 99.9900 dB    U 6.2413 dB    V 5.9940 dB] [ET     5 ] [L0 ] [L1 ]
POC    3 TId: 0 ( I-SLICE, QP 26 )    1816144 bits [Y 99.9900 dB    U 6.2527 dB    V 5.9965 dB] [ET     5 ] [L0 ] [L1 ]
POC    4 TId: 0 ( I-SLICE, QP 26 )    1815528 bits [Y 99.9900 dB    U 6.2510 dB    V 6.0035 dB] [ET     5 ] [L0 ] [L1 ]
POC    5 TId: 0 ( I-SLICE, QP 26 )    1812008 bits [Y 99.9900 dB    U 6.2384 dB    V 6.0069 dB] [ET     5 ] [L0 ] [L1 ]
POC    6 TId: 0 ( I-SLICE, QP 26 )    1815016 bits [Y 99.9900 dB    U 6.2136 dB    V 6.0090 dB] [ET     5 ] [L0 ] [L1 ]
POC    7 TId: 0 ( I-SLICE, QP 26 )    1816984 bits [Y 99.9900 dB    U 6.1893 dB    V 6.0106 dB] [ET     5 ] [L0 ] [L1 ]
POC    8 TId: 0 ( I-SLICE, QP 26 )    1821816 bits [Y 99.9900 dB    U 6.1765 dB    V 6.0089 dB] [ET     5 ] [L0 ] [L1 ]
POC    9 TId: 0 ( I-SLICE, QP 26 )    1814968 bits [Y 99.9900 dB    U 6.1636 dB    V 5.9985 dB] [ET     5 ] [L0 ] [L1 ]


SUMMARY --------------------------------------------------------
	Total Frames |  Bitrate    Y-PSNR    U-PSNR    V-PSNR 
	       10    a  54634.5840   99.9900    6.2181    6.0026


I Slices--------------------------------------------------------
	Total Frames |  Bitrate    Y-PSNR    U-PSNR    V-PSNR 
	       10    i  54634.5840   99.9900    6.2181    6.0026


P Slices--------------------------------------------------------
	Total Frames |  Bitrate    Y-PSNR    U-PSNR    V-PSNR 
	        0    p        -nan      -nan      -nan      -nan


B Slices--------------------------------------------------------
	Total Frames |  Bitrate    Y-PSNR    U-PSNR    V-PSNR 
	        0    b        -nan      -nan      -nan      -nan

RVM: 0.000
Bytes written to file: 2276492 (54635.808 kbps)

 Total Time:       46.940 sec.
